** Event #0   t=0   Elapsed: 2.5e-05s (0m 00s)  0% completed  (0% total)
     Speed:     ev/sec=0   simsec/sec=0   ev/simsec=0
     Messages:  created: 1178   present: 1178   in FES: 186
** Event #64768   t=11.019045298291   Elapsed: 2.00398s (0m 02s)  2% completed  (1% total)
     Speed:     ev/sec=32320.5   simsec/sec=5.49864   ev/simsec=5877.91
     Messages:  created: 67968   present: 1163   in FES: 136
** Event #125952   t=20.345050830844   Elapsed: 4.0158s (0m 04s)  4% completed  (2% total)
     Speed:     ev/sec=30412.2   simsec/sec=4.63559   ev/simsec=6560.58
     Messages:  created: 131662   present: 1180   in FES: 143
** Event #184320   t=29.327294543946   Elapsed: 6.0229s (0m 06s)  5% completed  (2% total)
     Speed:     ev/sec=29080.8   simsec/sec=4.47524   ev/simsec=6498.15
     Messages:  created: 191294   present: 1207   in FES: 154
** Event #250880   t=40.005789219583   Elapsed: 8.02615s (0m 08s)  8% completed  (4% total)
     Speed:     ev/sec=33226   simsec/sec=5.33058   ev/simsec=6233.09
     Messages:  created: 259410   present: 1203   in FES: 154
** Event #320000   t=50.099935936575   Elapsed: 10.0322s (0m 10s)  10% completed  (5% total)
     Speed:     ev/sec=34455.5   simsec/sec=5.03182   ev/simsec=6847.53
     Messages:  created: 329874   present: 1185   in FES: 144
** Event #385792   t=60.073208773524   Elapsed: 12.0357s (0m 12s)  12% completed  (6% total)
     Speed:     ev/sec=32838.1   simsec/sec=4.97787   ev/simsec=6596.83
     Messages:  created: 395310   present: 1150   in FES: 131
** Event #450304   t=70.005784617241   Elapsed: 14.0375s (0m 14s)  14% completed  (7% total)
     Speed:     ev/sec=32227.9   simsec/sec=4.96197   ev/simsec=6494.99
     Messages:  created: 459082   present: 1189   in FES: 154
** Event #514560   t=79.181327106383   Elapsed: 16.0453s (0m 16s)  15% completed  (7% total)
     Speed:     ev/sec=32003.4   simsec/sec=4.56997   ev/simsec=7002.96
     Messages:  created: 523548   present: 1177   in FES: 142
** Event #557824   t=86.035743536707   Elapsed: 18.0554s (0m 18s)  17% completed  (8% total)
     Speed:     ev/sec=21523.5   simsec/sec=3.41001   ev/simsec=6311.84
     Messages:  created: 566689   present: 1190   in FES: 154
** Event #590592   t=91.013477326867   Elapsed: 20.0655s (0m 20s)  18% completed  (9% total)
     Speed:     ev/sec=16301.1   simsec/sec=2.47628   ev/simsec=6582.92
     Messages:  created: 599036   present: 1210   in FES: 151
** Event #645632   t=99.032212012709   Elapsed: 22.0659s (0m 22s)  19% completed  (9% total)
     Speed:     ev/sec=27515.5   simsec/sec=4.00871   ev/simsec=6863.93
     Messages:  created: 653414   present: 1207   in FES: 154
** Event #645888   t=99.035798630766   Elapsed: 26.1263s (0m 26s)  19% completed  (9% total)
     Speed:     ev/sec=63.047   simsec/sec=0.000883302   ev/simsec=71376.4
     Messages:  created: 653656   present: 1207   in FES: 150
** Event #679936   t=101.095008276298   Elapsed: 28.1336s (0m 28s)  20% completed  (10% total)
     Speed:     ev/sec=16962.6   simsec/sec=1.02589   ev/simsec=16534.5
     Messages:  created: 694082   present: 1271   in FES: 163
** Event #713728   t=102.29029028351   Elapsed: 30.1469s (0m 30s)  20% completed  (10% total)
     Speed:     ev/sec=16784   simsec/sec=0.593679   ev/simsec=28271.2
     Messages:  created: 736661   present: 1274   in FES: 150
** Event #747264   t=103.318555847721   Elapsed: 32.1554s (0m 32s)  20% completed  (10% total)
     Speed:     ev/sec=16696.9   simsec/sec=0.511954   ev/simsec=32614.1
     Messages:  created: 778963   present: 1312   in FES: 137
** Event #802048   t=105.035176814079   Elapsed: 34.1591s (0m 34s)  21% completed  (10% total)
     Speed:     ev/sec=27341.4   simsec/sec=0.856725   ev/simsec=31913.9
     Messages:  created: 848952   present: 1392   in FES: 143
** Event #860416   t=107.020622655047   Elapsed: 36.1642s (0m 36s)  21% completed  (10% total)
     Speed:     ev/sec=29110.6   simsec/sec=0.990228   ev/simsec=29397.9
     Messages:  created: 922554   present: 1503   in FES: 147
** Event #923136   t=109.086569460222   Elapsed: 38.1689s (0m 38s)  21% completed  (10% total)
     Speed:     ev/sec=31286   simsec/sec=1.03054   ev/simsec=30359
     Messages:  created: 1001532   present: 1633   in FES: 152
** Event #969728   t=110.89900617519   Elapsed: 40.1708s (0m 40s)  22% completed  (11% total)
     Speed:     ev/sec=23273.8   simsec/sec=0.905356   ev/simsec=25706.8
     Messages:  created: 1060995   present: 1697   in FES: 154
** Event #1007104   t=112.173159232677   Elapsed: 42.1781s (0m 42s)  22% completed  (11% total)
     Speed:     ev/sec=18620.3   simsec/sec=0.634769   ev/simsec=29334
     Messages:  created: 1107956   present: 1783   in FES: 154
** Event #1079296   t=114.270976608878   Elapsed: 44.184s (0m 44s)  22% completed  (11% total)
     Speed:     ev/sec=35989.5   simsec/sec=1.04582   ev/simsec=34412.9
     Messages:  created: 1201198   present: 1915   in FES: 154
** Event #1152000   t=116.468544016895   Elapsed: 46.1917s (0m 46s)  23% completed  (11% total)
     Speed:     ev/sec=36212.5   simsec/sec=1.09457   ev/simsec=33083.9
     Messages:  created: 1295133   present: 1989   in FES: 154
** Event #1226496   t=118.729170511062   Elapsed: 48.1944s (0m 48s)  23% completed  (11% total)
     Speed:     ev/sec=37197.4   simsec/sec=1.12878   ev/simsec=32953.7
     Messages:  created: 1391625   present: 2071   in FES: 147
** Event #1287168   t=120.513997781115   Elapsed: 50.1977s (0m 50s)  24% completed  (12% total)
     Speed:     ev/sec=30285.5   simsec/sec=0.890928   ev/simsec=33993.2
     Messages:  created: 1469386   present: 2159   in FES: 150
** Event #1358848   t=122.713540839377   Elapsed: 52.1999s (0m 52s)  24% completed  (12% total)
     Speed:     ev/sec=35801.6   simsec/sec=1.09859   ev/simsec=32588.6
     Messages:  created: 1561724   present: 2218   in FES: 136
** Event #1430528   t=125.042789259118   Elapsed: 54.2063s (0m 54s)  25% completed  (12% total)
     Speed:     ev/sec=35724.7   simsec/sec=1.16088   ev/simsec=30773.9
     Messages:  created: 1654462   present: 2394   in FES: 154
** Event #1497344   t=127.094917265465   Elapsed: 56.207s (0m 56s)  25% completed  (12% total)
     Speed:     ev/sec=33397.1   simsec/sec=1.02573   ev/simsec=32559.4
     Messages:  created: 1740649   present: 2408   in FES: 125
** Event #1497600   t=127.099193410346   Elapsed: 58.6279s (0m 58s)  25% completed  (12% total)
     Speed:     ev/sec=105.746   simsec/sec=0.00176635   ev/simsec=59867
     Messages:  created: 1740969   present: 2483   in FES: 151
** Event #1568768   t=128.683081744324   Elapsed: 60.6294s (1m 00s)  25% completed  (12% total)
     Speed:     ev/sec=35557.1   simsec/sec=0.791345   ev/simsec=44932.5
     Messages:  created: 1835145   present: 2619   in FES: 154
** Event #1626624   t=128.874228870674   Elapsed: 63.2767s (1m 03s)  25% completed  (12% total)
     Speed:     ev/sec=21854.8   simsec/sec=0.0722049   ev/simsec=302678
     Messages:  created: 1915116   present: 2618   in FES: 154
** Event #1719808   t=129.217244699168   Elapsed: 65.2805s (1m 05s)  25% completed  (12% total)
     Speed:     ev/sec=46503.5   simsec/sec=0.171182   ev/simsec=271661
     Messages:  created: 2042677   present: 2500   in FES: 127
** Event #1829632   t=129.606209339435   Elapsed: 67.282s (1m 07s)  25% completed  (12% total)
     Speed:     ev/sec=54870.1   simsec/sec=0.194334   ev/simsec=282350
     Messages:  created: 2194174   present: 2672   in FES: 165
** Event #1829888   t=129.606876596967   Elapsed: 69.681s (1m 09s)  25% completed  (12% total)
     Speed:     ev/sec=106.712   simsec/sec=0.000278141   ev/simsec=383660
     Messages:  created: 2194516   present: 2679   in FES: 154
** Event #1901568   t=129.866742810679   Elapsed: 71.6878s (1m 11s)  25% completed  (12% total)
     Speed:     ev/sec=35718.5   simsec/sec=0.129493   ev/simsec=275834
     Messages:  created: 2293586   present: 2690   in FES: 157
** Event #1960192   t=130.074403636423   Elapsed: 73.6924s (1m 13s)  26% completed  (13% total)
     Speed:     ev/sec=29244.3   simsec/sec=0.103591   ev/simsec=282306
     Messages:  created: 2373907   present: 2705   in FES: 163
** Event #2031872   t=130.309075983919   Elapsed: 75.6977s (1m 15s)  26% completed  (13% total)
     Speed:     ev/sec=35746.5   simsec/sec=0.11703   ev/simsec=305447
     Messages:  created: 2472540   present: 2715   in FES: 154
** Event #2102528   t=130.581106628642   Elapsed: 77.7013s (1m 17s)  26% completed  (13% total)
     Speed:     ev/sec=35263.3   simsec/sec=0.135766   ev/simsec=259735
     Messages:  created: 2569923   present: 2689   in FES: 166
** Event #2167808   t=130.822815788032   Elapsed: 79.7075s (1m 19s)  26% completed  (13% total)
     Speed:     ev/sec=32539.8   simsec/sec=0.120484   ev/simsec=270077
     Messages:  created: 2660129   present: 2692   in FES: 155
** Event #2238208   t=131.100722343429   Elapsed: 81.7077s (1m 21s)  26% completed  (13% total)
     Speed:     ev/sec=35195.9   simsec/sec=0.138937   ev/simsec=253323
     Messages:  created: 2756422   present: 2736   in FES: 154
** Event #2299136   t=131.308255052438   Elapsed: 83.7106s (1m 23s)  26% completed  (13% total)
     Speed:     ev/sec=30421.1   simsec/sec=0.10362   ev/simsec=293583
     Messages:  created: 2840373   present: 2697   in FES: 135
** Event #2369792   t=131.550675240162   Elapsed: 85.716s (1m 25s)  26% completed  (13% total)
     Speed:     ev/sec=35232.7   simsec/sec=0.120883   ev/simsec=291461
     Messages:  created: 2937980   present: 2738   in FES: 155
** Event #2477824   t=131.965677220388   Elapsed: 87.716s (1m 27s)  26% completed  (13% total)
     Speed:     ev/sec=54015.1   simsec/sec=0.207498   ev/simsec=260317
     Messages:  created: 3087779   present: 2861   in FES: 186
** Event #2478080   t=131.966560732537   Elapsed: 98.5095s (1m 38s)  26% completed  (13% total)
     Speed:     ev/sec=23.718   simsec/sec=8.18562e-05   ev/simsec=289753
     Messages:  created: 3088030   present: 2692   in FES: 131
** Event #2548992   t=132.193907091081   Elapsed: 100.515s (1m 40s)  26% completed  (13% total)
     Speed:     ev/sec=35355.2   simsec/sec=0.11335   ev/simsec=311912
     Messages:  created: 3184999   present: 2794   in FES: 156
** Event #2600448   t=132.36299249487   Elapsed: 104.342s (1m 44s)  26% completed  (13% total)
     Speed:     ev/sec=13446   simsec/sec=0.0441839   ev/simsec=304320
     Messages:  created: 3255944   present: 2774   in FES: 144
** Event #2636032   t=132.48182070412   Elapsed: 106.347s (1m 46s)  26% completed  (13% total)
     Speed:     ev/sec=17743.9   simsec/sec=0.0592535   ev/simsec=299458
     Messages:  created: 3305160   present: 2804   in FES: 156
** Event #2671360   t=132.592789639923   Elapsed: 108.352s (1m 48s)  26% completed  (13% total)
     Speed:     ev/sec=17621.5   simsec/sec=0.0553511   ev/simsec=318359
     Messages:  created: 3353864   present: 2796   in FES: 147
** Event #2707456   t=132.726863537734   Elapsed: 110.352s (1m 50s)  26% completed  (13% total)
     Speed:     ev/sec=18046   simsec/sec=0.0670296   ev/simsec=269225
     Messages:  created: 3403721   present: 2757   in FES: 133
** Event #2741760   t=132.832384861161   Elapsed: 112.365s (1m 52s)  26% completed  (13% total)
     Speed:     ev/sec=17042.1   simsec/sec=0.0524227   ev/simsec=325091
     Messages:  created: 3451150   present: 2808   in FES: 156
** Event #2777600   t=132.955984221457   Elapsed: 114.373s (1m 54s)  26% completed  (13% total)
     Speed:     ev/sec=17850.7   simsec/sec=0.0615608   ev/simsec=289969
     Messages:  created: 3500751   present: 2841   in FES: 155
** Event #2811904   t=133.062155089778   Elapsed: 116.383s (1m 56s)  26% completed  (13% total)
     Speed:     ev/sec=17068.4   simsec/sec=0.0528266   ev/simsec=323102
     Messages:  created: 3547631   present: 2850   in FES: 156
** Event #2847488   t=133.180474627228   Elapsed: 118.389s (1m 58s)  26% completed  (13% total)
     Speed:     ev/sec=17738   simsec/sec=0.0589804   ev/simsec=300745
     Messages:  created: 3596425   present: 2848   in FES: 156
** Event #2881280   t=133.296039740447   Elapsed: 120.395s (2m 00s)  26% completed  (13% total)
     Speed:     ev/sec=16844.7   simsec/sec=0.057607   ev/simsec=292407
     Messages:  created: 3643054   present: 2830   in FES: 145
** Event #2916608   t=133.421020371427   Elapsed: 122.396s (2m 02s)  26% completed  (13% total)
     Speed:     ev/sec=17654.2   simsec/sec=0.0624558   ev/simsec=282668
     Messages:  created: 3691826   present: 2854   in FES: 161
** Event #2947072   t=133.528716939644   Elapsed: 124.405s (2m 04s)  26% completed  (13% total)
     Speed:     ev/sec=15163.3   simsec/sec=0.0536053   ev/simsec=282869
     Messages:  created: 3733872   present: 2820   in FES: 155
** Event #2982400   t=133.645881353028   Elapsed: 126.413s (2m 06s)  26% completed  (13% total)
     Speed:     ev/sec=17599.6   simsec/sec=0.0583686   ev/simsec=301525
     Messages:  created: 3782773   present: 2865   in FES: 164
** Event #2982656   t=133.646785027244   Elapsed: 128.551s (2m 08s)  26% completed  (13% total)
     Speed:     ev/sec=119.71   simsec/sec=0.000422575   ev/simsec=283288
     Messages:  created: 3783119   present: 2866   in FES: 156
** Event #3017216   t=133.748014587338   Elapsed: 130.558s (2m 10s)  26% completed  (13% total)
     Speed:     ev/sec=17224.8   simsec/sec=0.0504531   ev/simsec=341402
     Messages:  created: 3830931   present: 2872   in FES: 159
** Event #3052800   t=133.881510092024   Elapsed: 132.559s (2m 12s)  26% completed  (13% total)
     Speed:     ev/sec=17777.3   simsec/sec=0.0666927   ev/simsec=266556
     Messages:  created: 3880185   present: 2873   in FES: 157
** Event #3087872   t=133.998554383006   Elapsed: 134.565s (2m 14s)  26% completed  (13% total)
     Speed:     ev/sec=17481.8   simsec/sec=0.0583413   ev/simsec=299647
     Messages:  created: 3928755   present: 2854   in FES: 149
** Event #3122944   t=134.114479568409   Elapsed: 136.574s (2m 16s)  26% completed  (13% total)
     Speed:     ev/sec=17462.8   simsec/sec=0.0577207   ev/simsec=302540
     Messages:  created: 3976257   present: 2846   in FES: 156
** Event #3159296   t=134.223545037355   Elapsed: 138.576s (2m 18s)  26% completed  (13% total)
     Speed:     ev/sec=18158.3   simsec/sec=0.0544796   ev/simsec=333304
     Messages:  created: 4026460   present: 2904   in FES: 157
** Event #3159552   t=134.223948443426   Elapsed: 148.343s (2m 28s)  26% completed  (13% total)
     Speed:     ev/sec=26.2088   simsec/sec=4.12999e-05   ev/simsec=634596
     Messages:  created: 4026803   present: 2894   in FES: 152
** Event #3193088   t=134.331157728961   Elapsed: 150.349s (2m 30s)  26% completed  (13% total)
     Speed:     ev/sec=16718.3   simsec/sec=0.0534458   ev/simsec=312809
     Messages:  created: 4073201   present: 2896   in FES: 156
** Event #3228160   t=134.44039592658   Elapsed: 152.351s (2m 32s)  26% completed  (13% total)
     Speed:     ev/sec=17522.7   simsec/sec=0.0545776   ev/simsec=321060
     Messages:  created: 4121530   present: 2812   in FES: 129
** Event #3263232   t=134.547585722016   Elapsed: 154.354s (2m 34s)  26% completed  (13% total)
     Speed:     ev/sec=17506.9   simsec/sec=0.0535059   ev/simsec=327195
     Messages:  created: 4169959   present: 2880   in FES: 156
** Event #3276288   t=134.587228047304   Elapsed: 156.368s (2m 36s)  26% completed  (13% total)
     Speed:     ev/sec=6482.66   simsec/sec=0.0196835   ev/simsec=329345
     Messages:  created: 4187993   present: 2825   in FES: 131
** Event #3311360   t=134.732459482449   Elapsed: 158.382s (2m 38s)  26% completed  (13% total)
     Speed:     ev/sec=17413   simsec/sec=0.0721065   ev/simsec=241490
     Messages:  created: 4236505   present: 2882   in FES: 166
** Event #3347200   t=134.85795561627   Elapsed: 160.384s (2m 40s)  26% completed  (13% total)
     Speed:     ev/sec=17909.1   simsec/sec=0.06271   ev/simsec=285586
     Messages:  created: 4286048   present: 2873   in FES: 158
** Event #3395584   t=135.06343685976   Elapsed: 162.385s (2m 42s)  27% completed  (13% total)
     Speed:     ev/sec=24168.8   simsec/sec=0.102642   ev/simsec=235467
     Messages:  created: 4352242   present: 2921   in FES: 154
** Event #3507456   t=135.529068084924   Elapsed: 164.389s (2m 44s)  27% completed  (13% total)
     Speed:     ev/sec=55835.1   simsec/sec=0.232395   ev/simsec=240259
     Messages:  created: 4505973   present: 2916   in FES: 163
** Event #3611904   t=135.984621901888   Elapsed: 166.392s (2m 46s)  27% completed  (13% total)
     Speed:     ev/sec=52144.1   simsec/sec=0.227428   ev/simsec=229277
     Messages:  created: 4650260   present: 2944   in FES: 156
** Event #3723264   t=136.436346611513   Elapsed: 168.393s (2m 48s)  27% completed  (13% total)
     Speed:     ev/sec=55646.1   simsec/sec=0.225725   ev/simsec=246522
     Messages:  created: 4802886   present: 2969   in FES: 156
** Event #3836928   t=136.849806597813   Elapsed: 170.396s (2m 50s)  27% completed  (13% total)
     Speed:     ev/sec=56750.1   simsec/sec=0.206432   ev/simsec=274909
     Messages:  created: 4960096   present: 2959   in FES: 162
** Event #3940608   t=137.179889839922   Elapsed: 172.399s (2m 52s)  27% completed  (13% total)
     Speed:     ev/sec=51763   simsec/sec=0.164796   ev/simsec=314103
     Messages:  created: 5102527   present: 2977   in FES: 154
** Event #4052480   t=137.593230971808   Elapsed: 174.4s (2m 54s)  27% completed  (13% total)
     Speed:     ev/sec=55905.2   simsec/sec=0.206557   ev/simsec=270653
     Messages:  created: 5256985   present: 3017   in FES: 148
** Event #4165120   t=138.005703278409   Elapsed: 176.405s (2m 56s)  27% completed  (13% total)
     Speed:     ev/sec=56189.4   simsec/sec=0.205758   ev/simsec=273085
     Messages:  created: 5413012   present: 3044   in FES: 157
** Event #4267776   t=138.356369364237   Elapsed: 178.433s (2m 58s)  27% completed  (13% total)
     Speed:     ev/sec=50615.7   simsec/sec=0.1729   ev/simsec=292746
     Messages:  created: 5553767   present: 3096   in FES: 161
** Event #4377856   t=138.711362303556   Elapsed: 180.436s (3m 00s)  27% completed  (13% total)
     Speed:     ev/sec=54968.8   simsec/sec=0.177267   ev/simsec=310091
     Messages:  created: 5705721   present: 3057   in FES: 144
** Event #4487168   t=140.290706197006   Elapsed: 182.439s (3m 02s)  28% completed  (14% total)
     Speed:     ev/sec=54570.8   simsec/sec=0.788441   ev/simsec=69213.6
     Messages:  created: 5850609   present: 3099   in FES: 156
** Event #4587264   t=143.064263875546   Elapsed: 184.44s (3m 04s)  28% completed  (14% total)
     Speed:     ev/sec=50029.9   simsec/sec=1.38628   ev/simsec=36089.4
     Messages:  created: 5977999   present: 3297   in FES: 155
** Event #4696576   t=143.406944627955   Elapsed: 186.44s (3m 06s)  28% completed  (14% total)
     Speed:     ev/sec=54634.7   simsec/sec=0.171274   ev/simsec=318991
     Messages:  created: 6128161   present: 3428   in FES: 187
** Event #4807680   t=143.773220165189   Elapsed: 188.444s (3m 08s)  28% completed  (14% total)
     Speed:     ev/sec=55442.4   simsec/sec=0.182776   ev/simsec=303334
     Messages:  created: 6281787   present: 3369   in FES: 163
** Event #4911104   t=144.136248441147   Elapsed: 190.444s (3m 10s)  28% completed  (14% total)
     Speed:     ev/sec=51708.6   simsec/sec=0.181502   ev/simsec=284892
     Messages:  created: 6424009   present: 3292   in FES: 139
** Event #5021952   t=144.489368666462   Elapsed: 192.445s (3m 12s)  28% completed  (14% total)
     Speed:     ev/sec=55408.6   simsec/sec=0.176511   ev/simsec=313910
     Messages:  created: 6576990   present: 3416   in FES: 164
** Event #5056768   t=144.586225263534   Elapsed: 194.45s (3m 14s)  28% completed  (14% total)
     Speed:     ev/sec=17361   simsec/sec=0.0482977   ev/simsec=359459
     Messages:  created: 6625071   present: 3394   in FES: 156
** Event #5088768   t=144.684656614412   Elapsed: 196.455s (3m 16s)  28% completed  (14% total)
     Speed:     ev/sec=15960.5   simsec/sec=0.049094   ev/simsec=325100
     Messages:  created: 6669342   present: 3467   in FES: 184
** Event #5121280   t=144.792318274243   Elapsed: 198.457s (3m 18s)  28% completed  (14% total)
     Speed:     ev/sec=16240.5   simsec/sec=0.0537796   ev/simsec=301983
     Messages:  created: 6714201   present: 3379   in FES: 151
** Event #5153792   t=144.90626400842   Elapsed: 200.461s (3m 20s)  28% completed  (14% total)
     Speed:     ev/sec=16228.5   simsec/sec=0.0568766   ev/simsec=285329
     Messages:  created: 6759194   present: 3361   in FES: 156
** Event #5186560   t=145.020943297799   Elapsed: 202.468s (3m 22s)  29% completed  (14% total)
     Speed:     ev/sec=16320   simsec/sec=0.0571158   ev/simsec=285736
     Messages:  created: 6804209   present: 3403   in FES: 155
** Event #5218560   t=145.134676811984   Elapsed: 206.649s (3m 26s)  29% completed  (14% total)
     Speed:     ev/sec=7654.81   simsec/sec=0.0272065   ev/simsec=281359
     Messages:  created: 6847439   present: 3391   in FES: 155
** Event #5264128   t=145.274217083555   Elapsed: 208.653s (3m 28s)  29% completed  (14% total)
     Speed:     ev/sec=22737.4   simsec/sec=0.0696275   ev/simsec=326558
     Messages:  created: 6910258   present: 3407   in FES: 154
** Event #5362176   t=145.600096016844   Elapsed: 210.655s (3m 30s)  29% completed  (14% total)
     Speed:     ev/sec=48985.4   simsec/sec=0.162811   ev/simsec=300872
     Messages:  created: 7045647   present: 3496   in FES: 185
** Event #5459456   t=145.925011830214   Elapsed: 212.659s (3m 32s)  29% completed  (14% total)
     Speed:     ev/sec=48538.6   simsec/sec=0.162119   ev/simsec=299401
     Messages:  created: 7180160   present: 3396   in FES: 158
** Event #5522944   t=146.120261119941   Elapsed: 261.836s (4m 21s)  29% completed  (14% total)
     Speed:     ev/sec=1291   simsec/sec=0.00397029   ev/simsec=325164
     Messages:  created: 7266832   present: 3419   in FES: 156
** Event #5637888   t=146.517644081306   Elapsed: 263.84s (4m 23s)  29% completed  (14% total)
     Speed:     ev/sec=57376.8   simsec/sec=0.198362   ev/simsec=289252
     Messages:  created: 7425073   present: 3377   in FES: 155
** Event #5731840   t=146.925112272178   Elapsed: 265.84s (4m 25s)  29% completed  (14% total)
     Speed:     ev/sec=46972.1   simsec/sec=0.203717   ev/simsec=230575
     Messages:  created: 7554767   present: 3385   in FES: 136
** Event #5838592   t=147.356538367143   Elapsed: 277.942s (4m 37s)  29% completed  (14% total)
     Speed:     ev/sec=8820.68   simsec/sec=0.0356478   ev/simsec=247440
     Messages:  created: 7700868   present: 3347   in FES: 129
** Event #5948928   t=147.82781685615   Elapsed: 279.943s (4m 39s)  29% completed  (14% total)
     Speed:     ev/sec=55159.7   simsec/sec=0.235604   ev/simsec=234121
     Messages:  created: 7853233   present: 3475   in FES: 165
** Event #6019072   t=148.086319196329   Elapsed: 281.944s (4m 41s)  29% completed  (14% total)
     Speed:     ev/sec=35043.5   simsec/sec=0.129146   ev/simsec=271348
     Messages:  created: 7949283   present: 3461   in FES: 155
** Event #6121216   t=148.459441419462   Elapsed: 283.944s (4m 43s)  29% completed  (14% total)
     Speed:     ev/sec=51064   simsec/sec=0.186532   ev/simsec=273755
     Messages:  created: 8089956   present: 3425   in FES: 138
** Event #6151680   t=148.562595719653   Elapsed: 293.553s (4m 53s)  29% completed  (14% total)
     Speed:     ev/sec=3170.53   simsec/sec=0.0107357   ev/simsec=295325
     Messages:  created: 8131927   present: 3501   in FES: 157
** Event #6263296   t=148.968024707064   Elapsed: 295.558s (4m 55s)  29% completed  (14% total)
     Speed:     ev/sec=55670.7   simsec/sec=0.202216   ev/simsec=275303
     Messages:  created: 8286435   present: 3601   in FES: 178
** Event #6367232   t=149.316550660957   Elapsed: 297.56s (4m 57s)  29% completed  (14% total)
     Speed:     ev/sec=51906.8   simsec/sec=0.174058   ev/simsec=298216
     Messages:  created: 8428514   present: 3569   in FES: 159
** Event #6455672   t=149.620239006679   Elapsed: 299.099s (4m 59s)  29% completed  (14% total)
     Speed:     ev/sec=57473.2   simsec/sec=0.197355   ev/simsec=291216
     Messages:  created: 8550739   present: 3579   in FES: 158

<!> SIGINT or SIGTERM received, exiting -- at t=149.620239006679s, event #6455672
