** Event #0   t=0   Elapsed: 8e-06s (0m 00s)  0% completed  (50% total)
     Speed:     ev/sec=0   simsec/sec=0   ev/simsec=0
     Messages:  created: 1178   present: 1178   in FES: 186
** Event #125440   t=20.408851180671   Elapsed: 2.00023s (0m 02s)  4% completed  (52% total)
     Speed:     ev/sec=62713.5   simsec/sec=10.2033   ev/simsec=6146.4
     Messages:  created: 132002   present: 1156   in FES: 135
** Event #246016   t=40.022509650134   Elapsed: 4.00039s (0m 04s)  8% completed  (54% total)
     Speed:     ev/sec=60283.3   simsec/sec=9.80606   ev/simsec=6147.55
     Messages:  created: 257716   present: 1205   in FES: 154
** Event #372992   t=60.084578087857   Elapsed: 6.00319s (0m 06s)  12% completed  (56% total)
     Speed:     ev/sec=63399.2   simsec/sec=10.017   ev/simsec=6329.16
     Messages:  created: 390973   present: 1192   in FES: 154
** Event #503552   t=81.374143293735   Elapsed: 8.00397s (0m 08s)  16% completed  (58% total)
     Speed:     ev/sec=65254.5   simsec/sec=10.6406   ev/simsec=6132.58
     Messages:  created: 529750   present: 1133   in FES: 128
** Event #643328   t=100.287003322293   Elapsed: 10.0069s (0m 10s)  20% completed  (60% total)
     Speed:     ev/sec=69784.6   simsec/sec=9.44245   ev/simsec=7390.53
     Messages:  created: 686442   present: 1246   in FES: 154
** Event #783616   t=102.045783576397   Elapsed: 12.0084s (0m 12s)  20% completed  (60% total)
     Speed:     ev/sec=70091   simsec/sec=0.878726   ev/simsec=79764.4
     Messages:  created: 876124   present: 1174   in FES: 129
** Event #921600   t=104.14560919365   Elapsed: 14.0112s (0m 14s)  20% completed  (60% total)
     Speed:     ev/sec=68895.4   simsec/sec=1.04844   ev/simsec=65712.1
     Messages:  created: 1060806   present: 1238   in FES: 161
** Event #1054208   t=106.434178457625   Elapsed: 16.0139s (0m 16s)  21% completed  (60% total)
     Speed:     ev/sec=66216.4   simsec/sec=1.14277   ev/simsec=57943.6
     Messages:  created: 1237524   present: 1216   in FES: 146
** Event #1198592   t=108.700962580582   Elapsed: 18.0161s (0m 18s)  21% completed  (60% total)
     Speed:     ev/sec=72112.4   simsec/sec=1.13214   ev/simsec=63695.5
     Messages:  created: 1430941   present: 1219   in FES: 157
** Event #1340416   t=111.291965585288   Elapsed: 20.0187s (0m 20s)  22% completed  (61% total)
     Speed:     ev/sec=70819.3   simsec/sec=1.29381   ev/simsec=54737.1
     Messages:  created: 1620094   present: 1216   in FES: 157
** Event #1480192   t=113.944823657162   Elapsed: 22.02s (0m 22s)  22% completed  (61% total)
     Speed:     ev/sec=69844.2   simsec/sec=1.3256   ev/simsec=52688.8
     Messages:  created: 1807080   present: 1182   in FES: 124
** Event #1613312   t=116.320281559733   Elapsed: 24.0216s (0m 24s)  23% completed  (61% total)
     Speed:     ev/sec=66505.7   simsec/sec=1.18676   ev/simsec=56039.7
     Messages:  created: 1984525   present: 1205   in FES: 128
** Event #1757440   t=119.040707093171   Elapsed: 26.0248s (0m 26s)  23% completed  (61% total)
     Speed:     ev/sec=71950.1   simsec/sec=1.35806   ev/simsec=52979.9
     Messages:  created: 2177113   present: 1313   in FES: 153
** Event #1899008   t=121.594459239407   Elapsed: 28.0282s (0m 28s)  24% completed  (62% total)
     Speed:     ev/sec=70664.2   simsec/sec=1.27472   ev/simsec=55435.3
     Messages:  created: 2365343   present: 1282   in FES: 137
** Event #2032128   t=124.042222114029   Elapsed: 30.0297s (0m 30s)  24% completed  (62% total)
     Speed:     ev/sec=66509.4   simsec/sec=1.22295   ev/simsec=54384.4
     Messages:  created: 2542671   present: 1368   in FES: 161
** Event #2168320   t=126.542203928824   Elapsed: 32.0327s (0m 32s)  25% completed  (62% total)
     Speed:     ev/sec=67992.4   simsec/sec=1.24809   ev/simsec=54477.2
     Messages:  created: 2723436   present: 1367   in FES: 155
** Event #2303232   t=129.072841953718   Elapsed: 34.0344s (0m 34s)  25% completed  (62% total)
     Speed:     ev/sec=67400.6   simsec/sec=1.26428   ev/simsec=53311.5
     Messages:  created: 2903123   present: 1388   in FES: 156
** Event #2432768   t=131.5   Elapsed: 36.0368s (0m 36s)  26% completed  (63% total)
     Speed:     ev/sec=64689.2   simsec/sec=1.2121   ev/simsec=53369.4
     Messages:  created: 3075468   present: 1320   in FES: 123
** Event #2569472   t=134.090285935345   Elapsed: 38.0393s (0m 38s)  26% completed  (63% total)
     Speed:     ev/sec=68265.5   simsec/sec=1.2935   ev/simsec=52775.6
     Messages:  created: 3257616   present: 1416   in FES: 155
** Event #2709504   t=136.763819600956   Elapsed: 40.0425s (0m 40s)  27% completed  (63% total)
     Speed:     ev/sec=69905.4   simsec/sec=1.33466   ev/simsec=52377.1
     Messages:  created: 3444310   present: 1357   in FES: 124
** Event #2843648   t=139.320323901339   Elapsed: 42.0426s (0m 42s)  27% completed  (63% total)
     Speed:     ev/sec=67070.6   simsec/sec=1.27822   ev/simsec=52471.7
     Messages:  created: 3622489   present: 1452   in FES: 162
** Event #2970112   t=141.790108260709   Elapsed: 44.0426s (0m 44s)  28% completed  (64% total)
     Speed:     ev/sec=63229.8   simsec/sec=1.23485   ev/simsec=51204.5
     Messages:  created: 3791054   present: 1406   in FES: 123
** Event #3106304   t=144.396766944912   Elapsed: 46.0433s (0m 46s)  28% completed  (64% total)
     Speed:     ev/sec=68072   simsec/sec=1.30287   ev/simsec=52247.7
     Messages:  created: 3971925   present: 1623   in FES: 194
** Event #3245056   t=147.01267641889   Elapsed: 48.0439s (0m 48s)  29% completed  (64% total)
     Speed:     ev/sec=69354.7   simsec/sec=1.30755   ev/simsec=53041.6
     Messages:  created: 4157061   present: 1607   in FES: 162
** Event #3371264   t=147.702720622545   Elapsed: 50.0466s (0m 50s)  29% completed  (64% total)
     Speed:     ev/sec=63021.6   simsec/sec=0.344572   ev/simsec=182898
     Messages:  created: 4330141   present: 1608   in FES: 158
** Event #3511808   t=148.469069099521   Elapsed: 52.0494s (0m 52s)  29% completed  (64% total)
     Speed:     ev/sec=70172.6   simsec/sec=0.382632   ev/simsec=183394
     Messages:  created: 4523080   present: 1514   in FES: 127
** Event #3645440   t=148.956697286678   Elapsed: 54.0516s (0m 54s)  29% completed  (64% total)
     Speed:     ev/sec=66744   simsec/sec=0.243551   ev/simsec=274045
     Messages:  created: 4707972   present: 1694   in FES: 191
** Event #3776512   t=149.528867168447   Elapsed: 56.0539s (0m 56s)  29% completed  (64% total)
     Speed:     ev/sec=65458.7   simsec/sec=0.285748   ev/simsec=229079
     Messages:  created: 4888050   present: 1595   in FES: 156
** Event #3917568   t=150.331863324994   Elapsed: 58.0553s (0m 58s)  30% completed  (65% total)
     Speed:     ev/sec=70479.7   simsec/sec=0.401223   ev/simsec=175662
     Messages:  created: 5081799   present: 1592   in FES: 149
** Event #4058880   t=151.192408069623   Elapsed: 60.0563s (1m 00s)  30% completed  (65% total)
     Speed:     ev/sec=70618.3   simsec/sec=0.430043   ev/simsec=164212
     Messages:  created: 5275917   present: 1564   in FES: 157
** Event #4186880   t=152.014013185966   Elapsed: 62.0595s (1m 02s)  30% completed  (65% total)
     Speed:     ev/sec=63898.1   simsec/sec=0.410148   ev/simsec=155793
     Messages:  created: 5451979   present: 1600   in FES: 147
** Event #4320512   t=152.799506055818   Elapsed: 64.0597s (1m 04s)  30% completed  (65% total)
     Speed:     ev/sec=66809.3   simsec/sec=0.392707   ev/simsec=170125
     Messages:  created: 5635379   present: 1613   in FES: 159
** Event #4456960   t=153.580957580802   Elapsed: 66.0614s (1m 06s)  30% completed  (65% total)
     Speed:     ev/sec=68167.6   simsec/sec=0.390403   ev/simsec=174608
     Messages:  created: 5822514   present: 1632   in FES: 159
** Event #4598272   t=154.482825563581   Elapsed: 68.0647s (1m 08s)  30% completed  (65% total)
     Speed:     ev/sec=70538.5   simsec/sec=0.450184   ev/simsec=156688
     Messages:  created: 6016218   present: 1617   in FES: 157
** Event #4732160   t=155.306821785458   Elapsed: 70.0673s (1m 10s)  31% completed  (65% total)
     Speed:     ev/sec=66859.1   simsec/sec=0.411476   ev/simsec=162486
     Messages:  created: 6199891   present: 1717   in FES: 159
** Event #4873472   t=156.206935181874   Elapsed: 72.0684s (1m 12s)  31% completed  (65% total)
     Speed:     ev/sec=70617.3   simsec/sec=0.44981   ev/simsec=156994
     Messages:  created: 6393460   present: 1730   in FES: 160
** Event #5015296   t=157.054401436598   Elapsed: 74.0718s (1m 14s)  31% completed  (65% total)
     Speed:     ev/sec=70790.2   simsec/sec=0.423005   ev/simsec=167351
     Messages:  created: 6588154   present: 1770   in FES: 159
** Event #5157888   t=157.955910974233   Elapsed: 76.0735s (1m 16s)  31% completed  (65% total)
     Speed:     ev/sec=71233.8   simsec/sec=0.450362   ev/simsec=158170
     Messages:  created: 6783841   present: 1784   in FES: 159
** Event #5285376   t=158.660534791536   Elapsed: 78.0738s (1m 18s)  31% completed  (65% total)
     Speed:     ev/sec=63736.5   simsec/sec=0.35227   ev/simsec=180931
     Messages:  created: 6958598   present: 1795   in FES: 162
** Event #5415424   t=160.143181938443   Elapsed: 80.0787s (1m 20s)  32% completed  (66% total)
     Speed:     ev/sec=64865.8   simsec/sec=0.73952   ev/simsec=87713.4
     Messages:  created: 7134110   present: 1741   in FES: 164
** Event #5554432   t=161.766685422441   Elapsed: 82.0811s (1m 22s)  32% completed  (66% total)
     Speed:     ev/sec=69417.6   simsec/sec=0.810743   ev/simsec=85622.2
     Messages:  created: 7321710   present: 1693   in FES: 133
** Event #5678336   t=162.145583980776   Elapsed: 84.0839s (1m 24s)  32% completed  (66% total)
     Speed:     ev/sec=61865.5   simsec/sec=0.189185   ev/simsec=327011
     Messages:  created: 7493086   present: 1680   in FES: 130
** Event #5813504   t=162.565234486042   Elapsed: 86.085s (1m 26s)  32% completed  (66% total)
     Speed:     ev/sec=67547.3   simsec/sec=0.209711   ev/simsec=322097
     Messages:  created: 7680228   present: 1776   in FES: 160
** Event #5947904   t=162.990437015366   Elapsed: 88.0884s (1m 28s)  32% completed  (66% total)
     Speed:     ev/sec=67087.9   simsec/sec=0.212247   ev/simsec=316085
     Messages:  created: 7866881   present: 1778   in FES: 158
** Event #6070784   t=163.362070206389   Elapsed: 90.0901s (1m 30s)  32% completed  (66% total)
     Speed:     ev/sec=61386.7   simsec/sec=0.185655   ev/simsec=330649
     Messages:  created: 8036793   present: 1713   in FES: 141
** Event #6207232   t=163.769648402895   Elapsed: 92.0933s (1m 32s)  32% completed  (66% total)
     Speed:     ev/sec=68115.2   simsec/sec=0.203464   ev/simsec=334777
     Messages:  created: 8226286   present: 1888   in FES: 194
** Event #6340864   t=164.174355388006   Elapsed: 94.0968s (1m 34s)  32% completed  (66% total)
     Speed:     ev/sec=66701.1   simsec/sec=0.202006   ev/simsec=330194
     Messages:  created: 8411195   present: 1753   in FES: 143
** Event #6464000   t=164.559024198538   Elapsed: 96.099s (1m 36s)  32% completed  (66% total)
     Speed:     ev/sec=61500.3   simsec/sec=0.192123   ev/simsec=320109
     Messages:  created: 8582088   present: 1793   in FES: 153
** Event #6599168   t=164.970112488437   Elapsed: 98.0997s (1m 38s)  32% completed  (66% total)
     Speed:     ev/sec=67557.9   simsec/sec=0.205465   ev/simsec=328805
     Messages:  created: 8770229   present: 1804   in FES: 160
** Event #6731008   t=165.374143251494   Elapsed: 100.103s (1m 40s)  33% completed  (66% total)
     Speed:     ev/sec=65802   simsec/sec=0.201654   ev/simsec=326312
     Messages:  created: 8952317   present: 1786   in FES: 149
** Event #6857728   t=165.744620021845   Elapsed: 102.106s (1m 42s)  33% completed  (66% total)
     Speed:     ev/sec=63287   simsec/sec=0.185025   ev/simsec=342046
     Messages:  created: 9127963   present: 1889   in FES: 187
** Event #6987776   t=166.134504421661   Elapsed: 104.106s (1m 44s)  33% completed  (66% total)
     Speed:     ev/sec=65001.8   simsec/sec=0.194876   ev/simsec=333555
     Messages:  created: 9307808   present: 1782   in FES: 160
** Event #7122688   t=166.539867229222   Elapsed: 106.107s (1m 46s)  33% completed  (66% total)
     Speed:     ev/sec=67444.3   simsec/sec=0.202646   ev/simsec=332818
     Messages:  created: 9495090   present: 1795   in FES: 153
** Event #7245824   t=166.918968701305   Elapsed: 108.108s (1m 48s)  33% completed  (66% total)
     Speed:     ev/sec=61519.5   simsec/sec=0.189401   ev/simsec=324810
     Messages:  created: 9666231   present: 1786   in FES: 157
** Event #7379456   t=167.303246075728   Elapsed: 110.109s (1m 50s)  33% completed  (66% total)
     Speed:     ev/sec=66792.5   simsec/sec=0.192071   ev/simsec=347749
     Messages:  created: 9851297   present: 1862   in FES: 156
** Event #7511296   t=167.708108417161   Elapsed: 112.11s (1m 52s)  33% completed  (66% total)
     Speed:     ev/sec=65897.8   simsec/sec=0.202363   ev/simsec=325642
     Messages:  created: 10033733   present: 1942   in FES: 193
** Event #7636992   t=168.089809514856   Elapsed: 114.11s (1m 54s)  33% completed  (66% total)
     Speed:     ev/sec=62825.8   simsec/sec=0.190783   ev/simsec=329305
     Messages:  created: 10207545   present: 1824   in FES: 171
** Event #7769856   t=168.493213475143   Elapsed: 116.113s (1m 56s)  33% completed  (66% total)
     Speed:     ev/sec=66344.9   simsec/sec=0.201437   ev/simsec=329357
     Messages:  created: 10391401   present: 1895   in FES: 192
** Event #7904256   t=168.894437545925   Elapsed: 118.116s (1m 58s)  33% completed  (66% total)
     Speed:     ev/sec=67087   simsec/sec=0.200275   ev/simsec=334975
     Messages:  created: 10577877   present: 1796   in FES: 160
** Event #8030976   t=169.272001427542   Elapsed: 120.118s (2m 00s)  33% completed  (66% total)
     Speed:     ev/sec=63293.7   simsec/sec=0.188584   ev/simsec=335625
     Messages:  created: 10753059   present: 1797   in FES: 159
** Event #8164864   t=169.685097389454   Elapsed: 122.119s (2m 02s)  33% completed  (66% total)
     Speed:     ev/sec=66934.8   simsec/sec=0.20652   ev/simsec=324109
     Messages:  created: 10938637   present: 1822   in FES: 160
** Event #8298496   t=170.087073518468   Elapsed: 124.12s (2m 04s)  34% completed  (67% total)
     Speed:     ev/sec=66780.2   simsec/sec=0.20088   ev/simsec=332438
     Messages:  created: 11123815   present: 1868   in FES: 189
** Event #8431360   t=170.471608739402   Elapsed: 126.12s (2m 06s)  34% completed  (67% total)
     Speed:     ev/sec=66407.4   simsec/sec=0.192196   ev/simsec=345518
     Messages:  created: 11308023   present: 1874   in FES: 171
** Event #8576000   t=170.931555335689   Elapsed: 128.121s (2m 08s)  34% completed  (67% total)
     Speed:     ev/sec=72318.7   simsec/sec=0.229969   ev/simsec=314471
     Messages:  created: 11509196   present: 1814   in FES: 158
** Event #8717312   t=171.354493688754   Elapsed: 130.123s (2m 10s)  34% completed  (67% total)
     Speed:     ev/sec=70569   simsec/sec=0.211209   ev/simsec=334120
     Messages:  created: 11705172   present: 1936   in FES: 187
** Event #8852992   t=171.775010455217   Elapsed: 132.123s (2m 12s)  34% completed  (67% total)
     Speed:     ev/sec=67824.4   simsec/sec=0.21021   ev/simsec=322651
     Messages:  created: 11893409   present: 1861   in FES: 162
** Event #8996096   t=172.20325923559   Elapsed: 134.124s (2m 14s)  34% completed  (67% total)
     Speed:     ev/sec=71540   simsec/sec=0.214089   ev/simsec=334161
     Messages:  created: 12091831   present: 1868   in FES: 159
** Event #9139712   t=172.681240735722   Elapsed: 136.124s (2m 16s)  34% completed  (67% total)
     Speed:     ev/sec=71806.1   simsec/sec=0.238985   ev/simsec=300464
     Messages:  created: 12290846   present: 1772   in FES: 127
** Event #9274880   t=173.110952300397   Elapsed: 138.124s (2m 18s)  34% completed  (67% total)
     Speed:     ev/sec=67572.4   simsec/sec=0.214819   ev/simsec=314555
     Messages:  created: 12478165   present: 1862   in FES: 161
** Event #9416704   t=173.520255243003   Elapsed: 140.125s (2m 20s)  34% completed  (67% total)
     Speed:     ev/sec=70886.3   simsec/sec=0.204577   ev/simsec=346501
     Messages:  created: 12674864   present: 1925   in FES: 172
** Event #9561344   t=173.970752201943   Elapsed: 142.126s (2m 22s)  34% completed  (67% total)
     Speed:     ev/sec=72281.2   simsec/sec=0.225128   ev/simsec=321068
     Messages:  created: 12876379   present: 1894   in FES: 168
** Event #9694976   t=174.364770609666   Elapsed: 144.127s (2m 24s)  34% completed  (67% total)
     Speed:     ev/sec=66785.7   simsec/sec=0.19692   ev/simsec=339152
     Messages:  created: 13061460   present: 1888   in FES: 165
** Event #9836288   t=174.776470657636   Elapsed: 146.129s (2m 26s)  34% completed  (67% total)
     Speed:     ev/sec=70573.3   simsec/sec=0.205609   ev/simsec=343240
     Messages:  created: 13257616   present: 1971   in FES: 191
** Event #9969664   t=175.146843750196   Elapsed: 148.133s (2m 28s)  35% completed  (67% total)
     Speed:     ev/sec=66570.2   simsec/sec=0.184859   ev/simsec=360113
     Messages:  created: 13442376   present: 1972   in FES: 196
** Event #10111488   t=175.569573016888   Elapsed: 150.135s (2m 30s)  35% completed  (67% total)
     Speed:     ev/sec=70836.3   simsec/sec=0.211139   ev/simsec=335496
     Messages:  created: 13639150   present: 1940   in FES: 191
** Event #10253568   t=176.037698583874   Elapsed: 152.137s (2m 32s)  35% completed  (67% total)
     Speed:     ev/sec=70970.2   simsec/sec=0.233833   ev/simsec=303508
     Messages:  created: 13836486   present: 1807   in FES: 142
** Event #10385920   t=176.443969045101   Elapsed: 154.139s (2m 34s)  35% completed  (67% total)
     Speed:     ev/sec=66092.8   simsec/sec=0.20288   ev/simsec=325773
     Messages:  created: 14019572   present: 1842   in FES: 135
** Event #10528256   t=176.926013797158   Elapsed: 156.142s (2m 36s)  35% completed  (67% total)
     Speed:     ev/sec=71062.2   simsec/sec=0.240664   ev/simsec=295275
     Messages:  created: 14216862   present: 1849   in FES: 141
** Event #10678528   t=177.401055623156   Elapsed: 158.145s (2m 38s)  35% completed  (67% total)
     Speed:     ev/sec=75042.8   simsec/sec=0.237226   ev/simsec=316334
     Messages:  created: 14424799   present: 1997   in FES: 190
** Event #10822912   t=177.874535490993   Elapsed: 160.148s (2m 40s)  35% completed  (67% total)
     Speed:     ev/sec=72090.7   simsec/sec=0.236408   ev/simsec=304942
     Messages:  created: 14625485   present: 2018   in FES: 188
** Event #10973440   t=178.375425716546   Elapsed: 162.149s (2m 42s)  35% completed  (67% total)
     Speed:     ev/sec=75200.3   simsec/sec=0.250233   ev/simsec=300521
     Messages:  created: 14833628   present: 1921   in FES: 163
** Event #11120384   t=178.957608723517   Elapsed: 164.197s (2m 44s)  35% completed  (67% total)
     Speed:     ev/sec=71779.4   simsec/sec=0.284385   ev/simsec=252402
     Messages:  created: 15036734   present: 1859   in FES: 164
** Event #11271168   t=179.61065149946   Elapsed: 166.199s (2m 46s)  35% completed  (67% total)
     Speed:     ev/sec=75280.4   simsec/sec=0.326038   ev/simsec=230895
     Messages:  created: 15243746   present: 1915   in FES: 152
** Event #11421952   t=180.237499575527   Elapsed: 168.202s (2m 48s)  36% completed  (68% total)
     Speed:     ev/sec=75311.9   simsec/sec=0.313091   ev/simsec=240543
     Messages:  created: 15451066   present: 1942   in FES: 162
** Event #11564800   t=180.909956676904   Elapsed: 170.203s (2m 50s)  36% completed  (68% total)
     Speed:     ev/sec=71389   simsec/sec=0.336064   ev/simsec=212427
     Messages:  created: 15647805   present: 1890   in FES: 138
** Event #11716608   t=181.46669013362   Elapsed: 172.203s (2m 52s)  36% completed  (68% total)
     Speed:     ev/sec=75886.4   simsec/sec=0.278302   ev/simsec=272676
     Messages:  created: 15856733   present: 1926   in FES: 162
** Event #11870208   t=182.047304035416   Elapsed: 174.206s (2m 54s)  36% completed  (68% total)
     Speed:     ev/sec=76689.3   simsec/sec=0.289888   ev/simsec=264548
     Messages:  created: 16068863   present: 1929   in FES: 159
** Event #12013824   t=182.600853957605   Elapsed: 176.209s (2m 56s)  36% completed  (68% total)
     Speed:     ev/sec=71696.7   simsec/sec=0.276346   ev/simsec=259445
     Messages:  created: 16266758   present: 1916   in FES: 136
** Event #12166144   t=183.260834590524   Elapsed: 178.209s (2m 58s)  36% completed  (68% total)
     Speed:     ev/sec=76158.1   simsec/sec=0.329982   ev/simsec=230795
     Messages:  created: 16476386   present: 1906   in FES: 157
** Event #12310272   t=183.868908115817   Elapsed: 180.21s (3m 00s)  36% completed  (68% total)
     Speed:     ev/sec=72039.1   simsec/sec=0.303932   ev/simsec=237024
     Messages:  created: 16675369   present: 1999   in FES: 162
** Event #12461312   t=184.438323141199   Elapsed: 182.211s (3m 02s)  36% completed  (68% total)
     Speed:     ev/sec=75459.9   simsec/sec=0.284481   ev/simsec=265255
     Messages:  created: 16883416   present: 1986   in FES: 163
** Event #12614656   t=184.940936746803   Elapsed: 184.212s (3m 04s)  36% completed  (68% total)
     Speed:     ev/sec=76665.5   simsec/sec=0.251286   ev/simsec=305093
     Messages:  created: 17096015   present: 2006   in FES: 161
** Event #12758016   t=185.387265689055   Elapsed: 186.214s (3m 06s)  37% completed  (68% total)
     Speed:     ev/sec=71589.8   simsec/sec=0.222884   ev/simsec=321198
     Messages:  created: 17294322   present: 2024   in FES: 159
** Event #12912128   t=185.863499071502   Elapsed: 188.215s (3m 08s)  37% completed  (68% total)
     Speed:     ev/sec=77021.1   simsec/sec=0.238009   ev/simsec=323606
     Messages:  created: 17508291   present: 2009   in FES: 149
** Event #13065984   t=186.340444385282   Elapsed: 190.216s (3m 10s)  37% completed  (68% total)
     Speed:     ev/sec=76891.3   simsec/sec=0.238359   ev/simsec=322586
     Messages:  created: 17721231   present: 2075   in FES: 170
** Event #13212928   t=186.788417125064   Elapsed: 192.217s (3m 12s)  37% completed  (68% total)
     Speed:     ev/sec=73431.2   simsec/sec=0.223862   ev/simsec=328020
     Messages:  created: 17925275   present: 2039   in FES: 162
** Event #13367296   t=187.254829240794   Elapsed: 194.22s (3m 14s)  37% completed  (68% total)
     Speed:     ev/sec=77088.7   simsec/sec=0.232918   ev/simsec=330969
     Messages:  created: 18139054   present: 2043   in FES: 164
** Event #13519872   t=187.731426657423   Elapsed: 196.324s (3m 16s)  37% completed  (68% total)
     Speed:     ev/sec=72488.2   simsec/sec=0.226429   ev/simsec=320136
     Messages:  created: 18350755   present: 2064   in FES: 161
** Event #13671168   t=188.208371965387   Elapsed: 198.325s (3m 18s)  37% completed  (68% total)
     Speed:     ev/sec=75635.7   simsec/sec=0.238434   ev/simsec=317219
     Messages:  created: 18560306   present: 2053   in FES: 158
** Event #13826304   t=188.806577226548   Elapsed: 200.326s (3m 20s)  37% completed  (68% total)
     Speed:     ev/sec=77535.2   simsec/sec=0.298976   ev/simsec=259336
     Messages:  created: 18774919   present: 2087   in FES: 161
** Event #13971200   t=189.410480075213   Elapsed: 202.327s (3m 22s)  37% completed  (68% total)
     Speed:     ev/sec=72409.4   simsec/sec=0.301791   ev/simsec=239933
     Messages:  created: 18974122   present: 2086   in FES: 159
** Event #14127616   t=189.998628852758   Elapsed: 204.33s (3m 24s)  37% completed  (68% total)
     Speed:     ev/sec=78093.2   simsec/sec=0.293643   ev/simsec=265946
     Messages:  created: 19190898   present: 2066   in FES: 148
** Event #14281728   t=190.513975881868   Elapsed: 206.33s (3m 26s)  38% completed  (69% total)
     Speed:     ev/sec=77046.2   simsec/sec=0.257641   ev/simsec=299045
     Messages:  created: 19403704   present: 2171   in FES: 190
** Event #14427904   t=190.974032797297   Elapsed: 208.332s (3m 28s)  38% completed  (69% total)
     Speed:     ev/sec=73006.2   simsec/sec=0.229771   ev/simsec=317735
     Messages:  created: 19607144   present: 2110   in FES: 162
** Event #14582016   t=191.460560514207   Elapsed: 210.333s (3m 30s)  38% completed  (69% total)
     Speed:     ev/sec=77013.9   simsec/sec=0.243131   ev/simsec=316759
     Messages:  created: 19820765   present: 2144   in FES: 158
** Event #14737664   t=191.957720122106   Elapsed: 212.335s (3m 32s)  38% completed  (69% total)
     Speed:     ev/sec=77737.1   simsec/sec=0.248302   ev/simsec=313075
     Messages:  created: 20037597   present: 2261   in FES: 191
** Event #14882048   t=192.432067724355   Elapsed: 214.336s (3m 34s)  38% completed  (69% total)
     Speed:     ev/sec=72184.2   simsec/sec=0.237148   ev/simsec=304384
     Messages:  created: 20236955   present: 2148   in FES: 163
** Event #15036928   t=192.962411831954   Elapsed: 216.338s (3m 36s)  38% completed  (69% total)
     Speed:     ev/sec=77357.2   simsec/sec=0.264888   ev/simsec=292037
     Messages:  created: 20451811   present: 2159   in FES: 161
** Event #15182336   t=193.422823142155   Elapsed: 218.341s (3m 38s)  38% completed  (69% total)
     Speed:     ev/sec=72587.4   simsec/sec=0.229836   ev/simsec=315822
     Messages:  created: 20652853   present: 2098   in FES: 130
** Event #15337728   t=193.92642441868   Elapsed: 220.344s (3m 40s)  38% completed  (69% total)
     Speed:     ev/sec=77578.4   simsec/sec=0.251419   ev/simsec=308562
     Messages:  created: 20868670   present: 2283   in FES: 185
** Event #15491328   t=194.382445473463   Elapsed: 222.347s (3m 42s)  38% completed  (69% total)
     Speed:     ev/sec=76693.1   simsec/sec=0.227693   ev/simsec=336827
     Messages:  created: 21081226   present: 2144   in FES: 140
** Event #15636224   t=194.855426166064   Elapsed: 224.349s (3m 44s)  38% completed  (69% total)
     Speed:     ev/sec=72374.9   simsec/sec=0.236252   ev/simsec=306347
     Messages:  created: 21282271   present: 2194   in FES: 161
** Event #15789056   t=195.331664824801   Elapsed: 226.35s (3m 46s)  39% completed  (69% total)
     Speed:     ev/sec=76370.8   simsec/sec=0.237979   ev/simsec=320915
     Messages:  created: 21493876   present: 2317   in FES: 191
** Event #15941632   t=195.779615450457   Elapsed: 228.351s (3m 48s)  39% completed  (69% total)
     Speed:     ev/sec=76239.2   simsec/sec=0.223832   ev/simsec=340609
     Messages:  created: 21705703   present: 2236   in FES: 160
** Event #16083968   t=196.204670516327   Elapsed: 230.353s (3m 50s)  39% completed  (69% total)
     Speed:     ev/sec=71121.9   simsec/sec=0.21239   ev/simsec=334865
     Messages:  created: 21902788   present: 2219   in FES: 155
** Event #16237568   t=196.662088032389   Elapsed: 232.355s (3m 52s)  39% completed  (69% total)
     Speed:     ev/sec=76703.9   simsec/sec=0.228423   ev/simsec=335798
     Messages:  created: 22116266   present: 2325   in FES: 187
** Event #16391168   t=197.107537900531   Elapsed: 234.355s (3m 54s)  39% completed  (69% total)
     Speed:     ev/sec=76785.8   simsec/sec=0.222684   ev/simsec=344820
     Messages:  created: 22329406   present: 2244   in FES: 153
** Event #16536576   t=197.532727533312   Elapsed: 236.357s (3m 56s)  39% completed  (69% total)
     Speed:     ev/sec=72643.6   simsec/sec=0.212418   ev/simsec=341984
     Messages:  created: 22531088   present: 2232   in FES: 157
** Event #16690688   t=197.987160925188   Elapsed: 238.36s (3m 58s)  39% completed  (69% total)
     Speed:     ev/sec=76939.9   simsec/sec=0.226874   ev/simsec=339130
     Messages:  created: 22745718   present: 2273   in FES: 154
** Event #16834304   t=198.394627485752   Elapsed: 240.361s (4m 00s)  39% completed  (69% total)
     Speed:     ev/sec=71775   simsec/sec=0.20364   ev/simsec=352461
     Messages:  created: 22944632   present: 2298   in FES: 167
** Event #16988416   t=198.846331370866   Elapsed: 242.363s (4m 02s)  39% completed  (69% total)
     Speed:     ev/sec=76965   simsec/sec=0.225585   ev/simsec=341179
     Messages:  created: 23159138   present: 2298   in FES: 164
** Event #17137664   t=199.230115863332   Elapsed: 244.365s (4m 04s)  39% completed  (69% total)
     Speed:     ev/sec=74544.6   simsec/sec=0.191688   ev/simsec=388885
     Messages:  created: 23366129   present: 2230   in FES: 151
** Event #17283072   t=199.680223722444   Elapsed: 246.367s (4m 06s)  39% completed  (69% total)
     Speed:     ev/sec=72648.9   simsec/sec=0.224883   ev/simsec=323051
     Messages:  created: 23568288   present: 2366   in FES: 191
** Event #17436928   t=200.146518741821   Elapsed: 248.368s (4m 08s)  40% completed  (70% total)
     Speed:     ev/sec=76882.3   simsec/sec=0.233009   ev/simsec=329954
     Messages:  created: 23781884   present: 2256   in FES: 154
** Event #17591552   t=200.628655511852   Elapsed: 250.37s (4m 10s)  40% completed  (70% total)
     Speed:     ev/sec=77253.2   simsec/sec=0.240885   ev/simsec=320706
     Messages:  created: 23996460   present: 2196   in FES: 141
** Event #17737472   t=201.078403389186   Elapsed: 252.371s (4m 12s)  40% completed  (70% total)
     Speed:     ev/sec=72898.9   simsec/sec=0.224686   ev/simsec=324448
     Messages:  created: 24198692   present: 2320   in FES: 163
** Event #17891328   t=201.562184785929   Elapsed: 254.372s (4m 14s)  40% completed  (70% total)
     Speed:     ev/sec=76923.4   simsec/sec=0.241876   ev/simsec=318028
     Messages:  created: 24411890   present: 2255   in FES: 143
** Event #18038016   t=202.021262518612   Elapsed: 256.372s (4m 16s)  40% completed  (70% total)
     Speed:     ev/sec=73317.6   simsec/sec=0.229456   ev/simsec=319528
     Messages:  created: 24615964   present: 2305   in FES: 162
** Event #18190848   t=202.465690404503   Elapsed: 258.373s (4m 18s)  40% completed  (70% total)
     Speed:     ev/sec=76368   simsec/sec=0.222074   ev/simsec=343885
     Messages:  created: 24827633   present: 2416   in FES: 191
** Event #18345216   t=202.938267128127   Elapsed: 260.374s (4m 20s)  40% completed  (70% total)
     Speed:     ev/sec=77148.7   simsec/sec=0.23618   ev/simsec=326652
     Messages:  created: 25042248   present: 2271   in FES: 132
** Event #18489856   t=203.375830923774   Elapsed: 262.375s (4m 22s)  40% completed  (70% total)
     Speed:     ev/sec=72289.2   simsec/sec=0.218689   ev/simsec=330558
     Messages:  created: 25242675   present: 2294   in FES: 141
** Event #18639360   t=203.754099422884   Elapsed: 264.378s (4m 24s)  40% completed  (70% total)
     Speed:     ev/sec=74657.8   simsec/sec=0.188896   ev/simsec=395232
     Messages:  created: 25450765   present: 2351   in FES: 155
** Event #18789376   t=204.15052645289   Elapsed: 266.378s (4m 26s)  40% completed  (70% total)
     Speed:     ev/sec=74998.9   simsec/sec=0.198189   ev/simsec=378420
     Messages:  created: 25659031   present: 2349   in FES: 160
** Event #18930944   t=204.573388041548   Elapsed: 268.381s (4m 28s)  40% completed  (70% total)
     Speed:     ev/sec=70672.9   simsec/sec=0.211099   ev/simsec=334786
     Messages:  created: 25855538   present: 2357   in FES: 170
** Event #19082240   t=205.039266723504   Elapsed: 270.384s (4m 30s)  41% completed  (70% total)
     Speed:     ev/sec=75555   simsec/sec=0.232653   ev/simsec=324754
     Messages:  created: 26065832   present: 2362   in FES: 177
** Event #19224576   t=205.443561169388   Elapsed: 272.385s (4m 32s)  41% completed  (70% total)
     Speed:     ev/sec=71136.6   simsec/sec=0.202058   ev/simsec=352060
     Messages:  created: 26262991   present: 2380   in FES: 165
** Event #19374592   t=205.92099481545   Elapsed: 274.385s (4m 34s)  41% completed  (70% total)
     Speed:     ev/sec=74978   simsec/sec=0.238621   ev/simsec=314213
     Messages:  created: 26471518   present: 2360   in FES: 160
** Event #19523328   t=206.359274497744   Elapsed: 276.388s (4m 36s)  41% completed  (70% total)
     Speed:     ev/sec=74275.9   simsec/sec=0.218868   ev/simsec=339363
     Messages:  created: 26677541   present: 2379   in FES: 161
** Event #19663616   t=206.751397206951   Elapsed: 278.389s (4m 38s)  41% completed  (70% total)
     Speed:     ev/sec=70118.8   simsec/sec=0.195991   ev/simsec=357766
     Messages:  created: 26872466   present: 2350   in FES: 169
** Event #19813888   t=207.189797015345   Elapsed: 280.392s (4m 40s)  41% completed  (70% total)
     Speed:     ev/sec=75023.7   simsec/sec=0.218872   ev/simsec=342774
     Messages:  created: 27081062   present: 2378   in FES: 161
** Event #19954944   t=207.608601302896   Elapsed: 282.394s (4m 42s)  41% completed  (70% total)
     Speed:     ev/sec=70456.9   simsec/sec=0.209191   ev/simsec=336806
     Messages:  created: 27276940   present: 2377   in FES: 159
** Event #20105728   t=208.050120429449   Elapsed: 284.396s (4m 44s)  41% completed  (70% total)
     Speed:     ev/sec=75284.8   simsec/sec=0.220446   ev/simsec=341512
     Messages:  created: 27486193   present: 2369   in FES: 168
** Event #20254720   t=208.464282909408   Elapsed: 286.397s (4m 46s)  41% completed  (70% total)
     Speed:     ev/sec=74459.8   simsec/sec=0.206981   ev/simsec=359743
     Messages:  created: 27693170   present: 2388   in FES: 157
** Event #20397056   t=208.886353271542   Elapsed: 288.398s (4m 48s)  41% completed  (70% total)
     Speed:     ev/sec=71132.7   simsec/sec=0.210931   ev/simsec=337233
     Messages:  created: 27891263   present: 2388   in FES: 160
** Event #20546304   t=209.334710378499   Elapsed: 290.4s (4m 50s)  41% completed  (70% total)
     Speed:     ev/sec=74551.5   simsec/sec=0.223961   ev/simsec=332878
     Messages:  created: 28097711   present: 2402   in FES: 161
** Event #20687104   t=209.73697209922   Elapsed: 292.403s (4m 52s)  41% completed  (70% total)
     Speed:     ev/sec=70307.1   simsec/sec=0.200865   ev/simsec=350021
     Messages:  created: 28293434   present: 2478   in FES: 190
** Event #20836352   t=210.177407282152   Elapsed: 294.404s (4m 54s)  42% completed  (71% total)
     Speed:     ev/sec=74571   simsec/sec=0.220061   ev/simsec=338865
     Messages:  created: 28500644   present: 2610   in FES: 210
** Event #20985344   t=210.606260612249   Elapsed: 296.407s (4m 56s)  42% completed  (71% total)
     Speed:     ev/sec=74405.1   simsec/sec=0.214165   ev/simsec=347419
     Messages:  created: 28707467   present: 2436   in FES: 161
** Event #21123584   t=210.994034496522   Elapsed: 298.407s (4m 58s)  42% completed  (71% total)
     Speed:     ev/sec=69110.7   simsec/sec=0.193861   ev/simsec=356496
     Messages:  created: 28899859   present: 2436   in FES: 166
** Event #21273344   t=211.462190947488   Elapsed: 300.409s (5m 00s)  42% completed  (71% total)
     Speed:     ev/sec=74789.4   simsec/sec=0.233795   ev/simsec=319893
     Messages:  created: 29107025   present: 2552   in FES: 189
** Event #21426688   t=211.943852391797   Elapsed: 302.411s (5m 02s)  42% completed  (71% total)
     Speed:     ev/sec=76603.9   simsec/sec=0.240617   ev/simsec=318365
     Messages:  created: 29320312   present: 2410   in FES: 156
** Event #21569024   t=212.34762596737   Elapsed: 304.411s (5m 04s)  42% completed  (71% total)
     Speed:     ev/sec=71166.5   simsec/sec=0.201883   ev/simsec=352514
     Messages:  created: 29517338   present: 2330   in FES: 152
** Event #21721088   t=212.816608310601   Elapsed: 306.412s (5m 06s)  42% completed  (71% total)
     Speed:     ev/sec=75993.1   simsec/sec=0.234371   ev/simsec=324242
     Messages:  created: 29728294   present: 2355   in FES: 164
** Event #21863680   t=213.273383894765   Elapsed: 308.414s (5m 08s)  42% completed  (71% total)
     Speed:     ev/sec=71225.1   simsec/sec=0.228161   ev/simsec=312171
     Messages:  created: 29925630   present: 2365   in FES: 165
** Event #22016768   t=213.791836351154   Elapsed: 310.417s (5m 10s)  42% completed  (71% total)
     Speed:     ev/sec=76428.8   simsec/sec=0.258836   ev/simsec=295279
     Messages:  created: 30137705   present: 2476   in FES: 192
** Event #22168320   t=214.295604611711   Elapsed: 312.421s (5m 12s)  42% completed  (71% total)
     Speed:     ev/sec=75643.8   simsec/sec=0.251445   ev/simsec=300837
     Messages:  created: 30346922   present: 2481   in FES: 187
** Event #22311680   t=214.745158592543   Elapsed: 314.423s (5m 14s)  42% completed  (71% total)
     Speed:     ev/sec=71608.1   simsec/sec=0.224552   ev/simsec=318894
     Messages:  created: 30545964   present: 2402   in FES: 166
** Event #22464000   t=215.209403112699   Elapsed: 316.425s (5m 16s)  43% completed  (71% total)
     Speed:     ev/sec=76075.2   simsec/sec=0.231864   ev/simsec=328103
     Messages:  created: 30756835   present: 2497   in FES: 185
** Event #22617344   t=215.6752756455   Elapsed: 318.427s (5m 18s)  43% completed  (71% total)
     Speed:     ev/sec=76593.6   simsec/sec=0.232698   ev/simsec=329154
     Messages:  created: 30969594   present: 2415   in FES: 150
** Event #22760448   t=216.118783446014   Elapsed: 320.43s (5m 20s)  43% completed  (71% total)
     Speed:     ev/sec=71442.8   simsec/sec=0.221416   ev/simsec=322664
     Messages:  created: 31167771   present: 2367   in FES: 134
** Event #22912000   t=216.627893167453   Elapsed: 322.432s (5m 22s)  43% completed  (71% total)
     Speed:     ev/sec=75720.7   simsec/sec=0.254369   ev/simsec=297680
     Messages:  created: 31377738   present: 2438   in FES: 158
** Event #23065600   t=217.112365546537   Elapsed: 324.433s (5m 24s)  43% completed  (71% total)
     Speed:     ev/sec=76754.5   simsec/sec=0.242093   ev/simsec=317046
     Messages:  created: 31590548   present: 2456   in FES: 160
** Event #23209728   t=217.563336141448   Elapsed: 326.434s (5m 26s)  43% completed  (71% total)
     Speed:     ev/sec=72016   simsec/sec=0.225335   ev/simsec=319595
     Messages:  created: 31790245   present: 2442   in FES: 145
** Event #23362816   t=218.023764713747   Elapsed: 328.435s (5m 28s)  43% completed  (71% total)
     Speed:     ev/sec=76519.7   simsec/sec=0.230141   ev/simsec=332490
     Messages:  created: 32002819   present: 2476   in FES: 159
** Event #23511296   t=218.458370606863   Elapsed: 330.506s (5m 30s)  43% completed  (71% total)
     Speed:     ev/sec=71686.2   simsec/sec=0.209828   ev/simsec=341643
     Messages:  created: 32208351   present: 2484   in FES: 163
** Event #23663616   t=218.906371178821   Elapsed: 332.509s (5m 32s)  43% completed  (71% total)
     Speed:     ev/sec=76035.4   simsec/sec=0.223634   ev/simsec=340000
     Messages:  created: 32420120   present: 2548   in FES: 157
** Event #23818240   t=219.427080882829   Elapsed: 334.511s (5m 34s)  43% completed  (71% total)
     Speed:     ev/sec=77259.2   simsec/sec=0.260177   ev/simsec=296949
     Messages:  created: 32633502   present: 2473   in FES: 159
** Event #23962368   t=221.348241302006   Elapsed: 336.512s (5m 36s)  44% completed  (72% total)
     Speed:     ev/sec=72030.6   simsec/sec=0.960136   ev/simsec=75021.3
     Messages:  created: 32826035   present: 2533   in FES: 168
** Event #24116736   t=223.398947690366   Elapsed: 338.512s (5m 38s)  44% completed  (72% total)
     Speed:     ev/sec=77159.8   simsec/sec=1.02503   ev/simsec=75275.5
     Messages:  created: 33031989   present: 2548   in FES: 157
** Event #24273408   t=224.531494187495   Elapsed: 340.515s (5m 40s)  44% completed  (72% total)
     Speed:     ev/sec=78246.1   simsec/sec=0.565623   ev/simsec=138336
     Messages:  created: 33245707   present: 2442   in FES: 156
** Event #24420864   t=226.602915086585   Elapsed: 342.517s (5m 42s)  45% completed  (72% total)
     Speed:     ev/sec=73653.5   simsec/sec=1.03466   ev/simsec=71185.9
     Messages:  created: 33442548   present: 2415   in FES: 141
** Event #24577792   t=229.01109774061   Elapsed: 344.519s (5m 44s)  45% completed  (72% total)
     Speed:     ev/sec=78376.5   simsec/sec=1.20275   ev/simsec=65164.5
     Messages:  created: 33651527   present: 2503   in FES: 147
** Event #24734720   t=231.302168792885   Elapsed: 346.519s (5m 46s)  46% completed  (73% total)
     Speed:     ev/sec=78455.2   simsec/sec=1.14541   ev/simsec=68495.5
     Messages:  created: 33859843   present: 2554   in FES: 155
** Event #24882944   t=233.302719006777   Elapsed: 348.521s (5m 48s)  46% completed  (73% total)
     Speed:     ev/sec=74047.7   simsec/sec=0.999407   ev/simsec=74091.6
     Messages:  created: 34056557   present: 2226   in FES: 163
** Event #25038592   t=233.888061220607   Elapsed: 350.521s (5m 50s)  46% completed  (73% total)
     Speed:     ev/sec=77804.7   simsec/sec=0.292599   ev/simsec=265909
     Messages:  created: 34271367   present: 2103   in FES: 160
** Event #25186304   t=235.371555322246   Elapsed: 352.524s (5m 52s)  47% completed  (73% total)
     Speed:     ev/sec=73762.4   simsec/sec=0.740807   ev/simsec=99570.3
     Messages:  created: 34470219   present: 1998   in FES: 145
** Event #25339904   t=236.511885102241   Elapsed: 354.525s (5m 54s)  47% completed  (73% total)
     Speed:     ev/sec=76771.4   simsec/sec=0.569953   ev/simsec=134698
     Messages:  created: 34679300   present: 2189   in FES: 187
** Event #25492224   t=237.048716386047   Elapsed: 356.525s (5m 56s)  47% completed  (73% total)
     Speed:     ev/sec=76135   simsec/sec=0.268327   ev/simsec=283739
     Messages:  created: 34889528   present: 2090   in FES: 143
** Event #25620224   t=237.535996329529   Elapsed: 358.529s (5m 58s)  47% completed  (73% total)
     Speed:     ev/sec=63886.4   simsec/sec=0.243207   ev/simsec=262683
     Messages:  created: 35065979   present: 2053   in FES: 130
** Event #25756672   t=238.014365226754   Elapsed: 360.531s (6m 00s)  47% completed  (73% total)
     Speed:     ev/sec=68159.2   simsec/sec=0.238957   ev/simsec=285236
     Messages:  created: 35254884   present: 2058   in FES: 135
** Event #25903616   t=238.550392786323   Elapsed: 362.533s (6m 02s)  47% completed  (73% total)
     Speed:     ev/sec=73374.9   simsec/sec=0.26766   ev/simsec=274135
     Messages:  created: 35457259   present: 2096   in FES: 140
** Event #26045696   t=239.073584141323   Elapsed: 364.536s (6m 04s)  47% completed  (73% total)
     Speed:     ev/sec=70930.1   simsec/sec=0.261191   ev/simsec=271564
     Messages:  created: 35653595   present: 2092   in FES: 134
** Event #26194432   t=239.575576800043   Elapsed: 366.539s (6m 06s)  47% completed  (73% total)
     Speed:     ev/sec=74253.2   simsec/sec=0.250609   ev/simsec=296291
     Messages:  created: 35858611   present: 2146   in FES: 154
** Event #26332416   t=240.080377479939   Elapsed: 368.542s (6m 08s)  48% completed  (74% total)
     Speed:     ev/sec=68907.2   simsec/sec=0.25209   ev/simsec=273344
     Messages:  created: 36049335   present: 2131   in FES: 165
** Event #26465792   t=240.540512973893   Elapsed: 370.542s (6m 10s)  48% completed  (74% total)
     Speed:     ev/sec=66673.3   simsec/sec=0.230017   ev/simsec=289862
     Messages:  created: 36233279   present: 2167   in FES: 165
** Event #26611200   t=241.048111271277   Elapsed: 372.544s (6m 12s)  48% completed  (74% total)
     Speed:     ev/sec=72641.7   simsec/sec=0.253582   ev/simsec=286463
     Messages:  created: 36434670   present: 2163   in FES: 169
** Event #26747136   t=241.541039546607   Elapsed: 374.546s (6m 14s)  48% completed  (74% total)
     Speed:     ev/sec=67896.8   simsec/sec=0.246206   ev/simsec=275772
     Messages:  created: 36622183   present: 2202   in FES: 169
** Event #26898944   t=242.087947685494   Elapsed: 376.547s (6m 16s)  48% completed  (74% total)
     Speed:     ev/sec=75890   simsec/sec=0.273404   ev/simsec=277575
     Messages:  created: 36832390   present: 2116   in FES: 134
** Event #27049728   t=242.629816656686   Elapsed: 378.547s (6m 18s)  48% completed  (74% total)
     Speed:     ev/sec=75361   simsec/sec=0.270823   ev/simsec=278267
     Messages:  created: 37040430   present: 2198   in FES: 158
** Event #27191552   t=243.137017126575   Elapsed: 380.55s (6m 20s)  48% completed  (74% total)
     Speed:     ev/sec=70830.6   simsec/sec=0.253309   ev/simsec=279621
     Messages:  created: 37236028   present: 2210   in FES: 167
** Event #27344896   t=243.714966633045   Elapsed: 382.552s (6m 22s)  48% completed  (74% total)
     Speed:     ev/sec=76569.1   simsec/sec=0.288587   ev/simsec=265324
     Messages:  created: 37447881   present: 2236   in FES: 166
** Event #27490560   t=244.281841646832   Elapsed: 384.553s (6m 24s)  48% completed  (74% total)
     Speed:     ev/sec=72824.8   simsec/sec=0.28341   ev/simsec=256960
     Messages:  created: 37648635   present: 2161   in FES: 133
** Event #27646208   t=244.838800510485   Elapsed: 386.554s (6m 26s)  48% completed  (74% total)
     Speed:     ev/sec=77770.5   simsec/sec=0.278288   ev/simsec=279460
     Messages:  created: 37863935   present: 2229   in FES: 168
** Event #27799040   t=245.397100926747   Elapsed: 388.557s (6m 28s)  49% completed  (74% total)
     Speed:     ev/sec=76293.9   simsec/sec=0.278704   ev/simsec=273745
     Messages:  created: 38074461   present: 2188   in FES: 141
** Event #27941888   t=245.9084851706   Elapsed: 390.559s (6m 30s)  49% completed  (74% total)
     Speed:     ev/sec=71352.1   simsec/sec=0.255435   ev/simsec=279336
     Messages:  created: 38271898   present: 2273   in FES: 160
** Event #28096256   t=246.464097414941   Elapsed: 392.562s (6m 32s)  49% completed  (74% total)
     Speed:     ev/sec=77081.8   simsec/sec=0.277438   ev/simsec=277834
     Messages:  created: 38484768   present: 2225   in FES: 145
** Event #28239872   t=246.965846963789   Elapsed: 394.564s (6m 34s)  49% completed  (74% total)
     Speed:     ev/sec=71744.5   simsec/sec=0.250653   ev/simsec=286230
     Messages:  created: 38683574   present: 2250   in FES: 148
** Event #28392704   t=247.523761165461   Elapsed: 396.566s (6m 36s)  49% completed  (74% total)
     Speed:     ev/sec=76324.9   simsec/sec=0.278625   ev/simsec=273935
     Messages:  created: 38894075   present: 2182   in FES: 130
** Event #28542208   t=248.058960337326   Elapsed: 398.567s (6m 38s)  49% completed  (74% total)
     Speed:     ev/sec=74729.5   simsec/sec=0.267519   ev/simsec=279343
     Messages:  created: 39100565   present: 2249   in FES: 156
** Event #28685568   t=248.565573326289   Elapsed: 400.568s (6m 40s)  49% completed  (74% total)
     Speed:     ev/sec=71621.8   simsec/sec=0.253101   ev/simsec=282977
     Messages:  created: 39298003   present: 2175   in FES: 133
** Event #28835840   t=249.07089763313   Elapsed: 402.569s (6m 42s)  49% completed  (74% total)
     Speed:     ev/sec=75099.9   simsec/sec=0.252541   ev/simsec=297377
     Messages:  created: 39505302   present: 2260   in FES: 158
** Event #28979968   t=249.606602305321   Elapsed: 404.571s (6m 44s)  49% completed  (74% total)
     Speed:     ev/sec=72014.4   simsec/sec=0.267668   ev/simsec=269044
     Messages:  created: 39703871   present: 2180   in FES: 130
** Event #29134336   t=250.131052346174   Elapsed: 406.573s (6m 46s)  50% completed  (75% total)
     Speed:     ev/sec=77088.3   simsec/sec=0.2619   ev/simsec=294343
     Messages:  created: 39916858   present: 2216   in FES: 138
** Event #29285120   t=250.617585175221   Elapsed: 408.576s (6m 48s)  50% completed  (75% total)
     Speed:     ev/sec=75266.8   simsec/sec=0.242862   ev/simsec=309915
     Messages:  created: 40125018   present: 2205   in FES: 164
** Event #29430528   t=251.085881365608   Elapsed: 410.579s (6m 50s)  50% completed  (75% total)
     Speed:     ev/sec=72600.2   simsec/sec=0.233814   ev/simsec=310504
     Messages:  created: 40325923   present: 2178   in FES: 160
** Event #29573120   t=251.59619483891   Elapsed: 412.58s (6m 52s)  50% completed  (75% total)
     Speed:     ev/sec=71285.1   simsec/sec=0.255118   ev/simsec=279420
     Messages:  created: 40522732   present: 2183   in FES: 162
** Event #29722624   t=252.070770526567   Elapsed: 414.58s (6m 54s)  50% completed  (75% total)
     Speed:     ev/sec=74735.9   simsec/sec=0.237237   ev/simsec=315027
     Messages:  created: 40729731   present: 2199   in FES: 152
** Event #29867264   t=252.605136728192   Elapsed: 416.583s (6m 56s)  50% completed  (75% total)
     Speed:     ev/sec=72213.2   simsec/sec=0.266789   ev/simsec=270676
     Messages:  created: 40929028   present: 2233   in FES: 161
** Event #30017792   t=253.110787985704   Elapsed: 418.585s (6m 58s)  50% completed  (75% total)
     Speed:     ev/sec=75201   simsec/sec=0.252614   ev/simsec=297691
     Messages:  created: 41136703   present: 2315   in FES: 189
** Event #30163200   t=253.613148589819   Elapsed: 420.594s (7m 00s)  50% completed  (75% total)
     Speed:     ev/sec=72370.5   simsec/sec=0.250028   ev/simsec=289449
     Messages:  created: 41337548   present: 2175   in FES: 134
** Event #30318080   t=254.146933200084   Elapsed: 422.596s (7m 02s)  50% completed  (75% total)
     Speed:     ev/sec=77340.1   simsec/sec=0.266548   ev/simsec=290154
     Messages:  created: 41551840   present: 2272   in FES: 161
** Event #30471680   t=254.664910497542   Elapsed: 424.6s (7m 04s)  50% completed  (75% total)
     Speed:     ev/sec=76671.1   simsec/sec=0.258554   ev/simsec=296538
     Messages:  created: 41764057   present: 2378   in FES: 187
** Event #30617600   t=255.162455024464   Elapsed: 426.601s (7m 06s)  51% completed  (75% total)
     Speed:     ev/sec=72906   simsec/sec=0.248588   ev/simsec=293280
     Messages:  created: 41966007   present: 2219   in FES: 160
** Event #30769408   t=255.68315987369   Elapsed: 428.604s (7m 08s)  51% completed  (75% total)
     Speed:     ev/sec=75802.1   simsec/sec=0.260003   ev/simsec=291543
     Messages:  created: 42175658   present: 2311   in FES: 189
** Event #30923776   t=256.193017790963   Elapsed: 430.607s (7m 10s)  51% completed  (75% total)
     Speed:     ev/sec=77050.2   simsec/sec=0.254487   ev/simsec=302767
     Messages:  created: 42389317   present: 2208   in FES: 164
** Event #31065856   t=256.678318171618   Elapsed: 432.609s (7m 12s)  51% completed  (75% total)
     Speed:     ev/sec=70965.2   simsec/sec=0.242395   ev/simsec=292767
     Messages:  created: 42585427   present: 2246   in FES: 172
** Event #31219968   t=257.24214005282   Elapsed: 434.611s (7m 14s)  51% completed  (75% total)
     Speed:     ev/sec=76983.9   simsec/sec=0.281647   ev/simsec=273335
     Messages:  created: 42798007   present: 2258   in FES: 166
** Event #31363072   t=257.713883839055   Elapsed: 436.613s (7m 16s)  51% completed  (75% total)
     Speed:     ev/sec=71482.7   simsec/sec=0.235644   ev/simsec=303351
     Messages:  created: 42995497   present: 2248   in FES: 166
** Event #31513856   t=258.198558111527   Elapsed: 438.615s (7m 18s)  51% completed  (75% total)
     Speed:     ev/sec=75310.8   simsec/sec=0.242076   ev/simsec=311104
     Messages:  created: 43203200   present: 2249   in FES: 163
** Event #31663872   t=258.667111328359   Elapsed: 440.616s (7m 20s)  51% completed  (75% total)
     Speed:     ev/sec=74991   simsec/sec=0.234224   ev/simsec=320169
     Messages:  created: 43410122   present: 2251   in FES: 162
** Event #31810560   t=259.194094153536   Elapsed: 442.617s (7m 22s)  51% completed  (75% total)
     Speed:     ev/sec=73307.2   simsec/sec=0.263359   ev/simsec=278354
     Messages:  created: 43612595   present: 2331   in FES: 190
** Event #31964928   t=259.751619493687   Elapsed: 444.617s (7m 24s)  51% completed  (75% total)
     Speed:     ev/sec=77169.5   simsec/sec=0.27871   ev/simsec=276881
     Messages:  created: 43825517   present: 2201   in FES: 129
** Event #32110336   t=260.259434946358   Elapsed: 446.618s (7m 26s)  52% completed  (76% total)
     Speed:     ev/sec=72678.4   simsec/sec=0.253818   ev/simsec=286340
     Messages:  created: 44025660   present: 2263   in FES: 156
** Event #32263936   t=260.804581463916   Elapsed: 448.619s (7m 28s)  52% completed  (76% total)
     Speed:     ev/sec=76749.3   simsec/sec=0.272393   ev/simsec=281759
     Messages:  created: 44237778   present: 2311   in FES: 161
** Event #32419072   t=261.30439884369   Elapsed: 450.62s (7m 30s)  52% completed  (76% total)
     Speed:     ev/sec=77532.1   simsec/sec=0.249793   ev/simsec=310385
     Messages:  created: 44452079   present: 2340   in FES: 165
** Event #32566272   t=261.765492082346   Elapsed: 452.622s (7m 32s)  52% completed  (76% total)
     Speed:     ev/sec=73534.5   simsec/sec=0.230342   ev/simsec=319241
     Messages:  created: 44656113   present: 2308   in FES: 165
** Event #32719872   t=262.267941561198   Elapsed: 454.624s (7m 34s)  52% completed  (76% total)
     Speed:     ev/sec=76735.7   simsec/sec=0.251014   ev/simsec=305702
     Messages:  created: 44867884   present: 2237   in FES: 160
** Event #32872704   t=262.783393639118   Elapsed: 456.625s (7m 36s)  52% completed  (76% total)
     Speed:     ev/sec=76369.7   simsec/sec=0.25757   ev/simsec=296501
     Messages:  created: 45078831   present: 2258   in FES: 161
** Event #33018368   t=263.282775174381   Elapsed: 458.627s (7m 38s)  52% completed  (76% total)
     Speed:     ev/sec=72763.6   simsec/sec=0.249456   ev/simsec=291689
     Messages:  created: 45279678   present: 2267   in FES: 160
** Event #33172224   t=263.828744331027   Elapsed: 460.627s (7m 40s)  52% completed  (76% total)
     Speed:     ev/sec=76911.4   simsec/sec=0.272926   ev/simsec=281803
     Messages:  created: 45492044   present: 2173   in FES: 137
** Event #33315328   t=264.344922286944   Elapsed: 462.63s (7m 42s)  52% completed  (76% total)
     Speed:     ev/sec=71468.1   simsec/sec=0.257786   ev/simsec=277238
     Messages:  created: 45689331   present: 2213   in FES: 142
** Event #33467648   t=264.85343829123   Elapsed: 464.63s (7m 44s)  52% completed  (76% total)
     Speed:     ev/sec=76151.2   simsec/sec=0.254229   ev/simsec=299538
     Messages:  created: 45899830   present: 2276   in FES: 157
** Event #33620736   t=265.379157561448   Elapsed: 466.631s (7m 46s)  53% completed  (76% total)
     Speed:     ev/sec=76490.6   simsec/sec=0.262676   ev/simsec=291197
     Messages:  created: 46110660   present: 2364   in FES: 186
** Event #33764864   t=265.862538797478   Elapsed: 468.633s (7m 48s)  53% completed  (76% total)
     Speed:     ev/sec=72001.3   simsec/sec=0.24148   ev/simsec=298166
     Messages:  created: 46309886   present: 2260   in FES: 151
** Event #33913600   t=266.381101211764   Elapsed: 470.635s (7m 50s)  53% completed  (76% total)
     Speed:     ev/sec=74294.5   simsec/sec=0.259025   ev/simsec=286824
     Messages:  created: 46514639   present: 2325   in FES: 167
** Event #34056448   t=266.895778119829   Elapsed: 472.638s (7m 52s)  53% completed  (76% total)
     Speed:     ev/sec=71312.2   simsec/sec=0.256936   ev/simsec=277549
     Messages:  created: 46711922   present: 2294   in FES: 148
** Event #34208000   t=267.423563386681   Elapsed: 474.639s (7m 54s)  53% completed  (76% total)
     Speed:     ev/sec=75731.2   simsec/sec=0.263737   ev/simsec=287147
     Messages:  created: 46920816   present: 2393   in FES: 191
** Event #34361344   t=267.966226895577   Elapsed: 476.642s (7m 56s)  53% completed  (76% total)
     Speed:     ev/sec=76562.2   simsec/sec=0.270943   ev/simsec=282577
     Messages:  created: 47132926   present: 2392   in FES: 191
** Event #34505216   t=268.476995595095   Elapsed: 478.643s (7m 58s)  53% completed  (76% total)
     Speed:     ev/sec=71897   simsec/sec=0.255246   ev/simsec=281677
     Messages:  created: 47330845   present: 2270   in FES: 158
** Event #34659072   t=269.027848703614   Elapsed: 480.646s (8m 00s)  53% completed  (76% total)
     Speed:     ev/sec=76819.6   simsec/sec=0.275038   ev/simsec=279305
     Messages:  created: 47543490   present: 2298   in FES: 164
** Event #34808576   t=269.535877532482   Elapsed: 482.749s (8m 02s)  53% completed  (76% total)
     Speed:     ev/sec=71102.5   simsec/sec=0.241613   ev/simsec=294283
     Messages:  created: 47749539   present: 2229   in FES: 136
** Event #34963968   t=270.039756284668   Elapsed: 484.751s (8m 04s)  54% completed  (77% total)
     Speed:     ev/sec=77595.4   simsec/sec=0.251613   ev/simsec=308392
     Messages:  created: 47964958   present: 2277   in FES: 160
** Event #35117824   t=270.553979694591   Elapsed: 486.752s (8m 06s)  54% completed  (77% total)
     Speed:     ev/sec=76886.8   simsec/sec=0.256974   ev/simsec=299201
     Messages:  created: 48177046   present: 2366   in FES: 188
** Event #35265536   t=271.064467585813   Elapsed: 488.752s (8m 08s)  54% completed  (77% total)
     Speed:     ev/sec=73852.9   simsec/sec=0.255233   ev/simsec=289355
     Messages:  created: 48381455   present: 2259   in FES: 159
** Event #35418880   t=271.623666686636   Elapsed: 490.755s (8m 10s)  54% completed  (77% total)
     Speed:     ev/sec=76556.4   simsec/sec=0.279178   ev/simsec=274221
     Messages:  created: 48593074   present: 2262   in FES: 162
** Event #35575296   t=272.206056430891   Elapsed: 492.756s (8m 12s)  54% completed  (77% total)
     Speed:     ev/sec=78196   simsec/sec=0.29115   ev/simsec=268576
     Messages:  created: 48808781   present: 2237   in FES: 151
** Event #35719936   t=272.69290172761   Elapsed: 494.756s (8m 14s)  54% completed  (77% total)
     Speed:     ev/sec=72306.6   simsec/sec=0.243377   ev/simsec=297096
     Messages:  created: 49008678   present: 2373   in FES: 189
** Event #35875072   t=273.242014914821   Elapsed: 496.758s (8m 16s)  54% completed  (77% total)
     Speed:     ev/sec=77500.8   simsec/sec=0.274319   ev/simsec=282521
     Messages:  created: 49222701   present: 2285   in FES: 158
** Event #36020992   t=273.777654767811   Elapsed: 498.76s (8m 18s)  54% completed  (77% total)
     Speed:     ev/sec=72897.6   simsec/sec=0.267591   ev/simsec=272422
     Messages:  created: 49424283   present: 2316   in FES: 159
** Event #36176896   t=274.344990832832   Elapsed: 500.762s (8m 20s)  54% completed  (77% total)
     Speed:     ev/sec=77847.6   simsec/sec=0.283288   ev/simsec=274800
     Messages:  created: 49639085   present: 2237   in FES: 132
** Event #36331520   t=274.884759340787   Elapsed: 502.763s (8m 22s)  54% completed  (77% total)
     Speed:     ev/sec=77284   simsec/sec=0.269787   ev/simsec=286464
     Messages:  created: 49852980   present: 2256   in FES: 158
** Event #36473088   t=275.388696222862   Elapsed: 504.766s (8m 24s)  55% completed  (77% total)
     Speed:     ev/sec=70674.9   simsec/sec=0.25158   ev/simsec=280924
     Messages:  created: 50048170   present: 2260   in FES: 153
** Event #36634880   t=275.98745240021   Elapsed: 506.767s (8m 26s)  55% completed  (77% total)
     Speed:     ev/sec=80851.9   simsec/sec=0.299215   ev/simsec=270213
     Messages:  created: 50272340   present: 2233   in FES: 161
** Event #36795648   t=276.633721612697   Elapsed: 508.77s (8m 28s)  55% completed  (77% total)
     Speed:     ev/sec=80280.3   simsec/sec=0.322718   ev/simsec=248763
     Messages:  created: 50493900   present: 2202   in FES: 155
** Event #36947456   t=277.156013321463   Elapsed: 510.771s (8m 30s)  55% completed  (77% total)
     Speed:     ev/sec=75862.4   simsec/sec=0.261003   ev/simsec=290657
     Messages:  created: 50703692   present: 2171   in FES: 159
** Event #37103616   t=278.530570837135   Elapsed: 512.773s (8m 32s)  55% completed  (77% total)
     Speed:     ev/sec=77983.3   simsec/sec=0.686428   ev/simsec=113607
     Messages:  created: 50915910   present: 2059   in FES: 162
** Event #37260800   t=280.407537049517   Elapsed: 514.775s (8m 34s)  56% completed  (78% total)
     Speed:     ev/sec=78532.1   simsec/sec=0.937768   ev/simsec=83743.6
     Messages:  created: 51127716   present: 2051   in FES: 156
** Event #37409792   t=282.209485978834   Elapsed: 516.776s (8m 36s)  56% completed  (78% total)
     Speed:     ev/sec=74440.1   simsec/sec=0.900298   ev/simsec=82683.8
     Messages:  created: 51328571   present: 2028   in FES: 154
** Event #37565696   t=284.292780711781   Elapsed: 518.779s (8m 38s)  56% completed  (78% total)
     Speed:     ev/sec=77837.4   simsec/sec=1.04012   ev/simsec=74835.3
     Messages:  created: 51537648   present: 2037   in FES: 157
** Event #37721856   t=286.355493062125   Elapsed: 520.781s (8m 40s)  57% completed  (78% total)
     Speed:     ev/sec=78021   simsec/sec=1.03058   ev/simsec=75706.1
     Messages:  created: 51747537   present: 2013   in FES: 165
** Event #37870336   t=288.397840843457   Elapsed: 522.781s (8m 42s)  57% completed  (78% total)
     Speed:     ev/sec=74227.6   simsec/sec=1.021   ev/simsec=72700.6
     Messages:  created: 51946407   present: 1955   in FES: 131
** Event #38026240   t=290.455607912581   Elapsed: 524.783s (8m 44s)  58% completed  (79% total)
     Speed:     ev/sec=77884.2   simsec/sec=1.02799   ev/simsec=75763.7
     Messages:  created: 52155390   present: 2007   in FES: 155
** Event #38172416   t=292.486832011881   Elapsed: 526.784s (8m 46s)  58% completed  (79% total)
     Speed:     ev/sec=73039.4   simsec/sec=1.01494   ev/simsec=71964.5
     Messages:  created: 52350643   present: 2007   in FES: 155
** Event #38328320   t=294.66110127616   Elapsed: 528.787s (8m 48s)  58% completed  (79% total)
     Speed:     ev/sec=77832.1   simsec/sec=1.08546   ev/simsec=71704.1
     Messages:  created: 52559013   present: 1996   in FES: 156
** Event #38483968   t=296.995015545714   Elapsed: 530.788s (8m 50s)  59% completed  (79% total)
     Speed:     ev/sec=77788.7   simsec/sec=1.16643   ev/simsec=66689.7
     Messages:  created: 52766374   present: 1941   in FES: 137
** Event #38630656   t=299.023623575422   Elapsed: 532.791s (8m 52s)  59% completed  (79% total)
     Speed:     ev/sec=73228.3   simsec/sec=1.0127   ev/simsec=72309.7
     Messages:  created: 52961742   present: 1956   in FES: 134
** Event #38787328   t=301.046950728366   Elapsed: 534.794s (8m 54s)  60% completed  (80% total)
     Speed:     ev/sec=78247.7   simsec/sec=1.01052   ev/simsec=77432.9
     Messages:  created: 53171020   present: 2164   in FES: 179
** Event #38935296   t=303.030486389772   Elapsed: 536.797s (8m 56s)  60% completed  (80% total)
     Speed:     ev/sec=73869.3   simsec/sec=0.99023   ev/simsec=74598.1
     Messages:  created: 53368960   present: 2096   in FES: 175
** Event #39090688   t=305.046952867893   Elapsed: 538.8s (8m 58s)  61% completed  (80% total)
     Speed:     ev/sec=77582.5   simsec/sec=1.00676   ev/simsec=77061.5
     Messages:  created: 53576778   present: 2126   in FES: 168
** Event #39246592   t=307.055784076382   Elapsed: 540.803s (9m 00s)  61% completed  (80% total)
     Speed:     ev/sec=77838.8   simsec/sec=1.00296   ev/simsec=77609.3
     Messages:  created: 53784965   present: 1956   in FES: 128
** Event #39388928   t=308.710435111112   Elapsed: 542.803s (9m 02s)  61% completed  (80% total)
     Speed:     ev/sec=71158.5   simsec/sec=0.827215   ev/simsec=86021.8
     Messages:  created: 53975793   present: 2027   in FES: 157
** Event #39546624   t=310.761051937854   Elapsed: 544.805s (9m 04s)  62% completed  (81% total)
     Speed:     ev/sec=78759.7   simsec/sec=1.02416   ev/simsec=76901.7
     Messages:  created: 54187174   present: 1982   in FES: 150
** Event #39704064   t=312.772172509091   Elapsed: 546.805s (9m 06s)  62% completed  (81% total)
     Speed:     ev/sec=78713.4   simsec/sec=1.00548   ev/simsec=78284.7
     Messages:  created: 54398115   present: 2116   in FES: 185
** Event #39851520   t=314.676477946848   Elapsed: 548.807s (9m 08s)  62% completed  (81% total)
     Speed:     ev/sec=73656.2   simsec/sec=0.951226   ev/simsec=77433
     Messages:  created: 54595194   present: 2006   in FES: 157
** Event #40008448   t=316.769866198389   Elapsed: 550.808s (9m 10s)  63% completed  (81% total)
     Speed:     ev/sec=78418.4   simsec/sec=1.04609   ev/simsec=74963.6
     Messages:  created: 54805074   present: 2029   in FES: 156
** Event #40155904   t=318.801717166016   Elapsed: 552.81s (9m 12s)  63% completed  (81% total)
     Speed:     ev/sec=73675   simsec/sec=1.01519   ev/simsec=72572.3
     Messages:  created: 55001731   present: 2001   in FES: 158
** Event #40313600   t=321.135119059843   Elapsed: 554.812s (9m 14s)  64% completed  (82% total)
     Speed:     ev/sec=78771   simsec/sec=1.16556   ev/simsec=67582
     Messages:  created: 55210217   present: 1939   in FES: 129
** Event #40470784   t=323.453396767063   Elapsed: 556.812s (9m 16s)  64% completed  (82% total)
     Speed:     ev/sec=78586.5   simsec/sec=1.15906   ev/simsec=67802.1
     Messages:  created: 55418261   present: 1993   in FES: 151
** Event #40618240   t=325.416584710898   Elapsed: 558.813s (9m 18s)  65% completed  (82% total)
     Speed:     ev/sec=73693.1   simsec/sec=0.981129   ev/simsec=75110.5
     Messages:  created: 55614399   present: 1971   in FES: 130
** Event #40775936   t=327.491961030169   Elapsed: 560.814s (9m 20s)  65% completed  (82% total)
     Speed:     ev/sec=78803.5   simsec/sec=1.0371   ev/simsec=75984.3
     Messages:  created: 55824862   present: 1943   in FES: 127
** Event #40930304   t=329.938541190599   Elapsed: 562.905s (9m 22s)  65% completed  (82% total)
     Speed:     ev/sec=73814.8   simsec/sec=1.16989   ev/simsec=63095.4
     Messages:  created: 56029405   present: 2018   in FES: 150
** Event #41086720   t=332.306402713866   Elapsed: 564.908s (9m 24s)  66% completed  (83% total)
     Speed:     ev/sec=78088.4   simsec/sec=1.18212   ev/simsec=66057.9
     Messages:  created: 56235307   present: 1964   in FES: 125
** Event #41243136   t=334.745502407513   Elapsed: 566.909s (9m 26s)  66% completed  (83% total)
     Speed:     ev/sec=78171.8   simsec/sec=1.21898   ev/simsec=64128.6
     Messages:  created: 56442386   present: 2047   in FES: 154
** Event #41389824   t=337.028411207805   Elapsed: 568.91s (9m 28s)  67% completed  (83% total)
     Speed:     ev/sec=73328   simsec/sec=1.14121   ev/simsec=64254.9
     Messages:  created: 56636198   present: 2033   in FES: 136
** Event #41544704   t=339.396194221665   Elapsed: 570.91s (9m 30s)  67% completed  (83% total)
     Speed:     ev/sec=77437.7   simsec/sec=1.18386   ev/simsec=65411.4
     Messages:  created: 56839929   present: 2083   in FES: 166
** Event #41692928   t=341.708515709589   Elapsed: 572.912s (9m 32s)  68% completed  (84% total)
     Speed:     ev/sec=74040.7   simsec/sec=1.15505   ev/simsec=64101.8
     Messages:  created: 57035587   present: 2024   in FES: 132
** Event #41850368   t=344.203172299545   Elapsed: 574.915s (9m 34s)  68% completed  (84% total)
     Speed:     ev/sec=78598.2   simsec/sec=1.2454   ev/simsec=63110.9
     Messages:  created: 57242559   present: 2028   in FES: 128
** Event #42007040   t=346.7   Elapsed: 576.916s (9m 36s)  69% completed  (84% total)
     Speed:     ev/sec=78297.5   simsec/sec=1.2478   ev/simsec=62748.4
     Messages:  created: 57449205   present: 2026   in FES: 123
** Event #42154752   t=349.045773182253   Elapsed: 578.916s (9m 38s)  69% completed  (84% total)
     Speed:     ev/sec=73853.6   simsec/sec=1.17285   ev/simsec=62969.4
     Messages:  created: 57644150   present: 2240   in FES: 187
** Event #42311424   t=351.459264279412   Elapsed: 580.919s (9m 40s)  70% completed  (85% total)
     Speed:     ev/sec=78216.9   simsec/sec=1.20491   ev/simsec=64915.1
     Messages:  created: 57850033   present: 2245   in FES: 188
** Event #42460416   t=353.854676741728   Elapsed: 582.921s (9m 42s)  70% completed  (85% total)
     Speed:     ev/sec=74428.3   simsec/sec=1.19662   ev/simsec=62198.9
     Messages:  created: 58046065   present: 2079   in FES: 134
** Event #42618368   t=356.313628166179   Elapsed: 584.922s (9m 44s)  71% completed  (85% total)
     Speed:     ev/sec=78913.8   simsec/sec=1.22851   ev/simsec=64235.5
     Messages:  created: 58253751   present: 2156   in FES: 156
** Event #42769408   t=358.710965596964   Elapsed: 586.955s (9m 46s)  71% completed  (85% total)
     Speed:     ev/sec=74318.5   simsec/sec=1.1796   ev/simsec=63003.2
     Messages:  created: 58453049   present: 2187   in FES: 159
** Event #42925056   t=361.211737615487   Elapsed: 588.956s (9m 48s)  72% completed  (86% total)
     Speed:     ev/sec=77786.2   simsec/sec=1.24978   ev/simsec=62240
     Messages:  created: 58657365   present: 2167   in FES: 148
** Event #43079936   t=363.55173672476   Elapsed: 590.958s (9m 50s)  72% completed  (86% total)
     Speed:     ev/sec=77350.5   simsec/sec=1.16865   ev/simsec=66188.1
     Messages:  created: 58861622   present: 2157   in FES: 149
** Event #43227904   t=365.780932475231   Elapsed: 592.961s (9m 52s)  73% completed  (86% total)
     Speed:     ev/sec=73873.7   simsec/sec=1.11294   ev/simsec=66377.3
     Messages:  created: 59057495   present: 2183   in FES: 162
** Event #43386112   t=368.143219134497   Elapsed: 594.963s (9m 54s)  73% completed  (86% total)
     Speed:     ev/sec=79034.3   simsec/sec=1.1801   ev/simsec=66972.4
     Messages:  created: 59265887   present: 2118   in FES: 136
** Event #43533824   t=370.395375830062   Elapsed: 596.963s (9m 56s)  74% completed  (87% total)
     Speed:     ev/sec=73844.3   simsec/sec=1.1259   ev/simsec=65586.9
     Messages:  created: 59461046   present: 2191   in FES: 161
** Event #43690752   t=372.878357694664   Elapsed: 598.965s (9m 58s)  74% completed  (87% total)
     Speed:     ev/sec=78384.2   simsec/sec=1.24023   ev/simsec=63201.4
     Messages:  created: 59668758   present: 2168   in FES: 158
** Event #43847680   t=375.319535026256   Elapsed: 600.966s (10m 00s)  75% completed  (87% total)
     Speed:     ev/sec=78415   simsec/sec=1.21983   ev/simsec=64283.7
     Messages:  created: 59875423   present: 2183   in FES: 157
** Event #43994624   t=377.301583756584   Elapsed: 602.967s (10m 02s)  75% completed  (87% total)
     Speed:     ev/sec=73428.9   simsec/sec=0.990443   ev/simsec=74137.4
     Messages:  created: 60070720   present: 2219   in FES: 157
** Event #44152832   t=379.893867522949   Elapsed: 604.968s (10m 04s)  75% completed  (87% total)
     Speed:     ev/sec=79097.7   simsec/sec=1.29604   ev/simsec=61030.4
     Messages:  created: 60279515   present: 2206   in FES: 158
** Event #44301312   t=382.208087025015   Elapsed: 606.968s (10m 06s)  76% completed  (88% total)
     Speed:     ev/sec=74236.7   simsec/sec=1.15706   ev/simsec=64159.9
     Messages:  created: 60474834   present: 2333   in FES: 187
** Event #44458752   t=384.708374806115   Elapsed: 608.97s (10m 08s)  76% completed  (88% total)
     Speed:     ev/sec=78631.8   simsec/sec=1.24874   ev/simsec=62968.8
     Messages:  created: 60682547   present: 2190   in FES: 142
** Event #44612608   t=387.146953127706   Elapsed: 610.97s (10m 10s)  77% completed  (88% total)
     Speed:     ev/sec=76922.5   simsec/sec=1.2192   ev/simsec=63092.5
     Messages:  created: 60885151   present: 2263   in FES: 161
** Event #44760320   t=389.458129279927   Elapsed: 612.97s (10m 12s)  77% completed  (88% total)
     Speed:     ev/sec=73842.9   simsec/sec=1.15538   ev/simsec=63912
     Messages:  created: 61079545   present: 2277   in FES: 161
** Event #44918528   t=392.077660955165   Elapsed: 614.971s (10m 14s)  78% completed  (89% total)
     Speed:     ev/sec=79097.6   simsec/sec=1.30966   ev/simsec=60395.5
     Messages:  created: 61287686   present: 2276   in FES: 158
** Event #45065728   t=394.482793321331   Elapsed: 616.971s (10m 16s)  78% completed  (89% total)
     Speed:     ev/sec=73590.7   simsec/sec=1.20241   ev/simsec=61202.5
     Messages:  created: 61480765   present: 2184   in FES: 126
** Event #45223424   t=397.08803620923   Elapsed: 618.974s (10m 18s)  79% completed  (89% total)
     Speed:     ev/sec=78732.5   simsec/sec=1.30071   ev/simsec=60530.2
     Messages:  created: 61688234   present: 2283   in FES: 158
** Event #45378816   t=399.589949042303   Elapsed: 620.975s (10m 20s)  79% completed  (89% total)
     Speed:     ev/sec=77656.2   simsec/sec=1.25032   ev/simsec=62109.3
     Messages:  created: 61892125   present: 2202   in FES: 127
** Event #45528064   t=402.085292079082   Elapsed: 622.976s (10m 22s)  80% completed  (90% total)
     Speed:     ev/sec=74567.6   simsec/sec=1.24673   ev/simsec=59810.6
     Messages:  created: 62087933   present: 2331   in FES: 162
** Event #45685504   t=404.726758698578   Elapsed: 624.977s (10m 24s)  80% completed  (90% total)
     Speed:     ev/sec=78678.5   simsec/sec=1.32004   ev/simsec=59603.3
     Messages:  created: 62294396   present: 2316   in FES: 156
** Event #45834240   t=407.205041376426   Elapsed: 626.981s (10m 26s)  81% completed  (90% total)
     Speed:     ev/sec=74248.4   simsec/sec=1.23715   ev/simsec=60015.8
     Messages:  created: 62489303   present: 2285   in FES: 132
** Event #45990656   t=409.839357536783   Elapsed: 628.983s (10m 28s)  81% completed  (90% total)
     Speed:     ev/sec=78115.6   simsec/sec=1.3156   ev/simsec=59376.3
     Messages:  created: 62694352   present: 2359   in FES: 156
** Event #46137344   t=412.248751348016   Elapsed: 630.986s (10m 30s)  82% completed  (91% total)
     Speed:     ev/sec=73239.4   simsec/sec=1.20298   ev/simsec=60881.7
     Messages:  created: 62885757   present: 2399   in FES: 156
** Event #46293760   t=414.957069188578   Elapsed: 632.989s (10m 32s)  82% completed  (91% total)
     Speed:     ev/sec=78084.2   simsec/sec=1.35201   ev/simsec=57753.9
     Messages:  created: 63090695   present: 2496   in FES: 184
** Event #46449152   t=417.498161282884   Elapsed: 634.991s (10m 34s)  83% completed  (91% total)
     Speed:     ev/sec=77623.4   simsec/sec=1.26936   ev/simsec=61151.7
     Messages:  created: 63293314   present: 2345   in FES: 127
** Event #46597632   t=420.011310917303   Elapsed: 636.994s (10m 36s)  84% completed  (92% total)
     Speed:     ev/sec=74127.7   simsec/sec=1.25467   ev/simsec=59081.2
     Messages:  created: 63488376   present: 2417   in FES: 140
** Event #46752000   t=422.625593728553   Elapsed: 638.996s (10m 38s)  84% completed  (92% total)
     Speed:     ev/sec=77116.5   simsec/sec=1.306   ev/simsec=59047.9
     Messages:  created: 63689245   present: 2477   in FES: 155
** Event #46899712   t=425.197023590182   Elapsed: 640.997s (10m 40s)  85% completed  (92% total)
     Speed:     ev/sec=73786.7   simsec/sec=1.28451   ev/simsec=57443.5
     Messages:  created: 63882497   present: 2496   in FES: 155
** Event #47055616   t=427.992903424365   Elapsed: 642.998s (10m 42s)  85% completed  (92% total)
     Speed:     ev/sec=77914.5   simsec/sec=1.39727   ev/simsec=55762.1
     Messages:  created: 64086946   present: 2544   in FES: 159
** Event #47202816   t=430.53240006527   Elapsed: 645.001s (10m 45s)  86% completed  (93% total)
     Speed:     ev/sec=73519.3   simsec/sec=1.26836   ev/simsec=57964.2
     Messages:  created: 64278767   present: 2585   in FES: 155
** Event #47359232   t=433.327324134728   Elapsed: 647.001s (10m 47s)  86% completed  (93% total)
     Speed:     ev/sec=78186.4   simsec/sec=1.39708   ev/simsec=55964.3
     Messages:  created: 64482877   present: 2664   in FES: 170
** Event #47506944   t=435.944828978056   Elapsed: 649.003s (10m 49s)  87% completed  (93% total)
     Speed:     ev/sec=73774.5   simsec/sec=1.30731   ev/simsec=56432.4
     Messages:  created: 64676431   present: 2651   in FES: 154
** Event #47661824   t=438.466738528981   Elapsed: 651.007s (10m 51s)  87% completed  (93% total)
     Speed:     ev/sec=77305   simsec/sec=1.25876   ev/simsec=61413.8
     Messages:  created: 64879346   present: 2746   in FES: 162
** Event #47813120   t=439.305850852303   Elapsed: 653.009s (10m 53s)  87% completed  (93% total)
     Speed:     ev/sec=75563.1   simsec/sec=0.419085   ev/simsec=180305
     Messages:  created: 65086471   present: 2791   in FES: 170
** Event #47957248   t=440.011558784288   Elapsed: 655.009s (10m 55s)  88% completed  (94% total)
     Speed:     ev/sec=72053.5   simsec/sec=0.352802   ev/simsec=204232
     Messages:  created: 65284607   present: 2666   in FES: 135
** Event #48112128   t=440.597538692175   Elapsed: 657.011s (10m 57s)  88% completed  (94% total)
     Speed:     ev/sec=77385   simsec/sec=0.292782   ev/simsec=264309
     Messages:  created: 65498270   present: 2796   in FES: 163
** Event #48256256   t=441.109082962265   Elapsed: 659.011s (10m 59s)  88% completed  (94% total)
     Speed:     ev/sec=72046   simsec/sec=0.255708   ev/simsec=281751
     Messages:  created: 65697841   present: 2883   in FES: 196
** Event #48405248   t=441.629655056106   Elapsed: 661.014s (11m 01s)  88% completed  (94% total)
     Speed:     ev/sec=74384.4   simsec/sec=0.259896   ev/simsec=286208
     Messages:  created: 65903081   present: 2758   in FES: 149
** Event #48552448   t=442.143387450848   Elapsed: 663.016s (11m 03s)  88% completed  (94% total)
     Speed:     ev/sec=73543   simsec/sec=0.256667   ev/simsec=286531
     Messages:  created: 66106286   present: 2790   in FES: 164
** Event #48691968   t=442.650329987384   Elapsed: 665.018s (11m 05s)  88% completed  (94% total)
     Speed:     ev/sec=69697   simsec/sec=0.253242   ev/simsec=275219
     Messages:  created: 66298808   present: 2821   in FES: 160
** Event #48841728   t=443.113872382746   Elapsed: 667.018s (11m 07s)  88% completed  (94% total)
     Speed:     ev/sec=74868.2   simsec/sec=0.231735   ev/simsec=323077
     Messages:  created: 66505398   present: 2763   in FES: 161
** Event #48980992   t=443.580253249804   Elapsed: 669.019s (11m 09s)  88% completed  (94% total)
     Speed:     ev/sec=69612.3   simsec/sec=0.233124   ev/simsec=298606
     Messages:  created: 66697456   present: 2859   in FES: 191
** Event #49129984   t=444.070573494214   Elapsed: 671.02s (11m 11s)  88% completed  (94% total)
     Speed:     ev/sec=74430.9   simsec/sec=0.244946   ev/simsec=303867
     Messages:  created: 66902868   present: 2860   in FES: 188
** Event #49272320   t=444.528333877307   Elapsed: 673.024s (11m 13s)  88% completed  (94% total)
     Speed:     ev/sec=71030.2   simsec/sec=0.228437   ev/simsec=310940
     Messages:  created: 67098917   present: 2757   in FES: 163
** Event #49425408   t=445.022505450272   Elapsed: 675.025s (11m 15s)  89% completed  (94% total)
     Speed:     ev/sec=76512.6   simsec/sec=0.246984   ev/simsec=309787
     Messages:  created: 67310666   present: 2677   in FES: 134
** Event #49576192   t=445.530035253376   Elapsed: 677.026s (11m 17s)  89% completed  (94% total)
     Speed:     ev/sec=75364.5   simsec/sec=0.253672   ev/simsec=297094
     Messages:  created: 67517415   present: 2762   in FES: 169
** Event #49717760   t=446.019914854721   Elapsed: 679.028s (11m 19s)  89% completed  (94% total)
     Speed:     ev/sec=70714.6   simsec/sec=0.2447   ev/simsec=288985
     Messages:  created: 67712763   present: 2690   in FES: 156
** Event #49867264   t=446.545307942186   Elapsed: 681.028s (11m 21s)  89% completed  (94% total)
     Speed:     ev/sec=74744.2   simsec/sec=0.262669   ev/simsec=284556
     Messages:  created: 67918210   present: 2671   in FES: 171
** Event #50011392   t=447.212824527895   Elapsed: 683.031s (11m 23s)  89% completed  (94% total)
     Speed:     ev/sec=71970.5   simsec/sec=0.333325   ev/simsec=215917
     Messages:  created: 68115868   present: 2632   in FES: 162
** Event #50165248   t=448.098878168395   Elapsed: 685.031s (11m 25s)  89% completed  (94% total)
     Speed:     ev/sec=76891   simsec/sec=0.442814   ev/simsec=173642
     Messages:  created: 68325744   present: 2646   in FES: 158
** Event #50310912   t=448.800570077979   Elapsed: 687.034s (11m 27s)  89% completed  (94% total)
     Speed:     ev/sec=72733.3   simsec/sec=0.350371   ev/simsec=207590
     Messages:  created: 68524699   present: 2221   in FES: 161
** Event #50464256   t=449.354170801901   Elapsed: 689.037s (11m 29s)  89% completed  (94% total)
     Speed:     ev/sec=76572.2   simsec/sec=0.27644   ev/simsec=276994
     Messages:  created: 68736977   present: 2192   in FES: 164
** Event #50615552   t=449.868768998413   Elapsed: 691.038s (11m 31s)  89% completed  (94% total)
     Speed:     ev/sec=75618   simsec/sec=0.257197   ev/simsec=294008
     Messages:  created: 68945903   present: 2141   in FES: 155
** Event #50757376   t=451.458537440616   Elapsed: 693.039s (11m 33s)  90% completed  (95% total)
     Speed:     ev/sec=70860.6   simsec/sec=0.794308   ev/simsec=89210.5
     Messages:  created: 69134906   present: 2029   in FES: 133
** Event #50907648   t=453.998452027501   Elapsed: 695.039s (11m 35s)  90% completed  (95% total)
     Speed:     ev/sec=75131.2   simsec/sec=1.26988   ev/simsec=59164.2
     Messages:  created: 69333018   present: 2064   in FES: 138
** Event #51047424   t=456.368331533955   Elapsed: 697.04s (11m 37s)  91% completed  (95% total)
     Speed:     ev/sec=69876.6   simsec/sec=1.18475   ev/simsec=58980.2
     Messages:  created: 69515633   present: 2146   in FES: 155
** Event #51197440   t=459.082842257176   Elapsed: 699.04s (11m 39s)  91% completed  (95% total)
     Speed:     ev/sec=75001.8   simsec/sec=1.35714   ev/simsec=55264.5
     Messages:  created: 69711933   present: 2176   in FES: 156
** Event #51346688   t=461.638181716768   Elapsed: 701.041s (11m 41s)  92% completed  (96% total)
     Speed:     ev/sec=74575.2   simsec/sec=1.27683   ev/simsec=58406.3
     Messages:  created: 69907608   present: 2199   in FES: 157
** Event #51492608   t=464.155603568289   Elapsed: 703.041s (11m 43s)  92% completed  (96% total)
     Speed:     ev/sec=72958.1   simsec/sec=1.25868   ev/simsec=57964.1
     Messages:  created: 70098911   present: 2202   in FES: 156
** Event #51648256   t=467.011057038827   Elapsed: 705.042s (11m 45s)  93% completed  (96% total)
     Speed:     ev/sec=77781.8   simsec/sec=1.42695   ev/simsec=54509
     Messages:  created: 70302879   present: 2156   in FES: 135
** Event #51794432   t=469.537983992085   Elapsed: 707.043s (11m 47s)  93% completed  (96% total)
     Speed:     ev/sec=73065.2   simsec/sec=1.26307   ev/simsec=57847.3
     Messages:  created: 70493557   present: 2242   in FES: 156
** Event #51949312   t=471.825391706633   Elapsed: 709.045s (11m 49s)  94% completed  (97% total)
     Speed:     ev/sec=77368.1   simsec/sec=1.14264   ev/simsec=67709.8
     Messages:  created: 70698349   present: 2283   in FES: 160
** Event #52093440   t=473.959762573767   Elapsed: 711.045s (11m 51s)  94% completed  (97% total)
     Speed:     ev/sec=72055.6   simsec/sec=1.06706   ev/simsec=67527.2
     Messages:  created: 70889822   present: 2308   in FES: 163
** Event #52243200   t=476.510065110534   Elapsed: 713.046s (11m 53s)  95% completed  (97% total)
     Speed:     ev/sec=74824   simsec/sec=1.2742   ev/simsec=58722.4
     Messages:  created: 71086828   present: 2438   in FES: 185
** Event #52388864   t=479.05849721686   Elapsed: 715.047s (11m 55s)  95% completed  (97% total)
     Speed:     ev/sec=72796.7   simsec/sec=1.2736   ev/simsec=57158.3
     Messages:  created: 71278614   present: 2311   in FES: 149
** Event #52520704   t=481.252897429938   Elapsed: 717.049s (11m 57s)  96% completed  (98% total)
     Speed:     ev/sec=65867.5   simsec/sec=1.09633   ev/simsec=60080.2
     Messages:  created: 71452670   present: 2288   in FES: 128
** Event #52660992   t=483.374084389102   Elapsed: 719.051s (11m 59s)  96% completed  (98% total)
     Speed:     ev/sec=70067.9   simsec/sec=1.05944   ev/simsec=66136.6
     Messages:  created: 71639266   present: 2340   in FES: 156
** Event #52795136   t=485.572712398913   Elapsed: 721.053s (12m 01s)  97% completed  (98% total)
     Speed:     ev/sec=67006.7   simsec/sec=1.09824   ev/simsec=61012.6
     Messages:  created: 71817011   present: 2355   in FES: 166
** Event #52936704   t=488.040630737552   Elapsed: 723.056s (12m 03s)  97% completed  (98% total)
     Speed:     ev/sec=70674.6   simsec/sec=1.23205   ev/simsec=57363.3
     Messages:  created: 72004160   present: 2282   in FES: 126
** Event #53082368   t=490.378897641202   Elapsed: 725.057s (12m 05s)  98% completed  (99% total)
     Speed:     ev/sec=72796.5   simsec/sec=1.16856   ev/simsec=62295.7
     Messages:  created: 72195592   present: 2327   in FES: 137
** Event #53210880   t=492.158229214138   Elapsed: 727.057s (12m 07s)  98% completed  (99% total)
     Speed:     ev/sec=64251.9   simsec/sec=0.889609   ev/simsec=72224.9
     Messages:  created: 72366001   present: 2295   in FES: 131
** Event #53338624   t=493.631828028627   Elapsed: 729.059s (12m 09s)  98% completed  (99% total)
     Speed:     ev/sec=63827.8   simsec/sec=0.736289   ev/simsec=86688.5
     Messages:  created: 72537268   present: 2349   in FES: 144
** Event #53484032   t=495.930334666823   Elapsed: 731.06s (12m 11s)  99% completed  (99% total)
     Speed:     ev/sec=72638.4   simsec/sec=1.14822   ev/simsec=63261.9
     Messages:  created: 72730947   present: 2373   in FES: 155
** Event #53624576   t=498.195594216958   Elapsed: 733.063s (12m 13s)  99% completed  (99% total)
     Speed:     ev/sec=70198.4   simsec/sec=1.13144   ev/simsec=62043.2
     Messages:  created: 72916977   present: 2317   in FES: 134
** Event #53731083   t=500   Elapsed: 734.478s (12m 14s)  100% completed  (100% total)
     Speed:     ev/sec=75228   simsec/sec=1.2745   ev/simsec=59025.5
     Messages:  created: 73058751   present: 2307   in FES: 125

<!> Simulation time limit reached -- at t=500s, event #53731083
undisposed object: (omnetpp::cMessage) FanetReconNetwork.groundStation.app.debugTimer -- check module destructor
undisposed object: (omnetpp::cMessage) FanetReconNetwork.uav[0].app.debugTimer -- check module destructor
undisposed object: (omnetpp::cMessage) FanetReconNetwork.uav[1].app.debugTimer -- check module destructor
undisposed object: (omnetpp::cMessage) FanetReconNetwork.uav[2].app.debugTimer -- check module destructor
undisposed object: (omnetpp::cMessage) FanetReconNetwork.uav[3].app.debugTimer -- check module destructor
undisposed object: (omnetpp::cMessage) FanetReconNetwork.uav[4].app.debugTimer -- check module destructor
undisposed object: (omnetpp::cMessage) FanetReconNetwork.uav[5].app.debugTimer -- check module destructor
undisposed object: (omnetpp::cMessage) FanetReconNetwork.uav[6].app.debugTimer -- check module destructor
undisposed object: (omnetpp::cMessage) FanetReconNetwork.uav[7].app.debugTimer -- check module destructor
undisposed object: (omnetpp::cMessage) FanetReconNetwork.uav[8].app.debugTimer -- check module destructor
undisposed object: (omnetpp::cMessage) FanetReconNetwork.uav[9].app.debugTimer -- check module destructor
undisposed object: (omnetpp::cMessage) FanetReconNetwork.uav[10].app.debugTimer -- check module destructor
undisposed object: (omnetpp::cMessage) FanetReconNetwork.uav[11].app.debugTimer -- check module destructor
undisposed object: (omnetpp::cMessage) FanetReconNetwork.uav[12].app.debugTimer -- check module destructor
undisposed object: (omnetpp::cMessage) FanetReconNetwork.uav[13].app.debugTimer -- check module destructor
undisposed object: (omnetpp::cMessage) FanetReconNetwork.uav[14].app.debugTimer -- check module destructor
undisposed object: (omnetpp::cMessage) FanetReconNetwork.uav[15].app.debugTimer -- check module destructor
undisposed object: (omnetpp::cMessage) FanetReconNetwork.uav[16].app.debugTimer -- check module destructor
undisposed object: (omnetpp::cMessage) FanetReconNetwork.uav[17].app.debugTimer -- check module destructor
undisposed object: (omnetpp::cMessage) FanetReconNetwork.uav[18].app.debugTimer -- check module destructor
undisposed object: (omnetpp::cMessage) FanetReconNetwork.uav[19].app.debugTimer -- check module destructor
undisposed object: (omnetpp::cMessage) FanetReconNetwork.uav[20].app.debugTimer -- check module destructor
undisposed object: (omnetpp::cMessage) FanetReconNetwork.uav[21].app.debugTimer -- check module destructor
undisposed object: (omnetpp::cMessage) FanetReconNetwork.uav[22].app.debugTimer -- check module destructor
undisposed object: (omnetpp::cMessage) FanetReconNetwork.uav[23].app.debugTimer -- check module destructor
undisposed object: (omnetpp::cMessage) FanetReconNetwork.uav[24].app.debugTimer -- check module destructor
undisposed object: (omnetpp::cMessage) FanetReconNetwork.uav[25].app.debugTimer -- check module destructor
undisposed object: (omnetpp::cMessage) FanetReconNetwork.uav[26].app.debugTimer -- check module destructor
undisposed object: (omnetpp::cMessage) FanetReconNetwork.uav[27].app.debugTimer -- check module destructor
undisposed object: (omnetpp::cMessage) FanetReconNetwork.uav[28].app.debugTimer -- check module destructor
undisposed object: (omnetpp::cMessage) FanetReconNetwork.uav[29].app.debugTimer -- check module destructor
