** Event #0   t=0   Elapsed: 2.5e-05s (0m 00s)  0% completed  (0% total)
     Speed:     ev/sec=0   simsec/sec=0   ev/simsec=0
     Messages:  created: 1938   present: 1938   in FES: 306
** Event #118272   t=14.024019120122   Elapsed: 2.00231s (0m 02s)  2% completed  (1% total)
     Speed:     ev/sec=59068.7   simsec/sec=7.00397   ev/simsec=8433.6
     Messages:  created: 126894   present: 1904   in FES: 223
** Event #204544   t=24.060069521986   Elapsed: 4.00487s (0m 04s)  4% completed  (2% total)
     Speed:     ev/sec=43080.9   simsec/sec=5.01162   ev/simsec=8596.21
     Messages:  created: 217676   present: 1955   in FES: 238
** Event #291840   t=34.1   Elapsed: 6.0132s (0m 06s)  6% completed  (3% total)
     Speed:     ev/sec=43467.2   simsec/sec=4.99917   ev/simsec=8694.88
     Messages:  created: 309822   present: 1854   in FES: 203
** Event #374272   t=44.077053911071   Elapsed: 8.01795s (0m 08s)  8% completed  (4% total)
     Speed:     ev/sec=41118.1   simsec/sec=4.97668   ev/simsec=8262.16
     Messages:  created: 395846   present: 1951   in FES: 238
** Event #455424   t=54.035264011669   Elapsed: 10.0223s (0m 10s)  10% completed  (5% total)
     Speed:     ev/sec=40487.1   simsec/sec=4.96819   ev/simsec=8149.26
     Messages:  created: 480712   present: 1942   in FES: 235
** Event #537600   t=64.029509483406   Elapsed: 12.0271s (0m 12s)  12% completed  (6% total)
     Speed:     ev/sec=40990.3   simsec/sec=4.98524   ev/simsec=8222.33
     Messages:  created: 567847   present: 1970   in FES: 254
** Event #622592   t=74.060016700999   Elapsed: 14.0319s (0m 14s)  14% completed  (7% total)
     Speed:     ev/sec=42394.8   simsec/sec=5.00331   ev/simsec=8473.35
     Messages:  created: 657855   present: 1976   in FES: 254
** Event #705280   t=84.062013998971   Elapsed: 16.0391s (0m 16s)  16% completed  (8% total)
     Speed:     ev/sec=41194.8   simsec/sec=4.98295   ev/simsec=8267.15
     Messages:  created: 745604   present: 1896   in FES: 219
** Event #794112   t=95.035262756996   Elapsed: 18.0395s (0m 18s)  19% completed  (9% total)
     Speed:     ev/sec=44408.7   simsec/sec=5.48572   ev/simsec=8095.32
     Messages:  created: 840002   present: 1981   in FES: 248
** Event #889344   t=100.130623687233   Elapsed: 20.0435s (0m 20s)  20% completed  (10% total)
     Speed:     ev/sec=47518.9   simsec/sec=2.54249   ev/simsec=18689.9
     Messages:  created: 959037   present: 2146   in FES: 287
** Event #971776   t=100.23592834148   Elapsed: 22.0474s (0m 22s)  20% completed  (10% total)
     Speed:     ev/sec=41137.2   simsec/sec=0.0525516   ev/simsec=782795
     Messages:  created: 1075194   present: 2285   in FES: 321
** Event #1042944   t=100.316292514906   Elapsed: 24.0563s (0m 24s)  20% completed  (10% total)
     Speed:     ev/sec=35425.9   simsec/sec=0.0400035   ev/simsec=885569
     Messages:  created: 1175436   present: 2023   in FES: 264
** Event #1121536   t=100.511056211979   Elapsed: 26.0593s (0m 26s)  20% completed  (10% total)
     Speed:     ev/sec=39237.7   simsec/sec=0.0972375   ev/simsec=403525
     Messages:  created: 1285904   present: 2202   in FES: 342
** Event #1185536   t=100.560546504652   Elapsed: 28.0629s (0m 28s)  20% completed  (10% total)
     Speed:     ev/sec=31941.9   simsec/sec=0.0247002   ev/simsec=1.29318e+06
     Messages:  created: 1376463   present: 2365   in FES: 357
** Event #1263872   t=100.624119021719   Elapsed: 30.0637s (0m 30s)  20% completed  (10% total)
     Speed:     ev/sec=39152   simsec/sec=0.0317733   ev/simsec=1.23223e+06
     Messages:  created: 1487409   present: 2378   in FES: 339
** Event #1345024   t=100.682785146739   Elapsed: 32.0642s (0m 32s)  20% completed  (10% total)
     Speed:     ev/sec=40567.4   simsec/sec=0.0293268   ev/simsec=1.38329e+06
     Messages:  created: 1602367   present: 2341   in FES: 346
** Event #1423872   t=100.733002725661   Elapsed: 34.0705s (0m 34s)  20% completed  (10% total)
     Speed:     ev/sec=39299   simsec/sec=0.0250292   ev/simsec=1.57013e+06
     Messages:  created: 1714322   present: 2298   in FES: 280
** Event #1492992   t=100.786683351302   Elapsed: 36.0734s (0m 36s)  20% completed  (10% total)
     Speed:     ev/sec=34511   simsec/sec=0.0268022   ev/simsec=1.28762e+06
     Messages:  created: 1812524   present: 2564   in FES: 356
** Event #1564928   t=100.855111641346   Elapsed: 38.0809s (0m 38s)  20% completed  (10% total)
     Speed:     ev/sec=35832   simsec/sec=0.0340847   ev/simsec=1.05126e+06
     Messages:  created: 1914725   present: 2249   in FES: 293
** Event #1624320   t=100.910495664037   Elapsed: 40.0907s (0m 40s)  20% completed  (10% total)
     Speed:     ev/sec=29552.6   simsec/sec=0.0275583   ev/simsec=1.07237e+06
     Messages:  created: 1998962   present: 2248   in FES: 291
** Event #1698048   t=100.978143307864   Elapsed: 42.0981s (0m 42s)  20% completed  (10% total)
     Speed:     ev/sec=36727   simsec/sec=0.0336981   ev/simsec=1.08988e+06
     Messages:  created: 2103723   present: 2305   in FES: 306
** Event #1767936   t=101.052132548206   Elapsed: 44.1013s (0m 44s)  20% completed  (10% total)
     Speed:     ev/sec=34888.4   simsec/sec=0.0369358   ev/simsec=944570
     Messages:  created: 2202913   present: 2233   in FES: 295
** Event #1839104   t=101.138125505957   Elapsed: 46.1053s (0m 46s)  20% completed  (10% total)
     Speed:     ev/sec=35512.4   simsec/sec=0.04291   ev/simsec=827603
     Messages:  created: 2303181   present: 2455   in FES: 347
** Event #1914880   t=101.228048619977   Elapsed: 48.1059s (0m 48s)  20% completed  (10% total)
     Speed:     ev/sec=37877.3   simsec/sec=0.0449488   ev/simsec=842675
     Messages:  created: 2410871   present: 2336   in FES: 298
** Event #2003200   t=101.317328329496   Elapsed: 50.1088s (0m 50s)  20% completed  (10% total)
     Speed:     ev/sec=44097   simsec/sec=0.0445761   ev/simsec=989251
     Messages:  created: 2537029   present: 2644   in FES: 372
** Event #2083072   t=101.393677906   Elapsed: 52.1103s (0m 52s)  20% completed  (10% total)
     Speed:     ev/sec=39904.4   simsec/sec=0.0381446   ev/simsec=1.04614e+06
     Messages:  created: 2650954   present: 2447   in FES: 324
** Event #2158336   t=101.457900528756   Elapsed: 54.1117s (0m 54s)  20% completed  (10% total)
     Speed:     ev/sec=37607.1   simsec/sec=0.03209   ev/simsec=1.17192e+06
     Messages:  created: 2758183   present: 2283   in FES: 274
** Event #2235392   t=101.534458659892   Elapsed: 56.1187s (0m 56s)  20% completed  (10% total)
     Speed:     ev/sec=38392.4   simsec/sec=0.0381443   ev/simsec=1.0065e+06
     Messages:  created: 2868072   present: 2386   in FES: 307
** Event #2317824   t=101.618956020486   Elapsed: 58.1244s (0m 58s)  20% completed  (10% total)
     Speed:     ev/sec=41098.5   simsec/sec=0.0421282   ev/simsec=975557
     Messages:  created: 2985530   present: 2436   in FES: 299
** Event #2398208   t=101.702700054942   Elapsed: 60.1276s (1m 00s)  20% completed  (10% total)
     Speed:     ev/sec=40128.1   simsec/sec=0.0418054   ev/simsec=959877
     Messages:  created: 3099976   present: 2494   in FES: 329
** Event #2477824   t=101.790610789434   Elapsed: 62.1305s (1m 02s)  20% completed  (10% total)
     Speed:     ev/sec=39750.6   simsec/sec=0.0438919   ev/simsec=905646
     Messages:  created: 3213468   present: 2893   in FES: 433
** Event #2554112   t=101.855158327049   Elapsed: 64.1319s (1m 04s)  20% completed  (10% total)
     Speed:     ev/sec=38117.3   simsec/sec=0.0322512   ev/simsec=1.18189e+06
     Messages:  created: 3322413   present: 2709   in FES: 365
** Event #2632704   t=101.919462844039   Elapsed: 66.1342s (1m 06s)  20% completed  (10% total)
     Speed:     ev/sec=39250.7   simsec/sec=0.0321152   ev/simsec=1.22218e+06
     Messages:  created: 3434951   present: 2621   in FES: 331
** Event #2723584   t=102.004091923153   Elapsed: 68.1388s (1m 08s)  20% completed  (10% total)
     Speed:     ev/sec=45336.5   simsec/sec=0.0422182   ev/simsec=1.07386e+06
     Messages:  created: 3564920   present: 2478   in FES: 310
** Event #2806784   t=102.099897355375   Elapsed: 70.1392s (1m 10s)  20% completed  (10% total)
     Speed:     ev/sec=41590.7   simsec/sec=0.047892   ev/simsec=868427
     Messages:  created: 3682583   present: 2425   in FES: 287
** Event #2878720   t=102.187513536723   Elapsed: 72.1423s (1m 12s)  20% completed  (10% total)
     Speed:     ev/sec=35912.3   simsec/sec=0.0437402   ev/simsec=821036
     Messages:  created: 3785450   present: 2391   in FES: 306
** Event #2959104   t=102.281479072773   Elapsed: 74.1441s (1m 14s)  20% completed  (10% total)
     Speed:     ev/sec=40156.7   simsec/sec=0.0469415   ev/simsec=855463
     Messages:  created: 3900170   present: 2808   in FES: 390
** Event #3057152   t=102.395974035618   Elapsed: 76.146s (1m 16s)  20% completed  (10% total)
     Speed:     ev/sec=48978.2   simsec/sec=0.057194   ev/simsec=856352
     Messages:  created: 4039797   present: 2456   in FES: 308
** Event #3124480   t=102.488038536794   Elapsed: 78.1462s (1m 18s)  20% completed  (10% total)
     Speed:     ev/sec=33660.2   simsec/sec=0.0460271   ev/simsec=731313
     Messages:  created: 4135988   present: 2823   in FES: 423
** Event #3203328   t=102.584749396797   Elapsed: 80.1488s (1m 20s)  20% completed  (10% total)
     Speed:     ev/sec=39373.1   simsec/sec=0.048293   ev/simsec=815296
     Messages:  created: 4248638   present: 2448   in FES: 290
** Event #3287040   t=102.688472689456   Elapsed: 82.1534s (1m 22s)  20% completed  (10% total)
     Speed:     ev/sec=41759   simsec/sec=0.0517414   ev/simsec=807070
     Messages:  created: 4368364   present: 2397   in FES: 299
** Event #3370240   t=102.781981419908   Elapsed: 84.157s (1m 24s)  20% completed  (10% total)
     Speed:     ev/sec=41525.1   simsec/sec=0.0466702   ev/simsec=889756
     Messages:  created: 4487636   present: 2392   in FES: 255
** Event #3449856   t=102.861983711624   Elapsed: 86.158s (1m 26s)  20% completed  (10% total)
     Speed:     ev/sec=39788.6   simsec/sec=0.0399816   ev/simsec=995171
     Messages:  created: 4601887   present: 2295   in FES: 251
** Event #3533824   t=102.962380375565   Elapsed: 88.1679s (1m 28s)  20% completed  (10% total)
     Speed:     ev/sec=41778.6   simsec/sec=0.0499527   ev/simsec=836362
     Messages:  created: 4722191   present: 2432   in FES: 282
** Event #3611904   t=103.050721949562   Elapsed: 90.1684s (1m 30s)  20% completed  (10% total)
     Speed:     ev/sec=39029.1   simsec/sec=0.0441584   ev/simsec=883842
     Messages:  created: 4833602   present: 2434   in FES: 289
** Event #3680256   t=103.132466385408   Elapsed: 92.1709s (1m 32s)  20% completed  (10% total)
     Speed:     ev/sec=34133.6   simsec/sec=0.0408215   ev/simsec=836167
     Messages:  created: 4930429   present: 2420   in FES: 283
** Event #3766016   t=103.225951621459   Elapsed: 94.1839s (1m 34s)  20% completed  (10% total)
     Speed:     ev/sec=42603.5   simsec/sec=0.0464412   ev/simsec=917364
     Messages:  created: 5053053   present: 2572   in FES: 329
** Event #3848448   t=103.314105794043   Elapsed: 96.1907s (1m 36s)  20% completed  (10% total)
     Speed:     ev/sec=41076.1   simsec/sec=0.0439275   ev/simsec=935089
     Messages:  created: 5171020   present: 2327   in FES: 241
** Event #3930368   t=103.401871855438   Elapsed: 98.1941s (1m 38s)  20% completed  (10% total)
     Speed:     ev/sec=40891   simsec/sec=0.0438091   ev/simsec=933390
     Messages:  created: 5288414   present: 2489   in FES: 283
** Event #4008960   t=103.489344805974   Elapsed: 100.195s (1m 40s)  20% completed  (10% total)
     Speed:     ev/sec=39274.5   simsec/sec=0.0437126   ev/simsec=898472
     Messages:  created: 5400911   present: 2434   in FES: 292
** Event #4091392   t=103.574488241076   Elapsed: 102.197s (1m 42s)  20% completed  (10% total)
     Speed:     ev/sec=41185.4   simsec/sec=0.0425401   ev/simsec=968155
     Messages:  created: 5519102   present: 2485   in FES: 277
** Event #4166912   t=103.660706924565   Elapsed: 104.197s (1m 44s)  20% completed  (10% total)
     Speed:     ev/sec=37753.5   simsec/sec=0.043102   ev/simsec=875912
     Messages:  created: 5627384   present: 2389   in FES: 281
** Event #4250624   t=103.751169597025   Elapsed: 106.2s (1m 46s)  20% completed  (10% total)
     Speed:     ev/sec=41803.2   simsec/sec=0.0451743   ev/simsec=925376
     Messages:  created: 5747548   present: 2491   in FES: 292
** Event #4336128   t=103.876802515325   Elapsed: 108.204s (1m 48s)  20% completed  (10% total)
     Speed:     ev/sec=42665   simsec/sec=0.0626886   ev/simsec=680586
     Messages:  created: 5869671   present: 2378   in FES: 283
** Event #4424960   t=104.007816798766   Elapsed: 110.208s (1m 50s)  20% completed  (10% total)
     Speed:     ev/sec=44318.7   simsec/sec=0.0653637   ev/simsec=678033
     Messages:  created: 5997035   present: 2613   in FES: 319
** Event #4512768   t=104.1247967268   Elapsed: 112.208s (1m 52s)  20% completed  (10% total)
     Speed:     ev/sec=43897.5   simsec/sec=0.0584814   ev/simsec=750625
     Messages:  created: 6121756   present: 2631   in FES: 344
** Event #4603648   t=104.261003501673   Elapsed: 114.21s (1m 54s)  20% completed  (10% total)
     Speed:     ev/sec=45407.9   simsec/sec=0.0680553   ev/simsec=667221
     Messages:  created: 6251377   present: 2701   in FES: 346
** Event #4685824   t=104.373248635674   Elapsed: 116.212s (1m 56s)  20% completed  (10% total)
     Speed:     ev/sec=41039.5   simsec/sec=0.0560564   ev/simsec=732112
     Messages:  created: 6367877   present: 2499   in FES: 304
** Event #4773888   t=104.474550726766   Elapsed: 118.217s (1m 58s)  20% completed  (10% total)
     Speed:     ev/sec=43931   simsec/sec=0.0505348   ev/simsec=869321
     Messages:  created: 6492753   present: 2555   in FES: 330
