** Event #0   t=0   Elapsed: 7e-06s (0m 00s)  0% completed  (50% total)
     Speed:     ev/sec=0   simsec/sec=0   ev/simsec=0
     Messages:  created: 1178   present: 1178   in FES: 186
** Event #92672   t=15.12965492812   Elapsed: 2.00099s (0m 02s)  3% completed  (51% total)
     Speed:     ev/sec=46313.7   simsec/sec=7.56111   ev/simsec=6125.26
     Messages:  created: 97226   present: 1139   in FES: 130
** Event #194560   t=31.181836141537   Elapsed: 4.00121s (0m 04s)  6% completed  (53% total)
     Speed:     ev/sec=50938.6   simsec/sec=8.02524   ev/simsec=6347.3
     Messages:  created: 203082   present: 1203   in FES: 154
** Event #292096   t=47.069624516892   Elapsed: 6.00285s (0m 06s)  9% completed  (54% total)
     Speed:     ev/sec=48727.9   simsec/sec=7.93736   ev/simsec=6139.05
     Messages:  created: 306000   present: 1180   in FES: 141
** Event #391168   t=63.094505800517   Elapsed: 8.00415s (0m 08s)  12% completed  (56% total)
     Speed:     ev/sec=49503.8   simsec/sec=8.00724   ev/simsec=6182.39
     Messages:  created: 410460   present: 1189   in FES: 154
** Event #479232   t=77.185169609531   Elapsed: 10.0093s (0m 10s)  15% completed  (57% total)
     Speed:     ev/sec=43918.9   simsec/sec=7.02723   ev/simsec=6249.81
     Messages:  created: 502254   present: 1193   in FES: 154
** Event #573952   t=92.066566817685   Elapsed: 12.0107s (0m 12s)  18% completed  (59% total)
     Speed:     ev/sec=47326.8   simsec/sec=7.43548   ev/simsec=6364.99
     Messages:  created: 600081   present: 1206   in FES: 154
** Event #674816   t=103.318834982397   Elapsed: 14.0117s (0m 14s)  20% completed  (60% total)
     Speed:     ev/sec=50406.1   simsec/sec=5.62325   ev/simsec=8963.88
     Messages:  created: 713668   present: 1481   in FES: 172
** Event #771328   t=104.764146850444   Elapsed: 16.0128s (0m 16s)  20% completed  (60% total)
     Speed:     ev/sec=48229.4   simsec/sec=0.722257   ev/simsec=66775.9
     Messages:  created: 843841   present: 1390   in FES: 123
** Event #863488   t=108.06962342803   Elapsed: 18.0183s (0m 18s)  21% completed  (60% total)
     Speed:     ev/sec=45954   simsec/sec=1.64822   ev/simsec=27881
     Messages:  created: 961598   present: 1673   in FES: 150
** Event #955648   t=111.092901401624   Elapsed: 20.0207s (0m 20s)  22% completed  (61% total)
     Speed:     ev/sec=46026.1   simsec/sec=1.50987   ev/simsec=30483.5
     Messages:  created: 1079715   present: 1879   in FES: 160
** Event #1042176   t=114.065936252916   Elapsed: 22.0244s (0m 22s)  22% completed  (61% total)
     Speed:     ev/sec=43183   simsec/sec=1.48373   ev/simsec=29104.3
     Messages:  created: 1191284   present: 2017   in FES: 155
** Event #1134848   t=117.24176864092   Elapsed: 24.0293s (0m 24s)  23% completed  (61% total)
     Speed:     ev/sec=46223.7   simsec/sec=1.58407   ev/simsec=29180.4
     Messages:  created: 1310567   present: 2177   in FES: 155
** Event #1238784   t=120.591760080294   Elapsed: 26.0321s (0m 26s)  24% completed  (62% total)
     Speed:     ev/sec=51894.7   simsec/sec=1.67263   ev/simsec=31025.8
     Messages:  created: 1443841   present: 2381   in FES: 156
** Event #1335552   t=124.062365014117   Elapsed: 28.0345s (0m 28s)  24% completed  (62% total)
     Speed:     ev/sec=48326.6   simsec/sec=1.73324   ev/simsec=27882.2
     Messages:  created: 1567210   present: 2573   in FES: 155
** Event #1426688   t=127.294457575347   Elapsed: 30.0377s (0m 30s)  25% completed  (62% total)
     Speed:     ev/sec=45495   simsec/sec=1.61346   ev/simsec=28197.2
     Messages:  created: 1683821   present: 2843   in FES: 183
** Event #1526016   t=130.816132111669   Elapsed: 32.0414s (0m 32s)  26% completed  (63% total)
     Speed:     ev/sec=49572.9   simsec/sec=1.75761   ev/simsec=28204.8
     Messages:  created: 1811551   present: 2981   in FES: 156
** Event #1620992   t=134.172395139595   Elapsed: 34.0434s (0m 34s)  26% completed  (63% total)
     Speed:     ev/sec=47439.6   simsec/sec=1.67642   ev/simsec=28298.1
     Messages:  created: 1933230   present: 3137   in FES: 154
** Event #1715968   t=138.014155526273   Elapsed: 36.0494s (0m 36s)  27% completed  (63% total)
     Speed:     ev/sec=47346.9   simsec/sec=1.91517   ev/simsec=24722
     Messages:  created: 2054530   present: 3285   in FES: 126
** Event #1811200   t=140.46734054127   Elapsed: 38.0993s (0m 38s)  28% completed  (64% total)
     Speed:     ev/sec=46455.2   simsec/sec=1.19669   ev/simsec=38819.7
     Messages:  created: 2177788   present: 3483   in FES: 157
** Event #1911040   t=143.313513834223   Elapsed: 40.1003s (0m 40s)  28% completed  (64% total)
     Speed:     ev/sec=49895.9   simsec/sec=1.4224   ev/simsec=35078.7
     Messages:  created: 2307706   present: 3667   in FES: 150
** Event #2021376   t=146.427013932319   Elapsed: 42.104s (0m 42s)  29% completed  (64% total)
     Speed:     ev/sec=55067.1   simsec/sec=1.5539   ev/simsec=35437.9
     Messages:  created: 2451086   present: 3778   in FES: 154
** Event #2117632   t=149.701455520034   Elapsed: 44.1051s (0m 44s)  29% completed  (64% total)
     Speed:     ev/sec=48101.8   simsec/sec=1.63633   ev/simsec=29396.2
     Messages:  created: 2575544   present: 3852   in FES: 127
** Event #2214656   t=152.985893428974   Elapsed: 46.106s (0m 46s)  30% completed  (65% total)
     Speed:     ev/sec=48490.1   simsec/sec=1.64148   ev/simsec=29540.5
     Messages:  created: 2701949   present: 4057   in FES: 142
** Event #2304768   t=155.930939217761   Elapsed: 48.1068s (0m 48s)  31% completed  (65% total)
     Speed:     ev/sec=45036.4   simsec/sec=1.47188   ev/simsec=30597.8
     Messages:  created: 2818849   present: 4166   in FES: 124
** Event #2408960   t=159.007838302511   Elapsed: 50.1096s (0m 50s)  31% completed  (65% total)
     Speed:     ev/sec=52024   simsec/sec=1.53632   ev/simsec=33862.7
     Messages:  created: 2954162   present: 4499   in FES: 186
** Event #2514688   t=162.341581374327   Elapsed: 52.117s (0m 52s)  32% completed  (66% total)
     Speed:     ev/sec=52669   simsec/sec=1.66072   ev/simsec=31714.5
     Messages:  created: 3090282   present: 4522   in FES: 147
** Event #2615296   t=162.876320636245   Elapsed: 54.1198s (0m 54s)  32% completed  (66% total)
     Speed:     ev/sec=50232.7   simsec/sec=0.266991   ev/simsec=188144
     Messages:  created: 3229108   present: 4554   in FES: 142
** Event #2712320   t=164.295706430123   Elapsed: 56.1215s (0m 56s)  32% completed  (66% total)
     Speed:     ev/sec=48472.1   simsec/sec=0.70911   ev/simsec=68356.3
     Messages:  created: 3359348   present: 4633   in FES: 154
** Event #2811392   t=165.805624398937   Elapsed: 58.123s (0m 58s)  33% completed  (66% total)
     Speed:     ev/sec=49499.1   simsec/sec=0.754397   ev/simsec=65614.2
     Messages:  created: 3492889   present: 4672   in FES: 132
** Event #2913280   t=167.307771563012   Elapsed: 60.1264s (1m 00s)  33% completed  (66% total)
     Speed:     ev/sec=50857.2   simsec/sec=0.749794   ev/simsec=67828.2
     Messages:  created: 3629601   present: 4753   in FES: 132
** Event #3014656   t=168.81972612373   Elapsed: 62.1306s (1m 02s)  33% completed  (66% total)
     Speed:     ev/sec=50580.8   simsec/sec=0.754378   ev/simsec=67049.6
     Messages:  created: 3766435   present: 4946   in FES: 156
** Event #3122688   t=170.382578563682   Elapsed: 64.131s (1m 04s)  34% completed  (67% total)
     Speed:     ev/sec=54005.2   simsec/sec=0.78127   ev/simsec=69124.9
     Messages:  created: 3911278   present: 5033   in FES: 159
** Event #3232768   t=172.060811846902   Elapsed: 66.1339s (1m 06s)  34% completed  (67% total)
     Speed:     ev/sec=54961.7   simsec/sec=0.837923   ev/simsec=65592.8
     Messages:  created: 4058993   present: 5089   in FES: 154
** Event #3331328   t=173.39027050266   Elapsed: 68.135s (1m 08s)  34% completed  (67% total)
     Speed:     ev/sec=49251.9   simsec/sec=0.66435   ev/simsec=74135.4
     Messages:  created: 4191467   present: 5103   in FES: 125
** Event #3438080   t=175.051738988826   Elapsed: 70.1356s (1m 10s)  35% completed  (67% total)
     Speed:     ev/sec=53359.1   simsec/sec=0.830471   ev/simsec=64251.6
     Messages:  created: 4334684   present: 5207   in FES: 156
** Event #3533568   t=176.378295333319   Elapsed: 72.1376s (1m 12s)  35% completed  (67% total)
     Speed:     ev/sec=47697   simsec/sec=0.662625   ev/simsec=71981.9
     Messages:  created: 4462837   present: 5313   in FES: 154
** Event #3623424   t=177.775175749191   Elapsed: 74.1965s (1m 14s)  35% completed  (67% total)
     Speed:     ev/sec=43642.5   simsec/sec=0.678456   ev/simsec=64326.2
     Messages:  created: 4583830   present: 5337   in FES: 156
** Event #3734528   t=179.364226033417   Elapsed: 76.2023s (1m 16s)  35% completed  (67% total)
     Speed:     ev/sec=55391.7   simsec/sec=0.792232   ev/simsec=69918.5
     Messages:  created: 4732762   present: 5404   in FES: 143
** Event #3841024   t=181.0682690828   Elapsed: 78.2059s (1m 18s)  36% completed  (68% total)
     Speed:     ev/sec=53153.8   simsec/sec=0.850514   ev/simsec=62496.1
     Messages:  created: 4876085   present: 5594   in FES: 154
** Event #3929088   t=182.42262849228   Elapsed: 80.2103s (1m 20s)  36% completed  (68% total)
     Speed:     ev/sec=43933.7   simsec/sec=0.675669   ev/simsec=65022.6
     Messages:  created: 4994449   present: 5607   in FES: 157
** Event #4034560   t=184.127569889959   Elapsed: 82.2117s (1m 22s)  36% completed  (68% total)
     Speed:     ev/sec=52701.2   simsec/sec=0.851908   ev/simsec=61862.5
     Messages:  created: 5136360   present: 5713   in FES: 154
** Event #4134912   t=185.775342285009   Elapsed: 84.2156s (1m 24s)  37% completed  (68% total)
     Speed:     ev/sec=50076.5   simsec/sec=0.822253   ev/simsec=60901.6
     Messages:  created: 5271648   present: 5772   in FES: 162
** Event #4237824   t=187.317778370893   Elapsed: 86.2157s (1m 26s)  37% completed  (68% total)
     Speed:     ev/sec=51453.3   simsec/sec=0.771178   ev/simsec=66720.4
     Messages:  created: 5409774   present: 5880   in FES: 141
** Event #4340224   t=188.886061844078   Elapsed: 88.2188s (1m 28s)  37% completed  (68% total)
     Speed:     ev/sec=51121.4   simsec/sec=0.782938   ev/simsec=65294.3
     Messages:  created: 5548088   present: 6022   in FES: 159
** Event #4445696   t=190.525543650107   Elapsed: 90.2214s (1m 30s)  38% completed  (69% total)
     Speed:     ev/sec=52667   simsec/sec=0.818668   ev/simsec=64332.5
     Messages:  created: 5689190   present: 6039   in FES: 163
** Event #4524544   t=191.775219918924   Elapsed: 92.2254s (1m 32s)  38% completed  (69% total)
     Speed:     ev/sec=39345.1   simsec/sec=0.623588   ev/simsec=63094.7
     Messages:  created: 5795610   present: 6114   in FES: 158
** Event #4613120   t=193.075518013045   Elapsed: 94.2316s (1m 34s)  38% completed  (69% total)
     Speed:     ev/sec=44152.9   simsec/sec=0.648166   ev/simsec=68119.8
     Messages:  created: 5914707   present: 6176   in FES: 132
** Event #4721152   t=194.634677241275   Elapsed: 96.2317s (1m 36s)  38% completed  (69% total)
     Speed:     ev/sec=54011.4   simsec/sec=0.779513   ev/simsec=69288.6
     Messages:  created: 6060704   present: 6326   in FES: 159
** Event #4827904   t=196.178700030979   Elapsed: 98.2365s (1m 38s)  39% completed  (69% total)
     Speed:     ev/sec=53248.7   simsec/sec=0.77017   ev/simsec=69138.9
     Messages:  created: 6204523   present: 6320   in FES: 154
** Event #4935424   t=197.806640186021   Elapsed: 100.239s (1m 40s)  39% completed  (69% total)
     Speed:     ev/sec=53705.7   simsec/sec=0.813148   ev/simsec=66046.7
     Messages:  created: 6349729   present: 6354   in FES: 131
** Event #5032448   t=199.126905668592   Elapsed: 102.24s (1m 42s)  39% completed  (69% total)
     Speed:     ev/sec=48472.6   simsec/sec=0.659596   ev/simsec=73488.3
     Messages:  created: 6480321   present: 6414   in FES: 126
** Event #5138944   t=200.629466893656   Elapsed: 104.241s (1m 44s)  40% completed  (70% total)
     Speed:     ev/sec=53224.2   simsec/sec=0.750944   ev/simsec=70876.3
     Messages:  created: 6624135   present: 6532   in FES: 144
** Event #5246208   t=202.099855422511   Elapsed: 106.244s (1m 46s)  40% completed  (70% total)
     Speed:     ev/sec=53563.5   simsec/sec=0.734255   ev/simsec=72949.4
     Messages:  created: 6768690   present: 6598   in FES: 156
** Event #5350912   t=203.571120420484   Elapsed: 108.246s (1m 48s)  40% completed  (70% total)
     Speed:     ev/sec=52280   simsec/sec=0.734621   ev/simsec=71166
     Messages:  created: 6909565   present: 6663   in FES: 131
** Event #5442560   t=204.877560963044   Elapsed: 110.248s (1m 50s)  40% completed  (70% total)
     Speed:     ev/sec=45796.3   simsec/sec=0.652825   ev/simsec=70150.9
     Messages:  created: 7033051   present: 6763   in FES: 162
** Event #5533952   t=206.137024947623   Elapsed: 112.252s (1m 52s)  41% completed  (70% total)
     Speed:     ev/sec=45603.9   simsec/sec=0.628462   ev/simsec=72564.2
     Messages:  created: 7155220   present: 6837   in FES: 147
** Event #5631744   t=207.570450118963   Elapsed: 114.252s (1m 54s)  41% completed  (70% total)
     Speed:     ev/sec=48886.9   simsec/sec=0.716579   ev/simsec=68222.6
     Messages:  created: 7286550   present: 6974   in FES: 168
** Event #5729536   t=209.039096032999   Elapsed: 116.256s (1m 56s)  41% completed  (70% total)
     Speed:     ev/sec=48786.8   simsec/sec=0.732683   ev/simsec=66586.5
     Messages:  created: 7417965   present: 6962   in FES: 154
** Event #5815296   t=210.197848652999   Elapsed: 118.258s (1m 58s)  42% completed  (71% total)
     Speed:     ev/sec=42849.9   simsec/sec=0.57897   ev/simsec=74010.6
     Messages:  created: 7532729   present: 6981   in FES: 154
** Event #5911552   t=211.612802728835   Elapsed: 120.266s (2m 00s)  42% completed  (71% total)
     Speed:     ev/sec=47938   simsec/sec=0.704684   ev/simsec=68027.6
     Messages:  created: 7662020   present: 7037   in FES: 143
** Event #6012416   t=213.062556587408   Elapsed: 122.271s (2m 02s)  42% completed  (71% total)
     Speed:     ev/sec=50290.5   simsec/sec=0.722844   ev/simsec=69573.2
     Messages:  created: 7797775   present: 7183   in FES: 146
** Event #6110976   t=214.380984796541   Elapsed: 124.271s (2m 04s)  42% completed  (71% total)
     Speed:     ev/sec=49279.3   simsec/sec=0.659204   ev/simsec=74755.7
     Messages:  created: 7930467   present: 7237   in FES: 160
** Event #6206720   t=215.804710115301   Elapsed: 126.347s (2m 06s)  43% completed  (71% total)
     Speed:     ev/sec=46126.6   simsec/sec=0.685908   ev/simsec=67248.9
     Messages:  created: 8059410   present: 7254   in FES: 162
** Event #6310400   t=217.219930759893   Elapsed: 128.349s (2m 08s)  43% completed  (71% total)
     Speed:     ev/sec=51786.1   simsec/sec=0.706874   ev/simsec=73260.7
     Messages:  created: 8199036   present: 7339   in FES: 156
** Event #6406656   t=218.602059240078   Elapsed: 130.35s (2m 10s)  43% completed  (71% total)
     Speed:     ev/sec=48100.8   simsec/sec=0.690674   ev/simsec=69643.3
     Messages:  created: 8328951   present: 7423   in FES: 160
** Event #6509824   t=218.942272490403   Elapsed: 132.354s (2m 12s)  43% completed  (71% total)
     Speed:     ev/sec=51487.9   simsec/sec=0.16979   ev/simsec=303245
     Messages:  created: 8472026   present: 7460   in FES: 156
** Event #6610432   t=219.857679777402   Elapsed: 134.358s (2m 14s)  43% completed  (71% total)
     Speed:     ev/sec=50207.3   simsec/sec=0.456823   ev/simsec=109905
     Messages:  created: 8608952   present: 7495   in FES: 163
** Event #6701056   t=221.344342696055   Elapsed: 136.362s (2m 16s)  44% completed  (72% total)
     Speed:     ev/sec=45215.6   simsec/sec=0.741751   ev/simsec=60958
     Messages:  created: 8729709   present: 7567   in FES: 150
** Event #6804992   t=223.374945610851   Elapsed: 138.365s (2m 18s)  44% completed  (72% total)
     Speed:     ev/sec=51896.4   simsec/sec=1.0139   ev/simsec=51184.8
     Messages:  created: 8865520   present: 7142   in FES: 141
** Event #6901760   t=223.679204201094   Elapsed: 140.366s (2m 20s)  44% completed  (72% total)
     Speed:     ev/sec=48352   simsec/sec=0.152029   ev/simsec=318045
     Messages:  created: 8998084   present: 6756   in FES: 160
** Event #6992384   t=224.261598275502   Elapsed: 142.366s (2m 22s)  44% completed  (72% total)
     Speed:     ev/sec=45309.9   simsec/sec=0.291184   ev/simsec=155606
     Messages:  created: 9120223   present: 6207   in FES: 162
** Event #7077888   t=224.526318234568   Elapsed: 144.367s (2m 24s)  44% completed  (72% total)
     Speed:     ev/sec=42732.1   simsec/sec=0.132298   ev/simsec=322998
     Messages:  created: 9235499   present: 5320   in FES: 167
** Event #7162112   t=224.79960713463   Elapsed: 146.369s (2m 26s)  44% completed  (72% total)
     Speed:     ev/sec=42083.4   simsec/sec=0.136552   ev/simsec=308187
     Messages:  created: 9352237   present: 5310   in FES: 169
** Event #7259904   t=225.373323827139   Elapsed: 148.374s (2m 28s)  45% completed  (72% total)
     Speed:     ev/sec=48766.7   simsec/sec=0.2861   ev/simsec=170453
     Messages:  created: 9485932   present: 5111   in FES: 163
** Event #7342848   t=226.61980730917   Elapsed: 150.376s (2m 30s)  45% completed  (72% total)
     Speed:     ev/sec=41432.4   simsec/sec=0.622647   ev/simsec=66542.4
     Messages:  created: 9595726   present: 4788   in FES: 170
** Event #7436288   t=226.955022844854   Elapsed: 152.379s (2m 32s)  45% completed  (72% total)
     Speed:     ev/sec=46657.6   simsec/sec=0.167384   ev/simsec=278746
     Messages:  created: 9725501   present: 4711   in FES: 161
** Event #7523328   t=227.252132873631   Elapsed: 154.385s (2m 34s)  45% completed  (72% total)
     Speed:     ev/sec=43379.1   simsec/sec=0.148074   ev/simsec=292955
     Messages:  created: 9844085   present: 4375   in FES: 193
** Event #7620096   t=227.608514390422   Elapsed: 156.39s (2m 36s)  45% completed  (72% total)
     Speed:     ev/sec=48271.1   simsec/sec=0.177775   ev/simsec=271529
     Messages:  created: 9977882   present: 4146   in FES: 151
** Event #7710976   t=227.917629899923   Elapsed: 158.391s (2m 38s)  45% completed  (72% total)
     Speed:     ev/sec=45413.6   simsec/sec=0.154468   ev/simsec=294000
     Messages:  created: 10103658   present: 4270   in FES: 191
** Event #7804672   t=228.235550012322   Elapsed: 160.391s (2m 40s)  45% completed  (72% total)
     Speed:     ev/sec=46846.9   simsec/sec=0.158956   ev/simsec=294716
     Messages:  created: 10232260   present: 4270   in FES: 190
** Event #7894784   t=228.572293056193   Elapsed: 162.398s (2m 42s)  45% completed  (72% total)
     Speed:     ev/sec=44905.9   simsec/sec=0.167811   ev/simsec=267599
     Messages:  created: 10356362   present: 4210   in FES: 168
** Event #7994112   t=228.929255766643   Elapsed: 164.401s (2m 44s)  45% completed  (72% total)
     Speed:     ev/sec=49575   simsec/sec=0.178162   ev/simsec=278259
     Messages:  created: 10493740   present: 4307   in FES: 191
** Event #8082688   t=229.261264383015   Elapsed: 166.402s (2m 46s)  45% completed  (72% total)
     Speed:     ev/sec=44280   simsec/sec=0.165974   ev/simsec=266788
     Messages:  created: 10615062   present: 4161   in FES: 144
** Event #8174080   t=229.593471288498   Elapsed: 168.402s (2m 48s)  45% completed  (72% total)
     Speed:     ev/sec=45681.5   simsec/sec=0.166051   ev/simsec=275106
     Messages:  created: 10741030   present: 4185   in FES: 163
** Event #8254976   t=229.898088245773   Elapsed: 170.406s (2m 50s)  45% completed  (72% total)
     Speed:     ev/sec=40362.4   simsec/sec=0.151986   ev/simsec=265566
     Messages:  created: 10852711   present: 4199   in FES: 155
** Event #8344832   t=230.208761656591   Elapsed: 172.411s (2m 52s)  46% completed  (73% total)
     Speed:     ev/sec=44828.7   simsec/sec=0.154993   ev/simsec=289230
     Messages:  created: 10975927   present: 4151   in FES: 132
** Event #8434944   t=230.568042951164   Elapsed: 174.414s (2m 54s)  46% completed  (73% total)
     Speed:     ev/sec=44991.2   simsec/sec=0.179382   ev/simsec=250812
     Messages:  created: 11099761   present: 4196   in FES: 160
** Event #8522752   t=230.88851435981   Elapsed: 176.421s (2m 56s)  46% completed  (73% total)
     Speed:     ev/sec=43746.2   simsec/sec=0.15966   ev/simsec=273996
     Messages:  created: 11221072   present: 4258   in FES: 169
** Event #8596736   t=231.161373036809   Elapsed: 178.539s (2m 58s)  46% completed  (73% total)
     Speed:     ev/sec=34931.5   simsec/sec=0.12883   ev/simsec=271144
     Messages:  created: 11322527   present: 4221   in FES: 155
** Event #8691200   t=231.522085620318   Elapsed: 180.541s (3m 00s)  46% completed  (73% total)
     Speed:     ev/sec=47190.3   simsec/sec=0.180197   ev/simsec=261882
     Messages:  created: 11452523   present: 4183   in FES: 154
** Event #8778752   t=231.857130631144   Elapsed: 182.543s (3m 02s)  46% completed  (73% total)
     Speed:     ev/sec=43715.1   simsec/sec=0.167289   ev/simsec=261314
     Messages:  created: 11573427   present: 4172   in FES: 139
** Event #8878336   t=232.204296800635   Elapsed: 184.547s (3m 04s)  46% completed  (73% total)
     Speed:     ev/sec=49697.5   simsec/sec=0.173253   ev/simsec=286848
     Messages:  created: 11710139   present: 4302   in FES: 179
** Event #8969984   t=232.560274885855   Elapsed: 186.55s (3m 06s)  46% completed  (73% total)
     Speed:     ev/sec=45770.5   simsec/sec=0.177781   ev/simsec=257454
     Messages:  created: 11836227   present: 4142   in FES: 135
** Event #9062144   t=232.910635399671   Elapsed: 188.55s (3m 08s)  46% completed  (73% total)
     Speed:     ev/sec=46061.1   simsec/sec=0.175108   ev/simsec=263043
     Messages:  created: 11963650   present: 4226   in FES: 153
** Event #9152000   t=233.261348856973   Elapsed: 190.551s (3m 10s)  46% completed  (73% total)
     Speed:     ev/sec=44917.8   simsec/sec=0.175317   ev/simsec=256209
     Messages:  created: 12086783   present: 4151   in FES: 142
** Event #9245952   t=233.614144893498   Elapsed: 192.551s (3m 12s)  46% completed  (73% total)
     Speed:     ev/sec=46965.2   simsec/sec=0.176357   ev/simsec=266307
     Messages:  created: 12215943   present: 4221   in FES: 158
** Event #9338112   t=234.007961289021   Elapsed: 194.553s (3m 14s)  46% completed  (73% total)
     Speed:     ev/sec=46049.8   simsec/sec=0.196779   ev/simsec=234018
     Messages:  created: 12343016   present: 4228   in FES: 157
** Event #9423360   t=234.318882052905   Elapsed: 196.557s (3m 16s)  46% completed  (73% total)
     Speed:     ev/sec=42538.6   simsec/sec=0.155149   ev/simsec=274179
     Messages:  created: 12459540   present: 4179   in FES: 143
** Event #9512448   t=234.637365225742   Elapsed: 198.559s (3m 18s)  46% completed  (73% total)
     Speed:     ev/sec=44486.3   simsec/sec=0.159035   ev/simsec=279726
     Messages:  created: 12582148   present: 4236   in FES: 158
** Event #9604608   t=235.005740785764   Elapsed: 200.561s (3m 20s)  47% completed  (73% total)
     Speed:     ev/sec=46044.2   simsec/sec=0.184045   ev/simsec=250179
     Messages:  created: 12709166   present: 4170   in FES: 140
** Event #9684736   t=235.31662725848   Elapsed: 202.562s (3m 22s)  47% completed  (73% total)
     Speed:     ev/sec=40042.1   simsec/sec=0.155358   ev/simsec=257740
     Messages:  created: 12818677   present: 4226   in FES: 158
** Event #9775616   t=235.976752064113   Elapsed: 204.563s (3m 24s)  47% completed  (73% total)
     Speed:     ev/sec=45414.3   simsec/sec=0.329876   ev/simsec=137671
     Messages:  created: 12942818   present: 4087   in FES: 158
** Event #9868032   t=237.365191389623   Elapsed: 206.566s (3m 26s)  47% completed  (73% total)
     Speed:     ev/sec=46151.3   simsec/sec=0.693367   ev/simsec=66561.1
     Messages:  created: 13065233   present: 4077   in FES: 140
** Event #9955584   t=239.068882261363   Elapsed: 208.566s (3m 28s)  47% completed  (73% total)
     Speed:     ev/sec=43757.3   simsec/sec=0.851482   ev/simsec=51389.6
     Messages:  created: 13181719   present: 4082   in FES: 138
** Event #10050304   t=241.01618678311   Elapsed: 210.631s (3m 30s)  48% completed  (74% total)
     Speed:     ev/sec=45868   simsec/sec=0.942979   ev/simsec=48641.6
     Messages:  created: 13307650   present: 4136   in FES: 156
** Event #10144512   t=242.72151049247   Elapsed: 212.632s (3m 32s)  48% completed  (74% total)
     Speed:     ev/sec=47083   simsec/sec=0.852283   ev/simsec=55243.5
     Messages:  created: 13432744   present: 4103   in FES: 133
** Event #10230272   t=244.50151656842   Elapsed: 214.634s (3m 34s)  48% completed  (74% total)
     Speed:     ev/sec=42844   simsec/sec=0.889256   ev/simsec=48179.6
     Messages:  created: 13544967   present: 4230   in FES: 155
** Event #10323456   t=246.499901086772   Elapsed: 216.637s (3m 36s)  49% completed  (74% total)
     Speed:     ev/sec=46531.4   simsec/sec=0.997893   ev/simsec=46629.7
     Messages:  created: 13667010   present: 4301   in FES: 158
** Event #10419456   t=248.502240180491   Elapsed: 218.641s (3m 38s)  49% completed  (74% total)
     Speed:     ev/sec=47905.4   simsec/sec=0.999197   ev/simsec=47943.9
     Messages:  created: 13792720   present: 4368   in FES: 158
** Event #10500096   t=250.162902603593   Elapsed: 220.643s (3m 40s)  50% completed  (75% total)
     Speed:     ev/sec=40269.6   simsec/sec=0.829293   ev/simsec=48558.9
     Messages:  created: 13898562   present: 4358   in FES: 144
** Event #10583552   t=251.135471156243   Elapsed: 222.644s (3m 42s)  50% completed  (75% total)
     Speed:     ev/sec=41701.5   simsec/sec=0.485976   ev/simsec=85809.9
     Messages:  created: 14008950   present: 3926   in FES: 155
** Event #10687744   t=251.466177494656   Elapsed: 224.652s (3m 44s)  50% completed  (75% total)
     Speed:     ev/sec=51907.3   simsec/sec=0.164754   ev/simsec=315059
     Messages:  created: 14152697   present: 3895   in FES: 144
** Event #10777856   t=251.764856172636   Elapsed: 226.653s (3m 46s)  50% completed  (75% total)
     Speed:     ev/sec=45027.4   simsec/sec=0.149244   ev/simsec=301702
     Messages:  created: 14277358   present: 3865   in FES: 125
** Event #10867712   t=252.065091688076   Elapsed: 228.66s (3m 48s)  50% completed  (75% total)
     Speed:     ev/sec=44775.5   simsec/sec=0.149608   ev/simsec=299285
     Messages:  created: 14401244   present: 3912   in FES: 149
** Event #10960640   t=252.369992671465   Elapsed: 230.671s (3m 50s)  50% completed  (75% total)
     Speed:     ev/sec=46196.2   simsec/sec=0.151572   ev/simsec=304781
     Messages:  created: 14529044   present: 3974   in FES: 155
** Event #11052544   t=253.552615555383   Elapsed: 232.673s (3m 52s)  50% completed  (75% total)
     Speed:     ev/sec=45911.8   simsec/sec=0.590794   ev/simsec=77712
     Messages:  created: 14651883   present: 3896   in FES: 156
** Event #11148800   t=255.502023400146   Elapsed: 234.676s (3m 54s)  51% completed  (75% total)
     Speed:     ev/sec=48060.6   simsec/sec=0.973338   ev/simsec=49377
     Messages:  created: 14777341   present: 3941   in FES: 155
** Event #11223296   t=257.132839912316   Elapsed: 236.677s (3m 56s)  51% completed  (75% total)
     Speed:     ev/sec=37233.1   simsec/sec=0.815083   ev/simsec=45680.2
     Messages:  created: 14874288   present: 3888   in FES: 126
** Event #11315200   t=257.899389731054   Elapsed: 238.679s (3m 58s)  51% completed  (75% total)
     Speed:     ev/sec=45891.1   simsec/sec=0.382767   ev/simsec=119893
     Messages:  created: 14999782   present: 3976   in FES: 140
** Event #11403776   t=258.197973779952   Elapsed: 240.689s (4m 00s)  51% completed  (75% total)
     Speed:     ev/sec=44083.4   simsec/sec=0.148602   ev/simsec=296653
     Messages:  created: 15121336   present: 4008   in FES: 136
** Event #11511040   t=258.541099809344   Elapsed: 242.69s (4m 02s)  51% completed  (75% total)
     Speed:     ev/sec=53592.6   simsec/sec=0.171437   ev/simsec=312608
     Messages:  created: 15269404   present: 4073   in FES: 160
** Event #11612160   t=258.773168427782   Elapsed: 244.692s (4m 04s)  51% completed  (75% total)
     Speed:     ev/sec=50517.3   simsec/sec=0.115936   ev/simsec=435733
     Messages:  created: 15408324   present: 3730   in FES: 161
** Event #11704576   t=259.062966730512   Elapsed: 246.692s (4m 06s)  51% completed  (75% total)
     Speed:     ev/sec=46198   simsec/sec=0.144868   ev/simsec=318898
     Messages:  created: 15535482   present: 3616   in FES: 132
** Event #11805184   t=259.388271420836   Elapsed: 248.693s (4m 08s)  51% completed  (75% total)
     Speed:     ev/sec=50293.4   simsec/sec=0.162618   ev/simsec=309273
     Messages:  created: 15674168   present: 3673   in FES: 157
** Event #11908864   t=259.708908830707   Elapsed: 250.693s (4m 10s)  51% completed  (75% total)
     Speed:     ev/sec=51827.6   simsec/sec=0.16028   ev/simsec=323356
     Messages:  created: 15817365   present: 3681   in FES: 157
** Event #12010752   t=260.015060037081   Elapsed: 252.696s (4m 12s)  52% completed  (76% total)
     Speed:     ev/sec=50873.8   simsec/sec=0.152865   ev/simsec=332803
     Messages:  created: 15958023   present: 3653   in FES: 157
** Event #12102912   t=260.30386515933   Elapsed: 254.697s (4m 14s)  52% completed  (76% total)
     Speed:     ev/sec=46054.8   simsec/sec=0.144323   ev/simsec=319108
     Messages:  created: 16084765   present: 3712   in FES: 187
** Event #12197632   t=260.59783018171   Elapsed: 256.698s (4m 16s)  52% completed  (76% total)
     Speed:     ev/sec=47323.2   simsec/sec=0.146868   ev/simsec=322215
     Messages:  created: 16215427   present: 3545   in FES: 128
** Event #12300544   t=260.919966484413   Elapsed: 258.702s (4m 18s)  52% completed  (76% total)
     Speed:     ev/sec=51377.7   simsec/sec=0.160823   ev/simsec=319467
     Messages:  created: 16357832   present: 3609   in FES: 153
** Event #12407808   t=261.308930513275   Elapsed: 260.704s (4m 20s)  52% completed  (76% total)
     Speed:     ev/sec=53575.5   simsec/sec=0.194277   ev/simsec=275768
     Messages:  created: 16505065   present: 3572   in FES: 161
** Event #12508928   t=261.794019036183   Elapsed: 262.706s (4m 22s)  52% completed  (76% total)
     Speed:     ev/sec=50500.3   simsec/sec=0.242258   ev/simsec=208457
     Messages:  created: 16644281   present: 3547   in FES: 147
** Event #12623872   t=262.344215977986   Elapsed: 264.709s (4m 24s)  52% completed  (76% total)
     Speed:     ev/sec=57390   simsec/sec=0.274706   ev/simsec=208914
     Messages:  created: 16801643   present: 3555   in FES: 153
** Event #12740352   t=262.775511553206   Elapsed: 266.712s (4m 26s)  52% completed  (76% total)
     Speed:     ev/sec=58160.9   simsec/sec=0.215355   ev/simsec=270070
     Messages:  created: 16961952   present: 3608   in FES: 166
** Event #12838912   t=263.061692428966   Elapsed: 268.713s (4m 28s)  52% completed  (76% total)
     Speed:     ev/sec=49253.6   simsec/sec=0.143014   ev/simsec=344398
     Messages:  created: 17097824   present: 3648   in FES: 191
** Event #12954880   t=263.609993438742   Elapsed: 270.716s (4m 30s)  52% completed  (76% total)
     Speed:     ev/sec=57891   simsec/sec=0.273711   ev/simsec=211504
     Messages:  created: 17256497   present: 3536   in FES: 152
** Event #13059584   t=264.098088102201   Elapsed: 272.716s (4m 32s)  52% completed  (76% total)
     Speed:     ev/sec=52346.3   simsec/sec=0.244021   ev/simsec=214516
     Messages:  created: 17400066   present: 3459   in FES: 138
** Event #13173760   t=264.611546693291   Elapsed: 274.716s (4m 34s)  52% completed  (76% total)
     Speed:     ev/sec=57077.7   simsec/sec=0.256683   ev/simsec=222367
     Messages:  created: 17556760   present: 3563   in FES: 159
** Event #13268992   t=265.054710731718   Elapsed: 276.72s (4m 36s)  53% completed  (76% total)
     Speed:     ev/sec=47520.3   simsec/sec=0.221137   ev/simsec=214891
     Messages:  created: 17687390   present: 3545   in FES: 165
** Event #13366272   t=265.410178014241   Elapsed: 278.722s (4m 38s)  53% completed  (76% total)
     Speed:     ev/sec=48594.5   simsec/sec=0.177567   ev/simsec=273668
     Messages:  created: 17820617   present: 3499   in FES: 160
** Event #13478144   t=265.999944008256   Elapsed: 280.726s (4m 40s)  53% completed  (76% total)
     Speed:     ev/sec=55842.7   simsec/sec=0.294391   ev/simsec=189689
     Messages:  created: 17974810   present: 3522   in FES: 190
** Event #13594112   t=266.530118738122   Elapsed: 282.727s (4m 42s)  53% completed  (76% total)
     Speed:     ev/sec=57952.6   simsec/sec=0.264944   ev/simsec=218735
     Messages:  created: 18133327   present: 3512   in FES: 166
** Event #13691648   t=266.93017807541   Elapsed: 284.73s (4m 44s)  53% completed  (76% total)
     Speed:     ev/sec=48677.4   simsec/sec=0.199658   ev/simsec=243804
     Messages:  created: 18267567   present: 3466   in FES: 149
** Event #13806848   t=267.563792355351   Elapsed: 286.731s (4m 46s)  53% completed  (76% total)
     Speed:     ev/sec=57572.7   simsec/sec=0.316657   ev/simsec=181814
     Messages:  created: 18425059   present: 3460   in FES: 169
** Event #13924096   t=268.149231700996   Elapsed: 288.732s (4m 48s)  53% completed  (76% total)
     Speed:     ev/sec=58607.4   simsec/sec=0.292637   ev/simsec=200274
     Messages:  created: 18586098   present: 3433   in FES: 134
** Event #14025984   t=268.582822795582   Elapsed: 290.732s (4m 50s)  53% completed  (76% total)
     Speed:     ev/sec=50935.3   simsec/sec=0.216759   ev/simsec=234986
     Messages:  created: 18726441   present: 3462   in FES: 137
** Event #14145536   t=268.976831646887   Elapsed: 292.734s (4m 52s)  53% completed  (76% total)
     Speed:     ev/sec=59727.3   simsec/sec=0.196844   ev/simsec=303425
     Messages:  created: 18891988   present: 3569   in FES: 164
** Event #14257664   t=269.335347101542   Elapsed: 294.736s (4m 54s)  53% completed  (76% total)
     Speed:     ev/sec=56018.3   simsec/sec=0.179112   ev/simsec=312756
     Messages:  created: 19046110   present: 3498   in FES: 144
** Event #14367232   t=269.679535685646   Elapsed: 296.739s (4m 56s)  53% completed  (76% total)
     Speed:     ev/sec=54698   simsec/sec=0.171824   ev/simsec=318337
     Messages:  created: 19197397   present: 3518   in FES: 144
** Event #14474752   t=270.112985207644   Elapsed: 298.74s (4m 58s)  54% completed  (77% total)
     Speed:     ev/sec=53728.3   simsec/sec=0.216597   ev/simsec=248057
     Messages:  created: 19345115   present: 3576   in FES: 155
** Event #14593024   t=270.596926937084   Elapsed: 300.743s (5m 00s)  54% completed  (77% total)
     Speed:     ev/sec=59048.5   simsec/sec=0.241613   ev/simsec=244393
     Messages:  created: 19507902   present: 3491   in FES: 126
** Event #14712064   t=271.102509642011   Elapsed: 302.746s (5m 02s)  54% completed  (77% total)
     Speed:     ev/sec=59421.9   simsec/sec=0.252375   ev/simsec=235451
     Messages:  created: 19671652   present: 3626   in FES: 159
** Event #14811392   t=271.545238185456   Elapsed: 304.749s (5m 04s)  54% completed  (77% total)
     Speed:     ev/sec=49582.4   simsec/sec=0.221001   ev/simsec=224354
     Messages:  created: 19808252   present: 3559   in FES: 140
** Event #14924800   t=272.014934238523   Elapsed: 306.752s (5m 06s)  54% completed  (77% total)
     Speed:     ev/sec=56633.9   simsec/sec=0.234558   ev/simsec=241450
     Messages:  created: 19964838   present: 3651   in FES: 153
** Event #15041536   t=272.474056450886   Elapsed: 308.754s (5m 08s)  54% completed  (77% total)
     Speed:     ev/sec=58297.1   simsec/sec=0.229282   ev/simsec=254259
     Messages:  created: 20124974   present: 3566   in FES: 138
** Event #15139328   t=272.925027704101   Elapsed: 310.757s (5m 10s)  54% completed  (77% total)
     Speed:     ev/sec=48834.5   simsec/sec=0.225202   ev/simsec=216848
     Messages:  created: 20260133   present: 3689   in FES: 154
** Event #15252992   t=273.415413260803   Elapsed: 312.761s (5m 12s)  54% completed  (77% total)
     Speed:     ev/sec=56711.2   simsec/sec=0.244672   ev/simsec=231785
     Messages:  created: 20415375   present: 3621   in FES: 185
** Event #15369472   t=274.613522773869   Elapsed: 314.764s (5m 14s)  54% completed  (77% total)
     Speed:     ev/sec=58152.5   simsec/sec=0.598155   ev/simsec=97219.8
     Messages:  created: 20573098   present: 3425   in FES: 139
** Event #15488768   t=277.306668297561   Elapsed: 316.765s (5m 16s)  55% completed  (77% total)
     Speed:     ev/sec=59629.1   simsec/sec=1.34615   ev/simsec=44296.2
     Messages:  created: 20728908   present: 3767   in FES: 161
** Event #15592704   t=277.642776275755   Elapsed: 318.767s (5m 18s)  55% completed  (77% total)
     Speed:     ev/sec=51916.1   simsec/sec=0.167886   ev/simsec=309234
     Messages:  created: 20872400   present: 3759   in FES: 158
** Event #15708672   t=278.014408367669   Elapsed: 320.769s (5m 20s)  55% completed  (77% total)
     Speed:     ev/sec=57919   simsec/sec=0.185608   ev/simsec=312051
     Messages:  created: 21032616   present: 3757   in FES: 156
** Event #15821824   t=278.37217465367   Elapsed: 322.772s (5m 22s)  55% completed  (77% total)
     Speed:     ev/sec=56492.4   simsec/sec=0.178619   ev/simsec=316274
     Messages:  created: 21188316   present: 3795   in FES: 164
** Event #15930880   t=278.721190104496   Elapsed: 324.773s (5m 24s)  55% completed  (77% total)
     Speed:     ev/sec=54505.7   simsec/sec=0.174436   ev/simsec=312468
     Messages:  created: 21339027   present: 3743   in FES: 127
** Event #16043008   t=279.194037834039   Elapsed: 326.774s (5m 26s)  55% completed  (77% total)
     Speed:     ev/sec=56027.5   simsec/sec=0.23627   ev/simsec=237133
     Messages:  created: 21492832   present: 3726   in FES: 137
** Event #16153600   t=279.592114433975   Elapsed: 328.778s (5m 28s)  55% completed  (77% total)
     Speed:     ev/sec=55198.7   simsec/sec=0.198688   ev/simsec=277816
     Messages:  created: 21645111   present: 3743   in FES: 143
** Event #16258560   t=279.912940351362   Elapsed: 330.782s (5m 30s)  55% completed  (77% total)
     Speed:     ev/sec=52370.2   simsec/sec=0.160077   ev/simsec=327156
     Messages:  created: 21790263   present: 3816   in FES: 157
** Event #16363008   t=280.231239232244   Elapsed: 332.783s (5m 32s)  56% completed  (78% total)
     Speed:     ev/sec=52206.1   simsec/sec=0.159095   ev/simsec=328144
     Messages:  created: 21933785   present: 3804   in FES: 155
** Event #16475392   t=280.580377421496   Elapsed: 334.784s (5m 34s)  56% completed  (78% total)
     Speed:     ev/sec=56153.4   simsec/sec=0.174449   ev/simsec=321890
     Messages:  created: 22088724   present: 3806   in FES: 157
** Event #16574464   t=280.898666992915   Elapsed: 336.786s (5m 36s)  56% completed  (78% total)
     Speed:     ev/sec=49490.8   simsec/sec=0.159   ev/simsec=311264
     Messages:  created: 22225721   present: 3752   in FES: 126
** Event #16691712   t=281.26747279398   Elapsed: 338.787s (5m 38s)  56% completed  (78% total)
     Speed:     ev/sec=58591.6   simsec/sec=0.184301   ev/simsec=317913
     Messages:  created: 22386979   present: 3824   in FES: 157
** Event #16807936   t=281.646786975677   Elapsed: 340.787s (5m 40s)  56% completed  (78% total)
     Speed:     ev/sec=58097.3   simsec/sec=0.189609   ev/simsec=306406
     Messages:  created: 22547301   present: 3767   in FES: 126
** Event #16923648   t=282.083304731954   Elapsed: 342.789s (5m 42s)  56% completed  (78% total)
     Speed:     ev/sec=57813.3   simsec/sec=0.218098   ev/simsec=265080
     Messages:  created: 22706456   present: 3830   in FES: 151
** Event #17044224   t=282.586639579275   Elapsed: 344.791s (5m 44s)  56% completed  (78% total)
     Speed:     ev/sec=60229   simsec/sec=0.251421   ev/simsec=239554
     Messages:  created: 22872377   present: 3838   in FES: 151
** Event #17161216   t=283.092904492907   Elapsed: 346.794s (5m 46s)  56% completed  (78% total)
     Speed:     ev/sec=58400.7   simsec/sec=0.25272   ev/simsec=231089
     Messages:  created: 23033181   present: 3895   in FES: 151
** Event #17272320   t=283.583261123811   Elapsed: 348.797s (5m 48s)  56% completed  (78% total)
     Speed:     ev/sec=55479.7   simsec/sec=0.244859   ev/simsec=226578
     Messages:  created: 23186016   present: 3895   in FES: 157
** Event #17395968   t=284.118559506777   Elapsed: 350.8s (5m 50s)  56% completed  (78% total)
     Speed:     ev/sec=61720.6   simsec/sec=0.267202   ev/simsec=230989
     Messages:  created: 23355815   present: 3961   in FES: 165
** Event #17518080   t=284.610986322165   Elapsed: 352.803s (5m 52s)  56% completed  (78% total)
     Speed:     ev/sec=60960.6   simsec/sec=0.245829   ev/simsec=247980
     Messages:  created: 23523948   present: 3871   in FES: 126
** Event #17634304   t=285.093763028877   Elapsed: 354.807s (5m 54s)  57% completed  (78% total)
     Speed:     ev/sec=58003.9   simsec/sec=0.240939   ev/simsec=240741
     Messages:  created: 23683757   present: 3910   in FES: 128
** Event #17756416   t=285.613075257604   Elapsed: 356.81s (5m 56s)  57% completed  (78% total)
     Speed:     ev/sec=60951   simsec/sec=0.259209   ev/simsec=235142
     Messages:  created: 23852011   present: 4008   in FES: 161
** Event #17876224   t=286.105134630433   Elapsed: 358.811s (5m 58s)  57% completed  (78% total)
     Speed:     ev/sec=59884.9   simsec/sec=0.245951   ev/simsec=243483
     Messages:  created: 24016826   present: 4012   in FES: 157
** Event #17985280   t=286.59909442216   Elapsed: 360.814s (6m 00s)  57% completed  (78% total)
     Speed:     ev/sec=54445.8   simsec/sec=0.246608   ev/simsec=220779
     Messages:  created: 24166923   present: 4003   in FES: 145
** Event #18107392   t=287.100217344812   Elapsed: 362.815s (6m 02s)  57% completed  (78% total)
     Speed:     ev/sec=61029.2   simsec/sec=0.250451   ev/simsec=243677
     Messages:  created: 24334989   present: 4079   in FES: 163
** Event #18222336   t=287.613636360983   Elapsed: 364.818s (6m 04s)  57% completed  (78% total)
     Speed:     ev/sec=57376.7   simsec/sec=0.256284   ev/simsec=223880
     Messages:  created: 24493187   present: 4061   in FES: 151
** Event #18336256   t=288.115112283279   Elapsed: 366.82s (6m 06s)  57% completed  (78% total)
     Speed:     ev/sec=56899.3   simsec/sec=0.250471   ev/simsec=227169
     Messages:  created: 24649789   present: 4091   in FES: 150
** Event #18452224   t=288.611741281813   Elapsed: 368.822s (6m 08s)  57% completed  (78% total)
     Speed:     ev/sec=57938.2   simsec/sec=0.248118   ev/simsec=233510
     Messages:  created: 24809676   present: 4139   in FES: 156
** Event #18569216   t=289.106979178261   Elapsed: 370.822s (6m 10s)  57% completed  (78% total)
     Speed:     ev/sec=58489.7   simsec/sec=0.247592   ev/simsec=236234
     Messages:  created: 24970724   present: 4067   in FES: 125
** Event #18694144   t=289.676705881198   Elapsed: 372.822s (6m 12s)  57% completed  (78% total)
     Speed:     ev/sec=62454.3   simsec/sec=0.284819   ev/simsec=219277
     Messages:  created: 25143015   present: 4281   in FES: 186
** Event #18809088   t=290.174500147574   Elapsed: 374.826s (6m 14s)  58% completed  (79% total)
     Speed:     ev/sec=57365.9   simsec/sec=0.248438   ev/simsec=230907
     Messages:  created: 25300979   present: 4185   in FES: 155
** Event #18934784   t=290.687204667609   Elapsed: 376.828s (6m 16s)  58% completed  (79% total)
     Speed:     ev/sec=62797.3   simsec/sec=0.256146   ev/simsec=245163
     Messages:  created: 25474497   present: 4223   in FES: 156
** Event #19058432   t=291.198788182112   Elapsed: 378.831s (6m 18s)  58% completed  (79% total)
     Speed:     ev/sec=61730.6   simsec/sec=0.255405   ev/simsec=241697
     Messages:  created: 25644617   present: 4167   in FES: 135
** Event #19179008   t=291.793282147255   Elapsed: 380.909s (6m 20s)  58% completed  (79% total)
     Speed:     ev/sec=58015.8   simsec/sec=0.286044   ev/simsec=202821
     Messages:  created: 25811109   present: 4275   in FES: 159
** Event #19298048   t=292.21629633734   Elapsed: 382.91s (6m 22s)  58% completed  (79% total)
     Speed:     ev/sec=59503.4   simsec/sec=0.211448   ev/simsec=281409
     Messages:  created: 25975328   present: 4252   in FES: 155
** Event #19416832   t=292.770997795876   Elapsed: 384.912s (6m 24s)  58% completed  (79% total)
     Speed:     ev/sec=59321.2   simsec/sec=0.27702   ev/simsec=214140
     Messages:  created: 26139351   present: 4312   in FES: 156
** Event #19532288   t=293.290772673865   Elapsed: 386.914s (6m 26s)  58% completed  (79% total)
     Speed:     ev/sec=57678.3   simsec/sec=0.259664   ev/simsec=222127
     Messages:  created: 26298134   present: 4326   in FES: 156
** Event #19649792   t=293.815098824306   Elapsed: 388.917s (6m 28s)  58% completed  (79% total)
     Speed:     ev/sec=58663.1   simsec/sec=0.261766   ev/simsec=224105
     Messages:  created: 26460473   present: 4481   in FES: 190
** Event #19769088   t=294.326000105456   Elapsed: 390.917s (6m 30s)  58% completed  (79% total)
     Speed:     ev/sec=59640.3   simsec/sec=0.255418   ev/simsec=233501
     Messages:  created: 26624468   present: 4371   in FES: 142
** Event #19891712   t=294.906029965767   Elapsed: 392.921s (6m 32s)  58% completed  (79% total)
     Speed:     ev/sec=61200.3   simsec/sec=0.289487   ev/simsec=211410
     Messages:  created: 26794023   present: 4434   in FES: 161
** Event #20009984   t=295.509330144881   Elapsed: 394.924s (6m 34s)  59% completed  (79% total)
     Speed:     ev/sec=59031.2   simsec/sec=0.301115   ev/simsec=196042
     Messages:  created: 26956284   present: 4423   in FES: 154
** Event #20125440   t=296.076616318464   Elapsed: 396.928s (6m 36s)  59% completed  (79% total)
     Speed:     ev/sec=57614.4   simsec/sec=0.283085   ev/simsec=203523
     Messages:  created: 27115235   present: 4447   in FES: 145
** Event #20246272   t=296.644978691073   Elapsed: 398.93s (6m 38s)  59% completed  (79% total)
     Speed:     ev/sec=60362.2   simsec/sec=0.283928   ev/simsec=212597
     Messages:  created: 27281764   present: 4518   in FES: 155
** Event #20369408   t=297.283355481116   Elapsed: 400.93s (6m 40s)  59% completed  (79% total)
     Speed:     ev/sec=61560.6   simsec/sec=0.31915   ev/simsec=192889
     Messages:  created: 27450899   present: 4448   in FES: 137
** Event #20487168   t=297.853453388959   Elapsed: 402.934s (6m 42s)  59% completed  (79% total)
     Speed:     ev/sec=58782.5   simsec/sec=0.284577   ev/simsec=206561
     Messages:  created: 27613451   present: 4574   in FES: 161
** Event #20607232   t=298.430026174758   Elapsed: 404.938s (6m 44s)  59% completed  (79% total)
     Speed:     ev/sec=59902.8   simsec/sec=0.287666   ev/simsec=208237
     Messages:  created: 27778125   present: 4549   in FES: 136
** Event #20731136   t=299.053967759409   Elapsed: 406.939s (6m 46s)  59% completed  (79% total)
     Speed:     ev/sec=61919   simsec/sec=0.311805   ev/simsec=198583
     Messages:  created: 27949033   present: 4583   in FES: 155
** Event #20843520   t=300.010944972857   Elapsed: 408.939s (6m 48s)  60% completed  (80% total)
     Speed:     ev/sec=56183.5   simsec/sec=0.478417   ev/simsec=117436
     Messages:  created: 28103091   present: 4608   in FES: 155
** Event #20967680   t=300.695144717089   Elapsed: 410.942s (6m 50s)  60% completed  (80% total)
     Speed:     ev/sec=61982.1   simsec/sec=0.341561   ev/simsec=181467
     Messages:  created: 28273466   present: 4690   in FES: 148
** Event #21089024   t=301.251612425717   Elapsed: 412.944s (6m 52s)  60% completed  (80% total)
     Speed:     ev/sec=60636   simsec/sec=0.278069   ev/simsec=218061
     Messages:  created: 28440386   present: 4670   in FES: 154
** Event #21204736   t=301.759811943344   Elapsed: 414.947s (6m 54s)  60% completed  (80% total)
     Speed:     ev/sec=57769.7   simsec/sec=0.253721   ev/simsec=227690
     Messages:  created: 28600274   present: 4759   in FES: 154
** Event #21322496   t=302.3   Elapsed: 416.951s (6m 56s)  60% completed  (80% total)
     Speed:     ev/sec=58762.1   simsec/sec=0.269553   ev/simsec=217998
     Messages:  created: 28762190   present: 4680   in FES: 123
** Event #21447168   t=302.885308235373   Elapsed: 418.952s (6m 58s)  60% completed  (80% total)
     Speed:     ev/sec=62286.8   simsec/sec=0.292423   ev/simsec=213002
     Messages:  created: 28934378   present: 4768   in FES: 137
** Event #21574400   t=303.511146227562   Elapsed: 420.955s (7m 00s)  60% completed  (80% total)
     Speed:     ev/sec=63536.7   simsec/sec=0.312529   ev/simsec=203299
     Messages:  created: 29109076   present: 4840   in FES: 154
** Event #21692416   t=304.060253505658   Elapsed: 422.957s (7m 02s)  60% completed  (80% total)
     Speed:     ev/sec=58944.9   simsec/sec=0.27426   ev/simsec=214923
     Messages:  created: 29271747   present: 4879   in FES: 156
** Event #21812736   t=304.590740092599   Elapsed: 424.959s (7m 04s)  60% completed  (80% total)
     Speed:     ev/sec=60105.9   simsec/sec=0.265005   ev/simsec=226811
     Messages:  created: 29437630   present: 4929   in FES: 154
** Event #21931264   t=305.162767330604   Elapsed: 426.963s (7m 06s)  61% completed  (80% total)
     Speed:     ev/sec=59145.4   simsec/sec=0.285441   ev/simsec=207207
     Messages:  created: 29600661   present: 4943   in FES: 151
** Event #22048512   t=305.695321630698   Elapsed: 428.965s (7m 08s)  61% completed  (80% total)
     Speed:     ev/sec=58546.3   simsec/sec=0.265924   ev/simsec=220162
     Messages:  created: 29762400   present: 4966   in FES: 156
** Event #22171648   t=306.3146044565   Elapsed: 430.969s (7m 10s)  61% completed  (80% total)
     Speed:     ev/sec=61439.2   simsec/sec=0.308994   ev/simsec=198836
     Messages:  created: 29931540   present: 5015   in FES: 152
** Event #22296832   t=306.89608860339   Elapsed: 432.971s (7m 12s)  61% completed  (80% total)
     Speed:     ev/sec=62556.6   simsec/sec=0.290577   ev/simsec=215284
     Messages:  created: 30104336   present: 5035   in FES: 154
** Event #22412800   t=307.436409126469   Elapsed: 435.062s (7m 15s)  61% completed  (80% total)
     Speed:     ev/sec=55451.7   simsec/sec=0.258362   ev/simsec=214628
     Messages:  created: 30263305   present: 5060   in FES: 161
** Event #22536960   t=308.066921094717   Elapsed: 437.062s (7m 17s)  61% completed  (80% total)
     Speed:     ev/sec=62071.3   simsec/sec=0.315212   ev/simsec=196919
     Messages:  created: 30434318   present: 5199   in FES: 188
** Event #22661632   t=308.650504102584   Elapsed: 439.066s (7m 19s)  61% completed  (80% total)
     Speed:     ev/sec=62224.6   simsec/sec=0.29127   ev/simsec=213632
     Messages:  created: 30605969   present: 5144   in FES: 162
** Event #22790400   t=310.611253947331   Elapsed: 441.068s (7m 21s)  62% completed  (81% total)
     Speed:     ev/sec=64314   simsec/sec=0.979309   ev/simsec=65672.8
     Messages:  created: 30779394   present: 5172   in FES: 154
** Event #22912512   t=314.082063248483   Elapsed: 443.07s (7m 23s)  62% completed  (81% total)
     Speed:     ev/sec=60979.7   simsec/sec=1.73324   ev/simsec=35182.6
     Messages:  created: 30939221   present: 5329   in FES: 145
** Event #23047168   t=316.873855545586   Elapsed: 445.074s (7m 25s)  63% completed  (81% total)
     Speed:     ev/sec=67197.9   simsec/sec=1.3932   ev/simsec=48232.8
     Messages:  created: 31118474   present: 5558   in FES: 150
** Event #23173888   t=317.428645410767   Elapsed: 447.074s (7m 27s)  63% completed  (81% total)
     Speed:     ev/sec=63355.4   simsec/sec=0.277375   ev/simsec=228411
     Messages:  created: 31292407   present: 5595   in FES: 156
** Event #23290624   t=317.951850632984   Elapsed: 449.077s (7m 29s)  63% completed  (81% total)
     Speed:     ev/sec=58289.7   simsec/sec=0.261252   ev/simsec=223117
     Messages:  created: 31453912   present: 5588   in FES: 154
** Event #23424000   t=318.60726542142   Elapsed: 451.08s (7m 31s)  63% completed  (81% total)
     Speed:     ev/sec=66582.3   simsec/sec=0.327188   ev/simsec=203499
     Messages:  created: 31636707   present: 5609   in FES: 155
** Event #23556096   t=319.309218822779   Elapsed: 453.082s (7m 33s)  63% completed  (81% total)
     Speed:     ev/sec=65989.4   simsec/sec=0.350665   ev/simsec=188183
     Messages:  created: 31818207   present: 5640   in FES: 157
** Event #23681024   t=319.936817199932   Elapsed: 455.084s (7m 35s)  63% completed  (81% total)
     Speed:     ev/sec=62411.8   simsec/sec=0.313537   ev/simsec=199057
     Messages:  created: 31990703   present: 5696   in FES: 154
** Event #23815168   t=320.656749207519   Elapsed: 457.085s (7m 37s)  64% completed  (82% total)
     Speed:     ev/sec=67033.7   simsec/sec=0.35976   ev/simsec=186329
     Messages:  created: 32174704   present: 5706   in FES: 136
** Event #23949056   t=321.3114566256   Elapsed: 459.088s (7m 39s)  64% completed  (82% total)
     Speed:     ev/sec=66856.3   simsec/sec=0.326925   ev/simsec=204501
     Messages:  created: 32358755   present: 5686   in FES: 128
** Event #24081152   t=322.038536698685   Elapsed: 461.16s (7m 41s)  64% completed  (82% total)
     Speed:     ev/sec=63749.9   simsec/sec=0.350891   ev/simsec=181680
     Messages:  created: 32540716   present: 5800   in FES: 162
** Event #24210176   t=322.675495266575   Elapsed: 463.163s (7m 43s)  64% completed  (82% total)
     Speed:     ev/sec=64393.5   simsec/sec=0.317894   ev/simsec=202563
     Messages:  created: 32718032   present: 5856   in FES: 159
** Event #24337664   t=323.374553559495   Elapsed: 465.167s (7m 45s)  64% completed  (82% total)
     Speed:     ev/sec=63620.4   simsec/sec=0.348852   ev/simsec=182371
     Messages:  created: 32893063   present: 5892   in FES: 155
** Event #24461568   t=324.107062285856   Elapsed: 467.168s (7m 47s)  64% completed  (82% total)
     Speed:     ev/sec=61912.9   simsec/sec=0.366023   ev/simsec=169150
     Messages:  created: 33063300   present: 5936   in FES: 156
** Event #24587520   t=324.80895238347   Elapsed: 469.169s (7m 49s)  64% completed  (82% total)
     Speed:     ev/sec=62951.6   simsec/sec=0.350809   ev/simsec=179447
     Messages:  created: 33236998   present: 6003   in FES: 187
** Event #24723456   t=325.603244283594   Elapsed: 471.17s (7m 51s)  65% completed  (82% total)
     Speed:     ev/sec=67957.9   simsec/sec=0.397087   ev/simsec=171141
     Messages:  created: 33423292   present: 5943   in FES: 129
** Event #24855296   t=326.288740601378   Elapsed: 473.171s (7m 53s)  65% completed  (82% total)
     Speed:     ev/sec=65887.2   simsec/sec=0.342577   ev/simsec=192328
     Messages:  created: 33604737   present: 6062   in FES: 160
** Event #24980992   t=326.787803425503   Elapsed: 475.173s (7m 55s)  65% completed  (82% total)
     Speed:     ev/sec=62775.6   simsec/sec=0.249244   ev/simsec=251864
     Messages:  created: 33778437   present: 6068   in FES: 147
** Event #25107968   t=327.215976725004   Elapsed: 477.173s (7m 57s)  65% completed  (82% total)
     Speed:     ev/sec=63477.2   simsec/sec=0.21405   ev/simsec=296553
     Messages:  created: 33953391   present: 6096   in FES: 154
** Event #25241344   t=327.91213060739   Elapsed: 479.177s (7m 59s)  65% completed  (82% total)
     Speed:     ev/sec=66571.3   simsec/sec=0.347468   ev/simsec=191590
     Messages:  created: 34137279   present: 6123   in FES: 161
** Event #25363968   t=328.601557482818   Elapsed: 481.178s (8m 01s)  65% completed  (82% total)
     Speed:     ev/sec=61276.6   simsec/sec=0.344515   ev/simsec=177864
     Messages:  created: 34305248   present: 6148   in FES: 160
** Event #25489664   t=329.309264639999   Elapsed: 483.179s (8m 03s)  65% completed  (82% total)
     Speed:     ev/sec=62821   simsec/sec=0.353701   ev/simsec=177610
     Messages:  created: 34477877   present: 6151   in FES: 156
** Event #25624064   t=329.958293892876   Elapsed: 485.18s (8m 05s)  65% completed  (82% total)
     Speed:     ev/sec=67170.4   simsec/sec=0.324372   ev/simsec=207078
     Messages:  created: 34663420   present: 6152   in FES: 131
** Event #25755904   t=330.598125747649   Elapsed: 487.181s (8m 07s)  66% completed  (83% total)
     Speed:     ev/sec=65875   simsec/sec=0.319697   ev/simsec=206054
     Messages:  created: 34844338   present: 6258   in FES: 154
** Event #25873920   t=331.14089111233   Elapsed: 489.182s (8m 09s)  66% completed  (83% total)
     Speed:     ev/sec=58988   simsec/sec=0.271291   ev/simsec=217435
     Messages:  created: 35006661   present: 6220   in FES: 133
** Event #26006016   t=331.724198030421   Elapsed: 491.183s (8m 11s)  66% completed  (83% total)
     Speed:     ev/sec=65991.1   simsec/sec=0.291402   ev/simsec=226461
     Messages:  created: 35189009   present: 6380   in FES: 185
** Event #26131456   t=332.286957068341   Elapsed: 493.186s (8m 13s)  66% completed  (83% total)
     Speed:     ev/sec=62633.2   simsec/sec=0.28099   ev/simsec=222902
     Messages:  created: 35361361   present: 6250   in FES: 132
** Event #26256128   t=332.890367683009   Elapsed: 495.188s (8m 15s)  66% completed  (83% total)
     Speed:     ev/sec=62274.1   simsec/sec=0.301406   ev/simsec=206612
     Messages:  created: 35533424   present: 6346   in FES: 143
** Event #26387968   t=333.542788870827   Elapsed: 497.192s (8m 17s)  66% completed  (83% total)
     Speed:     ev/sec=65786.5   simsec/sec=0.32555   ev/simsec=202078
     Messages:  created: 35714326   present: 6406   in FES: 154
** Event #26520576   t=334.17213684927   Elapsed: 499.194s (8m 19s)  66% completed  (83% total)
     Speed:     ev/sec=66242.9   simsec/sec=0.314384   ev/simsec=210707
     Messages:  created: 35896754   present: 6415   in FES: 143
** Event #26644736   t=334.793836437772   Elapsed: 501.197s (8m 21s)  66% completed  (83% total)
     Speed:     ev/sec=62001.1   simsec/sec=0.310455   ev/simsec=199711
     Messages:  created: 36067933   present: 6489   in FES: 156
** Event #26778112   t=335.395774297352   Elapsed: 503.197s (8m 23s)  67% completed  (83% total)
     Speed:     ev/sec=66678   simsec/sec=0.300924   ev/simsec=221578
     Messages:  created: 36251336   present: 6529   in FES: 154
** Event #26912768   t=336.067866311806   Elapsed: 505.198s (8m 25s)  67% completed  (83% total)
     Speed:     ev/sec=67301.8   simsec/sec=0.335915   ev/simsec=200354
     Messages:  created: 36436561   present: 6462   in FES: 127
** Event #27045376   t=336.777957291865   Elapsed: 507.198s (8m 27s)  67% completed  (83% total)
     Speed:     ev/sec=66286.5   simsec/sec=0.354952   ev/simsec=186748
     Messages:  created: 36619229   present: 6460   in FES: 129
** Event #27171584   t=337.403198056111   Elapsed: 509.201s (8m 29s)  67% completed  (83% total)
     Speed:     ev/sec=63011.3   simsec/sec=0.312161   ev/simsec=201855
     Messages:  created: 36792650   present: 6619   in FES: 154
** Event #27299072   t=338.102696799015   Elapsed: 511.204s (8m 31s)  67% completed  (83% total)
     Speed:     ev/sec=63642.8   simsec/sec=0.349194   ev/simsec=182256
     Messages:  created: 36968024   present: 6572   in FES: 127
** Event #27431936   t=341.2   Elapsed: 513.206s (8m 33s)  68% completed  (84% total)
     Speed:     ev/sec=66383.5   simsec/sec=1.54752   ev/simsec=42896.7
     Messages:  created: 37142817   present: 6691   in FES: 125
** Event #27550720   t=344.873645023807   Elapsed: 515.209s (8m 35s)  68% completed  (84% total)
     Speed:     ev/sec=59285.2   simsec/sec=1.83352   ev/simsec=32334.1
     Messages:  created: 37296486   present: 6990   in FES: 156
** Event #27687936   t=347.964986397459   Elapsed: 517.211s (8m 37s)  69% completed  (84% total)
     Speed:     ev/sec=68535.6   simsec/sec=1.54404   ev/simsec=44387.2
     Messages:  created: 37477023   present: 7235   in FES: 159
** Event #27817472   t=348.399853333661   Elapsed: 519.213s (8m 39s)  69% completed  (84% total)
     Speed:     ev/sec=64730.8   simsec/sec=0.217309   ev/simsec=297875
     Messages:  created: 37655265   present: 7250   in FES: 148
** Event #27944192   t=348.830747750142   Elapsed: 521.213s (8m 41s)  69% completed  (84% total)
     Speed:     ev/sec=63334.9   simsec/sec=0.215362   ev/simsec=294086
     Messages:  created: 37830739   present: 7274   in FES: 164
** Event #28066048   t=349.254527071901   Elapsed: 523.215s (8m 43s)  69% completed  (84% total)
     Speed:     ev/sec=60893.1   simsec/sec=0.211768   ev/simsec=287546
     Messages:  created: 37998861   present: 7312   in FES: 158
** Event #28198656   t=349.683194287532   Elapsed: 525.216s (8m 45s)  69% completed  (84% total)
     Speed:     ev/sec=66263.3   simsec/sec=0.214202   ev/simsec=309350
     Messages:  created: 38182253   present: 7302   in FES: 152
** Event #28328960   t=350.083337842923   Elapsed: 527.333s (8m 47s)  70% completed  (85% total)
     Speed:     ev/sec=61558.5   simsec/sec=0.189037   ev/simsec=325643
     Messages:  created: 38361791   present: 7279   in FES: 157
** Event #28460032   t=350.519038561398   Elapsed: 529.334s (8m 49s)  70% completed  (85% total)
     Speed:     ev/sec=65494   simsec/sec=0.217711   ev/simsec=300830
     Messages:  created: 38542713   present: 7320   in FES: 159
** Event #28592640   t=350.934833723701   Elapsed: 531.334s (8m 51s)  70% completed  (85% total)
     Speed:     ev/sec=66290.8   simsec/sec=0.207856   ev/simsec=318926
     Messages:  created: 38726351   present: 7268   in FES: 149
** Event #28715008   t=351.405490335859   Elapsed: 533.336s (8m 53s)  70% completed  (85% total)
     Speed:     ev/sec=61132.1   simsec/sec=0.235129   ev/simsec=259994
     Messages:  created: 38894412   present: 7304   in FES: 155
** Event #28841216   t=352.12626893226   Elapsed: 535.337s (8m 55s)  70% completed  (85% total)
     Speed:     ev/sec=63077.8   simsec/sec=0.36024   ev/simsec=175100
     Messages:  created: 39067696   present: 7286   in FES: 136
** Event #28966656   t=352.807775045578   Elapsed: 537.34s (8m 57s)  70% completed  (85% total)
     Speed:     ev/sec=62621.6   simsec/sec=0.340218   ev/simsec=184063
     Messages:  created: 39240308   present: 7265   in FES: 134
** Event #29099776   t=353.412408024123   Elapsed: 539.342s (8m 59s)  70% completed  (85% total)
     Speed:     ev/sec=66494.1   simsec/sec=0.302017   ev/simsec=220167
     Messages:  created: 39423037   present: 7334   in FES: 135
** Event #29225216   t=354.015066434738   Elapsed: 541.343s (9m 01s)  70% completed  (85% total)
     Speed:     ev/sec=62690.9   simsec/sec=0.301189   ev/simsec=208144
     Messages:  created: 39596207   present: 7368   in FES: 155
** Event #29351936   t=354.652408733373   Elapsed: 543.345s (9m 03s)  70% completed  (85% total)
     Speed:     ev/sec=63305.4   simsec/sec=0.318397   ev/simsec=198826
     Messages:  created: 39770115   present: 7456   in FES: 156
** Event #29484800   t=355.36031388175   Elapsed: 545.347s (9m 05s)  71% completed  (85% total)
     Speed:     ev/sec=66363.2   simsec/sec=0.353586   ev/simsec=187686
     Messages:  created: 39952358   present: 7467   in FES: 142
** Event #29611008   t=356.092416816212   Elapsed: 547.348s (9m 07s)  71% completed  (85% total)
     Speed:     ev/sec=63046.9   simsec/sec=0.36572   ev/simsec=172391
     Messages:  created: 40125644   present: 7499   in FES: 154
** Event #29745152   t=356.869251216754   Elapsed: 549.351s (9m 09s)  71% completed  (85% total)
     Speed:     ev/sec=66983.1   simsec/sec=0.387903   ev/simsec=172680
     Messages:  created: 40310442   present: 7582   in FES: 160
** Event #29880320   t=357.643155842174   Elapsed: 551.351s (9m 11s)  71% completed  (85% total)
     Speed:     ev/sec=67581.9   simsec/sec=0.38694   ev/simsec=174657
     Messages:  created: 40495734   present: 7538   in FES: 128
** Event #30000384   t=358.383584297109   Elapsed: 553.352s (9m 13s)  71% completed  (85% total)
     Speed:     ev/sec=59996.9   simsec/sec=0.369998   ev/simsec=162155
     Messages:  created: 40660260   present: 7636   in FES: 156
** Event #30133248   t=359.154378402944   Elapsed: 555.353s (9m 15s)  71% completed  (85% total)
     Speed:     ev/sec=66408.6   simsec/sec=0.385261   ev/simsec=172373
     Messages:  created: 40842832   present: 7698   in FES: 162
** Event #30272512   t=359.936152792748   Elapsed: 557.357s (9m 17s)  71% completed  (85% total)
     Speed:     ev/sec=69507.3   simsec/sec=0.390187   ev/simsec=178138
     Messages:  created: 41034675   present: 7651   in FES: 133
** Event #30406912   t=360.689610841134   Elapsed: 559.36s (9m 19s)  72% completed  (86% total)
     Speed:     ev/sec=67079.7   simsec/sec=0.376054   ev/simsec=178378
     Messages:  created: 41218961   present: 7697   in FES: 147
** Event #30552064   t=361.626647240339   Elapsed: 561.362s (9m 21s)  72% completed  (86% total)
     Speed:     ev/sec=72517.7   simsec/sec=0.468142   ev/simsec=154905
     Messages:  created: 41417913   present: 7791   in FES: 161
** Event #30697216   t=362.570264335299   Elapsed: 563.364s (9m 23s)  72% completed  (86% total)
     Speed:     ev/sec=72486.8   simsec/sec=0.471229   ev/simsec=153825
     Messages:  created: 41617009   present: 7787   in FES: 147
** Event #30833152   t=363.41340623609   Elapsed: 565.366s (9m 25s)  72% completed  (86% total)
     Speed:     ev/sec=67895   simsec/sec=0.421118   ev/simsec=161226
     Messages:  created: 41803401   present: 7816   in FES: 142
** Event #30978304   t=364.387518309432   Elapsed: 567.369s (9m 27s)  72% completed  (86% total)
     Speed:     ev/sec=72474.9   simsec/sec=0.486378   ev/simsec=149010
     Messages:  created: 42002594   present: 7927   in FES: 159
** Event #31121920   t=365.295247144057   Elapsed: 569.37s (9m 29s)  73% completed  (86% total)
     Speed:     ev/sec=71778.9   simsec/sec=0.453681   ev/simsec=158215
     Messages:  created: 42199025   present: 7770   in FES: 156
** Event #31258112   t=366.139181775958   Elapsed: 571.372s (9m 31s)  73% completed  (86% total)
     Speed:     ev/sec=68043   simsec/sec=0.421639   ev/simsec=161377
     Messages:  created: 42385980   present: 7760   in FES: 164
** Event #31403520   t=367.097913202844   Elapsed: 573.375s (9m 33s)  73% completed  (86% total)
     Speed:     ev/sec=72595.3   simsec/sec=0.478649   ev/simsec=151667
     Messages:  created: 42585655   present: 7810   in FES: 156
** Event #31548672   t=368.058621770576   Elapsed: 575.378s (9m 35s)  73% completed  (86% total)
     Speed:     ev/sec=72458.5   simsec/sec=0.479576   ev/simsec=151088
     Messages:  created: 42785063   present: 7821   in FES: 147
** Event #31691776   t=369.028324616454   Elapsed: 577.38s (9m 37s)  73% completed  (86% total)
     Speed:     ev/sec=71461.3   simsec/sec=0.484237   ev/simsec=147575
     Messages:  created: 42981724   present: 7873   in FES: 156
** Event #31823872   t=369.861538446508   Elapsed: 579.381s (9m 39s)  73% completed  (86% total)
     Speed:     ev/sec=66017.4   simsec/sec=0.416414   ev/simsec=158538
     Messages:  created: 43163185   present: 7953   in FES: 158
** Event #31968512   t=370.857548749777   Elapsed: 581.383s (9m 41s)  74% completed  (87% total)
     Speed:     ev/sec=72268.3   simsec/sec=0.497649   ev/simsec=145219
     Messages:  created: 43361571   present: 8073   in FES: 185
** Event #32112128   t=371.806206539807   Elapsed: 583.385s (9m 43s)  74% completed  (87% total)
     Speed:     ev/sec=71727.8   simsec/sec=0.473799   ev/simsec=151389
     Messages:  created: 43558591   present: 7981   in FES: 157
** Event #32244224   t=372.625456592116   Elapsed: 585.387s (9m 45s)  74% completed  (87% total)
     Speed:     ev/sec=65987.6   simsec/sec=0.40925   ev/simsec=161240
     Messages:  created: 43739874   present: 8058   in FES: 156
** Event #32387072   t=373.545821749115   Elapsed: 587.39s (9m 47s)  74% completed  (87% total)
     Speed:     ev/sec=71310   simsec/sec=0.459448   ev/simsec=155208
     Messages:  created: 43935853   present: 8022   in FES: 131
** Event #32537344   t=374.528000916546   Elapsed: 589.393s (9m 49s)  74% completed  (87% total)
     Speed:     ev/sec=75034.1   simsec/sec=0.490424   ev/simsec=152999
     Messages:  created: 44142096   present: 8082   in FES: 155
** Event #32684032   t=375.47014858313   Elapsed: 591.395s (9m 51s)  75% completed  (87% total)
     Speed:     ev/sec=73258.4   simsec/sec=0.470524   ev/simsec=155695
     Messages:  created: 44343543   present: 8101   in FES: 156
** Event #32839424   t=376.577048675848   Elapsed: 593.398s (9m 53s)  75% completed  (87% total)
     Speed:     ev/sec=77576.8   simsec/sec=0.552601   ev/simsec=140385
     Messages:  created: 44556917   present: 8239   in FES: 156
** Event #32994048   t=377.641268409026   Elapsed: 595.398s (9m 55s)  75% completed  (87% total)
     Speed:     ev/sec=77295.3   simsec/sec=0.531995   ev/simsec=145293
     Messages:  created: 44769194   present: 8285   in FES: 159
** Event #33141248   t=378.649709741206   Elapsed: 597.401s (9m 57s)  75% completed  (87% total)
     Speed:     ev/sec=73490.5   simsec/sec=0.50347   ev/simsec=145968
     Messages:  created: 44971125   present: 8274   in FES: 128
** Event #33297920   t=379.786976552512   Elapsed: 599.404s (9m 59s)  75% completed  (87% total)
     Speed:     ev/sec=78227.3   simsec/sec=0.567844   ev/simsec=137762
     Messages:  created: 45186286   present: 8333   in FES: 138
** Event #33455104   t=380.855511858   Elapsed: 601.407s (10m 01s)  76% completed  (88% total)
     Speed:     ev/sec=78477.7   simsec/sec=0.533491   ev/simsec=147102
     Messages:  created: 45402335   present: 8442   in FES: 154
** Event #33603584   t=381.870062903292   Elapsed: 603.408s (10m 03s)  76% completed  (88% total)
     Speed:     ev/sec=74217.4   simsec/sec=0.507121   ev/simsec=146350
     Messages:  created: 45606294   present: 8497   in FES: 155
** Event #33761280   t=382.941605887968   Elapsed: 605.41s (10m 05s)  76% completed  (88% total)
     Speed:     ev/sec=78740.6   simsec/sec=0.535042   ev/simsec=147167
     Messages:  created: 45823035   present: 8574   in FES: 155
** Event #33919488   t=384.07195204977   Elapsed: 607.412s (10m 07s)  76% completed  (88% total)
     Speed:     ev/sec=79063.9   simsec/sec=0.564887   ev/simsec=139964
     Messages:  created: 46039802   present: 8610   in FES: 155
** Event #34077696   t=385.123723974946   Elapsed: 609.414s (10m 09s)  77% completed  (88% total)
     Speed:     ev/sec=79022.8   simsec/sec=0.525346   ev/simsec=150420
     Messages:  created: 46257197   present: 8607   in FES: 125
** Event #34228480   t=386.148464521916   Elapsed: 611.415s (10m 11s)  77% completed  (88% total)
     Speed:     ev/sec=75338.7   simsec/sec=0.512008   ev/simsec=147144
     Messages:  created: 46464600   present: 8689   in FES: 144
** Event #34388224   t=387.305223267848   Elapsed: 613.415s (10m 13s)  77% completed  (88% total)
     Speed:     ev/sec=79859   simsec/sec=0.578285   ev/simsec=138096
     Messages:  created: 46684098   present: 8682   in FES: 134
** Event #34546944   t=388.353171475254   Elapsed: 615.419s (10m 15s)  77% completed  (88% total)
     Speed:     ev/sec=79229.1   simsec/sec=0.52311   ev/simsec=151458
     Messages:  created: 46901104   present: 8421   in FES: 145
** Event #34685184   t=388.780386522376   Elapsed: 617.422s (10m 17s)  77% completed  (88% total)
     Speed:     ev/sec=69005.3   simsec/sec=0.213253   ev/simsec=323584
     Messages:  created: 47091943   present: 8003   in FES: 153
** Event #34832640   t=389.235522886818   Elapsed: 619.425s (10m 19s)  77% completed  (88% total)
     Speed:     ev/sec=73633.3   simsec/sec=0.227276   ev/simsec=323982
     Messages:  created: 47296393   present: 7997   in FES: 162
** Event #34981376   t=389.710328178267   Elapsed: 621.428s (10m 21s)  77% completed  (88% total)
     Speed:     ev/sec=74256.8   simsec/sec=0.237048   ev/simsec=313257
     Messages:  created: 47501637   present: 7647   in FES: 188
** Event #35119872   t=390.052413922258   Elapsed: 623.431s (10m 23s)  78% completed  (89% total)
     Speed:     ev/sec=69143.5   simsec/sec=0.170785   ev/simsec=404858
     Messages:  created: 47694062   present: 7533   in FES: 164
** Event #35269376   t=390.678557969437   Elapsed: 625.431s (10m 25s)  78% completed  (89% total)
     Speed:     ev/sec=74739.1   simsec/sec=0.313018   ev/simsec=238769
     Messages:  created: 47900264   present: 7451   in FES: 158
** Event #35419904   t=391.582541274294   Elapsed: 627.432s (10m 27s)  78% completed  (89% total)
     Speed:     ev/sec=75223.3   simsec/sec=0.451747   ev/simsec=166516
     Messages:  created: 48107000   present: 7467   in FES: 150
** Event #35565056   t=392.4053850927   Elapsed: 629.435s (10m 29s)  78% completed  (89% total)
     Speed:     ev/sec=72475.5   simsec/sec=0.410852   ev/simsec=176403
     Messages:  created: 48306589   present: 7535   in FES: 165
** Event #35707904   t=393.265099102684   Elapsed: 631.437s (10m 31s)  78% completed  (89% total)
     Speed:     ev/sec=71331.4   simsec/sec=0.4293   ev/simsec=166158
     Messages:  created: 48503039   present: 7458   in FES: 139
** Event #35858944   t=394.096464613529   Elapsed: 633.44s (10m 33s)  78% completed  (89% total)
     Speed:     ev/sec=75416.2   simsec/sec=0.415111   ev/simsec=181677
     Messages:  created: 48711089   present: 7584   in FES: 155
** Event #36010240   t=394.941987357574   Elapsed: 635.441s (10m 35s)  78% completed  (89% total)
     Speed:     ev/sec=75615.1   simsec/sec=0.422578   ev/simsec=178938
     Messages:  created: 48919795   present: 7545   in FES: 132
** Event #36152320   t=395.822312945457   Elapsed: 637.443s (10m 37s)  79% completed  (89% total)
     Speed:     ev/sec=70953.7   simsec/sec=0.439628   ev/simsec=161395
     Messages:  created: 49114940   present: 7729   in FES: 188
** Event #36302592   t=396.672163098455   Elapsed: 639.446s (10m 39s)  79% completed  (89% total)
     Speed:     ev/sec=75055.9   simsec/sec=0.424472   ev/simsec=176822
     Messages:  created: 49321305   present: 7593   in FES: 156
** Event #36452608   t=397.556495674739   Elapsed: 641.448s (10m 41s)  79% completed  (89% total)
     Speed:     ev/sec=74913.2   simsec/sec=0.441607   ev/simsec=169638
     Messages:  created: 49527088   present: 7694   in FES: 189
** Event #36594176   t=398.327517592644   Elapsed: 643.448s (10m 43s)  79% completed  (89% total)
     Speed:     ev/sec=70779.9   simsec/sec=0.385489   ev/simsec=183611
     Messages:  created: 49721685   present: 7769   in FES: 185
** Event #36743424   t=399.050004628473   Elapsed: 645.449s (10m 45s)  79% completed  (89% total)
     Speed:     ev/sec=74584   simsec/sec=0.36105   ev/simsec=206575
     Messages:  created: 49927005   present: 7624   in FES: 149
** Event #36892416   t=399.862019626155   Elapsed: 647.45s (10m 47s)  79% completed  (89% total)
     Speed:     ev/sec=74464.1   simsec/sec=0.405834   ev/simsec=183484
     Messages:  created: 50132204   present: 7639   in FES: 157
** Event #37035264   t=400.654038969754   Elapsed: 649.453s (10m 49s)  80% completed  (90% total)
     Speed:     ev/sec=71310.1   simsec/sec=0.395378   ev/simsec=180359
     Messages:  created: 50328314   present: 7684   in FES: 156
** Event #37186048   t=401.542912857098   Elapsed: 651.454s (10m 51s)  80% completed  (90% total)
     Speed:     ev/sec=75368.1   simsec/sec=0.444296   ev/simsec=169635
     Messages:  created: 50535448   present: 7633   in FES: 130
** Event #37337088   t=402.387259967445   Elapsed: 653.457s (10m 53s)  80% completed  (90% total)
     Speed:     ev/sec=75422.2   simsec/sec=0.421627   ev/simsec=178884
     Messages:  created: 50743073   present: 7710   in FES: 156
** Event #37481216   t=403.257473175447   Elapsed: 655.459s (10m 55s)  80% completed  (90% total)
     Speed:     ev/sec=71991   simsec/sec=0.434666   ev/simsec=165624
     Messages:  created: 50941203   present: 7734   in FES: 162
** Event #37633536   t=404.122696433304   Elapsed: 657.461s (10m 57s)  80% completed  (90% total)
     Speed:     ev/sec=76068.8   simsec/sec=0.432093   ev/simsec=176047
     Messages:  created: 51150731   present: 7909   in FES: 189
** Event #37786112   t=405.042639405293   Elapsed: 659.463s (10m 59s)  81% completed  (90% total)
     Speed:     ev/sec=76227.3   simsec/sec=0.459605   ev/simsec=165854
     Messages:  created: 51360595   present: 7802   in FES: 152
** Event #37925632   t=405.814023301217   Elapsed: 661.464s (11m 01s)  81% completed  (90% total)
     Speed:     ev/sec=69697.3   simsec/sec=0.385345   ev/simsec=180870
     Messages:  created: 51552416   present: 7838   in FES: 156
** Event #38077440   t=406.680012971807   Elapsed: 663.466s (11m 03s)  81% completed  (90% total)
     Speed:     ev/sec=75853.6   simsec/sec=0.432708   ev/simsec=175300
     Messages:  created: 51761078   present: 7805   in FES: 156
** Event #38229760   t=407.597475558966   Elapsed: 665.469s (11m 05s)  81% completed  (90% total)
     Speed:     ev/sec=76051   simsec/sec=0.458075   ev/simsec=166023
     Messages:  created: 51970464   present: 7860   in FES: 159
** Event #38382592   t=408.524953035172   Elapsed: 667.471s (11m 07s)  81% completed  (90% total)
     Speed:     ev/sec=76338.6   simsec/sec=0.463269   ev/simsec=164782
     Messages:  created: 52180433   present: 7826   in FES: 126
** Event #38527232   t=409.352960751104   Elapsed: 669.472s (11m 09s)  81% completed  (90% total)
     Speed:     ev/sec=72267.6   simsec/sec=0.413704   ev/simsec=174684
     Messages:  created: 52379882   present: 7970   in FES: 156
** Event #38680064   t=410.314230342654   Elapsed: 671.472s (11m 11s)  82% completed  (91% total)
     Speed:     ev/sec=76410.9   simsec/sec=0.480603   ev/simsec=158990
     Messages:  created: 52590116   present: 7948   in FES: 126
** Event #38832384   t=411.317216538842   Elapsed: 673.472s (11m 13s)  82% completed  (91% total)
     Speed:     ev/sec=76153.4   simsec/sec=0.501449   ev/simsec=151866
     Messages:  created: 52799380   present: 8026   in FES: 162
** Event #38976256   t=412.266955873764   Elapsed: 675.474s (11m 15s)  82% completed  (91% total)
     Speed:     ev/sec=71872.2   simsec/sec=0.474448   ev/simsec=151486
     Messages:  created: 52996969   present: 8073   in FES: 159
** Event #39125504   t=413.260667607739   Elapsed: 677.476s (11m 17s)  82% completed  (91% total)
     Speed:     ev/sec=74542   simsec/sec=0.49631   ev/simsec=150192
     Messages:  created: 53202087   present: 8107   in FES: 156
** Event #39278080   t=414.267787977372   Elapsed: 679.478s (11m 19s)  82% completed  (91% total)
     Speed:     ev/sec=76223.9   simsec/sec=0.503137   ev/simsec=151497
     Messages:  created: 53411494   present: 8104   in FES: 145
** Event #39422976   t=415.151367485645   Elapsed: 681.481s (11m 21s)  83% completed  (91% total)
     Speed:     ev/sec=72341.5   simsec/sec=0.44114   ev/simsec=163988
     Messages:  created: 53610877   present: 8189   in FES: 156
** Event #39576064   t=416.151119214123   Elapsed: 683.482s (11m 23s)  83% completed  (91% total)
     Speed:     ev/sec=76498   simsec/sec=0.499576   ev/simsec=153126
     Messages:  created: 53820866   present: 8208   in FES: 159
** Event #39729664   t=417.224639528053   Elapsed: 685.483s (11m 25s)  83% completed  (91% total)
     Speed:     ev/sec=76759.8   simsec/sec=0.536479   ev/simsec=143081
     Messages:  created: 54031415   present: 8114   in FES: 127
** Event #39875840   t=418.326035007276   Elapsed: 687.485s (11m 27s)  83% completed  (91% total)
     Speed:     ev/sec=73033.8   simsec/sec=0.550289   ev/simsec=132719
     Messages:  created: 54231664   present: 8294   in FES: 161
** Event #40031232   t=419.388726809918   Elapsed: 689.486s (11m 29s)  83% completed  (91% total)
     Speed:     ev/sec=77649.4   simsec/sec=0.531027   ev/simsec=146225
     Messages:  created: 54444440   present: 8303   in FES: 140
** Event #40187648   t=419.901359059548   Elapsed: 691.487s (11m 31s)  83% completed  (91% total)
     Speed:     ev/sec=78156.1   simsec/sec=0.256146   ev/simsec=305123
     Messages:  created: 54661701   present: 8474   in FES: 187
** Event #40333312   t=420.36093039834   Elapsed: 693.488s (11m 33s)  84% completed  (92% total)
     Speed:     ev/sec=72816.4   simsec/sec=0.229736   ev/simsec=316956
     Messages:  created: 54863213   present: 8371   in FES: 142
** Event #40489216   t=420.895299566479   Elapsed: 695.489s (11m 35s)  84% completed  (92% total)
     Speed:     ev/sec=77909.2   simsec/sec=0.267038   ev/simsec=291753
     Messages:  created: 55079739   present: 8407   in FES: 155
** Event #40643840   t=421.376743560792   Elapsed: 697.492s (11m 37s)  84% completed  (92% total)
     Speed:     ev/sec=77199.1   simsec/sec=0.240371   ev/simsec=321167
     Messages:  created: 55293743   present: 8438   in FES: 166
** Event #40791552   t=421.870073583038   Elapsed: 699.494s (11m 39s)  84% completed  (92% total)
     Speed:     ev/sec=73784.9   simsec/sec=0.246427   ev/simsec=299418
     Messages:  created: 55498363   present: 8328   in FES: 148
** Event #40946688   t=422.432251743457   Elapsed: 701.495s (11m 41s)  84% completed  (92% total)
     Speed:     ev/sec=77501.2   simsec/sec=0.280847   ev/simsec=275955
     Messages:  created: 55711473   present: 8202   in FES: 146
** Event #41099520   t=423.136901936706   Elapsed: 703.495s (11m 43s)  84% completed  (92% total)
     Speed:     ev/sec=76413.5   simsec/sec=0.352313   ev/simsec=216891
     Messages:  created: 55922296   present: 8253   in FES: 188
** Event #41253888   t=424.264389260667   Elapsed: 705.498s (11m 45s)  84% completed  (92% total)
     Speed:     ev/sec=77077   simsec/sec=0.562962   ev/simsec=136913
     Messages:  created: 56133953   present: 8161   in FES: 166
** Event #41398528   t=424.995940552774   Elapsed: 707.5s (11m 47s)  84% completed  (92% total)
     Speed:     ev/sec=72262.8   simsec/sec=0.365486   ev/simsec=197717
     Messages:  created: 56333836   present: 8232   in FES: 151
** Event #41551104   t=425.581685826501   Elapsed: 709.503s (11m 49s)  85% completed  (92% total)
     Speed:     ev/sec=76171   simsec/sec=0.292423   ev/simsec=260482
     Messages:  created: 56544173   present: 8200   in FES: 142
** Event #41706240   t=426.369889248565   Elapsed: 711.503s (11m 51s)  85% completed  (92% total)
     Speed:     ev/sec=77554.3   simsec/sec=0.394032   ev/simsec=196822
     Messages:  created: 56757733   present: 8273   in FES: 148
** Event #41853440   t=427.17567769254   Elapsed: 713.505s (11m 53s)  85% completed  (92% total)
     Speed:     ev/sec=73534.6   simsec/sec=0.402536   ev/simsec=182678
     Messages:  created: 56960348   present: 8266   in FES: 145
** Event #42009088   t=428.096226764489   Elapsed: 715.506s (11m 55s)  85% completed  (92% total)
     Speed:     ev/sec=77777.9   simsec/sec=0.460002   ev/simsec=169082
     Messages:  created: 57174513   present: 8303   in FES: 140
** Event #42165760   t=428.936683504858   Elapsed: 717.509s (11m 57s)  85% completed  (92% total)
     Speed:     ev/sec=78227.5   simsec/sec=0.419646   ev/simsec=186413
     Messages:  created: 57391008   present: 8371   in FES: 152
** Event #42320640   t=429.809719480268   Elapsed: 719.511s (11m 59s)  85% completed  (92% total)
     Speed:     ev/sec=77352.1   simsec/sec=0.436023   ev/simsec=177404
     Messages:  created: 57603971   present: 8485   in FES: 186
** Event #42466816   t=430.533001831578   Elapsed: 721.512s (12m 01s)  86% completed  (93% total)
     Speed:     ev/sec=73044.9   simsec/sec=0.361428   ev/simsec=202101
     Messages:  created: 57805149   present: 8426   in FES: 155
** Event #42621184   t=431.405165049964   Elapsed: 723.513s (12m 03s)  86% completed  (93% total)
     Speed:     ev/sec=77162.2   simsec/sec=0.435958   ev/simsec=176994
     Messages:  created: 58017315   present: 8420   in FES: 136
** Event #42774272   t=432.387327473564   Elapsed: 725.514s (12m 05s)  86% completed  (93% total)
     Speed:     ev/sec=76496.1   simsec/sec=0.490774   ev/simsec=155868
     Messages:  created: 58227293   present: 8508   in FES: 157
** Event #42919168   t=433.631775250309   Elapsed: 727.515s (12m 07s)  86% completed  (93% total)
     Speed:     ev/sec=72429.1   simsec/sec=0.622062   ev/simsec=116434
     Messages:  created: 58424802   present: 8567   in FES: 156
** Event #43072000   t=435.03046942585   Elapsed: 729.518s (12m 09s)  87% completed  (93% total)
     Speed:     ev/sec=76303.6   simsec/sec=0.698318   ev/simsec=109268
     Messages:  created: 58632942   present: 8599   in FES: 159
** Event #43225856   t=436.325954166691   Elapsed: 731.518s (12m 11s)  87% completed  (93% total)
     Speed:     ev/sec=76919.3   simsec/sec=0.64767   ev/simsec=118763
     Messages:  created: 58842418   present: 8738   in FES: 170
** Event #43372288   t=437.602203385341   Elapsed: 733.519s (12m 13s)  87% completed  (93% total)
     Speed:     ev/sec=73169.4   simsec/sec=0.637719   ev/simsec=114736
     Messages:  created: 59042141   present: 8713   in FES: 154
** Event #43528960   t=439.055889940076   Elapsed: 735.519s (12m 15s)  87% completed  (93% total)
     Speed:     ev/sec=78323.4   simsec/sec=0.726726   ev/simsec=107776
     Messages:  created: 59255610   present: 8837   in FES: 171
** Event #43682048   t=440.342255971019   Elapsed: 737.521s (12m 17s)  88% completed  (94% total)
     Speed:     ev/sec=76492   simsec/sec=0.642746   ev/simsec=119008
     Messages:  created: 59464388   present: 8868   in FES: 160
** Event #43828224   t=441.613138414518   Elapsed: 739.524s (12m 19s)  88% completed  (94% total)
     Speed:     ev/sec=72976.7   simsec/sec=0.634474   ev/simsec=115019
     Messages:  created: 59663676   present: 8883   in FES: 159
** Event #43982336   t=443.045761840555   Elapsed: 741.524s (12m 21s)  88% completed  (94% total)
     Speed:     ev/sec=77048.6   simsec/sec=0.716243   ev/simsec=107573
     Messages:  created: 59873677   present: 8983   in FES: 154
** Event #44137728   t=444.342520301375   Elapsed: 743.525s (12m 23s)  88% completed  (94% total)
     Speed:     ev/sec=77654.3   simsec/sec=0.648032   ev/simsec=119831
     Messages:  created: 60085640   present: 8999   in FES: 141
** Event #44284160   t=445.617183472972   Elapsed: 745.526s (12m 25s)  89% completed  (94% total)
     Speed:     ev/sec=73174.3   simsec/sec=0.636968   ev/simsec=114879
     Messages:  created: 60285241   present: 9172   in FES: 187
** Event #44440576   t=447.044338476957   Elapsed: 747.529s (12m 27s)  89% completed  (94% total)
     Speed:     ev/sec=78090.2   simsec/sec=0.712503   ev/simsec=109600
     Messages:  created: 60498542   present: 9142   in FES: 146
** Event #44596736   t=448.338954241059   Elapsed: 749.53s (12m 29s)  89% completed  (94% total)
     Speed:     ev/sec=78040   simsec/sec=0.646976   ev/simsec=120623
     Messages:  created: 60711379   present: 9208   in FES: 153
** Event #44744448   t=449.582091801663   Elapsed: 751.533s (12m 31s)  89% completed  (94% total)
     Speed:     ev/sec=73763.9   simsec/sec=0.620794   ev/simsec=118822
     Messages:  created: 60912877   present: 9261   in FES: 161
** Event #44899840   t=452.753925835535   Elapsed: 753.536s (12m 33s)  90% completed  (95% total)
     Speed:     ev/sec=77568.6   simsec/sec=1.58332   ev/simsec=48991.2
     Messages:  created: 61117658   present: 9266   in FES: 138
** Event #45048832   t=457.042052540354   Elapsed: 755.585s (12m 35s)  91% completed  (95% total)
     Speed:     ev/sec=72711.2   simsec/sec=2.0927   ev/simsec=34745.2
     Messages:  created: 61311167   present: 9509   in FES: 154
** Event #45203200   t=462.057464802632   Elapsed: 757.586s (12m 37s)  92% completed  (96% total)
     Speed:     ev/sec=77170   simsec/sec=2.50725   ev/simsec=30778.7
     Messages:  created: 61511762   present: 9734   in FES: 163
** Event #45357824   t=467.11099369968   Elapsed: 759.586s (12m 39s)  93% completed  (96% total)
     Speed:     ev/sec=77295.4   simsec/sec=2.52622   ev/simsec=30597.2
     Messages:  created: 61713540   present: 9926   in FES: 154
** Event #45504000   t=472.054598492849   Elapsed: 761.587s (12m 41s)  94% completed  (97% total)
     Speed:     ev/sec=73060.5   simsec/sec=2.47087   ev/simsec=29568.7
     Messages:  created: 61903422   present: 10145   in FES: 164
** Event #45657088   t=477.005737923234   Elapsed: 763.587s (12m 43s)  95% completed  (97% total)
     Speed:     ev/sec=76536.6   simsec/sec=2.47533   ev/simsec=30919.8
     Messages:  created: 62103324   present: 10353   in FES: 151
** Event #45808384   t=481.526449981441   Elapsed: 765.587s (12m 45s)  96% completed  (98% total)
     Speed:     ev/sec=75643.4   simsec/sec=2.26022   ev/simsec=33467.3
     Messages:  created: 62299321   present: 10535   in FES: 157
** Event #45946368   t=484.07611198947   Elapsed: 767.59s (12m 47s)  96% completed  (98% total)
     Speed:     ev/sec=68882.8   simsec/sec=1.27281   ev/simsec=54118.5
     Messages:  created: 62482077   present: 10150   in FES: 125
** Event #46093312   t=487.734401187104   Elapsed: 769.592s (12m 49s)  97% completed  (98% total)
     Speed:     ev/sec=73396.6   simsec/sec=1.82727   ev/simsec=40167.4
     Messages:  created: 62674897   present: 10321   in FES: 147
** Event #46240000   t=490.480010375782   Elapsed: 771.594s (12m 51s)  98% completed  (99% total)
     Speed:     ev/sec=73279   simsec/sec=1.37159   ev/simsec=53426.4
     Messages:  created: 62869350   present: 10054   in FES: 140
** Event #46380800   t=493.014155526273   Elapsed: 773.596s (12m 53s)  98% completed  (99% total)
     Speed:     ev/sec=70327.7   simsec/sec=1.26577   ev/simsec=55561.1
     Messages:  created: 63058488   present: 10076   in FES: 156
** Event #46526976   t=496.71862004648   Elapsed: 775.598s (12m 55s)  99% completed  (99% total)
     Speed:     ev/sec=73030.3   simsec/sec=1.85077   ev/simsec=39459.4
     Messages:  created: 63250603   present: 10146   in FES: 144
** Event #46641412   t=500   Elapsed: 777.164s (12m 57s)  100% completed  (100% total)
     Speed:     ev/sec=73073.8   simsec/sec=2.09536   ev/simsec=34874
     Messages:  created: 63400717   present: 10273   in FES: 154

<!> Simulation time limit reached -- at t=500s, event #46641412
undisposed object: (omnetpp::cMessage) FanetReconNetwork.groundStation.app.debugTimer -- check module destructor
undisposed object: (omnetpp::cMessage) FanetReconNetwork.uav[0].app.debugTimer -- check module destructor
undisposed object: (omnetpp::cMessage) FanetReconNetwork.uav[1].app.debugTimer -- check module destructor
undisposed object: (omnetpp::cMessage) FanetReconNetwork.uav[2].app.debugTimer -- check module destructor
undisposed object: (omnetpp::cMessage) FanetReconNetwork.uav[3].app.debugTimer -- check module destructor
undisposed object: (omnetpp::cMessage) FanetReconNetwork.uav[4].app.debugTimer -- check module destructor
undisposed object: (omnetpp::cMessage) FanetReconNetwork.uav[5].app.debugTimer -- check module destructor
undisposed object: (omnetpp::cMessage) FanetReconNetwork.uav[6].app.debugTimer -- check module destructor
undisposed object: (omnetpp::cMessage) FanetReconNetwork.uav[7].app.debugTimer -- check module destructor
undisposed object: (omnetpp::cMessage) FanetReconNetwork.uav[8].app.debugTimer -- check module destructor
undisposed object: (omnetpp::cMessage) FanetReconNetwork.uav[9].app.debugTimer -- check module destructor
undisposed object: (omnetpp::cMessage) FanetReconNetwork.uav[10].app.debugTimer -- check module destructor
undisposed object: (omnetpp::cMessage) FanetReconNetwork.uav[11].app.debugTimer -- check module destructor
undisposed object: (omnetpp::cMessage) FanetReconNetwork.uav[12].app.debugTimer -- check module destructor
undisposed object: (omnetpp::cMessage) FanetReconNetwork.uav[13].app.debugTimer -- check module destructor
undisposed object: (omnetpp::cMessage) FanetReconNetwork.uav[14].app.debugTimer -- check module destructor
undisposed object: (omnetpp::cMessage) FanetReconNetwork.uav[15].app.debugTimer -- check module destructor
undisposed object: (omnetpp::cMessage) FanetReconNetwork.uav[16].app.debugTimer -- check module destructor
undisposed object: (omnetpp::cMessage) FanetReconNetwork.uav[17].app.debugTimer -- check module destructor
undisposed object: (omnetpp::cMessage) FanetReconNetwork.uav[18].app.debugTimer -- check module destructor
undisposed object: (omnetpp::cMessage) FanetReconNetwork.uav[19].app.debugTimer -- check module destructor
undisposed object: (omnetpp::cMessage) FanetReconNetwork.uav[20].app.debugTimer -- check module destructor
undisposed object: (omnetpp::cMessage) FanetReconNetwork.uav[21].app.debugTimer -- check module destructor
undisposed object: (omnetpp::cMessage) FanetReconNetwork.uav[22].app.debugTimer -- check module destructor
undisposed object: (omnetpp::cMessage) FanetReconNetwork.uav[23].app.debugTimer -- check module destructor
undisposed object: (omnetpp::cMessage) FanetReconNetwork.uav[24].app.debugTimer -- check module destructor
undisposed object: (omnetpp::cMessage) FanetReconNetwork.uav[25].app.debugTimer -- check module destructor
undisposed object: (omnetpp::cMessage) FanetReconNetwork.uav[26].app.debugTimer -- check module destructor
undisposed object: (omnetpp::cMessage) FanetReconNetwork.uav[27].app.debugTimer -- check module destructor
undisposed object: (omnetpp::cMessage) FanetReconNetwork.uav[28].app.debugTimer -- check module destructor
undisposed object: (omnetpp::cMessage) FanetReconNetwork.uav[29].app.debugTimer -- check module destructor
