** Event #0   t=0   Elapsed: 1.2e-05s (0m 00s)  0% completed  (0% total)
     Speed:     ev/sec=0   simsec/sec=0   ev/simsec=0
     Messages:  created: 418   present: 418   in FES: 66
** Event #101120   t=100.2   Elapsed: 2.00681s (0m 02s)  20% completed  (10% total)
     Speed:     ev/sec=50389.3   simsec/sec=49.9303   ev/simsec=1009.19
     Messages:  created: 87323   present: 398   in FES: 43
** Event #187648   t=127.170367801562   Elapsed: 4.00724s (0m 04s)  25% completed  (12% total)
     Speed:     ev/sec=43254.6   simsec/sec=13.4823   ev/simsec=3208.26
     Messages:  created: 180461   present: 889   in FES: 43
** Event #251392   t=147.936611633371   Elapsed: 6.01251s (0m 06s)  29% completed  (14% total)
     Speed:     ev/sec=31788.2   simsec/sec=10.3558   ev/simsec=3069.6
     Messages:  created: 248638   present: 1288   in FES: 44
** Event #312064   t=167.026497262478   Elapsed: 8.01458s (0m 08s)  33% completed  (16% total)
     Speed:     ev/sec=30304.7   simsec/sec=9.53508   ev/simsec=3178.23
     Messages:  created: 314616   present: 1677   in FES: 49
** Event #375808   t=172.783678621422   Elapsed: 10.0176s (0m 10s)  34% completed  (17% total)
     Speed:     ev/sec=31824.5   simsec/sec=2.8743   ev/simsec=11072.1
     Messages:  created: 391349   present: 1866   in FES: 57
** Event #433152   t=174.959622298604   Elapsed: 12.024s (0m 12s)  34% completed  (17% total)
     Speed:     ev/sec=28580.5   simsec/sec=1.0845   ev/simsec=26353.6
     Messages:  created: 462138   present: 1945   in FES: 55
** Event #497408   t=194.82053643628   Elapsed: 14.0274s (0m 14s)  38% completed  (19% total)
     Speed:     ev/sec=32073.3   simsec/sec=9.91355   ev/simsec=3235.3
     Messages:  created: 531554   present: 2239   in FES: 45
** Event #558592   t=216.685998814812   Elapsed: 16.0329s (0m 16s)  43% completed  (21% total)
     Speed:     ev/sec=30508.5   simsec/sec=10.9029   ev/simsec=2798.2
     Messages:  created: 596015   present: 2763   in FES: 54
** Event #617216   t=228.947730610846   Elapsed: 18.0337s (0m 18s)  45% completed  (22% total)
     Speed:     ev/sec=29299.1   simsec/sec=6.12816   ev/simsec=4781.05
     Messages:  created: 659554   present: 2599   in FES: 47
** Event #664832   t=232.355652256202   Elapsed: 20.0475s (0m 20s)  46% completed  (23% total)
     Speed:     ev/sec=23645.1   simsec/sec=1.6923   ev/simsec=13972.2
     Messages:  created: 714741   present: 2221   in FES: 57
** Event #720640   t=237.100991534617   Elapsed: 22.0501s (0m 22s)  47% completed  (23% total)
     Speed:     ev/sec=27868.5   simsec/sec=2.36965   ev/simsec=11760.6
     Messages:  created: 779862   present: 1999   in FES: 58
** Event #775424   t=237.488931461889   Elapsed: 24.052s (0m 24s)  47% completed  (23% total)
     Speed:     ev/sec=27365   simsec/sec=0.193779   ev/simsec=141218
     Messages:  created: 848706   present: 1999   in FES: 54
** Event #831232   t=237.86913084267   Elapsed: 26.0599s (0m 26s)  47% completed  (23% total)
     Speed:     ev/sec=27795.2   simsec/sec=0.189358   ev/simsec=146786
     Messages:  created: 917904   present: 1661   in FES: 47
** Event #889600   t=238.288527298335   Elapsed: 28.0662s (0m 28s)  47% completed  (23% total)
     Speed:     ev/sec=29091.6   simsec/sec=0.209034   ev/simsec=139171
     Messages:  created: 991153   present: 1613   in FES: 56
** Event #938240   t=238.63516966308   Elapsed: 30.0665s (0m 30s)  47% completed  (23% total)
     Speed:     ev/sec=24316.1   simsec/sec=0.173294   ev/simsec=140318
     Messages:  created: 1052281   present: 1581   in FES: 58
** Event #995840   t=239.044149172189   Elapsed: 32.0742s (0m 32s)  47% completed  (23% total)
     Speed:     ev/sec=28689.5   simsec/sec=0.203705   ev/simsec=140838
     Messages:  created: 1124675   present: 1568   in FES: 56
** Event #1054464   t=239.472916761633   Elapsed: 34.0767s (0m 34s)  47% completed  (23% total)
     Speed:     ev/sec=29276.6   simsec/sec=0.214125   ev/simsec=136727
     Messages:  created: 1198105   present: 1557   in FES: 55
** Event #1113600   t=239.904956657392   Elapsed: 36.0823s (0m 36s)  47% completed  (23% total)
     Speed:     ev/sec=29484.8   simsec/sec=0.215412   ev/simsec=136876
     Messages:  created: 1272241   present: 1486   in FES: 48
** Event #1160960   t=240.304564731259   Elapsed: 38.0828s (0m 38s)  48% completed  (24% total)
     Speed:     ev/sec=23673.6   simsec/sec=0.19975   ev/simsec=118516
     Messages:  created: 1331424   present: 1446   in FES: 55
** Event #1218816   t=240.759673469509   Elapsed: 40.0851s (0m 40s)  48% completed  (24% total)
     Speed:     ev/sec=28895.7   simsec/sec=0.227301   ev/simsec=127126
     Messages:  created: 1404039   present: 1468   in FES: 56
** Event #1278720   t=241.799932659028   Elapsed: 42.0866s (0m 42s)  48% completed  (24% total)
     Speed:     ev/sec=29928.6   simsec/sec=0.519723   ev/simsec=57585.6
     Messages:  created: 1478747   present: 1386   in FES: 47
** Event #1337344   t=242.974949889546   Elapsed: 44.0949s (0m 44s)  48% completed  (24% total)
     Speed:     ev/sec=29191   simsec/sec=0.585084   ev/simsec=49892
     Messages:  created: 1551930   present: 1500   in FES: 56
** Event #1387008   t=243.979586229175   Elapsed: 46.0986s (0m 46s)  48% completed  (24% total)
     Speed:     ev/sec=24786.1   simsec/sec=0.50139   ev/simsec=49434.8
     Messages:  created: 1613813   present: 1501   in FES: 54
** Event #1444608   t=245.207480922665   Elapsed: 48.1027s (0m 48s)  49% completed  (24% total)
     Speed:     ev/sec=28741.1   simsec/sec=0.612692   ev/simsec=46909.6
     Messages:  created: 1685446   present: 1515   in FES: 55
** Event #1502976   t=246.441811983957   Elapsed: 50.1034s (0m 50s)  49% completed  (24% total)
     Speed:     ev/sec=29174.1   simsec/sec=0.616957   ev/simsec=47287.2
     Messages:  created: 1758132   present: 1501   in FES: 56
** Event #1558272   t=247.571295013282   Elapsed: 52.1035s (0m 52s)  49% completed  (24% total)
     Speed:     ev/sec=27646.4   simsec/sec=0.564709   ev/simsec=48956.9
     Messages:  created: 1827145   present: 1527   in FES: 55
** Event #1610752   t=248.708838134326   Elapsed: 54.112s (0m 54s)  49% completed  (24% total)
     Speed:     ev/sec=26129.3   simsec/sec=0.566373   ev/simsec=46134.5
     Messages:  created: 1892584   present: 1536   in FES: 51
** Event #1671936   t=253.46283762207   Elapsed: 56.1142s (0m 56s)  50% completed  (25% total)
     Speed:     ev/sec=30558.3   simsec/sec=2.37438   ev/simsec=12870
     Messages:  created: 1965387   present: 1565   in FES: 56
** Event #1737472   t=266.185623374417   Elapsed: 58.1146s (0m 58s)  53% completed  (26% total)
     Speed:     ev/sec=32762.1   simsec/sec=6.36024   ev/simsec=5151.07
     Messages:  created: 2039869   present: 1872   in FES: 47
** Event #1806336   t=300.420635387224   Elapsed: 60.116s (1m 00s)  60% completed  (30% total)
     Speed:     ev/sec=34407.2   simsec/sec=17.1052   ev/simsec=2011.51
     Messages:  created: 2109290   present: 2905   in FES: 51
** Event #1868032   t=321.018442778483   Elapsed: 62.1187s (1m 02s)  64% completed  (32% total)
     Speed:     ev/sec=30805.9   simsec/sec=10.2849   ev/simsec=2995.27
     Messages:  created: 2173714   present: 3137   in FES: 55
** Event #1921792   t=332.029968888682   Elapsed: 64.1268s (1m 04s)  66% completed  (33% total)
     Speed:     ev/sec=26772.5   simsec/sec=5.48374   ev/simsec=4882.16
     Messages:  created: 2231919   present: 3351   in FES: 54
** Event #1985536   t=361.020521636617   Elapsed: 66.1274s (1m 06s)  72% completed  (36% total)
     Speed:     ev/sec=31862.4   simsec/sec=14.4909   ev/simsec=2198.79
     Messages:  created: 2295732   present: 4138   in FES: 46
** Event #2046208   t=369.934494022156   Elapsed: 68.1351s (1m 08s)  73% completed  (36% total)
     Speed:     ev/sec=30219.1   simsec/sec=4.43982   ev/simsec=6806.39
     Messages:  created: 2365884   present: 4108   in FES: 56
** Event #2104832   t=376.189248863588   Elapsed: 70.138s (1m 10s)  75% completed  (37% total)
     Speed:     ev/sec=29269.7   simsec/sec=3.12286   ev/simsec=9372.71
     Messages:  created: 2435061   present: 3996   in FES: 54
** Event #2163456   t=385.349490568972   Elapsed: 72.2096s (1m 12s)  77% completed  (38% total)
     Speed:     ev/sec=28299.4   simsec/sec=4.42189   ev/simsec=6399.83
     Messages:  created: 2500191   present: 3787   in FES: 58
** Event #2230016   t=410.036198382409   Elapsed: 74.212s (1m 14s)  82% completed  (41% total)
     Speed:     ev/sec=33240.2   simsec/sec=12.3286   ev/simsec=2696.19
     Messages:  created: 2570446   present: 4359   in FES: 43
** Event #2296832   t=449.077213337761   Elapsed: 76.2137s (1m 16s)  89% completed  (44% total)
     Speed:     ev/sec=33379.4   simsec/sec=19.5038   ev/simsec=1711.43
     Messages:  created: 2635614   present: 5503   in FES: 43
** Event #2362368   t=490.3   Elapsed: 78.2205s (1m 18s)  98% completed  (49% total)
     Speed:     ev/sec=32657   simsec/sec=20.5416   ev/simsec=1589.8
     Messages:  created: 2697139   present: 5371   in FES: 43
** Event #2377601   t=500   Elapsed: 78.6923s (1m 18s)  100% completed  (50% total)
     Speed:     ev/sec=32282.3   simsec/sec=20.5579   ev/simsec=1570.31
     Messages:  created: 2711277   present: 5679   in FES: 42

<!> Simulation time limit reached -- at t=500s, event #2377601
undisposed object: (omnetpp::cMessage) FanetReconNetwork.groundStation.app.debugTimer -- check module destructor
undisposed object: (omnetpp::cMessage) FanetReconNetwork.uav[0].app.debugTimer -- check module destructor
undisposed object: (omnetpp::cMessage) FanetReconNetwork.uav[1].app.debugTimer -- check module destructor
undisposed object: (omnetpp::cMessage) FanetReconNetwork.uav[2].app.debugTimer -- check module destructor
undisposed object: (omnetpp::cMessage) FanetReconNetwork.uav[3].app.debugTimer -- check module destructor
undisposed object: (omnetpp::cMessage) FanetReconNetwork.uav[4].app.debugTimer -- check module destructor
undisposed object: (omnetpp::cMessage) FanetReconNetwork.uav[5].app.debugTimer -- check module destructor
undisposed object: (omnetpp::cMessage) FanetReconNetwork.uav[6].app.debugTimer -- check module destructor
undisposed object: (omnetpp::cMessage) FanetReconNetwork.uav[7].app.debugTimer -- check module destructor
undisposed object: (omnetpp::cMessage) FanetReconNetwork.uav[8].app.debugTimer -- check module destructor
undisposed object: (omnetpp::cMessage) FanetReconNetwork.uav[9].app.debugTimer -- check module destructor
