** Event #0   t=0   Elapsed: 2.3e-05s (0m 00s)  0% completed  (0% total)
     Speed:     ev/sec=0   simsec/sec=0   ev/simsec=0
     Messages:  created: 1178   present: 1178   in FES: 186
** Event #122624   t=37.007222138112   Elapsed: 2.0001s (0m 02s)  7% completed  (3% total)
     Speed:     ev/sec=61310.1   simsec/sec=18.5029   ev/simsec=3313.54
     Messages:  created: 122600   present: 1126   in FES: 125
** Event #218880   t=66.069004523996   Elapsed: 4.00647s (0m 04s)  13% completed  (6% total)
     Speed:     ev/sec=47975   simsec/sec=14.4847   ev/simsec=3312.12
     Messages:  created: 219087   present: 1202   in FES: 154
** Event #307456   t=93.079049083841   Elapsed: 6.01022s (0m 06s)  18% completed  (9% total)
     Speed:     ev/sec=44205.2   simsec/sec=13.4798   ev/simsec=3279.37
     Messages:  created: 307524   present: 1203   in FES: 154
** Event #382208   t=100.555792760364   Elapsed: 8.01174s (0m 08s)  20% completed  (10% total)
     Speed:     ev/sec=37347.5   simsec/sec=3.73552   ev/simsec=9997.94
     Messages:  created: 400395   present: 1245   in FES: 164
** Event #454400   t=102.473862353253   Elapsed: 10.0156s (0m 10s)  20% completed  (10% total)
     Speed:     ev/sec=36026.9   simsec/sec=0.957198   ev/simsec=37637.8
     Messages:  created: 495708   present: 1388   in FES: 163
** Event #525568   t=103.701995330583   Elapsed: 12.017s (0m 12s)  20% completed  (10% total)
     Speed:     ev/sec=35559.5   simsec/sec=0.613644   ev/simsec=57948.1
     Messages:  created: 590791   present: 1473   in FES: 154
** Event #602112   t=108.361113674887   Elapsed: 14.0179s (0m 14s)  21% completed  (10% total)
     Speed:     ev/sec=38254.8   simsec/sec=2.32851   ev/simsec=16428.9
     Messages:  created: 687452   present: 1923   in FES: 130
** Event #671232   t=113.974530626685   Elapsed: 16.0204s (0m 16s)  22% completed  (11% total)
     Speed:     ev/sec=34515.5   simsec/sec=2.8031   ev/simsec=12313.4
     Messages:  created: 773823   present: 2465   in FES: 158
** Event #747264   t=120.068556638653   Elapsed: 18.0212s (0m 18s)  24% completed  (12% total)
     Speed:     ev/sec=38001.8   simsec/sec=3.04587   ev/simsec=12476.5
     Messages:  created: 867343   present: 3011   in FES: 153
** Event #834560   t=126.322849530683   Elapsed: 20.0268s (0m 20s)  25% completed  (12% total)
     Speed:     ev/sec=43525.2   simsec/sec=3.11834   ev/simsec=13957.8
     Messages:  created: 976559   present: 3612   in FES: 151
** Event #916736   t=127.49804803592   Elapsed: 22.0297s (0m 22s)  25% completed  (12% total)
     Speed:     ev/sec=41029   simsec/sec=0.586755   ev/simsec=69925.2
     Messages:  created: 1088833   present: 3692   in FES: 130
** Event #999424   t=128.754223804065   Elapsed: 24.036s (0m 24s)  25% completed  (12% total)
     Speed:     ev/sec=41214.2   simsec/sec=0.626116   ev/simsec=65825.2
     Messages:  created: 1201778   present: 3853   in FES: 154
** Event #1080320   t=132.726014177888   Elapsed: 26.0374s (0m 26s)  26% completed  (13% total)
     Speed:     ev/sec=40418.9   simsec/sec=1.98447   ev/simsec=20367.6
     Messages:  created: 1306990   present: 4140   in FES: 149
** Event #1167872   t=140.076893305568   Elapsed: 28.2729s (0m 28s)  28% completed  (14% total)
     Speed:     ev/sec=39164.8   simsec/sec=3.28828   ev/simsec=11910.4
     Messages:  created: 1415524   present: 4814   in FES: 158
** Event #1246976   t=143.972916851563   Elapsed: 30.2764s (0m 30s)  28% completed  (14% total)
     Speed:     ev/sec=39482.4   simsec/sec=1.94458   ev/simsec=20303.8
     Messages:  created: 1519080   present: 5040   in FES: 125
** Event #1331456   t=148.5199786225   Elapsed: 32.281s (0m 32s)  29% completed  (14% total)
     Speed:     ev/sec=42144.5   simsec/sec=2.26839   ev/simsec=18579
     Messages:  created: 1626700   present: 5533   in FES: 157
** Event #1412608   t=151.033603139561   Elapsed: 34.2811s (0m 34s)  30% completed  (15% total)
     Speed:     ev/sec=40574   simsec/sec=1.25675   ev/simsec=32284.9
     Messages:  created: 1734308   present: 5718   in FES: 139
** Event #1489664   t=151.278959723317   Elapsed: 36.2811s (0m 36s)  30% completed  (15% total)
     Speed:     ev/sec=38526.9   simsec/sec=0.122675   ev/simsec=314057
     Messages:  created: 1840641   present: 5788   in FES: 159
** Event #1563904   t=151.841891995561   Elapsed: 38.2868s (0m 38s)  30% completed  (15% total)
     Speed:     ev/sec=37015.9   simsec/sec=0.280677   ev/simsec=131881
     Messages:  created: 1943099   present: 5813   in FES: 162
** Event #1626624   t=152.325484498136   Elapsed: 40.2881s (0m 40s)  30% completed  (15% total)
     Speed:     ev/sec=31338.5   simsec/sec=0.24163   ev/simsec=129696
     Messages:  created: 2029051   present: 5833   in FES: 161
** Event #1698560   t=152.862379090327   Elapsed: 42.2905s (0m 42s)  30% completed  (15% total)
     Speed:     ev/sec=35925.3   simsec/sec=0.268129   ev/simsec=133985
     Messages:  created: 2128348   present: 5836   in FES: 140
** Event #1781504   t=153.498369089064   Elapsed: 44.2906s (0m 44s)  30% completed  (15% total)
     Speed:     ev/sec=41469.7   simsec/sec=0.317977   ev/simsec=130417
     Messages:  created: 2242169   present: 5949   in FES: 155
** Event #1857536   t=154.084126143796   Elapsed: 46.2933s (0m 46s)  30% completed  (15% total)
     Speed:     ev/sec=37965.8   simsec/sec=0.292492   ev/simsec=129801
     Messages:  created: 2346523   present: 5989   in FES: 159
** Event #1932288   t=154.664782967741   Elapsed: 48.2975s (0m 48s)  30% completed  (15% total)
     Speed:     ev/sec=37296.9   simsec/sec=0.289714   ev/simsec=128737
     Messages:  created: 2449651   present: 6033   in FES: 155
** Event #2011136   t=155.25511456171   Elapsed: 50.301s (0m 50s)  31% completed  (15% total)
     Speed:     ev/sec=39355   simsec/sec=0.294649   ev/simsec=133566
     Messages:  created: 2557770   present: 6045   in FES: 134
** Event #2093568   t=155.91212789777   Elapsed: 52.3027s (0m 52s)  31% completed  (15% total)
     Speed:     ev/sec=41182   simsec/sec=0.328236   ev/simsec=125465
     Messages:  created: 2671511   present: 6107   in FES: 160
** Event #2176768   t=156.561765808994   Elapsed: 54.3032s (0m 54s)  31% completed  (15% total)
     Speed:     ev/sec=41588.6   simsec/sec=0.32473   ev/simsec=128071
     Messages:  created: 2785595   present: 6163   in FES: 155
** Event #2258688   t=157.157206353984   Elapsed: 56.308s (0m 56s)  31% completed  (15% total)
     Speed:     ev/sec=40861.5   simsec/sec=0.297004   ev/simsec=137579
     Messages:  created: 2897884   present: 6177   in FES: 162
** Event #2333696   t=157.745198887794   Elapsed: 58.3088s (0m 58s)  31% completed  (15% total)
     Speed:     ev/sec=37489.9   simsec/sec=0.293886   ev/simsec=127566
     Messages:  created: 3001356   present: 6255   in FES: 139
** Event #2412032   t=158.330747796749   Elapsed: 60.3114s (1m 00s)  31% completed  (15% total)
     Speed:     ev/sec=39116.3   simsec/sec=0.292388   ev/simsec=133782
     Messages:  created: 3108756   present: 6323   in FES: 152
** Event #2494208   t=158.981148134837   Elapsed: 62.3128s (1m 02s)  31% completed  (15% total)
     Speed:     ev/sec=41060   simsec/sec=0.324979   ev/simsec=126347
     Messages:  created: 3222076   present: 6392   in FES: 155
** Event #2582272   t=159.598453706644   Elapsed: 64.3176s (1m 04s)  31% completed  (15% total)
     Speed:     ev/sec=43927.1   simsec/sec=0.307917   ev/simsec=142659
     Messages:  created: 3342790   present: 6360   in FES: 134
** Event #2657280   t=160.161474260347   Elapsed: 66.324s (1m 06s)  32% completed  (16% total)
     Speed:     ev/sec=37384.1   simsec/sec=0.28061   ev/simsec=133224
     Messages:  created: 3445423   present: 6443   in FES: 154
** Event #2737408   t=160.810731308258   Elapsed: 68.3269s (1m 08s)  32% completed  (16% total)
     Speed:     ev/sec=40005.3   simsec/sec=0.324153   ev/simsec=123415
     Messages:  created: 3555806   present: 6488   in FES: 154
** Event #2823424   t=161.422247586855   Elapsed: 70.3323s (1m 10s)  32% completed  (16% total)
     Speed:     ev/sec=42891.8   simsec/sec=0.304932   ev/simsec=140660
     Messages:  created: 3673695   present: 6565   in FES: 162
** Event #2894592   t=161.990013523111   Elapsed: 72.3434s (1m 12s)  32% completed  (16% total)
     Speed:     ev/sec=35387.8   simsec/sec=0.282318   ev/simsec=125347
     Messages:  created: 3771872   present: 6639   in FES: 153
** Event #2972928   t=162.572953439369   Elapsed: 74.3455s (1m 14s)  32% completed  (16% total)
     Speed:     ev/sec=39127.8   simsec/sec=0.291171   ev/simsec=134381
     Messages:  created: 3879226   present: 6670   in FES: 154
** Event #3050496   t=163.118533654254   Elapsed: 76.3497s (1m 16s)  32% completed  (16% total)
     Speed:     ev/sec=38703.1   simsec/sec=0.272221   ev/simsec=142175
     Messages:  created: 3985508   present: 6706   in FES: 154
** Event #3140608   t=163.842749720003   Elapsed: 78.35s (1m 18s)  32% completed  (16% total)
     Speed:     ev/sec=45047.8   simsec/sec=0.362042   ev/simsec=124427
     Messages:  created: 4109761   present: 6764   in FES: 160
** Event #3218176   t=164.413836021913   Elapsed: 80.3546s (1m 20s)  32% completed  (16% total)
     Speed:     ev/sec=38696.2   simsec/sec=0.284897   ev/simsec=135825
     Messages:  created: 4215960   present: 6802   in FES: 154
** Event #3295232   t=165.002781952698   Elapsed: 82.3587s (1m 22s)  33% completed  (16% total)
     Speed:     ev/sec=38449.2   simsec/sec=0.293871   ev/simsec=130837
     Messages:  created: 4322237   present: 6891   in FES: 157
** Event #3377920   t=165.58693741206   Elapsed: 84.3626s (1m 24s)  33% completed  (16% total)
     Speed:     ev/sec=41263.1   simsec/sec=0.291506   ev/simsec=141551
     Messages:  created: 4435375   present: 6907   in FES: 152
** Event #3456512   t=166.119079092174   Elapsed: 86.3646s (1m 26s)  33% completed  (16% total)
     Speed:     ev/sec=39256.7   simsec/sec=0.265805   ev/simsec=147690
     Messages:  created: 4542943   present: 6890   in FES: 131
** Event #3532800   t=166.744517752726   Elapsed: 88.3669s (1m 28s)  33% completed  (16% total)
     Speed:     ev/sec=38099.7   simsec/sec=0.312356   ev/simsec=121975
     Messages:  created: 4648206   present: 6939   in FES: 134
** Event #3604480   t=167.256254103517   Elapsed: 90.5771s (1m 30s)  33% completed  (16% total)
     Speed:     ev/sec=32432.1   simsec/sec=0.231539   ev/simsec=140072
     Messages:  created: 4746452   present: 6987   in FES: 133
** Event #3678208   t=167.839531436239   Elapsed: 92.5784s (1m 32s)  33% completed  (16% total)
     Speed:     ev/sec=36839.4   simsec/sec=0.291444   ev/simsec=126403
     Messages:  created: 4848231   present: 7069   in FES: 162
** Event #3768832   t=168.505573053562   Elapsed: 94.5848s (1m 34s)  33% completed  (16% total)
     Speed:     ev/sec=45166.8   simsec/sec=0.331954   ev/simsec=136064
     Messages:  created: 4972524   present: 7198   in FES: 167
** Event #3843072   t=169.08307372554   Elapsed: 96.5849s (1m 36s)  33% completed  (16% total)
     Speed:     ev/sec=37119   simsec/sec=0.288742   ev/simsec=128554
     Messages:  created: 5074133   present: 7192   in FES: 160
** Event #3927552   t=169.741034768203   Elapsed: 98.5873s (1m 38s)  33% completed  (16% total)
     Speed:     ev/sec=42190.1   simsec/sec=0.328592   ev/simsec=128397
     Messages:  created: 5190612   present: 7170   in FES: 124
** Event #4004096   t=170.316625108758   Elapsed: 100.588s (1m 40s)  34% completed  (17% total)
     Speed:     ev/sec=38261.2   simsec/sec=0.287714   ev/simsec=132983
     Messages:  created: 5295370   present: 7290   in FES: 162
** Event #4089600   t=170.979867234775   Elapsed: 102.592s (1m 42s)  34% completed  (17% total)
     Speed:     ev/sec=42665.3   simsec/sec=0.330948   ev/simsec=128918
     Messages:  created: 5413321   present: 7319   in FES: 155
** Event #4173568   t=171.581402827876   Elapsed: 104.598s (1m 44s)  34% completed  (17% total)
     Speed:     ev/sec=41851.8   simsec/sec=0.299821   ev/simsec=139589
     Messages:  created: 5528252   present: 7360   in FES: 143
** Event #4256256   t=172.118161321059   Elapsed: 106.602s (1m 46s)  34% completed  (17% total)
     Speed:     ev/sec=41262.4   simsec/sec=0.267849   ev/simsec=154051
     Messages:  created: 5641493   present: 7429   in FES: 153
** Event #4339456   t=172.758695965985   Elapsed: 108.603s (1m 48s)  34% completed  (17% total)
     Speed:     ev/sec=41586.6   simsec/sec=0.320164   ev/simsec=129891
     Messages:  created: 5756364   present: 7494   in FES: 155
** Event #4422656   t=173.368094454905   Elapsed: 110.606s (1m 50s)  34% completed  (17% total)
     Speed:     ev/sec=41532.5   simsec/sec=0.304205   ev/simsec=136528
     Messages:  created: 5870377   present: 7471   in FES: 136
** Event #4510208   t=174.063157946128   Elapsed: 112.609s (1m 52s)  34% completed  (17% total)
     Speed:     ev/sec=43710.1   simsec/sec=0.347008   ev/simsec=125963
     Messages:  created: 5990588   present: 7569   in FES: 154
** Event #4606976   t=174.756836819856   Elapsed: 114.612s (1m 54s)  34% completed  (17% total)
     Speed:     ev/sec=48310.2   simsec/sec=0.34631   ev/simsec=139500
     Messages:  created: 6123926   present: 7636   in FES: 157
** Event #4701696   t=175.483766879518   Elapsed: 116.614s (1m 56s)  35% completed  (17% total)
     Speed:     ev/sec=47314.4   simsec/sec=0.363115   ev/simsec=130301
     Messages:  created: 6253685   present: 7626   in FES: 140
** Event #4787712   t=176.087913141254   Elapsed: 118.614s (1m 58s)  35% completed  (17% total)
     Speed:     ev/sec=43000.9   simsec/sec=0.302023   ev/simsec=142376
     Messages:  created: 6371591   present: 7723   in FES: 155
** Event #4888064   t=176.854444697856   Elapsed: 120.615s (2m 00s)  35% completed  (17% total)
     Speed:     ev/sec=50151.2   simsec/sec=0.383076   ev/simsec=130917
     Messages:  created: 6509969   present: 7749   in FES: 156
** Event #4990464   t=177.612670375419   Elapsed: 122.619s (2m 02s)  35% completed  (17% total)
     Speed:     ev/sec=51119.3   simsec/sec=0.378516   ev/simsec=135052
     Messages:  created: 6650520   present: 7907   in FES: 177
** Event #5095680   t=178.479620828153   Elapsed: 124.619s (2m 04s)  35% completed  (17% total)
     Speed:     ev/sec=52601.1   simsec/sec=0.433418   ev/simsec=121363
     Messages:  created: 6794737   present: 7800   in FES: 138
** Event #5194240   t=179.344383546612   Elapsed: 126.62s (2m 06s)  35% completed  (17% total)
     Speed:     ev/sec=49239.5   simsec/sec=0.432026   ev/simsec=113973
     Messages:  created: 6929762   present: 7924   in FES: 144
** Event #5298176   t=180.344824220402   Elapsed: 128.623s (2m 08s)  36% completed  (18% total)
     Speed:     ev/sec=51890.1   simsec/sec=0.49947   ev/simsec=103890
     Messages:  created: 7072186   present: 7974   in FES: 154
** Event #5409536   t=181.246412296865   Elapsed: 130.625s (2m 10s)  36% completed  (18% total)
     Speed:     ev/sec=55636.7   simsec/sec=0.450444   ev/simsec=123515
     Messages:  created: 7224839   present: 8099   in FES: 154
** Event #5521664   t=182.120997287849   Elapsed: 132.628s (2m 12s)  36% completed  (18% total)
     Speed:     ev/sec=55967.7   simsec/sec=0.436541   ev/simsec=128207
     Messages:  created: 7378874   present: 8084   in FES: 141
** Event #5629440   t=182.918148656198   Elapsed: 134.629s (2m 14s)  36% completed  (18% total)
     Speed:     ev/sec=53879.2   simsec/sec=0.398511   ev/simsec=135201
     Messages:  created: 7527776   present: 8198   in FES: 159
** Event #5741056   t=183.751516198968   Elapsed: 136.631s (2m 16s)  36% completed  (18% total)
     Speed:     ev/sec=55741.6   simsec/sec=0.416188   ev/simsec=133934
     Messages:  created: 7681214   present: 8263   in FES: 155
** Event #5853440   t=184.56395486738   Elapsed: 138.632s (2m 18s)  36% completed  (18% total)
     Speed:     ev/sec=56157.8   simsec/sec=0.405972   ev/simsec=138329
     Messages:  created: 7835793   present: 8299   in FES: 159
** Event #5971712   t=185.608756275855   Elapsed: 140.635s (2m 20s)  37% completed  (18% total)
     Speed:     ev/sec=59064.5   simsec/sec=0.521769   ev/simsec=113200
     Messages:  created: 7998359   present: 8369   in FES: 155
** Event #6084864   t=186.609138952131   Elapsed: 142.639s (2m 22s)  37% completed  (18% total)
     Speed:     ev/sec=56458.1   simsec/sec=0.499149   ev/simsec=113109
     Messages:  created: 8153815   present: 8377   in FES: 138
** Event #6197504   t=187.610197059643   Elapsed: 144.642s (2m 24s)  37% completed  (18% total)
     Speed:     ev/sec=56238.5   simsec/sec=0.499805   ev/simsec=112521
     Messages:  created: 8308637   present: 8414   in FES: 132
** Event #6325760   t=188.753059669182   Elapsed: 146.643s (2m 26s)  37% completed  (18% total)
     Speed:     ev/sec=64083.8   simsec/sec=0.571037   ev/simsec=112223
     Messages:  created: 8485074   present: 8543   in FES: 136
** Event #6460672   t=189.986716746765   Elapsed: 148.647s (2m 28s)  37% completed  (18% total)
     Speed:     ev/sec=67341.9   simsec/sec=0.615785   ev/simsec=109359
     Messages:  created: 8670728   present: 8614   in FES: 125
** Event #6594560   t=191.138412224465   Elapsed: 150.647s (2m 30s)  38% completed  (19% total)
     Speed:     ev/sec=66939.7   simsec/sec=0.575811   ev/simsec=116253
     Messages:  created: 8854336   present: 8688   in FES: 156
** Event #6706944   t=192.155993561895   Elapsed: 152.649s (2m 32s)  38% completed  (19% total)
     Speed:     ev/sec=56116.1   simsec/sec=0.508103   ev/simsec=110442
     Messages:  created: 9008878   present: 8782   in FES: 158
** Event #6836480   t=193.605457465114   Elapsed: 154.651s (2m 34s)  38% completed  (19% total)
     Speed:     ev/sec=64727   simsec/sec=0.724273   ev/simsec=89368.2
     Messages:  created: 9186819   present: 8886   in FES: 158
** Event #6970624   t=195.068502445053   Elapsed: 156.654s (2m 36s)  39% completed  (19% total)
     Speed:     ev/sec=66952.7   simsec/sec=0.730221   ev/simsec=91688.2
     Messages:  created: 9370661   present: 8955   in FES: 125
** Event #7106816   t=196.490975913705   Elapsed: 158.655s (2m 38s)  39% completed  (19% total)
     Speed:     ev/sec=68067.9   simsec/sec=0.710943   ev/simsec=95743.1
     Messages:  created: 9557650   present: 9137   in FES: 153
** Event #7230208   t=197.189204922373   Elapsed: 160.659s (2m 40s)  39% completed  (19% total)
     Speed:     ev/sec=61581.9   simsec/sec=0.348469   ev/simsec=176721
     Messages:  created: 9727853   present: 9205   in FES: 159
** Event #7356160   t=197.988924132918   Elapsed: 162.662s (2m 42s)  39% completed  (19% total)
     Speed:     ev/sec=62870.8   simsec/sec=0.399192   ev/simsec=157495
     Messages:  created: 9902117   present: 9180   in FES: 129
** Event #7490816   t=199.12160613887   Elapsed: 164.663s (2m 44s)  39% completed  (19% total)
     Speed:     ev/sec=67301   simsec/sec=0.566114   ev/simsec=118882
     Messages:  created: 10086637   present: 9239   in FES: 126
** Event #7624704   t=200.230873992373   Elapsed: 166.664s (2m 46s)  40% completed  (20% total)
     Speed:     ev/sec=66924.5   simsec/sec=0.554472   ev/simsec=120699
     Messages:  created: 10270747   present: 9378   in FES: 155
** Event #7749120   t=201.206741959978   Elapsed: 168.664s (2m 48s)  40% completed  (20% total)
     Speed:     ev/sec=62188.1   simsec/sec=0.487778   ev/simsec=127493
     Messages:  created: 10441813   present: 9366   in FES: 145
** Event #7877632   t=202.168598670503   Elapsed: 170.665s (2m 50s)  40% completed  (20% total)
     Speed:     ev/sec=64226.4   simsec/sec=0.480707   ev/simsec=133608
     Messages:  created: 10618877   present: 9535   in FES: 158
** Event #8009216   t=203.167391857046   Elapsed: 172.666s (2m 52s)  40% completed  (20% total)
     Speed:     ev/sec=65748.4   simsec/sec=0.499066   ev/simsec=131743
     Messages:  created: 10799977   present: 9536   in FES: 140
** Event #8136960   t=204.113377241528   Elapsed: 174.67s (2m 54s)  40% completed  (20% total)
     Speed:     ev/sec=63754.9   simsec/sec=0.472126   ev/simsec=135038
     Messages:  created: 10975885   present: 9635   in FES: 159
** Event #8260608   t=205.010397860354   Elapsed: 176.671s (2m 56s)  41% completed  (20% total)
     Speed:     ev/sec=61798.1   simsec/sec=0.448323   ev/simsec=137843
     Messages:  created: 11146741   present: 9714   in FES: 156
** Event #8392192   t=206.00379988531   Elapsed: 178.672s (2m 58s)  41% completed  (20% total)
     Speed:     ev/sec=65769.7   simsec/sec=0.496533   ev/simsec=132458
     Messages:  created: 11327883   present: 9757   in FES: 154
** Event #8523008   t=206.984725870702   Elapsed: 180.675s (3m 00s)  41% completed  (20% total)
     Speed:     ev/sec=65304.5   simsec/sec=0.489687   ev/simsec=133360
     Messages:  created: 11508011   present: 9848   in FES: 161
** Event #8650752   t=207.995429030027   Elapsed: 182.676s (3m 02s)  41% completed  (20% total)
     Speed:     ev/sec=63834   simsec/sec=0.505051   ev/simsec=126391
     Messages:  created: 11683596   present: 9905   in FES: 161
** Event #8771072   t=209.044389719643   Elapsed: 184.68s (3m 04s)  41% completed  (20% total)
     Speed:     ev/sec=60053.3   simsec/sec=0.523551   ev/simsec=114704
     Messages:  created: 11848371   present: 9913   in FES: 151
** Event #8900608   t=210.212197869805   Elapsed: 186.68s (3m 06s)  42% completed  (21% total)
     Speed:     ev/sec=64752.9   simsec/sec=0.583768   ev/simsec=110922
     Messages:  created: 12025662   present: 10055   in FES: 154
** Event #9014784   t=211.213927826629   Elapsed: 188.681s (3m 08s)  42% completed  (21% total)
     Speed:     ev/sec=57073.8   simsec/sec=0.50074   ev/simsec=113979
     Messages:  created: 12182274   present: 10129   in FES: 161
** Event #9135104   t=212.23588928823   Elapsed: 190.683s (3m 10s)  42% completed  (21% total)
     Speed:     ev/sec=60082.3   simsec/sec=0.510321   ev/simsec=117734
     Messages:  created: 12347401   present: 10231   in FES: 161
** Event #9258496   t=213.354025123967   Elapsed: 192.687s (3m 12s)  42% completed  (21% total)
     Speed:     ev/sec=61589.4   simsec/sec=0.558102   ev/simsec=110355
     Messages:  created: 12516621   present: 10168   in FES: 124
** Event #9385472   t=214.463986186356   Elapsed: 194.69s (3m 14s)  42% completed  (21% total)
     Speed:     ev/sec=63376.5   simsec/sec=0.554005   ev/simsec=114397
     Messages:  created: 12690922   present: 10389   in FES: 154
** Event #9505024   t=215.485186378642   Elapsed: 196.692s (3m 16s)  43% completed  (21% total)
     Speed:     ev/sec=59711.2   simsec/sec=0.510047   ev/simsec=117070
     Messages:  created: 12854880   present: 10432   in FES: 137
** Event #9632000   t=216.654629345931   Elapsed: 198.694s (3m 18s)  43% completed  (21% total)
     Speed:     ev/sec=63446.4   simsec/sec=0.584338   ev/simsec=108578
     Messages:  created: 13029010   present: 10446   in FES: 146
** Event #9758208   t=217.726563092823   Elapsed: 200.697s (3m 20s)  43% completed  (21% total)
     Speed:     ev/sec=62995.3   simsec/sec=0.535043   ev/simsec=117739
     Messages:  created: 13202249   present: 10640   in FES: 161
** Event #9876224   t=218.741274921659   Elapsed: 202.697s (3m 22s)  43% completed  (21% total)
     Speed:     ev/sec=59007.8   simsec/sec=0.507354   ev/simsec=116305
     Messages:  created: 13364143   present: 10717   in FES: 161
** Event #9999616   t=219.856940292578   Elapsed: 204.701s (3m 24s)  43% completed  (21% total)
     Speed:     ev/sec=61584.8   simsec/sec=0.556827   ev/simsec=110599
     Messages:  created: 13533322   present: 10758   in FES: 158
** Event #10120704   t=220.91777600447   Elapsed: 206.703s (3m 26s)  44% completed  (22% total)
     Speed:     ev/sec=60468.9   simsec/sec=0.52976   ev/simsec=114144
     Messages:  created: 13699260   present: 10796   in FES: 142
** Event #10237184   t=221.955010373767   Elapsed: 208.704s (3m 28s)  44% completed  (22% total)
     Speed:     ev/sec=58225.2   simsec/sec=0.518485   ev/simsec=112299
     Messages:  created: 13858813   present: 10875   in FES: 154
** Event #10356224   t=222.973252145975   Elapsed: 210.707s (3m 30s)  44% completed  (22% total)
     Speed:     ev/sec=59420.8   simsec/sec=0.508272   ev/simsec=116907
     Messages:  created: 14022005   present: 10952   in FES: 135
** Event #10469888   t=223.540105488534   Elapsed: 212.708s (3m 32s)  44% completed  (22% total)
     Speed:     ev/sec=56803.1   simsec/sec=0.283282   ev/simsec=200517
     Messages:  created: 14174881   present: 10161   in FES: 153
** Event #10582016   t=223.875905767021   Elapsed: 214.71s (3m 34s)  44% completed  (22% total)
     Speed:     ev/sec=56001.7   simsec/sec=0.167714   ev/simsec=333913
     Messages:  created: 14328968   present: 9528   in FES: 159
** Event #10692096   t=224.231453272799   Elapsed: 216.712s (3m 36s)  44% completed  (22% total)
     Speed:     ev/sec=54990.5   simsec/sec=0.177614   ev/simsec=309607
     Messages:  created: 14481326   present: 9517   in FES: 171
** Event #10807040   t=224.505417968509   Elapsed: 218.713s (3m 38s)  44% completed  (22% total)
     Speed:     ev/sec=57430.7   simsec/sec=0.136884   ev/simsec=419558
     Messages:  created: 14638172   present: 8942   in FES: 185
** Event #10910464   t=224.755026781013   Elapsed: 220.718s (3m 40s)  44% completed  (22% total)
     Speed:     ev/sec=51586.7   simsec/sec=0.124502   ev/simsec=414344
     Messages:  created: 14781047   present: 8694   in FES: 185
** Event #11006720   t=225.091053956635   Elapsed: 222.722s (3m 42s)  45% completed  (22% total)
     Speed:     ev/sec=48049.5   simsec/sec=0.16774   ev/simsec=286453
     Messages:  created: 14914185   present: 8535   in FES: 167
** Event #11118336   t=225.457788802626   Elapsed: 224.724s (3m 44s)  45% completed  (22% total)
     Speed:     ev/sec=55743.7   simsec/sec=0.183156   ev/simsec=304351
     Messages:  created: 15063298   present: 6858   in FES: 174
** Event #11232000   t=225.805031736423   Elapsed: 226.725s (3m 46s)  45% completed  (22% total)
     Speed:     ev/sec=56794.3   simsec/sec=0.173506   ev/simsec=327333
     Messages:  created: 15218730   present: 6304   in FES: 172
** Event #11343360   t=226.158675261514   Elapsed: 228.727s (3m 48s)  45% completed  (22% total)
     Speed:     ev/sec=55621   simsec/sec=0.176634   ev/simsec=314893
     Messages:  created: 15372856   present: 6260   in FES: 178
