** Event #0   t=0   Elapsed: 1.6e-05s (0m 00s)  0% completed  (0% total)
     Speed:     ev/sec=0   simsec/sec=0   ev/simsec=0
     Messages:  created: 1178   present: 1178   in FES: 186
** Event #99840   t=28.081472563618   Elapsed: 2.0055s (0m 02s)  5% completed  (2% total)
     Speed:     ev/sec=49783.8   simsec/sec=14.0023   ev/simsec=3555.4
     Messages:  created: 97620   present: 1206   in FES: 151
** Event #187136   t=53.086169311245   Elapsed: 4.00692s (0m 04s)  10% completed  (5% total)
     Speed:     ev/sec=43617.1   simsec/sec=12.4935   ev/simsec=3491.18
     Messages:  created: 181440   present: 1213   in FES: 154
** Event #287744   t=83.063991750915   Elapsed: 6.0103s (0m 06s)  16% completed  (8% total)
     Speed:     ev/sec=50219.1   simsec/sec=14.9636   ev/simsec=3356.08
     Messages:  created: 279464   present: 1203   in FES: 154
** Event #374272   t=100.43173758723   Elapsed: 8.01692s (0m 08s)  20% completed  (10% total)
     Speed:     ev/sec=43121.3   simsec/sec=8.65523   ev/simsec=4982.11
     Messages:  created: 375299   present: 1206   in FES: 158
** Event #451584   t=101.041279248898   Elapsed: 10.0215s (0m 10s)  20% completed  (10% total)
     Speed:     ev/sec=38567.1   simsec/sec=0.30407   ev/simsec=126836
     Messages:  created: 480941   present: 1366   in FES: 176
** Event #534528   t=102.410135992903   Elapsed: 12.0233s (0m 12s)  20% completed  (10% total)
     Speed:     ev/sec=41434.4   simsec/sec=0.683807   ev/simsec=60593.6
     Messages:  created: 593250   present: 1273   in FES: 164
** Event #615168   t=103.52952027628   Elapsed: 14.0254s (0m 14s)  20% completed  (10% total)
     Speed:     ev/sec=40278.8   simsec/sec=0.55912   ev/simsec=72039.6
     Messages:  created: 703269   present: 1194   in FES: 133
** Event #696064   t=104.577730900187   Elapsed: 16.0284s (0m 16s)  20% completed  (10% total)
     Speed:     ev/sec=40387.7   simsec/sec=0.523324   ev/simsec=77175.3
     Messages:  created: 813769   present: 1221   in FES: 130
** Event #770048   t=105.986682612353   Elapsed: 18.0346s (0m 18s)  21% completed  (10% total)
     Speed:     ev/sec=36877.7   simsec/sec=0.702299   ev/simsec=52510
     Messages:  created: 914117   present: 1274   in FES: 147
** Event #848640   t=107.555817039546   Elapsed: 20.0431s (0m 20s)  21% completed  (10% total)
     Speed:     ev/sec=39130.1   simsec/sec=0.781255   ev/simsec=50086.2
     Messages:  created: 1018848   present: 1341   in FES: 153
** Event #934400   t=109.15110134764   Elapsed: 22.0442s (0m 22s)  21% completed  (10% total)
     Speed:     ev/sec=42855.9   simsec/sec=0.797193   ev/simsec=53758.4
     Messages:  created: 1132898   present: 1364   in FES: 151
** Event #1028352   t=111.506972638476   Elapsed: 24.046s (0m 24s)  22% completed  (11% total)
     Speed:     ev/sec=46934.2   simsec/sec=1.17689   ev/simsec=39879.9
     Messages:  created: 1257557   present: 1486   in FES: 162
** Event #1094912   t=112.739037604706   Elapsed: 26.0511s (0m 26s)  22% completed  (11% total)
     Speed:     ev/sec=33194   simsec/sec=0.614441   ev/simsec=54023.1
     Messages:  created: 1346658   present: 1543   in FES: 163
** Event #1176064   t=113.074480603239   Elapsed: 28.0514s (0m 28s)  22% completed  (11% total)
     Speed:     ev/sec=40571   simsec/sec=0.167701   ev/simsec=241925
     Messages:  created: 1458287   present: 1444   in FES: 137
** Event #1251328   t=113.332422290787   Elapsed: 30.053s (0m 30s)  22% completed  (11% total)
     Speed:     ev/sec=37602.6   simsec/sec=0.12887   ev/simsec=291787
     Messages:  created: 1562409   present: 1481   in FES: 157
** Event #1339648   t=114.85059069892   Elapsed: 32.0572s (0m 32s)  22% completed  (11% total)
     Speed:     ev/sec=44066.5   simsec/sec=0.757477   ev/simsec=58175.4
     Messages:  created: 1682581   present: 1434   in FES: 154
** Event #1420544   t=116.923952400209   Elapsed: 34.0595s (0m 34s)  23% completed  (11% total)
     Speed:     ev/sec=40401.5   simsec/sec=1.03549   ev/simsec=39016.8
     Messages:  created: 1789633   present: 1471   in FES: 154
** Event #1490688   t=118.862625907974   Elapsed: 36.0658s (0m 36s)  23% completed  (11% total)
     Speed:     ev/sec=34962.6   simsec/sec=0.966312   ev/simsec=36181.4
     Messages:  created: 1881697   present: 1524   in FES: 145
** Event #1572096   t=121.250136291608   Elapsed: 38.0707s (0m 38s)  24% completed  (12% total)
     Speed:     ev/sec=40602.9   simsec/sec=1.19079   ev/simsec=34097.4
     Messages:  created: 1987943   present: 1558   in FES: 125
** Event #1648896   t=122.650377816179   Elapsed: 40.0714s (0m 40s)  24% completed  (12% total)
     Speed:     ev/sec=38387   simsec/sec=0.699885   ev/simsec=54847.7
     Messages:  created: 2090955   present: 1637   in FES: 160
** Event #1724160   t=122.874652694546   Elapsed: 42.0722s (0m 42s)  24% completed  (12% total)
     Speed:     ev/sec=37617.3   simsec/sec=0.112094   ev/simsec=335588
     Messages:  created: 2195034   present: 1650   in FES: 159
** Event #1789696   t=123.086481759121   Elapsed: 44.0776s (0m 44s)  24% completed  (12% total)
     Speed:     ev/sec=32679.7   simsec/sec=0.105629   ev/simsec=309382
     Messages:  created: 2284902   present: 1614   in FES: 155
** Event #1867776   t=123.503743271053   Elapsed: 46.0848s (0m 46s)  24% completed  (12% total)
     Speed:     ev/sec=38899.7   simsec/sec=0.207881   ev/simsec=187125
     Messages:  created: 2392462   present: 1645   in FES: 158
** Event #1954304   t=123.874690099857   Elapsed: 48.0874s (0m 48s)  24% completed  (12% total)
     Speed:     ev/sec=43207.4   simsec/sec=0.185231   ev/simsec=233263
     Messages:  created: 2512027   present: 1627   in FES: 164
** Event #2029568   t=124.263677728428   Elapsed: 50.0887s (0m 50s)  24% completed  (12% total)
     Speed:     ev/sec=37609.2   simsec/sec=0.194376   ev/simsec=193487
     Messages:  created: 2615178   present: 1651   in FES: 154
** Event #2109440   t=124.601148307645   Elapsed: 52.0891s (0m 52s)  24% completed  (12% total)
     Speed:     ev/sec=39926.9   simsec/sec=0.168697   ev/simsec=236678
     Messages:  created: 2725367   present: 1634   in FES: 169
** Event #2197248   t=124.982742179407   Elapsed: 54.0903s (0m 54s)  24% completed  (12% total)
     Speed:     ev/sec=43877.3   simsec/sec=0.190681   ev/simsec=230109
     Messages:  created: 2846455   present: 1579   in FES: 136
** Event #2277888   t=125.239255199672   Elapsed: 56.0931s (0m 56s)  25% completed  (12% total)
     Speed:     ev/sec=40264.7   simsec/sec=0.12808   ev/simsec=314370
     Messages:  created: 2957348   present: 1685   in FES: 162
** Event #2371072   t=125.525417074597   Elapsed: 58.0962s (0m 58s)  25% completed  (12% total)
     Speed:     ev/sec=46520   simsec/sec=0.14286   ev/simsec=325634
     Messages:  created: 3086194   present: 1649   in FES: 151
** Event #2448640   t=125.780199989014   Elapsed: 60.0984s (1m 00s)  25% completed  (12% total)
     Speed:     ev/sec=38740.8   simsec/sec=0.12725   ev/simsec=304447
     Messages:  created: 3193374   present: 1552   in FES: 143
** Event #2535936   t=126.065936220097   Elapsed: 62.0992s (1m 02s)  25% completed  (12% total)
     Speed:     ev/sec=43629.7   simsec/sec=0.142808   ev/simsec=305513
     Messages:  created: 3313777   present: 1687   in FES: 155
** Event #2620416   t=126.331942234102   Elapsed: 64.1048s (1m 04s)  25% completed  (12% total)
     Speed:     ev/sec=42123.4   simsec/sec=0.132636   ev/simsec=317587
     Messages:  created: 3430291   present: 1675   in FES: 158
** Event #2708224   t=126.62507134271   Elapsed: 66.1082s (1m 06s)  25% completed  (12% total)
     Speed:     ev/sec=43828.7   simsec/sec=0.146313   ev/simsec=299554
     Messages:  created: 3552086   present: 1679   in FES: 167
** Event #2778624   t=126.86622776137   Elapsed: 68.1088s (1m 08s)  25% completed  (12% total)
     Speed:     ev/sec=35190.3   simsec/sec=0.120545   ev/simsec=291927
     Messages:  created: 3649891   present: 1688   in FES: 169
** Event #2857728   t=127.125361212606   Elapsed: 70.1133s (1m 10s)  25% completed  (12% total)
     Speed:     ev/sec=39461.5   simsec/sec=0.12927   ev/simsec=305264
     Messages:  created: 3758658   present: 1688   in FES: 153
** Event #2944768   t=127.399724194022   Elapsed: 72.1149s (1m 12s)  25% completed  (12% total)
     Speed:     ev/sec=43487.1   simsec/sec=0.137078   ev/simsec=317244
     Messages:  created: 3879111   present: 1699   in FES: 158
** Event #3040000   t=127.744541529269   Elapsed: 74.1182s (1m 14s)  25% completed  (12% total)
     Speed:     ev/sec=47536.8   simsec/sec=0.172122   ev/simsec=276181
     Messages:  created: 4010836   present: 1686   in FES: 159
** Event #3119872   t=129.128868633729   Elapsed: 76.121s (1m 16s)  25% completed  (12% total)
     Speed:     ev/sec=39879.8   simsec/sec=0.69119   ev/simsec=57697.3
     Messages:  created: 4116928   present: 1703   in FES: 162
** Event #3209472   t=131.410343478964   Elapsed: 78.1264s (1m 18s)  26% completed  (13% total)
     Speed:     ev/sec=44680.2   simsec/sec=1.13769   ev/simsec=39272.8
     Messages:  created: 4234410   present: 1852   in FES: 166
** Event #3286016   t=131.799086165512   Elapsed: 80.1285s (1m 20s)  26% completed  (13% total)
     Speed:     ev/sec=38231.3   simsec/sec=0.194165   ev/simsec=196901
     Messages:  created: 4339394   present: 1876   in FES: 170
** Event #3369728   t=133.181840221863   Elapsed: 82.1309s (1m 22s)  26% completed  (13% total)
     Speed:     ev/sec=41806.1   simsec/sec=0.690553   ev/simsec=60540.1
     Messages:  created: 4451323   present: 1776   in FES: 127
** Event #3441664   t=133.603124223765   Elapsed: 84.1372s (1m 24s)  26% completed  (13% total)
     Speed:     ev/sec=35854.5   simsec/sec=0.209977   ev/simsec=170754
     Messages:  created: 4550621   present: 1820   in FES: 144
** Event #3529728   t=133.883858308015   Elapsed: 86.1384s (1m 26s)  26% completed  (13% total)
     Speed:     ev/sec=44006   simsec/sec=0.140284   ev/simsec=313692
     Messages:  created: 4672573   present: 1833   in FES: 141
** Event #3612672   t=134.15829356974   Elapsed: 88.143s (1m 28s)  26% completed  (13% total)
     Speed:     ev/sec=41377.3   simsec/sec=0.136904   ev/simsec=302235
     Messages:  created: 4786584   present: 1895   in FES: 166
** Event #3696640   t=134.411693587818   Elapsed: 90.1432s (1m 30s)  26% completed  (13% total)
     Speed:     ev/sec=41979   simsec/sec=0.126685   ev/simsec=331365
     Messages:  created: 4902569   present: 1840   in FES: 146
** Event #3771392   t=134.647566005382   Elapsed: 92.1976s (1m 32s)  26% completed  (13% total)
     Speed:     ev/sec=36386   simsec/sec=0.114812   ev/simsec=316917
     Messages:  created: 5006104   present: 1883   in FES: 162
** Event #3856896   t=134.916392084624   Elapsed: 94.1994s (1m 34s)  26% completed  (13% total)
     Speed:     ev/sec=42714   simsec/sec=0.134294   ev/simsec=318064
     Messages:  created: 5124525   present: 1880   in FES: 161
** Event #3938304   t=135.180415459855   Elapsed: 96.2035s (1m 36s)  27% completed  (13% total)
     Speed:     ev/sec=40620.7   simsec/sec=0.131742   ev/simsec=308336
     Messages:  created: 5236446   present: 1865   in FES: 154
** Event #4020736   t=135.538118661369   Elapsed: 98.2046s (1m 38s)  27% completed  (13% total)
     Speed:     ev/sec=41193   simsec/sec=0.178752   ev/simsec=230448
     Messages:  created: 5350503   present: 1878   in FES: 160
** Event #4107264   t=135.932065740349   Elapsed: 100.208s (1m 40s)  27% completed  (13% total)
     Speed:     ev/sec=43192.7   simsec/sec=0.196649   ev/simsec=219644
     Messages:  created: 5470220   present: 1929   in FES: 176
** Event #4186880   t=136.290620200199   Elapsed: 102.214s (1m 42s)  27% completed  (13% total)
     Speed:     ev/sec=39680.3   simsec/sec=0.178702   ev/simsec=222047
     Messages:  created: 5579525   present: 1912   in FES: 154
** Event #4264704   t=136.619046601424   Elapsed: 104.219s (1m 44s)  27% completed  (13% total)
     Speed:     ev/sec=38824.5   simsec/sec=0.163844   ev/simsec=236960
     Messages:  created: 5687192   present: 1878   in FES: 154
** Event #4342016   t=137.015151773756   Elapsed: 106.223s (1m 46s)  27% completed  (13% total)
     Speed:     ev/sec=38582   simsec/sec=0.197673   ev/simsec=195180
     Messages:  created: 5794014   present: 1892   in FES: 151
** Event #4428800   t=137.364018841273   Elapsed: 108.227s (1m 48s)  27% completed  (13% total)
     Speed:     ev/sec=43299   simsec/sec=0.17406   ev/simsec=248760
     Messages:  created: 5913320   present: 1855   in FES: 136
** Event #4511488   t=137.748605601952   Elapsed: 110.232s (1m 50s)  27% completed  (13% total)
     Speed:     ev/sec=41236.9   simsec/sec=0.191795   ev/simsec=215005
     Messages:  created: 6027640   present: 1876   in FES: 144
** Event #4605184   t=138.132995491563   Elapsed: 112.237s (1m 52s)  27% completed  (13% total)
     Speed:     ev/sec=46739.2   simsec/sec=0.191749   ev/simsec=243753
     Messages:  created: 6156506   present: 1930   in FES: 157
** Event #4692224   t=138.536600372419   Elapsed: 114.242s (1m 54s)  27% completed  (13% total)
     Speed:     ev/sec=43415.8   simsec/sec=0.201319   ev/simsec=215656
     Messages:  created: 6277016   present: 1950   in FES: 164
** Event #4776704   t=138.860560837053   Elapsed: 116.243s (1m 56s)  27% completed  (13% total)
     Speed:     ev/sec=42210.9   simsec/sec=0.161869   ev/simsec=260773
     Messages:  created: 6393746   present: 1963   in FES: 164
** Event #4857088   t=139.093428864568   Elapsed: 118.247s (1m 58s)  27% completed  (13% total)
     Speed:     ev/sec=40121.6   simsec/sec=0.11623   ev/simsec=345191
     Messages:  created: 6504085   present: 1937   in FES: 155
** Event #4942336   t=139.421690981574   Elapsed: 120.248s (2m 00s)  27% completed  (13% total)
     Speed:     ev/sec=42594.5   simsec/sec=0.164017   ev/simsec=259695
     Messages:  created: 6621973   present: 1938   in FES: 150
** Event #5027328   t=139.764576087486   Elapsed: 122.255s (2m 02s)  27% completed  (13% total)
     Speed:     ev/sec=42346.3   simsec/sec=0.170839   ev/simsec=247873
     Messages:  created: 6739551   present: 1964   in FES: 160
** Event #5115392   t=140.134161310349   Elapsed: 124.259s (2m 04s)  28% completed  (14% total)
     Speed:     ev/sec=43952.6   simsec/sec=0.184459   ev/simsec=238278
     Messages:  created: 6860309   present: 1895   in FES: 131
** Event #5210624   t=140.663748680127   Elapsed: 126.261s (2m 06s)  28% completed  (14% total)
     Speed:     ev/sec=47557.2   simsec/sec=0.264467   ev/simsec=179823
     Messages:  created: 6991772   present: 2068   in FES: 185
** Event #5282304   t=141.030007999979   Elapsed: 128.268s (2m 08s)  28% completed  (14% total)
     Speed:     ev/sec=35717.3   simsec/sec=0.182503   ev/simsec=195708
     Messages:  created: 7090518   present: 1990   in FES: 157
** Event #5385216   t=141.618445762947   Elapsed: 130.27s (2m 10s)  28% completed  (14% total)
     Speed:     ev/sec=51398.3   simsec/sec=0.293889   ev/simsec=174890
     Messages:  created: 7231825   present: 1967   in FES: 161
** Event #5485056   t=142.173917823472   Elapsed: 132.273s (2m 12s)  28% completed  (14% total)
     Speed:     ev/sec=49847.3   simsec/sec=0.277332   ev/simsec=179739
     Messages:  created: 7368788   present: 2021   in FES: 160
** Event #5574912   t=142.684538064321   Elapsed: 134.284s (2m 14s)  28% completed  (14% total)
     Speed:     ev/sec=44676.8   simsec/sec=0.253883   ev/simsec=175974
     Messages:  created: 7492770   present: 2022   in FES: 152
** Event #5671424   t=143.23162917011   Elapsed: 136.287s (2m 16s)  28% completed  (14% total)
     Speed:     ev/sec=48199.6   simsec/sec=0.273226   ev/simsec=176409
     Messages:  created: 7624951   present: 1925   in FES: 143
** Event #5771008   t=143.772965348554   Elapsed: 138.291s (2m 18s)  28% completed  (14% total)
     Speed:     ev/sec=49694.2   simsec/sec=0.270136   ev/simsec=183960
     Messages:  created: 7762452   present: 2004   in FES: 137
** Event #5857536   t=144.253760027908   Elapsed: 140.291s (2m 20s)  28% completed  (14% total)
     Speed:     ev/sec=43257.9   simsec/sec=0.240363   ev/simsec=179969
     Messages:  created: 7881020   present: 2086   in FES: 160
** Event #5948672   t=144.774864718541   Elapsed: 142.293s (2m 22s)  28% completed  (14% total)
     Speed:     ev/sec=45511.6   simsec/sec=0.26023   ev/simsec=174890
     Messages:  created: 8006794   present: 2075   in FES: 161
** Event #6048512   t=145.196613132193   Elapsed: 144.295s (2m 24s)  29% completed  (14% total)
     Speed:     ev/sec=49880.5   simsec/sec=0.210707   ev/simsec=236729
     Messages:  created: 8143957   present: 2064   in FES: 147
** Event #6153216   t=145.670342369528   Elapsed: 146.297s (2m 26s)  29% completed  (14% total)
     Speed:     ev/sec=52289.3   simsec/sec=0.236581   ev/simsec=221021
     Messages:  created: 8288543   present: 2026   in FES: 137
** Event #6257408   t=146.105728014701   Elapsed: 148.3s (2m 28s)  29% completed  (14% total)
     Speed:     ev/sec=52037.4   simsec/sec=0.217448   ev/simsec=239310
     Messages:  created: 8431996   present: 2106   in FES: 153
** Event #6361344   t=146.582818590652   Elapsed: 150.456s (2m 30s)  29% completed  (14% total)
     Speed:     ev/sec=48196.6   simsec/sec=0.221234   ev/simsec=217854
     Messages:  created: 8575765   present: 2061   in FES: 132
** Event #6456576   t=147.032023462447   Elapsed: 152.461s (2m 32s)  29% completed  (14% total)
     Speed:     ev/sec=47505.2   simsec/sec=0.22408   ev/simsec=212001
     Messages:  created: 8707315   present: 2215   in FES: 180
** Event #6558720   t=147.431347516698   Elapsed: 154.465s (2m 34s)  29% completed  (14% total)
     Speed:     ev/sec=50966.8   simsec/sec=0.199251   ev/simsec=255792
     Messages:  created: 8847982   present: 2215   in FES: 189
** Event #6654464   t=147.869578900191   Elapsed: 156.466s (2m 36s)  29% completed  (14% total)
     Speed:     ev/sec=47844.4   simsec/sec=0.218989   ev/simsec=218478
     Messages:  created: 8980237   present: 2135   in FES: 162
** Event #6747392   t=148.318741080904   Elapsed: 158.469s (2m 38s)  29% completed  (14% total)
     Speed:     ev/sec=46401.1   simsec/sec=0.224277   ev/simsec=206892
     Messages:  created: 9107949   present: 2154   in FES: 150
** Event #6862080   t=148.934917360992   Elapsed: 160.471s (2m 40s)  29% completed  (14% total)
     Speed:     ev/sec=57287.9   simsec/sec=0.307787   ev/simsec=186129
     Messages:  created: 9266262   present: 2175   in FES: 162
** Event #6958592   t=149.417485650093   Elapsed: 162.471s (2m 42s)  29% completed  (14% total)
     Speed:     ev/sec=48253.4   simsec/sec=0.241271   ev/simsec=199997
     Messages:  created: 9398773   present: 2169   in FES: 151
** Event #7058432   t=149.822877777175   Elapsed: 164.474s (2m 44s)  29% completed  (14% total)
     Speed:     ev/sec=49830.3   simsec/sec=0.202332   ev/simsec=246280
     Messages:  created: 9536832   present: 2134   in FES: 131
** Event #7145472   t=150.265035333772   Elapsed: 166.48s (2m 46s)  30% completed  (15% total)
     Speed:     ev/sec=43400.1   simsec/sec=0.22047   ev/simsec=196853
     Messages:  created: 9656272   present: 2225   in FES: 155
** Event #7237120   t=150.751171016528   Elapsed: 168.485s (2m 48s)  30% completed  (15% total)
     Speed:     ev/sec=45716   simsec/sec=0.242495   ev/simsec=188523
     Messages:  created: 9782935   present: 2211   in FES: 166
** Event #7314688   t=151.084542881172   Elapsed: 170.487s (2m 50s)  30% completed  (15% total)
     Speed:     ev/sec=38738.7   simsec/sec=0.166491   ev/simsec=232677
     Messages:  created: 9889498   present: 2169   in FES: 146
** Event #7420416   t=151.795862716286   Elapsed: 172.489s (2m 52s)  30% completed  (15% total)
     Speed:     ev/sec=52803.5   simsec/sec=0.355253   ev/simsec=148636
     Messages:  created: 10035307   present: 2259   in FES: 161
** Event #7512064   t=152.243156580255   Elapsed: 174.492s (2m 54s)  30% completed  (15% total)
     Speed:     ev/sec=45754.3   simsec/sec=0.223307   ev/simsec=204894
     Messages:  created: 10161262   present: 2250   in FES: 155
** Event #7614976   t=152.736328508059   Elapsed: 176.497s (2m 56s)  30% completed  (15% total)
     Speed:     ev/sec=51326   simsec/sec=0.245963   ev/simsec=208674
     Messages:  created: 10303636   present: 2235   in FES: 156
** Event #7700736   t=153.083757089482   Elapsed: 178.502s (2m 58s)  30% completed  (15% total)
     Speed:     ev/sec=42772.8   simsec/sec=0.17328   ev/simsec=246842
     Messages:  created: 10421732   present: 2262   in FES: 157
** Event #7805952   t=153.566208815953   Elapsed: 180.503s (3m 00s)  30% completed  (15% total)
     Speed:     ev/sec=52594   simsec/sec=0.241162   ev/simsec=218086
     Messages:  created: 10567355   present: 2271   in FES: 154
** Event #7890432   t=153.939210057314   Elapsed: 182.505s (3m 02s)  30% completed  (15% total)
     Speed:     ev/sec=42192.5   simsec/sec=0.186291   ev/simsec=226487
     Messages:  created: 10684266   present: 2241   in FES: 132
** Event #7988992   t=154.366714736598   Elapsed: 184.509s (3m 04s)  30% completed  (15% total)
     Speed:     ev/sec=49184.8   simsec/sec=0.213339   ev/simsec=230547
     Messages:  created: 10819864   present: 2276   in FES: 161
** Event #8075008   t=154.795548174776   Elapsed: 186.51s (3m 06s)  30% completed  (15% total)
     Speed:     ev/sec=42985.1   simsec/sec=0.214302   ev/simsec=200581
     Messages:  created: 10938863   present: 2301   in FES: 154
** Event #8174848   t=155.253140295605   Elapsed: 188.516s (3m 08s)  31% completed  (15% total)
     Speed:     ev/sec=49785.3   simsec/sec=0.228178   ev/simsec=218186
     Messages:  created: 11076105   present: 2264   in FES: 126
** Event #8263168   t=155.66801260062   Elapsed: 190.52s (3m 10s)  31% completed  (15% total)
     Speed:     ev/sec=44073.4   simsec/sec=0.207029   ev/simsec=212885
     Messages:  created: 11198245   present: 2260   in FES: 138
** Event #8361728   t=156.127135237326   Elapsed: 192.526s (3m 12s)  31% completed  (15% total)
     Speed:     ev/sec=49127.9   simsec/sec=0.228853   ev/simsec=214670
     Messages:  created: 11333656   present: 2324   in FES: 146
** Event #8453376   t=156.542004312008   Elapsed: 194.529s (3m 14s)  31% completed  (15% total)
     Speed:     ev/sec=45750.8   simsec/sec=0.207103   ev/simsec=220908
     Messages:  created: 11460466   present: 2336   in FES: 145
** Event #8546048   t=157.007916533583   Elapsed: 196.531s (3m 16s)  31% completed  (15% total)
     Speed:     ev/sec=46299.2   simsec/sec=0.232771   ev/simsec=198904
     Messages:  created: 11588662   present: 2449   in FES: 193
** Event #8634624   t=157.363299703832   Elapsed: 198.531s (3m 18s)  31% completed  (15% total)
     Speed:     ev/sec=44269.4   simsec/sec=0.177617   ev/simsec=249241
     Messages:  created: 11710501   present: 2403   in FES: 163
** Event #8742400   t=157.871315092031   Elapsed: 200.531s (3m 20s)  31% completed  (15% total)
     Speed:     ev/sec=53886.8   simsec/sec=0.254002   ev/simsec=212151
     Messages:  created: 11859640   present: 2348   in FES: 143
** Event #8843008   t=158.327088198542   Elapsed: 202.535s (3m 22s)  31% completed  (15% total)
     Speed:     ev/sec=50202.2   simsec/sec=0.227425   ev/simsec=220741
     Messages:  created: 11998095   present: 2387   in FES: 160
** Event #8944896   t=158.810468040139   Elapsed: 204.536s (3m 24s)  31% completed  (15% total)
     Speed:     ev/sec=50921.5   simsec/sec=0.241583   ev/simsec=210782
     Messages:  created: 12139147   present: 2374   in FES: 156
** Event #9036288   t=159.247348531363   Elapsed: 206.537s (3m 26s)  31% completed  (15% total)
     Speed:     ev/sec=45684.2   simsec/sec=0.218384   ev/simsec=209192
     Messages:  created: 12264878   present: 2382   in FES: 155
** Event #9134336   t=159.67126517873   Elapsed: 208.538s (3m 28s)  31% completed  (15% total)
     Speed:     ev/sec=48999.3   simsec/sec=0.211852   ev/simsec=231291
     Messages:  created: 12400657   present: 2414   in FES: 161
** Event #9229568   t=160.093777063538   Elapsed: 210.542s (3m 30s)  32% completed  (16% total)
     Speed:     ev/sec=47508.3   simsec/sec=0.210778   ev/simsec=225395
     Messages:  created: 12531134   present: 2444   in FES: 156
** Event #9337856   t=160.464974360338   Elapsed: 212.543s (3m 32s)  32% completed  (16% total)
     Speed:     ev/sec=54132.2   simsec/sec=0.185558   ev/simsec=291726
     Messages:  created: 12680607   present: 2419   in FES: 146
** Event #9426176   t=160.776194095875   Elapsed: 214.544s (3m 34s)  32% completed  (16% total)
     Speed:     ev/sec=44134.5   simsec/sec=0.15552   ev/simsec=283787
     Messages:  created: 12802487   present: 2389   in FES: 145
** Event #9517824   t=161.129684280301   Elapsed: 216.549s (3m 36s)  32% completed  (16% total)
     Speed:     ev/sec=45705.9   simsec/sec=0.176289   ev/simsec=259266
     Messages:  created: 12928609   present: 2376   in FES: 148
** Event #9616384   t=161.611615677696   Elapsed: 218.553s (3m 38s)  32% completed  (16% total)
     Speed:     ev/sec=49191.6   simsec/sec=0.240533   ev/simsec=204510
     Messages:  created: 13064981   present: 2526   in FES: 189
** Event #9710080   t=162.067317143003   Elapsed: 220.562s (3m 40s)  32% completed  (16% total)
     Speed:     ev/sec=46623.1   simsec/sec=0.226757   ev/simsec=205608
     Messages:  created: 13194172   present: 2474   in FES: 152
** Event #9800192   t=162.511741678808   Elapsed: 222.563s (3m 42s)  32% completed  (16% total)
     Speed:     ev/sec=45037.3   simsec/sec=0.22212   ev/simsec=202761
     Messages:  created: 13318419   present: 2476   in FES: 164
** Event #9882624   t=162.850305247669   Elapsed: 224.568s (3m 44s)  32% completed  (16% total)
     Speed:     ev/sec=41125.2   simsec/sec=0.168909   ev/simsec=243476
     Messages:  created: 13432389   present: 2529   in FES: 172
** Event #9976320   t=163.25134512417   Elapsed: 226.57s (3m 46s)  32% completed  (16% total)
     Speed:     ev/sec=46799.7   simsec/sec=0.200313   ev/simsec=233633
     Messages:  created: 13561223   present: 2502   in FES: 163
** Event #10067712   t=163.675300000025   Elapsed: 228.571s (3m 48s)  32% completed  (16% total)
     Speed:     ev/sec=45666.1   simsec/sec=0.211839   ev/simsec=215570
     Messages:  created: 13687571   present: 2501   in FES: 159
** Event #10169344   t=164.185975889644   Elapsed: 230.575s (3m 50s)  32% completed  (16% total)
     Speed:     ev/sec=50719.1   simsec/sec=0.254851   ev/simsec=199015
     Messages:  created: 13827334   present: 2526   in FES: 156
** Event #10259456   t=164.875316625535   Elapsed: 232.578s (3m 52s)  32% completed  (16% total)
     Speed:     ev/sec=44986   simsec/sec=0.344135   ev/simsec=130722
     Messages:  created: 13951248   present: 2556   in FES: 162
** Event #10357504   t=165.278034306884   Elapsed: 234.58s (3m 54s)  33% completed  (16% total)
     Speed:     ev/sec=48974.2   simsec/sec=0.201154   ev/simsec=243466
     Messages:  created: 14086592   present: 2543   in FES: 162
** Event #10448128   t=165.73756480655   Elapsed: 236.582s (3m 56s)  33% completed  (16% total)
     Speed:     ev/sec=45275.7   simsec/sec=0.229581   ev/simsec=197210
     Messages:  created: 14211961   present: 2528   in FES: 155
** Event #10543104   t=166.160130398109   Elapsed: 238.587s (3m 58s)  33% completed  (16% total)
     Speed:     ev/sec=47361.3   simsec/sec=0.210719   ev/simsec=224760
     Messages:  created: 14342667   present: 2513   in FES: 155
** Event #10622976   t=166.526160134155   Elapsed: 240.588s (4m 00s)  33% completed  (16% total)
     Speed:     ev/sec=39910.5   simsec/sec=0.182898   ev/simsec=218212
     Messages:  created: 14453333   present: 2621   in FES: 164
** Event #10713856   t=166.944466668823   Elapsed: 242.591s (4m 02s)  33% completed  (16% total)
     Speed:     ev/sec=45379.1   simsec/sec=0.208873   ev/simsec=217257
     Messages:  created: 14579106   present: 2568   in FES: 155
** Event #10801664   t=167.33181329477   Elapsed: 244.592s (4m 04s)  33% completed  (16% total)
     Speed:     ev/sec=43886.9   simsec/sec=0.193598   ev/simsec=226691
     Messages:  created: 14699880   present: 2599   in FES: 162
** Event #10898944   t=167.788086260336   Elapsed: 246.598s (4m 06s)  33% completed  (16% total)
     Speed:     ev/sec=48498   simsec/sec=0.22747   ev/simsec=213206
     Messages:  created: 14834560   present: 2625   in FES: 155
** Event #10977280   t=168.158598189724   Elapsed: 248.602s (4m 08s)  33% completed  (16% total)
     Speed:     ev/sec=39076   simsec/sec=0.184821   ev/simsec=211426
     Messages:  created: 14942037   present: 2544   in FES: 156
** Event #11081984   t=168.663291817567   Elapsed: 250.605s (4m 10s)  33% completed  (16% total)
     Speed:     ev/sec=52270.8   simsec/sec=0.251956   ev/simsec=207461
     Messages:  created: 15086923   present: 2599   in FES: 154
** Event #11177216   t=169.061165473122   Elapsed: 252.612s (4m 12s)  33% completed  (16% total)
     Speed:     ev/sec=47452   simsec/sec=0.198252   ev/simsec=239352
     Messages:  created: 15218747   present: 2661   in FES: 154
** Event #11266304   t=169.486731808736   Elapsed: 254.712s (4m 14s)  33% completed  (16% total)
     Speed:     ev/sec=42435.9   simsec/sec=0.202713   ev/simsec=209340
     Messages:  created: 15341727   present: 2562   in FES: 129
** Event #11361536   t=169.922452457788   Elapsed: 256.712s (4m 16s)  33% completed  (16% total)
     Speed:     ev/sec=47609.7   simsec/sec=0.217831   ev/simsec=218562
     Messages:  created: 15473613   present: 2679   in FES: 159
** Event #11450624   t=170.314636605124   Elapsed: 258.715s (4m 18s)  34% completed  (17% total)
     Speed:     ev/sec=44476.4   simsec/sec=0.195794   ev/simsec=227159
     Messages:  created: 15596212   present: 2666   in FES: 162
** Event #11547392   t=170.767025083308   Elapsed: 260.719s (4m 20s)  34% completed  (17% total)
     Speed:     ev/sec=48292.1   simsec/sec=0.225764   ev/simsec=213905
     Messages:  created: 15730233   present: 2693   in FES: 157
** Event #11635456   t=171.108177059263   Elapsed: 262.726s (4m 22s)  34% completed  (17% total)
     Speed:     ev/sec=43881.5   simsec/sec=0.169993   ev/simsec=258137
     Messages:  created: 15851874   present: 2736   in FES: 157
** Event #11726080   t=171.552271957701   Elapsed: 264.728s (4m 24s)  34% completed  (17% total)
     Speed:     ev/sec=45252.5   simsec/sec=0.221756   ev/simsec=204064
     Messages:  created: 15977637   present: 2727   in FES: 163
** Event #11820032   t=172.037006418627   Elapsed: 266.729s (4m 26s)  34% completed  (17% total)
     Speed:     ev/sec=46964   simsec/sec=0.242306   ev/simsec=193822
     Messages:  created: 16107496   present: 2760   in FES: 164
** Event #11917568   t=172.576802904634   Elapsed: 268.729s (4m 28s)  34% completed  (17% total)
     Speed:     ev/sec=48758.5   simsec/sec=0.269846   ev/simsec=180690
     Messages:  created: 16241829   present: 2684   in FES: 162
** Event #12010496   t=173.103646344071   Elapsed: 270.732s (4m 30s)  34% completed  (17% total)
     Speed:     ev/sec=46390.9   simsec/sec=0.263007   ev/simsec=176386
     Messages:  created: 16369548   present: 2704   in FES: 128
** Event #12109312   t=173.683438765784   Elapsed: 272.737s (4m 32s)  34% completed  (17% total)
     Speed:     ev/sec=49299.3   simsec/sec=0.289258   ev/simsec=170433
     Messages:  created: 16506274   present: 2897   in FES: 186
** Event #12220416   t=174.270343144823   Elapsed: 274.739s (4m 34s)  34% completed  (17% total)
     Speed:     ev/sec=55497.3   simsec/sec=0.293163   ev/simsec=189305
     Messages:  created: 16659345   present: 2810   in FES: 164
** Event #12324864   t=174.826773619584   Elapsed: 276.743s (4m 36s)  34% completed  (17% total)
     Speed:     ev/sec=52100.8   simsec/sec=0.277559   ev/simsec=187711
     Messages:  created: 16803797   present: 2705   in FES: 144
** Event #12435456   t=175.34201193966   Elapsed: 278.747s (4m 38s)  35% completed  (17% total)
     Speed:     ev/sec=55195.5   simsec/sec=0.257151   ev/simsec=214642
     Messages:  created: 16956256   present: 2754   in FES: 132
** Event #12551936   t=175.929458683174   Elapsed: 280.75s (4m 40s)  35% completed  (17% total)
     Speed:     ev/sec=58153.1   simsec/sec=0.293285   ev/simsec=198282
     Messages:  created: 17117436   present: 2845   in FES: 153
** Event #12655872   t=176.495507245048   Elapsed: 282.752s (4m 42s)  35% completed  (17% total)
     Speed:     ev/sec=51922.5   simsec/sec=0.282777   ev/simsec=183617
     Messages:  created: 17260714   present: 2882   in FES: 163
** Event #12767488   t=177.04939772582   Elapsed: 284.753s (4m 44s)  35% completed  (17% total)
     Speed:     ev/sec=55777.1   simsec/sec=0.276792   ev/simsec=201513
     Messages:  created: 17414967   present: 2882   in FES: 157
** Event #12875520   t=177.558246769417   Elapsed: 286.756s (4m 46s)  35% completed  (17% total)
     Speed:     ev/sec=53944.6   simsec/sec=0.254088   ev/simsec=212307
     Messages:  created: 17564035   present: 2912   in FES: 165
** Event #12975872   t=178.063988019815   Elapsed: 288.757s (4m 48s)  35% completed  (17% total)
     Speed:     ev/sec=50144.1   simsec/sec=0.25271   ev/simsec=198426
     Messages:  created: 17702827   present: 2924   in FES: 155
** Event #13090048   t=178.628869611597   Elapsed: 290.758s (4m 50s)  35% completed  (17% total)
     Speed:     ev/sec=57057.6   simsec/sec=0.28229   ev/simsec=202124
     Messages:  created: 17860358   present: 2873   in FES: 152
** Event #13203200   t=179.187099477894   Elapsed: 292.758s (4m 52s)  35% completed  (17% total)
     Speed:     ev/sec=56570.2   simsec/sec=0.279086   ev/simsec=202698
     Messages:  created: 18016247   present: 2959   in FES: 163
** Event #13305600   t=179.74176611619   Elapsed: 294.759s (4m 54s)  35% completed  (17% total)
     Speed:     ev/sec=51175   simsec/sec=0.277198   ev/simsec=184615
     Messages:  created: 18158066   present: 2934   in FES: 155
** Event #13426688   t=180.277096182461   Elapsed: 296.761s (4m 56s)  36% completed  (18% total)
     Speed:     ev/sec=60484.8   simsec/sec=0.267403   ev/simsec=226193
     Messages:  created: 18324691   present: 3133   in FES: 201
** Event #13544192   t=180.878869543867   Elapsed: 298.763s (4m 58s)  36% completed  (18% total)
     Speed:     ev/sec=58688.5   simsec/sec=0.300562   ev/simsec=195263
     Messages:  created: 18487274   present: 2945   in FES: 154
** Event #13655296   t=181.440455038454   Elapsed: 300.972s (5m 00s)  36% completed  (18% total)
     Speed:     ev/sec=50292.5   simsec/sec=0.254208   ev/simsec=197840
     Messages:  created: 18639783   present: 2939   in FES: 127
** Event #13776128   t=182.067826136591   Elapsed: 302.976s (5m 02s)  36% completed  (18% total)
     Speed:     ev/sec=60291.1   simsec/sec=0.313037   ev/simsec=192601
     Messages:  created: 18806484   present: 3028   in FES: 147
** Event #13897728   t=182.688291627767   Elapsed: 304.977s (5m 04s)  36% completed  (18% total)
     Speed:     ev/sec=60797.4   simsec/sec=0.310219   ev/simsec=195982
     Messages:  created: 18974301   present: 3067   in FES: 152
** Event #14010880   t=183.277948297469   Elapsed: 306.98s (5m 06s)  36% completed  (18% total)
     Speed:     ev/sec=56477.8   simsec/sec=0.294317   ev/simsec=191895
     Messages:  created: 19130145   present: 3069   in FES: 155
** Event #14121984   t=183.838059831575   Elapsed: 308.98s (5m 08s)  36% completed  (18% total)
     Speed:     ev/sec=55542.2   simsec/sec=0.280006   ev/simsec=198360
     Messages:  created: 19283872   present: 3087   in FES: 163
** Event #14242816   t=184.44128861481   Elapsed: 310.984s (5m 10s)  36% completed  (18% total)
     Speed:     ev/sec=60293.7   simsec/sec=0.301004   ev/simsec=200309
     Messages:  created: 19450350   present: 3097   in FES: 155
** Event #14358016   t=185.043001132137   Elapsed: 312.988s (5m 12s)  37% completed  (18% total)
     Speed:     ev/sec=57502.8   simsec/sec=0.300349   ev/simsec=191454
     Messages:  created: 19609427   present: 3171   in FES: 157
** Event #14471168   t=186.092111702961   Elapsed: 314.991s (5m 14s)  37% completed  (18% total)
     Speed:     ev/sec=56476   simsec/sec=0.523628   ev/simsec=107855
     Messages:  created: 19762721   present: 3169   in FES: 162
** Event #14592256   t=186.569410101671   Elapsed: 316.992s (5m 16s)  37% completed  (18% total)
     Speed:     ev/sec=60514.1   simsec/sec=0.238531   ev/simsec=253695
     Messages:  created: 19929767   present: 3107   in FES: 149
** Event #14708992   t=187.187349088108   Elapsed: 318.995s (5m 18s)  37% completed  (18% total)
     Speed:     ev/sec=58287.7   simsec/sec=0.308545   ev/simsec=188912
     Messages:  created: 20090402   present: 3194   in FES: 148
** Event #14818816   t=187.832461287241   Elapsed: 320.997s (5m 20s)  37% completed  (18% total)
     Speed:     ev/sec=54861   simsec/sec=0.322256   ev/simsec=170240
     Messages:  created: 20242164   present: 3190   in FES: 155
** Event #14940416   t=188.519983382148   Elapsed: 323s (5m 23s)  37% completed  (18% total)
     Speed:     ev/sec=60693.6   simsec/sec=0.343159   ev/simsec=176867
     Messages:  created: 20409303   present: 3250   in FES: 163
** Event #15063296   t=189.176533571295   Elapsed: 325.004s (5m 25s)  37% completed  (18% total)
     Speed:     ev/sec=61344.4   simsec/sec=0.327764   ev/simsec=187160
     Messages:  created: 20578302   present: 3288   in FES: 156
** Event #15168256   t=189.987755288271   Elapsed: 327.004s (5m 27s)  37% completed  (18% total)
     Speed:     ev/sec=52474.6   simsec/sec=0.405569   ev/simsec=129385
     Messages:  created: 20722517   present: 3196   in FES: 144
** Event #15283200   t=190.547350825424   Elapsed: 329.006s (5m 29s)  38% completed  (19% total)
     Speed:     ev/sec=57421.4   simsec/sec=0.279551   ev/simsec=205405
     Messages:  created: 20880747   present: 3319   in FES: 161
** Event #15393024   t=191.095466106934   Elapsed: 331.008s (5m 31s)  38% completed  (19% total)
     Speed:     ev/sec=54857.2   simsec/sec=0.273784   ev/simsec=200367
     Messages:  created: 21031881   present: 3318   in FES: 154
** Event #15509248   t=191.743516135308   Elapsed: 333.012s (5m 33s)  38% completed  (19% total)
     Speed:     ev/sec=57993.8   simsec/sec=0.323366   ev/simsec=179344
     Messages:  created: 21192420   present: 3331   in FES: 151
** Event #15630080   t=192.361827887284   Elapsed: 335.012s (5m 35s)  38% completed  (19% total)
     Speed:     ev/sec=60391.1   simsec/sec=0.309029   ev/simsec=195422
     Messages:  created: 21358606   present: 3285   in FES: 148
** Event #15753984   t=193.083676131252   Elapsed: 337.016s (5m 37s)  38% completed  (19% total)
     Speed:     ev/sec=61856.7   simsec/sec=0.360369   ev/simsec=171648
     Messages:  created: 21529039   present: 3361   in FES: 161
** Event #15864320   t=193.921094360373   Elapsed: 339.016s (5m 39s)  38% completed  (19% total)
     Speed:     ev/sec=55159.5   simsec/sec=0.418644   ev/simsec=131757
     Messages:  created: 21680676   present: 3397   in FES: 156
** Event #15979776   t=194.573579445588   Elapsed: 341.02s (5m 41s)  38% completed  (19% total)
     Speed:     ev/sec=57607.9   simsec/sec=0.325564   ev/simsec=176948
     Messages:  created: 21838482   present: 3397   in FES: 161
** Event #16103936   t=195.282011458722   Elapsed: 343.024s (5m 43s)  39% completed  (19% total)
     Speed:     ev/sec=61956.2   simsec/sec=0.35351   ev/simsec=175260
     Messages:  created: 22009458   present: 3509   in FES: 162
** Event #16217344   t=195.879806794035   Elapsed: 345.026s (5m 45s)  39% completed  (19% total)
     Speed:     ev/sec=56657.5   simsec/sec=0.298652   ev/simsec=189710
     Messages:  created: 22166646   present: 3426   in FES: 165
** Event #16339200   t=196.523845667012   Elapsed: 347.027s (5m 47s)  39% completed  (19% total)
     Speed:     ev/sec=60875.1   simsec/sec=0.32174   ev/simsec=189206
     Messages:  created: 22334608   present: 3538   in FES: 157
** Event #16457472   t=197.25922045195   Elapsed: 349.029s (5m 49s)  39% completed  (19% total)
     Speed:     ev/sec=59084.7   simsec/sec=0.367369   ev/simsec=160832
     Messages:  created: 22496806   present: 3525   in FES: 156
** Event #16549376   t=197.695820481268   Elapsed: 351.029s (5m 51s)  39% completed  (19% total)
     Speed:     ev/sec=45949.4   simsec/sec=0.218288   ev/simsec=210499
     Messages:  created: 22623609   present: 3548   in FES: 156
** Event #16655872   t=198.253523570041   Elapsed: 353.031s (5m 53s)  39% completed  (19% total)
     Speed:     ev/sec=53196.9   simsec/sec=0.278584   ev/simsec=190955
     Messages:  created: 22769771   present: 3529   in FES: 145
** Event #16765696   t=198.676532184004   Elapsed: 355.033s (5m 55s)  39% completed  (19% total)
     Speed:     ev/sec=54871.9   simsec/sec=0.21135   ev/simsec=259626
     Messages:  created: 22921079   present: 3604   in FES: 157
** Event #16876032   t=199.244345308644   Elapsed: 357.033s (5m 57s)  39% completed  (19% total)
     Speed:     ev/sec=55165.8   simsec/sec=0.283895   ev/simsec=194317
     Messages:  created: 23072589   present: 3574   in FES: 156
** Event #16979968   t=199.731236477782   Elapsed: 359.034s (5m 59s)  39% completed  (19% total)
     Speed:     ev/sec=51924.7   simsec/sec=0.243243   ev/simsec=213469
     Messages:  created: 23215863   present: 3685   in FES: 166
** Event #17104128   t=200.156137348916   Elapsed: 361.038s (6m 01s)  40% completed  (20% total)
     Speed:     ev/sec=61975.2   simsec/sec=0.212092   ev/simsec=292209
     Messages:  created: 23387240   present: 3598   in FES: 137
** Event #17226496   t=200.630914082102   Elapsed: 363.041s (6m 03s)  40% completed  (20% total)
     Speed:     ev/sec=61086.7   simsec/sec=0.237011   ev/simsec=257738
     Messages:  created: 23556835   present: 3725   in FES: 174
** Event #17332736   t=201.101029815713   Elapsed: 365.042s (6m 05s)  40% completed  (20% total)
     Speed:     ev/sec=53094   simsec/sec=0.234943   ev/simsec=225987
     Messages:  created: 23703140   present: 3696   in FES: 160
** Event #17453568   t=202.000187122272   Elapsed: 367.043s (6m 07s)  40% completed  (20% total)
     Speed:     ev/sec=60395.2   simsec/sec=0.449424   ev/simsec=134384
     Messages:  created: 23868757   present: 3693   in FES: 149
