** Event #0   t=0   Elapsed: 9e-06s (0m 00s)  0% completed  (50% total)
     Speed:     ev/sec=0   simsec/sec=0   ev/simsec=0
     Messages:  created: 418   present: 418   in FES: 66
** Event #75776   t=81.072747073712   Elapsed: 2.00362s (0m 02s)  16% completed  (58% total)
     Speed:     ev/sec=37820.2   simsec/sec=40.4633   ev/simsec=934.679
     Messages:  created: 64060   present: 432   in FES: 53
** Event #144896   t=133.089684653392   Elapsed: 4.00942s (0m 04s)  26% completed  (63% total)
     Speed:     ev/sec=34460   simsec/sec=25.9332   ev/simsec=1328.8
     Messages:  created: 127709   present: 1491   in FES: 52
** Event #212480   t=173.00304300929   Elapsed: 6.01288s (0m 06s)  34% completed  (67% total)
     Speed:     ev/sec=33733.7   simsec/sec=19.9222   ev/simsec=1693.27
     Messages:  created: 194337   present: 2711   in FES: 51
** Event #280832   t=213.089629309112   Elapsed: 8.01722s (0m 08s)  42% completed  (71% total)
     Speed:     ev/sec=34102   simsec/sec=19.9999   ev/simsec=1705.11
     Messages:  created: 260363   present: 4019   in FES: 44
** Event #348160   t=247.067633915685   Elapsed: 10.0241s (0m 10s)  49% completed  (74% total)
     Speed:     ev/sec=33548.8   simsec/sec=16.9309   ev/simsec=1981.52
     Messages:  created: 326653   present: 5124   in FES: 54
** Event #412416   t=302.347475229553   Elapsed: 12.0244s (0m 12s)  60% completed  (80% total)
     Speed:     ev/sec=32122.1   simsec/sec=27.6349   ev/simsec=1162.38
     Messages:  created: 380050   present: 7279   in FES: 51
** Event #471040   t=353.107854666674   Elapsed: 14.0291s (0m 14s)  70% completed  (85% total)
     Speed:     ev/sec=29244.1   simsec/sec=25.3214   ev/simsec=1154.92
     Messages:  created: 427429   present: 9290   in FES: 44
** Event #536064   t=378.842677865363   Elapsed: 16.0323s (0m 16s)  75% completed  (87% total)
     Speed:     ev/sec=32459.5   simsec/sec=12.8467   ev/simsec=2526.69
     Messages:  created: 493024   present: 9677   in FES: 56
** Event #593408   t=379.265078991696   Elapsed: 18.0343s (0m 18s)  75% completed  (87% total)
     Speed:     ev/sec=28644.2   simsec/sec=0.210996   ev/simsec=135757
     Messages:  created: 564743   present: 9689   in FES: 53
** Event #652288   t=379.704307101107   Elapsed: 20.0345s (0m 20s)  75% completed  (87% total)
     Speed:     ev/sec=29436.9   simsec/sec=0.219591   ev/simsec=134053
     Messages:  created: 638537   present: 9706   in FES: 54
** Event #710144   t=380.124172764095   Elapsed: 22.0353s (0m 22s)  76% completed  (88% total)
     Speed:     ev/sec=28916.4   simsec/sec=0.209849   ev/simsec=137796
     Messages:  created: 710937   present: 9729   in FES: 54
** Event #760064   t=380.493876351642   Elapsed: 24.0389s (0m 24s)  76% completed  (88% total)
     Speed:     ev/sec=24914.4   simsec/sec=0.184514   ev/simsec=135027
     Messages:  created: 773041   present: 9633   in FES: 57
** Event #821504   t=383.341603488749   Elapsed: 26.0391s (0m 26s)  76% completed  (88% total)
     Speed:     ev/sec=30718   simsec/sec=1.42377   ev/simsec=21575.1
     Messages:  created: 848549   present: 9647   in FES: 55
** Event #883456   t=386.815585609611   Elapsed: 28.0462s (0m 28s)  77% completed  (88% total)
     Speed:     ev/sec=30866.1   simsec/sec=1.73083   ev/simsec=17833.1
     Messages:  created: 924686   present: 9783   in FES: 50
** Event #942336   t=390.063687554463   Elapsed: 30.0495s (0m 30s)  78% completed  (89% total)
     Speed:     ev/sec=29391.1   simsec/sec=1.62135   ev/simsec=18127.5
     Messages:  created: 996851   present: 9908   in FES: 51
** Event #1001984   t=393.340187640004   Elapsed: 32.0567s (0m 32s)  78% completed  (89% total)
     Speed:     ev/sec=29717.9   simsec/sec=1.63242   ev/simsec=18204.8
     Messages:  created: 1069905   present: 9962   in FES: 58
** Event #1062144   t=396.605433707222   Elapsed: 34.0591s (0m 34s)  79% completed  (89% total)
     Speed:     ev/sec=30043   simsec/sec=1.63062   ev/simsec=18424.3
     Messages:  created: 1143776   present: 10123   in FES: 52
** Event #1118464   t=399.81660924452   Elapsed: 36.0625s (0m 36s)  79% completed  (89% total)
     Speed:     ev/sec=28112.9   simsec/sec=1.6029   ev/simsec=17538.7
     Messages:  created: 1212794   present: 10224   in FES: 57
** Event #1183488   t=403.562353230832   Elapsed: 38.0731s (0m 38s)  80% completed  (90% total)
     Speed:     ev/sec=32339.6   simsec/sec=1.86294   ev/simsec=17359.4
     Messages:  created: 1292177   present: 10324   in FES: 45
** Event #1246720   t=407.104600784457   Elapsed: 40.0742s (0m 40s)  81% completed  (90% total)
     Speed:     ev/sec=31599.2   simsec/sec=1.77018   ev/simsec=17850.8
     Messages:  created: 1369394   present: 10465   in FES: 54
** Event #1314816   t=411.309377365976   Elapsed: 42.0796s (0m 42s)  82% completed  (91% total)
     Speed:     ev/sec=33956.1   simsec/sec=2.09671   ev/simsec=16194.9
     Messages:  created: 1452213   present: 10589   in FES: 56
** Event #1382400   t=425.300797904376   Elapsed: 44.0911s (0m 44s)  85% completed  (92% total)
     Speed:     ev/sec=33599.7   simsec/sec=6.95591   ev/simsec=4830.39
     Messages:  created: 1528866   present: 10949   in FES: 43
** Event #1444352   t=468.020731193257   Elapsed: 46.0935s (0m 46s)  93% completed  (96% total)
     Speed:     ev/sec=30937.5   simsec/sec=21.3334   ev/simsec=1450.19
     Messages:  created: 1585365   present: 12480   in FES: 54
** Event #1499273   t=500   Elapsed: 47.7831s (0m 47s)  100% completed  (100% total)
     Speed:     ev/sec=32506.1   simsec/sec=18.9279   ev/simsec=1717.36
     Messages:  created: 1639286   present: 3067   in FES: 43

<!> Simulation time limit reached -- at t=500s, event #1499273
undisposed object: (omnetpp::cMessage) FanetReconNetwork.groundStation.app.debugTimer -- check module destructor
undisposed object: (omnetpp::cMessage) FanetReconNetwork.uav[0].app.debugTimer -- check module destructor
undisposed object: (omnetpp::cMessage) FanetReconNetwork.uav[1].app.debugTimer -- check module destructor
undisposed object: (omnetpp::cMessage) FanetReconNetwork.uav[2].app.debugTimer -- check module destructor
undisposed object: (omnetpp::cMessage) FanetReconNetwork.uav[3].app.debugTimer -- check module destructor
undisposed object: (omnetpp::cMessage) FanetReconNetwork.uav[4].app.debugTimer -- check module destructor
undisposed object: (omnetpp::cMessage) FanetReconNetwork.uav[5].app.debugTimer -- check module destructor
undisposed object: (omnetpp::cMessage) FanetReconNetwork.uav[6].app.debugTimer -- check module destructor
undisposed object: (omnetpp::cMessage) FanetReconNetwork.uav[7].app.debugTimer -- check module destructor
undisposed object: (omnetpp::cMessage) FanetReconNetwork.uav[8].app.debugTimer -- check module destructor
undisposed object: (omnetpp::cMessage) FanetReconNetwork.uav[9].app.debugTimer -- check module destructor
