** Event #0   t=0   Elapsed: 3.1e-05s (0m 00s)  0% completed  (0% total)
     Speed:     ev/sec=0   simsec/sec=0   ev/simsec=0
     Messages:  created: 1178   present: 1178   in FES: 186
** Event #41472   t=7.071481188456   Elapsed: 2.02705s (0m 02s)  1% completed  (0% total)
     Speed:     ev/sec=20460   simsec/sec=3.4886   ev/simsec=5864.83
     Messages:  created: 43612   present: 1206   in FES: 149
** Event #93184   t=15.057307588267   Elapsed: 4.02762s (0m 04s)  3% completed  (1% total)
     Speed:     ev/sec=25848.6   simsec/sec=3.99177   ev/simsec=6475.47
     Messages:  created: 96234   present: 1214   in FES: 153
** Event #154624   t=24.13242243982   Elapsed: 6.02834s (0m 06s)  4% completed  (2% total)
     Speed:     ev/sec=30709   simsec/sec=4.53593   ev/simsec=6770.16
     Messages:  created: 158428   present: 1178   in FES: 143
** Event #221440   t=34.21235376452   Elapsed: 8.03397s (0m 08s)  6% completed  (3% total)
     Speed:     ev/sec=33314.2   simsec/sec=5.02581   ev/simsec=6628.62
     Messages:  created: 225976   present: 1190   in FES: 147
** Event #288256   t=44.368652766109   Elapsed: 10.0438s (0m 10s)  8% completed  (4% total)
     Speed:     ev/sec=33245.4   simsec/sec=5.05343   ev/simsec=6578.77
     Messages:  created: 293366   present: 1191   in FES: 148
** Event #357632   t=55.082850771593   Elapsed: 12.0502s (0m 12s)  11% completed  (5% total)
     Speed:     ev/sec=34576.8   simsec/sec=5.33993   ev/simsec=6475.15
     Messages:  created: 364236   present: 1150   in FES: 131
** Event #427008   t=66.029883917788   Elapsed: 14.0508s (0m 14s)  13% completed  (6% total)
     Speed:     ev/sec=34677.2   simsec/sec=5.47181   ev/simsec=6337.42
     Messages:  created: 435243   present: 1218   in FES: 154
** Event #496896   t=77.035298578699   Elapsed: 16.0554s (0m 16s)  15% completed  (7% total)
     Speed:     ev/sec=34863.4   simsec/sec=5.49001   ev/simsec=6350.33
     Messages:  created: 507668   present: 1140   in FES: 127
** Event #564480   t=87.469446018058   Elapsed: 18.0632s (0m 18s)  17% completed  (8% total)
     Speed:     ev/sec=33662   simsec/sec=5.19701   ev/simsec=6477.19
     Messages:  created: 578260   present: 1133   in FES: 128
** Event #634880   t=99.001421111709   Elapsed: 20.0665s (0m 20s)  19% completed  (9% total)
     Speed:     ev/sec=35141.8   simsec/sec=5.75645   ev/simsec=6104.77
     Messages:  created: 651236   present: 1156   in FES: 135
** Event #730624   t=102.145759549276   Elapsed: 22.0676s (0m 22s)  20% completed  (10% total)
     Speed:     ev/sec=47845.7   simsec/sec=1.57131   ev/simsec=30449.6
     Messages:  created: 774827   present: 1325   in FES: 162
** Event #730880   t=102.158598427133   Elapsed: 25.9512s (0m 25s)  20% completed  (10% total)
     Speed:     ev/sec=65.918   simsec/sec=0.00330591   ev/simsec=19939.4
     Messages:  created: 775156   present: 1308   in FES: 164
** Event #766208   t=103.076283169726   Elapsed: 27.9561s (0m 27s)  20% completed  (10% total)
     Speed:     ev/sec=17620.8   simsec/sec=0.45772   ev/simsec=38496.9
     Messages:  created: 821516   present: 1310   in FES: 139
** Event #819968   t=103.641678165539   Elapsed: 29.963s (0m 29s)  20% completed  (10% total)
     Speed:     ev/sec=26787.9   simsec/sec=0.281729   ev/simsec=95084
     Messages:  created: 894379   present: 1263   in FES: 130
** Event #889088   t=104.602467782681   Elapsed: 31.9638s (0m 31s)  20% completed  (10% total)
     Speed:     ev/sec=34545.3   simsec/sec=0.480191   ev/simsec=71940.8
     Messages:  created: 987408   present: 1350   in FES: 165
** Event #956928   t=105.987178602132   Elapsed: 33.9709s (0m 33s)  21% completed  (10% total)
     Speed:     ev/sec=33799.4   simsec/sec=0.689893   ev/simsec=48992.2
     Messages:  created: 1077792   present: 1370   in FES: 148
** Event #998656   t=106.757200634675   Elapsed: 35.9755s (0m 35s)  21% completed  (10% total)
     Speed:     ev/sec=20816.1   simsec/sec=0.384127   ev/simsec=54190.7
     Messages:  created: 1132692   present: 1330   in FES: 134
** Event #1064960   t=108.035295892504   Elapsed: 37.9799s (0m 37s)  21% completed  (10% total)
     Speed:     ev/sec=33079.8   simsec/sec=0.637656   ev/simsec=51877.2
     Messages:  created: 1220617   present: 1405   in FES: 146
** Event #1101056   t=108.747211728222   Elapsed: 39.9822s (0m 39s)  21% completed  (10% total)
     Speed:     ev/sec=18027.6   simsec/sec=0.355555   ev/simsec=50702.6
     Messages:  created: 1268095   present: 1378   in FES: 128
** Event #1144832   t=109.636839900455   Elapsed: 41.9864s (0m 41s)  21% completed  (10% total)
     Speed:     ev/sec=21842.5   simsec/sec=0.443889   ev/simsec=49207.1
     Messages:  created: 1325471   present: 1445   in FES: 163
** Event #1231872   t=111.534062632831   Elapsed: 43.9888s (0m 43s)  22% completed  (11% total)
     Speed:     ev/sec=43467   simsec/sec=0.947456   ev/simsec=45877.6
     Messages:  created: 1439536   present: 1472   in FES: 155
** Event #1334528   t=113.874753941514   Elapsed: 45.9931s (0m 45s)  22% completed  (11% total)
     Speed:     ev/sec=51217.9   simsec/sec=1.16783   ev/simsec=43857.1
     Messages:  created: 1574509   present: 1519   in FES: 154
** Event #1426944   t=115.827739371381   Elapsed: 47.9963s (0m 47s)  23% completed  (11% total)
     Speed:     ev/sec=46133.9   simsec/sec=0.974927   ev/simsec=47320.4
     Messages:  created: 1695428   present: 1499   in FES: 137
** Event #1491712   t=117.180678732985   Elapsed: 50.0056s (0m 50s)  23% completed  (11% total)
     Speed:     ev/sec=32233.6   simsec/sec=0.673328   ev/simsec=47872.1
     Messages:  created: 1780239   present: 1554   in FES: 142
** Event #1555712   t=118.112159709122   Elapsed: 52.0098s (0m 52s)  23% completed  (11% total)
     Speed:     ev/sec=31933.7   simsec/sec=0.464776   ev/simsec=68707.8
     Messages:  created: 1865423   present: 1578   in FES: 156
** Event #1622272   t=119.452932416673   Elapsed: 54.0189s (0m 54s)  23% completed  (11% total)
     Speed:     ev/sec=33128.5   simsec/sec=0.667334   ev/simsec=49643
     Messages:  created: 1952163   present: 1606   in FES: 153
** Event #1683968   t=120.750143508585   Elapsed: 56.0197s (0m 56s)  24% completed  (12% total)
     Speed:     ev/sec=30835.6   simsec/sec=0.648345   ev/simsec=47560.5
     Messages:  created: 2033524   present: 1632   in FES: 155
** Event #1684224   t=120.751077630916   Elapsed: 58.4536s (0m 58s)  24% completed  (12% total)
     Speed:     ev/sec=105.184   simsec/sec=0.000383806   ev/simsec=274054
     Messages:  created: 2033870   present: 1626   in FES: 150
** Event #1715456   t=121.423051917355   Elapsed: 60.4583s (1m 00s)  24% completed  (12% total)
     Speed:     ev/sec=15579.5   simsec/sec=0.335202   ev/simsec=46478
     Messages:  created: 2074509   present: 1626   in FES: 156
** Event #1752320   t=122.238298117938   Elapsed: 62.4585s (1m 02s)  24% completed  (12% total)
     Speed:     ev/sec=18429.6   simsec/sec=0.407571   ev/simsec=45218.2
     Messages:  created: 2123029   present: 1650   in FES: 158
** Event #1779968   t=122.338814939952   Elapsed: 64.4653s (1m 04s)  24% completed  (12% total)
     Speed:     ev/sec=13777.4   simsec/sec=0.050089   ev/simsec=275058
     Messages:  created: 2161117   present: 1687   in FES: 156
** Event #1814784   t=122.453328586281   Elapsed: 66.4716s (1m 06s)  24% completed  (12% total)
     Speed:     ev/sec=17352.8   simsec/sec=0.0570752   ev/simsec=304034
     Messages:  created: 2209001   present: 1631   in FES: 135
** Event #1815040   t=122.453798199893   Elapsed: 69.5094s (1m 09s)  24% completed  (12% total)
     Speed:     ev/sec=84.2713   simsec/sec=0.00015459   ev/simsec=545129
     Messages:  created: 2209406   present: 1703   in FES: 155
** Event #1850368   t=122.56391829506   Elapsed: 71.5203s (1m 11s)  24% completed  (12% total)
     Speed:     ev/sec=17568.4   simsec/sec=0.0547621   ev/simsec=320813
     Messages:  created: 2258164   present: 1713   in FES: 163
** Event #1884928   t=122.6814823272   Elapsed: 73.531s (1m 13s)  24% completed  (12% total)
     Speed:     ev/sec=17188.6   simsec/sec=0.058471   ev/simsec=293967
     Messages:  created: 2306032   present: 1676   in FES: 157
** Event #1920512   t=122.792573468464   Elapsed: 75.5385s (1m 15s)  24% completed  (12% total)
     Speed:     ev/sec=17725.4   simsec/sec=0.0553377   ev/simsec=320314
     Messages:  created: 2355359   present: 1726   in FES: 160
** Event #1955328   t=122.903748440479   Elapsed: 77.5393s (1m 17s)  24% completed  (12% total)
     Speed:     ev/sec=17401   simsec/sec=0.0555651   ev/simsec=313164
     Messages:  created: 2403743   present: 1689   in FES: 162
** Event #1988864   t=123.399774295452   Elapsed: 79.5491s (1m 19s)  24% completed  (12% total)
     Speed:     ev/sec=16686   simsec/sec=0.2468   ev/simsec=67609.4
     Messages:  created: 2447496   present: 1595   in FES: 136
** Event #2023680   t=124.137520285125   Elapsed: 81.744s (1m 21s)  24% completed  (12% total)
     Speed:     ev/sec=15862.3   simsec/sec=0.33612   ev/simsec=47192.4
     Messages:  created: 2492858   present: 1625   in FES: 149
** Event #2059520   t=124.974837149645   Elapsed: 83.757s (1m 23s)  24% completed  (12% total)
     Speed:     ev/sec=17804   simsec/sec=0.415949   ev/simsec=42803.4
     Messages:  created: 2539748   present: 1679   in FES: 157
** Event #2095104   t=125.63594238762   Elapsed: 85.771s (1m 25s)  25% completed  (12% total)
     Speed:     ev/sec=17668.5   simsec/sec=0.328258   ev/simsec=53825
     Messages:  created: 2585260   present: 1689   in FES: 158
** Event #2095360   t=125.648418644783   Elapsed: 98.2887s (1m 38s)  25% completed  (12% total)
     Speed:     ev/sec=20.451   simsec/sec=0.000996687   ev/simsec=20519
     Messages:  created: 2585602   present: 1674   in FES: 150
** Event #2131456   t=126.362881624433   Elapsed: 100.293s (1m 40s)  25% completed  (12% total)
     Speed:     ev/sec=18011.2   simsec/sec=0.356504   ev/simsec=50521.9
     Messages:  created: 2632257   present: 1728   in FES: 156
** Event #2167296   t=127.150596243502   Elapsed: 102.294s (1m 42s)  25% completed  (12% total)
     Speed:     ev/sec=17909.6   simsec/sec=0.393628   ev/simsec=45498.7
     Messages:  created: 2678287   present: 1745   in FES: 159
** Event #2186496   t=127.598438356029   Elapsed: 104.301s (1m 44s)  25% completed  (12% total)
     Speed:     ev/sec=9564.22   simsec/sec=0.223086   ev/simsec=42872.3
     Messages:  created: 2703060   present: 1727   in FES: 146
** Event #2222336   t=128.485527505265   Elapsed: 106.313s (1m 46s)  25% completed  (12% total)
     Speed:     ev/sec=17813.7   simsec/sec=0.440913   ev/simsec=40401.8
     Messages:  created: 2749014   present: 1747   in FES: 146
** Event #2258688   t=129.38223900987   Elapsed: 108.321s (1m 48s)  25% completed  (12% total)
     Speed:     ev/sec=18111.4   simsec/sec=0.446762   ev/simsec=40539.2
     Messages:  created: 2795992   present: 1857   in FES: 186
** Event #2294784   t=130.243718018121   Elapsed: 110.322s (1m 50s)  26% completed  (13% total)
     Speed:     ev/sec=18036.2   simsec/sec=0.430458   ev/simsec=41900
     Messages:  created: 2842484   present: 1788   in FES: 148
** Event #2329600   t=130.929687949457   Elapsed: 112.33s (1m 52s)  26% completed  (13% total)
     Speed:     ev/sec=17339.4   simsec/sec=0.341633   ev/simsec=50754.4
     Messages:  created: 2888657   present: 1773   in FES: 151
** Event #2360320   t=131.500980955925   Elapsed: 114.342s (1m 54s)  26% completed  (13% total)
     Speed:     ev/sec=15264.2   simsec/sec=0.283864   ev/simsec=53772.8
     Messages:  created: 2927839   present: 1789   in FES: 148
** Event #2396928   t=132.276480091661   Elapsed: 116.352s (1m 56s)  26% completed  (13% total)
     Speed:     ev/sec=18212.9   simsec/sec=0.385819   ev/simsec=47205.7
     Messages:  created: 2975558   present: 1798   in FES: 156
** Event #2433280   t=133.054937080035   Elapsed: 118.362s (1m 58s)  26% completed  (13% total)
     Speed:     ev/sec=18086.7   simsec/sec=0.387317   ev/simsec=46697.5
     Messages:  created: 3022957   present: 1865   in FES: 170
** Event #2467072   t=133.760542118544   Elapsed: 120.367s (2m 00s)  26% completed  (13% total)
     Speed:     ev/sec=16857.9   simsec/sec=0.352008   ev/simsec=47890.8
     Messages:  created: 3066623   present: 1767   in FES: 131
** Event #2502400   t=134.500373272763   Elapsed: 122.378s (2m 02s)  26% completed  (13% total)
     Speed:     ev/sec=17568.6   simsec/sec=0.367919   ev/simsec=47751.4
     Messages:  created: 3112016   present: 1854   in FES: 162
** Event #2538496   t=135.269782646843   Elapsed: 124.391s (2m 04s)  27% completed  (13% total)
     Speed:     ev/sec=17925.4   simsec/sec=0.382091   ev/simsec=46913.9
     Messages:  created: 3158981   present: 1863   in FES: 154
** Event #2576128   t=136.111603126628   Elapsed: 126.394s (2m 06s)  27% completed  (13% total)
     Speed:     ev/sec=18787.5   simsec/sec=0.420272   ev/simsec=44703.1
     Messages:  created: 3207346   present: 1785   in FES: 125
** Event #2581248   t=136.238163064818   Elapsed: 128.396s (2m 08s)  27% completed  (13% total)
     Speed:     ev/sec=2557.83   simsec/sec=0.0632264   ev/simsec=40455.1
     Messages:  created: 3214029   present: 1893   in FES: 159
** Event #2679552   t=137.116094912058   Elapsed: 130.4s (2m 10s)  27% completed  (13% total)
     Speed:     ev/sec=49041.2   simsec/sec=0.437977   ev/simsec=111972
     Messages:  created: 3346602   present: 1838   in FES: 168
** Event #2785536   t=139.35223380589   Elapsed: 132.406s (2m 12s)  27% completed  (13% total)
     Speed:     ev/sec=52859.3   simsec/sec=1.11527   ev/simsec=47396
     Messages:  created: 3484294   present: 1835   in FES: 155
** Event #2892032   t=141.733618569174   Elapsed: 134.408s (2m 14s)  28% completed  (14% total)
     Speed:     ev/sec=53187.6   simsec/sec=1.18934   ev/simsec=44720.2
     Messages:  created: 3622667   present: 1974   in FES: 159
** Event #2992384   t=142.250406532394   Elapsed: 136.41s (2m 16s)  28% completed  (14% total)
     Speed:     ev/sec=50112.7   simsec/sec=0.258068   ev/simsec=194184
     Messages:  created: 3760558   present: 1788   in FES: 135
** Event #3096832   t=144.289471450648   Elapsed: 138.413s (2m 18s)  28% completed  (14% total)
     Speed:     ev/sec=52158.8   simsec/sec=1.01826   ev/simsec=51223.5
     Messages:  created: 3898846   present: 1864   in FES: 154
** Event #3097088   t=144.290214820205   Elapsed: 148.158s (2m 28s)  28% completed  (14% total)
     Speed:     ev/sec=26.2703   simsec/sec=7.62833e-05   ev/simsec=344378
     Messages:  created: 3899191   present: 1882   in FES: 154
** Event #3192320   t=146.230424269701   Elapsed: 150.158s (2m 30s)  29% completed  (14% total)
     Speed:     ev/sec=47611.7   simsec/sec=0.970018   ev/simsec=49083.4
     Messages:  created: 4024949   present: 1836   in FES: 125
** Event #3300608   t=148.258190718068   Elapsed: 152.158s (2m 32s)  29% completed  (14% total)
     Speed:     ev/sec=54132.1   simsec/sec=1.01366   ev/simsec=53402.6
     Messages:  created: 4168639   present: 1989   in FES: 159
** Event #3400704   t=150.275304418822   Elapsed: 154.16s (2m 34s)  30% completed  (15% total)
     Speed:     ev/sec=50001.5   simsec/sec=1.00762   ev/simsec=49623.4
     Messages:  created: 4300697   present: 2006   in FES: 156
** Event #3454464   t=151.489001156435   Elapsed: 156.165s (2m 36s)  30% completed  (15% total)
     Speed:     ev/sec=26816   simsec/sec=0.605404   ev/simsec=44294.4
     Messages:  created: 4370682   present: 2015   in FES: 144
** Event #3560704   t=154.046390842404   Elapsed: 158.167s (2m 38s)  30% completed  (15% total)
     Speed:     ev/sec=53064.9   simsec/sec=1.27737   ev/simsec=41542.4
     Messages:  created: 4509790   present: 1986   in FES: 132
** Event #3663616   t=156.374143691161   Elapsed: 160.171s (2m 40s)  31% completed  (15% total)
     Speed:     ev/sec=51358.7   simsec/sec=1.16168   ev/simsec=44210.9
     Messages:  created: 4643805   present: 2132   in FES: 153
** Event #3701248   t=157.256004974788   Elapsed: 162.171s (2m 42s)  31% completed  (15% total)
     Speed:     ev/sec=18809.7   simsec/sec=0.440784   ev/simsec=42673.4
     Messages:  created: 4693008   present: 2154   in FES: 163
** Event #3810560   t=159.847759962855   Elapsed: 164.173s (2m 44s)  31% completed  (15% total)
     Speed:     ev/sec=54625.6   simsec/sec=1.29516   ev/simsec=42176.8
     Messages:  created: 4835813   present: 2184   in FES: 139
** Event #3919360   t=161.319141746004   Elapsed: 166.173s (2m 46s)  32% completed  (16% total)
     Speed:     ev/sec=54390.2   simsec/sec=0.735558   ev/simsec=73944.1
     Messages:  created: 4982005   present: 2142   in FES: 156
** Event #4028416   t=163.84981318131   Elapsed: 168.177s (2m 48s)  32% completed  (16% total)
     Speed:     ev/sec=54419.6   simsec/sec=1.26282   ev/simsec=43093.7
     Messages:  created: 5126018   present: 2309   in FES: 183
** Event #4129536   t=166.09879861943   Elapsed: 170.179s (2m 50s)  33% completed  (16% total)
     Speed:     ev/sec=50503.6   simsec/sec=1.12324   ev/simsec=44962.5
     Messages:  created: 5258627   present: 2262   in FES: 166
** Event #4238336   t=168.597540509999   Elapsed: 172.183s (2m 52s)  33% completed  (16% total)
     Speed:     ev/sec=54291.8   simsec/sec=1.24689   ev/simsec=43541.9
     Messages:  created: 5400173   present: 2283   in FES: 140
** Event #4348160   t=171.185838853806   Elapsed: 174.187s (2m 54s)  34% completed  (17% total)
     Speed:     ev/sec=54802.6   simsec/sec=1.29157   ev/simsec=42431
     Messages:  created: 5542549   present: 2412   in FES: 154
** Event #4448000   t=173.561091884893   Elapsed: 176.188s (2m 56s)  34% completed  (17% total)
     Speed:     ev/sec=49900.1   simsec/sec=1.18715   ev/simsec=42033.4
     Messages:  created: 5671810   present: 2416   in FES: 128
** Event #4556288   t=176.127438068428   Elapsed: 178.193s (2m 58s)  35% completed  (17% total)
     Speed:     ev/sec=54007.6   simsec/sec=1.27994   ev/simsec=42195.4
     Messages:  created: 5811364   present: 2477   in FES: 126
** Event #4664320   t=178.861604161887   Elapsed: 180.197s (3m 00s)  35% completed  (17% total)
     Speed:     ev/sec=53909.8   simsec/sec=1.3644   ev/simsec=39511.9
     Messages:  created: 5950410   present: 2616   in FES: 157
** Event #4765696   t=181.09753869653   Elapsed: 182.2s (3m 02s)  36% completed  (18% total)
     Speed:     ev/sec=50607.6   simsec/sec=1.11619   ev/simsec=45339.4
     Messages:  created: 6081166   present: 2635   in FES: 145
** Event #4873216   t=183.494782490656   Elapsed: 184.204s (3m 04s)  36% completed  (18% total)
     Speed:     ev/sec=53650.3   simsec/sec=1.19618   ev/simsec=44851.5
     Messages:  created: 6220152   present: 2743   in FES: 166
** Event #4980736   t=186.111603126628   Elapsed: 186.206s (3m 06s)  37% completed  (18% total)
     Speed:     ev/sec=53712.5   simsec/sec=1.30725   ev/simsec=41088
     Messages:  created: 6359060   present: 2731   in FES: 126
** Event #5080576   t=188.270684434301   Elapsed: 188.209s (3m 08s)  37% completed  (18% total)
     Speed:     ev/sec=49843   simsec/sec=1.07788   ev/simsec=46241.9
     Messages:  created: 6488766   present: 2870   in FES: 155
** Event #5188864   t=190.376894913116   Elapsed: 190.212s (3m 10s)  38% completed  (19% total)
     Speed:     ev/sec=54055.5   simsec/sec=1.05138   ev/simsec=51413.7
     Messages:  created: 6629089   present: 2849   in FES: 140
** Event #5296896   t=192.704240961443   Elapsed: 192.215s (3m 12s)  38% completed  (19% total)
     Speed:     ev/sec=53950.6   simsec/sec=1.16226   ev/simsec=46418.5
     Messages:  created: 6768962   present: 2967   in FES: 158
** Event #5394176   t=194.182555891988   Elapsed: 194.218s (3m 14s)  38% completed  (19% total)
     Speed:     ev/sec=48555.5   simsec/sec=0.737874   ev/simsec=65804.7
     Messages:  created: 6898096   present: 2962   in FES: 165
** Event #5486080   t=196.186328879138   Elapsed: 196.22s (3m 16s)  39% completed  (19% total)
     Speed:     ev/sec=45913.4   simsec/sec=1.00104   ev/simsec=45865.5
     Messages:  created: 7017665   present: 2997   in FES: 155
** Event #5579776   t=198.081459565957   Elapsed: 198.225s (3m 18s)  39% completed  (19% total)
     Speed:     ev/sec=46733.5   simsec/sec=0.94525   ev/simsec=49440.4
     Messages:  created: 7140027   present: 3049   in FES: 155
** Event #5664000   t=199.738478171998   Elapsed: 200.225s (3m 20s)  39% completed  (19% total)
     Speed:     ev/sec=42100.7   simsec/sec=0.828287   ev/simsec=50828.6
     Messages:  created: 7250114   present: 3008   in FES: 145
** Event #5757184   t=201.638662719861   Elapsed: 202.23s (3m 22s)  40% completed  (20% total)
     Speed:     ev/sec=46481.5   simsec/sec=0.947839   ev/simsec=49039.4
     Messages:  created: 7371757   present: 3105   in FES: 148
** Event #5852160   t=203.807186213093   Elapsed: 204.23s (3m 24s)  40% completed  (20% total)
     Speed:     ev/sec=47485   simsec/sec=1.08419   ev/simsec=43797.5
     Messages:  created: 7495564   present: 3122   in FES: 154
** Event #5931008   t=205.484079943208   Elapsed: 206.234s (3m 26s)  41% completed  (20% total)
     Speed:     ev/sec=39349.2   simsec/sec=0.836856   ev/simsec=47020.3
     Messages:  created: 7597774   present: 3176   in FES: 155
** Event #6015232   t=207.47062173524   Elapsed: 208.237s (3m 28s)  41% completed  (20% total)
     Speed:     ev/sec=42040.7   simsec/sec=0.991589   ev/simsec=42397.3
     Messages:  created: 7707084   present: 3218   in FES: 164
** Event #6113536   t=209.135942581777   Elapsed: 210.243s (3m 30s)  41% completed  (20% total)
     Speed:     ev/sec=49009.6   simsec/sec=0.830248   ev/simsec=59030.1
     Messages:  created: 7836325   present: 3239   in FES: 158
** Event #6212352   t=209.996812275748   Elapsed: 212.245s (3m 32s)  41% completed  (20% total)
     Speed:     ev/sec=49361.4   simsec/sec=0.430029   ev/simsec=114786
     Messages:  created: 7970562   present: 3256   in FES: 154
** Event #6312192   t=210.752842397521   Elapsed: 214.246s (3m 34s)  42% completed  (21% total)
     Speed:     ev/sec=49891.9   simsec/sec=0.377803   ev/simsec=132058
     Messages:  created: 8105521   present: 3290   in FES: 157
** Event #6362112   t=211.005855835779   Elapsed: 270.504s (4m 30s)  42% completed  (21% total)
     Speed:     ev/sec=887.337   simsec/sec=0.00449736   ev/simsec=197302
     Messages:  created: 8174460   present: 3413   in FES: 190
** Event #6482688   t=211.566965328153   Elapsed: 272.507s (4m 32s)  42% completed  (21% total)
     Speed:     ev/sec=60204.3   simsec/sec=0.280165   ev/simsec=214889
     Messages:  created: 8339597   present: 3225   in FES: 147
** Event #6601728   t=212.134578211635   Elapsed: 274.509s (4m 34s)  42% completed  (21% total)
     Speed:     ev/sec=59463.6   simsec/sec=0.283537   ev/simsec=209720
     Messages:  created: 8503203   present: 3336   in FES: 159
** Event #6718720   t=212.71795848329   Elapsed: 276.51s (4m 36s)  42% completed  (21% total)
     Speed:     ev/sec=58467.5   simsec/sec=0.291548   ev/simsec=200542
     Messages:  created: 8663753   present: 3265   in FES: 145
** Event #6795264   t=213.111284895653   Elapsed: 282.701s (4m 42s)  42% completed  (21% total)
     Speed:     ev/sec=12364.3   simsec/sec=0.0635349   ev/simsec=194607
     Messages:  created: 8768408   present: 3345   in FES: 164
** Event #6902272   t=213.677127583609   Elapsed: 284.702s (4m 44s)  42% completed  (21% total)
     Speed:     ev/sec=53477   simsec/sec=0.282779   ev/simsec=189113
     Messages:  created: 8915137   present: 3289   in FES: 162
** Event #7018752   t=214.310397284951   Elapsed: 286.703s (4m 46s)  42% completed  (21% total)
     Speed:     ev/sec=58213   simsec/sec=0.316488   ev/simsec=183934
     Messages:  created: 9074015   present: 3224   in FES: 126
** Event #7126272   t=214.928302521102   Elapsed: 288.704s (4m 48s)  42% completed  (21% total)
     Speed:     ev/sec=53715.4   simsec/sec=0.308696   ev/simsec=174007
     Messages:  created: 9221585   present: 3246   in FES: 129
** Event #7193434   t=215.323568097957   Elapsed: 301.003s (5m 01s)  43% completed  (21% total)
     Speed:     ev/sec=5460.79   simsec/sec=0.0321387   ev/simsec=169914
     Messages:  created: 9312592   present: 3327   in FES: 160

<!> SIGINT or SIGTERM received, exiting -- at t=215.323568097957s, event #7193434
