** Event #0   t=0   Elapsed: 2.1e-05s (0m 00s)  0% completed  (0% total)
     Speed:     ev/sec=0   simsec/sec=0   ev/simsec=0
     Messages:  created: 418   present: 418   in FES: 66
** Event #94464   t=99.436103311269   Elapsed: 2.00602s (0m 02s)  19% completed  (9% total)
     Speed:     ev/sec=47091.2   simsec/sec=49.5694   ev/simsec=950.007
     Messages:  created: 81660   present: 426   in FES: 53
** Event #177152   t=113.482951459749   Elapsed: 4.0076s (0m 04s)  22% completed  (11% total)
     Speed:     ev/sec=41311.1   simsec/sec=7.01783   ev/simsec=5886.59
     Messages:  created: 176924   present: 585   in FES: 56
** Event #239616   t=127.01187357689   Elapsed: 6.01134s (0m 06s)  25% completed  (12% total)
     Speed:     ev/sec=31173.8   simsec/sec=6.75186   ev/simsec=4617.07
     Messages:  created: 247609   present: 795   in FES: 55
** Event #300032   t=141.042663848741   Elapsed: 8.01359s (0m 08s)  28% completed  (14% total)
     Speed:     ev/sec=30174.1   simsec/sec=7.00752   ev/simsec=4305.96
     Messages:  created: 314871   present: 965   in FES: 53
** Event #364800   t=145.874936108826   Elapsed: 10.0153s (0m 10s)  29% completed  (14% total)
     Speed:     ev/sec=32356.8   simsec/sec=2.4141   ev/simsec=13403.2
     Messages:  created: 392810   present: 1056   in FES: 54
** Event #419584   t=147.777002316914   Elapsed: 12.0188s (0m 12s)  29% completed  (14% total)
     Speed:     ev/sec=27344.4   simsec/sec=0.94938   ev/simsec=28802.4
     Messages:  created: 460402   present: 1098   in FES: 56
** Event #484096   t=150.028920548297   Elapsed: 14.0242s (0m 14s)  30% completed  (15% total)
     Speed:     ev/sec=32167.8   simsec/sec=1.12288   ev/simsec=28647.6
     Messages:  created: 540064   present: 1134   in FES: 55
** Event #545024   t=152.143098756499   Elapsed: 16.0307s (0m 16s)  30% completed  (15% total)
     Speed:     ev/sec=30365.7   simsec/sec=1.05368   ev/simsec=28818.8
     Messages:  created: 615213   present: 1144   in FES: 52
** Event #603136   t=154.145716316439   Elapsed: 18.0347s (0m 18s)  30% completed  (15% total)
     Speed:     ev/sec=28998.2   simsec/sec=0.999316   ev/simsec=29018
     Messages:  created: 687002   present: 1163   in FES: 49
** Event #651776   t=157.649561244204   Elapsed: 20.0353s (0m 20s)  31% completed  (15% total)
     Speed:     ev/sec=24312.1   simsec/sec=1.75136   ev/simsec=13881.9
     Messages:  created: 745344   present: 1162   in FES: 54
** Event #714752   t=167.847032221312   Elapsed: 22.0376s (0m 22s)  33% completed  (16% total)
     Speed:     ev/sec=31452.1   simsec/sec=5.09292   ev/simsec=6175.65
     Messages:  created: 814922   present: 1321   in FES: 54
** Event #776192   t=192.043102516277   Elapsed: 24.0387s (0m 24s)  38% completed  (19% total)
     Speed:     ev/sec=30704   simsec/sec=12.0917   ev/simsec=2539.26
     Messages:  created: 877589   present: 1998   in FES: 50
** Event #838144   t=216.7645292194   Elapsed: 26.0391s (0m 26s)  43% completed  (21% total)
     Speed:     ev/sec=30969.3   simsec/sec=12.3581   ev/simsec=2506
     Messages:  created: 939639   present: 2718   in FES: 55
** Event #902912   t=235.55531152599   Elapsed: 28.3056s (0m 28s)  47% completed  (23% total)
     Speed:     ev/sec=28576.5   simsec/sec=8.29075   ev/simsec=3446.8
     Messages:  created: 1009144   present: 3166   in FES: 65
** Event #967936   t=250.382263542856   Elapsed: 30.3082s (0m 30s)  50% completed  (25% total)
     Speed:     ev/sec=32468.8   simsec/sec=7.40364   ev/simsec=4385.53
     Messages:  created: 1081505   present: 3123   in FES: 57
** Event #1030144   t=258.674538623967   Elapsed: 32.3125s (0m 32s)  51% completed  (25% total)
     Speed:     ev/sec=31038.1   simsec/sec=4.13735   ev/simsec=7501.92
     Messages:  created: 1153399   present: 3175   in FES: 46
** Event #1094912   t=273.63201516922   Elapsed: 34.32s (0m 34s)  54% completed  (27% total)
     Speed:     ev/sec=32262.9   simsec/sec=7.45078   ev/simsec=4330.14
     Messages:  created: 1225991   present: 3692   in FES: 56
** Event #1161984   t=285.482966819169   Elapsed: 36.3243s (0m 36s)  57% completed  (28% total)
     Speed:     ev/sec=33463.8   simsec/sec=5.91271   ev/simsec=5659.63
     Messages:  created: 1303447   present: 3965   in FES: 57
** Event #1216000   t=292.289206459289   Elapsed: 38.3299s (0m 38s)  58% completed  (29% total)
     Speed:     ev/sec=26933   simsec/sec=3.39367   ev/simsec=7936.25
     Messages:  created: 1366282   present: 3717   in FES: 55
** Event #1277952   t=300.322432282116   Elapsed: 40.3308s (0m 40s)  60% completed  (30% total)
     Speed:     ev/sec=30961.2   simsec/sec=4.0147   ev/simsec=7711.97
     Messages:  created: 1438862   present: 3773   in FES: 51
** Event #1342976   t=300.835937719106   Elapsed: 42.3359s (0m 42s)  60% completed  (30% total)
     Speed:     ev/sec=32430.5   simsec/sec=0.256109   ev/simsec=126628
     Messages:  created: 1520065   present: 3810   in FES: 66
** Event #1404416   t=301.324208542198   Elapsed: 44.339s (0m 44s)  60% completed  (30% total)
     Speed:     ev/sec=30671.9   simsec/sec=0.243753   ev/simsec=125832
     Messages:  created: 1596732   present: 3806   in FES: 57
** Event #1464576   t=301.781055557498   Elapsed: 46.3449s (0m 46s)  60% completed  (30% total)
     Speed:     ev/sec=29991.9   simsec/sec=0.227754   ev/simsec=131685
     Messages:  created: 1670977   present: 3466   in FES: 55
** Event #1524736   t=310.9829619039   Elapsed: 48.3495s (0m 48s)  62% completed  (31% total)
     Speed:     ev/sec=30009.9   simsec/sec=4.59023   ev/simsec=6537.78
     Messages:  created: 1740910   present: 3408   in FES: 48
** Event #1578240   t=327.369754768365   Elapsed: 50.3507s (0m 50s)  65% completed  (32% total)
     Speed:     ev/sec=26736.1   simsec/sec=8.18851   ev/simsec=3265.07
     Messages:  created: 1797978   present: 3838   in FES: 55
** Event #1642496   t=352.021342590713   Elapsed: 52.3563s (0m 52s)  70% completed  (35% total)
     Speed:     ev/sec=32038.9   simsec/sec=12.2916   ev/simsec=2606.57
     Messages:  created: 1865847   present: 4405   in FES: 43
** Event #1710848   t=385.350827093763   Elapsed: 54.3567s (0m 54s)  77% completed  (38% total)
     Speed:     ev/sec=34169   simsec/sec=16.6613   ev/simsec=2050.8
     Messages:  created: 1934815   present: 5325   in FES: 51
** Event #1774848   t=416.281124206234   Elapsed: 56.3569s (0m 56s)  83% completed  (41% total)
     Speed:     ev/sec=31996.7   simsec/sec=15.4635   ev/simsec=2069.17
     Messages:  created: 1998859   present: 6211   in FES: 55
** Event #1841664   t=457.672350808745   Elapsed: 58.5605s (0m 58s)  91% completed  (45% total)
     Speed:     ev/sec=30321.2   simsec/sec=18.7834   ev/simsec=1614.26
     Messages:  created: 2062777   present: 7487   in FES: 42
** Event #1905392   t=500   Elapsed: 60.4826s (1m 00s)  100% completed  (50% total)
     Speed:     ev/sec=33155.7   simsec/sec=22.0221   ev/simsec=1505.56
     Messages:  created: 2123293   present: 4481   in FES: 42

<!> Simulation time limit reached -- at t=500s, event #1905392
undisposed object: (omnetpp::cMessage) FanetReconNetwork.groundStation.app.debugTimer -- check module destructor
undisposed object: (omnetpp::cMessage) FanetReconNetwork.uav[0].app.debugTimer -- check module destructor
undisposed object: (omnetpp::cMessage) FanetReconNetwork.uav[1].app.debugTimer -- check module destructor
undisposed object: (omnetpp::cMessage) FanetReconNetwork.uav[2].app.debugTimer -- check module destructor
undisposed object: (omnetpp::cMessage) FanetReconNetwork.uav[3].app.debugTimer -- check module destructor
undisposed object: (omnetpp::cMessage) FanetReconNetwork.uav[4].app.debugTimer -- check module destructor
undisposed object: (omnetpp::cMessage) FanetReconNetwork.uav[5].app.debugTimer -- check module destructor
undisposed object: (omnetpp::cMessage) FanetReconNetwork.uav[6].app.debugTimer -- check module destructor
undisposed object: (omnetpp::cMessage) FanetReconNetwork.uav[7].app.debugTimer -- check module destructor
undisposed object: (omnetpp::cMessage) FanetReconNetwork.uav[8].app.debugTimer -- check module destructor
undisposed object: (omnetpp::cMessage) FanetReconNetwork.uav[9].app.debugTimer -- check module destructor
