** Event #0   t=0   Elapsed: 1.3e-05s (0m 00s)  0% completed  (0% total)
     Speed:     ev/sec=0   simsec/sec=0   ev/simsec=0
     Messages:  created: 1178   present: 1178   in FES: 186
** Event #102656   t=17.016855952051   Elapsed: 2.00146s (0m 02s)  3% completed  (1% total)
     Speed:     ev/sec=51291.4   simsec/sec=8.50228   ev/simsec=6032.67
     Messages:  created: 107386   present: 1141   in FES: 128
** Event #203776   t=33.016852549421   Elapsed: 4.00267s (0m 04s)  6% completed  (3% total)
     Speed:     ev/sec=50529.4   simsec/sec=7.99515   ev/simsec=6320
     Messages:  created: 212688   present: 1202   in FES: 149
** Event #302848   t=48.32202365573   Elapsed: 6.00295s (0m 06s)  9% completed  (4% total)
     Speed:     ev/sec=49529   simsec/sec=7.6515   ev/simsec=6473.11
     Messages:  created: 316246   present: 1168   in FES: 139
** Event #386816   t=62.015876340758   Elapsed: 8.0087s (0m 08s)  12% completed  (6% total)
     Speed:     ev/sec=41863.7   simsec/sec=6.8273   ev/simsec=6131.8
     Messages:  created: 403412   present: 1215   in FES: 154
** Event #460032   t=73.223243416469   Elapsed: 10.0133s (0m 10s)  14% completed  (7% total)
     Speed:     ev/sec=36523.8   simsec/sec=5.59079   ev/simsec=6532.85
     Messages:  created: 480122   present: 1135   in FES: 128
** Event #540928   t=86.7   Elapsed: 12.0172s (0m 12s)  17% completed  (8% total)
     Speed:     ev/sec=40369.2   simsec/sec=6.72524   ev/simsec=6002.63
     Messages:  created: 565140   present: 1116   in FES: 122
** Event #616960   t=99.052169612446   Elapsed: 14.0178s (0m 14s)  19% completed  (9% total)
     Speed:     ev/sec=38004.2   simsec/sec=6.17416   ev/simsec=6155.36
     Messages:  created: 644645   present: 1121   in FES: 124
** Event #694272   t=101.086114754941   Elapsed: 16.0248s (0m 16s)  20% completed  (10% total)
     Speed:     ev/sec=38521.2   simsec/sec=1.01343   ev/simsec=38010.9
     Messages:  created: 745728   present: 1207   in FES: 156
** Event #772096   t=102.130560445413   Elapsed: 18.0267s (0m 18s)  20% completed  (10% total)
     Speed:     ev/sec=38875.1   simsec/sec=0.521728   ev/simsec=74512.3
     Messages:  created: 850146   present: 1141   in FES: 127
** Event #851200   t=102.967350370376   Elapsed: 20.0283s (0m 20s)  20% completed  (10% total)
     Speed:     ev/sec=39522   simsec/sec=0.418077   ev/simsec=94532.7
     Messages:  created: 958342   present: 1282   in FES: 158
** Event #927488   t=103.598343642487   Elapsed: 22.0321s (0m 22s)  20% completed  (10% total)
     Speed:     ev/sec=38071.6   simsec/sec=0.314898   ev/simsec=120901
     Messages:  created: 1061988   present: 1202   in FES: 143
** Event #1005056   t=104.252474480117   Elapsed: 24.0358s (0m 24s)  20% completed  (10% total)
     Speed:     ev/sec=38712.2   simsec/sec=0.32646   ev/simsec=118582
     Messages:  created: 1167563   present: 1196   in FES: 130
** Event #1089536   t=105.012333965852   Elapsed: 26.036s (0m 26s)  21% completed  (10% total)
     Speed:     ev/sec=42234.4   simsec/sec=0.37988   ev/simsec=111178
     Messages:  created: 1283411   present: 1327   in FES: 158
** Event #1176576   t=105.780544257281   Elapsed: 28.0387s (0m 28s)  21% completed  (10% total)
     Speed:     ev/sec=43462   simsec/sec=0.383593   ev/simsec=113302
     Messages:  created: 1401811   present: 1394   in FES: 189
** Event #1260544   t=106.135679213201   Elapsed: 30.0485s (0m 30s)  21% completed  (10% total)
     Speed:     ev/sec=41779.8   simsec/sec=0.176704   ev/simsec=236440
     Messages:  created: 1517032   present: 1203   in FES: 126
** Event #1339136   t=106.420577111983   Elapsed: 32.0487s (0m 32s)  21% completed  (10% total)
     Speed:     ev/sec=39291.8   simsec/sec=0.142434   ev/simsec=275860
     Messages:  created: 1625673   present: 1281   in FES: 160
** Event #1412096   t=106.757080066832   Elapsed: 34.053s (0m 34s)  21% completed  (10% total)
     Speed:     ev/sec=36401   simsec/sec=0.167887   ev/simsec=216818
     Messages:  created: 1726691   present: 1215   in FES: 132
** Event #1489920   t=107.025107090508   Elapsed: 36.0593s (0m 36s)  21% completed  (10% total)
     Speed:     ev/sec=38789.7   simsec/sec=0.133592   ev/simsec=290359
     Messages:  created: 1834678   present: 1307   in FES: 158
** Event #1571840   t=107.311742630004   Elapsed: 38.0606s (0m 38s)  21% completed  (10% total)
     Speed:     ev/sec=40934.2   simsec/sec=0.143227   ev/simsec=285798
     Messages:  created: 1947448   present: 1296   in FES: 160
** Event #1647104   t=107.637985748801   Elapsed: 40.0623s (0m 40s)  21% completed  (10% total)
     Speed:     ev/sec=37599.4   simsec/sec=0.16298   ev/simsec=230699
     Messages:  created: 2051561   present: 1209   in FES: 146
** Event #1722880   t=108.005202169322   Elapsed: 42.0624s (0m 42s)  21% completed  (10% total)
     Speed:     ev/sec=37887.4   simsec/sec=0.183605   ev/simsec=206352
     Messages:  created: 2156461   present: 1367   in FES: 188
** Event #1796352   t=108.45516706998   Elapsed: 44.065s (0m 44s)  21% completed  (10% total)
     Speed:     ev/sec=36688.5   simsec/sec=0.224691   ev/simsec=163284
     Messages:  created: 2256578   present: 1386   in FES: 189
** Event #1870592   t=108.944266838073   Elapsed: 46.0676s (0m 46s)  21% completed  (10% total)
     Speed:     ev/sec=37070.8   simsec/sec=0.244226   ev/simsec=151789
     Messages:  created: 2358950   present: 1216   in FES: 136
** Event #1958656   t=109.474961689281   Elapsed: 48.0687s (0m 48s)  21% completed  (10% total)
     Speed:     ev/sec=44007.8   simsec/sec=0.265202   ev/simsec=165941
     Messages:  created: 2478991   present: 1271   in FES: 141
** Event #2039808   t=110.592944028456   Elapsed: 50.0718s (0m 50s)  22% completed  (11% total)
     Speed:     ev/sec=40513.3   simsec/sec=0.558128   ev/simsec=72587.9
     Messages:  created: 2588450   present: 1257   in FES: 145
** Event #2124800   t=111.01065517165   Elapsed: 52.0734s (0m 52s)  22% completed  (11% total)
     Speed:     ev/sec=42462.5   simsec/sec=0.208691   ev/simsec=203471
     Messages:  created: 2706050   present: 1275   in FES: 156
** Event #2216192   t=111.485374544525   Elapsed: 54.0771s (0m 54s)  22% completed  (11% total)
     Speed:     ev/sec=45611.2   simsec/sec=0.236919   ev/simsec=192518
     Messages:  created: 2831350   present: 1297   in FES: 159
** Event #2296832   t=111.907309680135   Elapsed: 56.0797s (0m 56s)  22% completed  (11% total)
     Speed:     ev/sec=40268.3   simsec/sec=0.210697   ev/simsec=191119
     Messages:  created: 2943033   present: 1220   in FES: 135
** Event #2383104   t=112.272572184013   Elapsed: 58.0816s (0m 58s)  22% completed  (11% total)
     Speed:     ev/sec=43093.7   simsec/sec=0.182452   ev/simsec=236192
     Messages:  created: 3061464   present: 1136   in FES: 127
** Event #2464256   t=112.681804836701   Elapsed: 60.0848s (1m 00s)  22% completed  (11% total)
     Speed:     ev/sec=40512.9   simsec/sec=0.204298   ev/simsec=198303
     Messages:  created: 3173752   present: 1234   in FES: 137
** Event #2540800   t=113.00371278613   Elapsed: 62.0899s (1m 02s)  22% completed  (11% total)
     Speed:     ev/sec=38173.4   simsec/sec=0.160539   ev/simsec=237782
     Messages:  created: 3279872   present: 1218   in FES: 132
** Event #2621184   t=113.430812954057   Elapsed: 64.0905s (1m 04s)  22% completed  (11% total)
     Speed:     ev/sec=40181.1   simsec/sec=0.213492   ev/simsec=188209
     Messages:  created: 3389794   present: 1384   in FES: 186
** Event #2698752   t=113.76448256707   Elapsed: 66.0937s (1m 06s)  22% completed  (11% total)
     Speed:     ev/sec=38721.5   simsec/sec=0.166566   ev/simsec=232469
     Messages:  created: 3497330   present: 1260   in FES: 158
** Event #2777856   t=114.15461690992   Elapsed: 68.0982s (1m 08s)  22% completed  (11% total)
     Speed:     ev/sec=39464   simsec/sec=0.194633   ev/simsec=202761
     Messages:  created: 3605858   present: 1207   in FES: 126
** Event #2865152   t=114.518311758633   Elapsed: 70.1022s (1m 10s)  22% completed  (11% total)
     Speed:     ev/sec=43559.1   simsec/sec=0.181477   ev/simsec=240025
     Messages:  created: 3726491   present: 1277   in FES: 159
** Event #2948864   t=114.943445244952   Elapsed: 72.1052s (1m 12s)  22% completed  (11% total)
     Speed:     ev/sec=41793   simsec/sec=0.212247   ev/simsec=196908
     Messages:  created: 3842350   present: 1287   in FES: 160
** Event #3036672   t=115.385753707779   Elapsed: 74.1166s (1m 14s)  23% completed  (11% total)
     Speed:     ev/sec=43657   simsec/sec=0.21991   ev/simsec=198522
     Messages:  created: 3962852   present: 1225   in FES: 156
** Event #3131648   t=115.791209402598   Elapsed: 76.1197s (1m 16s)  23% completed  (11% total)
     Speed:     ev/sec=47414.2   simsec/sec=0.202413   ev/simsec=234245
     Messages:  created: 4094524   present: 1270   in FES: 157
** Event #3214336   t=116.188344565308   Elapsed: 78.1217s (1m 18s)  23% completed  (11% total)
     Speed:     ev/sec=41301.9   simsec/sec=0.198365   ev/simsec=208211
     Messages:  created: 4208245   present: 1265   in FES: 148
** Event #3291392   t=116.512027185224   Elapsed: 80.1226s (1m 20s)  23% completed  (11% total)
     Speed:     ev/sec=38511.2   simsec/sec=0.161771   ev/simsec=238060
     Messages:  created: 4314768   present: 1289   in FES: 156
** Event #3376384   t=117.233880232233   Elapsed: 82.1292s (1m 22s)  23% completed  (11% total)
     Speed:     ev/sec=42356.9   simsec/sec=0.359745   ev/simsec=117741
     Messages:  created: 4430700   present: 1237   in FES: 155
** Event #3459840   t=118.598976249819   Elapsed: 84.1316s (1m 24s)  23% completed  (11% total)
     Speed:     ev/sec=41677.6   simsec/sec=0.681723   ev/simsec=61135.6
     Messages:  created: 4542970   present: 1197   in FES: 153
** Event #3539712   t=119.865588008556   Elapsed: 86.1325s (1m 26s)  23% completed  (11% total)
     Speed:     ev/sec=39916.5   simsec/sec=0.632997   ev/simsec=63059.6
     Messages:  created: 4650847   present: 1243   in FES: 151
** Event #3606016   t=120.90473591972   Elapsed: 88.1338s (1m 28s)  24% completed  (12% total)
     Speed:     ev/sec=33131.6   simsec/sec=0.519254   ev/simsec=63806.1
     Messages:  created: 4740001   present: 1211   in FES: 155
** Event #3691264   t=122.226541969111   Elapsed: 90.1349s (1m 30s)  24% completed  (12% total)
     Speed:     ev/sec=42600.3   simsec/sec=0.660536   ev/simsec=64493.6
     Messages:  created: 4853789   present: 1249   in FES: 154
** Event #3773440   t=123.656150657284   Elapsed: 92.1414s (1m 32s)  24% completed  (12% total)
     Speed:     ev/sec=40954   simsec/sec=0.712472   ev/simsec=57481.5
     Messages:  created: 4964255   present: 1209   in FES: 158
** Event #3858688   t=125.215565581652   Elapsed: 94.1457s (1m 34s)  25% completed  (12% total)
     Speed:     ev/sec=42533.6   simsec/sec=0.778054   ev/simsec=54666.7
     Messages:  created: 5078027   present: 1222   in FES: 161
** Event #3935744   t=126.654153201864   Elapsed: 96.146s (1m 36s)  25% completed  (12% total)
     Speed:     ev/sec=38522.7   simsec/sec=0.719195   ev/simsec=53563.6
     Messages:  created: 5181406   present: 1256   in FES: 161
** Event #4018944   t=128.178191636842   Elapsed: 98.1482s (1m 38s)  25% completed  (12% total)
     Speed:     ev/sec=41553.2   simsec/sec=0.761163   ev/simsec=54591.8
     Messages:  created: 5292260   present: 1266   in FES: 153
** Event #4110336   t=129.922918602691   Elapsed: 100.151s (1m 40s)  25% completed  (12% total)
     Speed:     ev/sec=45643.7   simsec/sec=0.871365   ev/simsec=52381.8
     Messages:  created: 5414420   present: 1288   in FES: 158
** Event #4189184   t=131.386304582005   Elapsed: 102.155s (1m 42s)  26% completed  (13% total)
     Speed:     ev/sec=39327.4   simsec/sec=0.7299   ev/simsec=53880.5
     Messages:  created: 5518503   present: 1286   in FES: 165
** Event #4272384   t=132.977260657044   Elapsed: 104.157s (1m 44s)  26% completed  (13% total)
     Speed:     ev/sec=41572.8   simsec/sec=0.794959   ev/simsec=52295.6
     Messages:  created: 5629680   present: 1326   in FES: 154
** Event #4338944   t=134.22317460028   Elapsed: 106.157s (1m 46s)  26% completed  (13% total)
     Speed:     ev/sec=33268.1   simsec/sec=0.622735   ev/simsec=53422.6
     Messages:  created: 5717032   present: 1289   in FES: 127
** Event #4421120   t=135.891738052142   Elapsed: 108.161s (1m 48s)  27% completed  (13% total)
     Speed:     ev/sec=41014.2   simsec/sec=0.832783   ev/simsec=49249.6
     Messages:  created: 5826411   present: 1308   in FES: 130
** Event #4498944   t=137.291519355394   Elapsed: 110.164s (1m 50s)  27% completed  (13% total)
     Speed:     ev/sec=38856.6   simsec/sec=0.698894   ev/simsec=55597.3
     Messages:  created: 5929042   present: 1358   in FES: 154
** Event #4569088   t=138.634987785389   Elapsed: 112.17s (1m 52s)  27% completed  (13% total)
     Speed:     ev/sec=34971   simsec/sec=0.669799   ev/simsec=52211.1
     Messages:  created: 6022141   present: 1326   in FES: 124
** Event #4649728   t=140.219098671368   Elapsed: 114.179s (1m 54s)  28% completed  (14% total)
     Speed:     ev/sec=40131.3   simsec/sec=0.788348   ev/simsec=50905.5
     Messages:  created: 6128585   present: 1442   in FES: 158
** Event #4716288   t=141.665495680009   Elapsed: 116.18s (1m 56s)  28% completed  (14% total)
     Speed:     ev/sec=33271.9   simsec/sec=0.723023   ev/simsec=46017.8
     Messages:  created: 6216570   present: 1442   in FES: 155
** Event #4794624   t=143.322022515519   Elapsed: 118.182s (1m 58s)  28% completed  (14% total)
     Speed:     ev/sec=39114.5   simsec/sec=0.827133   ev/simsec=47289.3
     Messages:  created: 6319385   present: 1448   in FES: 145
** Event #4875776   t=145.094897730695   Elapsed: 120.187s (2m 00s)  29% completed  (14% total)
     Speed:     ev/sec=40478.4   simsec/sec=0.884306   ev/simsec=45774.2
     Messages:  created: 6426374   present: 1419   in FES: 127
** Event #4962816   t=146.951885911714   Elapsed: 122.192s (2m 02s)  29% completed  (14% total)
     Speed:     ev/sec=43415.1   simsec/sec=0.926255   ev/simsec=46871.6
     Messages:  created: 6541672   present: 1447   in FES: 129
** Event #5041408   t=148.576295767717   Elapsed: 124.195s (2m 04s)  29% completed  (14% total)
     Speed:     ev/sec=39245   simsec/sec=0.811151   ev/simsec=48381.9
     Messages:  created: 6644506   present: 1544   in FES: 155
** Event #5111552   t=149.847553217729   Elapsed: 126.198s (2m 06s)  29% completed  (14% total)
     Speed:     ev/sec=35010   simsec/sec=0.634505   ev/simsec=55176.9
     Messages:  created: 6737808   present: 1446   in FES: 154
** Event #5193472   t=151.756230256986   Elapsed: 128.201s (2m 08s)  30% completed  (15% total)
     Speed:     ev/sec=40903.4   simsec/sec=0.95302   ev/simsec=42919.8
     Messages:  created: 6845323   present: 1397   in FES: 125
** Event #5283840   t=153.96740900191   Elapsed: 130.21s (2m 10s)  30% completed  (15% total)
     Speed:     ev/sec=44987.4   simsec/sec=1.10078   ev/simsec=40868.7
     Messages:  created: 6963705   present: 1529   in FES: 157
** Event #5365760   t=155.898119961629   Elapsed: 132.214s (2m 12s)  31% completed  (15% total)
     Speed:     ev/sec=40876.3   simsec/sec=0.963382   ev/simsec=42430
     Messages:  created: 7070385   present: 1505   in FES: 149
** Event #5439744   t=157.611496341415   Elapsed: 134.218s (2m 14s)  31% completed  (15% total)
     Speed:     ev/sec=36912.9   simsec/sec=0.854856   ev/simsec=43180.2
     Messages:  created: 7166729   present: 1465   in FES: 124
** Event #5522432   t=159.664069415963   Elapsed: 136.224s (2m 16s)  31% completed  (15% total)
     Speed:     ev/sec=41223.1   simsec/sec=1.02328   ev/simsec=40285
     Messages:  created: 7275052   present: 1517   in FES: 141
** Event #5600768   t=161.506498858606   Elapsed: 138.226s (2m 18s)  32% completed  (16% total)
     Speed:     ev/sec=39117.7   simsec/sec=0.920032   ev/simsec=42517.8
     Messages:  created: 7377625   present: 1572   in FES: 143
** Event #5677824   t=163.424563055018   Elapsed: 140.228s (2m 20s)  32% completed  (16% total)
     Speed:     ev/sec=38491.5   simsec/sec=0.958124   ev/simsec=40173.8
     Messages:  created: 7478674   present: 1633   in FES: 159
** Event #5758976   t=165.403401993451   Elapsed: 142.233s (2m 22s)  33% completed  (16% total)
     Speed:     ev/sec=40485.8   simsec/sec=0.98722   ev/simsec=41009.9
     Messages:  created: 7585171   present: 1637   in FES: 157
** Event #5832960   t=167.114385354008   Elapsed: 144.236s (2m 24s)  33% completed  (16% total)
     Speed:     ev/sec=36929.4   simsec/sec=0.854045   ev/simsec=43240.6
     Messages:  created: 7682256   present: 1678   in FES: 155
** Event #5916160   t=169.078685860437   Elapsed: 146.24s (2m 26s)  33% completed  (16% total)
     Speed:     ev/sec=41515   simsec/sec=0.980143   ev/simsec=42356
     Messages:  created: 7791711   present: 1665   in FES: 146
** Event #5999360   t=171.010873338658   Elapsed: 148.247s (2m 28s)  34% completed  (17% total)
     Speed:     ev/sec=41459.6   simsec/sec=0.962833   ev/simsec=43060
     Messages:  created: 7901931   present: 1737   in FES: 154
** Event #6075392   t=172.715052595595   Elapsed: 150.249s (2m 30s)  34% completed  (17% total)
     Speed:     ev/sec=37972.8   simsec/sec=0.851121   ev/simsec=44615
     Messages:  created: 8001680   present: 1719   in FES: 158
** Event #6153728   t=174.500710998263   Elapsed: 152.253s (2m 32s)  34% completed  (17% total)
     Speed:     ev/sec=39086.1   simsec/sec=0.890962   ev/simsec=43869.5
     Messages:  created: 8104047   present: 1669   in FES: 132
** Event #6221056   t=176.130487580013   Elapsed: 154.258s (2m 34s)  35% completed  (17% total)
     Speed:     ev/sec=33590.5   simsec/sec=0.81311   ev/simsec=41311.2
     Messages:  created: 8191966   present: 1746   in FES: 155
** Event #6294016   t=177.80070198117   Elapsed: 156.259s (2m 36s)  35% completed  (17% total)
     Speed:     ev/sec=36453.9   simsec/sec=0.834509   ev/simsec=43683
     Messages:  created: 8287693   present: 1778   in FES: 154
** Event #6367488   t=179.391686715281   Elapsed: 158.263s (2m 38s)  35% completed  (17% total)
     Speed:     ev/sec=36669   simsec/sec=0.794042   ev/simsec=46180.2
     Messages:  created: 8383218   present: 1816   in FES: 156
** Event #6447872   t=181.141990942413   Elapsed: 160.266s (2m 40s)  36% completed  (18% total)
     Speed:     ev/sec=40125.7   simsec/sec=0.873707   ev/simsec=45925.7
     Messages:  created: 8487743   present: 1841   in FES: 154
** Event #6519808   t=182.753321925542   Elapsed: 162.271s (2m 42s)  36% completed  (18% total)
     Speed:     ev/sec=35881.5   simsec/sec=0.803728   ev/simsec=44643.8
     Messages:  created: 8582237   present: 1855   in FES: 156
** Event #6598400   t=184.466913507509   Elapsed: 164.272s (2m 44s)  36% completed  (18% total)
     Speed:     ev/sec=39269.8   simsec/sec=0.856225   ev/simsec=45863.9
     Messages:  created: 8684591   present: 1906   in FES: 166
** Event #6679552   t=186.223243095274   Elapsed: 166.277s (2m 46s)  37% completed  (18% total)
     Speed:     ev/sec=40490   simsec/sec=0.876304   ev/simsec=46205.5
     Messages:  created: 8790623   present: 2006   in FES: 175
** Event #6756608   t=187.994375359056   Elapsed: 168.28s (2m 48s)  37% completed  (18% total)
     Speed:     ev/sec=38454.8   simsec/sec=0.883884   ev/simsec=43506.6
     Messages:  created: 8892039   present: 1934   in FES: 157
** Event #6834944   t=189.65088957932   Elapsed: 170.287s (2m 50s)  37% completed  (18% total)
     Speed:     ev/sec=39041   simsec/sec=0.825571   ev/simsec=47289.7
     Messages:  created: 8993922   present: 1961   in FES: 149
** Event #6916352   t=191.372590753968   Elapsed: 172.29s (2m 52s)  38% completed  (19% total)
     Speed:     ev/sec=40652.1   simsec/sec=0.859754   ev/simsec=47283.5
     Messages:  created: 9100143   present: 1961   in FES: 148
** Event #6990336   t=193.047455745583   Elapsed: 174.293s (2m 54s)  38% completed  (19% total)
     Speed:     ev/sec=36926.3   simsec/sec=0.835944   ev/simsec=44173.1
     Messages:  created: 9196858   present: 2006   in FES: 156
** Event #7070976   t=194.734341711593   Elapsed: 176.294s (2m 56s)  38% completed  (19% total)
     Speed:     ev/sec=40305.9   simsec/sec=0.843147   ev/simsec=47804.1
     Messages:  created: 9302216   present: 2051   in FES: 155
** Event #7152384   t=195.612913328752   Elapsed: 178.295s (2m 58s)  39% completed  (19% total)
     Speed:     ev/sec=40687.3   simsec/sec=0.439105   ev/simsec=92659.5
     Messages:  created: 9411904   present: 2187   in FES: 192
** Event #7233280   t=196.279616501095   Elapsed: 180.301s (3m 00s)  39% completed  (19% total)
     Speed:     ev/sec=40309.4   simsec/sec=0.332209   ev/simsec=121337
     Messages:  created: 9521573   present: 2043   in FES: 167
** Event #7312128   t=197.927830785858   Elapsed: 182.49s (3m 02s)  39% completed  (19% total)
     Speed:     ev/sec=36026.5   simsec/sec=0.753086   ev/simsec=47838.4
     Messages:  created: 9625388   present: 2072   in FES: 153
** Event #7397888   t=199.613261254363   Elapsed: 184.493s (3m 04s)  39% completed  (19% total)
     Speed:     ev/sec=42812.9   simsec/sec=0.841396   ev/simsec=50883.1
     Messages:  created: 9737196   present: 2126   in FES: 153
** Event #7478272   t=201.204508588727   Elapsed: 186.501s (3m 06s)  40% completed  (20% total)
     Speed:     ev/sec=40032.5   simsec/sec=0.792466   ev/simsec=50516.3
     Messages:  created: 9842217   present: 2184   in FES: 171
** Event #7561472   t=202.941255645507   Elapsed: 188.504s (3m 08s)  40% completed  (20% total)
     Speed:     ev/sec=41539.8   simsec/sec=0.867118   ev/simsec=47905.7
     Messages:  created: 9951611   present: 2167   in FES: 150
** Event #7643904   t=204.433027727045   Elapsed: 190.511s (3m 10s)  40% completed  (20% total)
     Speed:     ev/sec=41074.3   simsec/sec=0.743322   ev/simsec=55257.8
     Messages:  created: 10058731   present: 2136   in FES: 133
** Event #7727872   t=206.063254062874   Elapsed: 192.515s (3m 12s)  41% completed  (20% total)
     Speed:     ev/sec=41907.8   simsec/sec=0.813634   ev/simsec=51507
     Messages:  created: 10168769   present: 2222   in FES: 153
** Event #7815424   t=207.724730152702   Elapsed: 194.52s (3m 14s)  41% completed  (20% total)
     Speed:     ev/sec=43655.1   simsec/sec=0.828444   ev/simsec=52695.3
     Messages:  created: 10283702   present: 2249   in FES: 156
** Event #7896832   t=209.235325204742   Elapsed: 196.522s (3m 16s)  41% completed  (20% total)
     Speed:     ev/sec=40675.3   simsec/sec=0.754764   ev/simsec=53891.3
     Messages:  created: 10390066   present: 2212   in FES: 140
** Event #7978496   t=210.035486212453   Elapsed: 198.523s (3m 18s)  42% completed  (21% total)
     Speed:     ev/sec=40810.9   simsec/sec=0.399874   ev/simsec=102059
     Messages:  created: 10500817   present: 2288   in FES: 165
** Event #8062720   t=210.262050861966   Elapsed: 200.524s (3m 20s)  42% completed  (21% total)
     Speed:     ev/sec=42072.8   simsec/sec=0.113177   ev/simsec=371744
     Messages:  created: 10616939   present: 2258   in FES: 151
** Event #8137984   t=210.476957414116   Elapsed: 202.53s (3m 22s)  42% completed  (21% total)
     Speed:     ev/sec=37537.2   simsec/sec=0.107183   ev/simsec=350217
     Messages:  created: 10721009   present: 2363   in FES: 197
** Event #8218624   t=210.91899801214   Elapsed: 204.532s (3m 24s)  42% completed  (21% total)
     Speed:     ev/sec=40273   simsec/sec=0.220762   ev/simsec=182427
     Messages:  created: 10832313   present: 2198   in FES: 151
** Event #8300032   t=211.428650867866   Elapsed: 206.533s (3m 26s)  42% completed  (21% total)
     Speed:     ev/sec=40677.7   simsec/sec=0.254662   ev/simsec=159732
     Messages:  created: 10943008   present: 2264   in FES: 158
** Event #8389120   t=212.029384731913   Elapsed: 208.536s (3m 28s)  42% completed  (21% total)
     Speed:     ev/sec=44484.9   simsec/sec=0.299968   ev/simsec=148299
     Messages:  created: 11065309   present: 2310   in FES: 188
** Event #8475648   t=212.658554798778   Elapsed: 210.536s (3m 30s)  42% completed  (21% total)
     Speed:     ev/sec=43255.9   simsec/sec=0.314526   ev/simsec=137527
     Messages:  created: 11182819   present: 2258   in FES: 160
** Event #8555264   t=213.17363380059   Elapsed: 212.536s (3m 32s)  42% completed  (21% total)
     Speed:     ev/sec=39807.1   simsec/sec=0.257534   ev/simsec=154570
     Messages:  created: 11291186   present: 2208   in FES: 143
** Event #8627456   t=213.670855143977   Elapsed: 214.546s (3m 34s)  42% completed  (21% total)
     Speed:     ev/sec=35921.7   simsec/sec=0.24741   ev/simsec=145191
     Messages:  created: 11390168   present: 2244   in FES: 151
** Event #8720128   t=214.256031505364   Elapsed: 216.547s (3m 36s)  42% completed  (21% total)
     Speed:     ev/sec=46301.3   simsec/sec=0.292369   ev/simsec=158366
     Messages:  created: 11516306   present: 2190   in FES: 148
** Event #8819200   t=214.945343852235   Elapsed: 218.549s (3m 38s)  42% completed  (21% total)
     Speed:     ev/sec=49489.5   simsec/sec=0.344333   ev/simsec=143726
     Messages:  created: 11652388   present: 2280   in FES: 157
** Event #8898816   t=215.65170838996   Elapsed: 220.553s (3m 40s)  43% completed  (21% total)
     Speed:     ev/sec=39729.6   simsec/sec=0.352487   ev/simsec=112712
     Messages:  created: 11759617   present: 2209   in FES: 137
** Event #8977664   t=216.165920355087   Elapsed: 222.56s (3m 42s)  43% completed  (21% total)
     Speed:     ev/sec=39297.1   simsec/sec=0.256278   ev/simsec=153338
     Messages:  created: 11866927   present: 2293   in FES: 158
** Event #9068032   t=216.756497401543   Elapsed: 224.56s (3m 44s)  43% completed  (21% total)
     Speed:     ev/sec=45181.2   simsec/sec=0.29527   ev/simsec=153016
     Messages:  created: 11990822   present: 2255   in FES: 159
** Event #9161728   t=217.416878971485   Elapsed: 226.563s (3m 46s)  43% completed  (21% total)
     Speed:     ev/sec=46778   simsec/sec=0.329698   ev/simsec=141882
     Messages:  created: 12118031   present: 2219   in FES: 134
** Event #9241856   t=217.931101518395   Elapsed: 228.565s (3m 48s)  43% completed  (21% total)
     Speed:     ev/sec=40016.8   simsec/sec=0.256808   ev/simsec=155824
     Messages:  created: 12228289   present: 2253   in FES: 148
** Event #9333760   t=218.443086005255   Elapsed: 230.786s (3m 50s)  43% completed  (21% total)
     Speed:     ev/sec=41380.5   simsec/sec=0.230525   ev/simsec=179505
     Messages:  created: 12353517   present: 2272   in FES: 150
** Event #9414144   t=218.940969425607   Elapsed: 232.791s (3m 52s)  43% completed  (21% total)
     Speed:     ev/sec=40096.4   simsec/sec=0.248349   ev/simsec=161451
     Messages:  created: 12464427   present: 2394   in FES: 187
** Event #9491968   t=219.411473698678   Elapsed: 234.803s (3m 54s)  43% completed  (21% total)
     Speed:     ev/sec=38677.4   simsec/sec=0.233834   ev/simsec=165406
     Messages:  created: 12570194   present: 2312   in FES: 159
** Event #9572608   t=219.905109479329   Elapsed: 236.807s (3m 56s)  43% completed  (21% total)
     Speed:     ev/sec=40230.9   simsec/sec=0.246272   ev/simsec=163359
     Messages:  created: 12681183   present: 2294   in FES: 155
** Event #9654016   t=220.391175053589   Elapsed: 238.814s (3m 58s)  44% completed  (22% total)
     Speed:     ev/sec=40571.9   simsec/sec=0.242244   ev/simsec=167484
     Messages:  created: 12792076   present: 2258   in FES: 161
** Event #9745920   t=220.917507717505   Elapsed: 240.818s (4m 00s)  44% completed  (22% total)
     Speed:     ev/sec=45855.9   simsec/sec=0.262616   ev/simsec=174612
     Messages:  created: 12918684   present: 2271   in FES: 140
** Event #9831424   t=221.451994778909   Elapsed: 242.822s (4m 02s)  44% completed  (22% total)
     Speed:     ev/sec=42678.3   simsec/sec=0.266783   ev/simsec=159974
     Messages:  created: 13035040   present: 2315   in FES: 157
** Event #9911296   t=222.039212568712   Elapsed: 244.824s (4m 04s)  44% completed  (22% total)
     Speed:     ev/sec=39891.8   simsec/sec=0.293284   ev/simsec=136018
     Messages:  created: 13144545   present: 2220   in FES: 146
** Event #9996544   t=222.674045992577   Elapsed: 246.826s (4m 06s)  44% completed  (22% total)
     Speed:     ev/sec=42578.2   simsec/sec=0.317076   ev/simsec=134284
     Messages:  created: 13260609   present: 2265   in FES: 139
** Event #10095360   t=223.400845081371   Elapsed: 248.828s (4m 08s)  44% completed  (22% total)
     Speed:     ev/sec=49364   simsec/sec=0.363076   ev/simsec=135961
     Messages:  created: 13395247   present: 2399   in FES: 184
** Event #10187520   t=224.026285981846   Elapsed: 250.83s (4m 10s)  44% completed  (22% total)
     Speed:     ev/sec=46025.6   simsec/sec=0.312351   ev/simsec=147352
     Messages:  created: 13521969   present: 2320   in FES: 158
** Event #10267392   t=224.694540255157   Elapsed: 252.831s (4m 12s)  44% completed  (22% total)
     Speed:     ev/sec=39918.3   simsec/sec=0.333979   ev/simsec=119523
     Messages:  created: 13630320   present: 2285   in FES: 135
** Event #10360576   t=225.267240649213   Elapsed: 254.835s (4m 14s)  45% completed  (22% total)
     Speed:     ev/sec=46496.5   simsec/sec=0.285763   ev/simsec=162710
     Messages:  created: 13757495   present: 2339   in FES: 151
** Event #10457856   t=225.690197537685   Elapsed: 256.839s (4m 16s)  45% completed  (22% total)
     Speed:     ev/sec=48543.2   simsec/sec=0.211058   ev/simsec=230000
     Messages:  created: 13892070   present: 2451   in FES: 187
** Event #10552064   t=226.15339127766   Elapsed: 258.839s (4m 18s)  45% completed  (22% total)
     Speed:     ev/sec=47098.5   simsec/sec=0.23157   ev/simsec=203388
     Messages:  created: 14021041   present: 2361   in FES: 157
** Event #10618880   t=226.487672825181   Elapsed: 260.841s (4m 20s)  45% completed  (22% total)
     Speed:     ev/sec=33385.8   simsec/sec=0.16703   ev/simsec=199879
     Messages:  created: 14112940   present: 2315   in FES: 135
** Event #10707200   t=227.017152168022   Elapsed: 262.844s (4m 22s)  45% completed  (22% total)
     Speed:     ev/sec=44077.4   simsec/sec=0.264244   ev/simsec=166805
     Messages:  created: 14234645   present: 2363   in FES: 158
** Event #10806272   t=227.738395534228   Elapsed: 264.845s (4m 24s)  45% completed  (22% total)
     Speed:     ev/sec=49520.8   simsec/sec=0.360511   ev/simsec=137363
     Messages:  created: 14369415   present: 2347   in FES: 158
** Event #10903296   t=228.279383633209   Elapsed: 266.849s (4m 26s)  45% completed  (22% total)
     Speed:     ev/sec=48427.4   simsec/sec=0.270022   ev/simsec=179346
     Messages:  created: 14501661   present: 2346   in FES: 156
** Event #10996480   t=228.797969126059   Elapsed: 268.85s (4m 28s)  45% completed  (22% total)
     Speed:     ev/sec=46548   simsec/sec=0.259048   ev/simsec=179689
     Messages:  created: 14629853   present: 2339   in FES: 159
** Event #11072768   t=229.232759597645   Elapsed: 270.852s (4m 30s)  45% completed  (22% total)
     Speed:     ev/sec=38110.9   simsec/sec=0.217207   ev/simsec=175459
     Messages:  created: 14733599   present: 2326   in FES: 143
** Event #11159808   t=229.712143635241   Elapsed: 272.854s (4m 32s)  45% completed  (22% total)
     Speed:     ev/sec=43473.3   simsec/sec=0.239435   ev/simsec=181566
     Messages:  created: 14853341   present: 2373   in FES: 163
** Event #11266560   t=230.275014697121   Elapsed: 274.856s (4m 34s)  46% completed  (23% total)
     Speed:     ev/sec=53343.8   simsec/sec=0.281266   ev/simsec=189656
     Messages:  created: 14999189   present: 2342   in FES: 147
** Event #11369984   t=230.745281688767   Elapsed: 276.856s (4m 36s)  46% completed  (23% total)
     Speed:     ev/sec=51706.1   simsec/sec=0.235106   ev/simsec=219926
     Messages:  created: 15141852   present: 2314   in FES: 136
** Event #11461632   t=231.183906044997   Elapsed: 278.857s (4m 38s)  46% completed  (23% total)
     Speed:     ev/sec=45789   simsec/sec=0.219145   ev/simsec=208944
     Messages:  created: 15267232   present: 2378   in FES: 154
** Event #11552000   t=231.69219559134   Elapsed: 280.86s (4m 40s)  46% completed  (23% total)
     Speed:     ev/sec=45131.9   simsec/sec=0.253852   ev/simsec=177788
     Messages:  created: 15391405   present: 2390   in FES: 161
** Event #11657472   t=232.266735013876   Elapsed: 282.861s (4m 42s)  46% completed  (23% total)
     Speed:     ev/sec=52693.4   simsec/sec=0.287038   ev/simsec=183577
     Messages:  created: 15535177   present: 2361   in FES: 156
** Event #11750912   t=232.855856211009   Elapsed: 284.866s (4m 44s)  46% completed  (23% total)
     Speed:     ev/sec=46607.4   simsec/sec=0.293851   ev/simsec=158609
     Messages:  created: 15663613   present: 2321   in FES: 159
** Event #11857152   t=233.430769762407   Elapsed: 286.869s (4m 46s)  46% completed  (23% total)
     Speed:     ev/sec=53043.7   simsec/sec=0.287044   ev/simsec=184793
     Messages:  created: 15808420   present: 2347   in FES: 131
** Event #11937536   t=233.9210914175   Elapsed: 288.87s (4m 48s)  46% completed  (23% total)
     Speed:     ev/sec=40161.4   simsec/sec=0.244974   ev/simsec=163941
     Messages:  created: 15919193   present: 2408   in FES: 161
** Event #12037632   t=234.609998528343   Elapsed: 290.871s (4m 50s)  46% completed  (23% total)
     Speed:     ev/sec=50045.6   simsec/sec=0.344437   ev/simsec=145297
     Messages:  created: 16055221   present: 2317   in FES: 147
** Event #12132096   t=236.404835098079   Elapsed: 292.872s (4m 52s)  47% completed  (23% total)
     Speed:     ev/sec=47199.2   simsec/sec=0.896795   ev/simsec=52631
     Messages:  created: 16179586   present: 2487   in FES: 186
** Event #12220160   t=238.201983070923   Elapsed: 294.875s (4m 54s)  47% completed  (23% total)
     Speed:     ev/sec=43962.8   simsec/sec=0.897161   ev/simsec=49002.1
     Messages:  created: 16294728   present: 2440   in FES: 157
** Event #12305920   t=240.005383975511   Elapsed: 296.877s (4m 56s)  48% completed  (24% total)
     Speed:     ev/sec=42841.9   simsec/sec=0.900899   ev/simsec=47554.6
     Messages:  created: 16407533   present: 2433   in FES: 153
** Event #12393728   t=241.806649369015   Elapsed: 298.88s (4m 58s)  48% completed  (24% total)
     Speed:     ev/sec=43833.4   simsec/sec=0.899185   ev/simsec=48748
     Messages:  created: 16522190   present: 2439   in FES: 135
** Event #12486400   t=243.720773306312   Elapsed: 300.881s (5m 00s)  48% completed  (24% total)
     Speed:     ev/sec=46317.4   simsec/sec=0.956678   ev/simsec=48414.8
     Messages:  created: 16643258   present: 2528   in FES: 136
** Event #12577536   t=245.63863602067   Elapsed: 302.881s (5m 02s)  49% completed  (24% total)
     Speed:     ev/sec=45567.5   simsec/sec=0.95892   ev/simsec=47519.6
     Messages:  created: 16762537   present: 2589   in FES: 156
** Event #12671744   t=247.503216522828   Elapsed: 304.883s (5m 04s)  49% completed  (24% total)
     Speed:     ev/sec=47051.9   simsec/sec=0.931259   ev/simsec=50525
     Messages:  created: 16886176   present: 2621   in FES: 163
** Event #12752896   t=249.120519302553   Elapsed: 306.893s (5m 06s)  49% completed  (24% total)
     Speed:     ev/sec=40383.9   simsec/sec=0.804824   ev/simsec=50177.4
     Messages:  created: 16992547   present: 2690   in FES: 159
** Event #12838400   t=250.697909451451   Elapsed: 308.895s (5m 08s)  50% completed  (25% total)
     Speed:     ev/sec=42696.9   simsec/sec=0.787679   ev/simsec=54206
     Messages:  created: 17105327   present: 2657   in FES: 153
** Event #12914176   t=252.093760104338   Elapsed: 310.9s (5m 10s)  50% completed  (25% total)
     Speed:     ev/sec=37805.7   simsec/sec=0.696409   ev/simsec=54286.6
     Messages:  created: 17204949   present: 2697   in FES: 185
** Event #13011200   t=254.216092590872   Elapsed: 312.9s (5m 12s)  50% completed  (25% total)
     Speed:     ev/sec=48505.7   simsec/sec=1.06103   ev/simsec=45715.7
     Messages:  created: 17331669   present: 2740   in FES: 188
** Event #13088512   t=255.968610607235   Elapsed: 314.903s (5m 14s)  51% completed  (25% total)
     Speed:     ev/sec=38585.8   simsec/sec=0.874667   ev/simsec=44114.8
     Messages:  created: 17433319   present: 2666   in FES: 154
** Event #13191168   t=258.198356843792   Elapsed: 316.905s (5m 16s)  51% completed  (25% total)
     Speed:     ev/sec=51277   simsec/sec=1.11377   ev/simsec=46039.3
     Messages:  created: 17566760   present: 2674   in FES: 169
** Event #13283328   t=260.322359589384   Elapsed: 318.909s (5m 18s)  52% completed  (26% total)
     Speed:     ev/sec=45991.7   simsec/sec=1.05997   ev/simsec=43389.8
     Messages:  created: 17686999   present: 2702   in FES: 155
** Event #13371648   t=262.233958581175   Elapsed: 320.912s (5m 20s)  52% completed  (26% total)
     Speed:     ev/sec=44095.4   simsec/sec=0.954402   ev/simsec=46202.2
     Messages:  created: 17802484   present: 2732   in FES: 148
** Event #13451776   t=264.073153357344   Elapsed: 322.913s (5m 22s)  52% completed  (26% total)
     Speed:     ev/sec=40048.9   simsec/sec=0.91925   ev/simsec=43566.9
     Messages:  created: 17907374   present: 2767   in FES: 156
** Event #13550592   t=266.094899972517   Elapsed: 324.918s (5m 24s)  53% completed  (26% total)
     Speed:     ev/sec=49287.8   simsec/sec=1.00841   ev/simsec=48876.6
     Messages:  created: 18036868   present: 2757   in FES: 155
** Event #13630208   t=267.563925505731   Elapsed: 326.918s (5m 26s)  53% completed  (26% total)
     Speed:     ev/sec=39803.8   simsec/sec=0.734436   ev/simsec=54196.5
     Messages:  created: 18142163   present: 2762   in FES: 155
** Event #13716480   t=269.255822992075   Elapsed: 328.923s (5m 28s)  53% completed  (26% total)
     Speed:     ev/sec=43025.4   simsec/sec=0.843779   ev/simsec=50991.3
     Messages:  created: 18255493   present: 2731   in FES: 144
** Event #13806080   t=271.052846384049   Elapsed: 330.926s (5m 30s)  54% completed  (27% total)
     Speed:     ev/sec=44735.1   simsec/sec=0.897211   ev/simsec=49860.2
     Messages:  created: 18373680   present: 2808   in FES: 152
** Event #13885696   t=272.600415852322   Elapsed: 332.927s (5m 32s)  54% completed  (27% total)
     Speed:     ev/sec=39800.2   simsec/sec=0.773633   ev/simsec=51445.8
     Messages:  created: 18478598   present: 2808   in FES: 156
** Event #13976320   t=273.646421579592   Elapsed: 334.932s (5m 34s)  54% completed  (27% total)
     Speed:     ev/sec=45198.9   simsec/sec=0.521698   ev/simsec=86638.1
     Messages:  created: 18600839   present: 2733   in FES: 130
** Event #14060032   t=274.17125677545   Elapsed: 336.937s (5m 36s)  54% completed  (27% total)
     Speed:     ev/sec=41741.9   simsec/sec=0.261702   ev/simsec=159501
     Messages:  created: 18715242   present: 2834   in FES: 160
** Event #14148864   t=274.73402006792   Elapsed: 338.941s (5m 38s)  54% completed  (27% total)
     Speed:     ev/sec=44338.3   simsec/sec=0.280889   ev/simsec=157850
     Messages:  created: 18837484   present: 2846   in FES: 155
** Event #14240768   t=276.197957523496   Elapsed: 340.945s (5m 40s)  55% completed  (27% total)
     Speed:     ev/sec=45856.3   simsec/sec=0.730444   ev/simsec=62778.6
     Messages:  created: 18959628   present: 2737   in FES: 128
** Event #14310912   t=277.789368990432   Elapsed: 342.946s (5m 42s)  55% completed  (27% total)
     Speed:     ev/sec=35047.3   simsec/sec=0.795145   ev/simsec=44076.6
     Messages:  created: 19052278   present: 2818   in FES: 154
** Event #14396928   t=279.472585672845   Elapsed: 344.947s (5m 44s)  55% completed  (27% total)
     Speed:     ev/sec=42985   simsec/sec=0.841158   ev/simsec=51102.2
     Messages:  created: 19165792   present: 2854   in FES: 141
** Event #14477568   t=281.25624462323   Elapsed: 346.951s (5m 46s)  56% completed  (28% total)
     Speed:     ev/sec=40243.9   simsec/sec=0.890147   ev/simsec=45210.4
     Messages:  created: 19272230   present: 2860   in FES: 146
** Event #14568704   t=283.279386667221   Elapsed: 348.951s (5m 48s)  56% completed  (28% total)
     Speed:     ev/sec=45558   simsec/sec=1.01135   ev/simsec=45046.8
     Messages:  created: 19392689   present: 2877   in FES: 154
** Event #14654208   t=285.216312222582   Elapsed: 350.956s (5m 50s)  57% completed  (28% total)
     Speed:     ev/sec=42662   simsec/sec=0.966425   ev/simsec=44144.2
     Messages:  created: 19505349   present: 2924   in FES: 156
** Event #14746368   t=287.17435526306   Elapsed: 352.962s (5m 52s)  57% completed  (28% total)
     Speed:     ev/sec=45944.3   simsec/sec=0.976139   ev/simsec=47067.4
     Messages:  created: 19627335   present: 2911   in FES: 144
** Event #14835712   t=289.078632194138   Elapsed: 354.964s (5m 54s)  57% completed  (28% total)
     Speed:     ev/sec=44608.3   simsec/sec=0.95078   ev/simsec=46917.5
     Messages:  created: 19745237   present: 2954   in FES: 154
** Event #14925056   t=291.00650269098   Elapsed: 356.971s (5m 56s)  58% completed  (29% total)
     Speed:     ev/sec=44521.7   simsec/sec=0.960691   ev/simsec=46343.4
     Messages:  created: 19863378   present: 2921   in FES: 126
** Event #15018496   t=293.03756121185   Elapsed: 358.974s (5m 58s)  58% completed  (29% total)
     Speed:     ev/sec=46644   simsec/sec=1.01388   ev/simsec=46005.6
     Messages:  created: 19986729   present: 2989   in FES: 154
** Event #15106304   t=294.915999660937   Elapsed: 360.977s (6m 00s)  58% completed  (29% total)
     Speed:     ev/sec=43851.9   simsec/sec=0.938104   ev/simsec=46745.2
     Messages:  created: 20102569   present: 3001   in FES: 145
** Event #15199744   t=296.901677913818   Elapsed: 362.978s (6m 02s)  59% completed  (29% total)
     Speed:     ev/sec=46692.2   simsec/sec=0.992248   ev/simsec=47057
     Messages:  created: 20225956   present: 2992   in FES: 124
** Event #15297536   t=299.113679610932   Elapsed: 364.979s (6m 04s)  59% completed  (29% total)
     Speed:     ev/sec=48865.2   simsec/sec=1.1053   ev/simsec=44209.7
     Messages:  created: 20354209   present: 3107   in FES: 152
** Event #15400960   t=301.484023980013   Elapsed: 366.986s (6m 06s)  60% completed  (30% total)
     Speed:     ev/sec=51548   simsec/sec=1.18141   ev/simsec=43632.5
     Messages:  created: 20490490   present: 3130   in FES: 154
** Event #15480064   t=303.391468644983   Elapsed: 368.988s (6m 08s)  60% completed  (30% total)
     Speed:     ev/sec=39498.8   simsec/sec=0.952439   ev/simsec=41471.2
     Messages:  created: 20594547   present: 3150   in FES: 155
** Event #15573504   t=305.609270567853   Elapsed: 370.99s (6m 10s)  61% completed  (30% total)
     Speed:     ev/sec=46674.9   simsec/sec=1.10783   ev/simsec=42131.8
     Messages:  created: 20717812   present: 3183   in FES: 165
** Event #15661312   t=307.686159558506   Elapsed: 372.996s (6m 12s)  61% completed  (30% total)
     Speed:     ev/sec=43770.8   simsec/sec=1.03529   ev/simsec=42278.6
     Messages:  created: 20833743   present: 3221   in FES: 154
** Event #15755776   t=309.970867119565   Elapsed: 374.996s (6m 14s)  61% completed  (30% total)
     Speed:     ev/sec=47230.9   simsec/sec=1.14233   ev/simsec=41346.2
     Messages:  created: 20958922   present: 3214   in FES: 135
** Event #15832064   t=312.112261113909   Elapsed: 376.997s (6m 16s)  62% completed  (31% total)
     Speed:     ev/sec=38122.2   simsec/sec=1.07008   ev/simsec=35625.4
     Messages:  created: 21057809   present: 3329   in FES: 154
** Event #15920896   t=313.73880027687   Elapsed: 378.998s (6m 18s)  62% completed  (31% total)
     Speed:     ev/sec=44397.9   simsec/sec=0.812937   ev/simsec=54614.1
     Messages:  created: 21177132   present: 3408   in FES: 164
** Event #16003840   t=315.297501444797   Elapsed: 381.006s (6m 21s)  63% completed  (31% total)
     Speed:     ev/sec=41307.2   simsec/sec=0.776254   ev/simsec=53213.5
     Messages:  created: 21287542   present: 3321   in FES: 145
** Event #16089856   t=317.406039531923   Elapsed: 383.009s (6m 23s)  63% completed  (31% total)
     Speed:     ev/sec=42950.4   simsec/sec=1.05286   ev/simsec=40794.1
     Messages:  created: 21400844   present: 3314   in FES: 127
** Event #16191744   t=319.923558074563   Elapsed: 385.012s (6m 25s)  63% completed  (31% total)
     Speed:     ev/sec=50873.8   simsec/sec=1.25703   ev/simsec=40471.6
     Messages:  created: 21535829   present: 3408   in FES: 148
** Event #16273920   t=322.255160058135   Elapsed: 387.015s (6m 27s)  64% completed  (32% total)
     Speed:     ev/sec=41029.1   simsec/sec=1.16413   ev/simsec=35244.4
     Messages:  created: 21641941   present: 3467   in FES: 159
** Event #16364032   t=323.808549643754   Elapsed: 389.018s (6m 29s)  64% completed  (32% total)
     Speed:     ev/sec=44967.9   simsec/sec=0.775176   ev/simsec=58009.9
     Messages:  created: 21763040   present: 3518   in FES: 159
** Event #16449792   t=325.798014417214   Elapsed: 391.02s (6m 31s)  65% completed  (32% total)
     Speed:     ev/sec=42839.8   simsec/sec=0.9938   ev/simsec=43107.1
     Messages:  created: 21876048   present: 3465   in FES: 142
** Event #16531968   t=327.75625409131   Elapsed: 393.023s (6m 33s)  65% completed  (32% total)
     Speed:     ev/sec=41025.4   simsec/sec=0.977629   ev/simsec=41964.2
     Messages:  created: 21984230   present: 3643   in FES: 181
** Event #16609536   t=329.641735627835   Elapsed: 395.027s (6m 35s)  65% completed  (32% total)
     Speed:     ev/sec=38718.6   simsec/sec=0.94115   ev/simsec=41139.6
     Messages:  created: 22086007   present: 3530   in FES: 133
** Event #16697344   t=331.733840505464   Elapsed: 397.027s (6m 37s)  66% completed  (33% total)
     Speed:     ev/sec=43893.1   simsec/sec=1.04579   ev/simsec=41971.1
     Messages:  created: 22201838   present: 3566   in FES: 140
** Event #16791296   t=333.974774651243   Elapsed: 399.039s (6m 39s)  66% completed  (33% total)
     Speed:     ev/sec=46702.9   simsec/sec=1.11395   ev/simsec=41925.4
     Messages:  created: 22326055   present: 3658   in FES: 150
** Event #16874240   t=335.947688633315   Elapsed: 401.041s (6m 41s)  67% completed  (33% total)
     Speed:     ev/sec=41428.3   simsec/sec=0.985417   ev/simsec=42041.4
     Messages:  created: 22435322   present: 3667   in FES: 154
** Event #16962304   t=338.005501249015   Elapsed: 403.045s (6m 43s)  67% completed  (33% total)
     Speed:     ev/sec=43954.9   simsec/sec=1.0271   ev/simsec=42795
     Messages:  created: 22551432   present: 3731   in FES: 156
** Event #17037312   t=339.722686047221   Elapsed: 405.045s (6m 45s)  67% completed  (33% total)
     Speed:     ev/sec=37490.2   simsec/sec=0.858276   ev/simsec=43680.8
     Messages:  created: 22650076   present: 3729   in FES: 156
** Event #17143296   t=342.233958812775   Elapsed: 407.047s (6m 47s)  68% completed  (34% total)
     Speed:     ev/sec=52938   simsec/sec=1.25436   ev/simsec=42203.3
     Messages:  created: 22789446   present: 3762   in FES: 146
** Event #17228800   t=344.355891432629   Elapsed: 409.051s (6m 49s)  68% completed  (34% total)
     Speed:     ev/sec=42676.6   simsec/sec=1.05909   ev/simsec=40295.3
     Messages:  created: 22902310   present: 3768   in FES: 139
** Event #17323264   t=346.633194946253   Elapsed: 411.055s (6m 51s)  69% completed  (34% total)
     Speed:     ev/sec=47134.3   simsec/sec=1.1363   ev/simsec=41480.6
     Messages:  created: 23027294   present: 3759   in FES: 129
** Event #17410816   t=348.66443716601   Elapsed: 413.056s (6m 53s)  69% completed  (34% total)
     Speed:     ev/sec=43750.3   simsec/sec=1.01502   ev/simsec=43102.7
     Messages:  created: 23143238   present: 3874   in FES: 160
** Event #17495808   t=350.653724804847   Elapsed: 415.06s (6m 55s)  70% completed  (35% total)
     Speed:     ev/sec=42424.4   simsec/sec=0.992968   ev/simsec=42724.8
     Messages:  created: 23255536   present: 3852   in FES: 129
** Event #17582080   t=352.606023034437   Elapsed: 417.067s (6m 57s)  70% completed  (35% total)
     Speed:     ev/sec=42981.2   simsec/sec=0.972645   ev/simsec=44190
     Messages:  created: 23369801   present: 3873   in FES: 134
** Event #17681664   t=354.916229209726   Elapsed: 419.069s (6m 59s)  70% completed  (35% total)
     Speed:     ev/sec=49742.6   simsec/sec=1.15396   ev/simsec=43106.1
     Messages:  created: 23502140   present: 3971   in FES: 159
** Event #17771520   t=356.947912278039   Elapsed: 421.071s (7m 01s)  71% completed  (35% total)
     Speed:     ev/sec=44888.9   simsec/sec=1.01496   ev/simsec=44227.4
     Messages:  created: 23621288   present: 3933   in FES: 138
** Event #17852416   t=358.756452256986   Elapsed: 423.074s (7m 03s)  71% completed  (35% total)
     Speed:     ev/sec=40372   simsec/sec=0.902571   ev/simsec=44730
     Messages:  created: 23728271   present: 4061   in FES: 156
** Event #17935872   t=360.716090161285   Elapsed: 425.077s (7m 05s)  72% completed  (36% total)
     Speed:     ev/sec=41672.5   simsec/sec=0.978516   ev/simsec=42587.5
     Messages:  created: 23838572   present: 4053   in FES: 155
** Event #18022144   t=362.633237354294   Elapsed: 427.078s (7m 07s)  72% completed  (36% total)
     Speed:     ev/sec=43123.1   simsec/sec=0.958286   ev/simsec=45000.2
     Messages:  created: 23952540   present: 4039   in FES: 132
** Event #18104576   t=364.258164801637   Elapsed: 429.078s (7m 09s)  72% completed  (36% total)
     Speed:     ev/sec=41212   simsec/sec=0.812384   ev/simsec=50729.6
     Messages:  created: 24061691   present: 4134   in FES: 156
** Event #18184192   t=365.984407372007   Elapsed: 431.081s (7m 11s)  73% completed  (36% total)
     Speed:     ev/sec=39740.6   simsec/sec=0.861659   ev/simsec=46121
     Messages:  created: 24167269   present: 4093   in FES: 131
** Event #18263040   t=367.644017802006   Elapsed: 433.086s (7m 13s)  73% completed  (36% total)
     Speed:     ev/sec=39332.3   simsec/sec=0.827875   ev/simsec=47509.9
     Messages:  created: 24270856   present: 4210   in FES: 161
** Event #18350848   t=369.435244681559   Elapsed: 435.088s (7m 15s)  73% completed  (36% total)
     Speed:     ev/sec=43862   simsec/sec=0.894757   ev/simsec=49021.1
     Messages:  created: 24386388   present: 4208   in FES: 155
** Event #18446080   t=371.320745708303   Elapsed: 437.091s (7m 17s)  74% completed  (37% total)
     Speed:     ev/sec=47546.9   simsec/sec=0.941382   ev/simsec=50507.5
     Messages:  created: 24510226   present: 3979   in FES: 782
** Event #18541056   t=371.611304235556   Elapsed: 439.092s (7m 19s)  74% completed  (37% total)
     Speed:     ev/sec=47460   simsec/sec=0.145194   ev/simsec=326874
     Messages:  created: 24638501   present: 2469   in FES: 141
** Event #18618880   t=372.697689062231   Elapsed: 441.093s (7m 21s)  74% completed  (37% total)
     Speed:     ev/sec=38895.9   simsec/sec=0.542968   ev/simsec=71635.8
     Messages:  created: 24743444   present: 2365   in FES: 154
** Event #18692608   t=374.109306537693   Elapsed: 443.094s (7m 23s)  74% completed  (37% total)
     Speed:     ev/sec=36841.2   simsec/sec=0.705372   ev/simsec=52229.4
     Messages:  created: 24841131   present: 2343   in FES: 136
** Event #18776832   t=375.547720339977   Elapsed: 445.098s (7m 25s)  75% completed  (37% total)
     Speed:     ev/sec=42024.3   simsec/sec=0.71771   ev/simsec=58553.4
     Messages:  created: 24953722   present: 2357   in FES: 152
** Event #18864128   t=377.116489982099   Elapsed: 447.1s (7m 27s)  75% completed  (37% total)
     Speed:     ev/sec=43611.4   simsec/sec=0.783727   ev/simsec=55646.2
     Messages:  created: 25069520   present: 2424   in FES: 158
** Event #18945536   t=378.654119405043   Elapsed: 449.143s (7m 29s)  75% completed  (37% total)
     Speed:     ev/sec=39841.9   simsec/sec=0.752532   ev/simsec=52943.8
     Messages:  created: 25177559   present: 2410   in FES: 156
** Event #19030784   t=379.653125388844   Elapsed: 451.145s (7m 31s)  75% completed  (37% total)
     Speed:     ev/sec=42574.5   simsec/sec=0.498923   ev/simsec=85332.8
     Messages:  created: 25292838   present: 2452   in FES: 157
** Event #19114240   t=381.09929612462   Elapsed: 453.148s (7m 33s)  76% completed  (38% total)
     Speed:     ev/sec=41666.6   simsec/sec=0.722021   ev/simsec=57708.3
     Messages:  created: 25403358   present: 2355   in FES: 145
** Event #19204096   t=382.700401659507   Elapsed: 455.152s (7m 35s)  76% completed  (38% total)
     Speed:     ev/sec=44852.4   simsec/sec=0.799206   ev/simsec=56121.2
     Messages:  created: 25522417   present: 2403   in FES: 156
** Event #19291136   t=384.279651112406   Elapsed: 457.155s (7m 37s)  76% completed  (38% total)
     Speed:     ev/sec=43442.6   simsec/sec=0.788221   ev/simsec=55114.8
     Messages:  created: 25637496   present: 2405   in FES: 158
** Event #19368704   t=386.112993235234   Elapsed: 459.159s (7m 39s)  77% completed  (38% total)
     Speed:     ev/sec=38710.8   simsec/sec=0.91494   ev/simsec=42309.6
     Messages:  created: 25739649   present: 2350   in FES: 126
** Event #19456512   t=388.253539741073   Elapsed: 461.161s (7m 41s)  77% completed  (38% total)
     Speed:     ev/sec=43850.4   simsec/sec=1.06897   ev/simsec=41021.3
     Messages:  created: 25854974   present: 2447   in FES: 155
** Event #19545344   t=390.454267892087   Elapsed: 463.166s (7m 43s)  78% completed  (39% total)
     Speed:     ev/sec=44320.1   simsec/sec=1.09799   ev/simsec=40364.8
     Messages:  created: 25971314   present: 2530   in FES: 162
** Event #19627520   t=391.755427536523   Elapsed: 465.17s (7m 45s)  78% completed  (39% total)
     Speed:     ev/sec=41004.4   simsec/sec=0.649256   ev/simsec=63156
     Messages:  created: 26081743   present: 2584   in FES: 153
** Event #19706624   t=393.510280000169   Elapsed: 467.178s (7m 47s)  78% completed  (39% total)
     Speed:     ev/sec=39395.7   simsec/sec=0.873958   ev/simsec=45077.3
     Messages:  created: 26186007   present: 2562   in FES: 155
** Event #19778816   t=395.214817475332   Elapsed: 469.183s (7m 49s)  79% completed  (39% total)
     Speed:     ev/sec=36001.1   simsec/sec=0.850029   ev/simsec=42352.8
     Messages:  created: 26280912   present: 2593   in FES: 155
** Event #19867904   t=397.076745043187   Elapsed: 471.188s (7m 51s)  79% completed  (39% total)
     Speed:     ev/sec=44444.2   simsec/sec=0.928878   ev/simsec=47847.2
     Messages:  created: 26398492   present: 2633   in FES: 156
** Event #19960832   t=399.007563328586   Elapsed: 473.19s (7m 53s)  79% completed  (39% total)
     Speed:     ev/sec=46405.9   simsec/sec=0.964202   ev/simsec=48128.8
     Messages:  created: 26521784   present: 2638   in FES: 154
** Event #20052224   t=401.120585686788   Elapsed: 475.191s (7m 55s)  80% completed  (40% total)
     Speed:     ev/sec=45668.9   simsec/sec=1.05588   ev/simsec=43251.8
     Messages:  created: 26641438   present: 2650   in FES: 138
** Event #20140288   t=403.186242137577   Elapsed: 477.194s (7m 57s)  80% completed  (40% total)
     Speed:     ev/sec=43967.6   simsec/sec=1.03132   ev/simsec=42632.5
     Messages:  created: 26757748   present: 2704   in FES: 161
** Event #20225792   t=405.199482943466   Elapsed: 479.197s (7m 59s)  81% completed  (40% total)
     Speed:     ev/sec=42686.4   simsec/sec=1.00508   ev/simsec=42470.8
     Messages:  created: 26870329   present: 2747   in FES: 158
** Event #20316928   t=407.209967008497   Elapsed: 481.199s (8m 01s)  81% completed  (40% total)
     Speed:     ev/sec=45527.6   simsec/sec=1.00435   ev/simsec=45330.4
     Messages:  created: 26990418   present: 2815   in FES: 156
** Event #20401664   t=408.967358606613   Elapsed: 483.203s (8m 03s)  81% completed  (40% total)
     Speed:     ev/sec=42287.3   simsec/sec=0.877022   ev/simsec=48216.9
     Messages:  created: 27102943   present: 2820   in FES: 169
** Event #20489984   t=411.114382102262   Elapsed: 485.207s (8m 05s)  82% completed  (41% total)
     Speed:     ev/sec=44071.2   simsec/sec=1.07135   ev/simsec=41136
     Messages:  created: 27217812   present: 2886   in FES: 159
** Event #20579840   t=412.464137772309   Elapsed: 487.207s (8m 07s)  82% completed  (41% total)
     Speed:     ev/sec=44922.7   simsec/sec=0.674798   ev/simsec=66572
     Messages:  created: 27338653   present: 2989   in FES: 164
** Event #20678400   t=413.131478388177   Elapsed: 489.212s (8m 09s)  82% completed  (41% total)
     Speed:     ev/sec=49168.5   simsec/sec=0.332915   ev/simsec=147691
     Messages:  created: 27473716   present: 3010   in FES: 158
** Event #20768000   t=413.55028183246   Elapsed: 491.216s (8m 11s)  82% completed  (41% total)
     Speed:     ev/sec=44711.6   simsec/sec=0.208989   ev/simsec=213943
     Messages:  created: 27597325   present: 3028   in FES: 158
** Event #20856576   t=414.003387349732   Elapsed: 493.218s (8m 13s)  82% completed  (41% total)
     Speed:     ev/sec=44239.1   simsec/sec=0.226303   ev/simsec=195486
     Messages:  created: 27720057   present: 2991   in FES: 161
** Event #20939520   t=414.49338590763   Elapsed: 495.22s (8m 15s)  82% completed  (41% total)
     Speed:     ev/sec=41434.6   simsec/sec=0.244778   ev/simsec=169274
     Messages:  created: 27833286   present: 2949   in FES: 148
** Event #21039872   t=415.022515876693   Elapsed: 497.222s (8m 17s)  83% completed  (41% total)
     Speed:     ev/sec=50120.6   simsec/sec=0.264273   ev/simsec=189655
     Messages:  created: 27972033   present: 3005   in FES: 156
** Event #21110016   t=415.3925695025   Elapsed: 499.227s (8m 19s)  83% completed  (41% total)
     Speed:     ev/sec=34973.4   simsec/sec=0.184507   ev/simsec=189551
     Messages:  created: 28068056   present: 2995   in FES: 147
** Event #21200896   t=415.952259429848   Elapsed: 501.229s (8m 21s)  83% completed  (41% total)
     Speed:     ev/sec=45414.2   simsec/sec=0.279686   ev/simsec=162376
     Messages:  created: 28193462   present: 2986   in FES: 161
** Event #21279488   t=416.375702505636   Elapsed: 503.23s (8m 23s)  83% completed  (41% total)
     Speed:     ev/sec=39275.4   simsec/sec=0.211611   ev/simsec=185602
     Messages:  created: 28300985   present: 3016   in FES: 155
** Event #21367296   t=416.872738278309   Elapsed: 505.23s (8m 25s)  83% completed  (41% total)
     Speed:     ev/sec=43898.6   simsec/sec=0.248487   ev/simsec=176663
     Messages:  created: 28422071   present: 3051   in FES: 163
** Event #21460480   t=417.38604464577   Elapsed: 507.233s (8m 27s)  83% completed  (41% total)
     Speed:     ev/sec=46516.7   simsec/sec=0.256238   ev/simsec=181537
     Messages:  created: 28549480   present: 3035   in FES: 147
** Event #21549056   t=417.886779470249   Elapsed: 509.239s (8m 29s)  83% completed  (41% total)
     Speed:     ev/sec=44150.8   simsec/sec=0.249592   ev/simsec=176892
     Messages:  created: 28671718   present: 3052   in FES: 163
** Event #21630720   t=418.448627479014   Elapsed: 511.242s (8m 31s)  83% completed  (41% total)
     Speed:     ev/sec=40775.6   simsec/sec=0.280536   ev/simsec=145349
     Messages:  created: 28782752   present: 3105   in FES: 187
** Event #21727488   t=419.022558283855   Elapsed: 513.247s (8m 33s)  83% completed  (41% total)
     Speed:     ev/sec=48273.2   simsec/sec=0.286308   ev/simsec=168606
     Messages:  created: 28916150   present: 3073   in FES: 156
** Event #21803008   t=419.701714295735   Elapsed: 515.247s (8m 35s)  83% completed  (41% total)
     Speed:     ev/sec=37753.1   simsec/sec=0.339516   ev/simsec=111197
     Messages:  created: 29018623   present: 3057   in FES: 164
** Event #21877504   t=420.504766916912   Elapsed: 517.253s (8m 37s)  84% completed  (42% total)
     Speed:     ev/sec=37139.5   simsec/sec=0.400357   ev/simsec=92766
     Messages:  created: 29119707   present: 3127   in FES: 164
** Event #21978368   t=421.35282814274   Elapsed: 519.369s (8m 39s)  84% completed  (42% total)
     Speed:     ev/sec=47657.5   simsec/sec=0.400703   ev/simsec=118935
     Messages:  created: 29256073   present: 2634   in FES: 132
** Event #22066432   t=421.651615370427   Elapsed: 521.378s (8m 41s)  84% completed  (42% total)
     Speed:     ev/sec=43849   simsec/sec=0.148773   ev/simsec=294738
     Messages:  created: 29378325   present: 2768   in FES: 157
** Event #22169088   t=422.007872771661   Elapsed: 523.382s (8m 43s)  84% completed  (42% total)
     Speed:     ev/sec=51220.4   simsec/sec=0.177755   ev/simsec=288151
     Messages:  created: 29520833   present: 2765   in FES: 158
** Event #22260736   t=422.308091102772   Elapsed: 525.386s (8m 45s)  84% completed  (42% total)
     Speed:     ev/sec=45739.9   simsec/sec=0.149834   ev/simsec=305271
     Messages:  created: 29647295   present: 2754   in FES: 162
** Event #22343680   t=422.575729763034   Elapsed: 527.386s (8m 47s)  84% completed  (42% total)
     Speed:     ev/sec=41469.7   simsec/sec=0.133812   ev/simsec=309910
     Messages:  created: 29762138   present: 2752   in FES: 148
** Event #22427392   t=422.855123578116   Elapsed: 529.392s (8m 49s)  84% completed  (42% total)
     Speed:     ev/sec=41723.6   simsec/sec=0.139255   ev/simsec=299620
     Messages:  created: 29878374   present: 2799   in FES: 157
** Event #22502400   t=423.09162156336   Elapsed: 531.395s (8m 51s)  84% completed  (42% total)
     Speed:     ev/sec=37453.7   simsec/sec=0.118091   ev/simsec=317161
     Messages:  created: 29981832   present: 2794   in FES: 157
** Event #22593792   t=423.391735368422   Elapsed: 533.403s (8m 53s)  84% completed  (42% total)
     Speed:     ev/sec=45504   simsec/sec=0.149426   ev/simsec=304524
     Messages:  created: 30108172   present: 2770   in FES: 140
** Event #22676224   t=423.648776828246   Elapsed: 535.407s (8m 55s)  84% completed  (42% total)
     Speed:     ev/sec=41147.1   simsec/sec=0.128306   ev/simsec=320695
     Messages:  created: 30222272   present: 2800   in FES: 156
** Event #22744576   t=423.863268584173   Elapsed: 537.407s (8m 57s)  84% completed  (42% total)
     Speed:     ev/sec=34163.2   simsec/sec=0.107206   ev/simsec=318670
     Messages:  created: 30316881   present: 2724   in FES: 156
** Event #22829056   t=424.130922106574   Elapsed: 539.408s (8m 59s)  84% completed  (42% total)
     Speed:     ev/sec=42226.6   simsec/sec=0.133784   ev/simsec=315632
     Messages:  created: 30433164   present: 2720   in FES: 154
** Event #22911488   t=424.60989592045   Elapsed: 541.409s (9m 01s)  84% completed  (42% total)
     Speed:     ev/sec=41192.7   simsec/sec=0.239351   ev/simsec=172101
     Messages:  created: 30546475   present: 2730   in FES: 158
** Event #23003136   t=425.259816002428   Elapsed: 543.417s (9m 03s)  85% completed  (42% total)
     Speed:     ev/sec=45632   simsec/sec=0.323599   ev/simsec=141014
     Messages:  created: 30671791   present: 2715   in FES: 157
** Event #23091456   t=425.975403396848   Elapsed: 545.426s (9m 05s)  85% completed  (42% total)
     Speed:     ev/sec=43970.6   simsec/sec=0.356259   ev/simsec=123423
     Messages:  created: 30793025   present: 2689   in FES: 136
** Event #23180800   t=426.639927072957   Elapsed: 547.427s (9m 07s)  85% completed  (42% total)
     Speed:     ev/sec=44652.4   simsec/sec=0.332116   ev/simsec=134448
     Messages:  created: 30914850   present: 2691   in FES: 137
** Event #23271936   t=427.375233450398   Elapsed: 549.432s (9m 09s)  85% completed  (42% total)
     Speed:     ev/sec=45450.6   simsec/sec=0.366706   ev/simsec=123943
     Messages:  created: 31039286   present: 2776   in FES: 155
** Event #23359488   t=428.104621683141   Elapsed: 551.434s (9m 11s)  85% completed  (42% total)
     Speed:     ev/sec=43735.2   simsec/sec=0.364354   ev/simsec=120035
     Messages:  created: 31158905   present: 2760   in FES: 161
** Event #23452672   t=428.872718306077   Elapsed: 553.437s (9m 13s)  85% completed  (42% total)
     Speed:     ev/sec=46532.7   simsec/sec=0.38356   ev/simsec=121318
     Messages:  created: 31286976   present: 2752   in FES: 153
** Event #23528704   t=429.473935326116   Elapsed: 555.437s (9m 15s)  85% completed  (42% total)
     Speed:     ev/sec=38010.3   simsec/sec=0.300563   ev/simsec=126463
     Messages:  created: 31390298   present: 2818   in FES: 157
** Event #23607552   t=430.118486708092   Elapsed: 557.443s (9m 17s)  86% completed  (43% total)
     Speed:     ev/sec=39309.6   simsec/sec=0.32134   ev/simsec=122330
     Messages:  created: 31497889   present: 2799   in FES: 156
** Event #23700224   t=430.881846188545   Elapsed: 559.445s (9m 19s)  86% completed  (43% total)
     Speed:     ev/sec=46274.1   simsec/sec=0.38117   ev/simsec=121400
     Messages:  created: 31625154   present: 2860   in FES: 162
** Event #23795200   t=431.638463165802   Elapsed: 561.448s (9m 21s)  86% completed  (43% total)
     Speed:     ev/sec=47429   simsec/sec=0.377838   ev/simsec=125527
     Messages:  created: 31754585   present: 2860   in FES: 162
** Event #23882240   t=432.377051243566   Elapsed: 563.449s (9m 23s)  86% completed  (43% total)
     Speed:     ev/sec=43488.5   simsec/sec=0.369027   ev/simsec=117846
     Messages:  created: 31873155   present: 2884   in FES: 157
** Event #23980032   t=433.143535696045   Elapsed: 565.45s (9m 25s)  86% completed  (43% total)
     Speed:     ev/sec=48887.3   simsec/sec=0.383174   ev/simsec=127585
     Messages:  created: 32006729   present: 2885   in FES: 154
** Event #24069376   t=433.895935121181   Elapsed: 567.451s (9m 27s)  86% completed  (43% total)
     Speed:     ev/sec=44651.5   simsec/sec=0.376027   ev/simsec=118745
     Messages:  created: 32129463   present: 2909   in FES: 156
** Event #24162048   t=434.637106944321   Elapsed: 569.451s (9m 29s)  86% completed  (43% total)
     Speed:     ev/sec=46330.4   simsec/sec=0.370541   ev/simsec=125034
     Messages:  created: 32255694   present: 2879   in FES: 132
** Event #24233728   t=435.232177378589   Elapsed: 571.453s (9m 31s)  87% completed  (43% total)
     Speed:     ev/sec=35803.9   simsec/sec=0.297236   ev/simsec=120456
     Messages:  created: 32353452   present: 2955   in FES: 162
** Event #24326656   t=436.130221311128   Elapsed: 573.457s (9m 33s)  87% completed  (43% total)
     Speed:     ev/sec=46362.8   simsec/sec=0.448044   ev/simsec=103478
     Messages:  created: 32479927   present: 2973   in FES: 162
** Event #24413184   t=437.003047303389   Elapsed: 575.461s (9m 35s)  87% completed  (43% total)
     Speed:     ev/sec=43170.6   simsec/sec=0.435471   ev/simsec=99135.5
     Messages:  created: 32598426   present: 3080   in FES: 186
** Event #24515328   t=437.988834412233   Elapsed: 577.463s (9m 37s)  87% completed  (43% total)
     Speed:     ev/sec=51044.7   simsec/sec=0.49263   ev/simsec=103617
     Messages:  created: 32737507   present: 2938   in FES: 126
** Event #24587520   t=438.642007951157   Elapsed: 579.476s (9m 39s)  87% completed  (43% total)
     Speed:     ev/sec=35850   simsec/sec=0.324361   ev/simsec=110525
     Messages:  created: 32835360   present: 3003   in FES: 159
** Event #24670720   t=439.471142654263   Elapsed: 581.481s (9m 41s)  87% completed  (43% total)
     Speed:     ev/sec=41507.5   simsec/sec=0.413646   ev/simsec=100346
     Messages:  created: 32948318   present: 3022   in FES: 161
** Event #24771584   t=440.43522465134   Elapsed: 583.487s (9m 43s)  88% completed  (44% total)
     Speed:     ev/sec=50283.4   simsec/sec=0.480621   ev/simsec=104622
     Messages:  created: 33085509   present: 3006   in FES: 149
** Event #24865792   t=442.948406205219   Elapsed: 585.49s (9m 45s)  88% completed  (44% total)
     Speed:     ev/sec=47029.9   simsec/sec=1.25461   ev/simsec=37485.6
     Messages:  created: 33209484   present: 3049   in FES: 154
** Event #24954880   t=445.253776741807   Elapsed: 587.494s (9m 47s)  89% completed  (44% total)
     Speed:     ev/sec=44453.3   simsec/sec=1.15034   ev/simsec=38643.7
     Messages:  created: 33325472   present: 3134   in FES: 160
** Event #25027328   t=447.006497379513   Elapsed: 589.494s (9m 49s)  89% completed  (44% total)
     Speed:     ev/sec=36212.9   simsec/sec=0.876091   ev/simsec=41334.6
     Messages:  created: 33421422   present: 3192   in FES: 159
** Event #25117952   t=449.075432776816   Elapsed: 591.495s (9m 51s)  89% completed  (44% total)
     Speed:     ev/sec=45296.1   simsec/sec=1.0341   ev/simsec=43802.2
     Messages:  created: 33540248   present: 3225   in FES: 152
** Event #25215744   t=451.449879888897   Elapsed: 593.499s (9m 53s)  90% completed  (45% total)
     Speed:     ev/sec=48811.2   simsec/sec=1.18516   ev/simsec=41185.2
     Messages:  created: 33668195   present: 3261   in FES: 156
** Event #25306880   t=453.648897950067   Elapsed: 595.502s (9m 55s)  90% completed  (45% total)
     Speed:     ev/sec=45485.3   simsec/sec=1.09751   ev/simsec=41444
     Messages:  created: 33787950   present: 3239   in FES: 131
** Event #25391360   t=455.715086147006   Elapsed: 597.506s (9m 57s)  91% completed  (45% total)
     Speed:     ev/sec=42152.2   simsec/sec=1.03095   ev/simsec=40886.9
     Messages:  created: 33898786   present: 3302   in FES: 138
** Event #25487872   t=457.948692448998   Elapsed: 599.508s (9m 59s)  91% completed  (45% total)
     Speed:     ev/sec=48217.3   simsec/sec=1.11591   ev/simsec=43209
     Messages:  created: 34025126   present: 3346   in FES: 130
** Event #25574144   t=459.914546312729   Elapsed: 601.511s (10m 01s)  91% completed  (45% total)
     Speed:     ev/sec=43067.7   simsec/sec=0.98137   ev/simsec=43885.3
     Messages:  created: 34137658   present: 3466   in FES: 158
** Event #25660928   t=461.814448028692   Elapsed: 603.515s (10m 03s)  92% completed  (46% total)
     Speed:     ev/sec=43308.3   simsec/sec=0.948118   ev/simsec=45678.2
     Messages:  created: 34251100   present: 3420   in FES: 133
** Event #25744384   t=463.613316695623   Elapsed: 605.52s (10m 05s)  92% completed  (46% total)
     Speed:     ev/sec=41627.7   simsec/sec=0.897271   ev/simsec=46393.6
     Messages:  created: 34360198   present: 3483   in FES: 132
** Event #25832960   t=465.472872818427   Elapsed: 607.526s (10m 07s)  93% completed  (46% total)
     Speed:     ev/sec=44152.1   simsec/sec=0.926924   ev/simsec=47632.9
     Messages:  created: 34476265   present: 3585   in FES: 157
** Event #25924096   t=467.550507827866   Elapsed: 609.531s (10m 09s)  93% completed  (46% total)
     Speed:     ev/sec=45445.5   simsec/sec=1.03602   ev/simsec=43865.3
     Messages:  created: 34595571   present: 3680   in FES: 165
** Event #26010368   t=468.456448872421   Elapsed: 611.534s (10m 11s)  93% completed  (46% total)
     Speed:     ev/sec=43089.6   simsec/sec=0.452483   ev/simsec=95229.2
     Messages:  created: 34712163   present: 3521   in FES: 124
** Event #26103040   t=470.462580493311   Elapsed: 613.537s (10m 13s)  94% completed  (47% total)
     Speed:     ev/sec=46258   simsec/sec=1.00138   ev/simsec=46194.4
     Messages:  created: 34834443   present: 3590   in FES: 154
** Event #26185216   t=472.233407520472   Elapsed: 615.54s (10m 15s)  94% completed  (47% total)
     Speed:     ev/sec=41020.4   simsec/sec=0.883958   ev/simsec=46405.4
     Messages:  created: 34942656   present: 3724   in FES: 186
** Event #26280704   t=474.280428053275   Elapsed: 617.543s (10m 17s)  94% completed  (47% total)
     Speed:     ev/sec=47675.1   simsec/sec=1.02203   ev/simsec=46647.3
     Messages:  created: 35068428   present: 3650   in FES: 151
** Event #26372608   t=476.280508724815   Elapsed: 619.547s (10m 19s)  95% completed  (47% total)
     Speed:     ev/sec=45863.4   simsec/sec=0.998111   ev/simsec=45950.1
     Messages:  created: 35189373   present: 3658   in FES: 143
** Event #26462976   t=478.255382679326   Elapsed: 621.549s (10m 21s)  95% completed  (47% total)
     Speed:     ev/sec=45129.5   simsec/sec=0.986246   ev/simsec=45758.9
     Messages:  created: 35308319   present: 3703   in FES: 156
** Event #26548992   t=480.189614043834   Elapsed: 623.553s (10m 23s)  96% completed  (48% total)
     Speed:     ev/sec=42940.4   simsec/sec=0.965595   ev/simsec=44470.4
     Messages:  created: 35421300   present: 3687   in FES: 137
** Event #26641920   t=482.20819745165   Elapsed: 625.559s (10m 25s)  96% completed  (48% total)
     Speed:     ev/sec=46318.5   simsec/sec=1.00613   ev/simsec=46036.2
     Messages:  created: 35543707   present: 3812   in FES: 155
** Event #26729472   t=484.153449550012   Elapsed: 627.56s (10m 27s)  96% completed  (48% total)
     Speed:     ev/sec=43758.5   simsec/sec=0.972238   ev/simsec=45008
     Messages:  created: 35658689   present: 3777   in FES: 143
** Event #26812928   t=486.00649971368   Elapsed: 629.563s (10m 29s)  97% completed  (48% total)
     Speed:     ev/sec=41663.2   simsec/sec=0.925085   ev/simsec=45037.1
     Messages:  created: 35769183   present: 3823   in FES: 142
** Event #26902784   t=487.970101287225   Elapsed: 631.564s (10m 31s)  97% completed  (48% total)
     Speed:     ev/sec=44893.7   simsec/sec=0.981052   ev/simsec=45760.8
     Messages:  created: 35887338   present: 3879   in FES: 157
** Event #27001856   t=490.133802038537   Elapsed: 633.567s (10m 33s)  98% completed  (49% total)
     Speed:     ev/sec=49479   simsec/sec=1.0806   ev/simsec=45788.2
     Messages:  created: 36017042   present: 3887   in FES: 155
** Event #27094016   t=492.198648583777   Elapsed: 635.57s (10m 35s)  98% completed  (49% total)
     Speed:     ev/sec=45997   simsec/sec=1.03056   ev/simsec=44632.9
     Messages:  created: 36138024   present: 3954   in FES: 161
** Event #27175680   t=494.040845849581   Elapsed: 637.575s (10m 37s)  98% completed  (49% total)
     Speed:     ev/sec=40734.8   simsec/sec=0.918907   ev/simsec=44329.7
     Messages:  created: 36245900   present: 3958   in FES: 155
** Event #27264512   t=495.941674062094   Elapsed: 639.58s (10m 39s)  99% completed  (49% total)
     Speed:     ev/sec=44304.9   simsec/sec=0.948037   ev/simsec=46733.3
     Messages:  created: 36362712   present: 3923   in FES: 131
** Event #27349248   t=497.650890675317   Elapsed: 641.586s (10m 41s)  99% completed  (49% total)
     Speed:     ev/sec=42249.2   simsec/sec=0.852211   ev/simsec=49575.9
     Messages:  created: 36473714   present: 3997   in FES: 141
** Event #27441664   t=499.597779105723   Elapsed: 643.588s (10m 43s)  99% completed  (49% total)
     Speed:     ev/sec=46159.7   simsec/sec=0.972427   ev/simsec=47468.6
     Messages:  created: 36595181   present: 4055   in FES: 156
** Event #27458926   t=500   Elapsed: 643.892s (10m 43s)  100% completed  (50% total)
     Speed:     ev/sec=56776.4   simsec/sec=1.32302   ev/simsec=42914.2
     Messages:  created: 36618333   present: 3974   in FES: 125

<!> Simulation time limit reached -- at t=500s, event #27458926
undisposed object: (omnetpp::cMessage) FanetReconNetwork.groundStation.app.debugTimer -- check module destructor
undisposed object: (omnetpp::cMessage) FanetReconNetwork.uav[0].app.debugTimer -- check module destructor
undisposed object: (omnetpp::cMessage) FanetReconNetwork.uav[1].app.debugTimer -- check module destructor
undisposed object: (omnetpp::cMessage) FanetReconNetwork.uav[2].app.debugTimer -- check module destructor
undisposed object: (omnetpp::cMessage) FanetReconNetwork.uav[3].app.debugTimer -- check module destructor
undisposed object: (omnetpp::cMessage) FanetReconNetwork.uav[4].app.debugTimer -- check module destructor
undisposed object: (omnetpp::cMessage) FanetReconNetwork.uav[5].app.debugTimer -- check module destructor
undisposed object: (omnetpp::cMessage) FanetReconNetwork.uav[6].app.debugTimer -- check module destructor
undisposed object: (omnetpp::cMessage) FanetReconNetwork.uav[7].app.debugTimer -- check module destructor
undisposed object: (omnetpp::cMessage) FanetReconNetwork.uav[8].app.debugTimer -- check module destructor
undisposed object: (omnetpp::cMessage) FanetReconNetwork.uav[9].app.debugTimer -- check module destructor
undisposed object: (omnetpp::cMessage) FanetReconNetwork.uav[10].app.debugTimer -- check module destructor
undisposed object: (omnetpp::cMessage) FanetReconNetwork.uav[11].app.debugTimer -- check module destructor
undisposed object: (omnetpp::cMessage) FanetReconNetwork.uav[12].app.debugTimer -- check module destructor
undisposed object: (omnetpp::cMessage) FanetReconNetwork.uav[13].app.debugTimer -- check module destructor
undisposed object: (omnetpp::cMessage) FanetReconNetwork.uav[14].app.debugTimer -- check module destructor
undisposed object: (omnetpp::cMessage) FanetReconNetwork.uav[15].app.debugTimer -- check module destructor
undisposed object: (omnetpp::cMessage) FanetReconNetwork.uav[16].app.debugTimer -- check module destructor
undisposed object: (omnetpp::cMessage) FanetReconNetwork.uav[17].app.debugTimer -- check module destructor
undisposed object: (omnetpp::cMessage) FanetReconNetwork.uav[18].app.debugTimer -- check module destructor
undisposed object: (omnetpp::cMessage) FanetReconNetwork.uav[19].app.debugTimer -- check module destructor
undisposed object: (omnetpp::cMessage) FanetReconNetwork.uav[20].app.debugTimer -- check module destructor
undisposed object: (omnetpp::cMessage) FanetReconNetwork.uav[21].app.debugTimer -- check module destructor
undisposed object: (omnetpp::cMessage) FanetReconNetwork.uav[22].app.debugTimer -- check module destructor
undisposed object: (omnetpp::cMessage) FanetReconNetwork.uav[23].app.debugTimer -- check module destructor
undisposed object: (omnetpp::cMessage) FanetReconNetwork.uav[24].app.debugTimer -- check module destructor
undisposed object: (omnetpp::cMessage) FanetReconNetwork.uav[25].app.debugTimer -- check module destructor
undisposed object: (omnetpp::cMessage) FanetReconNetwork.uav[26].app.debugTimer -- check module destructor
undisposed object: (omnetpp::cMessage) FanetReconNetwork.uav[27].app.debugTimer -- check module destructor
undisposed object: (omnetpp::cMessage) FanetReconNetwork.uav[28].app.debugTimer -- check module destructor
undisposed object: (omnetpp::cMessage) FanetReconNetwork.uav[29].app.debugTimer -- check module destructor
