** Event #0   t=0   Elapsed: 2.5e-05s (0m 00s)  0% completed  (0% total)
     Speed:     ev/sec=0   simsec/sec=0   ev/simsec=0
     Messages:  created: 1178   present: 1178   in FES: 186
** Event #96768   t=28.070173883006   Elapsed: 2.00058s (0m 02s)  5% completed  (2% total)
     Speed:     ev/sec=48370.9   simsec/sec=14.0311   ev/simsec=3447.4
     Messages:  created: 95844   present: 1161   in FES: 136
** Event #190208   t=55.04526936732   Elapsed: 4.00674s (0m 04s)  11% completed  (5% total)
     Speed:     ev/sec=46576.6   simsec/sec=13.4461   ev/simsec=3463.94
     Messages:  created: 185632   present: 1209   in FES: 152
** Event #294656   t=84.087055329776   Elapsed: 6.0077s (0m 06s)  16% completed  (8% total)
     Speed:     ev/sec=52199   simsec/sec=14.5139   ev/simsec=3596.47
     Messages:  created: 284714   present: 1201   in FES: 154
** Event #385792   t=100.368377078581   Elapsed: 8.01435s (0m 08s)  20% completed  (10% total)
     Speed:     ev/sec=45417.1   simsec/sec=8.1137   ev/simsec=5597.58
     Messages:  created: 384253   present: 1228   in FES: 168
** Event #471296   t=101.194454855887   Elapsed: 10.0199s (0m 10s)  20% completed  (10% total)
     Speed:     ev/sec=42632.6   simsec/sec=0.411886   ev/simsec=103506
     Messages:  created: 499797   present: 1281   in FES: 156
** Event #555008   t=101.56995190752   Elapsed: 12.0271s (0m 12s)  20% completed  (10% total)
     Speed:     ev/sec=41707.7   simsec/sec=0.187083   ev/simsec=222937
     Messages:  created: 615523   present: 1388   in FES: 187
** Event #631808   t=101.855302662317   Elapsed: 14.031s (0m 14s)  20% completed  (10% total)
     Speed:     ev/sec=38325.2   simsec/sec=0.142397   ev/simsec=269142
     Messages:  created: 721929   present: 1373   in FES: 177
** Event #702976   t=102.111089247075   Elapsed: 16.0378s (0m 16s)  20% completed  (10% total)
     Speed:     ev/sec=35462.6   simsec/sec=0.127457   ev/simsec=278232
     Messages:  created: 819661   present: 1379   in FES: 166
** Event #781568   t=102.383714738182   Elapsed: 18.0388s (0m 18s)  20% completed  (10% total)
     Speed:     ev/sec=39276.6   simsec/sec=0.136246   ev/simsec=288278
     Messages:  created: 928677   present: 1386   in FES: 172
** Event #861952   t=102.670411211418   Elapsed: 20.0402s (0m 20s)  20% completed  (10% total)
     Speed:     ev/sec=40162.8   simsec/sec=0.143244   ev/simsec=280380
     Messages:  created: 1040311   present: 1416   in FES: 167
** Event #951296   t=102.994790809387   Elapsed: 22.0449s (0m 22s)  20% completed  (10% total)
     Speed:     ev/sec=44568.2   simsec/sec=0.161813   ev/simsec=275430
     Messages:  created: 1164316   present: 1441   in FES: 177
** Event #1018624   t=103.181674689979   Elapsed: 24.188s (0m 24s)  20% completed  (10% total)
     Speed:     ev/sec=31416   simsec/sec=0.0872021   ev/simsec=360266
     Messages:  created: 1256458   present: 1387   in FES: 157
** Event #1104384   t=103.428741302908   Elapsed: 26.1999s (0m 26s)  20% completed  (10% total)
     Speed:     ev/sec=42626   simsec/sec=0.122801   ev/simsec=347113
     Messages:  created: 1374513   present: 1440   in FES: 161
** Event #1183488   t=103.840107920176   Elapsed: 28.2027s (0m 28s)  20% completed  (10% total)
     Speed:     ev/sec=39497.8   simsec/sec=0.205401   ev/simsec=192296
     Messages:  created: 1483643   present: 1386   in FES: 142
** Event #1269760   t=104.307558391337   Elapsed: 30.2035s (0m 30s)  20% completed  (10% total)
     Speed:     ev/sec=43119.2   simsec/sec=0.233634   ev/simsec=184559
     Messages:  created: 1601640   present: 1391   in FES: 127
** Event #1343488   t=104.776396198858   Elapsed: 32.4043s (0m 32s)  20% completed  (10% total)
     Speed:     ev/sec=33500.4   simsec/sec=0.21303   ev/simsec=157257
     Messages:  created: 1703352   present: 1472   in FES: 156
** Event #1417216   t=105.200773117256   Elapsed: 34.4046s (0m 34s)  21% completed  (10% total)
     Speed:     ev/sec=36858.1   simsec/sec=0.212154   ev/simsec=173732
     Messages:  created: 1804207   present: 1497   in FES: 155
** Event #1491712   t=105.663928927896   Elapsed: 36.4137s (0m 36s)  21% completed  (10% total)
     Speed:     ev/sec=37079.2   simsec/sec=0.230529   ev/simsec=160844
     Messages:  created: 1907040   present: 1509   in FES: 157
** Event #1571072   t=106.036057599702   Elapsed: 38.419s (0m 38s)  21% completed  (10% total)
     Speed:     ev/sec=39574.3   simsec/sec=0.185569   ev/simsec=213260
     Messages:  created: 2016323   present: 1511   in FES: 144
** Event #1641728   t=106.458294393907   Elapsed: 40.4302s (0m 40s)  21% completed  (10% total)
     Speed:     ev/sec=35132.4   simsec/sec=0.20995   ev/simsec=167337
     Messages:  created: 2113170   present: 1556   in FES: 159
** Event #1710848   t=106.831949159706   Elapsed: 42.4343s (0m 42s)  21% completed  (10% total)
     Speed:     ev/sec=34487.9   simsec/sec=0.186437   ev/simsec=184984
     Messages:  created: 2208480   present: 1572   in FES: 164
** Event #1788416   t=107.285611076722   Elapsed: 44.4368s (0m 44s)  21% completed  (10% total)
     Speed:     ev/sec=38737.3   simsec/sec=0.226558   ev/simsec=170982
     Messages:  created: 2314581   present: 1590   in FES: 154
** Event #1865216   t=107.728309351723   Elapsed: 46.4429s (0m 46s)  21% completed  (10% total)
     Speed:     ev/sec=38283.1   simsec/sec=0.220675   ev/simsec=173482
     Messages:  created: 2420457   present: 1583   in FES: 153
** Event #1955072   t=108.197980094974   Elapsed: 48.445s (0m 48s)  21% completed  (10% total)
     Speed:     ev/sec=44879.9   simsec/sec=0.234584   ev/simsec=191317
     Messages:  created: 2543541   present: 1579   in FES: 136
** Event #2027520   t=108.668070230958   Elapsed: 50.4487s (0m 50s)  21% completed  (10% total)
     Speed:     ev/sec=36157.2   simsec/sec=0.234611   ev/simsec=154115
     Messages:  created: 2643320   present: 1661   in FES: 155
** Event #2103808   t=109.067895740955   Elapsed: 52.4551s (0m 52s)  21% completed  (10% total)
     Speed:     ev/sec=38022.1   simsec/sec=0.199274   ev/simsec=190803
     Messages:  created: 2748001   present: 1644   in FES: 134
** Event #2179840   t=109.530418549527   Elapsed: 54.4568s (0m 54s)  21% completed  (10% total)
     Speed:     ev/sec=37983.5   simsec/sec=0.231064   ev/simsec=164385
     Messages:  created: 2852473   present: 1716   in FES: 153
** Event #2259712   t=109.994425706916   Elapsed: 56.4618s (0m 56s)  21% completed  (10% total)
     Speed:     ev/sec=39837.8   simsec/sec=0.231433   ev/simsec=172135
     Messages:  created: 2962728   present: 1713   in FES: 157
** Event #2338304   t=110.446017616546   Elapsed: 58.466s (0m 58s)  22% completed  (11% total)
     Speed:     ev/sec=39212.2   simsec/sec=0.225315   ev/simsec=174033
     Messages:  created: 3070138   present: 1768   in FES: 153
** Event #2405120   t=110.783851079197   Elapsed: 60.4699s (1m 00s)  22% completed  (11% total)
     Speed:     ev/sec=33343.3   simsec/sec=0.168589   ev/simsec=197778
     Messages:  created: 3162394   present: 1761   in FES: 157
** Event #2492160   t=111.237557340626   Elapsed: 62.4716s (1m 02s)  22% completed  (11% total)
     Speed:     ev/sec=43483.3   simsec/sec=0.226662   ev/simsec=191842
     Messages:  created: 3281635   present: 1736   in FES: 125
** Event #2576640   t=111.72146174174   Elapsed: 64.4814s (1m 04s)  22% completed  (11% total)
     Speed:     ev/sec=42034.7   simsec/sec=0.240776   ev/simsec=174580
     Messages:  created: 3398240   present: 1806   in FES: 163
** Event #2653184   t=112.176958423261   Elapsed: 66.4865s (1m 06s)  22% completed  (11% total)
     Speed:     ev/sec=38173.2   simsec/sec=0.22716   ev/simsec=168045
     Messages:  created: 3502930   present: 1831   in FES: 156
** Event #2735872   t=112.681406113654   Elapsed: 68.4933s (1m 08s)  22% completed  (11% total)
     Speed:     ev/sec=41205.1   simsec/sec=0.251376   ev/simsec=163918
     Messages:  created: 3616897   present: 1837   in FES: 137
** Event #2822912   t=113.205000335461   Elapsed: 70.4943s (1m 10s)  22% completed  (11% total)
     Speed:     ev/sec=43497.8   simsec/sec=0.261664   ev/simsec=166236
     Messages:  created: 3735840   present: 1897   in FES: 163
** Event #2909696   t=113.725975005604   Elapsed: 72.5013s (1m 12s)  22% completed  (11% total)
     Speed:     ev/sec=43241.7   simsec/sec=0.259585   ev/simsec=166580
     Messages:  created: 3855341   present: 1895   in FES: 155
** Event #3002880   t=114.239782744482   Elapsed: 74.5046s (1m 14s)  22% completed  (11% total)
     Speed:     ev/sec=46515.2   simsec/sec=0.25648   ev/simsec=181360
     Messages:  created: 3983203   present: 1957   in FES: 161
** Event #3072512   t=114.578740124631   Elapsed: 76.5082s (1m 16s)  22% completed  (11% total)
     Speed:     ev/sec=34752.8   simsec/sec=0.169171   ev/simsec=205430
     Messages:  created: 4079283   present: 1953   in FES: 163
** Event #3154176   t=115.056400133306   Elapsed: 78.5093s (1m 18s)  23% completed  (11% total)
     Speed:     ev/sec=40809.6   simsec/sec=0.238699   ev/simsec=170967
     Messages:  created: 4191641   present: 2008   in FES: 154
** Event #3243264   t=115.484988610963   Elapsed: 80.5103s (1m 20s)  23% completed  (11% total)
     Speed:     ev/sec=44522.2   simsec/sec=0.214189   ev/simsec=207864
     Messages:  created: 4314211   present: 1995   in FES: 164
** Event #3324416   t=115.822583872723   Elapsed: 82.5125s (1m 22s)  23% completed  (11% total)
     Speed:     ev/sec=40530   simsec/sec=0.168606   ev/simsec=240383
     Messages:  created: 4426257   present: 2039   in FES: 158
** Event #3410432   t=116.264511649494   Elapsed: 84.5146s (1m 24s)  23% completed  (11% total)
     Speed:     ev/sec=42964.4   simsec/sec=0.22074   ev/simsec=194638
     Messages:  created: 4544373   present: 1983   in FES: 156
** Event #3487744   t=116.696104526533   Elapsed: 86.5158s (1m 26s)  23% completed  (11% total)
     Speed:     ev/sec=38632.6   simsec/sec=0.215666   ev/simsec=179132
     Messages:  created: 4651203   present: 2026   in FES: 142
** Event #3566336   t=117.100357557949   Elapsed: 88.5181s (1m 28s)  23% completed  (11% total)
     Speed:     ev/sec=39251   simsec/sec=0.201895   ev/simsec=194413
     Messages:  created: 4759128   present: 2190   in FES: 185
** Event #3651584   t=117.600532189259   Elapsed: 90.5206s (1m 30s)  23% completed  (11% total)
     Speed:     ev/sec=42569.7   simsec/sec=0.249769   ev/simsec=170436
     Messages:  created: 4876759   present: 2098   in FES: 154
** Event #3737088   t=118.064125880353   Elapsed: 92.5228s (1m 32s)  23% completed  (11% total)
     Speed:     ev/sec=42705.8   simsec/sec=0.231546   ev/simsec=184437
     Messages:  created: 4994260   present: 2138   in FES: 157
** Event #3813632   t=118.47809342713   Elapsed: 94.5238s (1m 34s)  23% completed  (11% total)
     Speed:     ev/sec=38252.9   simsec/sec=0.206881   ev/simsec=184903
     Messages:  created: 5099492   present: 2034   in FES: 125
** Event #3895296   t=118.940340876426   Elapsed: 96.5253s (1m 36s)  23% completed  (11% total)
     Speed:     ev/sec=40801.8   simsec/sec=0.230953   ev/simsec=176667
     Messages:  created: 5212254   present: 2195   in FES: 157
** Event #3975168   t=119.345408761446   Elapsed: 98.5285s (1m 38s)  23% completed  (11% total)
     Speed:     ev/sec=39871.3   simsec/sec=0.202206   ev/simsec=197182
     Messages:  created: 5321748   present: 2180   in FES: 158
** Event #4057856   t=119.68339639623   Elapsed: 100.529s (1m 40s)  23% completed  (11% total)
     Speed:     ev/sec=41340.7   simsec/sec=0.16898   ev/simsec=244648
     Messages:  created: 5435429   present: 2251   in FES: 168
** Event #4136448   t=119.938967738523   Elapsed: 102.533s (1m 42s)  23% completed  (11% total)
     Speed:     ev/sec=39219.4   simsec/sec=0.127537   ev/simsec=307515
     Messages:  created: 5543828   present: 2228   in FES: 159
** Event #4226304   t=120.222358165477   Elapsed: 104.534s (1m 44s)  24% completed  (12% total)
     Speed:     ev/sec=44904.8   simsec/sec=0.141622   ev/simsec=317075
     Messages:  created: 5667268   present: 2348   in FES: 185
** Event #4315648   t=120.532550016785   Elapsed: 106.54s (1m 46s)  24% completed  (12% total)
     Speed:     ev/sec=44527.5   simsec/sec=0.154594   ev/simsec=288028
     Messages:  created: 5790586   present: 2238   in FES: 154
** Event #4400640   t=120.953553776744   Elapsed: 108.541s (1m 48s)  24% completed  (12% total)
     Speed:     ev/sec=42485.6   simsec/sec=0.210451   ev/simsec=201879
     Messages:  created: 5907957   present: 2200   in FES: 137
** Event #4481024   t=121.295725779955   Elapsed: 110.546s (1m 50s)  24% completed  (12% total)
     Speed:     ev/sec=40090.4   simsec/sec=0.170653   ev/simsec=234923
     Messages:  created: 6018204   present: 2211   in FES: 138
** Event #4577536   t=121.751221072083   Elapsed: 112.546s (1m 52s)  24% completed  (12% total)
     Speed:     ev/sec=48236.5   simsec/sec=0.227656   ev/simsec=211884
     Messages:  created: 6151558   present: 2295   in FES: 162
** Event #4669184   t=122.180239317082   Elapsed: 114.552s (1m 54s)  24% completed  (12% total)
     Speed:     ev/sec=45693.2   simsec/sec=0.213897   ev/simsec=213623
     Messages:  created: 6277377   present: 2285   in FES: 149
** Event #4751616   t=122.540135370214   Elapsed: 116.562s (1m 56s)  24% completed  (12% total)
     Speed:     ev/sec=41023.4   simsec/sec=0.179107   ev/simsec=229044
     Messages:  created: 6391197   present: 2449   in FES: 185
** Event #4832256   t=122.95405861671   Elapsed: 118.563s (1m 58s)  24% completed  (12% total)
     Speed:     ev/sec=40295.4   simsec/sec=0.206835   ev/simsec=194819
     Messages:  created: 6502438   present: 2335   in FES: 139
** Event #4915968   t=123.308114040302   Elapsed: 120.575s (2m 00s)  24% completed  (12% total)
     Speed:     ev/sec=41595.2   simsec/sec=0.175925   ev/simsec=236438
     Messages:  created: 6617153   present: 2461   in FES: 180
** Event #4996352   t=123.713268072781   Elapsed: 122.578s (2m 02s)  24% completed  (12% total)
     Speed:     ev/sec=40140.3   simsec/sec=0.202317   ev/simsec=198404
     Messages:  created: 6728059   present: 2385   in FES: 156
** Event #5080832   t=124.080513991915   Elapsed: 124.58s (2m 04s)  24% completed  (12% total)
     Speed:     ev/sec=42204.1   simsec/sec=0.183467   ev/simsec=230037
     Messages:  created: 6844046   present: 2390   in FES: 156
** Event #5153024   t=124.448935788077   Elapsed: 126.582s (2m 06s)  24% completed  (12% total)
     Speed:     ev/sec=36059.5   simsec/sec=0.184024   ev/simsec=195949
     Messages:  created: 6943575   present: 2412   in FES: 152
** Event #5253632   t=124.933875131517   Elapsed: 128.586s (2m 08s)  24% completed  (12% total)
     Speed:     ev/sec=50190.1   simsec/sec=0.241921   ev/simsec=207465
     Messages:  created: 7082409   present: 2409   in FES: 145
** Event #5354752   t=125.311844530511   Elapsed: 130.588s (2m 10s)  25% completed  (12% total)
     Speed:     ev/sec=50511.7   simsec/sec=0.188804   ev/simsec=267535
     Messages:  created: 7221386   present: 2431   in FES: 131
** Event #5452800   t=125.784182091383   Elapsed: 132.59s (2m 12s)  25% completed  (12% total)
     Speed:     ev/sec=48989.1   simsec/sec=0.236001   ev/simsec=207580
     Messages:  created: 7356699   present: 2464   in FES: 151
** Event #5549056   t=126.229539506172   Elapsed: 134.595s (2m 14s)  25% completed  (12% total)
     Speed:     ev/sec=47993.6   simsec/sec=0.222057   ev/simsec=216132
     Messages:  created: 7488656   present: 2451   in FES: 125
** Event #5639936   t=126.633493231491   Elapsed: 136.598s (2m 16s)  25% completed  (12% total)
     Speed:     ev/sec=45365.7   simsec/sec=0.201647   ev/simsec=224976
     Messages:  created: 7614068   present: 2517   in FES: 152
** Event #5725184   t=126.975413042175   Elapsed: 138.671s (2m 18s)  25% completed  (12% total)
     Speed:     ev/sec=41123   simsec/sec=0.16494   ev/simsec=249322
     Messages:  created: 7731983   present: 2659   in FES: 188
** Event #5832192   t=127.462091263071   Elapsed: 140.674s (2m 20s)  25% completed  (12% total)
     Speed:     ev/sec=53435.7   simsec/sec=0.243029   ev/simsec=219874
     Messages:  created: 7878705   present: 2501   in FES: 125
** Event #5926912   t=127.910072382536   Elapsed: 142.675s (2m 22s)  25% completed  (12% total)
     Speed:     ev/sec=47341   simsec/sec=0.223901   ev/simsec=211437
     Messages:  created: 8009396   present: 2498   in FES: 138
** Event #6029824   t=128.324324359448   Elapsed: 144.739s (2m 24s)  25% completed  (12% total)
     Speed:     ev/sec=49861.4   simsec/sec=0.200707   ev/simsec=248429
     Messages:  created: 8150614   present: 2647   in FES: 157
** Event #6131200   t=128.739034071157   Elapsed: 146.742s (2m 26s)  25% completed  (12% total)
     Speed:     ev/sec=50603.5   simsec/sec=0.207009   ev/simsec=244451
     Messages:  created: 8290554   present: 2658   in FES: 165
** Event #6225664   t=129.044990362559   Elapsed: 148.746s (2m 28s)  25% completed  (12% total)
     Speed:     ev/sec=47150.6   simsec/sec=0.152714   ev/simsec=308750
     Messages:  created: 8421041   present: 2703   in FES: 163
** Event #6315776   t=129.331214421466   Elapsed: 150.748s (2m 30s)  25% completed  (12% total)
     Speed:     ev/sec=45011.1   simsec/sec=0.14297   ev/simsec=314830
     Messages:  created: 8545600   present: 2671   in FES: 151
** Event #6398720   t=129.56918563817   Elapsed: 152.748s (2m 32s)  25% completed  (12% total)
     Speed:     ev/sec=41455.7   simsec/sec=0.118939   ev/simsec=348546
     Messages:  created: 8660713   present: 2629   in FES: 134
** Event #6495488   t=129.8285321019   Elapsed: 154.75s (2m 34s)  25% completed  (12% total)
     Speed:     ev/sec=48342.6   simsec/sec=0.129562   ev/simsec=373122
     Messages:  created: 8795254   present: 2807   in FES: 165
** Event #6581248   t=130.065018587967   Elapsed: 156.754s (2m 36s)  26% completed  (13% total)
     Speed:     ev/sec=42784.5   simsec/sec=0.11798   ev/simsec=362642
     Messages:  created: 8914196   present: 2713   in FES: 156
** Event #6661376   t=130.259189298169   Elapsed: 158.758s (2m 38s)  26% completed  (13% total)
     Speed:     ev/sec=39984.9   simsec/sec=0.0968937   ev/simsec=412668
     Messages:  created: 9025891   present: 2745   in FES: 154
** Event #6740992   t=130.456521838527   Elapsed: 160.763s (2m 40s)  26% completed  (13% total)
     Speed:     ev/sec=39722.3   simsec/sec=0.098454   ev/simsec=403461
     Messages:  created: 9137492   present: 2846   in FES: 185
** Event #6839552   t=130.695133647664   Elapsed: 162.765s (2m 42s)  26% completed  (13% total)
     Speed:     ev/sec=49229.6   simsec/sec=0.119184   ev/simsec=413056
     Messages:  created: 9274861   present: 2764   in FES: 155
** Event #6935040   t=130.929574201929   Elapsed: 164.768s (2m 44s)  26% completed  (13% total)
     Speed:     ev/sec=47676.7   simsec/sec=0.117055   ev/simsec=407302
     Messages:  created: 9408107   present: 2771   in FES: 144
** Event #7021312   t=131.163922689849   Elapsed: 166.77s (2m 46s)  26% completed  (13% total)
     Speed:     ev/sec=43093.6   simsec/sec=0.117059   ev/simsec=368136
     Messages:  created: 9527131   present: 2730   in FES: 140
** Event #7112448   t=131.477049186136   Elapsed: 168.775s (2m 48s)  26% completed  (13% total)
     Speed:     ev/sec=45438.3   simsec/sec=0.156117   ev/simsec=291052
     Messages:  created: 9652956   present: 2709   in FES: 129
** Event #7196160   t=131.792300566592   Elapsed: 170.779s (2m 50s)  26% completed  (13% total)
     Speed:     ev/sec=41778.2   simsec/sec=0.157333   ev/simsec=265540
     Messages:  created: 9768850   present: 2751   in FES: 136
** Event #7286784   t=132.031032858574   Elapsed: 172.78s (2m 52s)  26% completed  (13% total)
     Speed:     ev/sec=45279.7   simsec/sec=0.119281   ev/simsec=379605
     Messages:  created: 9895120   present: 2791   in FES: 157
** Event #7365376   t=132.252709782344   Elapsed: 174.836s (2m 54s)  26% completed  (13% total)
     Speed:     ev/sec=38240.8   simsec/sec=0.107862   ev/simsec=354534
     Messages:  created: 10003911   present: 2762   in FES: 143
** Event #7463680   t=132.533269791154   Elapsed: 176.837s (2m 56s)  26% completed  (13% total)
     Speed:     ev/sec=49107.5   simsec/sec=0.140153   ev/simsec=350385
     Messages:  created: 10141110   present: 2822   in FES: 155
** Event #7571968   t=132.825418876538   Elapsed: 178.838s (2m 58s)  26% completed  (13% total)
     Speed:     ev/sec=54118.9   simsec/sec=0.146007   ev/simsec=370660
     Messages:  created: 10292244   present: 2973   in FES: 186
** Event #7662336   t=133.071705992025   Elapsed: 180.845s (3m 00s)  26% completed  (13% total)
     Speed:     ev/sec=45026.9   simsec/sec=0.122715   ev/simsec=366921
     Messages:  created: 10417592   present: 2943   in FES: 180
** Event #7744000   t=133.332534994893   Elapsed: 182.85s (3m 02s)  26% completed  (13% total)
     Speed:     ev/sec=40728.9   simsec/sec=0.130085   ev/simsec=313094
     Messages:  created: 10530839   present: 2891   in FES: 140
** Event #7837184   t=133.69291341824   Elapsed: 184.857s (3m 04s)  26% completed  (13% total)
     Speed:     ev/sec=46448.2   simsec/sec=0.179633   ev/simsec=258573
     Messages:  created: 10660073   present: 2891   in FES: 154
** Event #7932160   t=133.996234674811   Elapsed: 186.858s (3m 06s)  26% completed  (13% total)
     Speed:     ev/sec=47460.8   simsec/sec=0.151574   ev/simsec=313120
     Messages:  created: 10791494   present: 2926   in FES: 157
** Event #8033792   t=134.277124422938   Elapsed: 188.862s (3m 08s)  26% completed  (13% total)
     Speed:     ev/sec=50701.2   simsec/sec=0.140128   ev/simsec=361822
     Messages:  created: 10931536   present: 2933   in FES: 168
** Event #8134144   t=134.57892836605   Elapsed: 190.864s (3m 10s)  26% completed  (13% total)
     Speed:     ev/sec=50126.4   simsec/sec=0.150753   ev/simsec=332507
     Messages:  created: 11070618   present: 2991   in FES: 156
** Event #8232192   t=134.880309065236   Elapsed: 192.865s (3m 12s)  26% completed  (13% total)
     Speed:     ev/sec=49005.6   simsec/sec=0.150634   ev/simsec=325329
     Messages:  created: 11206603   present: 2900   in FES: 136
** Event #8318464   t=135.120664131529   Elapsed: 194.873s (3m 14s)  27% completed  (13% total)
     Speed:     ev/sec=42972.3   simsec/sec=0.119721   ev/simsec=358936
     Messages:  created: 11325331   present: 3082   in FES: 192
** Event #8393984   t=135.328144237102   Elapsed: 196.875s (3m 16s)  27% completed  (13% total)
     Speed:     ev/sec=37723.9   simsec/sec=0.103641   ev/simsec=363987
     Messages:  created: 11430534   present: 3108   in FES: 186
** Event #8485632   t=135.592035845971   Elapsed: 198.879s (3m 18s)  27% completed  (13% total)
     Speed:     ev/sec=45730.3   simsec/sec=0.131676   ev/simsec=347294
     Messages:  created: 11558165   present: 3111   in FES: 188
** Event #8569344   t=135.838130385755   Elapsed: 200.882s (3m 20s)  27% completed  (13% total)
     Speed:     ev/sec=41794.6   simsec/sec=0.122867   ev/simsec=340162
     Messages:  created: 11674655   present: 3040   in FES: 153
** Event #8661248   t=136.118885426007   Elapsed: 202.884s (3m 22s)  27% completed  (13% total)
     Speed:     ev/sec=45884.8   simsec/sec=0.140172   ev/simsec=327346
     Messages:  created: 11801727   present: 2995   in FES: 156
** Event #8736768   t=136.455501072297   Elapsed: 204.885s (3m 24s)  27% completed  (13% total)
     Speed:     ev/sec=37756.1   simsec/sec=0.16829   ev/simsec=224351
     Messages:  created: 11906000   present: 3005   in FES: 163
** Event #8826112   t=136.830320317137   Elapsed: 206.888s (3m 26s)  27% completed  (13% total)
     Speed:     ev/sec=44599.8   simsec/sec=0.187107   ev/simsec=238366
     Messages:  created: 12029397   present: 3040   in FES: 166
** Event #8930048   t=137.236027491092   Elapsed: 208.894s (3m 28s)  27% completed  (13% total)
     Speed:     ev/sec=51821.2   simsec/sec=0.20228   ev/simsec=256185
     Messages:  created: 12172101   present: 2985   in FES: 129
** Event #9022976   t=137.677348575119   Elapsed: 210.997s (3m 30s)  27% completed  (13% total)
     Speed:     ev/sec=44188.1   simsec/sec=0.209852   ev/simsec=210568
     Messages:  created: 12300411   present: 3087   in FES: 163
** Event #9124096   t=138.093983576976   Elapsed: 213s (3m 32s)  27% completed  (13% total)
     Speed:     ev/sec=50485.3   simsec/sec=0.20801   ev/simsec=242706
     Messages:  created: 12439205   present: 3051   in FES: 145
** Event #9227264   t=138.575202883679   Elapsed: 215s (3m 35s)  27% completed  (13% total)
     Speed:     ev/sec=51571.1   simsec/sec=0.24055   ev/simsec=214389
     Messages:  created: 12581520   present: 3117   in FES: 157
** Event #9327104   t=139.042777873211   Elapsed: 217.002s (3m 37s)  27% completed  (13% total)
     Speed:     ev/sec=49864.2   simsec/sec=0.233526   ev/simsec=213527
     Messages:  created: 12718891   present: 3148   in FES: 166
** Event #9421824   t=139.492950285991   Elapsed: 219.005s (3m 39s)  27% completed  (13% total)
     Speed:     ev/sec=47287.4   simsec/sec=0.224741   ev/simsec=210408
     Messages:  created: 12849358   present: 3163   in FES: 154
** Event #9525248   t=139.988586694017   Elapsed: 221.009s (3m 41s)  27% completed  (13% total)
     Speed:     ev/sec=51629.5   simsec/sec=0.247423   ev/simsec=208669
     Messages:  created: 12992246   present: 3187   in FES: 166
** Event #9619456   t=140.441080704425   Elapsed: 223.012s (3m 43s)  28% completed  (14% total)
     Speed:     ev/sec=47014.3   simsec/sec=0.225816   ev/simsec=208197
     Messages:  created: 13121471   present: 3196   in FES: 147
** Event #9706752   t=140.812737600324   Elapsed: 225.013s (3m 45s)  28% completed  (14% total)
     Speed:     ev/sec=43630.7   simsec/sec=0.185755   ev/simsec=234883
     Messages:  created: 13241972   present: 3188   in FES: 150
** Event #9792000   t=141.19213379918   Elapsed: 227.016s (3m 47s)  28% completed  (14% total)
     Speed:     ev/sec=42558.9   simsec/sec=0.189408   ev/simsec=224694
     Messages:  created: 13358887   present: 3236   in FES: 155
** Event #9876224   t=141.550698398355   Elapsed: 229.018s (3m 49s)  28% completed  (14% total)
     Speed:     ev/sec=42065.2   simsec/sec=0.179083   ev/simsec=234892
     Messages:  created: 13475084   present: 3247   in FES: 154
** Event #9960448   t=141.95518008309   Elapsed: 231.106s (3m 51s)  28% completed  (14% total)
     Speed:     ev/sec=40343   simsec/sec=0.193745   ev/simsec=208227
     Messages:  created: 13591337   present: 3274   in FES: 154
** Event #10057472   t=142.315546836705   Elapsed: 233.111s (3m 53s)  28% completed  (14% total)
     Speed:     ev/sec=48405.8   simsec/sec=0.179789   ev/simsec=269237
     Messages:  created: 13724373   present: 3273   in FES: 155
** Event #10147328   t=142.640685331853   Elapsed: 235.117s (3m 55s)  28% completed  (14% total)
     Speed:     ev/sec=44785.4   simsec/sec=0.162053   ev/simsec=276362
     Messages:  created: 13848397   present: 3318   in FES: 153
** Event #10230528   t=142.945288379341   Elapsed: 237.124s (3m 57s)  28% completed  (14% total)
     Speed:     ev/sec=41445.4   simsec/sec=0.151736   ev/simsec=273142
     Messages:  created: 13963197   present: 3258   in FES: 137
** Event #10305280   t=143.175739024558   Elapsed: 239.125s (3m 59s)  28% completed  (14% total)
     Speed:     ev/sec=37373.5   simsec/sec=0.115218   ev/simsec=324373
     Messages:  created: 14065873   present: 3305   in FES: 137
** Event #10392320   t=143.45002534818   Elapsed: 241.129s (4m 01s)  28% completed  (14% total)
     Speed:     ev/sec=43430   simsec/sec=0.136859   ev/simsec=317333
     Messages:  created: 14186421   present: 3287   in FES: 144
** Event #10477056   t=143.714128811631   Elapsed: 243.134s (4m 03s)  28% completed  (14% total)
     Speed:     ev/sec=42259.7   simsec/sec=0.131714   ev/simsec=320844
     Messages:  created: 14303917   present: 3347   in FES: 149
** Event #10562304   t=143.980228504031   Elapsed: 245.195s (4m 05s)  28% completed  (14% total)
     Speed:     ev/sec=41367.4   simsec/sec=0.129127   ev/simsec=320361
     Messages:  created: 14422016   present: 3336   in FES: 147
** Event #10653440   t=144.308636876245   Elapsed: 247.201s (4m 07s)  28% completed  (14% total)
     Speed:     ev/sec=45419.4   simsec/sec=0.163669   ev/simsec=277508
     Messages:  created: 14547110   present: 3400   in FES: 153
** Event #10754816   t=144.741955126308   Elapsed: 249.201s (4m 09s)  28% completed  (14% total)
     Speed:     ev/sec=50682.5   simsec/sec=0.216635   ev/simsec=233953
     Messages:  created: 14687044   present: 3320   in FES: 128
** Event #10842624   t=145.092399955916   Elapsed: 251.213s (4m 11s)  29% completed  (14% total)
     Speed:     ev/sec=43650   simsec/sec=0.174209   ev/simsec=250562
     Messages:  created: 14807687   present: 3432   in FES: 154
** Event #10925312   t=145.457493470509   Elapsed: 253.214s (4m 13s)  29% completed  (14% total)
     Speed:     ev/sec=41320.8   simsec/sec=0.182444   ev/simsec=226484
     Messages:  created: 14921964   present: 3428   in FES: 149
** Event #11013120   t=145.809277761394   Elapsed: 255.218s (4m 15s)  29% completed  (14% total)
     Speed:     ev/sec=43807.1   simsec/sec=0.175504   ev/simsec=249608
     Messages:  created: 15043407   present: 3466   in FES: 156
** Event #11100672   t=146.178673418451   Elapsed: 257.225s (4m 17s)  29% completed  (14% total)
     Speed:     ev/sec=43643.8   simsec/sec=0.18414   ev/simsec=237014
     Messages:  created: 15163719   present: 3444   in FES: 150
** Event #11183104   t=146.539078900812   Elapsed: 259.23s (4m 19s)  29% completed  (14% total)
     Speed:     ev/sec=41113.4   simsec/sec=0.179754   ev/simsec=228720
     Messages:  created: 15277507   present: 3474   in FES: 155
** Event #11276032   t=146.909934709275   Elapsed: 261.231s (4m 21s)  29% completed  (14% total)
     Speed:     ev/sec=46428.9   simsec/sec=0.185288   ev/simsec=250577
     Messages:  created: 15405308   present: 3406   in FES: 137
** Event #11365888   t=147.201285752002   Elapsed: 263.234s (4m 23s)  29% completed  (14% total)
     Speed:     ev/sec=44869.5   simsec/sec=0.145486   ev/simsec=308411
     Messages:  created: 15528640   present: 3547   in FES: 154
** Event #11445504   t=147.513876631241   Elapsed: 265.238s (4m 25s)  29% completed  (14% total)
     Speed:     ev/sec=39719.8   simsec/sec=0.155949   ev/simsec=254697
     Messages:  created: 15638420   present: 3465   in FES: 156
** Event #11535872   t=147.836452250581   Elapsed: 267.239s (4m 27s)  29% completed  (14% total)
     Speed:     ev/sec=45165.8   simsec/sec=0.161223   ev/simsec=280145
     Messages:  created: 15763407   present: 3590   in FES: 160
** Event #11629056   t=148.16362828164   Elapsed: 269.24s (4m 29s)  29% completed  (14% total)
     Speed:     ev/sec=46556.4   simsec/sec=0.163463   ev/simsec=284813
     Messages:  created: 15891336   present: 3620   in FES: 194
** Event #11722240   t=148.591872228757   Elapsed: 271.245s (4m 31s)  29% completed  (14% total)
     Speed:     ev/sec=46482.9   simsec/sec=0.21362   ev/simsec=217596
     Messages:  created: 16020013   present: 3613   in FES: 158
** Event #11807744   t=149.033982572353   Elapsed: 273.25s (4m 33s)  29% completed  (14% total)
     Speed:     ev/sec=42649.9   simsec/sec=0.220527   ev/simsec=193400
     Messages:  created: 16137542   present: 3633   in FES: 158
** Event #11920128   t=149.576340788697   Elapsed: 275.251s (4m 35s)  29% completed  (14% total)
     Speed:     ev/sec=56156.8   simsec/sec=0.271009   ev/simsec=207214
     Messages:  created: 16292168   present: 3651   in FES: 161
** Event #12035584   t=150.200078909742   Elapsed: 277.254s (4m 37s)  30% completed  (15% total)
     Speed:     ev/sec=57647.7   simsec/sec=0.311435   ev/simsec=185103
     Messages:  created: 16450438   present: 3619   in FES: 146
** Event #12140288   t=150.683145446824   Elapsed: 279.258s (4m 39s)  30% completed  (15% total)
     Speed:     ev/sec=52246.5   simsec/sec=0.241046   ev/simsec=216749
     Messages:  created: 16594968   present: 3686   in FES: 157
** Event #12253184   t=151.212372104009   Elapsed: 281.26s (4m 41s)  30% completed  (15% total)
     Speed:     ev/sec=56381.8   simsec/sec=0.264303   ev/simsec=213323
     Messages:  created: 16749739   present: 3648   in FES: 126
** Event #12359424   t=151.807502960043   Elapsed: 283.264s (4m 43s)  30% completed  (15% total)
     Speed:     ev/sec=53024.2   simsec/sec=0.297029   ev/simsec=178515
     Messages:  created: 16896368   present: 3766   in FES: 168
** Event #12477696   t=152.451311427194   Elapsed: 285.266s (4m 45s)  30% completed  (15% total)
     Speed:     ev/sec=59077   simsec/sec=0.321583   ev/simsec=183707
     Messages:  created: 17058540   present: 3809   in FES: 165
** Event #12593920   t=153.046510468237   Elapsed: 287.27s (4m 47s)  30% completed  (15% total)
     Speed:     ev/sec=58005.8   simsec/sec=0.297056   ev/simsec=195269
     Messages:  created: 17218274   present: 3818   in FES: 164
** Event #12685312   t=153.539269545432   Elapsed: 289.272s (4m 49s)  30% completed  (15% total)
     Speed:     ev/sec=45635.5   simsec/sec=0.246053   ev/simsec=185470
     Messages:  created: 17343693   present: 3829   in FES: 157
** Event #12792576   t=154.163767520928   Elapsed: 291.273s (4m 51s)  30% completed  (15% total)
     Speed:     ev/sec=53606.5   simsec/sec=0.3121   ev/simsec=171760
     Messages:  created: 17490711   present: 3824   in FES: 156
** Event #12901376   t=154.771228396122   Elapsed: 293.277s (4m 53s)  30% completed  (15% total)
     Speed:     ev/sec=54303.2   simsec/sec=0.30319   ev/simsec=179106
     Messages:  created: 17640451   present: 3898   in FES: 162
** Event #12998656   t=155.249576802926   Elapsed: 295.281s (4m 55s)  31% completed  (15% total)
     Speed:     ev/sec=48535.1   simsec/sec=0.238658   ev/simsec=203366
     Messages:  created: 17773593   present: 3871   in FES: 156
** Event #13107712   t=155.698989116068   Elapsed: 297.283s (4m 57s)  31% completed  (15% total)
     Speed:     ev/sec=54463.3   simsec/sec=0.224439   ev/simsec=242664
     Messages:  created: 17923835   present: 3943   in FES: 148
** Event #13221376   t=156.169419769474   Elapsed: 299.285s (4m 59s)  31% completed  (15% total)
     Speed:     ev/sec=56792.9   simsec/sec=0.235053   ev/simsec=241617
     Messages:  created: 18079825   present: 3954   in FES: 154
** Event #13316096   t=156.587622211606   Elapsed: 301.286s (5m 01s)  31% completed  (15% total)
     Speed:     ev/sec=47323.7   simsec/sec=0.208941   ev/simsec=226493
     Messages:  created: 18210475   present: 3933   in FES: 127
** Event #13432320   t=157.184122701537   Elapsed: 303.29s (5m 03s)  31% completed  (15% total)
     Speed:     ev/sec=58018.2   simsec/sec=0.297769   ev/simsec=194843
     Messages:  created: 18370120   present: 4007   in FES: 148
** Event #13548032   t=157.731603362473   Elapsed: 305.292s (5m 05s)  31% completed  (15% total)
     Speed:     ev/sec=57787.3   simsec/sec=0.273415   ev/simsec=211354
     Messages:  created: 18529777   present: 4029   in FES: 155
** Event #13653504   t=158.273893976145   Elapsed: 307.296s (5m 07s)  31% completed  (15% total)
     Speed:     ev/sec=52628.9   simsec/sec=0.270595   ev/simsec=194494
     Messages:  created: 18674578   present: 4109   in FES: 164
** Event #13771264   t=158.820593186224   Elapsed: 309.297s (5m 09s)  31% completed  (15% total)
     Speed:     ev/sec=58858.3   simsec/sec=0.273249   ev/simsec=215402
     Messages:  created: 18836876   present: 4131   in FES: 167
** Event #13875456   t=159.342512814674   Elapsed: 311.301s (5m 11s)  31% completed  (15% total)
     Speed:     ev/sec=51993.9   simsec/sec=0.260448   ev/simsec=199632
     Messages:  created: 18979814   present: 4157   in FES: 156
** Event #13980416   t=159.74632000991   Elapsed: 313.303s (5m 13s)  31% completed  (15% total)
     Speed:     ev/sec=52410.4   simsec/sec=0.201636   ev/simsec=259926
     Messages:  created: 19124720   present: 4141   in FES: 164
** Event #14099200   t=160.165630815929   Elapsed: 315.304s (5m 15s)  32% completed  (16% total)
     Speed:     ev/sec=59366.7   simsec/sec=0.209566   ev/simsec=283284
     Messages:  created: 19288054   present: 4222   in FES: 161
** Event #14207488   t=160.550878390603   Elapsed: 317.306s (5m 17s)  32% completed  (16% total)
     Speed:     ev/sec=54084.2   simsec/sec=0.192411   ev/simsec=281087
     Messages:  created: 19437645   present: 4203   in FES: 154
** Event #14326272   t=161.031236334349   Elapsed: 319.311s (5m 19s)  32% completed  (16% total)
     Speed:     ev/sec=59246.5   simsec/sec=0.239591   ev/simsec=247282
     Messages:  created: 19601493   present: 4233   in FES: 155
** Event #14437888   t=161.408771584931   Elapsed: 321.313s (5m 21s)  32% completed  (16% total)
     Speed:     ev/sec=55756.4   simsec/sec=0.188593   ev/simsec=295644
     Messages:  created: 19755172   present: 4240   in FES: 153
** Event #14545664   t=161.737336542493   Elapsed: 323.316s (5m 23s)  32% completed  (16% total)
     Speed:     ev/sec=53802.7   simsec/sec=0.164022   ev/simsec=328020
     Messages:  created: 19904103   present: 4299   in FES: 168
** Event #14664448   t=162.101932853862   Elapsed: 325.317s (5m 25s)  32% completed  (16% total)
     Speed:     ev/sec=59368.2   simsec/sec=0.182225   ev/simsec=325796
     Messages:  created: 20067412   present: 4311   in FES: 164
** Event #14779648   t=162.467278178019   Elapsed: 327.319s (5m 27s)  32% completed  (16% total)
     Speed:     ev/sec=57536.3   simsec/sec=0.182471   ev/simsec=315318
     Messages:  created: 20226523   present: 4239   in FES: 134
** Event #14878464   t=162.782170958012   Elapsed: 329.324s (5m 29s)  32% completed  (16% total)
     Speed:     ev/sec=49302.9   simsec/sec=0.157111   ev/simsec=313808
     Messages:  created: 20362885   present: 4342   in FES: 165
** Event #14989312   t=163.126639674989   Elapsed: 331.327s (5m 31s)  32% completed  (16% total)
     Speed:     ev/sec=55323.7   simsec/sec=0.171923   ev/simsec=321794
     Messages:  created: 20515422   present: 4340   in FES: 155
** Event #15103488   t=163.49407785004   Elapsed: 333.329s (5m 33s)  32% completed  (16% total)
     Speed:     ev/sec=57052.3   simsec/sec=0.183604   ev/simsec=310735
     Messages:  created: 20673203   present: 4371   in FES: 157
** Event #15208960   t=163.819535836538   Elapsed: 335.329s (5m 35s)  32% completed  (16% total)
     Speed:     ev/sec=52727.5   simsec/sec=0.162703   ev/simsec=324073
     Messages:  created: 20818974   present: 4388   in FES: 159
** Event #15321856   t=164.209581576482   Elapsed: 337.332s (5m 37s)  32% completed  (16% total)
     Speed:     ev/sec=56368.2   simsec/sec=0.194747   ev/simsec=289443
     Messages:  created: 20974133   present: 4419   in FES: 154
** Event #15435008   t=164.572086022423   Elapsed: 339.43s (5m 39s)  32% completed  (16% total)
     Speed:     ev/sec=53923   simsec/sec=0.172753   ev/simsec=312140
     Messages:  created: 21130532   present: 4416   in FES: 155
** Event #15550976   t=165.007173047742   Elapsed: 341.433s (5m 41s)  33% completed  (16% total)
     Speed:     ev/sec=57889.6   simsec/sec=0.217189   ev/simsec=266540
     Messages:  created: 21290846   present: 4448   in FES: 158
** Event #15667456   t=165.411753277682   Elapsed: 343.435s (5m 43s)  33% completed  (16% total)
     Speed:     ev/sec=58193.4   simsec/sec=0.202128   ev/simsec=287903
     Messages:  created: 21451325   present: 4437   in FES: 156
** Event #15765248   t=165.756280643015   Elapsed: 345.438s (5m 45s)  33% completed  (16% total)
     Speed:     ev/sec=48814.1   simsec/sec=0.171975   ev/simsec=283844
     Messages:  created: 21586053   present: 4623   in FES: 195
** Event #15875840   t=166.067299812229   Elapsed: 347.442s (5m 47s)  33% completed  (16% total)
     Speed:     ev/sec=55181.9   simsec/sec=0.155189   ev/simsec=355579
     Messages:  created: 21738235   present: 4644   in FES: 196
** Event #15991296   t=166.423767682264   Elapsed: 349.445s (5m 49s)  33% completed  (16% total)
     Speed:     ev/sec=57644.8   simsec/sec=0.177977   ev/simsec=323889
     Messages:  created: 21897111   present: 4548   in FES: 161
** Event #16086528   t=166.710509657275   Elapsed: 351.451s (5m 51s)  33% completed  (16% total)
     Speed:     ev/sec=47493.1   simsec/sec=0.143001   ev/simsec=332117
     Messages:  created: 22028714   present: 4546   in FES: 158
** Event #16205824   t=167.0621917304   Elapsed: 353.451s (5m 53s)  33% completed  (16% total)
     Speed:     ev/sec=59647   simsec/sec=0.175838   ev/simsec=339215
     Messages:  created: 22193121   present: 4532   in FES: 153
** Event #16323584   t=167.408773641328   Elapsed: 355.451s (5m 55s)  33% completed  (16% total)
     Speed:     ev/sec=58874.3   simsec/sec=0.173274   ev/simsec=339775
     Messages:  created: 22355832   present: 4564   in FES: 155
** Event #16426496   t=167.703044973909   Elapsed: 357.452s (5m 57s)  33% completed  (16% total)
     Speed:     ev/sec=51415.2   simsec/sec=0.147019   ev/simsec=349718
     Messages:  created: 22498215   present: 4597   in FES: 159
** Event #16535808   t=168.018260855907   Elapsed: 359.456s (5m 59s)  33% completed  (16% total)
     Speed:     ev/sec=54564.4   simsec/sec=0.157344   ev/simsec=346785
     Messages:  created: 22649465   present: 4631   in FES: 166
** Event #16642048   t=168.327158556962   Elapsed: 361.459s (6m 01s)  33% completed  (16% total)
     Speed:     ev/sec=53036.3   simsec/sec=0.154205   ev/simsec=343933
     Messages:  created: 22795841   present: 4542   in FES: 146
** Event #16746240   t=168.632383379576   Elapsed: 363.461s (6m 03s)  33% completed  (16% total)
     Speed:     ev/sec=52050.5   simsec/sec=0.152479   ev/simsec=341361
     Messages:  created: 22940081   present: 4601   in FES: 157
** Event #16842240   t=168.905494938851   Elapsed: 365.464s (6m 05s)  33% completed  (16% total)
     Speed:     ev/sec=47911.7   simsec/sec=0.136305   ev/simsec=351505
     Messages:  created: 23072913   present: 4635   in FES: 158
** Event #16956672   t=169.221019004738   Elapsed: 367.468s (6m 07s)  33% completed  (16% total)
     Speed:     ev/sec=57121.3   simsec/sec=0.157501   ev/simsec=362673
     Messages:  created: 23230691   present: 4608   in FES: 157
** Event #17057024   t=169.482224948765   Elapsed: 369.605s (6m 09s)  33% completed  (16% total)
     Speed:     ev/sec=46943.6   simsec/sec=0.122189   ev/simsec=384187
     Messages:  created: 23369824   present: 4774   in FES: 183
** Event #17160448   t=169.758622787062   Elapsed: 371.606s (6m 11s)  33% completed  (16% total)
     Speed:     ev/sec=51703.9   simsec/sec=0.138177   ev/simsec=374185
     Messages:  created: 23513011   present: 4595   in FES: 148
** Event #17264128   t=170.042247488011   Elapsed: 373.609s (6m 13s)  34% completed  (17% total)
     Speed:     ev/sec=51753.6   simsec/sec=0.141576   ev/simsec=365553
     Messages:  created: 23656151   present: 4676   in FES: 157
** Event #17368064   t=170.332595500784   Elapsed: 375.61s (6m 15s)  34% completed  (17% total)
     Speed:     ev/sec=51943.6   simsec/sec=0.145106   ev/simsec=357970
     Messages:  created: 23799686   present: 4645   in FES: 153
** Event #17484288   t=170.683705149488   Elapsed: 377.614s (6m 17s)  34% completed  (17% total)
     Speed:     ev/sec=58001.7   simsec/sec=0.175221   ev/simsec=331019
     Messages:  created: 23960500   present: 4632   in FES: 150
** Event #17609472   t=171.052046781561   Elapsed: 379.617s (6m 19s)  34% completed  (17% total)
     Speed:     ev/sec=62496.9   simsec/sec=0.183891   ev/simsec=339858
     Messages:  created: 24133551   present: 4702   in FES: 158
** Event #17722112   t=171.414050248945   Elapsed: 381.618s (6m 21s)  34% completed  (17% total)
     Speed:     ev/sec=56285.2   simsec/sec=0.18089   ev/simsec=311157
     Messages:  created: 24289170   present: 4652   in FES: 146
** Event #17837568   t=171.804831997954   Elapsed: 383.621s (6m 23s)  34% completed  (17% total)
     Speed:     ev/sec=57632.2   simsec/sec=0.195067   ev/simsec=295449
     Messages:  created: 24449087   present: 4665   in FES: 139
** Event #17953792   t=172.180604099196   Elapsed: 385.625s (6m 25s)  34% completed  (17% total)
     Speed:     ev/sec=58011.5   simsec/sec=0.187561   ev/simsec=309294
     Messages:  created: 24609328   present: 4701   in FES: 149
** Event #18069504   t=172.531218884533   Elapsed: 387.628s (6m 27s)  34% completed  (17% total)
     Speed:     ev/sec=57762   simsec/sec=0.175022   ev/simsec=330026
     Messages:  created: 24769472   present: 4727   in FES: 150
** Event #18188544   t=172.875080117177   Elapsed: 389.633s (6m 29s)  34% completed  (17% total)
     Speed:     ev/sec=59386.8   simsec/sec=0.171546   ev/simsec=346186
     Messages:  created: 24934042   present: 4761   in FES: 138
** Event #18289920   t=173.154959445613   Elapsed: 391.638s (6m 31s)  34% completed  (17% total)
     Speed:     ev/sec=50544.7   simsec/sec=0.139544   ev/simsec=362213
     Messages:  created: 25073915   present: 4889   in FES: 188
** Event #18403328   t=173.482044619579   Elapsed: 393.641s (6m 33s)  34% completed  (17% total)
     Speed:     ev/sec=56636.8   simsec/sec=0.163349   ev/simsec=346723
     Messages:  created: 25230966   present: 4831   in FES: 174
** Event #18526976   t=173.834763196501   Elapsed: 395.644s (6m 35s)  34% completed  (17% total)
     Speed:     ev/sec=61719.8   simsec/sec=0.176062   ev/simsec=350557
     Messages:  created: 25402010   present: 4867   in FES: 171
** Event #18648832   t=174.22566805746   Elapsed: 397.647s (6m 37s)  34% completed  (17% total)
     Speed:     ev/sec=60825.1   simsec/sec=0.195122   ev/simsec=311728
     Messages:  created: 25570045   present: 4809   in FES: 148
