** Event #0   t=0   Elapsed: 8e-06s (0m 00s)  0% completed  (50% total)
     Speed:     ev/sec=0   simsec/sec=0   ev/simsec=0
     Messages:  created: 418   present: 418   in FES: 66
** Event #72704   t=72.00274251467   Elapsed: 2.00134s (0m 02s)  14% completed  (57% total)
     Speed:     ev/sec=36328.4   simsec/sec=35.9775   ev/simsec=1009.75
     Messages:  created: 62517   present: 426   in FES: 54
** Event #141568   t=110.334936103291   Elapsed: 4.00362s (0m 04s)  22% completed  (61% total)
     Speed:     ev/sec=34392.7   simsec/sec=19.1442   ev/simsec=1796.51
     Messages:  created: 130973   present: 598   in FES: 53
** Event #205568   t=124.146982759281   Elapsed: 6.0101s (0m 06s)  24% completed  (62% total)
     Speed:     ev/sec=31896.6   simsec/sec=6.88371   ev/simsec=4633.64
     Messages:  created: 203209   present: 750   in FES: 50
** Event #271616   t=127.49740909069   Elapsed: 8.01299s (0m 08s)  25% completed  (62% total)
     Speed:     ev/sec=32976.3   simsec/sec=1.6728   ev/simsec=19713.3
     Messages:  created: 283869   present: 877   in FES: 54
** Event #338944   t=129.896882630331   Elapsed: 10.0196s (0m 10s)  25% completed  (62% total)
     Speed:     ev/sec=33552.6   simsec/sec=1.19577   ev/simsec=28059.5
     Messages:  created: 366779   present: 927   in FES: 65
** Event #405760   t=132.137953021628   Elapsed: 12.0246s (0m 12s)  26% completed  (63% total)
     Speed:     ev/sec=33324.6   simsec/sec=1.11774   ev/simsec=29814.3
     Messages:  created: 448968   present: 936   in FES: 54
** Event #468992   t=134.324325433956   Elapsed: 14.0298s (0m 14s)  26% completed  (63% total)
     Speed:     ev/sec=31535.1   simsec/sec=1.09039   ev/simsec=28921
     Messages:  created: 526734   present: 942   in FES: 54
** Event #525312   t=136.388024532285   Elapsed: 16.0349s (0m 16s)  27% completed  (63% total)
     Speed:     ev/sec=28088.2   simsec/sec=1.02922   ev/simsec=27290.8
     Messages:  created: 595915   present: 952   in FES: 46
** Event #590592   t=138.668721456158   Elapsed: 18.0397s (0m 18s)  27% completed  (63% total)
     Speed:     ev/sec=32561.1   simsec/sec=1.13759   ev/simsec=28622.8
     Messages:  created: 676228   present: 993   in FES: 51
** Event #654336   t=140.810136268227   Elapsed: 20.0471s (0m 20s)  28% completed  (64% total)
     Speed:     ev/sec=31755.3   simsec/sec=1.06679   ev/simsec=29767.2
     Messages:  created: 754722   present: 1002   in FES: 47
** Event #718336   t=142.239147640846   Elapsed: 22.0508s (0m 22s)  28% completed  (64% total)
     Speed:     ev/sec=31941.2   simsec/sec=0.713193   ev/simsec=44786.2
     Messages:  created: 833975   present: 1044   in FES: 57
** Event #784128   t=145.471724858124   Elapsed: 24.0547s (0m 24s)  29% completed  (64% total)
     Speed:     ev/sec=32832   simsec/sec=1.61314   ev/simsec=20352.8
     Messages:  created: 914202   present: 1006   in FES: 47
** Event #838656   t=148.171177127848   Elapsed: 26.0645s (0m 26s)  29% completed  (64% total)
     Speed:     ev/sec=27130.1   simsec/sec=1.3431   ev/simsec=20199.7
     Messages:  created: 980748   present: 1073   in FES: 57
** Event #899584   t=151.487302555014   Elapsed: 28.0657s (0m 28s)  30% completed  (65% total)
     Speed:     ev/sec=30445.6   simsec/sec=1.65706   ev/simsec=18373.2
     Messages:  created: 1054925   present: 1137   in FES: 51
** Event #963840   t=153.728298849579   Elapsed: 30.0704s (0m 30s)  30% completed  (65% total)
     Speed:     ev/sec=32054.1   simsec/sec=1.11792   ev/simsec=28673
     Messages:  created: 1134140   present: 1172   in FES: 57
** Event #1027584   t=156.928173923361   Elapsed: 32.0774s (0m 32s)  31% completed  (65% total)
     Speed:     ev/sec=31760.6   simsec/sec=1.59435   ev/simsec=19920.8
     Messages:  created: 1212207   present: 1292   in FES: 65
** Event #1089280   t=158.02799806198   Elapsed: 34.083s (0m 34s)  31% completed  (65% total)
     Speed:     ev/sec=30760.9   simsec/sec=0.548359   ev/simsec=56096.2
     Messages:  created: 1288955   present: 1264   in FES: 54
** Event #1141504   t=159.034610259648   Elapsed: 36.0849s (0m 36s)  31% completed  (65% total)
     Speed:     ev/sec=26087.5   simsec/sec=0.502833   ev/simsec=51881
     Messages:  created: 1353892   present: 1248   in FES: 53
** Event #1203456   t=160.235835282522   Elapsed: 38.0918s (0m 38s)  32% completed  (66% total)
     Speed:     ev/sec=30870   simsec/sec=0.598556   ev/simsec=51574
     Messages:  created: 1430998   present: 1284   in FES: 54
** Event #1265408   t=161.663919961104   Elapsed: 40.0989s (0m 40s)  32% completed  (66% total)
     Speed:     ev/sec=30866.5   simsec/sec=0.711519   ev/simsec=43381.2
     Messages:  created: 1507828   present: 1297   in FES: 46
** Event #1328128   t=163.034556072508   Elapsed: 42.099s (0m 42s)  32% completed  (66% total)
     Speed:     ev/sec=31358.8   simsec/sec=0.685291   ev/simsec=45759.8
     Messages:  created: 1585632   present: 1253   in FES: 45
** Event #1389824   t=164.434853158029   Elapsed: 44.1062s (0m 44s)  32% completed  (66% total)
     Speed:     ev/sec=30736.1   simsec/sec=0.697609   ev/simsec=44059.2
     Messages:  created: 1662136   present: 1366   in FES: 58
** Event #1444096   t=165.662670089365   Elapsed: 46.1097s (0m 46s)  33% completed  (66% total)
     Speed:     ev/sec=27089.6   simsec/sec=0.61286   ev/simsec=44202
     Messages:  created: 1729517   present: 1358   in FES: 44
** Event #1504000   t=166.982050373395   Elapsed: 48.1111s (0m 48s)  33% completed  (66% total)
     Speed:     ev/sec=29929.8   simsec/sec=0.659201   ev/simsec=45403.1
     Messages:  created: 1803964   present: 1394   in FES: 56
** Event #1566464   t=168.250618053853   Elapsed: 50.1131s (0m 50s)  33% completed  (66% total)
     Speed:     ev/sec=31201.6   simsec/sec=0.633667   ev/simsec=49239.8
     Messages:  created: 1881439   present: 1430   in FES: 58
** Event #1628416   t=169.423050122924   Elapsed: 52.1155s (0m 52s)  33% completed  (66% total)
     Speed:     ev/sec=30939.5   simsec/sec=0.585525   ev/simsec=52840.6
     Messages:  created: 1958529   present: 1450   in FES: 59
** Event #1694976   t=170.66871590439   Elapsed: 54.1185s (0m 54s)  34% completed  (67% total)
     Speed:     ev/sec=33228.6   simsec/sec=0.621871   ev/simsec=53433.3
     Messages:  created: 2041443   present: 1475   in FES: 58
** Event #1751552   t=172.437273212817   Elapsed: 56.1257s (0m 56s)  34% completed  (67% total)
     Speed:     ev/sec=28187.4   simsec/sec=0.881133   ev/simsec=31989.9
     Messages:  created: 2111298   present: 1487   in FES: 57
** Event #1814784   t=175.436265412558   Elapsed: 58.1262s (0m 58s)  35% completed  (67% total)
     Speed:     ev/sec=31607.6   simsec/sec=1.4991   ev/simsec=21084.4
     Messages:  created: 2188747   present: 1536   in FES: 56
** Event #1880320   t=178.668420916127   Elapsed: 60.1266s (1m 00s)  35% completed  (67% total)
     Speed:     ev/sec=32761.5   simsec/sec=1.61576   ev/simsec=20276.3
     Messages:  created: 2268874   present: 1526   in FES: 54
** Event #1945088   t=195.888397065746   Elapsed: 62.1339s (1m 02s)  39% completed  (69% total)
     Speed:     ev/sec=32267.1   simsec/sec=8.57891   ev/simsec=3761.21
     Messages:  created: 2339481   present: 1883   in FES: 42
** Event #2012160   t=204.743755079336   Elapsed: 64.1346s (1m 04s)  40% completed  (70% total)
     Speed:     ev/sec=33523.7   simsec/sec=4.42606   ev/simsec=7574.17
     Messages:  created: 2418345   present: 2196   in FES: 55
** Event #2070784   t=208.014188402317   Elapsed: 66.135s (1m 06s)  41% completed  (70% total)
     Speed:     ev/sec=29306.2   simsec/sec=1.63489   ev/simsec=17925.5
     Messages:  created: 2490001   present: 2287   in FES: 44
** Event #2137600   t=211.992169257088   Elapsed: 68.1351s (1m 08s)  42% completed  (71% total)
     Speed:     ev/sec=33407   simsec/sec=1.98893   ev/simsec=16796.5
     Messages:  created: 2571431   present: 2391   in FES: 52
** Event #2212352   t=216.242382139811   Elapsed: 70.1396s (1m 10s)  43% completed  (71% total)
     Speed:     ev/sec=37291.9   simsec/sec=2.12033   ev/simsec=17587.8
     Messages:  created: 2662615   present: 2506   in FES: 57
** Event #2281984   t=222.282416678637   Elapsed: 72.1418s (1m 12s)  44% completed  (72% total)
     Speed:     ev/sec=34777.4   simsec/sec=3.01667   ev/simsec=11528.4
     Messages:  created: 2746383   present: 2646   in FES: 55
** Event #2354944   t=273.041919451905   Elapsed: 74.1455s (1m 14s)  54% completed  (77% total)
     Speed:     ev/sec=36412.9   simsec/sec=25.3331   ev/simsec=1437.37
     Messages:  created: 2813653   present: 4407   in FES: 44
** Event #2419456   t=323.470324489288   Elapsed: 76.149s (1m 16s)  64% completed  (82% total)
     Speed:     ev/sec=32198.4   simsec/sec=25.1692   ev/simsec=1279.28
     Messages:  created: 2868137   present: 6307   in FES: 45
** Event #2494720   t=392.068527741635   Elapsed: 78.1504s (1m 18s)  78% completed  (89% total)
     Speed:     ev/sec=37606.7   simsec/sec=34.276   ev/simsec=1097.17
     Messages:  created: 2928777   present: 9080   in FES: 54
** Event #2561024   t=425.198217998437   Elapsed: 80.1545s (1m 20s)  85% completed  (92% total)
     Speed:     ev/sec=33083.6   simsec/sec=16.5307   ev/simsec=2001.35
     Messages:  created: 2993903   present: 10116   in FES: 44
** Event #2635776   t=462.020449180105   Elapsed: 82.1588s (1m 22s)  92% completed  (96% total)
     Speed:     ev/sec=37296.2   simsec/sec=18.3718   ev/simsec=2030.08
     Messages:  created: 3068736   present: 11247   in FES: 54
** Event #2702726   t=500   Elapsed: 84.1217s (1m 24s)  100% completed  (100% total)
     Speed:     ev/sec=34107.4   simsec/sec=19.3488   ev/simsec=1762.76
     Messages:  created: 3134638   present: 7234   in FES: 42

<!> Simulation time limit reached -- at t=500s, event #2702726
undisposed object: (omnetpp::cMessage) FanetReconNetwork.groundStation.app.debugTimer -- check module destructor
undisposed object: (omnetpp::cMessage) FanetReconNetwork.uav[0].app.debugTimer -- check module destructor
undisposed object: (omnetpp::cMessage) FanetReconNetwork.uav[1].app.debugTimer -- check module destructor
undisposed object: (omnetpp::cMessage) FanetReconNetwork.uav[2].app.debugTimer -- check module destructor
undisposed object: (omnetpp::cMessage) FanetReconNetwork.uav[3].app.debugTimer -- check module destructor
undisposed object: (omnetpp::cMessage) FanetReconNetwork.uav[4].app.debugTimer -- check module destructor
undisposed object: (omnetpp::cMessage) FanetReconNetwork.uav[5].app.debugTimer -- check module destructor
undisposed object: (omnetpp::cMessage) FanetReconNetwork.uav[6].app.debugTimer -- check module destructor
undisposed object: (omnetpp::cMessage) FanetReconNetwork.uav[7].app.debugTimer -- check module destructor
undisposed object: (omnetpp::cMessage) FanetReconNetwork.uav[8].app.debugTimer -- check module destructor
undisposed object: (omnetpp::cMessage) FanetReconNetwork.uav[9].app.debugTimer -- check module destructor
