** Event #0   t=0   Elapsed: 2e-05s (0m 00s)  0% completed  (0% total)
     Speed:     ev/sec=0   simsec/sec=0   ev/simsec=0
     Messages:  created: 1178   present: 1178   in FES: 186
** Event #103680   t=31.049855482907   Elapsed: 2.00215s (0m 02s)  6% completed  (3% total)
     Speed:     ev/sec=51785.5   simsec/sec=15.5085   ev/simsec=3339.18
     Messages:  created: 104258   present: 1139   in FES: 128
** Event #191488   t=58.013728374   Elapsed: 4.00314s (0m 04s)  11% completed  (5% total)
     Speed:     ev/sec=43881.9   simsec/sec=13.4752   ev/simsec=3256.51
     Messages:  created: 191110   present: 1120   in FES: 123
** Event #286464   t=87.031916609663   Elapsed: 6.00672s (0m 06s)  17% completed  (8% total)
     Speed:     ev/sec=47403.3   simsec/sec=14.4832   ev/simsec=3272.98
     Messages:  created: 286218   present: 1169   in FES: 136
** Event #382464   t=100.526821984405   Elapsed: 8.00916s (0m 08s)  20% completed  (10% total)
     Speed:     ev/sec=47941.5   simsec/sec=6.73922   ev/simsec=7113.8
     Messages:  created: 400646   present: 1342   in FES: 184
** Event #460544   t=100.829033443508   Elapsed: 10.0134s (0m 10s)  20% completed  (10% total)
     Speed:     ev/sec=38956.5   simsec/sec=0.150782   ev/simsec=258362
     Messages:  created: 508340   present: 1354   in FES: 179
** Event #539392   t=101.047497965582   Elapsed: 12.0176s (0m 12s)  20% completed  (10% total)
     Speed:     ev/sec=39342.5   simsec/sec=0.109006   ev/simsec=360919
     Messages:  created: 617387   present: 1330   in FES: 166
** Event #623360   t=101.346209552652   Elapsed: 14.0239s (0m 14s)  20% completed  (10% total)
     Speed:     ev/sec=41852.6   simsec/sec=0.148888   ev/simsec=281101
     Messages:  created: 733131   present: 1300   in FES: 166
** Event #703232   t=101.565278005469   Elapsed: 16.0243s (0m 16s)  20% completed  (10% total)
     Speed:     ev/sec=39928   simsec/sec=0.109512   ev/simsec=364598
     Messages:  created: 842921   present: 1358   in FES: 185
** Event #789248   t=101.833605760606   Elapsed: 18.029s (0m 18s)  20% completed  (10% total)
     Speed:     ev/sec=42907.6   simsec/sec=0.133851   ev/simsec=320563
     Messages:  created: 962564   present: 1328   in FES: 164
** Event #864000   t=102.085939893323   Elapsed: 20.037s (0m 20s)  20% completed  (10% total)
     Speed:     ev/sec=37225.9   simsec/sec=0.12566   ev/simsec=296242
     Messages:  created: 1066093   present: 1338   in FES: 172
** Event #948736   t=102.422561279924   Elapsed: 22.0377s (0m 22s)  20% completed  (10% total)
     Speed:     ev/sec=42352.6   simsec/sec=0.168249   ev/simsec=251725
     Messages:  created: 1183322   present: 1288   in FES: 144
** Event #1032704   t=102.723522623595   Elapsed: 24.0388s (0m 24s)  20% completed  (10% total)
     Speed:     ev/sec=41962.7   simsec/sec=0.150404   ev/simsec=278999
     Messages:  created: 1299575   present: 1339   in FES: 171
** Event #1111552   t=102.985533626847   Elapsed: 26.0391s (0m 26s)  20% completed  (10% total)
     Speed:     ev/sec=39416.9   simsec/sec=0.130982   ev/simsec=300934
     Messages:  created: 1408908   present: 1334   in FES: 167
** Event #1190656   t=103.247995063824   Elapsed: 28.0421s (0m 28s)  20% completed  (10% total)
     Speed:     ev/sec=39494   simsec/sec=0.131038   ev/simsec=301393
     Messages:  created: 1517941   present: 1304   in FES: 146
** Event #1279232   t=103.559133471877   Elapsed: 30.0464s (0m 30s)  20% completed  (10% total)
     Speed:     ev/sec=44192.8   simsec/sec=0.155235   ev/simsec=284684
     Messages:  created: 1640528   present: 1355   in FES: 167
** Event #1356288   t=103.834187031978   Elapsed: 32.0505s (0m 32s)  20% completed  (10% total)
     Speed:     ev/sec=38448.2   simsec/sec=0.137242   ev/simsec=280149
     Messages:  created: 1747230   present: 1340   in FES: 164
** Event #1428992   t=104.144668074651   Elapsed: 34.0799s (0m 34s)  20% completed  (10% total)
     Speed:     ev/sec=35826.2   simsec/sec=0.152995   ev/simsec=234166
     Messages:  created: 1847200   present: 1358   in FES: 174
** Event #1507840   t=104.471384930421   Elapsed: 36.0825s (0m 36s)  20% completed  (10% total)
     Speed:     ev/sec=39371.5   simsec/sec=0.163141   ev/simsec=241334
     Messages:  created: 1956176   present: 1383   in FES: 159
** Event #1584896   t=104.745192313862   Elapsed: 38.0832s (0m 38s)  20% completed  (10% total)
     Speed:     ev/sec=38515.8   simsec/sec=0.13686   ev/simsec=281424
     Messages:  created: 2062959   present: 1387   in FES: 156
** Event #1660928   t=105.028513637274   Elapsed: 40.0911s (0m 40s)  21% completed  (10% total)
     Speed:     ev/sec=37865.2   simsec/sec=0.141099   ev/simsec=268360
     Messages:  created: 2168280   present: 1480   in FES: 189
** Event #1738752   t=105.296959515186   Elapsed: 42.1006s (0m 42s)  21% completed  (10% total)
     Speed:     ev/sec=38728.2   simsec/sec=0.133589   ev/simsec=289906
     Messages:  created: 2275912   present: 1489   in FES: 189
** Event #1812224   t=105.556906594369   Elapsed: 44.1025s (0m 44s)  21% completed  (10% total)
     Speed:     ev/sec=36701.5   simsec/sec=0.129851   ev/simsec=282642
     Messages:  created: 2377788   present: 1369   in FES: 174
** Event #1893376   t=105.825388401426   Elapsed: 46.1086s (0m 46s)  21% completed  (10% total)
     Speed:     ev/sec=40453.7   simsec/sec=0.133836   ev/simsec=302263
     Messages:  created: 2490528   present: 1389   in FES: 142
** Event #1974528   t=106.06448465683   Elapsed: 48.1106s (0m 48s)  21% completed  (10% total)
     Speed:     ev/sec=40533.5   simsec/sec=0.119423   ev/simsec=339411
     Messages:  created: 2602916   present: 1394   in FES: 157
** Event #2051072   t=106.28415983937   Elapsed: 50.1147s (0m 50s)  21% completed  (10% total)
     Speed:     ev/sec=38194.1   simsec/sec=0.109614   ev/simsec=348442
     Messages:  created: 2709372   present: 1450   in FES: 161
** Event #2136320   t=106.54434233985   Elapsed: 52.1204s (0m 52s)  21% completed  (10% total)
     Speed:     ev/sec=42504   simsec/sec=0.129725   ev/simsec=327647
     Messages:  created: 2827455   present: 1452   in FES: 167
** Event #2214656   t=106.761597332893   Elapsed: 54.1228s (0m 54s)  21% completed  (10% total)
     Speed:     ev/sec=39121.6   simsec/sec=0.108499   ev/simsec=360572
     Messages:  created: 2936238   present: 1389   in FES: 150
** Event #2309120   t=107.018180620673   Elapsed: 56.1317s (0m 56s)  21% completed  (10% total)
     Speed:     ev/sec=47022.7   simsec/sec=0.127723   ev/simsec=368161
     Messages:  created: 3067703   present: 1518   in FES: 180
** Event #2385152   t=107.209797642313   Elapsed: 58.1318s (0m 58s)  21% completed  (10% total)
     Speed:     ev/sec=38013.1   simsec/sec=0.0958013   ev/simsec=396791
     Messages:  created: 3172830   present: 1498   in FES: 173
** Event #2478336   t=107.465117468304   Elapsed: 60.1332s (1m 00s)  21% completed  (10% total)
     Speed:     ev/sec=46558.9   simsec/sec=0.127569   ev/simsec=364970
     Messages:  created: 3302666   present: 1604   in FES: 197
** Event #2561536   t=107.689801713287   Elapsed: 62.2702s (1m 02s)  21% completed  (10% total)
     Speed:     ev/sec=38933.6   simsec/sec=0.105141   ev/simsec=370297
     Messages:  created: 3418699   present: 1414   in FES: 160
** Event #2653184   t=107.978918420385   Elapsed: 64.2745s (1m 04s)  21% completed  (10% total)
     Speed:     ev/sec=45726.1   simsec/sec=0.144249   ev/simsec=316993
     Messages:  created: 3546313   present: 1558   in FES: 195
** Event #2736384   t=108.260305539675   Elapsed: 66.2771s (1m 06s)  21% completed  (10% total)
     Speed:     ev/sec=41545.8   simsec/sec=0.14051   ev/simsec=295678
     Messages:  created: 3661485   present: 1532   in FES: 186
** Event #2821376   t=108.532778525719   Elapsed: 68.2809s (1m 08s)  21% completed  (10% total)
     Speed:     ev/sec=42414.2   simsec/sec=0.135974   ev/simsec=311928
     Messages:  created: 3779624   present: 1437   in FES: 163
** Event #2900480   t=108.79708021251   Elapsed: 70.2811s (1m 10s)  21% completed  (10% total)
     Speed:     ev/sec=39548.3   simsec/sec=0.132138   ev/simsec=299294
     Messages:  created: 3889701   present: 1441   in FES: 159
** Event #2974464   t=109.029038982047   Elapsed: 72.2822s (1m 12s)  21% completed  (10% total)
     Speed:     ev/sec=36972.2   simsec/sec=0.115917   ev/simsec=318953
     Messages:  created: 3992567   present: 1429   in FES: 164
** Event #3052800   t=109.267371150507   Elapsed: 74.2823s (1m 14s)  21% completed  (10% total)
     Speed:     ev/sec=39165.7   simsec/sec=0.119159   ev/simsec=328684
     Messages:  created: 4101261   present: 1421   in FES: 157
** Event #3136768   t=109.558935815525   Elapsed: 76.2858s (1m 16s)  21% completed  (10% total)
     Speed:     ev/sec=41911   simsec/sec=0.145529   ev/simsec=287991
     Messages:  created: 4217988   present: 1370   in FES: 129
** Event #3211520   t=109.791397165301   Elapsed: 78.2874s (1m 18s)  21% completed  (10% total)
     Speed:     ev/sec=37345.8   simsec/sec=0.116137   ev/simsec=321567
     Messages:  created: 4322283   present: 1562   in FES: 185
** Event #3296000   t=110.076176790915   Elapsed: 80.2961s (1m 20s)  22% completed  (11% total)
     Speed:     ev/sec=42058.3   simsec/sec=0.141777   ev/simsec=296650
     Messages:  created: 4439550   present: 1476   in FES: 159
** Event #3381248   t=110.364362902757   Elapsed: 82.2986s (1m 22s)  22% completed  (11% total)
     Speed:     ev/sec=42569.4   simsec/sec=0.143908   ev/simsec=295809
     Messages:  created: 4558198   present: 1481   in FES: 164
** Event #3459328   t=110.625453519732   Elapsed: 84.2989s (1m 24s)  22% completed  (11% total)
     Speed:     ev/sec=39035   simsec/sec=0.130528   ev/simsec=299053
     Messages:  created: 4666457   present: 1467   in FES: 157
** Event #3540224   t=111.011729207639   Elapsed: 86.3021s (1m 26s)  22% completed  (11% total)
     Speed:     ev/sec=40383.3   simsec/sec=0.192829   ev/simsec=209426
     Messages:  created: 4778361   present: 1330   in FES: 127
** Event #3621376   t=111.345397316722   Elapsed: 88.3063s (1m 28s)  22% completed  (11% total)
     Speed:     ev/sec=40489.8   simsec/sec=0.16648   ev/simsec=243212
     Messages:  created: 4890520   present: 1483   in FES: 160
** Event #3708160   t=111.777953995648   Elapsed: 90.3069s (1m 30s)  22% completed  (11% total)
     Speed:     ev/sec=43380.2   simsec/sec=0.21622   ev/simsec=200630
     Messages:  created: 5010666   present: 1499   in FES: 163
** Event #3783680   t=112.087707217712   Elapsed: 92.3089s (1m 32s)  22% completed  (11% total)
     Speed:     ev/sec=37722.8   simsec/sec=0.154724   ev/simsec=243807
     Messages:  created: 5114844   present: 1536   in FES: 159
** Event #3867392   t=112.733278029616   Elapsed: 94.3096s (1m 34s)  22% completed  (11% total)
     Speed:     ev/sec=41841.3   simsec/sec=0.322672   ev/simsec=129671
     Messages:  created: 5229763   present: 1461   in FES: 132
** Event #3947008   t=113.073577887476   Elapsed: 96.3099s (1m 36s)  22% completed  (11% total)
     Speed:     ev/sec=39800.9   simsec/sec=0.17012   ev/simsec=233958
     Messages:  created: 5339257   present: 1659   in FES: 190
** Event #4028928   t=113.373092093993   Elapsed: 98.31s (1m 38s)  22% completed  (11% total)
     Speed:     ev/sec=40958.1   simsec/sec=0.14975   ev/simsec=273510
     Messages:  created: 5452181   present: 1467   in FES: 153
** Event #4115200   t=113.697293645999   Elapsed: 100.314s (1m 40s)  22% completed  (11% total)
     Speed:     ev/sec=43042.7   simsec/sec=0.16175   ev/simsec=266106
     Messages:  created: 5571336   present: 1523   in FES: 175
** Event #4201728   t=114.256423067635   Elapsed: 102.316s (1m 42s)  22% completed  (11% total)
     Speed:     ev/sec=43231.8   simsec/sec=0.279357   ev/simsec=154755
     Messages:  created: 5689416   present: 1604   in FES: 169
** Event #4301568   t=114.508314051806   Elapsed: 104.318s (1m 44s)  22% completed  (11% total)
     Speed:     ev/sec=49874.6   simsec/sec=0.125831   ev/simsec=396362
     Messages:  created: 5828073   present: 1716   in FES: 189
** Event #4388864   t=114.773426769618   Elapsed: 106.322s (1m 46s)  22% completed  (11% total)
     Speed:     ev/sec=43544.6   simsec/sec=0.132242   ev/simsec=329279
     Messages:  created: 5949020   present: 1651   in FES: 169
** Event #4478976   t=115.055841142814   Elapsed: 108.326s (1m 48s)  23% completed  (11% total)
     Speed:     ev/sec=44979.8   simsec/sec=0.140968   ev/simsec=319077
     Messages:  created: 6073331   present: 1585   in FES: 137
** Event #4572160   t=115.483008428147   Elapsed: 110.329s (1m 50s)  23% completed  (11% total)
     Speed:     ev/sec=46523.1   simsec/sec=0.213268   ev/simsec=218144
     Messages:  created: 6201695   present: 1569   in FES: 177
** Event #4662528   t=115.7   Elapsed: 112.331s (1m 52s)  23% completed  (11% total)
     Speed:     ev/sec=45138.3   simsec/sec=0.108386   ev/simsec=416459
     Messages:  created: 6327268   present: 1629   in FES: 172
** Event #4747008   t=115.903694544822   Elapsed: 114.337s (1m 54s)  23% completed  (11% total)
     Speed:     ev/sec=42109.6   simsec/sec=0.101533   ev/simsec=414739
     Messages:  created: 6445125   present: 1589   in FES: 161
** Event #4828160   t=116.139599720119   Elapsed: 116.34s (1m 56s)  23% completed  (11% total)
     Speed:     ev/sec=40523.3   simsec/sec=0.117799   ev/simsec=344003
     Messages:  created: 6557390   present: 1508   in FES: 126
** Event #4908544   t=116.394565264101   Elapsed: 118.34s (1m 58s)  23% completed  (11% total)
     Speed:     ev/sec=40183.6   simsec/sec=0.127456   ev/simsec=315274
     Messages:  created: 6669507   present: 1676   in FES: 190
** Event #4985088   t=116.632764538087   Elapsed: 120.344s (2m 00s)  23% completed  (11% total)
     Speed:     ev/sec=38187.5   simsec/sec=0.118837   ev/simsec=321344
     Messages:  created: 6776117   present: 1591   in FES: 159
** Event #5069056   t=116.898015878938   Elapsed: 122.349s (2m 02s)  23% completed  (11% total)
     Speed:     ev/sec=41891.1   simsec/sec=0.132332   ev/simsec=316560
     Messages:  created: 6893079   present: 1686   in FES: 181
** Event #5154560   t=117.175134140356   Elapsed: 124.351s (2m 04s)  23% completed  (11% total)
     Speed:     ev/sec=42708.6   simsec/sec=0.138418   ev/simsec=308547
     Messages:  created: 7011380   present: 1581   in FES: 152
** Event #5253120   t=117.52913775398   Elapsed: 126.351s (2m 06s)  23% completed  (11% total)
     Speed:     ev/sec=49266.6   simsec/sec=0.176954   ev/simsec=278415
     Messages:  created: 7148148   present: 1618   in FES: 155
** Event #5346560   t=117.863160844346   Elapsed: 128.354s (2m 08s)  23% completed  (11% total)
     Speed:     ev/sec=46659.8   simsec/sec=0.166796   ev/simsec=279741
     Messages:  created: 7277789   present: 1625   in FES: 157
** Event #5449984   t=118.328306329136   Elapsed: 130.356s (2m 10s)  23% completed  (11% total)
     Speed:     ev/sec=51655.1   simsec/sec=0.232317   ev/simsec=222348
     Messages:  created: 7420267   present: 1557   in FES: 140
** Event #5548288   t=118.991169744138   Elapsed: 132.358s (2m 12s)  23% completed  (11% total)
     Speed:     ev/sec=49112   simsec/sec=0.331162   ev/simsec=148302
     Messages:  created: 7555990   present: 1583   in FES: 143
** Event #5636608   t=119.624347521068   Elapsed: 134.362s (2m 14s)  23% completed  (11% total)
     Speed:     ev/sec=44059.3   simsec/sec=0.315867   ev/simsec=139487
     Messages:  created: 7676889   present: 1612   in FES: 151
** Event #5730304   t=120.079315651874   Elapsed: 136.364s (2m 16s)  24% completed  (12% total)
     Speed:     ev/sec=46804.5   simsec/sec=0.227273   ev/simsec=205940
     Messages:  created: 7805789   present: 1683   in FES: 159
** Event #5826048   t=120.645923748893   Elapsed: 138.366s (2m 18s)  24% completed  (12% total)
     Speed:     ev/sec=47824.8   simsec/sec=0.283025   ev/simsec=168977
     Messages:  created: 7937777   present: 1606   in FES: 138
** Event #5932544   t=121.441989711752   Elapsed: 140.37s (2m 20s)  24% completed  (12% total)
     Speed:     ev/sec=53148.5   simsec/sec=0.397289   ev/simsec=133778
     Messages:  created: 8083541   present: 1537   in FES: 129
** Event #6032640   t=122.392551294377   Elapsed: 142.371s (2m 22s)  24% completed  (12% total)
     Speed:     ev/sec=50026.3   simsec/sec=0.475075   ev/simsec=105302
     Messages:  created: 8220165   present: 1626   in FES: 156
** Event #6125056   t=123.129263671808   Elapsed: 144.374s (2m 24s)  24% completed  (12% total)
     Speed:     ev/sec=46143.5   simsec/sec=0.367842   ev/simsec=125444
     Messages:  created: 8346710   present: 1718   in FES: 160
** Event #6228992   t=123.598921247857   Elapsed: 146.377s (2m 26s)  24% completed  (12% total)
     Speed:     ev/sec=51874   simsec/sec=0.234404   ev/simsec=221302
     Messages:  created: 8490001   present: 1813   in FES: 182
** Event #6334464   t=123.96347225244   Elapsed: 148.378s (2m 28s)  24% completed  (12% total)
     Speed:     ev/sec=52705.9   simsec/sec=0.182171   ev/simsec=289320
     Messages:  created: 8635909   present: 1759   in FES: 166
** Event #6433024   t=124.365469064619   Elapsed: 150.38s (2m 30s)  24% completed  (12% total)
     Speed:     ev/sec=49237.5   simsec/sec=0.200825   ev/simsec=245176
     Messages:  created: 8771812   present: 1731   in FES: 142
** Event #6536448   t=124.858698626974   Elapsed: 152.38s (2m 32s)  24% completed  (12% total)
     Speed:     ev/sec=51707.5   simsec/sec=0.246593   ev/simsec=209687
     Messages:  created: 8915025   present: 1770   in FES: 155
** Event #6626048   t=125.382145045198   Elapsed: 154.384s (2m 34s)  25% completed  (12% total)
     Speed:     ev/sec=44723   simsec/sec=0.261274   ev/simsec=171173
     Messages:  created: 9038095   present: 1795   in FES: 158
** Event #6729728   t=126.081322428928   Elapsed: 156.388s (2m 36s)  25% completed  (12% total)
     Speed:     ev/sec=51727   simsec/sec=0.348826   ev/simsec=148289
     Messages:  created: 9180625   present: 1801   in FES: 162
** Event #6827776   t=126.737718287097   Elapsed: 158.392s (2m 38s)  25% completed  (12% total)
     Speed:     ev/sec=48918.8   simsec/sec=0.327493   ev/simsec=149373
     Messages:  created: 9315935   present: 1768   in FES: 156
** Event #6932224   t=127.435294953992   Elapsed: 160.396s (2m 40s)  25% completed  (12% total)
     Speed:     ev/sec=52140.5   simsec/sec=0.348231   ev/simsec=149730
     Messages:  created: 9459265   present: 1831   in FES: 158
** Event #7018240   t=127.9397989551   Elapsed: 162.396s (2m 42s)  25% completed  (12% total)
     Speed:     ev/sec=43000.5   simsec/sec=0.252208   ev/simsec=170496
     Messages:  created: 9578156   present: 1866   in FES: 157
** Event #7127808   t=130.294032760274   Elapsed: 164.403s (2m 44s)  26% completed  (13% total)
     Speed:     ev/sec=54604.6   simsec/sec=1.17326   ev/simsec=46540.8
     Messages:  created: 9723997   present: 1910   in FES: 160
** Event #7236096   t=133.621759622377   Elapsed: 166.404s (2m 46s)  26% completed  (13% total)
     Speed:     ev/sec=54099.8   simsec/sec=1.66251   ev/simsec=32541.1
     Messages:  created: 9866211   present: 1984   in FES: 135
** Event #7320064   t=136.316105802359   Elapsed: 168.407s (2m 48s)  27% completed  (13% total)
     Speed:     ev/sec=41922.4   simsec/sec=1.3452   ev/simsec=31164.5
     Messages:  created: 9976487   present: 2136   in FES: 149
** Event #7416576   t=138.700652841615   Elapsed: 170.407s (2m 50s)  27% completed  (13% total)
     Speed:     ev/sec=48250.9   simsec/sec=1.19215   ev/simsec=40473.9
     Messages:  created: 10104713   present: 2286   in FES: 182
** Event #7520256   t=139.845482120663   Elapsed: 172.41s (2m 52s)  27% completed  (13% total)
     Speed:     ev/sec=51769.6   simsec/sec=0.571638   ev/simsec=90563.7
     Messages:  created: 10246361   present: 2214   in FES: 155
** Event #7614464   t=140.932384704027   Elapsed: 174.417s (2m 54s)  28% completed  (14% total)
     Speed:     ev/sec=46930   simsec/sec=0.541444   ev/simsec=86675.7
     Messages:  created: 10374985   present: 2273   in FES: 163
** Event #7710720   t=142.003294576692   Elapsed: 176.421s (2m 56s)  28% completed  (14% total)
     Speed:     ev/sec=48034.7   simsec/sec=0.534417   ev/simsec=89882.4
     Messages:  created: 10506423   present: 2339   in FES: 159
** Event #7801344   t=143.101814928013   Elapsed: 178.426s (2m 58s)  28% completed  (14% total)
     Speed:     ev/sec=45211   simsec/sec=0.548035   ev/simsec=82496.4
     Messages:  created: 10628615   present: 2344   in FES: 155
** Event #7903232   t=143.89257674048   Elapsed: 180.426s (3m 00s)  28% completed  (14% total)
     Speed:     ev/sec=50932.7   simsec/sec=0.395293   ev/simsec=128848
     Messages:  created: 10768774   present: 2294   in FES: 140
** Event #8008704   t=144.743005566484   Elapsed: 182.43s (3m 02s)  28% completed  (14% total)
     Speed:     ev/sec=52629.8   simsec/sec=0.424358   ev/simsec=124022
     Messages:  created: 10913355   present: 2417   in FES: 162
** Event #8108032   t=145.658050687502   Elapsed: 184.431s (3m 04s)  29% completed  (14% total)
     Speed:     ev/sec=49639.2   simsec/sec=0.457294   ev/simsec=108550
     Messages:  created: 11049257   present: 2471   in FES: 163
** Event #8208640   t=146.441759736193   Elapsed: 186.433s (3m 06s)  29% completed  (14% total)
     Speed:     ev/sec=50250.2   simsec/sec=0.391435   ev/simsec=128374
     Messages:  created: 11186670   present: 2480   in FES: 155
** Event #8296192   t=147.068339070122   Elapsed: 188.438s (3m 08s)  29% completed  (14% total)
     Speed:     ev/sec=43682.4   simsec/sec=0.31262   ev/simsec=139730
     Messages:  created: 11306937   present: 2449   in FES: 163
** Event #8372736   t=147.616203760004   Elapsed: 190.441s (3m 10s)  29% completed  (14% total)
     Speed:     ev/sec=38213.8   simsec/sec=0.273516   ev/simsec=139713
     Messages:  created: 11412401   present: 2465   in FES: 154
** Event #8468992   t=148.31605996926   Elapsed: 192.446s (3m 12s)  29% completed  (14% total)
     Speed:     ev/sec=48008.7   simsec/sec=0.349061   ev/simsec=137537
     Messages:  created: 11544481   present: 2476   in FES: 155
** Event #8568320   t=148.825307906785   Elapsed: 194.449s (3m 14s)  29% completed  (14% total)
     Speed:     ev/sec=49572.7   simsec/sec=0.254156   ev/simsec=195048
     Messages:  created: 11681393   present: 2609   in FES: 177
** Event #8667648   t=149.838366217704   Elapsed: 196.454s (3m 16s)  29% completed  (14% total)
     Speed:     ev/sec=49543.8   simsec/sec=0.505304   ev/simsec=98047.7
     Messages:  created: 11817048   present: 2507   in FES: 166
** Event #8757760   t=153.048153501008   Elapsed: 198.461s (3m 18s)  30% completed  (15% total)
     Speed:     ev/sec=44894.8   simsec/sec=1.59915   ev/simsec=28074.1
     Messages:  created: 11935246   present: 2615   in FES: 149
** Event #8843520   t=155.005933106335   Elapsed: 200.463s (3m 20s)  31% completed  (15% total)
     Speed:     ev/sec=42841.8   simsec/sec=0.978017   ev/simsec=43804.7
     Messages:  created: 12049695   present: 2758   in FES: 161
** Event #8936704   t=157.2   Elapsed: 202.468s (3m 22s)  31% completed  (15% total)
     Speed:     ev/sec=46470.3   simsec/sec=1.09417   ev/simsec=42470.9
     Messages:  created: 12172825   present: 2677   in FES: 124
** Event #9025024   t=160.204635838553   Elapsed: 204.474s (3m 24s)  32% completed  (16% total)
     Speed:     ev/sec=44031.3   simsec/sec=1.49794   ev/simsec=29394.6
     Messages:  created: 12287619   present: 2907   in FES: 158
** Event #9108480   t=162.481482433275   Elapsed: 206.478s (3m 26s)  32% completed  (16% total)
     Speed:     ev/sec=41654   simsec/sec=1.1364   ev/simsec=36654.2
     Messages:  created: 12397504   present: 3107   in FES: 160
** Event #9214464   t=162.911980681544   Elapsed: 208.481s (3m 28s)  32% completed  (16% total)
     Speed:     ev/sec=52905.9   simsec/sec=0.214899   ev/simsec=246189
     Messages:  created: 12543606   present: 2917   in FES: 127
** Event #9314560   t=163.338136443356   Elapsed: 210.484s (3m 30s)  32% completed  (16% total)
     Speed:     ev/sec=49968.7   simsec/sec=0.21274   ev/simsec=234881
     Messages:  created: 12680996   present: 3121   in FES: 187
** Event #9414144   t=163.749134707979   Elapsed: 212.487s (3m 32s)  32% completed  (16% total)
     Speed:     ev/sec=49734.9   simsec/sec=0.205263   ev/simsec=242298
     Messages:  created: 12818663   present: 2955   in FES: 140
** Event #9506560   t=164.156513960136   Elapsed: 214.491s (3m 34s)  32% completed  (16% total)
     Speed:     ev/sec=46113.2   simsec/sec=0.203272   ev/simsec=226855
     Messages:  created: 12945696   present: 3038   in FES: 162
** Event #9597440   t=164.605269830884   Elapsed: 216.493s (3m 36s)  32% completed  (16% total)
     Speed:     ev/sec=45383.4   simsec/sec=0.224098   ev/simsec=202515
     Messages:  created: 13071294   present: 3054   in FES: 158
** Event #9697536   t=165.014747528184   Elapsed: 218.493s (3m 38s)  33% completed  (16% total)
     Speed:     ev/sec=50046.7   simsec/sec=0.204734   ev/simsec=244448
     Messages:  created: 13209754   present: 2971   in FES: 126
** Event #9793792   t=165.331795502034   Elapsed: 220.495s (3m 40s)  33% completed  (16% total)
     Speed:     ev/sec=48076.2   simsec/sec=0.158353   ev/simsec=303601
     Messages:  created: 13342565   present: 3009   in FES: 143
** Event #9872896   t=165.565330340792   Elapsed: 222.498s (3m 42s)  33% completed  (16% total)
     Speed:     ev/sec=39499.5   simsec/sec=0.116612   ev/simsec=338725
     Messages:  created: 13452000   present: 3093   in FES: 167
** Event #9970944   t=165.90426046057   Elapsed: 224.502s (3m 44s)  33% completed  (16% total)
     Speed:     ev/sec=48930.9   simsec/sec=0.169143   ev/simsec=289287
     Messages:  created: 13587966   present: 3105   in FES: 167
** Event #10068224   t=166.224157437275   Elapsed: 226.503s (3m 46s)  33% completed  (16% total)
     Speed:     ev/sec=48602   simsec/sec=0.159824   ev/simsec=304098
     Messages:  created: 13722074   present: 3073   in FES: 168
** Event #10168064   t=166.533520261917   Elapsed: 228.504s (3m 48s)  33% completed  (16% total)
     Speed:     ev/sec=49902.7   simsec/sec=0.154628   ev/simsec=322728
     Messages:  created: 13860202   present: 3002   in FES: 127
** Event #10262272   t=166.858216768751   Elapsed: 230.504s (3m 50s)  33% completed  (16% total)
     Speed:     ev/sec=47102.8   simsec/sec=0.162344   ev/simsec=290142
     Messages:  created: 13990886   present: 3092   in FES: 165
** Event #10354432   t=167.230151758607   Elapsed: 232.508s (3m 52s)  33% completed  (16% total)
     Speed:     ev/sec=45994.1   simsec/sec=0.185621   ev/simsec=247785
     Messages:  created: 14117952   present: 3108   in FES: 156
** Event #10445312   t=167.561327824122   Elapsed: 234.511s (3m 54s)  33% completed  (16% total)
     Speed:     ev/sec=45367.7   simsec/sec=0.165324   ev/simsec=274416
     Messages:  created: 14243419   present: 3086   in FES: 161
** Event #10535168   t=167.857867449728   Elapsed: 236.516s (3m 56s)  33% completed  (16% total)
     Speed:     ev/sec=44825.7   simsec/sec=0.147932   ev/simsec=303015
     Messages:  created: 14367605   present: 3119   in FES: 163
** Event #10625280   t=168.168116237822   Elapsed: 238.517s (3m 58s)  33% completed  (16% total)
     Speed:     ev/sec=45024.2   simsec/sec=0.155015   ev/simsec=290451
     Messages:  created: 14491909   present: 3121   in FES: 158
** Event #10714112   t=168.487262945655   Elapsed: 240.52s (4m 00s)  33% completed  (16% total)
     Speed:     ev/sec=44341.2   simsec/sec=0.159305   ev/simsec=278342
     Messages:  created: 14615029   present: 3121   in FES: 158
** Event #10800640   t=168.761879263228   Elapsed: 242.524s (4m 02s)  33% completed  (16% total)
     Speed:     ev/sec=43192.5   simsec/sec=0.137081   ev/simsec=315087
     Messages:  created: 14734769   present: 3136   in FES: 163
** Event #10890240   t=169.023880054628   Elapsed: 244.528s (4m 04s)  33% completed  (16% total)
     Speed:     ev/sec=44703.9   simsec/sec=0.130719   ev/simsec=341984
     Messages:  created: 14858820   present: 3072   in FES: 137
** Event #10979072   t=169.348332335545   Elapsed: 246.532s (4m 06s)  33% completed  (16% total)
     Speed:     ev/sec=44331.5   simsec/sec=0.161918   ev/simsec=273791
     Messages:  created: 14981261   present: 3059   in FES: 131
** Event #11087616   t=169.747045633915   Elapsed: 248.534s (4m 08s)  33% completed  (16% total)
     Speed:     ev/sec=54205.3   simsec/sec=0.199112   ev/simsec=272236
     Messages:  created: 15131769   present: 3135   in FES: 161
** Event #11184896   t=170.112319992514   Elapsed: 250.536s (4m 10s)  34% completed  (17% total)
     Speed:     ev/sec=48590.6   simsec/sec=0.182452   ev/simsec=266320
     Messages:  created: 15266008   present: 3174   in FES: 155
** Event #11289088   t=170.455210095802   Elapsed: 252.54s (4m 12s)  34% completed  (17% total)
     Speed:     ev/sec=52009.7   simsec/sec=0.171161   ev/simsec=303864
     Messages:  created: 15410478   present: 3133   in FES: 145
** Event #11378432   t=170.77722352343   Elapsed: 254.544s (4m 14s)  34% completed  (17% total)
     Speed:     ev/sec=44570.3   simsec/sec=0.16064   ev/simsec=277454
     Messages:  created: 15534419   present: 3156   in FES: 157
** Event #11474432   t=171.111090295738   Elapsed: 256.546s (4m 16s)  34% completed  (17% total)
     Speed:     ev/sec=47956   simsec/sec=0.16678   ev/simsec=287540
     Messages:  created: 15666828   present: 3156   in FES: 160
** Event #11570688   t=171.466256157872   Elapsed: 258.548s (4m 18s)  34% completed  (17% total)
     Speed:     ev/sec=48093   simsec/sec=0.177454   ev/simsec=271017
     Messages:  created: 15800282   present: 3170   in FES: 160
** Event #11670016   t=171.875637598258   Elapsed: 260.551s (4m 20s)  34% completed  (17% total)
     Speed:     ev/sec=49589.3   simsec/sec=0.204383   ev/simsec=242629
     Messages:  created: 15937929   present: 3170   in FES: 154
** Event #11770112   t=172.321985366619   Elapsed: 262.553s (4m 22s)  34% completed  (17% total)
     Speed:     ev/sec=49994.4   simsec/sec=0.222935   ev/simsec=224256
     Messages:  created: 16075854   present: 3161   in FES: 160
** Event #11855872   t=172.722855513971   Elapsed: 264.554s (4m 24s)  34% completed  (17% total)
     Speed:     ev/sec=42842.4   simsec/sec=0.200259   ev/simsec=213935
     Messages:  created: 16194628   present: 3180   in FES: 155
** Event #11957248   t=173.178739128521   Elapsed: 266.555s (4m 26s)  34% completed  (17% total)
     Speed:     ev/sec=50674.8   simsec/sec=0.227883   ev/simsec=222373
     Messages:  created: 16334450   present: 3198   in FES: 155
** Event #12060928   t=173.651927749498   Elapsed: 268.556s (4m 28s)  34% completed  (17% total)
     Speed:     ev/sec=51823.6   simsec/sec=0.236519   ev/simsec=219109
     Messages:  created: 16478087   present: 3307   in FES: 186
** Event #12162816   t=174.115291941486   Elapsed: 270.556s (4m 30s)  34% completed  (17% total)
     Speed:     ev/sec=50921.6   simsec/sec=0.23158   ev/simsec=219888
     Messages:  created: 16618428   present: 3137   in FES: 126
** Event #12258048   t=174.585989681364   Elapsed: 272.559s (4m 32s)  34% completed  (17% total)
     Speed:     ev/sec=47561.7   simsec/sec=0.235081   ev/simsec=202321
     Messages:  created: 16750092   present: 3220   in FES: 157
** Event #12370432   t=175.1267287749   Elapsed: 274.561s (4m 34s)  35% completed  (17% total)
     Speed:     ev/sec=56116   simsec/sec=0.270004   ev/simsec=207834
     Messages:  created: 16904989   present: 3236   in FES: 162
** Event #12492544   t=175.82046782885   Elapsed: 276.566s (4m 36s)  35% completed  (17% total)
     Speed:     ev/sec=60925.2   simsec/sec=0.346127   ev/simsec=176020
     Messages:  created: 17073889   present: 3266   in FES: 157
** Event #12610560   t=176.548555656145   Elapsed: 278.568s (4m 38s)  35% completed  (17% total)
     Speed:     ev/sec=58932.2   simsec/sec=0.363576   ev/simsec=162090
     Messages:  created: 17236253   present: 3273   in FES: 158
** Event #12726016   t=177.426777020319   Elapsed: 280.569s (4m 40s)  35% completed  (17% total)
     Speed:     ev/sec=57703.4   simsec/sec=0.438923   ev/simsec=131466
     Messages:  created: 17394716   present: 3272   in FES: 157
** Event #12847616   t=177.956222903671   Elapsed: 282.57s (4m 42s)  35% completed  (17% total)
     Speed:     ev/sec=60785.9   simsec/sec=0.264662   ev/simsec=229674
     Messages:  created: 17563043   present: 3367   in FES: 162
** Event #12962560   t=178.379313375189   Elapsed: 284.572s (4m 44s)  35% completed  (17% total)
     Speed:     ev/sec=57404.3   simsec/sec=0.211296   ev/simsec=271677
     Messages:  created: 17721670   present: 3261   in FES: 132
** Event #13091840   t=179.28799889684   Elapsed: 286.573s (4m 46s)  35% completed  (17% total)
     Speed:     ev/sec=64596   simsec/sec=0.454034   ev/simsec=142271
     Messages:  created: 17899411   present: 3350   in FES: 159
** Event #13212672   t=180.115012631711   Elapsed: 288.579s (4m 48s)  36% completed  (18% total)
     Speed:     ev/sec=60248.5   simsec/sec=0.41236   ev/simsec=146106
     Messages:  created: 18065424   present: 3367   in FES: 149
** Event #13329664   t=181.025801268513   Elapsed: 290.579s (4m 50s)  36% completed  (18% total)
     Speed:     ev/sec=58492.5   simsec/sec=0.455367   ev/simsec=128451
     Messages:  created: 18226693   present: 3483   in FES: 187
** Event #13446912   t=181.841367693362   Elapsed: 292.579s (4m 52s)  36% completed  (18% total)
     Speed:     ev/sec=58615.9   simsec/sec=0.407727   ev/simsec=143763
     Messages:  created: 18388141   present: 3445   in FES: 150
** Event #13568512   t=182.578732851543   Elapsed: 294.582s (4m 54s)  36% completed  (18% total)
     Speed:     ev/sec=60725.9   simsec/sec=0.368233   ev/simsec=164912
     Messages:  created: 18555890   present: 3462   in FES: 155
** Event #13671936   t=184.056060795687   Elapsed: 296.583s (4m 56s)  36% completed  (18% total)
     Speed:     ev/sec=51676.7   simsec/sec=0.73816   ev/simsec=70007.5
     Messages:  created: 18696333   present: 3421   in FES: 147
** Event #13790464   t=187.058278730819   Elapsed: 298.589s (4m 58s)  37% completed  (18% total)
     Speed:     ev/sec=59095   simsec/sec=1.49683   ev/simsec=39480.1
     Messages:  created: 18853389   present: 3556   in FES: 152
** Event #13909248   t=190.441757576307   Elapsed: 300.591s (5m 00s)  38% completed  (19% total)
     Speed:     ev/sec=59339   simsec/sec=1.69023   ev/simsec=35107.1
     Messages:  created: 19010770   present: 3594   in FES: 125
** Event #14016000   t=191.864502998267   Elapsed: 302.593s (5m 02s)  38% completed  (19% total)
     Speed:     ev/sec=53312.5   simsec/sec=0.710527   ev/simsec=75032.4
     Messages:  created: 19155472   present: 3815   in FES: 162
** Event #14138880   t=193.035889583407   Elapsed: 304.593s (5m 04s)  38% completed  (19% total)
     Speed:     ev/sec=61427   simsec/sec=0.585569   ev/simsec=104901
     Messages:  created: 19322344   present: 3744   in FES: 129
** Event #14259456   t=194.032464947134   Elapsed: 306.594s (5m 06s)  38% completed  (19% total)
     Speed:     ev/sec=60264.5   simsec/sec=0.498093   ev/simsec=120990
     Messages:  created: 19485283   present: 3899   in FES: 156
** Event #14365696   t=195.209023231506   Elapsed: 308.596s (5m 08s)  39% completed  (19% total)
     Speed:     ev/sec=53074.5   simsec/sec=0.587776   ev/simsec=90297.3
     Messages:  created: 19629946   present: 3789   in FES: 139
** Event #14477056   t=196.04561111109   Elapsed: 310.598s (5m 10s)  39% completed  (19% total)
     Speed:     ev/sec=55632.5   simsec/sec=0.417937   ev/simsec=133112
     Messages:  created: 19783531   present: 3912   in FES: 160
** Event #14584832   t=196.908117393614   Elapsed: 312.6s (5m 12s)  39% completed  (19% total)
     Speed:     ev/sec=53836.1   simsec/sec=0.430838   ev/simsec=124957
     Messages:  created: 19931907   present: 3800   in FES: 144
** Event #14690048   t=197.72480124103   Elapsed: 314.602s (5m 14s)  39% completed  (19% total)
     Speed:     ev/sec=52544.7   simsec/sec=0.40785   ev/simsec=128833
     Messages:  created: 20076111   present: 3864   in FES: 133
** Event #14804992   t=199.317664419515   Elapsed: 316.605s (5m 16s)  39% completed  (19% total)
     Speed:     ev/sec=57374.7   simsec/sec=0.795083   ev/simsec=72161.9
     Messages:  created: 20231729   present: 3863   in FES: 133
** Event #14920960   t=201.485270090005   Elapsed: 318.608s (5m 18s)  40% completed  (20% total)
     Speed:     ev/sec=57912.9   simsec/sec=1.08247   ev/simsec=53500.5
     Messages:  created: 20387347   present: 3961   in FES: 155
** Event #15038464   t=204.34184520694   Elapsed: 320.612s (5m 20s)  40% completed  (20% total)
     Speed:     ev/sec=58643.6   simsec/sec=1.42565   ev/simsec=41134.6
     Messages:  created: 20543618   present: 4070   in FES: 149
** Event #15153152   t=205.719303650046   Elapsed: 322.613s (5m 22s)  41% completed  (20% total)
     Speed:     ev/sec=57293.2   simsec/sec=0.688119   ev/simsec=83260.6
     Messages:  created: 20700092   present: 4185   in FES: 159
** Event #15273216   t=206.430318923583   Elapsed: 324.614s (5m 24s)  41% completed  (20% total)
     Speed:     ev/sec=60014.9   simsec/sec=0.355407   ev/simsec=168863
     Messages:  created: 20864921   present: 4102   in FES: 124
** Event #15393536   t=207.345213333194   Elapsed: 326.616s (5m 26s)  41% completed  (20% total)
     Speed:     ev/sec=60083.3   simsec/sec=0.456864   ev/simsec=131512
     Messages:  created: 21030569   present: 4247   in FES: 157
** Event #15502592   t=207.92807484837   Elapsed: 328.619s (5m 28s)  41% completed  (20% total)
     Speed:     ev/sec=54450.7   simsec/sec=0.291018   ev/simsec=187104
     Messages:  created: 21180664   present: 4333   in FES: 185
** Event #15619584   t=209.075182954535   Elapsed: 330.624s (5m 30s)  41% completed  (20% total)
     Speed:     ev/sec=58371   simsec/sec=0.572328   ev/simsec=101989
     Messages:  created: 21340346   present: 4257   in FES: 153
** Event #15735040   t=210.63060401209   Elapsed: 332.624s (5m 32s)  42% completed  (21% total)
     Speed:     ev/sec=57702.8   simsec/sec=0.777372   ev/simsec=74228.1
     Messages:  created: 21497623   present: 4299   in FES: 154
** Event #15860992   t=211.942491849644   Elapsed: 334.627s (5m 34s)  42% completed  (21% total)
     Speed:     ev/sec=62887.9   simsec/sec=0.655027   ev/simsec=96008.2
     Messages:  created: 21669902   present: 4375   in FES: 161
** Event #15970816   t=214.786854756214   Elapsed: 336.628s (5m 36s)  42% completed  (21% total)
     Speed:     ev/sec=54896.4   simsec/sec=1.42178   ev/simsec=38611.1
     Messages:  created: 21815694   present: 4419   in FES: 149
** Event #16084224   t=215.210832343404   Elapsed: 338.63s (5m 38s)  43% completed  (21% total)
     Speed:     ev/sec=56652.2   simsec/sec=0.211795   ev/simsec=267486
     Messages:  created: 21971571   present: 4472   in FES: 153
** Event #16204544   t=215.584665436773   Elapsed: 340.63s (5m 40s)  43% completed  (21% total)
     Speed:     ev/sec=60147.9   simsec/sec=0.186879   ev/simsec=321855
     Messages:  created: 22137623   present: 4476   in FES: 163
** Event #16310784   t=216.03251382073   Elapsed: 342.632s (5m 42s)  43% completed  (21% total)
     Speed:     ev/sec=53068   simsec/sec=0.223705   ev/simsec=237223
     Messages:  created: 22284140   present: 4447   in FES: 155
** Event #16428544   t=216.713329038533   Elapsed: 344.634s (5m 44s)  43% completed  (21% total)
     Speed:     ev/sec=58811.2   simsec/sec=0.34001   ev/simsec=172969
     Messages:  created: 22446361   present: 4465   in FES: 131
** Event #16545536   t=217.391538891914   Elapsed: 346.638s (5m 46s)  43% completed  (21% total)
     Speed:     ev/sec=58393.4   simsec/sec=0.33851   ev/simsec=172501
     Messages:  created: 22607418   present: 4484   in FES: 156
** Event #16657152   t=217.981090887953   Elapsed: 348.641s (5m 48s)  43% completed  (21% total)
     Speed:     ev/sec=55714.1   simsec/sec=0.29428   ev/simsec=189323
     Messages:  created: 22761830   present: 4531   in FES: 156
** Event #16769536   t=218.536394078073   Elapsed: 350.644s (5m 50s)  43% completed  (21% total)
     Speed:     ev/sec=56114.2   simsec/sec=0.277267   ev/simsec=202383
     Messages:  created: 22915988   present: 4537   in FES: 158
** Event #16884992   t=219.257504908606   Elapsed: 352.645s (5m 52s)  43% completed  (21% total)
     Speed:     ev/sec=57705   simsec/sec=0.360412   ev/simsec=160109
     Messages:  created: 23074485   present: 4478   in FES: 123
** Event #16994048   t=220.016231244393   Elapsed: 354.645s (5m 54s)  44% completed  (22% total)
     Speed:     ev/sec=54516.6   simsec/sec=0.379284   ev/simsec=143736
     Messages:  created: 23224886   present: 4558   in FES: 133
** Event #17110272   t=220.697385655871   Elapsed: 356.647s (5m 56s)  44% completed  (22% total)
     Speed:     ev/sec=58047.6   simsec/sec=0.3402   ev/simsec=170628
     Messages:  created: 23384240   present: 4577   in FES: 141
** Event #17235712   t=221.279072721465   Elapsed: 358.648s (5m 58s)  44% completed  (22% total)
     Speed:     ev/sec=62710.9   simsec/sec=0.290801   ev/simsec=215649
     Messages:  created: 23557089   present: 4646   in FES: 160
** Event #17349376   t=221.969564412943   Elapsed: 360.648s (6m 00s)  44% completed  (22% total)
     Speed:     ev/sec=56811   simsec/sec=0.345118   ev/simsec=164613
     Messages:  created: 23714291   present: 4611   in FES: 139
** Event #17474304   t=222.719303256028   Elapsed: 362.65s (6m 02s)  44% completed  (22% total)
     Speed:     ev/sec=62414.3   simsec/sec=0.374571   ev/simsec=166629
     Messages:  created: 23886544   present: 4719   in FES: 157
** Event #17601792   t=223.481699930576   Elapsed: 364.653s (6m 04s)  44% completed  (22% total)
     Speed:     ev/sec=63645.3   simsec/sec=0.380608   ev/simsec=167220
     Messages:  created: 24062199   present: 4737   in FES: 162
** Event #17716480   t=224.332861719626   Elapsed: 366.654s (6m 06s)  44% completed  (22% total)
     Speed:     ev/sec=57333.4   simsec/sec=0.425502   ev/simsec=134743
     Messages:  created: 24218055   present: 4368   in FES: 161
** Event #17831168   t=224.728688908821   Elapsed: 368.655s (6m 08s)  44% completed  (22% total)
     Speed:     ev/sec=57315.3   simsec/sec=0.197815   ev/simsec=289743
     Messages:  created: 24375682   present: 3940   in FES: 150
** Event #17936896   t=225.071557850244   Elapsed: 370.659s (6m 10s)  45% completed  (22% total)
     Speed:     ev/sec=52741.1   simsec/sec=0.171036   ev/simsec=308363
     Messages:  created: 24520563   present: 3504   in FES: 162
** Event #18043904   t=225.448550322426   Elapsed: 372.66s (6m 12s)  45% completed  (22% total)
     Speed:     ev/sec=53469.5   simsec/sec=0.188375   ev/simsec=283847
     Messages:  created: 24668285   present: 3424   in FES: 153
** Event #18152192   t=227.371712031131   Elapsed: 374.661s (6m 14s)  45% completed  (22% total)
     Speed:     ev/sec=54134.9   simsec/sec=0.96142   ev/simsec=56307.3
     Messages:  created: 24812881   present: 3401   in FES: 164
** Event #18257408   t=227.796544765805   Elapsed: 376.662s (6m 16s)  45% completed  (22% total)
     Speed:     ev/sec=52577   simsec/sec=0.212291   ev/simsec=247665
     Messages:  created: 24958023   present: 3289   in FES: 173
** Event #18374400   t=229.022584526629   Elapsed: 378.664s (6m 18s)  45% completed  (22% total)
     Speed:     ev/sec=58442.4   simsec/sec=0.612459   ev/simsec=95422.7
     Messages:  created: 25117971   present: 3193   in FES: 149
** Event #18499584   t=230.775473627552   Elapsed: 380.664s (6m 20s)  46% completed  (23% total)
     Speed:     ev/sec=62582.3   simsec/sec=0.876309   ev/simsec=71415.8
     Messages:  created: 25286595   present: 2862   in FES: 133
** Event #18618880   t=231.91192128299   Elapsed: 382.667s (6m 22s)  46% completed  (23% total)
     Speed:     ev/sec=59553.9   simsec/sec=0.567327   ev/simsec=104973
     Messages:  created: 25449400   present: 2875   in FES: 143
** Event #18747904   t=232.670792231835   Elapsed: 384.67s (6m 24s)  46% completed  (23% total)
     Speed:     ev/sec=64427.8   simsec/sec=0.37894   ev/simsec=170021
     Messages:  created: 25626947   present: 2992   in FES: 182
** Event #18865920   t=233.143721383696   Elapsed: 386.67s (6m 26s)  46% completed  (23% total)
     Speed:     ev/sec=59002.5   simsec/sec=0.236442   ev/simsec=249543
     Messages:  created: 25789719   present: 2950   in FES: 161
** Event #18990336   t=233.625877820719   Elapsed: 388.67s (6m 28s)  46% completed  (23% total)
     Speed:     ev/sec=62203.5   simsec/sec=0.241061   ev/simsec=258041
     Messages:  created: 25961855   present: 2956   in FES: 162
** Event #19107840   t=234.11963218018   Elapsed: 390.671s (6m 30s)  46% completed  (23% total)
     Speed:     ev/sec=58720.1   simsec/sec=0.246743   ev/simsec=237981
     Messages:  created: 26123028   present: 2869   in FES: 161
** Event #19224576   t=235.421369104443   Elapsed: 392.674s (6m 32s)  47% completed  (23% total)
     Speed:     ev/sec=58301   simsec/sec=0.650122   ev/simsec=89677.1
     Messages:  created: 26281756   present: 2916   in FES: 154
** Event #19346176   t=236.052358318032   Elapsed: 394.675s (6m 34s)  47% completed  (23% total)
     Speed:     ev/sec=60758.7   simsec/sec=0.31528   ev/simsec=192713
     Messages:  created: 26449461   present: 2900   in FES: 155
** Event #19456256   t=236.716370769106   Elapsed: 396.677s (6m 36s)  47% completed  (23% total)
     Speed:     ev/sec=54992.5   simsec/sec=0.33172   ev/simsec=165780
     Messages:  created: 26600827   present: 2934   in FES: 164
** Event #19582976   t=237.566061032281   Elapsed: 398.678s (6m 38s)  47% completed  (23% total)
     Speed:     ev/sec=63327.2   simsec/sec=0.424625   ev/simsec=149137
     Messages:  created: 26774347   present: 2923   in FES: 161
** Event #19694848   t=237.974390165727   Elapsed: 400.681s (6m 40s)  47% completed  (23% total)
     Speed:     ev/sec=55833.8   simsec/sec=0.203791   ev/simsec=273975
     Messages:  created: 26929327   present: 2965   in FES: 158
** Event #19800576   t=238.528158011442   Elapsed: 402.683s (6m 42s)  47% completed  (23% total)
     Speed:     ev/sec=52831.5   simsec/sec=0.276714   ev/simsec=190925
     Messages:  created: 27074586   present: 2955   in FES: 160
** Event #19917568   t=239.180236427888   Elapsed: 404.685s (6m 44s)  47% completed  (23% total)
     Speed:     ev/sec=58416.1   simsec/sec=0.325594   ev/simsec=179414
     Messages:  created: 27235489   present: 2944   in FES: 159
** Event #20039424   t=240.116742217621   Elapsed: 406.685s (6m 46s)  48% completed  (24% total)
     Speed:     ev/sec=60927.2   simsec/sec=0.468247   ev/simsec=130118
     Messages:  created: 27402463   present: 2976   in FES: 160
** Event #20152320   t=240.844317329081   Elapsed: 408.686s (6m 48s)  48% completed  (24% total)
     Speed:     ev/sec=56432.3   simsec/sec=0.363687   ev/simsec=155167
     Messages:  created: 27557743   present: 2963   in FES: 163
** Event #20279296   t=241.798386300738   Elapsed: 410.688s (6m 50s)  48% completed  (24% total)
     Speed:     ev/sec=63435.2   simsec/sec=0.476637   ev/simsec=133089
     Messages:  created: 27731048   present: 2893   in FES: 164
** Event #20401920   t=242.203168914981   Elapsed: 412.693s (6m 52s)  48% completed  (24% total)
     Speed:     ev/sec=61141.2   simsec/sec=0.201827   ev/simsec=302938
     Messages:  created: 27900573   present: 2834   in FES: 158
** Event #20531968   t=242.602154933836   Elapsed: 414.694s (6m 54s)  48% completed  (24% total)
     Speed:     ev/sec=65003.1   simsec/sec=0.199429   ev/simsec=325946
     Messages:  created: 28081268   present: 2908   in FES: 187
** Event #20654080   t=242.972260073482   Elapsed: 416.694s (6m 56s)  48% completed  (24% total)
     Speed:     ev/sec=61045.8   simsec/sec=0.185022   ev/simsec=329939
     Messages:  created: 28251254   present: 2860   in FES: 158
** Event #20784128   t=243.341574138496   Elapsed: 418.695s (6m 58s)  48% completed  (24% total)
     Speed:     ev/sec=64996   simsec/sec=0.184577   ev/simsec=352134
     Messages:  created: 28431670   present: 2878   in FES: 158
** Event #20884421   t=243.621035192408   Elapsed: 420.206s (7m 00s)  48% completed  (24% total)
     Speed:     ev/sec=66368.7   simsec/sec=0.184934   ev/simsec=358877
     Messages:  created: 28571159   present: 2784   in FES: 134
<!> Error: Mobility moved outside the area 0,0,0 - 3650,1250,60 (x=3650,y=202.288,z=18.9663) -- in module (inet::physicallayer::Ieee80211Radio) FanetReconNetwork.uav[18].wlan[0].radio (id=1318), at t=243.621035192408s, event #20884421
undisposed object: (omnetpp::cMessage) FanetReconNetwork.groundStation.app.debugTimer -- check module destructor
undisposed object: (omnetpp::cMessage) FanetReconNetwork.uav[0].app.debugTimer -- check module destructor
undisposed object: (omnetpp::cMessage) FanetReconNetwork.uav[1].app.debugTimer -- check module destructor
undisposed object: (omnetpp::cMessage) FanetReconNetwork.uav[2].app.debugTimer -- check module destructor
undisposed object: (omnetpp::cMessage) FanetReconNetwork.uav[3].app.debugTimer -- check module destructor
undisposed object: (omnetpp::cMessage) FanetReconNetwork.uav[4].app.debugTimer -- check module destructor
undisposed object: (omnetpp::cMessage) FanetReconNetwork.uav[5].app.debugTimer -- check module destructor
undisposed object: (omnetpp::cMessage) FanetReconNetwork.uav[6].app.debugTimer -- check module destructor
undisposed object: (omnetpp::cMessage) FanetReconNetwork.uav[7].app.debugTimer -- check module destructor
undisposed object: (omnetpp::cMessage) FanetReconNetwork.uav[8].app.debugTimer -- check module destructor
undisposed object: (omnetpp::cMessage) FanetReconNetwork.uav[9].app.debugTimer -- check module destructor
undisposed object: (omnetpp::cMessage) FanetReconNetwork.uav[10].app.debugTimer -- check module destructor
undisposed object: (omnetpp::cMessage) FanetReconNetwork.uav[11].app.debugTimer -- check module destructor
undisposed object: (omnetpp::cMessage) FanetReconNetwork.uav[12].app.debugTimer -- check module destructor
undisposed object: (omnetpp::cMessage) FanetReconNetwork.uav[13].app.debugTimer -- check module destructor
undisposed object: (omnetpp::cMessage) FanetReconNetwork.uav[14].app.debugTimer -- check module destructor
undisposed object: (omnetpp::cMessage) FanetReconNetwork.uav[15].app.debugTimer -- check module destructor
undisposed object: (omnetpp::cMessage) FanetReconNetwork.uav[16].app.debugTimer -- check module destructor
undisposed object: (omnetpp::cMessage) FanetReconNetwork.uav[17].app.debugTimer -- check module destructor
undisposed object: (omnetpp::cMessage) FanetReconNetwork.uav[18].app.debugTimer -- check module destructor
undisposed object: (omnetpp::cMessage) FanetReconNetwork.uav[19].app.debugTimer -- check module destructor
undisposed object: (omnetpp::cMessage) FanetReconNetwork.uav[20].app.debugTimer -- check module destructor
undisposed object: (omnetpp::cMessage) FanetReconNetwork.uav[21].app.debugTimer -- check module destructor
undisposed object: (omnetpp::cMessage) FanetReconNetwork.uav[22].app.debugTimer -- check module destructor
undisposed object: (omnetpp::cMessage) FanetReconNetwork.uav[23].app.debugTimer -- check module destructor
undisposed object: (omnetpp::cMessage) FanetReconNetwork.uav[24].app.debugTimer -- check module destructor
undisposed object: (omnetpp::cMessage) FanetReconNetwork.uav[25].app.debugTimer -- check module destructor
undisposed object: (omnetpp::cMessage) FanetReconNetwork.uav[26].app.debugTimer -- check module destructor
undisposed object: (omnetpp::cMessage) FanetReconNetwork.uav[27].app.debugTimer -- check module destructor
undisposed object: (omnetpp::cMessage) FanetReconNetwork.uav[28].app.debugTimer -- check module destructor
undisposed object: (omnetpp::cMessage) FanetReconNetwork.uav[29].app.debugTimer -- check module destructor
