** Event #0   t=0   Elapsed: 2e-05s (0m 00s)  0% completed  (0% total)
     Speed:     ev/sec=0   simsec/sec=0   ev/simsec=0
     Messages:  created: 1178   present: 1178   in FES: 186
** Event #114944   t=33.099936008416   Elapsed: 2.00139s (0m 02s)  6% completed  (3% total)
     Speed:     ev/sec=57433.1   simsec/sec=16.5386   ev/simsec=3472.67
     Messages:  created: 113612   present: 1189   in FES: 146
** Event #213760   t=61.9   Elapsed: 4.0021s (0m 04s)  12% completed  (6% total)
     Speed:     ev/sec=49390.2   simsec/sec=14.3949   ev/simsec=3431.1
     Messages:  created: 207634   present: 1116   in FES: 122
** Event #303104   t=87.019041853895   Elapsed: 6.00505s (0m 06s)  17% completed  (8% total)
     Speed:     ev/sec=44606.2   simsec/sec=12.541   ev/simsec=3556.82
     Messages:  created: 292544   present: 1213   in FES: 154
** Event #383488   t=100.349350138913   Elapsed: 8.00678s (0m 08s)  20% completed  (10% total)
     Speed:     ev/sec=40157.4   simsec/sec=6.65942   ev/simsec=6030.17
     Messages:  created: 381138   present: 1221   in FES: 162
** Event #455936   t=101.082192224597   Elapsed: 10.0121s (0m 10s)  20% completed  (10% total)
     Speed:     ev/sec=36127.7   simsec/sec=0.365447   ev/simsec=98859
     Messages:  created: 478793   present: 1303   in FES: 181
** Event #528128   t=101.45797017011   Elapsed: 12.0129s (0m 12s)  20% completed  (10% total)
     Speed:     ev/sec=36081.5   simsec/sec=0.187814   ev/simsec=192113
     Messages:  created: 578382   present: 1351   in FES: 166
** Event #604160   t=101.75519494123   Elapsed: 14.0183s (0m 14s)  20% completed  (10% total)
     Speed:     ev/sec=37913.1   simsec/sec=0.14821   ev/simsec=255806
     Messages:  created: 683630   present: 1311   in FES: 154
** Event #667648   t=101.986334080268   Elapsed: 16.022s (0m 16s)  20% completed  (10% total)
     Speed:     ev/sec=31685.2   simsec/sec=0.115356   ev/simsec=274674
     Messages:  created: 771602   present: 1371   in FES: 172
** Event #746752   t=102.267959625506   Elapsed: 18.0242s (0m 18s)  20% completed  (10% total)
     Speed:     ev/sec=39509.6   simsec/sec=0.140662   ev/simsec=280884
     Messages:  created: 880356   present: 1342   in FES: 161
** Event #817664   t=102.503515182971   Elapsed: 20.0296s (0m 20s)  20% completed  (10% total)
     Speed:     ev/sec=35360.5   simsec/sec=0.117461   ev/simsec=301042
     Messages:  created: 978719   present: 1393   in FES: 163
** Event #890112   t=102.769998723203   Elapsed: 22.0332s (0m 22s)  20% completed  (10% total)
     Speed:     ev/sec=36158.4   simsec/sec=0.133001   ev/simsec=271867
     Messages:  created: 1079337   present: 1397   in FES: 166
** Event #968448   t=103.036903453541   Elapsed: 24.0356s (0m 24s)  20% completed  (10% total)
     Speed:     ev/sec=39121.9   simsec/sec=0.133295   ev/simsec=293498
     Messages:  created: 1187683   present: 1484   in FES: 192
** Event #1029120   t=103.208203270786   Elapsed: 26.038s (0m 26s)  20% completed  (10% total)
     Speed:     ev/sec=30299.9   simsec/sec=0.085548   ev/simsec=354186
     Messages:  created: 1270966   present: 1467   in FES: 173
** Event #1104128   t=103.427823941749   Elapsed: 28.0414s (0m 28s)  20% completed  (10% total)
     Speed:     ev/sec=37440.2   simsec/sec=0.109623   ev/simsec=341534
     Messages:  created: 1374167   present: 1444   in FES: 168
** Event #1179648   t=103.819369038869   Elapsed: 30.048s (0m 30s)  20% completed  (10% total)
     Speed:     ev/sec=37635.7   simsec/sec=0.195128   ev/simsec=192877
     Messages:  created: 1478314   present: 1360   in FES: 130
** Event #1252608   t=104.218013588949   Elapsed: 32.0488s (0m 32s)  20% completed  (10% total)
     Speed:     ev/sec=36464.8   simsec/sec=0.199239   ev/simsec=183020
     Messages:  created: 1578026   present: 1434   in FES: 142
** Event #1333760   t=104.71117572709   Elapsed: 34.0531s (0m 34s)  20% completed  (10% total)
     Speed:     ev/sec=40490.2   simsec/sec=0.24606   ev/simsec=164554
     Messages:  created: 1689946   present: 1502   in FES: 154
** Event #1402368   t=105.084319549374   Elapsed: 36.0573s (0m 36s)  21% completed  (10% total)
     Speed:     ev/sec=34231.9   simsec/sec=0.18618   ev/simsec=183865
     Messages:  created: 1783969   present: 1486   in FES: 155
** Event #1477376   t=105.542455009085   Elapsed: 38.0574s (0m 38s)  21% completed  (10% total)
     Speed:     ev/sec=37501   simsec/sec=0.229049   ev/simsec=163725
     Messages:  created: 1887258   present: 1502   in FES: 144
** Event #1548544   t=105.940501144547   Elapsed: 40.059s (0m 40s)  21% completed  (10% total)
     Speed:     ev/sec=35555.3   simsec/sec=0.198862   ev/simsec=178793
     Messages:  created: 1985569   present: 1552   in FES: 166
** Event #1624832   t=106.324444062083   Elapsed: 42.0647s (0m 42s)  21% completed  (10% total)
     Speed:     ev/sec=38035.7   simsec/sec=0.191426   ev/simsec=198696
     Messages:  created: 2089858   present: 1548   in FES: 155
** Event #1683968   t=106.704907909935   Elapsed: 44.0682s (0m 44s)  21% completed  (10% total)
     Speed:     ev/sec=29516.4   simsec/sec=0.1899   ev/simsec=155431
     Messages:  created: 2171412   present: 1582   in FES: 155
** Event #1756416   t=107.082946997475   Elapsed: 46.0728s (0m 46s)  21% completed  (10% total)
     Speed:     ev/sec=36141.9   simsec/sec=0.188591   ev/simsec=191642
     Messages:  created: 2270731   present: 1611   in FES: 156
** Event #1828352   t=107.524559310494   Elapsed: 48.0762s (0m 48s)  21% completed  (10% total)
     Speed:     ev/sec=35907.1   simsec/sec=0.220432   ev/simsec=162894
     Messages:  created: 2369546   present: 1588   in FES: 142
** Event #1902848   t=107.955638088521   Elapsed: 50.0786s (0m 50s)  21% completed  (10% total)
     Speed:     ev/sec=37203.2   simsec/sec=0.21528   ev/simsec=172813
     Messages:  created: 2472359   present: 1565   in FES: 126
** Event #1981696   t=108.325449035938   Elapsed: 52.0837s (0m 52s)  21% completed  (10% total)
     Speed:     ev/sec=39323.6   simsec/sec=0.184435   ev/simsec=213212
     Messages:  created: 2580189   present: 1594   in FES: 135
** Event #2049792   t=108.774240742153   Elapsed: 54.091s (0m 54s)  21% completed  (10% total)
     Speed:     ev/sec=33924.5   simsec/sec=0.223582   ev/simsec=151732
     Messages:  created: 2674014   present: 1678   in FES: 152
** Event #2124544   t=109.205845068146   Elapsed: 56.0926s (0m 56s)  21% completed  (10% total)
     Speed:     ev/sec=37345   simsec/sec=0.215623   ev/simsec=173196
     Messages:  created: 2776235   present: 1713   in FES: 155
** Event #2196736   t=109.673114718793   Elapsed: 58.0966s (0m 58s)  21% completed  (10% total)
     Speed:     ev/sec=36024.1   simsec/sec=0.23317   ev/simsec=154498
     Messages:  created: 2875821   present: 1817   in FES: 185
** Event #2283008   t=110.160443080839   Elapsed: 60.1009s (1m 00s)  22% completed  (11% total)
     Speed:     ev/sec=43044.1   simsec/sec=0.243145   ev/simsec=177031
     Messages:  created: 2993975   present: 1683   in FES: 154
** Event #2347008   t=110.478377456869   Elapsed: 62.1046s (1m 02s)  22% completed  (11% total)
     Speed:     ev/sec=31941   simsec/sec=0.158674   ev/simsec=201299
     Messages:  created: 3082179   present: 1765   in FES: 154
** Event #2423296   t=110.920491840552   Elapsed: 64.1073s (1m 04s)  22% completed  (11% total)
     Speed:     ev/sec=38091.3   simsec/sec=0.220752   ev/simsec=172553
     Messages:  created: 3187388   present: 1720   in FES: 132
** Event #2499584   t=111.275927858849   Elapsed: 66.1143s (1m 06s)  22% completed  (11% total)
     Speed:     ev/sec=38011.2   simsec/sec=0.177099   ev/simsec=214632
     Messages:  created: 3291923   present: 1799   in FES: 156
** Event #2583296   t=111.743027029168   Elapsed: 68.1253s (1m 08s)  22% completed  (11% total)
     Speed:     ev/sec=41628.2   simsec/sec=0.232278   ev/simsec=179217
     Messages:  created: 3407427   present: 1801   in FES: 140
** Event #2660352   t=112.200508043888   Elapsed: 70.1288s (1m 10s)  22% completed  (11% total)
     Speed:     ev/sec=38459.5   simsec/sec=0.228334   ev/simsec=168435
     Messages:  created: 3512838   present: 1829   in FES: 154
** Event #2726912   t=112.576166683345   Elapsed: 72.1297s (1m 12s)  22% completed  (11% total)
     Speed:     ev/sec=33265.1   simsec/sec=0.187745   ev/simsec=177182
     Messages:  created: 3604574   present: 1840   in FES: 154
** Event #2804736   t=113.064053165006   Elapsed: 74.135s (1m 14s)  22% completed  (11% total)
     Speed:     ev/sec=38810.3   simsec/sec=0.243305   ev/simsec=159513
     Messages:  created: 3711248   present: 1827   in FES: 138
** Event #2885888   t=113.560405306858   Elapsed: 76.1368s (1m 16s)  22% completed  (11% total)
     Speed:     ev/sec=40539.4   simsec/sec=0.247952   ev/simsec=163497
     Messages:  created: 3822602   present: 1918   in FES: 154
** Event #2963200   t=114.036627340291   Elapsed: 78.1412s (1m 18s)  22% completed  (11% total)
     Speed:     ev/sec=38571.9   simsec/sec=0.237593   ev/simsec=162344
     Messages:  created: 3928935   present: 1924   in FES: 156
** Event #3041024   t=114.436949403117   Elapsed: 80.1413s (1m 20s)  22% completed  (11% total)
     Speed:     ev/sec=38908.4   simsec/sec=0.200142   ev/simsec=194403
     Messages:  created: 4035769   present: 1971   in FES: 155
** Event #3106816   t=114.800865800368   Elapsed: 82.1439s (1m 22s)  22% completed  (11% total)
     Speed:     ev/sec=32853.4   simsec/sec=0.181723   ev/simsec=180789
     Messages:  created: 4126548   present: 1942   in FES: 161
** Event #3188480   t=115.229712869683   Elapsed: 84.1443s (1m 24s)  23% completed  (11% total)
     Speed:     ev/sec=40824.4   simsec/sec=0.214383   ev/simsec=190427
     Messages:  created: 4238562   present: 1998   in FES: 153
** Event #3280640   t=115.631060406901   Elapsed: 86.1451s (1m 26s)  23% completed  (11% total)
     Speed:     ev/sec=46061   simsec/sec=0.200591   ev/simsec=229626
     Messages:  created: 4365744   present: 2019   in FES: 162
** Event #3358720   t=115.991682514606   Elapsed: 88.1477s (1m 28s)  23% completed  (11% total)
     Speed:     ev/sec=38989.6   simsec/sec=0.180078   ev/simsec=216515
     Messages:  created: 4473681   present: 2023   in FES: 163
** Event #3432704   t=116.342947854665   Elapsed: 90.1488s (1m 30s)  23% completed  (11% total)
     Speed:     ev/sec=36971.5   simsec/sec=0.175535   ev/simsec=210621
     Messages:  created: 4575207   present: 2000   in FES: 143
** Event #3526656   t=116.931396075585   Elapsed: 92.15s (1m 32s)  23% completed  (11% total)
     Speed:     ev/sec=46949   simsec/sec=0.294055   ev/simsec=159661
     Messages:  created: 4704896   present: 2048   in FES: 142
** Event #3617280   t=117.434751218224   Elapsed: 94.1572s (1m 34s)  23% completed  (11% total)
     Speed:     ev/sec=45148.9   simsec/sec=0.250772   ev/simsec=180040
     Messages:  created: 4829308   present: 2052   in FES: 135
** Event #3696896   t=117.85697089586   Elapsed: 96.158s (1m 36s)  23% completed  (11% total)
     Speed:     ev/sec=39792   simsec/sec=0.211025   ev/simsec=188565
     Messages:  created: 4939269   present: 2122   in FES: 163
** Event #3776512   t=118.284269374216   Elapsed: 98.1588s (1m 38s)  23% completed  (11% total)
     Speed:     ev/sec=39792.5   simsec/sec=0.213566   ev/simsec=186324
     Messages:  created: 5048331   present: 2130   in FES: 165
** Event #3848960   t=118.688173668215   Elapsed: 100.161s (1m 40s)  23% completed  (11% total)
     Speed:     ev/sec=36183.8   simsec/sec=0.201728   ev/simsec=179369
     Messages:  created: 5148312   present: 2162   in FES: 158
** Event #3932672   t=119.159085815895   Elapsed: 102.166s (1m 42s)  23% completed  (11% total)
     Speed:     ev/sec=41742.8   simsec/sec=0.234819   ev/simsec=177766
     Messages:  created: 5263091   present: 2097   in FES: 154
** Event #4019712   t=119.568631946478   Elapsed: 104.167s (1m 44s)  23% completed  (11% total)
     Speed:     ev/sec=43509.8   simsec/sec=0.204725   ev/simsec=212528
     Messages:  created: 5383040   present: 2139   in FES: 127
** Event #4100096   t=119.820007604451   Elapsed: 106.17s (1m 46s)  23% completed  (11% total)
     Speed:     ev/sec=40128.8   simsec/sec=0.12549   ev/simsec=319776
     Messages:  created: 5493639   present: 2228   in FES: 167
** Event #4172800   t=120.05430774574   Elapsed: 108.172s (1m 48s)  24% completed  (12% total)
     Speed:     ev/sec=36321.6   simsec/sec=0.117052   ev/simsec=310303
     Messages:  created: 5593658   present: 2235   in FES: 146
** Event #4256512   t=120.314148531616   Elapsed: 110.172s (1m 50s)  24% completed  (12% total)
     Speed:     ev/sec=41847   simsec/sec=0.129893   ev/simsec=322167
     Messages:  created: 5708861   present: 2272   in FES: 160
** Event #4343808   t=120.694725403613   Elapsed: 112.178s (1m 52s)  24% completed  (12% total)
     Speed:     ev/sec=43530.4   simsec/sec=0.189776   ev/simsec=229378
     Messages:  created: 5829452   present: 2194   in FES: 140
** Event #4433152   t=121.064126272502   Elapsed: 114.181s (1m 54s)  24% completed  (12% total)
     Speed:     ev/sec=44593.1   simsec/sec=0.184374   ev/simsec=241862
     Messages:  created: 5952500   present: 2273   in FES: 154
** Event #4516864   t=121.475802263505   Elapsed: 116.182s (1m 56s)  24% completed  (12% total)
     Speed:     ev/sec=41846.7   simsec/sec=0.205792   ev/simsec=203344
     Messages:  created: 6067705   present: 2273   in FES: 149
** Event #4606976   t=121.920161865754   Elapsed: 118.185s (1m 58s)  24% completed  (12% total)
     Speed:     ev/sec=44982.7   simsec/sec=0.221818   ev/simsec=202791
     Messages:  created: 6192142   present: 2297   in FES: 149
** Event #4700416   t=122.289927138923   Elapsed: 120.187s (2m 00s)  24% completed  (12% total)
     Speed:     ev/sec=46669.4   simsec/sec=0.184683   ev/simsec=252701
     Messages:  created: 6320577   present: 2424   in FES: 185
** Event #4790272   t=122.735218900225   Elapsed: 122.191s (2m 02s)  24% completed  (12% total)
     Speed:     ev/sec=44833   simsec/sec=0.222175   ev/simsec=201791
     Messages:  created: 6444529   present: 2340   in FES: 155
** Event #4890368   t=123.218917418263   Elapsed: 124.195s (2m 04s)  24% completed  (12% total)
     Speed:     ev/sec=49964.7   simsec/sec=0.241447   ev/simsec=206939
     Messages:  created: 6581753   present: 2377   in FES: 156
** Event #4984832   t=123.675782221947   Elapsed: 126.197s (2m 06s)  24% completed  (12% total)
     Speed:     ev/sec=47173   simsec/sec=0.228147   ev/simsec=206766
     Messages:  created: 6712178   present: 2388   in FES: 156
** Event #5083904   t=124.090272224846   Elapsed: 128.199s (2m 08s)  24% completed  (12% total)
     Speed:     ev/sec=49494.4   simsec/sec=0.207071   ev/simsec=239021
     Messages:  created: 6848257   present: 2367   in FES: 143
** Event #5178880   t=124.546017974171   Elapsed: 130.202s (2m 10s)  24% completed  (12% total)
     Speed:     ev/sec=47414.5   simsec/sec=0.22752   ev/simsec=208397
     Messages:  created: 6979292   present: 2444   in FES: 165
** Event #5285376   t=125.051589358107   Elapsed: 132.203s (2m 12s)  25% completed  (12% total)
     Speed:     ev/sec=53223.9   simsec/sec=0.252671   ev/simsec=210645
     Messages:  created: 7125954   present: 2483   in FES: 164
** Event #5390080   t=125.490133166068   Elapsed: 134.204s (2m 14s)  25% completed  (12% total)
     Speed:     ev/sec=52321.9   simsec/sec=0.219146   ev/simsec=238754
     Messages:  created: 7270173   present: 2492   in FES: 164
** Event #5487360   t=125.961562124492   Elapsed: 136.208s (2m 16s)  25% completed  (12% total)
     Speed:     ev/sec=48539.4   simsec/sec=0.235227   ev/simsec=206351
     Messages:  created: 7404395   present: 2514   in FES: 154
** Event #5592064   t=126.439488458521   Elapsed: 138.212s (2m 18s)  25% completed  (12% total)
     Speed:     ev/sec=52243.4   simsec/sec=0.238468   ev/simsec=219080
     Messages:  created: 7548040   present: 2547   in FES: 158
** Event #5700096   t=126.859745456886   Elapsed: 140.213s (2m 20s)  25% completed  (12% total)
     Speed:     ev/sec=53990.8   simsec/sec=0.21003   ev/simsec=257062
     Messages:  created: 7697256   present: 2538   in FES: 156
** Event #5795584   t=127.279386255636   Elapsed: 142.215s (2m 22s)  25% completed  (12% total)
     Speed:     ev/sec=47696.3   simsec/sec=0.209611   ev/simsec=227547
     Messages:  created: 7828209   present: 2564   in FES: 154
** Event #5901568   t=127.765950886908   Elapsed: 144.219s (2m 24s)  25% completed  (12% total)
     Speed:     ev/sec=52892.4   simsec/sec=0.242825   ev/simsec=217821
     Messages:  created: 7974463   present: 2513   in FES: 143
** Event #6021120   t=128.296136648977   Elapsed: 146.22s (2m 26s)  25% completed  (12% total)
     Speed:     ev/sec=59744.4   simsec/sec=0.264953   ev/simsec=225491
     Messages:  created: 8138631   present: 2638   in FES: 156
** Event #6132480   t=128.742736698164   Elapsed: 148.22s (2m 28s)  25% completed  (12% total)
     Speed:     ev/sec=55679.8   simsec/sec=0.223299   ev/simsec=249351
     Messages:  created: 8292296   present: 2614   in FES: 148
** Event #6255360   t=129.133216136447   Elapsed: 150.22s (2m 30s)  25% completed  (12% total)
     Speed:     ev/sec=61439.1   simsec/sec=0.195237   ev/simsec=314690
     Messages:  created: 8461885   present: 2674   in FES: 154
** Event #6369536   t=129.494969931663   Elapsed: 152.224s (2m 32s)  25% completed  (12% total)
     Speed:     ev/sec=56974.3   simsec/sec=0.180516   ev/simsec=315618
     Messages:  created: 8620281   present: 2806   in FES: 185
** Event #6490880   t=129.820562449463   Elapsed: 154.227s (2m 34s)  25% completed  (12% total)
     Speed:     ev/sec=60570.1   simsec/sec=0.162523   ev/simsec=372687
     Messages:  created: 8788823   present: 2839   in FES: 202
** Event #6612736   t=130.140318457505   Elapsed: 156.228s (2m 36s)  26% completed  (13% total)
     Speed:     ev/sec=60918.4   simsec/sec=0.159853   ev/simsec=381091
     Messages:  created: 8958113   present: 2775   in FES: 158
** Event #6728704   t=130.430170848537   Elapsed: 158.231s (2m 38s)  26% completed  (13% total)
     Speed:     ev/sec=57901   simsec/sec=0.144719   ev/simsec=400093
     Messages:  created: 9120157   present: 2746   in FES: 143
** Event #6847488   t=130.721545238144   Elapsed: 160.234s (2m 40s)  26% completed  (13% total)
     Speed:     ev/sec=59292.7   simsec/sec=0.145444   ev/simsec=407668
     Messages:  created: 9285743   present: 2696   in FES: 142
** Event #6969600   t=131.023281798257   Elapsed: 162.235s (2m 42s)  26% completed  (13% total)
     Speed:     ev/sec=61011.1   simsec/sec=0.150757   ev/simsec=404697
     Messages:  created: 9455907   present: 2857   in FES: 185
** Event #7081728   t=131.381428602428   Elapsed: 164.236s (2m 44s)  26% completed  (13% total)
     Speed:     ev/sec=56052.2   simsec/sec=0.179036   ev/simsec=313078
     Messages:  created: 9610659   present: 2779   in FES: 160
** Event #7204608   t=131.818507850725   Elapsed: 166.239s (2m 46s)  26% completed  (13% total)
     Speed:     ev/sec=61340.2   simsec/sec=0.218185   ev/simsec=281139
     Messages:  created: 9780511   present: 2795   in FES: 158
** Event #7326976   t=132.141470912415   Elapsed: 168.242s (2m 48s)  26% completed  (13% total)
     Speed:     ev/sec=61081   simsec/sec=0.16121   ev/simsec=378892
     Messages:  created: 9950469   present: 2796   in FES: 159
** Event #7443968   t=132.464774465894   Elapsed: 170.244s (2m 50s)  26% completed  (13% total)
     Speed:     ev/sec=58453   simsec/sec=0.161533   ev/simsec=361864
     Messages:  created: 10113763   present: 2856   in FES: 156
** Event #7565568   t=132.810206671609   Elapsed: 172.248s (2m 52s)  26% completed  (13% total)
     Speed:     ev/sec=60684.2   simsec/sec=0.172387   ev/simsec=352023
     Messages:  created: 10283241   present: 2854   in FES: 156
** Event #7685120   t=133.122695651877   Elapsed: 174.249s (2m 54s)  26% completed  (13% total)
     Speed:     ev/sec=59724.3   simsec/sec=0.156109   ev/simsec=382580
     Messages:  created: 10449278   present: 2876   in FES: 159
** Event #7794432   t=133.536354879499   Elapsed: 176.253s (2m 56s)  26% completed  (13% total)
     Speed:     ev/sec=54566.1   simsec/sec=0.206489   ev/simsec=264256
     Messages:  created: 10600636   present: 2886   in FES: 153
** Event #7916800   t=133.949312233901   Elapsed: 178.254s (2m 58s)  26% completed  (13% total)
     Speed:     ev/sec=61148.8   simsec/sec=0.20636   ev/simsec=296321
     Messages:  created: 10770332   present: 2926   in FES: 167
** Event #8038912   t=134.291574571263   Elapsed: 180.256s (3m 00s)  26% completed  (13% total)
     Speed:     ev/sec=60985.2   simsec/sec=0.170933   ev/simsec=356779
     Messages:  created: 10938596   present: 2945   in FES: 166
** Event #8153344   t=134.630773964829   Elapsed: 182.259s (3m 02s)  26% completed  (13% total)
     Speed:     ev/sec=57143.4   simsec/sec=0.169384   ev/simsec=337359
     Messages:  created: 11097347   present: 3017   in FES: 185
** Event #8274944   t=135.01671317603   Elapsed: 184.259s (3m 04s)  27% completed  (13% total)
     Speed:     ev/sec=60798.1   simsec/sec=0.192963   ev/simsec=315076
     Messages:  created: 11265634   present: 2946   in FES: 161
** Event #8390656   t=135.321636071877   Elapsed: 186.262s (3m 06s)  27% completed  (13% total)
     Speed:     ev/sec=57763.8   simsec/sec=0.152218   ev/simsec=379480
     Messages:  created: 11425842   present: 3079   in FES: 186
** Event #8503040   t=135.641571070269   Elapsed: 188.265s (3m 08s)  27% completed  (13% total)
     Speed:     ev/sec=56113.1   simsec/sec=0.159743   ev/simsec=351271
     Messages:  created: 11582485   present: 2980   in FES: 144
** Event #8624384   t=135.992071844525   Elapsed: 190.267s (3m 10s)  27% completed  (13% total)
     Speed:     ev/sec=60589.8   simsec/sec=0.175013   ev/simsec=346202
     Messages:  created: 11751466   present: 3000   in FES: 163
** Event #8740352   t=136.471864816886   Elapsed: 192.27s (3m 12s)  27% completed  (13% total)
     Speed:     ev/sec=57907.7   simsec/sec=0.239581   ev/simsec=241704
     Messages:  created: 11910901   present: 2985   in FES: 154
** Event #8860416   t=136.978932121118   Elapsed: 194.274s (3m 14s)  27% completed  (13% total)
     Speed:     ev/sec=59921   simsec/sec=0.253065   ev/simsec=236781
     Messages:  created: 12076818   present: 3029   in FES: 154
** Event #8982272   t=137.470410977771   Elapsed: 196.276s (3m 16s)  27% completed  (13% total)
     Speed:     ev/sec=60858.8   simsec/sec=0.24546   ev/simsec=247937
     Messages:  created: 12244210   present: 3039   in FES: 154
** Event #9092864   t=137.986302389779   Elapsed: 198.278s (3m 18s)  27% completed  (13% total)
     Speed:     ev/sec=55232.7   simsec/sec=0.25765   ev/simsec=214371
     Messages:  created: 12396893   present: 3084   in FES: 163
** Event #9201152   t=138.478168753478   Elapsed: 200.279s (3m 20s)  27% completed  (13% total)
     Speed:     ev/sec=54119.3   simsec/sec=0.245821   ev/simsec=220157
     Messages:  created: 12545426   present: 3097   in FES: 156
** Event #9323520   t=139.031649092014   Elapsed: 202.283s (3m 22s)  27% completed  (13% total)
     Speed:     ev/sec=61070.8   simsec/sec=0.276228   ev/simsec=221088
     Messages:  created: 12714150   present: 3220   in FES: 171
** Event #9437184   t=139.552877065656   Elapsed: 204.283s (3m 24s)  27% completed  (13% total)
     Speed:     ev/sec=56826.7   simsec/sec=0.26059   ev/simsec=218070
     Messages:  created: 12870589   present: 3153   in FES: 165
** Event #9554176   t=140.081693386302   Elapsed: 206.284s (3m 26s)  28% completed  (14% total)
     Speed:     ev/sec=58474.7   simsec/sec=0.264312   ev/simsec=221234
     Messages:  created: 13031495   present: 3125   in FES: 130
** Event #9669632   t=140.67893833473   Elapsed: 208.286s (3m 28s)  28% completed  (14% total)
     Speed:     ev/sec=57671.3   simsec/sec=0.298329   ev/simsec=193314
     Messages:  created: 13190764   present: 3196   in FES: 164
** Event #9784832   t=141.1713404189   Elapsed: 210.289s (3m 30s)  28% completed  (14% total)
     Speed:     ev/sec=57519.6   simsec/sec=0.245858   ev/simsec=233955
     Messages:  created: 13348959   present: 3243   in FES: 168
** Event #9906176   t=141.707962948412   Elapsed: 212.292s (3m 32s)  28% completed  (14% total)
     Speed:     ev/sec=60573.3   simsec/sec=0.267875   ev/simsec=226125
     Messages:  created: 13516407   present: 3253   in FES: 167
** Event #10013952   t=142.159354960843   Elapsed: 214.295s (3m 34s)  28% completed  (14% total)
     Speed:     ev/sec=53817.3   simsec/sec=0.2254   ev/simsec=238764
     Messages:  created: 13664222   present: 3176   in FES: 136
** Event #10130176   t=142.590471053449   Elapsed: 216.299s (3m 36s)  28% completed  (14% total)
     Speed:     ev/sec=57989.4   simsec/sec=0.215103   ev/simsec=269589
     Messages:  created: 13824694   present: 3336   in FES: 161
** Event #10238720   t=142.976871473141   Elapsed: 218.301s (3m 38s)  28% completed  (14% total)
     Speed:     ev/sec=54208.6   simsec/sec=0.192975   ev/simsec=280911
     Messages:  created: 13974524   present: 3314   in FES: 156
** Event #10347264   t=143.304466767441   Elapsed: 220.305s (3m 40s)  28% completed  (14% total)
     Speed:     ev/sec=54176.9   simsec/sec=0.163511   ev/simsec=331336
     Messages:  created: 14123981   present: 3367   in FES: 157
** Event #10465536   t=143.680878084141   Elapsed: 222.306s (3m 42s)  28% completed  (14% total)
     Speed:     ev/sec=59102.1   simsec/sec=0.188098   ev/simsec=314209
     Messages:  created: 14287956   present: 3393   in FES: 159
** Event #10579712   t=144.03945836759   Elapsed: 224.311s (3m 44s)  28% completed  (14% total)
     Speed:     ev/sec=56943.1   simsec/sec=0.178835   ev/simsec=318411
     Messages:  created: 14445601   present: 3340   in FES: 144
** Event #10697728   t=144.514887212415   Elapsed: 226.313s (3m 46s)  28% completed  (14% total)
     Speed:     ev/sec=58943.5   simsec/sec=0.237455   ev/simsec=248231
     Messages:  created: 14608164   present: 3329   in FES: 155
** Event #10815488   t=145.013349143409   Elapsed: 228.317s (3m 48s)  29% completed  (14% total)
     Speed:     ev/sec=58774.8   simsec/sec=0.248786   ev/simsec=236247
     Messages:  created: 14770700   present: 3285   in FES: 136
** Event #10927104   t=145.464069943448   Elapsed: 230.319s (3m 50s)  29% completed  (14% total)
     Speed:     ev/sec=55756.3   simsec/sec=0.225152   ev/simsec=247639
     Messages:  created: 14924456   present: 3451   in FES: 156
** Event #11041024   t=145.944310425256   Elapsed: 232.321s (3m 52s)  29% completed  (14% total)
     Speed:     ev/sec=56899   simsec/sec=0.239863   ev/simsec=237214
     Messages:  created: 15082060   present: 3472   in FES: 167
** Event #11152384   t=146.36558134178   Elapsed: 234.323s (3m 54s)  29% completed  (14% total)
     Speed:     ev/sec=55608.7   simsec/sec=0.210366   ev/simsec=264343
     Messages:  created: 15235138   present: 3511   in FES: 155
** Event #11257088   t=146.814884025858   Elapsed: 236.324s (3m 56s)  29% completed  (14% total)
     Speed:     ev/sec=52332.5   simsec/sec=0.224567   ev/simsec=233037
     Messages:  created: 15379436   present: 3544   in FES: 167
** Event #11368960   t=147.211850999803   Elapsed: 238.326s (3m 58s)  29% completed  (14% total)
     Speed:     ev/sec=55888   simsec/sec=0.198313   ev/simsec=281817
     Messages:  created: 15532888   present: 3524   in FES: 166
** Event #11474688   t=147.605944310954   Elapsed: 240.326s (4m 00s)  29% completed  (14% total)
     Speed:     ev/sec=52843.5   simsec/sec=0.19697   ev/simsec=268282
     Messages:  created: 15678824   present: 3542   in FES: 155
** Event #11601152   t=148.070727139978   Elapsed: 242.33s (4m 02s)  29% completed  (14% total)
     Speed:     ev/sec=63121.9   simsec/sec=0.231987   ev/simsec=272093
     Messages:  created: 15852988   present: 3523   in FES: 140
** Event #11728128   t=148.667272872911   Elapsed: 244.333s (4m 04s)  29% completed  (14% total)
     Speed:     ev/sec=63379.5   simsec/sec=0.297763   ev/simsec=212852
     Messages:  created: 16028078   present: 3586   in FES: 156
** Event #11847424   t=149.230003535694   Elapsed: 246.334s (4m 06s)  29% completed  (14% total)
     Speed:     ev/sec=59634.5   simsec/sec=0.281301   ev/simsec=211995
     Messages:  created: 16191799   present: 3639   in FES: 167
** Event #11973376   t=149.910781990363   Elapsed: 248.337s (4m 08s)  29% completed  (14% total)
     Speed:     ev/sec=62886.8   simsec/sec=0.339907   ev/simsec=185012
     Messages:  created: 16365522   present: 3620   in FES: 163
** Event #12093952   t=150.444591373236   Elapsed: 250.337s (4m 10s)  30% completed  (15% total)
     Speed:     ev/sec=60273.7   simsec/sec=0.266841   ev/simsec=225878
     Messages:  created: 16530989   present: 3689   in FES: 157
** Event #12216576   t=151.022088120181   Elapsed: 252.341s (4m 12s)  30% completed  (15% total)
     Speed:     ev/sec=61204.1   simsec/sec=0.28824   ev/simsec=212337
     Messages:  created: 16699955   present: 3687   in FES: 158
** Event #12343040   t=151.72557164198   Elapsed: 254.435s (4m 14s)  30% completed  (15% total)
     Speed:     ev/sec=60373.5   simsec/sec=0.335841   ev/simsec=179768
     Messages:  created: 16873747   present: 3701   in FES: 146
** Event #12470528   t=152.428002768808   Elapsed: 256.436s (4m 16s)  30% completed  (15% total)
     Speed:     ev/sec=63723.1   simsec/sec=0.3511   ev/simsec=181495
     Messages:  created: 17048595   present: 3773   in FES: 147
** Event #12600320   t=153.067088762085   Elapsed: 258.44s (4m 18s)  30% completed  (15% total)
     Speed:     ev/sec=64757.8   simsec/sec=0.318863   ev/simsec=203090
     Messages:  created: 17226997   present: 3739   in FES: 127
** Event #12723200   t=153.772423506003   Elapsed: 260.442s (4m 20s)  30% completed  (15% total)
     Speed:     ev/sec=61383.1   simsec/sec=0.352341   ev/simsec=174215
     Messages:  created: 17395879   present: 3849   in FES: 155
** Event #12850688   t=154.461934004911   Elapsed: 262.443s (4m 22s)  30% completed  (15% total)
     Speed:     ev/sec=63732.2   simsec/sec=0.344692   ev/simsec=184896
     Messages:  created: 17570725   present: 3882   in FES: 165
** Event #12970240   t=155.101956947428   Elapsed: 264.444s (4m 24s)  31% completed  (15% total)
     Speed:     ev/sec=59737.8   simsec/sec=0.319807   ev/simsec=186793
     Messages:  created: 17734507   present: 3855   in FES: 132
** Event #13089280   t=155.587211532445   Elapsed: 266.444s (4m 26s)  31% completed  (15% total)
     Speed:     ev/sec=59510.8   simsec/sec=0.24259   ev/simsec=245315
     Messages:  created: 17898479   present: 3957   in FES: 165
** Event #13217280   t=156.100027028022   Elapsed: 268.445s (4m 28s)  31% completed  (15% total)
     Speed:     ev/sec=63972.5   simsec/sec=0.256298   ev/simsec=249602
     Messages:  created: 18074164   present: 3925   in FES: 132
** Event #13336576   t=156.701672901233   Elapsed: 270.447s (4m 30s)  31% completed  (15% total)
     Speed:     ev/sec=59600.4   simsec/sec=0.300583   ev/simsec=198283
     Messages:  created: 18238746   present: 4006   in FES: 155
** Event #13465856   t=157.308170620122   Elapsed: 272.45s (4m 32s)  31% completed  (15% total)
     Speed:     ev/sec=64522.3   simsec/sec=0.302697   ev/simsec=213158
     Messages:  created: 18416395   present: 4031   in FES: 151
** Event #13586432   t=157.944798554752   Elapsed: 274.451s (4m 34s)  31% completed  (15% total)
     Speed:     ev/sec=60278.4   simsec/sec=0.318263   ev/simsec=189398
     Messages:  created: 18582764   present: 4078   in FES: 153
** Event #13716224   t=158.552976132925   Elapsed: 276.452s (4m 36s)  31% completed  (15% total)
     Speed:     ev/sec=64853.4   simsec/sec=0.303889   ev/simsec=213411
     Messages:  created: 18760970   present: 4049   in FES: 132
** Event #13846272   t=159.242042171786   Elapsed: 278.455s (4m 38s)  31% completed  (15% total)
     Speed:     ev/sec=64911.6   simsec/sec=0.343937   ev/simsec=188731
     Messages:  created: 18939458   present: 4135   in FES: 155
** Event #13968128   t=159.700552241975   Elapsed: 280.455s (4m 40s)  31% completed  (15% total)
     Speed:     ev/sec=60923.3   simsec/sec=0.229237   ev/simsec=265765
     Messages:  created: 19107667   present: 4127   in FES: 150
** Event #14096640   t=160.157961540074   Elapsed: 282.458s (4m 42s)  32% completed  (16% total)
     Speed:     ev/sec=64183.1   simsec/sec=0.228445   ev/simsec=280956
     Messages:  created: 19284586   present: 4280   in FES: 179
** Event #14215936   t=160.583137317964   Elapsed: 284.462s (4m 44s)  32% completed  (16% total)
     Speed:     ev/sec=59517.5   simsec/sec=0.212123   ev/simsec=280580
     Messages:  created: 19449356   present: 4224   in FES: 164
** Event #14335232   t=161.058896912585   Elapsed: 286.466s (4m 46s)  32% completed  (16% total)
     Speed:     ev/sec=59522.6   simsec/sec=0.23738   ev/simsec=250748
     Messages:  created: 19613722   present: 4236   in FES: 154
** Event #14455296   t=161.458955565953   Elapsed: 288.468s (4m 48s)  32% completed  (16% total)
     Speed:     ev/sec=59967.4   simsec/sec=0.199814   ev/simsec=300116
     Messages:  created: 19779266   present: 4264   in FES: 164
** Event #14566144   t=161.801170834505   Elapsed: 290.47s (4m 50s)  32% completed  (16% total)
     Speed:     ev/sec=55378.3   simsec/sec=0.170967   ev/simsec=323913
     Messages:  created: 19932358   present: 4262   in FES: 141
** Event #14684672   t=162.161142722723   Elapsed: 292.474s (4m 52s)  32% completed  (16% total)
     Speed:     ev/sec=59157.9   simsec/sec=0.179664   ev/simsec=329270
     Messages:  created: 20095351   present: 4289   in FES: 155
** Event #14802176   t=162.538336213135   Elapsed: 294.475s (4m 54s)  32% completed  (16% total)
     Speed:     ev/sec=58707.1   simsec/sec=0.188452   ev/simsec=311522
     Messages:  created: 20257659   present: 4340   in FES: 157
** Event #14915328   t=162.908551745489   Elapsed: 296.479s (4m 56s)  32% completed  (16% total)
     Speed:     ev/sec=56464.6   simsec/sec=0.184743   ev/simsec=305638
     Messages:  created: 20413836   present: 4272   in FES: 147
** Event #15032832   t=163.258347727462   Elapsed: 298.48s (4m 58s)  32% completed  (16% total)
     Speed:     ev/sec=58719.9   simsec/sec=0.174803   ev/simsec=335922
     Messages:  created: 20575574   present: 4335   in FES: 138
** Event #15159808   t=163.667727166475   Elapsed: 300.482s (5m 00s)  32% completed  (16% total)
     Speed:     ev/sec=63422   simsec/sec=0.204477   ev/simsec=310167
     Messages:  created: 20751071   present: 4394   in FES: 155
** Event #15295488   t=164.096511335483   Elapsed: 302.484s (5m 02s)  32% completed  (16% total)
     Speed:     ev/sec=67780.2   simsec/sec=0.214203   ev/simsec=316430
     Messages:  created: 20937901   present: 4397   in FES: 155
** Event #15432448   t=164.564118756356   Elapsed: 304.487s (5m 04s)  32% completed  (16% total)
     Speed:     ev/sec=68392.5   simsec/sec=0.233505   ev/simsec=292895
     Messages:  created: 21127032   present: 4497   in FES: 186
** Event #15563008   t=165.046009565591   Elapsed: 306.487s (5m 06s)  33% completed  (16% total)
     Speed:     ev/sec=65263.5   simsec/sec=0.240885   ev/simsec=270933
     Messages:  created: 21307096   present: 4463   in FES: 155
** Event #15699968   t=165.532201734078   Elapsed: 308.488s (5m 08s)  33% completed  (16% total)
     Speed:     ev/sec=68456   simsec/sec=0.243011   ev/simsec=281699
     Messages:  created: 21496235   present: 4451   in FES: 164
** Event #15828224   t=165.932933030477   Elapsed: 310.489s (5m 10s)  33% completed  (16% total)
     Speed:     ev/sec=64105.1   simsec/sec=0.200294   ev/simsec=320055
     Messages:  created: 21672787   present: 4508   in FES: 158
** Event #15964160   t=166.349317883008   Elapsed: 312.491s (5m 12s)  33% completed  (16% total)
     Speed:     ev/sec=67901   simsec/sec=0.207987   ev/simsec=326467
     Messages:  created: 21859692   present: 4536   in FES: 162
** Event #16091648   t=166.725485988704   Elapsed: 314.492s (5m 14s)  33% completed  (16% total)
     Speed:     ev/sec=63686.5   simsec/sec=0.187914   ev/simsec=338912
     Messages:  created: 22035804   present: 4538   in FES: 166
** Event #16227584   t=167.126114298563   Elapsed: 316.494s (5m 16s)  33% completed  (16% total)
     Speed:     ev/sec=67920.3   simsec/sec=0.200174   ev/simsec=339307
     Messages:  created: 22223050   present: 4651   in FES: 189
** Event #16363264   t=167.520158754647   Elapsed: 318.497s (5m 18s)  33% completed  (16% total)
     Speed:     ev/sec=67734.3   simsec/sec=0.196715   ev/simsec=344327
     Messages:  created: 22410674   present: 4591   in FES: 157
** Event #16491264   t=167.891875367443   Elapsed: 320.499s (5m 20s)  33% completed  (16% total)
     Speed:     ev/sec=63923.8   simsec/sec=0.185637   ev/simsec=344348
     Messages:  created: 22587911   present: 4610   in FES: 161
** Event #16627200   t=168.28704025851   Elapsed: 322.503s (5m 22s)  33% completed  (16% total)
     Speed:     ev/sec=67856.9   simsec/sec=0.19726   ev/simsec=343998
     Messages:  created: 22775359   present: 4616   in FES: 167
** Event #16754688   t=168.65460307882   Elapsed: 324.506s (5m 24s)  33% completed  (16% total)
     Speed:     ev/sec=63635.9   simsec/sec=0.18347   ev/simsec=346847
     Messages:  created: 22951785   present: 4621   in FES: 156
** Event #16890368   t=169.036533678729   Elapsed: 326.508s (5m 26s)  33% completed  (16% total)
     Speed:     ev/sec=67786   simsec/sec=0.190813   ev/simsec=355248
     Messages:  created: 23139240   present: 4640   in FES: 165
** Event #17023488   t=169.394880668413   Elapsed: 328.509s (5m 28s)  33% completed  (16% total)
     Speed:     ev/sec=66497   simsec/sec=0.179004   ev/simsec=371484
     Messages:  created: 23323275   present: 4616   in FES: 150
** Event #17134336   t=169.697559493954   Elapsed: 330.513s (5m 30s)  33% completed  (16% total)
     Speed:     ev/sec=55325.6   simsec/sec=0.151071   ev/simsec=366223
     Messages:  created: 23476791   present: 4575   in FES: 128
** Event #17255680   t=170.018203935354   Elapsed: 332.516s (5m 32s)  34% completed  (17% total)
     Speed:     ev/sec=60583   simsec/sec=0.160087   ev/simsec=378438
     Messages:  created: 23644777   present: 4747   in FES: 188
** Event #17375488   t=170.353871053939   Elapsed: 334.519s (5m 34s)  34% completed  (17% total)
     Speed:     ev/sec=59799.8   simsec/sec=0.167542   ev/simsec=356925
     Messages:  created: 23809977   present: 4657   in FES: 158
** Event #17494528   t=170.712537810014   Elapsed: 336.522s (5m 36s)  34% completed  (17% total)
     Speed:     ev/sec=59443.1   simsec/sec=0.179102   ev/simsec=331896
     Messages:  created: 23974680   present: 4708   in FES: 165
** Event #17638144   t=171.143444518375   Elapsed: 338.524s (5m 38s)  34% completed  (17% total)
     Speed:     ev/sec=71749.1   simsec/sec=0.215277   ev/simsec=333288
     Messages:  created: 24172994   present: 4667   in FES: 157
** Event #17773312   t=171.588729325498   Elapsed: 340.524s (5m 40s)  34% completed  (17% total)
     Speed:     ev/sec=67567.1   simsec/sec=0.222587   ev/simsec=303554
     Messages:  created: 24360169   present: 4726   in FES: 153
** Event #17917440   t=172.063246686204   Elapsed: 342.527s (5m 42s)  34% completed  (17% total)
     Speed:     ev/sec=71959   simsec/sec=0.236913   ev/simsec=303736
     Messages:  created: 24559357   present: 4750   in FES: 157
** Event #18057472   t=172.490643823373   Elapsed: 344.565s (5m 44s)  34% completed  (17% total)
     Speed:     ev/sec=68698.7   simsec/sec=0.209678   ev/simsec=327639
     Messages:  created: 24752986   present: 4885   in FES: 172
** Event #18202112   t=172.915935329239   Elapsed: 346.566s (5m 46s)  34% completed  (17% total)
     Speed:     ev/sec=72300.9   simsec/sec=0.21259   ev/simsec=340096
     Messages:  created: 24952802   present: 4803   in FES: 152
** Event #18344704   t=173.302959182886   Elapsed: 348.568s (5m 48s)  34% completed  (17% total)
     Speed:     ev/sec=71230.9   simsec/sec=0.193335   ev/simsec=368432
     Messages:  created: 25149816   present: 4880   in FES: 189
** Event #18481152   t=173.715537169261   Elapsed: 350.571s (5m 50s)  34% completed  (17% total)
     Speed:     ev/sec=68129.7   simsec/sec=0.206004   ev/simsec=330721
     Messages:  created: 25338785   present: 4911   in FES: 186
** Event #18624768   t=174.142642017948   Elapsed: 352.572s (5m 52s)  34% completed  (17% total)
     Speed:     ev/sec=71756.5   simsec/sec=0.213399   ev/simsec=336255
     Messages:  created: 25536890   present: 4936   in FES: 186
