** Event #0   t=0   Elapsed: 1.8e-05s (0m 00s)  0% completed  (0% total)
     Speed:     ev/sec=0   simsec/sec=0   ev/simsec=0
     Messages:  created: 1938   present: 1938   in FES: 306
** Event #104704   t=12.014939747803   Elapsed: 2.00032s (0m 02s)  2% completed  (1% total)
     Speed:     ev/sec=52344.7   simsec/sec=6.00657   ev/simsec=8714.57
     Messages:  created: 110604   present: 1965   in FES: 254
** Event #188672   t=21.100036853679   Elapsed: 4.00231s (0m 04s)  4% completed  (2% total)
     Speed:     ev/sec=41942.2   simsec/sec=4.53802   ev/simsec=9242.39
     Messages:  created: 197986   present: 1872   in FES: 211
** Event #265216   t=30.095517900484   Elapsed: 6.00268s (0m 06s)  6% completed  (3% total)
     Speed:     ev/sec=38264.9   simsec/sec=4.49691   ev/simsec=8509.16
     Messages:  created: 277408   present: 1975   in FES: 254
** Event #348160   t=40.057905646824   Elapsed: 8.00749s (0m 08s)  8% completed  (4% total)
     Speed:     ev/sec=41372.5   simsec/sec=4.96924   ev/simsec=8325.71
     Messages:  created: 362849   present: 1986   in FES: 254
** Event #426752   t=49.076382078888   Elapsed: 10.0103s (0m 10s)  9% completed  (4% total)
     Speed:     ev/sec=39241.6   simsec/sec=4.503   ev/simsec=8714.55
     Messages:  created: 445038   present: 1967   in FES: 242
** Event #506624   t=59.019785445294   Elapsed: 12.0186s (0m 12s)  11% completed  (5% total)
     Speed:     ev/sec=39769.5   simsec/sec=4.95097   ev/simsec=8032.66
     Messages:  created: 529344   present: 1967   in FES: 242
** Event #595712   t=70.013225955232   Elapsed: 14.0196s (0m 14s)  14% completed  (7% total)
     Speed:     ev/sec=44523.5   simsec/sec=5.4942   ev/simsec=8103.74
     Messages:  created: 624664   present: 1957   in FES: 238
** Event #681216   t=80.086857595065   Elapsed: 16.025s (0m 16s)  16% completed  (8% total)
     Speed:     ev/sec=42636.2   simsec/sec=5.02318   ev/simsec=8487.9
     Messages:  created: 717608   present: 1966   in FES: 243
** Event #766720   t=91.04471848313   Elapsed: 18.0255s (0m 18s)  18% completed  (9% total)
     Speed:     ev/sec=42742   simsec/sec=5.47765   ev/simsec=7802.98
     Messages:  created: 809716   present: 1959   in FES: 254
** Event #845312   t=100.099715322992   Elapsed: 20.0283s (0m 20s)  20% completed  (10% total)
     Speed:     ev/sec=39239.6   simsec/sec=4.521   ev/simsec=8679.41
     Messages:  created: 894396   present: 2120   in FES: 305
** Event #925440   t=100.317795818459   Elapsed: 22.0387s (0m 22s)  20% completed  (10% total)
     Speed:     ev/sec=39856.7   simsec/sec=0.108476   ev/simsec=367424
     Messages:  created: 1006668   present: 2103   in FES: 280
** Event #1001472   t=100.456589712263   Elapsed: 24.0422s (0m 24s)  20% completed  (10% total)
     Speed:     ev/sec=37950.2   simsec/sec=0.0692769   ev/simsec=547805
     Messages:  created: 1114192   present: 2263   in FES: 350
** Event #1079552   t=100.5479224286   Elapsed: 26.0447s (0m 26s)  20% completed  (10% total)
     Speed:     ev/sec=38990.9   simsec/sec=0.045609   ev/simsec=854896
     Messages:  created: 1224759   present: 2341   in FES: 360
** Event #1149952   t=100.613657149767   Elapsed: 28.0485s (0m 28s)  20% completed  (10% total)
     Speed:     ev/sec=35132.6   simsec/sec=0.0328045   ev/simsec=1.07097e+06
     Messages:  created: 1324417   present: 2172   in FES: 264
** Event #1211904   t=100.681054670601   Elapsed: 30.0529s (0m 30s)  20% completed  (10% total)
     Speed:     ev/sec=30908.4   simsec/sec=0.0336252   ev/simsec=919203
     Messages:  created: 1412695   present: 2428   in FES: 353
** Event #1288960   t=100.766748489861   Elapsed: 32.0559s (0m 32s)  20% completed  (10% total)
     Speed:     ev/sec=38470.5   simsec/sec=0.0427829   ev/simsec=899201
     Messages:  created: 1522055   present: 2239   in FES: 307
** Event #1359104   t=100.831653224932   Elapsed: 34.0575s (0m 34s)  20% completed  (10% total)
     Speed:     ev/sec=35044.6   simsec/sec=0.032427   ev/simsec=1.08072e+06
     Messages:  created: 1621676   present: 2475   in FES: 366
** Event #1434624   t=100.902009672678   Elapsed: 36.0627s (0m 36s)  20% completed  (10% total)
     Speed:     ev/sec=37661.4   simsec/sec=0.0350864   ev/simsec=1.07339e+06
     Messages:  created: 1728839   present: 2320   in FES: 307
** Event #1506048   t=100.974615375578   Elapsed: 38.073s (0m 38s)  20% completed  (10% total)
     Speed:     ev/sec=35528.8   simsec/sec=0.0361167   ev/simsec=983724
     Messages:  created: 1830585   present: 2302   in FES: 306
** Event #1571072   t=101.038584348599   Elapsed: 40.2021s (0m 40s)  20% completed  (10% total)
     Speed:     ev/sec=30541.6   simsec/sec=0.0300461   ev/simsec=1.01649e+06
     Messages:  created: 1922616   present: 2498   in FES: 348
** Event #1637888   t=101.095269376523   Elapsed: 42.2069s (0m 42s)  20% completed  (10% total)
     Speed:     ev/sec=33326.7   simsec/sec=0.0282736   ev/simsec=1.17872e+06
     Messages:  created: 2017255   present: 2547   in FES: 320
** Event #1705472   t=101.154803596714   Elapsed: 44.209s (0m 44s)  20% completed  (10% total)
     Speed:     ev/sec=33756.6   simsec/sec=0.0297359   ev/simsec=1.13521e+06
     Messages:  created: 2113416   present: 2691   in FES: 391
** Event #1778176   t=101.227798851307   Elapsed: 46.2102s (0m 46s)  20% completed  (10% total)
     Speed:     ev/sec=36330.7   simsec/sec=0.0364762   ev/simsec=996010
     Messages:  created: 2216697   present: 2635   in FES: 359
** Event #1850880   t=101.306191582053   Elapsed: 48.2164s (0m 48s)  20% completed  (10% total)
     Speed:     ev/sec=36240.5   simsec/sec=0.0390761   ev/simsec=927433
     Messages:  created: 2320066   present: 2523   in FES: 317
** Event #1919744   t=101.374958943382   Elapsed: 50.2164s (0m 50s)  20% completed  (10% total)
     Speed:     ev/sec=34431.9   simsec/sec=0.0343836   ev/simsec=1.00141e+06
     Messages:  created: 2418181   present: 2548   in FES: 317
** Event #1983232   t=101.435171621361   Elapsed: 52.2185s (0m 52s)  20% completed  (10% total)
     Speed:     ev/sec=31709.8   simsec/sec=0.0300739   ev/simsec=1.0544e+06
     Messages:  created: 2508592   present: 2544   in FES: 332
** Event #2066688   t=101.511944918705   Elapsed: 54.2214s (0m 54s)  20% completed  (10% total)
     Speed:     ev/sec=41668.8   simsec/sec=0.0383322   ev/simsec=1.08704e+06
     Messages:  created: 2627434   present: 2866   in FES: 401
** Event #2145024   t=101.597232477102   Elapsed: 56.2245s (0m 56s)  20% completed  (10% total)
     Speed:     ev/sec=39105.6   simsec/sec=0.0425758   ev/simsec=918493
     Messages:  created: 2739048   present: 2488   in FES: 313
** Event #2218240   t=101.685167985225   Elapsed: 58.2282s (0m 58s)  20% completed  (10% total)
     Speed:     ev/sec=36542   simsec/sec=0.0438885   ev/simsec=832610
     Messages:  created: 2843407   present: 2497   in FES: 303
** Event #2293504   t=101.77903769961   Elapsed: 60.2329s (1m 00s)  20% completed  (10% total)
     Speed:     ev/sec=37542.9   simsec/sec=0.0468237   ev/simsec=801792
     Messages:  created: 2950782   present: 2479   in FES: 302
** Event #2358784   t=101.847723645834   Elapsed: 62.239s (1m 02s)  20% completed  (10% total)
     Speed:     ev/sec=32540.9   simsec/sec=0.0342388   ev/simsec=950413
     Messages:  created: 3043878   present: 2477   in FES: 314
** Event #2438144   t=101.931029518271   Elapsed: 64.2424s (1m 04s)  20% completed  (10% total)
     Speed:     ev/sec=39611.9   simsec/sec=0.0415815   ev/simsec=952634
     Messages:  created: 3157174   present: 2662   in FES: 362
** Event #2509824   t=102.001280360622   Elapsed: 66.2452s (1m 06s)  20% completed  (10% total)
     Speed:     ev/sec=35791   simsec/sec=0.0350774   ev/simsec=1.02034e+06
     Messages:  created: 3259641   present: 2526   in FES: 309
** Event #2587648   t=102.085285660619   Elapsed: 68.2489s (1m 08s)  20% completed  (10% total)
     Speed:     ev/sec=38840.1   simsec/sec=0.041925   ev/simsec=926418
     Messages:  created: 3370724   present: 2540   in FES: 297
** Event #2660864   t=102.16240826145   Elapsed: 70.2533s (1m 10s)  20% completed  (10% total)
     Speed:     ev/sec=36526.8   simsec/sec=0.0384757   ev/simsec=949346
     Messages:  created: 3474989   present: 2404   in FES: 290
** Event #2737664   t=102.257599795757   Elapsed: 72.2962s (1m 12s)  20% completed  (10% total)
     Speed:     ev/sec=37594.1   simsec/sec=0.0465968   ev/simsec=806794
     Messages:  created: 3584358   present: 2457   in FES: 313
** Event #2821632   t=102.356268162159   Elapsed: 74.2968s (1m 14s)  20% completed  (10% total)
     Speed:     ev/sec=41971.3   simsec/sec=0.0493193   ev/simsec=851012
     Messages:  created: 3704261   present: 2599   in FES: 340
** Event #2892800   t=102.44391032262   Elapsed: 76.2975s (1m 16s)  20% completed  (10% total)
     Speed:     ev/sec=35572.1   simsec/sec=0.0438064   ev/simsec=812029
     Messages:  created: 3805705   present: 2537   in FES: 333
** Event #2971904   t=102.540744609578   Elapsed: 78.3035s (1m 18s)  20% completed  (10% total)
     Speed:     ev/sec=39432.1   simsec/sec=0.0482703   ev/simsec=816901
     Messages:  created: 3918030   present: 2437   in FES: 314
** Event #3052032   t=102.647816135151   Elapsed: 80.3039s (1m 20s)  20% completed  (10% total)
     Speed:     ev/sec=40056   simsec/sec=0.0535251   ev/simsec=748360
     Messages:  created: 4032173   present: 2371   in FES: 296
** Event #3130624   t=102.768590467142   Elapsed: 82.5483s (1m 22s)  20% completed  (10% total)
     Speed:     ev/sec=35017.1   simsec/sec=0.0538117   ev/simsec=650734
     Messages:  created: 4144094   present: 2368   in FES: 296
** Event #3210752   t=102.888748265783   Elapsed: 84.5526s (1m 24s)  20% completed  (10% total)
     Speed:     ev/sec=39978.9   simsec/sec=0.0599512   ev/simsec=666856
     Messages:  created: 4258059   present: 2388   in FES: 296
** Event #3288576   t=103.012922719495   Elapsed: 86.5571s (1m 26s)  20% completed  (10% total)
     Speed:     ev/sec=38824.4   simsec/sec=0.0619474   ev/simsec=626731
     Messages:  created: 4368738   present: 2439   in FES: 335
** Event #3374080   t=103.136829622727   Elapsed: 88.564s (1m 28s)  20% completed  (10% total)
     Speed:     ev/sec=42604.4   simsec/sec=0.0617396   ev/simsec=690066
     Messages:  created: 4488787   present: 2306   in FES: 313
** Event #3452416   t=103.241657053125   Elapsed: 90.5696s (1m 30s)  20% completed  (10% total)
     Speed:     ev/sec=39059.2   simsec/sec=0.0522681   ev/simsec=747285
     Messages:  created: 4600315   present: 2465   in FES: 320
** Event #3524096   t=103.333393203112   Elapsed: 92.5701s (1m 32s)  20% completed  (10% total)
     Speed:     ev/sec=35831.5   simsec/sec=0.0458572   ev/simsec=781371
     Messages:  created: 4702247   present: 2390   in FES: 317
