** Event #0   t=0   Elapsed: 2.6e-05s (0m 00s)  0% completed  (0% total)
     Speed:     ev/sec=0   simsec/sec=0   ev/simsec=0
     Messages:  created: 1178   present: 1178   in FES: 186
** Event #75776   t=13.034074539909   Elapsed: 2.00433s (0m 02s)  2% completed  (1% total)
     Speed:     ev/sec=37807   simsec/sec=6.50302   ev/simsec=5813.76
     Messages:  created: 80361   present: 1216   in FES: 154
** Event #135424   t=22.20998745134   Elapsed: 4.00476s (0m 04s)  4% completed  (2% total)
     Speed:     ev/sec=29817.6   simsec/sec=4.58697   ev/simsec=6500.5
     Messages:  created: 142554   present: 1153   in FES: 134
** Event #174848   t=29.026336184316   Elapsed: 6.01284s (0m 06s)  5% completed  (2% total)
     Speed:     ev/sec=19632.7   simsec/sec=3.39446   ev/simsec=5783.74
     Messages:  created: 184173   present: 1198   in FES: 154
** Event #214016   t=35.079106851953   Elapsed: 8.01764s (0m 08s)  7% completed  (3% total)
     Speed:     ev/sec=19537.1   simsec/sec=3.01913   ev/simsec=6471.09
     Messages:  created: 225790   present: 1162   in FES: 135
** Event #253440   t=42.00727721049   Elapsed: 10.0254s (0m 10s)  8% completed  (4% total)
     Speed:     ev/sec=19635.4   simsec/sec=3.45062   ev/simsec=5690.39
     Messages:  created: 267380   present: 1205   in FES: 150
** Event #292352   t=48.065498058335   Elapsed: 12.0296s (0m 12s)  9% completed  (4% total)
     Speed:     ev/sec=19415.8   simsec/sec=3.02285   ev/simsec=6423.01
     Messages:  created: 308363   present: 1123   in FES: 124
** Event #331264   t=54.197517650318   Elapsed: 14.0333s (0m 14s)  10% completed  (5% total)
     Speed:     ev/sec=19419.5   simsec/sec=3.06026   ev/simsec=6345.71
     Messages:  created: 349537   present: 1117   in FES: 123
** Event #369664   t=61.007232712451   Elapsed: 16.0463s (0m 16s)  12% completed  (6% total)
     Speed:     ev/sec=19076.3   simsec/sec=3.38292   ev/simsec=5639
     Messages:  created: 390222   present: 1215   in FES: 154
** Event #424192   t=69.44146487795   Elapsed: 18.0781s (0m 18s)  13% completed  (6% total)
     Speed:     ev/sec=26837.7   simsec/sec=4.15117   ev/simsec=6465.08
     Messages:  created: 448052   present: 1200   in FES: 151
** Event #493312   t=81.044338241936   Elapsed: 20.0834s (0m 20s)  16% completed  (8% total)
     Speed:     ev/sec=34467.9   simsec/sec=5.78597   ev/simsec=5957.15
     Messages:  created: 521137   present: 1196   in FES: 154
** Event #493568   t=81.045139711619   Elapsed: 25.5143s (0m 25s)  16% completed  (8% total)
     Speed:     ev/sec=47.1376   simsec/sec=0.000147576   ev/simsec=319413
     Messages:  created: 521382   present: 1201   in FES: 150
** Event #531712   t=87.06616408266   Elapsed: 27.5232s (0m 27s)  17% completed  (8% total)
     Speed:     ev/sec=18988.1   simsec/sec=2.99726   ev/simsec=6335.13
     Messages:  created: 561652   present: 1161   in FES: 134
** Event #585728   t=96.031520146619   Elapsed: 29.5238s (0m 29s)  19% completed  (9% total)
     Speed:     ev/sec=27000   simsec/sec=4.48136   ev/simsec=6024.97
     Messages:  created: 618666   present: 1146   in FES: 129
** Event #648704   t=101.852716301779   Elapsed: 31.5249s (0m 31s)  20% completed  (10% total)
     Speed:     ev/sec=31470.4   simsec/sec=2.90897   ev/simsec=10818.4
     Messages:  created: 692965   present: 1353   in FES: 173
** Event #683008   t=103.758172709661   Elapsed: 33.5323s (0m 33s)  20% completed  (10% total)
     Speed:     ev/sec=17088.3   simsec/sec=0.949192   ev/simsec=18003
     Messages:  created: 735291   present: 1548   in FES: 161
** Event #711424   t=106.000503519028   Elapsed: 35.5336s (0m 35s)  21% completed  (10% total)
     Speed:     ev/sec=14199   simsec/sec=1.12045   ev/simsec=12672.5
     Messages:  created: 769350   present: 1751   in FES: 155
** Event #764160   t=109.496663006325   Elapsed: 37.5409s (0m 37s)  21% completed  (10% total)
     Speed:     ev/sec=26272.9   simsec/sec=1.74177   ev/simsec=15084
     Messages:  created: 832423   present: 1996   in FES: 131
** Event #839424   t=113.097309755286   Elapsed: 39.5463s (0m 39s)  22% completed  (11% total)
     Speed:     ev/sec=37529.2   simsec/sec=1.7954   ev/simsec=20902.9
     Messages:  created: 926177   present: 2335   in FES: 155
** Event #911616   t=116.826660065274   Elapsed: 41.5526s (0m 41s)  23% completed  (11% total)
     Speed:     ev/sec=35983.9   simsec/sec=1.85888   ev/simsec=19357.8
     Messages:  created: 1015795   present: 2638   in FES: 155
** Event #987392   t=120.564373550387   Elapsed: 43.5578s (0m 43s)  24% completed  (12% total)
     Speed:     ev/sec=37790   simsec/sec=1.86402   ev/simsec=20273.4
     Messages:  created: 1109254   present: 2929   in FES: 154
** Event #1054208   t=124.612410020894   Elapsed: 45.5601s (0m 45s)  24% completed  (12% total)
     Speed:     ev/sec=33368.8   simsec/sec=2.02164   ev/simsec=16505.8
     Messages:  created: 1190310   present: 3293   in FES: 154
** Event #1135104   t=126.615523192995   Elapsed: 47.5653s (0m 47s)  25% completed  (12% total)
     Speed:     ev/sec=40343.2   simsec/sec=0.998961   ev/simsec=40385.1
     Messages:  created: 1297230   present: 3562   in FES: 155
** Event #1211648   t=128.154140381476   Elapsed: 49.5699s (0m 49s)  25% completed  (12% total)
     Speed:     ev/sec=38184.2   simsec/sec=0.767543   ev/simsec=49748.6
     Messages:  created: 1399036   present: 3630   in FES: 153
** Event #1286400   t=130.320324863773   Elapsed: 51.5752s (0m 51s)  26% completed  (13% total)
     Speed:     ev/sec=37276.3   simsec/sec=1.0802   ev/simsec=34508.6
     Messages:  created: 1496825   present: 3707   in FES: 126
** Event #1359872   t=133.733161524989   Elapsed: 53.577s (0m 53s)  26% completed  (13% total)
     Speed:     ev/sec=36704.1   simsec/sec=1.70494   ev/simsec=21528.1
     Messages:  created: 1589419   present: 4068   in FES: 155
** Event #1429504   t=138.02255251158   Elapsed: 55.5827s (0m 55s)  27% completed  (13% total)
     Speed:     ev/sec=34716.8   simsec/sec=2.13859   ev/simsec=16233.5
     Messages:  created: 1675173   present: 4326   in FES: 125
** Event #1429760   t=138.029556004214   Elapsed: 58.0146s (0m 58s)  27% completed  (13% total)
     Speed:     ev/sec=105.268   simsec/sec=0.00287987   ev/simsec=36553.2
     Messages:  created: 1675477   present: 4330   in FES: 125
** Event #1468672   t=140.251012090103   Elapsed: 60.026s (1m 00s)  28% completed  (14% total)
     Speed:     ev/sec=19345.4   simsec/sec=1.10441   ev/simsec=17516.4
     Messages:  created: 1723070   present: 4546   in FES: 132
** Event #1489152   t=141.076775493416   Elapsed: 62.7209s (1m 02s)  28% completed  (14% total)
     Speed:     ev/sec=7599.5   simsec/sec=0.306416   ev/simsec=24801.3
     Messages:  created: 1749625   present: 4747   in FES: 175
** Event #1526272   t=142.475488112245   Elapsed: 64.7336s (1m 04s)  28% completed  (14% total)
     Speed:     ev/sec=18443   simsec/sec=0.694947   ev/simsec=26538.7
     Messages:  created: 1797493   present: 4776   in FES: 149
** Event #1591808   t=145.393299489262   Elapsed: 66.734s (1m 06s)  29% completed  (14% total)
     Speed:     ev/sec=32761.5   simsec/sec=1.45862   ev/simsec=22460.7
     Messages:  created: 1880640   present: 5023   in FES: 154
** Event #1592064   t=145.40413729081   Elapsed: 69.063s (1m 09s)  29% completed  (14% total)
     Speed:     ev/sec=109.92   simsec/sec=0.0046535   ev/simsec=23621
     Messages:  created: 1880865   present: 4939   in FES: 131
** Event #1703168   t=150.1   Elapsed: 71.0679s (1m 11s)  30% completed  (15% total)
     Speed:     ev/sec=55416.5   simsec/sec=2.3422   ev/simsec=23660
     Messages:  created: 2021615   present: 5549   in FES: 187
** Event #1805824   t=151.519923131977   Elapsed: 73.068s (1m 13s)  30% completed  (15% total)
     Speed:     ev/sec=51326   simsec/sec=0.709934   ev/simsec=72296.9
     Messages:  created: 2160215   present: 5588   in FES: 157
** Event #1918720   t=151.917159575743   Elapsed: 75.0724s (1m 15s)  30% completed  (15% total)
     Speed:     ev/sec=56322.5   simsec/sec=0.198177   ev/simsec=284204
     Messages:  created: 2316348   present: 5517   in FES: 146
** Event #2022400   t=152.810645523637   Elapsed: 77.0762s (1m 17s)  30% completed  (15% total)
     Speed:     ev/sec=51741.4   simsec/sec=0.445894   ev/simsec=116040
     Messages:  created: 2457913   present: 5601   in FES: 161
** Event #2102272   t=153.484371110423   Elapsed: 79.0812s (1m 19s)  30% completed  (15% total)
     Speed:     ev/sec=39836.8   simsec/sec=0.336026   ev/simsec=118553
     Messages:  created: 2566555   present: 5689   in FES: 157
** Event #2210048   t=154.390981509595   Elapsed: 81.0827s (1m 21s)  30% completed  (15% total)
     Speed:     ev/sec=53848   simsec/sec=0.452969   ev/simsec=118878
     Messages:  created: 2713728   present: 5672   in FES: 145
** Event #2324224   t=155.364220376503   Elapsed: 83.087s (1m 23s)  31% completed  (15% total)
     Speed:     ev/sec=56966.3   simsec/sec=0.485582   ev/simsec=117315
     Messages:  created: 2869811   present: 5760   in FES: 131
** Event #2428416   t=156.165684020651   Elapsed: 85.0877s (1m 25s)  31% completed  (15% total)
     Speed:     ev/sec=52077.2   simsec/sec=0.400587   ev/simsec=130002
     Messages:  created: 3012322   present: 5901   in FES: 157
** Event #2542336   t=157.000283654059   Elapsed: 87.0892s (1m 27s)  31% completed  (15% total)
     Speed:     ev/sec=56917.3   simsec/sec=0.416987   ev/simsec=136497
     Messages:  created: 3168846   present: 5950   in FES: 155
** Event #2542592   t=157.001168488392   Elapsed: 97.8419s (1m 37s)  31% completed  (15% total)
     Speed:     ev/sec=23.8079   simsec/sec=8.22892e-05   ev/simsec=289320
     Messages:  created: 3169185   present: 5964   in FES: 156
** Event #2618112   t=157.561142417137   Elapsed: 99.8454s (1m 39s)  31% completed  (15% total)
     Speed:     ev/sec=37694.6   simsec/sec=0.279502   ev/simsec=134863
     Messages:  created: 3271912   present: 5954   in FES: 162
** Event #2702592   t=158.160088070419   Elapsed: 101.847s (1m 41s)  31% completed  (15% total)
     Speed:     ev/sec=42210.9   simsec/sec=0.299267   ev/simsec=141048
     Messages:  created: 3387416   present: 6009   in FES: 160
** Event #2751232   t=158.501798605787   Elapsed: 103.969s (1m 43s)  31% completed  (15% total)
     Speed:     ev/sec=22915.9   simsec/sec=0.160991   ev/simsec=142343
     Messages:  created: 3454071   present: 6061   in FES: 155
** Event #2835456   t=159.114928380789   Elapsed: 105.972s (1m 45s)  31% completed  (15% total)
     Speed:     ev/sec=42051.8   simsec/sec=0.306127   ev/simsec=137367
     Messages:  created: 3569245   present: 6139   in FES: 155
** Event #2950144   t=159.981842293318   Elapsed: 107.975s (1m 47s)  31% completed  (15% total)
     Speed:     ev/sec=57269.9   simsec/sec=0.432897   ev/simsec=132295
     Messages:  created: 3726851   present: 6182   in FES: 160
** Event #3062272   t=160.746210088401   Elapsed: 109.976s (1m 49s)  32% completed  (16% total)
     Speed:     ev/sec=56041.6   simsec/sec=0.382031   ev/simsec=146694
     Messages:  created: 3880067   present: 6224   in FES: 160
** Event #3156736   t=161.392694678299   Elapsed: 111.98s (1m 51s)  32% completed  (16% total)
     Speed:     ev/sec=47116.4   simsec/sec=0.322451   ev/simsec=146119
     Messages:  created: 4008981   present: 6200   in FES: 150
** Event #3268096   t=162.17095554657   Elapsed: 113.984s (1m 53s)  32% completed  (16% total)
     Speed:     ev/sec=55573.3   simsec/sec=0.388385   ev/simsec=143088
     Messages:  created: 4161454   present: 6329   in FES: 154
** Event #3375872   t=162.990540860818   Elapsed: 115.987s (1m 55s)  32% completed  (16% total)
     Speed:     ev/sec=53807.4   simsec/sec=0.40918   ev/simsec=131501
     Messages:  created: 4309676   present: 6389   in FES: 154
** Event #3484672   t=163.744297987511   Elapsed: 117.989s (1m 57s)  32% completed  (16% total)
     Speed:     ev/sec=54341.5   simsec/sec=0.376473   ev/simsec=144344
     Messages:  created: 4458158   present: 6387   in FES: 143
** Event #3550208   t=164.223495013809   Elapsed: 119.996s (1m 59s)  32% completed  (16% total)
     Speed:     ev/sec=32663.6   simsec/sec=0.238835   ev/simsec=136762
     Messages:  created: 4547328   present: 6323   in FES: 125
** Event #3624192   t=164.74274563766   Elapsed: 122s (2m 01s)  32% completed  (16% total)
     Speed:     ev/sec=36917.5   simsec/sec=0.259103   ev/simsec=142482
     Messages:  created: 4649136   present: 6507   in FES: 153
** Event #3697408   t=165.246323885667   Elapsed: 124s (2m 03s)  33% completed  (16% total)
     Speed:     ev/sec=36607   simsec/sec=0.251782   ev/simsec=145392
     Messages:  created: 4748927   present: 6508   in FES: 143
** Event #3776000   t=165.84689832053   Elapsed: 126.002s (2m 06s)  33% completed  (16% total)
     Speed:     ev/sec=39262.2   simsec/sec=0.300029   ev/simsec=130861
     Messages:  created: 4856953   present: 6482   in FES: 137
** Event #3783936   t=165.8744046914   Elapsed: 128.002s (2m 08s)  33% completed  (16% total)
     Speed:     ev/sec=3967.72   simsec/sec=0.0137522   ev/simsec=288515
     Messages:  created: 4868017   present: 6583   in FES: 154
** Event #3893760   t=166.666368964239   Elapsed: 130.004s (2m 10s)  33% completed  (16% total)
     Speed:     ev/sec=54863.2   simsec/sec=0.39563   ev/simsec=138673
     Messages:  created: 5018081   present: 6612   in FES: 154
** Event #3994624   t=167.381144446309   Elapsed: 132.008s (2m 12s)  33% completed  (16% total)
     Speed:     ev/sec=50309.6   simsec/sec=0.356521   ev/simsec=141113
     Messages:  created: 5155954   present: 6671   in FES: 159
** Event #4104448   t=168.175422754336   Elapsed: 134.011s (2m 14s)  33% completed  (16% total)
     Speed:     ev/sec=54832.4   simsec/sec=0.396564   ev/simsec=138269
     Messages:  created: 5306302   present: 6717   in FES: 145
** Event #4216576   t=169.01214322572   Elapsed: 136.013s (2m 16s)  33% completed  (16% total)
     Speed:     ev/sec=56010.1   simsec/sec=0.417958   ev/simsec=134009
     Messages:  created: 5460423   present: 6774   in FES: 150
** Event #4314112   t=169.736069046286   Elapsed: 147.795s (2m 27s)  33% completed  (16% total)
     Speed:     ev/sec=8278.25   simsec/sec=0.0614424   ev/simsec=134732
     Messages:  created: 5593548   present: 6851   in FES: 161
** Event #4412928   t=170.415248361861   Elapsed: 149.799s (2m 29s)  34% completed  (17% total)
     Speed:     ev/sec=49318.4   simsec/sec=0.338974   ev/simsec=145493
     Messages:  created: 5728316   present: 6883   in FES: 162
** Event #4526592   t=171.242329567311   Elapsed: 151.802s (2m 31s)  34% completed  (17% total)
     Speed:     ev/sec=56750.1   simsec/sec=0.412945   ev/simsec=137428
     Messages:  created: 5883892   present: 6934   in FES: 154
** Event #4641024   t=172.065573584841   Elapsed: 153.802s (2m 33s)  34% completed  (17% total)
     Speed:     ev/sec=57206.9   simsec/sec=0.411557   ev/simsec=139001
     Messages:  created: 6040857   present: 6975   in FES: 147
** Event #4681216   t=172.349278847897   Elapsed: 155.808s (2m 35s)  34% completed  (17% total)
     Speed:     ev/sec=20043.8   simsec/sec=0.141484   ev/simsec=141668
     Messages:  created: 6095753   present: 6977   in FES: 156
** Event #4725504   t=172.639942323845   Elapsed: 157.817s (2m 37s)  34% completed  (17% total)
     Speed:     ev/sec=22043   simsec/sec=0.144669   ev/simsec=152369
     Messages:  created: 6156590   present: 6917   in FES: 135
** Event #4811264   t=173.251544148891   Elapsed: 159.819s (2m 39s)  34% completed  (17% total)
     Speed:     ev/sec=42825.1   simsec/sec=0.30541   ev/simsec=140222
     Messages:  created: 6273970   present: 7083   in FES: 156
** Event #4828160   t=173.357711377732   Elapsed: 161.823s (2m 41s)  34% completed  (17% total)
     Speed:     ev/sec=8433.64   simsec/sec=0.0529934   ev/simsec=159145
     Messages:  created: 6297210   present: 7062   in FES: 149
** Event #4864768   t=173.616719938038   Elapsed: 163.828s (2m 43s)  34% completed  (17% total)
     Speed:     ev/sec=18253.9   simsec/sec=0.12915   ev/simsec=141339
     Messages:  created: 6347524   present: 7062   in FES: 145
** Event #4901632   t=173.890094263813   Elapsed: 165.84s (2m 45s)  34% completed  (17% total)
     Speed:     ev/sec=18320.9   simsec/sec=0.135863   ev/simsec=134848
     Messages:  created: 6398448   present: 7061   in FES: 156
** Event #4938240   t=174.139417955233   Elapsed: 167.842s (2m 47s)  34% completed  (17% total)
     Speed:     ev/sec=18286.5   simsec/sec=0.124542   ev/simsec=146829
     Messages:  created: 6448046   present: 7073   in FES: 156
** Event #4974848   t=174.411779734624   Elapsed: 169.848s (2m 49s)  34% completed  (17% total)
     Speed:     ev/sec=18248.7   simsec/sec=0.135769   ev/simsec=134409
     Messages:  created: 6498227   present: 7130   in FES: 159
** Event #5011456   t=174.67021162918   Elapsed: 171.848s (2m 51s)  34% completed  (17% total)
     Speed:     ev/sec=18301.9   simsec/sec=0.129201   ev/simsec=141654
     Messages:  created: 6548687   present: 7151   in FES: 155
** Event #5048320   t=174.975338989092   Elapsed: 173.854s (2m 53s)  34% completed  (17% total)
     Speed:     ev/sec=18384.8   simsec/sec=0.152173   ev/simsec=120815
     Messages:  created: 6599468   present: 7061   in FES: 135
** Event #5079808   t=175.140198803694   Elapsed: 175.866s (2m 55s)  35% completed  (17% total)
     Speed:     ev/sec=15644.1   simsec/sec=0.0819068   ev/simsec=190999
     Messages:  created: 6642006   present: 7135   in FES: 154
** Event #5116416   t=175.410624621393   Elapsed: 177.871s (2m 57s)  35% completed  (17% total)
     Speed:     ev/sec=18257.4   simsec/sec=0.134868   ev/simsec=135372
     Messages:  created: 6692249   present: 7269   in FES: 186
** Event #5153024   t=175.671025200225   Elapsed: 179.873s (2m 59s)  35% completed  (17% total)
     Speed:     ev/sec=18287.2   simsec/sec=0.130081   ev/simsec=140583
     Messages:  created: 6742682   present: 7214   in FES: 156
** Event #5189888   t=175.974634812172   Elapsed: 181.879s (3m 01s)  35% completed  (17% total)
     Speed:     ev/sec=18376.3   simsec/sec=0.151346   ev/simsec=121419
     Messages:  created: 6793486   present: 7188   in FES: 155
** Event #5226752   t=176.175714882161   Elapsed: 183.893s (3m 03s)  35% completed  (17% total)
     Speed:     ev/sec=18310.6   simsec/sec=0.0998779   ev/simsec=183330
     Messages:  created: 6843617   present: 7173   in FES: 134
** Event #5263360   t=176.474102802399   Elapsed: 185.901s (3m 05s)  35% completed  (17% total)
     Speed:     ev/sec=18230.7   simsec/sec=0.148596   ev/simsec=122686
     Messages:  created: 6893742   present: 7212   in FES: 153
** Event #5300224   t=176.736839838938   Elapsed: 187.91s (3m 07s)  35% completed  (17% total)
     Speed:     ev/sec=18350.1   simsec/sec=0.130785   ev/simsec=140308
     Messages:  created: 6944655   present: 7313   in FES: 162
** Event #5337088   t=177.004968655005   Elapsed: 189.916s (3m 09s)  35% completed  (17% total)
     Speed:     ev/sec=18372.1   simsec/sec=0.133629   ev/simsec=137486
     Messages:  created: 6995480   present: 7285   in FES: 144
** Event #5375232   t=177.259960733332   Elapsed: 191.922s (3m 11s)  35% completed  (17% total)
     Speed:     ev/sec=19011.7   simsec/sec=0.127093   ev/simsec=149589
     Messages:  created: 7046987   present: 7211   in FES: 134
** Event #5411584   t=177.510568066445   Elapsed: 193.936s (3m 13s)  35% completed  (17% total)
     Speed:     ev/sec=18057.6   simsec/sec=0.124488   ev/simsec=145056
     Messages:  created: 7096898   present: 7323   in FES: 158
** Event #5445120   t=177.755130941072   Elapsed: 195.94s (3m 15s)  35% completed  (17% total)
     Speed:     ev/sec=16728.1   simsec/sec=0.12199   ev/simsec=137126
     Messages:  created: 7143167   present: 7284   in FES: 126
** Event #5473792   t=177.987964653142   Elapsed: 197.946s (3m 17s)  35% completed  (17% total)
     Speed:     ev/sec=14292.6   simsec/sec=0.116065   ev/simsec=123144
     Messages:  created: 7182749   present: 7378   in FES: 157
** Event #5507328   t=178.174674653385   Elapsed: 199.952s (3m 19s)  35% completed  (17% total)
     Speed:     ev/sec=16719.3   simsec/sec=0.0930839   ev/simsec=179615
     Messages:  created: 7227984   present: 7340   in FES: 144
** Event #5541120   t=178.414154468524   Elapsed: 201.958s (3m 21s)  35% completed  (17% total)
     Speed:     ev/sec=16844.7   simsec/sec=0.119376   ev/simsec=141106
     Messages:  created: 7274251   present: 7397   in FES: 160
** Event #5597440   t=178.851625219511   Elapsed: 203.959s (3m 23s)  35% completed  (17% total)
     Speed:     ev/sec=28157.2   simsec/sec=0.218714   ev/simsec=128740
     Messages:  created: 7351887   present: 7428   in FES: 162
** Event #5688064   t=179.441465167182   Elapsed: 205.961s (3m 25s)  35% completed  (17% total)
     Speed:     ev/sec=45258.4   simsec/sec=0.294571   ev/simsec=153642
     Messages:  created: 7475474   present: 7396   in FES: 149
** Event #5722112   t=179.722911624471   Elapsed: 207.97s (3m 27s)  35% completed  (17% total)
     Speed:     ev/sec=16947.8   simsec/sec=0.140094   ev/simsec=120975
     Messages:  created: 7522348   present: 7386   in FES: 141
** Event #5757696   t=179.979268424452   Elapsed: 209.972s (3m 29s)  35% completed  (17% total)
     Speed:     ev/sec=17773.7   simsec/sec=0.128047   ev/simsec=138807
     Messages:  created: 7571513   present: 7490   in FES: 156
** Event #5792512   t=180.166548132419   Elapsed: 211.986s (3m 31s)  36% completed  (18% total)
     Speed:     ev/sec=17283.5   simsec/sec=0.09297   ev/simsec=185904
     Messages:  created: 7618644   present: 7478   in FES: 148
** Event #5827840   t=180.412489283813   Elapsed: 214s (3m 34s)  36% completed  (18% total)
     Speed:     ev/sec=17543.9   simsec/sec=0.122135   ev/simsec=143644
     Messages:  created: 7667089   present: 7525   in FES: 154
** Event #5862912   t=180.730208110952   Elapsed: 264.143s (4m 24s)  36% completed  (18% total)
     Speed:     ev/sec=699.436   simsec/sec=0.00633622   ev/simsec=110387
     Messages:  created: 7715302   present: 7538   in FES: 151
** Event #5984768   t=181.725525871373   Elapsed: 266.144s (4m 26s)  36% completed  (18% total)
     Speed:     ev/sec=60911.6   simsec/sec=0.497525   ev/simsec=122429
     Messages:  created: 7881862   present: 7535   in FES: 154
** Event #6106880   t=182.663887559988   Elapsed: 268.145s (4m 28s)  36% completed  (18% total)
     Speed:     ev/sec=61031.8   simsec/sec=0.468995   ev/simsec=130133
     Messages:  created: 8049025   present: 7600   in FES: 143
** Event #6227968   t=183.615071745312   Elapsed: 270.146s (4m 30s)  36% completed  (18% total)
     Speed:     ev/sec=60490.9   simsec/sec=0.475175   ev/simsec=127302
     Messages:  created: 8214556   present: 7717   in FES: 155
** Event #6279424   t=184.055910729296   Elapsed: 277.707s (4m 37s)  36% completed  (18% total)
     Speed:     ev/sec=6805.9   simsec/sec=0.0583082   ev/simsec=116723
     Messages:  created: 8285012   present: 7665   in FES: 157
** Event #6393344   t=184.983325062239   Elapsed: 279.711s (4m 39s)  36% completed  (18% total)
     Speed:     ev/sec=56836.2   simsec/sec=0.4627   ev/simsec=122836
     Messages:  created: 8441120   present: 7789   in FES: 156
** Event #6488320   t=185.807001985059   Elapsed: 281.713s (4m 41s)  37% completed  (18% total)
     Speed:     ev/sec=47437.8   simsec/sec=0.411403   ev/simsec=115307
     Messages:  created: 8570943   present: 7761   in FES: 154
** Event #6600448   t=186.743441351256   Elapsed: 283.715s (4m 43s)  37% completed  (18% total)
     Speed:     ev/sec=56025.5   simsec/sec=0.467898   ev/simsec=119739
     Messages:  created: 8724661   present: 7908   in FES: 154
** Event #6715648   t=187.668795118841   Elapsed: 285.717s (4m 45s)  37% completed  (18% total)
     Speed:     ev/sec=57534.1   simsec/sec=0.462148   ev/simsec=124493
     Messages:  created: 8882656   present: 7967   in FES: 160
** Event #6738688   t=187.86777724906   Elapsed: 296.918s (4m 56s)  37% completed  (18% total)
     Speed:     ev/sec=2056.98   simsec/sec=0.0177648   ev/simsec=115789
     Messages:  created: 8914423   present: 7977   in FES: 157
** Event #6834026   t=188.656747562011   Elapsed: 298.483s (4m 58s)  37% completed  (18% total)
     Speed:     ev/sec=60912.1   simsec/sec=0.504083   ev/simsec=120837
     Messages:  created: 9044804   present: 7916   in FES: 133

<!> SIGINT or SIGTERM received, exiting -- at t=188.656747562011s, event #6834026
