** Event #0   t=0   Elapsed: 3.2e-05s (0m 00s)  0% completed  (0% total)
     Speed:     ev/sec=0   simsec/sec=0   ev/simsec=0
     Messages:  created: 1938   present: 1938   in FES: 306
** Event #44544   t=3.328826118079   Elapsed: 2.00189s (0m 02s)  0% completed  (0% total)
     Speed:     ev/sec=22251.9   simsec/sec=1.66287   ev/simsec=13381.6
     Messages:  created: 50520   present: 1885   in FES: 218
** Event #77824   t=5.364351700838   Elapsed: 4.01688s (0m 04s)  1% completed  (0% total)
     Speed:     ev/sec=16516.1   simsec/sec=1.01018   ev/simsec=16349.6
     Messages:  created: 87121   present: 1964   in FES: 254
** Event #111616   t=7.433907597206   Elapsed: 6.02767s (0m 06s)  1% completed  (0% total)
     Speed:     ev/sec=16805.3   simsec/sec=1.02922   ev/simsec=16328.1
     Messages:  created: 124136   present: 1892   in FES: 221
** Event #146432   t=10.012520717992   Elapsed: 8.03611s (0m 08s)  2% completed  (1% total)
     Speed:     ev/sec=17334.9   simsec/sec=1.28389   ev/simsec=13501.8
     Messages:  created: 162115   present: 1851   in FES: 204
** Event #181760   t=12.057164941106   Elapsed: 10.0438s (0m 10s)  2% completed  (1% total)
     Speed:     ev/sec=17596.4   simsec/sec=1.01841   ev/simsec=17278.3
     Messages:  created: 201352   present: 1922   in FES: 227
** Event #217344   t=14.169748789843   Elapsed: 12.0524s (0m 12s)  2% completed  (1% total)
     Speed:     ev/sec=17715.5   simsec/sec=1.05175   ev/simsec=16843.8
     Messages:  created: 240949   present: 1984   in FES: 254
** Event #252160   t=16.344409982369   Elapsed: 14.0647s (0m 14s)  3% completed  (1% total)
     Speed:     ev/sec=17301.9   simsec/sec=1.0807   ev/simsec=16009.9
     Messages:  created: 279550   present: 1977   in FES: 248
** Event #283136   t=18.322977242005   Elapsed: 16.0896s (0m 16s)  3% completed  (1% total)
     Speed:     ev/sec=15297.8   simsec/sec=0.977134   ev/simsec=15655.8
     Messages:  created: 313740   present: 1886   in FES: 219
** Event #329472   t=21.250402213187   Elapsed: 18.0913s (0m 18s)  4% completed  (2% total)
     Speed:     ev/sec=23148.1   simsec/sec=1.46245   ev/simsec=15828.2
     Messages:  created: 364972   present: 1891   in FES: 220
** Event #384768   t=25.01646682917   Elapsed: 20.1058s (0m 20s)  5% completed  (2% total)
     Speed:     ev/sec=27449.3   simsec/sec=1.8695   ev/simsec=14682.7
     Messages:  created: 425872   present: 1984   in FES: 247
** Event #385024   t=25.017756522178   Elapsed: 24.453s (0m 24s)  5% completed  (2% total)
     Speed:     ev/sec=58.8884   simsec/sec=0.000296672   ev/simsec=198497
     Messages:  created: 426183   present: 1982   in FES: 254
** Event #448768   t=29.017776608594   Elapsed: 26.4596s (0m 26s)  5% completed  (2% total)
     Speed:     ev/sec=31766   simsec/sec=1.99336   ev/simsec=15935.9
     Messages:  created: 496583   present: 2117   in FES: 305
** Event #503296   t=32.169825962905   Elapsed: 28.4617s (0m 28s)  6% completed  (3% total)
     Speed:     ev/sec=27235.9   simsec/sec=1.5744   ev/simsec=17299.2
     Messages:  created: 556750   present: 1936   in FES: 235
** Event #557824   t=35.47711105505   Elapsed: 30.4687s (0m 30s)  7% completed  (3% total)
     Speed:     ev/sec=27168.9   simsec/sec=1.64787   ev/simsec=16487.2
     Messages:  created: 616448   present: 1844   in FES: 205
** Event #611840   t=39.058431176995   Elapsed: 32.4727s (0m 32s)  7% completed  (3% total)
     Speed:     ev/sec=26954.1   simsec/sec=1.78709   ev/simsec=15082.7
     Messages:  created: 675473   present: 1972   in FES: 254
** Event #659968   t=42.048486579241   Elapsed: 34.4778s (0m 34s)  8% completed  (4% total)
     Speed:     ev/sec=24002.8   simsec/sec=1.49123   ev/simsec=16096
     Messages:  created: 727580   present: 1877   in FES: 214
** Event #714240   t=45.230284080621   Elapsed: 36.4831s (0m 36s)  9% completed  (4% total)
     Speed:     ev/sec=27064.9   simsec/sec=1.58673   ev/simsec=17057
     Messages:  created: 787068   present: 1988   in FES: 253
** Event #777984   t=49.199314946917   Elapsed: 38.4852s (0m 38s)  9% completed  (4% total)
     Speed:     ev/sec=31837.1   simsec/sec=1.98234   ev/simsec=16060.3
     Messages:  created: 856910   present: 1985   in FES: 252
** Event #832000   t=52.44726196052   Elapsed: 40.5039s (0m 40s)  10% completed  (5% total)
     Speed:     ev/sec=26758.7   simsec/sec=1.60898   ev/simsec=16630.8
     Messages:  created: 915820   present: 1971   in FES: 248
** Event #876544   t=55.252296207243   Elapsed: 42.5065s (0m 42s)  11% completed  (5% total)
     Speed:     ev/sec=22242.3   simsec/sec=1.40065   ev/simsec=15880
     Messages:  created: 964383   present: 1978   in FES: 254
** Event #915712   t=58.012520717992   Elapsed: 44.5129s (0m 44s)  11% completed  (5% total)
     Speed:     ev/sec=19522   simsec/sec=1.37575   ev/simsec=14190.2
     Messages:  created: 1006871   present: 1851   in FES: 204
** Event #951296   t=60.053885653828   Elapsed: 46.5186s (0m 46s)  12% completed  (6% total)
     Speed:     ev/sec=17741.5   simsec/sec=1.01779   ev/simsec=17431.5
     Messages:  created: 1046085   present: 2000   in FES: 254
** Event #993024   t=62.411949787057   Elapsed: 48.5273s (0m 48s)  12% completed  (6% total)
     Speed:     ev/sec=20773.8   simsec/sec=1.17394   ev/simsec=17695.9
     Messages:  created: 1091652   present: 1927   in FES: 232
** Event #1058560   t=66.447279077738   Elapsed: 50.5344s (0m 50s)  13% completed  (6% total)
     Speed:     ev/sec=32652.4   simsec/sec=2.01055   ev/simsec=16240.6
     Messages:  created: 1162910   present: 1947   in FES: 240
** Event #1138944   t=71.42171780954   Elapsed: 52.5549s (0m 52s)  14% completed  (7% total)
     Speed:     ev/sec=39784.3   simsec/sec=2.46199   ev/simsec=16159.4
     Messages:  created: 1250596   present: 1962   in FES: 243
** Event #1173504   t=74.008680690641   Elapsed: 54.5581s (0m 54s)  14% completed  (7% total)
     Speed:     ev/sec=17251.7   simsec/sec=1.29136   ev/simsec=13359.3
     Messages:  created: 1288168   present: 1978   in FES: 247
** Event #1173760   t=74.010899115478   Elapsed: 56.9586s (0m 56s)  14% completed  (7% total)
     Speed:     ev/sec=106.647   simsec/sec=0.000924176   ev/simsec=115397
     Messages:  created: 1288496   present: 1998   in FES: 253
** Event #1236224   t=77.48328350367   Elapsed: 58.9677s (0m 58s)  15% completed  (7% total)
     Speed:     ev/sec=31090.2   simsec/sec=1.72831   ev/simsec=17988.8
     Messages:  created: 1357294   present: 1979   in FES: 250
** Event #1315328   t=82.414766031032   Elapsed: 60.9756s (1m 00s)  16% completed  (8% total)
     Speed:     ev/sec=39396.1   simsec/sec=2.45602   ev/simsec=16040.6
     Messages:  created: 1443664   present: 1902   in FES: 223
** Event #1359872   t=85.270913888365   Elapsed: 62.9808s (1m 02s)  17% completed  (8% total)
     Speed:     ev/sec=22214.6   simsec/sec=1.42439   ev/simsec=15595.8
     Messages:  created: 1492506   present: 1943   in FES: 254
** Event #1422336   t=89.200822714101   Elapsed: 64.9878s (1m 04s)  17% completed  (8% total)
     Speed:     ev/sec=31123.2   simsec/sec=1.95811   ev/simsec=15894.5
     Messages:  created: 1561230   present: 1948   in FES: 239
** Event #1422592   t=89.209678007535   Elapsed: 68.0239s (1m 08s)  17% completed  (8% total)
     Speed:     ev/sec=84.3178   simsec/sec=0.00291664   ev/simsec=28909.3
     Messages:  created: 1561562   present: 1990   in FES: 253
** Event #1471488   t=92.310183157308   Elapsed: 70.0342s (1m 10s)  18% completed  (9% total)
     Speed:     ev/sec=24322.7   simsec/sec=1.54231   ev/simsec=15770.3
     Messages:  created: 1615664   present: 1944   in FES: 239
** Event #1533440   t=96.199312238999   Elapsed: 72.0345s (1m 12s)  19% completed  (9% total)
     Speed:     ev/sec=30970.7   simsec/sec=1.94423   ev/simsec=15929.5
     Messages:  created: 1683642   present: 1847   in FES: 206
** Event #1596672   t=100.047153616443   Elapsed: 74.0405s (1m 14s)  20% completed  (10% total)
     Speed:     ev/sec=31522   simsec/sec=1.9182   ev/simsec=16433.1
     Messages:  created: 1754345   present: 1967   in FES: 254
** Event #1668864   t=100.38886352829   Elapsed: 76.0415s (1m 16s)  20% completed  (10% total)
     Speed:     ev/sec=36078.5   simsec/sec=0.170772   ev/simsec=211267
     Messages:  created: 1853459   present: 2018   in FES: 263
** Event #1758208   t=100.752704310885   Elapsed: 78.0443s (1m 18s)  20% completed  (10% total)
     Speed:     ev/sec=44609.1   simsec/sec=0.181664   ev/simsec=245558
     Messages:  created: 1978729   present: 2034   in FES: 262
** Event #1874944   t=101.052187424679   Elapsed: 80.0475s (1m 20s)  20% completed  (10% total)
     Speed:     ev/sec=58273.2   simsec/sec=0.149498   ev/simsec=389792
     Messages:  created: 2143169   present: 2149   in FES: 307
** Event #1978880   t=101.518628110217   Elapsed: 82.0518s (1m 22s)  20% completed  (10% total)
     Speed:     ev/sec=51857.3   simsec/sec=0.232723   ev/simsec=222828
     Messages:  created: 2286950   present: 2019   in FES: 272
** Event #2095360   t=102.098354200741   Elapsed: 84.0551s (1m 24s)  20% completed  (10% total)
     Speed:     ev/sec=58145.4   simsec/sec=0.289392   ev/simsec=200922
     Messages:  created: 2449195   present: 2071   in FES: 260
** Event #2209536   t=102.733098724091   Elapsed: 86.058s (1m 26s)  20% completed  (10% total)
     Speed:     ev/sec=57005.6   simsec/sec=0.316914   ev/simsec=179877
     Messages:  created: 2607828   present: 2035   in FES: 259
** Event #2209792   t=102.734037478641   Elapsed: 96.7915s (1m 36s)  20% completed  (10% total)
     Speed:     ev/sec=23.8505   simsec/sec=8.74601e-05   ev/simsec=272702
     Messages:  created: 2608175   present: 1984   in FES: 244
** Event #2326528   t=103.359188917885   Elapsed: 98.7947s (1m 38s)  20% completed  (10% total)
     Speed:     ev/sec=58273.4   simsec/sec=0.312069   ev/simsec=186732
     Messages:  created: 2769339   present: 2062   in FES: 261
** Event #2434816   t=103.880804768531   Elapsed: 100.798s (1m 40s)  20% completed  (10% total)
     Speed:     ev/sec=54063.7   simsec/sec=0.260421   ev/simsec=207601
     Messages:  created: 2920947   present: 2048   in FES: 259
** Event #2497792   t=104.167671831791   Elapsed: 102.801s (1m 42s)  20% completed  (10% total)
     Speed:     ev/sec=31430.8   simsec/sec=0.143173   ev/simsec=219530
     Messages:  created: 3007550   present: 1904   in FES: 216
** Event #2599936   t=104.686812400165   Elapsed: 104.808s (1m 44s)  20% completed  (10% total)
     Speed:     ev/sec=50906.9   simsec/sec=0.258731   ev/simsec=196756
     Messages:  created: 3149521   present: 1969   in FES: 243
** Event #2674944   t=105.068539237396   Elapsed: 106.81s (1m 46s)  21% completed  (10% total)
     Speed:     ev/sec=37464.6   simsec/sec=0.190663   ev/simsec=196497
     Messages:  created: 3253381   present: 1992   in FES: 238
** Event #2747392   t=105.395174961698   Elapsed: 108.814s (1m 48s)  21% completed  (10% total)
     Speed:     ev/sec=36150.4   simsec/sec=0.162986   ev/simsec=221801
     Messages:  created: 3353281   present: 2070   in FES: 267
** Event #2816000   t=105.700594370894   Elapsed: 110.816s (1m 50s)  21% completed  (10% total)
     Speed:     ev/sec=34269.8   simsec/sec=0.152558   ev/simsec=224635
     Messages:  created: 3449025   present: 2090   in FES: 272
** Event #2878464   t=105.951941403401   Elapsed: 112.822s (1m 52s)  21% completed  (10% total)
     Speed:     ev/sec=31133.3   simsec/sec=0.125277   ev/simsec=248517
     Messages:  created: 3537126   present: 2042   in FES: 260
** Event #2915072   t=106.112870148072   Elapsed: 114.826s (1m 54s)  21% completed  (10% total)
     Speed:     ev/sec=18274.4   simsec/sec=0.0803344   ev/simsec=227480
     Messages:  created: 3586457   present: 2017   in FES: 258
** Event #2951424   t=106.311955991537   Elapsed: 116.838s (1m 56s)  21% completed  (10% total)
     Speed:     ev/sec=18061.7   simsec/sec=0.0989167   ev/simsec=182595
     Messages:  created: 3636830   present: 2020   in FES: 255
** Event #3003648   t=106.600094900279   Elapsed: 118.844s (1m 58s)  21% completed  (10% total)
     Speed:     ev/sec=26038.6   simsec/sec=0.143664   ev/simsec=181246
     Messages:  created: 3708835   present: 2189   in FES: 316
** Event #3077376   t=107.057162874137   Elapsed: 120.846s (2m 00s)  21% completed  (10% total)
     Speed:     ev/sec=36815.8   simsec/sec=0.228235   ev/simsec=161306
     Messages:  created: 3810762   present: 2034   in FES: 253
** Event #3148288   t=107.397224903064   Elapsed: 122.847s (2m 02s)  21% completed  (10% total)
     Speed:     ev/sec=35450.1   simsec/sec=0.170003   ev/simsec=208527
     Messages:  created: 3908314   present: 2054   in FES: 258
** Event #3222272   t=107.865429055612   Elapsed: 124.851s (2m 04s)  21% completed  (10% total)
     Speed:     ev/sec=36921.5   simsec/sec=0.233656   ev/simsec=158017
     Messages:  created: 4011398   present: 2020   in FES: 261
** Event #3224576   t=107.882038899981   Elapsed: 126.852s (2m 06s)  21% completed  (10% total)
     Speed:     ev/sec=1151.05   simsec/sec=0.00829808   ev/simsec=138713
     Messages:  created: 4014635   present: 1986   in FES: 257
** Event #3288064   t=108.2   Elapsed: 128.854s (2m 08s)  21% completed  (10% total)
     Speed:     ev/sec=31713.2   simsec/sec=0.158826   ev/simsec=199672
     Messages:  created: 4101270   present: 1904   in FES: 207
** Event #3359744   t=108.646404238046   Elapsed: 130.86s (2m 10s)  21% completed  (10% total)
     Speed:     ev/sec=35744.3   simsec/sec=0.222606   ev/simsec=160572
     Messages:  created: 4199939   present: 2051   in FES: 259
** Event #3433728   t=109.099703261242   Elapsed: 132.861s (2m 12s)  21% completed  (10% total)
     Speed:     ev/sec=36960.2   simsec/sec=0.226455   ev/simsec=163212
     Messages:  created: 4301308   present: 1948   in FES: 216
** Event #3504384   t=109.511635473724   Elapsed: 134.867s (2m 14s)  21% completed  (10% total)
     Speed:     ev/sec=35231.1   simsec/sec=0.205401   ev/simsec=171523
     Messages:  created: 4398419   present: 2023   in FES: 266
** Event #3580672   t=109.96844466437   Elapsed: 136.868s (2m 16s)  21% completed  (10% total)
     Speed:     ev/sec=38124.1   simsec/sec=0.228285   ev/simsec=167002
     Messages:  created: 4504847   present: 1886   in FES: 206
** Event #3580928   t=109.970637749478   Elapsed: 146.668s (2m 26s)  21% completed  (10% total)
     Speed:     ev/sec=26.122   simsec/sec=0.00022378   ev/simsec=116731
     Messages:  created: 4505195   present: 1877   in FES: 216
** Event #3648512   t=110.340483760072   Elapsed: 148.674s (2m 28s)  22% completed  (11% total)
     Speed:     ev/sec=33687   simsec/sec=0.184349   ev/simsec=182736
     Messages:  created: 4596906   present: 2027   in FES: 257
** Event #3710976   t=110.67237874245   Elapsed: 150.677s (2m 30s)  22% completed  (11% total)
     Speed:     ev/sec=31196.5   simsec/sec=0.165759   ev/simsec=188204
     Messages:  created: 4683215   present: 2126   in FES: 284
** Event #3785728   t=111.114712525045   Elapsed: 152.683s (2m 32s)  22% completed  (11% total)
     Speed:     ev/sec=37257.1   simsec/sec=0.220464   ev/simsec=168995
     Messages:  created: 4785539   present: 2102   in FES: 283
** Event #3803904   t=111.208729217357   Elapsed: 154.69s (2m 34s)  22% completed  (11% total)
     Speed:     ev/sec=9055.13   simsec/sec=0.0468383   ev/simsec=193327
     Messages:  created: 4810500   present: 2162   in FES: 289
** Event #3839232   t=111.40542045771   Elapsed: 156.695s (2m 36s)  22% completed  (11% total)
     Speed:     ev/sec=17622.9   simsec/sec=0.0981169   ev/simsec=179611
     Messages:  created: 4858998   present: 2033   in FES: 253
** Event #3874816   t=111.616292003703   Elapsed: 158.697s (2m 38s)  22% completed  (11% total)
     Speed:     ev/sec=17774.3   simsec/sec=0.105331   ev/simsec=168747
     Messages:  created: 4907970   present: 2118   in FES: 280
** Event #3890432   t=111.708068363856   Elapsed: 160.698s (2m 40s)  22% completed  (11% total)
     Speed:     ev/sec=7804.78   simsec/sec=0.0458693   ev/simsec=170153
     Messages:  created: 4929608   present: 2018   in FES: 265
** Event #3927296   t=111.959285587471   Elapsed: 162.7s (2m 42s)  22% completed  (11% total)
     Speed:     ev/sec=18413.9   simsec/sec=0.125485   ev/simsec=146742
     Messages:  created: 4980964   present: 2165   in FES: 308
** Event #3963904   t=112.134129567618   Elapsed: 164.702s (2m 44s)  22% completed  (11% total)
     Speed:     ev/sec=18278.5   simsec/sec=0.0873003   ev/simsec=209375
     Messages:  created: 5030005   present: 2213   in FES: 307
** Event #4000000   t=112.337969821976   Elapsed: 166.714s (2m 46s)  22% completed  (11% total)
     Speed:     ev/sec=17943.6   simsec/sec=0.10133   ev/simsec=177080
     Messages:  created: 5079575   present: 2020   in FES: 254
** Event #4035584   t=112.544585767805   Elapsed: 168.725s (2m 48s)  22% completed  (11% total)
     Speed:     ev/sec=17697.5   simsec/sec=0.102759   ev/simsec=172223
     Messages:  created: 5128143   present: 1954   in FES: 238
** Event #4067328   t=112.731164796563   Elapsed: 170.734s (2m 50s)  22% completed  (11% total)
     Speed:     ev/sec=15801.7   simsec/sec=0.0928764   ev/simsec=170137
     Messages:  created: 5172430   present: 2033   in FES: 257
** Event #4104448   t=112.964852376242   Elapsed: 172.748s (2m 52s)  22% completed  (11% total)
     Speed:     ev/sec=18427.8   simsec/sec=0.116011   ev/simsec=158845
     Messages:  created: 5224028   present: 2019   in FES: 260
** Event #4141312   t=113.149464600264   Elapsed: 174.755s (2m 54s)  22% completed  (11% total)
     Speed:     ev/sec=18364.8   simsec/sec=0.0919696   ev/simsec=199683
     Messages:  created: 5273583   present: 2209   in FES: 309
** Event #4176896   t=113.348329952607   Elapsed: 176.757s (2m 56s)  22% completed  (11% total)
     Speed:     ev/sec=17774.6   simsec/sec=0.0993353   ev/simsec=178935
     Messages:  created: 5322087   present: 2079   in FES: 260
** Event #4212736   t=113.56452237571   Elapsed: 178.761s (2m 58s)  22% completed  (11% total)
     Speed:     ev/sec=17890   simsec/sec=0.107915   ev/simsec=165778
     Messages:  created: 5371010   present: 1987   in FES: 228
** Event #4249600   t=113.79042468117   Elapsed: 180.761s (3m 00s)  22% completed  (11% total)
     Speed:     ev/sec=18427.2   simsec/sec=0.112922   ev/simsec=163186
     Messages:  created: 5422214   present: 2030   in FES: 258
** Event #4286720   t=114.016466451359   Elapsed: 182.772s (3m 02s)  22% completed  (11% total)
     Speed:     ev/sec=18457.4   simsec/sec=0.112396   ev/simsec=164217
     Messages:  created: 5473795   present: 2057   in FES: 252
** Event #4323072   t=114.191276458185   Elapsed: 184.783s (3m 04s)  22% completed  (11% total)
     Speed:     ev/sec=18081.6   simsec/sec=0.086951   ev/simsec=207951
     Messages:  created: 5522636   present: 2012   in FES: 275
** Event #4358912   t=114.380330692149   Elapsed: 186.789s (3m 06s)  22% completed  (11% total)
     Speed:     ev/sec=17859.7   simsec/sec=0.0942092   ev/simsec=189575
     Messages:  created: 5571781   present: 1954   in FES: 225
** Event #4395008   t=114.615439681317   Elapsed: 188.79s (3m 08s)  22% completed  (11% total)
     Speed:     ev/sec=18042.2   simsec/sec=0.117517   ev/simsec=153529
     Messages:  created: 5621510   present: 2019   in FES: 271
** Event #4432896   t=114.860223435765   Elapsed: 190.796s (3m 10s)  22% completed  (11% total)
     Speed:     ev/sec=18884.6   simsec/sec=0.122008   ev/simsec=154782
     Messages:  created: 5674021   present: 2056   in FES: 268
** Event #4463104   t=115.043822905938   Elapsed: 192.803s (3m 12s)  23% completed  (11% total)
     Speed:     ev/sec=15052.4   simsec/sec=0.0914863   ev/simsec=164532
     Messages:  created: 5715349   present: 2040   in FES: 258
** Event #4496384   t=115.203574311096   Elapsed: 194.812s (3m 14s)  23% completed  (11% total)
     Speed:     ev/sec=16566.6   simsec/sec=0.0795233   ev/simsec=208324
     Messages:  created: 5760287   present: 2071   in FES: 273
** Event #4529408   t=115.365478017224   Elapsed: 196.825s (3m 16s)  23% completed  (11% total)
     Speed:     ev/sec=16404.1   simsec/sec=0.080423   ev/simsec=203973
     Messages:  created: 5805801   present: 1932   in FES: 213
** Event #4562176   t=115.562030509267   Elapsed: 198.829s (3m 18s)  23% completed  (11% total)
     Speed:     ev/sec=16354.1   simsec/sec=0.0980971   ev/simsec=166714
     Messages:  created: 5850921   present: 1999   in FES: 238
** Event #4596480   t=115.796014744273   Elapsed: 200.838s (3m 20s)  23% completed  (11% total)
     Speed:     ev/sec=17072.5   simsec/sec=0.11645   ev/simsec=146608
     Messages:  created: 5898697   present: 2030   in FES: 258
** Event #4637952   t=116.049133146223   Elapsed: 202.841s (3m 22s)  23% completed  (11% total)
     Speed:     ev/sec=20702.4   simsec/sec=0.126354   ev/simsec=163844
     Messages:  created: 5955893   present: 2013   in FES: 260
** Event #4718080   t=116.460124764108   Elapsed: 204.844s (3m 24s)  23% completed  (11% total)
     Speed:     ev/sec=40008.6   simsec/sec=0.205211   ev/simsec=194963
     Messages:  created: 6065367   present: 2052   in FES: 258
** Event #4816896   t=117.086927061317   Elapsed: 206.845s (3m 26s)  23% completed  (11% total)
     Speed:     ev/sec=49389.1   simsec/sec=0.313281   ev/simsec=157651
     Messages:  created: 6201190   present: 2053   in FES: 258
** Event #4838400   t=117.193855178359   Elapsed: 208.852s (3m 28s)  23% completed  (11% total)
     Speed:     ev/sec=10713.1   simsec/sec=0.0532705   ev/simsec=201107
     Messages:  created: 6230833   present: 2079   in FES: 257
** Event #4872192   t=117.376055445827   Elapsed: 210.863s (3m 30s)  23% completed  (11% total)
     Speed:     ev/sec=16802.1   simsec/sec=0.0905939   ev/simsec=185466
     Messages:  created: 6277233   present: 2018   in FES: 257
** Event #4906752   t=117.598413447621   Elapsed: 212.871s (3m 32s)  23% completed  (11% total)
     Speed:     ev/sec=17215.9   simsec/sec=0.110767   ev/simsec=155425
     Messages:  created: 6324710   present: 2083   in FES: 259
** Event #5010176   t=118.162810116663   Elapsed: 214.871s (3m 34s)  23% completed  (11% total)
     Speed:     ev/sec=51709.3   simsec/sec=0.282184   ev/simsec=183247
     Messages:  created: 6467419   present: 2064   in FES: 258
** Event #5128192   t=118.854130981887   Elapsed: 216.874s (3m 36s)  23% completed  (11% total)
     Speed:     ev/sec=58916.2   simsec/sec=0.345123   ev/simsec=170711
     Messages:  created: 6630690   present: 2230   in FES: 305
** Event #5227776   t=119.371907391431   Elapsed: 271.094s (4m 31s)  23% completed  (11% total)
     Speed:     ev/sec=1836.67   simsec/sec=0.00954958   ev/simsec=192330
     Messages:  created: 6766457   present: 2072   in FES: 260
** Event #5346048   t=120.107795308768   Elapsed: 273.096s (4m 33s)  24% completed  (12% total)
     Speed:     ev/sec=59073.2   simsec/sec=0.367553   ev/simsec=160720
     Messages:  created: 6927742   present: 1983   in FES: 223
** Event #5463552   t=120.901831424203   Elapsed: 275.096s (4m 35s)  24% completed  (12% total)
     Speed:     ev/sec=58749.3   simsec/sec=0.397   ev/simsec=147983
     Messages:  created: 7088974   present: 2094   in FES: 260
** Event #5580544   t=121.671166292627   Elapsed: 277.098s (4m 37s)  24% completed  (12% total)
     Speed:     ev/sec=58442.6   simsec/sec=0.384316   ev/simsec=152069
     Messages:  created: 7247668   present: 2207   in FES: 276
** Event #5628160   t=122.016415634222   Elapsed: 282.979s (4m 42s)  24% completed  (12% total)
     Speed:     ev/sec=8096.72   simsec/sec=0.0587069   ev/simsec=137918
     Messages:  created: 7313212   present: 2173   in FES: 258
** Event #5733632   t=122.693554920035   Elapsed: 284.983s (4m 44s)  24% completed  (12% total)
     Speed:     ev/sec=52637.2   simsec/sec=0.337935   ev/simsec=155761
     Messages:  created: 7456919   present: 2174   in FES: 269
** Event #5830656   t=123.339997377884   Elapsed: 286.987s (4m 46s)  24% completed  (12% total)
     Speed:     ev/sec=48411.4   simsec/sec=0.322551   ev/simsec=150089
     Messages:  created: 7588495   present: 2058   in FES: 211
** Event #5932544   t=124.01288961034   Elapsed: 288.987s (4m 48s)  24% completed  (12% total)
     Speed:     ev/sec=50926.3   simsec/sec=0.336329   ev/simsec=151418
     Messages:  created: 7728754   present: 2179   in FES: 241
** Event #6039808   t=124.693507609996   Elapsed: 290.99s (4m 50s)  24% completed  (12% total)
     Speed:     ev/sec=53556.2   simsec/sec=0.339828   ev/simsec=157598
     Messages:  created: 7874857   present: 2231   in FES: 264
** Event #6045432   t=124.71976443706   Elapsed: 303.652s (5m 03s)  24% completed  (12% total)
     Speed:     ev/sec=444.094   simsec/sec=0.00207372   ev/simsec=214154
     Messages:  created: 7882506   present: 2100   in FES: 217

<!> SIGINT or SIGTERM received, exiting -- at t=124.71976443706s, event #6045432
undisposed object: (omnetpp::cMessage) FanetReconNetwork.groundStation.app.debugTimer -- check module destructor
undisposed object: (omnetpp::cMessage) FanetReconNetwork.uav[0].app.debugTimer -- check module destructor
undisposed object: (omnetpp::cMessage) FanetReconNetwork.uav[1].app.debugTimer -- check module destructor
undisposed object: (omnetpp::cMessage) FanetReconNetwork.uav[2].app.debugTimer -- check module destructor
undisposed object: (omnetpp::cMessage) FanetReconNetwork.uav[3].app.debugTimer -- check module destructor
undisposed object: (omnetpp::cMessage) FanetReconNetwork.uav[4].app.debugTimer -- check module destructor
undisposed object: (omnetpp::cMessage) FanetReconNetwork.uav[5].app.debugTimer -- check module destructor
undisposed object: (omnetpp::cMessage) FanetReconNetwork.uav[6].app.debugTimer -- check module destructor
undisposed object: (omnetpp::cMessage) FanetReconNetwork.uav[7].app.debugTimer -- check module destructor
undisposed object: (omnetpp::cMessage) FanetReconNetwork.uav[8].app.debugTimer -- check module destructor
undisposed object: (omnetpp::cMessage) FanetReconNetwork.uav[9].app.debugTimer -- check module destructor
undisposed object: (omnetpp::cMessage) FanetReconNetwork.uav[10].app.debugTimer -- check module destructor
undisposed object: (omnetpp::cMessage) FanetReconNetwork.uav[11].app.debugTimer -- check module destructor
undisposed object: (omnetpp::cMessage) FanetReconNetwork.uav[12].app.debugTimer -- check module destructor
undisposed object: (omnetpp::cMessage) FanetReconNetwork.uav[13].app.debugTimer -- check module destructor
undisposed object: (omnetpp::cMessage) FanetReconNetwork.uav[14].app.debugTimer -- check module destructor
undisposed object: (omnetpp::cMessage) FanetReconNetwork.uav[15].app.debugTimer -- check module destructor
undisposed object: (omnetpp::cMessage) FanetReconNetwork.uav[16].app.debugTimer -- check module destructor
undisposed object: (omnetpp::cMessage) FanetReconNetwork.uav[17].app.debugTimer -- check module destructor
undisposed object: (omnetpp::cMessage) FanetReconNetwork.uav[18].app.debugTimer -- check module destructor
undisposed object: (omnetpp::cMessage) FanetReconNetwork.uav[19].app.debugTimer -- check module destructor
undisposed object: (omnetpp::cMessage) FanetReconNetwork.uav[20].app.debugTimer -- check module destructor
undisposed object: (omnetpp::cMessage) FanetReconNetwork.uav[21].app.debugTimer -- check module destructor
undisposed object: (omnetpp::cMessage) FanetReconNetwork.uav[22].app.debugTimer -- check module destructor
undisposed object: (omnetpp::cMessage) FanetReconNetwork.uav[23].app.debugTimer -- check module destructor
undisposed object: (omnetpp::cMessage) FanetReconNetwork.uav[24].app.debugTimer -- check module destructor
undisposed object: (omnetpp::cMessage) FanetReconNetwork.uav[25].app.debugTimer -- check module destructor
undisposed object: (omnetpp::cMessage) FanetReconNetwork.uav[26].app.debugTimer -- check module destructor
undisposed object: (omnetpp::cMessage) FanetReconNetwork.uav[27].app.debugTimer -- check module destructor
undisposed object: (omnetpp::cMessage) FanetReconNetwork.uav[28].app.debugTimer -- check module destructor
undisposed object: (omnetpp::cMessage) FanetReconNetwork.uav[29].app.debugTimer -- check module destructor
undisposed object: (omnetpp::cMessage) FanetReconNetwork.uav[30].app.debugTimer -- check module destructor
undisposed object: (omnetpp::cMessage) FanetReconNetwork.uav[31].app.debugTimer -- check module destructor
undisposed object: (omnetpp::cMessage) FanetReconNetwork.uav[32].app.debugTimer -- check module destructor
undisposed object: (omnetpp::cMessage) FanetReconNetwork.uav[33].app.debugTimer -- check module destructor
undisposed object: (omnetpp::cMessage) FanetReconNetwork.uav[34].app.debugTimer -- check module destructor
undisposed object: (omnetpp::cMessage) FanetReconNetwork.uav[35].app.debugTimer -- check module destructor
undisposed object: (omnetpp::cMessage) FanetReconNetwork.uav[36].app.debugTimer -- check module destructor
undisposed object: (omnetpp::cMessage) FanetReconNetwork.uav[37].app.debugTimer -- check module destructor
undisposed object: (omnetpp::cMessage) FanetReconNetwork.uav[38].app.debugTimer -- check module destructor
undisposed object: (omnetpp::cMessage) FanetReconNetwork.uav[39].app.debugTimer -- check module destructor
undisposed object: (omnetpp::cMessage) FanetReconNetwork.uav[40].app.debugTimer -- check module destructor
undisposed object: (omnetpp::cMessage) FanetReconNetwork.uav[41].app.debugTimer -- check module destructor
undisposed object: (omnetpp::cMessage) FanetReconNetwork.uav[42].app.debugTimer -- check module destructor
undisposed object: (omnetpp::cMessage) FanetReconNetwork.uav[43].app.debugTimer -- check module destructor
undisposed object: (omnetpp::cMessage) FanetReconNetwork.uav[44].app.debugTimer -- check module destructor
undisposed object: (omnetpp::cMessage) FanetReconNetwork.uav[45].app.debugTimer -- check module destructor
undisposed object: (omnetpp::cMessage) FanetReconNetwork.uav[46].app.debugTimer -- check module destructor
undisposed object: (omnetpp::cMessage) FanetReconNetwork.uav[47].app.debugTimer -- check module destructor
undisposed object: (omnetpp::cMessage) FanetReconNetwork.uav[48].app.debugTimer -- check module destructor
undisposed object: (omnetpp::cMessage) FanetReconNetwork.uav[49].app.debugTimer -- check module destructor
