** Event #0   t=0   Elapsed: 2.5e-05s (0m 00s)  0% completed  (0% total)
     Speed:     ev/sec=0   simsec/sec=0   ev/simsec=0
     Messages:  created: 1178   present: 1178   in FES: 186
** Event #99584   t=17.063816158395   Elapsed: 2.00271s (0m 02s)  3% completed  (1% total)
     Speed:     ev/sec=49725.5   simsec/sec=8.52043   ev/simsec=5836.03
     Messages:  created: 107514   present: 1211   in FES: 152
** Event #198400   t=33.220674266689   Elapsed: 4.00594s (0m 04s)  6% completed  (3% total)
     Speed:     ev/sec=49328.4   simsec/sec=8.06541   ev/simsec=6116.04
     Messages:  created: 213171   present: 1117   in FES: 123
** Event #300544   t=50.120520281206   Elapsed: 6.00772s (0m 06s)  10% completed  (5% total)
     Speed:     ev/sec=51026.6   simsec/sec=8.44242   ev/simsec=6044.08
     Messages:  created: 322618   present: 1187   in FES: 154
** Event #385792   t=64.220745234137   Elapsed: 8.00932s (0m 08s)  12% completed  (6% total)
     Speed:     ev/sec=42589.9   simsec/sec=7.04447   ev/simsec=6045.86
     Messages:  created: 413862   present: 1163   in FES: 138
** Event #443392   t=74.063764987422   Elapsed: 10.0128s (0m 10s)  14% completed  (7% total)
     Speed:     ev/sec=28749.9   simsec/sec=4.91294   ev/simsec=5851.86
     Messages:  created: 475511   present: 1210   in FES: 154
** Event #502528   t=84.06376136334   Elapsed: 12.0173s (0m 12s)  16% completed  (8% total)
     Speed:     ev/sec=29502.3   simsec/sec=4.98888   ev/simsec=5913.6
     Messages:  created: 539000   present: 1189   in FES: 154
** Event #563200   t=94.093814762707   Elapsed: 14.0216s (0m 14s)  18% completed  (9% total)
     Speed:     ev/sec=30270.7   simsec/sec=5.00423   ev/simsec=6049.02
     Messages:  created: 603722   present: 1178   in FES: 141
** Event #628480   t=100.850733568886   Elapsed: 16.0281s (0m 16s)  20% completed  (10% total)
     Speed:     ev/sec=32534.7   simsec/sec=3.36756   ev/simsec=9661.21
     Messages:  created: 681677   present: 1281   in FES: 155
** Event #696320   t=101.757687412576   Elapsed: 18.0373s (0m 18s)  20% completed  (10% total)
     Speed:     ev/sec=33763.9   simsec/sec=0.45139   ev/simsec=74799.8
     Messages:  created: 773619   present: 1257   in FES: 160
** Event #768000   t=102.977051887967   Elapsed: 20.0385s (0m 20s)  20% completed  (10% total)
     Speed:     ev/sec=35818.4   simsec/sec=0.609315   ev/simsec=58784.7
     Messages:  created: 870757   present: 1245   in FES: 130
** Event #841472   t=104.15559561684   Elapsed: 22.04s (0m 22s)  20% completed  (10% total)
     Speed:     ev/sec=36709.3   simsec/sec=0.588843   ev/simsec=62341.3
     Messages:  created: 969241   present: 1252   in FES: 142
** Event #914432   t=105.364488980861   Elapsed: 24.0416s (0m 24s)  21% completed  (10% total)
     Speed:     ev/sec=36450   simsec/sec=0.603949   ev/simsec=60352.7
     Messages:  created: 1067942   present: 1346   in FES: 163
** Event #966656   t=106.217904013021   Elapsed: 26.043s (0m 26s)  21% completed  (10% total)
     Speed:     ev/sec=26093.8   simsec/sec=0.42641   ev/simsec=61194.1
     Messages:  created: 1138437   present: 1441   in FES: 185
** Event #1030144   t=107.233673535824   Elapsed: 28.0444s (0m 28s)  21% completed  (10% total)
     Speed:     ev/sec=31721.4   simsec/sec=0.507522   ev/simsec=62502.4
     Messages:  created: 1224173   present: 1316   in FES: 132
** Event #1097472   t=108.449677019214   Elapsed: 30.0493s (0m 30s)  21% completed  (10% total)
     Speed:     ev/sec=33582.1   simsec/sec=0.606523   ev/simsec=55368.3
     Messages:  created: 1314890   present: 1370   in FES: 152
** Event #1163264   t=109.643198783081   Elapsed: 32.0496s (0m 32s)  21% completed  (10% total)
     Speed:     ev/sec=32890.7   simsec/sec=0.596664   ev/simsec=55124.3
     Messages:  created: 1403553   present: 1392   in FES: 154
** Event #1234432   t=110.972766436529   Elapsed: 34.0529s (0m 34s)  22% completed  (11% total)
     Speed:     ev/sec=35525.4   simsec/sec=0.663689   ev/simsec=53527.2
     Messages:  created: 1499669   present: 1471   in FES: 158
** Event #1307136   t=112.233667665259   Elapsed: 36.059s (0m 36s)  22% completed  (11% total)
     Speed:     ev/sec=36242.6   simsec/sec=0.628553   ev/simsec=57660.3
     Messages:  created: 1596663   present: 1492   in FES: 160
** Event #1369856   t=112.96674750058   Elapsed: 38.0628s (0m 38s)  22% completed  (11% total)
     Speed:     ev/sec=31299.7   simsec/sec=0.365835   ev/simsec=85556.8
     Messages:  created: 1682852   present: 1486   in FES: 157
** Event #1447424   t=113.756502379732   Elapsed: 40.0655s (0m 40s)  22% completed  (11% total)
     Speed:     ev/sec=38732.9   simsec/sec=0.394358   ev/simsec=98217.8
     Messages:  created: 1788471   present: 1440   in FES: 125
** Event #1517312   t=114.51604767548   Elapsed: 42.0673s (0m 42s)  22% completed  (11% total)
     Speed:     ev/sec=34911.4   simsec/sec=0.379418   ev/simsec=92012.9
     Messages:  created: 1883482   present: 1477   in FES: 130
** Event #1589248   t=115.36321669541   Elapsed: 44.071s (0m 44s)  23% completed  (11% total)
     Speed:     ev/sec=35901.6   simsec/sec=0.422802   ev/simsec=84913.4
     Messages:  created: 1981483   present: 1532   in FES: 155
** Event #1665792   t=116.216550411547   Elapsed: 46.074s (0m 46s)  23% completed  (11% total)
     Speed:     ev/sec=38215.5   simsec/sec=0.426037   ev/simsec=89700
     Messages:  created: 2085891   present: 1527   in FES: 155
** Event #1740288   t=116.990695561417   Elapsed: 48.0772s (0m 48s)  23% completed  (11% total)
     Speed:     ev/sec=37187.8   simsec/sec=0.386447   ev/simsec=96230
     Messages:  created: 2188466   present: 1626   in FES: 156
** Event #1812480   t=117.761065266485   Elapsed: 50.0775s (0m 50s)  23% completed  (11% total)
     Speed:     ev/sec=36091.7   simsec/sec=0.385139   ev/simsec=93710.9
     Messages:  created: 2286616   present: 1624   in FES: 156
** Event #1875712   t=118.484442476973   Elapsed: 52.0853s (0m 52s)  23% completed  (11% total)
     Speed:     ev/sec=31492.7   simsec/sec=0.360278   ev/simsec=87412.2
     Messages:  created: 2372499   present: 1697   in FES: 177
** Event #1944576   t=119.240204585779   Elapsed: 54.0864s (0m 54s)  23% completed  (11% total)
     Speed:     ev/sec=34413   simsec/sec=0.377672   ev/simsec=91118.6
     Messages:  created: 2466371   present: 1648   in FES: 160
** Event #2020352   t=120.097562748728   Elapsed: 56.0897s (0m 56s)  24% completed  (12% total)
     Speed:     ev/sec=37825.9   simsec/sec=0.427977   ev/simsec=88383.1
     Messages:  created: 2569770   present: 1609   in FES: 154
** Event #2095360   t=120.950722885689   Elapsed: 58.095s (0m 58s)  24% completed  (12% total)
     Speed:     ev/sec=37404.3   simsec/sec=0.425446   ev/simsec=87917.8
     Messages:  created: 2672599   present: 1660   in FES: 156
** Event #2162688   t=122.040844385675   Elapsed: 60.096s (1m 00s)  24% completed  (12% total)
     Speed:     ev/sec=33646.7   simsec/sec=0.54478   ev/simsec=61761.9
     Messages:  created: 2763152   present: 1564   in FES: 124
** Event #2231552   t=123.3589589848   Elapsed: 62.0989s (1m 02s)  24% completed  (12% total)
     Speed:     ev/sec=34382.6   simsec/sec=0.658113   ev/simsec=52244.3
     Messages:  created: 2855208   present: 1660   in FES: 137
** Event #2299392   t=124.718148383692   Elapsed: 64.1018s (1m 04s)  24% completed  (12% total)
     Speed:     ev/sec=33871.7   simsec/sec=0.678628   ev/simsec=49912.1
     Messages:  created: 2946371   present: 1721   in FES: 161
** Event #2370816   t=126.222686425047   Elapsed: 66.1038s (1m 06s)  25% completed  (12% total)
     Speed:     ev/sec=35674.9   simsec/sec=0.751488   ev/simsec=47472.4
     Messages:  created: 3041294   present: 1767   in FES: 157
** Event #2439936   t=127.759662758599   Elapsed: 68.1058s (1m 08s)  25% completed  (12% total)
     Speed:     ev/sec=34525.7   simsec/sec=0.767725   ev/simsec=44971.4
     Messages:  created: 3133053   present: 1728   in FES: 126
** Event #2507008   t=129.224740452644   Elapsed: 70.1119s (1m 10s)  25% completed  (12% total)
     Speed:     ev/sec=33435   simsec/sec=0.730334   ev/simsec=45780.5
     Messages:  created: 3221534   present: 1875   in FES: 164
** Event #2576384   t=130.856110982791   Elapsed: 72.1223s (1m 12s)  26% completed  (13% total)
     Speed:     ev/sec=34508.7   simsec/sec=0.81147   ev/simsec=42526.2
     Messages:  created: 3313699   present: 1923   in FES: 153
** Event #2644992   t=131.5   Elapsed: 74.124s (1m 14s)  26% completed  (13% total)
     Speed:     ev/sec=34274   simsec/sec=0.321663   ev/simsec=106553
     Messages:  created: 3406983   present: 1742   in FES: 122
** Event #2705152   t=132.734651520784   Elapsed: 76.1243s (1m 16s)  26% completed  (13% total)
     Speed:     ev/sec=30075.2   simsec/sec=0.617226   ev/simsec=48726.3
     Messages:  created: 3487862   present: 1862   in FES: 161
** Event #2773760   t=134.14249149759   Elapsed: 78.1319s (1m 18s)  26% completed  (13% total)
     Speed:     ev/sec=34174.4   simsec/sec=0.701261   ev/simsec=48732.8
     Messages:  created: 3579305   present: 1878   in FES: 148
** Event #2842368   t=135.484668081332   Elapsed: 80.1364s (1m 20s)  27% completed  (13% total)
     Speed:     ev/sec=34227.4   simsec/sec=0.669589   ev/simsec=51117
     Messages:  created: 3671316   present: 1871   in FES: 128
** Event #2908416   t=136.935061391964   Elapsed: 82.1412s (1m 22s)  27% completed  (13% total)
     Speed:     ev/sec=32945   simsec/sec=0.723463   ev/simsec=45538
     Messages:  created: 3760180   present: 1915   in FES: 144
** Event #2975488   t=138.201020344139   Elapsed: 84.1497s (1m 24s)  27% completed  (13% total)
     Speed:     ev/sec=33393.7   simsec/sec=0.630294   ev/simsec=52981.2
     Messages:  created: 3849380   present: 1990   in FES: 155
** Event #3043840   t=139.597564713112   Elapsed: 86.1511s (1m 26s)  27% completed  (13% total)
     Speed:     ev/sec=34151.7   simsec/sec=0.697776   ev/simsec=48943.7
     Messages:  created: 3941019   present: 1994   in FES: 154
** Event #3105024   t=140.857571554568   Elapsed: 88.1543s (1m 28s)  28% completed  (14% total)
     Speed:     ev/sec=30544.2   simsec/sec=0.62902   ev/simsec=48558.5
     Messages:  created: 4023279   present: 2060   in FES: 159
** Event #3177728   t=142.450102533288   Elapsed: 90.1577s (1m 30s)  28% completed  (14% total)
     Speed:     ev/sec=36289   simsec/sec=0.794886   ev/simsec=45653.1
     Messages:  created: 4119143   present: 2067   in FES: 148
** Event #3249152   t=144.095670375081   Elapsed: 92.1588s (1m 32s)  28% completed  (14% total)
     Speed:     ev/sec=35692.4   simsec/sec=0.822331   ev/simsec=43403.9
     Messages:  created: 4213586   present: 2146   in FES: 161
** Event #3318784   t=145.647490652539   Elapsed: 94.1636s (1m 34s)  29% completed  (14% total)
     Speed:     ev/sec=34732.6   simsec/sec=0.774052   ev/simsec=44871.2
     Messages:  created: 4305681   present: 2191   in FES: 156
** Event #3388160   t=147.234289884277   Elapsed: 96.1704s (1m 36s)  29% completed  (14% total)
     Speed:     ev/sec=34570.3   simsec/sec=0.790707   ev/simsec=43720.7
     Messages:  created: 4397216   present: 2134   in FES: 127
** Event #3457024   t=149.097824516214   Elapsed: 98.1739s (1m 38s)  29% completed  (14% total)
     Speed:     ev/sec=34372   simsec/sec=0.930144   ev/simsec=36953.4
     Messages:  created: 4487885   present: 2255   in FES: 151
** Event #3520768   t=150.779649206946   Elapsed: 100.186s (1m 40s)  30% completed  (15% total)
     Speed:     ev/sec=31676.5   simsec/sec=0.835754   ev/simsec=37901.7
     Messages:  created: 4572208   present: 2305   in FES: 164
** Event #3588352   t=152.474774437956   Elapsed: 102.187s (1m 42s)  30% completed  (15% total)
     Speed:     ev/sec=33776.3   simsec/sec=0.847168   ev/simsec=39869.6
     Messages:  created: 4660797   present: 2342   in FES: 145
** Event #3659776   t=154.256464354693   Elapsed: 104.194s (1m 44s)  30% completed  (15% total)
     Speed:     ev/sec=35588.2   simsec/sec=0.887756   ev/simsec=40087.8
     Messages:  created: 4754741   present: 2377   in FES: 167
** Event #3732224   t=156.271551446129   Elapsed: 106.196s (1m 46s)  31% completed  (15% total)
     Speed:     ev/sec=36187.6   simsec/sec=1.00653   ev/simsec=35952.8
     Messages:  created: 4849641   present: 2400   in FES: 149
** Event #3803136   t=158.437947649094   Elapsed: 108.2s (1m 48s)  31% completed  (15% total)
     Speed:     ev/sec=35392.9   simsec/sec=1.08127   ev/simsec=32732.7
     Messages:  created: 4942261   present: 2494   in FES: 155
** Event #3872256   t=160.466795254638   Elapsed: 110.2s (1m 50s)  32% completed  (16% total)
     Speed:     ev/sec=34555.6   simsec/sec=1.01429   ev/simsec=34068.6
     Messages:  created: 5032713   present: 2566   in FES: 152
** Event #3940096   t=162.471308298532   Elapsed: 112.2s (1m 52s)  32% completed  (16% total)
     Speed:     ev/sec=33913   simsec/sec=1.00205   ev/simsec=33843.6
     Messages:  created: 5121487   present: 2618   in FES: 155
** Event #4005376   t=164.348637679771   Elapsed: 114.207s (1m 54s)  32% completed  (16% total)
     Speed:     ev/sec=32527.2   simsec/sec=0.935421   ev/simsec=34772.8
     Messages:  created: 5206990   present: 2645   in FES: 140
** Event #4075520   t=166.18776284525   Elapsed: 116.212s (1m 56s)  33% completed  (16% total)
     Speed:     ev/sec=34985.8   simsec/sec=0.917301   ev/simsec=38139.9
     Messages:  created: 5299121   present: 2730   in FES: 153
** Event #4148736   t=168.097824848947   Elapsed: 118.214s (1m 58s)  33% completed  (16% total)
     Speed:     ev/sec=36585.1   simsec/sec=0.954433   ev/simsec=38331.7
     Messages:  created: 5395557   present: 2784   in FES: 154
** Event #4221952   t=170.062453664626   Elapsed: 120.218s (2m 00s)  34% completed  (17% total)
     Speed:     ev/sec=36518.7   simsec/sec=0.979919   ev/simsec=37267.1
     Messages:  created: 5491853   present: 2756   in FES: 129
** Event #4295680   t=172.084913790273   Elapsed: 122.223s (2m 02s)  34% completed  (17% total)
     Speed:     ev/sec=36785.7   simsec/sec=1.00908   ev/simsec=36454.6
     Messages:  created: 5588598   present: 2879   in FES: 155
** Event #4366080   t=173.988103640491   Elapsed: 124.229s (2m 04s)  34% completed  (17% total)
     Speed:     ev/sec=35084.1   simsec/sec=0.948461   ev/simsec=36990.5
     Messages:  created: 5681737   present: 2933   in FES: 152
** Event #4432384   t=175.848413725564   Elapsed: 126.23s (2m 06s)  35% completed  (17% total)
     Speed:     ev/sec=33146.3   simsec/sec=0.929996   ev/simsec=35641.4
     Messages:  created: 5768649   present: 2987   in FES: 160
** Event #4507392   t=177.966967121676   Elapsed: 128.231s (2m 08s)  35% completed  (17% total)
     Speed:     ev/sec=37470.5   simsec/sec=1.05833   ev/simsec=35405.3
     Messages:  created: 5867238   present: 2961   in FES: 125
** Event #4580096   t=179.967265786736   Elapsed: 130.233s (2m 10s)  35% completed  (17% total)
     Speed:     ev/sec=36327   simsec/sec=0.999463   ev/simsec=36346.6
     Messages:  created: 5962818   present: 3098   in FES: 160
** Event #4654336   t=181.96778858431   Elapsed: 132.234s (2m 12s)  36% completed  (18% total)
     Speed:     ev/sec=37090.1   simsec/sec=0.999457   ev/simsec=37110.3
     Messages:  created: 6060243   present: 3167   in FES: 158
** Event #4726528   t=183.7233640392   Elapsed: 134.241s (2m 14s)  36% completed  (18% total)
     Speed:     ev/sec=35969.5   simsec/sec=0.874711   ev/simsec=41121.6
     Messages:  created: 6155103   present: 3321   in FES: 185
** Event #4792320   t=185.466809877425   Elapsed: 136.295s (2m 16s)  37% completed  (18% total)
     Speed:     ev/sec=32037.4   simsec/sec=0.84897   ev/simsec=37736.8
     Messages:  created: 6241349   present: 3251   in FES: 154
** Event #4865792   t=187.421767403324   Elapsed: 138.301s (2m 18s)  37% completed  (18% total)
     Speed:     ev/sec=36632.1   simsec/sec=0.974713   ev/simsec=37582.4
     Messages:  created: 6337958   present: 3308   in FES: 157
** Event #4940288   t=189.54749935741   Elapsed: 140.306s (2m 20s)  37% completed  (18% total)
     Speed:     ev/sec=37157.1   simsec/sec=1.06027   ev/simsec=35044.9
     Messages:  created: 6435669   present: 3376   in FES: 155
** Event #5017088   t=191.449243196255   Elapsed: 142.307s (2m 22s)  38% completed  (19% total)
     Speed:     ev/sec=38372.2   simsec/sec=0.950184   ev/simsec=40384
     Messages:  created: 6537193   present: 3617   in FES: 216
** Event #5092864   t=193.185572386753   Elapsed: 144.312s (2m 24s)  38% completed  (19% total)
     Speed:     ev/sec=37795.1   simsec/sec=0.866036   ev/simsec=43641.5
     Messages:  created: 6637637   present: 3483   in FES: 157
** Event #5168384   t=194.974773412587   Elapsed: 146.318s (2m 26s)  38% completed  (19% total)
     Speed:     ev/sec=37641.4   simsec/sec=0.891791   ev/simsec=42208.8
     Messages:  created: 6738285   present: 3556   in FES: 157
** Event #5236224   t=196.5   Elapsed: 148.322s (2m 28s)  39% completed  (19% total)
     Speed:     ev/sec=33850.9   simsec/sec=0.761059   ev/simsec=44478.6
     Messages:  created: 6827234   present: 3467   in FES: 123
** Event #5312512   t=198.354674252721   Elapsed: 150.326s (2m 30s)  39% completed  (19% total)
     Speed:     ev/sec=38078.4   simsec/sec=0.925741   ev/simsec=41132.8
     Messages:  created: 6927814   present: 3576   in FES: 150
** Event #5381632   t=199.971523964187   Elapsed: 152.331s (2m 32s)  39% completed  (19% total)
     Speed:     ev/sec=34471.2   simsec/sec=0.806347   ev/simsec=42749.8
     Messages:  created: 7019959   present: 3657   in FES: 155
** Event #5450752   t=201.462580743505   Elapsed: 154.337s (2m 34s)  40% completed  (20% total)
     Speed:     ev/sec=34463.3   simsec/sec=0.743442   ev/simsec=46356.4
     Messages:  created: 7111004   present: 3679   in FES: 155
** Event #5524736   t=203.153415681264   Elapsed: 156.344s (2m 36s)  40% completed  (20% total)
     Speed:     ev/sec=36858.2   simsec/sec=0.842361   ev/simsec=43755.9
     Messages:  created: 7208893   present: 3707   in FES: 158
** Event #5588992   t=204.608299455165   Elapsed: 158.455s (2m 38s)  40% completed  (20% total)
     Speed:     ev/sec=30438.4   simsec/sec=0.689186   ev/simsec=44165.7
     Messages:  created: 7294546   present: 3711   in FES: 142
** Event #5659648   t=206.197688665163   Elapsed: 160.464s (2m 40s)  41% completed  (20% total)
     Speed:     ev/sec=35165.6   simsec/sec=0.791041   ev/simsec=44454.8
     Messages:  created: 7388226   present: 3785   in FES: 155
** Event #5729792   t=207.882754331513   Elapsed: 162.468s (2m 42s)  41% completed  (20% total)
     Speed:     ev/sec=34997.3   simsec/sec=0.840739   ev/simsec=41626.9
     Messages:  created: 7481506   present: 3796   in FES: 148
** Event #5799424   t=209.597779720834   Elapsed: 164.474s (2m 44s)  41% completed  (20% total)
     Speed:     ev/sec=34715.8   simsec/sec=0.855045   ev/simsec=40601.1
     Messages:  created: 7572620   present: 3875   in FES: 157
** Event #5865472   t=211.197954474923   Elapsed: 166.475s (2m 46s)  42% completed  (21% total)
     Speed:     ev/sec=33016.1   simsec/sec=0.799896   ev/simsec=41275.5
     Messages:  created: 7659323   present: 3900   in FES: 147
** Event #5933568   t=212.95673270605   Elapsed: 168.48s (2m 48s)  42% completed  (21% total)
     Speed:     ev/sec=33948.8   simsec/sec=0.876827   ev/simsec=38717.8
     Messages:  created: 7749432   present: 4008   in FES: 157
** Event #5990912   t=214.223041996707   Elapsed: 170.484s (2m 50s)  42% completed  (21% total)
     Speed:     ev/sec=28620.9   simsec/sec=0.632025   ev/simsec=45284.4
     Messages:  created: 7824443   present: 4012   in FES: 156
** Event #6060544   t=215.973655032563   Elapsed: 172.487s (2m 52s)  43% completed  (21% total)
     Speed:     ev/sec=34772.5   simsec/sec=0.874213   ev/simsec=39775.8
     Messages:  created: 7916583   present: 3996   in FES: 125
** Event #6133248   t=217.708852506247   Elapsed: 174.488s (2m 54s)  43% completed  (21% total)
     Speed:     ev/sec=36320.6   simsec/sec=0.866849   ev/simsec=41899.6
     Messages:  created: 8011625   present: 4094   in FES: 155
** Event #6207488   t=219.453240808924   Elapsed: 176.49s (2m 56s)  43% completed  (21% total)
     Speed:     ev/sec=37091.3   simsec/sec=0.87152   ev/simsec=42559.3
     Messages:  created: 8108954   present: 4088   in FES: 133
** Event #6278656   t=221.150383939684   Elapsed: 178.491s (2m 58s)  44% completed  (22% total)
     Speed:     ev/sec=35569   simsec/sec=0.848214   ev/simsec=41934
     Messages:  created: 8202454   present: 4167   in FES: 156
** Event #6356224   t=223.029605387199   Elapsed: 180.495s (3m 00s)  44% completed  (22% total)
     Speed:     ev/sec=38690.1   simsec/sec=0.937337   ev/simsec=41276.7
     Messages:  created: 8304975   present: 4213   in FES: 156
** Event #6418176   t=224.424068292476   Elapsed: 182.501s (3m 02s)  44% completed  (22% total)
     Speed:     ev/sec=30888.5   simsec/sec=0.695263   ev/simsec=44427.1
     Messages:  created: 8386043   present: 4183   in FES: 137
** Event #6487808   t=226.109038557304   Elapsed: 184.503s (3m 04s)  45% completed  (22% total)
     Speed:     ev/sec=34790.7   simsec/sec=0.841872   ev/simsec=41325.4
     Messages:  created: 8477553   present: 4297   in FES: 161
** Event #6549760   t=227.604134778006   Elapsed: 186.508s (3m 06s)  45% completed  (22% total)
     Speed:     ev/sec=30899.5   simsec/sec=0.745702   ev/simsec=41436.8
     Messages:  created: 8559191   present: 4314   in FES: 155
** Event #6620672   t=229.240372883738   Elapsed: 188.512s (3m 08s)  45% completed  (22% total)
     Speed:     ev/sec=35370.2   simsec/sec=0.81614   ev/simsec=43338.4
     Messages:  created: 8652370   present: 4291   in FES: 127
** Event #6698752   t=231.136016133059   Elapsed: 190.513s (3m 10s)  46% completed  (23% total)
     Speed:     ev/sec=39028.5   simsec/sec=0.947542   ev/simsec=41189.2
     Messages:  created: 8755043   present: 4346   in FES: 130
** Event #6754304   t=232.689168252273   Elapsed: 192.515s (3m 12s)  46% completed  (23% total)
     Speed:     ev/sec=27751.7   simsec/sec=0.775897   ev/simsec=35767.3
     Messages:  created: 8827978   present: 4466   in FES: 156
** Event #6810368   t=234.37159464971   Elapsed: 194.52s (3m 14s)  46% completed  (23% total)
     Speed:     ev/sec=27957.3   simsec/sec=0.838971   ev/simsec=33323.3
     Messages:  created: 8900530   present: 4500   in FES: 146
** Event #6879744   t=236.903445720809   Elapsed: 196.523s (3m 16s)  47% completed  (23% total)
     Speed:     ev/sec=34643.2   simsec/sec=1.26429   ev/simsec=27401.3
     Messages:  created: 8990064   present: 4667   in FES: 156
** Event #6956032   t=239.476280851246   Elapsed: 198.529s (3m 18s)  47% completed  (23% total)
     Speed:     ev/sec=38029.5   simsec/sec=1.28256   ev/simsec=29651.3
     Messages:  created: 9087710   present: 4804   in FES: 155
** Event #7025664   t=242.040204413289   Elapsed: 200.529s (3m 20s)  48% completed  (24% total)
     Speed:     ev/sec=34803.6   simsec/sec=1.28151   ev/simsec=27158.4
     Messages:  created: 9177275   present: 4905   in FES: 152
** Event #7088128   t=244.198688793278   Elapsed: 202.542s (3m 22s)  48% completed  (24% total)
     Speed:     ev/sec=31042.9   simsec/sec=1.07271   ev/simsec=28938.8
     Messages:  created: 9257284   present: 5004   in FES: 153
** Event #7154688   t=246.447687946474   Elapsed: 204.542s (3m 24s)  49% completed  (24% total)
     Speed:     ev/sec=33275.2   simsec/sec=1.12434   ev/simsec=29595.4
     Messages:  created: 9343219   present: 5092   in FES: 155
** Event #7213568   t=248.347566815956   Elapsed: 206.548s (3m 26s)  49% completed  (24% total)
     Speed:     ev/sec=29347.1   simsec/sec=0.946941   ev/simsec=30991.4
     Messages:  created: 9419434   present: 5181   in FES: 154
** Event #7283968   t=250.506453732362   Elapsed: 208.554s (3m 28s)  50% completed  (25% total)
     Speed:     ev/sec=35097   simsec/sec=1.07628   ev/simsec=32609.4
     Messages:  created: 9510977   present: 5242   in FES: 156
** Event #7354880   t=252.723334461629   Elapsed: 210.559s (3m 30s)  50% completed  (25% total)
     Speed:     ev/sec=35361.2   simsec/sec=1.10548   ev/simsec=31987.3
     Messages:  created: 9603478   present: 5303   in FES: 131
** Event #7425024   t=254.974505926715   Elapsed: 212.561s (3m 32s)  50% completed  (25% total)
     Speed:     ev/sec=35042.4   simsec/sec=1.12463   ev/simsec=31158.9
     Messages:  created: 9694781   present: 5358   in FES: 125
** Event #7494400   t=257.185655831428   Elapsed: 214.565s (3m 34s)  51% completed  (25% total)
     Speed:     ev/sec=34621.6   simsec/sec=1.10346   ev/simsec=31375.5
     Messages:  created: 9784505   present: 5512   in FES: 157
** Event #7564544   t=259.451217260961   Elapsed: 216.565s (3m 36s)  51% completed  (25% total)
     Speed:     ev/sec=35066.3   simsec/sec=1.1326   ev/simsec=30961
     Messages:  created: 9876116   present: 5686   in FES: 183
** Event #7629312   t=261.485375355405   Elapsed: 218.569s (3m 38s)  52% completed  (26% total)
     Speed:     ev/sec=32321.7   simsec/sec=1.01512   ev/simsec=31840.2
     Messages:  created: 9960607   present: 5639   in FES: 154
** Event #7698688   t=263.903975826678   Elapsed: 220.573s (3m 40s)  52% completed  (26% total)
     Speed:     ev/sec=34618   simsec/sec=1.20686   ev/simsec=28684.4
     Messages:  created: 10051213   present: 5662   in FES: 125
** Event #7767552   t=266.032922121231   Elapsed: 222.58s (3m 42s)  53% completed  (26% total)
     Speed:     ev/sec=34320.2   simsec/sec=1.06102   ev/simsec=32346.5
     Messages:  created: 10141173   present: 5813   in FES: 151
** Event #7838976   t=268.234470006274   Elapsed: 224.589s (3m 44s)  53% completed  (26% total)
     Speed:     ev/sec=35544.8   simsec/sec=1.09562   ev/simsec=32442.6
     Messages:  created: 10233700   present: 5913   in FES: 156
** Event #7908096   t=270.471381399084   Elapsed: 226.593s (3m 46s)  54% completed  (27% total)
     Speed:     ev/sec=34501.2   simsec/sec=1.11655   ev/simsec=30899.7
     Messages:  created: 10323701   present: 5980   in FES: 155
** Event #7981568   t=272.984023738075   Elapsed: 228.593s (3m 48s)  54% completed  (27% total)
     Speed:     ev/sec=36729.3   simsec/sec=1.25609   ev/simsec=29240.9
     Messages:  created: 10420024   present: 6099   in FES: 147
** Event #8050688   t=275.363553724392   Elapsed: 230.758s (3m 50s)  55% completed  (27% total)
     Speed:     ev/sec=31929.5   simsec/sec=1.09921   ev/simsec=29047.8
     Messages:  created: 10509361   present: 6179   in FES: 155
** Event #8122112   t=277.974743459415   Elapsed: 232.763s (3m 52s)  55% completed  (27% total)
     Speed:     ev/sec=35624.2   simsec/sec=1.30239   ev/simsec=27353
     Messages:  created: 10602919   present: 6294   in FES: 158
** Event #8190464   t=280.316406296401   Elapsed: 234.767s (3m 54s)  56% completed  (28% total)
     Speed:     ev/sec=34098.7   simsec/sec=1.16818   ev/simsec=29189.5
     Messages:  created: 10691294   present: 6394   in FES: 154
** Event #8261888   t=282.976546759712   Elapsed: 236.772s (3m 56s)  56% completed  (28% total)
     Speed:     ev/sec=35630   simsec/sec=1.32702   ev/simsec=26849.7
     Messages:  created: 10784329   present: 6459   in FES: 128
** Event #8332544   t=285.472684353823   Elapsed: 238.775s (3m 58s)  57% completed  (28% total)
     Speed:     ev/sec=35274.4   simsec/sec=1.24617   ev/simsec=28306.1
     Messages:  created: 10875251   present: 6560   in FES: 124
** Event #8403200   t=288.043618995276   Elapsed: 240.781s (4m 00s)  57% completed  (28% total)
     Speed:     ev/sec=35219.5   simsec/sec=1.28152   ev/simsec=27482.6
     Messages:  created: 10967054   present: 6759   in FES: 154
** Event #8469504   t=290.35623175022   Elapsed: 242.902s (4m 02s)  58% completed  (29% total)
     Speed:     ev/sec=31258.5   simsec/sec=1.09026   ev/simsec=28670.6
     Messages:  created: 11052397   present: 6878   in FES: 157
** Event #8540928   t=292.856535669226   Elapsed: 244.903s (4m 04s)  58% completed  (29% total)
     Speed:     ev/sec=35691.9   simsec/sec=1.24945   ev/simsec=28566.1
     Messages:  created: 11145555   present: 6996   in FES: 157
** Event #8611584   t=295.15192779644   Elapsed: 246.906s (4m 06s)  59% completed  (29% total)
     Speed:     ev/sec=35272.6   simsec/sec=1.1459   ev/simsec=30781.7
     Messages:  created: 11236876   present: 7004   in FES: 129
** Event #8685568   t=297.716357133523   Elapsed: 248.909s (4m 08s)  59% completed  (29% total)
     Speed:     ev/sec=36937   simsec/sec=1.28031   ev/simsec=28850.1
     Messages:  created: 11333207   present: 7204   in FES: 154
** Event #8761088   t=300.297455686415   Elapsed: 250.916s (4m 10s)  60% completed  (30% total)
     Speed:     ev/sec=37633.6   simsec/sec=1.28623   ev/simsec=29258.9
     Messages:  created: 11431047   present: 7292   in FES: 156
** Event #8834304   t=302.96667554061   Elapsed: 252.92s (4m 12s)  60% completed  (30% total)
     Speed:     ev/sec=36538.7   simsec/sec=1.33208   ev/simsec=27429.7
     Messages:  created: 11526495   present: 7351   in FES: 134
** Event #8898048   t=305.114382118488   Elapsed: 254.927s (4m 14s)  61% completed  (30% total)
     Speed:     ev/sec=31764.8   simsec/sec=1.07024   ev/simsec=29680
     Messages:  created: 11608841   present: 7525   in FES: 154
** Event #8969984   t=307.653454998272   Elapsed: 256.937s (4m 16s)  61% completed  (30% total)
     Speed:     ev/sec=35781.2   simsec/sec=1.26294   ev/simsec=28331.6
     Messages:  created: 11702631   present: 7563   in FES: 128
** Event #9045504   t=308.413348868615   Elapsed: 258.94s (4m 18s)  61% completed  (30% total)
     Speed:     ev/sec=37704.8   simsec/sec=0.379392   ev/simsec=99382.3
     Messages:  created: 11805667   present: 7584   in FES: 154
** Event #9117952   t=310.862994419396   Elapsed: 260.946s (4m 20s)  62% completed  (31% total)
     Speed:     ev/sec=36112.1   simsec/sec=1.22104   ev/simsec=29574.9
     Messages:  created: 11900870   present: 7591   in FES: 154
** Event #9186560   t=313.109040936105   Elapsed: 262.947s (4m 22s)  62% completed  (31% total)
     Speed:     ev/sec=34283.1   simsec/sec=1.12234   ev/simsec=30546.1
     Messages:  created: 11990222   present: 7699   in FES: 154
** Event #9256448   t=315.449564644083   Elapsed: 264.948s (4m 24s)  63% completed  (31% total)
     Speed:     ev/sec=34936.4   simsec/sec=1.17001   ev/simsec=29860
     Messages:  created: 12081522   present: 7731   in FES: 142
** Event #9323264   t=317.723689188442   Elapsed: 267.153s (4m 27s)  63% completed  (31% total)
     Speed:     ev/sec=30302.9   simsec/sec=1.03138   ev/simsec=29381
     Messages:  created: 12168948   present: 7889   in FES: 158
** Event #9395968   t=320.11171963921   Elapsed: 269.16s (4m 29s)  64% completed  (32% total)
     Speed:     ev/sec=36221.5   simsec/sec=1.18973   ev/simsec=30445.2
     Messages:  created: 12263561   present: 7974   in FES: 153
** Event #9467136   t=322.447919593714   Elapsed: 271.162s (4m 31s)  64% completed  (32% total)
     Speed:     ev/sec=35552.4   simsec/sec=1.16706   ev/simsec=30463.1
     Messages:  created: 12356528   present: 8046   in FES: 160
** Event #9539840   t=325.005161759826   Elapsed: 273.164s (4m 33s)  65% completed  (32% total)
     Speed:     ev/sec=36319.5   simsec/sec=1.27748   ev/simsec=28430.6
     Messages:  created: 12451569   present: 8161   in FES: 155
** Event #9610752   t=327.256707240396   Elapsed: 275.166s (4m 35s)  65% completed  (32% total)
     Speed:     ev/sec=35412.7   simsec/sec=1.1244   ev/simsec=31494.8
     Messages:  created: 12543298   present: 8259   in FES: 155
** Event #9679360   t=329.641731569771   Elapsed: 277.168s (4m 37s)  65% completed  (32% total)
     Speed:     ev/sec=34263.7   simsec/sec=1.19111   ev/simsec=28766.2
     Messages:  created: 12632303   present: 8353   in FES: 154
** Event #9749504   t=332.040899908687   Elapsed: 279.169s (4m 39s)  66% completed  (33% total)
     Speed:     ev/sec=35060.6   simsec/sec=1.1992   ev/simsec=29236.8
     Messages:  created: 12723444   present: 8445   in FES: 149
** Event #9818624   t=334.347562752668   Elapsed: 281.169s (4m 41s)  66% completed  (33% total)
     Speed:     ev/sec=34551   simsec/sec=1.15303   ev/simsec=29965.4
     Messages:  created: 12812632   present: 8533   in FES: 154
** Event #9889536   t=336.733401753777   Elapsed: 283.173s (4m 43s)  67% completed  (33% total)
     Speed:     ev/sec=35398.4   simsec/sec=1.19098   ev/simsec=29722
     Messages:  created: 12904930   present: 8631   in FES: 154
** Event #9962240   t=339.113921442469   Elapsed: 285.176s (4m 45s)  67% completed  (33% total)
     Speed:     ev/sec=36292.8   simsec/sec=1.18832   ev/simsec=30541.2
     Messages:  created: 12998736   present: 8715   in FES: 139
** Event #10040320   t=341.725781641086   Elapsed: 287.181s (4m 47s)  68% completed  (34% total)
     Speed:     ev/sec=38942.5   simsec/sec=1.30267   ev/simsec=29894.4
     Messages:  created: 13100331   present: 8848   in FES: 156
** Event #10112256   t=344.123822964825   Elapsed: 289.186s (4m 49s)  68% completed  (34% total)
     Speed:     ev/sec=35879.3   simsec/sec=1.19606   ev/simsec=29997.8
     Messages:  created: 13193179   present: 8933   in FES: 154
** Event #10175744   t=346.140563261042   Elapsed: 291.188s (4m 51s)  69% completed  (34% total)
     Speed:     ev/sec=31707.2   simsec/sec=1.0072   ev/simsec=31480.5
     Messages:  created: 13275654   present: 8927   in FES: 124
** Event #10246656   t=348.476547292645   Elapsed: 293.189s (4m 53s)  69% completed  (34% total)
     Speed:     ev/sec=35440.3   simsec/sec=1.16747   ev/simsec=30356.4
     Messages:  created: 13367613   present: 9057   in FES: 132
** Event #10317312   t=350.952850058941   Elapsed: 295.194s (4m 55s)  70% completed  (35% total)
     Speed:     ev/sec=35241.1   simsec/sec=1.23511   ev/simsec=28532.9
     Messages:  created: 13459690   present: 9219   in FES: 157
** Event #10388736   t=353.234021022231   Elapsed: 297.197s (4m 57s)  70% completed  (35% total)
     Speed:     ev/sec=35668   simsec/sec=1.13918   ev/simsec=31310.2
     Messages:  created: 13551893   present: 9303   in FES: 154
** Event #10459392   t=355.402262246123   Elapsed: 299.199s (4m 59s)  71% completed  (35% total)
     Speed:     ev/sec=35287.7   simsec/sec=1.08288   ev/simsec=32586.8
     Messages:  created: 13643020   present: 9040   in FES: 147
** Event #10531328   t=355.644369496375   Elapsed: 301.201s (5m 01s)  71% completed  (35% total)
     Speed:     ev/sec=35930.4   simsec/sec=0.120927   ev/simsec=297125
     Messages:  created: 13742941   present: 9020   in FES: 149
** Event #10589696   t=356.000903310725   Elapsed: 303.207s (5m 03s)  71% completed  (35% total)
     Speed:     ev/sec=29102.8   simsec/sec=0.177771   ev/simsec=163710
     Messages:  created: 13823910   present: 8902   in FES: 155
** Event #10656512   t=357.692629363686   Elapsed: 305.209s (5m 05s)  71% completed  (35% total)
     Speed:     ev/sec=33367.8   simsec/sec=0.844846   ev/simsec=39495.8
     Messages:  created: 13911660   present: 8928   in FES: 154
** Event #10724608   t=359.348457626449   Elapsed: 307.21s (5m 07s)  71% completed  (35% total)
     Speed:     ev/sec=34035.8   simsec/sec=0.827618   ev/simsec=41125
     Messages:  created: 14001394   present: 8987   in FES: 154
** Event #10792448   t=360.98340365177   Elapsed: 309.211s (5m 09s)  72% completed  (36% total)
     Speed:     ev/sec=33902.7   simsec/sec=0.817057   ev/simsec=41493.7
     Messages:  created: 14091931   present: 9046   in FES: 155
** Event #10860800   t=362.463396832109   Elapsed: 311.218s (5m 11s)  72% completed  (36% total)
     Speed:     ev/sec=34046.9   simsec/sec=0.737202   ev/simsec=46184
     Messages:  created: 14181959   present: 9075   in FES: 147
** Event #10926592   t=364.021903256592   Elapsed: 313.22s (5m 13s)  72% completed  (36% total)
     Speed:     ev/sec=32871.3   simsec/sec=0.778668   ev/simsec=42214.8
     Messages:  created: 14269016   present: 9156   in FES: 156
** Event #10997248   t=365.476908000122   Elapsed: 315.224s (5m 15s)  73% completed  (36% total)
     Speed:     ev/sec=35249.5   simsec/sec=0.725886   ev/simsec=48560.7
     Messages:  created: 14362472   present: 9220   in FES: 165
** Event #11057920   t=365.732007361246   Elapsed: 317.23s (5m 17s)  73% completed  (36% total)
     Speed:     ev/sec=30245.2   simsec/sec=0.127168   ev/simsec=237837
     Messages:  created: 14446440   present: 9256   in FES: 183
** Event #11125248   t=366.201912431606   Elapsed: 319.231s (5m 19s)  73% completed  (36% total)
     Speed:     ev/sec=33652   simsec/sec=0.234869   ev/simsec=143280
     Messages:  created: 14538617   present: 8983   in FES: 132
** Event #11196416   t=367.703209920459   Elapsed: 321.233s (5m 21s)  73% completed  (36% total)
     Speed:     ev/sec=35541.5   simsec/sec=0.749753   ev/simsec=47404.3
     Messages:  created: 14634082   present: 9124   in FES: 157
** Event #11267584   t=369.198921295364   Elapsed: 323.235s (5m 23s)  73% completed  (36% total)
     Speed:     ev/sec=35551.7   simsec/sec=0.747177   ev/simsec=47581.4
     Messages:  created: 14728817   present: 9122   in FES: 157
** Event #11339520   t=370.703593476482   Elapsed: 325.24s (5m 25s)  74% completed  (37% total)
     Speed:     ev/sec=35875   simsec/sec=0.75039   ev/simsec=47808.4
     Messages:  created: 14824943   present: 9291   in FES: 186
** Event #11412480   t=372.113788995821   Elapsed: 327.243s (5m 27s)  74% completed  (37% total)
     Speed:     ev/sec=36431.3   simsec/sec=0.704157   ev/simsec=51737.5
     Messages:  created: 14922242   present: 9234   in FES: 157
** Event #11473664   t=373.448465365622   Elapsed: 329.25s (5m 29s)  74% completed  (37% total)
     Speed:     ev/sec=30483.3   simsec/sec=0.664967   ev/simsec=45841.8
     Messages:  created: 15004068   present: 9335   in FES: 187
** Event #11543552   t=374.903997301511   Elapsed: 331.257s (5m 31s)  74% completed  (37% total)
     Speed:     ev/sec=34832.4   simsec/sec=0.725443   ev/simsec=48015.4
     Messages:  created: 15098143   present: 9262   in FES: 154
** Event #11616000   t=376.40085775145   Elapsed: 333.258s (5m 33s)  75% completed  (37% total)
     Speed:     ev/sec=36193.2   simsec/sec=0.747794   ev/simsec=48400
     Messages:  created: 15194582   present: 9321   in FES: 161
** Event #11693312   t=378.086683839617   Elapsed: 335.263s (5m 35s)  75% completed  (37% total)
     Speed:     ev/sec=38558.9   simsec/sec=0.840795   ev/simsec=45860
     Messages:  created: 15297822   present: 9366   in FES: 152
** Event #11767808   t=379.700093479693   Elapsed: 337.265s (5m 37s)  75% completed  (37% total)
     Speed:     ev/sec=37217.1   simsec/sec=0.806037   ev/simsec=46173
     Messages:  created: 15397446   present: 9428   in FES: 163
** Event #11846400   t=381.279652689764   Elapsed: 339.271s (5m 39s)  76% completed  (38% total)
     Speed:     ev/sec=39186.1   simsec/sec=0.787571   ev/simsec=49755.7
     Messages:  created: 15502231   present: 9425   in FES: 141
** Event #11912960   t=382.704169177716   Elapsed: 341.273s (5m 41s)  76% completed  (38% total)
     Speed:     ev/sec=33232.4   simsec/sec=0.71124   ev/simsec=46724.6
     Messages:  created: 15591302   present: 9511   in FES: 160
** Event #11989248   t=384.230317834209   Elapsed: 343.274s (5m 43s)  76% completed  (38% total)
     Speed:     ev/sec=38125.3   simsec/sec=0.7627   ev/simsec=49987.3
     Messages:  created: 15693157   present: 9662   in FES: 181
** Event #12066560   t=385.973872328901   Elapsed: 345.276s (5m 45s)  77% completed  (38% total)
     Speed:     ev/sec=38624.5   simsec/sec=0.871068   ev/simsec=44341.6
     Messages:  created: 15796889   present: 9563   in FES: 132
** Event #12139264   t=387.417628353694   Elapsed: 347.28s (5m 47s)  77% completed  (38% total)
     Speed:     ev/sec=36272.7   simsec/sec=0.720304   ev/simsec=50357.5
     Messages:  created: 15893462   present: 9541   in FES: 123
** Event #12214016   t=388.958428807562   Elapsed: 349.287s (5m 49s)  77% completed  (38% total)
     Speed:     ev/sec=37257.9   simsec/sec=0.767966   ev/simsec=48515
     Messages:  created: 15993938   present: 9671   in FES: 133
** Event #12286976   t=390.392148198917   Elapsed: 351.292s (5m 51s)  78% completed  (39% total)
     Speed:     ev/sec=36387.4   simsec/sec=0.715041   ev/simsec=50888.6
     Messages:  created: 16090978   present: 9674   in FES: 138
** Event #12355584   t=391.803038482549   Elapsed: 353.296s (5m 53s)  78% completed  (39% total)
     Speed:     ev/sec=34231   simsec/sec=0.703944   ev/simsec=48627.5
     Messages:  created: 16182916   present: 9765   in FES: 155
** Event #12432384   t=393.364547291535   Elapsed: 355.3s (5m 55s)  78% completed  (39% total)
     Speed:     ev/sec=38328.3   simsec/sec=0.779296   ev/simsec=49183.2
     Messages:  created: 16285081   present: 9824   in FES: 157
** Event #12508160   t=394.974778807004   Elapsed: 357.3s (5m 57s)  78% completed  (39% total)
     Speed:     ev/sec=37878.3   simsec/sec=0.80491   ev/simsec=47059.1
     Messages:  created: 16386633   present: 9802   in FES: 133
** Event #12584960   t=396.614533703479   Elapsed: 359.305s (5m 59s)  79% completed  (39% total)
     Speed:     ev/sec=38307   simsec/sec=0.817892   ev/simsec=46836.3
     Messages:  created: 16488098   present: 9852   in FES: 139
** Event #12658432   t=398.256458470221   Elapsed: 361.309s (6m 01s)  79% completed  (39% total)
     Speed:     ev/sec=36667.5   simsec/sec=0.81943   ev/simsec=44747.5
     Messages:  created: 16585234   present: 9860   in FES: 132
** Event #12734976   t=400.114441341796   Elapsed: 363.31s (6m 03s)  80% completed  (40% total)
     Speed:     ev/sec=38249.6   simsec/sec=0.928447   ev/simsec=41197.4
     Messages:  created: 16686416   present: 10017   in FES: 150
** Event #12804864   t=401.93479435773   Elapsed: 365.311s (6m 05s)  80% completed  (40% total)
     Speed:     ev/sec=34930.9   simsec/sec=0.909834   ev/simsec=38392.6
     Messages:  created: 16779055   present: 10037   in FES: 154
** Event #12877568   t=403.355778394561   Elapsed: 367.313s (6m 07s)  80% completed  (40% total)
     Speed:     ev/sec=36315.6   simsec/sec=0.70978   ev/simsec=51164.5
     Messages:  created: 16873377   present: 9561   in FES: 194
** Event #12943104   t=403.599148389884   Elapsed: 369.316s (6m 09s)  80% completed  (40% total)
     Speed:     ev/sec=32710.9   simsec/sec=0.121473   ev/simsec=269285
     Messages:  created: 16964151   present: 9406   in FES: 182
** Event #13010688   t=404.96608950058   Elapsed: 371.316s (6m 11s)  80% completed  (40% total)
     Speed:     ev/sec=33789.3   simsec/sec=0.683415   ev/simsec=49441.8
     Messages:  created: 17054746   present: 9337   in FES: 156
** Event #13078016   t=406.36321649652   Elapsed: 373.322s (6m 13s)  81% completed  (40% total)
     Speed:     ev/sec=33572.1   simsec/sec=0.696656   ev/simsec=48190.3
     Messages:  created: 17143826   present: 9371   in FES: 155
** Event #13147648   t=407.956635071733   Elapsed: 375.326s (6m 15s)  81% completed  (40% total)
     Speed:     ev/sec=34749.7   simsec/sec=0.795193   ev/simsec=43699.8
     Messages:  created: 17236824   present: 9445   in FES: 156
** Event #13211904   t=409.297457552696   Elapsed: 377.329s (6m 17s)  81% completed  (40% total)
     Speed:     ev/sec=32075.4   simsec/sec=0.669313   ev/simsec=47922.8
     Messages:  created: 17321720   present: 9400   in FES: 145
** Event #13273088   t=410.613259619843   Elapsed: 379.336s (6m 19s)  82% completed  (41% total)
     Speed:     ev/sec=30491.4   simsec/sec=0.655738   ev/simsec=46499.4
     Messages:  created: 17403285   present: 9504   in FES: 159
** Event #13343488   t=412.130555654802   Elapsed: 381.342s (6m 21s)  82% completed  (41% total)
     Speed:     ev/sec=35083.7   simsec/sec=0.756141   ev/simsec=46398.3
     Messages:  created: 17496712   present: 9500   in FES: 145
** Event #13414656   t=413.71644018814   Elapsed: 383.352s (6m 23s)  82% completed  (41% total)
     Speed:     ev/sec=35414.9   simsec/sec=0.789173   ev/simsec=44875.9
     Messages:  created: 17591464   present: 9567   in FES: 151
** Event #13484800   t=415.22067679149   Elapsed: 385.355s (6m 25s)  83% completed  (41% total)
     Speed:     ev/sec=35023   simsec/sec=0.751068   ev/simsec=46631
     Messages:  created: 17684521   present: 9609   in FES: 155
** Event #13554432   t=416.951775677366   Elapsed: 387.361s (6m 27s)  83% completed  (41% total)
     Speed:     ev/sec=34703.5   simsec/sec=0.862752   ev/simsec=40224.2
     Messages:  created: 17777292   present: 9672   in FES: 160
** Event #13624832   t=418.460223998745   Elapsed: 389.366s (6m 29s)  83% completed  (41% total)
     Speed:     ev/sec=35122.2   simsec/sec=0.752556   ev/simsec=46670.5
     Messages:  created: 17870343   present: 9693   in FES: 142
** Event #13688576   t=419.935449113524   Elapsed: 391.37s (6m 31s)  83% completed  (41% total)
     Speed:     ev/sec=31800.9   simsec/sec=0.735968   ev/simsec=43209.7
     Messages:  created: 17955195   present: 9663   in FES: 125
** Event #13756416   t=421.356422907502   Elapsed: 393.374s (6m 33s)  84% completed  (42% total)
     Speed:     ev/sec=33857.4   simsec/sec=0.709176   ev/simsec=47741.9
     Messages:  created: 18044725   present: 9736   in FES: 134
** Event #13825792   t=422.94842417224   Elapsed: 395.379s (6m 35s)  84% completed  (42% total)
     Speed:     ev/sec=34593.6   simsec/sec=0.793833   ev/simsec=43577.9
     Messages:  created: 18137013   present: 9822   in FES: 156
** Event #13893632   t=424.391698368763   Elapsed: 397.385s (6m 37s)  84% completed  (42% total)
     Speed:     ev/sec=33822.8   simsec/sec=0.71957   ev/simsec=47004.2
     Messages:  created: 18226485   present: 9845   in FES: 160
** Event #13966080   t=426.050256560699   Elapsed: 399.387s (6m 39s)  85% completed  (42% total)
     Speed:     ev/sec=36194.2   simsec/sec=0.828597   ev/simsec=43681.3
     Messages:  created: 18322667   present: 9920   in FES: 156
** Event #14043392   t=427.743647537248   Elapsed: 401.393s (6m 41s)  85% completed  (42% total)
     Speed:     ev/sec=38524   simsec/sec=0.843805   ev/simsec=45655.1
     Messages:  created: 18425216   present: 9962   in FES: 156
** Event #14104576   t=429.11367548825   Elapsed: 403.398s (6m 43s)  85% completed  (42% total)
     Speed:     ev/sec=30527.7   simsec/sec=0.683574   ev/simsec=44658.9
     Messages:  created: 18506100   present: 9990   in FES: 150
** Event #14174720   t=430.949448014088   Elapsed: 405.403s (6m 45s)  86% completed  (43% total)
     Speed:     ev/sec=34974.4   simsec/sec=0.915332   ev/simsec=38209.5
     Messages:  created: 18599482   present: 10050   in FES: 158
** Event #14245120   t=432.697909498638   Elapsed: 407.404s (6m 47s)  86% completed  (43% total)
     Speed:     ev/sec=35188.5   simsec/sec=0.873945   ev/simsec=40264
     Messages:  created: 18692613   present: 10169   in FES: 178
** Event #14318336   t=434.466313083969   Elapsed: 409.411s (6m 49s)  86% completed  (43% total)
     Speed:     ev/sec=36484   simsec/sec=0.881206   ev/simsec=41402.3
     Messages:  created: 18789303   present: 10162   in FES: 157
** Event #14393088   t=436.216283799288   Elapsed: 411.416s (6m 51s)  87% completed  (43% total)
     Speed:     ev/sec=37282   simsec/sec=0.872785   ev/simsec=42716.1
     Messages:  created: 18888152   present: 10128   in FES: 127
** Event #14465536   t=438.073499867514   Elapsed: 413.421s (6m 53s)  87% completed  (43% total)
     Speed:     ev/sec=36130.3   simsec/sec=0.926206   ev/simsec=39008.9
     Messages:  created: 18984131   present: 10192   in FES: 134
** Event #14535424   t=439.941299060318   Elapsed: 415.656s (6m 55s)  87% completed  (43% total)
     Speed:     ev/sec=31262.7   simsec/sec=0.835515   ev/simsec=37417.3
     Messages:  created: 19076452   present: 10292   in FES: 155
** Event #14610432   t=441.728778622509   Elapsed: 417.658s (6m 57s)  88% completed  (44% total)
     Speed:     ev/sec=37478.5   simsec/sec=0.893132   ev/simsec=41963
     Messages:  created: 19175012   present: 10348   in FES: 139
** Event #14688000   t=443.725205750352   Elapsed: 419.665s (6m 59s)  88% completed  (44% total)
     Speed:     ev/sec=38649.5   simsec/sec=0.994752   ev/simsec=38853.4
     Messages:  created: 19276889   present: 10461   in FES: 157
** Event #14763008   t=445.604444387226   Elapsed: 421.667s (7m 01s)  89% completed  (44% total)
     Speed:     ev/sec=37461.4   simsec/sec=0.938551   ev/simsec=39914
     Messages:  created: 19375302   present: 10494   in FES: 155
** Event #14836224   t=447.4330041724   Elapsed: 423.667s (7m 03s)  89% completed  (44% total)
     Speed:     ev/sec=36600.7   simsec/sec=0.914098   ev/simsec=40040.3
     Messages:  created: 19471358   present: 10568   in FES: 152
** Event #14910976   t=449.256078897805   Elapsed: 425.671s (7m 05s)  89% completed  (44% total)
     Speed:     ev/sec=37314   simsec/sec=0.910026   ev/simsec=41003.3
     Messages:  created: 19569684   present: 10639   in FES: 156
** Event #14981376   t=451.05979124568   Elapsed: 427.676s (7m 07s)  90% completed  (45% total)
     Speed:     ev/sec=35104.4   simsec/sec=0.899408   ev/simsec=39030.6
     Messages:  created: 19662249   present: 10666   in FES: 141
** Event #15055872   t=452.976318906953   Elapsed: 429.683s (7m 09s)  90% completed  (45% total)
     Speed:     ev/sec=37123   simsec/sec=0.955048   ev/simsec=38870.3
     Messages:  created: 19760528   present: 10780   in FES: 160
** Event #15134976   t=454.977144514498   Elapsed: 431.687s (7m 11s)  90% completed  (45% total)
     Speed:     ev/sec=39468.4   simsec/sec=0.998299   ev/simsec=39535.7
     Messages:  created: 19864212   present: 10788   in FES: 135
** Event #15207936   t=456.739488353823   Elapsed: 433.688s (7m 13s)  91% completed  (45% total)
     Speed:     ev/sec=36459.8   simsec/sec=0.880684   ev/simsec=41399.4
     Messages:  created: 19959797   present: 10876   in FES: 156
** Event #15280128   t=458.54805343285   Elapsed: 435.691s (7m 15s)  91% completed  (45% total)
     Speed:     ev/sec=36053.7   simsec/sec=0.903224   ev/simsec=39916.7
     Messages:  created: 20054165   present: 10943   in FES: 156
** Event #15356928   t=460.405538246557   Elapsed: 437.696s (7m 17s)  92% completed  (46% total)
     Speed:     ev/sec=38300.4   simsec/sec=0.926334   ev/simsec=41346.2
     Messages:  created: 20154968   present: 11028   in FES: 154
** Event #15422976   t=462.002923355803   Elapsed: 439.698s (7m 19s)  92% completed  (46% total)
     Speed:     ev/sec=32980.3   simsec/sec=0.797634   ev/simsec=41347.6
     Messages:  created: 20242096   present: 11039   in FES: 146
** Event #15497984   t=463.714442836981   Elapsed: 441.704s (7m 21s)  92% completed  (46% total)
     Speed:     ev/sec=37391.9   simsec/sec=0.853201   ev/simsec=43825.4
     Messages:  created: 20340354   present: 11097   in FES: 151
** Event #15576064   t=465.50775333308   Elapsed: 443.708s (7m 23s)  93% completed  (46% total)
     Speed:     ev/sec=38969.9   simsec/sec=0.895044   ev/simsec=43539.6
     Messages:  created: 20442700   present: 11193   in FES: 150
** Event #15649536   t=467.233643723775   Elapsed: 445.711s (7m 25s)  93% completed  (46% total)
     Speed:     ev/sec=36680.9   simsec/sec=0.861651   ev/simsec=42570.5
     Messages:  created: 20539288   present: 11285   in FES: 161
** Event #15727104   t=469.111496341415   Elapsed: 447.711s (7m 27s)  93% completed  (46% total)
     Speed:     ev/sec=38778.1   simsec/sec=0.938783   ev/simsec=41306.8
     Messages:  created: 20640939   present: 11248   in FES: 127
** Event #15792896   t=470.415795878976   Elapsed: 449.733s (7m 29s)  94% completed  (47% total)
     Speed:     ev/sec=32541.3   simsec/sec=0.645118   ev/simsec=50442.4
     Messages:  created: 20727954   present: 11364   in FES: 148
** Event #15862784   t=471.60214291003   Elapsed: 451.735s (7m 31s)  94% completed  (47% total)
     Speed:     ev/sec=34916.7   simsec/sec=0.59271   ev/simsec=58910.2
     Messages:  created: 20817426   present: 10012   in FES: 161
** Event #15935488   t=471.840788733816   Elapsed: 453.74s (7m 33s)  94% completed  (47% total)
     Speed:     ev/sec=36261.3   simsec/sec=0.119025   ev/simsec=304652
     Messages:  created: 20914334   present: 8598   in FES: 163
** Event #16006400   t=472.048675371109   Elapsed: 455.745s (7m 35s)  94% completed  (47% total)
     Speed:     ev/sec=35361.5   simsec/sec=0.103666   ev/simsec=341109
     Messages:  created: 21008840   present: 7350   in FES: 160
** Event #16073728   t=472.264682413792   Elapsed: 457.752s (7m 37s)  94% completed  (47% total)
     Speed:     ev/sec=33554.6   simsec/sec=0.107653   ev/simsec=311694
     Messages:  created: 21101678   present: 7206   in FES: 131
** Event #16144128   t=472.486015020667   Elapsed: 459.757s (7m 39s)  94% completed  (47% total)
     Speed:     ev/sec=35108   simsec/sec=0.110377   ev/simsec=318073
     Messages:  created: 21199205   present: 7217   in FES: 150
** Event #16216832   t=472.7359283986   Elapsed: 461.766s (7m 41s)  94% completed  (47% total)
     Speed:     ev/sec=36179.9   simsec/sec=0.124365   ev/simsec=290917
     Messages:  created: 21300085   present: 7228   in FES: 189
** Event #16292352   t=472.925450853413   Elapsed: 463.767s (7m 43s)  94% completed  (47% total)
     Speed:     ev/sec=37743.3   simsec/sec=0.0947194   ev/simsec=398475
     Messages:  created: 21404654   present: 7019   in FES: 158
** Event #16358656   t=473.977956845863   Elapsed: 465.771s (7m 45s)  94% completed  (47% total)
     Speed:     ev/sec=33090.8   simsec/sec=0.525281   ev/simsec=62996.3
     Messages:  created: 21493769   present: 7037   in FES: 160
** Event #16431104   t=475.109980194092   Elapsed: 467.774s (7m 47s)  95% completed  (47% total)
     Speed:     ev/sec=36159.7   simsec/sec=0.565007   ev/simsec=63998.7
     Messages:  created: 21590577   present: 7024   in FES: 151
** Event #16499712   t=476.172704591475   Elapsed: 469.776s (7m 49s)  95% completed  (47% total)
     Speed:     ev/sec=34284.8   simsec/sec=0.531065   ev/simsec=64558.6
     Messages:  created: 21682784   present: 7033   in FES: 154
** Event #16572672   t=477.36431030663   Elapsed: 471.779s (7m 51s)  95% completed  (47% total)
     Speed:     ev/sec=36413.7   simsec/sec=0.59472   ev/simsec=61228.3
     Messages:  created: 21780877   present: 7063   in FES: 156
** Event #16647936   t=478.605890359519   Elapsed: 473.784s (7m 53s)  95% completed  (47% total)
     Speed:     ev/sec=37545.6   simsec/sec=0.619365   ev/simsec=60619.5
     Messages:  created: 21881950   present: 7025   in FES: 145
** Event #16722432   t=479.895832553707   Elapsed: 475.785s (7m 55s)  95% completed  (47% total)
     Speed:     ev/sec=37231.6   simsec/sec=0.644687   ev/simsec=57751.4
     Messages:  created: 21982242   present: 7082   in FES: 158
** Event #16796672   t=481.316399234359   Elapsed: 477.793s (7m 57s)  96% completed  (48% total)
     Speed:     ev/sec=36958.2   simsec/sec=0.707187   ev/simsec=52260.8
     Messages:  created: 22081007   present: 7075   in FES: 153
** Event #16857344   t=482.605623147308   Elapsed: 479.797s (7m 59s)  96% completed  (48% total)
     Speed:     ev/sec=30277.5   simsec/sec=0.64337   ev/simsec=47060.9
     Messages:  created: 22162238   present: 7086   in FES: 155
** Event #16926464   t=484.112388164101   Elapsed: 481.802s (8m 01s)  96% completed  (48% total)
     Speed:     ev/sec=34478.1   simsec/sec=0.751598   ev/simsec=45873.1
     Messages:  created: 22254195   present: 7140   in FES: 164
** Event #16994304   t=485.717927954721   Elapsed: 483.806s (8m 03s)  97% completed  (48% total)
     Speed:     ev/sec=33849.4   simsec/sec=0.8011   ev/simsec=42253.7
     Messages:  created: 22344676   present: 7249   in FES: 185
** Event #17065216   t=487.285634418934   Elapsed: 485.809s (8m 05s)  97% completed  (48% total)
     Speed:     ev/sec=35409.4   simsec/sec=0.782823   ev/simsec=45233
     Messages:  created: 22438826   present: 7214   in FES: 157
** Event #17135104   t=488.966360495592   Elapsed: 487.815s (8m 07s)  97% completed  (48% total)
     Speed:     ev/sec=34833.4   simsec/sec=0.837704   ev/simsec=41582
     Messages:  created: 22532244   present: 7176   in FES: 133
** Event #17204224   t=490.529656047024   Elapsed: 489.819s (8m 09s)  98% completed  (49% total)
     Speed:     ev/sec=34488.4   simsec/sec=0.780028   ev/simsec=44214.3
     Messages:  created: 22623688   present: 7186   in FES: 125
** Event #17273088   t=492.198375819935   Elapsed: 491.823s (8m 11s)  98% completed  (49% total)
     Speed:     ev/sec=34364.6   simsec/sec=0.832726   ev/simsec=41267.6
     Messages:  created: 22715090   present: 7291   in FES: 165
** Event #17334784   t=493.775464361009   Elapsed: 493.83s (8m 13s)  98% completed  (49% total)
     Speed:     ev/sec=30742.4   simsec/sec=0.785845   ev/simsec=39120.2
     Messages:  created: 22797139   present: 7352   in FES: 156
** Event #17403648   t=495.47773942134   Elapsed: 495.831s (8m 15s)  99% completed  (49% total)
     Speed:     ev/sec=34416.1   simsec/sec=0.850744   ev/simsec=40454.1
     Messages:  created: 22888001   present: 7412   in FES: 154
** Event #17478656   t=497.42345495285   Elapsed: 497.836s (8m 17s)  99% completed  (49% total)
     Speed:     ev/sec=37415.9   simsec/sec=0.970573   ev/simsec=38550.3
     Messages:  created: 22987373   present: 7456   in FES: 155
** Event #17549568   t=499.224509185915   Elapsed: 499.838s (8m 19s)  99% completed  (49% total)
     Speed:     ev/sec=35425.4   simsec/sec=0.899751   ev/simsec=39372.5
     Messages:  created: 23081294   present: 7529   in FES: 156
** Event #17576585   t=500   Elapsed: 500.655s (8m 20s)  100% completed  (50% total)
     Speed:     ev/sec=33033   simsec/sec=0.948207   ev/simsec=34837.3
     Messages:  created: 23117603   present: 7448   in FES: 125

<!> Simulation time limit reached -- at t=500s, event #17576585
undisposed object: (omnetpp::cMessage) FanetReconNetwork.groundStation.app.debugTimer -- check module destructor
undisposed object: (omnetpp::cMessage) FanetReconNetwork.uav[0].app.debugTimer -- check module destructor
undisposed object: (omnetpp::cMessage) FanetReconNetwork.uav[1].app.debugTimer -- check module destructor
undisposed object: (omnetpp::cMessage) FanetReconNetwork.uav[2].app.debugTimer -- check module destructor
undisposed object: (omnetpp::cMessage) FanetReconNetwork.uav[3].app.debugTimer -- check module destructor
undisposed object: (omnetpp::cMessage) FanetReconNetwork.uav[4].app.debugTimer -- check module destructor
undisposed object: (omnetpp::cMessage) FanetReconNetwork.uav[5].app.debugTimer -- check module destructor
undisposed object: (omnetpp::cMessage) FanetReconNetwork.uav[6].app.debugTimer -- check module destructor
undisposed object: (omnetpp::cMessage) FanetReconNetwork.uav[7].app.debugTimer -- check module destructor
undisposed object: (omnetpp::cMessage) FanetReconNetwork.uav[8].app.debugTimer -- check module destructor
undisposed object: (omnetpp::cMessage) FanetReconNetwork.uav[9].app.debugTimer -- check module destructor
undisposed object: (omnetpp::cMessage) FanetReconNetwork.uav[10].app.debugTimer -- check module destructor
undisposed object: (omnetpp::cMessage) FanetReconNetwork.uav[11].app.debugTimer -- check module destructor
undisposed object: (omnetpp::cMessage) FanetReconNetwork.uav[12].app.debugTimer -- check module destructor
undisposed object: (omnetpp::cMessage) FanetReconNetwork.uav[13].app.debugTimer -- check module destructor
undisposed object: (omnetpp::cMessage) FanetReconNetwork.uav[14].app.debugTimer -- check module destructor
undisposed object: (omnetpp::cMessage) FanetReconNetwork.uav[15].app.debugTimer -- check module destructor
undisposed object: (omnetpp::cMessage) FanetReconNetwork.uav[16].app.debugTimer -- check module destructor
undisposed object: (omnetpp::cMessage) FanetReconNetwork.uav[17].app.debugTimer -- check module destructor
undisposed object: (omnetpp::cMessage) FanetReconNetwork.uav[18].app.debugTimer -- check module destructor
undisposed object: (omnetpp::cMessage) FanetReconNetwork.uav[19].app.debugTimer -- check module destructor
undisposed object: (omnetpp::cMessage) FanetReconNetwork.uav[20].app.debugTimer -- check module destructor
undisposed object: (omnetpp::cMessage) FanetReconNetwork.uav[21].app.debugTimer -- check module destructor
undisposed object: (omnetpp::cMessage) FanetReconNetwork.uav[22].app.debugTimer -- check module destructor
undisposed object: (omnetpp::cMessage) FanetReconNetwork.uav[23].app.debugTimer -- check module destructor
undisposed object: (omnetpp::cMessage) FanetReconNetwork.uav[24].app.debugTimer -- check module destructor
undisposed object: (omnetpp::cMessage) FanetReconNetwork.uav[25].app.debugTimer -- check module destructor
undisposed object: (omnetpp::cMessage) FanetReconNetwork.uav[26].app.debugTimer -- check module destructor
undisposed object: (omnetpp::cMessage) FanetReconNetwork.uav[27].app.debugTimer -- check module destructor
undisposed object: (omnetpp::cMessage) FanetReconNetwork.uav[28].app.debugTimer -- check module destructor
undisposed object: (omnetpp::cMessage) FanetReconNetwork.uav[29].app.debugTimer -- check module destructor
