** Event #0   t=0   Elapsed: 9e-06s (0m 00s)  0% completed  (50% total)
     Speed:     ev/sec=0   simsec/sec=0   ev/simsec=0
     Messages:  created: 1178   present: 1178   in FES: 186
** Event #67328   t=11.057279088902   Elapsed: 2.0067s (0m 02s)  2% completed  (51% total)
     Speed:     ev/sec=33552.2   simsec/sec=5.5102   ev/simsec=6089.11
     Messages:  created: 69092   present: 1207   in FES: 154
** Event #133888   t=21.071113775685   Elapsed: 4.01736s (0m 04s)  4% completed  (52% total)
     Speed:     ev/sec=33103.6   simsec/sec=4.98038   ev/simsec=6646.8
     Messages:  created: 136038   present: 1130   in FES: 123
** Event #195584   t=30.38259213838   Elapsed: 6.03033s (0m 06s)  6% completed  (53% total)
     Speed:     ev/sec=30649.3   simsec/sec=4.62575   ev/simsec=6625.8
     Messages:  created: 198042   present: 1196   in FES: 149
** Event #259072   t=40.080428668142   Elapsed: 8.0367s (0m 08s)  8% completed  (54% total)
     Speed:     ev/sec=31643.1   simsec/sec=4.83351   ev/simsec=6546.61
     Messages:  created: 261718   present: 1205   in FES: 152
** Event #327168   t=50.471657258816   Elapsed: 10.0436s (0m 10s)  10% completed  (55% total)
     Speed:     ev/sec=33931.2   simsec/sec=5.17779   ev/simsec=6553.22
     Messages:  created: 330642   present: 1209   in FES: 154
** Event #397824   t=61.334820831385   Elapsed: 12.0496s (0m 12s)  12% completed  (56% total)
     Speed:     ev/sec=35221.7   simsec/sec=5.41524   ev/simsec=6504.18
     Messages:  created: 402754   present: 1207   in FES: 154
** Event #464640   t=72.061108892125   Elapsed: 14.0552s (0m 14s)  14% completed  (57% total)
     Speed:     ev/sec=33315.4   simsec/sec=5.34828   ev/simsec=6229.18
     Messages:  created: 471338   present: 1205   in FES: 150
** Event #529408   t=82.080378525197   Elapsed: 16.0577s (0m 16s)  16% completed  (58% total)
     Speed:     ev/sec=32343.1   simsec/sec=5.00331   ev/simsec=6464.34
     Messages:  created: 538175   present: 1208   in FES: 154
** Event #593920   t=92.217510909876   Elapsed: 18.0629s (0m 18s)  18% completed  (59% total)
     Speed:     ev/sec=32172.8   simsec/sec=5.0555   ev/simsec=6363.93
     Messages:  created: 604688   present: 1206   in FES: 153
** Event #659200   t=100.316290780964   Elapsed: 20.0674s (0m 20s)  20% completed  (60% total)
     Speed:     ev/sec=32566   simsec/sec=4.04021   ev/simsec=8060.47
     Messages:  created: 676942   present: 1173   in FES: 143
** Event #735744   t=101.949344581288   Elapsed: 22.0734s (0m 22s)  20% completed  (60% total)
     Speed:     ev/sec=38157.1   simsec/sec=0.814076   ev/simsec=46871.7
     Messages:  created: 778906   present: 1218   in FES: 164
** Event #807936   t=103.362041666886   Elapsed: 24.0757s (0m 24s)  20% completed  (60% total)
     Speed:     ev/sec=36055.5   simsec/sec=0.705557   ev/simsec=51102.3
     Messages:  created: 874190   present: 1231   in FES: 156
** Event #880384   t=104.789020994697   Elapsed: 26.08s (0m 26s)  20% completed  (60% total)
     Speed:     ev/sec=36146.6   simsec/sec=0.711966   ev/simsec=50770.2
     Messages:  created: 970586   present: 1166   in FES: 129
** Event #950272   t=106.137761364382   Elapsed: 28.0846s (0m 28s)  21% completed  (60% total)
     Speed:     ev/sec=34862.9   simsec/sec=0.672805   ev/simsec=51817.2
     Messages:  created: 1063165   present: 1250   in FES: 157
** Event #1016576   t=107.484761579956   Elapsed: 30.0862s (0m 30s)  21% completed  (60% total)
     Speed:     ev/sec=33125.9   simsec/sec=0.67297   ev/simsec=49223.5
     Messages:  created: 1151123   present: 1241   in FES: 154
** Event #1085184   t=108.889610014829   Elapsed: 32.0864s (0m 32s)  21% completed  (60% total)
     Speed:     ev/sec=34301.3   simsec/sec=0.702368   ev/simsec=48836.6
     Messages:  created: 1242674   present: 1252   in FES: 143
** Event #1149184   t=110.104735400686   Elapsed: 34.0903s (0m 34s)  22% completed  (61% total)
     Speed:     ev/sec=31936.7   simsec/sec=0.606361   ev/simsec=52669.5
     Messages:  created: 1326892   present: 1270   in FES: 156
** Event #1208576   t=111.146152125753   Elapsed: 36.0983s (0m 36s)  22% completed  (61% total)
     Speed:     ev/sec=29578.7   simsec/sec=0.518651   ev/simsec=57030
     Messages:  created: 1406105   present: 1337   in FES: 166
** Event #1268480   t=112.244880020908   Elapsed: 38.1024s (0m 38s)  22% completed  (61% total)
     Speed:     ev/sec=29889.9   simsec/sec=0.548226   ev/simsec=54521.2
     Messages:  created: 1486108   present: 1230   in FES: 143
** Event #1336832   t=113.499611979138   Elapsed: 40.1098s (0m 40s)  22% completed  (61% total)
     Speed:     ev/sec=34049.9   simsec/sec=0.625052   ev/simsec=54475.4
     Messages:  created: 1577107   present: 1307   in FES: 155
** Event #1393408   t=114.585747621909   Elapsed: 42.1125s (0m 42s)  22% completed  (61% total)
     Speed:     ev/sec=28250.4   simsec/sec=0.542347   ev/simsec=52089.3
     Messages:  created: 1652548   present: 1298   in FES: 165
** Event #1465344   t=115.884569933951   Elapsed: 44.1193s (0m 44s)  23% completed  (61% total)
     Speed:     ev/sec=35846.3   simsec/sec=0.647213   ev/simsec=55385.6
     Messages:  created: 1748750   present: 1427   in FES: 185
** Event #1538816   t=117.067442998189   Elapsed: 46.1223s (0m 46s)  23% completed  (61% total)
     Speed:     ev/sec=36679.6   simsec/sec=0.590529   ev/simsec=62113.2
     Messages:  created: 1846640   present: 1294   in FES: 158
** Event #1615104   t=118.297969965441   Elapsed: 48.1236s (0m 48s)  23% completed  (61% total)
     Speed:     ev/sec=38119.3   simsec/sec=0.614865   ev/simsec=61996.2
     Messages:  created: 1948257   present: 1316   in FES: 163
** Event #1687808   t=119.749369292025   Elapsed: 50.1252s (0m 50s)  23% completed  (61% total)
     Speed:     ev/sec=36323.4   simsec/sec=0.725129   ev/simsec=50092.3
     Messages:  created: 2045070   present: 1307   in FES: 160
** Event #1759232   t=121.169388410658   Elapsed: 52.1289s (0m 52s)  24% completed  (62% total)
     Speed:     ev/sec=35646   simsec/sec=0.708697   ev/simsec=50297.9
     Messages:  created: 2139769   present: 1318   in FES: 158
** Event #1819648   t=122.385819509919   Elapsed: 54.1336s (0m 54s)  24% completed  (62% total)
     Speed:     ev/sec=30136.9   simsec/sec=0.606783   ev/simsec=49666.6
     Messages:  created: 2220164   present: 1344   in FES: 161
** Event #1889024   t=123.721245603373   Elapsed: 56.1405s (0m 56s)  24% completed  (62% total)
     Speed:     ev/sec=34569.7   simsec/sec=0.665437   ev/simsec=51950.5
     Messages:  created: 2312642   present: 1264   in FES: 136
** Event #1960448   t=125.074112859167   Elapsed: 58.1415s (0m 58s)  25% completed  (62% total)
     Speed:     ev/sec=35694.3   simsec/sec=0.676099   ev/simsec=52794.5
     Messages:  created: 2407747   present: 1375   in FES: 157
** Event #2033152   t=126.419233093329   Elapsed: 60.1449s (1m 00s)  25% completed  (62% total)
     Speed:     ev/sec=36289.5   simsec/sec=0.671404   ev/simsec=54050.2
     Messages:  created: 2504182   present: 1372   in FES: 155
** Event #2106624   t=127.83666108763   Elapsed: 62.1477s (1m 02s)  25% completed  (62% total)
     Speed:     ev/sec=36684.1   simsec/sec=0.707713   ev/simsec=51834.7
     Messages:  created: 2601908   present: 1366   in FES: 149
** Event #2178304   t=129.142111651931   Elapsed: 64.1504s (1m 04s)  25% completed  (62% total)
     Speed:     ev/sec=35791.8   simsec/sec=0.651847   ev/simsec=54908.2
     Messages:  created: 2696684   present: 1390   in FES: 156
** Event #2240000   t=130.318165386265   Elapsed: 66.1562s (1m 06s)  26% completed  (63% total)
     Speed:     ev/sec=30759.8   simsec/sec=0.586345   ev/simsec=52460.2
     Messages:  created: 2778663   present: 1385   in FES: 157
** Event #2311168   t=131.816452360142   Elapsed: 68.1652s (1m 08s)  26% completed  (63% total)
     Speed:     ev/sec=35423.5   simsec/sec=0.745765   ev/simsec=47499.6
     Messages:  created: 2873333   present: 1420   in FES: 164
** Event #2385408   t=133.381686726702   Elapsed: 70.1704s (1m 10s)  26% completed  (63% total)
     Speed:     ev/sec=37024.4   simsec/sec=0.780602   ev/simsec=47430.6
     Messages:  created: 2971478   present: 1417   in FES: 155
** Event #2455808   t=134.970473672586   Elapsed: 72.171s (1m 12s)  26% completed  (63% total)
     Speed:     ev/sec=35189.2   simsec/sec=0.794149   ev/simsec=44310.5
     Messages:  created: 3065282   present: 1425   in FES: 159
** Event #2525440   t=136.449672557579   Elapsed: 74.171s (1m 14s)  27% completed  (63% total)
     Speed:     ev/sec=34815.3   simsec/sec=0.739585   ev/simsec=47074.1
     Messages:  created: 3157029   present: 1421   in FES: 151
** Event #2597632   t=138.104813424191   Elapsed: 76.1753s (1m 16s)  27% completed  (63% total)
     Speed:     ev/sec=36020   simsec/sec=0.825827   ev/simsec=43616.8
     Messages:  created: 3252229   present: 1364   in FES: 126
** Event #2653440   t=139.383393119734   Elapsed: 78.179s (1m 18s)  27% completed  (63% total)
     Speed:     ev/sec=27851.9   simsec/sec=0.638096   ev/simsec=43648.4
     Messages:  created: 3326201   present: 1454   in FES: 152
** Event #2726144   t=141.066450817602   Elapsed: 80.1795s (1m 20s)  28% completed  (64% total)
     Speed:     ev/sec=36343.2   simsec/sec=0.841325   ev/simsec=43197.6
     Messages:  created: 3422524   present: 1433   in FES: 143
** Event #2795776   t=142.62068376532   Elapsed: 82.1849s (1m 22s)  28% completed  (64% total)
     Speed:     ev/sec=34722   simsec/sec=0.775018   ev/simsec=44801.5
     Messages:  created: 3514614   present: 1410   in FES: 137
** Event #2868224   t=144.217904078309   Elapsed: 84.1975s (1m 24s)  28% completed  (64% total)
     Speed:     ev/sec=35998.2   simsec/sec=0.793632   ev/simsec=45358.8
     Messages:  created: 3610591   present: 1400   in FES: 125
** Event #2944512   t=145.879892189105   Elapsed: 86.2047s (1m 26s)  29% completed  (64% total)
     Speed:     ev/sec=38006.7   simsec/sec=0.828002   ev/simsec=45901.7
     Messages:  created: 3712390   present: 1443   in FES: 127
** Event #3015936   t=147.374176153383   Elapsed: 88.2093s (1m 28s)  29% completed  (64% total)
     Speed:     ev/sec=35629.8   simsec/sec=0.745423   ev/simsec=47798.1
     Messages:  created: 3806978   present: 1490   in FES: 146
** Event #3081728   t=148.566492463568   Elapsed: 90.2106s (1m 30s)  29% completed  (64% total)
     Speed:     ev/sec=32874.4   simsec/sec=0.595766   ev/simsec=55180
     Messages:  created: 3894959   present: 1455   in FES: 136
** Event #3156736   t=150.066490411419   Elapsed: 92.2211s (1m 32s)  30% completed  (65% total)
     Speed:     ev/sec=37308.2   simsec/sec=0.746084   ev/simsec=50005.4
     Messages:  created: 3995073   present: 1520   in FES: 151
** Event #3229696   t=151.470239305206   Elapsed: 94.2227s (1m 34s)  30% completed  (65% total)
     Speed:     ev/sec=36451.3   simsec/sec=0.701323   ev/simsec=51975.1
     Messages:  created: 4092001   present: 1564   in FES: 154
** Event #3301632   t=152.968173241748   Elapsed: 96.2286s (1m 36s)  30% completed  (65% total)
     Speed:     ev/sec=35862.3   simsec/sec=0.746767   ev/simsec=48023.5
     Messages:  created: 4188134   present: 1536   in FES: 147
** Event #3379456   t=154.452274772289   Elapsed: 98.2309s (1m 38s)  30% completed  (65% total)
     Speed:     ev/sec=38866.1   simsec/sec=0.741176   ev/simsec=52438.5
     Messages:  created: 4291457   present: 1565   in FES: 148
** Event #3445504   t=155.762841885393   Elapsed: 100.238s (1m 40s)  31% completed  (65% total)
     Speed:     ev/sec=32905   simsec/sec=0.652922   ev/simsec=50396.5
     Messages:  created: 4379405   present: 1516   in FES: 125
** Event #3517440   t=157.217905492092   Elapsed: 102.239s (1m 42s)  31% completed  (65% total)
     Speed:     ev/sec=35954.6   simsec/sec=0.72726   ev/simsec=49438.4
     Messages:  created: 4474518   present: 1593   in FES: 155
** Event #3594752   t=158.817048034588   Elapsed: 104.25s (1m 44s)  31% completed  (65% total)
     Speed:     ev/sec=38439.6   simsec/sec=0.795096   ev/simsec=48345.9
     Messages:  created: 4577279   present: 1655   in FES: 155
** Event #3671808   t=160.374145777812   Elapsed: 106.253s (1m 46s)  32% completed  (66% total)
     Speed:     ev/sec=38474.3   simsec/sec=0.777464   ev/simsec=49486.9
     Messages:  created: 4679003   present: 1760   in FES: 185
** Event #3748096   t=161.834287044958   Elapsed: 108.253s (1m 48s)  32% completed  (66% total)
     Speed:     ev/sec=38137.6   simsec/sec=0.729948   ev/simsec=52247
     Messages:  created: 4780189   present: 1639   in FES: 137
** Event #3823616   t=163.249354591225   Elapsed: 110.258s (1m 50s)  32% completed  (66% total)
     Speed:     ev/sec=37676.6   simsec/sec=0.705971   ev/simsec=53368.5
     Messages:  created: 4879960   present: 1743   in FES: 157
** Event #3890176   t=164.415861267027   Elapsed: 112.264s (1m 52s)  32% completed  (66% total)
     Speed:     ev/sec=33177.4   simsec/sec=0.581455   ev/simsec=57059.3
     Messages:  created: 4968515   present: 1750   in FES: 158
** Event #3962112   t=165.761578900832   Elapsed: 114.269s (1m 54s)  33% completed  (66% total)
     Speed:     ev/sec=35884.2   simsec/sec=0.671292   ev/simsec=53455.5
     Messages:  created: 5064241   present: 1787   in FES: 153
** Event #4033792   t=167.094052441232   Elapsed: 116.27s (1m 56s)  33% completed  (66% total)
     Speed:     ev/sec=35807.8   simsec/sec=0.665638   ev/simsec=53794.7
     Messages:  created: 5159368   present: 1699   in FES: 126
** Event #4106240   t=168.452520202868   Elapsed: 118.275s (1m 58s)  33% completed  (66% total)
     Speed:     ev/sec=36144   simsec/sec=0.677734   ev/simsec=53330.7
     Messages:  created: 5255759   present: 1777   in FES: 160
** Event #4178176   t=169.219111007904   Elapsed: 120.282s (2m 00s)  33% completed  (66% total)
     Speed:     ev/sec=35838.6   simsec/sec=0.381917   ev/simsec=93838.9
     Messages:  created: 5353268   present: 1677   in FES: 163
** Event #4253696   t=170.623876586812   Elapsed: 122.286s (2m 02s)  34% completed  (67% total)
     Speed:     ev/sec=37688.2   simsec/sec=0.701047   ev/simsec=53759.9
     Messages:  created: 5454364   present: 1691   in FES: 155
** Event #4316160   t=171.75305809594   Elapsed: 124.288s (2m 04s)  34% completed  (67% total)
     Speed:     ev/sec=31203.2   simsec/sec=0.56407   ev/simsec=55317.9
     Messages:  created: 5538071   present: 1743   in FES: 163
** Event #4389120   t=173.065010149827   Elapsed: 126.294s (2m 06s)  34% completed  (67% total)
     Speed:     ev/sec=36361.8   simsec/sec=0.653851   ev/simsec=55611.8
     Messages:  created: 5635530   present: 1697   in FES: 145
** Event #4459520   t=174.217905506049   Elapsed: 128.296s (2m 08s)  34% completed  (67% total)
     Speed:     ev/sec=35172.6   simsec/sec=0.576   ev/simsec=61063.7
     Messages:  created: 5729663   present: 1703   in FES: 154
** Event #4531200   t=175.431154829209   Elapsed: 130.302s (2m 10s)  35% completed  (67% total)
     Speed:     ev/sec=35724.1   simsec/sec=0.604664   ev/simsec=59081
     Messages:  created: 5825513   present: 1657   in FES: 132
** Event #4602112   t=176.638882857647   Elapsed: 132.309s (2m 12s)  35% completed  (67% total)
     Speed:     ev/sec=35336.2   simsec/sec=0.601823   ev/simsec=58715.2
     Messages:  created: 5920507   present: 1757   in FES: 142
** Event #4671744   t=177.881101187536   Elapsed: 134.312s (2m 14s)  35% completed  (67% total)
     Speed:     ev/sec=34760.7   simsec/sec=0.620122   ev/simsec=56054.6
     Messages:  created: 6013724   present: 1710   in FES: 134
** Event #4742656   t=179.080379291413   Elapsed: 136.313s (2m 16s)  35% completed  (67% total)
     Speed:     ev/sec=35435.9   simsec/sec=0.599299   ev/simsec=59128.9
     Messages:  created: 6108207   present: 1761   in FES: 156
** Event #4816384   t=180.374752997049   Elapsed: 138.319s (2m 18s)  36% completed  (68% total)
     Speed:     ev/sec=36764.6   simsec/sec=0.645442   ev/simsec=56960.4
     Messages:  created: 6206614   present: 1766   in FES: 153
** Event #4886272   t=181.540551980431   Elapsed: 140.323s (2m 20s)  36% completed  (68% total)
     Speed:     ev/sec=34875.5   simsec/sec=0.581756   ev/simsec=59948.6
     Messages:  created: 6300198   present: 1749   in FES: 139
** Event #4961792   t=182.88888475575   Elapsed: 142.325s (2m 22s)  36% completed  (68% total)
     Speed:     ev/sec=37724.8   simsec/sec=0.673538   ev/simsec=56009.9
     Messages:  created: 6401707   present: 1742   in FES: 128
** Event #5032192   t=184.084519193162   Elapsed: 144.331s (2m 24s)  36% completed  (68% total)
     Speed:     ev/sec=35088.6   simsec/sec=0.595926   ev/simsec=58880.9
     Messages:  created: 6495605   present: 1801   in FES: 156
** Event #5103360   t=185.334062193491   Elapsed: 146.334s (2m 26s)  37% completed  (68% total)
     Speed:     ev/sec=35531   simsec/sec=0.62384   ev/simsec=56955.2
     Messages:  created: 6590693   present: 1798   in FES: 155
** Event #5168128   t=186.425866597015   Elapsed: 148.334s (2m 28s)  37% completed  (68% total)
     Speed:     ev/sec=32383.6   simsec/sec=0.545896   ev/simsec=59322
     Messages:  created: 6677427   present: 1827   in FES: 155
** Event #5243136   t=187.760606592627   Elapsed: 150.337s (2m 30s)  37% completed  (68% total)
     Speed:     ev/sec=37445.6   simsec/sec=0.666331   ev/simsec=56196.7
     Messages:  created: 6777827   present: 1781   in FES: 131
** Event #5316864   t=189.070601996968   Elapsed: 152.343s (2m 32s)  37% completed  (68% total)
     Speed:     ev/sec=36760.2   simsec/sec=0.653153   ev/simsec=56281.1
     Messages:  created: 6876101   present: 1846   in FES: 152
** Event #5388544   t=190.317480311944   Elapsed: 154.344s (2m 34s)  38% completed  (69% total)
     Speed:     ev/sec=35818   simsec/sec=0.623056   ev/simsec=57487.6
     Messages:  created: 6971799   present: 1780   in FES: 124
** Event #5465088   t=191.667936481317   Elapsed: 156.35s (2m 36s)  38% completed  (69% total)
     Speed:     ev/sec=38160   simsec/sec=0.673251   ev/simsec=56680.1
     Messages:  created: 7074154   present: 1869   in FES: 158
** Event #5530112   t=192.790346286853   Elapsed: 158.35s (2m 38s)  38% completed  (69% total)
     Speed:     ev/sec=32503   simsec/sec=0.56105   ev/simsec=57932.5
     Messages:  created: 7161085   present: 1867   in FES: 156
** Event #5602816   t=194.041444973571   Elapsed: 160.36s (2m 40s)  38% completed  (69% total)
     Speed:     ev/sec=36169.4   simsec/sec=0.622408   ev/simsec=58112.1
     Messages:  created: 7258272   present: 1919   in FES: 161
** Event #5678080   t=195.261382603953   Elapsed: 162.366s (2m 42s)  39% completed  (69% total)
     Speed:     ev/sec=37530.8   simsec/sec=0.608328   ev/simsec=61695
     Messages:  created: 7358583   present: 1906   in FES: 162
** Event #5751040   t=196.500583728411   Elapsed: 164.368s (2m 44s)  39% completed  (69% total)
     Speed:     ev/sec=36444.3   simsec/sec=0.618994   ev/simsec=58876.6
     Messages:  created: 7455986   present: 1931   in FES: 160
** Event #5827584   t=197.864465832931   Elapsed: 166.373s (2m 46s)  39% completed  (69% total)
     Speed:     ev/sec=38170.9   simsec/sec=0.680139   ev/simsec=56122.2
     Messages:  created: 7558548   present: 1910   in FES: 154
** Event #5897472   t=199.043611997332   Elapsed: 168.377s (2m 48s)  39% completed  (69% total)
     Speed:     ev/sec=34871.3   simsec/sec=0.588346   ev/simsec=59270
     Messages:  created: 7651851   present: 1931   in FES: 146
** Event #5963008   t=200.134428210349   Elapsed: 170.384s (2m 50s)  40% completed  (70% total)
     Speed:     ev/sec=32664.9   simsec/sec=0.543692   ev/simsec=60079.8
     Messages:  created: 7738851   present: 1957   in FES: 155
** Event #6036224   t=201.388849319492   Elapsed: 172.385s (2m 52s)  40% completed  (70% total)
     Speed:     ev/sec=36575   simsec/sec=0.626645   ev/simsec=58366.4
     Messages:  created: 7836703   present: 1980   in FES: 161
** Event #6111232   t=202.65689687241   Elapsed: 174.391s (2m 54s)  40% completed  (70% total)
     Speed:     ev/sec=37401.7   simsec/sec=0.632295   ev/simsec=59152.4
     Messages:  created: 7936997   present: 1924   in FES: 150
** Event #6182912   t=203.887752696181   Elapsed: 176.393s (2m 56s)  40% completed  (70% total)
     Speed:     ev/sec=35796.8   simsec/sec=0.614685   ev/simsec=58235.9
     Messages:  created: 8033076   present: 1971   in FES: 149
** Event #6253312   t=205.052297870157   Elapsed: 178.399s (2m 58s)  41% completed  (70% total)
     Speed:     ev/sec=35099.2   simsec/sec=0.580605   ev/simsec=60452.8
     Messages:  created: 8127027   present: 1944   in FES: 139
** Event #6324736   t=206.22238068238   Elapsed: 180.401s (3m 00s)  41% completed  (70% total)
     Speed:     ev/sec=35672.4   simsec/sec=0.584392   ev/simsec=61041.8
     Messages:  created: 8222185   present: 2002   in FES: 153
** Event #6385408   t=207.234927961658   Elapsed: 182.41s (3m 02s)  41% completed  (70% total)
     Speed:     ev/sec=30198.9   simsec/sec=0.503986   ev/simsec=59920.2
     Messages:  created: 8303371   present: 1948   in FES: 139
** Event #6458624   t=208.464938014274   Elapsed: 184.42s (3m 04s)  41% completed  (70% total)
     Speed:     ev/sec=36425.1   simsec/sec=0.611932   ev/simsec=59524.7
     Messages:  created: 8401436   present: 1942   in FES: 133
** Event #6531584   t=209.776042645387   Elapsed: 186.421s (3m 06s)  41% completed  (70% total)
     Speed:     ev/sec=36462.5   simsec/sec=0.655237   ev/simsec=55647.7
     Messages:  created: 8498972   present: 1959   in FES: 140
** Event #6602752   t=211.052013860787   Elapsed: 188.425s (3m 08s)  42% completed  (71% total)
     Speed:     ev/sec=35519.9   simsec/sec=0.636836   ev/simsec=55775.6
     Messages:  created: 8593818   present: 2002   in FES: 143
** Event #6678784   t=212.130750225046   Elapsed: 190.427s (3m 10s)  42% completed  (71% total)
     Speed:     ev/sec=37967.1   simsec/sec=0.538674   ev/simsec=70482.5
     Messages:  created: 8695755   present: 2062   in FES: 157
** Event #6750976   t=213.319784118677   Elapsed: 192.433s (3m 12s)  42% completed  (71% total)
     Speed:     ev/sec=36003.2   simsec/sec=0.592988   ev/simsec=60714.8
     Messages:  created: 8792287   present: 2046   in FES: 156
** Event #6813952   t=214.37745819245   Elapsed: 194.435s (3m 14s)  42% completed  (71% total)
     Speed:     ev/sec=31446.3   simsec/sec=0.528136   ev/simsec=59542
     Messages:  created: 8876441   present: 2056   in FES: 161
** Event #6884096   t=215.514119167908   Elapsed: 196.436s (3m 16s)  43% completed  (71% total)
     Speed:     ev/sec=35053.9   simsec/sec=0.568037   ev/simsec=61710.6
     Messages:  created: 8970231   present: 2028   in FES: 137
** Event #6959616   t=216.791035792672   Elapsed: 198.441s (3m 18s)  43% completed  (71% total)
     Speed:     ev/sec=37663.2   simsec/sec=0.636822   ev/simsec=59142.5
     Messages:  created: 9071521   present: 2082   in FES: 162
** Event #7031296   t=218.01332458438   Elapsed: 200.447s (3m 20s)  43% completed  (71% total)
     Speed:     ev/sec=35742.5   simsec/sec=0.609482   ev/simsec=58644.1
     Messages:  created: 9167463   present: 2078   in FES: 155
** Event #7102720   t=219.135672014466   Elapsed: 202.451s (3m 22s)  43% completed  (71% total)
     Speed:     ev/sec=35639   simsec/sec=0.560027   ev/simsec=63638
     Messages:  created: 9262465   present: 2133   in FES: 164
** Event #7169536   t=220.289720301973   Elapsed: 204.452s (3m 24s)  44% completed  (72% total)
     Speed:     ev/sec=33398.2   simsec/sec=0.576855   ev/simsec=57897.1
     Messages:  created: 9351744   present: 2082   in FES: 164
** Event #7244800   t=221.625289093017   Elapsed: 206.457s (3m 26s)  44% completed  (72% total)
     Speed:     ev/sec=37531.3   simsec/sec=0.665997   ev/simsec=56353.5
     Messages:  created: 9452248   present: 2110   in FES: 156
** Event #7318528   t=222.996532611352   Elapsed: 208.463s (3m 28s)  44% completed  (72% total)
     Speed:     ev/sec=36761.1   simsec/sec=0.683708   ev/simsec=53767.3
     Messages:  created: 9550875   present: 2114   in FES: 156
** Event #7389184   t=224.245999703005   Elapsed: 210.467s (3m 30s)  44% completed  (72% total)
     Speed:     ev/sec=35255.4   simsec/sec=0.623449   ev/simsec=56548.9
     Messages:  created: 9644208   present: 2076   in FES: 139
** Event #7464192   t=225.388918819482   Elapsed: 212.471s (3m 32s)  45% completed  (72% total)
     Speed:     ev/sec=37429.8   simsec/sec=0.570329   ev/simsec=65628.4
     Messages:  created: 9745100   present: 2227   in FES: 158
** Event #7534336   t=226.566505753159   Elapsed: 214.478s (3m 34s)  45% completed  (72% total)
     Speed:     ev/sec=34950.4   simsec/sec=0.586752   ev/simsec=59565.9
     Messages:  created: 9839087   present: 2066   in FES: 126
** Event #7602688   t=227.888880697093   Elapsed: 216.478s (3m 36s)  45% completed  (72% total)
     Speed:     ev/sec=34172   simsec/sec=0.66111   ev/simsec=51688.8
     Messages:  created: 9930673   present: 2184   in FES: 156
** Event #7673856   t=229.234882462705   Elapsed: 218.485s (3m 38s)  45% completed  (72% total)
     Speed:     ev/sec=35461   simsec/sec=0.670674   ev/simsec=52873.6
     Messages:  created: 10024976   present: 2143   in FES: 153
** Event #7744512   t=230.568538772622   Elapsed: 220.485s (3m 40s)  46% completed  (73% total)
     Speed:     ev/sec=35322.7   simsec/sec=0.666728   ev/simsec=52979.2
     Messages:  created: 10119268   present: 2166   in FES: 154
** Event #7814912   t=231.994995284051   Elapsed: 222.486s (3m 42s)  46% completed  (73% total)
     Speed:     ev/sec=35191.3   simsec/sec=0.713053   ev/simsec=49353.1
     Messages:  created: 10213567   present: 2175   in FES: 150
** Event #7887616   t=233.328591918899   Elapsed: 224.489s (3m 44s)  46% completed  (73% total)
     Speed:     ev/sec=36289.2   simsec/sec=0.665646   ev/simsec=54517.2
     Messages:  created: 10310036   present: 2135   in FES: 124
** Event #7957760   t=234.719877355652   Elapsed: 226.491s (3m 46s)  46% completed  (73% total)
     Speed:     ev/sec=35041.2   simsec/sec=0.695032   ev/simsec=50416.7
     Messages:  created: 10403824   present: 2203   in FES: 157
** Event #8018688   t=235.909360816641   Elapsed: 228.494s (3m 48s)  47% completed  (73% total)
     Speed:     ev/sec=30417   simsec/sec=0.593825   ev/simsec=51222.2
     Messages:  created: 10485314   present: 2195   in FES: 155
** Event #8090368   t=237.245995864043   Elapsed: 230.495s (3m 50s)  47% completed  (73% total)
     Speed:     ev/sec=35813.6   simsec/sec=0.667825   ev/simsec=53627.2
     Messages:  created: 10580424   present: 2237   in FES: 157
** Event #8160768   t=238.568918186975   Elapsed: 232.496s (3m 52s)  47% completed  (73% total)
     Speed:     ev/sec=35184.5   simsec/sec=0.66117   ev/simsec=53215.5
     Messages:  created: 10674229   present: 2243   in FES: 156
** Event #8233728   t=240.016965071792   Elapsed: 234.497s (3m 54s)  48% completed  (74% total)
     Speed:     ev/sec=36472.4   simsec/sec=0.723872   ev/simsec=50385.1
     Messages:  created: 10771839   present: 2248   in FES: 156
** Event #8304384   t=241.464942167884   Elapsed: 236.5s (3m 56s)  48% completed  (74% total)
     Speed:     ev/sec=35274.2   simsec/sec=0.722885   ev/simsec=48796.4
     Messages:  created: 10865018   present: 2215   in FES: 134
** Event #8375552   t=243.033894960645   Elapsed: 238.503s (3m 58s)  48% completed  (74% total)
     Speed:     ev/sec=35531.7   simsec/sec=0.783323   ev/simsec=45360.2
     Messages:  created: 10960047   present: 2297   in FES: 153
** Event #8438784   t=244.163365523472   Elapsed: 240.506s (4m 00s)  48% completed  (74% total)
     Speed:     ev/sec=31570.4   simsec/sec=0.563921   ev/simsec=55983.8
     Messages:  created: 11044189   present: 2394   in FES: 157
** Event #8509952   t=244.639578567687   Elapsed: 242.511s (4m 02s)  48% completed  (74% total)
     Speed:     ev/sec=35478.4   simsec/sec=0.2374   ev/simsec=149446
     Messages:  created: 11141879   present: 2265   in FES: 134
** Event #8581888   t=245.250750016219   Elapsed: 244.518s (4m 04s)  49% completed  (74% total)
     Speed:     ev/sec=35856.6   simsec/sec=0.304639   ev/simsec=117702
     Messages:  created: 11240120   present: 2354   in FES: 148
** Event #8652544   t=245.777491245505   Elapsed: 246.52s (4m 06s)  49% completed  (74% total)
     Speed:     ev/sec=35295.6   simsec/sec=0.263129   ev/simsec=134138
     Messages:  created: 11337086   present: 2394   in FES: 161
** Event #8724736   t=246.317167093762   Elapsed: 248.522s (4m 08s)  49% completed  (74% total)
     Speed:     ev/sec=36059.2   simsec/sec=0.269563   ev/simsec=133769
     Messages:  created: 11435760   present: 2421   in FES: 173
** Event #8798464   t=247.000466291947   Elapsed: 250.522s (4m 10s)  49% completed  (74% total)
     Speed:     ev/sec=36861.4   simsec/sec=0.341625   ev/simsec=107900
     Messages:  created: 11536834   present: 2491   in FES: 187
** Event #8861440   t=247.501903642579   Elapsed: 252.522s (4m 12s)  49% completed  (74% total)
     Speed:     ev/sec=31480.8   simsec/sec=0.250661   ev/simsec=125591
     Messages:  created: 11622331   present: 2502   in FES: 187
** Event #8934144   t=248.079068830562   Elapsed: 254.525s (4m 14s)  49% completed  (74% total)
     Speed:     ev/sec=36301.2   simsec/sec=0.288179   ev/simsec=125967
     Messages:  created: 11722121   present: 2357   in FES: 138
** Event #9010176   t=248.76604815622   Elapsed: 256.526s (4m 16s)  49% completed  (74% total)
     Speed:     ev/sec=37988.4   simsec/sec=0.34324   ev/simsec=110676
     Messages:  created: 11826005   present: 2456   in FES: 159
** Event #9082112   t=249.32285239806   Elapsed: 258.528s (4m 18s)  49% completed  (74% total)
     Speed:     ev/sec=35939.2   simsec/sec=0.278179   ev/simsec=129194
     Messages:  created: 11924202   present: 2437   in FES: 162
** Event #9153024   t=249.968795587364   Elapsed: 260.533s (4m 20s)  49% completed  (74% total)
     Speed:     ev/sec=35372   simsec/sec=0.322206   ev/simsec=109781
     Messages:  created: 12021338   present: 2424   in FES: 161
** Event #9218560   t=250.242097570591   Elapsed: 262.718s (4m 22s)  50% completed  (75% total)
     Speed:     ev/sec=29990.3   simsec/sec=0.125067   ev/simsec=239793
     Messages:  created: 12111441   present: 2465   in FES: 143
** Event #9287936   t=250.510352135099   Elapsed: 264.723s (4m 24s)  50% completed  (75% total)
     Speed:     ev/sec=34608.2   simsec/sec=0.133819   ev/simsec=258620
     Messages:  created: 12207311   present: 2488   in FES: 160
** Event #9358848   t=250.793917991548   Elapsed: 266.724s (4m 26s)  50% completed  (75% total)
     Speed:     ev/sec=35423.6   simsec/sec=0.141653   ev/simsec=250072
     Messages:  created: 12305518   present: 2516   in FES: 161
** Event #9433600   t=251.099240982121   Elapsed: 268.729s (4m 28s)  50% completed  (75% total)
     Speed:     ev/sec=37287.7   simsec/sec=0.152301   ev/simsec=244829
     Messages:  created: 12408328   present: 2467   in FES: 160
** Event #9505792   t=252.281891730694   Elapsed: 270.732s (4m 30s)  50% completed  (75% total)
     Speed:     ev/sec=36046   simsec/sec=0.590507   ev/simsec=61042.5
     Messages:  created: 12504838   present: 2511   in FES: 156
** Event #9574400   t=253.005761513109   Elapsed: 272.732s (4m 32s)  50% completed  (75% total)
     Speed:     ev/sec=34301.3   simsec/sec=0.361906   ev/simsec=94779.5
     Messages:  created: 12598575   present: 2635   in FES: 181
** Event #9636096   t=254.124650426097   Elapsed: 274.736s (4m 34s)  50% completed  (75% total)
     Speed:     ev/sec=30783.1   simsec/sec=0.558267   ev/simsec=55140.4
     Messages:  created: 12680138   present: 2529   in FES: 157
** Event #9706752   t=255.495662278586   Elapsed: 276.737s (4m 36s)  51% completed  (75% total)
     Speed:     ev/sec=35308.7   simsec/sec=0.685132   ev/simsec=51535.7
     Messages:  created: 12773711   present: 2507   in FES: 134
** Event #9779712   t=257.051666294521   Elapsed: 278.74s (4m 38s)  51% completed  (75% total)
     Speed:     ev/sec=36430.3   simsec/sec=0.776943   ev/simsec=46889.3
     Messages:  created: 12870415   present: 2578   in FES: 157
** Event #9851136   t=258.470362068233   Elapsed: 280.742s (4m 40s)  51% completed  (75% total)
     Speed:     ev/sec=35682.1   simsec/sec=0.708753   ev/simsec=50344.8
     Messages:  created: 12964718   present: 2570   in FES: 138
** Event #9923328   t=260.019239626353   Elapsed: 282.746s (4m 42s)  52% completed  (76% total)
     Speed:     ev/sec=36024.4   simsec/sec=0.772903   ev/simsec=46609.2
     Messages:  created: 13060586   present: 2591   in FES: 128
** Event #9992960   t=261.379021732286   Elapsed: 284.746s (4m 44s)  52% completed  (76% total)
     Speed:     ev/sec=34813.6   simsec/sec=0.679843   ev/simsec=51208.2
     Messages:  created: 13152373   present: 2714   in FES: 156
** Event #10061056   t=262.760352865198   Elapsed: 286.751s (4m 46s)  52% completed  (76% total)
     Speed:     ev/sec=33957.6   simsec/sec=0.688831   ev/simsec=49297.4
     Messages:  created: 13242388   present: 2640   in FES: 127
** Event #10132992   t=264.199340497905   Elapsed: 288.752s (4m 48s)  52% completed  (76% total)
     Speed:     ev/sec=35952.4   simsec/sec=0.719182   ev/simsec=49990.7
     Messages:  created: 13337332   present: 2663   in FES: 131
** Event #10204160   t=265.631438864939   Elapsed: 290.754s (4m 50s)  53% completed  (76% total)
     Speed:     ev/sec=35552.1   simsec/sec=0.715407   ev/simsec=49694.9
     Messages:  created: 13431769   present: 2783   in FES: 146
** Event #10274816   t=267.066462439974   Elapsed: 292.756s (4m 52s)  53% completed  (76% total)
     Speed:     ev/sec=35291.5   simsec/sec=0.71677   ev/simsec=49236.8
     Messages:  created: 13525508   present: 2828   in FES: 159
** Event #10344192   t=268.460778361994   Elapsed: 294.762s (4m 54s)  53% completed  (76% total)
     Speed:     ev/sec=34592.9   simsec/sec=0.695246   ev/simsec=49756.3
     Messages:  created: 13617075   present: 2778   in FES: 138
** Event #10411520   t=269.879521871743   Elapsed: 296.768s (4m 56s)  53% completed  (76% total)
     Speed:     ev/sec=33560.4   simsec/sec=0.707189   ev/simsec=47456.1
     Messages:  created: 13706284   present: 2846   in FES: 147
** Event #10483200   t=271.319315553742   Elapsed: 298.777s (4m 58s)  54% completed  (77% total)
     Speed:     ev/sec=35678.4   simsec/sec=0.716651   ev/simsec=49784.9
     Messages:  created: 13800688   present: 2911   in FES: 157
** Event #10555648   t=272.864729743066   Elapsed: 300.778s (5m 00s)  54% completed  (77% total)
     Speed:     ev/sec=36209   simsec/sec=0.772387   ev/simsec=46879.3
     Messages:  created: 13896733   present: 2938   in FES: 154
** Event #10626048   t=274.261339864123   Elapsed: 302.779s (5m 02s)  54% completed  (77% total)
     Speed:     ev/sec=35178   simsec/sec=0.697868   ev/simsec=50407.8
     Messages:  created: 13989605   present: 2995   in FES: 158
** Event #10702848   t=275.884105356186   Elapsed: 304.79s (5m 04s)  55% completed  (77% total)
     Speed:     ev/sec=38185.7   simsec/sec=0.806855   ev/simsec=47326.6
     Messages:  created: 14091621   present: 2952   in FES: 124
** Event #10774272   t=277.334898823364   Elapsed: 306.794s (5m 06s)  55% completed  (77% total)
     Speed:     ev/sec=35640.7   simsec/sec=0.723948   ev/simsec=49231
     Messages:  created: 14185888   present: 3037   in FES: 149
** Event #10834688   t=278.567788824367   Elapsed: 308.795s (5m 08s)  55% completed  (77% total)
     Speed:     ev/sec=30194   simsec/sec=0.616159   ev/simsec=49003.6
     Messages:  created: 14265841   present: 3087   in FES: 165
** Event #10900736   t=280.000536697801   Elapsed: 310.799s (5m 10s)  56% completed  (78% total)
     Speed:     ev/sec=32965.4   simsec/sec=0.715103   ev/simsec=46098.8
     Messages:  created: 14353708   present: 3121   in FES: 155
** Event #10970112   t=281.388884220577   Elapsed: 312.803s (5m 12s)  56% completed  (78% total)
     Speed:     ev/sec=34613.1   simsec/sec=0.692675   ev/simsec=49970.2
     Messages:  created: 14444939   present: 3093   in FES: 137
** Event #11042304   t=282.955239062649   Elapsed: 314.804s (5m 14s)  56% completed  (78% total)
     Speed:     ev/sec=36080.6   simsec/sec=0.782842   ev/simsec=46089.2
     Messages:  created: 14540103   present: 3195   in FES: 155
** Event #11114752   t=284.382019618445   Elapsed: 316.811s (5m 16s)  56% completed  (78% total)
     Speed:     ev/sec=36094.2   simsec/sec=0.710834   ev/simsec=50777.3
     Messages:  created: 14635117   present: 3260   in FES: 156
** Event #11180288   t=285.758951810933   Elapsed: 318.88s (5m 18s)  57% completed  (78% total)
     Speed:     ev/sec=31667.7   simsec/sec=0.665349   ev/simsec=47595.7
     Messages:  created: 14721321   present: 3318   in FES: 157
** Event #11255808   t=287.315932521567   Elapsed: 320.885s (5m 20s)  57% completed  (78% total)
     Speed:     ev/sec=37682.1   simsec/sec=0.776883   ev/simsec=48504.1
     Messages:  created: 14820334   present: 3351   in FES: 159
** Event #11325184   t=288.753787561503   Elapsed: 322.888s (5m 22s)  57% completed  (78% total)
     Speed:     ev/sec=34624.1   simsec/sec=0.717603   ev/simsec=48249.6
     Messages:  created: 14911768   present: 3422   in FES: 159
** Event #11396352   t=290.234882683289   Elapsed: 324.894s (5m 24s)  58% completed  (79% total)
     Speed:     ev/sec=35476.6   simsec/sec=0.738313   ev/simsec=48050.9
     Messages:  created: 15004727   present: 3394   in FES: 150
** Event #11465216   t=291.642111934846   Elapsed: 326.897s (5m 26s)  58% completed  (79% total)
     Speed:     ev/sec=34392.3   simsec/sec=0.702804   ev/simsec=48935.9
     Messages:  created: 15095550   present: 3445   in FES: 156
** Event #11535616   t=293.098391554746   Elapsed: 328.9s (5m 28s)  58% completed  (79% total)
     Speed:     ev/sec=35144.6   simsec/sec=0.726994   ev/simsec=48342.4
     Messages:  created: 15187718   present: 3475   in FES: 149
** Event #11599616   t=294.451553614423   Elapsed: 330.902s (5m 30s)  58% completed  (79% total)
     Speed:     ev/sec=31968.9   simsec/sec=0.675924   ev/simsec=47296.6
     Messages:  created: 15271807   present: 3513   in FES: 155
** Event #11669504   t=295.999469501536   Elapsed: 332.909s (5m 32s)  59% completed  (79% total)
     Speed:     ev/sec=34815.8   simsec/sec=0.771118   ev/simsec=45149.7
     Messages:  created: 15363889   present: 3552   in FES: 163
** Event #11738624   t=297.413152687811   Elapsed: 334.91s (5m 34s)  59% completed  (79% total)
     Speed:     ev/sec=34545.6   simsec/sec=0.706547   ev/simsec=48893.6
     Messages:  created: 15454280   present: 3546   in FES: 155
** Event #11810560   t=298.968564871247   Elapsed: 336.915s (5m 36s)  59% completed  (79% total)
     Speed:     ev/sec=35879.9   simsec/sec=0.775801   ev/simsec=46248.8
     Messages:  created: 15549241   present: 3596   in FES: 156
** Event #11887616   t=300.485598859069   Elapsed: 338.918s (5m 38s)  60% completed  (80% total)
     Speed:     ev/sec=38470.2   simsec/sec=0.757379   ev/simsec=50793.9
     Messages:  created: 15650129   present: 3626   in FES: 157
** Event #11955456   t=301.81799392667   Elapsed: 340.929s (5m 40s)  60% completed  (80% total)
     Speed:     ev/sec=33729.7   simsec/sec=0.66246   ev/simsec=50915.8
     Messages:  created: 15739945   present: 3668   in FES: 161
** Event #12025344   t=303.114193256712   Elapsed: 342.935s (5m 42s)  60% completed  (80% total)
     Speed:     ev/sec=34841.9   simsec/sec=0.646205   ev/simsec=53917.6
     Messages:  created: 15832251   present: 3661   in FES: 155
** Event #12094720   t=304.484663751934   Elapsed: 344.942s (5m 44s)  60% completed  (80% total)
     Speed:     ev/sec=34564.6   simsec/sec=0.682798   ev/simsec=50622
     Messages:  created: 15924227   present: 3699   in FES: 157
** Event #12166400   t=305.948347940756   Elapsed: 346.947s (5m 46s)  61% completed  (80% total)
     Speed:     ev/sec=35747.5   simsec/sec=0.729953   ev/simsec=48972.3
     Messages:  created: 16019626   present: 3712   in FES: 155
** Event #12239616   t=307.300310610225   Elapsed: 348.948s (5m 48s)  61% completed  (80% total)
     Speed:     ev/sec=36601.4   simsec/sec=0.675859   ev/simsec=54155.3
     Messages:  created: 16116397   present: 3728   in FES: 156
** Event #12311040   t=308.662831268105   Elapsed: 350.952s (5m 50s)  61% completed  (80% total)
     Speed:     ev/sec=35638.5   simsec/sec=0.679859   ev/simsec=52420.5
     Messages:  created: 16211300   present: 3712   in FES: 155
** Event #12372480   t=309.826536085189   Elapsed: 352.959s (5m 52s)  61% completed  (80% total)
     Speed:     ev/sec=30606.1   simsec/sec=0.579694   ev/simsec=52796.9
     Messages:  created: 16293000   present: 3834   in FES: 185
** Event #12441600   t=311.071401691769   Elapsed: 354.964s (5m 54s)  62% completed  (81% total)
     Speed:     ev/sec=34475.7   simsec/sec=0.620914   ev/simsec=55524.1
     Messages:  created: 16384513   present: 3723   in FES: 142
** Event #12509440   t=312.495474768208   Elapsed: 356.966s (5m 56s)  62% completed  (81% total)
     Speed:     ev/sec=33880.5   simsec/sec=0.711207   ev/simsec=47638
     Messages:  created: 16474018   present: 3769   in FES: 156
** Event #12580352   t=314.064090281396   Elapsed: 358.968s (5m 58s)  62% completed  (81% total)
     Speed:     ev/sec=35420.2   simsec/sec=0.783516   ev/simsec=45206.7
     Messages:  created: 16568114   present: 3774   in FES: 154
** Event #12650496   t=315.512525430846   Elapsed: 360.977s (6m 00s)  63% completed  (81% total)
     Speed:     ev/sec=34924.7   simsec/sec=0.721175   ev/simsec=48427.4
     Messages:  created: 16660515   present: 3751   in FES: 124
** Event #12723712   t=317.098391161344   Elapsed: 363.138s (6m 03s)  63% completed  (81% total)
     Speed:     ev/sec=33885.8   simsec/sec=0.73397   ev/simsec=46167.8
     Messages:  created: 16757220   present: 3867   in FES: 153
** Event #12792576   t=318.568163500006   Elapsed: 365.142s (6m 05s)  63% completed  (81% total)
     Speed:     ev/sec=34350.7   simsec/sec=0.73315   ev/simsec=46853.5
     Messages:  created: 16848128   present: 3850   in FES: 143
** Event #12864256   t=320.114865714104   Elapsed: 367.146s (6m 07s)  64% completed  (82% total)
     Speed:     ev/sec=35776   simsec/sec=0.77197   ev/simsec=46343.8
     Messages:  created: 16942487   present: 3928   in FES: 155
** Event #12937984   t=321.700108420511   Elapsed: 369.151s (6m 09s)  64% completed  (82% total)
     Speed:     ev/sec=36775   simsec/sec=0.790708   ev/simsec=46509
     Messages:  created: 17039896   present: 3916   in FES: 149
** Event #13007360   t=323.142116680693   Elapsed: 371.155s (6m 11s)  64% completed  (82% total)
     Speed:     ev/sec=34616.1   simsec/sec=0.71951   ev/simsec=48110.7
     Messages:  created: 17131044   present: 3998   in FES: 156
** Event #13076736   t=324.63382953289   Elapsed: 373.16s (6m 13s)  64% completed  (82% total)
     Speed:     ev/sec=34605.6   simsec/sec=0.744085   ev/simsec=46507.6
     Messages:  created: 17222382   present: 4028   in FES: 156
** Event #13139968   t=325.996472664251   Elapsed: 375.161s (6m 15s)  65% completed  (82% total)
     Speed:     ev/sec=31593.6   simsec/sec=0.680839   ev/simsec=46403.9
     Messages:  created: 17306051   present: 3974   in FES: 139
** Event #13210624   t=327.453102643995   Elapsed: 377.161s (6m 17s)  65% completed  (82% total)
     Speed:     ev/sec=35326   simsec/sec=0.728273   ev/simsec=48506.5
     Messages:  created: 17398614   present: 4080   in FES: 156
** Event #13283072   t=329.042368592697   Elapsed: 379.163s (6m 19s)  65% completed  (82% total)
     Speed:     ev/sec=36196.9   simsec/sec=0.794039   ev/simsec=45585.8
     Messages:  created: 17494324   present: 4050   in FES: 137
** Event #13352192   t=330.468382082989   Elapsed: 381.168s (6m 21s)  66% completed  (83% total)
     Speed:     ev/sec=34475.4   simsec/sec=0.711262   ev/simsec=48470.8
     Messages:  created: 17585089   present: 4110   in FES: 154
** Event #13417728   t=331.866483929772   Elapsed: 383.171s (6m 23s)  66% completed  (83% total)
     Speed:     ev/sec=32715.8   simsec/sec=0.697938   ev/simsec=46875
     Messages:  created: 17672223   present: 4145   in FES: 148
** Event #13489408   t=333.335283368236   Elapsed: 385.177s (6m 25s)  66% completed  (83% total)
     Speed:     ev/sec=35721.6   simsec/sec=0.731974   ev/simsec=48801.8
     Messages:  created: 17766530   present: 4191   in FES: 155
** Event #13551104   t=334.668166411875   Elapsed: 387.181s (6m 27s)  66% completed  (83% total)
     Speed:     ev/sec=30799.6   simsec/sec=0.665395   ev/simsec=46287.6
     Messages:  created: 17848189   present: 4213   in FES: 164
** Event #13625600   t=336.246816499341   Elapsed: 389.187s (6m 29s)  67% completed  (83% total)
     Speed:     ev/sec=37120.1   simsec/sec=0.786616   ev/simsec=47189.7
     Messages:  created: 17946474   present: 4167   in FES: 127
** Event #13699072   t=337.761446955741   Elapsed: 391.19s (6m 31s)  67% completed  (83% total)
     Speed:     ev/sec=36691.3   simsec/sec=0.756393   ev/simsec=48508.2
     Messages:  created: 18044039   present: 4282   in FES: 164
** Event #13768960   t=339.167785991167   Elapsed: 393.192s (6m 33s)  67% completed  (83% total)
     Speed:     ev/sec=34908.4   simsec/sec=0.702453   ev/simsec=49695
     Messages:  created: 18136298   present: 4221   in FES: 128
** Event #13835264   t=340.565978969264   Elapsed: 395.197s (6m 35s)  68% completed  (84% total)
     Speed:     ev/sec=33072.5   simsec/sec=0.69742   ev/simsec=47421.2
     Messages:  created: 18223894   present: 4267   in FES: 136
** Event #13900544   t=341.930890230491   Elapsed: 397.205s (6m 37s)  68% completed  (84% total)
     Speed:     ev/sec=32506   simsec/sec=0.679654   ev/simsec=47827.3
     Messages:  created: 18310727   present: 4319   in FES: 155
** Event #13969152   t=343.281174892834   Elapsed: 399.206s (6m 39s)  68% completed  (84% total)
     Speed:     ev/sec=34283.8   simsec/sec=0.674745   ev/simsec=50810
     Messages:  created: 18401232   present: 4376   in FES: 154
** Event #14040320   t=344.763015013788   Elapsed: 401.213s (6m 41s)  68% completed  (84% total)
     Speed:     ev/sec=35453.2   simsec/sec=0.738196   ev/simsec=48026.8
     Messages:  created: 18495503   present: 4383   in FES: 155
** Event #14109184   t=346.14355561205   Elapsed: 403.216s (6m 43s)  69% completed  (84% total)
     Speed:     ev/sec=34381   simsec/sec=0.689248   ev/simsec=49881.9
     Messages:  created: 18586176   present: 4445   in FES: 155
** Event #14181632   t=347.615960740639   Elapsed: 405.222s (6m 45s)  69% completed  (84% total)
     Speed:     ev/sec=36123.9   simsec/sec=0.734168   ev/simsec=49203.8
     Messages:  created: 18681994   present: 4405   in FES: 145
** Event #14253568   t=349.071310821576   Elapsed: 407.226s (6m 47s)  69% completed  (84% total)
     Speed:     ev/sec=35896.6   simsec/sec=0.726231   ev/simsec=49428.7
     Messages:  created: 18777396   present: 4461   in FES: 137
** Event #14313728   t=350.316126990438   Elapsed: 409.233s (6m 49s)  70% completed  (85% total)
     Speed:     ev/sec=29967.7   simsec/sec=0.620085   ev/simsec=48328.4
     Messages:  created: 18856764   present: 4490   in FES: 157
** Event #14383104   t=351.755301034903   Elapsed: 411.235s (6m 51s)  70% completed  (85% total)
     Speed:     ev/sec=34658.7   simsec/sec=0.718978   ev/simsec=48205.4
     Messages:  created: 18948911   present: 4560   in FES: 166
** Event #14453504   t=353.202578462269   Elapsed: 413.241s (6m 53s)  70% completed  (85% total)
     Speed:     ev/sec=35091.7   simsec/sec=0.721411   ev/simsec=48643.1
     Messages:  created: 19041684   present: 4475   in FES: 124
** Event #14526208   t=354.718989059539   Elapsed: 415.242s (6m 55s)  70% completed  (85% total)
     Speed:     ev/sec=36347.8   simsec/sec=0.758118   ev/simsec=47944.8
     Messages:  created: 19138023   present: 4508   in FES: 136
** Event #14595584   t=356.098344412985   Elapsed: 417.245s (6m 57s)  71% completed  (85% total)
     Speed:     ev/sec=34621.8   simsec/sec=0.688362   ev/simsec=50296
     Messages:  created: 19229838   present: 4626   in FES: 154
** Event #14662144   t=357.489431459506   Elapsed: 419.249s (6m 59s)  71% completed  (85% total)
     Speed:     ev/sec=33215.3   simsec/sec=0.694191   ev/simsec=47847.5
     Messages:  created: 19317837   present: 4621   in FES: 147
** Event #14723072   t=358.745407031022   Elapsed: 421.256s (7m 01s)  71% completed  (85% total)
     Speed:     ev/sec=30364.2   simsec/sec=0.62593   ev/simsec=48510.5
     Messages:  created: 19398769   present: 4660   in FES: 162
** Event #14790912   t=360.094301508336   Elapsed: 423.256s (7m 03s)  72% completed  (86% total)
     Speed:     ev/sec=33919   simsec/sec=0.674427   ev/simsec=50293
     Messages:  created: 19488380   present: 4604   in FES: 125
** Event #14860288   t=361.536083643776   Elapsed: 425.257s (7m 05s)  72% completed  (86% total)
     Speed:     ev/sec=34677.9   simsec/sec=0.720681   ev/simsec=48118.2
     Messages:  created: 19580221   present: 4688   in FES: 154
** Event #14938112   t=363.216980630383   Elapsed: 427.258s (7m 07s)  72% completed  (86% total)
     Speed:     ev/sec=38883.4   simsec/sec=0.839832   ev/simsec=46299.1
     Messages:  created: 19682996   present: 4648   in FES: 127
** Event #15015936   t=364.888879319298   Elapsed: 429.261s (7m 09s)  72% completed  (86% total)
     Speed:     ev/sec=38849.5   simsec/sec=0.834606   ev/simsec=46548.3
     Messages:  created: 19786228   present: 4792   in FES: 162
** Event #15078656   t=366.149456385668   Elapsed: 431.265s (7m 11s)  73% completed  (86% total)
     Speed:     ev/sec=31308.1   simsec/sec=0.629245   ev/simsec=49755
     Messages:  created: 19868536   present: 4812   in FES: 157
** Event #15146496   t=367.602906409382   Elapsed: 433.266s (7m 13s)  73% completed  (86% total)
     Speed:     ev/sec=33889.6   simsec/sec=0.726074   ev/simsec=46675.2
     Messages:  created: 19957698   present: 4814   in FES: 157
** Event #15207680   t=368.917882010302   Elapsed: 435.268s (7m 15s)  73% completed  (86% total)
     Speed:     ev/sec=30570.7   simsec/sec=0.65703   ev/simsec=46528.6
     Messages:  created: 20038458   present: 4781   in FES: 134
** Event #15279104   t=370.334282738624   Elapsed: 437.271s (7m 17s)  74% completed  (87% total)
     Speed:     ev/sec=35655   simsec/sec=0.707071   ev/simsec=50426.4
     Messages:  created: 20132071   present: 4898   in FES: 157
** Event #15348992   t=371.788141782419   Elapsed: 439.276s (7m 19s)  74% completed  (87% total)
     Speed:     ev/sec=34857   simsec/sec=0.725119   ev/simsec=48070.7
     Messages:  created: 20224194   present: 4858   in FES: 136
** Event #15416064   t=373.122080287283   Elapsed: 441.282s (7m 21s)  74% completed  (87% total)
     Speed:     ev/sec=33431.7   simsec/sec=0.664894   ev/simsec=50281.2
     Messages:  created: 20312019   present: 4946   in FES: 157
** Event #15482112   t=374.468132237177   Elapsed: 443.283s (7m 23s)  74% completed  (87% total)
     Speed:     ev/sec=33015.8   simsec/sec=0.672859   ev/simsec=49067.9
     Messages:  created: 20399051   present: 4915   in FES: 137
** Event #15556096   t=376.01104607768   Elapsed: 445.284s (7m 25s)  75% completed  (87% total)
     Speed:     ev/sec=36965.2   simsec/sec=0.770897   ev/simsec=47950.8
     Messages:  created: 20496876   present: 5016   in FES: 165
** Event #15627776   t=377.389334251024   Elapsed: 447.288s (7m 27s)  75% completed  (87% total)
     Speed:     ev/sec=35774.7   simsec/sec=0.687888   ev/simsec=52006.5
     Messages:  created: 20590775   present: 5039   in FES: 158
** Event #15700736   t=378.962440051789   Elapsed: 449.293s (7m 29s)  75% completed  (87% total)
     Speed:     ev/sec=36377   simsec/sec=0.784332   ev/simsec=46379.6
     Messages:  created: 20687023   present: 4993   in FES: 138
** Event #15772928   t=380.365362597003   Elapsed: 451.299s (7m 31s)  76% completed  (88% total)
     Speed:     ev/sec=35999.7   simsec/sec=0.69959   ev/simsec=51458.3
     Messages:  created: 20781599   present: 5100   in FES: 155
** Event #15836672   t=381.638882011711   Elapsed: 453.302s (7m 33s)  76% completed  (88% total)
     Speed:     ev/sec=31816.6   simsec/sec=0.635654   ev/simsec=50053.4
     Messages:  created: 20865483   present: 5123   in FES: 154
** Event #15909888   t=383.089842523972   Elapsed: 455.309s (7m 35s)  76% completed  (88% total)
     Speed:     ev/sec=36489.6   simsec/sec=0.723134   ev/simsec=50460.4
     Messages:  created: 20961665   present: 5068   in FES: 128
** Event #15982080   t=384.485724217239   Elapsed: 457.318s (7m 37s)  76% completed  (88% total)
     Speed:     ev/sec=35930.3   simsec/sec=0.694737   ev/simsec=51717.8
     Messages:  created: 21056647   present: 5152   in FES: 151
** Event #16056832   t=386.002111236978   Elapsed: 459.318s (7m 39s)  77% completed  (88% total)
     Speed:     ev/sec=37370   simsec/sec=0.758071   ev/simsec=49296.1
     Messages:  created: 21155352   present: 5186   in FES: 163
** Event #16130304   t=387.382585455722   Elapsed: 461.325s (7m 41s)  77% completed  (88% total)
     Speed:     ev/sec=36609.6   simsec/sec=0.687863   ev/simsec=53222.3
     Messages:  created: 21251738   present: 5177   in FES: 140
** Event #16189440   t=388.582103982081   Elapsed: 463.333s (7m 43s)  77% completed  (88% total)
     Speed:     ev/sec=29456.7   simsec/sec=0.597502   ev/simsec=49299.8
     Messages:  created: 21329624   present: 5172   in FES: 149
** Event #16258048   t=390.018791721709   Elapsed: 465.337s (7m 45s)  78% completed  (89% total)
     Speed:     ev/sec=34235.9   simsec/sec=0.716917   ev/simsec=47754.3
     Messages:  created: 21420071   present: 5223   in FES: 145
** Event #16329984   t=391.449108673058   Elapsed: 467.339s (7m 47s)  78% completed  (89% total)
     Speed:     ev/sec=35920.7   simsec/sec=0.714218   ev/simsec=50293.7
     Messages:  created: 21513948   present: 5237   in FES: 156
** Event #16403456   t=393.005515433358   Elapsed: 469.34s (7m 49s)  78% completed  (89% total)
     Speed:     ev/sec=36727.3   simsec/sec=0.778019   ev/simsec=47206.2
     Messages:  created: 21610567   present: 5252   in FES: 141
** Event #16475392   t=394.542539410932   Elapsed: 471.342s (7m 51s)  78% completed  (89% total)
     Speed:     ev/sec=35931.1   simsec/sec=0.767724   ev/simsec=46802.1
     Messages:  created: 21704196   present: 5325   in FES: 158
** Event #16542720   t=395.99509497163   Elapsed: 473.347s (7m 53s)  79% completed  (89% total)
     Speed:     ev/sec=33584.4   simsec/sec=0.72456   ev/simsec=46351.4
     Messages:  created: 21792808   present: 5342   in FES: 156
** Event #16617472   t=397.444790569829   Elapsed: 475.352s (7m 55s)  79% completed  (89% total)
     Speed:     ev/sec=37267.6   simsec/sec=0.722746   ev/simsec=51563.9
     Messages:  created: 21890204   present: 5347   in FES: 152
** Event #16686080   t=398.895886871751   Elapsed: 477.359s (7m 57s)  79% completed  (89% total)
     Speed:     ev/sec=34184.2   simsec/sec=0.723013   ev/simsec=47280.1
     Messages:  created: 21980729   present: 5394   in FES: 156
** Event #16756224   t=400.277089515779   Elapsed: 479.363s (7m 59s)  80% completed  (90% total)
     Speed:     ev/sec=35018   simsec/sec=0.689537   ev/simsec=50784.7
     Messages:  created: 22072689   present: 5420   in FES: 155
** Event #16828160   t=402.052230468159   Elapsed: 481.366s (8m 01s)  80% completed  (90% total)
     Speed:     ev/sec=35901.7   simsec/sec=0.885934   ev/simsec=40524.1
     Messages:  created: 22167555   present: 5451   in FES: 156
** Event #16892160   t=403.552831090601   Elapsed: 483.372s (8m 03s)  80% completed  (90% total)
     Speed:     ev/sec=31903.5   simsec/sec=0.748037   ev/simsec=42649.6
     Messages:  created: 22251261   present: 5469   in FES: 155
** Event #16962304   t=405.250184924637   Elapsed: 485.375s (8m 05s)  81% completed  (90% total)
     Speed:     ev/sec=35031.2   simsec/sec=0.84769   ev/simsec=41325.5
     Messages:  created: 22343339   present: 5543   in FES: 154
** Event #17032448   t=407.01861126268   Elapsed: 487.376s (8m 07s)  81% completed  (90% total)
     Speed:     ev/sec=35040.3   simsec/sec=0.883414   ev/simsec=39664.6
     Messages:  created: 22435740   present: 5515   in FES: 136
** Event #17100800   t=408.639597132593   Elapsed: 489.379s (8m 09s)  81% completed  (90% total)
     Speed:     ev/sec=34138.7   simsec/sec=0.809608   ev/simsec=42166.9
     Messages:  created: 22524840   present: 5536   in FES: 140
** Event #17170944   t=410.382592787018   Elapsed: 491.381s (8m 11s)  82% completed  (91% total)
     Speed:     ev/sec=35025.8   simsec/sec=0.870351   ev/simsec=40243.4
     Messages:  created: 22616535   present: 5638   in FES: 145
** Event #17235456   t=412.055024980388   Elapsed: 493.384s (8m 13s)  82% completed  (91% total)
     Speed:     ev/sec=32216.5   simsec/sec=0.835192   ev/simsec=38573.8
     Messages:  created: 22701170   present: 5611   in FES: 131
** Event #17310208   t=413.864727297854   Elapsed: 495.386s (8m 15s)  82% completed  (91% total)
     Speed:     ev/sec=37339.4   simsec/sec=0.903965   ev/simsec=41306.2
     Messages:  created: 22799343   present: 5729   in FES: 161
** Event #17378560   t=415.475473473905   Elapsed: 497.394s (8m 17s)  83% completed  (91% total)
     Speed:     ev/sec=34034.1   simsec/sec=0.802028   ev/simsec=42435
     Messages:  created: 22888508   present: 5710   in FES: 135
** Event #17448192   t=417.128783446116   Elapsed: 499.399s (8m 19s)  83% completed  (91% total)
     Speed:     ev/sec=34736.7   simsec/sec=0.824772   ev/simsec=42116.7
     Messages:  created: 22980098   present: 5794   in FES: 153
** Event #17517312   t=418.816346467481   Elapsed: 501.406s (8m 21s)  83% completed  (91% total)
     Speed:     ev/sec=34439.3   simsec/sec=0.840834   ev/simsec=40958.5
     Messages:  created: 23071546   present: 5902   in FES: 186
** Event #17588480   t=420.494876514128   Elapsed: 503.415s (8m 23s)  84% completed  (92% total)
     Speed:     ev/sec=35420.9   simsec/sec=0.835418   ev/simsec=42399
     Messages:  created: 23164695   present: 5882   in FES: 157
** Event #17649664   t=421.996000017294   Elapsed: 505.418s (8m 25s)  84% completed  (92% total)
     Speed:     ev/sec=30549   simsec/sec=0.749508   ev/simsec=40758.8
     Messages:  created: 23245860   present: 5832   in FES: 138
** Event #17718016   t=423.528165993941   Elapsed: 507.419s (8m 27s)  84% completed  (92% total)
     Speed:     ev/sec=34151.1   simsec/sec=0.765526   ev/simsec=44611.4
     Messages:  created: 23335101   present: 5932   in FES: 155
** Event #17787904   t=425.109329529635   Elapsed: 509.419s (8m 29s)  85% completed  (92% total)
     Speed:     ev/sec=34937.4   simsec/sec=0.790432   ev/simsec=44200.4
     Messages:  created: 23426806   present: 5911   in FES: 138
** Event #17857536   t=426.632317660822   Elapsed: 511.424s (8m 31s)  85% completed  (92% total)
     Speed:     ev/sec=34741.4   simsec/sec=0.759862   ev/simsec=45720.6
     Messages:  created: 23518474   present: 5971   in FES: 139
** Event #17927680   t=428.145887303759   Elapsed: 513.43s (8m 33s)  85% completed  (92% total)
     Speed:     ev/sec=34964.9   simsec/sec=0.754475   ev/simsec=46343.4
     Messages:  created: 23610700   present: 6028   in FES: 156
** Event #17994752   t=429.702614591671   Elapsed: 515.63s (8m 35s)  85% completed  (92% total)
     Speed:     ev/sec=30480.8   simsec/sec=0.707453   ev/simsec=43085.3
     Messages:  created: 23698976   present: 6034   in FES: 141
** Event #18066176   t=431.345772172835   Elapsed: 517.631s (8m 37s)  86% completed  (93% total)
     Speed:     ev/sec=35707.9   simsec/sec=0.821485   ev/simsec=43467.5
     Messages:  created: 23792466   present: 6011   in FES: 125
** Event #18136320   t=433.009358884911   Elapsed: 519.634s (8m 39s)  86% completed  (93% total)
     Speed:     ev/sec=35003   simsec/sec=0.830157   ev/simsec=42164.3
     Messages:  created: 23885332   present: 6144   in FES: 156
** Event #18210560   t=433.745776855743   Elapsed: 521.635s (8m 41s)  86% completed  (93% total)
     Speed:     ev/sec=37101.7   simsec/sec=0.368027   ev/simsec=100812
     Messages:  created: 23985635   present: 6185   in FES: 157
** Event #18289408   t=434.049629247387   Elapsed: 523.645s (8m 43s)  86% completed  (93% total)
     Speed:     ev/sec=39239.6   simsec/sec=0.151216   ev/simsec=259494
     Messages:  created: 24094607   present: 6155   in FES: 159
** Event #18360064   t=434.302271673732   Elapsed: 525.648s (8m 45s)  86% completed  (93% total)
     Speed:     ev/sec=35267   simsec/sec=0.126103   ev/simsec=279668
     Messages:  created: 24191808   present: 6259   in FES: 186
** Event #18422528   t=434.523297956923   Elapsed: 527.651s (8m 47s)  86% completed  (93% total)
     Speed:     ev/sec=31194.5   simsec/sec=0.110381   ev/simsec=282609
     Messages:  created: 24277940   present: 6174   in FES: 155
** Event #18503936   t=435.24553862017   Elapsed: 529.658s (8m 49s)  87% completed  (93% total)
     Speed:     ev/sec=40563.4   simsec/sec=0.359873   ev/simsec=112716
     Messages:  created: 24389028   present: 6177   in FES: 162
** Event #18581760   t=436.096110404526   Elapsed: 531.661s (8m 51s)  87% completed  (93% total)
     Speed:     ev/sec=38838.4   simsec/sec=0.424481   ev/simsec=91496.1
     Messages:  created: 24494611   present: 6149   in FES: 154
** Event #18657024   t=436.889611508607   Elapsed: 533.665s (8m 53s)  87% completed  (93% total)
     Speed:     ev/sec=37569.9   simsec/sec=0.396096   ev/simsec=94850.5
     Messages:  created: 24597427   present: 6119   in FES: 133
** Event #18740480   t=437.671678424702   Elapsed: 535.67s (8m 55s)  87% completed  (93% total)
     Speed:     ev/sec=41609.2   simsec/sec=0.38992   ev/simsec=106712
     Messages:  created: 24710785   present: 6200   in FES: 156
** Event #18813696   t=438.40375669353   Elapsed: 537.675s (8m 57s)  87% completed  (93% total)
     Speed:     ev/sec=36516.1   simsec/sec=0.365121   ev/simsec=100011
     Messages:  created: 24810305   present: 6228   in FES: 154
** Event #18886912   t=439.147937860591   Elapsed: 539.679s (8m 59s)  87% completed  (93% total)
     Speed:     ev/sec=36539.3   simsec/sec=0.371393   ev/simsec=98384.6
     Messages:  created: 24909837   present: 6226   in FES: 155
** Event #18955264   t=439.747030572682   Elapsed: 541.68s (9m 01s)  87% completed  (93% total)
     Speed:     ev/sec=34156.2   simsec/sec=0.299373   ev/simsec=114093
     Messages:  created: 25003570   present: 6267   in FES: 162
** Event #19033856   t=440.522703708807   Elapsed: 543.686s (9m 03s)  88% completed  (94% total)
     Speed:     ev/sec=39194.1   simsec/sec=0.38683   ev/simsec=101321
     Messages:  created: 25110063   present: 6215   in FES: 139
** Event #19110400   t=441.290942968541   Elapsed: 545.688s (9m 05s)  88% completed  (94% total)
     Speed:     ev/sec=38222.9   simsec/sec=0.383626   ev/simsec=99635.6
     Messages:  created: 25214292   present: 6247   in FES: 152
** Event #19193344   t=442.156628545824   Elapsed: 547.695s (9m 07s)  88% completed  (94% total)
     Speed:     ev/sec=41333.6   simsec/sec=0.431398   ev/simsec=95813.1
     Messages:  created: 25326976   present: 6254   in FES: 133
** Event #19272448   t=442.932527044756   Elapsed: 549.7s (9m 09s)  88% completed  (94% total)
     Speed:     ev/sec=39445.5   simsec/sec=0.386905   ev/simsec=101951
     Messages:  created: 25435279   present: 6243   in FES: 125
** Event #19356672   t=443.727694639865   Elapsed: 551.705s (9m 11s)  88% completed  (94% total)
     Speed:     ev/sec=42019.3   simsec/sec=0.396709   ev/simsec=105920
     Messages:  created: 25549663   present: 6326   in FES: 146
** Event #19424768   t=444.404135972453   Elapsed: 553.705s (9m 13s)  88% completed  (94% total)
     Speed:     ev/sec=34047.1   simsec/sec=0.338212   ev/simsec=100668
     Messages:  created: 25642121   present: 6315   in FES: 141
** Event #19504384   t=445.154071785362   Elapsed: 555.705s (9m 15s)  89% completed  (94% total)
     Speed:     ev/sec=39806.3   simsec/sec=0.374952   ev/simsec=106164
     Messages:  created: 25750620   present: 6342   in FES: 141
** Event #19584768   t=445.932226407422   Elapsed: 557.709s (9m 17s)  89% completed  (94% total)
     Speed:     ev/sec=40112.9   simsec/sec=0.388311   ev/simsec=103301
     Messages:  created: 25860735   present: 6407   in FES: 156
** Event #19671808   t=446.757035235549   Elapsed: 559.709s (9m 19s)  89% completed  (94% total)
     Speed:     ev/sec=43519.9   simsec/sec=0.412404   ev/simsec=105527
     Messages:  created: 25978858   present: 6282   in FES: 125
** Event #19746304   t=447.495012875369   Elapsed: 561.71s (9m 21s)  89% completed  (94% total)
     Speed:     ev/sec=37227   simsec/sec=0.368781   ev/simsec=100946
     Messages:  created: 26079884   present: 6389   in FES: 155
** Event #19824640   t=448.315736889621   Elapsed: 563.714s (9m 23s)  89% completed  (94% total)
     Speed:     ev/sec=39089.7   simsec/sec=0.409542   ev/simsec=95447.4
     Messages:  created: 26186282   present: 6311   in FES: 135
** Event #19886848   t=448.934809335227   Elapsed: 565.715s (9m 25s)  89% completed  (94% total)
     Speed:     ev/sec=31088.3   simsec/sec=0.30938   ev/simsec=100486
     Messages:  created: 26271617   present: 6446   in FES: 152
** Event #19966464   t=449.718127669932   Elapsed: 567.72s (9m 27s)  89% completed  (94% total)
     Speed:     ev/sec=39698.6   simsec/sec=0.390583   ev/simsec=101639
     Messages:  created: 26379505   present: 6398   in FES: 156
** Event #20040960   t=450.423247199202   Elapsed: 569.727s (9m 29s)  90% completed  (95% total)
     Speed:     ev/sec=37124.5   simsec/sec=0.351391   ev/simsec=105650
     Messages:  created: 26480804   present: 6548   in FES: 186
** Event #20124928   t=451.230413958071   Elapsed: 571.729s (9m 31s)  90% completed  (95% total)
     Speed:     ev/sec=41942   simsec/sec=0.40318   ev/simsec=104028
     Messages:  created: 26595079   present: 6410   in FES: 133
** Event #20199424   t=451.978857477242   Elapsed: 573.73s (9m 33s)  90% completed  (95% total)
     Speed:     ev/sec=37227.7   simsec/sec=0.374018   ev/simsec=99534.6
     Messages:  created: 26697197   present: 6510   in FES: 161
** Event #20278784   t=452.731475528893   Elapsed: 575.736s (9m 35s)  90% completed  (95% total)
     Speed:     ev/sec=39566.1   simsec/sec=0.375229   ev/simsec=105445
     Messages:  created: 26804939   present: 6516   in FES: 150
** Event #20340736   t=453.3884111448   Elapsed: 577.736s (9m 37s)  90% completed  (95% total)
     Speed:     ev/sec=30970.3   simsec/sec=0.328408   ev/simsec=94304.5
     Messages:  created: 26888842   present: 6434   in FES: 125
** Event #20414464   t=454.066744838027   Elapsed: 579.74s (9m 39s)  90% completed  (95% total)
     Speed:     ev/sec=36795.8   simsec/sec=0.338539   ev/simsec=108690
     Messages:  created: 26989578   present: 6594   in FES: 183
** Event #20485888   t=454.742360856556   Elapsed: 581.744s (9m 41s)  90% completed  (95% total)
     Speed:     ev/sec=35637.3   simsec/sec=0.337101   ev/simsec=105717
     Messages:  created: 27086836   present: 6477   in FES: 134
** Event #20553472   t=455.404810910103   Elapsed: 583.752s (9m 43s)  91% completed  (95% total)
     Speed:     ev/sec=33668.2   simsec/sec=0.330011   ev/simsec=102021
     Messages:  created: 27178607   present: 6531   in FES: 140
** Event #20625408   t=456.138179178761   Elapsed: 585.752s (9m 45s)  91% completed  (95% total)
     Speed:     ev/sec=35961.9   simsec/sec=0.366622   ev/simsec=98089.9
     Messages:  created: 27276333   present: 6536   in FES: 146
** Event #20699392   t=456.88682236392   Elapsed: 587.754s (9m 47s)  91% completed  (95% total)
     Speed:     ev/sec=36953.4   simsec/sec=0.373931   ev/simsec=98824.1
     Messages:  created: 27377596   present: 6560   in FES: 154
** Event #20775168   t=457.624828807315   Elapsed: 589.762s (9m 49s)  91% completed  (95% total)
     Speed:     ev/sec=37727.7   simsec/sec=0.367442   ev/simsec=102677
     Messages:  created: 27480247   present: 6488   in FES: 124
** Event #20855040   t=458.391692176436   Elapsed: 591.765s (9m 51s)  91% completed  (95% total)
     Speed:     ev/sec=39881.6   simsec/sec=0.382909   ev/simsec=104154
     Messages:  created: 27588923   present: 6559   in FES: 132
** Event #20933376   t=459.155134130869   Elapsed: 593.771s (9m 53s)  91% completed  (95% total)
     Speed:     ev/sec=39052.7   simsec/sec=0.380597   ev/simsec=102609
     Messages:  created: 27695397   present: 6641   in FES: 154
** Event #21013504   t=459.924289443087   Elapsed: 595.775s (9m 55s)  91% completed  (95% total)
     Speed:     ev/sec=39981   simsec/sec=0.383781   ev/simsec=104177
     Messages:  created: 27805259   present: 6639   in FES: 154
** Event #21086976   t=460.656308684441   Elapsed: 597.777s (9m 57s)  92% completed  (96% total)
     Speed:     ev/sec=36696.9   simsec/sec=0.36562   ev/simsec=100369
     Messages:  created: 27904926   present: 6568   in FES: 125
** Event #21167616   t=461.431664292126   Elapsed: 599.779s (9m 59s)  92% completed  (96% total)
     Speed:     ev/sec=40282.4   simsec/sec=0.387316   ev/simsec=104004
     Messages:  created: 28014608   present: 6683   in FES: 158
** Event #21246720   t=462.225514320918   Elapsed: 601.784s (10m 01s)  92% completed  (96% total)
     Speed:     ev/sec=39467.8   simsec/sec=0.39608   ev/simsec=99646
     Messages:  created: 28122093   present: 6685   in FES: 150
** Event #21320192   t=462.982194106095   Elapsed: 603.788s (10m 03s)  92% completed  (96% total)
     Speed:     ev/sec=36647.6   simsec/sec=0.377429   ev/simsec=97097.9
     Messages:  created: 28222749   present: 6730   in FES: 158
** Event #21392896   t=463.728181042525   Elapsed: 605.789s (10m 05s)  92% completed  (96% total)
     Speed:     ev/sec=36337.3   simsec/sec=0.372843   ev/simsec=97460.2
     Messages:  created: 28321158   present: 6627   in FES: 125
** Event #21467648   t=464.475403579185   Elapsed: 607.792s (10m 07s)  92% completed  (96% total)
     Speed:     ev/sec=37329.2   simsec/sec=0.373144   ev/simsec=100040
     Messages:  created: 28422595   present: 6653   in FES: 126
** Event #21541376   t=465.217444364913   Elapsed: 609.795s (10m 09s)  93% completed  (96% total)
     Speed:     ev/sec=36795.1   simsec/sec=0.370327   ev/simsec=99358.4
     Messages:  created: 28522866   present: 6628   in FES: 124
** Event #21623808   t=466.085871410995   Elapsed: 611.798s (10m 11s)  93% completed  (96% total)
     Speed:     ev/sec=41172.5   simsec/sec=0.433755   ev/simsec=94921
     Messages:  created: 28634770   present: 6693   in FES: 139
** Event #21687296   t=466.683571678928   Elapsed: 613.802s (10m 13s)  93% completed  (96% total)
     Speed:     ev/sec=31676.6   simsec/sec=0.298215   ev/simsec=106220
     Messages:  created: 28721218   present: 6755   in FES: 136
** Event #21760000   t=467.419749656108   Elapsed: 615.807s (10m 15s)  93% completed  (96% total)
     Speed:     ev/sec=36253   simsec/sec=0.367087   ev/simsec=98758.7
     Messages:  created: 28819643   present: 6768   in FES: 144
** Event #21832960   t=468.159044410649   Elapsed: 617.813s (10m 17s)  93% completed  (96% total)
     Speed:     ev/sec=36369.8   simsec/sec=0.36853   ev/simsec=98688.6
     Messages:  created: 28918692   present: 6753   in FES: 136
** Event #21905408   t=468.777129937821   Elapsed: 619.814s (10m 19s)  93% completed  (96% total)
     Speed:     ev/sec=36213.9   simsec/sec=0.308957   ev/simsec=117214
     Messages:  created: 29017587   present: 6820   in FES: 157
** Event #21977856   t=469.473665165705   Elapsed: 621.819s (10m 21s)  93% completed  (96% total)
     Speed:     ev/sec=36132.9   simsec/sec=0.347392   ev/simsec=104012
     Messages:  created: 29115610   present: 6851   in FES: 155
** Event #22050304   t=470.172434134835   Elapsed: 623.822s (10m 23s)  94% completed  (97% total)
     Speed:     ev/sec=36159.8   simsec/sec=0.348765   ev/simsec=103679
     Messages:  created: 29213941   present: 6917   in FES: 161
** Event #22113536   t=470.73759350833   Elapsed: 625.827s (10m 25s)  94% completed  (97% total)
     Speed:     ev/sec=31548.3   simsec/sec=0.281975   ev/simsec=111883
     Messages:  created: 29300330   present: 6929   in FES: 156
** Event #22185216   t=471.43333974154   Elapsed: 627.83s (10m 27s)  94% completed  (97% total)
     Speed:     ev/sec=35788.9   simsec/sec=0.347377   ev/simsec=103026
     Messages:  created: 29397290   present: 6914   in FES: 161
** Event #22257152   t=472.152379919038   Elapsed: 629.832s (10m 29s)  94% completed  (97% total)
     Speed:     ev/sec=35926   simsec/sec=0.359101   ev/simsec=100044
     Messages:  created: 29494719   present: 6940   in FES: 161
** Event #22329088   t=472.879440044409   Elapsed: 631.832s (10m 31s)  94% completed  (97% total)
     Speed:     ev/sec=35965.3   simsec/sec=0.363503   ev/simsec=98940.9
     Messages:  created: 29592842   present: 6895   in FES: 152
** Event #22400512   t=473.485753965362   Elapsed: 633.833s (10m 33s)  94% completed  (97% total)
     Speed:     ev/sec=35698.2   simsec/sec=0.30304   ev/simsec=117800
     Messages:  created: 29689484   present: 6921   in FES: 142
** Event #22476800   t=474.233536286241   Elapsed: 635.835s (10m 35s)  94% completed  (97% total)
     Speed:     ev/sec=38110.5   simsec/sec=0.373563   ev/simsec=102019
     Messages:  created: 29792948   present: 6987   in FES: 160
** Event #22537984   t=474.884434823307   Elapsed: 637.84s (10m 37s)  94% completed  (97% total)
     Speed:     ev/sec=30510.4   simsec/sec=0.324581   ev/simsec=93999.3
     Messages:  created: 29876192   present: 6975   in FES: 152
** Event #22612480   t=475.519808518609   Elapsed: 639.844s (10m 39s)  95% completed  (97% total)
     Speed:     ev/sec=37171.9   simsec/sec=0.317038   ev/simsec=117248
     Messages:  created: 29976899   present: 5476   in FES: 155
** Event #22687488   t=476.22130388127   Elapsed: 641.85s (10m 41s)  95% completed  (97% total)
     Speed:     ev/sec=37388.6   simsec/sec=0.349669   ev/simsec=106926
     Messages:  created: 30078663   present: 5496   in FES: 160
** Event #22756096   t=476.927175569817   Elapsed: 643.857s (10m 43s)  95% completed  (97% total)
     Speed:     ev/sec=34190.1   simsec/sec=0.351764   ev/simsec=97196.1
     Messages:  created: 30172208   present: 5537   in FES: 152
** Event #22823680   t=477.62317618929   Elapsed: 645.859s (10m 45s)  95% completed  (97% total)
     Speed:     ev/sec=33763.8   simsec/sec=0.34771   ev/simsec=97103.4
     Messages:  created: 30263288   present: 5522   in FES: 156
** Event #22892800   t=478.201550989063   Elapsed: 647.865s (10m 47s)  95% completed  (97% total)
     Speed:     ev/sec=34454.1   simsec/sec=0.288301   ev/simsec=119507
     Messages:  created: 30357221   present: 5522   in FES: 154
** Event #22954240   t=478.836360338182   Elapsed: 649.865s (10m 49s)  95% completed  (97% total)
     Speed:     ev/sec=30713.8   simsec/sec=0.317341   ev/simsec=96785
     Messages:  created: 30440984   present: 5546   in FES: 156
** Event #23025408   t=479.467077553035   Elapsed: 651.867s (10m 51s)  95% completed  (97% total)
     Speed:     ev/sec=35553.3   simsec/sec=0.315087   ev/simsec=112837
     Messages:  created: 30537231   present: 5581   in FES: 147
** Event #23095552   t=480.154409923201   Elapsed: 653.874s (10m 53s)  96% completed  (98% total)
     Speed:     ev/sec=34940.7   simsec/sec=0.34238   ev/simsec=102053
     Messages:  created: 30632399   present: 5647   in FES: 161
** Event #23164160   t=480.815934957539   Elapsed: 655.88s (10m 55s)  96% completed  (98% total)
     Speed:     ev/sec=34200.3   simsec/sec=0.329763   ev/simsec=103712
     Messages:  created: 30725908   present: 5531   in FES: 144
** Event #23239424   t=481.479751710249   Elapsed: 657.881s (10m 57s)  96% completed  (98% total)
     Speed:     ev/sec=37621.9   simsec/sec=0.331819   ev/simsec=113381
     Messages:  created: 30827921   present: 5565   in FES: 128
** Event #23311616   t=482.180490464477   Elapsed: 659.887s (10m 59s)  96% completed  (98% total)
     Speed:     ev/sec=35991.7   simsec/sec=0.349357   ev/simsec=103023
     Messages:  created: 30926008   present: 5671   in FES: 163
** Event #23384832   t=482.909127546189   Elapsed: 661.894s (11m 01s)  96% completed  (98% total)
     Speed:     ev/sec=36471   simsec/sec=0.362955   ev/simsec=100483
     Messages:  created: 31025765   present: 5622   in FES: 139
** Event #23453696   t=483.510641295209   Elapsed: 663.901s (11m 03s)  96% completed  (98% total)
     Speed:     ev/sec=34321.2   simsec/sec=0.299789   ev/simsec=114484
     Messages:  created: 31118879   present: 5663   in FES: 159
** Event #23523072   t=484.176306520053   Elapsed: 665.903s (11m 05s)  96% completed  (98% total)
     Speed:     ev/sec=34649.2   simsec/sec=0.33246   ev/simsec=104221
     Messages:  created: 31213224   present: 5643   in FES: 138
** Event #23597056   t=484.917868506893   Elapsed: 667.909s (11m 07s)  96% completed  (98% total)
     Speed:     ev/sec=36884   simsec/sec=0.369698   ev/simsec=99767.8
     Messages:  created: 31314216   present: 5657   in FES: 130
** Event #23666432   t=485.499399901548   Elapsed: 669.911s (11m 09s)  97% completed  (98% total)
     Speed:     ev/sec=34653.5   simsec/sec=0.290476   ev/simsec=119299
     Messages:  created: 31408299   present: 5698   in FES: 142
** Event #23750656   t=486.385956516809   Elapsed: 671.917s (11m 11s)  97% completed  (98% total)
     Speed:     ev/sec=41974   simsec/sec=0.441826   ev/simsec=95001.3
     Messages:  created: 31522458   present: 5726   in FES: 160
** Event #23819008   t=486.974913158208   Elapsed: 673.922s (11m 13s)  97% completed  (98% total)
     Speed:     ev/sec=34104.9   simsec/sec=0.293866   ev/simsec=116056
     Messages:  created: 31616272   present: 5743   in FES: 160
** Event #23883776   t=487.63976140843   Elapsed: 675.926s (11m 15s)  97% completed  (98% total)
     Speed:     ev/sec=32320.2   simsec/sec=0.331769   ev/simsec=97417.7
     Messages:  created: 31703574   present: 5773   in FES: 162
** Event #23964928   t=488.392373471077   Elapsed: 677.928s (11m 17s)  97% completed  (98% total)
     Speed:     ev/sec=40526.5   simsec/sec=0.375847   ev/simsec=107827
     Messages:  created: 31813727   present: 5918   in FES: 187
** Event #24033536   t=488.99198188836   Elapsed: 679.929s (11m 19s)  97% completed  (98% total)
     Speed:     ev/sec=34279.9   simsec/sec=0.299593   ev/simsec=114421
     Messages:  created: 31907839   present: 5809   in FES: 148
** Event #24101376   t=489.672099319438   Elapsed: 681.934s (11m 21s)  97% completed  (98% total)
     Speed:     ev/sec=33847.1   simsec/sec=0.339327   ev/simsec=99747.5
     Messages:  created: 31999312   present: 5763   in FES: 143
** Event #24174080   t=490.391771925877   Elapsed: 683.942s (11m 23s)  98% completed  (99% total)
     Speed:     ev/sec=36202.3   simsec/sec=0.358354   ev/simsec=101024
     Messages:  created: 32097817   present: 5860   in FES: 159
** Event #24244992   t=490.939164586955   Elapsed: 685.943s (11m 25s)  98% completed  (99% total)
     Speed:     ev/sec=35429.4   simsec/sec=0.273491   ev/simsec=129545
     Messages:  created: 32192593   present: 5091   in FES: 196
** Event #24302336   t=491.118450987517   Elapsed: 687.945s (11m 27s)  98% completed  (99% total)
     Speed:     ev/sec=28647.3   simsec/sec=0.0895659   ev/simsec=319846
     Messages:  created: 32271799   present: 4920   in FES: 156
** Event #24369152   t=491.636023504042   Elapsed: 689.949s (11m 29s)  98% completed  (99% total)
     Speed:     ev/sec=33341.3   simsec/sec=0.258269   ev/simsec=129095
     Messages:  created: 32363212   present: 4861   in FES: 154
** Event #24444672   t=491.925504126742   Elapsed: 691.953s (11m 31s)  98% completed  (99% total)
     Speed:     ev/sec=37695.1   simsec/sec=0.144492   ev/simsec=260881
     Messages:  created: 32465141   present: 3886   in FES: 139
** Event #24521728   t=492.642821215634   Elapsed: 693.964s (11m 33s)  98% completed  (99% total)
     Speed:     ev/sec=38307.4   simsec/sec=0.356605   ev/simsec=107423
     Messages:  created: 32569716   present: 4016   in FES: 187
** Event #24602880   t=493.392383026402   Elapsed: 695.965s (11m 35s)  98% completed  (99% total)
     Speed:     ev/sec=40555.7   simsec/sec=0.374593   ev/simsec=108266
     Messages:  created: 32679801   present: 2435   in FES: 157
** Event #24676096   t=494.01033940918   Elapsed: 697.966s (11m 37s)  98% completed  (99% total)
     Speed:     ev/sec=36598.3   simsec/sec=0.308896   ev/simsec=118481
     Messages:  created: 32780227   present: 2386   in FES: 136
** Event #24741888   t=494.651543998914   Elapsed: 699.971s (11m 39s)  98% completed  (99% total)
     Speed:     ev/sec=32813.9   simsec/sec=0.319802   ev/simsec=102607
     Messages:  created: 32868920   present: 2358   in FES: 128
** Event #24820736   t=495.386601267447   Elapsed: 701.977s (11m 41s)  99% completed  (99% total)
     Speed:     ev/sec=39298.6   simsec/sec=0.366359   ev/simsec=107268
     Messages:  created: 32976107   present: 2438   in FES: 159
** Event #24900608   t=496.072533260275   Elapsed: 703.983s (11m 43s)  99% completed  (99% total)
     Speed:     ev/sec=39812.8   simsec/sec=0.341908   ev/simsec=116443
     Messages:  created: 33085043   present: 2421   in FES: 156
** Event #24969216   t=496.685911321653   Elapsed: 705.99s (11m 45s)  99% completed  (99% total)
     Speed:     ev/sec=34191.5   simsec/sec=0.305683   ev/simsec=111853
     Messages:  created: 33178396   present: 2453   in FES: 162
** Event #25039104   t=497.339522948192   Elapsed: 707.996s (11m 47s)  99% completed  (99% total)
     Speed:     ev/sec=34841.2   simsec/sec=0.325844   ev/simsec=106926
     Messages:  created: 33272962   present: 2395   in FES: 155
** Event #25106688   t=497.924730261173   Elapsed: 710.166s (11m 50s)  99% completed  (99% total)
     Speed:     ev/sec=31143.7   simsec/sec=0.269672   ev/simsec=115487
     Messages:  created: 33365581   present: 2421   in FES: 142
** Event #25174528   t=498.277626015219   Elapsed: 712.17s (11m 52s)  99% completed  (99% total)
     Speed:     ev/sec=33856.2   simsec/sec=0.176116   ev/simsec=192238
     Messages:  created: 33455716   present: 1568   in FES: 162
** Event #25247488   t=498.538758228184   Elapsed: 714.173s (11m 54s)  99% completed  (99% total)
     Speed:     ev/sec=36420.1   simsec/sec=0.130352   ev/simsec=279399
     Messages:  created: 33556684   present: 1586   in FES: 172
** Event #25320192   t=498.829023817739   Elapsed: 716.177s (11m 56s)  99% completed  (99% total)
     Speed:     ev/sec=36271.7   simsec/sec=0.144812   ev/simsec=250474
     Messages:  created: 33657623   present: 1550   in FES: 165
** Event #25392384   t=499.079270415519   Elapsed: 718.182s (11m 58s)  99% completed  (99% total)
     Speed:     ev/sec=36005.7   simsec/sec=0.12481   ev/simsec=288483
     Messages:  created: 33757346   present: 1516   in FES: 143
** Event #25470208   t=499.351338060476   Elapsed: 720.186s (12m 00s)  99% completed  (99% total)
     Speed:     ev/sec=38846.3   simsec/sec=0.135804   ev/simsec=286047
     Messages:  created: 33864846   present: 1550   in FES: 153
** Event #25536256   t=499.571662196313   Elapsed: 722.188s (12m 02s)  99% completed  (99% total)
     Speed:     ev/sec=32977.9   simsec/sec=0.110008   ev/simsec=299777
     Messages:  created: 33956542   present: 1598   in FES: 160
** Event #25604096   t=499.8135556058   Elapsed: 724.195s (12m 04s)  99% completed  (99% total)
     Speed:     ev/sec=33805.7   simsec/sec=0.120539   ev/simsec=280454
     Messages:  created: 34050690   present: 1544   in FES: 160
** Event #25655454   t=500   Elapsed: 725.702s (12m 05s)  100% completed  (100% total)
     Speed:     ev/sec=34092.4   simsec/sec=0.123768   ev/simsec=275455
     Messages:  created: 34121952   present: 1493   in FES: 132

<!> Simulation time limit reached -- at t=500s, event #25655454
undisposed object: (omnetpp::cMessage) FanetReconNetwork.groundStation.app.debugTimer -- check module destructor
undisposed object: (omnetpp::cMessage) FanetReconNetwork.uav[0].app.debugTimer -- check module destructor
undisposed object: (omnetpp::cMessage) FanetReconNetwork.uav[1].app.debugTimer -- check module destructor
undisposed object: (omnetpp::cMessage) FanetReconNetwork.uav[2].app.debugTimer -- check module destructor
undisposed object: (omnetpp::cMessage) FanetReconNetwork.uav[3].app.debugTimer -- check module destructor
undisposed object: (omnetpp::cMessage) FanetReconNetwork.uav[4].app.debugTimer -- check module destructor
undisposed object: (omnetpp::cMessage) FanetReconNetwork.uav[5].app.debugTimer -- check module destructor
undisposed object: (omnetpp::cMessage) FanetReconNetwork.uav[6].app.debugTimer -- check module destructor
undisposed object: (omnetpp::cMessage) FanetReconNetwork.uav[7].app.debugTimer -- check module destructor
undisposed object: (omnetpp::cMessage) FanetReconNetwork.uav[8].app.debugTimer -- check module destructor
undisposed object: (omnetpp::cMessage) FanetReconNetwork.uav[9].app.debugTimer -- check module destructor
undisposed object: (omnetpp::cMessage) FanetReconNetwork.uav[10].app.debugTimer -- check module destructor
undisposed object: (omnetpp::cMessage) FanetReconNetwork.uav[11].app.debugTimer -- check module destructor
undisposed object: (omnetpp::cMessage) FanetReconNetwork.uav[12].app.debugTimer -- check module destructor
undisposed object: (omnetpp::cMessage) FanetReconNetwork.uav[13].app.debugTimer -- check module destructor
undisposed object: (omnetpp::cMessage) FanetReconNetwork.uav[14].app.debugTimer -- check module destructor
undisposed object: (omnetpp::cMessage) FanetReconNetwork.uav[15].app.debugTimer -- check module destructor
undisposed object: (omnetpp::cMessage) FanetReconNetwork.uav[16].app.debugTimer -- check module destructor
undisposed object: (omnetpp::cMessage) FanetReconNetwork.uav[17].app.debugTimer -- check module destructor
undisposed object: (omnetpp::cMessage) FanetReconNetwork.uav[18].app.debugTimer -- check module destructor
undisposed object: (omnetpp::cMessage) FanetReconNetwork.uav[19].app.debugTimer -- check module destructor
undisposed object: (omnetpp::cMessage) FanetReconNetwork.uav[20].app.debugTimer -- check module destructor
undisposed object: (omnetpp::cMessage) FanetReconNetwork.uav[21].app.debugTimer -- check module destructor
undisposed object: (omnetpp::cMessage) FanetReconNetwork.uav[22].app.debugTimer -- check module destructor
undisposed object: (omnetpp::cMessage) FanetReconNetwork.uav[23].app.debugTimer -- check module destructor
undisposed object: (omnetpp::cMessage) FanetReconNetwork.uav[24].app.debugTimer -- check module destructor
undisposed object: (omnetpp::cMessage) FanetReconNetwork.uav[25].app.debugTimer -- check module destructor
undisposed object: (omnetpp::cMessage) FanetReconNetwork.uav[26].app.debugTimer -- check module destructor
undisposed object: (omnetpp::cMessage) FanetReconNetwork.uav[27].app.debugTimer -- check module destructor
undisposed object: (omnetpp::cMessage) FanetReconNetwork.uav[28].app.debugTimer -- check module destructor
undisposed object: (omnetpp::cMessage) FanetReconNetwork.uav[29].app.debugTimer -- check module destructor
