** Event #0   t=0   Elapsed: 1.6e-05s (0m 00s)  0% completed  (0% total)
     Speed:     ev/sec=0   simsec/sec=0   ev/simsec=0
     Messages:  created: 418   present: 418   in FES: 66
** Event #111872   t=108.426407915083   Elapsed: 2.00347s (0m 02s)  21% completed  (10% total)
     Speed:     ev/sec=55839.9   simsec/sec=54.1196   ev/simsec=1031.79
     Messages:  created: 110198   present: 552   in FES: 52
** Event #199936   t=110.068223637979   Elapsed: 4.0082s (0m 04s)  22% completed  (11% total)
     Speed:     ev/sec=43928.2   simsec/sec=0.818972   ev/simsec=53638.2
     Messages:  created: 219515   present: 599   in FES: 55
** Event #269056   t=115.485669089443   Elapsed: 6.00972s (0m 06s)  23% completed  (11% total)
     Speed:     ev/sec=34533.8   simsec/sec=2.70667   ev/simsec=12758.8
     Messages:  created: 303792   present: 593   in FES: 56
** Event #336896   t=130.526151442877   Elapsed: 8.01634s (0m 08s)  26% completed  (13% total)
     Speed:     ev/sec=33808.1   simsec/sec=7.49543   ev/simsec=4510.49
     Messages:  created: 381375   present: 757   in FES: 53
** Event #403712   t=151.710022663842   Elapsed: 10.0165s (0m 10s)  30% completed  (15% total)
     Speed:     ev/sec=33404.7   simsec/sec=10.5909   ev/simsec=3154.1
     Messages:  created: 455518   present: 1256   in FES: 44
** Event #467200   t=156.018501154809   Elapsed: 12.0252s (0m 12s)  31% completed  (15% total)
     Speed:     ev/sec=31606.5   simsec/sec=2.14491   ev/simsec=14735.6
     Messages:  created: 533517   present: 1310   in FES: 47
** Event #534272   t=189.051413117763   Elapsed: 14.0268s (0m 14s)  37% completed  (18% total)
     Speed:     ev/sec=33509.5   simsec/sec=16.5034   ev/simsec=2030.46
     Messages:  created: 603236   present: 2212   in FES: 51
** Event #603648   t=229.1   Elapsed: 16.0316s (0m 16s)  45% completed  (22% total)
     Speed:     ev/sec=34604.7   simsec/sec=19.9762   ev/simsec=1732.3
     Messages:  created: 672891   present: 3063   in FES: 42
** Event #665344   t=264.018497986285   Elapsed: 18.0328s (0m 18s)  52% completed  (26% total)
     Speed:     ev/sec=30829.4   simsec/sec=17.4487   ev/simsec=1766.86
     Messages:  created: 735496   present: 4083   in FES: 54
** Event #742400   t=322.030020131499   Elapsed: 20.0353s (0m 20s)  64% completed  (32% total)
     Speed:     ev/sec=38481   simsec/sec=28.9704   ev/simsec=1328.29
     Messages:  created: 809781   present: 5913   in FES: 53
** Event #816384   t=365.051357811783   Elapsed: 22.0389s (0m 22s)  73% completed  (36% total)
     Speed:     ev/sec=36924.8   simsec/sec=21.4716   ev/simsec=1719.7
     Messages:  created: 884458   present: 6673   in FES: 43
** Event #889856   t=414.642291568285   Elapsed: 24.0408s (0m 24s)  82% completed  (41% total)
     Speed:     ev/sec=36702.5   simsec/sec=24.7728   ev/simsec=1481.56
     Messages:  created: 956330   present: 7441   in FES: 56
** Event #947968   t=434.06216891794   Elapsed: 26.0418s (0m 26s)  86% completed  (43% total)
     Speed:     ev/sec=29040.4   simsec/sec=9.70473   ev/simsec=2992.4
     Messages:  created: 1019526   present: 6996   in FES: 51
** Event #1022720   t=464.57053643628   Elapsed: 28.0437s (0m 28s)  92% completed  (46% total)
     Speed:     ev/sec=37340.1   simsec/sec=15.2395   ev/simsec=2450.21
     Messages:  created: 1100019   present: 7724   in FES: 44
** Event #1091840   t=472.812658232683   Elapsed: 30.0489s (0m 30s)  94% completed  (47% total)
     Speed:     ev/sec=34470.7   simsec/sec=4.11041   ev/simsec=8386.19
     Messages:  created: 1176368   present: 5436   in FES: 56
** Event #1153792   t=473.301557369113   Elapsed: 32.0505s (0m 32s)  94% completed  (47% total)
     Speed:     ev/sec=30951.2   simsec/sec=0.244254   ev/simsec=126717
     Messages:  created: 1253845   present: 5315   in FES: 55
** Event #1220608   t=474.785878654342   Elapsed: 34.0552s (0m 34s)  94% completed  (47% total)
     Speed:     ev/sec=33330.9   simsec/sec=0.740447   ev/simsec=45014.5
     Messages:  created: 1336940   present: 5352   in FES: 57
** Event #1275648   t=475.978913858142   Elapsed: 36.0586s (0m 36s)  95% completed  (47% total)
     Speed:     ev/sec=27473.2   simsec/sec=0.595503   ev/simsec=46134.4
     Messages:  created: 1405321   present: 5358   in FES: 57
** Event #1338368   t=476.943702300158   Elapsed: 38.0676s (0m 38s)  95% completed  (47% total)
     Speed:     ev/sec=31218.5   simsec/sec=0.480218   ev/simsec=65009.1
     Messages:  created: 1483582   present: 5368   in FES: 55
** Event #1399296   t=477.989992084154   Elapsed: 40.0749s (0m 40s)  95% completed  (47% total)
     Speed:     ev/sec=30353.8   simsec/sec=0.521253   ev/simsec=58232.4
     Messages:  created: 1559605   present: 5352   in FES: 54
** Event #1462016   t=479.040237355596   Elapsed: 42.0779s (0m 42s)  95% completed  (47% total)
     Speed:     ev/sec=31313.1   simsec/sec=0.524337   ev/simsec=59719.4
     Messages:  created: 1637646   present: 5331   in FES: 48
** Event #1529344   t=480.664008444195   Elapsed: 44.0803s (0m 44s)  96% completed  (48% total)
     Speed:     ev/sec=33622.9   simsec/sec=0.810895   ev/simsec=41464
     Messages:  created: 1717689   present: 4131   in FES: 59
** Event #1587200   t=481.697570092858   Elapsed: 46.0815s (0m 46s)  96% completed  (48% total)
     Speed:     ev/sec=28911.5   simsec/sec=0.516486   ev/simsec=55977.3
     Messages:  created: 1789433   present: 4043   in FES: 57
** Event #1647616   t=482.990898472555   Elapsed: 48.0837s (0m 48s)  96% completed  (48% total)
     Speed:     ev/sec=30174.7   simsec/sec=0.64595   ev/simsec=46713.6
     Messages:  created: 1864575   present: 4024   in FES: 50
** Event #1713664   t=486.19263695198   Elapsed: 50.0839s (0m 50s)  97% completed  (48% total)
     Speed:     ev/sec=33020.5   simsec/sec=1.6007   ev/simsec=20628.8
     Messages:  created: 1945511   present: 4068   in FES: 58
** Event #1782272   t=489.706346326406   Elapsed: 52.0851s (0m 52s)  97% completed  (48% total)
     Speed:     ev/sec=34283.4   simsec/sec=1.7558   ev/simsec=19525.8
     Messages:  created: 2029661   present: 4142   in FES: 56
** Event #1853696   t=491.733016217639   Elapsed: 54.0912s (0m 54s)  98% completed  (49% total)
     Speed:     ev/sec=35602.6   simsec/sec=1.01023   ev/simsec=35242
     Messages:  created: 2116909   present: 3797   in FES: 52
** Event #1911040   t=492.165621854751   Elapsed: 56.0913s (0m 56s)  98% completed  (49% total)
     Speed:     ev/sec=28670.8   simsec/sec=0.216294   ev/simsec=132555
     Messages:  created: 2188453   present: 3790   in FES: 53
** Event #1988096   t=492.755561632907   Elapsed: 58.0919s (0m 58s)  98% completed  (49% total)
     Speed:     ev/sec=38516.7   simsec/sec=0.294883   ev/simsec=130617
     Messages:  created: 2284745   present: 3850   in FES: 69
** Event #2070016   t=493.344429834093   Elapsed: 60.0976s (1m 00s)  98% completed  (49% total)
     Speed:     ev/sec=40843.2   simsec/sec=0.293594   ev/simsec=139114
     Messages:  created: 2387005   present: 3792   in FES: 56
** Event #2140160   t=495.337560219819   Elapsed: 62.1045s (1m 02s)  99% completed  (49% total)
     Speed:     ev/sec=34952.8   simsec/sec=0.993177   ev/simsec=35192.9
     Messages:  created: 2473764   present: 3720   in FES: 55
** Event #2214144   t=499.579194274646   Elapsed: 64.1092s (1m 04s)  99% completed  (49% total)
     Speed:     ev/sec=36905.2   simsec/sec=2.11584   ev/simsec=17442.3
     Messages:  created: 2564321   present: 2285   in FES: 50
** Event #2221475   t=500   Elapsed: 64.3166s (1m 04s)  100% completed  (50% total)
     Speed:     ev/sec=35333.3   simsec/sec=2.02844   ev/simsec=17419
     Messages:  created: 2573297   present: 2218   in FES: 43

<!> Simulation time limit reached -- at t=500s, event #2221475
undisposed object: (omnetpp::cMessage) FanetReconNetwork.groundStation.app.debugTimer -- check module destructor
undisposed object: (omnetpp::cMessage) FanetReconNetwork.uav[0].app.debugTimer -- check module destructor
undisposed object: (omnetpp::cMessage) FanetReconNetwork.uav[1].app.debugTimer -- check module destructor
undisposed object: (omnetpp::cMessage) FanetReconNetwork.uav[2].app.debugTimer -- check module destructor
undisposed object: (omnetpp::cMessage) FanetReconNetwork.uav[3].app.debugTimer -- check module destructor
undisposed object: (omnetpp::cMessage) FanetReconNetwork.uav[4].app.debugTimer -- check module destructor
undisposed object: (omnetpp::cMessage) FanetReconNetwork.uav[5].app.debugTimer -- check module destructor
undisposed object: (omnetpp::cMessage) FanetReconNetwork.uav[6].app.debugTimer -- check module destructor
undisposed object: (omnetpp::cMessage) FanetReconNetwork.uav[7].app.debugTimer -- check module destructor
undisposed object: (omnetpp::cMessage) FanetReconNetwork.uav[8].app.debugTimer -- check module destructor
undisposed object: (omnetpp::cMessage) FanetReconNetwork.uav[9].app.debugTimer -- check module destructor
