** Event #0   t=0   Elapsed: 2e-05s (0m 00s)  0% completed  (0% total)
     Speed:     ev/sec=0   simsec/sec=0   ev/simsec=0
     Messages:  created: 1938   present: 1938   in FES: 306
** Event #117248   t=14.01775370317   Elapsed: 2.00263s (0m 02s)  2% completed  (1% total)
     Speed:     ev/sec=58548   simsec/sec=6.99974   ev/simsec=8364.32
     Messages:  created: 127339   present: 1853   in FES: 204
** Event #208640   t=25.048482940778   Elapsed: 4.01011s (0m 04s)  5% completed  (2% total)
     Speed:     ev/sec=45525.5   simsec/sec=5.49479   ev/simsec=8285.22
     Messages:  created: 225896   present: 1989   in FES: 252
** Event #294400   t=35.095369786923   Elapsed: 6.01307s (0m 06s)  7% completed  (3% total)
     Speed:     ev/sec=42816.8   simsec/sec=5.01604   ev/simsec=8535.98
     Messages:  created: 317688   present: 1987   in FES: 250
** Event #374016   t=45.047362309583   Elapsed: 8.01331s (0m 08s)  9% completed  (4% total)
     Speed:     ev/sec=39803.1   simsec/sec=4.97538   ev/simsec=8000.01
     Messages:  created: 401718   present: 1938   in FES: 235
** Event #454912   t=55.016414031826   Elapsed: 10.0161s (0m 10s)  11% completed  (5% total)
     Speed:     ev/sec=40391.9   simsec/sec=4.97761   ev/simsec=8114.71
     Messages:  created: 487612   present: 1971   in FES: 254
** Event #543744   t=65.092381241566   Elapsed: 12.0184s (0m 12s)  13% completed  (6% total)
     Speed:     ev/sec=44365.5   simsec/sec=5.03225   ev/simsec=8816.23
     Messages:  created: 581898   present: 1996   in FES: 253
** Event #630016   t=76.016416836964   Elapsed: 14.0189s (0m 14s)  15% completed  (7% total)
     Speed:     ev/sec=43124.3   simsec/sec=5.46054   ev/simsec=7897.45
     Messages:  created: 672558   present: 1999   in FES: 254
** Event #710400   t=85.092381440281   Elapsed: 16.0224s (0m 16s)  17% completed  (8% total)
     Speed:     ev/sec=40121.7   simsec/sec=4.53005   ev/simsec=8856.8
     Messages:  created: 757716   present: 1993   in FES: 252
** Event #792320   t=95.087548189621   Elapsed: 18.0257s (0m 18s)  19% completed  (9% total)
     Speed:     ev/sec=40891.9   simsec/sec=4.98927   ev/simsec=8195.96
     Messages:  created: 844870   present: 1990   in FES: 251
** Event #870656   t=100.090725491885   Elapsed: 20.0374s (0m 20s)  20% completed  (10% total)
     Speed:     ev/sec=38941.5   simsec/sec=2.48712   ev/simsec=15657.3
     Messages:  created: 940473   present: 2219   in FES: 305
** Event #944640   t=100.166973565174   Elapsed: 22.0404s (0m 22s)  20% completed  (10% total)
     Speed:     ev/sec=36936.9   simsec/sec=0.0380673   ev/simsec=970306
     Messages:  created: 1044276   present: 2268   in FES: 308
** Event #1013760   t=100.247299338551   Elapsed: 24.0444s (0m 24s)  20% completed  (10% total)
     Speed:     ev/sec=34490.1   simsec/sec=0.0400816   ev/simsec=860496
     Messages:  created: 1142103   present: 2400   in FES: 341
** Event #1081600   t=100.327915742721   Elapsed: 26.0544s (0m 26s)  20% completed  (10% total)
     Speed:     ev/sec=33751.1   simsec/sec=0.0401075   ev/simsec=841516
     Messages:  created: 1237962   present: 2294   in FES: 297
** Event #1143296   t=100.382303463652   Elapsed: 28.0615s (0m 28s)  20% completed  (10% total)
     Speed:     ev/sec=30739.3   simsec/sec=0.0270981   ev/simsec=1.13437e+06
     Messages:  created: 1325448   present: 2560   in FES: 364
** Event #1212416   t=100.433800607541   Elapsed: 30.068s (0m 30s)  20% completed  (10% total)
     Speed:     ev/sec=34448.2   simsec/sec=0.0256653   ev/simsec=1.34221e+06
     Messages:  created: 1423526   present: 2650   in FES: 382
** Event #1279744   t=100.482478337804   Elapsed: 32.0687s (0m 32s)  20% completed  (10% total)
     Speed:     ev/sec=33651.7   simsec/sec=0.02433   ev/simsec=1.38314e+06
     Messages:  created: 1519130   present: 2645   in FES: 397
** Event #1348096   t=100.529305131773   Elapsed: 34.0759s (0m 34s)  20% completed  (10% total)
     Speed:     ev/sec=34054.1   simsec/sec=0.0233299   ev/simsec=1.45968e+06
     Messages:  created: 1616055   present: 2387   in FES: 302
** Event #1419776   t=100.586725616583   Elapsed: 36.0802s (0m 36s)  20% completed  (10% total)
     Speed:     ev/sec=35762.2   simsec/sec=0.0286479   ev/simsec=1.24833e+06
     Messages:  created: 1718042   present: 2555   in FES: 359
** Event #1488128   t=100.648567237581   Elapsed: 38.0814s (0m 38s)  20% completed  (10% total)
     Speed:     ev/sec=34155.4   simsec/sec=0.0309021   ev/simsec=1.10528e+06
     Messages:  created: 1815317   present: 2409   in FES: 309
** Event #1543936   t=100.688992121821   Elapsed: 40.0872s (0m 40s)  20% completed  (10% total)
     Speed:     ev/sec=27823.6   simsec/sec=0.0201542   ev/simsec=1.38054e+06
     Messages:  created: 1894774   present: 2438   in FES: 315
** Event #1614848   t=100.750704067721   Elapsed: 42.0962s (0m 42s)  20% completed  (10% total)
     Speed:     ev/sec=35297   simsec/sec=0.0307176   ev/simsec=1.14908e+06
     Messages:  created: 1995689   present: 2349   in FES: 305
** Event #1685504   t=100.811061612324   Elapsed: 44.0974s (0m 44s)  20% completed  (10% total)
     Speed:     ev/sec=35307.8   simsec/sec=0.0301615   ev/simsec=1.17062e+06
     Messages:  created: 2096437   present: 2446   in FES: 327
** Event #1756928   t=100.861365775406   Elapsed: 46.0998s (0m 46s)  20% completed  (10% total)
     Speed:     ev/sec=35669.4   simsec/sec=0.025122   ev/simsec=1.41984e+06
     Messages:  created: 2198157   present: 2609   in FES: 383
** Event #1826048   t=100.906078415872   Elapsed: 48.1016s (0m 48s)  20% completed  (10% total)
     Speed:     ev/sec=34527.9   simsec/sec=0.0223355   ev/simsec=1.54587e+06
     Messages:  created: 2296482   present: 2530   in FES: 323
** Event #1903616   t=100.954865226063   Elapsed: 50.1034s (0m 50s)  20% completed  (10% total)
     Speed:     ev/sec=38749.2   simsec/sec=0.0243715   ev/simsec=1.58994e+06
     Messages:  created: 2407209   present: 2624   in FES: 332
** Event #1970432   t=100.998967901203   Elapsed: 52.1103s (0m 52s)  20% completed  (10% total)
     Speed:     ev/sec=33292.5   simsec/sec=0.0219751   ev/simsec=1.51501e+06
     Messages:  created: 2502876   present: 2467   in FES: 294
** Event #2041088   t=101.045031487165   Elapsed: 54.1138s (0m 54s)  20% completed  (10% total)
     Speed:     ev/sec=35267.2   simsec/sec=0.0229921   ev/simsec=1.53388e+06
     Messages:  created: 2603722   present: 2765   in FES: 363
** Event #2123520   t=101.123143987141   Elapsed: 56.1207s (0m 56s)  20% completed  (10% total)
     Speed:     ev/sec=41073.5   simsec/sec=0.0389212   ev/simsec=1.0553e+06
     Messages:  created: 2720731   present: 2635   in FES: 353
** Event #2192640   t=101.18579790943   Elapsed: 58.1224s (0m 58s)  20% completed  (10% total)
     Speed:     ev/sec=34530.6   simsec/sec=0.0313004   ev/simsec=1.1032e+06
     Messages:  created: 2819002   present: 2514   in FES: 344
** Event #2274816   t=101.257612566346   Elapsed: 60.1237s (1m 00s)  20% completed  (10% total)
     Speed:     ev/sec=41062   simsec/sec=0.0358846   ev/simsec=1.14428e+06
     Messages:  created: 2935806   present: 2708   in FES: 372
** Event #2342400   t=101.314219944113   Elapsed: 62.1287s (1m 02s)  20% completed  (10% total)
     Speed:     ev/sec=33707.5   simsec/sec=0.0282329   ev/simsec=1.19391e+06
     Messages:  created: 3031930   present: 2488   in FES: 346
** Event #2417408   t=101.380947519013   Elapsed: 64.131s (1m 04s)  20% completed  (10% total)
     Speed:     ev/sec=37460.5   simsec/sec=0.0333251   ev/simsec=1.12409e+06
     Messages:  created: 3138533   present: 2474   in FES: 327
** Event #2494720   t=101.46440435702   Elapsed: 66.1362s (1m 06s)  20% completed  (10% total)
     Speed:     ev/sec=38557.4   simsec/sec=0.041622   ev/simsec=926371
     Messages:  created: 3248520   present: 2419   in FES: 311
** Event #2568704   t=101.531284103629   Elapsed: 68.146s (1m 08s)  20% completed  (10% total)
     Speed:     ev/sec=36811.1   simsec/sec=0.0332764   ev/simsec=1.10622e+06
     Messages:  created: 3353906   present: 2539   in FES: 351
** Event #2642432   t=101.605635034776   Elapsed: 70.15s (1m 10s)  20% completed  (10% total)
     Speed:     ev/sec=36789.9   simsec/sec=0.0371007   ev/simsec=991622
     Messages:  created: 3458707   present: 2384   in FES: 315
** Event #2727680   t=101.674487974435   Elapsed: 72.1587s (1m 12s)  20% completed  (10% total)
     Speed:     ev/sec=42439.6   simsec/sec=0.0342776   ev/simsec=1.23812e+06
     Messages:  created: 3580167   present: 2596   in FES: 377
** Event #2798080   t=101.74108268664   Elapsed: 74.1923s (1m 14s)  20% completed  (10% total)
     Speed:     ev/sec=34618.2   simsec/sec=0.032747   ev/simsec=1.05714e+06
     Messages:  created: 3680160   present: 2357   in FES: 298
** Event #2885888   t=101.825355013911   Elapsed: 76.193s (1m 16s)  20% completed  (10% total)
     Speed:     ev/sec=43888.7   simsec/sec=0.0421214   ev/simsec=1.04196e+06
     Messages:  created: 3805239   present: 2421   in FES: 307
** Event #2957312   t=101.895439422604   Elapsed: 78.2006s (1m 18s)  20% completed  (10% total)
     Speed:     ev/sec=35576.8   simsec/sec=0.0349096   ev/simsec=1.01911e+06
     Messages:  created: 3907265   present: 2279   in FES: 277
** Event #3045888   t=102.012460069188   Elapsed: 80.2103s (1m 20s)  20% completed  (10% total)
     Speed:     ev/sec=44073.9   simsec/sec=0.0582275   ev/simsec=756926
     Messages:  created: 4033730   present: 2402   in FES: 326
** Event #3130368   t=102.123087192993   Elapsed: 82.2126s (1m 22s)  20% completed  (10% total)
     Speed:     ev/sec=42191.2   simsec/sec=0.0552497   ev/simsec=763646
     Messages:  created: 4152924   present: 2300   in FES: 299
** Event #3206400   t=102.22206443228   Elapsed: 84.2159s (1m 24s)  20% completed  (10% total)
     Speed:     ev/sec=37953.5   simsec/sec=0.0494072   ev/simsec=768177
     Messages:  created: 4261218   present: 2255   in FES: 285
** Event #3276800   t=102.321378822916   Elapsed: 86.2197s (1m 26s)  20% completed  (10% total)
     Speed:     ev/sec=35133.1   simsec/sec=0.0495629   ev/simsec=708860
     Messages:  created: 4361707   present: 2214   in FES: 283
** Event #3354880   t=102.438829883175   Elapsed: 88.2207s (1m 28s)  20% completed  (10% total)
     Speed:     ev/sec=39021.8   simsec/sec=0.0586982   ev/simsec=664788
     Messages:  created: 4472768   present: 2142   in FES: 269
** Event #3437824   t=102.599106413   Elapsed: 90.2229s (1m 30s)  20% completed  (10% total)
     Speed:     ev/sec=41425.4   simsec/sec=0.0800482   ev/simsec=517506
     Messages:  created: 4590969   present: 2234   in FES: 290
** Event #3522304   t=102.765129445249   Elapsed: 92.2232s (1m 32s)  20% completed  (10% total)
     Speed:     ev/sec=42233.3   simsec/sec=0.0829984   ev/simsec=508845
     Messages:  created: 4711549   present: 2181   in FES: 282
** Event #3611136   t=102.980509999821   Elapsed: 94.2251s (1m 34s)  20% completed  (10% total)
     Speed:     ev/sec=44374.6   simsec/sec=0.10759   ev/simsec=412442
     Messages:  created: 4837586   present: 2083   in FES: 270
** Event #3677952   t=103.19195346248   Elapsed: 96.2275s (1m 36s)  20% completed  (10% total)
     Speed:     ev/sec=33368.5   simsec/sec=0.105597   ev/simsec=315999
     Messages:  created: 4930575   present: 2055   in FES: 271
** Event #3757056   t=103.609420362949   Elapsed: 98.231s (1m 38s)  20% completed  (10% total)
     Speed:     ev/sec=39481.7   simsec/sec=0.208363   ev/simsec=189486
     Messages:  created: 5042276   present: 2064   in FES: 275
** Event #3845632   t=103.982460065659   Elapsed: 100.239s (1m 40s)  20% completed  (10% total)
     Speed:     ev/sec=44122.3   simsec/sec=0.185822   ev/simsec=237444
     Messages:  created: 5167754   present: 2068   in FES: 263
** Event #3924992   t=104.319576191603   Elapsed: 102.244s (1m 42s)  20% completed  (10% total)
     Speed:     ev/sec=39577.2   simsec/sec=0.168121   ev/simsec=235408
     Messages:  created: 5277749   present: 2062   in FES: 252
** Event #4016384   t=104.84150011224   Elapsed: 104.247s (1m 44s)  20% completed  (10% total)
     Speed:     ev/sec=45610.2   simsec/sec=0.260472   ev/simsec=175106
     Messages:  created: 5406525   present: 2112   in FES: 271
** Event #4089600   t=104.958991473159   Elapsed: 106.252s (1m 46s)  20% completed  (10% total)
     Speed:     ev/sec=36531.8   simsec/sec=0.0586233   ev/simsec=623161
     Messages:  created: 5510251   present: 2350   in FES: 330
** Event #4171008   t=105.103043393703   Elapsed: 108.255s (1m 48s)  21% completed  (10% total)
     Speed:     ev/sec=40629   simsec/sec=0.0718932   ev/simsec=565130
     Messages:  created: 5624166   present: 2245   in FES: 269
** Event #4263680   t=105.257817861469   Elapsed: 110.256s (1m 50s)  21% completed  (10% total)
     Speed:     ev/sec=46330.4   simsec/sec=0.0773779   ev/simsec=598755
     Messages:  created: 5756100   present: 2222   in FES: 275
** Event #4350464   t=105.398216130868   Elapsed: 112.259s (1m 52s)  21% completed  (10% total)
     Speed:     ev/sec=43316.9   simsec/sec=0.0700776   ev/simsec=618127
     Messages:  created: 5879472   present: 2250   in FES: 289
** Event #4442624   t=105.550450032051   Elapsed: 114.262s (1m 54s)  21% completed  (10% total)
     Speed:     ev/sec=46012.9   simsec/sec=0.0760061   ev/simsec=605384
     Messages:  created: 6010387   present: 2221   in FES: 290
** Event #4526336   t=105.655878686963   Elapsed: 116.264s (1m 56s)  21% completed  (10% total)
     Speed:     ev/sec=41816.9   simsec/sec=0.0526651   ev/simsec=794016
     Messages:  created: 6128995   present: 2371   in FES: 307
** Event #4615424   t=105.733429994329   Elapsed: 118.268s (1m 58s)  21% completed  (10% total)
     Speed:     ev/sec=44461.6   simsec/sec=0.0387039   ev/simsec=1.14876e+06
     Messages:  created: 6255407   present: 2596   in FES: 387
** Event #4712192   t=105.843613914038   Elapsed: 120.273s (2m 00s)  21% completed  (10% total)
     Speed:     ev/sec=48247.1   simsec/sec=0.0549361   ev/simsec=878241
     Messages:  created: 6392800   present: 2441   in FES: 305
** Event #4805120   t=105.930117079067   Elapsed: 122.276s (2m 02s)  21% completed  (10% total)
     Speed:     ev/sec=46396   simsec/sec=0.0431882   ev/simsec=1.07427e+06
     Messages:  created: 6524980   present: 2518   in FES: 326
** Event #4900864   t=106.02271166084   Elapsed: 124.278s (2m 04s)  21% completed  (10% total)
     Speed:     ev/sec=47830.3   simsec/sec=0.046257   ev/simsec=1.03401e+06
     Messages:  created: 6660347   present: 2528   in FES: 327
** Event #4992512   t=106.09896948581   Elapsed: 126.28s (2m 06s)  21% completed  (10% total)
     Speed:     ev/sec=45780.8   simsec/sec=0.0380929   ev/simsec=1.20182e+06
     Messages:  created: 6789634   present: 2472   in FES: 286
** Event #5090304   t=106.19315926392   Elapsed: 128.283s (2m 08s)  21% completed  (10% total)
     Speed:     ev/sec=48822.5   simsec/sec=0.0470241   ev/simsec=1.03824e+06
     Messages:  created: 6928300   present: 2678   in FES: 356
** Event #5190144   t=106.291041782616   Elapsed: 130.283s (2m 10s)  21% completed  (10% total)
     Speed:     ev/sec=49907   simsec/sec=0.0489286   ev/simsec=1.02e+06
     Messages:  created: 7070296   present: 2606   in FES: 335
** Event #5296128   t=106.389227346133   Elapsed: 132.289s (2m 12s)  21% completed  (10% total)
     Speed:     ev/sec=52830.8   simsec/sec=0.0489435   ev/simsec=1.07943e+06
     Messages:  created: 7221208   present: 2476   in FES: 301
** Event #5394432   t=106.487850755875   Elapsed: 134.293s (2m 14s)  21% completed  (10% total)
     Speed:     ev/sec=49073.1   simsec/sec=0.0492326   ev/simsec=996761
     Messages:  created: 7360999   present: 2539   in FES: 330
** Event #5501184   t=106.609059194244   Elapsed: 136.295s (2m 16s)  21% completed  (10% total)
     Speed:     ev/sec=53300   simsec/sec=0.060518   ev/simsec=880731
     Messages:  created: 7512863   present: 2518   in FES: 337
** Event #5606400   t=106.753566169466   Elapsed: 138.296s (2m 18s)  21% completed  (10% total)
     Speed:     ev/sec=52586.1   simsec/sec=0.0722234   ev/simsec=728103
     Messages:  created: 7662626   present: 2368   in FES: 307
** Event #5708288   t=106.861073906422   Elapsed: 140.299s (2m 20s)  21% completed  (10% total)
     Speed:     ev/sec=50879.2   simsec/sec=0.0536855   ev/simsec=947727
     Messages:  created: 7807791   present: 2453   in FES: 304
** Event #5808384   t=106.970835133807   Elapsed: 142.302s (2m 22s)  21% completed  (10% total)
     Speed:     ev/sec=49959.8   simsec/sec=0.0547839   ev/simsec=911943
     Messages:  created: 7950034   present: 2617   in FES: 351
** Event #5919232   t=107.092074070195   Elapsed: 144.304s (2m 24s)  21% completed  (10% total)
     Speed:     ev/sec=55383.3   simsec/sec=0.0605749   ev/simsec=914294
     Messages:  created: 8106536   present: 2531   in FES: 302
** Event #6038272   t=107.217876035522   Elapsed: 146.305s (2m 26s)  21% completed  (10% total)
     Speed:     ev/sec=59477.9   simsec/sec=0.0628565   ev/simsec=946249
     Messages:  created: 8275725   present: 2581   in FES: 344
** Event #6151424   t=107.343274903244   Elapsed: 148.306s (2m 28s)  21% completed  (10% total)
     Speed:     ev/sec=56550.2   simsec/sec=0.0626708   ev/simsec=902337
     Messages:  created: 8436971   present: 2490   in FES: 305
** Event #6274816   t=107.459861798983   Elapsed: 150.308s (2m 30s)  21% completed  (10% total)
     Speed:     ev/sec=61644.6   simsec/sec=0.0582449   ev/simsec=1.05837e+06
     Messages:  created: 8612789   present: 2542   in FES: 319
** Event #6394880   t=107.582259350406   Elapsed: 152.309s (2m 32s)  21% completed  (10% total)
     Speed:     ev/sec=60000.8   simsec/sec=0.061167   ev/simsec=980935
     Messages:  created: 8783954   present: 2370   in FES: 266
** Event #6516736   t=107.704117531179   Elapsed: 154.414s (2m 34s)  21% completed  (10% total)
     Speed:     ev/sec=57889   simsec/sec=0.05789   ev/simsec=999982
     Messages:  created: 8957535   present: 2560   in FES: 341
** Event #6638592   t=107.833499228261   Elapsed: 156.418s (2m 36s)  21% completed  (10% total)
     Speed:     ev/sec=60815.8   simsec/sec=0.0645717   ev/simsec=941833
     Messages:  created: 9131239   present: 2389   in FES: 288
** Event #6753536   t=107.990888317097   Elapsed: 158.419s (2m 38s)  21% completed  (10% total)
     Speed:     ev/sec=57429.9   simsec/sec=0.0786369   ev/simsec=730317
     Messages:  created: 9295251   present: 2401   in FES: 279
** Event #6875392   t=108.171915866569   Elapsed: 160.42s (2m 40s)  21% completed  (10% total)
     Speed:     ev/sec=60904.4   simsec/sec=0.0904788   ev/simsec=673135
     Messages:  created: 9467012   present: 2506   in FES: 326
** Event #6987008   t=108.361010875854   Elapsed: 162.422s (2m 42s)  21% completed  (10% total)
     Speed:     ev/sec=55738.1   simsec/sec=0.0944291   ev/simsec=590264
     Messages:  created: 9626114   present: 2282   in FES: 280
** Event #7108608   t=108.543205012679   Elapsed: 164.423s (2m 44s)  21% completed  (10% total)
     Speed:     ev/sec=60780.5   simsec/sec=0.0910679   ev/simsec=667420
     Messages:  created: 9799269   present: 2353   in FES: 291
** Event #7231744   t=108.697877616419   Elapsed: 166.426s (2m 46s)  21% completed  (10% total)
     Speed:     ev/sec=61465.2   simsec/sec=0.0772072   ev/simsec=796107
     Messages:  created: 9974821   present: 2357   in FES: 274
** Event #7356928   t=108.905011955287   Elapsed: 168.427s (2m 48s)  21% completed  (10% total)
     Speed:     ev/sec=62584.6   simsec/sec=0.103555   ev/simsec=604361
     Messages:  created: 10153513   present: 2485   in FES: 320
** Event #7473408   t=109.069186302006   Elapsed: 170.428s (2m 50s)  21% completed  (10% total)
     Speed:     ev/sec=58187.3   simsec/sec=0.0820128   ev/simsec=709490
     Messages:  created: 10318647   present: 2518   in FES: 320
** Event #7596288   t=109.198977912208   Elapsed: 172.433s (2m 52s)  21% completed  (10% total)
     Speed:     ev/sec=61308.5   simsec/sec=0.0647569   ev/simsec=946748
     Messages:  created: 10492823   present: 2508   in FES: 314
** Event #7710976   t=109.321052183376   Elapsed: 174.435s (2m 54s)  21% completed  (10% total)
     Speed:     ev/sec=57267   simsec/sec=0.0609552   ev/simsec=939494
     Messages:  created: 10655299   present: 2571   in FES: 308
** Event #7822848   t=109.440811559581   Elapsed: 176.436s (2m 56s)  21% completed  (10% total)
     Speed:     ev/sec=55930.6   simsec/sec=0.0598739   ev/simsec=934140
     Messages:  created: 10814970   present: 2580   in FES: 300
** Event #7942912   t=109.596713409317   Elapsed: 178.439s (2m 58s)  21% completed  (10% total)
     Speed:     ev/sec=59919.3   simsec/sec=0.0778046   ev/simsec=770126
     Messages:  created: 10986814   present: 2546   in FES: 306
** Event #8068352   t=109.76918060679   Elapsed: 180.44s (3m 00s)  21% completed  (10% total)
     Speed:     ev/sec=62714.1   simsec/sec=0.0862255   ev/simsec=727327
     Messages:  created: 11165384   present: 2431   in FES: 284
** Event #8174080   t=109.919757063398   Elapsed: 182.443s (3m 02s)  21% completed  (10% total)
     Speed:     ev/sec=52759.5   simsec/sec=0.0751395   ev/simsec=702155
     Messages:  created: 11316039   present: 2519   in FES: 321
** Event #8298496   t=110.126373349987   Elapsed: 184.446s (3m 04s)  22% completed  (11% total)
     Speed:     ev/sec=62141.1   simsec/sec=0.103197   ev/simsec=602160
     Messages:  created: 11491461   present: 2280   in FES: 239
** Event #8422144   t=110.330293674781   Elapsed: 186.449s (3m 06s)  22% completed  (11% total)
     Speed:     ev/sec=61734.5   simsec/sec=0.101813   ev/simsec=606354
     Messages:  created: 11667045   present: 2488   in FES: 285
** Event #8547840   t=110.500269025714   Elapsed: 188.45s (3m 08s)  22% completed  (11% total)
     Speed:     ev/sec=62794.8   simsec/sec=0.0849158   ev/simsec=739495
     Messages:  created: 11845704   present: 2412   in FES: 291
** Event #8656896   t=110.672566019565   Elapsed: 190.452s (3m 10s)  22% completed  (11% total)
     Speed:     ev/sec=54491.5   simsec/sec=0.0860909   ev/simsec=632954
     Messages:  created: 12001376   present: 2385   in FES: 266
** Event #8780288   t=110.852850312019   Elapsed: 192.454s (3m 12s)  22% completed  (11% total)
     Speed:     ev/sec=61624.3   simsec/sec=0.0900373   ev/simsec=684430
     Messages:  created: 12176945   present: 2502   in FES: 306
** Event #8905472   t=111.011222752312   Elapsed: 194.457s (3m 14s)  22% completed  (11% total)
     Speed:     ev/sec=62502   simsec/sec=0.0790723   ev/simsec=790441
     Messages:  created: 12354540   present: 2558   in FES: 312
** Event #9021696   t=111.171707597144   Elapsed: 196.46s (3m 16s)  22% completed  (11% total)
     Speed:     ev/sec=58012.3   simsec/sec=0.0801048   ev/simsec=724205
     Messages:  created: 12518681   present: 2640   in FES: 372
** Event #9138432   t=111.332940061618   Elapsed: 198.463s (3m 18s)  22% completed  (11% total)
     Speed:     ev/sec=58283.3   simsec/sec=0.0804993   ev/simsec=724023
     Messages:  created: 12684671   present: 2347   in FES: 276
** Event #9257728   t=111.544823703591   Elapsed: 200.466s (3m 20s)  22% completed  (11% total)
     Speed:     ev/sec=59560.3   simsec/sec=0.105786   ev/simsec=563026
     Messages:  created: 12854911   present: 2371   in FES: 284
** Event #9386240   t=111.779499101244   Elapsed: 202.468s (3m 22s)  22% completed  (11% total)
     Speed:     ev/sec=64186.9   simsec/sec=0.117212   ev/simsec=547616
     Messages:  created: 13038843   present: 2383   in FES: 287
** Event #9502208   t=111.959555657055   Elapsed: 204.47s (3m 24s)  22% completed  (11% total)
     Speed:     ev/sec=57928.1   simsec/sec=0.0899414   ev/simsec=644064
     Messages:  created: 13204436   present: 2456   in FES: 302
** Event #9626880   t=112.110167154782   Elapsed: 206.472s (3m 26s)  22% completed  (11% total)
     Speed:     ev/sec=62268.8   simsec/sec=0.0752245   ev/simsec=827772
     Messages:  created: 13381169   present: 2429   in FES: 301
** Event #9750272   t=112.255070013986   Elapsed: 208.475s (3m 28s)  22% completed  (11% total)
     Speed:     ev/sec=61606.6   simsec/sec=0.0723465   ev/simsec=851550
     Messages:  created: 13557508   present: 2558   in FES: 309
** Event #9861376   t=112.362872825801   Elapsed: 210.476s (3m 30s)  22% completed  (11% total)
     Speed:     ev/sec=55526.6   simsec/sec=0.0538768   ev/simsec=1.03062e+06
     Messages:  created: 13716265   present: 2741   in FES: 361
** Event #9980160   t=112.487025211266   Elapsed: 212.479s (3m 32s)  22% completed  (11% total)
     Speed:     ev/sec=59313.9   simsec/sec=0.0619945   ev/simsec=956760
     Messages:  created: 13886102   present: 2506   in FES: 307
** Event #10097152   t=112.609755642827   Elapsed: 214.485s (3m 34s)  22% completed  (11% total)
     Speed:     ev/sec=58323.5   simsec/sec=0.0611842   ev/simsec=953244
     Messages:  created: 14053243   present: 2600   in FES: 317
** Event #10214144   t=112.724217577045   Elapsed: 216.485s (3m 36s)  22% completed  (11% total)
     Speed:     ev/sec=58495.2   simsec/sec=0.0572302   ev/simsec=1.0221e+06
     Messages:  created: 14220552   present: 2503   in FES: 279
** Event #10328576   t=112.857991254009   Elapsed: 218.489s (3m 38s)  22% completed  (11% total)
     Speed:     ev/sec=57106.6   simsec/sec=0.0667589   ev/simsec=855415
     Messages:  created: 14384241   present: 2591   in FES: 316
** Event #10440448   t=112.987994502236   Elapsed: 220.492s (3m 40s)  22% completed  (11% total)
     Speed:     ev/sec=55847.6   simsec/sec=0.0648989   ev/simsec=860532
     Messages:  created: 14544033   present: 2508   in FES: 275
** Event #10548736   t=113.123468391985   Elapsed: 222.492s (3m 42s)  22% completed  (11% total)
     Speed:     ev/sec=54128.7   simsec/sec=0.0677178   ev/simsec=799327
     Messages:  created: 14697375   present: 2497   in FES: 298
** Event #10658560   t=113.380448613157   Elapsed: 224.494s (3m 44s)  22% completed  (11% total)
     Speed:     ev/sec=54853.3   simsec/sec=0.128353   ev/simsec=427364
     Messages:  created: 14853619   present: 2527   in FES: 286
** Event #10784000   t=113.540485365783   Elapsed: 226.496s (3m 46s)  22% completed  (11% total)
     Speed:     ev/sec=62683.8   simsec/sec=0.0799722   ev/simsec=783820
     Messages:  created: 15033062   present: 2522   in FES: 283
** Event #10900992   t=113.678342108019   Elapsed: 228.496s (3m 48s)  22% completed  (11% total)
     Speed:     ev/sec=58493.2   simsec/sec=0.068925   ev/simsec=848649
     Messages:  created: 15199321   present: 2534   in FES: 293
** Event #11021824   t=113.791099568264   Elapsed: 230.499s (3m 50s)  22% completed  (11% total)
     Speed:     ev/sec=60326.4   simsec/sec=0.0562951   ev/simsec=1.07161e+06
     Messages:  created: 15371267   present: 2624   in FES: 300
** Event #11128832   t=113.904794910071   Elapsed: 232.502s (3m 52s)  22% completed  (11% total)
     Speed:     ev/sec=53420   simsec/sec=0.0567584   ev/simsec=941182
     Messages:  created: 15522478   present: 2570   in FES: 301
** Event #11245312   t=114.046214154377   Elapsed: 234.506s (3m 54s)  22% completed  (11% total)
     Speed:     ev/sec=58115.2   simsec/sec=0.0705581   ev/simsec=823650
     Messages:  created: 15687243   present: 2609   in FES: 310
** Event #11357952   t=114.154252143547   Elapsed: 236.507s (3m 56s)  22% completed  (11% total)
     Speed:     ev/sec=56305.2   simsec/sec=0.0540048   ev/simsec=1.0426e+06
     Messages:  created: 15846562   present: 2623   in FES: 271
** Event #11463168   t=114.261345543099   Elapsed: 238.508s (3m 58s)  22% completed  (11% total)
     Speed:     ev/sec=52569.7   simsec/sec=0.0535077   ev/simsec=982470
     Messages:  created: 15996120   present: 2660   in FES: 316
** Event #11588864   t=114.378105796411   Elapsed: 240.508s (4m 00s)  22% completed  (11% total)
     Speed:     ev/sec=62845.1   simsec/sec=0.0583774   ev/simsec=1.07653e+06
     Messages:  created: 16175029   present: 2688   in FES: 299
** Event #11718656   t=114.526218290817   Elapsed: 242.512s (4m 02s)  22% completed  (11% total)
     Speed:     ev/sec=64777.7   simsec/sec=0.0739213   ev/simsec=876307
     Messages:  created: 16359440   present: 2620   in FES: 295
** Event #11841536   t=114.659931434139   Elapsed: 244.513s (4m 04s)  22% completed  (11% total)
     Speed:     ev/sec=61396.3   simsec/sec=0.0668091   ev/simsec=918982
     Messages:  created: 16534596   present: 2588   in FES: 272
** Event #11967488   t=114.827123119754   Elapsed: 246.514s (4m 06s)  22% completed  (11% total)
     Speed:     ev/sec=62941.1   simsec/sec=0.0835496   ev/simsec=753339
     Messages:  created: 16714279   present: 2558   in FES: 268
** Event #12084992   t=114.958346932501   Elapsed: 248.518s (4m 08s)  22% completed  (11% total)
     Speed:     ev/sec=58649   simsec/sec=0.0654969   ev/simsec=895447
     Messages:  created: 16882257   present: 2618   in FES: 291
** Event #12204544   t=115.060961168613   Elapsed: 250.519s (4m 10s)  23% completed  (11% total)
     Speed:     ev/sec=59752.2   simsec/sec=0.0512867   ev/simsec=1.16506e+06
     Messages:  created: 17053569   present: 2920   in FES: 333
** Event #12320256   t=115.165812359457   Elapsed: 252.519s (4m 12s)  23% completed  (11% total)
     Speed:     ev/sec=57851.3   simsec/sec=0.0524214   ev/simsec=1.10358e+06
     Messages:  created: 17218987   present: 2709   in FES: 299
** Event #12444928   t=115.281348353253   Elapsed: 254.52s (4m 14s)  23% completed  (11% total)
     Speed:     ev/sec=62286.6   simsec/sec=0.0577222   ev/simsec=1.07907e+06
     Messages:  created: 17399021   present: 2823   in FES: 325
** Event #12572928   t=115.415746439527   Elapsed: 256.524s (4m 16s)  23% completed  (11% total)
     Speed:     ev/sec=63892.7   simsec/sec=0.0670864   ev/simsec=952395
     Messages:  created: 17582672   present: 2786   in FES: 319
** Event #12696320   t=115.565442358836   Elapsed: 258.524s (4m 18s)  23% completed  (11% total)
     Speed:     ev/sec=61676.6   simsec/sec=0.0748244   ev/simsec=824284
     Messages:  created: 17759687   present: 2604   in FES: 279
** Event #12803584   t=115.734748435882   Elapsed: 260.528s (4m 20s)  23% completed  (11% total)
     Speed:     ev/sec=53544.4   simsec/sec=0.0845147   ev/simsec=633551
     Messages:  created: 17912090   present: 2803   in FES: 339
** Event #12926208   t=115.871484416596   Elapsed: 262.53s (4m 22s)  23% completed  (11% total)
     Speed:     ev/sec=61252   simsec/sec=0.0683011   ev/simsec=896794
     Messages:  created: 18086765   present: 2637   in FES: 289
** Event #13046016   t=115.993910786261   Elapsed: 264.532s (4m 24s)  23% completed  (11% total)
     Speed:     ev/sec=59841.3   simsec/sec=0.0611491   ev/simsec=978613
     Messages:  created: 18257459   present: 2869   in FES: 344
** Event #13156096   t=116.096704555209   Elapsed: 266.535s (4m 26s)  23% completed  (11% total)
     Speed:     ev/sec=54948   simsec/sec=0.051311   ev/simsec=1.07088e+06
     Messages:  created: 18413324   present: 2715   in FES: 290
** Event #13285120   t=116.241255294607   Elapsed: 268.538s (4m 28s)  23% completed  (11% total)
     Speed:     ev/sec=64429.8   simsec/sec=0.0721832   ev/simsec=892586
     Messages:  created: 18596635   present: 2759   in FES: 333
** Event #13415424   t=116.374231059187   Elapsed: 270.54s (4m 30s)  23% completed  (11% total)
     Speed:     ev/sec=65075.1   simsec/sec=0.0664094   ev/simsec=979908
     Messages:  created: 18781681   present: 2707   in FES: 296
** Event #13536256   t=116.498589301473   Elapsed: 272.542s (4m 32s)  23% completed  (11% total)
     Speed:     ev/sec=60352.2   simsec/sec=0.0621135   ev/simsec=971644
     Messages:  created: 18953032   present: 2622   in FES: 265
** Event #13664768   t=116.64152320084   Elapsed: 274.544s (4m 34s)  23% completed  (11% total)
     Speed:     ev/sec=64207.6   simsec/sec=0.0714131   ev/simsec=899101
     Messages:  created: 19135855   present: 2622   in FES: 290
** Event #13789440   t=116.790077925383   Elapsed: 276.546s (4m 36s)  23% completed  (11% total)
     Speed:     ev/sec=62273.1   simsec/sec=0.0742024   ev/simsec=839233
     Messages:  created: 19313588   present: 2777   in FES: 337
** Event #13910528   t=116.914366654354   Elapsed: 278.547s (4m 38s)  23% completed  (11% total)
     Speed:     ev/sec=60506.9   simsec/sec=0.0621063   ev/simsec=974248
     Messages:  created: 19486658   present: 2831   in FES: 324
** Event #14038784   t=117.065396865754   Elapsed: 280.55s (4m 40s)  23% completed  (11% total)
     Speed:     ev/sec=64035.2   simsec/sec=0.0754058   ev/simsec=849208
     Messages:  created: 19668975   present: 2554   in FES: 234
** Event #14166272   t=117.189383705734   Elapsed: 282.551s (4m 42s)  23% completed  (11% total)
     Speed:     ev/sec=63701   simsec/sec=0.0619516   ev/simsec=1.02824e+06
     Messages:  created: 19851021   present: 2672   in FES: 290
