** Event #0   t=0   Elapsed: 9e-06s (0m 00s)  0% completed  (50% total)
     Speed:     ev/sec=0   simsec/sec=0   ev/simsec=0
     Messages:  created: 418   present: 418   in FES: 66
** Event #74496   t=78.263885757583   Elapsed: 2.00278s (0m 02s)  15% completed  (57% total)
     Speed:     ev/sec=37196.9   simsec/sec=39.0778   ev/simsec=951.869
     Messages:  created: 65452   present: 427   in FES: 54
** Event #144896   t=106.044789179605   Elapsed: 4.00624s (0m 04s)  21% completed  (60% total)
     Speed:     ev/sec=35139.3   simsec/sec=13.8665   ev/simsec=2534.11
     Messages:  created: 141366   present: 575   in FES: 55
** Event #210688   t=109.587377011137   Elapsed: 6.00741s (0m 06s)  21% completed  (60% total)
     Speed:     ev/sec=32876.8   simsec/sec=1.77026   ev/simsec=18571.7
     Messages:  created: 221614   present: 630   in FES: 57
** Event #278528   t=113.330009844921   Elapsed: 8.00878s (0m 08s)  22% completed  (61% total)
     Speed:     ev/sec=33896.8   simsec/sec=1.87003   ev/simsec=18126.3
     Messages:  created: 304262   present: 662   in FES: 54
** Event #345088   t=122.080377266799   Elapsed: 10.0107s (0m 10s)  24% completed  (62% total)
     Speed:     ev/sec=33248.1   simsec/sec=4.37099   ev/simsec=7606.54
     Messages:  created: 382336   present: 756   in FES: 54
** Event #410880   t=140.227990306387   Elapsed: 12.0129s (0m 12s)  28% completed  (64% total)
     Speed:     ev/sec=32860.1   simsec/sec=9.06391   ev/simsec=3625.38
     Messages:  created: 454458   present: 1093   in FES: 54
** Event #471808   t=159.263942783377   Elapsed: 14.0202s (0m 14s)  31% completed  (65% total)
     Speed:     ev/sec=30353   simsec/sec=9.4833   ev/simsec=3200.68
     Messages:  created: 520410   present: 1510   in FES: 49
** Event #535808   t=176.067978531187   Elapsed: 16.0246s (0m 16s)  35% completed  (67% total)
     Speed:     ev/sec=31929.1   simsec/sec=8.38339   ev/simsec=3808.61
     Messages:  created: 591435   present: 1821   in FES: 52
** Event #603392   t=191.98496930518   Elapsed: 18.0263s (0m 18s)  38% completed  (69% total)
     Speed:     ev/sec=33764.5   simsec/sec=7.95202   ev/simsec=4246.03
     Messages:  created: 666823   present: 2073   in FES: 50
** Event #666368   t=207.808792062967   Elapsed: 20.0272s (0m 20s)  41% completed  (70% total)
     Speed:     ev/sec=31473.8   simsec/sec=7.90835   ev/simsec=3979.82
     Messages:  created: 736430   present: 2298   in FES: 54
** Event #732160   t=224.271266000723   Elapsed: 22.0275s (0m 22s)  44% completed  (72% total)
     Speed:     ev/sec=32891   simsec/sec=8.22999   ev/simsec=3996.48
     Messages:  created: 809215   present: 2459   in FES: 56
** Event #783360   t=231.308019332438   Elapsed: 24.0314s (0m 24s)  46% completed  (73% total)
     Speed:     ev/sec=25549.8   simsec/sec=3.51148   ev/simsec=7276.08
     Messages:  created: 869551   present: 2388   in FES: 55
** Event #845312   t=245.973687179792   Elapsed: 26.0372s (0m 26s)  49% completed  (74% total)
     Speed:     ev/sec=30886   simsec/sec=7.31152   ev/simsec=4224.29
     Messages:  created: 939007   present: 2585   in FES: 56
** Event #909056   t=264.280157151399   Elapsed: 28.0385s (0m 28s)  52% completed  (76% total)
     Speed:     ev/sec=31850.9   simsec/sec=9.14718   ev/simsec=3482.05
     Messages:  created: 1008103   present: 2880   in FES: 58
** Event #972800   t=282.326869408974   Elapsed: 30.0403s (0m 30s)  56% completed  (78% total)
     Speed:     ev/sec=31843.4   simsec/sec=9.01525   ev/simsec=3532.17
     Messages:  created: 1077666   present: 3159   in FES: 54
** Event #1037568   t=298.27159183159   Elapsed: 32.0437s (0m 32s)  59% completed  (79% total)
     Speed:     ev/sec=32330.1   simsec/sec=7.95908   ev/simsec=4062.03
     Messages:  created: 1149363   present: 3368   in FES: 43
** Event #1092096   t=306.896921090626   Elapsed: 34.049s (0m 34s)  61% completed  (80% total)
     Speed:     ev/sec=27192   simsec/sec=4.30128   ev/simsec=6321.85
     Messages:  created: 1211549   present: 3538   in FES: 54
** Event #1156352   t=307.387584797539   Elapsed: 36.053s (0m 36s)  61% completed  (80% total)
     Speed:     ev/sec=32063.3   simsec/sec=0.244838   ev/simsec=130957
     Messages:  created: 1291921   present: 3539   in FES: 54
** Event #1216256   t=307.832232111931   Elapsed: 38.0551s (0m 38s)  61% completed  (80% total)
     Speed:     ev/sec=29920.7   simsec/sec=0.222092   ev/simsec=134723
     Messages:  created: 1366589   present: 3438   in FES: 58
** Event #1274880   t=308.28919608314   Elapsed: 40.0611s (0m 40s)  61% completed  (80% total)
     Speed:     ev/sec=29224.8   simsec/sec=0.227802   ev/simsec=128290
     Messages:  created: 1439908   present: 3351   in FES: 51
** Event #1333248   t=308.740994137197   Elapsed: 42.0621s (0m 42s)  61% completed  (80% total)
     Speed:     ev/sec=29168.6   simsec/sec=0.22578   ev/simsec=129190
     Messages:  created: 1513058   present: 3381   in FES: 59
** Event #1385216   t=309.12661915045   Elapsed: 44.0835s (0m 44s)  61% completed  (80% total)
     Speed:     ev/sec=25709.1   simsec/sec=0.190772   ev/simsec=134763
     Messages:  created: 1577987   present: 3340   in FES: 52
** Event #1445888   t=309.57369561316   Elapsed: 46.0866s (0m 46s)  61% completed  (80% total)
     Speed:     ev/sec=30289   simsec/sec=0.223192   ev/simsec=135708
     Messages:  created: 1653951   present: 3279   in FES: 49
** Event #1504512   t=310.320579421762   Elapsed: 48.0951s (0m 48s)  62% completed  (81% total)
     Speed:     ev/sec=29187.8   simsec/sec=0.37186   ev/simsec=78491.5
     Messages:  created: 1727099   present: 3222   in FES: 62
** Event #1563904   t=311.336671621457   Elapsed: 50.0964s (0m 50s)  62% completed  (81% total)
     Speed:     ev/sec=29677.2   simsec/sec=0.507724   ev/simsec=58451.4
     Messages:  created: 1801225   present: 3304   in FES: 60
** Event #1622272   t=312.3466918129   Elapsed: 52.0981s (0m 52s)  62% completed  (81% total)
     Speed:     ev/sec=29159.3   simsec/sec=0.504583   ev/simsec=57788.9
     Messages:  created: 1874059   present: 3297   in FES: 57
** Event #1673216   t=313.258742913256   Elapsed: 54.1057s (0m 54s)  62% completed  (81% total)
     Speed:     ev/sec=25375.8   simsec/sec=0.454303   ev/simsec=55856.5
     Messages:  created: 1937599   present: 3308   in FES: 57
** Event #1733120   t=314.299367834908   Elapsed: 56.1122s (0m 56s)  62% completed  (81% total)
     Speed:     ev/sec=29854.8   simsec/sec=0.518625   ev/simsec=57565.4
     Messages:  created: 2012294   present: 3286   in FES: 47
** Event #1792512   t=315.336221781393   Elapsed: 58.1193s (0m 58s)  63% completed  (81% total)
     Speed:     ev/sec=29589.9   simsec/sec=0.516575   ev/simsec=57281
     Messages:  created: 2086328   present: 3341   in FES: 56
** Event #1855488   t=316.321551688961   Elapsed: 60.1272s (1m 00s)  63% completed  (81% total)
     Speed:     ev/sec=31364.7   simsec/sec=0.490736   ev/simsec=63913.6
     Messages:  created: 2164995   present: 3272   in FES: 53
** Event #1906432   t=317.045183217853   Elapsed: 62.1331s (1m 02s)  63% completed  (81% total)
     Speed:     ev/sec=25397   simsec/sec=0.360751   ev/simsec=70400.5
     Messages:  created: 2228892   present: 3329   in FES: 54
** Event #1965056   t=317.977038973981   Elapsed: 64.134s (1m 04s)  63% completed  (81% total)
     Speed:     ev/sec=29298.9   simsec/sec=0.465719   ev/simsec=62911
     Messages:  created: 2302175   present: 3299   in FES: 57
** Event #2024448   t=318.782895782805   Elapsed: 66.1379s (1m 06s)  63% completed  (81% total)
     Speed:     ev/sec=29639   simsec/sec=0.402156   ev/simsec=73700.4
     Messages:  created: 2376424   present: 3319   in FES: 52
** Event #2088704   t=319.780141974892   Elapsed: 68.1433s (1m 08s)  63% completed  (81% total)
     Speed:     ev/sec=32041.4   simsec/sec=0.497279   ev/simsec=64433.4
     Messages:  created: 2456668   present: 3315   in FES: 56
** Event #2142464   t=320.578119505187   Elapsed: 70.1474s (1m 10s)  64% completed  (82% total)
     Speed:     ev/sec=26824.7   simsec/sec=0.398167   ev/simsec=67370.3
     Messages:  created: 2523842   present: 3349   in FES: 56
** Event #2203392   t=321.508473834234   Elapsed: 72.1525s (1m 12s)  64% completed  (82% total)
     Speed:     ev/sec=30385.6   simsec/sec=0.46398   ev/simsec=65489
     Messages:  created: 2599978   present: 3373   in FES: 57
** Event #2267136   t=322.486013724964   Elapsed: 74.1555s (1m 14s)  64% completed  (82% total)
     Speed:     ev/sec=31824.5   simsec/sec=0.488042   ev/simsec=65208.6
     Messages:  created: 2679609   present: 3392   in FES: 54
** Event #2330368   t=323.434466727972   Elapsed: 76.3045s (1m 16s)  64% completed  (82% total)
     Speed:     ev/sec=29424   simsec/sec=0.441348   ev/simsec=66668.6
     Messages:  created: 2758612   present: 3319   in FES: 54
** Event #2404096   t=324.493108530954   Elapsed: 78.308s (1m 18s)  64% completed  (82% total)
     Speed:     ev/sec=36800.6   simsec/sec=0.52841   ev/simsec=69644
     Messages:  created: 2850887   present: 3400   in FES: 56
** Event #2475520   t=325.543647292505   Elapsed: 80.3146s (1m 20s)  65% completed  (82% total)
     Speed:     ev/sec=35593.2   simsec/sec=0.523522   ev/simsec=67988
     Messages:  created: 2940226   present: 3398   in FES: 54
** Event #2544128   t=326.748256078048   Elapsed: 82.3199s (1m 22s)  65% completed  (82% total)
     Speed:     ev/sec=34214.3   simsec/sec=0.60073   ev/simsec=56954.6
     Messages:  created: 3025841   present: 3377   in FES: 53
** Event #2621952   t=328.22424913964   Elapsed: 84.3241s (1m 24s)  65% completed  (82% total)
     Speed:     ev/sec=38830.9   simsec/sec=0.736458   ev/simsec=52726.5
     Messages:  created: 3122589   present: 3362   in FES: 54
** Event #2695168   t=329.727507407431   Elapsed: 86.3241s (1m 26s)  65% completed  (82% total)
     Speed:     ev/sec=36606.6   simsec/sec=0.7516   ev/simsec=48704.9
     Messages:  created: 3213617   present: 3399   in FES: 54
** Event #2762752   t=331.047683679866   Elapsed: 88.3266s (1m 28s)  66% completed  (83% total)
     Speed:     ev/sec=33751.2   simsec/sec=0.659292   ev/simsec=51193.2
     Messages:  created: 3297691   present: 3450   in FES: 54
** Event #2828288   t=332.447026309747   Elapsed: 90.3316s (1m 30s)  66% completed  (83% total)
     Speed:     ev/sec=32685.5   simsec/sec=0.69791   ev/simsec=46833.4
     Messages:  created: 3378992   present: 3443   in FES: 56
** Event #2902272   t=333.956741644807   Elapsed: 92.332s (1m 32s)  66% completed  (83% total)
     Speed:     ev/sec=36983.9   simsec/sec=0.754693   ev/simsec=49005.3
     Messages:  created: 3471109   present: 3458   in FES: 52
** Event #2974464   t=335.360554063923   Elapsed: 94.3347s (1m 34s)  67% completed  (83% total)
     Speed:     ev/sec=36047.9   simsec/sec=0.70097   ev/simsec=51425.7
     Messages:  created: 3560653   present: 3388   in FES: 43
** Event #3046912   t=336.603819321788   Elapsed: 96.3411s (1m 36s)  67% completed  (83% total)
     Speed:     ev/sec=36107.9   simsec/sec=0.61964   ev/simsec=58272.4
     Messages:  created: 3651156   present: 3499   in FES: 55
** Event #3110400   t=337.743319230334   Elapsed: 98.3436s (1m 38s)  67% completed  (83% total)
     Speed:     ev/sec=31705.2   simsec/sec=0.569054   ev/simsec=55715.7
     Messages:  created: 3730407   present: 3498   in FES: 61
** Event #3184384   t=339.00279388049   Elapsed: 100.349s (1m 40s)  67% completed  (83% total)
     Speed:     ev/sec=36889.9   simsec/sec=0.628   ev/simsec=58742
     Messages:  created: 3822868   present: 3510   in FES: 56
** Event #3265536   t=340.332949031125   Elapsed: 102.357s (1m 42s)  68% completed  (84% total)
     Speed:     ev/sec=40420.3   simsec/sec=0.662525   ev/simsec=61009.4
     Messages:  created: 3924154   present: 3524   in FES: 61
** Event #3329792   t=341.329960045772   Elapsed: 104.362s (1m 44s)  68% completed  (84% total)
     Speed:     ev/sec=32047.4   simsec/sec=0.497255   ev/simsec=64448.6
     Messages:  created: 4004567   present: 3514   in FES: 47
** Event #3393792   t=342.355373127414   Elapsed: 106.368s (1m 46s)  68% completed  (84% total)
     Speed:     ev/sec=31895.2   simsec/sec=0.511027   ev/simsec=62413.9
     Messages:  created: 4084452   present: 3514   in FES: 45
** Event #3461632   t=343.523532380192   Elapsed: 108.374s (1m 48s)  68% completed  (84% total)
     Speed:     ev/sec=33821   simsec/sec=0.582375   ev/simsec=58074.3
     Messages:  created: 4169192   present: 3525   in FES: 46
** Event #3527936   t=344.601560166576   Elapsed: 110.381s (1m 50s)  68% completed  (84% total)
     Speed:     ev/sec=33046.4   simsec/sec=0.537297   ev/simsec=61504.9
     Messages:  created: 4251974   present: 3535   in FES: 44
** Event #3599104   t=346.077383710587   Elapsed: 112.385s (1m 52s)  69% completed  (84% total)
     Speed:     ev/sec=35513.8   simsec/sec=0.736457   ev/simsec=48222.6
     Messages:  created: 4340498   present: 3556   in FES: 52
** Event #3683072   t=347.831304163018   Elapsed: 114.387s (1m 54s)  69% completed  (84% total)
     Speed:     ev/sec=41942.3   simsec/sec=0.876089   ev/simsec=47874.5
     Messages:  created: 4444912   present: 3575   in FES: 55
** Event #3754240   t=349.322461841885   Elapsed: 116.387s (1m 56s)  69% completed  (84% total)
     Speed:     ev/sec=35571.3   simsec/sec=0.745312   ev/simsec=47726.7
     Messages:  created: 4533214   present: 3537   in FES: 56
** Event #3819264   t=350.733187528881   Elapsed: 118.388s (1m 58s)  70% completed  (85% total)
     Speed:     ev/sec=32505.8   simsec/sec=0.705229   ev/simsec=46092.6
     Messages:  created: 4614061   present: 3599   in FES: 56
** Event #3898624   t=352.326522314381   Elapsed: 120.394s (2m 00s)  70% completed  (85% total)
     Speed:     ev/sec=39547   simsec/sec=0.793997   ev/simsec=49807.5
     Messages:  created: 4712631   present: 3587   in FES: 54
** Event #3972352   t=353.843868179521   Elapsed: 122.398s (2m 02s)  70% completed  (85% total)
     Speed:     ev/sec=36802.7   simsec/sec=0.757412   ev/simsec=48590.1
     Messages:  created: 4804350   present: 3612   in FES: 45
** Event #4044032   t=355.330031211653   Elapsed: 124.399s (2m 04s)  71% completed  (85% total)
     Speed:     ev/sec=35815.7   simsec/sec=0.742578   ev/simsec=48231.6
     Messages:  created: 4893386   present: 3645   in FES: 55
** Event #4117504   t=356.833558015687   Elapsed: 126.404s (2m 06s)  71% completed  (85% total)
     Speed:     ev/sec=36638.8   simsec/sec=0.749774   ev/simsec=48866.4
     Messages:  created: 4984938   present: 3650   in FES: 50
** Event #4195584   t=358.497190635705   Elapsed: 128.409s (2m 08s)  71% completed  (85% total)
     Speed:     ev/sec=38959.6   simsec/sec=0.830103   ev/simsec=46933.4
     Messages:  created: 5082066   present: 3679   in FES: 60
** Event #4268544   t=360.022697740176   Elapsed: 130.412s (2m 10s)  72% completed  (86% total)
     Speed:     ev/sec=36416.7   simsec/sec=0.76143   ev/simsec=47826.7
     Messages:  created: 5172985   present: 3628   in FES: 55
** Event #4331264   t=361.320750232287   Elapsed: 132.412s (2m 12s)  72% completed  (86% total)
     Speed:     ev/sec=31357.2   simsec/sec=0.648968   ev/simsec=48318.5
     Messages:  created: 5250973   present: 3634   in FES: 55
** Event #4395520   t=362.601642953159   Elapsed: 134.415s (2m 14s)  72% completed  (86% total)
     Speed:     ev/sec=32085   simsec/sec=0.639589   ev/simsec=50165
     Messages:  created: 5331166   present: 3718   in FES: 54
** Event #4465152   t=364.077064989275   Elapsed: 136.419s (2m 16s)  72% completed  (86% total)
     Speed:     ev/sec=34744.1   simsec/sec=0.736188   ev/simsec=47194.6
     Messages:  created: 5417924   present: 3732   in FES: 59
** Event #4531712   t=365.491299995716   Elapsed: 138.591s (2m 18s)  73% completed  (86% total)
     Speed:     ev/sec=30645.6   simsec/sec=0.651143   ev/simsec=47064.3
     Messages:  created: 5500810   present: 3758   in FES: 58
** Event #4610560   t=367.067922999058   Elapsed: 140.596s (2m 20s)  73% completed  (86% total)
     Speed:     ev/sec=39319.1   simsec/sec=0.786214   ev/simsec=50010.7
     Messages:  created: 5599181   present: 3683   in FES: 45
** Event #4675840   t=368.348003761669   Elapsed: 142.603s (2m 22s)  73% completed  (86% total)
     Speed:     ev/sec=32534.9   simsec/sec=0.63798   ev/simsec=50996.8
     Messages:  created: 5680653   present: 3788   in FES: 56
** Event #4740352   t=369.744673502192   Elapsed: 144.607s (2m 24s)  73% completed  (86% total)
     Speed:     ev/sec=32188.5   simsec/sec=0.696873   ev/simsec=46189.9
     Messages:  created: 5761221   present: 3795   in FES: 56
** Event #4802560   t=370.998944073316   Elapsed: 146.61s (2m 26s)  74% completed  (87% total)
     Speed:     ev/sec=31051.7   simsec/sec=0.62608   ev/simsec=49597
     Messages:  created: 5838968   present: 3835   in FES: 60
** Event #4880384   t=372.541196846144   Elapsed: 148.615s (2m 28s)  74% completed  (87% total)
     Speed:     ev/sec=38819.8   simsec/sec=0.7693   ev/simsec=50461.2
     Messages:  created: 5935951   present: 3835   in FES: 54
** Event #4951808   t=374.00620482949   Elapsed: 150.618s (2m 30s)  74% completed  (87% total)
     Speed:     ev/sec=35656.5   simsec/sec=0.731366   ev/simsec=48753.3
     Messages:  created: 6025237   present: 3854   in FES: 55
** Event #5017600   t=375.321078926516   Elapsed: 152.624s (2m 32s)  75% completed  (87% total)
     Speed:     ev/sec=32805.3   simsec/sec=0.655625   ev/simsec=50036.7
     Messages:  created: 6107097   present: 3791   in FES: 44
** Event #5092352   t=376.834638896354   Elapsed: 154.627s (2m 34s)  75% completed  (87% total)
     Speed:     ev/sec=37321.5   simsec/sec=0.755677   ev/simsec=49388.2
     Messages:  created: 6200453   present: 3898   in FES: 54
** Event #5164544   t=378.300018578273   Elapsed: 156.63s (2m 36s)  75% completed  (87% total)
     Speed:     ev/sec=36036   simsec/sec=0.731472   ev/simsec=49265
     Messages:  created: 6290404   present: 3876   in FES: 50
** Event #5234944   t=379.747760617995   Elapsed: 158.638s (2m 38s)  75% completed  (87% total)
     Speed:     ev/sec=35059.5   simsec/sec=0.720981   ev/simsec=48627.4
     Messages:  created: 6378361   present: 3939   in FES: 55
** Event #5312256   t=381.288548919389   Elapsed: 160.643s (2m 40s)  76% completed  (88% total)
     Speed:     ev/sec=38551.9   simsec/sec=0.76832   ev/simsec=50176.9
     Messages:  created: 6474819   present: 3921   in FES: 48
** Event #5373184   t=382.50422497407   Elapsed: 162.646s (2m 42s)  76% completed  (88% total)
     Speed:     ev/sec=30419.5   simsec/sec=0.606951   ev/simsec=50118.6
     Messages:  created: 6551001   present: 3958   in FES: 57
** Event #5434368   t=383.473923240856   Elapsed: 164.756s (2m 44s)  76% completed  (88% total)
     Speed:     ev/sec=28997.7   simsec/sec=0.459582   ev/simsec=63095.9
     Messages:  created: 6627679   present: 3963   in FES: 46
** Event #5502976   t=384.266618189092   Elapsed: 166.761s (2m 46s)  76% completed  (88% total)
     Speed:     ev/sec=34214.4   simsec/sec=0.395312   ev/simsec=86550.3
     Messages:  created: 6713722   present: 3977   in FES: 56
** Event #5575168   t=385.507972439924   Elapsed: 168.767s (2m 48s)  77% completed  (88% total)
     Speed:     ev/sec=36001.3   simsec/sec=0.619049   ev/simsec=58155.8
     Messages:  created: 6804082   present: 3993   in FES: 61
** Event #5642752   t=386.781599274988   Elapsed: 170.769s (2m 50s)  77% completed  (88% total)
     Speed:     ev/sec=33749.3   simsec/sec=0.636008   ev/simsec=53064.2
     Messages:  created: 6888541   present: 3968   in FES: 44
** Event #5700864   t=387.979506181769   Elapsed: 172.77s (2m 52s)  77% completed  (88% total)
     Speed:     ev/sec=29038.4   simsec/sec=0.59859   ev/simsec=48511.3
     Messages:  created: 6961079   present: 3977   in FES: 57
** Event #5762048   t=389.068972227629   Elapsed: 174.773s (2m 54s)  77% completed  (88% total)
     Speed:     ev/sec=30553.5   simsec/sec=0.544048   ev/simsec=56159.6
     Messages:  created: 7037347   present: 3910   in FES: 44
** Event #5827584   t=390.338461134154   Elapsed: 176.779s (2m 56s)  78% completed  (89% total)
     Speed:     ev/sec=32676   simsec/sec=0.632961   ev/simsec=51623.9
     Messages:  created: 7119078   present: 4009   in FES: 54
** Event #5887744   t=391.485253565098   Elapsed: 178.781s (2m 58s)  78% completed  (89% total)
     Speed:     ev/sec=30045.5   simsec/sec=0.572739   ev/simsec=52459.4
     Messages:  created: 7194220   present: 4032   in FES: 58
** Event #5952512   t=392.518475951939   Elapsed: 180.788s (3m 00s)  78% completed  (89% total)
     Speed:     ev/sec=32271.5   simsec/sec=0.514817   ev/simsec=62685.4
     Messages:  created: 7275312   present: 4021   in FES: 46
** Event #6019328   t=393.597112136881   Elapsed: 182.79s (3m 02s)  78% completed  (89% total)
     Speed:     ev/sec=33370.8   simsec/sec=0.538717   ev/simsec=61944.9
     Messages:  created: 7358997   present: 4050   in FES: 56
** Event #6086912   t=394.773889980546   Elapsed: 184.793s (3m 04s)  78% completed  (89% total)
     Speed:     ev/sec=33750.4   simsec/sec=0.587664   ev/simsec=57431.4
     Messages:  created: 7443602   present: 4064   in FES: 54
** Event #6154752   t=395.975682114481   Elapsed: 186.794s (3m 06s)  79% completed  (89% total)
     Speed:     ev/sec=33903.9   simsec/sec=0.600612   ev/simsec=56449
     Messages:  created: 7528547   present: 4006   in FES: 58
** Event #6220032   t=397.082355399212   Elapsed: 188.796s (3m 08s)  79% completed  (89% total)
     Speed:     ev/sec=32597.1   simsec/sec=0.55261   ev/simsec=58987.6
     Messages:  created: 7609965   present: 4043   in FES: 53
** Event #6286080   t=398.488849901947   Elapsed: 190.853s (3m 10s)  79% completed  (89% total)
     Speed:     ev/sec=32116.4   simsec/sec=0.683919   ev/simsec=46959.3
     Messages:  created: 7692225   present: 4079   in FES: 45
** Event #6356480   t=399.839121673274   Elapsed: 192.857s (3m 12s)  79% completed  (89% total)
     Speed:     ev/sec=35119.9   simsec/sec=0.673599   ev/simsec=52137.7
     Messages:  created: 7780142   present: 4084   in FES: 60
** Event #6428672   t=401.289504795569   Elapsed: 194.857s (3m 14s)  80% completed  (90% total)
     Speed:     ev/sec=36093.7   simsec/sec=0.725146   ev/simsec=49774.4
     Messages:  created: 7870066   present: 4098   in FES: 54
** Event #6496256   t=402.743122919123   Elapsed: 196.863s (3m 16s)  80% completed  (90% total)
     Speed:     ev/sec=33701.3   simsec/sec=0.724858   ev/simsec=46493.6
     Messages:  created: 7954319   present: 4135   in FES: 57
** Event #6555136   t=403.787534823362   Elapsed: 198.868s (3m 18s)  80% completed  (90% total)
     Speed:     ev/sec=29364.5   simsec/sec=0.520866   ev/simsec=56376.2
     Messages:  created: 8027915   present: 4107   in FES: 56
** Event #6626560   t=405.01745776141   Elapsed: 200.871s (3m 20s)  81% completed  (90% total)
     Speed:     ev/sec=35658.2   simsec/sec=0.614035   ev/simsec=58071.9
     Messages:  created: 8117316   present: 4119   in FES: 51
** Event #6690816   t=406.079839481255   Elapsed: 202.875s (3m 22s)  81% completed  (90% total)
     Speed:     ev/sec=32060.7   simsec/sec=0.530078   ev/simsec=60483
     Messages:  created: 8197657   present: 4118   in FES: 50
** Event #6758400   t=407.257851224422   Elapsed: 204.879s (3m 24s)  81% completed  (90% total)
     Speed:     ev/sec=33727.3   simsec/sec=0.587878   ev/simsec=57371.2
     Messages:  created: 8282198   present: 4143   in FES: 50
** Event #6823168   t=408.308235179334   Elapsed: 206.892s (3m 26s)  81% completed  (90% total)
     Speed:     ev/sec=32182.3   simsec/sec=0.52192   ev/simsec=61661.3
     Messages:  created: 8363262   present: 4092   in FES: 56
** Event #6887424   t=409.355763546783   Elapsed: 208.898s (3m 28s)  81% completed  (90% total)
     Speed:     ev/sec=32031.3   simsec/sec=0.522187   ev/simsec=61340.6
     Messages:  created: 8443748   present: 4145   in FES: 47
** Event #6949376   t=410.495400407877   Elapsed: 211.117s (3m 31s)  82% completed  (91% total)
     Speed:     ev/sec=27916.6   simsec/sec=0.513539   ev/simsec=54361.2
     Messages:  created: 8521255   present: 4152   in FES: 45
** Event #7012096   t=411.513649633614   Elapsed: 213.121s (3m 33s)  82% completed  (91% total)
     Speed:     ev/sec=31287.8   simsec/sec=0.507952   ev/simsec=61595.9
     Messages:  created: 8599836   present: 4185   in FES: 54
** Event #7084544   t=412.749340740353   Elapsed: 215.128s (3m 35s)  82% completed  (91% total)
     Speed:     ev/sec=36111.4   simsec/sec=0.615926   ev/simsec=58629.5
     Messages:  created: 8690608   present: 4198   in FES: 54
** Event #7155968   t=413.976771946231   Elapsed: 217.135s (3m 37s)  82% completed  (91% total)
     Speed:     ev/sec=35585.4   simsec/sec=0.61154   ev/simsec=58189.8
     Messages:  created: 8779971   present: 4132   in FES: 56
** Event #7213056   t=414.845454061785   Elapsed: 219.139s (3m 39s)  82% completed  (91% total)
     Speed:     ev/sec=28486.6   simsec/sec=0.433467   ev/simsec=65717.9
     Messages:  created: 8851472   present: 4190   in FES: 54
** Event #7275776   t=415.986806341739   Elapsed: 221.145s (3m 41s)  83% completed  (91% total)
     Speed:     ev/sec=31257.6   simsec/sec=0.568813   ev/simsec=54952.4
     Messages:  created: 8929917   present: 4209   in FES: 58
** Event #7342080   t=417.040668345067   Elapsed: 223.15s (3m 43s)  83% completed  (91% total)
     Speed:     ev/sec=33069.9   simsec/sec=0.525627   ev/simsec=62915.3
     Messages:  created: 9012790   present: 4189   in FES: 56
** Event #7396096   t=417.996532252613   Elapsed: 225.157s (3m 45s)  83% completed  (91% total)
     Speed:     ev/sec=26915.6   simsec/sec=0.476297   ev/simsec=56510.1
     Messages:  created: 9080302   present: 4189   in FES: 53
** Event #7463424   t=419.258568110505   Elapsed: 227.159s (3m 47s)  83% completed  (91% total)
     Speed:     ev/sec=33631.7   simsec/sec=0.630412   ev/simsec=53348.7
     Messages:  created: 9164173   present: 4214   in FES: 56
** Event #7534592   t=420.728027453168   Elapsed: 229.165s (3m 49s)  84% completed  (92% total)
     Speed:     ev/sec=35479.9   simsec/sec=0.732581   ev/simsec=48431.4
     Messages:  created: 9252908   present: 4245   in FES: 77
** Event #7605504   t=422.08387351406   Elapsed: 231.168s (3m 51s)  84% completed  (92% total)
     Speed:     ev/sec=35407.9   simsec/sec=0.677004   ev/simsec=52300.9
     Messages:  created: 9341198   present: 4219   in FES: 59
** Event #7672576   t=423.493461972946   Elapsed: 233.175s (3m 53s)  84% completed  (92% total)
     Speed:     ev/sec=33418.4   simsec/sec=0.702323   ev/simsec=47582.7
     Messages:  created: 9424603   present: 4204   in FES: 52
** Event #7742208   t=424.845403060071   Elapsed: 235.175s (3m 55s)  84% completed  (92% total)
     Speed:     ev/sec=34811.8   simsec/sec=0.67589   ev/simsec=51505.2
     Messages:  created: 9511406   present: 4235   in FES: 58
** Event #7818496   t=426.500280973693   Elapsed: 237.183s (3m 57s)  85% completed  (92% total)
     Speed:     ev/sec=37982.2   simsec/sec=0.823929   ev/simsec=46098.9
     Messages:  created: 9606056   present: 4222   in FES: 55
** Event #7881472   t=431.358738422864   Elapsed: 239.227s (3m 59s)  86% completed  (93% total)
     Speed:     ev/sec=30810.7   simsec/sec=2.37698   ev/simsec=12962.1
     Messages:  created: 9680063   present: 4240   in FES: 60
** Event #7949312   t=433.578666883274   Elapsed: 241.23s (4m 01s)  86% completed  (93% total)
     Speed:     ev/sec=33874.3   simsec/sec=1.10847   ev/simsec=30559.5
     Messages:  created: 9763907   present: 4285   in FES: 56
** Event #8028672   t=436.292211578773   Elapsed: 243.235s (4m 03s)  87% completed  (93% total)
     Speed:     ev/sec=39585.6   simsec/sec=1.35355   ev/simsec=29245.9
     Messages:  created: 9861876   present: 4284   in FES: 45
** Event #8102144   t=438.782445166103   Elapsed: 245.236s (4m 05s)  87% completed  (93% total)
     Speed:     ev/sec=36707   simsec/sec=1.24413   ev/simsec=29504.1
     Messages:  created: 9952672   present: 4293   in FES: 54
** Event #8172544   t=441.049919400359   Elapsed: 247.238s (4m 07s)  88% completed  (94% total)
     Speed:     ev/sec=35172.5   simsec/sec=1.13285   ev/simsec=31047.8
     Messages:  created: 10039678   present: 4355   in FES: 55
** Event #8249600   t=443.297859340192   Elapsed: 249.243s (4m 09s)  88% completed  (94% total)
     Speed:     ev/sec=38438.4   simsec/sec=1.12136   ev/simsec=34278.5
     Messages:  created: 10135005   present: 4379   in FES: 54
** Event #8334336   t=445.485826075121   Elapsed: 251.246s (4m 11s)  89% completed  (94% total)
     Speed:     ev/sec=42291.3   simsec/sec=1.092   ev/simsec=38728.2
     Messages:  created: 10240233   present: 4410   in FES: 58
** Event #8391936   t=446.974667079968   Elapsed: 253.247s (4m 13s)  89% completed  (94% total)
     Speed:     ev/sec=28796.1   simsec/sec=0.74432   ev/simsec=38687.8
     Messages:  created: 10311954   present: 4343   in FES: 51
** Event #8455168   t=448.50588027346   Elapsed: 255.25s (4m 15s)  89% completed  (94% total)
     Speed:     ev/sec=31558.7   simsec/sec=0.764218   ev/simsec=41295.4
     Messages:  created: 10390432   present: 4429   in FES: 56
** Event #8524800   t=450.285733735122   Elapsed: 257.253s (4m 17s)  90% completed  (95% total)
     Speed:     ev/sec=34765.6   simsec/sec=0.888638   ev/simsec=39122.3
     Messages:  created: 10476903   present: 4407   in FES: 55
** Event #8602368   t=452.289164588738   Elapsed: 259.255s (4m 19s)  90% completed  (95% total)
     Speed:     ev/sec=38745.3   simsec/sec=1.00072   ev/simsec=38717.6
     Messages:  created: 10573216   present: 4441   in FES: 54
** Event #8666368   t=452.942529682874   Elapsed: 261.261s (4m 21s)  90% completed  (95% total)
     Speed:     ev/sec=31911.1   simsec/sec=0.325775   ev/simsec=97954.4
     Messages:  created: 10651663   present: 3788   in FES: 60
** Event #8745728   t=453.496709309146   Elapsed: 263.267s (4m 23s)  90% completed  (95% total)
     Speed:     ev/sec=39547   simsec/sec=0.276161   ev/simsec=143203
     Messages:  created: 10751184   present: 3800   in FES: 54
** Event #8817408   t=454.005468690078   Elapsed: 265.272s (4m 25s)  90% completed  (95% total)
     Speed:     ev/sec=35763.5   simsec/sec=0.253837   ev/simsec=140892
     Messages:  created: 10841283   present: 3813   in FES: 57
** Event #8882432   t=454.451453957916   Elapsed: 267.274s (4m 27s)  90% completed  (95% total)
     Speed:     ev/sec=32476.3   simsec/sec=0.222748   ev/simsec=145799
     Messages:  created: 10922723   present: 3746   in FES: 49
** Event #8947968   t=455.030804532406   Elapsed: 269.28s (4m 29s)  91% completed  (95% total)
     Speed:     ev/sec=32671.4   simsec/sec=0.288821   ev/simsec=113120
     Messages:  created: 11004841   present: 3631   in FES: 49
** Event #9016320   t=456.731912206049   Elapsed: 271.281s (4m 31s)  91% completed  (95% total)
     Speed:     ev/sec=34159.5   simsec/sec=0.850143   ev/simsec=40180.9
     Messages:  created: 11089792   present: 3695   in FES: 58
** Event #9085440   t=459.075359941578   Elapsed: 273.288s (4m 33s)  91% completed  (95% total)
     Speed:     ev/sec=34436.9   simsec/sec=1.16755   ev/simsec=29495
     Messages:  created: 11175111   present: 3743   in FES: 59
** Event #9157632   t=461.575496238115   Elapsed: 275.288s (4m 35s)  92% completed  (96% total)
     Speed:     ev/sec=36092.6   simsec/sec=1.24995   ev/simsec=28875.2
     Messages:  created: 11264366   present: 3762   in FES: 59
** Event #9237504   t=464.325728789096   Elapsed: 277.29s (4m 37s)  92% completed  (96% total)
     Speed:     ev/sec=39903.9   simsec/sec=1.37401   ev/simsec=29041.9
     Messages:  created: 11363008   present: 3788   in FES: 58
** Event #9308160   t=466.783002073736   Elapsed: 279.295s (4m 39s)  93% completed  (96% total)
     Speed:     ev/sec=35239.1   simsec/sec=1.22555   ev/simsec=28753.8
     Messages:  created: 11450413   present: 3751   in FES: 45
** Event #9370624   t=468.830020097141   Elapsed: 281.296s (4m 41s)  93% completed  (96% total)
     Speed:     ev/sec=31214.5   simsec/sec=1.02294   ev/simsec=30514.6
     Messages:  created: 11527797   present: 3850   in FES: 55
** Event #9436160   t=471.069208693411   Elapsed: 283.3s (4m 43s)  94% completed  (97% total)
     Speed:     ev/sec=32693.2   simsec/sec=1.11704   ev/simsec=29267.7
     Messages:  created: 11608631   present: 3796   in FES: 58
** Event #9513984   t=473.742882554906   Elapsed: 285.303s (4m 45s)  94% completed  (97% total)
     Speed:     ev/sec=38863.2   simsec/sec=1.33516   ev/simsec=29107.5
     Messages:  created: 11704748   present: 3885   in FES: 59
** Event #9584896   t=476.088521075834   Elapsed: 287.304s (4m 47s)  95% completed  (97% total)
     Speed:     ev/sec=35441.1   simsec/sec=1.17233   ev/simsec=30231.4
     Messages:  created: 11792211   present: 2396   in FES: 56
** Event #9655040   t=478.540834038625   Elapsed: 289.307s (4m 49s)  95% completed  (97% total)
     Speed:     ev/sec=35019.6   simsec/sec=1.22432   ev/simsec=28603.2
     Messages:  created: 11878741   present: 2405   in FES: 55
** Event #9718528   t=480.73614190635   Elapsed: 291.314s (4m 51s)  96% completed  (98% total)
     Speed:     ev/sec=31628.6   simsec/sec=1.09366   ev/simsec=28919.9
     Messages:  created: 11957143   present: 2427   in FES: 58
** Event #9794816   t=483.298018003312   Elapsed: 293.316s (4m 53s)  96% completed  (98% total)
     Speed:     ev/sec=38112.7   simsec/sec=1.27989   ev/simsec=29778.2
     Messages:  created: 12051299   present: 2454   in FES: 57
** Event #9865984   t=485.781512150477   Elapsed: 295.316s (4m 55s)  97% completed  (98% total)
     Speed:     ev/sec=35572.8   simsec/sec=1.24136   ev/simsec=28656.4
     Messages:  created: 12139279   present: 2414   in FES: 54
** Event #9927424   t=487.822445347353   Elapsed: 297.317s (4m 57s)  97% completed  (98% total)
     Speed:     ev/sec=30717.4   simsec/sec=1.02038   ev/simsec=30103.9
     Messages:  created: 12215363   present: 2448   in FES: 54
** Event #9983744   t=489.781017574674   Elapsed: 299.361s (4m 59s)  97% completed  (98% total)
     Speed:     ev/sec=27542.4   simsec/sec=0.957808   ev/simsec=28755.6
     Messages:  created: 12284961   present: 2457   in FES: 57
** Event #10057728   t=492.289105705782   Elapsed: 301.365s (5m 01s)  98% completed  (99% total)
     Speed:     ev/sec=36915.9   simsec/sec=1.25146   ev/simsec=29498.2
     Messages:  created: 12376309   present: 2519   in FES: 58
** Event #10122240   t=495.29060323513   Elapsed: 303.376s (5m 03s)  99% completed  (99% total)
     Speed:     ev/sec=32081.3   simsec/sec=1.49262   ev/simsec=21493.3
     Messages:  created: 12455275   present: 2569   in FES: 55
** Event #10200832   t=499.085002604219   Elapsed: 305.38s (5m 05s)  99% completed  (99% total)
     Speed:     ev/sec=39227.9   simsec/sec=1.89391   ev/simsec=20712.6
     Messages:  created: 12551289   present: 2621   in FES: 57
** Event #10216993   t=500   Elapsed: 305.82s (5m 05s)  100% completed  (100% total)
     Speed:     ev/sec=36734.3   simsec/sec=2.07994   ev/simsec=17661.3
     Messages:  created: 12570963   present: 2540   in FES: 44

<!> Simulation time limit reached -- at t=500s, event #10216993
undisposed object: (omnetpp::cMessage) FanetReconNetwork.groundStation.app.debugTimer -- check module destructor
undisposed object: (omnetpp::cMessage) FanetReconNetwork.uav[0].app.debugTimer -- check module destructor
undisposed object: (omnetpp::cMessage) FanetReconNetwork.uav[1].app.debugTimer -- check module destructor
undisposed object: (omnetpp::cMessage) FanetReconNetwork.uav[2].app.debugTimer -- check module destructor
undisposed object: (omnetpp::cMessage) FanetReconNetwork.uav[3].app.debugTimer -- check module destructor
undisposed object: (omnetpp::cMessage) FanetReconNetwork.uav[4].app.debugTimer -- check module destructor
undisposed object: (omnetpp::cMessage) FanetReconNetwork.uav[5].app.debugTimer -- check module destructor
undisposed object: (omnetpp::cMessage) FanetReconNetwork.uav[6].app.debugTimer -- check module destructor
undisposed object: (omnetpp::cMessage) FanetReconNetwork.uav[7].app.debugTimer -- check module destructor
undisposed object: (omnetpp::cMessage) FanetReconNetwork.uav[8].app.debugTimer -- check module destructor
undisposed object: (omnetpp::cMessage) FanetReconNetwork.uav[9].app.debugTimer -- check module destructor
