** Event #0   t=0   Elapsed: 2.1e-05s (0m 00s)  0% completed  (0% total)
     Speed:     ev/sec=0   simsec/sec=0   ev/simsec=0
     Messages:  created: 1178   present: 1178   in FES: 186
** Event #104192   t=18.441010664651   Elapsed: 2.00942s (0m 02s)  3% completed  (1% total)
     Speed:     ev/sec=51852.9   simsec/sec=9.17739   ev/simsec=5650.07
     Messages:  created: 115610   present: 1203   in FES: 152
** Event #209920   t=37   Elapsed: 4.01122s (0m 04s)  7% completed  (3% total)
     Speed:     ev/sec=52816.3   simsec/sec=9.27111   ev/simsec=5696.86
     Messages:  created: 230174   present: 1116   in FES: 122
** Event #315904   t=55.071739432323   Elapsed: 6.01571s (0m 06s)  11% completed  (5% total)
     Speed:     ev/sec=52873.2   simsec/sec=9.01561   ev/simsec=5864.63
     Messages:  created: 344969   present: 1305   in FES: 185
** Event #394496   t=68.230121524809   Elapsed: 8.01608s (0m 08s)  13% completed  (6% total)
     Speed:     ev/sec=39288.8   simsec/sec=6.57799   ev/simsec=5972.77
     Messages:  created: 429622   present: 1187   in FES: 154
** Event #453888   t=78.355031477821   Elapsed: 10.0211s (0m 10s)  15% completed  (7% total)
     Speed:     ev/sec=29622.1   simsec/sec=5.04985   ev/simsec=5865.93
     Messages:  created: 493647   present: 1208   in FES: 154
** Event #515840   t=89.080271932578   Elapsed: 12.0234s (0m 12s)  17% completed  (8% total)
     Speed:     ev/sec=30939.4   simsec/sec=5.35629   ev/simsec=5776.28
     Messages:  created: 560644   present: 1222   in FES: 153
** Event #577536   t=100.041380807497   Elapsed: 14.0249s (0m 14s)  20% completed  (10% total)
     Speed:     ev/sec=30825.7   simsec/sec=5.47659   ev/simsec=5628.63
     Messages:  created: 627622   present: 1209   in FES: 154
** Event #642816   t=101.141672422192   Elapsed: 16.0272s (0m 16s)  20% completed  (10% total)
     Speed:     ev/sec=32601.6   simsec/sec=0.549499   ev/simsec=59329.7
     Messages:  created: 715261   present: 1235   in FES: 160
** Event #713216   t=102.351589496648   Elapsed: 18.0291s (0m 18s)  20% completed  (10% total)
     Speed:     ev/sec=35166.7   simsec/sec=0.604386   ev/simsec=58185.8
     Messages:  created: 810338   present: 1264   in FES: 160
** Event #783616   t=103.582248090776   Elapsed: 20.0329s (0m 20s)  20% completed  (10% total)
     Speed:     ev/sec=35134.4   simsec/sec=0.614183   ev/simsec=57205.1
     Messages:  created: 905332   present: 1280   in FES: 155
** Event #861440   t=104.947709932712   Elapsed: 22.0403s (0m 22s)  20% completed  (10% total)
     Speed:     ev/sec=38768.1   simsec/sec=0.680206   ev/simsec=56994.6
     Messages:  created: 1010708   present: 1261   in FES: 161
** Event #937216   t=106.225049537965   Elapsed: 24.044s (0m 24s)  21% completed  (10% total)
     Speed:     ev/sec=37817.7   simsec/sec=0.637485   ev/simsec=59323.3
     Messages:  created: 1112474   present: 1312   in FES: 158
** Event #990720   t=107.104406981329   Elapsed: 26.0505s (0m 26s)  21% completed  (10% total)
     Speed:     ev/sec=26665.8   simsec/sec=0.438262   ev/simsec=60844.4
     Messages:  created: 1184786   present: 1332   in FES: 154
** Event #1058048   t=108.245891162357   Elapsed: 28.0604s (0m 28s)  21% completed  (10% total)
     Speed:     ev/sec=33497.8   simsec/sec=0.567924   ev/simsec=58982.9
     Messages:  created: 1275495   present: 1338   in FES: 140
** Event #1131008   t=109.486725384233   Elapsed: 30.0642s (0m 30s)  21% completed  (10% total)
     Speed:     ev/sec=36410.7   simsec/sec=0.619239   ev/simsec=58799.2
     Messages:  created: 1374105   present: 1356   in FES: 143
** Event #1205760   t=110.781373970966   Elapsed: 32.0746s (0m 32s)  22% completed  (11% total)
     Speed:     ev/sec=37182.3   simsec/sec=0.64397   ev/simsec=57739.2
     Messages:  created: 1475451   present: 1379   in FES: 155
** Event #1283584   t=112.095325282984   Elapsed: 34.0781s (0m 34s)  22% completed  (11% total)
     Speed:     ev/sec=38844.1   simsec/sec=0.655829   ev/simsec=59229
     Messages:  created: 1580430   present: 1358   in FES: 133
** Event #1357312   t=113.336538180776   Elapsed: 36.0841s (0m 36s)  22% completed  (11% total)
     Speed:     ev/sec=36753.9   simsec/sec=0.618753   ev/simsec=59400
     Messages:  created: 1679911   present: 1366   in FES: 128
** Event #1419776   t=114.393085826144   Elapsed: 38.0942s (0m 38s)  22% completed  (11% total)
     Speed:     ev/sec=31075.2   simsec/sec=0.525622   ev/simsec=59120.9
     Messages:  created: 1764145   present: 1407   in FES: 144
** Event #1493760   t=114.772673298026   Elapsed: 40.0966s (0m 40s)  22% completed  (11% total)
     Speed:     ev/sec=36947.3   simsec/sec=0.189564   ev/simsec=194906
     Messages:  created: 1866307   present: 1498   in FES: 160
** Event #1565952   t=115.1065656112   Elapsed: 42.1049s (0m 42s)  23% completed  (11% total)
     Speed:     ev/sec=35946.6   simsec/sec=0.166255   ev/simsec=216213
     Messages:  created: 1965554   present: 1521   in FES: 155
** Event #1637120   t=116.067185486107   Elapsed: 44.1066s (0m 44s)  23% completed  (11% total)
     Speed:     ev/sec=35554.6   simsec/sec=0.479913   ev/simsec=74085.5
     Messages:  created: 2062433   present: 1459   in FES: 153
** Event #1710848   t=117.269408912255   Elapsed: 46.108s (0m 46s)  23% completed  (11% total)
     Speed:     ev/sec=36837.6   simsec/sec=0.600682   ev/simsec=61326.4
     Messages:  created: 2161681   present: 1479   in FES: 159
** Event #1785856   t=118.530770614673   Elapsed: 48.112s (0m 48s)  23% completed  (11% total)
     Speed:     ev/sec=37429   simsec/sec=0.62942   ev/simsec=59465.9
     Messages:  created: 2263058   present: 1486   in FES: 161
** Event #1855744   t=119.740174304619   Elapsed: 50.1215s (0m 50s)  23% completed  (11% total)
     Speed:     ev/sec=34778.5   simsec/sec=0.601838   ev/simsec=57787.2
     Messages:  created: 2357698   present: 1581   in FES: 153
** Event #1921280   t=120.89535941021   Elapsed: 52.1227s (0m 52s)  24% completed  (12% total)
     Speed:     ev/sec=32749   simsec/sec=0.577258   ev/simsec=56732
     Messages:  created: 2446338   present: 1542   in FES: 155
** Event #1995776   t=122.108911186706   Elapsed: 54.1232s (0m 54s)  24% completed  (12% total)
     Speed:     ev/sec=37238.2   simsec/sec=0.606616   ev/simsec=61386.8
     Messages:  created: 2546672   present: 1592   in FES: 156
** Event #2066944   t=123.280668220028   Elapsed: 56.1267s (0m 56s)  24% completed  (12% total)
     Speed:     ev/sec=35522.2   simsec/sec=0.584861   ev/simsec=60736.1
     Messages:  created: 2642814   present: 1511   in FES: 129
** Event #2141952   t=124.640199978499   Elapsed: 58.1314s (0m 58s)  24% completed  (12% total)
     Speed:     ev/sec=37416.4   simsec/sec=0.678178   ev/simsec=55171.9
     Messages:  created: 2743863   present: 1576   in FES: 151
** Event #2217472   t=126   Elapsed: 60.1391s (1m 00s)  25% completed  (12% total)
     Speed:     ev/sec=37614   simsec/sec=0.677272   ev/simsec=55537.6
     Messages:  created: 2845690   present: 1533   in FES: 125
** Event #2287872   t=127.188367435353   Elapsed: 62.144s (1m 02s)  25% completed  (12% total)
     Speed:     ev/sec=35113.9   simsec/sec=0.592731   ev/simsec=59240.9
     Messages:  created: 2939935   present: 1596   in FES: 146
** Event #2359552   t=128.438413332701   Elapsed: 64.3118s (1m 04s)  25% completed  (12% total)
     Speed:     ev/sec=33066.2   simsec/sec=0.576649   ev/simsec=57341.9
     Messages:  created: 3036091   present: 1599   in FES: 133
** Event #2441728   t=129.921626882236   Elapsed: 66.317s (1m 06s)  25% completed  (12% total)
     Speed:     ev/sec=40982.2   simsec/sec=0.739698   ev/simsec=55404
     Messages:  created: 3147025   present: 1665   in FES: 143
** Event #2517248   t=131.228895367307   Elapsed: 68.3182s (1m 08s)  26% completed  (13% total)
     Speed:     ev/sec=37737.7   simsec/sec=0.653248   ev/simsec=57769.3
     Messages:  created: 3248140   present: 1714   in FES: 152
** Event #2588672   t=132.518303409658   Elapsed: 70.3214s (1m 10s)  26% completed  (13% total)
     Speed:     ev/sec=35654.6   simsec/sec=0.643668   ev/simsec=55392.9
     Messages:  created: 3343914   present: 1736   in FES: 161
** Event #2662400   t=134.047268473473   Elapsed: 72.3275s (1m 12s)  26% completed  (13% total)
     Speed:     ev/sec=36750.8   simsec/sec=0.762136   ev/simsec=48220.9
     Messages:  created: 3442970   present: 1721   in FES: 139
** Event #2728448   t=135.349698732293   Elapsed: 74.3323s (1m 14s)  27% completed  (13% total)
     Speed:     ev/sec=32945.4   simsec/sec=0.649664   ev/simsec=50711.4
     Messages:  created: 3531140   present: 1785   in FES: 149
** Event #2798848   t=136.891181022918   Elapsed: 76.3383s (1m 16s)  27% completed  (13% total)
     Speed:     ev/sec=35094.5   simsec/sec=0.768431   ev/simsec=45670.3
     Messages:  created: 3625402   present: 1886   in FES: 152
** Event #2862336   t=138.197702098768   Elapsed: 78.3424s (1m 18s)  27% completed  (13% total)
     Speed:     ev/sec=31678.8   simsec/sec=0.651918   ev/simsec=48593.2
     Messages:  created: 3709796   present: 1923   in FES: 144
** Event #2939136   t=139.850372740933   Elapsed: 80.3491s (1m 20s)  27% completed  (13% total)
     Speed:     ev/sec=38272.3   simsec/sec=0.823587   ev/simsec=46470.2
     Messages:  created: 3812634   present: 2043   in FES: 160
** Event #3008000   t=141.240037959611   Elapsed: 82.3551s (1m 22s)  28% completed  (14% total)
     Speed:     ev/sec=34330   simsec/sec=0.692775   ev/simsec=49554.4
     Messages:  created: 3904497   present: 2149   in FES: 160
** Event #3083008   t=142.949562251948   Elapsed: 84.3563s (1m 24s)  28% completed  (14% total)
     Speed:     ev/sec=37480.6   simsec/sec=0.85423   ev/simsec=43876.5
     Messages:  created: 4005019   present: 2142   in FES: 128
** Event #3152896   t=144.390976084896   Elapsed: 86.3619s (1m 26s)  28% completed  (14% total)
     Speed:     ev/sec=34846.9   simsec/sec=0.718705   ev/simsec=48485.7
     Messages:  created: 4098032   present: 2298   in FES: 155
** Event #3225856   t=146.021749634956   Elapsed: 88.3649s (1m 28s)  29% completed  (14% total)
     Speed:     ev/sec=36425.5   simsec/sec=0.814168   ev/simsec=44739.5
     Messages:  created: 4195973   present: 2420   in FES: 155
** Event #3303168   t=146.625687429506   Elapsed: 90.3668s (1m 30s)  29% completed  (14% total)
     Speed:     ev/sec=38619.3   simsec/sec=0.301682   ev/simsec=128013
     Messages:  created: 4301357   present: 2432   in FES: 160
** Event #3364352   t=146.791528923044   Elapsed: 92.3682s (1m 32s)  29% completed  (14% total)
     Speed:     ev/sec=30570.3   simsec/sec=0.082862   ev/simsec=368931
     Messages:  created: 4386382   present: 2474   in FES: 158
** Event #3437312   t=147.67062038993   Elapsed: 94.3694s (1m 34s)  29% completed  (14% total)
     Speed:     ev/sec=36457.6   simsec/sec=0.439276   ev/simsec=82994.8
     Messages:  created: 4485162   present: 2326   in FES: 157
** Event #3505152   t=149.230192221929   Elapsed: 96.3773s (1m 36s)  29% completed  (14% total)
     Speed:     ev/sec=33786.3   simsec/sec=0.776712   ev/simsec=43499.1
     Messages:  created: 4574847   present: 2415   in FES: 153
** Event #3576832   t=150.054154685437   Elapsed: 98.3793s (1m 38s)  30% completed  (15% total)
     Speed:     ev/sec=35805.4   simsec/sec=0.411583   ev/simsec=86994.3
     Messages:  created: 4672606   present: 2443   in FES: 141
** Event #3651840   t=150.467360274583   Elapsed: 100.382s (1m 40s)  30% completed  (15% total)
     Speed:     ev/sec=37456.7   simsec/sec=0.206342   ev/simsec=181527
     Messages:  created: 4775704   present: 2458   in FES: 149
** Event #3722752   t=151.220433407503   Elapsed: 102.383s (1m 42s)  30% completed  (15% total)
     Speed:     ev/sec=35441   simsec/sec=0.376377   ev/simsec=94163.5
     Messages:  created: 4872506   present: 2487   in FES: 146
** Event #3798272   t=152.006124843142   Elapsed: 104.385s (1m 44s)  30% completed  (15% total)
     Speed:     ev/sec=37710.4   simsec/sec=0.392329   ev/simsec=96119.2
     Messages:  created: 4976132   present: 2558   in FES: 159
** Event #3868672   t=152.466343057372   Elapsed: 106.387s (1m 46s)  30% completed  (15% total)
     Speed:     ev/sec=35168.8   simsec/sec=0.229905   ev/simsec=152971
     Messages:  created: 5071666   present: 2471   in FES: 158
** Event #3941632   t=153.073992345415   Elapsed: 108.39s (1m 48s)  30% completed  (15% total)
     Speed:     ev/sec=36426.5   simsec/sec=0.303379   ev/simsec=120069
     Messages:  created: 5171516   present: 2461   in FES: 155
** Event #4017152   t=153.635378028457   Elapsed: 110.392s (1m 50s)  30% completed  (15% total)
     Speed:     ev/sec=37725.6   simsec/sec=0.280437   ev/simsec=134524
     Messages:  created: 5274623   present: 2517   in FES: 156
** Event #4089344   t=154.23493211962   Elapsed: 112.394s (1m 52s)  30% completed  (15% total)
     Speed:     ev/sec=36056.6   simsec/sec=0.29945   ev/simsec=120409
     Messages:  created: 5372987   present: 2522   in FES: 160
** Event #4163840   t=154.854655517909   Elapsed: 114.397s (1m 54s)  30% completed  (15% total)
     Speed:     ev/sec=37185.4   simsec/sec=0.309341   ev/simsec=120208
     Messages:  created: 5474908   present: 2527   in FES: 146
** Event #4235776   t=155.394055952311   Elapsed: 116.404s (1m 56s)  31% completed  (15% total)
     Speed:     ev/sec=35853.4   simsec/sec=0.268841   ev/simsec=133363
     Messages:  created: 5572844   present: 2585   in FES: 157
** Event #4313088   t=156.086862857125   Elapsed: 118.405s (1m 58s)  31% completed  (15% total)
     Speed:     ev/sec=38627.8   simsec/sec=0.34615   ev/simsec=111592
     Messages:  created: 5678379   present: 2462   in FES: 127
** Event #4376832   t=156.597342162854   Elapsed: 120.409s (2m 00s)  31% completed  (15% total)
     Speed:     ev/sec=31811.3   simsec/sec=0.254753   ev/simsec=124871
     Messages:  created: 5765460   present: 2611   in FES: 159
** Event #4449792   t=157.215136310362   Elapsed: 122.412s (2m 02s)  31% completed  (15% total)
     Speed:     ev/sec=36424   simsec/sec=0.308423   ev/simsec=118098
     Messages:  created: 5864908   present: 2530   in FES: 137
** Event #4520960   t=157.757928136336   Elapsed: 124.419s (2m 04s)  31% completed  (15% total)
     Speed:     ev/sec=35462.3   simsec/sec=0.270468   ev/simsec=131115
     Messages:  created: 5962478   present: 2609   in FES: 144
** Event #4594176   t=158.370333483959   Elapsed: 126.427s (2m 06s)  31% completed  (15% total)
     Speed:     ev/sec=36461.3   simsec/sec=0.304975   ev/simsec=119555
     Messages:  created: 6062060   present: 2627   in FES: 156
** Event #4668672   t=158.996274409791   Elapsed: 128.437s (2m 08s)  31% completed  (15% total)
     Speed:     ev/sec=37064.3   simsec/sec=0.311427   ev/simsec=119014
     Messages:  created: 6164381   present: 2639   in FES: 140
** Event #4741632   t=159.599676022437   Elapsed: 130.441s (2m 10s)  31% completed  (15% total)
     Speed:     ev/sec=36414.3   simsec/sec=0.301157   ev/simsec=120914
     Messages:  created: 6263542   present: 2674   in FES: 154
** Event #4811008   t=160.136867699593   Elapsed: 132.446s (2m 12s)  32% completed  (16% total)
     Speed:     ev/sec=34589.4   simsec/sec=0.267832   ev/simsec=129146
     Messages:  created: 6358225   present: 2693   in FES: 143
** Event #4883968   t=160.730961686892   Elapsed: 134.448s (2m 14s)  32% completed  (16% total)
     Speed:     ev/sec=36448.4   simsec/sec=0.29679   ev/simsec=122809
     Messages:  created: 6458040   present: 2731   in FES: 155
** Event #4955904   t=161.30748246949   Elapsed: 136.451s (2m 16s)  32% completed  (16% total)
     Speed:     ev/sec=35911.7   simsec/sec=0.28781   ev/simsec=124776
     Messages:  created: 6555830   present: 2612   in FES: 126
** Event #5026560   t=161.879163412654   Elapsed: 138.456s (2m 18s)  32% completed  (16% total)
     Speed:     ev/sec=35247.8   simsec/sec=0.285192   ev/simsec=123593
     Messages:  created: 6652659   present: 2765   in FES: 155
** Event #5104128   t=162.494340487453   Elapsed: 140.457s (2m 20s)  32% completed  (16% total)
     Speed:     ev/sec=38766.2   simsec/sec=0.307448   ev/simsec=126091
     Messages:  created: 6758023   present: 2885   in FES: 186
** Event #5177600   t=163.103823426221   Elapsed: 142.461s (2m 22s)  32% completed  (16% total)
     Speed:     ev/sec=36652.1   simsec/sec=0.304045   ev/simsec=120548
     Messages:  created: 6858070   present: 2719   in FES: 131
** Event #5247232   t=163.632110565218   Elapsed: 144.597s (2m 24s)  32% completed  (16% total)
     Speed:     ev/sec=32598.7   simsec/sec=0.247321   ev/simsec=131807
     Messages:  created: 6953217   present: 2811   in FES: 160
** Event #5320704   t=164.238462158527   Elapsed: 146.606s (2m 26s)  32% completed  (16% total)
     Speed:     ev/sec=36582.4   simsec/sec=0.301908   ev/simsec=121171
     Messages:  created: 7053086   present: 2803   in FES: 158
** Event #5392896   t=164.845308255816   Elapsed: 148.612s (2m 28s)  32% completed  (16% total)
     Speed:     ev/sec=35980   simsec/sec=0.302448   ev/simsec=118963
     Messages:  created: 7151742   present: 2818   in FES: 154
** Event #5467648   t=165.405276376561   Elapsed: 150.619s (2m 30s)  33% completed  (16% total)
     Speed:     ev/sec=37247.2   simsec/sec=0.279019   ev/simsec=133493
     Messages:  created: 7253235   present: 2800   in FES: 155
** Event #5544704   t=166.092435395305   Elapsed: 152.62s (2m 32s)  33% completed  (16% total)
     Speed:     ev/sec=38508.1   simsec/sec=0.343402   ev/simsec=112137
     Messages:  created: 7358343   present: 2947   in FES: 187
** Event #5620992   t=166.727468965477   Elapsed: 154.626s (2m 34s)  33% completed  (16% total)
     Speed:     ev/sec=38032.5   simsec/sec=0.316588   ev/simsec=120132
     Messages:  created: 7462221   present: 2896   in FES: 160
** Event #5692160   t=167.339182355257   Elapsed: 156.627s (2m 36s)  33% completed  (16% total)
     Speed:     ev/sec=35558.6   simsec/sec=0.305638   ev/simsec=116342
     Messages:  created: 7558819   present: 2876   in FES: 161
** Event #5757952   t=167.959641485786   Elapsed: 158.63s (2m 38s)  33% completed  (16% total)
     Speed:     ev/sec=32850.5   simsec/sec=0.309801   ev/simsec=106038
     Messages:  created: 7648528   present: 2863   in FES: 161
** Event #5830400   t=168.372407814039   Elapsed: 160.632s (2m 40s)  33% completed  (16% total)
     Speed:     ev/sec=36183.3   simsec/sec=0.206151   ev/simsec=175518
     Messages:  created: 7747689   present: 3025   in FES: 188
** Event #5904128   t=169.180596374085   Elapsed: 162.634s (2m 42s)  33% completed  (16% total)
     Speed:     ev/sec=36825.5   simsec/sec=0.403672   ev/simsec=91226.2
     Messages:  created: 7847756   present: 2897   in FES: 148
** Event #5977600   t=169.74009023563   Elapsed: 164.636s (2m 44s)  33% completed  (16% total)
     Speed:     ev/sec=36701.7   simsec/sec=0.279486   ev/simsec=131319
     Messages:  created: 7948399   present: 2962   in FES: 154
** Event #6050048   t=170.055254687521   Elapsed: 166.639s (2m 46s)  34% completed  (17% total)
     Speed:     ev/sec=36175.3   simsec/sec=0.15737   ev/simsec=229874
     Messages:  created: 8048501   present: 2983   in FES: 148
** Event #6121984   t=170.357659977002   Elapsed: 168.649s (2m 48s)  34% completed  (17% total)
     Speed:     ev/sec=35783.4   simsec/sec=0.150426   ev/simsec=237879
     Messages:  created: 8147353   present: 2991   in FES: 156
** Event #6183936   t=170.614184382197   Elapsed: 170.693s (2m 50s)  34% completed  (17% total)
     Speed:     ev/sec=30310.4   simsec/sec=0.125506   ev/simsec=241505
     Messages:  created: 8232936   present: 2998   in FES: 157
** Event #6254848   t=170.926517515957   Elapsed: 172.698s (2m 52s)  34% completed  (17% total)
     Speed:     ev/sec=35368.6   simsec/sec=0.155782   ev/simsec=227040
     Messages:  created: 8331083   present: 2997   in FES: 155
** Event #6328064   t=171.248125414179   Elapsed: 174.698s (2m 54s)  34% completed  (17% total)
     Speed:     ev/sec=36601.9   simsec/sec=0.160777   ev/simsec=227656
     Messages:  created: 8431645   present: 3049   in FES: 156
** Event #6405632   t=171.568906446923   Elapsed: 176.702s (2m 56s)  34% completed  (17% total)
     Speed:     ev/sec=38712.4   simsec/sec=0.160094   ev/simsec=241810
     Messages:  created: 8538771   present: 2955   in FES: 125
** Event #6476288   t=171.87890025972   Elapsed: 178.706s (2m 58s)  34% completed  (17% total)
     Speed:     ev/sec=35265.5   simsec/sec=0.154723   ev/simsec=227927
     Messages:  created: 8636645   present: 3058   in FES: 156
** Event #6548480   t=172.210256061963   Elapsed: 180.711s (3m 00s)  34% completed  (17% total)
     Speed:     ev/sec=36005.8   simsec/sec=0.165264   ev/simsec=217869
     Messages:  created: 8735749   present: 2982   in FES: 160
** Event #6620416   t=172.515473742045   Elapsed: 182.713s (3m 02s)  34% completed  (17% total)
     Speed:     ev/sec=35928.1   simsec/sec=0.15244   ev/simsec=235688
     Messages:  created: 8834978   present: 3046   in FES: 142
** Event #6681344   t=172.796025331718   Elapsed: 184.717s (3m 04s)  34% completed  (17% total)
     Speed:     ev/sec=30396   simsec/sec=0.139963   ev/simsec=217172
     Messages:  created: 8919349   present: 3061   in FES: 155
** Event #6743040   t=173.047403187478   Elapsed: 186.724s (3m 06s)  34% completed  (17% total)
     Speed:     ev/sec=30740.4   simsec/sec=0.125251   ev/simsec=245431
     Messages:  created: 9004609   present: 3105   in FES: 165
** Event #6817536   t=173.34464478944   Elapsed: 188.729s (3m 08s)  34% completed  (17% total)
     Speed:     ev/sec=37164.1   simsec/sec=0.148286   ev/simsec=250624
     Messages:  created: 9107076   present: 3076   in FES: 156
** Event #6890496   t=173.645358107664   Elapsed: 190.737s (3m 10s)  34% completed  (17% total)
     Speed:     ev/sec=36325.7   simsec/sec=0.149721   ev/simsec=242623
     Messages:  created: 9207939   present: 3092   in FES: 158
** Event #6950912   t=173.92332547312   Elapsed: 192.743s (3m 12s)  34% completed  (17% total)
     Speed:     ev/sec=30128.7   simsec/sec=0.138619   ev/simsec=217349
     Messages:  created: 9291494   present: 3055   in FES: 155
** Event #7021056   t=174.242871697949   Elapsed: 194.75s (3m 14s)  34% completed  (17% total)
     Speed:     ev/sec=34948.1   simsec/sec=0.159209   ev/simsec=219511
     Messages:  created: 9387799   present: 3116   in FES: 154
** Event #7093760   t=174.536130427663   Elapsed: 196.755s (3m 16s)  34% completed  (17% total)
     Speed:     ev/sec=36250.3   simsec/sec=0.146219   ev/simsec=247918
     Messages:  created: 9488328   present: 3140   in FES: 159
** Event #7165952   t=174.844692622902   Elapsed: 198.76s (3m 18s)  34% completed  (17% total)
     Speed:     ev/sec=36005.8   simsec/sec=0.153896   ev/simsec=233963
     Messages:  created: 9588227   present: 3071   in FES: 134
** Event #7225344   t=175.109487297374   Elapsed: 200.761s (3m 20s)  35% completed  (17% total)
     Speed:     ev/sec=29691.5   simsec/sec=0.132377   ev/simsec=224295
     Messages:  created: 9669908   present: 3166   in FES: 157
** Event #7287808   t=175.384127948549   Elapsed: 202.765s (3m 22s)  35% completed  (17% total)
     Speed:     ev/sec=31160.2   simsec/sec=0.137004   ev/simsec=227439
     Messages:  created: 9755918   present: 3102   in FES: 136
** Event #7355904   t=175.685736018235   Elapsed: 204.769s (3m 24s)  35% completed  (17% total)
     Speed:     ev/sec=33979.7   simsec/sec=0.150501   ev/simsec=225776
     Messages:  created: 9850080   present: 3176   in FES: 161
** Event #7432448   t=176.043785217609   Elapsed: 206.776s (3m 26s)  35% completed  (17% total)
     Speed:     ev/sec=38143   simsec/sec=0.178421   ev/simsec=213781
     Messages:  created: 9955817   present: 3152   in FES: 149
** Event #7503104   t=176.339502336105   Elapsed: 208.783s (3m 28s)  35% completed  (17% total)
     Speed:     ev/sec=35206.5   simsec/sec=0.14735   ev/simsec=238931
     Messages:  created: 10053026   present: 3125   in FES: 158
** Event #7575040   t=176.637974935014   Elapsed: 210.785s (3m 30s)  35% completed  (17% total)
     Speed:     ev/sec=35924   simsec/sec=0.149054   ev/simsec=241014
     Messages:  created: 10152327   present: 3110   in FES: 129
** Event #7646720   t=176.993773361632   Elapsed: 212.79s (3m 32s)  35% completed  (17% total)
     Speed:     ev/sec=35758.5   simsec/sec=0.177495   ev/simsec=201462
     Messages:  created: 10251561   present: 3203   in FES: 156
** Event #7708160   t=177.259180860764   Elapsed: 214.792s (3m 34s)  35% completed  (17% total)
     Speed:     ev/sec=30695.8   simsec/sec=0.132599   ev/simsec=231493
     Messages:  created: 10335807   present: 3213   in FES: 155
** Event #7782912   t=177.581963443914   Elapsed: 216.797s (3m 36s)  35% completed  (17% total)
     Speed:     ev/sec=37267.5   simsec/sec=0.160923   ev/simsec=231586
     Messages:  created: 10438960   present: 3089   in FES: 136
** Event #7855360   t=177.888790332317   Elapsed: 218.8s (3m 38s)  35% completed  (17% total)
     Speed:     ev/sec=36183.7   simsec/sec=0.153243   ev/simsec=236120
     Messages:  created: 10539306   present: 3179   in FES: 143
** Event #7927808   t=178.19170190123   Elapsed: 220.805s (3m 40s)  35% completed  (17% total)
     Speed:     ev/sec=36123.6   simsec/sec=0.151036   ev/simsec=239172
     Messages:  created: 10639118   present: 3328   in FES: 185
** Event #8002048   t=178.510813054309   Elapsed: 222.81s (3m 42s)  35% completed  (17% total)
     Speed:     ev/sec=37024.1   simsec/sec=0.159143   ev/simsec=232646
     Messages:  created: 10741413   present: 3189   in FES: 135
** Event #8073984   t=178.810061328092   Elapsed: 224.818s (3m 44s)  35% completed  (17% total)
     Speed:     ev/sec=35837.4   simsec/sec=0.149081   ev/simsec=240389
     Messages:  created: 10841075   present: 3246   in FES: 152
** Event #8138240   t=179.095768767982   Elapsed: 226.822s (3m 46s)  35% completed  (17% total)
     Speed:     ev/sec=32053.9   simsec/sec=0.142524   ev/simsec=224901
     Messages:  created: 10929532   present: 3258   in FES: 156
** Event #8214272   t=179.396258582548   Elapsed: 228.827s (3m 48s)  35% completed  (17% total)
     Speed:     ev/sec=37921.1   simsec/sec=0.14987   ev/simsec=253027
     Messages:  created: 11034324   present: 3282   in FES: 157
** Event #8286720   t=179.687274634826   Elapsed: 230.828s (3m 50s)  35% completed  (17% total)
     Speed:     ev/sec=36203.4   simsec/sec=0.145425   ev/simsec=248948
     Messages:  created: 11134591   present: 3283   in FES: 161
** Event #8364288   t=180.019216666054   Elapsed: 232.833s (3m 52s)  36% completed  (18% total)
     Speed:     ev/sec=38687.1   simsec/sec=0.165556   ev/simsec=233679
     Messages:  created: 11241948   present: 3274   in FES: 149
** Event #8435200   t=180.285032018487   Elapsed: 234.839s (3m 54s)  36% completed  (18% total)
     Speed:     ev/sec=35354.1   simsec/sec=0.132526   ev/simsec=266772
     Messages:  created: 11339473   present: 3319   in FES: 165
** Event #8506368   t=180.566313688716   Elapsed: 236.845s (3m 56s)  36% completed  (18% total)
     Speed:     ev/sec=35489.4   simsec/sec=0.140267   ev/simsec=253013
     Messages:  created: 11437772   present: 3242   in FES: 133
** Event #8576000   t=180.85510168004   Elapsed: 239.092s (3m 59s)  36% completed  (18% total)
     Speed:     ev/sec=30976.7   simsec/sec=0.128471   ev/simsec=241118
     Messages:  created: 11534257   present: 3425   in FES: 185
** Event #8647168   t=181.13564003842   Elapsed: 241.095s (4m 01s)  36% completed  (18% total)
     Speed:     ev/sec=35533.8   simsec/sec=0.140071   ev/simsec=253684
     Messages:  created: 11632064   present: 3342   in FES: 161
** Event #8718592   t=181.434876876179   Elapsed: 243.098s (4m 03s)  36% completed  (18% total)
     Speed:     ev/sec=35657   simsec/sec=0.149388   ev/simsec=238687
     Messages:  created: 11730455   present: 3279   in FES: 138
** Event #8794368   t=181.781912773081   Elapsed: 245.102s (4m 05s)  36% completed  (18% total)
     Speed:     ev/sec=37810.1   simsec/sec=0.173161   ev/simsec=218352
     Messages:  created: 11835331   present: 3399   in FES: 180
** Event #8865536   t=182.080858616129   Elapsed: 247.105s (4m 07s)  36% completed  (18% total)
     Speed:     ev/sec=35537.1   simsec/sec=0.149276   ev/simsec=238063
     Messages:  created: 11933296   present: 3307   in FES: 156
** Event #8943616   t=182.495234236239   Elapsed: 249.111s (4m 09s)  36% completed  (18% total)
     Speed:     ev/sec=38923.8   simsec/sec=0.206571   ev/simsec=188428
     Messages:  created: 12040406   present: 3387   in FES: 160
** Event #9011200   t=182.869767528337   Elapsed: 251.26s (4m 11s)  36% completed  (18% total)
     Speed:     ev/sec=31452.6   simsec/sec=0.174303   ev/simsec=180449
     Messages:  created: 12133766   present: 3397   in FES: 155
** Event #9086208   t=183.272369408196   Elapsed: 253.264s (4m 13s)  36% completed  (18% total)
     Speed:     ev/sec=37433.2   simsec/sec=0.200921   ev/simsec=186308
     Messages:  created: 12236402   present: 3384   in FES: 157
** Event #9155328   t=183.640206272872   Elapsed: 255.268s (4m 15s)  36% completed  (18% total)
     Speed:     ev/sec=34484.4   simsec/sec=0.183516   ev/simsec=187909
     Messages:  created: 12331585   present: 3331   in FES: 133
** Event #9228032   t=184.088095915148   Elapsed: 257.274s (4m 17s)  36% completed  (18% total)
     Speed:     ev/sec=36249   simsec/sec=0.22331   ev/simsec=162326
     Messages:  created: 12431374   present: 3415   in FES: 157
** Event #9301504   t=184.478812097636   Elapsed: 259.277s (4m 19s)  36% completed  (18% total)
     Speed:     ev/sec=36678.9   simsec/sec=0.195054   ev/simsec=188044
     Messages:  created: 12532101   present: 3413   in FES: 158
** Event #9372928   t=184.863268194982   Elapsed: 261.282s (4m 21s)  36% completed  (18% total)
     Speed:     ev/sec=35627.7   simsec/sec=0.191774   ev/simsec=185779
     Messages:  created: 12630760   present: 3428   in FES: 147
** Event #9445632   t=185.25680360543   Elapsed: 263.379s (4m 23s)  37% completed  (18% total)
     Speed:     ev/sec=34668.2   simsec/sec=0.187654   ev/simsec=184746
     Messages:  created: 12730167   present: 3425   in FES: 148
** Event #9520640   t=185.670330603058   Elapsed: 265.381s (4m 25s)  37% completed  (18% total)
     Speed:     ev/sec=37460   simsec/sec=0.206521   ev/simsec=181386
     Messages:  created: 12833520   present: 3476   in FES: 185
** Event #9591296   t=186.090144662308   Elapsed: 267.385s (4m 27s)  37% completed  (18% total)
     Speed:     ev/sec=35264   simsec/sec=0.209527   ev/simsec=168303
     Messages:  created: 12930357   present: 3476   in FES: 156
** Event #9666304   t=186.486775067377   Elapsed: 269.391s (4m 29s)  37% completed  (18% total)
     Speed:     ev/sec=37379.7   simsec/sec=0.197658   ev/simsec=189113
     Messages:  created: 13033455   present: 3463   in FES: 163
** Event #9739776   t=186.882250778601   Elapsed: 271.397s (4m 31s)  37% completed  (18% total)
     Speed:     ev/sec=36629.4   simsec/sec=0.197164   ev/simsec=185781
     Messages:  created: 13134989   present: 3504   in FES: 160
** Event #9810432   t=187.267406760813   Elapsed: 273.401s (4m 33s)  37% completed  (18% total)
     Speed:     ev/sec=35265.2   simsec/sec=0.192236   ev/simsec=183448
     Messages:  created: 13231618   present: 3491   in FES: 162
** Event #9879040   t=187.640256302789   Elapsed: 275.62s (4m 35s)  37% completed  (18% total)
     Speed:     ev/sec=30910.4   simsec/sec=0.167982   ev/simsec=184010
     Messages:  created: 13326008   present: 3465   in FES: 143
** Event #9947904   t=188.072971863697   Elapsed: 277.621s (4m 37s)  37% completed  (18% total)
     Speed:     ev/sec=34414.2   simsec/sec=0.216246   ev/simsec=159144
     Messages:  created: 13420561   present: 3389   in FES: 127
** Event #10019328   t=188.460396510205   Elapsed: 279.627s (4m 39s)  37% completed  (18% total)
     Speed:     ev/sec=35611.6   simsec/sec=0.193168   ev/simsec=184356
     Messages:  created: 13518462   present: 3450   in FES: 162
** Event #10090240   t=188.849929836819   Elapsed: 281.629s (4m 41s)  37% completed  (18% total)
     Speed:     ev/sec=35425.3   simsec/sec=0.194598   ev/simsec=182043
     Messages:  created: 13616391   present: 3491   in FES: 134
** Event #10162944   t=189.248173054226   Elapsed: 283.632s (4m 43s)  37% completed  (18% total)
     Speed:     ev/sec=36299.4   simsec/sec=0.198834   ev/simsec=182562
     Messages:  created: 13715778   present: 3562   in FES: 156
** Event #10232576   t=189.624974803965   Elapsed: 285.632s (4m 45s)  37% completed  (18% total)
     Speed:     ev/sec=34815.9   simsec/sec=0.1884   ev/simsec=184797
     Messages:  created: 13811638   present: 3522   in FES: 132
** Event #10307072   t=190.085790117063   Elapsed: 287.635s (4m 47s)  38% completed  (19% total)
     Speed:     ev/sec=37188.2   simsec/sec=0.230038   ev/simsec=161661
     Messages:  created: 13913880   present: 3569   in FES: 162
** Event #10367744   t=190.381786621208   Elapsed: 289.641s (4m 49s)  38% completed  (19% total)
     Speed:     ev/sec=30239   simsec/sec=0.147525   ev/simsec=204975
     Messages:  created: 13997274   present: 3606   in FES: 160
** Event #10441216   t=190.84435824194   Elapsed: 291.641s (4m 51s)  38% completed  (19% total)
     Speed:     ev/sec=36735.6   simsec/sec=0.231283   ev/simsec=158834
     Messages:  created: 14098494   present: 3519   in FES: 131
** Event #10510848   t=191.22660577069   Elapsed: 293.646s (4m 53s)  38% completed  (19% total)
     Speed:     ev/sec=34736.1   simsec/sec=0.190685   ev/simsec=182165
     Messages:  created: 14193899   present: 3590   in FES: 163
** Event #10582272   t=191.634349714645   Elapsed: 295.648s (4m 55s)  38% completed  (19% total)
     Speed:     ev/sec=35677.4   simsec/sec=0.203674   ev/simsec=175169
     Messages:  created: 14292206   present: 3571   in FES: 135
** Event #10651904   t=192.054093685653   Elapsed: 297.654s (4m 57s)  38% completed  (19% total)
     Speed:     ev/sec=34709.6   simsec/sec=0.209231   ev/simsec=165892
     Messages:  created: 14388057   present: 3484   in FES: 125
** Event #10721536   t=192.398911611543   Elapsed: 299.66s (4m 59s)  38% completed  (19% total)
     Speed:     ev/sec=34702.7   simsec/sec=0.171848   ev/simsec=201938
     Messages:  created: 14483790   present: 3651   in FES: 154
** Event #10787072   t=192.795615650918   Elapsed: 301.662s (5m 01s)  38% completed  (19% total)
     Speed:     ev/sec=32750.1   simsec/sec=0.198244   ev/simsec=165201
     Messages:  created: 14574323   present: 3662   in FES: 161
** Event #10854400   t=193.137547970359   Elapsed: 303.667s (5m 03s)  38% completed  (19% total)
     Speed:     ev/sec=33578.5   simsec/sec=0.170532   ev/simsec=196904
     Messages:  created: 14666766   present: 3677   in FES: 156
** Event #10923008   t=193.520975997638   Elapsed: 305.667s (5m 05s)  38% completed  (19% total)
     Speed:     ev/sec=34293.6   simsec/sec=0.191656   ev/simsec=178933
     Messages:  created: 14761227   present: 3624   in FES: 132
** Event #10996992   t=193.970229114308   Elapsed: 307.669s (5m 07s)  38% completed  (19% total)
     Speed:     ev/sec=36963   simsec/sec=0.224451   ev/simsec=164682
     Messages:  created: 14863582   present: 3678   in FES: 156
** Event #11067136   t=194.354596563729   Elapsed: 309.675s (5m 09s)  38% completed  (19% total)
     Speed:     ev/sec=34957.5   simsec/sec=0.191556   ev/simsec=182492
     Messages:  created: 14959381   present: 3637   in FES: 128
** Event #11137024   t=194.74192175445   Elapsed: 311.676s (5m 11s)  38% completed  (19% total)
     Speed:     ev/sec=34932.1   simsec/sec=0.193597   ev/simsec=180438
     Messages:  created: 15055950   present: 3647   in FES: 136
** Event #11203072   t=195.104937596895   Elapsed: 313.682s (5m 13s)  39% completed  (19% total)
     Speed:     ev/sec=32922.6   simsec/sec=0.180951   ev/simsec=181942
     Messages:  created: 15146733   present: 3715   in FES: 146
** Event #11276288   t=195.497762353595   Elapsed: 315.686s (5m 15s)  39% completed  (19% total)
     Speed:     ev/sec=36530.7   simsec/sec=0.195998   ev/simsec=186383
     Messages:  created: 15247606   present: 3751   in FES: 157
** Event #11346432   t=195.885177998983   Elapsed: 317.69s (5m 17s)  39% completed  (19% total)
     Speed:     ev/sec=35009.7   simsec/sec=0.193364   ev/simsec=181056
     Messages:  created: 15344657   present: 3703   in FES: 146
** Event #11420160   t=196.330964253458   Elapsed: 319.694s (5m 19s)  39% completed  (19% total)
     Speed:     ev/sec=36780.8   simsec/sec=0.22239   ev/simsec=165389
     Messages:  created: 15445635   present: 3704   in FES: 161
** Event #11491072   t=196.718733527406   Elapsed: 321.697s (5m 21s)  39% completed  (19% total)
     Speed:     ev/sec=35405.3   simsec/sec=0.193607   ev/simsec=182872
     Messages:  created: 15543658   present: 3750   in FES: 156
** Event #11565312   t=197.116737154765   Elapsed: 323.703s (5m 23s)  39% completed  (19% total)
     Speed:     ev/sec=37020.5   simsec/sec=0.198469   ev/simsec=186531
     Messages:  created: 15645679   present: 3790   in FES: 151
** Event #11627520   t=197.471261436009   Elapsed: 325.708s (5m 25s)  39% completed  (19% total)
     Speed:     ev/sec=31026.8   simsec/sec=0.176822   ev/simsec=175469
     Messages:  created: 15731198   present: 3787   in FES: 161
** Event #11698176   t=197.862150999198   Elapsed: 327.714s (5m 27s)  39% completed  (19% total)
     Speed:     ev/sec=35216.3   simsec/sec=0.194827   ev/simsec=180757
     Messages:  created: 15828945   present: 3826   in FES: 155
** Event #11769344   t=198.332313873756   Elapsed: 329.717s (5m 29s)  39% completed  (19% total)
     Speed:     ev/sec=35522.7   simsec/sec=0.234677   ev/simsec=151369
     Messages:  created: 15926054   present: 3707   in FES: 135
** Event #11837952   t=198.726614845695   Elapsed: 331.723s (5m 31s)  39% completed  (19% total)
     Speed:     ev/sec=34212.8   simsec/sec=0.196627   ev/simsec=173999
     Messages:  created: 16020761   present: 3825   in FES: 161
** Event #11910656   t=199.145189476821   Elapsed: 333.726s (5m 33s)  39% completed  (19% total)
     Speed:     ev/sec=36289.4   simsec/sec=0.208927   ev/simsec=173694
     Messages:  created: 16120563   present: 3871   in FES: 159
** Event #11981056   t=199.612894486093   Elapsed: 335.732s (5m 35s)  39% completed  (19% total)
     Speed:     ev/sec=35104.8   simsec/sec=0.23322   ev/simsec=150522
     Messages:  created: 16217132   present: 3862   in FES: 155
** Event #12050176   t=200.083798046123   Elapsed: 337.738s (5m 37s)  40% completed  (20% total)
     Speed:     ev/sec=34444.9   simsec/sec=0.234668   ev/simsec=146782
     Messages:  created: 16311924   present: 3840   in FES: 157
** Event #12120064   t=200.47907294011   Elapsed: 339.745s (5m 39s)  40% completed  (20% total)
     Speed:     ev/sec=34827.7   simsec/sec=0.19698   ev/simsec=176809
     Messages:  created: 16407924   present: 3875   in FES: 160
** Event #12190464   t=200.894988133059   Elapsed: 341.749s (5m 41s)  40% completed  (20% total)
     Speed:     ev/sec=35123.3   simsec/sec=0.207505   ev/simsec=169265
     Messages:  created: 16505203   present: 3985   in FES: 186
** Event #12261120   t=201.361824486879   Elapsed: 343.756s (5m 43s)  40% completed  (20% total)
     Speed:     ev/sec=35214.2   simsec/sec=0.232666   ev/simsec=151351
     Messages:  created: 16601724   present: 3928   in FES: 161
** Event #12331008   t=202.620109403972   Elapsed: 345.759s (5m 45s)  40% completed  (20% total)
     Speed:     ev/sec=34883.7   simsec/sec=0.628057   ev/simsec=55542.3
     Messages:  created: 16694846   present: 3799   in FES: 127
** Event #12403200   t=204.548855963639   Elapsed: 347.767s (5m 47s)  40% completed  (20% total)
     Speed:     ev/sec=35959.6   simsec/sec=0.96073   ev/simsec=37429.5
     Messages:  created: 16788719   present: 3853   in FES: 129
** Event #12465408   t=206.209906178048   Elapsed: 349.769s (5m 49s)  41% completed  (20% total)
     Speed:     ev/sec=31074.5   simsec/sec=0.829736   ev/simsec=37451
     Messages:  created: 16869719   present: 3997   in FES: 158
** Event #12534016   t=208.053884953928   Elapsed: 351.774s (5m 51s)  41% completed  (20% total)
     Speed:     ev/sec=34209.9   simsec/sec=0.919459   ev/simsec=37206.5
     Messages:  created: 16959322   present: 3992   in FES: 142
** Event #12605184   t=209.891310598235   Elapsed: 353.776s (5m 53s)  41% completed  (20% total)
     Speed:     ev/sec=35556.9   simsec/sec=0.918014   ev/simsec=38732.5
     Messages:  created: 17052053   present: 4031   in FES: 127
** Event #12681216   t=211.879598484323   Elapsed: 355.777s (5m 55s)  42% completed  (21% total)
     Speed:     ev/sec=38002.4   simsec/sec=0.993789   ev/simsec=38239.9
     Messages:  created: 17150952   present: 4154   in FES: 154
** Event #12754688   t=213.791929016915   Elapsed: 357.781s (5m 57s)  42% completed  (21% total)
     Speed:     ev/sec=36653.8   simsec/sec=0.954025   ev/simsec=38420.1
     Messages:  created: 17246495   present: 4156   in FES: 131
** Event #12819456   t=215.405628627928   Elapsed: 359.786s (5m 59s)  43% completed  (21% total)
     Speed:     ev/sec=32311.3   simsec/sec=0.805039   ev/simsec=40136.3
     Messages:  created: 17330535   present: 4216   in FES: 125
** Event #12893184   t=217.352528067249   Elapsed: 361.789s (6m 01s)  43% completed  (21% total)
     Speed:     ev/sec=36809.4   simsec/sec=0.972009   ev/simsec=37869.4
     Messages:  created: 17426660   present: 4369   in FES: 154
** Event #12964096   t=219.275496163458   Elapsed: 363.791s (6m 03s)  43% completed  (21% total)
     Speed:     ev/sec=35404.1   simsec/sec=0.960076   ev/simsec=36876.3
     Messages:  created: 17518947   present: 4364   in FES: 133
** Event #13033216   t=221.160761762393   Elapsed: 365.795s (6m 05s)  44% completed  (22% total)
     Speed:     ev/sec=34502.4   simsec/sec=0.941063   ev/simsec=36663.3
     Messages:  created: 17608787   present: 4439   in FES: 126
** Event #13104640   t=223.126011516956   Elapsed: 367.802s (6m 07s)  44% completed  (22% total)
     Speed:     ev/sec=35582.3   simsec/sec=0.979057   ev/simsec=36343.5
     Messages:  created: 17701535   present: 4606   in FES: 158
** Event #13175040   t=225.045244382768   Elapsed: 370.068s (6m 10s)  45% completed  (22% total)
     Speed:     ev/sec=31070.3   simsec/sec=0.847034   ev/simsec=36681.3
     Messages:  created: 17793158   present: 4695   in FES: 158
** Event #13244672   t=227.099471688503   Elapsed: 372.069s (6m 12s)  45% completed  (22% total)
     Speed:     ev/sec=34792.8   simsec/sec=1.02643   ev/simsec=33896.9
     Messages:  created: 17882787   present: 4704   in FES: 129
** Event #13316096   t=229.236152406508   Elapsed: 374.073s (6m 14s)  45% completed  (22% total)
     Speed:     ev/sec=35645.6   simsec/sec=1.06635   ev/simsec=33427.5
     Messages:  created: 17974884   present: 4844   in FES: 142
** Event #13390336   t=231.491526719693   Elapsed: 376.074s (6m 16s)  46% completed  (23% total)
     Speed:     ev/sec=37105   simsec/sec=1.12723   ev/simsec=32916.9
     Messages:  created: 18070736   present: 4923   in FES: 143
** Event #13460480   t=233.608797582394   Elapsed: 378.085s (6m 18s)  46% completed  (23% total)
     Speed:     ev/sec=34876.1   simsec/sec=1.05272   ev/simsec=33129.4
     Messages:  created: 18161263   present: 5046   in FES: 157
** Event #13531392   t=235.736616927988   Elapsed: 380.085s (6m 20s)  47% completed  (23% total)
     Speed:     ev/sec=35454.9   simsec/sec=1.06388   ev/simsec=33326.1
     Messages:  created: 18252837   present: 5142   in FES: 160
** Event #13594624   t=237.6438747822   Elapsed: 382.087s (6m 22s)  47% completed  (23% total)
     Speed:     ev/sec=31581.2   simsec/sec=0.95258   ev/simsec=33153.4
     Messages:  created: 18334241   present: 5202   in FES: 163
** Event #13663232   t=239.768312166804   Elapsed: 384.094s (6m 24s)  47% completed  (23% total)
     Speed:     ev/sec=34190.1   simsec/sec=1.05869   ev/simsec=32294.7
     Messages:  created: 18422689   present: 5218   in FES: 130
** Event #13734144   t=241.982832707698   Elapsed: 386.096s (6m 26s)  48% completed  (24% total)
     Speed:     ev/sec=35417   simsec/sec=1.10604   ev/simsec=32021.4
     Messages:  created: 18514347   present: 5354   in FES: 155
** Event #13804544   t=244.108596997434   Elapsed: 388.097s (6m 28s)  48% completed  (24% total)
     Speed:     ev/sec=35188.5   simsec/sec=1.06253   ev/simsec=33117.5
     Messages:  created: 18604417   present: 5461   in FES: 156
** Event #13878528   t=246.36800942037   Elapsed: 390.105s (6m 30s)  49% completed  (24% total)
     Speed:     ev/sec=36833.3   simsec/sec=1.12486   ev/simsec=32744.8
     Messages:  created: 18699743   present: 5564   in FES: 154
** Event #13944064   t=248.394556102203   Elapsed: 392.109s (6m 32s)  49% completed  (24% total)
     Speed:     ev/sec=32706.4   simsec/sec=1.01137   ev/simsec=32338.8
     Messages:  created: 18784184   present: 5630   in FES: 155
** Event #14018560   t=250.744352806409   Elapsed: 394.122s (6m 34s)  50% completed  (25% total)
     Speed:     ev/sec=37019.1   simsec/sec=1.16768   ev/simsec=31703.2
     Messages:  created: 18880364   present: 5731   in FES: 155
** Event #14091776   t=253.040671760204   Elapsed: 396.123s (6m 36s)  50% completed  (25% total)
     Speed:     ev/sec=36580.4   simsec/sec=1.14729   ev/simsec=31884.1
     Messages:  created: 18974806   present: 5767   in FES: 134
** Event #14166272   t=255.28039646754   Elapsed: 398.126s (6m 38s)  51% completed  (25% total)
     Speed:     ev/sec=37198.6   simsec/sec=1.11838   ev/simsec=33261.2
     Messages:  created: 19070505   present: 5825   in FES: 125
** Event #14235392   t=257.380008737319   Elapsed: 400.131s (6m 40s)  51% completed  (25% total)
     Speed:     ev/sec=34466.9   simsec/sec=1.04698   ev/simsec=32920.4
     Messages:  created: 19159511   present: 5913   in FES: 129
** Event #14301696   t=259.359508659621   Elapsed: 402.135s (6m 42s)  51% completed  (25% total)
     Speed:     ev/sec=33083.6   simsec/sec=0.987708   ev/simsec=33495.3
     Messages:  created: 19245050   present: 6098   in FES: 166
** Event #14374400   t=261.555392743817   Elapsed: 404.136s (6m 44s)  52% completed  (26% total)
     Speed:     ev/sec=36340.6   simsec/sec=1.0976   ev/simsec=33109.2
     Messages:  created: 19338507   present: 6069   in FES: 127
** Event #14450688   t=263.903628870091   Elapsed: 406.137s (6m 46s)  52% completed  (26% total)
     Speed:     ev/sec=38124.2   simsec/sec=1.17351   ev/simsec=32487.4
     Messages:  created: 19437242   present: 6259   in FES: 151
** Event #14520576   t=266.086304392667   Elapsed: 408.139s (6m 48s)  53% completed  (26% total)
     Speed:     ev/sec=34904.1   simsec/sec=1.09009   ev/simsec=32019.4
     Messages:  created: 19526891   present: 6363   in FES: 157
** Event #14592000   t=268.357882699375   Elapsed: 410.141s (6m 50s)  53% completed  (26% total)
     Speed:     ev/sec=35686   simsec/sec=1.13496   ev/simsec=31442.5
     Messages:  created: 19618561   present: 6417   in FES: 147
** Event #14655744   t=270.393867274811   Elapsed: 412.229s (6m 52s)  54% completed  (27% total)
     Speed:     ev/sec=30519   simsec/sec=0.974778   ev/simsec=31308.7
     Messages:  created: 19700633   present: 6541   in FES: 152
** Event #14726912   t=272.706412623477   Elapsed: 414.232s (6m 54s)  54% completed  (27% total)
     Speed:     ev/sec=35530.6   simsec/sec=1.15454   ev/simsec=30774.7
     Messages:  created: 19792468   present: 6628   in FES: 154
** Event #14796800   t=274.974602389466   Elapsed: 416.237s (6m 56s)  54% completed  (27% total)
     Speed:     ev/sec=34860.4   simsec/sec=1.13138   ev/simsec=30812.2
     Messages:  created: 19882708   present: 6684   in FES: 133
** Event #14877952   t=277.336980976514   Elapsed: 418.241s (6m 58s)  55% completed  (27% total)
     Speed:     ev/sec=40501.6   simsec/sec=1.17902   ev/simsec=34351.8
     Messages:  created: 19987157   present: 6854   in FES: 154
** Event #14954496   t=279.596120393241   Elapsed: 420.247s (7m 00s)  55% completed  (27% total)
     Speed:     ev/sec=38149.1   simsec/sec=1.12594   ev/simsec=33881.9
     Messages:  created: 20086511   present: 6916   in FES: 154
** Event #15025920   t=281.645623181408   Elapsed: 422.25s (7m 02s)  56% completed  (28% total)
     Speed:     ev/sec=35662.3   simsec/sec=1.02333   ev/simsec=34849.4
     Messages:  created: 20179178   present: 7026   in FES: 156
** Event #15090688   t=283.585640375654   Elapsed: 424.256s (7m 04s)  56% completed  (28% total)
     Speed:     ev/sec=32280.4   simsec/sec=0.966904   ev/simsec=33385.3
     Messages:  created: 20263114   present: 7012   in FES: 132
** Event #15162624   t=285.655578861705   Elapsed: 426.26s (7m 06s)  57% completed  (28% total)
     Speed:     ev/sec=35895.5   simsec/sec=1.03288   ev/simsec=34752.7
     Messages:  created: 20356260   present: 7097   in FES: 124
** Event #15238912   t=287.857891026089   Elapsed: 428.265s (7m 08s)  57% completed  (28% total)
     Speed:     ev/sec=38050.3   simsec/sec=1.09845   ev/simsec=34640
     Messages:  created: 20455177   present: 7242   in FES: 162
** Event #15309312   t=289.896502634642   Elapsed: 430.271s (7m 10s)  57% completed  (28% total)
     Speed:     ev/sec=35097.5   simsec/sec=1.01634   ev/simsec=34533.3
     Messages:  created: 20546314   present: 7322   in FES: 142
** Event #15382016   t=292.021197783071   Elapsed: 432.277s (7m 12s)  58% completed  (29% total)
     Speed:     ev/sec=36252.5   simsec/sec=1.05944   ev/simsec=34218.6
     Messages:  created: 20640609   present: 7416   in FES: 154
** Event #15443456   t=293.688365862116   Elapsed: 434.284s (7m 14s)  58% completed  (29% total)
     Speed:     ev/sec=30609.4   simsec/sec=0.830582   ev/simsec=36852.9
     Messages:  created: 20719942   present: 7462   in FES: 150
** Event #15516160   t=295.896360121432   Elapsed: 436.288s (7m 16s)  59% completed  (29% total)
     Speed:     ev/sec=36275.2   simsec/sec=1.10166   ev/simsec=32927.6
     Messages:  created: 20814229   present: 7522   in FES: 134
** Event #15588864   t=298.086080540243   Elapsed: 438.289s (7m 18s)  59% completed  (29% total)
     Speed:     ev/sec=36340.3   simsec/sec=1.09451   ev/simsec=33202.4
     Messages:  created: 20908120   present: 7687   in FES: 159
** Event #15659520   t=300.197743287144   Elapsed: 440.292s (7m 20s)  60% completed  (30% total)
     Speed:     ev/sec=35278.1   simsec/sec=1.05434   ev/simsec=33459.9
     Messages:  created: 20999453   present: 7767   in FES: 156
** Event #15731200   t=302.370040333182   Elapsed: 442.295s (7m 22s)  60% completed  (30% total)
     Speed:     ev/sec=35774.6   simsec/sec=1.08417   ev/simsec=32997.3
     Messages:  created: 21092247   present: 7824   in FES: 149
** Event #15801088   t=304.434165313205   Elapsed: 444.297s (7m 24s)  60% completed  (30% total)
     Speed:     ev/sec=34916.3   simsec/sec=1.03124   ev/simsec=33858.4
     Messages:  created: 21182709   present: 7909   in FES: 154
** Event #15862016   t=306.236784522377   Elapsed: 446.302s (7m 26s)  61% completed  (30% total)
     Speed:     ev/sec=30394.2   simsec/sec=0.899243   ev/simsec=33799.7
     Messages:  created: 21261441   present: 8006   in FES: 151
** Event #15935744   t=308.460285774064   Elapsed: 448.304s (7m 28s)  61% completed  (30% total)
     Speed:     ev/sec=36826.3   simsec/sec=1.11061   ev/simsec=33158.5
     Messages:  created: 21356581   present: 8095   in FES: 158
** Event #16008960   t=310.857784995943   Elapsed: 450.304s (7m 30s)  62% completed  (31% total)
     Speed:     ev/sec=36607.3   simsec/sec=1.19873   ev/simsec=30538.5
     Messages:  created: 21451380   present: 8253   in FES: 182
** Event #16080640   t=313.054149153354   Elapsed: 452.311s (7m 32s)  62% completed  (31% total)
     Speed:     ev/sec=35715.4   simsec/sec=1.09436   ev/simsec=32635.8
     Messages:  created: 21543799   present: 8264   in FES: 151
** Event #16152576   t=315.209646884284   Elapsed: 454.311s (7m 34s)  63% completed  (31% total)
     Speed:     ev/sec=35960.8   simsec/sec=1.07753   ev/simsec=33373.3
     Messages:  created: 21636509   present: 8357   in FES: 158
** Event #16214528   t=317.085678468389   Elapsed: 456.311s (7m 36s)  63% completed  (31% total)
     Speed:     ev/sec=30971.1   simsec/sec=0.937869   ev/simsec=33022.9
     Messages:  created: 21716587   present: 8408   in FES: 140
** Event #16282368   t=319.143965961725   Elapsed: 458.312s (7m 38s)  63% completed  (31% total)
     Speed:     ev/sec=33912.7   simsec/sec=1.02892   ev/simsec=32959.4
     Messages:  created: 21804124   present: 8446   in FES: 133
** Event #16352512   t=321.27245641613   Elapsed: 460.316s (7m 40s)  64% completed  (32% total)
     Speed:     ev/sec=34990.8   simsec/sec=1.06178   ev/simsec=32954.8
     Messages:  created: 21894626   present: 8596   in FES: 154
** Event #16422400   t=323.393488164509   Elapsed: 462.316s (7m 42s)  64% completed  (32% total)
     Speed:     ev/sec=34943.5   simsec/sec=1.0605   ev/simsec=32950
     Messages:  created: 21984707   present: 8746   in FES: 171
** Event #16492544   t=325.451219289437   Elapsed: 464.323s (7m 44s)  65% completed  (32% total)
     Speed:     ev/sec=34962.6   simsec/sec=1.02566   ev/simsec=34088
     Messages:  created: 22073915   present: 8396   in FES: 156
** Event #16557056   t=325.679479000896   Elapsed: 466.413s (7m 46s)  65% completed  (32% total)
     Speed:     ev/sec=30865.3   simsec/sec=0.109209   ev/simsec=282625
     Messages:  created: 22163237   present: 8341   in FES: 134
** Event #16624896   t=325.900073386216   Elapsed: 468.416s (7m 48s)  65% completed  (32% total)
     Speed:     ev/sec=33869   simsec/sec=0.110131   ev/simsec=307533
     Messages:  created: 22257136   present: 8387   in FES: 130
** Event #16692992   t=326.125234083395   Elapsed: 470.42s (7m 50s)  65% completed  (32% total)
     Speed:     ev/sec=33969.6   simsec/sec=0.112321   ev/simsec=302433
     Messages:  created: 22351033   present: 8528   in FES: 186
** Event #16764928   t=326.365946639736   Elapsed: 472.427s (7m 52s)  65% completed  (32% total)
     Speed:     ev/sec=35846.1   simsec/sec=0.119948   ev/simsec=298846
     Messages:  created: 22450312   present: 8401   in FES: 128
** Event #16833792   t=326.601834597039   Elapsed: 474.428s (7m 54s)  65% completed  (32% total)
     Speed:     ev/sec=34423.8   simsec/sec=0.117916   ev/simsec=291935
     Messages:  created: 22545497   present: 8483   in FES: 158
** Event #16904448   t=326.845061888601   Elapsed: 476.431s (7m 56s)  65% completed  (32% total)
     Speed:     ev/sec=35273.8   simsec/sec=0.121427   ev/simsec=290494
     Messages:  created: 22643376   present: 8486   in FES: 155
** Event #16964864   t=327.050969689971   Elapsed: 478.434s (7m 58s)  65% completed  (32% total)
     Speed:     ev/sec=30159.5   simsec/sec=0.102789   ev/simsec=293413
     Messages:  created: 22726910   present: 8461   in FES: 141
** Event #17033728   t=327.278095269523   Elapsed: 480.439s (8m 00s)  65% completed  (32% total)
     Speed:     ev/sec=34352.7   simsec/sec=0.113301   ev/simsec=303198
     Messages:  created: 22821808   present: 8591   in FES: 185
** Event #17108224   t=327.535298619886   Elapsed: 482.44s (8m 02s)  65% completed  (32% total)
     Speed:     ev/sec=37229.5   simsec/sec=0.128538   ev/simsec=289639
     Messages:  created: 22924371   present: 8485   in FES: 153
** Event #17177344   t=327.768200741732   Elapsed: 484.443s (8m 04s)  65% completed  (32% total)
     Speed:     ev/sec=34499.5   simsec/sec=0.116247   ev/simsec=296777
     Messages:  created: 23019873   present: 8479   in FES: 168
** Event #17246720   t=328.071786188024   Elapsed: 486.447s (8m 06s)  65% completed  (32% total)
     Speed:     ev/sec=34612.7   simsec/sec=0.151463   ev/simsec=228522
     Messages:  created: 23115386   present: 8406   in FES: 141
** Event #17316608   t=328.585412272167   Elapsed: 488.452s (8m 08s)  65% completed  (32% total)
     Speed:     ev/sec=34855.7   simsec/sec=0.256164   ev/simsec=136068
     Messages:  created: 23210518   present: 8391   in FES: 159
** Event #17377536   t=329.016456047721   Elapsed: 490.455s (8m 10s)  65% completed  (32% total)
     Speed:     ev/sec=30421.4   simsec/sec=0.215221   ev/simsec=141350
     Messages:  created: 23294328   present: 8461   in FES: 159
** Event #17445120   t=329.475527152872   Elapsed: 492.456s (8m 12s)  65% completed  (32% total)
     Speed:     ev/sec=33784.8   simsec/sec=0.229487   ev/simsec=147219
     Messages:  created: 23386128   present: 8482   in FES: 160
** Event #17511680   t=329.889463919649   Elapsed: 494.459s (8m 14s)  65% completed  (32% total)
     Speed:     ev/sec=33220.3   simsec/sec=0.206597   ev/simsec=160798
     Messages:  created: 23477943   present: 8505   in FES: 161
** Event #17579264   t=330.335410247549   Elapsed: 496.461s (8m 16s)  66% completed  (33% total)
     Speed:     ev/sec=33770.7   simsec/sec=0.222833   ev/simsec=151552
     Messages:  created: 23570028   present: 8446   in FES: 157
** Event #17648128   t=330.773537893246   Elapsed: 498.465s (8m 18s)  66% completed  (33% total)
     Speed:     ev/sec=34356.6   simsec/sec=0.218584   ev/simsec=157178
     Messages:  created: 23664714   present: 8521   in FES: 153
** Event #17715456   t=331.233312129064   Elapsed: 500.47s (8m 20s)  66% completed  (33% total)
     Speed:     ev/sec=33582.3   simsec/sec=0.22933   ev/simsec=146437
     Messages:  created: 23756503   present: 8553   in FES: 164
** Event #17780224   t=332.140251644202   Elapsed: 502.635s (8m 22s)  66% completed  (33% total)
     Speed:     ev/sec=29911.8   simsec/sec=0.418852   ev/simsec=71413.8
     Messages:  created: 23843370   present: 8524   in FES: 157
** Event #17849600   t=333.539792921924   Elapsed: 504.638s (8m 24s)  66% completed  (33% total)
     Speed:     ev/sec=34645.9   simsec/sec=0.698922   ev/simsec=49570.5
     Messages:  created: 23934417   present: 8507   in FES: 131
** Event #17923328   t=333.947284759141   Elapsed: 506.643s (8m 26s)  66% completed  (33% total)
     Speed:     ev/sec=36763.2   simsec/sec=0.203189   ev/simsec=180931
     Messages:  created: 24036228   present: 8688   in FES: 162
** Event #17993472   t=334.185791535691   Elapsed: 508.65s (8m 28s)  66% completed  (33% total)
     Speed:     ev/sec=34958.9   simsec/sec=0.118869   ev/simsec=294096
     Messages:  created: 24132765   present: 8684   in FES: 162
** Event #18061824   t=334.415979777066   Elapsed: 510.654s (8m 30s)  66% completed  (33% total)
     Speed:     ev/sec=34096.4   simsec/sec=0.114826   ev/simsec=296940
     Messages:  created: 24226932   present: 8658   in FES: 137
** Event #18134528   t=334.672239152262   Elapsed: 512.656s (8m 32s)  66% completed  (33% total)
     Speed:     ev/sec=36313.4   simsec/sec=0.127994   ev/simsec=283713
     Messages:  created: 24327552   present: 8724   in FES: 157
** Event #18195712   t=334.880120605205   Elapsed: 514.659s (8m 34s)  66% completed  (33% total)
     Speed:     ev/sec=30552.6   simsec/sec=0.103807   ev/simsec=294322
     Messages:  created: 24412203   present: 8670   in FES: 147
** Event #18264832   t=335.116355411212   Elapsed: 516.661s (8m 36s)  67% completed  (33% total)
     Speed:     ev/sec=34515.6   simsec/sec=0.117966   ev/simsec=292590
     Messages:  created: 24507288   present: 8679   in FES: 155
** Event #18333696   t=335.336554902152   Elapsed: 518.667s (8m 38s)  67% completed  (33% total)
     Speed:     ev/sec=34335.8   simsec/sec=0.109792   ev/simsec=312735
     Messages:  created: 24602327   present: 8709   in FES: 154
** Event #18404864   t=335.576263881455   Elapsed: 520.669s (8m 40s)  67% completed  (33% total)
     Speed:     ev/sec=35549   simsec/sec=0.119737   ev/simsec=296893
     Messages:  created: 24700668   present: 8698   in FES: 162
** Event #18477312   t=335.837845871337   Elapsed: 522.677s (8m 42s)  67% completed  (33% total)
     Speed:     ev/sec=36087.9   simsec/sec=0.1303   ev/simsec=276961
     Messages:  created: 24800946   present: 8648   in FES: 138
** Event #18545664   t=336.128617772673   Elapsed: 524.684s (8m 44s)  67% completed  (33% total)
     Speed:     ev/sec=34044.3   simsec/sec=0.144826   ev/simsec=235071
     Messages:  created: 24894825   present: 8700   in FES: 162
** Event #18606336   t=336.419981384155   Elapsed: 526.692s (8m 46s)  67% completed  (33% total)
     Speed:     ev/sec=30219.2   simsec/sec=0.145121   ev/simsec=208235
     Messages:  created: 24978108   present: 8645   in FES: 162
** Event #18674432   t=336.753488098568   Elapsed: 528.695s (8m 48s)  67% completed  (33% total)
     Speed:     ev/sec=33999.4   simsec/sec=0.166516   ev/simsec=204182
     Messages:  created: 25072231   present: 8705   in FES: 162
** Event #18743552   t=337.165366136307   Elapsed: 530.701s (8m 50s)  67% completed  (33% total)
     Speed:     ev/sec=34450.3   simsec/sec=0.205285   ev/simsec=167817
     Messages:  created: 25166489   present: 8649   in FES: 124
** Event #18811904   t=337.690221937664   Elapsed: 532.708s (8m 52s)  67% completed  (33% total)
     Speed:     ev/sec=34065.7   simsec/sec=0.261581   ev/simsec=130230
     Messages:  created: 25259744   present: 8757   in FES: 158
** Event #18881536   t=338.039868341095   Elapsed: 534.708s (8m 54s)  67% completed  (33% total)
     Speed:     ev/sec=34814.1   simsec/sec=0.174814   ev/simsec=199150
     Messages:  created: 25355740   present: 8740   in FES: 158
** Event #18948608   t=339.258290908992   Elapsed: 536.719s (8m 56s)  67% completed  (33% total)
     Speed:     ev/sec=33345.2   simsec/sec=0.605745   ev/simsec=55048.2
     Messages:  created: 25443338   present: 8641   in FES: 126
** Event #19009792   t=340.697699717171   Elapsed: 538.72s (8m 58s)  68% completed  (34% total)
     Speed:     ev/sec=30574   simsec/sec=0.719282   ev/simsec=42506.3
     Messages:  created: 25522947   present: 8779   in FES: 158
** Event #19078656   t=342.697480197565   Elapsed: 540.721s (9m 00s)  68% completed  (34% total)
     Speed:     ev/sec=34429.4   simsec/sec=0.999815   ev/simsec=34435.8
     Messages:  created: 25611643   present: 8877   in FES: 159
** Event #19147520   t=344.990086350445   Elapsed: 542.723s (9m 02s)  68% completed  (34% total)
     Speed:     ev/sec=34395.8   simsec/sec=1.1451   ev/simsec=30037.4
     Messages:  created: 25700197   present: 8937   in FES: 130
** Event #19212032   t=347.064681477099   Elapsed: 544.728s (9m 04s)  69% completed  (34% total)
     Speed:     ev/sec=32169.7   simsec/sec=1.03452   ev/simsec=31096.2
     Messages:  created: 25782968   present: 9012   in FES: 154
** Event #19279616   t=347.537101652808   Elapsed: 546.73s (9m 06s)  69% completed  (34% total)
     Speed:     ev/sec=33754.2   simsec/sec=0.235946   ev/simsec=143059
     Messages:  created: 25872512   present: 8234   in FES: 132
** Event #19345664   t=347.770093274247   Elapsed: 548.738s (9m 08s)  69% completed  (34% total)
     Speed:     ev/sec=32901.6   simsec/sec=0.116064   ev/simsec=283478
     Messages:  created: 25964365   present: 8297   in FES: 159
** Event #19404544   t=348.57923542956   Elapsed: 550.738s (9m 10s)  69% completed  (34% total)
     Speed:     ev/sec=29430   simsec/sec=0.404434   ev/simsec=72768.4
     Messages:  created: 26043433   present: 8205   in FES: 159
** Event #19474176   t=350.245571709581   Elapsed: 552.743s (9m 12s)  70% completed  (35% total)
     Speed:     ev/sec=34743.1   simsec/sec=0.831423   ev/simsec=41787.5
     Messages:  created: 26132409   present: 7452   in FES: 159
** Event #19542528   t=350.986642795659   Elapsed: 554.746s (9m 14s)  70% completed  (35% total)
     Speed:     ev/sec=34119.6   simsec/sec=0.369924   ev/simsec=92234.1
     Messages:  created: 26225851   present: 7303   in FES: 158
** Event #19616256   t=352.841705019337   Elapsed: 556.75s (9m 16s)  70% completed  (35% total)
     Speed:     ev/sec=36794.3   simsec/sec=0.925778   ev/simsec=39744.2
     Messages:  created: 26322200   present: 7345   in FES: 154
** Event #19686656   t=354.536803920047   Elapsed: 558.75s (9m 18s)  70% completed  (35% total)
     Speed:     ev/sec=35189.6   simsec/sec=0.847299   ev/simsec=41531.5
     Messages:  created: 26413830   present: 7397   in FES: 154
** Event #19753472   t=355.418515654905   Elapsed: 560.755s (9m 20s)  71% completed  (35% total)
     Speed:     ev/sec=33334   simsec/sec=0.43988   ev/simsec=75779.9
     Messages:  created: 26500831   present: 6481   in FES: 130
** Event #19811072   t=355.636564626486   Elapsed: 562.762s (9m 22s)  71% completed  (35% total)
     Speed:     ev/sec=28701.8   simsec/sec=0.108653   ev/simsec=264161
     Messages:  created: 26578003   present: 5629   in FES: 159
** Event #19880448   t=356.077992481221   Elapsed: 564.768s (9m 24s)  71% completed  (35% total)
     Speed:     ev/sec=34580.6   simsec/sec=0.220031   ev/simsec=157163
     Messages:  created: 26673290   present: 5539   in FES: 159
** Event #19947520   t=357.391614689306   Elapsed: 566.769s (9m 26s)  71% completed  (35% total)
     Speed:     ev/sec=33521.7   simsec/sec=0.656531   ev/simsec=51058.8
     Messages:  created: 26761605   present: 5529   in FES: 150
** Event #20018176   t=358.837685862959   Elapsed: 568.772s (9m 28s)  71% completed  (35% total)
     Speed:     ev/sec=35265.7   simsec/sec=0.721761   ev/simsec=48860.7
     Messages:  created: 26855070   present: 5571   in FES: 155
** Event #20085248   t=360.209631075007   Elapsed: 570.773s (9m 30s)  72% completed  (36% total)
     Speed:     ev/sec=33524.2   simsec/sec=0.685732   ev/simsec=48888.2
     Messages:  created: 26942938   present: 5572   in FES: 152
** Event #20151808   t=361.579101745317   Elapsed: 572.773s (9m 32s)  72% completed  (36% total)
     Speed:     ev/sec=33271   simsec/sec=0.68455   ev/simsec=48602.7
     Messages:  created: 27030613   present: 5640   in FES: 163
** Event #20215296   t=362.829484494791   Elapsed: 574.781s (9m 34s)  72% completed  (36% total)
     Speed:     ev/sec=31619.3   simsec/sec=0.622735   ev/simsec=50774.9
     Messages:  created: 27114704   present: 5726   in FES: 194
** Event #20279552   t=364.095071196415   Elapsed: 576.788s (9m 36s)  72% completed  (36% total)
     Speed:     ev/sec=32016.2   simsec/sec=0.63059   ev/simsec=50771.7
     Messages:  created: 27199211   present: 5648   in FES: 155
** Event #20348672   t=365.202294231599   Elapsed: 578.792s (9m 38s)  73% completed  (36% total)
     Speed:     ev/sec=34501.2   simsec/sec=0.552669   ev/simsec=62426.4
     Messages:  created: 27291081   present: 5626   in FES: 129
** Event #20410368   t=366.098940205516   Elapsed: 580.795s (9m 40s)  73% completed  (36% total)
     Speed:     ev/sec=30796.2   simsec/sec=0.44757   ev/simsec=68807.5
     Messages:  created: 27373567   present: 5642   in FES: 156
** Event #20472832   t=367.373131675205   Elapsed: 582.808s (9m 42s)  73% completed  (36% total)
     Speed:     ev/sec=31026.8   simsec/sec=0.63291   ev/simsec=49022.5
     Messages:  created: 27455879   present: 5659   in FES: 161
** Event #20538368   t=368.873376375368   Elapsed: 584.813s (9m 44s)  73% completed  (36% total)
     Speed:     ev/sec=32686.1   simsec/sec=0.748248   ev/simsec=43683.5
     Messages:  created: 27542600   present: 5611   in FES: 125
** Event #20604160   t=370.254001443834   Elapsed: 586.815s (9m 46s)  74% completed  (37% total)
     Speed:     ev/sec=32864.1   simsec/sec=0.689643   ev/simsec=47653.8
     Messages:  created: 27628981   present: 5636   in FES: 130
** Event #20667904   t=371.669074048014   Elapsed: 588.819s (9m 48s)  74% completed  (37% total)
     Speed:     ev/sec=31805.2   simsec/sec=0.706053   ev/simsec=45046.5
     Messages:  created: 27713351   present: 5751   in FES: 158
** Event #20737536   t=373.194186818025   Elapsed: 590.819s (9m 50s)  74% completed  (37% total)
     Speed:     ev/sec=34815.4   simsec/sec=0.762542   ev/simsec=45657
     Messages:  created: 27805036   present: 5695   in FES: 124
** Event #20807680   t=374.73307441151   Elapsed: 592.821s (9m 52s)  74% completed  (37% total)
     Speed:     ev/sec=35050.2   simsec/sec=0.768966   ev/simsec=45581
     Messages:  created: 27897868   present: 5817   in FES: 159
** Event #20876288   t=376.197742076195   Elapsed: 594.827s (9m 54s)  75% completed  (37% total)
     Speed:     ev/sec=34189   simsec/sec=0.729878   ev/simsec=46842
     Messages:  created: 27988345   present: 5851   in FES: 160
** Event #20944640   t=377.041375482502   Elapsed: 596.835s (9m 56s)  75% completed  (37% total)
     Speed:     ev/sec=34054.1   simsec/sec=0.420312   ev/simsec=81021
     Messages:  created: 28081215   present: 5763   in FES: 150
** Event #21020672   t=378.622375557454   Elapsed: 598.836s (9m 58s)  75% completed  (37% total)
     Speed:     ev/sec=37986   simsec/sec=0.789875   ev/simsec=48091.1
     Messages:  created: 28181864   present: 5728   in FES: 138
** Event #21085696   t=380.058297473392   Elapsed: 600.838s (10m 00s)  76% completed  (38% total)
     Speed:     ev/sec=32479.7   simsec/sec=0.717249   ev/simsec=45283.8
     Messages:  created: 28268425   present: 5805   in FES: 150
** Event #21158912   t=380.603985339765   Elapsed: 602.84s (10m 02s)  76% completed  (38% total)
     Speed:     ev/sec=36569.6   simsec/sec=0.272558   ev/simsec=134172
     Messages:  created: 28365736   present: 4944   in FES: 156
** Event #21228288   t=381.257469622765   Elapsed: 604.847s (10m 04s)  76% completed  (38% total)
     Speed:     ev/sec=34578   simsec/sec=0.325706   ev/simsec=106163
     Messages:  created: 28460308   present: 4817   in FES: 146
** Event #21295616   t=382.622796254755   Elapsed: 606.85s (10m 06s)  76% completed  (38% total)
     Speed:     ev/sec=33614.4   simsec/sec=0.681658   ev/simsec=49312.7
     Messages:  created: 28549890   present: 4795   in FES: 130
** Event #21362688   t=384.018773483322   Elapsed: 608.856s (10m 08s)  76% completed  (38% total)
     Speed:     ev/sec=33422.7   simsec/sec=0.695631   ev/simsec=48046.6
     Messages:  created: 28639704   present: 4898   in FES: 161
** Event #21438208   t=385.44101649876   Elapsed: 610.858s (10m 10s)  77% completed  (38% total)
     Speed:     ev/sec=37736.5   simsec/sec=0.710679   ev/simsec=53099.2
     Messages:  created: 28739786   present: 4890   in FES: 145
** Event #21502976   t=386.782724046862   Elapsed: 613.108s (10m 13s)  77% completed  (38% total)
     Speed:     ev/sec=28784.9   simsec/sec=0.596296   ev/simsec=48272.8
     Messages:  created: 28826463   present: 4936   in FES: 161
** Event #21570560   t=388.125237244119   Elapsed: 615.111s (10m 15s)  77% completed  (38% total)
     Speed:     ev/sec=33737   simsec/sec=0.670165   ev/simsec=50341.4
     Messages:  created: 28916076   present: 4958   in FES: 149
** Event #21639936   t=389.564487629865   Elapsed: 617.117s (10m 17s)  77% completed  (38% total)
     Speed:     ev/sec=34584   simsec/sec=0.717467   ev/simsec=48202.9
     Messages:  created: 29008310   present: 4886   in FES: 127
** Event #21710336   t=391.031175388461   Elapsed: 619.122s (10m 19s)  78% completed  (39% total)
     Speed:     ev/sec=35103   simsec/sec=0.731324   ev/simsec=47999.3
     Messages:  created: 29102523   present: 5015   in FES: 157
** Event #21778176   t=392.395587943207   Elapsed: 621.127s (10m 21s)  78% completed  (39% total)
     Speed:     ev/sec=33837.5   simsec/sec=0.680548   ev/simsec=49721
     Messages:  created: 29192109   present: 4956   in FES: 131
** Event #21854976   t=394.084642995454   Elapsed: 623.128s (10m 23s)  78% completed  (39% total)
     Speed:     ev/sec=38387.2   simsec/sec=0.844246   ev/simsec=45469.2
     Messages:  created: 29293942   present: 4992   in FES: 126
** Event #21923072   t=395.507713717878   Elapsed: 625.135s (10m 25s)  79% completed  (39% total)
     Speed:     ev/sec=33936.7   simsec/sec=0.709209   ev/simsec=47851.5
     Messages:  created: 29384181   present: 5020   in FES: 138
** Event #21984256   t=396.85734938369   Elapsed: 627.138s (10m 27s)  79% completed  (39% total)
     Speed:     ev/sec=30537.8   simsec/sec=0.673623   ev/simsec=45333.7
     Messages:  created: 29465715   present: 5095   in FES: 155
** Event #22053120   t=398.280759733793   Elapsed: 629.143s (10m 29s)  79% completed  (39% total)
     Speed:     ev/sec=34345.7   simsec/sec=0.709921   ev/simsec=48379.6
     Messages:  created: 29556329   present: 5141   in FES: 151
** Event #22118144   t=399.669585877201   Elapsed: 631.15s (10m 31s)  79% completed  (39% total)
     Speed:     ev/sec=32400.7   simsec/sec=0.692037   ev/simsec=46819.4
     Messages:  created: 29642305   present: 5149   in FES: 153
** Event #22180352   t=401.042421622008   Elapsed: 633.155s (10m 33s)  80% completed  (40% total)
     Speed:     ev/sec=31028.5   simsec/sec=0.684752   ev/simsec=45313.5
     Messages:  created: 29724748   present: 5207   in FES: 156
** Event #22242304   t=402.030041032247   Elapsed: 635.163s (10m 35s)  80% completed  (40% total)
     Speed:     ev/sec=30856.1   simsec/sec=0.491898   ev/simsec=62728.6
     Messages:  created: 29808017   present: 5181   in FES: 157
** Event #22307328   t=403.391156732933   Elapsed: 637.169s (10m 37s)  80% completed  (40% total)
     Speed:     ev/sec=32406.2   simsec/sec=0.678342   ev/simsec=47772.6
     Messages:  created: 29893431   present: 5153   in FES: 141
** Event #22371584   t=404.82544289101   Elapsed: 639.171s (10m 39s)  80% completed  (40% total)
     Speed:     ev/sec=32094.8   simsec/sec=0.716402   ev/simsec=44800
     Messages:  created: 29978615   present: 5153   in FES: 129
** Event #22436096   t=406.179308780687   Elapsed: 641.173s (10m 41s)  81% completed  (40% total)
     Speed:     ev/sec=32225.9   simsec/sec=0.676301   ev/simsec=47650.2
     Messages:  created: 30063503   present: 5234   in FES: 154
** Event #22505472   t=407.656153880854   Elapsed: 643.175s (10m 43s)  81% completed  (40% total)
     Speed:     ev/sec=34658.1   simsec/sec=0.737787   ev/simsec=46975.8
     Messages:  created: 30155177   present: 5284   in FES: 156
** Event #22576640   t=409.291929746336   Elapsed: 645.177s (10m 45s)  81% completed  (40% total)
     Speed:     ev/sec=35540.8   simsec/sec=0.816894   ev/simsec=43507.2
     Messages:  created: 30248836   present: 5281   in FES: 163
** Event #22647296   t=411.025626588175   Elapsed: 647.182s (10m 47s)  82% completed  (41% total)
     Speed:     ev/sec=35237.7   simsec/sec=0.864632   ev/simsec=40754.5
     Messages:  created: 30342342   present: 5262   in FES: 127
** Event #22714880   t=412.579087072327   Elapsed: 649.184s (10m 49s)  82% completed  (41% total)
     Speed:     ev/sec=33772.6   simsec/sec=0.776285   ev/simsec=43505.5
     Messages:  created: 30431302   present: 5316   in FES: 144
** Event #22784768   t=414.22916692795   Elapsed: 651.189s (10m 51s)  82% completed  (41% total)
     Speed:     ev/sec=34845.6   simsec/sec=0.822718   ev/simsec=42354.3
     Messages:  created: 30523716   present: 5336   in FES: 134
** Event #22848256   t=415.731674727694   Elapsed: 653.19s (10m 53s)  83% completed  (41% total)
     Speed:     ev/sec=31738.5   simsec/sec=0.751125   ev/simsec=42254.7
     Messages:  created: 30607958   present: 5433   in FES: 156
** Event #22917120   t=417.334150478985   Elapsed: 655.194s (10m 55s)  83% completed  (41% total)
     Speed:     ev/sec=34355.1   simsec/sec=0.799449   ev/simsec=42973.5
     Messages:  created: 30698663   present: 5457   in FES: 155
** Event #22989824   t=419.030092194865   Elapsed: 657.2s (10m 57s)  83% completed  (41% total)
     Speed:     ev/sec=36249.1   simsec/sec=0.845571   ev/simsec=42869.4
     Messages:  created: 30794716   present: 5423   in FES: 128
** Event #23062784   t=420.645370111178   Elapsed: 659.202s (10m 59s)  84% completed  (42% total)
     Speed:     ev/sec=36431   simsec/sec=0.806555   ev/simsec=45168.7
     Messages:  created: 30890448   present: 5612   in FES: 187
** Event #23130880   t=421.775348938989   Elapsed: 661.203s (11m 01s)  84% completed  (42% total)
     Speed:     ev/sec=34030.4   simsec/sec=0.564698   ev/simsec=60263.1
     Messages:  created: 30978914   present: 4848   in FES: 166
** Event #23199744   t=423.398987530184   Elapsed: 663.208s (11m 03s)  84% completed  (42% total)
     Speed:     ev/sec=34347.1   simsec/sec=0.809818   ev/simsec=42413.4
     Messages:  created: 31069174   present: 4804   in FES: 137
** Event #23272192   t=425.211848731734   Elapsed: 665.211s (11m 05s)  85% completed  (42% total)
     Speed:     ev/sec=36169   simsec/sec=0.905054   ev/simsec=39963.3
     Messages:  created: 31164425   present: 4891   in FES: 155
** Event #23336192   t=426.893128938961   Elapsed: 667.214s (11m 07s)  85% completed  (42% total)
     Speed:     ev/sec=31962.8   simsec/sec=0.839664   ev/simsec=38066.2
     Messages:  created: 31248723   present: 4930   in FES: 155
** Event #23406848   t=428.685424294747   Elapsed: 669.22s (11m 09s)  85% completed  (42% total)
     Speed:     ev/sec=35224.1   simsec/sec=0.893511   ev/simsec=39422.1
     Messages:  created: 31341313   present: 4967   in FES: 155
** Event #23480576   t=430.07369893918   Elapsed: 671.22s (11m 11s)  86% completed  (43% total)
     Speed:     ev/sec=36863.5   simsec/sec=0.694128   ev/simsec=53107.6
     Messages:  created: 31439532   present: 5000   in FES: 139
** Event #23552256   t=431.196595625042   Elapsed: 673.22s (11m 13s)  86% completed  (43% total)
     Speed:     ev/sec=35826.9   simsec/sec=0.561244   ev/simsec=63834.9
     Messages:  created: 31533185   present: 4262   in FES: 162
** Event #23614720   t=432.219776425923   Elapsed: 675.227s (11m 15s)  86% completed  (43% total)
     Speed:     ev/sec=31135.7   simsec/sec=0.510012   ev/simsec=61048.8
     Messages:  created: 31616817   present: 4176   in FES: 155
** Event #23683328   t=433.697478119044   Elapsed: 677.231s (11m 17s)  86% completed  (43% total)
     Speed:     ev/sec=34230.3   simsec/sec=0.737263   ev/simsec=46428.9
     Messages:  created: 31707651   present: 4154   in FES: 155
** Event #23751936   t=435.26327595471   Elapsed: 679.237s (11m 19s)  87% completed  (43% total)
     Speed:     ev/sec=34192.4   simsec/sec=0.780353   ev/simsec=43816.6
     Messages:  created: 31798082   present: 4214   in FES: 156
** Event #23812608   t=436.625972452862   Elapsed: 681.242s (11m 21s)  87% completed  (43% total)
     Speed:     ev/sec=30264.5   simsec/sec=0.679743   ev/simsec=44523.5
     Messages:  created: 31878469   present: 4250   in FES: 160
** Event #23881472   t=438.168783636581   Elapsed: 683.245s (11m 23s)  87% completed  (43% total)
     Speed:     ev/sec=34388.7   simsec/sec=0.770434   ev/simsec=44635.4
     Messages:  created: 31969511   present: 4264   in FES: 157
** Event #23959296   t=439.983584930456   Elapsed: 685.246s (11m 25s)  87% completed  (43% total)
     Speed:     ev/sec=38891.8   simsec/sec=0.906929   ev/simsec=42882.9
     Messages:  created: 32072703   present: 4241   in FES: 127
** Event #24029440   t=441.463701935648   Elapsed: 687.25s (11m 27s)  88% completed  (44% total)
     Speed:     ev/sec=34993.8   simsec/sec=0.738409   ev/simsec=47390.8
     Messages:  created: 32165038   present: 4291   in FES: 127
** Event #24100608   t=443.080272913503   Elapsed: 689.252s (11m 29s)  88% completed  (44% total)
     Speed:     ev/sec=35559.7   simsec/sec=0.807733   ev/simsec=44024
     Messages:  created: 32259352   present: 4419   in FES: 152
** Event #24174848   t=443.719614880547   Elapsed: 691.258s (11m 31s)  88% completed  (44% total)
     Speed:     ev/sec=37009.3   simsec/sec=0.318717   ev/simsec=116119
     Messages:  created: 32360588   present: 4381   in FES: 157
** Event #24245248   t=443.957569490836   Elapsed: 693.491s (11m 33s)  88% completed  (44% total)
     Speed:     ev/sec=31517.4   simsec/sec=0.10653   ev/simsec=295855
     Messages:  created: 32458223   present: 4369   in FES: 159
** Event #24318976   t=444.20223508699   Elapsed: 695.497s (11m 35s)  88% completed  (44% total)
     Speed:     ev/sec=36761.5   simsec/sec=0.121992   ev/simsec=301342
     Messages:  created: 32559665   present: 4366   in FES: 145
** Event #24387072   t=444.434975085835   Elapsed: 697.501s (11m 37s)  88% completed  (44% total)
     Speed:     ev/sec=33983.9   simsec/sec=0.116151   ev/simsec=292584
     Messages:  created: 32653667   present: 4367   in FES: 146
** Event #24455680   t=444.690998964661   Elapsed: 699.504s (11m 39s)  88% completed  (44% total)
     Speed:     ev/sec=34237.9   simsec/sec=0.127765   ev/simsec=267975
     Messages:  created: 32748953   present: 4328   in FES: 156
** Event #24527104   t=444.938065139555   Elapsed: 701.506s (11m 41s)  88% completed  (44% total)
     Speed:     ev/sec=35691.1   simsec/sec=0.123461   ev/simsec=289089
     Messages:  created: 32847975   present: 4349   in FES: 155
** Event #24595456   t=445.184359946185   Elapsed: 703.511s (11m 43s)  89% completed  (44% total)
     Speed:     ev/sec=34084.6   simsec/sec=0.122818   ev/simsec=277521
     Messages:  created: 32942024   present: 4349   in FES: 156
** Event #24664320   t=445.445632290409   Elapsed: 705.513s (11m 45s)  89% completed  (44% total)
     Speed:     ev/sec=34405.4   simsec/sec=0.130535   ev/simsec=263572
     Messages:  created: 33036977   present: 4291   in FES: 142
** Event #24734208   t=445.862799066068   Elapsed: 707.513s (11m 47s)  89% completed  (44% total)
     Speed:     ev/sec=34928.1   simsec/sec=0.208489   ev/simsec=167530
     Messages:  created: 33133516   present: 4310   in FES: 151
** Event #24796160   t=446.167187706745   Elapsed: 709.52s (11m 49s)  89% completed  (44% total)
     Speed:     ev/sec=30878.5   simsec/sec=0.151715   ev/simsec=203529
     Messages:  created: 33218674   present: 4323   in FES: 159
** Event #24869120   t=446.593021291091   Elapsed: 711.524s (11m 51s)  89% completed  (44% total)
     Speed:     ev/sec=36396.1   simsec/sec=0.212427   ev/simsec=171335
     Messages:  created: 33319031   present: 4349   in FES: 158
** Event #24938752   t=446.942355378289   Elapsed: 713.526s (11m 53s)  89% completed  (44% total)
     Speed:     ev/sec=34789.6   simsec/sec=0.174535   ev/simsec=199328
     Messages:  created: 33415400   present: 4364   in FES: 162
** Event #25008128   t=447.356327110949   Elapsed: 715.532s (11m 55s)  89% completed  (44% total)
     Speed:     ev/sec=34578.9   simsec/sec=0.206335   ev/simsec=167586
     Messages:  created: 33510258   present: 4424   in FES: 187
** Event #25078016   t=447.740038439052   Elapsed: 717.534s (11m 57s)  89% completed  (44% total)
     Speed:     ev/sec=34904.2   simsec/sec=0.191637   ev/simsec=182137
     Messages:  created: 33606607   present: 4291   in FES: 151
** Event #25148160   t=448.146777166562   Elapsed: 719.542s (11m 59s)  89% completed  (44% total)
     Speed:     ev/sec=34942.6   simsec/sec=0.202619   ev/simsec=172455
     Messages:  created: 33703042   present: 4411   in FES: 165
** Event #25220608   t=448.587060008252   Elapsed: 721.545s (12m 01s)  89% completed  (44% total)
     Speed:     ev/sec=36173.1   simsec/sec=0.219832   ev/simsec=164549
     Messages:  created: 33802686   present: 4406   in FES: 158
** Event #25282816   t=448.893458312611   Elapsed: 723.546s (12m 03s)  89% completed  (44% total)
     Speed:     ev/sec=31088.3   simsec/sec=0.153122   ev/simsec=203030
     Messages:  created: 33888853   present: 4480   in FES: 187
** Event #25351680   t=449.27487536787   Elapsed: 725.546s (12m 05s)  89% completed  (44% total)
     Speed:     ev/sec=34427.9   simsec/sec=0.190686   ev/simsec=180548
     Messages:  created: 33983114   present: 4407   in FES: 158
** Event #25420800   t=449.658319240646   Elapsed: 727.548s (12m 07s)  89% completed  (44% total)
     Speed:     ev/sec=34520.1   simsec/sec=0.191501   ev/simsec=180261
     Messages:  created: 34078387   present: 4358   in FES: 132
** Event #25490176   t=450.080072579796   Elapsed: 729.551s (12m 09s)  90% completed  (45% total)
     Speed:     ev/sec=34642.9   simsec/sec=0.210603   ev/simsec=164494
     Messages:  created: 34173748   present: 4426   in FES: 161
** Event #25559040   t=451.474556482793   Elapsed: 731.559s (12m 11s)  90% completed  (45% total)
     Speed:     ev/sec=34298.7   simsec/sec=0.694542   ev/simsec=49383.1
     Messages:  created: 34265548   present: 4353   in FES: 145
** Event #25624832   t=453.067345950227   Elapsed: 733.563s (12m 13s)  90% completed  (45% total)
     Speed:     ev/sec=32819   simsec/sec=0.794532   ev/simsec=41306.1
     Messages:  created: 34353071   present: 4455   in FES: 156
** Event #25693440   t=454.581983945618   Elapsed: 735.569s (12m 15s)  90% completed  (45% total)
     Speed:     ev/sec=34214.2   simsec/sec=0.755337   ev/simsec=45296.6
     Messages:  created: 34443696   present: 4474   in FES: 155
** Event #25753088   t=456.087686626944   Elapsed: 737.569s (12m 17s)  91% completed  (45% total)
     Speed:     ev/sec=29814.3   simsec/sec=0.752607   ev/simsec=39614.7
     Messages:  created: 34522560   present: 4473   in FES: 130
** Event #25818880   t=458.018272059965   Elapsed: 739.576s (12m 19s)  91% completed  (45% total)
     Speed:     ev/sec=32791.3   simsec/sec=0.962219   ev/simsec=34078.8
     Messages:  created: 34609597   present: 4562   in FES: 162
** Event #25886976   t=459.155855943467   Elapsed: 741.582s (12m 21s)  91% completed  (45% total)
     Speed:     ev/sec=33942.3   simsec/sec=0.567026   ev/simsec=59860.2
     Messages:  created: 34700677   present: 4605   in FES: 158
** Event #25957376   t=460.768303914192   Elapsed: 743.582s (12m 23s)  92% completed  (46% total)
     Speed:     ev/sec=35198.5   simsec/sec=0.806189   ev/simsec=43660.3
     Messages:  created: 34794159   present: 4635   in FES: 156
** Event #26024960   t=462.188142855397   Elapsed: 745.589s (12m 25s)  92% completed  (46% total)
     Speed:     ev/sec=33679.5   simsec/sec=0.707557   ev/simsec=47599.8
     Messages:  created: 34883585   present: 4639   in FES: 155
** Event #26093056   t=463.642864258719   Elapsed: 747.594s (12m 27s)  92% completed  (46% total)
     Speed:     ev/sec=33948.2   simsec/sec=0.725228   ev/simsec=46810.3
     Messages:  created: 34973839   present: 4682   in FES: 156
** Event #26154752   t=464.464168306351   Elapsed: 749.598s (12m 29s)  92% completed  (46% total)
     Speed:     ev/sec=30799.3   simsec/sec=0.410004   ev/simsec=75119.6
     Messages:  created: 35055596   present: 4368   in FES: 155
** Event #26224384   t=464.857657881895   Elapsed: 751.605s (12m 31s)  92% completed  (46% total)
     Speed:     ev/sec=34683.6   simsec/sec=0.195996   ev/simsec=176960
     Messages:  created: 35152130   present: 4189   in FES: 155
** Event #26290688   t=465.69882440976   Elapsed: 753.612s (12m 33s)  93% completed  (46% total)
     Speed:     ev/sec=33043.6   simsec/sec=0.419208   ev/simsec=78823.9
     Messages:  created: 35239533   present: 3799   in FES: 144
** Event #26358272   t=466.939879812396   Elapsed: 755.618s (12m 35s)  93% completed  (46% total)
     Speed:     ev/sec=33690.7   simsec/sec=0.618668   ev/simsec=54456.9
     Messages:  created: 35329737   present: 3852   in FES: 159
** Event #26425856   t=468.144998437101   Elapsed: 757.624s (12m 37s)  93% completed  (46% total)
     Speed:     ev/sec=33686.1   simsec/sec=0.60067   ev/simsec=56080.8
     Messages:  created: 35419323   present: 3816   in FES: 139
** Event #26493440   t=469.390854355885   Elapsed: 759.631s (12m 39s)  93% completed  (46% total)
     Speed:     ev/sec=33680.6   simsec/sec=0.620875   ev/simsec=54247
     Messages:  created: 35509232   present: 3850   in FES: 156
** Event #26555904   t=470.640204792922   Elapsed: 761.639s (12m 41s)  94% completed  (47% total)
     Speed:     ev/sec=31096.7   simsec/sec=0.621968   ev/simsec=49997.2
     Messages:  created: 35592436   present: 3834   in FES: 143
** Event #26626304   t=472.079279472999   Elapsed: 763.645s (12m 43s)  94% completed  (47% total)
     Speed:     ev/sec=35099.9   simsec/sec=0.717491   ev/simsec=48920.3
     Messages:  created: 35686151   present: 3934   in FES: 160
** Event #26695168   t=472.808993455717   Elapsed: 765.648s (12m 45s)  94% completed  (47% total)
     Speed:     ev/sec=34390.1   simsec/sec=0.364414   ev/simsec=94371.2
     Messages:  created: 35778131   present: 3517   in FES: 161
** Event #26762752   t=474.068051713359   Elapsed: 767.653s (12m 47s)  94% completed  (47% total)
     Speed:     ev/sec=33698.5   simsec/sec=0.627786   ev/simsec=53678.2
     Messages:  created: 35868124   present: 3380   in FES: 128
** Event #26830080   t=475.26900274266   Elapsed: 769.655s (12m 49s)  95% completed  (47% total)
     Speed:     ev/sec=33640.4   simsec/sec=0.600054   ev/simsec=56062.2
     Messages:  created: 35957623   present: 3426   in FES: 140
** Event #26898176   t=476.548281816893   Elapsed: 771.662s (12m 51s)  95% completed  (47% total)
     Speed:     ev/sec=33917   simsec/sec=0.637178   ev/simsec=53230
     Messages:  created: 36048358   present: 3433   in FES: 141
** Event #26967552   t=477.906609823134   Elapsed: 773.663s (12m 53s)  95% completed  (47% total)
     Speed:     ev/sec=34678.3   simsec/sec=0.678974   ev/simsec=51074.6
     Messages:  created: 36141137   present: 3500   in FES: 155
** Event #27029504   t=479.071233845382   Elapsed: 775.669s (12m 55s)  95% completed  (47% total)
     Speed:     ev/sec=30881.4   simsec/sec=0.580533   ev/simsec=53194.8
     Messages:  created: 36223422   present: 3548   in FES: 155
** Event #27098880   t=480.316160115354   Elapsed: 777.674s (12m 57s)  96% completed  (48% total)
     Speed:     ev/sec=34597.8   simsec/sec=0.620845   ev/simsec=55727
     Messages:  created: 36315482   present: 3504   in FES: 135
** Event #27165952   t=481.582831290614   Elapsed: 779.68s (12m 59s)  96% completed  (48% total)
     Speed:     ev/sec=33445.1   simsec/sec=0.631618   ev/simsec=52951.4
     Messages:  created: 36404794   present: 3510   in FES: 128
** Event #27237120   t=482.984203274055   Elapsed: 781.68s (13m 01s)  96% completed  (48% total)
     Speed:     ev/sec=35580.6   simsec/sec=0.700619   ev/simsec=50784.5
     Messages:  created: 36499962   present: 3592   in FES: 162
** Event #27308288   t=484.279820826567   Elapsed: 783.681s (13m 03s)  96% completed  (48% total)
     Speed:     ev/sec=35559   simsec/sec=0.647353   ev/simsec=54929.8
     Messages:  created: 36593983   present: 3611   in FES: 156
** Event #27378176   t=485.625170286174   Elapsed: 785.686s (13m 05s)  97% completed  (48% total)
     Speed:     ev/sec=34867.4   simsec/sec=0.671201   ev/simsec=51947.8
     Messages:  created: 36686837   present: 3621   in FES: 155
** Event #27437568   t=486.783559205921   Elapsed: 787.686s (13m 07s)  97% completed  (48% total)
     Speed:     ev/sec=29687.2   simsec/sec=0.579022   ev/simsec=51271.2
     Messages:  created: 36765969   present: 3668   in FES: 154
** Event #27505152   t=488.073698913244   Elapsed: 789.692s (13m 09s)  97% completed  (48% total)
     Speed:     ev/sec=33701.7   simsec/sec=0.643346   ev/simsec=52385
     Messages:  created: 36855483   present: 3659   in FES: 136
** Event #27573248   t=489.39053215929   Elapsed: 791.702s (13m 11s)  97% completed  (48% total)
     Speed:     ev/sec=33870.6   simsec/sec=0.654986   ev/simsec=51711.9
     Messages:  created: 36945617   present: 3702   in FES: 157
** Event #27646976   t=490.83021944094   Elapsed: 793.705s (13m 13s)  98% completed  (49% total)
     Speed:     ev/sec=36807.5   simsec/sec=0.71874   ev/simsec=51211.1
     Messages:  created: 37043760   present: 3690   in FES: 149
** Event #27719680   t=492.156191659501   Elapsed: 795.711s (13m 15s)  98% completed  (49% total)
     Speed:     ev/sec=36237.1   simsec/sec=0.660891   ev/simsec=54830.7
     Messages:  created: 37140223   present: 3718   in FES: 139
** Event #27788544   t=493.518306666999   Elapsed: 797.715s (13m 17s)  98% completed  (49% total)
     Speed:     ev/sec=34370.8   simsec/sec=0.679846   ev/simsec=50556.7
     Messages:  created: 37231533   present: 3747   in FES: 148
** Event #27851008   t=494.739820490235   Elapsed: 799.717s (13m 19s)  98% completed  (49% total)
     Speed:     ev/sec=31205.2   simsec/sec=0.610232   ev/simsec=51136.5
     Messages:  created: 37314860   present: 3807   in FES: 156
** Event #27923968   t=496.095320034803   Elapsed: 801.718s (13m 21s)  99% completed  (49% total)
     Speed:     ev/sec=36459.6   simsec/sec=0.677371   ev/simsec=53825.2
     Messages:  created: 37411599   present: 3813   in FES: 156
** Event #27995648   t=497.505236310628   Elapsed: 803.721s (13m 23s)  99% completed  (49% total)
     Speed:     ev/sec=35782.8   simsec/sec=0.703833   ev/simsec=50839.9
     Messages:  created: 37506576   present: 3833   in FES: 157
** Event #28067584   t=498.974560735997   Elapsed: 805.727s (13m 25s)  99% completed  (49% total)
     Speed:     ev/sec=35867.1   simsec/sec=0.732601   ev/simsec=48958.6
     Messages:  created: 37602635   present: 3782   in FES: 135
** Event #28117990   t=500   Elapsed: 807.133s (13m 27s)  100% completed  (50% total)
     Speed:     ev/sec=35830.6   simsec/sec=0.728938   ev/simsec=49154.5
     Messages:  created: 37669506   present: 3797   in FES: 125

<!> Simulation time limit reached -- at t=500s, event #28117990
undisposed object: (omnetpp::cMessage) FanetReconNetwork.groundStation.app.debugTimer -- check module destructor
undisposed object: (omnetpp::cMessage) FanetReconNetwork.uav[0].app.debugTimer -- check module destructor
undisposed object: (omnetpp::cMessage) FanetReconNetwork.uav[1].app.debugTimer -- check module destructor
undisposed object: (omnetpp::cMessage) FanetReconNetwork.uav[2].app.debugTimer -- check module destructor
undisposed object: (omnetpp::cMessage) FanetReconNetwork.uav[3].app.debugTimer -- check module destructor
undisposed object: (omnetpp::cMessage) FanetReconNetwork.uav[4].app.debugTimer -- check module destructor
undisposed object: (omnetpp::cMessage) FanetReconNetwork.uav[5].app.debugTimer -- check module destructor
undisposed object: (omnetpp::cMessage) FanetReconNetwork.uav[6].app.debugTimer -- check module destructor
undisposed object: (omnetpp::cMessage) FanetReconNetwork.uav[7].app.debugTimer -- check module destructor
undisposed object: (omnetpp::cMessage) FanetReconNetwork.uav[8].app.debugTimer -- check module destructor
undisposed object: (omnetpp::cMessage) FanetReconNetwork.uav[9].app.debugTimer -- check module destructor
undisposed object: (omnetpp::cMessage) FanetReconNetwork.uav[10].app.debugTimer -- check module destructor
undisposed object: (omnetpp::cMessage) FanetReconNetwork.uav[11].app.debugTimer -- check module destructor
undisposed object: (omnetpp::cMessage) FanetReconNetwork.uav[12].app.debugTimer -- check module destructor
undisposed object: (omnetpp::cMessage) FanetReconNetwork.uav[13].app.debugTimer -- check module destructor
undisposed object: (omnetpp::cMessage) FanetReconNetwork.uav[14].app.debugTimer -- check module destructor
undisposed object: (omnetpp::cMessage) FanetReconNetwork.uav[15].app.debugTimer -- check module destructor
undisposed object: (omnetpp::cMessage) FanetReconNetwork.uav[16].app.debugTimer -- check module destructor
undisposed object: (omnetpp::cMessage) FanetReconNetwork.uav[17].app.debugTimer -- check module destructor
undisposed object: (omnetpp::cMessage) FanetReconNetwork.uav[18].app.debugTimer -- check module destructor
undisposed object: (omnetpp::cMessage) FanetReconNetwork.uav[19].app.debugTimer -- check module destructor
undisposed object: (omnetpp::cMessage) FanetReconNetwork.uav[20].app.debugTimer -- check module destructor
undisposed object: (omnetpp::cMessage) FanetReconNetwork.uav[21].app.debugTimer -- check module destructor
undisposed object: (omnetpp::cMessage) FanetReconNetwork.uav[22].app.debugTimer -- check module destructor
undisposed object: (omnetpp::cMessage) FanetReconNetwork.uav[23].app.debugTimer -- check module destructor
undisposed object: (omnetpp::cMessage) FanetReconNetwork.uav[24].app.debugTimer -- check module destructor
undisposed object: (omnetpp::cMessage) FanetReconNetwork.uav[25].app.debugTimer -- check module destructor
undisposed object: (omnetpp::cMessage) FanetReconNetwork.uav[26].app.debugTimer -- check module destructor
undisposed object: (omnetpp::cMessage) FanetReconNetwork.uav[27].app.debugTimer -- check module destructor
undisposed object: (omnetpp::cMessage) FanetReconNetwork.uav[28].app.debugTimer -- check module destructor
undisposed object: (omnetpp::cMessage) FanetReconNetwork.uav[29].app.debugTimer -- check module destructor
