** Event #0   t=0   Elapsed: 2.1e-05s (0m 00s)  0% completed  (0% total)
     Speed:     ev/sec=0   simsec/sec=0   ev/simsec=0
     Messages:  created: 1178   present: 1178   in FES: 186
** Event #101632   t=29.068238216505   Elapsed: 2.0041s (0m 02s)  5% completed  (2% total)
     Speed:     ev/sec=50713   simsec/sec=14.5045   ev/simsec=3496.36
     Messages:  created: 99816   present: 1208   in FES: 149
** Event #197120   t=57.046203393927   Elapsed: 4.00795s (0m 04s)  11% completed  (5% total)
     Speed:     ev/sec=47652.2   simsec/sec=13.9621   ev/simsec=3412.97
     Messages:  created: 192030   present: 1197   in FES: 148
** Event #287232   t=83.068242248017   Elapsed: 6.01228s (0m 06s)  16% completed  (8% total)
     Speed:     ev/sec=44958.5   simsec/sec=12.9829   ev/simsec=3462.91
     Messages:  created: 279394   present: 1169   in FES: 136
** Event #387072   t=100.591095169985   Elapsed: 8.01379s (0m 08s)  20% completed  (10% total)
     Speed:     ev/sec=49882.5   simsec/sec=8.75484   ev/simsec=5697.7
     Messages:  created: 392170   present: 1253   in FES: 172
** Event #472576   t=100.988166561816   Elapsed: 10.0258s (0m 10s)  20% completed  (10% total)
     Speed:     ev/sec=42497.7   simsec/sec=0.197355   ev/simsec=215337
     Messages:  created: 509994   present: 1286   in FES: 168
** Event #549376   t=101.176956717806   Elapsed: 12.0298s (0m 12s)  20% completed  (10% total)
     Speed:     ev/sec=38322.7   simsec/sec=0.0942052   ev/simsec=406801
     Messages:  created: 616149   present: 1404   in FES: 190
** Event #626432   t=101.376682969219   Elapsed: 14.036s (0m 14s)  20% completed  (10% total)
     Speed:     ev/sec=38409.6   simsec/sec=0.0995562   ev/simsec=385808
     Messages:  created: 723156   present: 1312   in FES: 162
** Event #697344   t=102.319069286574   Elapsed: 16.0397s (0m 16s)  20% completed  (10% total)
     Speed:     ev/sec=35389.6   simsec/sec=0.470311   ev/simsec=75247.3
     Messages:  created: 819893   present: 1252   in FES: 159
** Event #773888   t=104.077819004331   Elapsed: 18.0418s (0m 18s)  20% completed  (10% total)
     Speed:     ev/sec=38232   simsec/sec=0.878456   ev/simsec=43521.8
     Messages:  created: 922657   present: 1266   in FES: 155
** Event #848384   t=105.845101923545   Elapsed: 20.0439s (0m 20s)  21% completed  (10% total)
     Speed:     ev/sec=37208.3   simsec/sec=0.882699   ev/simsec=42152.8
     Messages:  created: 1022890   present: 1315   in FES: 163
** Event #926208   t=106.401815985406   Elapsed: 22.0464s (0m 22s)  21% completed  (10% total)
     Speed:     ev/sec=38864.1   simsec/sec=0.278014   ev/simsec=139792
     Messages:  created: 1129352   present: 1337   in FES: 143
** Event #1007104   t=106.583209836196   Elapsed: 24.051s (0m 24s)  21% completed  (10% total)
     Speed:     ev/sec=40355.2   simsec/sec=0.0904888   ev/simsec=445969
     Messages:  created: 1241603   present: 1369   in FES: 142
** Event #1075968   t=106.742227282268   Elapsed: 26.0516s (0m 26s)  21% completed  (10% total)
     Speed:     ev/sec=34422   simsec/sec=0.0794856   ev/simsec=433059
     Messages:  created: 1337194   present: 1413   in FES: 163
** Event #1160704   t=108.001940603303   Elapsed: 28.055s (0m 28s)  21% completed  (10% total)
     Speed:     ev/sec=42296.6   simsec/sec=0.628796   ev/simsec=67266.1
     Messages:  created: 1452523   present: 1271   in FES: 132
** Event #1247488   t=109.339980987373   Elapsed: 30.0554s (0m 30s)  21% completed  (10% total)
     Speed:     ev/sec=43381.5   simsec/sec=0.668859   ev/simsec=64859
     Messages:  created: 1569539   present: 1429   in FES: 133
** Event #1339904   t=109.565663412654   Elapsed: 32.0587s (0m 32s)  21% completed  (10% total)
     Speed:     ev/sec=46131.7   simsec/sec=0.112655   ev/simsec=409496
     Messages:  created: 1697847   present: 1475   in FES: 156
** Event #1416960   t=109.752392802614   Elapsed: 34.0624s (0m 34s)  21% completed  (10% total)
     Speed:     ev/sec=38457.2   simsec/sec=0.0931931   ev/simsec=412661
     Messages:  created: 1804719   present: 1450   in FES: 138
** Event #1484032   t=110.43780993359   Elapsed: 36.0643s (0m 36s)  22% completed  (11% total)
     Speed:     ev/sec=33504.5   simsec/sec=0.342386   ev/simsec=97855.7
     Messages:  created: 1896005   present: 1407   in FES: 157
** Event #1558784   t=111.347258104062   Elapsed: 38.0724s (0m 38s)  22% completed  (11% total)
     Speed:     ev/sec=37226.1   simsec/sec=0.4529   ev/simsec=82194.9
     Messages:  created: 1997821   present: 1433   in FES: 154
** Event #1637120   t=111.873112553282   Elapsed: 40.0766s (0m 40s)  22% completed  (11% total)
     Speed:     ev/sec=39085.1   simsec/sec=0.262371   ev/simsec=148969
     Messages:  created: 2106316   present: 1437   in FES: 143
** Event #1719040   t=112.529170044581   Elapsed: 42.0779s (0m 42s)  22% completed  (11% total)
     Speed:     ev/sec=40934.6   simsec/sec=0.327825   ev/simsec=124867
     Messages:  created: 2218654   present: 1364   in FES: 127
** Event #1798144   t=113.052267326682   Elapsed: 44.0825s (0m 44s)  22% completed  (11% total)
     Speed:     ev/sec=39460.5   simsec/sec=0.260943   ev/simsec=151222
     Messages:  created: 2327951   present: 1485   in FES: 147
** Event #1880064   t=113.609453434528   Elapsed: 46.2605s (0m 46s)  22% completed  (11% total)
     Speed:     ev/sec=37611.9   simsec/sec=0.255821   ev/simsec=147024
     Messages:  created: 2440923   present: 1455   in FES: 146
** Event #1970944   t=114.308593127012   Elapsed: 48.2624s (0m 48s)  22% completed  (11% total)
     Speed:     ev/sec=45396.4   simsec/sec=0.349234   ev/simsec=129988
     Messages:  created: 2565862   present: 1550   in FES: 164
** Event #2064128   t=114.929862454518   Elapsed: 50.2629s (0m 50s)  22% completed  (11% total)
     Speed:     ev/sec=46582   simsec/sec=0.310568   ev/simsec=149990
     Messages:  created: 2694916   present: 1506   in FES: 154
** Event #2148608   t=115.340735898987   Elapsed: 52.2673s (0m 52s)  23% completed  (11% total)
     Speed:     ev/sec=42147.7   simsec/sec=0.204988   ev/simsec=205611
     Messages:  created: 2811358   present: 1648   in FES: 196
** Event #2235136   t=115.622591792889   Elapsed: 54.27s (0m 54s)  23% completed  (11% total)
     Speed:     ev/sec=43204.1   simsec/sec=0.140733   ev/simsec=306994
     Messages:  created: 2931335   present: 1540   in FES: 152
** Event #2317312   t=115.871443921197   Elapsed: 56.2738s (0m 56s)  23% completed  (11% total)
     Speed:     ev/sec=41010.7   simsec/sec=0.124192   ev/simsec=330220
     Messages:  created: 3045621   present: 1594   in FES: 157
** Event #2406912   t=116.143606252599   Elapsed: 58.2787s (0m 58s)  23% completed  (11% total)
     Speed:     ev/sec=44689.6   simsec/sec=0.135746   ev/simsec=329215
     Messages:  created: 3169396   present: 1585   in FES: 162
** Event #2482688   t=116.36880011099   Elapsed: 60.2808s (1m 00s)  23% completed  (11% total)
     Speed:     ev/sec=37848.2   simsec/sec=0.112479   ev/simsec=336492
     Messages:  created: 3274498   present: 1574   in FES: 155
** Event #2582528   t=116.670279958472   Elapsed: 62.2926s (1m 02s)  23% completed  (11% total)
     Speed:     ev/sec=49628.3   simsec/sec=0.149859   ev/simsec=331166
     Messages:  created: 3412825   present: 1627   in FES: 166
** Event #2662656   t=116.916521792175   Elapsed: 64.2953s (1m 04s)  23% completed  (11% total)
     Speed:     ev/sec=40011   simsec/sec=0.122958   ev/simsec=325404
     Messages:  created: 3523964   present: 1594   in FES: 154
** Event #2735872   t=117.134867437507   Elapsed: 66.2998s (1m 06s)  23% completed  (11% total)
     Speed:     ev/sec=36524.8   simsec/sec=0.108925   ev/simsec=335322
     Messages:  created: 3624941   present: 1596   in FES: 164
** Event #2825472   t=117.809184920839   Elapsed: 68.3041s (1m 08s)  23% completed  (11% total)
     Speed:     ev/sec=44703.8   simsec/sec=0.336434   ev/simsec=132875
     Messages:  created: 3748742   present: 1588   in FES: 147
** Event #2924032   t=118.121096580839   Elapsed: 70.3108s (1m 10s)  23% completed  (11% total)
     Speed:     ev/sec=49116.7   simsec/sec=0.155439   ev/simsec=315987
     Messages:  created: 3885066   present: 1787   in FES: 200
** Event #2998528   t=118.294631501373   Elapsed: 72.3118s (1m 12s)  23% completed  (11% total)
     Speed:     ev/sec=37229.5   simsec/sec=0.0867244   ev/simsec=429285
     Messages:  created: 3988656   present: 1778   in FES: 208
** Event #3067392   t=118.412261194766   Elapsed: 74.3134s (1m 14s)  23% completed  (11% total)
     Speed:     ev/sec=34404.3   simsec/sec=0.0587675   ev/simsec=585430
     Messages:  created: 4084941   present: 1720   in FES: 172
** Event #3142144   t=118.588339202031   Elapsed: 76.3162s (1m 16s)  23% completed  (11% total)
     Speed:     ev/sec=37322.5   simsec/sec=0.0879129   ev/simsec=424539
     Messages:  created: 4189463   present: 1555   in FES: 148
** Event #3222016   t=118.812884690458   Elapsed: 78.3198s (1m 18s)  23% completed  (11% total)
     Speed:     ev/sec=39865.3   simsec/sec=0.112074   ev/simsec=355705
     Messages:  created: 4301063   present: 1618   in FES: 127
** Event #3304960   t=119.071368865761   Elapsed: 80.3265s (1m 20s)  23% completed  (11% total)
     Speed:     ev/sec=41333.5   simsec/sec=0.12881   ev/simsec=320886
     Messages:  created: 4416293   present: 1690   in FES: 153
** Event #3402240   t=119.773387110465   Elapsed: 82.3272s (1m 22s)  23% completed  (11% total)
     Speed:     ev/sec=48621.8   simsec/sec=0.350878   ev/simsec=138572
     Messages:  created: 4550667   present: 1560   in FES: 162
** Event #3483904   t=120.316580873657   Elapsed: 84.3283s (1m 24s)  24% completed  (12% total)
     Speed:     ev/sec=40810.5   simsec/sec=0.271454   ev/simsec=150340
     Messages:  created: 4663071   present: 1657   in FES: 148
** Event #3565568   t=120.868366273193   Elapsed: 86.3303s (1m 26s)  24% completed  (12% total)
     Speed:     ev/sec=40790.2   simsec/sec=0.27561   ev/simsec=148000
     Messages:  created: 4776041   present: 1632   in FES: 148
** Event #3650304   t=121.431694938992   Elapsed: 88.3381s (1m 28s)  24% completed  (12% total)
     Speed:     ev/sec=42203.1   simsec/sec=0.280568   ev/simsec=150420
     Messages:  created: 4892307   present: 1604   in FES: 137
** Event #3731200   t=122.044604756201   Elapsed: 90.3392s (1m 30s)  24% completed  (12% total)
     Speed:     ev/sec=40426.8   simsec/sec=0.306294   ev/simsec=131987
     Messages:  created: 5003968   present: 1673   in FES: 160
** Event #3811840   t=122.582439525545   Elapsed: 92.3825s (1m 32s)  24% completed  (12% total)
     Speed:     ev/sec=39464.8   simsec/sec=0.263214   ev/simsec=149935
     Messages:  created: 5114955   present: 1603   in FES: 124
** Event #3890432   t=123.182423235003   Elapsed: 94.3837s (1m 34s)  24% completed  (12% total)
     Speed:     ev/sec=39274.2   simsec/sec=0.299825   ev/simsec=130990
     Messages:  created: 5222853   present: 1649   in FES: 146
** Event #3980288   t=123.85445993302   Elapsed: 96.3858s (1m 36s)  24% completed  (12% total)
     Speed:     ev/sec=44880   simsec/sec=0.335659   ev/simsec=133707
     Messages:  created: 5347139   present: 1674   in FES: 154
** Event #4067328   t=124.529440008154   Elapsed: 98.3912s (1m 38s)  24% completed  (12% total)
     Speed:     ev/sec=43401.6   simsec/sec=0.336572   ev/simsec=128952
     Messages:  created: 5466713   present: 1686   in FES: 154
** Event #4153344   t=125.075956522978   Elapsed: 100.393s (1m 40s)  25% completed  (12% total)
     Speed:     ev/sec=42965.7   simsec/sec=0.272989   ev/simsec=157390
     Messages:  created: 5585376   present: 1763   in FES: 162
** Event #4232960   t=125.629686093256   Elapsed: 102.4s (1m 42s)  25% completed  (12% total)
     Speed:     ev/sec=39666.3   simsec/sec=0.275879   ev/simsec=143781
     Messages:  created: 5695262   present: 1669   in FES: 134
** Event #4313344   t=126.054960804614   Elapsed: 104.404s (1m 44s)  25% completed  (12% total)
     Speed:     ev/sec=40122.9   simsec/sec=0.212272   ev/simsec=189017
     Messages:  created: 5806513   present: 1834   in FES: 162
** Event #4409856   t=126.300305751751   Elapsed: 106.406s (1m 46s)  25% completed  (12% total)
     Speed:     ev/sec=48213.8   simsec/sec=0.122565   ev/simsec=393373
     Messages:  created: 5940368   present: 1795   in FES: 158
** Event #4496128   t=126.508874132974   Elapsed: 108.408s (1m 48s)  25% completed  (12% total)
     Speed:     ev/sec=43092.2   simsec/sec=0.104178   ev/simsec=413639
     Messages:  created: 6061133   present: 1806   in FES: 156
** Event #4577024   t=126.710467116015   Elapsed: 110.408s (1m 50s)  25% completed  (12% total)
     Speed:     ev/sec=40441.6   simsec/sec=0.100781   ev/simsec=401284
     Messages:  created: 6174653   present: 1693   in FES: 135
** Event #4648448   t=126.895897698689   Elapsed: 112.409s (1m 52s)  25% completed  (12% total)
     Speed:     ev/sec=35698   simsec/sec=0.092679   ev/simsec=385179
     Messages:  created: 6275036   present: 1833   in FES: 159
** Event #4735744   t=127.129271731811   Elapsed: 114.409s (1m 54s)  25% completed  (12% total)
     Speed:     ev/sec=43641   simsec/sec=0.116668   ev/simsec=374060
     Messages:  created: 6395576   present: 1788   in FES: 162
** Event #4825344   t=127.798547098662   Elapsed: 116.414s (1m 56s)  25% completed  (12% total)
     Speed:     ev/sec=44692.6   simsec/sec=0.333835   ev/simsec=133876
     Messages:  created: 6519518   present: 1799   in FES: 149
** Event #4914944   t=128.354398875286   Elapsed: 118.415s (1m 58s)  25% completed  (12% total)
     Speed:     ev/sec=44766   simsec/sec=0.277715   ev/simsec=161194
     Messages:  created: 6642828   present: 1805   in FES: 167
** Event #4994048   t=128.826264238027   Elapsed: 120.423s (2m 00s)  25% completed  (12% total)
     Speed:     ev/sec=39410.3   simsec/sec=0.235087   ev/simsec=167641
     Messages:  created: 6752580   present: 1853   in FES: 155
** Event #5084928   t=129.440797306831   Elapsed: 122.423s (2m 02s)  25% completed  (12% total)
     Speed:     ev/sec=45423   simsec/sec=0.307152   ev/simsec=147885
     Messages:  created: 6877721   present: 1828   in FES: 156
** Event #5177856   t=130.075286949518   Elapsed: 124.426s (2m 04s)  26% completed  (13% total)
     Speed:     ev/sec=46408.3   simsec/sec=0.316865   ev/simsec=146461
     Messages:  created: 7006116   present: 1870   in FES: 162
** Event #5261056   t=130.467844608023   Elapsed: 126.427s (2m 06s)  26% completed  (13% total)
     Speed:     ev/sec=41564.9   simsec/sec=0.196113   ev/simsec=211943
     Messages:  created: 7121219   present: 1877   in FES: 174
** Event #5347840   t=130.713906647129   Elapsed: 128.437s (2m 08s)  26% completed  (13% total)
     Speed:     ev/sec=43177.4   simsec/sec=0.122423   ev/simsec=352692
     Messages:  created: 7241496   present: 1866   in FES: 159
** Event #5450752   t=130.996558524234   Elapsed: 130.442s (2m 10s)  26% completed  (13% total)
     Speed:     ev/sec=51342.4   simsec/sec=0.141014   ev/simsec=364095
     Messages:  created: 7384415   present: 1890   in FES: 158
** Event #5538560   t=131.230029153662   Elapsed: 132.448s (2m 12s)  26% completed  (13% total)
     Speed:     ev/sec=43761.2   simsec/sec=0.116356   ev/simsec=376099
     Messages:  created: 7506110   present: 1968   in FES: 185
** Event #5636352   t=131.490170004709   Elapsed: 134.449s (2m 14s)  26% completed  (13% total)
     Speed:     ev/sec=48886.8   simsec/sec=0.130046   ev/simsec=375919
     Messages:  created: 7642179   present: 1852   in FES: 140
** Event #5729792   t=131.795107064633   Elapsed: 136.455s (2m 16s)  26% completed  (13% total)
     Speed:     ev/sec=46579.3   simsec/sec=0.152009   ev/simsec=306424
     Messages:  created: 7771876   present: 1992   in FES: 178
** Event #5819136   t=132.060163275551   Elapsed: 138.455s (2m 18s)  26% completed  (13% total)
     Speed:     ev/sec=44663.4   simsec/sec=0.132503   ev/simsec=337076
     Messages:  created: 7895677   present: 1943   in FES: 158
** Event #5921536   t=132.337988669793   Elapsed: 140.46s (2m 20s)  26% completed  (13% total)
     Speed:     ev/sec=51074.5   simsec/sec=0.138572   ev/simsec=368577
     Messages:  created: 8037606   present: 1853   in FES: 167
** Event #6027520   t=132.988359558369   Elapsed: 142.463s (2m 22s)  26% completed  (13% total)
     Speed:     ev/sec=52913.4   simsec/sec=0.324703   ev/simsec=162959
     Messages:  created: 8184187   present: 1926   in FES: 162
** Event #6117376   t=133.206214219746   Elapsed: 144.467s (2m 24s)  26% completed  (13% total)
     Speed:     ev/sec=44845.1   simsec/sec=0.108726   ev/simsec=412458
     Messages:  created: 8308528   present: 1985   in FES: 170
** Event #6212096   t=133.692346083842   Elapsed: 146.469s (2m 26s)  26% completed  (13% total)
     Speed:     ev/sec=47314.6   simsec/sec=0.242833   ev/simsec=194844
     Messages:  created: 8439615   present: 1924   in FES: 161
** Event #6305792   t=134.043576847464   Elapsed: 148.472s (2m 28s)  26% completed  (13% total)
     Speed:     ev/sec=46762   simsec/sec=0.175293   ev/simsec=266765
     Messages:  created: 8569341   present: 1893   in FES: 142
** Event #6390528   t=134.287681076188   Elapsed: 150.475s (2m 30s)  26% completed  (13% total)
     Speed:     ev/sec=42309   simsec/sec=0.121882   ev/simsec=347130
     Messages:  created: 8686861   present: 1931   in FES: 164
** Event #6482944   t=134.568910158711   Elapsed: 152.479s (2m 32s)  26% completed  (13% total)
     Speed:     ev/sec=46106.8   simsec/sec=0.140306   ev/simsec=328615
     Messages:  created: 8815595   present: 2096   in FES: 196
** Event #6568192   t=134.81943092519   Elapsed: 154.483s (2m 34s)  26% completed  (13% total)
     Speed:     ev/sec=42552.9   simsec/sec=0.125051   ev/simsec=340283
     Messages:  created: 8933934   present: 1985   in FES: 161
** Event #6652928   t=135.046572504933   Elapsed: 156.485s (2m 36s)  27% completed  (13% total)
     Speed:     ev/sec=42323.3   simsec/sec=0.113451   ev/simsec=373054
     Messages:  created: 9051449   present: 2102   in FES: 191
** Event #6752768   t=135.560325136992   Elapsed: 158.487s (2m 38s)  27% completed  (13% total)
     Speed:     ev/sec=49860.5   simsec/sec=0.25657   ev/simsec=194335
     Messages:  created: 9189376   present: 1983   in FES: 161
** Event #6844160   t=136.104814359603   Elapsed: 160.489s (2m 40s)  27% completed  (13% total)
     Speed:     ev/sec=45652.7   simsec/sec=0.271986   ev/simsec=167849
     Messages:  created: 9315158   present: 2004   in FES: 185
** Event #6928128   t=136.580575820063   Elapsed: 162.494s (2m 42s)  27% completed  (13% total)
     Speed:     ev/sec=41877.3   simsec/sec=0.237276   ev/simsec=176492
     Messages:  created: 9431256   present: 2015   in FES: 164
** Event #7017472   t=137.003014361648   Elapsed: 164.496s (2m 44s)  27% completed  (13% total)
     Speed:     ev/sec=44633   simsec/sec=0.211035   ev/simsec=211496
     Messages:  created: 9554854   present: 1984   in FES: 166
** Event #7124736   t=137.21724720327   Elapsed: 166.498s (2m 46s)  27% completed  (13% total)
     Speed:     ev/sec=53585.8   simsec/sec=0.107024   ev/simsec=500689
     Messages:  created: 9703950   present: 2076   in FES: 160
** Event #7220736   t=137.425927914524   Elapsed: 168.505s (2m 48s)  27% completed  (13% total)
     Speed:     ev/sec=47836.6   simsec/sec=0.103985   ev/simsec=460033
     Messages:  created: 9837438   present: 2069   in FES: 162
** Event #7297280   t=137.588486304885   Elapsed: 170.603s (2m 50s)  27% completed  (13% total)
     Speed:     ev/sec=36470.3   simsec/sec=0.0774528   ev/simsec=470871
     Messages:  created: 9943972   present: 1972   in FES: 146
** Event #7395584   t=137.917240989173   Elapsed: 172.605s (2m 52s)  27% completed  (13% total)
     Speed:     ev/sec=49109.1   simsec/sec=0.164234   ev/simsec=299019
     Messages:  created: 10080358   present: 2028   in FES: 156
** Event #7488256   t=138.218259526946   Elapsed: 174.608s (2m 54s)  27% completed  (13% total)
     Speed:     ev/sec=46264.1   simsec/sec=0.150276   ev/simsec=307861
     Messages:  created: 10208281   present: 2030   in FES: 156
** Event #7586048   t=138.715458404726   Elapsed: 176.614s (2m 56s)  27% completed  (13% total)
     Speed:     ev/sec=48748.9   simsec/sec=0.247852   ev/simsec=196686
     Messages:  created: 10343638   present: 1987   in FES: 151
** Event #7688448   t=139.333825975014   Elapsed: 178.616s (2m 58s)  27% completed  (13% total)
     Speed:     ev/sec=51150.2   simsec/sec=0.308883   ev/simsec=165597
     Messages:  created: 10484549   present: 2037   in FES: 155
** Event #7792128   t=139.93609730112   Elapsed: 180.618s (3m 00s)  27% completed  (13% total)
     Speed:     ev/sec=51799.1   simsec/sec=0.300898   ev/simsec=172148
     Messages:  created: 10627909   present: 2041   in FES: 155
** Event #7895552   t=140.383841244929   Elapsed: 182.623s (3m 02s)  28% completed  (14% total)
     Speed:     ev/sec=51579.5   simsec/sec=0.223299   ev/simsec=230989
     Messages:  created: 10770359   present: 2121   in FES: 164
** Event #7986432   t=140.578318175835   Elapsed: 184.624s (3m 04s)  28% completed  (14% total)
     Speed:     ev/sec=45423.1   simsec/sec=0.0972024   ev/simsec=467305
     Messages:  created: 10896605   present: 2046   in FES: 146
** Event #8084992   t=141.076965973482   Elapsed: 186.624s (3m 06s)  28% completed  (14% total)
     Speed:     ev/sec=49271.2   simsec/sec=0.249279   ev/simsec=197655
     Messages:  created: 11032482   present: 2071   in FES: 152
** Event #8188416   t=141.699839316294   Elapsed: 188.625s (3m 08s)  28% completed  (14% total)
     Speed:     ev/sec=51674.6   simsec/sec=0.311211   ev/simsec=166043
     Messages:  created: 11175320   present: 2074   in FES: 155
** Event #8294912   t=142.33608132992   Elapsed: 190.629s (3m 10s)  28% completed  (14% total)
     Speed:     ev/sec=53151.4   simsec/sec=0.317544   ev/simsec=167383
     Messages:  created: 11321943   present: 2176   in FES: 186
** Event #8389376   t=142.865243695109   Elapsed: 192.634s (3m 12s)  28% completed  (14% total)
     Speed:     ev/sec=47108.2   simsec/sec=0.263888   ev/simsec=178516
     Messages:  created: 11452356   present: 2101   in FES: 157
** Event #8493824   t=143.586346611441   Elapsed: 194.638s (3m 14s)  28% completed  (14% total)
     Speed:     ev/sec=52122.2   simsec/sec=0.359849   ev/simsec=144845
     Messages:  created: 11595898   present: 2093   in FES: 150
** Event #8580608   t=144.191051928134   Elapsed: 196.639s (3m 16s)  28% completed  (14% total)
     Speed:     ev/sec=43369.5   simsec/sec=0.302196   ev/simsec=143515
     Messages:  created: 11715031   present: 2129   in FES: 154
** Event #8683520   t=144.86586992654   Elapsed: 198.645s (3m 18s)  28% completed  (14% total)
     Speed:     ev/sec=51318.6   simsec/sec=0.336508   ev/simsec=152503
     Messages:  created: 11857168   present: 2185   in FES: 167
** Event #8784128   t=145.676506188378   Elapsed: 200.647s (3m 20s)  29% completed  (14% total)
     Speed:     ev/sec=50253.2   simsec/sec=0.404909   ev/simsec=124110
     Messages:  created: 11994816   present: 2116   in FES: 154
** Event #8886016   t=146.508378470181   Elapsed: 202.647s (3m 22s)  29% completed  (14% total)
     Speed:     ev/sec=50923.2   simsec/sec=0.415766   ev/simsec=122480
     Messages:  created: 12134530   present: 2116   in FES: 155
** Event #8983552   t=147.020716565413   Elapsed: 204.651s (3m 24s)  29% completed  (14% total)
     Speed:     ev/sec=48683.5   simsec/sec=0.255725   ev/simsec=190374
     Messages:  created: 12269258   present: 2194   in FES: 169
** Event #9082880   t=147.565964123844   Elapsed: 206.651s (3m 26s)  29% completed  (14% total)
     Speed:     ev/sec=49653.3   simsec/sec=0.272565   ev/simsec=182170
     Messages:  created: 12406359   present: 2307   in FES: 187
** Event #9171712   t=148.079387657049   Elapsed: 208.657s (3m 28s)  29% completed  (14% total)
     Speed:     ev/sec=44285.4   simsec/sec=0.255957   ev/simsec=173019
     Messages:  created: 12529008   present: 2246   in FES: 156
** Event #9270016   t=148.683262629112   Elapsed: 210.666s (3m 30s)  29% completed  (14% total)
     Speed:     ev/sec=48933.4   simsec/sec=0.300595   ev/simsec=162789
     Messages:  created: 12664959   present: 2209   in FES: 160
** Event #9371392   t=149.230682961864   Elapsed: 212.813s (3m 32s)  29% completed  (14% total)
     Speed:     ev/sec=47233.2   simsec/sec=0.255054   ev/simsec=185189
     Messages:  created: 12804667   present: 2158   in FES: 148
** Event #9466880   t=149.810905477481   Elapsed: 214.82s (3m 34s)  29% completed  (14% total)
     Speed:     ev/sec=47572   simsec/sec=0.289066   ev/simsec=164571
     Messages:  created: 12937085   present: 2269   in FES: 164
** Event #9561088   t=150.382203694695   Elapsed: 216.821s (3m 36s)  30% completed  (15% total)
     Speed:     ev/sec=47068.9   simsec/sec=0.285436   ev/simsec=164902
     Messages:  created: 13066516   present: 2229   in FES: 160
** Event #9654784   t=150.627471536678   Elapsed: 218.823s (3m 38s)  30% completed  (15% total)
     Speed:     ev/sec=46800.9   simsec/sec=0.122511   ev/simsec=382015
     Messages:  created: 13196555   present: 2380   in FES: 174
** Event #9747968   t=150.885814402435   Elapsed: 220.826s (3m 40s)  30% completed  (15% total)
     Speed:     ev/sec=46537.7   simsec/sec=0.129021   ev/simsec=360699
     Messages:  created: 13325900   present: 2250   in FES: 159
** Event #9834752   t=151.176026729138   Elapsed: 222.828s (3m 42s)  30% completed  (15% total)
     Speed:     ev/sec=43339.1   simsec/sec=0.144929   ev/simsec=299036
     Messages:  created: 13445205   present: 2229   in FES: 141
** Event #9934336   t=151.451944059091   Elapsed: 224.83s (3m 44s)  30% completed  (15% total)
     Speed:     ev/sec=49737.1   simsec/sec=0.137807   ev/simsec=360920
     Messages:  created: 13583007   present: 2315   in FES: 171
** Event #10021632   t=151.645515426012   Elapsed: 226.839s (3m 46s)  30% completed  (15% total)
     Speed:     ev/sec=43448.6   simsec/sec=0.0963436   ev/simsec=450976
     Messages:  created: 13704184   present: 2330   in FES: 169
** Event #10115584   t=151.921751351245   Elapsed: 228.843s (3m 48s)  30% completed  (15% total)
     Speed:     ev/sec=46887.8   simsec/sec=0.137859   ev/simsec=340115
     Messages:  created: 13834499   present: 2300   in FES: 156
** Event #10204416   t=152.345718269596   Elapsed: 230.846s (3m 50s)  30% completed  (15% total)
     Speed:     ev/sec=44354.7   simsec/sec=0.211691   ev/simsec=209526
     Messages:  created: 13956430   present: 2288   in FES: 158
** Event #10293248   t=152.87667383215   Elapsed: 232.848s (3m 52s)  30% completed  (15% total)
     Speed:     ev/sec=44374.3   simsec/sec=0.265229   ev/simsec=167306
     Messages:  created: 14079306   present: 2295   in FES: 161
** Event #10387200   t=153.450177393654   Elapsed: 234.851s (3m 54s)  30% completed  (15% total)
     Speed:     ev/sec=46897.3   simsec/sec=0.286272   ev/simsec=163821
     Messages:  created: 14208002   present: 2257   in FES: 137
** Event #10483200   t=154.058033232446   Elapsed: 236.853s (3m 56s)  30% completed  (15% total)
     Speed:     ev/sec=47950.9   simsec/sec=0.303617   ev/simsec=157932
     Messages:  created: 14340128   present: 2288   in FES: 139
** Event #10568448   t=154.423311149268   Elapsed: 238.857s (3m 58s)  30% completed  (15% total)
     Speed:     ev/sec=42543.8   simsec/sec=0.182296   ev/simsec=233378
     Messages:  created: 14457576   present: 2421   in FES: 161
** Event #10655744   t=154.617048065823   Elapsed: 240.857s (4m 00s)  30% completed  (15% total)
     Speed:     ev/sec=43641.9   simsec/sec=0.0968549   ev/simsec=450590
     Messages:  created: 14578696   present: 2401   in FES: 160
** Event #10757376   t=154.93921725931   Elapsed: 242.866s (4m 02s)  30% completed  (15% total)
     Speed:     ev/sec=50591.2   simsec/sec=0.160372   ev/simsec=315462
     Messages:  created: 14719543   present: 2452   in FES: 189
** Event #10843136   t=155.122691553747   Elapsed: 244.868s (4m 04s)  31% completed  (15% total)
     Speed:     ev/sec=42845.1   simsec/sec=0.0916624   ev/simsec=467422
     Messages:  created: 14837513   present: 2436   in FES: 199
** Event #10941184   t=155.364583873274   Elapsed: 246.868s (4m 06s)  31% completed  (15% total)
     Speed:     ev/sec=49023.4   simsec/sec=0.120945   ev/simsec=405337
     Messages:  created: 14973388   present: 2402   in FES: 157
** Event #11045888   t=155.672236039574   Elapsed: 248.872s (4m 08s)  31% completed  (15% total)
     Speed:     ev/sec=52252.2   simsec/sec=0.153533   ev/simsec=340332
     Messages:  created: 15118820   present: 2447   in FES: 175
** Event #11155200   t=155.986777180994   Elapsed: 250.879s (4m 10s)  31% completed  (15% total)
     Speed:     ev/sec=54462.6   simsec/sec=0.156714   ev/simsec=347528
     Messages:  created: 15270558   present: 2400   in FES: 156
** Event #11252736   t=156.274650821362   Elapsed: 252.88s (4m 12s)  31% completed  (15% total)
     Speed:     ev/sec=48737.6   simsec/sec=0.143847   ev/simsec=338815
     Messages:  created: 15404962   present: 2361   in FES: 157
** Event #11340032   t=156.546482092113   Elapsed: 254.881s (4m 14s)  31% completed  (15% total)
     Speed:     ev/sec=43621.6   simsec/sec=0.135833   ev/simsec=321140
     Messages:  created: 15526199   present: 2448   in FES: 155
** Event #11434496   t=156.831061201295   Elapsed: 256.882s (4m 16s)  31% completed  (15% total)
     Speed:     ev/sec=47211.6   simsec/sec=0.142228   ev/simsec=331943
     Messages:  created: 15657329   present: 2475   in FES: 177
** Event #11524096   t=157.07169233488   Elapsed: 258.885s (4m 18s)  31% completed  (15% total)
     Speed:     ev/sec=44723.5   simsec/sec=0.12011   ev/simsec=372354
     Messages:  created: 15781621   present: 2460   in FES: 163
** Event #11617792   t=157.300175729222   Elapsed: 260.89s (4m 20s)  31% completed  (15% total)
     Speed:     ev/sec=46744.2   simsec/sec=0.113989   ev/simsec=410078
     Messages:  created: 15911693   present: 2454   in FES: 162
** Event #11704320   t=157.570669893655   Elapsed: 262.893s (4m 22s)  31% completed  (15% total)
     Speed:     ev/sec=43186.9   simsec/sec=0.135006   ev/simsec=319889
     Messages:  created: 16031620   present: 2428   in FES: 163
** Event #11795200   t=157.839488044966   Elapsed: 264.894s (4m 24s)  31% completed  (15% total)
     Speed:     ev/sec=45438.6   simsec/sec=0.134405   ev/simsec=338072
     Messages:  created: 16157615   present: 2451   in FES: 166
** Event #11893760   t=158.127903355491   Elapsed: 266.898s (4m 26s)  31% completed  (15% total)
     Speed:     ev/sec=49162.7   simsec/sec=0.143864   ev/simsec=341729
     Messages:  created: 16293769   present: 2413   in FES: 161
** Event #11993088   t=158.416314332024   Elapsed: 268.9s (4m 28s)  31% completed  (15% total)
     Speed:     ev/sec=49632.8   simsec/sec=0.144115   ev/simsec=344397
     Messages:  created: 16431602   present: 2483   in FES: 159
** Event #12084736   t=158.686130629344   Elapsed: 270.9s (4m 30s)  31% completed  (15% total)
     Speed:     ev/sec=45810.5   simsec/sec=0.134868   ev/simsec=339668
     Messages:  created: 16558930   present: 2466   in FES: 156
** Event #12184832   t=158.989675642088   Elapsed: 272.908s (4m 32s)  31% completed  (15% total)
     Speed:     ev/sec=49863.5   simsec/sec=0.151213   ev/simsec=329757
     Messages:  created: 16697891   present: 2540   in FES: 186
** Event #12297472   t=159.322736954561   Elapsed: 274.908s (4m 34s)  31% completed  (15% total)
     Speed:     ev/sec=56297.5   simsec/sec=0.166464   ev/simsec=338196
     Messages:  created: 16853618   present: 2521   in FES: 160
** Event #12413952   t=159.676417168251   Elapsed: 277.047s (4m 37s)  31% completed  (15% total)
     Speed:     ev/sec=54454.8   simsec/sec=0.165347   ev/simsec=329337
     Messages:  created: 17015274   present: 2463   in FES: 137
** Event #12528896   t=160.016265392108   Elapsed: 279.054s (4m 39s)  32% completed  (16% total)
     Speed:     ev/sec=57285.8   simsec/sec=0.169373   ev/simsec=338222
     Messages:  created: 17174646   present: 2521   in FES: 157
** Event #12642560   t=160.346888576488   Elapsed: 281.056s (4m 41s)  32% completed  (16% total)
     Speed:     ev/sec=56774.1   simsec/sec=0.165143   ev/simsec=343787
     Messages:  created: 17331759   present: 2658   in FES: 190
** Event #12764928   t=160.706122771339   Elapsed: 283.057s (4m 43s)  32% completed  (16% total)
     Speed:     ev/sec=61145.5   simsec/sec=0.179504   ev/simsec=340636
     Messages:  created: 17501500   present: 2499   in FES: 140
** Event #12875520   t=161.013062582816   Elapsed: 285.061s (4m 45s)  32% completed  (16% total)
     Speed:     ev/sec=55180.6   simsec/sec=0.15315   ev/simsec=360305
     Messages:  created: 17655224   present: 2570   in FES: 156
** Event #12987648   t=161.326126962836   Elapsed: 287.065s (4m 47s)  32% completed  (16% total)
     Speed:     ev/sec=55964.9   simsec/sec=0.156255   ev/simsec=358163
     Messages:  created: 17810732   present: 2531   in FES: 145
** Event #13102336   t=161.685765142717   Elapsed: 289.069s (4m 49s)  32% completed  (16% total)
     Speed:     ev/sec=57233.9   simsec/sec=0.179474   ev/simsec=318898
     Messages:  created: 17970206   present: 2477   in FES: 137
** Event #13205248   t=162.024881795664   Elapsed: 291.071s (4m 51s)  32% completed  (16% total)
     Speed:     ev/sec=51409.1   simsec/sec=0.169404   ev/simsec=303471
     Messages:  created: 18112975   present: 2557   in FES: 167
** Event #13317376   t=162.364635859707   Elapsed: 293.076s (4m 53s)  32% completed  (16% total)
     Speed:     ev/sec=55899.9   simsec/sec=0.16938   ev/simsec=330027
     Messages:  created: 18268200   present: 2592   in FES: 170
** Event #13435392   t=162.612217707797   Elapsed: 295.078s (4m 55s)  32% completed  (16% total)
     Speed:     ev/sec=58966.1   simsec/sec=0.123703   ev/simsec=476675
     Messages:  created: 18432908   present: 2689   in FES: 169
** Event #13542912   t=162.872128140795   Elapsed: 297.08s (4m 57s)  32% completed  (16% total)
     Speed:     ev/sec=53715.3   simsec/sec=0.129847   ev/simsec=413681
     Messages:  created: 18582613   present: 2762   in FES: 181
** Event #13656832   t=163.110811334862   Elapsed: 299.082s (4m 59s)  32% completed  (16% total)
     Speed:     ev/sec=56896.4   simsec/sec=0.119208   ev/simsec=477285
     Messages:  created: 18740844   present: 2807   in FES: 188
** Event #13753856   t=163.351769819556   Elapsed: 301.082s (5m 01s)  32% completed  (16% total)
     Speed:     ev/sec=48507.8   simsec/sec=0.120469   ev/simsec=402659
     Messages:  created: 18875970   present: 2581   in FES: 139
** Event #13869568   t=163.62809447069   Elapsed: 303.085s (5m 03s)  32% completed  (16% total)
     Speed:     ev/sec=57780   simsec/sec=0.137981   ev/simsec=418754
     Messages:  created: 19037175   present: 2613   in FES: 141
** Event #13978880   t=163.990227848726   Elapsed: 305.088s (5m 05s)  32% completed  (16% total)
     Speed:     ev/sec=54552.8   simsec/sec=0.180725   ev/simsec=301856
     Messages:  created: 19189369   present: 2705   in FES: 166
** Event #14079232   t=164.330004976008   Elapsed: 307.092s (5m 07s)  32% completed  (16% total)
     Speed:     ev/sec=50097   simsec/sec=0.169621   ev/simsec=295347
     Messages:  created: 19327946   present: 2747   in FES: 185
** Event #14198528   t=164.717598105124   Elapsed: 309.095s (5m 09s)  32% completed  (16% total)
     Speed:     ev/sec=59558.8   simsec/sec=0.193507   ev/simsec=307787
     Messages:  created: 19493020   present: 2653   in FES: 165
** Event #14306560   t=165.024183686942   Elapsed: 311.095s (5m 11s)  33% completed  (16% total)
     Speed:     ev/sec=53994   simsec/sec=0.15323   ev/simsec=352371
     Messages:  created: 19642513   present: 2667   in FES: 163
** Event #14426624   t=165.404387052649   Elapsed: 313.097s (5m 13s)  33% completed  (16% total)
     Speed:     ev/sec=59974.5   simsec/sec=0.18992   ev/simsec=315789
     Messages:  created: 19807995   present: 2773   in FES: 195
** Event #14548224   t=165.681394139336   Elapsed: 315.1s (5m 15s)  33% completed  (16% total)
     Speed:     ev/sec=60715.6   simsec/sec=0.138311   ev/simsec=438978
     Messages:  created: 19976441   present: 2685   in FES: 163
** Event #14651392   t=166.177928907878   Elapsed: 317.101s (5m 17s)  33% completed  (16% total)
     Speed:     ev/sec=51548.2   simsec/sec=0.248095   ev/simsec=207776
     Messages:  created: 20117638   present: 2689   in FES: 169
** Event #14774016   t=166.641170729448   Elapsed: 319.103s (5m 19s)  33% completed  (16% total)
     Speed:     ev/sec=61260.5   simsec/sec=0.231427   ev/simsec=264708
     Messages:  created: 20286977   present: 2663   in FES: 164
** Event #14893568   t=167.007410058554   Elapsed: 321.108s (5m 21s)  33% completed  (16% total)
     Speed:     ev/sec=59616.4   simsec/sec=0.182631   ev/simsec=326431
     Messages:  created: 20452470   present: 2642   in FES: 164
** Event #15010560   t=167.569784542085   Elapsed: 323.109s (5m 23s)  33% completed  (16% total)
     Speed:     ev/sec=58484.8   simsec/sec=0.281134   ev/simsec=208032
     Messages:  created: 20613350   present: 2597   in FES: 151
** Event #15126528   t=168.135185749643   Elapsed: 325.111s (5m 25s)  33% completed  (16% total)
     Speed:     ev/sec=57907.4   simsec/sec=0.282327   ev/simsec=205107
     Messages:  created: 20773022   present: 2634   in FES: 143
** Event #15246592   t=168.525153044502   Elapsed: 327.118s (5m 27s)  33% completed  (16% total)
     Speed:     ev/sec=59837.5   simsec/sec=0.194352   ev/simsec=307882
     Messages:  created: 20939546   present: 2659   in FES: 137
** Event #15363328   t=168.814501885329   Elapsed: 329.12s (5m 29s)  33% completed  (16% total)
     Speed:     ev/sec=58308.1   simsec/sec=0.144526   ev/simsec=403444
     Messages:  created: 21101843   present: 2610   in FES: 155
** Event #15476992   t=169.157637553097   Elapsed: 331.124s (5m 31s)  33% completed  (16% total)
     Speed:     ev/sec=56716.9   simsec/sec=0.17122   ev/simsec=331251
     Messages:  created: 21259015   present: 2577   in FES: 133
** Event #15583232   t=169.48660391849   Elapsed: 333.128s (5m 33s)  33% completed  (16% total)
     Speed:     ev/sec=53025.9   simsec/sec=0.164192   ev/simsec=322951
     Messages:  created: 21406709   present: 2641   in FES: 157
** Event #15703552   t=169.866498754149   Elapsed: 335.132s (5m 35s)  33% completed  (16% total)
     Speed:     ev/sec=60039.2   simsec/sec=0.189566   ev/simsec=316719
     Messages:  created: 21573767   present: 2750   in FES: 182
** Event #15817216   t=170.254130931502   Elapsed: 337.229s (5m 37s)  34% completed  (17% total)
     Speed:     ev/sec=54198.4   simsec/sec=0.184835   ev/simsec=293226
     Messages:  created: 21730711   present: 2654   in FES: 156
** Event #15937024   t=170.627639664035   Elapsed: 339.231s (5m 39s)  34% completed  (17% total)
     Speed:     ev/sec=59850   simsec/sec=0.186586   ev/simsec=320764
     Messages:  created: 21897267   present: 2699   in FES: 160
** Event #16052480   t=170.943051705804   Elapsed: 341.235s (5m 41s)  34% completed  (17% total)
     Speed:     ev/sec=57613.7   simsec/sec=0.157394   ev/simsec=366048
     Messages:  created: 22058423   present: 2741   in FES: 185
** Event #16160256   t=171.221481414194   Elapsed: 343.24s (5m 43s)  34% completed  (17% total)
     Speed:     ev/sec=53748.5   simsec/sec=0.138854   ev/simsec=387085
     Messages:  created: 22208604   present: 2692   in FES: 159
** Event #16268544   t=171.491497212885   Elapsed: 345.242s (5m 45s)  34% completed  (17% total)
     Speed:     ev/sec=54089.1   simsec/sec=0.134871   ev/simsec=401043
     Messages:  created: 22360037   present: 2602   in FES: 130
** Event #16378112   t=171.788797267493   Elapsed: 347.243s (5m 47s)  34% completed  (17% total)
     Speed:     ev/sec=54753.1   simsec/sec=0.148566   ev/simsec=368543
     Messages:  created: 22513052   present: 2739   in FES: 157
** Event #16495104   t=172.084881123355   Elapsed: 349.245s (5m 49s)  34% completed  (17% total)
     Speed:     ev/sec=58439.4   simsec/sec=0.147899   ev/simsec=395131
     Messages:  created: 22676021   present: 2864   in FES: 192
** Event #16594176   t=172.408615387079   Elapsed: 351.249s (5m 51s)  34% completed  (17% total)
     Speed:     ev/sec=49444.3   simsec/sec=0.161568   ev/simsec=306029
     Messages:  created: 22813446   present: 2619   in FES: 127
** Event #16709376   t=172.82168922459   Elapsed: 353.251s (5m 53s)  34% completed  (17% total)
     Speed:     ev/sec=57535.7   simsec/sec=0.206306   ev/simsec=278885
     Messages:  created: 22973307   present: 2740   in FES: 159
** Event #16828416   t=173.219898456374   Elapsed: 355.254s (5m 55s)  34% completed  (17% total)
     Speed:     ev/sec=59424.4   simsec/sec=0.198785   ev/simsec=298938
     Messages:  created: 23137894   present: 2581   in FES: 132
** Event #16944896   t=173.608929972434   Elapsed: 357.257s (5m 57s)  34% completed  (17% total)
     Speed:     ev/sec=58156.7   simsec/sec=0.194238   ev/simsec=299410
     Messages:  created: 23299585   present: 2816   in FES: 188
** Event #17057024   t=173.926690504278   Elapsed: 359.259s (5m 59s)  34% completed  (17% total)
     Speed:     ev/sec=55993.2   simsec/sec=0.15868   ev/simsec=352870
     Messages:  created: 23455683   present: 2821   in FES: 191
** Event #17177856   t=174.32662603279   Elapsed: 361.261s (6m 01s)  34% completed  (17% total)
     Speed:     ev/sec=60379   simsec/sec=0.199845   ev/simsec=302129
     Messages:  created: 23622659   present: 2733   in FES: 145
** Event #17299456   t=174.75911234671   Elapsed: 363.264s (6m 03s)  34% completed  (17% total)
     Speed:     ev/sec=60703.5   simsec/sec=0.2159   ev/simsec=281165
     Messages:  created: 23791244   present: 2742   in FES: 161
** Event #17405952   t=175.091966192431   Elapsed: 365.264s (6m 05s)  35% completed  (17% total)
     Speed:     ev/sec=53242.2   simsec/sec=0.166409   ev/simsec=319948
     Messages:  created: 23938546   present: 2841   in FES: 176
** Event #17520896   t=175.487889931065   Elapsed: 367.266s (6m 07s)  35% completed  (17% total)
     Speed:     ev/sec=57414.7   simsec/sec=0.197764   ev/simsec=290319
     Messages:  created: 24098110   present: 2760   in FES: 154
** Event #17631744   t=175.845497266666   Elapsed: 369.268s (6m 09s)  35% completed  (17% total)
     Speed:     ev/sec=55371.6   simsec/sec=0.178635   ev/simsec=309971
     Messages:  created: 24251921   present: 2805   in FES: 162
** Event #17731840   t=176.1545780064   Elapsed: 371.272s (6m 11s)  35% completed  (17% total)
     Speed:     ev/sec=49953.2   simsec/sec=0.154248   ev/simsec=323851
     Messages:  created: 24390222   present: 2781   in FES: 163
** Event #17838592   t=176.53692415337   Elapsed: 373.275s (6m 13s)  35% completed  (17% total)
     Speed:     ev/sec=53283.3   simsec/sec=0.190841   ev/simsec=279202
     Messages:  created: 24538358   present: 2840   in FES: 169
** Event #17944320   t=176.840713481959   Elapsed: 375.278s (6m 15s)  35% completed  (17% total)
     Speed:     ev/sec=52783.3   simsec/sec=0.151663   ev/simsec=348031
     Messages:  created: 24685295   present: 2732   in FES: 142
** Event #18061312   t=177.185257038164   Elapsed: 377.28s (6m 17s)  35% completed  (17% total)
     Speed:     ev/sec=58452.6   simsec/sec=0.172144   ev/simsec=339556
     Messages:  created: 24847255   present: 2767   in FES: 157
** Event #18165504   t=177.55051062007   Elapsed: 379.282s (6m 19s)  35% completed  (17% total)
     Speed:     ev/sec=52029.6   simsec/sec=0.182394   ev/simsec=285259
     Messages:  created: 24991825   present: 2801   in FES: 157
** Event #18289664   t=177.972009155233   Elapsed: 381.286s (6m 21s)  35% completed  (17% total)
     Speed:     ev/sec=61961.5   simsec/sec=0.210347   ev/simsec=294568
     Messages:  created: 25164301   present: 2765   in FES: 163
** Event #18402304   t=178.325743172167   Elapsed: 383.289s (6m 23s)  35% completed  (17% total)
     Speed:     ev/sec=56227.9   simsec/sec=0.176578   ev/simsec=318431
     Messages:  created: 25320156   present: 2795   in FES: 140
** Event #18495744   t=178.614733498947   Elapsed: 385.293s (6m 25s)  35% completed  (17% total)
     Speed:     ev/sec=46632.5   simsec/sec=0.144225   ev/simsec=323333
     Messages:  created: 25450094   present: 2740   in FES: 126
** Event #18622208   t=179.043312880336   Elapsed: 387.293s (6m 27s)  35% completed  (17% total)
     Speed:     ev/sec=63223.4   simsec/sec=0.21426   ev/simsec=295077
     Messages:  created: 25625462   present: 2810   in FES: 144
** Event #18741760   t=179.410683365034   Elapsed: 389.296s (6m 29s)  35% completed  (17% total)
     Speed:     ev/sec=59686.1   simsec/sec=0.183409   ev/simsec=325426
     Messages:  created: 25791223   present: 2774   in FES: 146
** Event #18863616   t=179.810747275139   Elapsed: 391.298s (6m 31s)  35% completed  (17% total)
     Speed:     ev/sec=60872   simsec/sec=0.199848   ev/simsec=304591
     Messages:  created: 25960271   present: 2895   in FES: 158
** Event #18986240   t=180.168110135319   Elapsed: 393.3s (6m 33s)  36% completed  (18% total)
     Speed:     ev/sec=61261   simsec/sec=0.178533   ev/simsec=343136
     Messages:  created: 26129999   present: 2755   in FES: 138
** Event #19112192   t=180.59158610046   Elapsed: 395.302s (6m 35s)  36% completed  (18% total)
     Speed:     ev/sec=62927.8   simsec/sec=0.211576   ev/simsec=297424
     Messages:  created: 26304991   present: 2837   in FES: 135
** Event #19236608   t=181.036380288499   Elapsed: 397.323s (6m 37s)  36% completed  (18% total)
     Speed:     ev/sec=61558.4   simsec/sec=0.220075   ev/simsec=279716
     Messages:  created: 26477338   present: 2885   in FES: 157
** Event #19362304   t=181.414046569514   Elapsed: 399.328s (6m 39s)  36% completed  (18% total)
     Speed:     ev/sec=62684   simsec/sec=0.18834   ev/simsec=332823
     Messages:  created: 26651319   present: 2841   in FES: 156
** Event #19479296   t=181.82803501882   Elapsed: 401.328s (6m 41s)  36% completed  (18% total)
     Speed:     ev/sec=58485.5   simsec/sec=0.206957   ev/simsec=282597
     Messages:  created: 26813662   present: 2917   in FES: 157
** Event #19596800   t=182.216903788208   Elapsed: 403.33s (6m 43s)  36% completed  (18% total)
     Speed:     ev/sec=58691.5   simsec/sec=0.194234   ev/simsec=302169
     Messages:  created: 26975907   present: 2800   in FES: 156
** Event #19707648   t=182.58016417128   Elapsed: 405.332s (6m 45s)  36% completed  (18% total)
     Speed:     ev/sec=55384.8   simsec/sec=0.181502   ev/simsec=305148
     Messages:  created: 27129925   present: 2994   in FES: 192
** Event #19827712   t=182.947370928525   Elapsed: 407.336s (6m 47s)  36% completed  (18% total)
     Speed:     ev/sec=59917.3   simsec/sec=0.183253   ev/simsec=326966
     Messages:  created: 27296777   present: 2808   in FES: 134
** Event #19945472   t=183.28774675817   Elapsed: 409.336s (6m 49s)  36% completed  (18% total)
     Speed:     ev/sec=58866.6   simsec/sec=0.170149   ev/simsec=345971
     Messages:  created: 27459929   present: 2858   in FES: 140
** Event #20064256   t=183.642875985336   Elapsed: 411.336s (6m 51s)  36% completed  (18% total)
     Speed:     ev/sec=59388   simsec/sec=0.177553   ev/simsec=334481
     Messages:  created: 27624833   present: 2892   in FES: 161
** Event #20191488   t=183.963573316873   Elapsed: 413.336s (6m 53s)  36% completed  (18% total)
     Speed:     ev/sec=63615.4   simsec/sec=0.160347   ev/simsec=396735
     Messages:  created: 27802004   present: 2867   in FES: 146
** Event #20322304   t=184.292644082963   Elapsed: 415.34s (6m 55s)  36% completed  (18% total)
     Speed:     ev/sec=65290.7   simsec/sec=0.16424   ev/simsec=397532
     Messages:  created: 27983463   present: 2936   in FES: 158
** Event #20442368   t=184.587769500059   Elapsed: 417.343s (6m 57s)  36% completed  (18% total)
     Speed:     ev/sec=59929.1   simsec/sec=0.14731   ev/simsec=406824
     Messages:  created: 28150634   present: 2987   in FES: 159
** Event #20571392   t=184.836844949374   Elapsed: 419.347s (6m 59s)  36% completed  (18% total)
     Speed:     ev/sec=64375.6   simsec/sec=0.124274   ev/simsec=518012
     Messages:  created: 28330656   present: 2897   in FES: 136
** Event #20700416   t=185.155200402956   Elapsed: 421.351s (7m 01s)  37% completed  (18% total)
     Speed:     ev/sec=64384.1   simsec/sec=0.158862   ev/simsec=405283
     Messages:  created: 28509897   present: 3009   in FES: 168
** Event #20830976   t=185.471248358501   Elapsed: 423.355s (7m 03s)  37% completed  (18% total)
     Speed:     ev/sec=65173.5   simsec/sec=0.157766   ev/simsec=413102
     Messages:  created: 28692013   present: 3033   in FES: 187
** Event #20969472   t=185.764515622945   Elapsed: 425.356s (7m 05s)  37% completed  (18% total)
     Speed:     ev/sec=69192.1   simsec/sec=0.146515   ev/simsec=472252
     Messages:  created: 28885333   present: 2978   in FES: 155
** Event #21107968   t=186.095717134221   Elapsed: 427.357s (7m 07s)  37% completed  (18% total)
     Speed:     ev/sec=69214.2   simsec/sec=0.16552   ev/simsec=418162
     Messages:  created: 29077894   present: 2946   in FES: 148
** Event #21238272   t=186.416406618131   Elapsed: 429.361s (7m 09s)  37% completed  (18% total)
     Speed:     ev/sec=65033.2   simsec/sec=0.160052   ev/simsec=406325
     Messages:  created: 29259557   present: 2935   in FES: 155
** Event #21377024   t=186.759090850253   Elapsed: 431.362s (7m 11s)  37% completed  (18% total)
     Speed:     ev/sec=69341.9   simsec/sec=0.171258   ev/simsec=404898
     Messages:  created: 29452839   present: 2881   in FES: 132
** Event #21507328   t=187.079827110902   Elapsed: 433.384s (7m 13s)  37% completed  (18% total)
     Speed:     ev/sec=64448.9   simsec/sec=0.158638   ev/simsec=406265
     Messages:  created: 29634199   present: 3091   in FES: 190
** Event #21645056   t=187.406584778453   Elapsed: 435.387s (7m 15s)  37% completed  (18% total)
     Speed:     ev/sec=68745.8   simsec/sec=0.163098   ev/simsec=421499
     Messages:  created: 29826079   present: 2951   in FES: 157
** Event #21783808   t=187.781645832239   Elapsed: 437.391s (7m 17s)  37% completed  (18% total)
     Speed:     ev/sec=69252.6   simsec/sec=0.187197   ev/simsec=369945
     Messages:  created: 30019356   present: 2991   in FES: 157
** Event #21906432   t=188.090839882251   Elapsed: 439.391s (7m 19s)  37% completed  (18% total)
     Speed:     ev/sec=61305.7   simsec/sec=0.154581   ev/simsec=396592
     Messages:  created: 30189747   present: 3044   in FES: 166
** Event #22038784   t=188.443862868996   Elapsed: 441.394s (7m 21s)  37% completed  (18% total)
     Speed:     ev/sec=66083.5   simsec/sec=0.176265   ev/simsec=374910
     Messages:  created: 30373909   present: 3033   in FES: 158
** Event #22168064   t=188.806099040429   Elapsed: 443.396s (7m 23s)  37% completed  (18% total)
     Speed:     ev/sec=64557.1   simsec/sec=0.180886   ev/simsec=356894
     Messages:  created: 30553918   present: 3046   in FES: 158
** Event #22292992   t=189.141415891976   Elapsed: 445.399s (7m 25s)  37% completed  (18% total)
     Speed:     ev/sec=62383.1   simsec/sec=0.167441   ev/simsec=372567
     Messages:  created: 30727572   present: 3064   in FES: 158
** Event #22431488   t=189.546933735551   Elapsed: 447.401s (7m 27s)  37% completed  (18% total)
     Speed:     ev/sec=69181.6   simsec/sec=0.202564   ev/simsec=341529
     Messages:  created: 30920095   present: 3016   in FES: 157
** Event #22566144   t=189.868310199248   Elapsed: 449.404s (7m 29s)  37% completed  (18% total)
     Speed:     ev/sec=67234.8   simsec/sec=0.160466   ev/simsec=418998
     Messages:  created: 31108019   present: 3098   in FES: 160
** Event #22697472   t=190.218248714687   Elapsed: 451.406s (7m 31s)  38% completed  (19% total)
     Speed:     ev/sec=65584   simsec/sec=0.174756   ev/simsec=375289
     Messages:  created: 31290247   present: 3085   in FES: 159
** Event #22836224   t=190.584876346854   Elapsed: 453.407s (7m 33s)  38% completed  (19% total)
     Speed:     ev/sec=69344   simsec/sec=0.183229   ev/simsec=378455
     Messages:  created: 31483495   present: 3067   in FES: 165
** Event #22974976   t=190.958819412433   Elapsed: 455.409s (7m 35s)  38% completed  (19% total)
     Speed:     ev/sec=69290   simsec/sec=0.18674   ev/simsec=371051
     Messages:  created: 31676730   present: 3070   in FES: 167
** Event #23105280   t=191.305243510168   Elapsed: 457.412s (7m 37s)  38% completed  (19% total)
     Speed:     ev/sec=65051.9   simsec/sec=0.172946   ev/simsec=376140
     Messages:  created: 31857279   present: 3061   in FES: 163
** Event #23244544   t=191.73614987145   Elapsed: 459.414s (7m 39s)  38% completed  (19% total)
     Speed:     ev/sec=69584.6   simsec/sec=0.215307   ev/simsec=323189
     Messages:  created: 32050484   present: 3105   in FES: 158
** Event #23374848   t=192.143371423613   Elapsed: 461.416s (7m 41s)  38% completed  (19% total)
     Speed:     ev/sec=65070.1   simsec/sec=0.203355   ev/simsec=319983
     Messages:  created: 32230504   present: 3129   in FES: 157
** Event #23509760   t=192.554264444469   Elapsed: 463.418s (7m 43s)  38% completed  (19% total)
     Speed:     ev/sec=67401.5   simsec/sec=0.20528   ev/simsec=328339
     Messages:  created: 32417466   present: 3173   in FES: 179
** Event #23646720   t=192.981390054221   Elapsed: 465.419s (7m 45s)  38% completed  (19% total)
     Speed:     ev/sec=68458.3   simsec/sec=0.213495   ev/simsec=320655
     Messages:  created: 32607121   present: 3136   in FES: 158
** Event #23771648   t=193.392335338963   Elapsed: 467.419s (7m 47s)  38% completed  (19% total)
     Speed:     ev/sec=62439.7   simsec/sec=0.205393   ev/simsec=304002
     Messages:  created: 32779538   present: 3156   in FES: 162
** Event #23910912   t=193.832658046405   Elapsed: 469.423s (7m 49s)  38% completed  (19% total)
     Speed:     ev/sec=69514   simsec/sec=0.219788   ev/simsec=316277
     Messages:  created: 32972561   present: 3146   in FES: 165
** Event #24041984   t=194.244073078964   Elapsed: 471.426s (7m 51s)  38% completed  (19% total)
     Speed:     ev/sec=65434.2   simsec/sec=0.205388   ev/simsec=318588
     Messages:  created: 33153497   present: 3160   in FES: 150
** Event #24181248   t=194.673115400682   Elapsed: 473.427s (7m 53s)  38% completed  (19% total)
     Speed:     ev/sec=69599.4   simsec/sec=0.214421   ev/simsec=324593
     Messages:  created: 33346551   present: 3137   in FES: 137
** Event #24319744   t=195.105235025387   Elapsed: 475.427s (7m 55s)  39% completed  (19% total)
     Speed:     ev/sec=69229.7   simsec/sec=0.216003   ev/simsec=320504
     Messages:  created: 33538141   present: 3284   in FES: 186
** Event #24451328   t=195.521561843381   Elapsed: 477.43s (7m 57s)  39% completed  (19% total)
     Speed:     ev/sec=65704.9   simsec/sec=0.207888   ev/simsec=316059
     Messages:  created: 33720467   present: 3211   in FES: 160
** Event #24590080   t=195.944593021741   Elapsed: 479.43s (7m 59s)  39% completed  (19% total)
     Speed:     ev/sec=69367.2   simsec/sec=0.211489   ev/simsec=327995
     Messages:  created: 33912784   present: 3145   in FES: 137
** Event #24722944   t=196.424296662166   Elapsed: 481.432s (8m 01s)  39% completed  (19% total)
     Speed:     ev/sec=66357.7   simsec/sec=0.239584   ev/simsec=276971
     Messages:  created: 34095300   present: 3023   in FES: 154
** Event #24856832   t=197.750468716729   Elapsed: 483.435s (8m 03s)  39% completed  (19% total)
     Speed:     ev/sec=66846.8   simsec/sec=0.662123   ev/simsec=100958
     Messages:  created: 34278735   present: 3122   in FES: 154
** Event #25000192   t=198.535452226618   Elapsed: 485.438s (8m 05s)  39% completed  (19% total)
     Speed:     ev/sec=71601.3   simsec/sec=0.392061   ev/simsec=182628
     Messages:  created: 34476373   present: 3114   in FES: 150
** Event #25136384   t=199.291964070069   Elapsed: 487.471s (8m 07s)  39% completed  (19% total)
     Speed:     ev/sec=66992.1   simsec/sec=0.372124   ev/simsec=180026
     Messages:  created: 34664212   present: 3096   in FES: 159
** Event #25277440   t=200.091266984764   Elapsed: 489.471s (8m 09s)  40% completed  (20% total)
     Speed:     ev/sec=70527.8   simsec/sec=0.39965   ev/simsec=176474
     Messages:  created: 34859233   present: 3188   in FES: 155
** Event #25420032   t=200.877526513083   Elapsed: 491.472s (8m 11s)  40% completed  (20% total)
     Speed:     ev/sec=71237   simsec/sec=0.392805   ev/simsec=181355
     Messages:  created: 35056763   present: 3275   in FES: 182
** Event #25552640   t=201.786513369207   Elapsed: 493.473s (8m 13s)  40% completed  (20% total)
     Speed:     ev/sec=66289.8   simsec/sec=0.454396   ev/simsec=145885
     Messages:  created: 35239761   present: 3153   in FES: 156
** Event #25695488   t=202.873530219885   Elapsed: 495.475s (8m 15s)  40% completed  (20% total)
     Speed:     ev/sec=71349.2   simsec/sec=0.542939   ev/simsec=131413
     Messages:  created: 35436355   present: 3241   in FES: 161
** Event #25833216   t=204.238909727007   Elapsed: 497.478s (8m 17s)  40% completed  (20% total)
     Speed:     ev/sec=68741.7   simsec/sec=0.681478   ev/simsec=100872
     Messages:  created: 35624558   present: 3252   in FES: 155
** Event #25957120   t=205.795198109615   Elapsed: 499.479s (8m 19s)  41% completed  (20% total)
     Speed:     ev/sec=61926.1   simsec/sec=0.777819   ev/simsec=79615.1
     Messages:  created: 35794289   present: 3211   in FES: 155
** Event #26088704   t=207.384913103045   Elapsed: 501.481s (8m 21s)  41% completed  (20% total)
     Speed:     ev/sec=65738   simsec/sec=0.794205   ev/simsec=82772.1
     Messages:  created: 35973854   present: 3232   in FES: 139
** Event #26220032   t=209.023115725779   Elapsed: 503.482s (8m 23s)  41% completed  (20% total)
     Speed:     ev/sec=65606.8   simsec/sec=0.818388   ev/simsec=80165.9
     Messages:  created: 36153598   present: 3253   in FES: 154
** Event #26363392   t=210.772892693302   Elapsed: 505.485s (8m 25s)  42% completed  (21% total)
     Speed:     ev/sec=71586.7   simsec/sec=0.873749   ev/simsec=81930.4
     Messages:  created: 36349581   present: 3283   in FES: 161
** Event #26508288   t=212.499383926634   Elapsed: 507.486s (8m 27s)  42% completed  (21% total)
     Speed:     ev/sec=72402.4   simsec/sec=0.862703   ev/simsec=83925.1
     Messages:  created: 36547262   present: 3303   in FES: 125
** Event #26662400   t=214.385520768872   Elapsed: 509.489s (8m 29s)  42% completed  (21% total)
     Speed:     ev/sec=76954.5   simsec/sec=0.941827   ev/simsec=81707.8
     Messages:  created: 36757273   present: 3507   in FES: 183
** Event #26808576   t=215.722910851042   Elapsed: 511.49s (8m 31s)  43% completed  (21% total)
     Speed:     ev/sec=73042.8   simsec/sec=0.668281   ev/simsec=109299
     Messages:  created: 36957545   present: 3416   in FES: 147
** Event #26958336   t=216.161281751785   Elapsed: 513.492s (8m 33s)  43% completed  (21% total)
     Speed:     ev/sec=74800.7   simsec/sec=0.218953   ev/simsec=341629
     Messages:  created: 37164483   present: 3537   in FES: 171
** Event #27111424   t=216.875490855705   Elapsed: 515.495s (8m 35s)  43% completed  (21% total)
     Speed:     ev/sec=76450.5   simsec/sec=0.356668   ev/simsec=214346
     Messages:  created: 37376638   present: 3464   in FES: 159
** Event #27254016   t=217.371396367855   Elapsed: 517.496s (8m 37s)  43% completed  (21% total)
     Speed:     ev/sec=71264.3   simsec/sec=0.247842   ev/simsec=287539
     Messages:  created: 37574241   present: 3520   in FES: 167
** Event #27403008   t=217.752473722727   Elapsed: 519.497s (8m 39s)  43% completed  (21% total)
     Speed:     ev/sec=74436.7   simsec/sec=0.190387   ev/simsec=390976
     Messages:  created: 37782215   present: 3545   in FES: 160
** Event #27549952   t=218.133493328488   Elapsed: 521.499s (8m 41s)  43% completed  (21% total)
     Speed:     ev/sec=73411.3   simsec/sec=0.190352   ev/simsec=385660
     Messages:  created: 37986541   present: 3539   in FES: 157
** Event #27691008   t=218.738061630515   Elapsed: 523.5s (8m 43s)  43% completed  (21% total)
     Speed:     ev/sec=70473.6   simsec/sec=0.302051   ev/simsec=233317
     Messages:  created: 38182327   present: 3492   in FES: 157
** Event #27844864   t=219.563042907969   Elapsed: 525.502s (8m 45s)  43% completed  (21% total)
     Speed:     ev/sec=76868.5   simsec/sec=0.412172   ev/simsec=186496
     Messages:  created: 38394873   present: 3498   in FES: 156
** Event #27996160   t=220.215002759479   Elapsed: 527.503s (8m 47s)  44% completed  (22% total)
     Speed:     ev/sec=75621.9   simsec/sec=0.325868   ev/simsec=232063
     Messages:  created: 38604037   present: 3491   in FES: 159
** Event #28139008   t=220.677722863003   Elapsed: 529.504s (8m 49s)  44% completed  (22% total)
     Speed:     ev/sec=71367.7   simsec/sec=0.231178   ev/simsec=308714
     Messages:  created: 38802060   present: 3541   in FES: 170
** Event #28289024   t=221.095084028347   Elapsed: 531.507s (8m 51s)  44% completed  (22% total)
     Speed:     ev/sec=74918.5   simsec/sec=0.208432   ev/simsec=359439
     Messages:  created: 39009469   present: 3562   in FES: 165
** Event #28438784   t=221.50778962882   Elapsed: 533.51s (8m 53s)  44% completed  (22% total)
     Speed:     ev/sec=74773.7   simsec/sec=0.20606   ev/simsec=362874
     Messages:  created: 39217668   present: 3564   in FES: 159
** Event #28577792   t=221.879201073978   Elapsed: 535.513s (8m 55s)  44% completed  (22% total)
     Speed:     ev/sec=69380.3   simsec/sec=0.185375   ev/simsec=374270
     Messages:  created: 39410854   present: 3622   in FES: 172
** Event #28726528   t=222.319865759454   Elapsed: 537.514s (8m 57s)  44% completed  (22% total)
     Speed:     ev/sec=74350.2   simsec/sec=0.220279   ev/simsec=337526
     Messages:  created: 39617254   present: 3651   in FES: 188
** Event #28877568   t=222.803560601093   Elapsed: 539.514s (8m 59s)  44% completed  (22% total)
     Speed:     ev/sec=75506.1   simsec/sec=0.241803   ev/simsec=312263
     Messages:  created: 39826651   present: 3565   in FES: 161
** Event #29019648   t=223.337475029137   Elapsed: 541.514s (9m 01s)  44% completed  (22% total)
     Speed:     ev/sec=71038.2   simsec/sec=0.26695   ev/simsec=266110
     Messages:  created: 40023347   present: 3654   in FES: 186
** Event #29171968   t=224.082403132216   Elapsed: 543.514s (9m 03s)  44% completed  (22% total)
     Speed:     ev/sec=76144.6   simsec/sec=0.372389   ev/simsec=204476
     Messages:  created: 40233883   present: 3579   in FES: 161
** Event #29318144   t=224.776406089619   Elapsed: 545.543s (9m 05s)  44% completed  (22% total)
     Speed:     ev/sec=72065.2   simsec/sec=0.342145   ev/simsec=210627
     Messages:  created: 40436322   present: 3529   in FES: 150
** Event #29469184   t=225.363076373682   Elapsed: 547.544s (9m 07s)  45% completed  (22% total)
     Speed:     ev/sec=75461.7   simsec/sec=0.293109   ev/simsec=257453
     Messages:  created: 40645230   present: 3535   in FES: 137
** Event #29622784   t=226.143330718362   Elapsed: 549.546s (9m 09s)  45% completed  (22% total)
     Speed:     ev/sec=76720.9   simsec/sec=0.389726   ev/simsec=196859
     Messages:  created: 40857410   present: 3618   in FES: 159
** Event #29768192   t=226.938887534706   Elapsed: 551.549s (9m 11s)  45% completed  (22% total)
     Speed:     ev/sec=72600.6   simsec/sec=0.397213   ev/simsec=182775
     Messages:  created: 41058761   present: 3614   in FES: 159
** Event #29921536   t=227.781799243225   Elapsed: 553.551s (9m 13s)  45% completed  (22% total)
     Speed:     ev/sec=76598.7   simsec/sec=0.421053   ev/simsec=181922
     Messages:  created: 41270309   present: 3598   in FES: 159
** Event #30070784   t=228.312902934793   Elapsed: 555.555s (9m 15s)  45% completed  (22% total)
     Speed:     ev/sec=74492.1   simsec/sec=0.265083   ev/simsec=281015
     Messages:  created: 41476004   present: 3625   in FES: 152
** Event #30210048   t=228.712172746245   Elapsed: 557.557s (9m 17s)  45% completed  (22% total)
     Speed:     ev/sec=69562.3   simsec/sec=0.199435   ev/simsec=348797
     Messages:  created: 41669644   present: 3783   in FES: 190
** Event #30357760   t=229.161563006316   Elapsed: 559.557s (9m 19s)  45% completed  (22% total)
     Speed:     ev/sec=73835.5   simsec/sec=0.224633   ev/simsec=328694
     Messages:  created: 41874243   present: 3720   in FES: 163
** Event #30511104   t=230.074874486114   Elapsed: 561.56s (9m 21s)  46% completed  (23% total)
     Speed:     ev/sec=76582.2   simsec/sec=0.456121   ev/simsec=167899
     Messages:  created: 42085860   present: 3596   in FES: 132
** Event #30651136   t=230.569379875424   Elapsed: 563.562s (9m 23s)  46% completed  (23% total)
     Speed:     ev/sec=69924.2   simsec/sec=0.246929   ev/simsec=283176
     Messages:  created: 42279871   present: 3534   in FES: 144
** Event #30797056   t=230.966586665903   Elapsed: 565.564s (9m 25s)  46% completed  (23% total)
     Speed:     ev/sec=72895.5   simsec/sec=0.198428   ev/simsec=367365
     Messages:  created: 42483021   present: 3517   in FES: 160
** Event #30945536   t=231.469980575197   Elapsed: 567.564s (9m 27s)  46% completed  (23% total)
     Speed:     ev/sec=74230.8   simsec/sec=0.251666   ev/simsec=294958
     Messages:  created: 42688458   present: 3466   in FES: 155
** Event #31088640   t=232.311224708928   Elapsed: 569.565s (9m 29s)  46% completed  (23% total)
     Speed:     ev/sec=71542.1   simsec/sec=0.420564   ev/simsec=170110
     Messages:  created: 42886032   present: 3496   in FES: 157
** Event #31236608   t=232.886053607371   Elapsed: 571.565s (9m 31s)  46% completed  (23% total)
     Speed:     ev/sec=73949.8   simsec/sec=0.287281   ev/simsec=257412
     Messages:  created: 43090982   present: 3496   in FES: 167
** Event #31378432   t=233.525279158072   Elapsed: 573.568s (9m 33s)  46% completed  (23% total)
     Speed:     ev/sec=70810.6   simsec/sec=0.319156   ev/simsec=221868
     Messages:  created: 43286854   present: 3372   in FES: 129
** Event #31530240   t=234.440071184183   Elapsed: 575.57s (9m 35s)  46% completed  (23% total)
     Speed:     ev/sec=75840.3   simsec/sec=0.457012   ev/simsec=165948
     Messages:  created: 43496270   present: 3440   in FES: 130
** Event #31682816   t=235.35789272147   Elapsed: 577.573s (9m 37s)  47% completed  (23% total)
     Speed:     ev/sec=76166.3   simsec/sec=0.458179   ev/simsec=166237
     Messages:  created: 43706883   present: 3465   in FES: 138
** Event #31826176   t=236.284024855218   Elapsed: 579.575s (9m 39s)  47% completed  (23% total)
     Speed:     ev/sec=71629   simsec/sec=0.462736   ev/simsec=154794
     Messages:  created: 43904535   present: 3561   in FES: 160
** Event #31976960   t=236.957755333227   Elapsed: 581.578s (9m 41s)  47% completed  (23% total)
     Speed:     ev/sec=75274.8   simsec/sec=0.336342   ev/simsec=223805
     Messages:  created: 44113537   present: 3538   in FES: 162
** Event #32128000   t=237.844490268399   Elapsed: 583.579s (9m 43s)  47% completed  (23% total)
     Speed:     ev/sec=75473.4   simsec/sec=0.443094   ev/simsec=170333
     Messages:  created: 44321926   present: 3549   in FES: 154
** Event #32266240   t=238.32565207469   Elapsed: 585.58s (9m 45s)  47% completed  (23% total)
     Speed:     ev/sec=69092.9   simsec/sec=0.240487   ev/simsec=287305
     Messages:  created: 44512060   present: 3533   in FES: 134
** Event #32417024   t=239.314329754458   Elapsed: 587.581s (9m 47s)  47% completed  (23% total)
     Speed:     ev/sec=75334.8   simsec/sec=0.493964   ev/simsec=152511
     Messages:  created: 44719996   present: 3589   in FES: 159
** Event #32566528   t=240.039098220051   Elapsed: 589.584s (9m 49s)  48% completed  (24% total)
     Speed:     ev/sec=74657.1   simsec/sec=0.361924   ev/simsec=206278
     Messages:  created: 44926738   present: 3595   in FES: 153
** Event #32707328   t=240.681599085182   Elapsed: 591.587s (9m 51s)  48% completed  (24% total)
     Speed:     ev/sec=70294.5   simsec/sec=0.320769   ev/simsec=219144
     Messages:  created: 45120640   present: 3536   in FES: 141
** Event #32859136   t=241.645896241844   Elapsed: 593.59s (9m 53s)  48% completed  (24% total)
     Speed:     ev/sec=75799.4   simsec/sec=0.481484   ev/simsec=157429
     Messages:  created: 45330010   present: 3628   in FES: 157
** Event #33011712   t=242.674436751639   Elapsed: 595.591s (9m 55s)  48% completed  (24% total)
     Speed:     ev/sec=76239.1   simsec/sec=0.513941   ev/simsec=148342
     Messages:  created: 45540259   present: 3586   in FES: 155
** Event #33155072   t=243.539126924686   Elapsed: 597.594s (9m 57s)  48% completed  (24% total)
     Speed:     ev/sec=71577.4   simsec/sec=0.431726   ev/simsec=165793
     Messages:  created: 45737817   present: 3571   in FES: 124
** Event #33303808   t=244.162488889149   Elapsed: 599.595s (9m 59s)  48% completed  (24% total)
     Speed:     ev/sec=74321.6   simsec/sec=0.311487   ev/simsec=238603
     Messages:  created: 45942552   present: 3603   in FES: 156
** Event #33446400   t=244.888465299296   Elapsed: 601.598s (10m 01s)  48% completed  (24% total)
     Speed:     ev/sec=71177.8   simsec/sec=0.362386   ev/simsec=196414
     Messages:  created: 46140032   present: 3642   in FES: 128
** Event #33598464   t=245.698349828402   Elapsed: 603.6s (10m 03s)  49% completed  (24% total)
     Speed:     ev/sec=75969.5   simsec/sec=0.404609   ev/simsec=187760
     Messages:  created: 46349684   present: 3673   in FES: 151
** Event #33745408   t=246.164174436352   Elapsed: 605.601s (10m 05s)  49% completed  (24% total)
     Speed:     ev/sec=73426.8   simsec/sec=0.232769   ev/simsec=315449
     Messages:  created: 46552845   present: 3745   in FES: 158
** Event #33885440   t=246.593415546074   Elapsed: 607.604s (10m 07s)  49% completed  (24% total)
     Speed:     ev/sec=69911.7   simsec/sec=0.214301   ev/simsec=326232
     Messages:  created: 46747429   present: 3695   in FES: 163
** Event #34032128   t=247.049085259725   Elapsed: 609.607s (10m 09s)  49% completed  (24% total)
     Speed:     ev/sec=73244.7   simsec/sec=0.227526   ev/simsec=321917
     Messages:  created: 46951312   present: 3720   in FES: 165
** Event #34184704   t=247.675606574891   Elapsed: 611.609s (10m 11s)  49% completed  (24% total)
     Speed:     ev/sec=76205.1   simsec/sec=0.31292   ev/simsec=243529
     Messages:  created: 47161969   present: 3680   in FES: 155
** Event #34320640   t=248.379878620759   Elapsed: 613.611s (10m 13s)  49% completed  (24% total)
     Speed:     ev/sec=67892.7   simsec/sec=0.351746   ev/simsec=193016
     Messages:  created: 47349634   present: 3680   in FES: 128
** Event #34473216   t=249.349401051392   Elapsed: 615.613s (10m 15s)  49% completed  (24% total)
     Speed:     ev/sec=76221.2   simsec/sec=0.484337   ev/simsec=157372
     Messages:  created: 47560152   present: 3731   in FES: 147
** Event #34627072   t=250.325115780895   Elapsed: 617.614s (10m 17s)  50% completed  (25% total)
     Speed:     ev/sec=76905.4   simsec/sec=0.487714   ev/simsec=157685
     Messages:  created: 47772429   present: 3715   in FES: 131
** Event #34767616   t=250.815643676141   Elapsed: 619.615s (10m 19s)  50% completed  (25% total)
     Speed:     ev/sec=70214.3   simsec/sec=0.245063   ev/simsec=286516
     Messages:  created: 47967550   present: 3787   in FES: 163
** Event #34915840   t=251.288508041911   Elapsed: 621.617s (10m 21s)  50% completed  (25% total)
     Speed:     ev/sec=74057.5   simsec/sec=0.236258   ev/simsec=313460
     Messages:  created: 48172947   present: 3755   in FES: 140
** Event #35054592   t=251.709453565252   Elapsed: 623.617s (10m 23s)  50% completed  (25% total)
     Speed:     ev/sec=69352.6   simsec/sec=0.210402   ev/simsec=329620
     Messages:  created: 48365760   present: 3930   in FES: 188
** Event #35202048   t=252.160437290174   Elapsed: 625.619s (10m 25s)  50% completed  (25% total)
     Speed:     ev/sec=73652   simsec/sec=0.22526   ev/simsec=326965
     Messages:  created: 48570326   present: 3820   in FES: 160
** Event #35354112   t=252.781779857911   Elapsed: 627.621s (10m 27s)  50% completed  (25% total)
     Speed:     ev/sec=75986.9   simsec/sec=0.310487   ev/simsec=244735
     Messages:  created: 48780826   present: 3847   in FES: 187
** Event #35493376   t=253.211040551821   Elapsed: 629.623s (10m 29s)  50% completed  (25% total)
     Speed:     ev/sec=69536   simsec/sec=0.214334   ev/simsec=324428
     Messages:  created: 48973203   present: 3782   in FES: 140
** Event #35639808   t=253.673450041236   Elapsed: 631.624s (10m 31s)  50% completed  (25% total)
     Speed:     ev/sec=73185.3   simsec/sec=0.231108   ev/simsec=316672
     Messages:  created: 49176912   present: 3845   in FES: 165
** Event #35784192   t=254.088504312813   Elapsed: 633.628s (10m 33s)  50% completed  (25% total)
     Speed:     ev/sec=72069.7   simsec/sec=0.207175   ev/simsec=347868
     Messages:  created: 49377161   present: 3768   in FES: 134
** Event #35928576   t=254.845982432255   Elapsed: 635.63s (10m 35s)  50% completed  (25% total)
     Speed:     ev/sec=72120.1   simsec/sec=0.378362   ev/simsec=190611
     Messages:  created: 49577143   present: 3834   in FES: 161
** Event #36081152   t=255.807171054768   Elapsed: 637.63s (10m 37s)  51% completed  (25% total)
     Speed:     ev/sec=76277.3   simsec/sec=0.480527   ev/simsec=158737
     Messages:  created: 49787322   present: 3884   in FES: 156
** Event #36232448   t=256.58868715496   Elapsed: 639.633s (10m 39s)  51% completed  (25% total)
     Speed:     ev/sec=75520.7   simsec/sec=0.3901   ev/simsec=193593
     Messages:  created: 49996398   present: 3808   in FES: 128
** Event #36378112   t=257.837346516489   Elapsed: 641.636s (10m 41s)  51% completed  (25% total)
     Speed:     ev/sec=72736.8   simsec/sec=0.623514   ev/simsec=116656
     Messages:  created: 50196901   present: 3981   in FES: 182
** Event #36532480   t=259.045126041206   Elapsed: 643.637s (10m 43s)  51% completed  (25% total)
     Speed:     ev/sec=77146.2   simsec/sec=0.603594   ev/simsec=127811
     Messages:  created: 50409115   present: 4032   in FES: 187
** Event #36687104   t=260.034229329884   Elapsed: 645.638s (10m 45s)  52% completed  (26% total)
     Speed:     ev/sec=77279.5   simsec/sec=0.494344   ev/simsec=156327
     Messages:  created: 50622365   present: 3892   in FES: 157
** Event #36832768   t=260.89066019722   Elapsed: 647.639s (10m 47s)  52% completed  (26% total)
     Speed:     ev/sec=72797.2   simsec/sec=0.428011   ev/simsec=170083
     Messages:  created: 50823447   present: 3949   in FES: 166
** Event #36985344   t=261.783343718946   Elapsed: 649.64s (10m 49s)  52% completed  (26% total)
     Speed:     ev/sec=76233.7   simsec/sec=0.446024   ev/simsec=170918
     Messages:  created: 51033775   present: 3939   in FES: 154
** Event #37139200   t=262.623563696397   Elapsed: 651.641s (10m 51s)  52% completed  (26% total)
     Speed:     ev/sec=76901.8   simsec/sec=0.419967   ev/simsec=183114
     Messages:  created: 51246047   present: 3996   in FES: 157
** Event #37285632   t=263.552625512972   Elapsed: 653.642s (10m 53s)  52% completed  (26% total)
     Speed:     ev/sec=73175   simsec/sec=0.464271   ev/simsec=157613
     Messages:  created: 51448100   present: 4004   in FES: 160
** Event #37438720   t=264.339155975969   Elapsed: 655.645s (10m 55s)  52% completed  (26% total)
     Speed:     ev/sec=76435.2   simsec/sec=0.392706   ev/simsec=194637
     Messages:  created: 51659569   present: 3933   in FES: 140
** Event #37593344   t=265.281612308347   Elapsed: 657.646s (10m 57s)  53% completed  (26% total)
     Speed:     ev/sec=77272   simsec/sec=0.470984   ev/simsec=164065
     Messages:  created: 51872873   present: 3983   in FES: 151
** Event #37739520   t=266.111268316512   Elapsed: 659.647s (10m 59s)  53% completed  (26% total)
     Speed:     ev/sec=73034.1   simsec/sec=0.414522   ev/simsec=176189
     Messages:  created: 52074554   present: 4029   in FES: 163
** Event #37894656   t=267.124561355398   Elapsed: 661.65s (11m 01s)  53% completed  (26% total)
     Speed:     ev/sec=77460.4   simsec/sec=0.505944   ev/simsec=153101
     Messages:  created: 52288415   present: 4108   in FES: 182
** Event #38048256   t=269.068182029785   Elapsed: 663.653s (11m 03s)  53% completed  (26% total)
     Speed:     ev/sec=76678.2   simsec/sec=0.97027   ev/simsec=79027.8
     Messages:  created: 52497903   present: 3963   in FES: 127
** Event #38182400   t=271.729570829358   Elapsed: 665.656s (11m 05s)  54% completed  (27% total)
     Speed:     ev/sec=66987.6   simsec/sec=1.32902   ev/simsec=50403.8
     Messages:  created: 52679289   present: 3997   in FES: 134
** Event #38317312   t=272.840026054669   Elapsed: 667.658s (11m 07s)  54% completed  (27% total)
     Speed:     ev/sec=67380.8   simsec/sec=0.554609   ev/simsec=121493
     Messages:  created: 52864351   present: 4173   in FES: 158
** Event #38451456   t=273.292370980622   Elapsed: 669.658s (11m 09s)  54% completed  (27% total)
     Speed:     ev/sec=67067.8   simsec/sec=0.226158   ev/simsec=296552
     Messages:  created: 53049657   present: 4283   in FES: 187
** Event #38581248   t=273.747472661528   Elapsed: 671.659s (11m 11s)  54% completed  (27% total)
     Speed:     ev/sec=64878.8   simsec/sec=0.227491   ev/simsec=285193
     Messages:  created: 53229949   present: 4140   in FES: 151
** Event #38729728   t=274.258814634531   Elapsed: 673.66s (11m 13s)  54% completed  (27% total)
     Speed:     ev/sec=74201.1   simsec/sec=0.255537   ev/simsec=290373
     Messages:  created: 53435345   present: 4025   in FES: 132
** Event #38886144   t=274.868260615864   Elapsed: 675.662s (11m 15s)  54% completed  (27% total)
     Speed:     ev/sec=78120.3   simsec/sec=0.304381   ev/simsec=256653
     Messages:  created: 53652312   present: 4118   in FES: 157
** Event #39033856   t=275.444008342187   Elapsed: 677.664s (11m 17s)  55% completed  (27% total)
     Speed:     ev/sec=73763.9   simsec/sec=0.287515   ev/simsec=256557
     Messages:  created: 53856501   present: 4049   in FES: 154
** Event #39185152   t=276.024833171583   Elapsed: 679.665s (11m 19s)  55% completed  (27% total)
     Speed:     ev/sec=75612.4   simsec/sec=0.290276   ev/simsec=260485
     Messages:  created: 54066371   present: 4084   in FES: 156
** Event #39325184   t=276.395894115092   Elapsed: 681.668s (11m 21s)  55% completed  (27% total)
     Speed:     ev/sec=69930   simsec/sec=0.185302   ev/simsec=377383
     Messages:  created: 54260062   present: 4146   in FES: 162
** Event #39473408   t=276.798879296777   Elapsed: 683.671s (11m 23s)  55% completed  (27% total)
     Speed:     ev/sec=73982.9   simsec/sec=0.201141   ev/simsec=367815
     Messages:  created: 54466177   present: 4078   in FES: 138
