** Event #0   t=0   Elapsed: 2e-05s (0m 00s)  0% completed  (0% total)
     Speed:     ev/sec=0   simsec/sec=0   ev/simsec=0
     Messages:  created: 1178   present: 1178   in FES: 186
** Event #93440   t=15.400534269337   Elapsed: 2.00239s (0m 02s)  3% completed  (1% total)
     Speed:     ev/sec=46665.3   simsec/sec=7.69117   ev/simsec=6067.39
     Messages:  created: 97896   present: 1197   in FES: 150
** Event #193024   t=31.368467022937   Elapsed: 4.00657s (0m 04s)  6% completed  (3% total)
     Speed:     ev/sec=49688   simsec/sec=7.96728   ev/simsec=6236.5
     Messages:  created: 201264   present: 1205   in FES: 154
** Event #285952   t=46.108275178354   Elapsed: 6.01218s (0m 06s)  9% completed  (4% total)
     Speed:     ev/sec=46333.9   simsec/sec=7.34927   ev/simsec=6304.56
     Messages:  created: 297057   present: 1117   in FES: 123
** Event #358144   t=58.011827442376   Elapsed: 8.01322s (0m 08s)  11% completed  (5% total)
     Speed:     ev/sec=36077.3   simsec/sec=5.94869   ev/simsec=6064.74
     Messages:  created: 371410   present: 1127   in FES: 124
** Event #413440   t=66.478587516113   Elapsed: 10.0204s (0m 10s)  13% completed  (6% total)
     Speed:     ev/sec=27548.6   simsec/sec=4.21817   ev/simsec=6530.95
     Messages:  created: 429081   present: 1206   in FES: 154
** Event #469504   t=75.478583867663   Elapsed: 12.0302s (0m 12s)  15% completed  (7% total)
     Speed:     ev/sec=27896.8   simsec/sec=4.4783   ev/simsec=6229.34
     Messages:  created: 487311   present: 1198   in FES: 154
** Event #531200   t=85.484979161864   Elapsed: 14.0306s (0m 14s)  17% completed  (8% total)
     Speed:     ev/sec=30840.9   simsec/sec=5.00205   ev/simsec=6165.66
     Messages:  created: 551852   present: 1202   in FES: 151
** Event #599040   t=96.5   Elapsed: 16.0311s (0m 16s)  19% completed  (9% total)
     Speed:     ev/sec=33911.9   simsec/sec=5.50619   ev/simsec=6158.86
     Messages:  created: 622742   present: 1116   in FES: 122
** Event #668928   t=100.837717097487   Elapsed: 18.0332s (0m 18s)  20% completed  (10% total)
     Speed:     ev/sec=34907   simsec/sec=2.16656   ev/simsec=16111.7
     Messages:  created: 710922   present: 1273   in FES: 156
** Event #739072   t=101.779454273671   Elapsed: 20.0392s (0m 20s)  20% completed  (10% total)
     Speed:     ev/sec=34966   simsec/sec=0.469445   ev/simsec=74483.6
     Messages:  created: 806020   present: 1245   in FES: 161
** Event #809728   t=102.943344748591   Elapsed: 22.0462s (0m 22s)  20% completed  (10% total)
     Speed:     ev/sec=35205.9   simsec/sec=0.579934   ev/simsec=60706.7
     Messages:  created: 901465   present: 1212   in FES: 156
** Event #885760   t=104.03156497665   Elapsed: 24.0499s (0m 24s)  20% completed  (10% total)
     Speed:     ev/sec=37946.1   simsec/sec=0.543109   ev/simsec=69868.2
     Messages:  created: 1004207   present: 1238   in FES: 155
** Event #946432   t=105.071273577952   Elapsed: 26.0543s (0m 26s)  21% completed  (10% total)
     Speed:     ev/sec=30269.1   simsec/sec=0.518707   ev/simsec=58354.8
     Messages:  created: 1085339   present: 1263   in FES: 158
** Event #1003264   t=106.093544563739   Elapsed: 28.0605s (0m 28s)  21% completed  (10% total)
     Speed:     ev/sec=28328.6   simsec/sec=0.509563   ev/simsec=55593.9
     Messages:  created: 1161247   present: 1254   in FES: 157
** Event #1071872   t=107.423878927439   Elapsed: 30.0665s (0m 30s)  21% completed  (10% total)
     Speed:     ev/sec=34200.1   simsec/sec=0.663152   ev/simsec=51572
     Messages:  created: 1252821   present: 1221   in FES: 154
** Event #1145344   t=108.893127524806   Elapsed: 32.0698s (0m 32s)  21% completed  (10% total)
     Speed:     ev/sec=36677.1   simsec/sec=0.733447   ev/simsec=50006.5
     Messages:  created: 1351361   present: 1256   in FES: 155
** Event #1212928   t=110.216670918715   Elapsed: 34.074s (0m 34s)  22% completed  (11% total)
     Speed:     ev/sec=33721.1   simsec/sec=0.660383   ev/simsec=51062.9
     Messages:  created: 1440771   present: 1225   in FES: 141
** Event #1283840   t=111.642789916572   Elapsed: 36.0812s (0m 36s)  22% completed  (11% total)
     Speed:     ev/sec=35328.9   simsec/sec=0.710503   ev/simsec=49723.8
     Messages:  created: 1535371   present: 1271   in FES: 154
** Event #1355008   t=113.093240822797   Elapsed: 38.0845s (0m 38s)  22% completed  (11% total)
     Speed:     ev/sec=35524.3   simsec/sec=0.724009   ev/simsec=49066.1
     Messages:  created: 1629961   present: 1308   in FES: 155
** Event #1416192   t=114.321578273162   Elapsed: 40.0861s (0m 40s)  22% completed  (11% total)
     Speed:     ev/sec=30568.4   simsec/sec=0.613695   ev/simsec=49810.4
     Messages:  created: 1711310   present: 1326   in FES: 160
** Event #1487872   t=115.818980852303   Elapsed: 42.0869s (0m 42s)  23% completed  (11% total)
     Speed:     ev/sec=35824.8   simsec/sec=0.748385   ev/simsec=47869.6
     Messages:  created: 1807092   present: 1299   in FES: 155
** Event #1552896   t=117.087258012426   Elapsed: 44.0903s (0m 44s)  23% completed  (11% total)
     Speed:     ev/sec=32457.5   simsec/sec=0.633075   ev/simsec=51269.6
     Messages:  created: 1893226   present: 1324   in FES: 156
** Event #1622016   t=118.46551776617   Elapsed: 46.0954s (0m 46s)  23% completed  (11% total)
     Speed:     ev/sec=34471   simsec/sec=0.687356   ev/simsec=50150.2
     Messages:  created: 1985105   present: 1343   in FES: 154
** Event #1696768   t=120.042307195372   Elapsed: 48.1013s (0m 48s)  24% completed  (12% total)
     Speed:     ev/sec=37267.1   simsec/sec=0.786097   ev/simsec=47407.7
     Messages:  created: 2084908   present: 1327   in FES: 153
** Event #1758976   t=121.225050702664   Elapsed: 50.1031s (0m 50s)  24% completed  (12% total)
     Speed:     ev/sec=31076.2   simsec/sec=0.590843   ev/simsec=52596.4
     Messages:  created: 2167062   present: 1299   in FES: 129
** Event #1831168   t=122.620060072819   Elapsed: 52.1111s (0m 52s)  24% completed  (12% total)
     Speed:     ev/sec=35951.8   simsec/sec=0.694718   ev/simsec=51750.2
     Messages:  created: 2262931   present: 1366   in FES: 154
** Event #1902336   t=124.052239241035   Elapsed: 54.1151s (0m 54s)  24% completed  (12% total)
     Speed:     ev/sec=35512.6   simsec/sec=0.714652   ev/simsec=49692.1
     Messages:  created: 2357195   present: 1409   in FES: 156
** Event #1974272   t=125.338489684651   Elapsed: 56.1155s (0m 56s)  25% completed  (12% total)
     Speed:     ev/sec=35960.8   simsec/sec=0.642996   ev/simsec=55926.9
     Messages:  created: 2452156   present: 1390   in FES: 164
** Event #2044416   t=126.67618089625   Elapsed: 58.1221s (0m 58s)  25% completed  (12% total)
     Speed:     ev/sec=34957.3   simsec/sec=0.666658   ev/simsec=52436.6
     Messages:  created: 2545263   present: 1420   in FES: 156
** Event #2115584   t=128.068110438607   Elapsed: 60.1347s (1m 00s)  25% completed  (12% total)
     Speed:     ev/sec=35360.4   simsec/sec=0.691592   ev/simsec=51129
     Messages:  created: 2639366   present: 1538   in FES: 189
** Event #2177280   t=129.21541752154   Elapsed: 62.1399s (1m 02s)  25% completed  (12% total)
     Speed:     ev/sec=30767.9   simsec/sec=0.572164   ev/simsec=53774.6
     Messages:  created: 2720716   present: 1401   in FES: 146
** Event #2248960   t=130.5701217897   Elapsed: 64.1434s (1m 04s)  26% completed  (13% total)
     Speed:     ev/sec=35777.3   simsec/sec=0.676168   ev/simsec=52911.9
     Messages:  created: 2815665   present: 1463   in FES: 157
** Event #2317312   t=131.791964060441   Elapsed: 66.1475s (1m 06s)  26% completed  (13% total)
     Speed:     ev/sec=34106.6   simsec/sec=0.60968   ev/simsec=55941.8
     Messages:  created: 2906616   present: 1444   in FES: 161
** Event #2392064   t=133.230216510569   Elapsed: 68.1532s (1m 08s)  26% completed  (13% total)
     Speed:     ev/sec=37268.7   simsec/sec=0.717063   ev/simsec=51974.2
     Messages:  created: 3004913   present: 1467   in FES: 164
** Event #2462976   t=134.643539458553   Elapsed: 70.1589s (1m 10s)  26% completed  (13% total)
     Speed:     ev/sec=35355.4   simsec/sec=0.704657   ev/simsec=50174
     Messages:  created: 3098738   present: 1495   in FES: 159
** Event #2531072   t=136.05684042753   Elapsed: 72.1648s (1m 12s)  27% completed  (13% total)
     Speed:     ev/sec=33949.1   simsec/sec=0.704598   ev/simsec=48182.2
     Messages:  created: 3188701   present: 1535   in FES: 162
** Event #2592768   t=137.214322742834   Elapsed: 74.1652s (1m 14s)  27% completed  (13% total)
     Speed:     ev/sec=30841.6   simsec/sec=0.578621   ev/simsec=53301.9
     Messages:  created: 3269604   present: 1485   in FES: 146
** Event #2662144   t=138.569461782634   Elapsed: 76.1687s (1m 16s)  27% completed  (13% total)
     Speed:     ev/sec=34626.2   simsec/sec=0.676362   ev/simsec=51194.7
     Messages:  created: 3361335   present: 1528   in FES: 155
** Event #2731520   t=139.962522561083   Elapsed: 78.1724s (1m 18s)  27% completed  (13% total)
     Speed:     ev/sec=34625.3   simsec/sec=0.695272   ev/simsec=49801.1
     Messages:  created: 3453500   present: 1469   in FES: 134
** Event #2802688   t=141.299126408641   Elapsed: 80.1787s (1m 20s)  28% completed  (14% total)
     Speed:     ev/sec=35472.4   simsec/sec=0.666206   ev/simsec=53245.4
     Messages:  created: 3546981   present: 1674   in FES: 189
** Event #2870016   t=142.602766144118   Elapsed: 82.1858s (1m 22s)  28% completed  (14% total)
     Speed:     ev/sec=33545   simsec/sec=0.649516   ev/simsec=51646.2
     Messages:  created: 3635922   present: 1584   in FES: 156
** Event #2933760   t=143.884047355505   Elapsed: 84.1947s (1m 24s)  28% completed  (14% total)
     Speed:     ev/sec=31729.6   simsec/sec=0.637779   ev/simsec=49750.2
     Messages:  created: 3720452   present: 1582   in FES: 149
** Event #3001856   t=145.010448313906   Elapsed: 86.1967s (1m 26s)  29% completed  (14% total)
     Speed:     ev/sec=34014.2   simsec/sec=0.562641   ev/simsec=60454.5
     Messages:  created: 3811100   present: 1529   in FES: 153
** Event #3074304   t=146.425837624515   Elapsed: 88.2043s (1m 28s)  29% completed  (14% total)
     Speed:     ev/sec=36087.9   simsec/sec=0.705036   ev/simsec=51185.9
     Messages:  created: 3905832   present: 1565   in FES: 160
** Event #3141376   t=147.895599591577   Elapsed: 90.2046s (1m 30s)  29% completed  (14% total)
     Speed:     ev/sec=33530.6   simsec/sec=0.734763   ev/simsec=45634.6
     Messages:  created: 3994380   present: 1495   in FES: 132
** Event #3208448   t=149.291015228613   Elapsed: 92.208s (1m 32s)  29% completed  (14% total)
     Speed:     ev/sec=33478   simsec/sec=0.696501   ev/simsec=48066
     Messages:  created: 4081737   present: 1586   in FES: 158
** Event #3276288   t=150.715411364972   Elapsed: 94.2136s (1m 34s)  30% completed  (15% total)
     Speed:     ev/sec=33826.4   simsec/sec=0.710234   ev/simsec=47627.2
     Messages:  created: 4171071   present: 1598   in FES: 156
** Event #3336192   t=152.045615033596   Elapsed: 96.214s (1m 36s)  30% completed  (15% total)
     Speed:     ev/sec=29946.4   simsec/sec=0.664976   ev/simsec=45033.7
     Messages:  created: 4249756   present: 1534   in FES: 126
** Event #3403776   t=153.40053826073   Elapsed: 98.2187s (1m 38s)  30% completed  (15% total)
     Speed:     ev/sec=33712.1   simsec/sec=0.675859   ev/simsec=49880.3
     Messages:  created: 4337874   present: 1622   in FES: 150
** Event #3472640   t=154.963940201564   Elapsed: 100.223s (1m 40s)  30% completed  (15% total)
     Speed:     ev/sec=34349.7   simsec/sec=0.779834   ev/simsec=44047.5
     Messages:  created: 4428773   present: 1546   in FES: 128
** Event #3539712   t=156.336346831696   Elapsed: 102.225s (1m 42s)  31% completed  (15% total)
     Speed:     ev/sec=33511.1   simsec/sec=0.685695   ev/simsec=48871.8
     Messages:  created: 4516081   present: 1640   in FES: 156
** Event #3608832   t=157.852770005803   Elapsed: 104.228s (1m 44s)  31% completed  (15% total)
     Speed:     ev/sec=34515.7   simsec/sec=0.757239   ev/simsec=45580.9
     Messages:  created: 4607217   present: 1667   in FES: 157
** Event #3670272   t=159.135184144299   Elapsed: 106.234s (1m 46s)  31% completed  (15% total)
     Speed:     ev/sec=30623.4   simsec/sec=0.639192   ev/simsec=47909.6
     Messages:  created: 4687273   present: 1632   in FES: 150
** Event #3740416   t=160.643276602838   Elapsed: 108.235s (1m 48s)  32% completed  (16% total)
     Speed:     ev/sec=35050.6   simsec/sec=0.753586   ev/simsec=46511.7
     Messages:  created: 4779600   present: 1672   in FES: 160
** Event #3813120   t=162.175596633228   Elapsed: 110.237s (1m 50s)  32% completed  (16% total)
     Speed:     ev/sec=36325.6   simsec/sec=0.765605   ev/simsec=47447
     Messages:  created: 4874780   present: 1606   in FES: 131
** Event #3883520   t=163.769688740654   Elapsed: 112.237s (1m 52s)  32% completed  (16% total)
     Speed:     ev/sec=35194.2   simsec/sec=0.796915   ev/simsec=44163.1
     Messages:  created: 4967376   present: 1685   in FES: 155
** Event #3956224   t=165.296669526392   Elapsed: 114.242s (1m 54s)  33% completed  (16% total)
     Speed:     ev/sec=36262.6   simsec/sec=0.761612   ev/simsec=47612.9
     Messages:  created: 5062333   present: 1717   in FES: 155
** Event #4020736   t=166.673656898962   Elapsed: 116.246s (1m 56s)  33% completed  (16% total)
     Speed:     ev/sec=32192.3   simsec/sec=0.687135   ev/simsec=46850.1
     Messages:  created: 5147195   present: 1699   in FES: 155
** Event #4089600   t=168.092325898394   Elapsed: 118.246s (1m 58s)  33% completed  (16% total)
     Speed:     ev/sec=34418.9   simsec/sec=0.709064   ev/simsec=48541.3
     Messages:  created: 5237637   present: 1731   in FES: 152
** Event #4159232   t=169.477668665246   Elapsed: 120.249s (2m 00s)  33% completed  (16% total)
     Speed:     ev/sec=34772.1   simsec/sec=0.691798   ev/simsec=50263.4
     Messages:  created: 5329229   present: 1719   in FES: 154
** Event #4228352   t=170.893253331609   Elapsed: 122.254s (2m 02s)  34% completed  (17% total)
     Speed:     ev/sec=34468.1   simsec/sec=0.70591   ev/simsec=48827.9
     Messages:  created: 5420722   present: 1712   in FES: 135
** Event #4296192   t=172.230646343006   Elapsed: 124.261s (2m 04s)  34% completed  (17% total)
     Speed:     ev/sec=33811.8   simsec/sec=0.666563   ev/simsec=50725.6
     Messages:  created: 5509456   present: 1685   in FES: 134
** Event #4369152   t=173.68782643526   Elapsed: 126.264s (2m 06s)  34% completed  (17% total)
     Speed:     ev/sec=36424.5   simsec/sec=0.727482   ev/simsec=50069.3
     Messages:  created: 5605760   present: 1787   in FES: 162
** Event #4429568   t=174.909687383707   Elapsed: 128.269s (2m 08s)  34% completed  (17% total)
     Speed:     ev/sec=30123.9   simsec/sec=0.609229   ev/simsec=49445.9
     Messages:  created: 5685574   present: 1766   in FES: 155
** Event #4500992   t=176.298816671771   Elapsed: 130.272s (2m 10s)  35% completed  (17% total)
     Speed:     ev/sec=35669.1   simsec/sec=0.693731   ev/simsec=51416.4
     Messages:  created: 5778997   present: 1794   in FES: 157
** Event #4570368   t=177.646161104789   Elapsed: 132.275s (2m 12s)  35% completed  (17% total)
     Speed:     ev/sec=34627.7   simsec/sec=0.672501   ev/simsec=51490.9
     Messages:  created: 5870617   present: 1815   in FES: 160
** Event #4643840   t=179.124284012295   Elapsed: 134.281s (2m 14s)  35% completed  (17% total)
     Speed:     ev/sec=36628.5   simsec/sec=0.736899   ev/simsec=49706.3
     Messages:  created: 5967025   present: 1771   in FES: 144
** Event #4715264   t=180.586080337153   Elapsed: 136.283s (2m 16s)  36% completed  (18% total)
     Speed:     ev/sec=35676.6   simsec/sec=0.730173   ev/simsec=48860.4
     Messages:  created: 6060960   present: 1811   in FES: 155
** Event #4779520   t=181.886082940377   Elapsed: 138.287s (2m 18s)  36% completed  (18% total)
     Speed:     ev/sec=32063.4   simsec/sec=0.648695   ev/simsec=49427.6
     Messages:  created: 6145975   present: 1841   in FES: 153
** Event #4848896   t=183.302368505122   Elapsed: 140.292s (2m 20s)  36% completed  (18% total)
     Speed:     ev/sec=34610.7   simsec/sec=0.706565   ev/simsec=48984.5
     Messages:  created: 6236425   present: 1832   in FES: 146
** Event #4920064   t=184.843112140837   Elapsed: 142.295s (2m 22s)  36% completed  (18% total)
     Speed:     ev/sec=35524.2   simsec/sec=0.769078   ev/simsec=46190.7
     Messages:  created: 6330355   present: 1881   in FES: 157
** Event #4989696   t=186.260131133846   Elapsed: 144.307s (2m 24s)  37% completed  (18% total)
     Speed:     ev/sec=34615.1   simsec/sec=0.70442   ev/simsec=49139.8
     Messages:  created: 6421432   present: 1856   in FES: 148
** Event #5060352   t=187.795120425191   Elapsed: 146.314s (2m 26s)  37% completed  (18% total)
     Speed:     ev/sec=35202.9   simsec/sec=0.764776   ev/simsec=46030.3
     Messages:  created: 6514577   present: 1887   in FES: 169
** Event #5123584   t=189.069818218311   Elapsed: 148.327s (2m 28s)  37% completed  (18% total)
     Speed:     ev/sec=31406.1   simsec/sec=0.633117   ev/simsec=49605.5
     Messages:  created: 6597495   present: 1916   in FES: 155
** Event #5192192   t=190.353370137415   Elapsed: 150.332s (2m 30s)  38% completed  (19% total)
     Speed:     ev/sec=34224.9   simsec/sec=0.640296   ev/simsec=53451.7
     Messages:  created: 6687492   present: 1908   in FES: 146
** Event #5264640   t=191.843751874013   Elapsed: 152.335s (2m 32s)  38% completed  (19% total)
     Speed:     ev/sec=36169.7   simsec/sec=0.744073   ev/simsec=48610.4
     Messages:  created: 6783188   present: 2011   in FES: 186
** Event #5340672   t=193.324541492518   Elapsed: 154.344s (2m 34s)  38% completed  (19% total)
     Speed:     ev/sec=37840.6   simsec/sec=0.73698   ev/simsec=51345.6
     Messages:  created: 6882769   present: 1870   in FES: 135
** Event #5413376   t=194.836315141435   Elapsed: 156.356s (2m 36s)  38% completed  (19% total)
     Speed:     ev/sec=36133.4   simsec/sec=0.751342   ev/simsec=48091.9
     Messages:  created: 6978647   present: 1938   in FES: 166
** Event #5486080   t=196.215417131328   Elapsed: 158.358s (2m 38s)  39% completed  (19% total)
     Speed:     ev/sec=36324.9   simsec/sec=0.689038   ev/simsec=52718.4
     Messages:  created: 7073815   present: 1924   in FES: 145
** Event #5546752   t=197.352183940736   Elapsed: 160.369s (2m 40s)  39% completed  (19% total)
     Speed:     ev/sec=30163.8   simsec/sec=0.565156   ev/simsec=53372.4
     Messages:  created: 7153787   present: 1894   in FES: 127
** Event #5627904   t=198.987203908593   Elapsed: 162.371s (2m 42s)  39% completed  (19% total)
     Speed:     ev/sec=40529.6   simsec/sec=0.816575   ev/simsec=49633.6
     Messages:  created: 7261215   present: 1947   in FES: 148
** Event #5700608   t=200.322358647057   Elapsed: 164.375s (2m 44s)  40% completed  (20% total)
     Speed:     ev/sec=36280.1   simsec/sec=0.666258   ev/simsec=54453.6
     Messages:  created: 7356520   present: 1924   in FES: 129
** Event #5769472   t=201.652599523544   Elapsed: 166.378s (2m 46s)  40% completed  (20% total)
     Speed:     ev/sec=34379.4   simsec/sec=0.664104   ev/simsec=51768.1
     Messages:  created: 7447311   present: 2011   in FES: 156
** Event #5839872   t=203.07781767986   Elapsed: 168.38s (2m 48s)  40% completed  (20% total)
     Speed:     ev/sec=35163.4   simsec/sec=0.711867   ev/simsec=49395.9
     Messages:  created: 7539794   present: 2009   in FES: 157
** Event #5904128   t=204.400533845871   Elapsed: 170.385s (2m 50s)  40% completed  (20% total)
     Speed:     ev/sec=32051.3   simsec/sec=0.65978   ev/simsec=48578.8
     Messages:  created: 7623847   present: 2045   in FES: 157
** Event #5972480   t=205.503716471672   Elapsed: 172.392s (2m 52s)  41% completed  (20% total)
     Speed:     ev/sec=34057.9   simsec/sec=0.549684   ev/simsec=61958.9
     Messages:  created: 7714918   present: 1961   in FES: 128
** Event #6042624   t=206.836347025126   Elapsed: 174.404s (2m 54s)  41% completed  (20% total)
     Speed:     ev/sec=34867.1   simsec/sec=0.662422   ev/simsec=52635.7
     Messages:  created: 7808089   present: 2032   in FES: 152
** Event #6113280   t=208.129787919246   Elapsed: 176.407s (2m 56s)  41% completed  (20% total)
     Speed:     ev/sec=35279.6   simsec/sec=0.645834   ev/simsec=54626.4
     Messages:  created: 7900862   present: 1975   in FES: 134
** Event #6183936   t=209.479912137191   Elapsed: 178.418s (2m 58s)  41% completed  (20% total)
     Speed:     ev/sec=35119.4   simsec/sec=0.671076   ev/simsec=52333
     Messages:  created: 7994140   present: 2045   in FES: 155
** Event #6260736   t=211.04262416008   Elapsed: 180.423s (3m 00s)  42% completed  (21% total)
     Speed:     ev/sec=38319.7   simsec/sec=0.779722   ev/simsec=49145.3
     Messages:  created: 8095882   present: 2065   in FES: 156
** Event #6328576   t=212.344905778558   Elapsed: 182.425s (3m 02s)  42% completed  (21% total)
     Speed:     ev/sec=33878.1   simsec/sec=0.650337   ev/simsec=52093.2
     Messages:  created: 8184537   present: 2109   in FES: 158
** Event #6406912   t=213.987383032406   Elapsed: 184.435s (3m 04s)  42% completed  (21% total)
     Speed:     ev/sec=38973.7   simsec/sec=0.817165   ev/simsec=47693.8
     Messages:  created: 8288000   present: 2089   in FES: 152
** Event #6466560   t=215.141481114594   Elapsed: 186.443s (3m 06s)  43% completed  (21% total)
     Speed:     ev/sec=29706.3   simsec/sec=0.574771   ev/simsec=51683.6
     Messages:  created: 8365922   present: 2107   in FES: 156
** Event #6535424   t=216.529132316345   Elapsed: 188.449s (3m 08s)  43% completed  (21% total)
     Speed:     ev/sec=34322   simsec/sec=0.691609   ev/simsec=49626.3
     Messages:  created: 8456476   present: 2111   in FES: 159
** Event #6609920   t=218.047759821285   Elapsed: 190.459s (3m 10s)  43% completed  (21% total)
     Speed:     ev/sec=37074.5   simsec/sec=0.755777   ev/simsec=49054.8
     Messages:  created: 8555031   present: 2111   in FES: 150
** Event #6663424   t=219.085460119023   Elapsed: 192.658s (3m 12s)  43% completed  (21% total)
     Speed:     ev/sec=24332.1   simsec/sec=0.471917   ev/simsec=51560.2
     Messages:  created: 8625109   present: 2144   in FES: 156
** Event #6734080   t=220.5   Elapsed: 194.662s (3m 14s)  44% completed  (22% total)
     Speed:     ev/sec=35252.4   simsec/sec=0.705757   ev/simsec=49949.8
     Messages:  created: 8718151   present: 2059   in FES: 125
** Event #6799360   t=221.876504793766   Elapsed: 196.663s (3m 16s)  44% completed  (22% total)
     Speed:     ev/sec=32623.7   simsec/sec=0.687908   ev/simsec=47424.5
     Messages:  created: 8804584   present: 2136   in FES: 156
** Event #6870784   t=223.268753118349   Elapsed: 198.664s (3m 18s)  44% completed  (22% total)
     Speed:     ev/sec=35689.7   simsec/sec=0.69569   ev/simsec=51301.2
     Messages:  created: 8898090   present: 2099   in FES: 129
** Event #6941952   t=224.722906126242   Elapsed: 200.67s (3m 20s)  44% completed  (22% total)
     Speed:     ev/sec=35490.5   simsec/sec=0.725166   ev/simsec=48941.2
     Messages:  created: 8992126   present: 2195   in FES: 158
** Event #7003648   t=226.002026141986   Elapsed: 202.673s (3m 22s)  45% completed  (22% total)
     Speed:     ev/sec=30795   simsec/sec=0.638462   ev/simsec=48233.2
     Messages:  created: 9073838   present: 2201   in FES: 157
** Event #7063552   t=227.163694541941   Elapsed: 204.68s (3m 24s)  45% completed  (22% total)
     Speed:     ev/sec=29853.3   simsec/sec=0.578921   ev/simsec=51567.2
     Messages:  created: 9152661   present: 2229   in FES: 156
** Event #7137792   t=228.774153260734   Elapsed: 206.689s (3m 26s)  45% completed  (22% total)
     Speed:     ev/sec=36951.2   simsec/sec=0.801569   ev/simsec=46098.7
     Messages:  created: 9251145   present: 2234   in FES: 156
** Event #7216896   t=230.298818221438   Elapsed: 208.693s (3m 28s)  46% completed  (23% total)
     Speed:     ev/sec=39470.6   simsec/sec=0.760763   ev/simsec=51882.9
     Messages:  created: 9355748   present: 2287   in FES: 158
** Event #7287552   t=231.660286793163   Elapsed: 210.699s (3m 30s)  46% completed  (23% total)
     Speed:     ev/sec=35219.5   simsec/sec=0.678644   ev/simsec=51896.9
     Messages:  created: 9449582   present: 2280   in FES: 158
** Event #7359488   t=233.141696858858   Elapsed: 212.707s (3m 32s)  46% completed  (23% total)
     Speed:     ev/sec=35830.9   simsec/sec=0.737882   ev/simsec=48559.1
     Messages:  created: 9544403   present: 2311   in FES: 160
** Event #7431424   t=234.6305449838   Elapsed: 214.712s (3m 34s)  46% completed  (23% total)
     Speed:     ev/sec=35866.6   simsec/sec=0.742326   ev/simsec=48316.5
     Messages:  created: 9639617   present: 2228   in FES: 127
** Event #7493888   t=236.003091627817   Elapsed: 216.717s (3m 36s)  47% completed  (23% total)
     Speed:     ev/sec=31161.6   simsec/sec=0.684726   ev/simsec=45509.6
     Messages:  created: 9722500   present: 2243   in FES: 125
** Event #7566848   t=237.453424718039   Elapsed: 218.723s (3m 38s)  47% completed  (23% total)
     Speed:     ev/sec=36365.9   simsec/sec=0.722898   ev/simsec=50305.7
     Messages:  created: 9818441   present: 2281   in FES: 136
** Event #7639808   t=239.042555020251   Elapsed: 220.723s (3m 40s)  47% completed  (23% total)
     Speed:     ev/sec=36477   simsec/sec=0.794501   ev/simsec=45911.9
     Messages:  created: 9915311   present: 2304   in FES: 131
** Event #7714560   t=240.543245223832   Elapsed: 222.727s (3m 42s)  48% completed  (24% total)
     Speed:     ev/sec=37309.3   simsec/sec=0.749006   ev/simsec=49811.7
     Messages:  created: 10013526   present: 2341   in FES: 144
** Event #7781888   t=242.022662997159   Elapsed: 224.727s (3m 44s)  48% completed  (24% total)
     Speed:     ev/sec=33655.2   simsec/sec=0.739517   ev/simsec=45509.8
     Messages:  created: 10102947   present: 2401   in FES: 154
** Event #7846400   t=243.274815825854   Elapsed: 226.733s (3m 46s)  48% completed  (24% total)
     Speed:     ev/sec=32172.9   simsec/sec=0.624464   ev/simsec=51520.9
     Messages:  created: 10187756   present: 2413   in FES: 148
** Event #7918336   t=244.809961167214   Elapsed: 228.744s (3m 48s)  48% completed  (24% total)
     Speed:     ev/sec=35768.2   simsec/sec=0.763308   ev/simsec=46859.4
     Messages:  created: 10283180   present: 2352   in FES: 126
** Event #8001280   t=246.568320529864   Elapsed: 230.747s (3m 50s)  49% completed  (24% total)
     Speed:     ev/sec=41399.9   simsec/sec=0.877652   ev/simsec=47171.2
     Messages:  created: 10392484   present: 2397   in FES: 131
** Event #8076800   t=248.053028525132   Elapsed: 232.748s (3m 52s)  49% completed  (24% total)
     Speed:     ev/sec=37751.2   simsec/sec=0.742181   ev/simsec=50865.2
     Messages:  created: 10492919   present: 2508   in FES: 153
** Event #8148736   t=249.492811268328   Elapsed: 234.75s (3m 54s)  49% completed  (24% total)
     Speed:     ev/sec=35917.5   simsec/sec=0.718881   ev/simsec=49963.1
     Messages:  created: 10587371   present: 2509   in FES: 155
** Event #8216832   t=250.858185538514   Elapsed: 236.755s (3m 56s)  50% completed  (25% total)
     Speed:     ev/sec=33972.4   simsec/sec=0.681172   ev/simsec=49873.5
     Messages:  created: 10678320   present: 2534   in FES: 164
** Event #8287488   t=252.218649560604   Elapsed: 238.759s (3m 58s)  50% completed  (25% total)
     Speed:     ev/sec=35250.2   simsec/sec=0.678733   ev/simsec=51935.2
     Messages:  created: 10771881   present: 2555   in FES: 165
** Event #8360192   t=253.772926644523   Elapsed: 240.764s (4m 00s)  50% completed  (25% total)
     Speed:     ev/sec=36274.5   simsec/sec=0.775482   ev/simsec=46776.7
     Messages:  created: 10868360   present: 2528   in FES: 140
** Event #8431616   t=255.211440593949   Elapsed: 242.765s (4m 02s)  51% completed  (25% total)
     Speed:     ev/sec=35681.6   simsec/sec=0.718644   ev/simsec=49651.2
     Messages:  created: 10962229   present: 2560   in FES: 150
** Event #8503296   t=256.764285213653   Elapsed: 244.769s (4m 04s)  51% completed  (25% total)
     Speed:     ev/sec=35773.4   simsec/sec=0.774979   ev/simsec=46160.4
     Messages:  created: 11056853   present: 2544   in FES: 137
** Event #8578816   t=258.336080781682   Elapsed: 246.773s (4m 06s)  51% completed  (25% total)
     Speed:     ev/sec=37690.7   simsec/sec=0.784455   ev/simsec=48047
     Messages:  created: 11156121   present: 2630   in FES: 157
** Event #8653824   t=260.02266144002   Elapsed: 248.773s (4m 08s)  52% completed  (26% total)
     Speed:     ev/sec=37489.8   simsec/sec=0.842972   ev/simsec=44473.4
     Messages:  created: 11255393   present: 2674   in FES: 155
** Event #8721664   t=261.396162251179   Elapsed: 250.776s (4m 10s)  52% completed  (26% total)
     Speed:     ev/sec=33876.5   simsec/sec=0.685869   ev/simsec=49392
     Messages:  created: 11344267   present: 2693   in FES: 146
** Event #8793856   t=263.018185056255   Elapsed: 252.782s (4m 12s)  52% completed  (26% total)
     Speed:     ev/sec=35994   simsec/sec=0.808721   ev/simsec=44507.4
     Messages:  created: 11439749   present: 2737   in FES: 157
** Event #8862464   t=264.400534701047   Elapsed: 254.787s (4m 14s)  52% completed  (26% total)
     Speed:     ev/sec=34206.3   simsec/sec=0.689206   ev/simsec=49631.4
     Messages:  created: 11529547   present: 2752   in FES: 147
** Event #8938496   t=266.053025128069   Elapsed: 256.793s (4m 16s)  53% completed  (26% total)
     Speed:     ev/sec=37910.8   simsec/sec=0.823958   ev/simsec=46010.6
     Messages:  created: 11630141   present: 2803   in FES: 151
** Event #9013248   t=267.635092018981   Elapsed: 258.796s (4m 18s)  53% completed  (26% total)
     Speed:     ev/sec=37321.2   simsec/sec=0.789874   ev/simsec=47249.6
     Messages:  created: 11728341   present: 2752   in FES: 132
** Event #9084160   t=269.134701299927   Elapsed: 260.8s (4m 20s)  53% completed  (26% total)
     Speed:     ev/sec=35387.9   simsec/sec=0.748364   ev/simsec=47287
     Messages:  created: 11821570   present: 2835   in FES: 157
** Event #9154304   t=270.610679911115   Elapsed: 262.8s (4m 22s)  54% completed  (27% total)
     Speed:     ev/sec=35059.8   simsec/sec=0.737732   ev/simsec=47523.7
     Messages:  created: 11914186   present: 2788   in FES: 130
** Event #9230336   t=272.184123017539   Elapsed: 264.805s (4m 24s)  54% completed  (27% total)
     Speed:     ev/sec=37923.6   simsec/sec=0.78481   ev/simsec=48322.1
     Messages:  created: 12014443   present: 2899   in FES: 157
** Event #9302016   t=273.731274383485   Elapsed: 266.809s (4m 26s)  54% completed  (27% total)
     Speed:     ev/sec=35771.9   simsec/sec=0.772106   ev/simsec=46330.3
     Messages:  created: 12109380   present: 2862   in FES: 132
** Event #9374208   t=275.236863407257   Elapsed: 268.809s (4m 28s)  55% completed  (27% total)
     Speed:     ev/sec=36091.5   simsec/sec=0.7527   ev/simsec=47949.3
     Messages:  created: 12204454   present: 2933   in FES: 136
** Event #9442560   t=276.674154419175   Elapsed: 270.81s (4m 30s)  55% completed  (27% total)
     Speed:     ev/sec=34163.5   simsec/sec=0.718382   ev/simsec=47556.1
     Messages:  created: 12295146   present: 2972   in FES: 156
** Event #9506560   t=278.04620389996   Elapsed: 272.811s (4m 32s)  55% completed  (27% total)
     Speed:     ev/sec=31992   simsec/sec=0.685854   ev/simsec=46645.5
     Messages:  created: 12379942   present: 2993   in FES: 145
** Event #9581568   t=279.586302340259   Elapsed: 274.813s (4m 34s)  55% completed  (27% total)
     Speed:     ev/sec=37459.5   simsec/sec=0.769135   ev/simsec=48703.4
     Messages:  created: 12478939   present: 3016   in FES: 157
** Event #9654016   t=281.098741371726   Elapsed: 276.818s (4m 36s)  56% completed  (28% total)
     Speed:     ev/sec=36125.8   simsec/sec=0.754169   ev/simsec=47901.4
     Messages:  created: 12574720   present: 3085   in FES: 156
** Event #9725440   t=282.593419969409   Elapsed: 278.824s (4m 38s)  56% completed  (28% total)
     Speed:     ev/sec=35613.4   simsec/sec=0.745276   ev/simsec=47785.5
     Messages:  created: 12669396   present: 3120   in FES: 167
** Event #9795840   t=282.952314784126   Elapsed: 280.83s (4m 40s)  56% completed  (28% total)
     Speed:     ev/sec=35087.4   simsec/sec=0.178873   ev/simsec=196158
     Messages:  created: 12767251   present: 2939   in FES: 125
** Event #9868544   t=284.079970456979   Elapsed: 282.832s (4m 42s)  56% completed  (28% total)
     Speed:     ev/sec=36317.4   simsec/sec=0.563291   ev/simsec=64473.6
     Messages:  created: 12864453   present: 3038   in FES: 154
** Event #9933056   t=285.393533963515   Elapsed: 284.836s (4m 44s)  57% completed  (28% total)
     Speed:     ev/sec=32201.7   simsec/sec=0.655675   ev/simsec=49112.2
     Messages:  created: 12949645   present: 3054   in FES: 162
** Event #10004992   t=286.925596633228   Elapsed: 286.838s (4m 46s)  57% completed  (28% total)
     Speed:     ev/sec=35921.3   simsec/sec=0.765038   ev/simsec=46953.7
     Messages:  created: 13045179   present: 3007   in FES: 125
** Event #10075904   t=288.34871462389   Elapsed: 288.845s (4m 48s)  57% completed  (28% total)
     Speed:     ev/sec=35338.5   simsec/sec=0.7092   ev/simsec=49828.6
     Messages:  created: 13138658   present: 3133   in FES: 157
** Event #10148096   t=289.863755268991   Elapsed: 290.848s (4m 50s)  57% completed  (28% total)
     Speed:     ev/sec=36032.3   simsec/sec=0.756184   ev/simsec=47650.2
     Messages:  created: 13234363   present: 3162   in FES: 156
** Event #10216192   t=291.207144330203   Elapsed: 292.849s (4m 52s)  58% completed  (29% total)
     Speed:     ev/sec=34032   simsec/sec=0.671379   ev/simsec=50689.7
     Messages:  created: 13323830   present: 3153   in FES: 146
** Event #10289664   t=292.726172513681   Elapsed: 294.853s (4m 54s)  58% completed  (29% total)
     Speed:     ev/sec=36673.6   simsec/sec=0.758224   ev/simsec=48367.8
     Messages:  created: 13421206   present: 3158   in FES: 139
** Event #10352384   t=294.041962150441   Elapsed: 296.853s (4m 56s)  58% completed  (29% total)
     Speed:     ev/sec=31353   simsec/sec=0.657747   ev/simsec=47667.2
     Messages:  created: 13504399   present: 3246   in FES: 158
** Event #10423040   t=295.451374122487   Elapsed: 298.855s (4m 58s)  59% completed  (29% total)
     Speed:     ev/sec=35288.1   simsec/sec=0.70391   ev/simsec=50131.5
     Messages:  created: 13597127   present: 3281   in FES: 152
** Event #10494976   t=297.006077252005   Elapsed: 300.858s (5m 00s)  59% completed  (29% total)
     Speed:     ev/sec=35923.5   simsec/sec=0.776391   ev/simsec=46269.9
     Messages:  created: 13692687   present: 3322   in FES: 154
** Event #10563328   t=298.352766888399   Elapsed: 302.863s (5m 02s)  59% completed  (29% total)
     Speed:     ev/sec=34097.6   simsec/sec=0.671799   ev/simsec=50755.6
     Messages:  created: 13782478   present: 3351   in FES: 156
** Event #10638336   t=299.978825726087   Elapsed: 304.865s (5m 04s)  59% completed  (29% total)
     Speed:     ev/sec=37453.7   simsec/sec=0.811939   ev/simsec=46128.7
     Messages:  created: 13882110   present: 3372   in FES: 157
** Event #10707968   t=301.39305871982   Elapsed: 306.872s (5m 06s)  60% completed  (30% total)
     Speed:     ev/sec=34691.7   simsec/sec=0.704592   ev/simsec=49236.6
     Messages:  created: 13973435   present: 3356   in FES: 137
** Event #10772480   t=302.460717360478   Elapsed: 308.876s (5m 08s)  60% completed  (30% total)
     Speed:     ev/sec=32203.4   simsec/sec=0.53296   ev/simsec=60423.8
     Messages:  created: 14059817   present: 3444   in FES: 157
** Event #10843648   t=304.041466194112   Elapsed: 310.878s (5m 10s)  60% completed  (30% total)
     Speed:     ev/sec=35534   simsec/sec=0.789264   ev/simsec=45021.7
     Messages:  created: 14154782   present: 3273   in FES: 127
** Event #10917888   t=305.42724029818   Elapsed: 312.884s (5m 12s)  61% completed  (30% total)
     Speed:     ev/sec=37011.5   simsec/sec=0.690862   ev/simsec=53572.9
     Messages:  created: 14253025   present: 3379   in FES: 151
** Event #10988288   t=307.077822051131   Elapsed: 314.888s (5m 14s)  61% completed  (30% total)
     Speed:     ev/sec=35131.2   simsec/sec=0.823679   ev/simsec=42651.6
     Messages:  created: 14346105   present: 3519   in FES: 186
** Event #11057408   t=308.60062214651   Elapsed: 316.889s (5m 16s)  61% completed  (30% total)
     Speed:     ev/sec=34546.3   simsec/sec=0.761097   ev/simsec=45390.1
     Messages:  created: 14437201   present: 3369   in FES: 131
** Event #11126272   t=310.219047675765   Elapsed: 319.076s (5m 19s)  62% completed  (31% total)
     Speed:     ev/sec=31488.2   simsec/sec=0.740028   ev/simsec=42550
     Messages:  created: 14527663   present: 3414   in FES: 134
** Event #11194112   t=312.05690202775   Elapsed: 321.077s (5m 21s)  62% completed  (31% total)
     Speed:     ev/sec=33910.3   simsec/sec=0.918665   ev/simsec=36912.6
     Messages:  created: 14616982   present: 3618   in FES: 177
** Event #11263744   t=313.885469111688   Elapsed: 323.082s (5m 23s)  62% completed  (31% total)
     Speed:     ev/sec=34729.3   simsec/sec=0.912006   ev/simsec=38080.1
     Messages:  created: 14708354   present: 3563   in FES: 141
** Event #11332352   t=315.58766717327   Elapsed: 325.089s (5m 25s)  63% completed  (31% total)
     Speed:     ev/sec=34180.5   simsec/sec=0.848034   ev/simsec=40305.5
     Messages:  created: 14798158   present: 3592   in FES: 137
** Event #11400704   t=317.321004585253   Elapsed: 327.094s (5m 27s)  63% completed  (31% total)
     Speed:     ev/sec=34082.6   simsec/sec=0.8643   ev/simsec=39433.8
     Messages:  created: 14887835   present: 3668   in FES: 155
** Event #11470080   t=319.064689269147   Elapsed: 329.095s (5m 29s)  63% completed  (31% total)
     Speed:     ev/sec=34678.7   simsec/sec=0.871609   ev/simsec=39787
     Messages:  created: 14979435   present: 3645   in FES: 130
** Event #11532544   t=320.604570419631   Elapsed: 331.1s (5m 31s)  64% completed  (32% total)
     Speed:     ev/sec=31147.8   simsec/sec=0.767865   ev/simsec=40564.2
     Messages:  created: 15061376   present: 3686   in FES: 136
** Event #11602176   t=322.41118866845   Elapsed: 333.103s (5m 33s)  64% completed  (32% total)
     Speed:     ev/sec=34772.1   simsec/sec=0.902169   ev/simsec=38542.7
     Messages:  created: 15152482   present: 3748   in FES: 135
** Event #11674624   t=324.306533171507   Elapsed: 335.103s (5m 35s)  64% completed  (32% total)
     Speed:     ev/sec=36221.1   simsec/sec=0.947597   ev/simsec=38224.2
     Messages:  created: 15247526   present: 3853   in FES: 154
** Event #11744768   t=326.135107004521   Elapsed: 337.107s (5m 37s)  65% completed  (32% total)
     Speed:     ev/sec=34999.6   simsec/sec=0.912401   ev/simsec=38359.9
     Messages:  created: 15339392   present: 3929   in FES: 154
** Event #11814912   t=328.045675971539   Elapsed: 339.108s (5m 39s)  65% completed  (32% total)
     Speed:     ev/sec=35050.6   simsec/sec=0.954701   ev/simsec=36713.7
     Messages:  created: 15431679   present: 3924   in FES: 130
** Event #11879680   t=329.71422731225   Elapsed: 341.114s (5m 41s)  65% completed  (32% total)
     Speed:     ev/sec=32296.4   simsec/sec=0.83202   ev/simsec=38816.9
     Messages:  created: 15516243   present: 3952   in FES: 134
** Event #11943424   t=331.336351653554   Elapsed: 343.12s (5m 43s)  66% completed  (33% total)
     Speed:     ev/sec=31775.1   simsec/sec=0.808598   ev/simsec=39296.6
     Messages:  created: 15599416   present: 3999   in FES: 129
** Event #12011520   t=333.097474417601   Elapsed: 345.125s (5m 45s)  66% completed  (33% total)
     Speed:     ev/sec=33956.1   simsec/sec=0.878185   ev/simsec=38666.2
     Messages:  created: 15688710   present: 4138   in FES: 156
** Event #12080896   t=334.979362535873   Elapsed: 347.129s (5m 47s)  66% completed  (33% total)
     Speed:     ev/sec=34615.8   simsec/sec=0.938985   ev/simsec=36865.1
     Messages:  created: 15780110   present: 4178   in FES: 156
** Event #12150272   t=336.759376338386   Elapsed: 349.13s (5m 49s)  67% completed  (33% total)
     Speed:     ev/sec=34680.2   simsec/sec=0.889807   ev/simsec=38975
     Messages:  created: 15870702   present: 4221   in FES: 154
** Event #12224512   t=338.68785640768   Elapsed: 351.133s (5m 51s)  67% completed  (33% total)
     Speed:     ev/sec=37068.9   simsec/sec=0.962914   ev/simsec=38496.6
     Messages:  created: 15967853   present: 4249   in FES: 144
** Event #12286464   t=340.298456767506   Elapsed: 353.137s (5m 53s)  68% completed  (34% total)
     Speed:     ev/sec=30913.8   simsec/sec=0.803682   ev/simsec=38465.2
     Messages:  created: 16048594   present: 4297   in FES: 149
** Event #12359680   t=342.215415342203   Elapsed: 355.14s (5m 55s)  68% completed  (34% total)
     Speed:     ev/sec=36543.8   simsec/sec=0.9568   ev/simsec=38193.8
     Messages:  created: 16144287   present: 4364   in FES: 152
** Event #12429568   t=344.080288271215   Elapsed: 357.148s (5m 57s)  68% completed  (34% total)
     Speed:     ev/sec=34815.7   simsec/sec=0.929012   ev/simsec=37476
     Messages:  created: 16235879   present: 4393   in FES: 143
** Event #12501248   t=346.046202621076   Elapsed: 359.154s (5m 59s)  69% completed  (34% total)
     Speed:     ev/sec=35720.5   simsec/sec=0.979679   ev/simsec=36461.4
     Messages:  created: 16329892   present: 4495   in FES: 152
** Event #12573696   t=346.658033148561   Elapsed: 361.154s (6m 01s)  69% completed  (34% total)
     Speed:     ev/sec=36220.8   simsec/sec=0.305888   ev/simsec=118412
     Messages:  created: 16427247   present: 4107   in FES: 132
** Event #12641536   t=348.067686749767   Elapsed: 363.157s (6m 03s)  69% completed  (34% total)
     Speed:     ev/sec=33869.7   simsec/sec=0.703782   ev/simsec=48125.3
     Messages:  created: 16516888   present: 4060   in FES: 124
** Event #12704000   t=349.568275786475   Elapsed: 365.167s (6m 05s)  69% completed  (34% total)
     Speed:     ev/sec=31079   simsec/sec=0.74662   ev/simsec=41626.3
     Messages:  created: 16598550   present: 4105   in FES: 137
** Event #12776192   t=351.06805394606   Elapsed: 367.169s (6m 07s)  70% completed  (35% total)
     Speed:     ev/sec=36063   simsec/sec=0.749204   ev/simsec=48135.1
     Messages:  created: 16693992   present: 4219   in FES: 157
** Event #12847872   t=352.477669318564   Elapsed: 369.17s (6m 09s)  70% completed  (35% total)
     Speed:     ev/sec=35815.3   simsec/sec=0.704322   ev/simsec=50850.8
     Messages:  created: 16788880   present: 4311   in FES: 186
** Event #12917760   t=353.510427105029   Elapsed: 371.173s (6m 11s)  70% completed  (35% total)
     Speed:     ev/sec=34896.7   simsec/sec=0.51568   ev/simsec=67671.2
     Messages:  created: 16882645   present: 4260   in FES: 162
** Event #12987904   t=354.339792391437   Elapsed: 373.173s (6m 13s)  70% completed  (35% total)
     Speed:     ev/sec=35069   simsec/sec=0.414647   ev/simsec=84575.5
     Messages:  created: 16974629   present: 3472   in FES: 188
** Event #13065728   t=355.184123046519   Elapsed: 375.177s (6m 15s)  71% completed  (35% total)
     Speed:     ev/sec=38845   simsec/sec=0.421438   ev/simsec=92172.4
     Messages:  created: 17080018   present: 3296   in FES: 155
** Event #13125632   t=356.336346245125   Elapsed: 377.185s (6m 17s)  71% completed  (35% total)
     Speed:     ev/sec=29825.4   simsec/sec=0.573677   ev/simsec=51989.9
     Messages:  created: 17159423   present: 3323   in FES: 157
** Event #13201152   t=357.738253830479   Elapsed: 379.192s (6m 19s)  71% completed  (35% total)
     Speed:     ev/sec=37632.9   simsec/sec=0.698594   ev/simsec=53869.5
     Messages:  created: 17260061   present: 3256   in FES: 127
** Event #13270784   t=359.041468347067   Elapsed: 381.196s (6m 21s)  71% completed  (35% total)
     Speed:     ev/sec=34740.6   simsec/sec=0.650197   ev/simsec=53431
     Messages:  created: 17352482   present: 3322   in FES: 158
** Event #13340672   t=360.215189364972   Elapsed: 383.202s (6m 23s)  72% completed  (36% total)
     Speed:     ev/sec=34851.1   simsec/sec=0.5853   ev/simsec=59544
     Messages:  created: 17444387   present: 3280   in FES: 128
** Event #13409792   t=361.425989686429   Elapsed: 385.205s (6m 25s)  72% completed  (36% total)
     Speed:     ev/sec=34499.6   simsec/sec=0.604342   ev/simsec=57086.2
     Messages:  created: 17536010   present: 3374   in FES: 155
** Event #13481728   t=362.689403761046   Elapsed: 387.205s (6m 27s)  72% completed  (36% total)
     Speed:     ev/sec=35965.6   simsec/sec=0.631665   ev/simsec=56937.8
     Messages:  created: 17631639   present: 3385   in FES: 157
** Event #13543168   t=363.730245561191   Elapsed: 389.21s (6m 29s)  72% completed  (36% total)
     Speed:     ev/sec=30653.5   simsec/sec=0.519294   ev/simsec=59029.1
     Messages:  created: 17713053   present: 3384   in FES: 149
** Event #13619456   t=365.04971417577   Elapsed: 391.211s (6m 31s)  73% completed  (36% total)
     Speed:     ev/sec=38117   simsec/sec=0.659268   ev/simsec=57817.2
     Messages:  created: 17814225   present: 3410   in FES: 155
** Event #13689856   t=366.145846786203   Elapsed: 393.22s (6m 33s)  73% completed  (36% total)
     Speed:     ev/sec=35040   simsec/sec=0.545575   ev/simsec=64225.8
     Messages:  created: 17907034   present: 3423   in FES: 157
** Event #13766656   t=367.420670156823   Elapsed: 395.221s (6m 35s)  73% completed  (36% total)
     Speed:     ev/sec=38392.8   simsec/sec=0.637292   ev/simsec=60243.6
     Messages:  created: 18008899   present: 3377   in FES: 154
** Event #13834752   t=368.774300160167   Elapsed: 397.225s (6m 37s)  73% completed  (36% total)
     Speed:     ev/sec=33969.3   simsec/sec=0.67525   ev/simsec=50306.2
     Messages:  created: 18099228   present: 3387   in FES: 149
** Event #13893376   t=369.923658172225   Elapsed: 399.227s (6m 39s)  73% completed  (36% total)
     Speed:     ev/sec=29284   simsec/sec=0.574131   ev/simsec=51005.9
     Messages:  created: 18176879   present: 3426   in FES: 155
** Event #13960192   t=371.214544686481   Elapsed: 401.232s (6m 41s)  74% completed  (37% total)
     Speed:     ev/sec=33319.3   simsec/sec=0.64373   ev/simsec=51759.8
     Messages:  created: 18264546   present: 3444   in FES: 156
** Event #14032640   t=372.715191549234   Elapsed: 403.237s (6m 43s)  74% completed  (37% total)
     Speed:     ev/sec=36144   simsec/sec=0.748667   ev/simsec=48277.8
     Messages:  created: 18359916   present: 3466   in FES: 154
** Event #14100992   t=374.102998085219   Elapsed: 405.24s (6m 45s)  74% completed  (37% total)
     Speed:     ev/sec=34130.1   simsec/sec=0.692972   ev/simsec=49251.8
     Messages:  created: 18449399   present: 3512   in FES: 160
** Event #14168064   t=375.451380556055   Elapsed: 407.244s (6m 47s)  75% completed  (37% total)
     Speed:     ev/sec=33458.8   simsec/sec=0.67264   ev/simsec=49742.6
     Messages:  created: 18537325   present: 3481   in FES: 137
** Event #14240768   t=377.002945654366   Elapsed: 409.247s (6m 49s)  75% completed  (37% total)
     Speed:     ev/sec=36295.6   simsec/sec=0.774579   ev/simsec=46858.5
     Messages:  created: 18633268   present: 3529   in FES: 157
** Event #14302208   t=378.196648203412   Elapsed: 411.25s (6m 51s)  75% completed  (37% total)
     Speed:     ev/sec=30678.2   simsec/sec=0.59604   ev/simsec=51470.1
     Messages:  created: 18713164   present: 3505   in FES: 134
** Event #14372864   t=379.71456539305   Elapsed: 413.252s (6m 53s)  75% completed  (37% total)
     Speed:     ev/sec=35291   simsec/sec=0.758163   ev/simsec=46548
     Messages:  created: 18806126   present: 3587   in FES: 161
** Event #14440448   t=380.298417679504   Elapsed: 415.257s (6m 55s)  76% completed  (38% total)
     Speed:     ev/sec=33706.6   simsec/sec=0.291188   ev/simsec=115755
     Messages:  created: 18896699   present: 3191   in FES: 166
** Event #14511104   t=381.386203315068   Elapsed: 417.258s (6m 57s)  76% completed  (38% total)
     Speed:     ev/sec=35305.5   simsec/sec=0.543546   ev/simsec=64954
     Messages:  created: 18991125   present: 3154   in FES: 162
** Event #14578176   t=382.884142971985   Elapsed: 419.265s (6m 59s)  76% completed  (38% total)
     Speed:     ev/sec=33433.1   simsec/sec=0.746672   ev/simsec=44776.2
     Messages:  created: 19079666   present: 3140   in FES: 156
** Event #14651648   t=384.413084671814   Elapsed: 421.273s (7m 01s)  76% completed  (38% total)
     Speed:     ev/sec=36583.4   simsec/sec=0.761294   ev/simsec=48054.2
     Messages:  created: 19175599   present: 3126   in FES: 145
** Event #14710784   t=385.785226078512   Elapsed: 423.276s (7m 03s)  77% completed  (38% total)
     Speed:     ev/sec=29525.9   simsec/sec=0.685093   ev/simsec=43097.6
     Messages:  created: 19253607   present: 3200   in FES: 156
** Event #14778112   t=387.161038860962   Elapsed: 425.283s (7m 05s)  77% completed  (38% total)
     Speed:     ev/sec=33539.7   simsec/sec=0.685366   ev/simsec=48936.9
     Messages:  created: 19341662   present: 3208   in FES: 156
** Event #14846976   t=388.602763370378   Elapsed: 427.289s (7m 07s)  77% completed  (38% total)
     Speed:     ev/sec=34330.5   simsec/sec=0.718737   ev/simsec=47765
     Messages:  created: 19431915   present: 3181   in FES: 127
** Event #14917120   t=390.077817331572   Elapsed: 429.291s (7m 09s)  78% completed  (39% total)
     Speed:     ev/sec=35032.7   simsec/sec=0.7367   ev/simsec=47553.5
     Messages:  created: 19523822   present: 3261   in FES: 158
** Event #14985728   t=391.440201209977   Elapsed: 431.291s (7m 11s)  78% completed  (39% total)
     Speed:     ev/sec=34303   simsec/sec=0.681173   ev/simsec=50358.8
     Messages:  created: 19613635   present: 3294   in FES: 157
** Event #15058176   t=393.035955452542   Elapsed: 433.395s (7m 13s)  78% completed  (39% total)
     Speed:     ev/sec=34433.3   simsec/sec=0.758435   ev/simsec=45400.5
     Messages:  created: 19708868   present: 3301   in FES: 157
** Event #15127552   t=394.395896199739   Elapsed: 435.402s (7m 15s)  78% completed  (39% total)
     Speed:     ev/sec=34571.8   simsec/sec=0.677693   ev/simsec=51014
     Messages:  created: 19799293   present: 3325   in FES: 159
** Event #15199232   t=395.985169494136   Elapsed: 437.411s (7m 17s)  79% completed  (39% total)
     Speed:     ev/sec=35689.1   simsec/sec=0.791291   ev/simsec=45102.4
     Messages:  created: 19893719   present: 3374   in FES: 156
** Event #15271936   t=397.410973801643   Elapsed: 439.414s (7m 19s)  79% completed  (39% total)
     Speed:     ev/sec=36284.5   simsec/sec=0.711578   ev/simsec=50991.6
     Messages:  created: 19988537   present: 3361   in FES: 131
** Event #15345408   t=398.889236059147   Elapsed: 441.419s (7m 21s)  79% completed  (39% total)
     Speed:     ev/sec=36652.2   simsec/sec=0.737445   ev/simsec=49701.6
     Messages:  created: 20085866   present: 3417   in FES: 157
** Event #15417856   t=400.416412670753   Elapsed: 443.424s (7m 23s)  80% completed  (40% total)
     Speed:     ev/sec=36137.1   simsec/sec=0.761757   ev/simsec=47439.2
     Messages:  created: 20180454   present: 3354   in FES: 130
** Event #15481344   t=401.88572573261   Elapsed: 445.428s (7m 25s)  80% completed  (40% total)
     Speed:     ev/sec=31681   simsec/sec=0.733198   ev/simsec=43209.3
     Messages:  created: 20264168   present: 3456   in FES: 151
** Event #15554048   t=403.54510610082   Elapsed: 447.431s (7m 27s)  80% completed  (40% total)
     Speed:     ev/sec=36289.6   simsec/sec=0.828266   ev/simsec=43813.9
     Messages:  created: 20358887   present: 3500   in FES: 157
** Event #15628800   t=405.248671216445   Elapsed: 449.432s (7m 29s)  81% completed  (40% total)
     Speed:     ev/sec=37359.8   simsec/sec=0.851413   ev/simsec=43879.7
     Messages:  created: 20456851   present: 3461   in FES: 129
** Event #15701248   t=406.79515216113   Elapsed: 451.433s (7m 31s)  81% completed  (40% total)
     Speed:     ev/sec=36209.7   simsec/sec=0.772936   ev/simsec=46847
     Messages:  created: 20552466   present: 3554   in FES: 145
** Event #15772416   t=408.216492863595   Elapsed: 453.439s (7m 33s)  81% completed  (40% total)
     Speed:     ev/sec=35469.5   simsec/sec=0.708384   ev/simsec=50071
     Messages:  created: 20645714   present: 3618   in FES: 155
** Event #15842304   t=409.728326239755   Elapsed: 455.443s (7m 35s)  81% completed  (40% total)
     Speed:     ev/sec=34879.3   simsec/sec=0.754517   ev/simsec=46227.3
     Messages:  created: 20737508   present: 3606   in FES: 154
** Event #15905280   t=411.08618159045   Elapsed: 457.447s (7m 37s)  82% completed  (41% total)
     Speed:     ev/sec=31429.7   simsec/sec=0.677672   ev/simsec=46379
     Messages:  created: 20819887   present: 3652   in FES: 157
** Event #15979264   t=412.730680007302   Elapsed: 459.453s (7m 39s)  82% completed  (41% total)
     Speed:     ev/sec=36877.8   simsec/sec=0.81971   ev/simsec=44988.8
     Messages:  created: 20916986   present: 3600   in FES: 125
** Event #16048896   t=414.187165711028   Elapsed: 461.457s (7m 41s)  82% completed  (41% total)
     Speed:     ev/sec=34742.3   simsec/sec=0.726702   ev/simsec=47808.2
     Messages:  created: 21008242   present: 3708   in FES: 157
** Event #16119552   t=415.687812586196   Elapsed: 463.458s (7m 43s)  83% completed  (41% total)
     Speed:     ev/sec=35312   simsec/sec=0.749984   ev/simsec=47083.7
     Messages:  created: 21101119   present: 3705   in FES: 144
** Event #16192512   t=417.159501249495   Elapsed: 465.46s (7m 45s)  83% completed  (41% total)
     Speed:     ev/sec=36450.2   simsec/sec=0.735243   ev/simsec=49575.7
     Messages:  created: 21196822   present: 3758   in FES: 156
** Event #16263168   t=418.628112161631   Elapsed: 467.671s (7m 47s)  83% completed  (41% total)
     Speed:     ev/sec=31955.6   simsec/sec=0.664209   ev/simsec=48110.8
     Messages:  created: 21289913   present: 3799   in FES: 157
** Event #16334080   t=420.095848814255   Elapsed: 469.681s (7m 49s)  84% completed  (42% total)
     Speed:     ev/sec=35276.7   simsec/sec=0.730158   ev/simsec=48313.8
     Messages:  created: 21383131   present: 3821   in FES: 147
** Event #16405760   t=421.59751905701   Elapsed: 471.683s (7m 51s)  84% completed  (42% total)
     Speed:     ev/sec=35803.9   simsec/sec=0.750079   ev/simsec=47733.5
     Messages:  created: 21477623   present: 3882   in FES: 157
** Event #16478208   t=423.085454793065   Elapsed: 473.684s (7m 53s)  84% completed  (42% total)
     Speed:     ev/sec=36195.6   simsec/sec=0.743384   ev/simsec=48690.3
     Messages:  created: 21573112   present: 3807   in FES: 131
** Event #16548608   t=424.5254703968   Elapsed: 475.688s (7m 55s)  84% completed  (42% total)
     Speed:     ev/sec=35131   simsec/sec=0.718597   ev/simsec=48888.4
     Messages:  created: 21665762   present: 3865   in FES: 148
** Event #16619008   t=425.451875391672   Elapsed: 477.693s (7m 57s)  85% completed  (42% total)
     Speed:     ev/sec=35125.8   simsec/sec=0.462226   ev/simsec=75992.7
     Messages:  created: 21759153   present: 3594   in FES: 158
** Event #16683776   t=426.437772009727   Elapsed: 479.694s (7m 59s)  85% completed  (42% total)
     Speed:     ev/sec=32368.2   simsec/sec=0.492708   ev/simsec=65694.5
     Messages:  created: 21845628   present: 3624   in FES: 188
** Event #16754944   t=427.593644655721   Elapsed: 481.698s (8m 01s)  85% completed  (42% total)
     Speed:     ev/sec=35505.1   simsec/sec=0.576654   ev/simsec=61570.8
     Messages:  created: 21940275   present: 3558   in FES: 159
** Event #16828160   t=428.824915401135   Elapsed: 483.704s (8m 03s)  85% completed  (42% total)
     Speed:     ev/sec=36503.7   simsec/sec=0.613881   ev/simsec=59463.8
     Messages:  created: 22037625   present: 3572   in FES: 157
** Event #16899072   t=430.056936452007   Elapsed: 485.708s (8m 05s)  86% completed  (43% total)
     Speed:     ev/sec=35385.5   simsec/sec=0.614786   ev/simsec=57557.5
     Messages:  created: 22131499   present: 3562   in FES: 157
** Event #16967680   t=431.272925301396   Elapsed: 487.711s (8m 07s)  86% completed  (43% total)
     Speed:     ev/sec=34246   simsec/sec=0.606966   ev/simsec=56421.6
     Messages:  created: 22221768   present: 3573   in FES: 156
** Event #17039872   t=432.575658871792   Elapsed: 489.717s (8m 09s)  86% completed  (43% total)
     Speed:     ev/sec=35984.4   simsec/sec=0.649352   ev/simsec=55415.8
     Messages:  created: 22317327   present: 3581   in FES: 157
** Event #17104640   t=433.798398584169   Elapsed: 491.725s (8m 11s)  86% completed  (43% total)
     Speed:     ev/sec=32264.8   simsec/sec=0.609119   ev/simsec=52969.6
     Messages:  created: 22402909   present: 3549   in FES: 145
** Event #17173760   t=435.079920488578   Elapsed: 493.725s (8m 13s)  87% completed  (43% total)
     Speed:     ev/sec=34555.6   simsec/sec=0.640679   ev/simsec=53935.9
     Messages:  created: 22493949   present: 3628   in FES: 161
** Event #17244160   t=436.346112469285   Elapsed: 495.726s (8m 15s)  87% completed  (43% total)
     Speed:     ev/sec=35184.8   simsec/sec=0.632823   ev/simsec=55599.8
     Messages:  created: 22586508   present: 3628   in FES: 154
** Event #17316096   t=437.84366025802   Elapsed: 497.731s (8m 17s)  87% completed  (43% total)
     Speed:     ev/sec=35872.9   simsec/sec=0.746794   ev/simsec=48035.9
     Messages:  created: 22681435   present: 3665   in FES: 168
** Event #17385472   t=439.128932171361   Elapsed: 499.737s (8m 19s)  87% completed  (43% total)
     Speed:     ev/sec=34579.4   simsec/sec=0.640624   ev/simsec=53977.7
     Messages:  created: 22772409   present: 3595   in FES: 140
** Event #17458944   t=439.643757290717   Elapsed: 501.745s (8m 21s)  87% completed  (43% total)
     Speed:     ev/sec=36591.8   simsec/sec=0.256402   ev/simsec=142713
     Messages:  created: 22873337   present: 3810   in FES: 187
** Event #17522432   t=439.866640550182   Elapsed: 503.75s (8m 23s)  87% completed  (43% total)
     Speed:     ev/sec=31674.3   simsec/sec=0.111197   ev/simsec=284849
     Messages:  created: 22961097   present: 3636   in FES: 133
** Event #17594624   t=440.253473701933   Elapsed: 505.753s (8m 25s)  88% completed  (44% total)
     Speed:     ev/sec=36027.6   simsec/sec=0.19305   ev/simsec=186623
     Messages:  created: 23059814   present: 3709   in FES: 159
** Event #17666048   t=440.729119368039   Elapsed: 507.756s (8m 27s)  88% completed  (44% total)
     Speed:     ev/sec=35663   simsec/sec=0.237497   ev/simsec=150162
     Messages:  created: 23157875   present: 3680   in FES: 145
** Event #17742848   t=441.221598728811   Elapsed: 509.764s (8m 29s)  88% completed  (44% total)
     Speed:     ev/sec=38256.7   simsec/sec=0.245321   ev/simsec=155946
     Messages:  created: 23262816   present: 3634   in FES: 125
** Event #17815552   t=441.646784210336   Elapsed: 511.77s (8m 31s)  88% completed  (44% total)
     Speed:     ev/sec=36240.5   simsec/sec=0.211941   ev/simsec=170994
     Messages:  created: 23362841   present: 3818   in FES: 183
** Event #17892352   t=442.139149816175   Elapsed: 513.776s (8m 33s)  88% completed  (44% total)
     Speed:     ev/sec=38287.1   simsec/sec=0.245459   ev/simsec=155982
     Messages:  created: 23467876   present: 3678   in FES: 124
** Event #17959424   t=442.58630294022   Elapsed: 515.787s (8m 35s)  88% completed  (44% total)
     Speed:     ev/sec=33340.6   simsec/sec=0.222274   ev/simsec=149998
     Messages:  created: 23560022   present: 3726   in FES: 154
** Event #18033920   t=443.077478474689   Elapsed: 517.788s (8m 37s)  88% completed  (44% total)
     Speed:     ev/sec=37233.9   simsec/sec=0.245494   ev/simsec=151669
     Messages:  created: 23662235   present: 3862   in FES: 185
** Event #18104320   t=443.524435235508   Elapsed: 519.796s (8m 39s)  88% completed  (44% total)
     Speed:     ev/sec=35070.6   simsec/sec=0.222657   ev/simsec=157510
     Messages:  created: 23758597   present: 3722   in FES: 159
** Event #18178816   t=444.026847303356   Elapsed: 521.797s (8m 41s)  88% completed  (44% total)
     Speed:     ev/sec=37225.9   simsec/sec=0.251057   ev/simsec=148277
     Messages:  created: 23861266   present: 3753   in FES: 157
** Event #18254080   t=444.489881605427   Elapsed: 523.801s (8m 43s)  88% completed  (44% total)
     Speed:     ev/sec=37551.3   simsec/sec=0.231021   ev/simsec=162545
     Messages:  created: 23964070   present: 3796   in FES: 153
** Event #18328320   t=444.996014452068   Elapsed: 525.813s (8m 45s)  88% completed  (44% total)
     Speed:     ev/sec=36908.8   simsec/sec=0.251627   ev/simsec=146681
     Messages:  created: 24066547   present: 3802   in FES: 156
** Event #18397184   t=445.394586551339   Elapsed: 528.051s (8m 48s)  89% completed  (44% total)
     Speed:     ev/sec=30764.6   simsec/sec=0.17806   ev/simsec=172777
     Messages:  created: 24160242   present: 3795   in FES: 155
** Event #18472704   t=445.891709410864   Elapsed: 530.054s (8m 50s)  89% completed  (44% total)
     Speed:     ev/sec=37700.3   simsec/sec=0.248168   ev/simsec=151914
     Messages:  created: 24264405   present: 3899   in FES: 180
** Event #18542080   t=446.339511018725   Elapsed: 532.054s (8m 52s)  89% completed  (44% total)
     Speed:     ev/sec=34684.5   simsec/sec=0.223879   ev/simsec=154926
     Messages:  created: 24358910   present: 3842   in FES: 154
** Event #18612992   t=446.821955155761   Elapsed: 534.056s (8m 54s)  89% completed  (44% total)
     Speed:     ev/sec=35424.7   simsec/sec=0.241009   ev/simsec=146985
     Messages:  created: 24456561   present: 3808   in FES: 155
** Event #18688512   t=447.288139462591   Elapsed: 536.057s (8m 56s)  89% completed  (44% total)
     Speed:     ev/sec=37745.9   simsec/sec=0.233005   ev/simsec=161996
     Messages:  created: 24559801   present: 3842   in FES: 155
** Event #18760448   t=447.749583790212   Elapsed: 538.061s (8m 58s)  89% completed  (44% total)
     Speed:     ev/sec=35884.7   simsec/sec=0.230188   ev/simsec=155893
     Messages:  created: 24658829   present: 3851   in FES: 154
** Event #18829312   t=448.215786864974   Elapsed: 540.067s (9m 00s)  89% completed  (44% total)
     Speed:     ev/sec=34341.3   simsec/sec=0.232488   ev/simsec=147712
     Messages:  created: 24752833   present: 3792   in FES: 155
** Event #18891776   t=448.608951362297   Elapsed: 542.074s (9m 02s)  89% completed  (44% total)
     Speed:     ev/sec=31120.6   simsec/sec=0.195881   ev/simsec=158875
     Messages:  created: 24838646   present: 3763   in FES: 139
** Event #18962944   t=449.072457954849   Elapsed: 544.078s (9m 04s)  89% completed  (44% total)
     Speed:     ev/sec=35510.8   simsec/sec=0.231277   ev/simsec=153543
     Messages:  created: 24936315   present: 3795   in FES: 131
** Event #19029760   t=449.491039951119   Elapsed: 546.078s (9m 06s)  89% completed  (44% total)
     Speed:     ev/sec=33404.5   simsec/sec=0.209269   ev/simsec=159625
     Messages:  created: 25027909   present: 3888   in FES: 159
** Event #19101184   t=449.97871374919   Elapsed: 548.078s (9m 08s)  89% completed  (44% total)
     Speed:     ev/sec=35710.8   simsec/sec=0.243829   ev/simsec=146459
     Messages:  created: 25126451   present: 3886   in FES: 156
** Event #19171072   t=450.382454624854   Elapsed: 550.082s (9m 10s)  90% completed  (45% total)
     Speed:     ev/sec=34885.6   simsec/sec=0.201533   ev/simsec=173101
     Messages:  created: 25221715   present: 3917   in FES: 154
** Event #19240704   t=450.859584955922   Elapsed: 552.084s (9m 12s)  90% completed  (45% total)
     Speed:     ev/sec=34768   simsec/sec=0.238236   ev/simsec=145939
     Messages:  created: 25317548   present: 3876   in FES: 154
** Event #19308032   t=451.281311893614   Elapsed: 554.088s (9m 14s)  90% completed  (45% total)
     Speed:     ev/sec=33610.5   simsec/sec=0.210529   ev/simsec=159648
     Messages:  created: 25409394   present: 3898   in FES: 159
** Event #19378944   t=451.634383084132   Elapsed: 556.093s (9m 16s)  90% completed  (45% total)
     Speed:     ev/sec=35354   simsec/sec=0.176027   ev/simsec=200843
     Messages:  created: 25506753   present: 3904   in FES: 146
** Event #19448320   t=451.8825995652   Elapsed: 558.098s (9m 18s)  90% completed  (45% total)
     Speed:     ev/sec=34615.4   simsec/sec=0.123849   ev/simsec=279498
     Messages:  created: 25603089   present: 3743   in FES: 139
** Event #19517952   t=452.257651724286   Elapsed: 560.099s (9m 20s)  90% completed  (45% total)
     Speed:     ev/sec=34795.1   simsec/sec=0.187414   ev/simsec=185660
     Messages:  created: 25698357   present: 3788   in FES: 157
** Event #19588864   t=452.640730966771   Elapsed: 562.103s (9m 22s)  90% completed  (45% total)
     Speed:     ev/sec=35377.7   simsec/sec=0.191116   ev/simsec=185111
     Messages:  created: 25795994   present: 3812   in FES: 155
** Event #19659776   t=453.074841224187   Elapsed: 564.106s (9m 24s)  90% completed  (45% total)
     Speed:     ev/sec=35408.1   simsec/sec=0.216762   ev/simsec=163350
     Messages:  created: 25893419   present: 3876   in FES: 191
** Event #19729408   t=453.488124457902   Elapsed: 566.114s (9m 26s)  90% completed  (45% total)
     Speed:     ev/sec=34668   simsec/sec=0.205763   ev/simsec=168485
     Messages:  created: 25988826   present: 3769   in FES: 132
** Event #19796736   t=453.864245618407   Elapsed: 568.122s (9m 28s)  90% completed  (45% total)
     Speed:     ev/sec=33540   simsec/sec=0.187368   ev/simsec=179006
     Messages:  created: 26081935   present: 3783   in FES: 154
** Event #19868672   t=454.287203747435   Elapsed: 570.129s (9m 30s)  90% completed  (45% total)
     Speed:     ev/sec=35836.1   simsec/sec=0.210704   ev/simsec=170078
     Messages:  created: 26180419   present: 3825   in FES: 154
** Event #19946496   t=454.820769496813   Elapsed: 572.132s (9m 32s)  90% completed  (45% total)
     Speed:     ev/sec=38858   simsec/sec=0.266412   ev/simsec=145856
     Messages:  created: 26287505   present: 3717   in FES: 124
** Event #20020224   t=455.279413278214   Elapsed: 574.133s (9m 34s)  91% completed  (45% total)
     Speed:     ev/sec=36853.2   simsec/sec=0.229254   ev/simsec=160752
     Messages:  created: 26388341   present: 3804   in FES: 149
** Event #20088576   t=455.743008542715   Elapsed: 576.136s (9m 36s)  91% completed  (45% total)
     Speed:     ev/sec=34122.8   simsec/sec=0.231437   ev/simsec=147439
     Messages:  created: 26482471   present: 3876   in FES: 160
** Event #20161792   t=456.227075961049   Elapsed: 578.142s (9m 38s)  91% completed  (45% total)
     Speed:     ev/sec=36497.3   simsec/sec=0.241302   ev/simsec=151252
     Messages:  created: 26582485   present: 3846   in FES: 160
** Event #20218112   t=456.584144211328   Elapsed: 580.146s (9m 40s)  91% completed  (45% total)
     Speed:     ev/sec=28104.4   simsec/sec=0.178182   ev/simsec=157729
     Messages:  created: 26659911   present: 3884   in FES: 160
** Event #20285696   t=457.032766290333   Elapsed: 582.15s (9m 42s)  91% completed  (45% total)
     Speed:     ev/sec=33723.6   simsec/sec=0.223857   ev/simsec=150648
     Messages:  created: 26753173   present: 3903   in FES: 160
** Event #20357120   t=457.487364447749   Elapsed: 584.157s (9m 44s)  91% completed  (45% total)
     Speed:     ev/sec=35582.7   simsec/sec=0.226476   ev/simsec=157115
     Messages:  created: 26850509   present: 3852   in FES: 138
** Event #20427008   t=457.967081035371   Elapsed: 586.162s (9m 46s)  91% completed  (45% total)
     Speed:     ev/sec=34858.6   simsec/sec=0.239272   ev/simsec=145686
     Messages:  created: 26947067   present: 3848   in FES: 154
** Event #20495872   t=458.362931883162   Elapsed: 588.167s (9m 48s)  91% completed  (45% total)
     Speed:     ev/sec=34347.1   simsec/sec=0.197437   ev/simsec=173965
     Messages:  created: 27040926   present: 3840   in FES: 130
** Event #20568064   t=458.847256337126   Elapsed: 590.175s (9m 50s)  91% completed  (45% total)
     Speed:     ev/sec=35946.9   simsec/sec=0.241162   ev/simsec=149057
     Messages:  created: 27140491   present: 3888   in FES: 154
** Event #20639488   t=459.292728112349   Elapsed: 592.363s (9m 52s)  91% completed  (45% total)
     Speed:     ev/sec=32650   simsec/sec=0.203638   ev/simsec=160333
     Messages:  created: 27238005   present: 3883   in FES: 132
** Event #20721152   t=459.835404093465   Elapsed: 594.368s (9m 54s)  91% completed  (45% total)
     Speed:     ev/sec=40717.3   simsec/sec=0.270576   ev/simsec=150484
     Messages:  created: 27350477   present: 3952   in FES: 158
** Event #20798720   t=460.329742551881   Elapsed: 596.372s (9m 56s)  92% completed  (46% total)
     Speed:     ev/sec=38707.9   simsec/sec=0.246684   ev/simsec=156913
     Messages:  created: 27456396   present: 3921   in FES: 134
** Event #20875008   t=460.8371264584   Elapsed: 598.376s (9m 58s)  92% completed  (46% total)
     Speed:     ev/sec=38070   simsec/sec=0.2532   ev/simsec=150356
     Messages:  created: 27561524   present: 3988   in FES: 162
** Event #20945664   t=461.290673658681   Elapsed: 600.382s (10m 00s)  92% completed  (46% total)
     Speed:     ev/sec=35223.4   simsec/sec=0.226102   ev/simsec=155785
     Messages:  created: 27658033   present: 3982   in FES: 155
** Event #21017088   t=461.763892881664   Elapsed: 602.39s (10m 02s)  92% completed  (46% total)
     Speed:     ev/sec=35579.2   simsec/sec=0.23573   ev/simsec=150932
     Messages:  created: 27756384   present: 3977   in FES: 163
** Event #21086208   t=462.219742822416   Elapsed: 604.462s (10m 04s)  92% completed  (46% total)
     Speed:     ev/sec=33345.6   simsec/sec=0.219916   ev/simsec=151629
     Messages:  created: 27850762   present: 3957   in FES: 159
** Event #21158656   t=462.644870950677   Elapsed: 606.468s (10m 06s)  92% completed  (46% total)
     Speed:     ev/sec=36130.6   simsec/sec=0.212016   ev/simsec=170415
     Messages:  created: 27950527   present: 4012   in FES: 154
** Event #21230336   t=463.11845953419   Elapsed: 608.468s (10m 08s)  92% completed  (46% total)
     Speed:     ev/sec=35836.6   simsec/sec=0.236772   ev/simsec=151355
     Messages:  created: 28048556   present: 4018   in FES: 160
** Event #21302016   t=463.588852416946   Elapsed: 610.468s (10m 10s)  92% completed  (46% total)
     Speed:     ev/sec=35834.1   simsec/sec=0.235157   ev/simsec=152383
     Messages:  created: 28147184   present: 3974   in FES: 143
** Event #21381376   t=464.094469566949   Elapsed: 612.47s (10m 12s)  92% completed  (46% total)
     Speed:     ev/sec=39634.5   simsec/sec=0.252518   ev/simsec=156957
     Messages:  created: 28256011   present: 4045   in FES: 156
** Event #21452288   t=464.568603464479   Elapsed: 614.471s (10m 14s)  92% completed  (46% total)
     Speed:     ev/sec=35450   simsec/sec=0.237027   ev/simsec=149561
     Messages:  created: 28353386   present: 4002   in FES: 156
** Event #21527296   t=465.06240443698   Elapsed: 616.472s (10m 16s)  93% completed  (46% total)
     Speed:     ev/sec=37475.4   simsec/sec=0.246712   ev/simsec=151899
     Messages:  created: 28456554   present: 4011   in FES: 163
** Event #21597696   t=465.499304347016   Elapsed: 618.475s (10m 18s)  93% completed  (46% total)
     Speed:     ev/sec=35150.7   simsec/sec=0.218144   ev/simsec=161135
     Messages:  created: 28552905   present: 4091   in FES: 157
** Event #21676800   t=466.035782590045   Elapsed: 620.482s (10m 20s)  93% completed  (46% total)
     Speed:     ev/sec=39412.3   simsec/sec=0.267292   ev/simsec=147451
     Messages:  created: 28661927   present: 4088   in FES: 156
** Event #21746944   t=466.48546577069   Elapsed: 622.486s (10m 22s)  93% completed  (46% total)
     Speed:     ev/sec=34997.6   simsec/sec=0.224364   ev/simsec=155985
     Messages:  created: 28757466   present: 4115   in FES: 155
** Event #21819648   t=466.981873137658   Elapsed: 624.489s (10m 24s)  93% completed  (46% total)
     Speed:     ev/sec=36296.9   simsec/sec=0.247828   ev/simsec=146460
     Messages:  created: 28857802   present: 4064   in FES: 137
** Event #21895168   t=467.451374472993   Elapsed: 626.495s (10m 26s)  93% completed  (46% total)
     Speed:     ev/sec=37659   simsec/sec=0.234123   ev/simsec=160852
     Messages:  created: 28960686   present: 4053   in FES: 150
** Event #21969920   t=467.966372403554   Elapsed: 628.502s (10m 28s)  93% completed  (46% total)
     Speed:     ev/sec=37246.1   simsec/sec=0.256604   ev/simsec=145150
     Messages:  created: 29063845   present: 4027   in FES: 139
** Event #22028544   t=468.297772119615   Elapsed: 630.507s (10m 30s)  93% completed  (46% total)
     Speed:     ev/sec=29229   simsec/sec=0.165231   ev/simsec=176898
     Messages:  created: 29143820   present: 4111   in FES: 163
** Event #22094848   t=468.737362811003   Elapsed: 632.511s (10m 32s)  93% completed  (46% total)
     Speed:     ev/sec=33090.7   simsec/sec=0.219389   ev/simsec=150831
     Messages:  created: 29235113   present: 4143   in FES: 155
** Event #22152192   t=469.08995669945   Elapsed: 634.52s (10m 34s)  93% completed  (46% total)
     Speed:     ev/sec=28542.6   simsec/sec=0.175501   ev/simsec=162635
     Messages:  created: 29313556   present: 4136   in FES: 153
** Event #22217216   t=469.499005887522   Elapsed: 636.524s (10m 36s)  93% completed  (46% total)
     Speed:     ev/sec=32448.3   simsec/sec=0.204124   ev/simsec=158964
     Messages:  created: 29402839   present: 4183   in FES: 156
** Event #22282240   t=469.964129558879   Elapsed: 638.527s (10m 38s)  93% completed  (46% total)
     Speed:     ev/sec=32473.2   simsec/sec=0.232284   ev/simsec=139799
     Messages:  created: 29492488   present: 4079   in FES: 139
** Event #22353152   t=470.364081652771   Elapsed: 640.534s (10m 40s)  94% completed  (47% total)
     Speed:     ev/sec=35328.9   simsec/sec=0.199259   ev/simsec=177301
     Messages:  created: 29589270   present: 4155   in FES: 159
** Event #22427392   t=470.859697538278   Elapsed: 642.775s (10m 42s)  94% completed  (47% total)
     Speed:     ev/sec=33119.3   simsec/sec=0.2211   ev/simsec=149793
     Messages:  created: 29691564   present: 4139   in FES: 160
** Event #22498048   t=471.297759043676   Elapsed: 644.777s (10m 44s)  94% completed  (47% total)
     Speed:     ev/sec=35301.1   simsec/sec=0.218864   ev/simsec=161292
     Messages:  created: 29787950   present: 4148   in FES: 152
** Event #22568960   t=471.757090139166   Elapsed: 646.778s (10m 46s)  94% completed  (47% total)
     Speed:     ev/sec=35435.2   simsec/sec=0.229531   ev/simsec=154381
     Messages:  created: 29885583   present: 4217   in FES: 155
** Event #22639360   t=472.224282324961   Elapsed: 648.785s (10m 48s)  94% completed  (47% total)
     Speed:     ev/sec=35085.4   simsec/sec=0.232835   ev/simsec=150687
     Messages:  created: 29981530   present: 4214   in FES: 155
** Event #22714624   t=472.720561751003   Elapsed: 650.795s (10m 50s)  94% completed  (47% total)
     Speed:     ev/sec=37444.3   simsec/sec=0.246902   ev/simsec=151656
     Messages:  created: 30084852   present: 4160   in FES: 133
** Event #22784512   t=473.129168575723   Elapsed: 652.798s (10m 52s)  94% completed  (47% total)
     Speed:     ev/sec=34891.7   simsec/sec=0.203998   ev/simsec=171040
     Messages:  created: 30180399   present: 4259   in FES: 157
** Event #22857728   t=473.599744929415   Elapsed: 654.798s (10m 54s)  94% completed  (47% total)
     Speed:     ev/sec=36599.3   simsec/sec=0.235232   ev/simsec=155588
     Messages:  created: 30280919   present: 4262   in FES: 152
** Event #22928896   t=474.071400791286   Elapsed: 656.801s (10m 56s)  94% completed  (47% total)
     Speed:     ev/sec=35530.1   simsec/sec=0.235471   ev/simsec=150890
     Messages:  created: 30378420   present: 4230   in FES: 153
** Event #22999552   t=474.525083253395   Elapsed: 658.812s (10m 58s)  94% completed  (47% total)
     Speed:     ev/sec=35132.4   simsec/sec=0.225585   ev/simsec=155739
     Messages:  created: 30475071   present: 4167   in FES: 132
** Event #23072000   t=475.004334729528   Elapsed: 660.816s (11m 00s)  95% completed  (47% total)
     Speed:     ev/sec=36164.7   simsec/sec=0.239234   ev/simsec=151169
     Messages:  created: 30575084   present: 4280   in FES: 147
** Event #23141376   t=475.470005814772   Elapsed: 662.818s (11m 02s)  95% completed  (47% total)
     Speed:     ev/sec=34653   simsec/sec=0.2326   ev/simsec=148981
     Messages:  created: 30669544   present: 2760   in FES: 159
** Event #23214336   t=475.92392800062   Elapsed: 664.818s (11m 04s)  95% completed  (47% total)
     Speed:     ev/sec=36468.9   simsec/sec=0.226892   ev/simsec=160732
     Messages:  created: 30770169   present: 2684   in FES: 129
** Event #23285760   t=476.370425869117   Elapsed: 666.823s (11m 06s)  95% completed  (47% total)
     Speed:     ev/sec=35627.1   simsec/sec=0.222718   ev/simsec=159965
     Messages:  created: 30867530   present: 2826   in FES: 155
** Event #23345664   t=476.782184106681   Elapsed: 668.834s (11m 08s)  95% completed  (47% total)
     Speed:     ev/sec=29793.9   simsec/sec=0.204792   ev/simsec=145483
     Messages:  created: 30950040   present: 2825   in FES: 156
** Event #23414528   t=477.235407335895   Elapsed: 670.84s (11m 10s)  95% completed  (47% total)
     Speed:     ev/sec=34316.2   simsec/sec=0.225849   ev/simsec=151943
     Messages:  created: 31043944   present: 2843   in FES: 154
** Event #23484416   t=477.7   Elapsed: 672.841s (11m 12s)  95% completed  (47% total)
     Speed:     ev/sec=34931.9   simsec/sec=0.232216   ev/simsec=150429
     Messages:  created: 31139909   present: 2708   in FES: 122
** Event #23549184   t=478.102888585368   Elapsed: 674.847s (11m 14s)  95% completed  (47% total)
     Speed:     ev/sec=32290.2   simsec/sec=0.200861   ev/simsec=160759
     Messages:  created: 31228530   present: 2941   in FES: 183
** Event #23617792   t=478.541772787281   Elapsed: 676.852s (11m 16s)  95% completed  (47% total)
     Speed:     ev/sec=34215.8   simsec/sec=0.218878   ev/simsec=156324
     Messages:  created: 31322727   present: 2880   in FES: 153
** Event #23689216   t=479.033742101675   Elapsed: 678.856s (11m 18s)  95% completed  (47% total)
     Speed:     ev/sec=35648.5   simsec/sec=0.245548   ev/simsec=145180
     Messages:  created: 31421074   present: 2801   in FES: 125
** Event #23749888   t=479.387308368588   Elapsed: 680.856s (11m 20s)  95% completed  (47% total)
     Speed:     ev/sec=30329.4   simsec/sec=0.176745   ev/simsec=171600
     Messages:  created: 31503728   present: 2891   in FES: 160
** Event #23820288   t=479.873454661627   Elapsed: 682.864s (11m 22s)  95% completed  (47% total)
     Speed:     ev/sec=35051.6   simsec/sec=0.242048   ev/simsec=144812
     Messages:  created: 31600671   present: 2852   in FES: 139
** Event #23887360   t=480.295119020169   Elapsed: 684.87s (11m 24s)  96% completed  (48% total)
     Speed:     ev/sec=33439.7   simsec/sec=0.210227   ev/simsec=159065
     Messages:  created: 31692166   present: 2907   in FES: 164
** Event #23961344   t=480.788678018794   Elapsed: 686.872s (11m 26s)  96% completed  (48% total)
     Speed:     ev/sec=36967.3   simsec/sec=0.246615   ev/simsec=149899
     Messages:  created: 31794011   present: 2907   in FES: 160
** Event #24034816   t=481.251636939281   Elapsed: 688.873s (11m 28s)  96% completed  (48% total)
     Speed:     ev/sec=36704.7   simsec/sec=0.231282   ev/simsec=158701
     Messages:  created: 31894270   present: 2923   in FES: 160
** Event #24105216   t=481.728887717767   Elapsed: 690.874s (11m 30s)  96% completed  (48% total)
     Speed:     ev/sec=35181.1   simsec/sec=0.238497   ev/simsec=147512
     Messages:  created: 31990997   present: 2962   in FES: 156
** Event #24175872   t=482.142433894553   Elapsed: 692.877s (11m 32s)  96% completed  (48% total)
     Speed:     ev/sec=35284.2   simsec/sec=0.206517   ev/simsec=170854
     Messages:  created: 32087559   present: 2988   in FES: 157
** Event #24231424   t=482.530455909068   Elapsed: 694.878s (11m 34s)  96% completed  (48% total)
     Speed:     ev/sec=27759.9   simsec/sec=0.193898   ev/simsec=143167
     Messages:  created: 32163656   present: 2940   in FES: 145
** Event #24300544   t=482.998310618738   Elapsed: 696.881s (11m 36s)  96% completed  (48% total)
     Speed:     ev/sec=34506.3   simsec/sec=0.233564   ev/simsec=147738
     Messages:  created: 32259021   present: 2929   in FES: 138
** Event #24369408   t=483.396098254627   Elapsed: 698.884s (11m 38s)  96% completed  (48% total)
     Speed:     ev/sec=34381.3   simsec/sec=0.198601   ev/simsec=173117
     Messages:  created: 32352832   present: 3097   in FES: 189
** Event #24441088   t=483.882725693669   Elapsed: 700.885s (11m 40s)  96% completed  (48% total)
     Speed:     ev/sec=35823.6   simsec/sec=0.243203   ev/simsec=147300
     Messages:  created: 32451525   present: 2981   in FES: 143
** Event #24511488   t=484.334960138557   Elapsed: 702.887s (11m 42s)  96% completed  (48% total)
     Speed:     ev/sec=35154.8   simsec/sec=0.225827   ev/simsec=155671
     Messages:  created: 32547367   present: 2951   in FES: 139
** Event #24579328   t=484.78214515666   Elapsed: 704.889s (11m 44s)  96% completed  (48% total)
     Speed:     ev/sec=33902   simsec/sec=0.223474   ev/simsec=151705
     Messages:  created: 32640836   present: 3029   in FES: 156
** Event #24644096   t=485.18419205301   Elapsed: 706.893s (11m 46s)  97% completed  (48% total)
     Speed:     ev/sec=32316.1   simsec/sec=0.200602   ev/simsec=161096
     Messages:  created: 32729061   present: 2980   in FES: 152
** Event #24712192   t=485.625871656219   Elapsed: 708.895s (11m 48s)  97% completed  (48% total)
     Speed:     ev/sec=34003   simsec/sec=0.220548   ev/simsec=154175
     Messages:  created: 32822603   present: 2990   in FES: 133
** Event #24782080   t=486.089374966265   Elapsed: 710.897s (11m 50s)  97% completed  (48% total)
     Speed:     ev/sec=34918.4   simsec/sec=0.231582   ev/simsec=150782
     Messages:  created: 32918297   present: 3078   in FES: 159
** Event #24850176   t=487.087625462973   Elapsed: 712.904s (11m 52s)  97% completed  (48% total)
     Speed:     ev/sec=33928.6   simsec/sec=0.497375   ev/simsec=68215.3
     Messages:  created: 33009641   present: 2970   in FES: 134
** Event #24920832   t=488.66091772235   Elapsed: 714.906s (11m 54s)  97% completed  (48% total)
     Speed:     ev/sec=35292.1   simsec/sec=0.785847   ev/simsec=44909.6
     Messages:  created: 33102444   present: 3050   in FES: 155
** Event #24990976   t=490.21412978572   Elapsed: 716.917s (11m 56s)  98% completed  (49% total)
     Speed:     ev/sec=34870.9   simsec/sec=0.772154   ev/simsec=45160.6
     Messages:  created: 33194368   present: 3118   in FES: 155
** Event #25056512   t=491.729291994052   Elapsed: 718.92s (11m 58s)  98% completed  (49% total)
     Speed:     ev/sec=32727.9   simsec/sec=0.756654   ev/simsec=43253.5
     Messages:  created: 33280863   present: 3153   in FES: 155
** Event #25132544   t=493.392796553079   Elapsed: 720.925s (12m 00s)  98% completed  (49% total)
     Speed:     ev/sec=37927.1   simsec/sec=0.829808   ev/simsec=45705.9
     Messages:  created: 33380508   present: 3217   in FES: 156
** Event #25202944   t=495.062402355776   Elapsed: 722.932s (12m 02s)  99% completed  (49% total)
     Speed:     ev/sec=35063.8   simsec/sec=0.831573   ev/simsec=42165.6
     Messages:  created: 33473045   present: 3240   in FES: 164
** Event #25274624   t=496.602997987355   Elapsed: 724.936s (12m 04s)  99% completed  (49% total)
     Speed:     ev/sec=35773.8   simsec/sec=0.768874   ev/simsec=46527.5
     Messages:  created: 33566976   present: 3375   in FES: 191
** Event #25346048   t=498.142453250075   Elapsed: 726.948s (12m 06s)  99% completed  (49% total)
     Speed:     ev/sec=35496.2   simsec/sec=0.765077   ev/simsec=46395.6
     Messages:  created: 33660587   present: 3314   in FES: 156
** Event #25418752   t=499.799904672439   Elapsed: 728.949s (12m 08s)  99% completed  (49% total)
     Speed:     ev/sec=36330.6   simsec/sec=0.828237   ev/simsec=43864.9
     Messages:  created: 33756425   present: 3374   in FES: 159
** Event #25428063   t=500   Elapsed: 729.181s (12m 09s)  100% completed  (50% total)
     Speed:     ev/sec=40261.9   simsec/sec=0.865329   ev/simsec=46527.8
     Messages:  created: 33768841   present: 3265   in FES: 125

<!> Simulation time limit reached -- at t=500s, event #25428063
undisposed object: (omnetpp::cMessage) FanetReconNetwork.groundStation.app.debugTimer -- check module destructor
undisposed object: (omnetpp::cMessage) FanetReconNetwork.uav[0].app.debugTimer -- check module destructor
undisposed object: (omnetpp::cMessage) FanetReconNetwork.uav[1].app.debugTimer -- check module destructor
undisposed object: (omnetpp::cMessage) FanetReconNetwork.uav[2].app.debugTimer -- check module destructor
undisposed object: (omnetpp::cMessage) FanetReconNetwork.uav[3].app.debugTimer -- check module destructor
undisposed object: (omnetpp::cMessage) FanetReconNetwork.uav[4].app.debugTimer -- check module destructor
undisposed object: (omnetpp::cMessage) FanetReconNetwork.uav[5].app.debugTimer -- check module destructor
undisposed object: (omnetpp::cMessage) FanetReconNetwork.uav[6].app.debugTimer -- check module destructor
undisposed object: (omnetpp::cMessage) FanetReconNetwork.uav[7].app.debugTimer -- check module destructor
undisposed object: (omnetpp::cMessage) FanetReconNetwork.uav[8].app.debugTimer -- check module destructor
undisposed object: (omnetpp::cMessage) FanetReconNetwork.uav[9].app.debugTimer -- check module destructor
undisposed object: (omnetpp::cMessage) FanetReconNetwork.uav[10].app.debugTimer -- check module destructor
undisposed object: (omnetpp::cMessage) FanetReconNetwork.uav[11].app.debugTimer -- check module destructor
undisposed object: (omnetpp::cMessage) FanetReconNetwork.uav[12].app.debugTimer -- check module destructor
undisposed object: (omnetpp::cMessage) FanetReconNetwork.uav[13].app.debugTimer -- check module destructor
undisposed object: (omnetpp::cMessage) FanetReconNetwork.uav[14].app.debugTimer -- check module destructor
undisposed object: (omnetpp::cMessage) FanetReconNetwork.uav[15].app.debugTimer -- check module destructor
undisposed object: (omnetpp::cMessage) FanetReconNetwork.uav[16].app.debugTimer -- check module destructor
undisposed object: (omnetpp::cMessage) FanetReconNetwork.uav[17].app.debugTimer -- check module destructor
undisposed object: (omnetpp::cMessage) FanetReconNetwork.uav[18].app.debugTimer -- check module destructor
undisposed object: (omnetpp::cMessage) FanetReconNetwork.uav[19].app.debugTimer -- check module destructor
undisposed object: (omnetpp::cMessage) FanetReconNetwork.uav[20].app.debugTimer -- check module destructor
undisposed object: (omnetpp::cMessage) FanetReconNetwork.uav[21].app.debugTimer -- check module destructor
undisposed object: (omnetpp::cMessage) FanetReconNetwork.uav[22].app.debugTimer -- check module destructor
undisposed object: (omnetpp::cMessage) FanetReconNetwork.uav[23].app.debugTimer -- check module destructor
undisposed object: (omnetpp::cMessage) FanetReconNetwork.uav[24].app.debugTimer -- check module destructor
undisposed object: (omnetpp::cMessage) FanetReconNetwork.uav[25].app.debugTimer -- check module destructor
undisposed object: (omnetpp::cMessage) FanetReconNetwork.uav[26].app.debugTimer -- check module destructor
undisposed object: (omnetpp::cMessage) FanetReconNetwork.uav[27].app.debugTimer -- check module destructor
undisposed object: (omnetpp::cMessage) FanetReconNetwork.uav[28].app.debugTimer -- check module destructor
undisposed object: (omnetpp::cMessage) FanetReconNetwork.uav[29].app.debugTimer -- check module destructor
