** Event #0   t=0   Elapsed: 1.8e-05s (0m 00s)  0% completed  (0% total)
     Speed:     ev/sec=0   simsec/sec=0   ev/simsec=0
     Messages:  created: 418   present: 418   in FES: 66
** Event #104704   t=103.465019447827   Elapsed: 2.00146s (0m 02s)  20% completed  (10% total)
     Speed:     ev/sec=52314.8   simsec/sec=51.6952   ev/simsec=1011.98
     Messages:  created: 94225   present: 536   in FES: 57
** Event #200960   t=112.943833834406   Elapsed: 4.00359s (0m 04s)  22% completed  (11% total)
     Speed:     ev/sec=48076.7   simsec/sec=4.73435   ev/simsec=10154.9
     Messages:  created: 207564   present: 662   in FES: 57
** Event #299008   t=127.821926650212   Elapsed: 6.00844s (0m 06s)  25% completed  (12% total)
     Speed:     ev/sec=48905.4   simsec/sec=7.42105   ev/simsec=6590.09
     Messages:  created: 321267   present: 744   in FES: 56
** Event #381696   t=150.817179145941   Elapsed: 8.00907s (0m 08s)  30% completed  (15% total)
     Speed:     ev/sec=41331.1   simsec/sec=11.494   ev/simsec=3595.87
     Messages:  created: 411804   present: 1098   in FES: 44
** Event #457472   t=172.077281208487   Elapsed: 10.0107s (0m 10s)  34% completed  (17% total)
     Speed:     ev/sec=37857.7   simsec/sec=10.6215   ev/simsec=3564.24
     Messages:  created: 493617   present: 1547   in FES: 45
** Event #523776   t=192.070540579175   Elapsed: 12.0167s (0m 12s)  38% completed  (19% total)
     Speed:     ev/sec=33051.7   simsec/sec=9.96639   ev/simsec=3316.32
     Messages:  created: 565781   present: 1976   in FES: 54
** Event #594432   t=211.062114487518   Elapsed: 14.0248s (0m 14s)  42% completed  (21% total)
     Speed:     ev/sec=35185.6   simsec/sec=9.45752   ev/simsec=3720.39
     Messages:  created: 643392   present: 2300   in FES: 55
** Event #659712   t=241.420601305119   Elapsed: 16.0309s (0m 16s)  48% completed  (24% total)
     Speed:     ev/sec=32540.8   simsec/sec=15.1331   ev/simsec=2150.3
     Messages:  created: 708911   present: 3122   in FES: 49
** Event #728320   t=272.078533514752   Elapsed: 18.0331s (0m 18s)  54% completed  (27% total)
     Speed:     ev/sec=34267.1   simsec/sec=15.3125   ev/simsec=2237.85
     Messages:  created: 779656   present: 3969   in FES: 44
** Event #800256   t=309.170590274983   Elapsed: 20.0379s (0m 20s)  61% completed  (30% total)
     Speed:     ev/sec=35882.1   simsec/sec=18.5017   ev/simsec=1939.39
     Messages:  created: 852091   present: 5085   in FES: 56
** Event #870400   t=341.437896693246   Elapsed: 22.0423s (0m 22s)  68% completed  (34% total)
     Speed:     ev/sec=34994.8   simsec/sec=16.0982   ev/simsec=2173.84
     Messages:  created: 923813   present: 5995   in FES: 55
** Event #934912   t=353.864978965358   Elapsed: 24.0496s (0m 24s)  70% completed  (35% total)
     Speed:     ev/sec=32138.2   simsec/sec=6.19085   ev/simsec=5191.24
     Messages:  created: 996271   present: 5551   in FES: 55
** Event #995584   t=372.505292721879   Elapsed: 26.0503s (0m 26s)  74% completed  (37% total)
     Speed:     ev/sec=30325.7   simsec/sec=9.31698   ev/simsec=3254.88
     Messages:  created: 1060017   present: 5186   in FES: 58
** Event #1062400   t=382.570805916302   Elapsed: 28.0548s (0m 28s)  76% completed  (38% total)
     Speed:     ev/sec=33332.2   simsec/sec=5.02133   ev/simsec=6638.11
     Messages:  created: 1136763   present: 5193   in FES: 50
** Event #1135360   t=393.686219573027   Elapsed: 30.0557s (0m 30s)  78% completed  (39% total)
     Speed:     ev/sec=36463.8   simsec/sec=5.55525   ev/simsec=6563.86
     Messages:  created: 1222296   present: 5357   in FES: 54
** Event #1205248   t=426.04966247594   Elapsed: 32.0579s (0m 32s)  85% completed  (42% total)
     Speed:     ev/sec=34905.6   simsec/sec=16.1639   ev/simsec=2159.47
     Messages:  created: 1295582   present: 6148   in FES: 43
** Event #1270528   t=439.576437845691   Elapsed: 34.0587s (0m 34s)  87% completed  (43% total)
     Speed:     ev/sec=32627.8   simsec/sec=6.76087   ev/simsec=4825.98
     Messages:  created: 1369390   present: 6204   in FES: 54
** Event #1327360   t=449.8   Elapsed: 36.0619s (0m 36s)  89% completed  (44% total)
     Speed:     ev/sec=28370.8   simsec/sec=5.10365   ev/simsec=5558.92
     Messages:  created: 1435108   present: 6294   in FES: 42
** Event #1399808   t=472.593191834427   Elapsed: 38.0621s (0m 38s)  94% completed  (47% total)
     Speed:     ev/sec=36219.6   simsec/sec=11.3952   ev/simsec=3178.49
     Messages:  created: 1510424   present: 6707   in FES: 1164
** Event #1459968   t=473.065543760368   Elapsed: 40.067s (0m 40s)  94% completed  (47% total)
     Speed:     ev/sec=30007.2   simsec/sec=0.235605   ev/simsec=127363
     Messages:  created: 1582805   present: 5071   in FES: 56
** Event #1528832   t=474.817987248792   Elapsed: 42.0739s (0m 42s)  94% completed  (47% total)
     Speed:     ev/sec=34312.9   simsec/sec=0.87319   ev/simsec=39296
     Messages:  created: 1668089   present: 4976   in FES: 57
** Event #1583616   t=476.313817495916   Elapsed: 44.0777s (0m 44s)  95% completed  (47% total)
     Speed:     ev/sec=27340.3   simsec/sec=0.746504   ev/simsec=36624.5
     Messages:  created: 1735780   present: 4969   in FES: 45
** Event #1647360   t=478.069487029969   Elapsed: 46.0838s (0m 46s)  95% completed  (47% total)
     Speed:     ev/sec=31774.5   simsec/sec=0.875149   ev/simsec=36307.5
     Messages:  created: 1814645   present: 5011   in FES: 57
** Event #1712384   t=480.075741610596   Elapsed: 48.0842s (0m 48s)  96% completed  (48% total)
     Speed:     ev/sec=32506.1   simsec/sec=1.00294   ev/simsec=32410.6
     Messages:  created: 1894832   present: 5057   in FES: 65
** Event #1783552   t=483.452465810176   Elapsed: 50.0849s (0m 50s)  96% completed  (48% total)
     Speed:     ev/sec=35570.9   simsec/sec=1.68774   ev/simsec=21076
     Messages:  created: 1981579   present: 5092   in FES: 55
** Event #1853440   t=487.083971353122   Elapsed: 52.0897s (0m 52s)  97% completed  (48% total)
     Speed:     ev/sec=34860.5   simsec/sec=1.81142   ev/simsec=19244.9
     Messages:  created: 2066824   present: 5138   in FES: 47
** Event #1928960   t=491.332293005109   Elapsed: 54.0907s (0m 54s)  98% completed  (49% total)
     Speed:     ev/sec=37740.7   simsec/sec=2.12308   ev/simsec=17776.4
     Messages:  created: 2158890   present: 5210   in FES: 44
** Event #1993984   t=494.954736832949   Elapsed: 56.0927s (0m 56s)  98% completed  (49% total)
     Speed:     ev/sec=32480.3   simsec/sec=1.80945   ev/simsec=17950.3
     Messages:  created: 2238472   present: 5306   in FES: 51
** Event #2065408   t=499.082110392138   Elapsed: 58.1015s (0m 58s)  99% completed  (49% total)
     Speed:     ev/sec=35555.9   simsec/sec=2.05466   ev/simsec=17305
     Messages:  created: 2325562   present: 3874   in FES: 44
** Event #2081172   t=500   Elapsed: 58.5439s (0m 58s)  100% completed  (50% total)
     Speed:     ev/sec=35629.8   simsec/sec=2.07474   ev/simsec=17173.1
     Messages:  created: 2344849   present: 3824   in FES: 42

<!> Simulation time limit reached -- at t=500s, event #2081172
undisposed object: (omnetpp::cMessage) FanetReconNetwork.groundStation.app.debugTimer -- check module destructor
undisposed object: (omnetpp::cMessage) FanetReconNetwork.uav[0].app.debugTimer -- check module destructor
undisposed object: (omnetpp::cMessage) FanetReconNetwork.uav[1].app.debugTimer -- check module destructor
undisposed object: (omnetpp::cMessage) FanetReconNetwork.uav[2].app.debugTimer -- check module destructor
undisposed object: (omnetpp::cMessage) FanetReconNetwork.uav[3].app.debugTimer -- check module destructor
undisposed object: (omnetpp::cMessage) FanetReconNetwork.uav[4].app.debugTimer -- check module destructor
undisposed object: (omnetpp::cMessage) FanetReconNetwork.uav[5].app.debugTimer -- check module destructor
undisposed object: (omnetpp::cMessage) FanetReconNetwork.uav[6].app.debugTimer -- check module destructor
undisposed object: (omnetpp::cMessage) FanetReconNetwork.uav[7].app.debugTimer -- check module destructor
undisposed object: (omnetpp::cMessage) FanetReconNetwork.uav[8].app.debugTimer -- check module destructor
undisposed object: (omnetpp::cMessage) FanetReconNetwork.uav[9].app.debugTimer -- check module destructor
