** Event #0   t=0   Elapsed: 1e-05s (0m 00s)  0% completed  (50% total)
     Speed:     ev/sec=0   simsec/sec=0   ev/simsec=0
     Messages:  created: 1178   present: 1178   in FES: 186
** Event #81664   t=14.14644479841   Elapsed: 2.0085s (0m 02s)  2% completed  (51% total)
     Speed:     ev/sec=40659.8   simsec/sec=7.04331   ev/simsec=5772.83
     Messages:  created: 89010   present: 1212   in FES: 153
** Event #157440   t=27.091316396813   Elapsed: 4.01332s (0m 04s)  5% completed  (52% total)
     Speed:     ev/sec=37796.9   simsec/sec=6.45687   ev/simsec=5853.75
     Messages:  created: 170471   present: 1127   in FES: 124
** Event #236800   t=41.076079944455   Elapsed: 6.01425s (0m 06s)  8% completed  (54% total)
     Speed:     ev/sec=39661.5   simsec/sec=6.98913   ev/simsec=5674.75
     Messages:  created: 257657   present: 1200   in FES: 154
** Event #316160   t=54.270462459669   Elapsed: 8.01623s (0m 08s)  10% completed  (55% total)
     Speed:     ev/sec=39640.9   simsec/sec=6.5907   ev/simsec=6014.68
     Messages:  created: 342940   present: 1211   in FES: 154
** Event #401920   t=69.192766930505   Elapsed: 10.0224s (0m 10s)  13% completed  (56% total)
     Speed:     ev/sec=42748.4   simsec/sec=7.43825   ev/simsec=5747.1
     Messages:  created: 437216   present: 1190   in FES: 147
** Event #480768   t=83.04601403363   Elapsed: 12.0278s (0m 12s)  16% completed  (58% total)
     Speed:     ev/sec=39318.4   simsec/sec=6.90807   ev/simsec=5691.66
     Messages:  created: 523197   present: 1192   in FES: 154
** Event #557568   t=96.071344353584   Elapsed: 14.0359s (0m 14s)  19% completed  (59% total)
     Speed:     ev/sec=38245.2   simsec/sec=6.48641   ev/simsec=5896.2
     Messages:  created: 606326   present: 1207   in FES: 154
** Event #638208   t=101.016838596368   Elapsed: 16.0378s (0m 16s)  20% completed  (60% total)
     Speed:     ev/sec=40279.8   simsec/sec=2.47028   ev/simsec=16305.8
     Messages:  created: 707408   present: 1275   in FES: 165
** Event #720640   t=103.091316657207   Elapsed: 18.0407s (0m 18s)  20% completed  (60% total)
     Speed:     ev/sec=41158   simsec/sec=1.03578   ev/simsec=39736.3
     Messages:  created: 815375   present: 1545   in FES: 202
** Event #800000   t=104.826133052181   Elapsed: 20.0455s (0m 20s)  20% completed  (60% total)
     Speed:     ev/sec=39584.6   simsec/sec=0.865322   ev/simsec=45745.5
     Messages:  created: 920270   present: 1586   in FES: 160
** Event #881152   t=105.876966898562   Elapsed: 22.0473s (0m 22s)  21% completed  (60% total)
     Speed:     ev/sec=40538.6   simsec/sec=0.524933   ev/simsec=77226.3
     Messages:  created: 1029299   present: 1627   in FES: 145
** Event #952576   t=106.173767101263   Elapsed: 24.0532s (0m 24s)  21% completed  (60% total)
     Speed:     ev/sec=35608.3   simsec/sec=0.147969   ev/simsec=240647
     Messages:  created: 1127477   present: 1485   in FES: 141
** Event #1035776   t=108.351787361984   Elapsed: 26.0537s (0m 26s)  21% completed  (60% total)
     Speed:     ev/sec=41589   simsec/sec=1.08872   ev/simsec=38199.8
     Messages:  created: 1236373   present: 1687   in FES: 158
** Event #1102336   t=110.142899667005   Elapsed: 28.0567s (0m 28s)  22% completed  (61% total)
     Speed:     ev/sec=33229.6   simsec/sec=0.894201   ev/simsec=37161.3
     Messages:  created: 1322789   present: 1724   in FES: 143
** Event #1181440   t=112.303328887676   Elapsed: 30.0637s (0m 30s)  22% completed  (61% total)
     Speed:     ev/sec=39414.1   simsec/sec=1.07645   ev/simsec=36614.9
     Messages:  created: 1425309   present: 1802   in FES: 125
** Event #1255168   t=114.558778608487   Elapsed: 32.0703s (0m 32s)  22% completed  (61% total)
     Speed:     ev/sec=36742.3   simsec/sec=1.124   ev/simsec=32688.8
     Messages:  created: 1520682   present: 2016   in FES: 154
** Event #1330688   t=116.795628123798   Elapsed: 34.0767s (0m 34s)  23% completed  (61% total)
     Speed:     ev/sec=37639.5   simsec/sec=1.11485   ev/simsec=33761.8
     Messages:  created: 1618661   present: 2124   in FES: 150
** Event #1403904   t=118.76082449048   Elapsed: 36.0802s (0m 36s)  23% completed  (61% total)
     Speed:     ev/sec=36544.4   simsec/sec=0.980892   ev/simsec=37256.3
     Messages:  created: 1713028   present: 2203   in FES: 145
** Event #1468672   t=120.917259304426   Elapsed: 38.0806s (0m 38s)  24% completed  (62% total)
     Speed:     ev/sec=32377.2   simsec/sec=1.07799   ev/simsec=30034.8
     Messages:  created: 1796387   present: 2379   in FES: 160
** Event #1541632   t=123.428350788251   Elapsed: 40.083s (0m 40s)  24% completed  (62% total)
     Speed:     ev/sec=36437.6   simsec/sec=1.25408   ev/simsec=29055.1
     Messages:  created: 1889564   present: 2505   in FES: 148
** Event #1614592   t=126.098570304153   Elapsed: 42.0866s (0m 42s)  25% completed  (62% total)
     Speed:     ev/sec=36413.4   simsec/sec=1.33267   ev/simsec=27323.6
     Messages:  created: 1982927   present: 2673   in FES: 154
** Event #1686016   t=128.575352622347   Elapsed: 44.0898s (0m 44s)  25% completed  (62% total)
     Speed:     ev/sec=35655   simsec/sec=1.23641   ev/simsec=28837.4
     Messages:  created: 2074333   present: 2767   in FES: 147
** Event #1762048   t=131.359453074837   Elapsed: 46.0903s (0m 46s)  26% completed  (63% total)
     Speed:     ev/sec=38007   simsec/sec=1.39172   ev/simsec=27309.4
     Messages:  created: 2171484   present: 2951   in FES: 157
** Event #1844992   t=134.956401811458   Elapsed: 48.0938s (0m 48s)  26% completed  (63% total)
     Speed:     ev/sec=41399   simsec/sec=1.79531   ev/simsec=23059.5
     Messages:  created: 2277249   present: 3172   in FES: 157
** Event #1916416   t=138.206963749208   Elapsed: 50.0972s (0m 50s)  27% completed  (63% total)
     Speed:     ev/sec=35652.5   simsec/sec=1.62257   ev/simsec=21972.8
     Messages:  created: 2367721   present: 3347   in FES: 151
** Event #1996288   t=141.9070383314   Elapsed: 52.1077s (0m 52s)  28% completed  (64% total)
     Speed:     ev/sec=39727.8   simsec/sec=1.84039   ev/simsec=21586.6
     Messages:  created: 2470083   present: 3590   in FES: 152
** Event #2084864   t=145.44649875759   Elapsed: 54.1183s (0m 54s)  29% completed  (64% total)
     Speed:     ev/sec=44054.4   simsec/sec=1.7604   ev/simsec=25025.3
     Messages:  created: 2584252   present: 3846   in FES: 154
** Event #2170368   t=149.407086851006   Elapsed: 56.1212s (0m 56s)  29% completed  (64% total)
     Speed:     ev/sec=42688.1   simsec/sec=1.97733   ev/simsec=21588.7
     Messages:  created: 2693988   present: 4081   in FES: 132
** Event #2265088   t=150.791248271865   Elapsed: 58.1282s (0m 58s)  30% completed  (65% total)
     Speed:     ev/sec=47195.8   simsec/sec=0.689681   ev/simsec=68431.3
     Messages:  created: 2823288   present: 4193   in FES: 134
** Event #2344704   t=151.92726446178   Elapsed: 60.1318s (1m 00s)  30% completed  (65% total)
     Speed:     ev/sec=39735.8   simsec/sec=0.566978   ev/simsec=70083.5
     Messages:  created: 2931961   present: 4378   in FES: 157
** Event #2416640   t=152.932286327364   Elapsed: 62.1323s (1m 02s)  30% completed  (65% total)
     Speed:     ev/sec=35960.4   simsec/sec=0.502405   ev/simsec=71576.6
     Messages:  created: 3029866   present: 4483   in FES: 154
** Event #2505472   t=154.468125868158   Elapsed: 64.1348s (1m 04s)  30% completed  (65% total)
     Speed:     ev/sec=44360.2   simsec/sec=0.766954   ev/simsec=57839.4
     Messages:  created: 3149403   present: 4598   in FES: 156
** Event #2602752   t=155.93778743155   Elapsed: 66.1359s (1m 06s)  31% completed  (65% total)
     Speed:     ev/sec=48612.2   simsec/sec=0.734411   ev/simsec=66192.1
     Messages:  created: 3281723   present: 4709   in FES: 154
** Event #2690816   t=157.187800239705   Elapsed: 68.1385s (1m 08s)  31% completed  (65% total)
     Speed:     ev/sec=43975.1   simsec/sec=0.624199   ev/simsec=70450.5
     Messages:  created: 3400804   present: 4734   in FES: 125
** Event #2773760   t=158.429678705309   Elapsed: 70.1404s (1m 10s)  31% completed  (65% total)
     Speed:     ev/sec=41433.3   simsec/sec=0.620359   ev/simsec=66789.1
     Messages:  created: 3513404   present: 4904   in FES: 158
** Event #2862848   t=159.701039887411   Elapsed: 72.144s (1m 12s)  31% completed  (65% total)
     Speed:     ev/sec=44464   simsec/sec=0.634539   ev/simsec=70072.9
     Messages:  created: 3634602   present: 5003   in FES: 154
** Event #2947584   t=160.961618016684   Elapsed: 74.1496s (1m 14s)  32% completed  (66% total)
     Speed:     ev/sec=42249   simsec/sec=0.628519   ev/simsec=67220
     Messages:  created: 3750010   present: 5080   in FES: 136
** Event #3026432   t=162.185667279681   Elapsed: 76.155s (1m 16s)  32% completed  (66% total)
     Speed:     ev/sec=39318.4   simsec/sec=0.610386   ev/simsec=64415.7
     Messages:  created: 3856359   present: 5197   in FES: 140
** Event #3094272   t=163.191623840002   Elapsed: 78.1568s (1m 18s)  32% completed  (66% total)
     Speed:     ev/sec=33888.8   simsec/sec=0.502515   ev/simsec=67438.3
     Messages:  created: 3948417   present: 5302   in FES: 157
** Event #3172096   t=164.406124070302   Elapsed: 80.1591s (1m 20s)  32% completed  (66% total)
     Speed:     ev/sec=38867.2   simsec/sec=0.606551   ev/simsec=64079
     Messages:  created: 4053577   present: 5299   in FES: 135
** Event #3246336   t=166.91391142778   Elapsed: 82.1622s (1m 22s)  33% completed  (66% total)
     Speed:     ev/sec=37063.6   simsec/sec=1.25199   ev/simsec=29603.8
     Messages:  created: 4151343   present: 5532   in FES: 154
** Event #3314944   t=170.521619215175   Elapsed: 84.1632s (1m 24s)  34% completed  (67% total)
     Speed:     ev/sec=34286.3   simsec/sec=1.80292   ev/simsec=19017.1
     Messages:  created: 4236765   present: 5818   in FES: 154
** Event #3388928   t=174.425955082791   Elapsed: 86.1708s (1m 26s)  34% completed  (67% total)
     Speed:     ev/sec=36852.5   simsec/sec=1.94481   ev/simsec=18949.2
     Messages:  created: 4329728   present: 6076   in FES: 146
** Event #3456512   t=177.674685931963   Elapsed: 88.1738s (1m 28s)  35% completed  (67% total)
     Speed:     ev/sec=33741.3   simsec/sec=1.62193   ev/simsec=20803.2
     Messages:  created: 4415706   present: 6325   in FES: 154
** Event #3532544   t=180.706747109904   Elapsed: 90.1739s (1m 30s)  36% completed  (68% total)
     Speed:     ev/sec=38014.1   simsec/sec=1.51595   ev/simsec=25076
     Messages:  created: 4513160   present: 6481   in FES: 142
** Event #3602432   t=181.41512846109   Elapsed: 92.1751s (1m 32s)  36% completed  (68% total)
     Speed:     ev/sec=34922.4   simsec/sec=0.353972   ev/simsec=98658.7
     Messages:  created: 4608263   present: 6578   in FES: 155
** Event #3683840   t=182.674060506857   Elapsed: 94.1773s (1m 34s)  36% completed  (68% total)
     Speed:     ev/sec=40660.1   simsec/sec=0.628787   ev/simsec=64664.3
     Messages:  created: 4718596   present: 6726   in FES: 155
** Event #3768576   t=184.06585623002   Elapsed: 96.1798s (1m 36s)  36% completed  (68% total)
     Speed:     ev/sec=42314.8   simsec/sec=0.695025   ev/simsec=60882.5
     Messages:  created: 4832997   present: 6797   in FES: 159
** Event #3860224   t=186.681224019173   Elapsed: 98.1837s (1m 38s)  37% completed  (68% total)
     Speed:     ev/sec=45733.7   simsec/sec=1.30511   ev/simsec=35042.1
     Messages:  created: 4953069   present: 6964   in FES: 156
** Event #3950080   t=190.446431943099   Elapsed: 100.191s (1m 40s)  38% completed  (69% total)
     Speed:     ev/sec=44757.5   simsec/sec=1.87546   ev/simsec=23864.8
     Messages:  created: 5067430   present: 7157   in FES: 125
** Event #4047616   t=192.427407125545   Elapsed: 102.196s (1m 42s)  38% completed  (69% total)
     Speed:     ev/sec=48647.3   simsec/sec=0.988036   ev/simsec=49236.4
     Messages:  created: 5198107   present: 7377   in FES: 124
** Event #4125440   t=193.806085527837   Elapsed: 104.198s (1m 44s)  38% completed  (69% total)
     Speed:     ev/sec=38884.4   simsec/sec=0.68885   ev/simsec=56448.3
     Messages:  created: 5303336   present: 7522   in FES: 145
** Event #4203008   t=195.146438356695   Elapsed: 106.204s (1m 46s)  39% completed  (69% total)
     Speed:     ev/sec=38661.4   simsec/sec=0.668058   ev/simsec=57871.3
     Messages:  created: 5407770   present: 7621   in FES: 152
** Event #4281088   t=196.683451588686   Elapsed: 108.206s (1m 48s)  39% completed  (69% total)
     Speed:     ev/sec=39002.2   simsec/sec=0.767763   ev/simsec=50799.8
     Messages:  created: 5513145   present: 7777   in FES: 142
** Event #4358144   t=198.304144519991   Elapsed: 110.21s (1m 50s)  39% completed  (69% total)
     Speed:     ev/sec=38451.7   simsec/sec=0.808742   ev/simsec=47545.1
     Messages:  created: 5616421   present: 7926   in FES: 145
** Event #4434432   t=199.810531568601   Elapsed: 112.212s (1m 52s)  39% completed  (69% total)
     Speed:     ev/sec=38101.7   simsec/sec=0.752358   ev/simsec=50643
     Messages:  created: 5719497   present: 8113   in FES: 159
** Event #4510720   t=201.181503382073   Elapsed: 114.215s (1m 54s)  40% completed  (70% total)
     Speed:     ev/sec=38085.9   simsec/sec=0.684442   ev/simsec=55645.2
     Messages:  created: 5821954   present: 8218   in FES: 155
** Event #4589056   t=203.053382515749   Elapsed: 116.219s (1m 56s)  40% completed  (70% total)
     Speed:     ev/sec=39085.8   simsec/sec=0.933976   ev/simsec=41848.9
     Messages:  created: 5926662   present: 8262   in FES: 134
** Event #4662528   t=206.065333297008   Elapsed: 118.221s (1m 58s)  41% completed  (70% total)
     Speed:     ev/sec=36702.8   simsec/sec=1.50462   ev/simsec=24393.5
     Messages:  created: 6020964   present: 8471   in FES: 138
** Event #4751616   t=210.097230306039   Elapsed: 120.225s (2m 00s)  42% completed  (71% total)
     Speed:     ev/sec=44460.7   simsec/sec=2.01218   ev/simsec=22095.8
     Messages:  created: 6134684   present: 8754   in FES: 140
** Event #4830976   t=214.483573634182   Elapsed: 122.231s (2m 02s)  42% completed  (71% total)
     Speed:     ev/sec=39568.8   simsec/sec=2.18703   ev/simsec=18092.5
     Messages:  created: 6234551   present: 9120   in FES: 150
** Event #4919808   t=219.295016185815   Elapsed: 124.239s (2m 04s)  43% completed  (71% total)
     Speed:     ev/sec=44230.3   simsec/sec=2.39566   ev/simsec=18462.7
     Messages:  created: 6345808   present: 9418   in FES: 123
** Event #4992000   t=223.42834825302   Elapsed: 126.245s (2m 06s)  44% completed  (72% total)
     Speed:     ev/sec=35980.4   simsec/sec=2.06005   ev/simsec=17465.8
     Messages:  created: 6435899   present: 9843   in FES: 156
** Event #5054464   t=223.76484446179   Elapsed: 128.246s (2m 08s)  44% completed  (72% total)
     Speed:     ev/sec=31219.2   simsec/sec=0.168179   ev/simsec=185631
     Messages:  created: 6521357   present: 9651   in FES: 158
** Event #5128192   t=224.382109847157   Elapsed: 130.248s (2m 10s)  44% completed  (72% total)
     Speed:     ev/sec=36838.9   simsec/sec=0.308422   ev/simsec=119443
     Messages:  created: 6619084   present: 8845   in FES: 163
** Event #5200896   t=224.641956024041   Elapsed: 132.25s (2m 12s)  44% completed  (72% total)
     Speed:     ev/sec=36308.7   simsec/sec=0.129768   ev/simsec=279796
     Messages:  created: 6719767   present: 8793   in FES: 157
** Event #5274624   t=224.889078487063   Elapsed: 134.25s (2m 14s)  44% completed  (72% total)
     Speed:     ev/sec=36856.4   simsec/sec=0.123536   ev/simsec=298346
     Messages:  created: 6821984   present: 8828   in FES: 163
** Event #5354240   t=225.148681619559   Elapsed: 136.255s (2m 16s)  45% completed  (72% total)
     Speed:     ev/sec=39722.5   simsec/sec=0.129523   ev/simsec=306684
     Messages:  created: 6931423   present: 8752   in FES: 143
** Event #5422080   t=226.430930719099   Elapsed: 138.256s (2m 18s)  45% completed  (72% total)
     Speed:     ev/sec=33899   simsec/sec=0.640728   ev/simsec=52907
     Messages:  created: 7020484   present: 8359   in FES: 148
** Event #5502208   t=226.72677005895   Elapsed: 140.258s (2m 20s)  45% completed  (72% total)
     Speed:     ev/sec=40023.2   simsec/sec=0.147769   ev/simsec=270850
     Messages:  created: 7131964   present: 8364   in FES: 158
** Event #5575936   t=228.07083828431   Elapsed: 142.259s (2m 22s)  45% completed  (72% total)
     Speed:     ev/sec=36849.4   simsec/sec=0.671768   ev/simsec=54854.4
     Messages:  created: 7230522   present: 8228   in FES: 129
** Event #5649664   t=229.365781344695   Elapsed: 144.259s (2m 24s)  45% completed  (72% total)
     Speed:     ev/sec=36863.6   simsec/sec=0.647464   ev/simsec=56935.3
     Messages:  created: 7328074   present: 8029   in FES: 155
** Event #5713664   t=229.664603169461   Elapsed: 146.261s (2m 26s)  45% completed  (72% total)
     Speed:     ev/sec=31968.5   simsec/sec=0.149264   ev/simsec=214174
     Messages:  created: 7416259   present: 8024   in FES: 193
** Event #5770240   t=229.867580618873   Elapsed: 148.269s (2m 28s)  45% completed  (72% total)
     Speed:     ev/sec=28173.3   simsec/sec=0.101077   ev/simsec=278730
     Messages:  created: 7494931   present: 7871   in FES: 164
** Event #5836288   t=231.806207466364   Elapsed: 150.271s (2m 30s)  46% completed  (73% total)
     Speed:     ev/sec=32998.4   simsec/sec=0.968562   ev/simsec=34069.5
     Messages:  created: 7580728   present: 7916   in FES: 156
** Event #5908736   t=233.965159395194   Elapsed: 152.276s (2m 32s)  46% completed  (73% total)
     Speed:     ev/sec=36126.9   simsec/sec=1.07658   ev/simsec=33557
     Messages:  created: 7675586   present: 7956   in FES: 133
** Event #5978112   t=235.701866459839   Elapsed: 154.282s (2m 34s)  47% completed  (73% total)
     Speed:     ev/sec=34585.5   simsec/sec=0.865787   ev/simsec=39946.9
     Messages:  created: 7766933   present: 8144   in FES: 158
** Event #6052864   t=237.82228412765   Elapsed: 156.286s (2m 36s)  47% completed  (73% total)
     Speed:     ev/sec=37300.7   simsec/sec=1.05807   ev/simsec=35253.4
     Messages:  created: 7864193   present: 8269   in FES: 156
** Event #6119936   t=239.321930824921   Elapsed: 158.287s (2m 38s)  47% completed  (73% total)
     Speed:     ev/sec=33512.8   simsec/sec=0.749304   ev/simsec=44725.2
     Messages:  created: 7952116   present: 8334   in FES: 153
** Event #6188032   t=240.383577702106   Elapsed: 160.288s (2m 40s)  48% completed  (74% total)
     Speed:     ev/sec=34042.2   simsec/sec=0.530733   ev/simsec=64141.9
     Messages:  created: 8043876   present: 8361   in FES: 159
** Event #6255616   t=240.623911945272   Elapsed: 162.293s (2m 42s)  48% completed  (74% total)
     Speed:     ev/sec=33703.8   simsec/sec=0.119853   ev/simsec=281208
     Messages:  created: 8137500   present: 8307   in FES: 152
** Event #6322944   t=242.212923108056   Elapsed: 164.293s (2m 44s)  48% completed  (74% total)
     Speed:     ev/sec=33657.3   simsec/sec=0.794348   ev/simsec=42371
     Messages:  created: 8226532   present: 8250   in FES: 126
** Event #6390784   t=244.46389587864   Elapsed: 166.298s (2m 46s)  48% completed  (74% total)
     Speed:     ev/sec=33834.8   simsec/sec=1.12266   ev/simsec=30138.1
     Messages:  created: 8313978   present: 8453   in FES: 144
** Event #6459648   t=246.687419233332   Elapsed: 168.3s (2m 48s)  49% completed  (74% total)
     Speed:     ev/sec=34401.9   simsec/sec=1.11079   ev/simsec=30970.7
     Messages:  created: 8403104   present: 8605   in FES: 155
** Event #6532096   t=249.474008115864   Elapsed: 170.379s (2m 50s)  49% completed  (74% total)
     Speed:     ev/sec=34847.9   simsec/sec=1.34037   ev/simsec=25998.8
     Messages:  created: 8495162   present: 8558   in FES: 165
** Event #6600960   t=249.721119927642   Elapsed: 172.385s (2m 52s)  49% completed  (74% total)
     Speed:     ev/sec=34335.7   simsec/sec=0.12321   ev/simsec=278675
     Messages:  created: 8590661   present: 8417   in FES: 131
** Event #6667776   t=251.95202150436   Elapsed: 174.388s (2m 54s)  50% completed  (75% total)
     Speed:     ev/sec=33355.3   simsec/sec=1.11369   ev/simsec=29950.2
     Messages:  created: 8678379   present: 8506   in FES: 137
** Event #6747904   t=255.04905755469   Elapsed: 176.388s (2m 56s)  51% completed  (75% total)
     Speed:     ev/sec=40049.6   simsec/sec=1.54796   ev/simsec=25872.5
     Messages:  created: 8782084   present: 8767   in FES: 156
** Event #6819328   t=257.402192399812   Elapsed: 178.391s (2m 58s)  51% completed  (75% total)
     Speed:     ev/sec=35668.8   simsec/sec=1.17514   ev/simsec=30352.7
     Messages:  created: 8874148   present: 8900   in FES: 155
** Event #6893824   t=260.324624247156   Elapsed: 180.393s (3m 00s)  52% completed  (76% total)
     Speed:     ev/sec=37202.4   simsec/sec=1.45943   ev/simsec=25491.1
     Messages:  created: 8970285   present: 9028   in FES: 133
** Event #6971136   t=264.041210357553   Elapsed: 182.398s (3m 02s)  52% completed  (76% total)
     Speed:     ev/sec=38568.2   simsec/sec=1.85407   ev/simsec=20801.9
     Messages:  created: 9069584   present: 9353   in FES: 147
** Event #7048192   t=268.049634569946   Elapsed: 184.398s (3m 04s)  53% completed  (76% total)
     Speed:     ev/sec=38519   simsec/sec=2.00375   ev/simsec=19223.5
     Messages:  created: 9167656   present: 9675   in FES: 161
** Event #7121920   t=271.548727746492   Elapsed: 186.403s (3m 06s)  54% completed  (77% total)
     Speed:     ev/sec=36774.3   simsec/sec=1.74529   ev/simsec=21070.6
     Messages:  created: 9261733   present: 9883   in FES: 155
** Event #7203840   t=273.85521615857   Elapsed: 188.408s (3m 08s)  54% completed  (77% total)
     Speed:     ev/sec=40872.7   simsec/sec=1.15078   ev/simsec=35517.2
     Messages:  created: 9369686   present: 9871   in FES: 160
** Event #7288064   t=274.549950523446   Elapsed: 190.41s (3m 10s)  54% completed  (77% total)
     Speed:     ev/sec=42054.8   simsec/sec=0.346895   ev/simsec=121232
     Messages:  created: 9485182   present: 9806   in FES: 161
** Event #7372288   t=277.261747579691   Elapsed: 192.415s (3m 12s)  55% completed  (77% total)
     Speed:     ev/sec=42010.2   simsec/sec=1.35262   ev/simsec=31058.4
     Messages:  created: 9595030   present: 9929   in FES: 148
** Event #7449856   t=279.644911258965   Elapsed: 194.42s (3m 14s)  55% completed  (77% total)
     Speed:     ev/sec=38688.5   simsec/sec=1.18865   ev/simsec=32548.3
     Messages:  created: 9695414   present: 9883   in FES: 148
** Event #7529216   t=280.293943283356   Elapsed: 196.423s (3m 16s)  56% completed  (78% total)
     Speed:     ev/sec=39621.7   simsec/sec=0.324039   ev/simsec=122274
     Messages:  created: 9803891   present: 9886   in FES: 157
** Event #7600128   t=281.045174635251   Elapsed: 198.429s (3m 18s)  56% completed  (78% total)
     Speed:     ev/sec=35357.2   simsec/sec=0.374569   ev/simsec=94394.4
     Messages:  created: 9900693   present: 9886   in FES: 149
** Event #7681280   t=281.82457507551   Elapsed: 200.431s (3m 20s)  56% completed  (78% total)
     Speed:     ev/sec=40516.4   simsec/sec=0.389128   ev/simsec=104121
     Messages:  created: 10011297   present: 10039   in FES: 187
** Event #7769600   t=282.80350702632   Elapsed: 202.436s (3m 22s)  56% completed  (78% total)
     Speed:     ev/sec=44057.9   simsec/sec=0.488335   ev/simsec=90220.8
     Messages:  created: 10131257   present: 9997   in FES: 162
** Event #7848704   t=283.683061846289   Elapsed: 204.439s (3m 24s)  56% completed  (78% total)
     Speed:     ev/sec=39497   simsec/sec=0.439166   ev/simsec=89936.4
     Messages:  created: 10238555   present: 9928   in FES: 136
** Event #7933440   t=284.561211352449   Elapsed: 206.463s (3m 26s)  56% completed  (78% total)
     Speed:     ev/sec=41859.1   simsec/sec=0.433801   ev/simsec=96493.8
     Messages:  created: 10353834   present: 10019   in FES: 161
** Event #8012544   t=285.435827999808   Elapsed: 208.47s (3m 28s)  57% completed  (78% total)
     Speed:     ev/sec=39417.2   simsec/sec=0.435818   ev/simsec=90444.2
     Messages:  created: 10461312   present: 10001   in FES: 138
** Event #8091392   t=286.180315890198   Elapsed: 210.471s (3m 30s)  57% completed  (78% total)
     Speed:     ev/sec=39398.1   simsec/sec=0.371999   ev/simsec=105909
     Messages:  created: 10569031   present: 10028   in FES: 147
** Event #8175616   t=286.810374250213   Elapsed: 212.481s (3m 32s)  57% completed  (78% total)
     Speed:     ev/sec=41905.9   simsec/sec=0.313488   ev/simsec=133677
     Messages:  created: 10684543   present: 10155   in FES: 158
** Event #8256768   t=287.683371157613   Elapsed: 214.482s (3m 34s)  57% completed  (78% total)
     Speed:     ev/sec=40563.7   simsec/sec=0.436366   ev/simsec=92957.9
     Messages:  created: 10795088   present: 10169   in FES: 161
** Event #8345088   t=288.545384840693   Elapsed: 216.484s (3m 36s)  57% completed  (78% total)
     Speed:     ev/sec=44115.3   simsec/sec=0.43057   ev/simsec=102458
     Messages:  created: 10915058   present: 10183   in FES: 162
** Event #8416256   t=288.820763392613   Elapsed: 218.489s (3m 38s)  57% completed  (78% total)
     Speed:     ev/sec=35490.2   simsec/sec=0.137326   ev/simsec=258437
     Messages:  created: 11013725   present: 10149   in FES: 148
** Event #8499456   t=289.577974976076   Elapsed: 220.495s (3m 40s)  57% completed  (78% total)
     Speed:     ev/sec=41486.6   simsec/sec=0.377574   ev/simsec=109877
     Messages:  created: 11127137   present: 10172   in FES: 137
** Event #8571136   t=291.042591524181   Elapsed: 222.497s (3m 42s)  58% completed  (79% total)
     Speed:     ev/sec=35798.3   simsec/sec=0.731457   ev/simsec=48941.1
     Messages:  created: 11222144   present: 10269   in FES: 159
** Event #8643840   t=293.054735121051   Elapsed: 224.504s (3m 44s)  58% completed  (79% total)
     Speed:     ev/sec=36232.8   simsec/sec=1.00277   ev/simsec=36132.6
     Messages:  created: 11316956   present: 10364   in FES: 159
** Event #8718080   t=295.073478547479   Elapsed: 226.509s (3m 46s)  59% completed  (79% total)
     Speed:     ev/sec=37019.4   simsec/sec=1.00664   ev/simsec=36775.4
     Messages:  created: 11414350   present: 10456   in FES: 147
** Event #8795648   t=296.873152758386   Elapsed: 228.513s (3m 48s)  59% completed  (79% total)
     Speed:     ev/sec=38711.2   simsec/sec=0.898148   ev/simsec=43101.1
     Messages:  created: 11516732   present: 10490   in FES: 145
** Event #8882688   t=299.440451581379   Elapsed: 230.515s (3m 50s)  59% completed  (79% total)
     Speed:     ev/sec=43477.2   simsec/sec=1.28239   ev/simsec=33903.3
     Messages:  created: 11630610   present: 10650   in FES: 156
** Event #8963840   t=301.489020166088   Elapsed: 232.516s (3m 52s)  60% completed  (80% total)
     Speed:     ev/sec=40550.7   simsec/sec=1.02365   ev/simsec=39614
     Messages:  created: 11738188   present: 10749   in FES: 125
** Event #9057280   t=302.420292990869   Elapsed: 234.518s (3m 54s)  60% completed  (80% total)
     Speed:     ev/sec=46668.2   simsec/sec=0.46512   ev/simsec=100336
     Messages:  created: 11866093   present: 10924   in FES: 158
** Event #9144832   t=303.190826888337   Elapsed: 236.52s (3m 56s)  60% completed  (80% total)
     Speed:     ev/sec=43744.4   simsec/sec=0.384989   ev/simsec=113625
     Messages:  created: 11986151   present: 10927   in FES: 157
** Event #9238784   t=304.219750346478   Elapsed: 238.524s (3m 58s)  60% completed  (80% total)
     Speed:     ev/sec=46884.2   simsec/sec=0.513457   ev/simsec=91311
     Messages:  created: 12113970   present: 10906   in FES: 156
** Event #9326848   t=305.20243113657   Elapsed: 240.528s (4m 00s)  61% completed  (80% total)
     Speed:     ev/sec=43934.1   simsec/sec=0.490248   ev/simsec=89616.1
     Messages:  created: 12233707   present: 10962   in FES: 147
** Event #9414656   t=306.193282006758   Elapsed: 242.533s (4m 02s)  61% completed  (80% total)
     Speed:     ev/sec=43798.2   simsec/sec=0.494232   ev/simsec=88618.8
     Messages:  created: 12353261   present: 11062   in FES: 153
** Event #9496320   t=307.254752706179   Elapsed: 244.537s (4m 04s)  61% completed  (80% total)
     Speed:     ev/sec=40740.3   simsec/sec=0.529543   ev/simsec=76934.8
     Messages:  created: 12463675   present: 10985   in FES: 134
** Event #9577984   t=309.605796036819   Elapsed: 246.539s (4m 06s)  61% completed  (80% total)
     Speed:     ev/sec=40796   simsec/sec=1.17449   ev/simsec=34735.2
     Messages:  created: 12570331   present: 11178   in FES: 155
** Event #9655040   t=312.68084761387   Elapsed: 248.543s (4m 08s)  62% completed  (81% total)
     Speed:     ev/sec=38449.9   simsec/sec=1.53441   ev/simsec=25058.4
     Messages:  created: 12669974   present: 11336   in FES: 136
** Event #9734656   t=316.051722352104   Elapsed: 250.544s (4m 10s)  63% completed  (81% total)
     Speed:     ev/sec=39788   simsec/sec=1.68459   ev/simsec=23618.8
     Messages:  created: 12772150   present: 11588   in FES: 150
** Event #9816576   t=318.90144215194   Elapsed: 252.544s (4m 12s)  63% completed  (81% total)
     Speed:     ev/sec=40958.3   simsec/sec=1.4248   ev/simsec=28746.7
     Messages:  created: 12878852   present: 11736   in FES: 150
** Event #9908736   t=319.699313656366   Elapsed: 254.547s (4m 14s)  63% completed  (81% total)
     Speed:     ev/sec=46007.8   simsec/sec=0.398311   ev/simsec=115507
     Messages:  created: 13003644   present: 11643   in FES: 156
** Event #9991680   t=320.308349402434   Elapsed: 256.551s (4m 16s)  64% completed  (82% total)
     Speed:     ev/sec=41399.8   simsec/sec=0.303987   ev/simsec=136189
     Messages:  created: 13116978   present: 11581   in FES: 127
** Event #10066176   t=320.850852875096   Elapsed: 258.557s (4m 18s)  64% completed  (82% total)
     Speed:     ev/sec=37125.7   simsec/sec=0.270361   ev/simsec=137319
     Messages:  created: 13219609   present: 11634   in FES: 164
** Event #10157824   t=321.681568408464   Elapsed: 260.562s (4m 20s)  64% completed  (82% total)
     Speed:     ev/sec=45728.5   simsec/sec=0.414492   ev/simsec=110324
     Messages:  created: 13344656   present: 11622   in FES: 135
** Event #10250240   t=322.465892949554   Elapsed: 262.564s (4m 22s)  64% completed  (82% total)
     Speed:     ev/sec=46144.2   simsec/sec=0.391621   ev/simsec=117829
     Messages:  created: 13470839   present: 11691   in FES: 132
** Event #10340096   t=323.234424602336   Elapsed: 264.566s (4m 24s)  64% completed  (82% total)
     Speed:     ev/sec=44892   simsec/sec=0.383958   ev/simsec=116919
     Messages:  created: 13593794   present: 11790   in FES: 163
** Event #10411776   t=323.803959759508   Elapsed: 266.569s (4m 26s)  64% completed  (82% total)
     Speed:     ev/sec=35790.8   simsec/sec=0.284377   ev/simsec=125857
     Messages:  created: 13692202   present: 11824   in FES: 157
** Event #10485248   t=324.325926455225   Elapsed: 268.572s (4m 28s)  64% completed  (82% total)
     Speed:     ev/sec=36682.2   simsec/sec=0.260601   ev/simsec=140760
     Messages:  created: 13792624   present: 11921   in FES: 191
** Event #10579200   t=325.052103738358   Elapsed: 270.574s (4m 30s)  65% completed  (82% total)
     Speed:     ev/sec=46918.3   simsec/sec=0.362643   ev/simsec=129379
     Messages:  created: 13921491   present: 11797   in FES: 142
** Event #10669568   t=325.721191210569   Elapsed: 272.578s (4m 32s)  65% completed  (82% total)
     Speed:     ev/sec=45086.9   simsec/sec=0.333825   ev/simsec=135062
     Messages:  created: 14045226   present: 11864   in FES: 149
** Event #10763776   t=326.451091031171   Elapsed: 274.581s (4m 34s)  65% completed  (82% total)
     Speed:     ev/sec=47032.4   simsec/sec=0.364395   ev/simsec=129070
     Messages:  created: 14174158   present: 11990   in FES: 186
** Event #10857216   t=327.180721490065   Elapsed: 276.585s (4m 36s)  65% completed  (82% total)
     Speed:     ev/sec=46635.4   simsec/sec=0.364155   ev/simsec=128065
     Messages:  created: 14302204   present: 11882   in FES: 156
** Event #10932992   t=327.725801316514   Elapsed: 278.587s (4m 38s)  65% completed  (82% total)
     Speed:     ev/sec=37856.1   simsec/sec=0.27231   ev/simsec=139018
     Messages:  created: 14406491   present: 11924   in FES: 156
** Event #11012608   t=328.433799854187   Elapsed: 280.589s (4m 40s)  65% completed  (82% total)
     Speed:     ev/sec=39773.6   simsec/sec=0.353694   ev/simsec=112452
     Messages:  created: 14515205   present: 11963   in FES: 160
** Event #11093504   t=329.067056738651   Elapsed: 282.589s (4m 42s)  65% completed  (82% total)
     Speed:     ev/sec=40436.5   simsec/sec=0.316538   ev/simsec=127746
     Messages:  created: 14626437   present: 12033   in FES: 157
** Event #11177984   t=329.801542814367   Elapsed: 284.596s (4m 44s)  65% completed  (82% total)
     Speed:     ev/sec=42102.7   simsec/sec=0.366049   ev/simsec=115019
     Messages:  created: 14742241   present: 12144   in FES: 186
** Event #11253504   t=330.378827568602   Elapsed: 286.601s (4m 46s)  66% completed  (83% total)
     Speed:     ev/sec=37656.6   simsec/sec=0.287852   ev/simsec=130819
     Messages:  created: 14845497   present: 12173   in FES: 179
** Event #11339008   t=330.687869159215   Elapsed: 288.605s (4m 48s)  66% completed  (83% total)
     Speed:     ev/sec=42674.3   simsec/sec=0.15424   ev/simsec=276675
     Messages:  created: 14963802   present: 12065   in FES: 132
** Event #11417344   t=331.081593984583   Elapsed: 290.605s (4m 50s)  66% completed  (83% total)
     Speed:     ev/sec=39166.1   simsec/sec=0.196853   ev/simsec=198961
     Messages:  created: 15071757   present: 12115   in FES: 159
** Event #11504128   t=331.802541362907   Elapsed: 292.606s (4m 52s)  66% completed  (83% total)
     Speed:     ev/sec=43373.5   simsec/sec=0.36032   ev/simsec=120375
     Messages:  created: 15190678   present: 12078   in FES: 144
** Event #11578112   t=332.478478198374   Elapsed: 294.606s (4m 54s)  66% completed  (83% total)
     Speed:     ev/sec=36978.5   simsec/sec=0.337845   ev/simsec=109454
     Messages:  created: 15291489   present: 12255   in FES: 186
** Event #11654144   t=333.21293448863   Elapsed: 296.611s (4m 56s)  66% completed  (83% total)
     Speed:     ev/sec=37933.2   simsec/sec=0.366428   ev/simsec=103521
     Messages:  created: 15395210   present: 12326   in FES: 185
** Event #11728896   t=333.953566023734   Elapsed: 298.614s (4m 58s)  66% completed  (83% total)
     Speed:     ev/sec=37318.3   simsec/sec=0.369744   ev/simsec=100930
     Messages:  created: 15497729   present: 12200   in FES: 131
** Event #11803392   t=334.596417671682   Elapsed: 300.615s (5m 00s)  66% completed  (83% total)
     Speed:     ev/sec=37217.9   simsec/sec=0.321166   ev/simsec=115884
     Messages:  created: 15599107   present: 12149   in FES: 131
** Event #11878656   t=335.313756897629   Elapsed: 302.622s (5m 02s)  67% completed  (83% total)
     Speed:     ev/sec=37510.3   simsec/sec=0.357509   ev/simsec=104921
     Messages:  created: 15701566   present: 12250   in FES: 142
** Event #11951872   t=335.984053060933   Elapsed: 304.626s (5m 04s)  67% completed  (83% total)
     Speed:     ev/sec=36526   simsec/sec=0.334398   ev/simsec=109229
     Messages:  created: 15802242   present: 12329   in FES: 143
** Event #12034048   t=336.74304163379   Elapsed: 306.628s (5m 06s)  67% completed  (83% total)
     Speed:     ev/sec=41063   simsec/sec=0.379263   ev/simsec=108270
     Messages:  created: 15914082   present: 12396   in FES: 155
** Event #12129024   t=337.700194749931   Elapsed: 308.634s (5m 08s)  67% completed  (83% total)
     Speed:     ev/sec=47328.2   simsec/sec=0.476966   ev/simsec=99227.6
     Messages:  created: 16043382   present: 12360   in FES: 125
** Event #12210688   t=338.458844305823   Elapsed: 310.641s (5m 10s)  67% completed  (83% total)
     Speed:     ev/sec=40701.8   simsec/sec=0.378115   ev/simsec=107644
     Messages:  created: 16154706   present: 12496   in FES: 158
** Event #12285952   t=339.203021282177   Elapsed: 312.642s (5m 12s)  67% completed  (83% total)
     Speed:     ev/sec=37616.1   simsec/sec=0.371932   ev/simsec=101137
     Messages:  created: 16257201   present: 12460   in FES: 131
** Event #12361472   t=339.958663425495   Elapsed: 314.642s (5m 14s)  67% completed  (83% total)
     Speed:     ev/sec=37758.3   simsec/sec=0.377804   ev/simsec=99941.5
     Messages:  created: 16360792   present: 12572   in FES: 158
** Event #12437504   t=340.702222753438   Elapsed: 316.645s (5m 16s)  68% completed  (84% total)
     Speed:     ev/sec=37963   simsec/sec=0.371261   ev/simsec=102254
     Messages:  created: 16464080   present: 12583   in FES: 140
** Event #12515072   t=341.456277852992   Elapsed: 318.647s (5m 18s)  68% completed  (84% total)
     Speed:     ev/sec=38739.6   simsec/sec=0.376596   ev/simsec=102868
     Messages:  created: 16569402   present: 12675   in FES: 159
** Event #12602624   t=342.309401679078   Elapsed: 320.656s (5m 20s)  68% completed  (84% total)
     Speed:     ev/sec=43576.1   simsec/sec=0.424614   ev/simsec=102625
     Messages:  created: 16688445   present: 12644   in FES: 142
** Event #12683264   t=343.086371234208   Elapsed: 322.658s (5m 22s)  68% completed  (84% total)
     Speed:     ev/sec=40272.8   simsec/sec=0.38803   ev/simsec=103788
     Messages:  created: 16798779   present: 12745   in FES: 156
** Event #12763392   t=343.941772870247   Elapsed: 324.659s (5m 24s)  68% completed  (84% total)
     Speed:     ev/sec=40049.2   simsec/sec=0.427543   ev/simsec=93673
     Messages:  created: 16908262   present: 12805   in FES: 159
** Event #12837888   t=344.590130067073   Elapsed: 326.661s (5m 26s)  68% completed  (84% total)
     Speed:     ev/sec=37219.5   simsec/sec=0.323931   ev/simsec=114900
     Messages:  created: 17009502   present: 12813   in FES: 155
** Event #12919552   t=345.327447824859   Elapsed: 328.664s (5m 28s)  69% completed  (84% total)
     Speed:     ev/sec=40770.4   simsec/sec=0.368103   ev/simsec=110758
     Messages:  created: 17120811   present: 12879   in FES: 161
** Event #13009408   t=346.200639694365   Elapsed: 330.664s (5m 30s)  69% completed  (84% total)
     Speed:     ev/sec=44913.5   simsec/sec=0.436455   ev/simsec=102905
     Messages:  created: 17243352   present: 12918   in FES: 154
** Event #13094400   t=346.966059290783   Elapsed: 332.67s (5m 32s)  69% completed  (84% total)
     Speed:     ev/sec=42371.3   simsec/sec=0.381587   ev/simsec=111040
     Messages:  created: 17360053   present: 12893   in FES: 134
** Event #13192448   t=347.835870213231   Elapsed: 334.673s (5m 34s)  69% completed  (84% total)
     Speed:     ev/sec=48960.7   simsec/sec=0.434344   ev/simsec=112723
     Messages:  created: 17493835   present: 12980   in FES: 156
** Event #13284608   t=348.606697944915   Elapsed: 336.68s (5m 36s)  69% completed  (84% total)
     Speed:     ev/sec=45908.9   simsec/sec=0.383983   ev/simsec=119560
     Messages:  created: 17616916   present: 12136   in FES: 160
** Event #13353984   t=348.824352457421   Elapsed: 338.684s (5m 38s)  69% completed  (84% total)
     Speed:     ev/sec=34615.1   simsec/sec=0.108599   ev/simsec=318744
     Messages:  created: 17713446   present: 12127   in FES: 159
** Event #13435392   t=349.076805708442   Elapsed: 340.688s (5m 40s)  69% completed  (84% total)
     Speed:     ev/sec=40641.8   simsec/sec=0.126034   ev/simsec=322468
     Messages:  created: 17826282   present: 12085   in FES: 159
** Event #13508608   t=349.692780230559   Elapsed: 342.688s (5m 42s)  69% completed  (84% total)
     Speed:     ev/sec=36596.9   simsec/sec=0.307894   ev/simsec=118862
     Messages:  created: 17926318   present: 12039   in FES: 134
** Event #13591296   t=350.328436406917   Elapsed: 344.697s (5m 44s)  70% completed  (85% total)
     Speed:     ev/sec=41160.1   simsec/sec=0.316414   ev/simsec=130083
     Messages:  created: 18039250   present: 12059   in FES: 139
** Event #13671680   t=351.060125730914   Elapsed: 346.7s (5m 46s)  70% completed  (85% total)
     Speed:     ev/sec=40132.2   simsec/sec=0.365301   ev/simsec=109861
     Messages:  created: 18149347   present: 12074   in FES: 151
** Event #13752576   t=351.723584976912   Elapsed: 348.704s (5m 48s)  70% completed  (85% total)
     Speed:     ev/sec=40358.3   simsec/sec=0.330994   ev/simsec=121931
     Messages:  created: 18260018   present: 12146   in FES: 162
** Event #13829632   t=352.432499958251   Elapsed: 350.707s (5m 50s)  70% completed  (85% total)
     Speed:     ev/sec=38481.2   simsec/sec=0.354027   ev/simsec=108696
     Messages:  created: 18364795   present: 12211   in FES: 184
** Event #13908736   t=353.060898663669   Elapsed: 352.714s (5m 52s)  70% completed  (85% total)
     Speed:     ev/sec=39406.9   simsec/sec=0.313047   ev/simsec=125882
     Messages:  created: 18473217   present: 12040   in FES: 132
** Event #13996032   t=353.786810902446   Elapsed: 354.889s (5m 54s)  70% completed  (85% total)
     Speed:     ev/sec=40144.1   simsec/sec=0.333819   ev/simsec=120257
     Messages:  created: 18592586   present: 12050   in FES: 143
** Event #14087168   t=354.675760348078   Elapsed: 356.896s (5m 56s)  70% completed  (85% total)
     Speed:     ev/sec=45405.1   simsec/sec=0.442886   ev/simsec=102521
     Messages:  created: 18716977   present: 12127   in FES: 154
** Event #14158592   t=355.234671789541   Elapsed: 358.899s (5m 58s)  71% completed  (85% total)
     Speed:     ev/sec=35654.6   simsec/sec=0.279007   ev/simsec=127791
     Messages:  created: 18814802   present: 12190   in FES: 143
** Event #14242816   t=356.049487996572   Elapsed: 360.906s (6m 00s)  71% completed  (85% total)
     Speed:     ev/sec=41966.9   simsec/sec=0.406004   ev/simsec=103366
     Messages:  created: 18930239   present: 12183   in FES: 155
** Event #14322944   t=356.73515286365   Elapsed: 362.908s (6m 02s)  71% completed  (85% total)
     Speed:     ev/sec=40026.9   simsec/sec=0.342515   ev/simsec=116862
     Messages:  created: 19039978   present: 12244   in FES: 158
** Event #14408960   t=357.538464433813   Elapsed: 364.915s (6m 04s)  71% completed  (85% total)
     Speed:     ev/sec=42863.2   simsec/sec=0.400303   ev/simsec=107077
     Messages:  created: 19157255   present: 12166   in FES: 140
** Event #14491904   t=358.3   Elapsed: 366.925s (6m 06s)  71% completed  (85% total)
     Speed:     ev/sec=41256.8   simsec/sec=0.378792   ev/simsec=108917
     Messages:  created: 19270674   present: 12254   in FES: 156
** Event #14571008   t=358.985807583978   Elapsed: 368.935s (6m 08s)  71% completed  (85% total)
     Speed:     ev/sec=39349.2   simsec/sec=0.341145   ev/simsec=115344
     Messages:  created: 19379728   present: 12302   in FES: 154
** Event #14649600   t=359.704767381081   Elapsed: 370.939s (6m 10s)  71% completed  (85% total)
     Speed:     ev/sec=39218.1   simsec/sec=0.358768   ev/simsec=109313
     Messages:  created: 19486703   present: 12271   in FES: 129
** Event #14746624   t=360.486603352862   Elapsed: 372.942s (6m 12s)  72% completed  (86% total)
     Speed:     ev/sec=48458.1   simsec/sec=0.390483   ev/simsec=124098
     Messages:  created: 19619496   present: 12288   in FES: 126
** Event #14831104   t=361.234752641953   Elapsed: 374.953s (6m 14s)  72% completed  (86% total)
     Speed:     ev/sec=42007   simsec/sec=0.372011   ev/simsec=112919
     Messages:  created: 19735170   present: 12334   in FES: 135
** Event #14912512   t=361.98702340621   Elapsed: 376.955s (6m 16s)  72% completed  (86% total)
     Speed:     ev/sec=40657.3   simsec/sec=0.375704   ev/simsec=108216
     Messages:  created: 19847067   present: 12337   in FES: 132
** Event #14984448   t=362.692001239466   Elapsed: 378.96s (6m 18s)  72% completed  (86% total)
     Speed:     ev/sec=35887.1   simsec/sec=0.351696   ev/simsec=102040
     Messages:  created: 19945169   present: 12437   in FES: 156
** Event #15067648   t=363.459015995371   Elapsed: 380.962s (6m 20s)  72% completed  (86% total)
     Speed:     ev/sec=41543   simsec/sec=0.382982   ev/simsec=108472
     Messages:  created: 20058946   present: 12472   in FES: 155
** Event #15148544   t=364.217220256781   Elapsed: 382.969s (6m 22s)  72% completed  (86% total)
     Speed:     ev/sec=40313.6   simsec/sec=0.377843   ev/simsec=106694
     Messages:  created: 20169681   present: 12522   in FES: 156
** Event #15230208   t=365.036147680134   Elapsed: 384.973s (6m 24s)  73% completed  (86% total)
     Speed:     ev/sec=40745.4   simsec/sec=0.408595   ev/simsec=99720.7
     Messages:  created: 20281772   present: 12409   in FES: 125
** Event #15310848   t=365.800566182405   Elapsed: 386.98s (6m 26s)  73% completed  (86% total)
     Speed:     ev/sec=40184.6   simsec/sec=0.380926   ev/simsec=105492
     Messages:  created: 20392024   present: 12537   in FES: 157
** Event #15386880   t=366.329490715282   Elapsed: 388.982s (6m 28s)  73% completed  (86% total)
     Speed:     ev/sec=37970.4   simsec/sec=0.264145   ev/simsec=143748
     Messages:  created: 20496303   present: 12617   in FES: 159
** Event #15473408   t=367.052540346578   Elapsed: 390.986s (6m 30s)  73% completed  (86% total)
     Speed:     ev/sec=43183.5   simsec/sec=0.360853   ev/simsec=119671
     Messages:  created: 20615320   present: 12648   in FES: 153
** Event #15559424   t=367.723492064237   Elapsed: 392.993s (6m 32s)  73% completed  (86% total)
     Speed:     ev/sec=42853   simsec/sec=0.334267   ev/simsec=128200
     Messages:  created: 20733382   present: 12683   in FES: 157
** Event #15655424   t=368.474056654583   Elapsed: 394.996s (6m 34s)  73% completed  (86% total)
     Speed:     ev/sec=47937.3   simsec/sec=0.374792   ev/simsec=127904
     Messages:  created: 20864907   present: 12721   in FES: 161
** Event #15740160   t=369.174948126968   Elapsed: 397.001s (6m 37s)  73% completed  (86% total)
     Speed:     ev/sec=42256.1   simsec/sec=0.34952   ev/simsec=120897
     Messages:  created: 20981049   present: 12676   in FES: 157
** Event #15829760   t=369.8281600994   Elapsed: 399.001s (6m 39s)  73% completed  (86% total)
     Speed:     ev/sec=44797   simsec/sec=0.326584   ev/simsec=137168
     Messages:  created: 21104449   present: 12767   in FES: 151
** Event #15916544   t=370.486503862414   Elapsed: 401.007s (6m 41s)  74% completed  (87% total)
     Speed:     ev/sec=43262.1   simsec/sec=0.328187   ev/simsec=131822
     Messages:  created: 21223118   present: 12743   in FES: 134
** Event #15991296   t=371.085912909028   Elapsed: 403.009s (6m 43s)  74% completed  (87% total)
     Speed:     ev/sec=37341.6   simsec/sec=0.299429   ev/simsec=124709
     Messages:  created: 21325830   present: 12788   in FES: 144
** Event #16068864   t=371.716718648727   Elapsed: 405.012s (6m 45s)  74% completed  (87% total)
     Speed:     ev/sec=38739.4   simsec/sec=0.315041   ev/simsec=122967
     Messages:  created: 21432306   present: 12867   in FES: 154
** Event #16152064   t=372.402186897933   Elapsed: 407.015s (6m 47s)  74% completed  (87% total)
     Speed:     ev/sec=41518.9   simsec/sec=0.342066   ev/simsec=121377
     Messages:  created: 21545982   present: 12726   in FES: 124
** Event #16239104   t=373.086077705326   Elapsed: 409.016s (6m 49s)  74% completed  (87% total)
     Speed:     ev/sec=43505.3   simsec/sec=0.34183   ev/simsec=127272
     Messages:  created: 21665584   present: 12843   in FES: 140
** Event #16307200   t=373.685343820055   Elapsed: 411.017s (6m 51s)  74% completed  (87% total)
     Speed:     ev/sec=34029.5   simsec/sec=0.29947   ev/simsec=113632
     Messages:  created: 21758925   present: 12937   in FES: 157
** Event #16382464   t=374.226949820096   Elapsed: 413.02s (6m 53s)  74% completed  (87% total)
     Speed:     ev/sec=37573.3   simsec/sec=0.27038   ev/simsec=138964
     Messages:  created: 21862182   present: 12936   in FES: 141
** Event #16465408   t=374.949558466398   Elapsed: 415.025s (6m 55s)  74% completed  (87% total)
     Speed:     ev/sec=41381.4   simsec/sec=0.360515   ev/simsec=114784
     Messages:  created: 21976406   present: 12997   in FES: 159
** Event #16552192   t=375.580519558198   Elapsed: 417.029s (6m 57s)  75% completed  (87% total)
     Speed:     ev/sec=43305.7   simsec/sec=0.314853   ev/simsec=137543
     Messages:  created: 22095029   present: 13038   in FES: 155
** Event #16639488   t=376.298776015085   Elapsed: 419.031s (6m 59s)  75% completed  (87% total)
     Speed:     ev/sec=43587.2   simsec/sec=0.358628   ev/simsec=121539
     Messages:  created: 22214619   present: 13061   in FES: 160
** Event #16724224   t=376.816935869134   Elapsed: 421.038s (7m 01s)  75% completed  (87% total)
     Speed:     ev/sec=42229.4   simsec/sec=0.258233   ev/simsec=163533
     Messages:  created: 22331511   present: 13045   in FES: 156
** Event #16797696   t=377.290270890779   Elapsed: 423.04s (7m 03s)  75% completed  (87% total)
     Speed:     ev/sec=36700.2   simsec/sec=0.236437   ev/simsec=155222
     Messages:  created: 22432155   present: 13005   in FES: 149
** Event #16863744   t=377.755254747048   Elapsed: 425.044s (7m 05s)  75% completed  (87% total)
     Speed:     ev/sec=32956.3   simsec/sec=0.232015   ev/simsec=142044
     Messages:  created: 22523158   present: 13078   in FES: 156
** Event #16949248   t=378.447111988948   Elapsed: 427.045s (7m 07s)  75% completed  (87% total)
     Speed:     ev/sec=42729.9   simsec/sec=0.34575   ev/simsec=123586
     Messages:  created: 22639870   present: 13110   in FES: 156
** Event #17051136   t=379.205843107588   Elapsed: 429.046s (7m 09s)  75% completed  (87% total)
     Speed:     ev/sec=50914.5   simsec/sec=0.379146   ev/simsec=134287
     Messages:  created: 22779465   present: 13124   in FES: 156
** Event #17143040   t=379.938117228373   Elapsed: 431.049s (7m 11s)  75% completed  (87% total)
     Speed:     ev/sec=45897.2   simsec/sec=0.365701   ev/simsec=125505
     Messages:  created: 22905740   present: 13106   in FES: 156
** Event #17239296   t=380.676384343305   Elapsed: 433.054s (7m 13s)  76% completed  (88% total)
     Speed:     ev/sec=48008.8   simsec/sec=0.368219   ev/simsec=130381
     Messages:  created: 23037188   present: 13103   in FES: 161
** Event #17328896   t=381.320194780063   Elapsed: 435.058s (7m 15s)  76% completed  (88% total)
     Speed:     ev/sec=44710.3   simsec/sec=0.321261   ev/simsec=139171
     Messages:  created: 23159859   present: 13135   in FES: 146
** Event #17409536   t=382.041036446121   Elapsed: 437.062s (7m 17s)  76% completed  (88% total)
     Speed:     ev/sec=40228   simsec/sec=0.359598   ev/simsec=111869
     Messages:  created: 23270615   present: 13134   in FES: 156
** Event #17516288   t=383.040871833079   Elapsed: 439.065s (7m 19s)  76% completed  (88% total)
     Speed:     ev/sec=53290   simsec/sec=0.499113   ev/simsec=106770
     Messages:  created: 23416432   present: 13102   in FES: 129
** Event #17619456   t=384.192070189264   Elapsed: 441.067s (7m 21s)  76% completed  (88% total)
     Speed:     ev/sec=51550.7   simsec/sec=0.575228   ev/simsec=89617.9
     Messages:  created: 23556345   present: 13368   in FES: 183
** Event #17720576   t=384.993258468832   Elapsed: 443.068s (7m 23s)  76% completed  (88% total)
     Speed:     ev/sec=50541.1   simsec/sec=0.400444   ev/simsec=126213
     Messages:  created: 23695370   present: 13327   in FES: 156
** Event #17797888   t=385.306140129096   Elapsed: 445.07s (7m 25s)  77% completed  (88% total)
     Speed:     ev/sec=38600.5   simsec/sec=0.156216   ev/simsec=247097
     Messages:  created: 23799970   present: 12698   in FES: 186
** Event #17892096   t=385.73623149788   Elapsed: 447.072s (7m 27s)  77% completed  (88% total)
     Speed:     ev/sec=47071.1   simsec/sec=0.214896   ev/simsec=219042
     Messages:  created: 23930252   present: 12553   in FES: 128
** Event #17977344   t=386.185782137385   Elapsed: 449.076s (7m 29s)  77% completed  (88% total)
     Speed:     ev/sec=42541.6   simsec/sec=0.224341   ev/simsec=189629
     Messages:  created: 24047586   present: 12642   in FES: 151
** Event #18059264   t=386.630834510722   Elapsed: 451.077s (7m 31s)  77% completed  (88% total)
     Speed:     ev/sec=40942.5   simsec/sec=0.222431   ev/simsec=184068
     Messages:  created: 24159582   present: 12405   in FES: 156
** Event #18152448   t=386.963646457197   Elapsed: 453.081s (7m 33s)  77% completed  (88% total)
     Speed:     ev/sec=46481.8   simsec/sec=0.166012   ev/simsec=279990
     Messages:  created: 24289007   present: 12366   in FES: 165
** Event #18249984   t=387.690079770075   Elapsed: 455.084s (7m 35s)  77% completed  (88% total)
     Speed:     ev/sec=48710   simsec/sec=0.362785   ev/simsec=134267
     Messages:  created: 24422722   present: 12353   in FES: 156
** Event #18338816   t=388.479173471045   Elapsed: 457.086s (7m 37s)  77% completed  (88% total)
     Speed:     ev/sec=44372   simsec/sec=0.394156   ev/simsec=112575
     Messages:  created: 24543701   present: 12333   in FES: 139
** Event #18429952   t=389.298699068186   Elapsed: 459.092s (7m 39s)  77% completed  (88% total)
     Speed:     ev/sec=45431.8   simsec/sec=0.408538   ev/simsec=111206
     Messages:  created: 24668369   present: 12414   in FES: 157
** Event #18504448   t=389.973255682179   Elapsed: 461.092s (7m 41s)  77% completed  (88% total)
     Speed:     ev/sec=37246.8   simsec/sec=0.337267   ev/simsec=110437
     Messages:  created: 24770554   present: 12462   in FES: 158
** Event #18596352   t=390.786390251486   Elapsed: 463.096s (7m 43s)  78% completed  (89% total)
     Speed:     ev/sec=45859.5   simsec/sec=0.405749   ev/simsec=113024
     Messages:  created: 24895642   present: 12423   in FES: 159
** Event #18688000   t=391.682122911006   Elapsed: 465.097s (7m 45s)  78% completed  (89% total)
     Speed:     ev/sec=45789.7   simsec/sec=0.447531   ev/simsec=102316
     Messages:  created: 25020560   present: 12468   in FES: 143
** Event #18786304   t=392.425731245076   Elapsed: 467.099s (7m 47s)  78% completed  (89% total)
     Speed:     ev/sec=49105.5   simsec/sec=0.371453   ev/simsec=132199
     Messages:  created: 25154965   present: 12473   in FES: 157
** Event #18882816   t=393.246560545524   Elapsed: 469.105s (7m 49s)  78% completed  (89% total)
     Speed:     ev/sec=48120.8   simsec/sec=0.409264   ev/simsec=117579
     Messages:  created: 25287328   present: 12454   in FES: 131
** Event #18978048   t=394.174919225263   Elapsed: 471.11s (7m 51s)  78% completed  (89% total)
     Speed:     ev/sec=47487.9   simsec/sec=0.462931   ev/simsec=102581
     Messages:  created: 25417531   present: 12562   in FES: 161
** Event #19074816   t=395.037960758108   Elapsed: 473.111s (7m 53s)  79% completed  (89% total)
     Speed:     ev/sec=48350.9   simsec/sec=0.431226   ev/simsec=112124
     Messages:  created: 25550655   present: 12622   in FES: 159
** Event #19174144   t=395.951255603611   Elapsed: 475.118s (7m 55s)  79% completed  (89% total)
     Speed:     ev/sec=49511.7   simsec/sec=0.455247   ev/simsec=108758
     Messages:  created: 25686783   present: 12699   in FES: 156
** Event #19252480   t=396.439408742218   Elapsed: 477.121s (7m 57s)  79% completed  (89% total)
     Speed:     ev/sec=39097.8   simsec/sec=0.243639   ev/simsec=160474
     Messages:  created: 25793907   present: 12686   in FES: 137
** Event #19350272   t=396.963130164797   Elapsed: 479.123s (7m 59s)  79% completed  (89% total)
     Speed:     ev/sec=48840.9   simsec/sec=0.261566   ev/simsec=186725
     Messages:  created: 25929243   present: 12852   in FES: 190
** Event #19445760   t=398.056486609528   Elapsed: 481.128s (8m 01s)  79% completed  (89% total)
     Speed:     ev/sec=47643.6   simsec/sec=0.545528   ev/simsec=87334.7
     Messages:  created: 26058932   present: 12764   in FES: 158
** Event #19554048   t=398.976538345356   Elapsed: 483.128s (8m 03s)  79% completed  (89% total)
     Speed:     ev/sec=54123.5   simsec/sec=0.459852   ev/simsec=117698
     Messages:  created: 26207411   present: 12875   in FES: 160
** Event #19638784   t=399.393935984891   Elapsed: 485.134s (8m 05s)  79% completed  (89% total)
     Speed:     ev/sec=42242.2   simsec/sec=0.208079   ev/simsec=203010
     Messages:  created: 26323797   present: 12900   in FES: 162
** Event #19735296   t=399.704939678475   Elapsed: 487.134s (8m 07s)  79% completed  (89% total)
     Speed:     ev/sec=48254.4   simsec/sec=0.155497   ev/simsec=310324
     Messages:  created: 26457760   present: 12875   in FES: 161
** Event #19814912   t=400.00005802836   Elapsed: 489.138s (8m 09s)  80% completed  (90% total)
     Speed:     ev/sec=39736.3   simsec/sec=0.147293   ev/simsec=269777
     Messages:  created: 26568203   present: 12895   in FES: 157
** Event #19907584   t=400.404615358854   Elapsed: 491.139s (8m 11s)  80% completed  (90% total)
     Speed:     ev/sec=46312.5   simsec/sec=0.202176   ev/simsec=229070
     Messages:  created: 26695570   present: 12901   in FES: 160
** Event #19982592   t=400.729093724109   Elapsed: 493.14s (8m 13s)  80% completed  (90% total)
     Speed:     ev/sec=37488.6   simsec/sec=0.162173   ev/simsec=231165
     Messages:  created: 26799391   present: 12927   in FES: 162
** Event #20064256   t=401.080329261556   Elapsed: 495.145s (8m 15s)  80% completed  (90% total)
     Speed:     ev/sec=40734.3   simsec/sec=0.175198   ev/simsec=232505
     Messages:  created: 26912168   present: 12944   in FES: 160
** Event #20155392   t=401.498362733891   Elapsed: 497.146s (8m 17s)  80% completed  (90% total)
     Speed:     ev/sec=45548   simsec/sec=0.208925   ev/simsec=218011
     Messages:  created: 27037726   present: 12922   in FES: 164
** Event #20241408   t=401.890200034153   Elapsed: 499.152s (8m 19s)  80% completed  (90% total)
     Speed:     ev/sec=42860.9   simsec/sec=0.195249   ev/simsec=219520
     Messages:  created: 27156783   present: 12972   in FES: 157
** Event #20343552   t=402.372295655492   Elapsed: 501.156s (8m 21s)  80% completed  (90% total)
     Speed:     ev/sec=50985.8   simsec/sec=0.240641   ev/simsec=211875
     Messages:  created: 27297316   present: 12986   in FES: 162
** Event #20442624   t=402.694384561145   Elapsed: 503.158s (8m 23s)  80% completed  (90% total)
     Speed:     ev/sec=49494.2   simsec/sec=0.160908   ev/simsec=307592
     Messages:  created: 27433263   present: 12522   in FES: 136
** Event #20525056   t=403.059483174271   Elapsed: 505.164s (8m 25s)  80% completed  (90% total)
     Speed:     ev/sec=41088.1   simsec/sec=0.181983   ev/simsec=225780
     Messages:  created: 27547096   present: 12507   in FES: 129
** Event #20596736   t=403.361473979656   Elapsed: 507.169s (8m 27s)  80% completed  (90% total)
     Speed:     ev/sec=35741.5   simsec/sec=0.15058   ev/simsec=237358
     Messages:  created: 27645832   present: 12606   in FES: 162
** Event #20669184   t=403.698140373599   Elapsed: 509.172s (8m 29s)  80% completed  (90% total)
     Speed:     ev/sec=36178.9   simsec/sec=0.168124   ev/simsec=215192
     Messages:  created: 27746062   present: 12713   in FES: 186
** Event #20763904   t=404.09645447856   Elapsed: 511.175s (8m 31s)  80% completed  (90% total)
     Speed:     ev/sec=47288.9   simsec/sec=0.198858   ev/simsec=237802
     Messages:  created: 27876844   present: 12740   in FES: 193
** Event #20858624   t=404.490648501077   Elapsed: 513.179s (8m 33s)  80% completed  (90% total)
     Speed:     ev/sec=47256.8   simsec/sec=0.196667   ev/simsec=240288
     Messages:  created: 28007504   present: 12575   in FES: 139
** Event #20960512   t=404.848611420112   Elapsed: 515.185s (8m 35s)  80% completed  (90% total)
     Speed:     ev/sec=50790.9   simsec/sec=0.178444   ev/simsec=284633
     Messages:  created: 28147005   present: 11975   in FES: 160
** Event #21037056   t=405.107043709542   Elapsed: 517.187s (8m 37s)  81% completed  (90% total)
     Speed:     ev/sec=38244.5   simsec/sec=0.129123   ev/simsec=296186
     Messages:  created: 28252807   present: 11998   in FES: 158
** Event #21124608   t=405.402943380356   Elapsed: 519.189s (8m 39s)  81% completed  (90% total)
     Speed:     ev/sec=43715   simsec/sec=0.147744   ev/simsec=295884
     Messages:  created: 28373849   present: 11980   in FES: 159
** Event #21200128   t=405.658442059623   Elapsed: 521.194s (8m 41s)  81% completed  (90% total)
     Speed:     ev/sec=37682.2   simsec/sec=0.127486   ev/simsec=295579
     Messages:  created: 28478588   present: 11997   in FES: 157
** Event #21281024   t=405.95611427699   Elapsed: 523.198s (8m 43s)  81% completed  (90% total)
     Speed:     ev/sec=40361.4   simsec/sec=0.148517   ev/simsec=271762
     Messages:  created: 28590815   present: 11999   in FES: 146
** Event #21380352   t=406.307476294858   Elapsed: 525.198s (8m 45s)  81% completed  (90% total)
     Speed:     ev/sec=49650.5   simsec/sec=0.175633   ev/simsec=282694
     Messages:  created: 28727864   present: 12032   in FES: 161
** Event #21478144   t=406.673717742914   Elapsed: 527.203s (8m 47s)  81% completed  (90% total)
     Speed:     ev/sec=48789.4   simsec/sec=0.182722   ev/simsec=267015
     Messages:  created: 28863277   present: 12055   in FES: 157
** Event #21581824   t=407.017064993461   Elapsed: 529.206s (8m 49s)  81% completed  (90% total)
     Speed:     ev/sec=51749.9   simsec/sec=0.171375   ev/simsec=301968
     Messages:  created: 29007021   present: 12164   in FES: 182
** Event #21668096   t=407.322013824567   Elapsed: 531.212s (8m 51s)  81% completed  (90% total)
     Speed:     ev/sec=43004   simsec/sec=0.152008   ev/simsec=282906
     Messages:  created: 29125991   present: 12105   in FES: 170
** Event #21764096   t=407.809851831166   Elapsed: 533.216s (8m 53s)  81% completed  (90% total)
     Speed:     ev/sec=47910   simsec/sec=0.243462   ev/simsec=196787
     Messages:  created: 29258085   present: 12098   in FES: 161
** Event #21856768   t=408.105520948508   Elapsed: 535.218s (8m 55s)  81% completed  (90% total)
     Speed:     ev/sec=46293.4   simsec/sec=0.147699   ev/simsec=313431
     Messages:  created: 29385925   present: 11977   in FES: 162
** Event #21918976   t=408.675582045008   Elapsed: 537.22s (8m 57s)  81% completed  (90% total)
     Speed:     ev/sec=31071.1   simsec/sec=0.284729   ev/simsec=109125
     Messages:  created: 29471150   present: 11957   in FES: 155
** Event #21989632   t=409.306759800525   Elapsed: 539.221s (8m 59s)  81% completed  (90% total)
     Speed:     ev/sec=35309.2   simsec/sec=0.315421   ev/simsec=111943
     Messages:  created: 29567664   present: 12038   in FES: 155
** Event #22063360   t=410.062790747018   Elapsed: 541.227s (9m 01s)  82% completed  (91% total)
     Speed:     ev/sec=36755.9   simsec/sec=0.376907   ev/simsec=97519.8
     Messages:  created: 29668566   present: 12066   in FES: 157
** Event #22131456   t=410.576541366891   Elapsed: 543.228s (9m 03s)  82% completed  (91% total)
     Speed:     ev/sec=34029.9   simsec/sec=0.256739   ev/simsec=132547
     Messages:  created: 29760752   present: 12034   in FES: 218
** Event #22206976   t=410.894784349279   Elapsed: 545.231s (9m 05s)  82% completed  (91% total)
     Speed:     ev/sec=37697.2   simsec/sec=0.158857   ev/simsec=237303
     Messages:  created: 29865212   present: 11821   in FES: 162
** Event #22296576   t=411.746151552941   Elapsed: 547.235s (9m 07s)  82% completed  (91% total)
     Speed:     ev/sec=44727.8   simsec/sec=0.424997   ev/simsec=105242
     Messages:  created: 29987029   present: 11787   in FES: 161
** Event #22376192   t=412.725979049634   Elapsed: 549.237s (9m 09s)  82% completed  (91% total)
     Speed:     ev/sec=39753.3   simsec/sec=0.48924   ev/simsec=81255.1
     Messages:  created: 30093273   present: 11473   in FES: 162
** Event #22445056   t=412.989122315139   Elapsed: 551.238s (9m 11s)  82% completed  (91% total)
     Speed:     ev/sec=34416.6   simsec/sec=0.131513   ev/simsec=261698
     Messages:  created: 30188367   present: 11467   in FES: 161
** Event #22516736   t=413.557928674083   Elapsed: 553.239s (9m 13s)  82% completed  (91% total)
     Speed:     ev/sec=35819.5   simsec/sec=0.28424   ev/simsec=126018
     Messages:  created: 30284527   present: 11272   in FES: 163
** Event #22603008   t=414.963411683391   Elapsed: 555.245s (9m 15s)  82% completed  (91% total)
     Speed:     ev/sec=43013.3   simsec/sec=0.700742   ev/simsec=61382.5
     Messages:  created: 30399569   present: 11165   in FES: 157
** Event #22674432   t=416.50710441473   Elapsed: 557.246s (9m 17s)  83% completed  (91% total)
     Speed:     ev/sec=35697.6   simsec/sec=0.771535   ev/simsec=46268.3
     Messages:  created: 30492021   present: 11233   in FES: 155
** Event #22743040   t=418.102685808442   Elapsed: 559.254s (9m 19s)  83% completed  (91% total)
     Speed:     ev/sec=34172.1   simsec/sec=0.794723   ev/simsec=42998.7
     Messages:  created: 30581070   present: 11300   in FES: 153
** Event #22835968   t=420.30755414519   Elapsed: 561.258s (9m 21s)  84% completed  (92% total)
     Speed:     ev/sec=46355   simsec/sec=1.09985   ev/simsec=42146.7
     Messages:  created: 30701791   present: 11368   in FES: 150
** Event #22929920   t=422.570409660336   Elapsed: 563.261s (9m 23s)  84% completed  (92% total)
     Speed:     ev/sec=46913.9   simsec/sec=1.12993   ev/simsec=41519.2
     Messages:  created: 30824240   present: 11432   in FES: 157
** Event #23012096   t=424.537732802893   Elapsed: 565.261s (9m 25s)  84% completed  (92% total)
     Speed:     ev/sec=41081.7   simsec/sec=0.983512   ev/simsec=41770.5
     Messages:  created: 30931334   present: 11514   in FES: 156
** Event #23088640   t=426.245655863884   Elapsed: 567.264s (9m 27s)  85% completed  (92% total)
     Speed:     ev/sec=38221.2   simsec/sec=0.852827   ev/simsec=44817
     Messages:  created: 31030962   present: 11555   in FES: 155
** Event #23171840   t=428.076550589735   Elapsed: 569.271s (9m 29s)  85% completed  (92% total)
     Speed:     ev/sec=41444.7   simsec/sec=0.91203   ev/simsec=45442.3
     Messages:  created: 31139523   present: 11649   in FES: 161
** Event #23245056   t=429.626279968116   Elapsed: 571.273s (9m 31s)  85% completed  (92% total)
     Speed:     ev/sec=36574.8   simsec/sec=0.774162   ev/simsec=47244.4
     Messages:  created: 31234968   present: 11682   in FES: 155
** Event #23341056   t=431.761543946795   Elapsed: 573.276s (9m 33s)  86% completed  (93% total)
     Speed:     ev/sec=47935.8   simsec/sec=1.0662   ev/simsec=44959.3
     Messages:  created: 31360418   present: 11695   in FES: 128
** Event #23441152   t=433.664610383247   Elapsed: 575.277s (9m 35s)  86% completed  (93% total)
     Speed:     ev/sec=50033.5   simsec/sec=0.951257   ev/simsec=52597.2
     Messages:  created: 31491767   present: 11696   in FES: 156
** Event #23537152   t=435.729273049753   Elapsed: 577.277s (9m 37s)  87% completed  (93% total)
     Speed:     ev/sec=47977.9   simsec/sec=1.03186   ev/simsec=46496.7
     Messages:  created: 31617341   present: 11770   in FES: 156
** Event #23628544   t=436.435965980083   Elapsed: 579.28s (9m 39s)  87% completed  (93% total)
     Speed:     ev/sec=45628.6   simsec/sec=0.352825   ev/simsec=129323
     Messages:  created: 31741696   present: 11844   in FES: 155
** Event #23724800   t=436.89369542337   Elapsed: 581.284s (9m 41s)  87% completed  (93% total)
     Speed:     ev/sec=48039   simsec/sec=0.228442   ev/simsec=210290
     Messages:  created: 31874418   present: 11875   in FES: 158
** Event #23816704   t=437.203228353856   Elapsed: 583.288s (9m 43s)  87% completed  (93% total)
     Speed:     ev/sec=45868.5   simsec/sec=0.154485   ev/simsec=296912
     Messages:  created: 32000837   present: 11879   in FES: 159
** Event #23897600   t=437.47197300746   Elapsed: 585.298s (9m 45s)  87% completed  (93% total)
     Speed:     ev/sec=40251.1   simsec/sec=0.133718   ev/simsec=301014
     Messages:  created: 32112492   present: 11904   in FES: 156
** Event #23976960   t=437.720338344312   Elapsed: 587.3s (9m 47s)  87% completed  (93% total)
     Speed:     ev/sec=39623   simsec/sec=0.124004   ev/simsec=319529
     Messages:  created: 32222245   present: 11945   in FES: 164
** Event #24067072   t=438.002492726441   Elapsed: 589.303s (9m 49s)  87% completed  (93% total)
     Speed:     ev/sec=45005.8   simsec/sec=0.14092   ev/simsec=319371
     Messages:  created: 32346849   present: 11859   in FES: 132
** Event #24153856   t=438.278307483958   Elapsed: 591.305s (9m 51s)  87% completed  (93% total)
     Speed:     ev/sec=43337.7   simsec/sec=0.137735   ev/simsec=314646
     Messages:  created: 32466043   present: 11999   in FES: 186
** Event #24246016   t=438.571837011626   Elapsed: 593.31s (9m 53s)  87% completed  (93% total)
     Speed:     ev/sec=45962.7   simsec/sec=0.146391   ev/simsec=313972
     Messages:  created: 32593052   present: 11946   in FES: 156
** Event #24328960   t=438.837319599788   Elapsed: 595.317s (9m 55s)  87% completed  (93% total)
     Speed:     ev/sec=41328.8   simsec/sec=0.132283   ev/simsec=312427
     Messages:  created: 32707751   present: 12043   in FES: 187
** Event #24419328   t=439.129294054691   Elapsed: 597.322s (9m 57s)  87% completed  (93% total)
     Speed:     ev/sec=45084   simsec/sec=0.145664   ev/simsec=309507
     Messages:  created: 32831715   present: 11845   in FES: 140
** Event #24504064   t=439.382222509027   Elapsed: 599.326s (9m 59s)  87% completed  (93% total)
     Speed:     ev/sec=42274.3   simsec/sec=0.126184   ev/simsec=335020
     Messages:  created: 32948545   present: 11922   in FES: 156
** Event #24593152   t=439.652202087083   Elapsed: 601.326s (10m 01s)  87% completed  (93% total)
     Speed:     ev/sec=44540.3   simsec/sec=0.134978   ev/simsec=329981
     Messages:  created: 33071507   present: 11889   in FES: 156
** Event #24687872   t=440.10505235803   Elapsed: 603.33s (10m 03s)  88% completed  (94% total)
     Speed:     ev/sec=47264.1   simsec/sec=0.225967   ev/simsec=209164
     Messages:  created: 33201254   present: 11861   in FES: 156
** Event #24774656   t=440.625506810551   Elapsed: 605.339s (10m 05s)  88% completed  (94% total)
     Speed:     ev/sec=43211.8   simsec/sec=0.259146   ev/simsec=166747
     Messages:  created: 33320150   present: 11844   in FES: 156
** Event #24857344   t=441.117435453622   Elapsed: 607.343s (10m 07s)  88% completed  (94% total)
     Speed:     ev/sec=41263.6   simsec/sec=0.245486   ev/simsec=168089
     Messages:  created: 33433214   present: 11983   in FES: 178
** Event #24931584   t=441.568948925907   Elapsed: 609.344s (10m 09s)  88% completed  (94% total)
     Speed:     ev/sec=37086   simsec/sec=0.22555   ev/simsec=164425
     Messages:  created: 33534946   present: 11918   in FES: 151
** Event #25024512   t=442.119392476563   Elapsed: 611.347s (10m 11s)  88% completed  (94% total)
     Speed:     ev/sec=46411.6   simsec/sec=0.274911   ev/simsec=168824
     Messages:  created: 33662071   present: 11830   in FES: 124
** Event #25109504   t=442.591545858005   Elapsed: 613.352s (10m 13s)  88% completed  (94% total)
     Speed:     ev/sec=42378.2   simsec/sec=0.235422   ev/simsec=180009
     Messages:  created: 33778766   present: 11976   in FES: 172
** Event #25209088   t=443.116713593264   Elapsed: 615.354s (10m 15s)  88% completed  (94% total)
     Speed:     ev/sec=49737.8   simsec/sec=0.262298   ev/simsec=189623
     Messages:  created: 33914722   present: 11936   in FES: 158
** Event #25312256   t=443.687935897454   Elapsed: 617.357s (10m 17s)  88% completed  (94% total)
     Speed:     ev/sec=51526.4   simsec/sec=0.285292   ev/simsec=180609
     Messages:  created: 34056401   present: 11943   in FES: 160
** Event #25406976   t=444.201601252451   Elapsed: 619.36s (10m 19s)  88% completed  (94% total)
     Speed:     ev/sec=47283.9   simsec/sec=0.25642   ev/simsec=184400
     Messages:  created: 34186201   present: 11967   in FES: 159
** Event #25510400   t=444.797319316693   Elapsed: 621.361s (10m 21s)  88% completed  (94% total)
     Speed:     ev/sec=51679.1   simsec/sec=0.297669   ev/simsec=173612
     Messages:  created: 34328337   present: 11975   in FES: 163
** Event #25610752   t=445.324039920202   Elapsed: 623.362s (10m 23s)  89% completed  (94% total)
     Speed:     ev/sec=50153.9   simsec/sec=0.263244   ev/simsec=190522
     Messages:  created: 34465544   present: 12046   in FES: 157
** Event #25697536   t=445.724252190167   Elapsed: 625.366s (10m 25s)  89% completed  (94% total)
     Speed:     ev/sec=43298.2   simsec/sec=0.199673   ev/simsec=216845
     Messages:  created: 34584994   present: 12039   in FES: 158
** Event #25788928   t=446.196212466977   Elapsed: 627.368s (10m 27s)  89% completed  (94% total)
     Speed:     ev/sec=45665.4   simsec/sec=0.235822   ev/simsec=193643
     Messages:  created: 34710037   present: 11978   in FES: 133
** Event #25873664   t=446.486461765492   Elapsed: 629.374s (10m 29s)  89% completed  (94% total)
     Speed:     ev/sec=42238.3   simsec/sec=0.144681   ev/simsec=291942
     Messages:  created: 34825994   present: 11855   in FES: 156
** Event #25978368   t=446.841307957806   Elapsed: 631.376s (10m 31s)  89% completed  (94% total)
     Speed:     ev/sec=52288.7   simsec/sec=0.177209   ev/simsec=295069
     Messages:  created: 34971056   present: 11850   in FES: 156
** Event #26085120   t=447.178393549154   Elapsed: 633.381s (10m 33s)  89% completed  (94% total)
     Speed:     ev/sec=53242.2   simsec/sec=0.16812   ev/simsec=316691
     Messages:  created: 35118088   present: 11956   in FES: 178
** Event #26181120   t=447.480955115293   Elapsed: 635.385s (10m 35s)  89% completed  (94% total)
     Speed:     ev/sec=47900.9   simsec/sec=0.150968   ev/simsec=317291
     Messages:  created: 35250404   present: 11905   in FES: 165
** Event #26267648   t=447.768314005109   Elapsed: 637.388s (10m 37s)  89% completed  (94% total)
     Speed:     ev/sec=43213.1   simsec/sec=0.14351   ev/simsec=301115
     Messages:  created: 35370011   present: 11897   in FES: 157
** Event #26338304   t=447.99814358204   Elapsed: 639.394s (10m 39s)  89% completed  (94% total)
     Speed:     ev/sec=35213.7   simsec/sec=0.114543   ev/simsec=307428
     Messages:  created: 35468174   present: 11906   in FES: 162
** Event #26423040   t=448.270147713272   Elapsed: 641.399s (10m 41s)  89% completed  (94% total)
     Speed:     ev/sec=42267.8   simsec/sec=0.13568   ev/simsec=311525
     Messages:  created: 35584478   present: 11827   in FES: 129
** Event #26517504   t=448.578049325175   Elapsed: 643.403s (10m 43s)  89% completed  (94% total)
     Speed:     ev/sec=47132.5   simsec/sec=0.153627   ev/simsec=306799
     Messages:  created: 35714730   present: 11931   in FES: 188
** Event #26622464   t=448.916285740598   Elapsed: 645.404s (10m 45s)  89% completed  (94% total)
     Speed:     ev/sec=52461.4   simsec/sec=0.169058   ev/simsec=310315
     Messages:  created: 35859916   present: 11898   in FES: 160
** Event #26705408   t=449.170100928328   Elapsed: 647.405s (10m 47s)  89% completed  (94% total)
     Speed:     ev/sec=41440.5   simsec/sec=0.126811   ev/simsec=326789
     Messages:  created: 35973738   present: 11860   in FES: 134
** Event #26778624   t=449.396421543285   Elapsed: 649.408s (10m 49s)  89% completed  (94% total)
     Speed:     ev/sec=36563.4   simsec/sec=0.113022   ev/simsec=323506
     Messages:  created: 36074804   present: 11914   in FES: 158
** Event #26859776   t=449.654228196285   Elapsed: 651.415s (10m 51s)  89% completed  (94% total)
     Speed:     ev/sec=40439.8   simsec/sec=0.128471   ev/simsec=314779
     Messages:  created: 36186731   present: 11902   in FES: 165
** Event #26953472   t=450.121818215901   Elapsed: 653.416s (10m 53s)  90% completed  (95% total)
     Speed:     ev/sec=46817.9   simsec/sec=0.233645   ev/simsec=200381
     Messages:  created: 36314911   present: 11801   in FES: 152
** Event #27057920   t=450.723450873929   Elapsed: 655.42s (10m 55s)  90% completed  (95% total)
     Speed:     ev/sec=52124.5   simsec/sec=0.300243   ev/simsec=173608
     Messages:  created: 36458243   present: 12010   in FES: 191
** Event #27162880   t=451.231614509463   Elapsed: 657.42s (10m 57s)  90% completed  (95% total)
     Speed:     ev/sec=52474.9   simsec/sec=0.254057   ev/simsec=206548
     Messages:  created: 36602000   present: 11924   in FES: 156
** Event #27266816   t=451.852930398728   Elapsed: 659.423s (10m 59s)  90% completed  (95% total)
     Speed:     ev/sec=51887.2   simsec/sec=0.310175   ev/simsec=167284
     Messages:  created: 36744782   present: 11923   in FES: 162
** Event #27364096   t=452.44408773676   Elapsed: 661.427s (11m 01s)  90% completed  (95% total)
     Speed:     ev/sec=48544.8   simsec/sec=0.295   ev/simsec=164559
     Messages:  created: 36877429   present: 11873   in FES: 144
** Event #27467008   t=453.056768810531   Elapsed: 663.43s (11m 03s)  90% completed  (95% total)
     Speed:     ev/sec=51371.6   simsec/sec=0.305838   ev/simsec=167970
     Messages:  created: 37018585   present: 11869   in FES: 128
** Event #27535616   t=453.459440073574   Elapsed: 665.433s (11m 05s)  90% completed  (95% total)
     Speed:     ev/sec=34261.9   simsec/sec=0.201088   ev/simsec=170382
     Messages:  created: 37112053   present: 11946   in FES: 160
** Event #27625216   t=454.021964724559   Elapsed: 667.437s (11m 07s)  90% completed  (95% total)
     Speed:     ev/sec=44698.7   simsec/sec=0.280626   ev/simsec=159282
     Messages:  created: 37235195   present: 11838   in FES: 134
** Event #27710208   t=454.487877505464   Elapsed: 669.441s (11m 09s)  90% completed  (95% total)
     Speed:     ev/sec=42405.5   simsec/sec=0.23246   ev/simsec=182420
     Messages:  created: 37350998   present: 11915   in FES: 140
** Event #27782912   t=454.965721296922   Elapsed: 671.446s (11m 11s)  90% completed  (95% total)
     Speed:     ev/sec=36267.6   simsec/sec=0.238367   ev/simsec=152150
     Messages:  created: 37451101   present: 12005   in FES: 158
** Event #27869184   t=455.46006852277   Elapsed: 673.45s (11m 13s)  91% completed  (95% total)
     Speed:     ev/sec=43046.3   simsec/sec=0.24666   ev/simsec=174517
     Messages:  created: 37568633   present: 12027   in FES: 161
** Event #27945216   t=455.794356825244   Elapsed: 675.454s (11m 15s)  91% completed  (95% total)
     Speed:     ev/sec=37954.3   simsec/sec=0.166873   ev/simsec=227444
     Messages:  created: 37673608   present: 12041   in FES: 160
** Event #28021504   t=456.10779765754   Elapsed: 677.457s (11m 17s)  91% completed  (95% total)
     Speed:     ev/sec=38076.7   simsec/sec=0.156444   ev/simsec=243389
     Messages:  created: 37778364   present: 11972   in FES: 155
** Event #28109824   t=456.699436045921   Elapsed: 679.46s (11m 19s)  91% completed  (95% total)
     Speed:     ev/sec=44096.9   simsec/sec=0.295397   ev/simsec=149280
     Messages:  created: 37899299   present: 12023   in FES: 155
** Event #28207872   t=457.303154627705   Elapsed: 681.46s (11m 21s)  91% completed  (95% total)
     Speed:     ev/sec=49021.5   simsec/sec=0.301844   ev/simsec=162407
     Messages:  created: 38033171   present: 12109   in FES: 186
** Event #28285952   t=457.79679697512   Elapsed: 683.467s (11m 23s)  91% completed  (95% total)
     Speed:     ev/sec=38913.4   simsec/sec=0.246021   ev/simsec=158171
     Messages:  created: 38140397   present: 12032   in FES: 155
** Event #28370176   t=458.299271870172   Elapsed: 685.471s (11m 25s)  91% completed  (95% total)
     Speed:     ev/sec=42016.7   simsec/sec=0.250669   ev/simsec=167618
     Messages:  created: 38255353   present: 11990   in FES: 127
** Event #28445184   t=458.732829542009   Elapsed: 687.474s (11m 27s)  91% completed  (95% total)
     Speed:     ev/sec=37452.3   simsec/sec=0.21648   ev/simsec=173006
     Messages:  created: 38358534   present: 12097   in FES: 157
** Event #28536576   t=459.318404139267   Elapsed: 689.476s (11m 29s)  91% completed  (95% total)
     Speed:     ev/sec=45647.8   simsec/sec=0.292478   ev/simsec=156072
     Messages:  created: 38483501   present: 12035   in FES: 131
** Event #28633088   t=459.959133400532   Elapsed: 691.481s (11m 31s)  91% completed  (95% total)
     Speed:     ev/sec=48146.2   simsec/sec=0.319636   ev/simsec=150628
     Messages:  created: 38616315   present: 12126   in FES: 157
** Event #28743168   t=460.597440235736   Elapsed: 693.481s (11m 33s)  92% completed  (96% total)
     Speed:     ev/sec=55025.2   simsec/sec=0.319068   ev/simsec=172456
     Messages:  created: 38766854   present: 12094   in FES: 147
** Event #28828160   t=461.180447106179   Elapsed: 695.482s (11m 35s)  92% completed  (96% total)
     Speed:     ev/sec=42474.6   simsec/sec=0.291356   ev/simsec=145782
     Messages:  created: 38882958   present: 12096   in FES: 154
** Event #28925952   t=461.824588375259   Elapsed: 697.486s (11m 37s)  92% completed  (96% total)
     Speed:     ev/sec=48807.7   simsec/sec=0.321489   ev/simsec=151818
     Messages:  created: 39017398   present: 12248   in FES: 193
** Event #29029120   t=462.567022130931   Elapsed: 699.489s (11m 39s)  92% completed  (96% total)
     Speed:     ev/sec=51495.4   simsec/sec=0.370579   ev/simsec=138959
     Messages:  created: 39158222   present: 12164   in FES: 154
** Event #29124352   t=463.287099380806   Elapsed: 701.493s (11m 41s)  92% completed  (96% total)
     Speed:     ev/sec=47523.6   simsec/sec=0.35934   ev/simsec=132252
     Messages:  created: 39288247   present: 12075   in FES: 131
** Event #29208832   t=463.942666965232   Elapsed: 703.494s (11m 43s)  92% completed  (96% total)
     Speed:     ev/sec=42228.2   simsec/sec=0.327692   ev/simsec=128865
     Messages:  created: 39404391   present: 12203   in FES: 157
** Event #29296384   t=464.566603781901   Elapsed: 705.498s (11m 45s)  92% completed  (96% total)
     Speed:     ev/sec=43682.2   simsec/sec=0.3113   ev/simsec=140322
     Messages:  created: 39523822   present: 12247   in FES: 158
** Event #29398016   t=465.435768712421   Elapsed: 707.502s (11m 47s)  93% completed  (96% total)
     Speed:     ev/sec=50705.6   simsec/sec=0.433638   ev/simsec=116931
     Messages:  created: 39662243   present: 12179   in FES: 134
** Event #29471744   t=465.96589040883   Elapsed: 709.503s (11m 49s)  93% completed  (96% total)
     Speed:     ev/sec=36853.3   simsec/sec=0.264984   ev/simsec=139077
     Messages:  created: 39763991   present: 12321   in FES: 160
** Event #29561088   t=466.698958838784   Elapsed: 711.506s (11m 51s)  93% completed  (96% total)
     Speed:     ev/sec=44593.8   simsec/sec=0.365893   ev/simsec=121877
     Messages:  created: 39885585   present: 12409   in FES: 188
** Event #29650432   t=467.440919710763   Elapsed: 713.511s (11m 53s)  93% completed  (96% total)
     Speed:     ev/sec=44575.9   simsec/sec=0.370183   ev/simsec=120416
     Messages:  created: 40007115   present: 12303   in FES: 152
** Event #29748224   t=468.446677218555   Elapsed: 715.515s (11m 55s)  93% completed  (96% total)
     Speed:     ev/sec=48786.1   simsec/sec=0.501748   ev/simsec=97232.2
     Messages:  created: 40140067   present: 12284   in FES: 136
** Event #29822976   t=469.380384377446   Elapsed: 717.519s (11m 57s)  93% completed  (96% total)
     Speed:     ev/sec=37312.8   simsec/sec=0.466064   ev/simsec=80059.4
     Messages:  created: 40241095   present: 12309   in FES: 154
** Event #29902848   t=470.925733525836   Elapsed: 719.52s (11m 59s)  94% completed  (97% total)
     Speed:     ev/sec=39901.9   simsec/sec=0.772014   ev/simsec=51685.4
     Messages:  created: 40348127   present: 12337   in FES: 157
** Event #29973760   t=472.551482652502   Elapsed: 721.525s (12m 01s)  94% completed  (97% total)
     Speed:     ev/sec=35368.3   simsec/sec=0.810863   ev/simsec=43618
     Messages:  created: 40440433   present: 12405   in FES: 158
** Event #30037504   t=474.183300709831   Elapsed: 723.531s (12m 03s)  94% completed  (97% total)
     Speed:     ev/sec=31786.9   simsec/sec=0.813731   ev/simsec=39063.2
     Messages:  created: 40523654   present: 12424   in FES: 145
** Event #30119168   t=476.286150142765   Elapsed: 725.534s (12m 05s)  95% completed  (97% total)
     Speed:     ev/sec=40763.9   simsec/sec=1.04967   ev/simsec=38834.9
     Messages:  created: 40629926   present: 12521   in FES: 154
** Event #30228480   t=479.164137777731   Elapsed: 727.543s (12m 07s)  95% completed  (97% total)
     Speed:     ev/sec=54415.5   simsec/sec=1.43266   ev/simsec=37982.1
     Messages:  created: 40771875   present: 12586   in FES: 136
** Event #30326528   t=481.833817228329   Elapsed: 729.546s (12m 09s)  96% completed  (98% total)
     Speed:     ev/sec=48943.7   simsec/sec=1.33265   ev/simsec=36726.5
     Messages:  created: 40900226   present: 12673   in FES: 144
** Event #30410240   t=484.335247511512   Elapsed: 731.552s (12m 11s)  96% completed  (98% total)
     Speed:     ev/sec=41724   simsec/sec=1.24677   ev/simsec=33465.7
     Messages:  created: 41009100   present: 12808   in FES: 154
** Event #30488064   t=485.964801084509   Elapsed: 733.563s (12m 13s)  97% completed  (98% total)
     Speed:     ev/sec=38700.6   simsec/sec=0.810349   ev/simsec=47757.9
     Messages:  created: 41113203   present: 12804   in FES: 126
** Event #30589696   t=486.722970504214   Elapsed: 735.568s (12m 15s)  97% completed  (98% total)
     Speed:     ev/sec=50694.1   simsec/sec=0.378175   ev/simsec=134049
     Messages:  created: 41249391   present: 11940   in FES: 154
** Event #30673920   t=487.431560473736   Elapsed: 737.574s (12m 17s)  97% completed  (98% total)
     Speed:     ev/sec=41997.5   simsec/sec=0.353331   ev/simsec=118861
     Messages:  created: 41364332   present: 11913   in FES: 155
** Event #30767872   t=488.679555310664   Elapsed: 739.577s (12m 19s)  97% completed  (98% total)
     Speed:     ev/sec=46883.6   simsec/sec=0.622771   ev/simsec=75282.4
     Messages:  created: 41491395   present: 11955   in FES: 156
** Event #30873600   t=490.138571864045   Elapsed: 741.582s (12m 21s)  98% completed  (99% total)
     Speed:     ev/sec=52753.8   simsec/sec=0.727988   ev/simsec=72465.3
     Messages:  created: 41633693   present: 11994   in FES: 155
** Event #30966016   t=491.390965732762   Elapsed: 743.585s (12m 23s)  98% completed  (99% total)
     Speed:     ev/sec=46121.3   simsec/sec=0.625022   ev/simsec=73791.5
     Messages:  created: 41758529   present: 12045   in FES: 146
** Event #31061248   t=492.671827112781   Elapsed: 745.589s (12m 25s)  98% completed  (99% total)
     Speed:     ev/sec=47533.6   simsec/sec=0.639323   ev/simsec=74350
     Messages:  created: 41887371   present: 12110   in FES: 160
** Event #31150848   t=494.971240955839   Elapsed: 747.591s (12m 27s)  98% completed  (99% total)
     Speed:     ev/sec=44758.9   simsec/sec=1.14865   ev/simsec=38966.5
     Messages:  created: 42005474   present: 12093   in FES: 132
** Event #31261184   t=495.569803183551   Elapsed: 749.595s (12m 29s)  99% completed  (99% total)
     Speed:     ev/sec=55042.9   simsec/sec=0.298602   ev/simsec=184335
     Messages:  created: 42153890   present: 11286   in FES: 158
** Event #31353600   t=496.575756025287   Elapsed: 751.598s (12m 31s)  99% completed  (99% total)
     Speed:     ev/sec=46141.1   simsec/sec=0.502249   ev/simsec=91869.1
     Messages:  created: 42279373   present: 11303   in FES: 155
** Event #31451136   t=498.697816586102   Elapsed: 753.601s (12m 33s)  99% completed  (99% total)
     Speed:     ev/sec=48708.4   simsec/sec=1.05973   ev/simsec=45962.9
     Messages:  created: 42408021   present: 11418   in FES: 157
** Event #31556096   t=499.05586652266   Elapsed: 755.601s (12m 35s)  99% completed  (99% total)
     Speed:     ev/sec=52460.4   simsec/sec=0.178958   ev/simsec=293143
     Messages:  created: 42552890   present: 11377   in FES: 156
** Event #31663104   t=499.869084392768   Elapsed: 757.602s (12m 37s)  99% completed  (99% total)
     Speed:     ev/sec=53481.3   simsec/sec=0.406437   ev/simsec=131586
     Messages:  created: 42699305   present: 11439   in FES: 156
** Event #31676718   t=500   Elapsed: 757.851s (12m 37s)  100% completed  (100% total)
     Speed:     ev/sec=54753.6   simsec/sec=0.526563   ev/simsec=103983
     Messages:  created: 42717953   present: 11299   in FES: 125

<!> Simulation time limit reached -- at t=500s, event #31676718
undisposed object: (omnetpp::cMessage) FanetReconNetwork.groundStation.app.debugTimer -- check module destructor
undisposed object: (omnetpp::cMessage) FanetReconNetwork.uav[0].app.debugTimer -- check module destructor
undisposed object: (omnetpp::cMessage) FanetReconNetwork.uav[1].app.debugTimer -- check module destructor
undisposed object: (omnetpp::cMessage) FanetReconNetwork.uav[2].app.debugTimer -- check module destructor
undisposed object: (omnetpp::cMessage) FanetReconNetwork.uav[3].app.debugTimer -- check module destructor
undisposed object: (omnetpp::cMessage) FanetReconNetwork.uav[4].app.debugTimer -- check module destructor
undisposed object: (omnetpp::cMessage) FanetReconNetwork.uav[5].app.debugTimer -- check module destructor
undisposed object: (omnetpp::cMessage) FanetReconNetwork.uav[6].app.debugTimer -- check module destructor
undisposed object: (omnetpp::cMessage) FanetReconNetwork.uav[7].app.debugTimer -- check module destructor
undisposed object: (omnetpp::cMessage) FanetReconNetwork.uav[8].app.debugTimer -- check module destructor
undisposed object: (omnetpp::cMessage) FanetReconNetwork.uav[9].app.debugTimer -- check module destructor
undisposed object: (omnetpp::cMessage) FanetReconNetwork.uav[10].app.debugTimer -- check module destructor
undisposed object: (omnetpp::cMessage) FanetReconNetwork.uav[11].app.debugTimer -- check module destructor
undisposed object: (omnetpp::cMessage) FanetReconNetwork.uav[12].app.debugTimer -- check module destructor
undisposed object: (omnetpp::cMessage) FanetReconNetwork.uav[13].app.debugTimer -- check module destructor
undisposed object: (omnetpp::cMessage) FanetReconNetwork.uav[14].app.debugTimer -- check module destructor
undisposed object: (omnetpp::cMessage) FanetReconNetwork.uav[15].app.debugTimer -- check module destructor
undisposed object: (omnetpp::cMessage) FanetReconNetwork.uav[16].app.debugTimer -- check module destructor
undisposed object: (omnetpp::cMessage) FanetReconNetwork.uav[17].app.debugTimer -- check module destructor
undisposed object: (omnetpp::cMessage) FanetReconNetwork.uav[18].app.debugTimer -- check module destructor
undisposed object: (omnetpp::cMessage) FanetReconNetwork.uav[19].app.debugTimer -- check module destructor
undisposed object: (omnetpp::cMessage) FanetReconNetwork.uav[20].app.debugTimer -- check module destructor
undisposed object: (omnetpp::cMessage) FanetReconNetwork.uav[21].app.debugTimer -- check module destructor
undisposed object: (omnetpp::cMessage) FanetReconNetwork.uav[22].app.debugTimer -- check module destructor
undisposed object: (omnetpp::cMessage) FanetReconNetwork.uav[23].app.debugTimer -- check module destructor
undisposed object: (omnetpp::cMessage) FanetReconNetwork.uav[24].app.debugTimer -- check module destructor
undisposed object: (omnetpp::cMessage) FanetReconNetwork.uav[25].app.debugTimer -- check module destructor
undisposed object: (omnetpp::cMessage) FanetReconNetwork.uav[26].app.debugTimer -- check module destructor
undisposed object: (omnetpp::cMessage) FanetReconNetwork.uav[27].app.debugTimer -- check module destructor
undisposed object: (omnetpp::cMessage) FanetReconNetwork.uav[28].app.debugTimer -- check module destructor
undisposed object: (omnetpp::cMessage) FanetReconNetwork.uav[29].app.debugTimer -- check module destructor
