** Event #0   t=0   Elapsed: 1.4e-05s (0m 00s)  0% completed  (0% total)
     Speed:     ev/sec=0   simsec/sec=0   ev/simsec=0
     Messages:  created: 1178   present: 1178   in FES: 186
** Event #103936   t=18.069066936238   Elapsed: 2.00329s (0m 02s)  3% completed  (1% total)
     Speed:     ev/sec=51883.4   simsec/sec=9.01974   ev/simsec=5752.21
     Messages:  created: 112938   present: 1181   in FES: 142
** Event #208384   t=35.437480201311   Elapsed: 4.00692s (0m 04s)  7% completed  (3% total)
     Speed:     ev/sec=52129.3   simsec/sec=8.66845   ev/simsec=6013.68
     Messages:  created: 225602   present: 1136   in FES: 129
** Event #313088   t=53.056976296348   Elapsed: 6.0109s (0m 06s)  10% completed  (5% total)
     Speed:     ev/sec=52248.2   simsec/sec=8.79229   ev/simsec=5942.51
     Messages:  created: 337956   present: 1199   in FES: 150
** Event #394752   t=66.265578252157   Elapsed: 8.02013s (0m 08s)  13% completed  (6% total)
     Speed:     ev/sec=40644.5   simsec/sec=6.57398   ev/simsec=6182.64
     Messages:  created: 425084   present: 1196   in FES: 149
** Event #452096   t=76.043305593167   Elapsed: 10.0213s (0m 10s)  15% completed  (7% total)
     Speed:     ev/sec=28655.3   simsec/sec=4.88601   ev/simsec=5864.76
     Messages:  created: 486488   present: 1163   in FES: 134
** Event #510208   t=85.9   Elapsed: 12.022s (0m 12s)  17% completed  (8% total)
     Speed:     ev/sec=29045.7   simsec/sec=4.9266   ev/simsec=5895.69
     Messages:  created: 548730   present: 1116   in FES: 122
** Event #571648   t=96.022480034009   Elapsed: 14.0243s (0m 14s)  19% completed  (9% total)
     Speed:     ev/sec=30685.2   simsec/sec=5.05551   ev/simsec=6069.66
     Messages:  created: 614361   present: 1202   in FES: 154
** Event #637440   t=100.847243248958   Elapsed: 16.0279s (0m 16s)  20% completed  (10% total)
     Speed:     ev/sec=32837.1   simsec/sec=2.40806   ev/simsec=13636.3
     Messages:  created: 695552   present: 1233   in FES: 174
** Event #709632   t=102.271892061622   Elapsed: 18.03s (0m 18s)  20% completed  (10% total)
     Speed:     ev/sec=36057   simsec/sec=0.711556   ev/simsec=50673.5
     Messages:  created: 791533   present: 1275   in FES: 136
** Event #786688   t=104.007094284403   Elapsed: 20.0308s (0m 20s)  20% completed  (10% total)
     Speed:     ev/sec=38513.6   simsec/sec=0.867276   ev/simsec=44407.5
     Messages:  created: 894732   present: 1273   in FES: 125
** Event #860672   t=105.470005447625   Elapsed: 22.0368s (0m 22s)  21% completed  (10% total)
     Speed:     ev/sec=36880.8   simsec/sec=0.729257   ev/simsec=50573.1
     Messages:  created: 993263   present: 1343   in FES: 134
** Event #934144   t=107.039367476667   Elapsed: 24.0394s (0m 24s)  21% completed  (10% total)
     Speed:     ev/sec=36687.7   simsec/sec=0.783649   ev/simsec=46816.5
     Messages:  created: 1091211   present: 1498   in FES: 155
** Event #987392   t=108.122321262614   Elapsed: 26.0463s (0m 26s)  21% completed  (10% total)
     Speed:     ev/sec=26533.1   simsec/sec=0.539628   ev/simsec=49169.2
     Messages:  created: 1161326   present: 1497   in FES: 160
** Event #1051392   t=109.431263955643   Elapsed: 28.0534s (0m 28s)  21% completed  (10% total)
     Speed:     ev/sec=31886   simsec/sec=0.65214   ev/simsec=48894.4
     Messages:  created: 1246120   present: 1575   in FES: 162
** Event #1123072   t=111.014965572611   Elapsed: 30.0605s (0m 30s)  22% completed  (11% total)
     Speed:     ev/sec=35714.3   simsec/sec=0.789074   ev/simsec=45261.1
     Messages:  created: 1341179   present: 1639   in FES: 157
** Event #1189120   t=112.279697182984   Elapsed: 32.0628s (0m 32s)  22% completed  (11% total)
     Speed:     ev/sec=32986   simsec/sec=0.631638   ev/simsec=52222.9
     Messages:  created: 1428758   present: 1660   in FES: 142
** Event #1264896   t=114.023823487004   Elapsed: 34.069s (0m 34s)  22% completed  (11% total)
     Speed:     ev/sec=37770.2   simsec/sec=0.869352   ev/simsec=43446.4
     Messages:  created: 1529425   present: 1717   in FES: 153
** Event #1329408   t=115.352336682593   Elapsed: 36.1297s (0m 36s)  23% completed  (11% total)
     Speed:     ev/sec=31305.8   simsec/sec=0.644688   ev/simsec=48559.5
     Messages:  created: 1614222   present: 1680   in FES: 124
** Event #1405184   t=117.066464120954   Elapsed: 38.1306s (0m 38s)  23% completed  (11% total)
     Speed:     ev/sec=37872.2   simsec/sec=0.856706   ev/simsec=44206.7
     Messages:  created: 1714411   present: 1842   in FES: 156
** Event #1475840   t=118.570827570043   Elapsed: 40.1334s (0m 40s)  23% completed  (11% total)
     Speed:     ev/sec=35278.2   simsec/sec=0.751122   ev/simsec=46967.4
     Messages:  created: 1807132   present: 1884   in FES: 145
** Event #1545728   t=120.097386474965   Elapsed: 42.1342s (0m 42s)  24% completed  (12% total)
     Speed:     ev/sec=34929.2   simsec/sec=0.762956   ev/simsec=45781.4
     Messages:  created: 1898797   present: 1928   in FES: 155
** Event #1618688   t=121.673183020925   Elapsed: 44.137s (0m 44s)  24% completed  (12% total)
     Speed:     ev/sec=36429.5   simsec/sec=0.786807   ev/simsec=46300.4
     Messages:  created: 1994784   present: 1917   in FES: 125
** Event #1685760   t=123.08608704022   Elapsed: 46.1372s (0m 46s)  24% completed  (12% total)
     Speed:     ev/sec=33532   simsec/sec=0.706368   ev/simsec=47471
     Messages:  created: 2083004   present: 2026   in FES: 152
** Event #1748736   t=124.440177074505   Elapsed: 48.1398s (0m 48s)  24% completed  (12% total)
     Speed:     ev/sec=31448.1   simsec/sec=0.676188   ev/simsec=46508
     Messages:  created: 2165416   present: 2085   in FES: 154
** Event #1821952   t=126.067429438004   Elapsed: 50.1423s (0m 50s)  25% completed  (12% total)
     Speed:     ev/sec=36562   simsec/sec=0.812605   ev/simsec=44993.6
     Messages:  created: 2261789   present: 2128   in FES: 138
** Event #1895936   t=127.647582134513   Elapsed: 52.1429s (0m 52s)  25% completed  (12% total)
     Speed:     ev/sec=36980.5   simsec/sec=0.78983   ev/simsec=46820.8
     Messages:  created: 2358876   present: 2226   in FES: 162
** Event #1966848   t=129.16516039895   Elapsed: 54.1456s (0m 54s)  25% completed  (12% total)
     Speed:     ev/sec=35408.5   simsec/sec=0.757773   ev/simsec=46727.1
     Messages:  created: 2451708   present: 2203   in FES: 138
** Event #2036736   t=130.680692472373   Elapsed: 56.1482s (0m 56s)  26% completed  (13% total)
     Speed:     ev/sec=34897.8   simsec/sec=0.756765   ev/simsec=46114.5
     Messages:  created: 2543782   present: 2331   in FES: 157
** Event #2098688   t=132.061710154428   Elapsed: 58.1483s (0m 58s)  26% completed  (13% total)
     Speed:     ev/sec=30975.7   simsec/sec=0.690503   ev/simsec=44859.7
     Messages:  created: 2625089   present: 2335   in FES: 144
** Event #2167296   t=133.558721483555   Elapsed: 60.1499s (1m 00s)  26% completed  (13% total)
     Speed:     ev/sec=34275.6   simsec/sec=0.747886   ev/simsec=45830
     Messages:  created: 2714831   present: 2441   in FES: 156
** Event #2244352   t=135.318083472608   Elapsed: 62.1555s (1m 02s)  27% completed  (13% total)
     Speed:     ev/sec=38419.8   simsec/sec=0.877211   ev/simsec=43797.7
     Messages:  created: 2815567   present: 2498   in FES: 154
** Event #2320640   t=137.099202658393   Elapsed: 64.1572s (1m 04s)  27% completed  (13% total)
     Speed:     ev/sec=38111.6   simsec/sec=0.889803   ev/simsec=42831.5
     Messages:  created: 2915474   present: 2564   in FES: 153
** Event #2390272   t=138.730220614935   Elapsed: 66.1573s (1m 06s)  27% completed  (13% total)
     Speed:     ev/sec=34815.2   simsec/sec=0.81549   ev/simsec=42692.4
     Messages:  created: 3006818   present: 2603   in FES: 155
** Event #2461440   t=140.291224710394   Elapsed: 68.1597s (1m 08s)  28% completed  (14% total)
     Speed:     ev/sec=35541.7   simsec/sec=0.779574   ev/simsec=45591.2
     Messages:  created: 3099917   present: 2659   in FES: 156
** Event #2522368   t=141.622324757224   Elapsed: 70.1642s (1m 10s)  28% completed  (14% total)
     Speed:     ev/sec=30394.6   simsec/sec=0.664033   ev/simsec=45772.7
     Messages:  created: 3179950   present: 2727   in FES: 162
** Event #2591488   t=143.119865426377   Elapsed: 72.1661s (1m 12s)  28% completed  (14% total)
     Speed:     ev/sec=34527.5   simsec/sec=0.748066   ev/simsec=46155.7
     Messages:  created: 3270307   present: 2705   in FES: 129
** Event #2661888   t=144.652619303174   Elapsed: 74.1785s (1m 14s)  28% completed  (14% total)
     Speed:     ev/sec=34982.7   simsec/sec=0.761645   ev/simsec=45930.4
     Messages:  created: 3362577   present: 2846   in FES: 156
** Event #2734592   t=146.246650052383   Elapsed: 76.1859s (1m 16s)  29% completed  (14% total)
     Speed:     ev/sec=36219.1   simsec/sec=0.794101   ev/simsec=45610.2
     Messages:  created: 3457383   present: 2871   in FES: 155
** Event #2802688   t=147.781079281884   Elapsed: 78.1929s (1m 18s)  29% completed  (14% total)
     Speed:     ev/sec=33929.3   simsec/sec=0.764541   ev/simsec=44378.7
     Messages:  created: 3546674   present: 2945   in FES: 160
** Event #2862592   t=149.063676275385   Elapsed: 80.1987s (1m 20s)  29% completed  (14% total)
     Speed:     ev/sec=29865.8   simsec/sec=0.639453   ev/simsec=46705.2
     Messages:  created: 3624885   present: 2986   in FES: 158
** Event #2930688   t=150.523236349466   Elapsed: 82.2054s (1m 22s)  30% completed  (15% total)
     Speed:     ev/sec=33932.7   simsec/sec=0.72731   ev/simsec=46655.2
     Messages:  created: 3713445   present: 3002   in FES: 147
** Event #2996736   t=152.042678189368   Elapsed: 84.2099s (1m 24s)  30% completed  (15% total)
     Speed:     ev/sec=32951.2   simsec/sec=0.758046   ev/simsec=43468.6
     Messages:  created: 3799717   present: 3103   in FES: 157
** Event #3067136   t=153.473420255387   Elapsed: 86.2152s (1m 26s)  30% completed  (15% total)
     Speed:     ev/sec=35105.5   simsec/sec=0.713451   ev/simsec=49205.2
     Messages:  created: 3891546   present: 3107   in FES: 148
** Event #3141632   t=155.152936897075   Elapsed: 88.2218s (1m 28s)  31% completed  (15% total)
     Speed:     ev/sec=37125.8   simsec/sec=0.837002   ev/simsec=44355.6
     Messages:  created: 3988830   present: 3215   in FES: 165
** Event #3213568   t=156.855537171639   Elapsed: 90.2261s (1m 30s)  31% completed  (15% total)
     Speed:     ev/sec=35891.9   simsec/sec=0.849498   ev/simsec=42250.7
     Messages:  created: 4082960   present: 3271   in FES: 154
** Event #3272960   t=158.239247937763   Elapsed: 92.2266s (1m 32s)  31% completed  (15% total)
     Speed:     ev/sec=29688.6   simsec/sec=0.691682   ev/simsec=42922.3
     Messages:  created: 4159708   present: 3255   in FES: 133
** Event #3344384   t=160.035756569611   Elapsed: 94.2318s (1m 34s)  32% completed  (16% total)
     Speed:     ev/sec=35619.3   simsec/sec=0.895922   ev/simsec=39757.1
     Messages:  created: 4252869   present: 3417   in FES: 152
** Event #3412992   t=161.762481890157   Elapsed: 96.2356s (1m 36s)  32% completed  (16% total)
     Speed:     ev/sec=34238.9   simsec/sec=0.861723   ev/simsec=39733
     Messages:  created: 4342236   present: 3598   in FES: 185
** Event #3484416   t=163.535051430452   Elapsed: 98.2392s (1m 38s)  32% completed  (16% total)
     Speed:     ev/sec=35648.4   simsec/sec=0.884706   ev/simsec=40294
     Messages:  created: 4435073   present: 3557   in FES: 156
** Event #3552512   t=165.311662874326   Elapsed: 100.239s (1m 40s)  33% completed  (16% total)
     Speed:     ev/sec=34046.8   simsec/sec=0.888276   ev/simsec=38329.1
     Messages:  created: 4523334   present: 3655   in FES: 156
** Event #3617024   t=167.030056620687   Elapsed: 102.297s (1m 42s)  33% completed  (16% total)
     Speed:     ev/sec=31346.5   simsec/sec=0.834969   ev/simsec=37542
     Messages:  created: 4607635   present: 3721   in FES: 155
** Event #3691776   t=169.002932856425   Elapsed: 104.299s (1m 44s)  33% completed  (16% total)
     Speed:     ev/sec=37338.2   simsec/sec=0.985441   ev/simsec=37889.9
     Messages:  created: 4704819   present: 3723   in FES: 128
** Event #3764224   t=170.781094840108   Elapsed: 106.302s (1m 46s)  34% completed  (17% total)
     Speed:     ev/sec=36182.4   simsec/sec=0.88806   ev/simsec=40743.2
     Messages:  created: 4799155   present: 3886   in FES: 160
** Event #3836160   t=172.611508220244   Elapsed: 108.303s (1m 48s)  34% completed  (17% total)
     Speed:     ev/sec=35942.4   simsec/sec=0.914556   ev/simsec=39300.4
     Messages:  created: 4892469   present: 3928   in FES: 155
** Event #3907584   t=174.393171074833   Elapsed: 110.31s (1m 50s)  34% completed  (17% total)
     Speed:     ev/sec=35584.2   simsec/sec=0.887643   ev/simsec=40088.4
     Messages:  created: 4985413   present: 4020   in FES: 155
** Event #3980032   t=176.171019894398   Elapsed: 112.318s (1m 52s)  35% completed  (17% total)
     Speed:     ev/sec=36077.6   simsec/sec=0.885331   ev/simsec=40750.4
     Messages:  created: 5079606   present: 4079   in FES: 155
** Event #4040704   t=177.795269613075   Elapsed: 114.322s (1m 54s)  35% completed  (17% total)
     Speed:     ev/sec=30285.1   simsec/sec=0.810762   ev/simsec=37353.9
     Messages:  created: 5158703   present: 4095   in FES: 130
** Event #4113152   t=179.529964009815   Elapsed: 116.324s (1m 56s)  35% completed  (17% total)
     Speed:     ev/sec=36182.7   simsec/sec=0.866358   ev/simsec=41764.1
     Messages:  created: 5252704   present: 4258   in FES: 158
** Event #4184576   t=181.318265977781   Elapsed: 118.326s (1m 58s)  36% completed  (18% total)
     Speed:     ev/sec=35682.3   simsec/sec=0.893408   ev/simsec=39939.6
     Messages:  created: 5345455   present: 4245   in FES: 128
** Event #4259840   t=183.152821139688   Elapsed: 120.332s (2m 00s)  36% completed  (18% total)
     Speed:     ev/sec=37511   simsec/sec=0.914328   ev/simsec=41025.7
     Messages:  created: 5443458   present: 4421   in FES: 156
** Event #4334080   t=185.026131863401   Elapsed: 122.334s (2m 02s)  37% completed  (18% total)
     Speed:     ev/sec=37090.8   simsec/sec=0.935918   ev/simsec=39630.4
     Messages:  created: 5540396   present: 4431   in FES: 145
** Event #4396544   t=186.468545230297   Elapsed: 124.338s (2m 04s)  37% completed  (18% total)
     Speed:     ev/sec=31167.7   simsec/sec=0.719721   ev/simsec=43305.2
     Messages:  created: 5621190   present: 4525   in FES: 154
** Event #4468992   t=188.218777271167   Elapsed: 126.341s (2m 06s)  37% completed  (18% total)
     Speed:     ev/sec=36169.9   simsec/sec=0.873808   ev/simsec=41393.4
     Messages:  created: 5715517   present: 4595   in FES: 160
** Event #4539136   t=189.945349791594   Elapsed: 128.347s (2m 08s)  37% completed  (18% total)
     Speed:     ev/sec=34966.2   simsec/sec=0.860682   ev/simsec=40626.2
     Messages:  created: 5807224   present: 4652   in FES: 154
** Event #4615680   t=191.781074595616   Elapsed: 130.353s (2m 10s)  38% completed  (19% total)
     Speed:     ev/sec=38161.9   simsec/sec=0.915223   ev/simsec=41696.9
     Messages:  created: 5906546   present: 4829   in FES: 187
** Event #4687872   t=193.446149374659   Elapsed: 132.357s (2m 12s)  38% completed  (19% total)
     Speed:     ev/sec=36018.4   simsec/sec=0.830747   ev/simsec=43356.6
     Messages:  created: 6000252   present: 4723   in FES: 137
** Event #4750080   t=195.031082074243   Elapsed: 134.363s (2m 14s)  39% completed  (19% total)
     Speed:     ev/sec=31015.1   simsec/sec=0.790202   ev/simsec=39249.6
     Messages:  created: 6081548   present: 4798   in FES: 140
** Event #4821760   t=196.7986503661   Elapsed: 136.363s (2m 16s)  39% completed  (19% total)
     Speed:     ev/sec=35829.3   simsec/sec=0.883521   ev/simsec=40552.9
     Messages:  created: 6174719   present: 4844   in FES: 139
** Event #4895232   t=198.613213477424   Elapsed: 138.368s (2m 18s)  39% completed  (19% total)
     Speed:     ev/sec=36644.6   simsec/sec=0.905025   ev/simsec=40490.2
     Messages:  created: 6270064   present: 4903   in FES: 126
** Event #4968960   t=200.456931650167   Elapsed: 140.372s (2m 20s)  40% completed  (20% total)
     Speed:     ev/sec=36803.3   simsec/sec=0.92034   ev/simsec=39988.8
     Messages:  created: 6365724   present: 4976   in FES: 126
** Event #5039360   t=202.239697809189   Elapsed: 142.372s (2m 22s)  40% completed  (20% total)
     Speed:     ev/sec=35195.8   simsec/sec=0.891277   ev/simsec=39489.2
     Messages:  created: 6457081   present: 5141   in FES: 157
** Event #5109504   t=204.043614585714   Elapsed: 144.377s (2m 24s)  40% completed  (20% total)
     Speed:     ev/sec=34980.6   simsec/sec=0.899607   ev/simsec=38884.3
     Messages:  created: 6548319   present: 5149   in FES: 140
** Event #5171968   t=205.601556697777   Elapsed: 146.38s (2m 26s)  41% completed  (20% total)
     Speed:     ev/sec=31188.9   simsec/sec=0.777897   ev/simsec=40093.9
     Messages:  created: 6629565   present: 5308   in FES: 168
** Event #5243136   t=207.369878472552   Elapsed: 148.381s (2m 28s)  41% completed  (20% total)
     Speed:     ev/sec=35563.2   simsec/sec=0.883644   ev/simsec=40246.1
     Messages:  created: 6721787   present: 5353   in FES: 156
** Event #5314560   t=209.152159880056   Elapsed: 150.381s (2m 30s)  41% completed  (20% total)
     Speed:     ev/sec=35706.6   simsec/sec=0.891007   ev/simsec=40074.5
     Messages:  created: 6814565   present: 5401   in FES: 163
** Event #5385472   t=211.021935513907   Elapsed: 152.389s (2m 32s)  42% completed  (21% total)
     Speed:     ev/sec=35317.9   simsec/sec=0.931245   ev/simsec=37925.4
     Messages:  created: 6907126   present: 5482   in FES: 154
** Event #5455616   t=212.797250615173   Elapsed: 154.39s (2m 34s)  42% completed  (21% total)
     Speed:     ev/sec=35056   simsec/sec=0.887253   ev/simsec=39510.7
     Messages:  created: 6998133   present: 5496   in FES: 141
** Event #5521664   t=214.40393665503   Elapsed: 156.393s (2m 36s)  42% completed  (21% total)
     Speed:     ev/sec=32971.9   simsec/sec=0.802075   ev/simsec=41108.2
     Messages:  created: 7083663   present: 5601   in FES: 140
** Event #5593856   t=216.275176405571   Elapsed: 158.398s (2m 38s)  43% completed  (21% total)
     Speed:     ev/sec=36011.7   simsec/sec=0.933436   ev/simsec=38579.8
     Messages:  created: 7177505   present: 5777   in FES: 185
** Event #5669376   t=218.189808918292   Elapsed: 160.399s (2m 40s)  43% completed  (21% total)
     Speed:     ev/sec=37740.3   simsec/sec=0.956816   ev/simsec=39443.6
     Messages:  created: 7275676   present: 5769   in FES: 156
** Event #5741056   t=220.034980280862   Elapsed: 162.402s (2m 42s)  44% completed  (22% total)
     Speed:     ev/sec=35780.3   simsec/sec=0.921048   ev/simsec=38847.3
     Messages:  created: 7369139   present: 5786   in FES: 129
** Event #5814272   t=221.90372144005   Elapsed: 164.412s (2m 44s)  44% completed  (22% total)
     Speed:     ev/sec=36427.7   simsec/sec=0.929769   ev/simsec=39179.3
     Messages:  created: 7464753   present: 5925   in FES: 163
** Event #5884416   t=223.622828625634   Elapsed: 166.416s (2m 46s)  44% completed  (22% total)
     Speed:     ev/sec=35006   simsec/sec=0.857936   ev/simsec=40802.6
     Messages:  created: 7555599   present: 5995   in FES: 155
** Event #5953792   t=225.280182127993   Elapsed: 168.426s (2m 48s)  45% completed  (22% total)
     Speed:     ev/sec=34519.9   simsec/sec=0.824662   ev/simsec=41859.5
     Messages:  created: 7646037   present: 6101   in FES: 176
** Event #6025216   t=227.088245450863   Elapsed: 170.428s (2m 50s)  45% completed  (22% total)
     Speed:     ev/sec=35668.2   simsec/sec=0.902923   ev/simsec=39503
     Messages:  created: 7739038   present: 6137   in FES: 163
** Event #6095360   t=228.862038730233   Elapsed: 172.429s (2m 52s)  45% completed  (22% total)
     Speed:     ev/sec=35046.8   simsec/sec=0.886259   ev/simsec=39544.6
     Messages:  created: 7830449   present: 6194   in FES: 157
** Event #6169856   t=230.620063324288   Elapsed: 174.433s (2m 54s)  46% completed  (23% total)
     Speed:     ev/sec=37179.3   simsec/sec=0.877392   ev/simsec=42374.8
     Messages:  created: 7927408   present: 6216   in FES: 134
** Event #6234368   t=232.216774352459   Elapsed: 176.44s (2m 56s)  46% completed  (23% total)
     Speed:     ev/sec=32145.3   simsec/sec=0.795615   ev/simsec=40403.1
     Messages:  created: 8011383   present: 6331   in FES: 154
** Event #6306048   t=234.043656448544   Elapsed: 178.443s (2m 58s)  46% completed  (23% total)
     Speed:     ev/sec=35785.9   simsec/sec=0.912061   ev/simsec=39236.2
     Messages:  created: 8105052   present: 6378   in FES: 141
** Event #6377984   t=235.907046776528   Elapsed: 180.446s (3m 00s)  47% completed  (23% total)
     Speed:     ev/sec=35911.3   simsec/sec=0.930226   ev/simsec=38604.9
     Messages:  created: 8198939   present: 6467   in FES: 147
** Event #6451456   t=237.835470491229   Elapsed: 182.452s (3m 02s)  47% completed  (23% total)
     Speed:     ev/sec=36626.1   simsec/sec=0.961327   ev/simsec=38099.5
     Messages:  created: 8294532   present: 6561   in FES: 158
** Event #6520832   t=239.513959025426   Elapsed: 184.466s (3m 04s)  47% completed  (23% total)
     Speed:     ev/sec=34454.2   simsec/sec=0.833588   ev/simsec=41332.4
     Messages:  created: 8384600   present: 6563   in FES: 132
** Event #6580224   t=241.067274500855   Elapsed: 186.476s (3m 06s)  48% completed  (24% total)
     Speed:     ev/sec=29546.5   simsec/sec=0.772748   ev/simsec=38235.6
     Messages:  created: 8461967   present: 6711   in FES: 165
** Event #6642432   t=242.640636404624   Elapsed: 188.482s (3m 08s)  48% completed  (24% total)
     Speed:     ev/sec=31004.1   simsec/sec=0.784154   ev/simsec=39538.3
     Messages:  created: 8543016   present: 6768   in FES: 157
** Event #6717696   t=244.533342599164   Elapsed: 190.489s (3m 10s)  48% completed  (24% total)
     Speed:     ev/sec=37511.4   simsec/sec=0.94332   ev/simsec=39765.3
     Messages:  created: 8640967   present: 6919   in FES: 158
** Event #6774016   t=245.721426966645   Elapsed: 192.493s (3m 12s)  49% completed  (24% total)
     Speed:     ev/sec=28099.9   simsec/sec=0.592774   ev/simsec=47404
     Messages:  created: 8715140   present: 6912   in FES: 155
** Event #6838016   t=247.133683461696   Elapsed: 194.502s (3m 14s)  49% completed  (24% total)
     Speed:     ev/sec=31855.7   simsec/sec=0.702944   ev/simsec=45317.5
     Messages:  created: 8798585   present: 6978   in FES: 164
** Event #6910208   t=248.80902260989   Elapsed: 196.505s (3m 16s)  49% completed  (24% total)
     Speed:     ev/sec=36049.6   simsec/sec=0.836593   ev/simsec=43091
     Messages:  created: 8892948   present: 6952   in FES: 136
** Event #6969856   t=250.098289434195   Elapsed: 198.507s (3m 18s)  50% completed  (25% total)
     Speed:     ev/sec=29788.9   simsec/sec=0.643875   ev/simsec=46265.1
     Messages:  created: 8970756   present: 7058   in FES: 158
** Event #7040512   t=251.671141780944   Elapsed: 200.516s (3m 20s)  50% completed  (25% total)
     Speed:     ev/sec=35169.9   simsec/sec=0.782907   ev/simsec=44922.2
     Messages:  created: 9063159   present: 7102   in FES: 154
** Event #7105024   t=253.185070415888   Elapsed: 202.517s (3m 22s)  50% completed  (25% total)
     Speed:     ev/sec=32248.4   simsec/sec=0.756786   ev/simsec=42612.3
     Messages:  created: 9147058   present: 7187   in FES: 155
** Event #7167488   t=254.153233252612   Elapsed: 204.518s (3m 24s)  50% completed  (25% total)
     Speed:     ev/sec=31202.2   simsec/sec=0.48362   ev/simsec=64518.1
     Messages:  created: 9230481   present: 7211   in FES: 151
** Event #7238656   t=255.620829950749   Elapsed: 206.519s (3m 26s)  51% completed  (25% total)
     Speed:     ev/sec=35575.3   simsec/sec=0.73362   ev/simsec=48492.9
     Messages:  created: 9324138   present: 7253   in FES: 158
** Event #7309824   t=257.093885356319   Elapsed: 208.522s (3m 28s)  51% completed  (25% total)
     Speed:     ev/sec=35535   simsec/sec=0.735513   ev/simsec=48313.2
     Messages:  created: 9417474   present: 7303   in FES: 159
** Event #7374336   t=258.403600137455   Elapsed: 210.522s (3m 30s)  51% completed  (25% total)
     Speed:     ev/sec=32247   simsec/sec=0.654674   ev/simsec=49256.5
     Messages:  created: 9502155   present: 7345   in FES: 160
** Event #7443712   t=259.883308699595   Elapsed: 212.523s (3m 32s)  51% completed  (25% total)
     Speed:     ev/sec=34678.3   simsec/sec=0.739647   ev/simsec=46884.9
     Messages:  created: 9593607   present: 7331   in FES: 138
** Event #7516416   t=261.119464951089   Elapsed: 214.525s (3m 34s)  52% completed  (26% total)
     Speed:     ev/sec=36303.6   simsec/sec=0.617254   ev/simsec=58814.6
     Messages:  created: 9689694   present: 7411   in FES: 145
** Event #7592704   t=261.810138001959   Elapsed: 216.527s (3m 36s)  52% completed  (26% total)
     Speed:     ev/sec=38110.7   simsec/sec=0.345035   ev/simsec=110455
     Messages:  created: 9794074   present: 7499   in FES: 156
** Event #7663872   t=263.141048125709   Elapsed: 218.528s (3m 38s)  52% completed  (26% total)
     Speed:     ev/sec=35571.4   simsec/sec=0.66522   ev/simsec=53473.2
     Messages:  created: 9888511   present: 7510   in FES: 155
** Event #7736064   t=264.676715045091   Elapsed: 220.532s (3m 40s)  52% completed  (26% total)
     Speed:     ev/sec=36031.4   simsec/sec=0.76646   ev/simsec=47010.2
     Messages:  created: 9984620   present: 7508   in FES: 128
** Event #7800320   t=265.762273671996   Elapsed: 222.535s (3m 42s)  53% completed  (26% total)
     Speed:     ev/sec=32066.6   simsec/sec=0.541742   ev/simsec=59191.6
     Messages:  created: 10070675   present: 7613   in FES: 155
** Event #7871744   t=266.779063490667   Elapsed: 224.535s (3m 44s)  53% completed  (26% total)
     Speed:     ev/sec=35709.9   simsec/sec=0.508366   ev/simsec=70244.6
     Messages:  created: 10166978   present: 7702   in FES: 155
** Event #7945216   t=267.828333092851   Elapsed: 226.538s (3m 46s)  53% completed  (26% total)
     Speed:     ev/sec=36690.9   simsec/sec=0.523991   ev/simsec=70022
     Messages:  created: 10265914   present: 7612   in FES: 125
** Event #8018432   t=268.975897953453   Elapsed: 228.54s (3m 48s)  53% completed  (26% total)
     Speed:     ev/sec=36578.4   simsec/sec=0.573319   ev/simsec=63801.2
     Messages:  created: 10364666   present: 7661   in FES: 132
** Event #8090368   t=270.112034601091   Elapsed: 230.541s (3m 50s)  54% completed  (27% total)
     Speed:     ev/sec=35937.3   simsec/sec=0.567583   ev/simsec=63316.3
     Messages:  created: 10460406   present: 7731   in FES: 156
** Event #8164096   t=271.402626340415   Elapsed: 232.544s (3m 52s)  54% completed  (27% total)
     Speed:     ev/sec=36811.7   simsec/sec=0.644381   ev/simsec=57127.3
     Messages:  created: 10558246   present: 7733   in FES: 129
** Event #8232960   t=272.724335330111   Elapsed: 234.546s (3m 54s)  54% completed  (27% total)
     Speed:     ev/sec=34401.9   simsec/sec=0.660276   ev/simsec=52102.2
     Messages:  created: 10649599   present: 7860   in FES: 155
** Event #8304384   t=274.012274682383   Elapsed: 236.551s (3m 56s)  54% completed  (27% total)
     Speed:     ev/sec=35611.4   simsec/sec=0.642155   ev/simsec=55456
     Messages:  created: 10744075   present: 7913   in FES: 161
** Event #8377344   t=275.369196245961   Elapsed: 238.558s (3m 58s)  55% completed  (27% total)
     Speed:     ev/sec=36357.9   simsec/sec=0.676191   ev/simsec=53768.8
     Messages:  created: 10839970   present: 7934   in FES: 154
** Event #8446464   t=276.774648856226   Elapsed: 240.565s (4m 00s)  55% completed  (27% total)
     Speed:     ev/sec=34451.1   simsec/sec=0.700511   ev/simsec=49179.9
     Messages:  created: 10931999   present: 8163   in FES: 187
** Event #8520448   t=278.281123384643   Elapsed: 242.567s (4m 02s)  55% completed  (27% total)
     Speed:     ev/sec=36948.8   simsec/sec=0.752357   ev/simsec=49110.7
     Messages:  created: 11029336   present: 8103   in FES: 160
** Event #8581376   t=279.522896667183   Elapsed: 244.57s (4m 04s)  55% completed  (27% total)
     Speed:     ev/sec=30423   simsec/sec=0.620051   ev/simsec=49065.3
     Messages:  created: 11110011   present: 8188   in FES: 161
** Event #8653312   t=280.561847325246   Elapsed: 246.572s (4m 06s)  56% completed  (28% total)
     Speed:     ev/sec=35922.7   simsec/sec=0.518821   ev/simsec=69239.1
     Messages:  created: 11205123   present: 7939   in FES: 172
** Event #8721920   t=281.523359340195   Elapsed: 248.573s (4m 08s)  56% completed  (28% total)
     Speed:     ev/sec=34283.5   simsec/sec=0.480469   ev/simsec=71354.3
     Messages:  created: 11297166   present: 7897   in FES: 160
** Event #8790016   t=282.891237676028   Elapsed: 250.578s (4m 10s)  56% completed  (28% total)
     Speed:     ev/sec=33961.6   simsec/sec=0.682203   ev/simsec=49782.2
     Messages:  created: 11387723   present: 7902   in FES: 156
** Event #8859904   t=284.111555263899   Elapsed: 252.583s (4m 12s)  56% completed  (28% total)
     Speed:     ev/sec=34871.2   simsec/sec=0.608887   ev/simsec=57270.3
     Messages:  created: 11479703   present: 8020   in FES: 159
** Event #8927744   t=284.318905107634   Elapsed: 254.584s (4m 14s)  56% completed  (28% total)
     Speed:     ev/sec=33887.2   simsec/sec=0.103575   ev/simsec=327177
     Messages:  created: 11572524   present: 7776   in FES: 132
** Event #8986880   t=285.307124181159   Elapsed: 256.589s (4m 16s)  57% completed  (28% total)
     Speed:     ev/sec=29495.5   simsec/sec=0.492898   ev/simsec=59841
     Messages:  created: 11650984   present: 7844   in FES: 167
** Event #9060352   t=286.522946734462   Elapsed: 258.592s (4m 18s)  57% completed  (28% total)
     Speed:     ev/sec=36696.3   simsec/sec=0.607255   ev/simsec=60429.9
     Messages:  created: 11749207   present: 7816   in FES: 135
** Event #9131520   t=287.903926845584   Elapsed: 260.592s (4m 20s)  57% completed  (28% total)
     Speed:     ev/sec=35568   simsec/sec=0.69018   ev/simsec=51534.4
     Messages:  created: 11844181   present: 7911   in FES: 156
** Event #9205504   t=289.335281889694   Elapsed: 262.593s (4m 22s)  57% completed  (28% total)
     Speed:     ev/sec=36985.5   simsec/sec=0.715552   ev/simsec=51688.1
     Messages:  created: 11941714   present: 7924   in FES: 153
** Event #9275392   t=290.774318323582   Elapsed: 264.601s (4m 24s)  58% completed  (29% total)
     Speed:     ev/sec=34809.2   simsec/sec=0.716743   ev/simsec=48565.8
     Messages:  created: 12034685   present: 7986   in FES: 152
** Event #9345792   t=292.119432187683   Elapsed: 266.603s (4m 26s)  58% completed  (29% total)
     Speed:     ev/sec=35154.9   simsec/sec=0.671694   ev/simsec=52337.6
     Messages:  created: 12127602   present: 8011   in FES: 163
** Event #9406976   t=293.372313946866   Elapsed: 268.608s (4m 28s)  58% completed  (29% total)
     Speed:     ev/sec=30515.5   simsec/sec=0.624874   ev/simsec=48834.6
     Messages:  created: 12208283   present: 7997   in FES: 146
** Event #9477888   t=295.056132308647   Elapsed: 270.615s (4m 30s)  59% completed  (29% total)
     Speed:     ev/sec=35327.4   simsec/sec=0.838856   ev/simsec=42113.8
     Messages:  created: 12301846   present: 8107   in FES: 164
** Event #9548800   t=296.61226760291   Elapsed: 272.62s (4m 32s)  59% completed  (29% total)
     Speed:     ev/sec=35382.8   simsec/sec=0.776462   ev/simsec=45569.3
     Messages:  created: 12394854   present: 8123   in FES: 160
** Event #9619712   t=298.257038186842   Elapsed: 274.624s (4m 34s)  59% completed  (29% total)
     Speed:     ev/sec=35384.8   simsec/sec=0.820733   ev/simsec=43113.6
     Messages:  created: 12487438   present: 8178   in FES: 145
** Event #9690368   t=300.006589963892   Elapsed: 276.626s (4m 36s)  60% completed  (30% total)
     Speed:     ev/sec=35281.6   simsec/sec=0.873628   ev/simsec=40385.2
     Messages:  created: 12579939   present: 8280   in FES: 156
** Event #9764096   t=301.739662837512   Elapsed: 278.628s (4m 38s)  60% completed  (30% total)
     Speed:     ev/sec=36828.6   simsec/sec=0.865704   ev/simsec=42541.8
     Messages:  created: 12675873   present: 8339   in FES: 156
** Event #9823744   t=303.37231058761   Elapsed: 280.63s (4m 40s)  60% completed  (30% total)
     Speed:     ev/sec=29790.8   simsec/sec=0.815415   ev/simsec=36534.5
     Messages:  created: 12752974   present: 8426   in FES: 158
** Event #9895168   t=305.513795788756   Elapsed: 282.633s (4m 42s)  61% completed  (30% total)
     Speed:     ev/sec=35660.2   simsec/sec=1.06919   ev/simsec=33352.6
     Messages:  created: 12845296   present: 8472   in FES: 141
** Event #9966592   t=307.805623996455   Elapsed: 284.634s (4m 44s)  61% completed  (30% total)
     Speed:     ev/sec=35695.2   simsec/sec=1.14538   ev/simsec=31164.6
     Messages:  created: 12938159   present: 8615   in FES: 159
** Event #10035712   t=310.06781509421   Elapsed: 286.638s (4m 46s)  62% completed  (31% total)
     Speed:     ev/sec=34490.2   simsec/sec=1.12881   ev/simsec=30554.4
     Messages:  created: 13027450   present: 8659   in FES: 139
** Event #10107136   t=312.261255282418   Elapsed: 288.64s (4m 48s)  62% completed  (31% total)
     Speed:     ev/sec=35686.7   simsec/sec=1.09594   ev/simsec=32562.5
     Messages:  created: 13119621   present: 8806   in FES: 154
** Event #10177792   t=314.534364535101   Elapsed: 290.644s (4m 50s)  62% completed  (31% total)
     Speed:     ev/sec=35243.8   simsec/sec=1.13385   ev/simsec=31083.4
     Messages:  created: 13211206   present: 8874   in FES: 140
** Event #10239232   t=316.760895573068   Elapsed: 292.649s (4m 52s)  63% completed  (31% total)
     Speed:     ev/sec=30647.5   simsec/sec=1.11064   ev/simsec=27594.5
     Messages:  created: 13290804   present: 8942   in FES: 123
** Event #10309376   t=319.119417754125   Elapsed: 294.651s (4m 54s)  63% completed  (31% total)
     Speed:     ev/sec=35034.7   simsec/sec=1.17801   ev/simsec=29740.7
     Messages:  created: 13381502   present: 9144   in FES: 156
** Event #10378496   t=319.578428531047   Elapsed: 296.656s (4m 56s)  63% completed  (31% total)
     Speed:     ev/sec=34482.8   simsec/sec=0.228993   ev/simsec=150585
     Messages:  created: 13476052   present: 8875   in FES: 126
** Event #10446848   t=321.403441473011   Elapsed: 298.663s (4m 58s)  64% completed  (32% total)
     Speed:     ev/sec=34053.1   simsec/sec=0.909226   ev/simsec=37452.9
     Messages:  created: 13566076   present: 8951   in FES: 164
** Event #10514176   t=323.396751391618   Elapsed: 300.665s (5m 00s)  64% completed  (32% total)
     Speed:     ev/sec=33635.7   simsec/sec=0.995816   ev/simsec=33777
     Messages:  created: 13654346   present: 8958   in FES: 136
** Event #10582272   t=325.285247255329   Elapsed: 302.667s (5m 02s)  65% completed  (32% total)
     Speed:     ev/sec=34005.7   simsec/sec=0.943075   ev/simsec=36058.3
     Messages:  created: 13743574   present: 9098   in FES: 152
** Event #10644736   t=327.039418473139   Elapsed: 304.669s (5m 04s)  65% completed  (32% total)
     Speed:     ev/sec=31196.1   simsec/sec=0.876078   ev/simsec=35608.8
     Messages:  created: 13825399   present: 9183   in FES: 151
** Event #10716672   t=329.012487602065   Elapsed: 306.67s (5m 06s)  65% completed  (32% total)
     Speed:     ev/sec=35956.1   simsec/sec=0.986208   ev/simsec=36458.9
     Messages:  created: 13919278   present: 9251   in FES: 161
** Event #10786816   t=330.818493312385   Elapsed: 308.677s (5m 08s)  66% completed  (33% total)
     Speed:     ev/sec=34959.6   simsec/sec=0.900108   ev/simsec=38839.3
     Messages:  created: 14010853   present: 9266   in FES: 138
** Event #10856960   t=332.828792619492   Elapsed: 310.679s (5m 10s)  66% completed  (33% total)
     Speed:     ev/sec=35030.9   simsec/sec=1.00397   ev/simsec=34892.3
     Messages:  created: 14102233   present: 9389   in FES: 149
** Event #10926848   t=334.862300366931   Elapsed: 312.682s (5m 12s)  66% completed  (33% total)
     Speed:     ev/sec=34887.6   simsec/sec=1.01511   ev/simsec=34368.2
     Messages:  created: 14193240   present: 9500   in FES: 161
** Event #10994688   t=336.902149594236   Elapsed: 314.688s (5m 14s)  67% completed  (33% total)
     Speed:     ev/sec=33825.6   simsec/sec=1.01708   ev/simsec=33257.4
     Messages:  created: 14281276   present: 9562   in FES: 154
** Event #11058176   t=338.651749174626   Elapsed: 316.689s (5m 16s)  67% completed  (33% total)
     Speed:     ev/sec=31728   simsec/sec=0.874359   ev/simsec=36287.2
     Messages:  created: 14363879   present: 9656   in FES: 154
** Event #11127552   t=341.02702448421   Elapsed: 318.689s (5m 18s)  68% completed  (34% total)
     Speed:     ev/sec=34686.9   simsec/sec=1.1876   ev/simsec=29207.6
     Messages:  created: 14453880   present: 9792   in FES: 155
** Event #11205632   t=343.733851589826   Elapsed: 320.69s (5m 20s)  68% completed  (34% total)
     Speed:     ev/sec=39013.3   simsec/sec=1.35249   ev/simsec=28845.6
     Messages:  created: 14554610   present: 9906   in FES: 158
** Event #11278080   t=346.177656394235   Elapsed: 322.693s (5m 22s)  69% completed  (34% total)
     Speed:     ev/sec=36178.2   simsec/sec=1.22036   ev/simsec=29645.6
     Messages:  created: 14647909   present: 10024   in FES: 157
** Event #11349760   t=348.651929581965   Elapsed: 324.699s (5m 24s)  69% completed  (34% total)
     Speed:     ev/sec=35731.5   simsec/sec=1.23339   ev/simsec=28970.1
     Messages:  created: 14740706   present: 10139   in FES: 165
** Event #11422464   t=351.25688409914   Elapsed: 326.705s (5m 26s)  70% completed  (35% total)
     Speed:     ev/sec=36245.9   simsec/sec=1.29868   ev/simsec=27909.9
     Messages:  created: 14833995   present: 10191   in FES: 136
** Event #11482112   t=353.426665246171   Elapsed: 328.707s (5m 28s)  70% completed  (35% total)
     Speed:     ev/sec=29782.3   simsec/sec=1.08337   ev/simsec=27490.3
     Messages:  created: 14910921   present: 10314   in FES: 139
** Event #11551488   t=356.05658130339   Elapsed: 330.712s (5m 30s)  71% completed  (35% total)
     Speed:     ev/sec=34616.5   simsec/sec=1.31225   ev/simsec=26379.5
     Messages:  created: 15000624   present: 10484   in FES: 151
** Event #11622656   t=358.531091209144   Elapsed: 332.715s (5m 32s)  71% completed  (35% total)
     Speed:     ev/sec=35530.9   simsec/sec=1.23541   ev/simsec=28760.4
     Messages:  created: 15092669   present: 10616   in FES: 161
** Event #11693056   t=361.1   Elapsed: 334.715s (5m 34s)  72% completed  (36% total)
     Speed:     ev/sec=35192.9   simsec/sec=1.2842   ev/simsec=27404.6
     Messages:  created: 15183492   present: 10649   in FES: 124
** Event #11763456   t=363.67118022749   Elapsed: 336.717s (5m 36s)  72% completed  (36% total)
     Speed:     ev/sec=35161.3   simsec/sec=1.28418   ev/simsec=27380.4
     Messages:  created: 15274809   present: 10840   in FES: 154
** Event #11834112   t=366.176468471037   Elapsed: 338.717s (5m 38s)  73% completed  (36% total)
     Speed:     ev/sec=35326.9   simsec/sec=1.2526   ev/simsec=28202.7
     Messages:  created: 15366012   present: 11066   in FES: 184
** Event #11895296   t=368.426438394235   Elapsed: 340.718s (5m 40s)  73% completed  (36% total)
     Speed:     ev/sec=30579.1   simsec/sec=1.12451   ev/simsec=27193.3
     Messages:  created: 15445188   present: 10994   in FES: 124
** Event #11970304   t=371.014012312819   Elapsed: 342.729s (5m 42s)  74% completed  (37% total)
     Speed:     ev/sec=37304.2   simsec/sec=1.28689   ev/simsec=28987.8
     Messages:  created: 15542881   present: 11224   in FES: 155
** Event #12048640   t=373.441038443571   Elapsed: 344.732s (5m 44s)  74% completed  (37% total)
     Speed:     ev/sec=39099.3   simsec/sec=1.21138   ev/simsec=32276.5
     Messages:  created: 15643948   present: 11287   in FES: 138
** Event #12118016   t=375.336848212468   Elapsed: 346.739s (5m 46s)  75% completed  (37% total)
     Speed:     ev/sec=34575.1   simsec/sec=0.944821   ev/simsec=36594.4
     Messages:  created: 15734184   present: 11434   in FES: 155
** Event #12186624   t=377.316690976913   Elapsed: 348.741s (5m 48s)  75% completed  (37% total)
     Speed:     ev/sec=34271.1   simsec/sec=0.988971   ev/simsec=34653.3
     Messages:  created: 15823812   present: 11425   in FES: 131
** Event #12253696   t=379.280855687335   Elapsed: 350.867s (5m 50s)  75% completed  (37% total)
     Speed:     ev/sec=31540.5   simsec/sec=0.923646   ev/simsec=34147.8
     Messages:  created: 15910972   present: 11593   in FES: 156
** Event #12327680   t=380.812079445189   Elapsed: 352.869s (5m 52s)  76% completed  (38% total)
     Speed:     ev/sec=36955.6   simsec/sec=0.764859   ev/simsec=48316.9
     Messages:  created: 16009609   present: 11730   in FES: 161
** Event #12398336   t=381.567562699475   Elapsed: 354.873s (5m 54s)  76% completed  (38% total)
     Speed:     ev/sec=35254.2   simsec/sec=0.376953   ev/simsec=93524.2
     Messages:  created: 16105619   present: 11786   in FES: 155
** Event #12470784   t=382.3368485868   Elapsed: 356.879s (5m 56s)  76% completed  (38% total)
     Speed:     ev/sec=36123.9   simsec/sec=0.38358   ev/simsec=94175.7
     Messages:  created: 16204160   present: 11770   in FES: 153
** Event #12543488   t=383.241124447356   Elapsed: 358.88s (5m 58s)  76% completed  (38% total)
     Speed:     ev/sec=36329.2   simsec/sec=0.451855   ev/simsec=80400.2
     Messages:  created: 16303045   present: 11807   in FES: 154
** Event #12618496   t=384.069531129457   Elapsed: 360.892s (6m 00s)  76% completed  (38% total)
     Speed:     ev/sec=37291.4   simsec/sec=0.411855   ev/simsec=90544.9
     Messages:  created: 16405514   present: 11873   in FES: 160
** Event #12688640   t=385.066310278258   Elapsed: 362.893s (6m 02s)  77% completed  (38% total)
     Speed:     ev/sec=35044.1   simsec/sec=0.497993   ev/simsec=70370.7
     Messages:  created: 16500435   present: 11924   in FES: 158
** Event #12762368   t=386.07848866643   Elapsed: 364.894s (6m 04s)  77% completed  (38% total)
     Speed:     ev/sec=36844.7   simsec/sec=0.505824   ev/simsec=72840.9
     Messages:  created: 16600385   present: 12014   in FES: 157
** Event #12834048   t=387.05148381877   Elapsed: 366.896s (6m 06s)  77% completed  (38% total)
     Speed:     ev/sec=35815.8   simsec/sec=0.48617   ev/simsec=73669.4
     Messages:  created: 16697648   present: 12066   in FES: 161
** Event #12906752   t=387.794422497749   Elapsed: 368.9s (6m 08s)  77% completed  (38% total)
     Speed:     ev/sec=36263.8   simsec/sec=0.370568   ev/simsec=97860
     Messages:  created: 16796983   present: 12061   in FES: 161
** Event #12977664   t=388.526057967933   Elapsed: 370.907s (6m 10s)  77% completed  (38% total)
     Speed:     ev/sec=35344   simsec/sec=0.364662   ev/simsec=96922.6
     Messages:  created: 16893261   present: 12087   in FES: 161
** Event #13051392   t=389.281325815265   Elapsed: 372.912s (6m 12s)  77% completed  (38% total)
     Speed:     ev/sec=36765.2   simsec/sec=0.376622   ev/simsec=97618.3
     Messages:  created: 16993557   present: 12151   in FES: 155
** Event #13117184   t=390.033485574713   Elapsed: 374.914s (6m 14s)  78% completed  (39% total)
     Speed:     ev/sec=32870.8   simsec/sec=0.375791   ev/simsec=87470.8
     Messages:  created: 17083396   present: 12183   in FES: 155
** Event #13190400   t=390.789193494104   Elapsed: 376.917s (6m 16s)  78% completed  (39% total)
     Speed:     ev/sec=36556.6   simsec/sec=0.377324   ev/simsec=96884
     Messages:  created: 17183118   present: 12214   in FES: 156
** Event #13263360   t=391.538062493784   Elapsed: 378.92s (6m 18s)  78% completed  (39% total)
     Speed:     ev/sec=36423.9   simsec/sec=0.373859   ev/simsec=97426.9
     Messages:  created: 17282235   present: 12239   in FES: 145
** Event #13336576   t=392.488388069966   Elapsed: 380.92s (6m 20s)  78% completed  (39% total)
     Speed:     ev/sec=36592.9   simsec/sec=0.474967   ev/simsec=77043.1
     Messages:  created: 17381338   present: 12170   in FES: 134
** Event #13412864   t=393.512390742292   Elapsed: 382.924s (6m 22s)  78% completed  (39% total)
     Speed:     ev/sec=38075.1   simsec/sec=0.511076   ev/simsec=74499.8
     Messages:  created: 17484577   present: 12272   in FES: 165
** Event #13484032   t=394.338882553623   Elapsed: 384.931s (6m 24s)  78% completed  (39% total)
     Speed:     ev/sec=35469   simsec/sec=0.41191   ev/simsec=86108.5
     Messages:  created: 17581152   present: 12377   in FES: 155
** Event #13548288   t=395.280125312172   Elapsed: 386.977s (6m 26s)  79% completed  (39% total)
     Speed:     ev/sec=31404   simsec/sec=0.460015   ev/simsec=68267.2
     Messages:  created: 17667950   present: 12414   in FES: 158
** Event #13621248   t=396.273714782762   Elapsed: 388.987s (6m 28s)  79% completed  (39% total)
     Speed:     ev/sec=36297.5   simsec/sec=0.494309   ev/simsec=73430.7
     Messages:  created: 17766456   present: 12386   in FES: 144
** Event #13689856   t=397.090434531857   Elapsed: 390.988s (6m 30s)  79% completed  (39% total)
     Speed:     ev/sec=34286.9   simsec/sec=0.408157   ev/simsec=84004.3
     Messages:  created: 17859859   present: 12431   in FES: 137
** Event #13760768   t=397.984584315047   Elapsed: 392.991s (6m 32s)  79% completed  (39% total)
     Speed:     ev/sec=35395.2   simsec/sec=0.446308   ev/simsec=79306.6
     Messages:  created: 17956450   present: 12507   in FES: 157
** Event #13831680   t=399.931471654985   Elapsed: 394.995s (6m 34s)  79% completed  (39% total)
     Speed:     ev/sec=35384.4   simsec/sec=0.971479   ev/simsec=36423.3
     Messages:  created: 18049322   present: 12600   in FES: 153
** Event #13906176   t=402.122362265344   Elapsed: 396.997s (6m 36s)  80% completed  (40% total)
     Speed:     ev/sec=37205.8   simsec/sec=1.09421   ev/simsec=34002.6
     Messages:  created: 18145594   present: 12620   in FES: 124
** Event #13972480   t=404.13723121533   Elapsed: 399.133s (6m 39s)  80% completed  (40% total)
     Speed:     ev/sec=31046   simsec/sec=0.943436   ev/simsec=32907.4
     Messages:  created: 18232082   present: 12790   in FES: 154
** Event #14053376   t=406.619462396757   Elapsed: 401.136s (6m 41s)  81% completed  (40% total)
     Speed:     ev/sec=40389   simsec/sec=1.2393   ev/simsec=32590
     Messages:  created: 18337487   present: 12914   in FES: 153
** Event #14124288   t=407.819199291474   Elapsed: 403.14s (6m 43s)  81% completed  (40% total)
     Speed:     ev/sec=35389   simsec/sec=0.598735   ev/simsec=59106.3
     Messages:  created: 18431418   present: 12669   in FES: 165
** Event #14193152   t=408.721540903014   Elapsed: 405.146s (6m 45s)  81% completed  (40% total)
     Speed:     ev/sec=34327.1   simsec/sec=0.449797   ev/simsec=76317
     Messages:  created: 18523899   present: 12548   in FES: 130
** Event #14261248   t=410.317559106533   Elapsed: 407.15s (6m 47s)  82% completed  (41% total)
     Speed:     ev/sec=33974.9   simsec/sec=0.796296   ev/simsec=42666.2
     Messages:  created: 18613191   present: 12688   in FES: 158
** Event #14331904   t=411.8   Elapsed: 409.151s (6m 49s)  82% completed  (41% total)
     Speed:     ev/sec=35309.8   simsec/sec=0.740839   ev/simsec=47661.9
     Messages:  created: 18706728   present: 12663   in FES: 126
** Event #14400256   t=413.218764159694   Elapsed: 411.334s (6m 51s)  82% completed  (41% total)
     Speed:     ev/sec=31313.4   simsec/sec=0.649964   ev/simsec=48177.1
     Messages:  created: 18796300   present: 12784   in FES: 157
** Event #14472704   t=414.774118206682   Elapsed: 413.335s (6m 53s)  82% completed  (41% total)
     Speed:     ev/sec=36201.5   simsec/sec=0.777194   ev/simsec=46579.7
     Messages:  created: 18892096   present: 12801   in FES: 143
** Event #14545920   t=416.272680323284   Elapsed: 415.347s (6m 55s)  83% completed  (41% total)
     Speed:     ev/sec=36401.3   simsec/sec=0.745051   ev/simsec=48857.5
     Messages:  created: 18988266   present: 12879   in FES: 149
** Event #14620928   t=417.732731494802   Elapsed: 417.348s (6m 57s)  83% completed  (41% total)
     Speed:     ev/sec=37488.8   simsec/sec=0.729729   ev/simsec=51373.5
     Messages:  created: 19087737   present: 12937   in FES: 156
** Event #14689792   t=419.122362283372   Elapsed: 419.35s (6m 59s)  83% completed  (41% total)
     Speed:     ev/sec=34386.4   simsec/sec=0.693895   ev/simsec=49555.6
     Messages:  created: 19178165   present: 12928   in FES: 126
** Event #14759936   t=420.360851461202   Elapsed: 421.352s (7m 01s)  84% completed  (42% total)
     Speed:     ev/sec=35044.4   simsec/sec=0.618757   ev/simsec=56636.7
     Messages:  created: 19271410   present: 13055   in FES: 155
** Event #14828800   t=421.378427692458   Elapsed: 423.356s (7m 03s)  84% completed  (42% total)
     Speed:     ev/sec=34355.1   simsec/sec=0.507651   ev/simsec=67674.5
     Messages:  created: 19363197   present: 13068   in FES: 153
** Event #14903808   t=423.003263663746   Elapsed: 425.359s (7m 05s)  84% completed  (42% total)
     Speed:     ev/sec=37457.2   simsec/sec=0.811405   ev/simsec=46163.4
     Messages:  created: 19462482   present: 13063   in FES: 126
** Event #14973952   t=424.372091592821   Elapsed: 427.366s (7m 07s)  84% completed  (42% total)
     Speed:     ev/sec=34936.8   simsec/sec=0.681775   ev/simsec=51243.8
     Messages:  created: 19554308   present: 13194   in FES: 156
** Event #15051008   t=426.011123624733   Elapsed: 429.374s (7m 09s)  85% completed  (42% total)
     Speed:     ev/sec=38391   simsec/sec=0.816602   ev/simsec=47013.1
     Messages:  created: 19656333   present: 13196   in FES: 140
** Event #15129344   t=427.27128481982   Elapsed: 431.379s (7m 11s)  85% completed  (42% total)
     Speed:     ev/sec=39067.8   simsec/sec=0.628468   ev/simsec=62163.5
     Messages:  created: 19760809   present: 13259   in FES: 157
** Event #15206656   t=429.073357029973   Elapsed: 433.384s (7m 13s)  85% completed  (42% total)
     Speed:     ev/sec=38546.3   simsec/sec=0.89848   ev/simsec=42901.7
     Messages:  created: 19862986   present: 13349   in FES: 155
** Event #15272192   t=430.530870621499   Elapsed: 435.385s (7m 15s)  86% completed  (43% total)
     Speed:     ev/sec=32763.2   simsec/sec=0.72865   ev/simsec=44964.2
     Messages:  created: 19949536   present: 13518   in FES: 187
** Event #15346688   t=431.787885985993   Elapsed: 437.392s (7m 17s)  86% completed  (43% total)
     Speed:     ev/sec=37118.9   simsec/sec=0.62633   ev/simsec=59264.2
     Messages:  created: 20048293   present: 13037   in FES: 136
** Event #15415040   t=433.280091658194   Elapsed: 439.397s (7m 19s)  86% completed  (43% total)
     Speed:     ev/sec=34079.1   simsec/sec=0.743988   ev/simsec=45806
     Messages:  created: 20138506   present: 13209   in FES: 156
** Event #15485952   t=434.137229031308   Elapsed: 441.403s (7m 21s)  86% completed  (43% total)
     Speed:     ev/sec=35361.4   simsec/sec=0.427425   ev/simsec=82731.2
     Messages:  created: 20234944   present: 13165   in FES: 155
** Event #15559424   t=435.031833562656   Elapsed: 443.404s (7m 23s)  87% completed  (43% total)
     Speed:     ev/sec=36716.3   simsec/sec=0.447062   ev/simsec=82127.9
     Messages:  created: 20335117   present: 13281   in FES: 160
** Event #15630336   t=435.881238834616   Elapsed: 445.408s (7m 25s)  87% completed  (43% total)
     Speed:     ev/sec=35382   simsec/sec=0.423817   ev/simsec=83484.3
     Messages:  created: 20431596   present: 13243   in FES: 155
** Event #15691264   t=436.546564615197   Elapsed: 447.413s (7m 27s)  87% completed  (43% total)
     Speed:     ev/sec=30388   simsec/sec=0.331833   ev/simsec=91576.2
     Messages:  created: 20514328   present: 13341   in FES: 156
** Event #15761664   t=437.354681792118   Elapsed: 449.42s (7m 29s)  87% completed  (43% total)
     Speed:     ev/sec=35074.5   simsec/sec=0.402618   ev/simsec=87116.1
     Messages:  created: 20610106   present: 13271   in FES: 154
** Event #15833856   t=437.951118417981   Elapsed: 451.423s (7m 31s)  87% completed  (43% total)
     Speed:     ev/sec=36047.8   simsec/sec=0.29782   ev/simsec=121039
     Messages:  created: 20709355   present: 13383   in FES: 155
** Event #15905792   t=438.345475885048   Elapsed: 453.427s (7m 33s)  87% completed  (43% total)
     Speed:     ev/sec=35884.1   simsec/sec=0.196719   ev/simsec=182413
     Messages:  created: 20807672   present: 13372   in FES: 164
** Event #15974656   t=438.807386602835   Elapsed: 455.434s (7m 35s)  87% completed  (43% total)
     Speed:     ev/sec=34326.2   simsec/sec=0.230246   ev/simsec=149085
     Messages:  created: 20902520   present: 13433   in FES: 163
** Event #16044032   t=439.152191113751   Elapsed: 457.44s (7m 37s)  87% completed  (43% total)
     Speed:     ev/sec=34575.8   simsec/sec=0.171845   ev/simsec=201204
     Messages:  created: 20997571   present: 13308   in FES: 161
** Event #16104960   t=440.431428491052   Elapsed: 459.441s (7m 39s)  88% completed  (44% total)
     Speed:     ev/sec=30453.3   simsec/sec=0.639393   ev/simsec=47628.4
     Messages:  created: 21078908   present: 13374   in FES: 156
** Event #16175360   t=442.028964042694   Elapsed: 461.452s (7m 41s)  88% completed  (44% total)
     Speed:     ev/sec=34996.2   simsec/sec=0.794143   ev/simsec=44067.9
     Messages:  created: 21172889   present: 13462   in FES: 144
** Event #16242688   t=443.427857791411   Elapsed: 463.456s (7m 43s)  88% completed  (44% total)
     Speed:     ev/sec=33599.8   simsec/sec=0.698113   ev/simsec=48129.5
     Messages:  created: 21261726   present: 13501   in FES: 150
** Event #16314624   t=445.03157624385   Elapsed: 465.458s (7m 45s)  89% completed  (44% total)
     Speed:     ev/sec=35935.1   simsec/sec=0.801125   ev/simsec=44855.8
     Messages:  created: 21357114   present: 13659   in FES: 170
** Event #16387584   t=446.567280187955   Elapsed: 467.465s (7m 47s)  89% completed  (44% total)
     Speed:     ev/sec=36347   simsec/sec=0.765052   ev/simsec=47509.2
     Messages:  created: 21453200   present: 13630   in FES: 155
** Event #16463360   t=448.185230247743   Elapsed: 469.467s (7m 49s)  89% completed  (44% total)
     Speed:     ev/sec=37853.2   simsec/sec=0.808232   ev/simsec=46834.6
     Messages:  created: 21553152   present: 13693   in FES: 152
** Event #16530176   t=449.587887484834   Elapsed: 471.469s (7m 51s)  89% completed  (44% total)
     Speed:     ev/sec=33385.7   simsec/sec=0.700861   ev/simsec=47635.3
     Messages:  created: 21641394   present: 13659   in FES: 130
** Event #16602624   t=451.158986666511   Elapsed: 473.475s (7m 53s)  90% completed  (45% total)
     Speed:     ev/sec=36109.7   simsec/sec=0.78307   ev/simsec=46112.9
     Messages:  created: 21736742   present: 13804   in FES: 155
** Event #16672512   t=452.521630740357   Elapsed: 475.475s (7m 55s)  90% completed  (45% total)
     Speed:     ev/sec=34941.3   simsec/sec=0.68127   ev/simsec=51288.5
     Messages:  created: 21829350   present: 13792   in FES: 126
** Event #16742912   t=453.926757267681   Elapsed: 477.478s (7m 57s)  90% completed  (45% total)
     Speed:     ev/sec=35155.9   simsec/sec=0.701684   ev/simsec=50102.2
     Messages:  created: 21923078   present: 13877   in FES: 156
** Event #16812032   t=455.181090768906   Elapsed: 479.478s (7m 59s)  91% completed  (45% total)
     Speed:     ev/sec=34560   simsec/sec=0.627166   ev/simsec=55105
     Messages:  created: 22014364   present: 14007   in FES: 175
** Event #16881920   t=456.483407382757   Elapsed: 481.483s (8m 01s)  91% completed  (45% total)
     Speed:     ev/sec=34855.7   simsec/sec=0.649512   ev/simsec=53664.4
     Messages:  created: 22107105   present: 13949   in FES: 156
** Event #16946176   t=457.788234170536   Elapsed: 483.487s (8m 03s)  91% completed  (45% total)
     Speed:     ev/sec=32060.2   simsec/sec=0.651036   ev/simsec=49244.9
     Messages:  created: 22192207   present: 14011   in FES: 155
** Event #17017856   t=458.467886465796   Elapsed: 485.492s (8m 05s)  91% completed  (45% total)
     Speed:     ev/sec=35752.4   simsec/sec=0.338995   ev/simsec=105466
     Messages:  created: 22287890   present: 13673   in FES: 148
** Event #17084416   t=458.729017019092   Elapsed: 487.497s (8m 07s)  91% completed  (45% total)
     Speed:     ev/sec=33200.8   simsec/sec=0.130255   ev/simsec=254892
     Messages:  created: 22380343   present: 13683   in FES: 162
** Event #17154048   t=458.984690275623   Elapsed: 489.498s (8m 09s)  91% completed  (45% total)
     Speed:     ev/sec=34791.4   simsec/sec=0.127746   ev/simsec=272348
     Messages:  created: 22476844   present: 13572   in FES: 158
** Event #17221888   t=460.010905455328   Elapsed: 491.505s (8m 11s)  92% completed  (46% total)
     Speed:     ev/sec=33806.5   simsec/sec=0.511391   ev/simsec=66107
     Messages:  created: 22567056   present: 13561   in FES: 157
** Event #17287168   t=461.176676045977   Elapsed: 493.505s (8m 13s)  92% completed  (46% total)
     Speed:     ev/sec=32632.9   simsec/sec=0.582758   ev/simsec=55997.3
     Messages:  created: 22652592   present: 13593   in FES: 160
** Event #17344768   t=462.287569661937   Elapsed: 495.507s (8m 15s)  92% completed  (46% total)
     Speed:     ev/sec=28766.4   simsec/sec=0.554799   ev/simsec=51850.1
     Messages:  created: 22728304   present: 13547   in FES: 127
** Event #17415424   t=463.77295860457   Elapsed: 497.511s (8m 17s)  92% completed  (46% total)
     Speed:     ev/sec=35261.1   simsec/sec=0.741289   ev/simsec=47567.3
     Messages:  created: 22821470   present: 13690   in FES: 156
** Event #17484544   t=465.130207167665   Elapsed: 499.517s (8m 19s)  93% completed  (46% total)
     Speed:     ev/sec=34458.7   simsec/sec=0.676636   ev/simsec=50926.6
     Messages:  created: 22912041   present: 13661   in FES: 127
** Event #17551616   t=466.512132513706   Elapsed: 501.525s (8m 21s)  93% completed  (46% total)
     Speed:     ev/sec=33408.1   simsec/sec=0.688327   ev/simsec=48535.2
     Messages:  created: 23000054   present: 13776   in FES: 150
** Event #17621760   t=467.964190709322   Elapsed: 503.532s (8m 23s)  93% completed  (46% total)
     Speed:     ev/sec=34955.2   simsec/sec=0.723611   ev/simsec=48306.6
     Messages:  created: 23092645   present: 13845   in FES: 157
** Event #17681920   t=469.122318019053   Elapsed: 505.534s (8m 25s)  93% completed  (46% total)
     Speed:     ev/sec=30046.7   simsec/sec=0.578423   ev/simsec=51945.9
     Messages:  created: 23171167   present: 13791   in FES: 135
** Event #17751552   t=470.526673719781   Elapsed: 507.538s (8m 27s)  94% completed  (47% total)
     Speed:     ev/sec=34739.9   simsec/sec=0.700643   ev/simsec=49582.9
     Messages:  created: 23262753   present: 13850   in FES: 128
** Event #17819392   t=471.989660501665   Elapsed: 509.542s (8m 29s)  94% completed  (47% total)
     Speed:     ev/sec=33846.1   simsec/sec=0.729901   ev/simsec=46370.9
     Messages:  created: 23352112   present: 13983   in FES: 157
** Event #17883904   t=472.293927683659   Elapsed: 511.55s (8m 31s)  94% completed  (47% total)
     Speed:     ev/sec=32134.6   simsec/sec=0.151561   ev/simsec=212024
     Messages:  created: 23436215   present: 12702   in FES: 195
** Event #17946880   t=472.479750860005   Elapsed: 513.566s (8m 33s)  94% completed  (47% total)
     Speed:     ev/sec=31237.8   simsec/sec=0.0921734   ev/simsec=338903
     Messages:  created: 23511042   present: 8428   in FES: 167
** Event #18011904   t=472.683548435846   Elapsed: 515.57s (8m 35s)  94% completed  (47% total)
     Speed:     ev/sec=32452.2   simsec/sec=0.101711   ev/simsec=319062
     Messages:  created: 23597267   present: 6996   in FES: 162
** Event #18070528   t=472.86914514669   Elapsed: 517.572s (8m 37s)  94% completed  (47% total)
     Speed:     ev/sec=29280.9   simsec/sec=0.0927   ev/simsec=315868
     Messages:  created: 23678686   present: 6861   in FES: 136
** Event #18139904   t=473.076278812493   Elapsed: 519.576s (8m 39s)  94% completed  (47% total)
     Speed:     ev/sec=34616.2   simsec/sec=0.103352   ev/simsec=334933
     Messages:  created: 23770695   present: 5535   in FES: 169
** Event #18203904   t=473.279486128283   Elapsed: 521.583s (8m 41s)  94% completed  (47% total)
     Speed:     ev/sec=31881.6   simsec/sec=0.101228   ev/simsec=314949
     Messages:  created: 23859218   present: 5403   in FES: 163
** Event #18268672   t=473.510580929385   Elapsed: 523.591s (8m 43s)  94% completed  (47% total)
     Speed:     ev/sec=32266.9   simsec/sec=0.11513   ev/simsec=280266
     Messages:  created: 23949005   present: 5215   in FES: 129
** Event #18333184   t=473.746428507677   Elapsed: 525.593s (8m 45s)  94% completed  (47% total)
     Speed:     ev/sec=32213.9   simsec/sec=0.11777   ev/simsec=273533
     Messages:  created: 24038708   present: 5286   in FES: 192
** Event #18397440   t=474.162732960173   Elapsed: 527.598s (8m 47s)  94% completed  (47% total)
     Speed:     ev/sec=32047.6   simsec/sec=0.207631   ev/simsec=154349
     Messages:  created: 24126391   present: 5065   in FES: 158
** Event #18466048   t=475.227810907165   Elapsed: 529.604s (8m 49s)  95% completed  (47% total)
     Speed:     ev/sec=34204.8   simsec/sec=0.530999   ev/simsec=64415.9
     Messages:  created: 24217271   present: 5066   in FES: 152
** Event #18524928   t=476.120326319736   Elapsed: 531.61s (8m 51s)  95% completed  (47% total)
     Speed:     ev/sec=29359.2   simsec/sec=0.445033   ev/simsec=65970.8
     Messages:  created: 24295475   present: 3610   in FES: 159
** Event #18591232   t=477.120615555722   Elapsed: 533.618s (8m 53s)  95% completed  (47% total)
     Speed:     ev/sec=33012.2   simsec/sec=0.498035   ev/simsec=66284.8
     Messages:  created: 24383576   present: 3585   in FES: 161
** Event #18656256   t=478.089614500618   Elapsed: 535.624s (8m 55s)  95% completed  (47% total)
     Speed:     ev/sec=32417.1   simsec/sec=0.483085   ev/simsec=67104.3
     Messages:  created: 24470072   present: 3560   in FES: 162
** Event #18721792   t=479.055628057025   Elapsed: 537.632s (8m 57s)  95% completed  (47% total)
     Speed:     ev/sec=32640.3   simsec/sec=0.481125   ev/simsec=67841.7
     Messages:  created: 24557070   present: 3513   in FES: 137
** Event #18790400   t=480.068922997409   Elapsed: 539.639s (8m 59s)  96% completed  (48% total)
     Speed:     ev/sec=34177.4   simsec/sec=0.504778   ev/simsec=67707.8
     Messages:  created: 24648108   present: 3582   in FES: 161
** Event #18857216   t=480.938911294234   Elapsed: 541.641s (9m 01s)  96% completed  (48% total)
     Speed:     ev/sec=33385.5   simsec/sec=0.434701   ev/simsec=76801
     Messages:  created: 24737505   present: 3587   in FES: 159
** Event #18921472   t=481.731473381596   Elapsed: 543.642s (9m 03s)  96% completed  (48% total)
     Speed:     ev/sec=32100.2   simsec/sec=0.395938   ev/simsec=81073.8
     Messages:  created: 24823607   present: 3490   in FES: 165
** Event #18986496   t=482.758529887155   Elapsed: 545.645s (9m 05s)  96% completed  (48% total)
     Speed:     ev/sec=32473.8   simsec/sec=0.512924   ev/simsec=63311
     Messages:  created: 24910307   present: 3477   in FES: 156
** Event #19048448   t=483.774381942244   Elapsed: 547.646s (9m 07s)  96% completed  (48% total)
     Speed:     ev/sec=30957.8   simsec/sec=0.507627   ev/simsec=60985.3
     Messages:  created: 24992602   present: 3437   in FES: 131
** Event #19113984   t=484.823956555016   Elapsed: 549.651s (9m 09s)  96% completed  (48% total)
     Speed:     ev/sec=32677   simsec/sec=0.52333   ev/simsec=62440.5
     Messages:  created: 25079954   present: 3498   in FES: 157
** Event #19179776   t=485.905438175754   Elapsed: 551.658s (9m 11s)  97% completed  (48% total)
     Speed:     ev/sec=32793.1   simsec/sec=0.53905   ev/simsec=60835.1
     Messages:  created: 25167610   present: 3530   in FES: 161
** Event #19248128   t=487.025974820893   Elapsed: 553.66s (9m 13s)  97% completed  (48% total)
     Speed:     ev/sec=34128.9   simsec/sec=0.559497   ev/simsec=60999.3
     Messages:  created: 25258811   present: 3526   in FES: 158
** Event #19317504   t=488.125870197807   Elapsed: 555.668s (9m 15s)  97% completed  (48% total)
     Speed:     ev/sec=34564.2   simsec/sec=0.547984   ev/simsec=63075.1
     Messages:  created: 25350793   present: 3555   in FES: 156
** Event #19373824   t=489.067248515074   Elapsed: 557.678s (9m 17s)  97% completed  (48% total)
     Speed:     ev/sec=28020.5   simsec/sec=0.468358   ev/simsec=59827.2
     Messages:  created: 25426076   present: 3547   in FES: 159
** Event #19441664   t=490.181209296874   Elapsed: 559.688s (9m 19s)  98% completed  (49% total)
     Speed:     ev/sec=33743.1   simsec/sec=0.554076   ev/simsec=60899.8
     Messages:  created: 25516241   present: 3553   in FES: 158
** Event #19510528   t=491.37106357066   Elapsed: 561.691s (9m 21s)  98% completed  (49% total)
     Speed:     ev/sec=34382.4   simsec/sec=0.59407   ev/simsec=57876
     Messages:  created: 25607748   present: 3499   in FES: 137
** Event #19576832   t=492.548632195442   Elapsed: 563.696s (9m 23s)  98% completed  (49% total)
     Speed:     ev/sec=33071.7   simsec/sec=0.587358   ev/simsec=56305.8
     Messages:  created: 25696144   present: 3646   in FES: 158
** Event #19645440   t=493.68073950109   Elapsed: 565.696s (9m 25s)  98% completed  (49% total)
     Speed:     ev/sec=34298.6   simsec/sec=0.565964   ev/simsec=60602
     Messages:  created: 25788083   present: 3583   in FES: 143
** Event #19712768   t=494.511622711155   Elapsed: 567.703s (9m 27s)  98% completed  (49% total)
     Speed:     ev/sec=33552.4   simsec/sec=0.414065   ev/simsec=81031.8
     Messages:  created: 25878770   present: 3612   in FES: 157
** Event #19772160   t=495.407740898725   Elapsed: 569.704s (9m 29s)  99% completed  (49% total)
     Speed:     ev/sec=29683.2   simsec/sec=0.447866   ev/simsec=66277
     Messages:  created: 25958103   present: 3659   in FES: 156
** Event #19843840   t=496.48363461314   Elapsed: 571.708s (9m 31s)  99% completed  (49% total)
     Speed:     ev/sec=35752.9   simsec/sec=0.53664   ev/simsec=66623.7
     Messages:  created: 26053687   present: 3663   in FES: 147
** Event #19912448   t=497.401621444699   Elapsed: 573.712s (9m 33s)  99% completed  (49% total)
     Speed:     ev/sec=34248.8   simsec/sec=0.458255   ev/simsec=74737.5
     Messages:  created: 26141420   present: 2410   in FES: 154
** Event #19988736   t=497.6306160402   Elapsed: 575.712s (9m 35s)  99% completed  (49% total)
     Speed:     ev/sec=38139.1   simsec/sec=0.114483   ev/simsec=333143
     Messages:  created: 26247217   present: 2402   in FES: 160
** Event #20057856   t=497.8657006512   Elapsed: 577.72s (9m 37s)  99% completed  (49% total)
     Speed:     ev/sec=34413.1   simsec/sec=0.117043   ev/simsec=294022
     Messages:  created: 26342900   present: 2323   in FES: 128
** Event #20128000   t=498.114795783365   Elapsed: 579.725s (9m 39s)  99% completed  (49% total)
     Speed:     ev/sec=34994.3   simsec/sec=0.124272   ev/simsec=281595
     Messages:  created: 26439552   present: 2404   in FES: 152
** Event #20191744   t=498.328091534782   Elapsed: 581.729s (9m 41s)  99% completed  (49% total)
     Speed:     ev/sec=31813   simsec/sec=0.10645   ev/simsec=298853
     Messages:  created: 26527651   present: 2408   in FES: 156
** Event #20249088   t=498.515545517556   Elapsed: 583.731s (9m 43s)  99% completed  (49% total)
     Speed:     ev/sec=28635.9   simsec/sec=0.0936089   ev/simsec=305910
     Messages:  created: 26606980   present: 2486   in FES: 178
** Event #20317696   t=498.755519876371   Elapsed: 585.733s (9m 45s)  99% completed  (49% total)
     Speed:     ev/sec=34273   simsec/sec=0.119879   ev/simsec=285897
     Messages:  created: 26701957   present: 2413   in FES: 158
** Event #20388864   t=498.999318553876   Elapsed: 587.736s (9m 47s)  99% completed  (49% total)
     Speed:     ev/sec=35520.6   simsec/sec=0.121682   ev/simsec=291913
     Messages:  created: 26800490   present: 2322   in FES: 133
** Event #20457984   t=499.22456319537   Elapsed: 589.741s (9m 49s)  99% completed  (49% total)
     Speed:     ev/sec=34482.8   simsec/sec=0.112371   ev/simsec=306866
     Messages:  created: 26895615   present: 2415   in FES: 151
** Event #20529152   t=499.465282643755   Elapsed: 591.742s (9m 51s)  99% completed  (49% total)
     Speed:     ev/sec=35561.5   simsec/sec=0.120284   ev/simsec=295647
     Messages:  created: 26993874   present: 2358   in FES: 138
** Event #20600064   t=499.70321330322   Elapsed: 593.749s (9m 53s)  99% completed  (49% total)
     Speed:     ev/sec=35340.1   simsec/sec=0.118577   ev/simsec=298036
     Messages:  created: 27091984   present: 2475   in FES: 179
** Event #20675072   t=499.966931943638   Elapsed: 595.752s (9m 55s)  99% completed  (49% total)
     Speed:     ev/sec=37451.8   simsec/sec=0.131676   ev/simsec=284424
     Messages:  created: 27195514   present: 2321   in FES: 161
** Event #20683106   t=500   Elapsed: 595.952s (9m 55s)  100% completed  (50% total)
     Speed:     ev/sec=40049.5   simsec/sec=0.164865   ev/simsec=242923
     Messages:  created: 27206555   present: 2322   in FES: 159

<!> Simulation time limit reached -- at t=500s, event #20683106
undisposed object: (omnetpp::cMessage) FanetReconNetwork.groundStation.app.debugTimer -- check module destructor
undisposed object: (omnetpp::cMessage) FanetReconNetwork.uav[0].app.debugTimer -- check module destructor
undisposed object: (omnetpp::cMessage) FanetReconNetwork.uav[1].app.debugTimer -- check module destructor
undisposed object: (omnetpp::cMessage) FanetReconNetwork.uav[2].app.debugTimer -- check module destructor
undisposed object: (omnetpp::cMessage) FanetReconNetwork.uav[3].app.debugTimer -- check module destructor
undisposed object: (omnetpp::cMessage) FanetReconNetwork.uav[4].app.debugTimer -- check module destructor
undisposed object: (omnetpp::cMessage) FanetReconNetwork.uav[5].app.debugTimer -- check module destructor
undisposed object: (omnetpp::cMessage) FanetReconNetwork.uav[6].app.debugTimer -- check module destructor
undisposed object: (omnetpp::cMessage) FanetReconNetwork.uav[7].app.debugTimer -- check module destructor
undisposed object: (omnetpp::cMessage) FanetReconNetwork.uav[8].app.debugTimer -- check module destructor
undisposed object: (omnetpp::cMessage) FanetReconNetwork.uav[9].app.debugTimer -- check module destructor
undisposed object: (omnetpp::cMessage) FanetReconNetwork.uav[10].app.debugTimer -- check module destructor
undisposed object: (omnetpp::cMessage) FanetReconNetwork.uav[11].app.debugTimer -- check module destructor
undisposed object: (omnetpp::cMessage) FanetReconNetwork.uav[12].app.debugTimer -- check module destructor
undisposed object: (omnetpp::cMessage) FanetReconNetwork.uav[13].app.debugTimer -- check module destructor
undisposed object: (omnetpp::cMessage) FanetReconNetwork.uav[14].app.debugTimer -- check module destructor
undisposed object: (omnetpp::cMessage) FanetReconNetwork.uav[15].app.debugTimer -- check module destructor
undisposed object: (omnetpp::cMessage) FanetReconNetwork.uav[16].app.debugTimer -- check module destructor
undisposed object: (omnetpp::cMessage) FanetReconNetwork.uav[17].app.debugTimer -- check module destructor
undisposed object: (omnetpp::cMessage) FanetReconNetwork.uav[18].app.debugTimer -- check module destructor
undisposed object: (omnetpp::cMessage) FanetReconNetwork.uav[19].app.debugTimer -- check module destructor
undisposed object: (omnetpp::cMessage) FanetReconNetwork.uav[20].app.debugTimer -- check module destructor
undisposed object: (omnetpp::cMessage) FanetReconNetwork.uav[21].app.debugTimer -- check module destructor
undisposed object: (omnetpp::cMessage) FanetReconNetwork.uav[22].app.debugTimer -- check module destructor
undisposed object: (omnetpp::cMessage) FanetReconNetwork.uav[23].app.debugTimer -- check module destructor
undisposed object: (omnetpp::cMessage) FanetReconNetwork.uav[24].app.debugTimer -- check module destructor
undisposed object: (omnetpp::cMessage) FanetReconNetwork.uav[25].app.debugTimer -- check module destructor
undisposed object: (omnetpp::cMessage) FanetReconNetwork.uav[26].app.debugTimer -- check module destructor
undisposed object: (omnetpp::cMessage) FanetReconNetwork.uav[27].app.debugTimer -- check module destructor
undisposed object: (omnetpp::cMessage) FanetReconNetwork.uav[28].app.debugTimer -- check module destructor
undisposed object: (omnetpp::cMessage) FanetReconNetwork.uav[29].app.debugTimer -- check module destructor
