** Event #0   t=0   Elapsed: 8e-06s (0m 00s)  0% completed  (50% total)
     Speed:     ev/sec=0   simsec/sec=0   ev/simsec=0
     Messages:  created: 418   present: 418   in FES: 66
** Event #88064   t=117.26064257029   Elapsed: 2.00488s (0m 02s)  23% completed  (61% total)
     Speed:     ev/sec=43925.5   simsec/sec=58.4879   ev/simsec=751.019
     Messages:  created: 77678   present: 880   in FES: 54
** Event #159744   t=154.513322010869   Elapsed: 4.0064s (0m 04s)  30% completed  (65% total)
     Speed:     ev/sec=35812.8   simsec/sec=18.6122   ev/simsec=1924.16
     Messages:  created: 152600   present: 1716   in FES: 54
** Event #230144   t=194.0572765098   Elapsed: 6.00963s (0m 06s)  38% completed  (69% total)
     Speed:     ev/sec=35143.1   simsec/sec=19.74   ev/simsec=1780.3
     Messages:  created: 224521   present: 2719   in FES: 54
** Event #307968   t=253.749130365672   Elapsed: 8.0109s (0m 08s)  50% completed  (75% total)
     Speed:     ev/sec=38887.4   simsec/sec=29.827   ev/simsec=1303.76
     Messages:  created: 298516   present: 4633   in FES: 43
** Event #376832   t=322.263589656129   Elapsed: 10.0169s (0m 10s)  64% completed  (82% total)
     Speed:     ev/sec=34329.7   simsec/sec=34.1555   ev/simsec=1005.1
     Messages:  created: 359290   present: 7038   in FES: 51
** Event #447744   t=359.066461240308   Elapsed: 12.0223s (0m 12s)  71% completed  (85% total)
     Speed:     ev/sec=35359.6   simsec/sec=18.3514   ev/simsec=1926.81
     Messages:  created: 432003   present: 7078   in FES: 59
** Event #512256   t=368.475147924301   Elapsed: 14.0265s (0m 14s)  73% completed  (86% total)
     Speed:     ev/sec=32189.4   simsec/sec=4.69463   ev/simsec=6856.64
     Messages:  created: 507083   present: 6690   in FES: 45
** Event #579840   t=369   Elapsed: 16.0304s (0m 16s)  73% completed  (86% total)
     Speed:     ev/sec=33726.2   simsec/sec=0.261915   ev/simsec=128768
     Messages:  created: 591542   present: 6702   in FES: 45
** Event #643584   t=369.498750995418   Elapsed: 18.0308s (0m 18s)  73% completed  (86% total)
     Speed:     ev/sec=31865   simsec/sec=0.249321   ev/simsec=127807
     Messages:  created: 671147   present: 6738   in FES: 56
** Event #704000   t=369.957303319814   Elapsed: 20.0362s (0m 20s)  73% completed  (86% total)
     Speed:     ev/sec=30125.9   simsec/sec=0.228653   ev/simsec=131754
     Messages:  created: 745379   present: 6232   in FES: 57
** Event #771072   t=373.320801565398   Elapsed: 22.0375s (0m 22s)  74% completed  (87% total)
     Speed:     ev/sec=33515.7   simsec/sec=1.68073   ev/simsec=19941.1
     Messages:  created: 827719   present: 6236   in FES: 54
** Event #848128   t=377.829589025632   Elapsed: 24.0441s (0m 24s)  75% completed  (87% total)
     Speed:     ev/sec=38401.3   simsec/sec=2.24698   ev/simsec=17090.2
     Messages:  created: 922224   present: 6357   in FES: 52
** Event #919552   t=382.07287741216   Elapsed: 26.0444s (0m 26s)  76% completed  (88% total)
     Speed:     ev/sec=35706.4   simsec/sec=2.12131   ev/simsec=16832.2
     Messages:  created: 1009594   present: 6428   in FES: 55
** Event #998656   t=386.633189711334   Elapsed: 28.0454s (0m 28s)  77% completed  (88% total)
     Speed:     ev/sec=39531.3   simsec/sec=2.27896   ev/simsec=17346.2
     Messages:  created: 1106533   present: 6507   in FES: 45
** Event #1077248   t=391.364683026154   Elapsed: 30.0499s (0m 30s)  78% completed  (89% total)
     Speed:     ev/sec=39207.9   simsec/sec=2.36044   ev/simsec=16610.4
     Messages:  created: 1202691   present: 6572   in FES: 56
** Event #1135872   t=394.833070355129   Elapsed: 32.0577s (0m 32s)  78% completed  (89% total)
     Speed:     ev/sec=29198.5   simsec/sec=1.72748   ev/simsec=16902.4
     Messages:  created: 1274581   present: 6699   in FES: 55
** Event #1208832   t=399.120470478666   Elapsed: 34.0581s (0m 34s)  79% completed  (89% total)
     Speed:     ev/sec=36472.2   simsec/sec=2.14324   ev/simsec=17017.3
     Messages:  created: 1363892   present: 6762   in FES: 56
** Event #1282560   t=403.569673114809   Elapsed: 36.0641s (0m 36s)  80% completed  (90% total)
     Speed:     ev/sec=36753.1   simsec/sec=2.21791   ev/simsec=16571.1
     Messages:  created: 1454210   present: 6844   in FES: 55
** Event #1359104   t=407.075154407753   Elapsed: 38.0665s (0m 38s)  81% completed  (90% total)
     Speed:     ev/sec=38226.4   simsec/sec=1.75065   ev/simsec=21835.5
     Messages:  created: 1546878   present: 6288   in FES: 55
** Event #1438208   t=411.576906959071   Elapsed: 40.0669s (0m 40s)  82% completed  (91% total)
     Speed:     ev/sec=39544.8   simsec/sec=2.25047   ev/simsec=17571.8
     Messages:  created: 1644021   present: 6384   in FES: 52
** Event #1508096   t=415.573538115505   Elapsed: 42.0734s (0m 42s)  83% completed  (91% total)
     Speed:     ev/sec=34830.7   simsec/sec=1.99184   ev/simsec=17486.7
     Messages:  created: 1729751   present: 6443   in FES: 55
** Event #1581824   t=422.392337798521   Elapsed: 44.075s (0m 44s)  84% completed  (92% total)
     Speed:     ev/sec=36833.4   simsec/sec=3.40657   ev/simsec=10812.5
     Messages:  created: 1819017   present: 6548   in FES: 51
** Event #1649664   t=438.87527198298   Elapsed: 46.0781s (0m 46s)  87% completed  (93% total)
     Speed:     ev/sec=33868   simsec/sec=8.22884   ev/simsec=4115.77
     Messages:  created: 1897638   present: 7039   in FES: 49
** Event #1725184   t=443.124182601538   Elapsed: 48.0854s (0m 48s)  88% completed  (94% total)
     Speed:     ev/sec=37622.5   simsec/sec=2.11672   ev/simsec=17774
     Messages:  created: 1990446   present: 7137   in FES: 56
** Event #1790720   t=446.778010786159   Elapsed: 50.0867s (0m 50s)  89% completed  (94% total)
     Speed:     ev/sec=32746.5   simsec/sec=1.82571   ev/simsec=17936.3
     Messages:  created: 2071184   present: 7214   in FES: 47
** Event #1851392   t=450.121258047688   Elapsed: 52.0943s (0m 52s)  90% completed  (95% total)
     Speed:     ev/sec=30221.1   simsec/sec=1.66529   ev/simsec=18147.6
     Messages:  created: 2145950   present: 7272   in FES: 45
** Event #1919232   t=453.777684097606   Elapsed: 54.0946s (0m 54s)  90% completed  (95% total)
     Speed:     ev/sec=33915.3   simsec/sec=1.82796   ev/simsec=18553.6
     Messages:  created: 2229820   present: 7416   in FES: 58
** Event #1989120   t=457.614461975998   Elapsed: 56.1008s (0m 56s)  91% completed  (95% total)
     Speed:     ev/sec=34835.6   simsec/sec=1.91244   ev/simsec=18215.3
     Messages:  created: 2316045   present: 7430   in FES: 54
** Event #2052352   t=461.029173514424   Elapsed: 58.1009s (0m 58s)  92% completed  (96% total)
     Speed:     ev/sec=31614.6   simsec/sec=1.70728   ev/simsec=18517.5
     Messages:  created: 2394073   present: 7590   in FES: 59
** Event #2128384   t=465.272962646753   Elapsed: 60.1068s (1m 00s)  93% completed  (96% total)
     Speed:     ev/sec=37904.5   simsec/sec=2.11567   ev/simsec=17916.1
     Messages:  created: 2487629   present: 7685   in FES: 56
** Event #2193152   t=477.087909908275   Elapsed: 62.1137s (1m 02s)  95% completed  (97% total)
     Speed:     ev/sec=32273.3   simsec/sec=5.88729   ev/simsec=5481.87
     Messages:  created: 2560362   present: 1924   in FES: 54
** Event #2267904   t=485.521520912278   Elapsed: 64.1144s (1m 04s)  97% completed  (98% total)
     Speed:     ev/sec=37361.9   simsec/sec=4.21521   ev/simsec=8863.58
     Messages:  created: 2650210   present: 2165   in FES: 44
** Event #2340608   t=489.768779393962   Elapsed: 66.1181s (1m 06s)  97% completed  (98% total)
     Speed:     ev/sec=36286.1   simsec/sec=2.11978   ev/simsec=17117.9
     Messages:  created: 2739375   present: 2284   in FES: 51
** Event #2388665   t=500   Elapsed: 67.4595s (1m 07s)  100% completed  (100% total)
     Speed:     ev/sec=35824.3   simsec/sec=7.62708   ev/simsec=4697
     Messages:  created: 2795341   present: 2440   in FES: 42

<!> Simulation time limit reached -- at t=500s, event #2388665
undisposed object: (omnetpp::cMessage) FanetReconNetwork.groundStation.app.debugTimer -- check module destructor
undisposed object: (omnetpp::cMessage) FanetReconNetwork.uav[0].app.debugTimer -- check module destructor
undisposed object: (omnetpp::cMessage) FanetReconNetwork.uav[1].app.debugTimer -- check module destructor
undisposed object: (omnetpp::cMessage) FanetReconNetwork.uav[2].app.debugTimer -- check module destructor
undisposed object: (omnetpp::cMessage) FanetReconNetwork.uav[3].app.debugTimer -- check module destructor
undisposed object: (omnetpp::cMessage) FanetReconNetwork.uav[4].app.debugTimer -- check module destructor
undisposed object: (omnetpp::cMessage) FanetReconNetwork.uav[5].app.debugTimer -- check module destructor
undisposed object: (omnetpp::cMessage) FanetReconNetwork.uav[6].app.debugTimer -- check module destructor
undisposed object: (omnetpp::cMessage) FanetReconNetwork.uav[7].app.debugTimer -- check module destructor
undisposed object: (omnetpp::cMessage) FanetReconNetwork.uav[8].app.debugTimer -- check module destructor
undisposed object: (omnetpp::cMessage) FanetReconNetwork.uav[9].app.debugTimer -- check module destructor
