** Event #0   t=0   Elapsed: 2.2e-05s (0m 00s)  0% completed  (0% total)
     Speed:     ev/sec=0   simsec/sec=0   ev/simsec=0
     Messages:  created: 1178   present: 1178   in FES: 186
** Event #102144   t=30.077131580434   Elapsed: 2.0018s (0m 02s)  6% completed  (3% total)
     Speed:     ev/sec=51027.1   simsec/sec=15.0252   ev/simsec=3396.1
     Messages:  created: 102428   present: 1197   in FES: 154
** Event #191232   t=58.007226939041   Elapsed: 4.00851s (0m 04s)  11% completed  (5% total)
     Speed:     ev/sec=44395   simsec/sec=13.9183   ev/simsec=3189.68
     Messages:  created: 191081   present: 1204   in FES: 154
** Event #285696   t=87.014019810147   Elapsed: 6.00892s (0m 06s)  17% completed  (8% total)
     Speed:     ev/sec=47222.2   simsec/sec=14.5004   ev/simsec=3256.62
     Messages:  created: 285582   present: 1202   in FES: 149
** Event #371968   t=100.445878368915   Elapsed: 8.01761s (0m 08s)  20% completed  (10% total)
     Speed:     ev/sec=42949.5   simsec/sec=6.6869   ev/simsec=6422.94
     Messages:  created: 386524   present: 1262   in FES: 179
** Event #455168   t=102.6   Elapsed: 10.0206s (0m 10s)  20% completed  (10% total)
     Speed:     ev/sec=41536.9   simsec/sec=1.07543   ev/simsec=38623.6
     Messages:  created: 496648   present: 1359   in FES: 146
** Event #528128   t=103.707844441513   Elapsed: 12.0257s (0m 12s)  20% completed  (10% total)
     Speed:     ev/sec=36387.3   simsec/sec=0.552515   ev/simsec=65857.6
     Messages:  created: 594390   present: 1612   in FES: 185
** Event #612352   t=109.045836099298   Elapsed: 14.0264s (0m 14s)  21% completed  (10% total)
     Speed:     ev/sec=42097.2   simsec/sec=2.66806   ev/simsec=15778.2
     Messages:  created: 700651   present: 2017   in FES: 158
** Event #694272   t=115.85375479549   Elapsed: 16.0297s (0m 16s)  23% completed  (11% total)
     Speed:     ev/sec=40892.4   simsec/sec=3.39834   ev/simsec=12033
     Messages:  created: 802234   present: 2581   in FES: 137
** Event #783360   t=122.826659764269   Elapsed: 18.0334s (0m 18s)  24% completed  (12% total)
     Speed:     ev/sec=44463.5   simsec/sec=3.48015   ev/simsec=12776.3
     Messages:  created: 912713   present: 3246   in FES: 154
** Event #873472   t=126.869507079147   Elapsed: 20.0335s (0m 20s)  25% completed  (12% total)
     Speed:     ev/sec=45053.7   simsec/sec=2.02132   ev/simsec=22289.2
     Messages:  created: 1030174   present: 3663   in FES: 150
** Event #967680   t=128.252634462467   Elapsed: 22.0356s (0m 22s)  25% completed  (12% total)
     Speed:     ev/sec=47053.4   simsec/sec=0.69082   ev/simsec=68112.3
     Messages:  created: 1158106   present: 3808   in FES: 155
** Event #1060864   t=131.054389878135   Elapsed: 24.0393s (0m 24s)  26% completed  (13% total)
     Speed:     ev/sec=46505.7   simsec/sec=1.39828   ev/simsec=33259.1
     Messages:  created: 1282636   present: 3930   in FES: 125
** Event #1150720   t=138.685759687153   Elapsed: 26.0402s (0m 26s)  27% completed  (13% total)
     Speed:     ev/sec=44909.4   simsec/sec=3.8141   ev/simsec=11774.6
     Messages:  created: 1394489   present: 4686   in FES: 159
** Event #1217792   t=142.29586900863   Elapsed: 28.0455s (0m 28s)  28% completed  (14% total)
     Speed:     ev/sec=33447   simsec/sec=1.80026   ev/simsec=18578.9
     Messages:  created: 1480999   present: 4981   in FES: 152
** Event #1299200   t=146.805954591804   Elapsed: 30.0505s (0m 30s)  29% completed  (14% total)
     Speed:     ev/sec=40602   simsec/sec=2.24939   ev/simsec=18050.2
     Messages:  created: 1585730   present: 5378   in FES: 155
** Event #1381888   t=150.913776342872   Elapsed: 32.0542s (0m 32s)  30% completed  (15% total)
     Speed:     ev/sec=41268.6   simsec/sec=2.05017   ev/simsec=20129.4
     Messages:  created: 1692154   present: 5806   in FES: 165
** Event #1453824   t=151.163512992924   Elapsed: 34.0585s (0m 34s)  30% completed  (15% total)
     Speed:     ev/sec=35890.8   simsec/sec=0.1246   ev/simsec=288047
     Messages:  created: 1791055   present: 5780   in FES: 150
** Event #1535232   t=151.608908793638   Elapsed: 36.0645s (0m 36s)  30% completed  (15% total)
     Speed:     ev/sec=40580.8   simsec/sec=0.222024   ev/simsec=182777
     Messages:  created: 1903466   present: 5757   in FES: 155
** Event #1607424   t=152.161450149523   Elapsed: 38.0649s (0m 38s)  30% completed  (15% total)
     Speed:     ev/sec=36089.6   simsec/sec=0.276222   ev/simsec=130654
     Messages:  created: 2002511   present: 5746   in FES: 126
** Event #1688064   t=152.815065029697   Elapsed: 40.0675s (0m 40s)  30% completed  (15% total)
     Speed:     ev/sec=40267.8   simsec/sec=0.326385   ev/simsec=123375
     Messages:  created: 2113851   present: 5878   in FES: 159
** Event #1760512   t=153.337430982551   Elapsed: 42.0687s (0m 42s)  30% completed  (15% total)
     Speed:     ev/sec=36201.2   simsec/sec=0.261019   ev/simsec=138692
     Messages:  created: 2213132   present: 5879   in FES: 138
** Event #1838336   t=153.975892234895   Elapsed: 44.0808s (0m 44s)  30% completed  (15% total)
     Speed:     ev/sec=38678.6   simsec/sec=0.317315   ev/simsec=121893
     Messages:  created: 2320552   present: 5932   in FES: 147
** Event #1917696   t=154.568544691076   Elapsed: 46.0862s (0m 46s)  30% completed  (15% total)
     Speed:     ev/sec=39573.7   simsec/sec=0.295532   ev/simsec=133906
     Messages:  created: 2429484   present: 6001   in FES: 143
** Event #2003200   t=155.228494779604   Elapsed: 48.0896s (0m 48s)  31% completed  (15% total)
     Speed:     ev/sec=42680.1   simsec/sec=0.32942   ev/simsec=129561
     Messages:  created: 2546718   present: 5982   in FES: 124
** Event #2083328   t=155.835895998592   Elapsed: 50.0896s (0m 50s)  31% completed  (15% total)
     Speed:     ev/sec=40062.1   simsec/sec=0.303686   ev/simsec=131919
     Messages:  created: 2657348   present: 6061   in FES: 132
** Event #2183680   t=156.5902681963   Elapsed: 52.0936s (0m 52s)  31% completed  (15% total)
     Speed:     ev/sec=50077.7   simsec/sec=0.376447   ev/simsec=133027
     Messages:  created: 2795170   present: 6181   in FES: 148
** Event #2265344   t=157.229265544831   Elapsed: 54.0972s (0m 54s)  31% completed  (15% total)
     Speed:     ev/sec=40759   simsec/sec=0.318927   ev/simsec=127800
     Messages:  created: 2907036   present: 6238   in FES: 155
** Event #2351872   t=157.863795497696   Elapsed: 56.0998s (0m 56s)  31% completed  (15% total)
     Speed:     ev/sec=43206.3   simsec/sec=0.316842   ev/simsec=136366
     Messages:  created: 3026468   present: 6273   in FES: 145
** Event #2433536   t=158.494596321772   Elapsed: 58.1035s (0m 58s)  31% completed  (15% total)
     Speed:     ev/sec=40757.3   simsec/sec=0.314824   ev/simsec=129461
     Messages:  created: 3138438   present: 6308   in FES: 136
** Event #2513408   t=159.088825989487   Elapsed: 60.1103s (1m 00s)  31% completed  (15% total)
     Speed:     ev/sec=39801.5   simsec/sec=0.296114   ev/simsec=134413
     Messages:  created: 3247931   present: 6378   in FES: 160
** Event #2609152   t=159.823607931425   Elapsed: 62.1151s (1m 02s)  31% completed  (15% total)
     Speed:     ev/sec=47756.7   simsec/sec=0.366506   ev/simsec=130303
     Messages:  created: 3379844   present: 6455   in FES: 156
** Event #2689280   t=160.411421806825   Elapsed: 64.1186s (1m 04s)  32% completed  (16% total)
     Speed:     ev/sec=39993   simsec/sec=0.293386   ev/simsec=136315
     Messages:  created: 3489487   present: 6488   in FES: 160
** Event #2771456   t=161.060804923974   Elapsed: 66.1216s (1m 06s)  32% completed  (16% total)
     Speed:     ev/sec=41027.1   simsec/sec=0.32421   ev/simsec=126545
     Messages:  created: 3602271   present: 6520   in FES: 162
** Event #2848768   t=161.612865055315   Elapsed: 68.1234s (1m 08s)  32% completed  (16% total)
     Speed:     ev/sec=38622.1   simsec/sec=0.275788   ev/simsec=140043
     Messages:  created: 3708666   present: 6576   in FES: 160
** Event #2950144   t=162.365776939648   Elapsed: 70.1255s (1m 10s)  32% completed  (16% total)
     Speed:     ev/sec=50634.7   simsec/sec=0.37606   ev/simsec=134645
     Messages:  created: 3847799   present: 6649   in FES: 156
** Event #3029504   t=162.999552095501   Elapsed: 72.1295s (1m 12s)  32% completed  (16% total)
     Speed:     ev/sec=39600.8   simsec/sec=0.316255   ev/simsec=125218
     Messages:  created: 3957326   present: 6714   in FES: 162
** Event #3124736   t=163.736535607649   Elapsed: 74.1325s (1m 14s)  32% completed  (16% total)
     Speed:     ev/sec=47544.8   simsec/sec=0.367941   ev/simsec=129219
     Messages:  created: 4087830   present: 6756   in FES: 154
** Event #3207936   t=164.340298170636   Elapsed: 76.1329s (1m 16s)  32% completed  (16% total)
     Speed:     ev/sec=41591.7   simsec/sec=0.301821   ev/simsec=137803
     Messages:  created: 4201849   present: 6794   in FES: 154
** Event #3290112   t=164.987341792562   Elapsed: 78.1396s (1m 18s)  32% completed  (16% total)
     Speed:     ev/sec=40950.7   simsec/sec=0.322441   ev/simsec=127002
     Messages:  created: 4315202   present: 6888   in FES: 156
** Event #3380736   t=165.598403455561   Elapsed: 80.1437s (1m 20s)  33% completed  (16% total)
     Speed:     ev/sec=45218.1   simsec/sec=0.304898   ev/simsec=148306
     Messages:  created: 4439258   present: 6869   in FES: 138
** Event #3466752   t=166.235402885032   Elapsed: 82.148s (1m 22s)  33% completed  (16% total)
     Speed:     ev/sec=42917   simsec/sec=0.317826   ev/simsec=135033
     Messages:  created: 4557084   present: 6980   in FES: 154
** Event #3549696   t=166.85706920174   Elapsed: 84.1523s (1m 24s)  33% completed  (16% total)
     Speed:     ev/sec=41381.9   simsec/sec=0.310158   ev/simsec=133422
     Messages:  created: 4671569   present: 6991   in FES: 159
** Event #3626240   t=167.425285993457   Elapsed: 86.1543s (1m 26s)  33% completed  (16% total)
     Speed:     ev/sec=38234.2   simsec/sec=0.283828   ev/simsec=134709
     Messages:  created: 4776485   present: 7057   in FES: 162
** Event #3705856   t=168.06319649402   Elapsed: 88.1551s (1m 28s)  33% completed  (16% total)
     Speed:     ev/sec=39791.5   simsec/sec=0.318823   ev/simsec=124807
     Messages:  created: 4885865   present: 7082   in FES: 159
** Event #3787776   t=168.66455525235   Elapsed: 90.1615s (1m 30s)  33% completed  (16% total)
     Speed:     ev/sec=40830.3   simsec/sec=0.299727   ev/simsec=136225
     Messages:  created: 4998636   present: 7160   in FES: 156
** Event #3870976   t=169.313613610129   Elapsed: 92.1625s (1m 32s)  33% completed  (16% total)
     Speed:     ev/sec=41579   simsec/sec=0.324366   ev/simsec=128186
     Messages:  created: 5112563   present: 7201   in FES: 156
** Event #3949568   t=169.907261248823   Elapsed: 94.1669s (1m 34s)  33% completed  (16% total)
     Speed:     ev/sec=39208.7   simsec/sec=0.296164   ev/simsec=132388
     Messages:  created: 5220914   present: 7131   in FES: 133
** Event #4026112   t=170.485786115977   Elapsed: 96.17s (1m 36s)  34% completed  (17% total)
     Speed:     ev/sec=38213.4   simsec/sec=0.28882   ev/simsec=132309
     Messages:  created: 5325698   present: 7262   in FES: 143
** Event #4102912   t=171.063282032286   Elapsed: 98.1714s (1m 38s)  34% completed  (17% total)
     Speed:     ev/sec=38374.3   simsec/sec=0.288555   ev/simsec=132988
     Messages:  created: 5431148   present: 7340   in FES: 162
** Event #4192768   t=171.735209799508   Elapsed: 100.174s (1m 40s)  34% completed  (17% total)
     Speed:     ev/sec=44867   simsec/sec=0.335508   ev/simsec=133729
     Messages:  created: 5554696   present: 7422   in FES: 156
** Event #4285696   t=172.352286990797   Elapsed: 102.175s (1m 42s)  34% completed  (17% total)
     Speed:     ev/sec=46448.1   simsec/sec=0.308433   ev/simsec=150594
     Messages:  created: 5682098   present: 7401   in FES: 161
** Event #4378112   t=173.068558081176   Elapsed: 104.179s (1m 44s)  34% completed  (17% total)
     Speed:     ev/sec=46115.3   simsec/sec=0.357417   ev/simsec=129024
     Messages:  created: 5809047   present: 7485   in FES: 149
** Event #4471552   t=173.752123897332   Elapsed: 106.184s (1m 46s)  34% completed  (17% total)
     Speed:     ev/sec=46593.7   simsec/sec=0.340859   ev/simsec=136695
     Messages:  created: 5937895   present: 7557   in FES: 155
** Event #4574720   t=174.511264048167   Elapsed: 108.186s (1m 48s)  34% completed  (17% total)
     Speed:     ev/sec=51547.4   simsec/sec=0.379301   ev/simsec=135901
     Messages:  created: 6079372   present: 7588   in FES: 153
** Event #4657152   t=175.113817470187   Elapsed: 110.19s (1m 50s)  35% completed  (17% total)
     Speed:     ev/sec=41125.4   simsec/sec=0.300614   ev/simsec=136804
     Messages:  created: 6192323   present: 7658   in FES: 157
** Event #4753664   t=175.849790233615   Elapsed: 112.192s (1m 52s)  35% completed  (17% total)
     Speed:     ev/sec=48208   simsec/sec=0.36762   ev/simsec=131135
     Messages:  created: 6325378   present: 7694   in FES: 161
** Event #4824832   t=176.358568270834   Elapsed: 114.193s (1m 54s)  35% completed  (17% total)
     Speed:     ev/sec=35568.7   simsec/sec=0.254279   ev/simsec=139880
     Messages:  created: 6422719   present: 7709   in FES: 156
** Event #4918016   t=177.080816640339   Elapsed: 116.194s (1m 56s)  35% completed  (17% total)
     Speed:     ev/sec=46569.4   simsec/sec=0.360949   ev/simsec=129019
     Messages:  created: 6550596   present: 7774   in FES: 161
** Event #5009920   t=177.806792510423   Elapsed: 118.195s (1m 58s)  35% completed  (17% total)
     Speed:     ev/sec=45936.4   simsec/sec=0.362865   ev/simsec=126594
     Messages:  created: 6677245   present: 7725   in FES: 142
** Event #5094656   t=178.474819458909   Elapsed: 120.196s (2m 00s)  35% completed  (17% total)
     Speed:     ev/sec=42329   simsec/sec=0.333706   ev/simsec=126845
     Messages:  created: 6793341   present: 7845   in FES: 159
** Event #5168896   t=179.105587159192   Elapsed: 122.198s (2m 02s)  35% completed  (17% total)
     Speed:     ev/sec=37094.3   simsec/sec=0.315166   ev/simsec=117698
     Messages:  created: 6894866   present: 7916   in FES: 150
** Event #5254912   t=179.889417729807   Elapsed: 124.203s (2m 04s)  35% completed  (17% total)
     Speed:     ev/sec=42896.6   simsec/sec=0.3909   ev/simsec=109738
     Messages:  created: 7013348   present: 7917   in FES: 156
** Event #5342720   t=180.750086966409   Elapsed: 126.203s (2m 06s)  36% completed  (18% total)
     Speed:     ev/sec=43892.7   simsec/sec=0.430224   ev/simsec=102023
     Messages:  created: 7133387   present: 7991   in FES: 133
** Event #5449216   t=181.567707176072   Elapsed: 128.21s (2m 08s)  36% completed  (18% total)
     Speed:     ev/sec=53082.6   simsec/sec=0.407541   ev/simsec=130251
     Messages:  created: 7279575   present: 8031   in FES: 129
** Event #5542400   t=182.248336090901   Elapsed: 130.211s (2m 10s)  36% completed  (18% total)
     Speed:     ev/sec=46564.8   simsec/sec=0.340115   ev/simsec=136909
     Messages:  created: 7407625   present: 8177   in FES: 158
** Event #5627136   t=182.907091576487   Elapsed: 132.211s (2m 12s)  36% completed  (18% total)
     Speed:     ev/sec=42366.1   simsec/sec=0.329363   ev/simsec=128630
     Messages:  created: 7524599   present: 8217   in FES: 154
** Event #5724672   t=183.618622929237   Elapsed: 134.213s (2m 14s)  36% completed  (18% total)
     Speed:     ev/sec=48707.1   simsec/sec=0.355321   ev/simsec=137079
     Messages:  created: 7658524   present: 8191   in FES: 131
** Event #5829632   t=184.358265918092   Elapsed: 136.22s (2m 16s)  36% completed  (18% total)
     Speed:     ev/sec=52319.2   simsec/sec=0.368688   ev/simsec=141906
     Messages:  created: 7802912   present: 8273   in FES: 140
** Event #5923072   t=185.163103223109   Elapsed: 138.223s (2m 18s)  37% completed  (18% total)
     Speed:     ev/sec=46635.3   simsec/sec=0.401689   ev/simsec=116098
     Messages:  created: 7931268   present: 8345   in FES: 158
** Event #6026752   t=186.076882279505   Elapsed: 140.227s (2m 20s)  37% completed  (18% total)
     Speed:     ev/sec=51747.8   simsec/sec=0.456077   ev/simsec=113463
     Messages:  created: 8073785   present: 8357   in FES: 141
** Event #6120448   t=186.920238444074   Elapsed: 142.232s (2m 22s)  37% completed  (18% total)
     Speed:     ev/sec=46731.1   simsec/sec=0.420626   ev/simsec=111099
     Messages:  created: 8202987   present: 8431   in FES: 139
** Event #6212096   t=187.739238087793   Elapsed: 144.232s (2m 24s)  37% completed  (18% total)
     Speed:     ev/sec=45815.9   simsec/sec=0.409427   ev/simsec=111902
     Messages:  created: 8328851   present: 8513   in FES: 159
** Event #6316800   t=188.676543553824   Elapsed: 146.236s (2m 26s)  37% completed  (18% total)
     Speed:     ev/sec=52246.5   simsec/sec=0.467709   ev/simsec=111707
     Messages:  created: 8472722   present: 8560   in FES: 155
** Event #6432000   t=189.735562566395   Elapsed: 148.24s (2m 28s)  37% completed  (18% total)
     Speed:     ev/sec=57488   simsec/sec=0.52848   ev/simsec=108780
     Messages:  created: 8631109   present: 8658   in FES: 159
** Event #6522112   t=190.498866658732   Elapsed: 150.241s (2m 30s)  38% completed  (19% total)
     Speed:     ev/sec=45041.9   simsec/sec=0.381533   ev/simsec=118055
     Messages:  created: 8754988   present: 8704   in FES: 154
** Event #6638592   t=191.555911325917   Elapsed: 152.246s (2m 32s)  38% completed  (19% total)
     Speed:     ev/sec=58085.7   simsec/sec=0.527122   ev/simsec=110194
     Messages:  created: 8915111   present: 8707   in FES: 152
** Event #6737152   t=192.488051054449   Elapsed: 154.246s (2m 34s)  38% completed  (19% total)
     Speed:     ev/sec=49275.8   simsec/sec=0.46603   ev/simsec=105735
     Messages:  created: 9050569   present: 8852   in FES: 155
** Event #6852864   t=193.795837055376   Elapsed: 156.247s (2m 36s)  38% completed  (19% total)
     Speed:     ev/sec=57828.3   simsec/sec=0.65358   ev/simsec=88479.3
     Messages:  created: 9209443   present: 8874   in FES: 162
** Event #6959360   t=194.922547313595   Elapsed: 158.25s (2m 38s)  38% completed  (19% total)
     Speed:     ev/sec=53183.2   simsec/sec=0.562669   ev/simsec=94519.4
     Messages:  created: 9355712   present: 9082   in FES: 176
** Event #7062784   t=196.081433306168   Elapsed: 160.252s (2m 40s)  39% completed  (19% total)
     Speed:     ev/sec=51654   simsec/sec=0.578794   ev/simsec=89244.3
     Messages:  created: 9496980   present: 9066   in FES: 138
** Event #7156736   t=196.814844686081   Elapsed: 162.252s (2m 42s)  39% completed  (19% total)
     Speed:     ev/sec=46960.6   simsec/sec=0.366586   ev/simsec=128103
     Messages:  created: 9626677   present: 9148   in FES: 158
** Event #7237632   t=197.228854971589   Elapsed: 164.255s (2m 44s)  39% completed  (19% total)
     Speed:     ev/sec=40391.1   simsec/sec=0.206714   ev/simsec=195396
     Messages:  created: 9738105   present: 9175   in FES: 155
** Event #7352064   t=197.969970237015   Elapsed: 166.258s (2m 46s)  39% completed  (19% total)
     Speed:     ev/sec=57151.2   simsec/sec=0.370138   ev/simsec=154405
     Messages:  created: 9896493   present: 9230   in FES: 155
** Event #7452160   t=198.818669169934   Elapsed: 168.26s (2m 48s)  39% completed  (19% total)
     Speed:     ev/sec=49983.2   simsec/sec=0.4238   ev/simsec=117941
     Messages:  created: 10033969   present: 9298   in FES: 156
** Event #7563776   t=199.728489823078   Elapsed: 170.262s (2m 50s)  39% completed  (19% total)
     Speed:     ev/sec=55758.8   simsec/sec=0.454509   ev/simsec=122679
     Messages:  created: 10187292   present: 9287   in FES: 129
** Event #7676160   t=200.668912904824   Elapsed: 172.263s (2m 52s)  40% completed  (20% total)
     Speed:     ev/sec=56158.3   simsec/sec=0.46993   ev/simsec=119504
     Messages:  created: 10341708   present: 9346   in FES: 137
** Event #7769856   t=201.353350454117   Elapsed: 174.266s (2m 54s)  40% completed  (20% total)
     Speed:     ev/sec=46770.9   simsec/sec=0.341655   ev/simsec=136895
     Messages:  created: 10470532   present: 9393   in FES: 154
** Event #7868416   t=202.081751554098   Elapsed: 176.268s (2m 56s)  40% completed  (20% total)
     Speed:     ev/sec=49238.1   simsec/sec=0.363891   ev/simsec=135310
     Messages:  created: 10606145   present: 9439   in FES: 134
** Event #7960832   t=202.810894627661   Elapsed: 178.269s (2m 58s)  40% completed  (20% total)
     Speed:     ev/sec=46179.4   simsec/sec=0.364346   ev/simsec=126746
     Messages:  created: 10733799   present: 9534   in FES: 154
** Event #8047872   t=203.468827150743   Elapsed: 180.27s (3m 00s)  40% completed  (20% total)
     Speed:     ev/sec=43503.3   simsec/sec=0.32884   ev/simsec=132293
     Messages:  created: 10853381   present: 9545   in FES: 138
** Event #8144128   t=204.174068264176   Elapsed: 182.276s (3m 02s)  40% completed  (20% total)
     Speed:     ev/sec=47985   simsec/sec=0.351573   ev/simsec=136487
     Messages:  created: 10985766   present: 9613   in FES: 143
** Event #8237312   t=204.869631487487   Elapsed: 184.287s (3m 04s)  40% completed  (20% total)
     Speed:     ev/sec=46334.7   simsec/sec=0.345861   ev/simsec=133969
     Messages:  created: 11114524   present: 9610   in FES: 131
** Event #8340736   t=205.658122631704   Elapsed: 186.291s (3m 06s)  41% completed  (20% total)
     Speed:     ev/sec=51603.1   simsec/sec=0.393415   ev/simsec=131167
     Messages:  created: 11256753   present: 9697   in FES: 160
** Event #8452096   t=206.470782481266   Elapsed: 188.293s (3m 08s)  41% completed  (20% total)
     Speed:     ev/sec=55625.5   simsec/sec=0.405932   ev/simsec=137032
     Messages:  created: 11410020   present: 9771   in FES: 145
** Event #8549888   t=207.173920202414   Elapsed: 190.297s (3m 10s)  41% completed  (20% total)
     Speed:     ev/sec=48817.8   simsec/sec=0.351006   ev/simsec=139079
     Messages:  created: 11544407   present: 9850   in FES: 159
** Event #8643328   t=207.972079552348   Elapsed: 192.301s (3m 12s)  41% completed  (20% total)
     Speed:     ev/sec=46615.7   simsec/sec=0.398188   ev/simsec=117069
     Messages:  created: 11673292   present: 9905   in FES: 155
** Event #8734976   t=208.738569485694   Elapsed: 194.305s (3m 14s)  41% completed  (20% total)
     Speed:     ev/sec=45734.6   simsec/sec=0.382498   ev/simsec=119568
     Messages:  created: 11798935   present: 9977   in FES: 154
** Event #8838400   t=209.668043336485   Elapsed: 196.315s (3m 16s)  41% completed  (20% total)
     Speed:     ev/sec=51444.4   simsec/sec=0.462332   ev/simsec=111272
     Messages:  created: 11940706   present: 10035   in FES: 159
** Event #8928768   t=210.465623607677   Elapsed: 198.316s (3m 18s)  42% completed  (21% total)
     Speed:     ev/sec=45180.1   simsec/sec=0.398756   ev/simsec=113303
     Messages:  created: 12064477   present: 10084   in FES: 156
** Event #9033472   t=211.373038772398   Elapsed: 200.323s (3m 20s)  42% completed  (21% total)
     Speed:     ev/sec=52156.2   simsec/sec=0.452011   ev/simsec=115387
     Messages:  created: 12208089   present: 10246   in FES: 185
** Event #9123328   t=212.162842798982   Elapsed: 202.325s (3m 22s)  42% completed  (21% total)
     Speed:     ev/sec=44882.3   simsec/sec=0.394501   ev/simsec=113770
     Messages:  created: 12331154   present: 10207   in FES: 154
** Event #9219328   t=212.98840298207   Elapsed: 204.331s (3m 24s)  42% completed  (21% total)
     Speed:     ev/sec=47853.1   simsec/sec=0.411517   ev/simsec=116285
     Messages:  created: 12463542   present: 10294   in FES: 154
** Event #9324032   t=213.923026959673   Elapsed: 206.335s (3m 26s)  42% completed  (21% total)
     Speed:     ev/sec=52262.3   simsec/sec=0.466511   ev/simsec=112028
     Messages:  created: 12607074   present: 10352   in FES: 154
** Event #9416960   t=214.729504097034   Elapsed: 208.338s (3m 28s)  42% completed  (21% total)
     Speed:     ev/sec=46395.3   simsec/sec=0.402642   ev/simsec=115227
     Messages:  created: 12734322   present: 10424   in FES: 161
** Event #9507328   t=215.493192742366   Elapsed: 210.343s (3m 30s)  43% completed  (21% total)
     Speed:     ev/sec=45073.5   simsec/sec=0.38091   ev/simsec=118331
     Messages:  created: 12858108   present: 10470   in FES: 162
** Event #9612544   t=216.465070174292   Elapsed: 212.343s (3m 32s)  43% completed  (21% total)
     Speed:     ev/sec=52586   simsec/sec=0.485736   ev/simsec=108261
     Messages:  created: 13002230   present: 10454   in FES: 132
** Event #9710336   t=217.254391901246   Elapsed: 214.344s (3m 34s)  43% completed  (21% total)
     Speed:     ev/sec=48875.9   simsec/sec=0.394499   ev/simsec=123894
     Messages:  created: 13136347   present: 10588   in FES: 155
** Event #9797376   t=218.045602333443   Elapsed: 216.348s (3m 36s)  43% completed  (21% total)
     Speed:     ev/sec=43435.1   simsec/sec=0.394833   ev/simsec=110009
     Messages:  created: 13255893   present: 10564   in FES: 154
** Event #9888256   t=218.907392482115   Elapsed: 218.352s (3m 38s)  43% completed  (21% total)
     Speed:     ev/sec=45345.7   simsec/sec=0.430001   ev/simsec=105455
     Messages:  created: 13380631   present: 10647   in FES: 154
** Event #9974528   t=219.619344821408   Elapsed: 220.359s (3m 40s)  43% completed  (21% total)
     Speed:     ev/sec=42993.1   simsec/sec=0.354797   ev/simsec=121177
     Messages:  created: 13498748   present: 10753   in FES: 156
** Event #10067456   t=220.422762645957   Elapsed: 222.363s (3m 42s)  44% completed  (22% total)
     Speed:     ev/sec=46372.6   simsec/sec=0.400919   ev/simsec=115666
     Messages:  created: 13625949   present: 10825   in FES: 161
** Event #10165248   t=221.245235931279   Elapsed: 224.367s (3m 44s)  44% completed  (22% total)
     Speed:     ev/sec=48792.2   simsec/sec=0.410364   ev/simsec=118900
     Messages:  created: 13759810   present: 10873   in FES: 154
** Event #10251264   t=222.004376860718   Elapsed: 226.37s (3m 46s)  44% completed  (22% total)
     Speed:     ev/sec=42939   simsec/sec=0.378961   ev/simsec=113307
     Messages:  created: 13878299   present: 11032   in FES: 181
** Event #10342144   t=222.858714147502   Elapsed: 228.374s (3m 48s)  44% completed  (22% total)
     Speed:     ev/sec=45362.6   simsec/sec=0.426441   ev/simsec=106375
     Messages:  created: 14002609   present: 10981   in FES: 154
** Event #10432256   t=223.42484139401   Elapsed: 230.377s (3m 50s)  44% completed  (22% total)
     Speed:     ev/sec=44989.8   simsec/sec=0.282648   ev/simsec=159173
     Messages:  created: 14123968   present: 10555   in FES: 156
** Event #10521344   t=223.699114294343   Elapsed: 232.38s (3m 52s)  44% completed  (22% total)
     Speed:     ev/sec=44470.3   simsec/sec=0.136909   ev/simsec=324815
     Messages:  created: 14245243   present: 9870   in FES: 160
** Event #10601728   t=223.936493678255   Elapsed: 234.383s (3m 54s)  44% completed  (22% total)
     Speed:     ev/sec=40134.7   simsec/sec=0.11852   ev/simsec=338631
     Messages:  created: 14356452   present: 9444   in FES: 135
** Event #10685440   t=224.216194100199   Elapsed: 236.385s (3m 56s)  44% completed  (22% total)
     Speed:     ev/sec=41801.3   simsec/sec=0.139668   ev/simsec=299292
     Messages:  created: 14472235   present: 9568   in FES: 191
** Event #10771712   t=224.403923305254   Elapsed: 238.386s (3m 58s)  44% completed  (22% total)
     Speed:     ev/sec=43134.4   simsec/sec=0.0938612   ev/simsec=459556
     Messages:  created: 14589163   present: 9047   in FES: 197
** Event #10851840   t=224.600376933452   Elapsed: 240.388s (4m 00s)  44% completed  (22% total)
     Speed:     ev/sec=40011.9   simsec/sec=0.0980991   ev/simsec=407872
     Messages:  created: 14699424   present: 8606   in FES: 159
** Event #10938624   t=224.857308835842   Elapsed: 242.389s (4m 02s)  44% completed  (22% total)
     Speed:     ev/sec=43368.6   simsec/sec=0.128397   ev/simsec=337770
     Messages:  created: 14820087   present: 8626   in FES: 181
** Event #11014400   t=225.123133392956   Elapsed: 244.396s (4m 04s)  45% completed  (22% total)
     Speed:     ev/sec=37767.2   simsec/sec=0.132489   ev/simsec=285060
     Messages:  created: 14924820   present: 8511   in FES: 172
** Event #11100928   t=225.409742761975   Elapsed: 246.401s (4m 06s)  45% completed  (22% total)
     Speed:     ev/sec=43150.2   simsec/sec=0.142928   ev/simsec=301902
     Messages:  created: 15039201   present: 6827   in FES: 173
** Event #11191296   t=225.674120197353   Elapsed: 248.402s (4m 08s)  45% completed  (22% total)
     Speed:     ev/sec=45158.2   simsec/sec=0.132113   ev/simsec=341814
     Messages:  created: 15162529   present: 6383   in FES: 178
** Event #11284736   t=225.974250336306   Elapsed: 250.402s (4m 10s)  45% completed  (22% total)
     Speed:     ev/sec=46710.4   simsec/sec=0.150034   ev/simsec=311332
     Messages:  created: 15291938   present: 6199   in FES: 149
** Event #11370240   t=226.230897588889   Elapsed: 252.478s (4m 12s)  45% completed  (22% total)
     Speed:     ev/sec=41198.7   simsec/sec=0.123661   ev/simsec=333158
     Messages:  created: 15410079   present: 6256   in FES: 176
