** Event #0   t=0   Elapsed: 2.5e-05s (0m 00s)  0% completed  (0% total)
     Speed:     ev/sec=0   simsec/sec=0   ev/simsec=0
     Messages:  created: 1178   present: 1178   in FES: 186
** Event #103936   t=17.180774130393   Elapsed: 2.00717s (0m 02s)  3% completed  (1% total)
     Speed:     ev/sec=51783.5   simsec/sec=8.5598   ev/simsec=6049.61
     Messages:  created: 109683   present: 1210   in FES: 154
** Event #217600   t=36.029351427434   Elapsed: 4.0087s (0m 04s)  7% completed  (3% total)
     Speed:     ev/sec=56788.3   simsec/sec=9.41704   ev/simsec=6030.38
     Messages:  created: 229520   present: 1201   in FES: 154
** Event #306432   t=50.154141496977   Elapsed: 6.01012s (0m 06s)  10% completed  (5% total)
     Speed:     ev/sec=44384.6   simsec/sec=7.05741   ev/simsec=6289.08
     Messages:  created: 323358   present: 1154   in FES: 135
** Event #385792   t=63.204638975233   Elapsed: 8.01213s (0m 08s)  12% completed  (6% total)
     Speed:     ev/sec=39640.1   simsec/sec=6.51869   ev/simsec=6080.99
     Messages:  created: 407558   present: 1162   in FES: 137
** Event #468480   t=77.029409005023   Elapsed: 10.0157s (0m 10s)  15% completed  (7% total)
     Speed:     ev/sec=41270.5   simsec/sec=6.9001   ev/simsec=5981.15
     Messages:  created: 494748   present: 1127   in FES: 124
** Event #552960   t=90.376578091245   Elapsed: 12.02s (0m 12s)  18% completed  (9% total)
     Speed:     ev/sec=42148.4   simsec/sec=6.65911   ev/simsec=6329.43
     Messages:  created: 584062   present: 1116   in FES: 122
** Event #635392   t=100.885349593   Elapsed: 14.0258s (0m 14s)  20% completed  (10% total)
     Speed:     ev/sec=41097.1   simsec/sec=5.23922   ev/simsec=7844.11
     Messages:  created: 676973   present: 1230   in FES: 158
** Event #722176   t=106.724145223333   Elapsed: 16.0278s (0m 16s)  21% completed  (10% total)
     Speed:     ev/sec=43349.8   simsec/sec=2.91656   ev/simsec=14863.3
     Messages:  created: 781939   present: 1826   in FES: 151
** Event #799744   t=111.113274676482   Elapsed: 18.0304s (0m 18s)  22% completed  (11% total)
     Speed:     ev/sec=38732.7   simsec/sec=2.19166   ev/simsec=17672.8
     Messages:  created: 877046   present: 2207   in FES: 154
** Event #887040   t=115.494634173941   Elapsed: 20.0323s (0m 20s)  23% completed  (11% total)
     Speed:     ev/sec=43606.5   simsec/sec=2.1886   ev/simsec=19924.4
     Messages:  created: 985111   present: 2460   in FES: 129
** Event #982272   t=120.334528458099   Elapsed: 22.0344s (0m 22s)  24% completed  (12% total)
     Speed:     ev/sec=47567.4   simsec/sec=2.41748   ev/simsec=19676.5
     Messages:  created: 1102758   present: 2873   in FES: 134
** Event #1067008   t=125.244601441022   Elapsed: 24.0363s (0m 24s)  25% completed  (12% total)
     Speed:     ev/sec=42327.3   simsec/sec=2.45268   ev/simsec=17257.6
     Messages:  created: 1206105   present: 3411   in FES: 154
** Event #1142016   t=126.762375395464   Elapsed: 26.0399s (0m 26s)  25% completed  (12% total)
     Speed:     ev/sec=37437.1   simsec/sec=0.757533   ev/simsec=49419.7
     Messages:  created: 1306649   present: 3479   in FES: 154
** Event #1219328   t=128.314812075984   Elapsed: 28.0437s (0m 28s)  25% completed  (12% total)
     Speed:     ev/sec=38582.3   simsec/sec=0.774739   ev/simsec=49800.4
     Messages:  created: 1409244   present: 3560   in FES: 125
** Event #1296128   t=130.852323955887   Elapsed: 30.0447s (0m 30s)  26% completed  (13% total)
     Speed:     ev/sec=38380.3   simsec/sec=1.26811   ev/simsec=30265.9
     Messages:  created: 1509325   present: 3814   in FES: 148
** Event #1379840   t=135.031456642575   Elapsed: 32.0485s (0m 32s)  27% completed  (13% total)
     Speed:     ev/sec=41776.1   simsec/sec=2.08558   ev/simsec=20031
     Messages:  created: 1613871   present: 4079   in FES: 125
** Event #1454592   t=139.414087410099   Elapsed: 34.0539s (0m 34s)  27% completed  (13% total)
     Speed:     ev/sec=37275.6   simsec/sec=2.18543   ev/simsec=17056.4
     Messages:  created: 1705557   present: 4490   in FES: 137
** Event #1534976   t=143.004323836993   Elapsed: 36.0568s (0m 36s)  28% completed  (14% total)
     Speed:     ev/sec=40133.8   simsec/sec=1.79252   ev/simsec=22389.6
     Messages:  created: 1808986   present: 4812   in FES: 154
** Event #1615616   t=146.410679702812   Elapsed: 38.0592s (0m 38s)  29% completed  (14% total)
     Speed:     ev/sec=40272.1   simsec/sec=1.70116   ev/simsec=23673.4
     Messages:  created: 1910586   present: 5083   in FES: 141
** Event #1700352   t=150.057806544819   Elapsed: 40.0635s (0m 40s)  30% completed  (15% total)
     Speed:     ev/sec=42276.9   simsec/sec=1.81964   ev/simsec=23233.6
     Messages:  created: 2018151   present: 5441   in FES: 156
** Event #1782272   t=151.446631439251   Elapsed: 42.0683s (0m 42s)  30% completed  (15% total)
     Speed:     ev/sec=40862.2   simsec/sec=0.692755   ev/simsec=58985.1
     Messages:  created: 2127441   present: 5515   in FES: 133
** Event #1858560   t=151.693681650417   Elapsed: 44.0705s (0m 44s)  30% completed  (15% total)
     Speed:     ev/sec=38101.5   simsec/sec=0.123387   ev/simsec=308796
     Messages:  created: 2233149   present: 5604   in FES: 154
** Event #1935616   t=152.059398025127   Elapsed: 46.0742s (0m 46s)  30% completed  (15% total)
     Speed:     ev/sec=38456.7   simsec/sec=0.18252   ev/simsec=210699
     Messages:  created: 2339033   present: 5541   in FES: 159
** Event #2013184   t=152.733034541281   Elapsed: 48.0756s (0m 48s)  30% completed  (15% total)
     Speed:     ev/sec=38757.7   simsec/sec=0.33659   ev/simsec=115148
     Messages:  created: 2444972   present: 5552   in FES: 124
** Event #2091520   t=153.368756710391   Elapsed: 50.0763s (0m 50s)  30% completed  (15% total)
     Speed:     ev/sec=39154.5   simsec/sec=0.317751   ev/simsec=123224
     Messages:  created: 2551730   present: 5662   in FES: 156
** Event #2169856   t=154.063257879331   Elapsed: 52.0766s (0m 52s)  30% completed  (15% total)
     Speed:     ev/sec=39162.1   simsec/sec=0.347199   ev/simsec=112795
     Messages:  created: 2658977   present: 5703   in FES: 160
** Event #2255616   t=154.764597003419   Elapsed: 54.0789s (0m 54s)  30% completed  (15% total)
     Speed:     ev/sec=42830.7   simsec/sec=0.350266   ev/simsec=122280
     Messages:  created: 2776195   present: 5673   in FES: 123
** Event #2325248   t=155.367245746663   Elapsed: 56.0888s (0m 56s)  31% completed  (15% total)
     Speed:     ev/sec=34643.6   simsec/sec=0.299832   ev/simsec=115543
     Messages:  created: 2870970   present: 5754   in FES: 129
** Event #2410240   t=156.065051345382   Elapsed: 58.0892s (0m 58s)  31% completed  (15% total)
     Speed:     ev/sec=42487.6   simsec/sec=0.348834   ev/simsec=121799
     Messages:  created: 2987416   present: 5839   in FES: 144
** Event #2482176   t=156.573738669243   Elapsed: 60.0918s (1m 00s)  31% completed  (15% total)
     Speed:     ev/sec=35922.3   simsec/sec=0.25402   ev/simsec=141415
     Messages:  created: 3085663   present: 5915   in FES: 152
** Event #2562816   t=157.124331359536   Elapsed: 62.0961s (1m 02s)  31% completed  (15% total)
     Speed:     ev/sec=40233.1   simsec/sec=0.274703   ev/simsec=146460
     Messages:  created: 3195870   present: 5925   in FES: 144
** Event #2639872   t=157.727014886236   Elapsed: 64.0997s (1m 04s)  31% completed  (15% total)
     Speed:     ev/sec=38457.8   simsec/sec=0.300793   ev/simsec=127855
     Messages:  created: 3301516   present: 5912   in FES: 130
** Event #2714880   t=158.246285570588   Elapsed: 66.1842s (1m 06s)  31% completed  (15% total)
     Speed:     ev/sec=35984.4   simsec/sec=0.249116   ev/simsec=144449
     Messages:  created: 3403876   present: 5975   in FES: 124
** Event #2797824   t=158.861423709149   Elapsed: 68.1905s (1m 08s)  31% completed  (15% total)
     Speed:     ev/sec=41342.8   simsec/sec=0.306611   ev/simsec=134838
     Messages:  created: 3517932   present: 6032   in FES: 136
** Event #2876416   t=159.405865280286   Elapsed: 70.1938s (1m 10s)  31% completed  (15% total)
     Speed:     ev/sec=39229.8   simsec/sec=0.271762   ev/simsec=144353
     Messages:  created: 3624826   present: 6083   in FES: 154
** Event #2955776   t=159.998769173228   Elapsed: 72.1979s (1m 12s)  31% completed  (15% total)
     Speed:     ev/sec=39600.2   simsec/sec=0.295856   ev/simsec=133850
     Messages:  created: 3734270   present: 6195   in FES: 154
** Event #3041024   t=160.604798109881   Elapsed: 74.2007s (1m 14s)  32% completed  (16% total)
     Speed:     ev/sec=42563   simsec/sec=0.302581   ev/simsec=140667
     Messages:  created: 3850291   present: 6213   in FES: 154
** Event #3123712   t=161.16435385931   Elapsed: 76.2043s (1m 16s)  32% completed  (16% total)
     Speed:     ev/sec=41270.5   simsec/sec=0.279281   ev/simsec=147774
     Messages:  created: 3963330   present: 6247   in FES: 155
** Event #3200000   t=161.728096269242   Elapsed: 78.2087s (1m 18s)  32% completed  (16% total)
     Speed:     ev/sec=38059.5   simsec/sec=0.281246   ev/simsec=135324
     Messages:  created: 4068114   present: 6277   in FES: 160
** Event #3276544   t=162.244251249393   Elapsed: 80.2158s (1m 20s)  32% completed  (16% total)
     Speed:     ev/sec=38137.7   simsec/sec=0.257172   ev/simsec=148297
     Messages:  created: 4172492   present: 6314   in FES: 151
** Event #3361792   t=162.872482306846   Elapsed: 82.2177s (1m 22s)  32% completed  (16% total)
     Speed:     ev/sec=42581.9   simsec/sec=0.313805   ev/simsec=135695
     Messages:  created: 4289708   present: 6301   in FES: 133
** Event #3436544   t=163.377953277545   Elapsed: 84.2235s (1m 24s)  32% completed  (16% total)
     Speed:     ev/sec=37269.6   simsec/sec=0.252016   ev/simsec=147886
     Messages:  created: 4391448   present: 6344   in FES: 126
** Event #3508992   t=163.916007712451   Elapsed: 86.2285s (1m 26s)  32% completed  (16% total)
     Speed:     ev/sec=36132.3   simsec/sec=0.268346   ev/simsec=134648
     Messages:  created: 4491185   present: 6420   in FES: 160
** Event #3587584   t=164.481141430474   Elapsed: 88.2319s (1m 28s)  32% completed  (16% total)
     Speed:     ev/sec=39229.2   simsec/sec=0.282086   ev/simsec=139068
     Messages:  created: 4598103   present: 6474   in FES: 156
** Event #3670784   t=165.072916655622   Elapsed: 90.2348s (1m 30s)  33% completed  (16% total)
     Speed:     ev/sec=41541.3   simsec/sec=0.29547   ev/simsec=140594
     Messages:  created: 4712108   present: 6470   in FES: 132
** Event #3742464   t=165.596284589273   Elapsed: 92.2374s (1m 32s)  33% completed  (16% total)
     Speed:     ev/sec=35793.1   simsec/sec=0.261341   ev/simsec=136959
     Messages:  created: 4810146   present: 6457   in FES: 137
** Event #3822080   t=166.126307355493   Elapsed: 94.2379s (1m 34s)  33% completed  (16% total)
     Speed:     ev/sec=39798.4   simsec/sec=0.264948   ev/simsec=150212
     Messages:  created: 4919046   present: 6576   in FES: 143
** Event #3892992   t=166.660957321002   Elapsed: 96.2453s (1m 36s)  33% completed  (16% total)
     Speed:     ev/sec=35324.2   simsec/sec=0.266332   ev/simsec=132633
     Messages:  created: 5016381   present: 6600   in FES: 154
** Event #3976960   t=167.2544653142   Elapsed: 98.2463s (1m 38s)  33% completed  (16% total)
     Speed:     ev/sec=41963.4   simsec/sec=0.296609   ev/simsec=141477
     Messages:  created: 5131137   present: 6773   in FES: 185
** Event #4054528   t=167.857636983702   Elapsed: 100.258s (1m 40s)  33% completed  (16% total)
     Speed:     ev/sec=38557.3   simsec/sec=0.299823   ev/simsec=128600
     Messages:  created: 5237773   present: 6703   in FES: 149
** Event #4132608   t=168.380202106579   Elapsed: 102.262s (1m 42s)  33% completed  (16% total)
     Speed:     ev/sec=38954.3   simsec/sec=0.260709   ev/simsec=149417
     Messages:  created: 5344197   present: 6663   in FES: 125
** Event #4206592   t=168.974290633421   Elapsed: 104.269s (1m 44s)  33% completed  (16% total)
     Speed:     ev/sec=36872.3   simsec/sec=0.296083   ev/simsec=124534
     Messages:  created: 5446030   present: 6731   in FES: 160
** Event #4275712   t=169.421740208701   Elapsed: 106.356s (1m 46s)  33% completed  (16% total)
     Speed:     ev/sec=33111.6   simsec/sec=0.214348   ev/simsec=154476
     Messages:  created: 5539962   present: 6881   in FES: 185
** Event #4354048   t=170.004747293687   Elapsed: 108.361s (1m 48s)  34% completed  (17% total)
     Speed:     ev/sec=39078.9   simsec/sec=0.290841   ev/simsec=134365
     Messages:  created: 5647880   present: 6883   in FES: 163
** Event #4426240   t=170.502473344061   Elapsed: 110.368s (1m 50s)  34% completed  (17% total)
     Speed:     ev/sec=35977.2   simsec/sec=0.248044   ev/simsec=145044
     Messages:  created: 5745903   present: 6912   in FES: 163
** Event #4503808   t=171.091827828316   Elapsed: 112.373s (1m 52s)  34% completed  (17% total)
     Speed:     ev/sec=38671.7   simsec/sec=0.293824   ev/simsec=131615
     Messages:  created: 5851909   present: 6801   in FES: 130
** Event #4582144   t=171.623600816989   Elapsed: 114.376s (1m 54s)  34% completed  (17% total)
     Speed:     ev/sec=39118.6   simsec/sec=0.265551   ev/simsec=147311
     Messages:  created: 5959453   present: 6941   in FES: 142
** Event #4647936   t=172.100151350891   Elapsed: 116.439s (1m 56s)  34% completed  (17% total)
     Speed:     ev/sec=31885   simsec/sec=0.230952   ev/simsec=138059
     Messages:  created: 6049307   present: 6981   in FES: 155
** Event #4732160   t=172.723633561206   Elapsed: 118.443s (1m 58s)  34% completed  (17% total)
     Speed:     ev/sec=42040.7   simsec/sec=0.311213   ev/simsec=135086
     Messages:  created: 6164952   present: 6962   in FES: 161
** Event #4805376   t=173.228909617964   Elapsed: 120.448s (2m 00s)  34% completed  (17% total)
     Speed:     ev/sec=36510.1   simsec/sec=0.251962   ev/simsec=144903
     Messages:  created: 6264948   present: 7057   in FES: 161
** Event #4881152   t=173.743846726804   Elapsed: 122.448s (2m 02s)  34% completed  (17% total)
     Speed:     ev/sec=37884.1   simsec/sec=0.257442   ev/simsec=147156
     Messages:  created: 6369328   present: 7115   in FES: 162
** Event #4957952   t=174.310261726339   Elapsed: 124.449s (2m 04s)  34% completed  (17% total)
     Speed:     ev/sec=38378.7   simsec/sec=0.283051   ev/simsec=135590
     Messages:  created: 6474216   present: 7087   in FES: 155
** Event #5040128   t=174.874711490737   Elapsed: 126.452s (2m 06s)  34% completed  (17% total)
     Speed:     ev/sec=41026.2   simsec/sec=0.2818   ev/simsec=145586
     Messages:  created: 6587402   present: 7183   in FES: 157
** Event #5120768   t=175.424811269745   Elapsed: 128.453s (2m 08s)  35% completed  (17% total)
     Speed:     ev/sec=40303.7   simsec/sec=0.274938   ev/simsec=146592
     Messages:  created: 6697309   present: 7205   in FES: 155
** Event #5198080   t=176.001112164816   Elapsed: 130.455s (2m 10s)  35% completed  (17% total)
     Speed:     ev/sec=38624.2   simsec/sec=0.287914   ev/simsec=134152
     Messages:  created: 6803912   present: 7256   in FES: 156
** Event #5279232   t=176.573758556027   Elapsed: 132.455s (2m 12s)  35% completed  (17% total)
     Speed:     ev/sec=40564   simsec/sec=0.286239   ev/simsec=141714
     Messages:  created: 6914751   present: 7285   in FES: 157
** Event #5368320   t=177.227682308637   Elapsed: 134.459s (2m 14s)  35% completed  (17% total)
     Speed:     ev/sec=44471.7   simsec/sec=0.326431   ev/simsec=136236
     Messages:  created: 7036476   present: 7304   in FES: 155
** Event #5440256   t=177.735129329825   Elapsed: 136.461s (2m 16s)  35% completed  (17% total)
     Speed:     ev/sec=35933.3   simsec/sec=0.253479   ev/simsec=141761
     Messages:  created: 7135451   present: 7310   in FES: 133
** Event #5529600   t=178.353532103007   Elapsed: 138.461s (2m 18s)  35% completed  (17% total)
     Speed:     ev/sec=44662.4   simsec/sec=0.309135   ev/simsec=144475
     Messages:  created: 7257449   present: 7318   in FES: 126
** Event #5616128   t=178.981893380776   Elapsed: 140.464s (2m 20s)  35% completed  (17% total)
     Speed:     ev/sec=43211.3   simsec/sec=0.313798   ev/simsec=137704
     Messages:  created: 7376649   present: 7376   in FES: 134
** Event #5701888   t=179.565008089314   Elapsed: 142.467s (2m 22s)  35% completed  (17% total)
     Speed:     ev/sec=42801.2   simsec/sec=0.291022   ev/simsec=147072
     Messages:  created: 7493575   present: 7546   in FES: 191
** Event #5785088   t=180.118075728336   Elapsed: 144.472s (2m 24s)  36% completed  (18% total)
     Speed:     ev/sec=41503.4   simsec/sec=0.275892   ev/simsec=150434
     Messages:  created: 7607412   present: 7490   in FES: 149
** Event #5866240   t=180.739272810169   Elapsed: 146.475s (2m 26s)  36% completed  (18% total)
     Speed:     ev/sec=40512.4   simsec/sec=0.310112   ev/simsec=130638
     Messages:  created: 7718869   present: 7552   in FES: 159
** Event #5945600   t=181.361863291544   Elapsed: 148.476s (2m 28s)  36% completed  (18% total)
     Speed:     ev/sec=39657.4   simsec/sec=0.311118   ev/simsec=127467
     Messages:  created: 7827070   present: 7594   in FES: 163
** Event #6041600   t=182.115726447583   Elapsed: 150.481s (2m 30s)  36% completed  (18% total)
     Speed:     ev/sec=47883.5   simsec/sec=0.376017   ev/simsec=127344
     Messages:  created: 7958470   present: 7616   in FES: 162
** Event #6117376   t=182.74220010971   Elapsed: 152.485s (2m 32s)  36% completed  (18% total)
     Speed:     ev/sec=37814.6   simsec/sec=0.31263   ev/simsec=120956
     Messages:  created: 8062422   present: 7655   in FES: 154
** Event #6194688   t=183.352569904207   Elapsed: 154.491s (2m 34s)  36% completed  (18% total)
     Speed:     ev/sec=38542.8   simsec/sec=0.304291   ev/simsec=126664
     Messages:  created: 8167684   present: 7561   in FES: 126
** Event #6282496   t=184.063462077602   Elapsed: 156.492s (2m 36s)  36% completed  (18% total)
     Speed:     ev/sec=43867.3   simsec/sec=0.355149   ev/simsec=123518
     Messages:  created: 8288068   present: 7688   in FES: 145
** Event #6365440   t=184.733029339876   Elapsed: 158.494s (2m 38s)  36% completed  (18% total)
     Speed:     ev/sec=41435.7   simsec/sec=0.33449   ev/simsec=123877
     Messages:  created: 8401461   present: 7774   in FES: 161
** Event #6445568   t=185.413954957554   Elapsed: 160.498s (2m 40s)  37% completed  (18% total)
     Speed:     ev/sec=39997   simsec/sec=0.339893   ev/simsec=117675
     Messages:  created: 8510770   present: 7819   in FES: 155
** Event #6523648   t=186.074880785503   Elapsed: 162.502s (2m 42s)  37% completed  (18% total)
     Speed:     ev/sec=38961.7   simsec/sec=0.3298   ev/simsec=118137
     Messages:  created: 8617967   present: 7852   in FES: 159
** Event #6602240   t=186.746627057286   Elapsed: 164.507s (2m 44s)  37% completed  (18% total)
     Speed:     ev/sec=39186.5   simsec/sec=0.334937   ev/simsec=116997
     Messages:  created: 8725909   present: 7914   in FES: 154
** Event #6686976   t=187.417507953198   Elapsed: 166.673s (2m 46s)  37% completed  (18% total)
     Speed:     ev/sec=39127.4   simsec/sec=0.309784   ev/simsec=126306
     Messages:  created: 8841800   present: 7937   in FES: 154
** Event #6779648   t=188.176868933258   Elapsed: 168.674s (2m 48s)  37% completed  (18% total)
     Speed:     ev/sec=46314.1   simsec/sec=0.379501   ev/simsec=122039
     Messages:  created: 8968790   present: 7916   in FES: 131
** Event #6857984   t=188.854146898494   Elapsed: 170.68s (2m 50s)  37% completed  (18% total)
     Speed:     ev/sec=39053.5   simsec/sec=0.337649   ev/simsec=115663
     Messages:  created: 9076655   present: 8005   in FES: 160
** Event #6942976   t=189.563156660849   Elapsed: 172.685s (2m 52s)  37% completed  (18% total)
     Speed:     ev/sec=42389.3   simsec/sec=0.353615   ev/simsec=119874
     Messages:  created: 9192745   present: 8020   in FES: 141
** Event #7026176   t=190.249752233333   Elapsed: 174.686s (2m 54s)  38% completed  (19% total)
     Speed:     ev/sec=41564.9   simsec/sec=0.343008   ev/simsec=121178
     Messages:  created: 9306707   present: 8118   in FES: 155
** Event #7116544   t=191.015371304121   Elapsed: 176.692s (2m 56s)  38% completed  (19% total)
     Speed:     ev/sec=45057.7   simsec/sec=0.38174   ev/simsec=118033
     Messages:  created: 9431109   present: 8176   in FES: 159
** Event #7197184   t=191.680767678612   Elapsed: 178.696s (2m 58s)  38% completed  (19% total)
     Speed:     ev/sec=40238.2   simsec/sec=0.332023   ev/simsec=121191
     Messages:  created: 9541256   present: 8185   in FES: 160
** Event #7286272   t=192.475866368672   Elapsed: 180.703s (3m 00s)  38% completed  (19% total)
     Speed:     ev/sec=44393.3   simsec/sec=0.396204   ev/simsec=112046
     Messages:  created: 9662970   present: 8231   in FES: 156
** Event #7362816   t=193.236483407687   Elapsed: 182.703s (3m 02s)  38% completed  (19% total)
     Speed:     ev/sec=38268   simsec/sec=0.380268   ev/simsec=100634
     Messages:  created: 9767519   present: 8299   in FES: 153
** Event #7453184   t=194.159306106702   Elapsed: 184.704s (3m 04s)  38% completed  (19% total)
     Speed:     ev/sec=45160.4   simsec/sec=0.46117   ev/simsec=97925.6
     Messages:  created: 9891028   present: 8328   in FES: 153
** Event #7541760   t=195.064168762551   Elapsed: 186.704s (3m 06s)  39% completed  (19% total)
     Speed:     ev/sec=44280.2   simsec/sec=0.452352   ev/simsec=97888.9
     Messages:  created: 10012373   present: 8497   in FES: 191
** Event #7629568   t=195.993563133402   Elapsed: 188.708s (3m 08s)  39% completed  (19% total)
     Speed:     ev/sec=43835.7   simsec/sec=0.463975   ev/simsec=94478.7
     Messages:  created: 10132715   present: 8509   in FES: 158
** Event #7707136   t=196.858005780339   Elapsed: 190.708s (3m 10s)  39% completed  (19% total)
     Speed:     ev/sec=38777.6   simsec/sec=0.43215   ev/simsec=89731.8
     Messages:  created: 10238329   present: 8451   in FES: 124
** Event #7784448   t=197.672591775495   Elapsed: 192.71s (3m 12s)  39% completed  (19% total)
     Speed:     ev/sec=38621.6   simsec/sec=0.406931   ev/simsec=94909.6
     Messages:  created: 10343715   present: 8611   in FES: 158
** Event #7873280   t=198.639431144824   Elapsed: 194.711s (3m 14s)  39% completed  (19% total)
     Speed:     ev/sec=44378   simsec/sec=0.483006   ev/simsec=91878.8
     Messages:  created: 10464976   present: 8626   in FES: 161
** Event #7959808   t=199.613875807228   Elapsed: 196.713s (3m 16s)  39% completed  (19% total)
     Speed:     ev/sec=43219.7   simsec/sec=0.486724   ev/simsec=88797.2
     Messages:  created: 10583017   present: 8768   in FES: 155
** Event #8049408   t=200.608009537697   Elapsed: 198.718s (3m 18s)  40% completed  (20% total)
     Speed:     ev/sec=44705.5   simsec/sec=0.496019   ev/simsec=90128.7
     Messages:  created: 10705274   present: 8816   in FES: 160
** Event #8128000   t=201.47286251158   Elapsed: 200.723s (3m 20s)  40% completed  (20% total)
     Speed:     ev/sec=39194.8   simsec/sec=0.431313   ev/simsec=90873.2
     Messages:  created: 10812438   present: 8866   in FES: 156
** Event #8203264   t=201.79444876628   Elapsed: 202.853s (3m 22s)  40% completed  (20% total)
     Speed:     ev/sec=35330.6   simsec/sec=0.15096   ev/simsec=234040
     Messages:  created: 10916726   present: 8898   in FES: 134
** Event #8300288   t=202.408710441631   Elapsed: 204.854s (3m 24s)  40% completed  (20% total)
     Speed:     ev/sec=48499   simsec/sec=0.307048   ev/simsec=157952
     Messages:  created: 11049750   present: 8949   in FES: 154
** Event #8384512   t=203.160061633778   Elapsed: 206.857s (3m 26s)  40% completed  (20% total)
     Speed:     ev/sec=42032.3   simsec/sec=0.374965   ev/simsec=112097
     Messages:  created: 11165118   present: 9005   in FES: 154
** Event #8472064   t=203.917191839861   Elapsed: 208.861s (3m 28s)  40% completed  (20% total)
     Speed:     ev/sec=43693   simsec/sec=0.377848   ev/simsec=115637
     Messages:  created: 11285664   present: 9004   in FES: 125
** Event #8558848   t=204.616327356046   Elapsed: 210.864s (3m 30s)  40% completed  (20% total)
     Speed:     ev/sec=43323.5   simsec/sec=0.349016   ev/simsec=124130
     Messages:  created: 11404435   present: 9118   in FES: 159
** Event #8651264   t=205.404127265033   Elapsed: 212.867s (3m 32s)  41% completed  (20% total)
     Speed:     ev/sec=46148.6   simsec/sec=0.393394   ev/simsec=117309
     Messages:  created: 11530905   present: 9117   in FES: 156
** Event #8735232   t=206.097374844165   Elapsed: 214.868s (3m 34s)  41% completed  (20% total)
     Speed:     ev/sec=41960.2   simsec/sec=0.346427   ev/simsec=121123
     Messages:  created: 11646071   present: 9167   in FES: 150
** Event #8828672   t=206.906864546952   Elapsed: 216.872s (3m 36s)  41% completed  (20% total)
     Speed:     ev/sec=46634.1   simsec/sec=0.404   ev/simsec=115431
     Messages:  created: 11774572   present: 9220   in FES: 157
** Event #8918016   t=208.404138911353   Elapsed: 218.872s (3m 38s)  41% completed  (20% total)
     Speed:     ev/sec=44665.1   simsec/sec=0.748521   ev/simsec=59671.1
     Messages:  created: 11893992   present: 9279   in FES: 161
** Event #8996864   t=211.118643085958   Elapsed: 220.876s (3m 40s)  42% completed  (21% total)
     Speed:     ev/sec=39356.5   simsec/sec=1.35493   ev/simsec=29046.9
     Messages:  created: 11995091   present: 9373   in FES: 125
** Event #9073920   t=213.722871868677   Elapsed: 222.878s (3m 42s)  42% completed  (21% total)
     Speed:     ev/sec=38478.6   simsec/sec=1.30045   ev/simsec=29588.8
     Messages:  created: 12093740   present: 9522   in FES: 132
** Event #9150720   t=215.504140986544   Elapsed: 224.882s (3m 44s)  43% completed  (21% total)
     Speed:     ev/sec=38320   simsec/sec=0.88878   ev/simsec=43115.3
     Messages:  created: 12194238   present: 9775   in FES: 152
** Event #9237248   t=216.410845054635   Elapsed: 226.886s (3m 46s)  43% completed  (21% total)
     Speed:     ev/sec=43186.7   simsec/sec=0.452542   ev/simsec=95431.4
     Messages:  created: 12311882   present: 9802   in FES: 162
** Event #9327616   t=217.258210352774   Elapsed: 228.893s (3m 48s)  43% completed  (21% total)
     Speed:     ev/sec=45029.7   simsec/sec=0.422235   ev/simsec=106646
     Messages:  created: 12435110   present: 9924   in FES: 156
** Event #9412096   t=218.159560713251   Elapsed: 230.894s (3m 50s)  43% completed  (21% total)
     Speed:     ev/sec=42221.6   simsec/sec=0.450479   ev/simsec=93726
     Messages:  created: 12550014   present: 9916   in FES: 156
** Event #9506816   t=219.116577204125   Elapsed: 232.898s (3m 52s)  43% completed  (21% total)
     Speed:     ev/sec=47248.3   simsec/sec=0.477379   ev/simsec=98974.3
     Messages:  created: 12678979   present: 10019   in FES: 156
** Event #9583104   t=219.919308162144   Elapsed: 234.902s (3m 54s)  43% completed  (21% total)
     Speed:     ev/sec=38066.1   simsec/sec=0.400545   ev/simsec=95035.6
     Messages:  created: 12783545   present: 10068   in FES: 144
** Event #9670400   t=220.834417771445   Elapsed: 236.905s (3m 56s)  44% completed  (22% total)
     Speed:     ev/sec=43601   simsec/sec=0.457062   ev/simsec=95394
     Messages:  created: 12902032   present: 10087   in FES: 154
** Event #9760256   t=221.735156490042   Elapsed: 238.91s (3m 58s)  44% completed  (22% total)
     Speed:     ev/sec=44795.9   simsec/sec=0.449045   ev/simsec=99758.1
     Messages:  created: 13024083   present: 10183   in FES: 155
** Event #9832192   t=222.473563735083   Elapsed: 240.912s (4m 00s)  44% completed  (22% total)
     Speed:     ev/sec=35937.5   simsec/sec=0.36889   ev/simsec=97420.5
     Messages:  created: 13121448   present: 10163   in FES: 146
** Event #9913856   t=223.255842226687   Elapsed: 242.914s (4m 02s)  44% completed  (22% total)
     Speed:     ev/sec=40785.8   simsec/sec=0.390697   ev/simsec=104392
     Messages:  created: 13232738   present: 10346   in FES: 156
** Event #9996800   t=224.118958531742   Elapsed: 244.922s (4m 04s)  44% completed  (22% total)
     Speed:     ev/sec=41324.1   simsec/sec=0.430019   ev/simsec=96098.3
     Messages:  created: 13344815   present: 10272   in FES: 152
** Event #10077696   t=224.363868249619   Elapsed: 246.925s (4m 06s)  44% completed  (22% total)
     Speed:     ev/sec=40373.1   simsec/sec=0.122228   ev/simsec=330309
     Messages:  created: 13457093   present: 10228   in FES: 169
** Event #10158080   t=224.914002391836   Elapsed: 248.926s (4m 08s)  44% completed  (22% total)
     Speed:     ev/sec=40171.7   simsec/sec=0.274928   ev/simsec=146117
     Messages:  created: 13566490   present: 9712   in FES: 151
** Event #10242304   t=227.370153650479   Elapsed: 250.93s (4m 10s)  45% completed  (22% total)
     Speed:     ev/sec=42028.3   simsec/sec=1.22563   ev/simsec=34291
     Messages:  created: 13673213   present: 9722   in FES: 195
** Event #10327808   t=227.680605372708   Elapsed: 252.933s (4m 12s)  45% completed  (22% total)
     Speed:     ev/sec=42690.8   simsec/sec=0.155004   ev/simsec=275418
     Messages:  created: 13791470   present: 9607   in FES: 162
** Event #10413312   t=227.967800335055   Elapsed: 254.939s (4m 14s)  45% completed  (22% total)
     Speed:     ev/sec=42617   simsec/sec=0.143144   ev/simsec=297721
     Messages:  created: 13907098   present: 8717   in FES: 146
** Event #10494976   t=228.231981148359   Elapsed: 256.942s (4m 16s)  45% completed  (22% total)
     Speed:     ev/sec=40786.3   simsec/sec=0.131943   ev/simsec=309122
     Messages:  created: 14018358   present: 8316   in FES: 168
** Event #10576640   t=228.501887328862   Elapsed: 258.943s (4m 18s)  45% completed  (22% total)
     Speed:     ev/sec=40804   simsec/sec=0.134861   ev/simsec=302564
     Messages:  created: 14130052   present: 7983   in FES: 208
** Event #10662656   t=228.815395024977   Elapsed: 260.945s (4m 20s)  45% completed  (22% total)
     Speed:     ev/sec=42975   simsec/sec=0.156634   ev/simsec=274366
     Messages:  created: 14249586   present: 7860   in FES: 191
** Event #10743808   t=229.094905197968   Elapsed: 262.949s (4m 22s)  45% completed  (22% total)
     Speed:     ev/sec=40492.8   simsec/sec=0.139469   ev/simsec=290336
     Messages:  created: 14361490   present: 7671   in FES: 162
** Event #10821632   t=229.440860528668   Elapsed: 264.951s (4m 24s)  45% completed  (22% total)
     Speed:     ev/sec=38868.6   simsec/sec=0.172785   ev/simsec=224954
     Messages:  created: 14467471   present: 7142   in FES: 164
** Event #10906368   t=230.462078362586   Elapsed: 266.955s (4m 26s)  46% completed  (23% total)
     Speed:     ev/sec=42291.7   simsec/sec=0.50969   ev/simsec=82975.4
     Messages:  created: 14580452   present: 7098   in FES: 192
** Event #10991104   t=231.280663347398   Elapsed: 268.957s (4m 28s)  46% completed  (23% total)
     Speed:     ev/sec=42325.3   simsec/sec=0.40888   ev/simsec=103515
     Messages:  created: 14695025   present: 6947   in FES: 161
** Event #11069440   t=232.070378898402   Elapsed: 271.207s (4m 31s)  46% completed  (23% total)
     Speed:     ev/sec=34811.4   simsec/sec=0.350938   ev/simsec=99195.2
     Messages:  created: 14797623   present: 6282   in FES: 541
** Event #11135744   t=232.212694929809   Elapsed: 273.213s (4m 33s)  46% completed  (23% total)
     Speed:     ev/sec=33046.4   simsec/sec=0.0709314   ev/simsec=465893
     Messages:  created: 14887946   present: 5850   in FES: 167
** Event #11208960   t=232.393614390445   Elapsed: 275.22s (4m 35s)  46% completed  (23% total)
     Speed:     ev/sec=36489.6   simsec/sec=0.0901672   ev/simsec=404688
     Messages:  created: 14988918   present: 5735   in FES: 161
** Event #11287040   t=232.607017223847   Elapsed: 277.22s (4m 37s)  46% completed  (23% total)
     Speed:     ev/sec=39034.3   simsec/sec=0.106686   ev/simsec=365881
     Messages:  created: 15096729   present: 5637   in FES: 139
** Event #11372544   t=232.838440312097   Elapsed: 279.224s (4m 39s)  46% completed  (23% total)
     Speed:     ev/sec=42665.8   simsec/sec=0.115478   ev/simsec=369470
     Messages:  created: 15215093   present: 5671   in FES: 138
** Event #11449856   t=233.0428001351   Elapsed: 281.228s (4m 41s)  46% completed  (23% total)
     Speed:     ev/sec=38586.9   simsec/sec=0.101997   ev/simsec=378313
     Messages:  created: 15321921   present: 5691   in FES: 147
** Event #11534592   t=233.262437581236   Elapsed: 283.231s (4m 43s)  46% completed  (23% total)
     Speed:     ev/sec=42293   simsec/sec=0.109624   ev/simsec=385799
     Messages:  created: 15438492   present: 5822   in FES: 185
** Event #11629056   t=233.51031501977   Elapsed: 285.236s (4m 45s)  46% completed  (23% total)
     Speed:     ev/sec=47107.7   simsec/sec=0.123612   ev/simsec=381092
     Messages:  created: 15568806   present: 5753   in FES: 170
** Event #11712256   t=233.731483139944   Elapsed: 287.238s (4m 47s)  46% completed  (23% total)
     Speed:     ev/sec=41558.2   simsec/sec=0.110473   ev/simsec=376184
     Messages:  created: 15683825   present: 5676   in FES: 148
** Event #11781632   t=233.924038603115   Elapsed: 289.241s (4m 49s)  46% completed  (23% total)
     Speed:     ev/sec=34640.8   simsec/sec=0.0961468   ev/simsec=360291
     Messages:  created: 15779772   present: 5740   in FES: 161
** Event #11875072   t=234.171295263191   Elapsed: 291.242s (4m 51s)  46% completed  (23% total)
     Speed:     ev/sec=46700.2   simsec/sec=0.123576   ev/simsec=377907
     Messages:  created: 15908301   present: 5782   in FES: 171
** Event #11967232   t=234.41860127732   Elapsed: 293.249s (4m 53s)  46% completed  (23% total)
     Speed:     ev/sec=45925.9   simsec/sec=0.12324   ev/simsec=372656
     Messages:  created: 16035258   present: 5715   in FES: 151
** Event #12049664   t=234.632278557432   Elapsed: 295.249s (4m 55s)  46% completed  (23% total)
     Speed:     ev/sec=41203.8   simsec/sec=0.106807   ev/simsec=385778
     Messages:  created: 16148968   present: 5648   in FES: 169
** Event #12134144   t=234.865536883807   Elapsed: 297.366s (4m 57s)  46% completed  (23% total)
     Speed:     ev/sec=39915   simsec/sec=0.11021   ev/simsec=362174
     Messages:  created: 16265652   present: 5613   in FES: 155
** Event #12215040   t=235.335822472291   Elapsed: 299.368s (4m 59s)  47% completed  (23% total)
     Speed:     ev/sec=40409.6   simsec/sec=0.23492   ev/simsec=172015
     Messages:  created: 16375915   present: 5734   in FES: 206
** Event #12304640   t=235.932459683374   Elapsed: 301.372s (5m 01s)  47% completed  (23% total)
     Speed:     ev/sec=44701.2   simsec/sec=0.29766   ev/simsec=150175
     Messages:  created: 16498712   present: 5529   in FES: 137
** Event #12393216   t=236.584304170375   Elapsed: 303.377s (5m 03s)  47% completed  (23% total)
     Speed:     ev/sec=44189.1   simsec/sec=0.325194   ev/simsec=135885
     Messages:  created: 16618807   present: 5648   in FES: 166
** Event #12476928   t=237.09533276531   Elapsed: 305.381s (5m 05s)  47% completed  (23% total)
     Speed:     ev/sec=41766.6   simsec/sec=0.254968   ev/simsec=163811
     Messages:  created: 16733385   present: 5881   in FES: 222
** Event #12556032   t=237.467240055751   Elapsed: 307.382s (5m 07s)  47% completed  (23% total)
     Speed:     ev/sec=39527.7   simsec/sec=0.185839   ev/simsec=212698
     Messages:  created: 16841943   present: 5608   in FES: 164
** Event #12652032   t=237.927408393768   Elapsed: 309.385s (5m 09s)  47% completed  (23% total)
     Speed:     ev/sec=47923.1   simsec/sec=0.229716   ev/simsec=208619
     Messages:  created: 16974491   present: 5595   in FES: 154
** Event #12742144   t=238.483762662394   Elapsed: 311.386s (5m 11s)  47% completed  (23% total)
     Speed:     ev/sec=45032.4   simsec/sec=0.278031   ev/simsec=161969
     Messages:  created: 17097512   present: 5658   in FES: 162
** Event #12818432   t=238.98222247017   Elapsed: 313.389s (5m 13s)  47% completed  (23% total)
     Speed:     ev/sec=38102.1   simsec/sec=0.248956   ev/simsec=153047
     Messages:  created: 17202517   present: 5647   in FES: 157
** Event #12891904   t=239.345915244379   Elapsed: 315.393s (5m 15s)  47% completed  (23% total)
     Speed:     ev/sec=36660.1   simsec/sec=0.181471   ev/simsec=202017
     Messages:  created: 17302136   present: 5617   in FES: 176
** Event #12971520   t=239.634282247341   Elapsed: 317.4s (5m 17s)  47% completed  (23% total)
     Speed:     ev/sec=39674.2   simsec/sec=0.143699   ev/simsec=276093
     Messages:  created: 17412202   present: 5526   in FES: 152
** Event #13049344   t=240.132628526164   Elapsed: 319.405s (5m 19s)  48% completed  (24% total)
     Speed:     ev/sec=38804.9   simsec/sec=0.248487   ev/simsec=156165
     Messages:  created: 17518523   present: 5523   in FES: 140
** Event #13130240   t=240.673099144991   Elapsed: 321.41s (5m 21s)  48% completed  (24% total)
     Speed:     ev/sec=40357.3   simsec/sec=0.26963   ev/simsec=149677
     Messages:  created: 17629407   present: 5599   in FES: 160
** Event #13209600   t=241.234173387045   Elapsed: 323.41s (5m 23s)  48% completed  (24% total)
     Speed:     ev/sec=39665.8   simsec/sec=0.280436   ev/simsec=141443
     Messages:  created: 17737424   present: 5606   in FES: 156
** Event #13279232   t=241.73933877376   Elapsed: 325.415s (5m 25s)  48% completed  (24% total)
     Speed:     ev/sec=34725.3   simsec/sec=0.251925   ev/simsec=137840
     Messages:  created: 17832923   present: 5579   in FES: 140
** Event #13354752   t=242.360728837317   Elapsed: 327.417s (5m 27s)  48% completed  (24% total)
     Speed:     ev/sec=37735.7   simsec/sec=0.310495   ev/simsec=121534
     Messages:  created: 17935426   present: 5665   in FES: 157
** Event #13426944   t=242.926360727393   Elapsed: 329.418s (5m 29s)  48% completed  (24% total)
     Speed:     ev/sec=36074.8   simsec/sec=0.28265   ev/simsec=127631
     Messages:  created: 18034443   present: 5639   in FES: 155
** Event #13508864   t=244.43219271545   Elapsed: 331.42s (5m 31s)  48% completed  (24% total)
     Speed:     ev/sec=40921.2   simsec/sec=0.752203   ev/simsec=54401.8
     Messages:  created: 18141869   present: 5615   in FES: 142
** Event #13587456   t=245.773984754229   Elapsed: 333.42s (5m 33s)  49% completed  (24% total)
     Speed:     ev/sec=39295.2   simsec/sec=0.670882   ev/simsec=58572.4
     Messages:  created: 18246579   present: 5636   in FES: 134
** Event #13665536   t=247.241745625765   Elapsed: 335.426s (5m 35s)  49% completed  (24% total)
     Speed:     ev/sec=38915.5   simsec/sec=0.731539   ev/simsec=53196.7
     Messages:  created: 18349452   present: 5750   in FES: 156
** Event #13743872   t=248.846523159157   Elapsed: 337.43s (5m 37s)  49% completed  (24% total)
     Speed:     ev/sec=39102.4   simsec/sec=0.801045   ev/simsec=48814.2
     Messages:  created: 18453630   present: 5804   in FES: 156
** Event #13820928   t=250.421550948841   Elapsed: 339.435s (5m 39s)  50% completed  (25% total)
     Speed:     ev/sec=38428.6   simsec/sec=0.785482   ev/simsec=48923.6
     Messages:  created: 18554835   present: 5842   in FES: 154
** Event #13904128   t=252.523430970337   Elapsed: 341.436s (5m 41s)  50% completed  (25% total)
     Speed:     ev/sec=41582.2   simsec/sec=1.05049   ev/simsec=39583.6
     Messages:  created: 18663330   present: 5974   in FES: 154
** Event #13987584   t=254.492672138033   Elapsed: 343.44s (5m 43s)  50% completed  (25% total)
     Speed:     ev/sec=41644.3   simsec/sec=0.982646   ev/simsec=42379.8
     Messages:  created: 18771574   present: 5931   in FES: 125
** Event #14062336   t=256.414003301002   Elapsed: 345.444s (5m 45s)  51% completed  (25% total)
     Speed:     ev/sec=37303.5   simsec/sec=0.958802   ev/simsec=38906.4
     Messages:  created: 18868530   present: 6052   in FES: 130
** Event #14148352   t=258.889427884092   Elapsed: 347.447s (5m 47s)  51% completed  (25% total)
     Speed:     ev/sec=42938.6   simsec/sec=1.23571   ev/simsec=34748
     Messages:  created: 18979490   present: 6120   in FES: 135
** Event #14233856   t=260.814583443949   Elapsed: 349.45s (5m 49s)  52% completed  (26% total)
     Speed:     ev/sec=42689.2   simsec/sec=0.961164   ev/simsec=44414.1
     Messages:  created: 19090835   present: 6346   in FES: 176
** Event #14315520   t=262.972618015945   Elapsed: 351.452s (5m 51s)  52% completed  (26% total)
     Speed:     ev/sec=40791.2   simsec/sec=1.07794   ev/simsec=37841.8
     Messages:  created: 19196959   present: 6355   in FES: 157
** Event #14409728   t=264.732372812983   Elapsed: 353.452s (5m 53s)  52% completed  (26% total)
     Speed:     ev/sec=47094.7   simsec/sec=0.879704   ev/simsec=53534.7
     Messages:  created: 19321191   present: 6460   in FES: 162
** Event #14482688   t=266.344766363367   Elapsed: 355.456s (5m 55s)  53% completed  (26% total)
     Speed:     ev/sec=36410.2   simsec/sec=0.804653   ev/simsec=45249.5
     Messages:  created: 19416839   present: 6496   in FES: 177
** Event #14567680   t=268.180826696768   Elapsed: 357.46s (5m 57s)  53% completed  (26% total)
     Speed:     ev/sec=42403.5   simsec/sec=0.916031   ev/simsec=46290.4
     Messages:  created: 19528445   present: 6544   in FES: 153
** Event #14646784   t=269.988672318203   Elapsed: 359.467s (5m 59s)  53% completed  (26% total)
     Speed:     ev/sec=39430.2   simsec/sec=0.90114   ev/simsec=43755.9
     Messages:  created: 19633343   present: 6565   in FES: 142
** Event #14727168   t=271.750507235829   Elapsed: 361.469s (6m 01s)  54% completed  (27% total)
     Speed:     ev/sec=40139.7   simsec/sec=0.879772   ev/simsec=45625.2
     Messages:  created: 19738941   present: 6624   in FES: 146
** Event #14814208   t=273.639199355703   Elapsed: 363.469s (6m 03s)  54% completed  (27% total)
     Speed:     ev/sec=43515.7   simsec/sec=0.944253   ev/simsec=46084.8
     Messages:  created: 19853445   present: 6731   in FES: 156
** Event #14896896   t=275.36626552539   Elapsed: 365.473s (6m 05s)  55% completed  (27% total)
     Speed:     ev/sec=41261.7   simsec/sec=0.861813   ev/simsec=47877.7
     Messages:  created: 19962332   present: 6800   in FES: 155
** Event #14973184   t=277.066108903324   Elapsed: 367.475s (6m 07s)  55% completed  (27% total)
     Speed:     ev/sec=38117.1   simsec/sec=0.849323   ev/simsec=44879.4
     Messages:  created: 20062817   present: 6881   in FES: 157
** Event #15064320   t=279.096370369887   Elapsed: 369.476s (6m 09s)  55% completed  (27% total)
     Speed:     ev/sec=45539.6   simsec/sec=1.0145   ev/simsec=44888.8
     Messages:  created: 20182579   present: 6871   in FES: 127
** Event #15151360   t=281.152158820619   Elapsed: 371.477s (6m 11s)  56% completed  (28% total)
     Speed:     ev/sec=43507.2   simsec/sec=1.02759   ev/simsec=42339
     Messages:  created: 20296594   present: 7006   in FES: 152
** Event #15245056   t=283.594328977633   Elapsed: 373.478s (6m 13s)  56% completed  (28% total)
     Speed:     ev/sec=46815   simsec/sec=1.22022   ev/simsec=38365.9
     Messages:  created: 20418752   present: 7041   in FES: 125
** Event #15331840   t=285.606554977633   Elapsed: 375.479s (6m 15s)  57% completed  (28% total)
     Speed:     ev/sec=43373.1   simsec/sec=1.00567   ev/simsec=43128.4
     Messages:  created: 20532892   present: 7218   in FES: 159
** Event #15416832   t=287.988805548741   Elapsed: 377.483s (6m 17s)  57% completed  (28% total)
     Speed:     ev/sec=42407.6   simsec/sec=1.18865   ev/simsec=35677.2
     Messages:  created: 20643327   present: 7323   in FES: 158
** Event #15504640   t=289.501368992885   Elapsed: 379.486s (6m 19s)  57% completed  (28% total)
     Speed:     ev/sec=43843.4   simsec/sec=0.755238   ev/simsec=58052.4
     Messages:  created: 20758561   present: 7367   in FES: 163
** Event #15582720   t=290.634669977633   Elapsed: 381.488s (6m 21s)  58% completed  (29% total)
     Speed:     ev/sec=38999   simsec/sec=0.566056   ev/simsec=68896.1
     Messages:  created: 20863617   present: 7329   in FES: 124
** Event #15662848   t=291.830170656516   Elapsed: 383.494s (6m 23s)  58% completed  (29% total)
     Speed:     ev/sec=39942.9   simsec/sec=0.595944   ev/simsec=67024.6
     Messages:  created: 20971811   present: 7539   in FES: 160
** Event #15750656   t=293.09176984366   Elapsed: 385.498s (6m 25s)  58% completed  (29% total)
     Speed:     ev/sec=43815.7   simsec/sec=0.629531   ev/simsec=69600.6
     Messages:  created: 21089840   present: 7574   in FES: 155
** Event #15838976   t=294.209653900238   Elapsed: 387.504s (6m 27s)  58% completed  (29% total)
     Speed:     ev/sec=44022.6   simsec/sec=0.557203   ev/simsec=79006.4
     Messages:  created: 21208703   present: 7549   in FES: 156
** Event #15936000   t=295.774179277414   Elapsed: 389.51s (6m 29s)  59% completed  (29% total)
     Speed:     ev/sec=48380   simsec/sec=0.780135   ev/simsec=62015
     Messages:  created: 21339189   present: 7532   in FES: 156
** Event #16027648   t=298.268696819709   Elapsed: 391.513s (6m 31s)  59% completed  (29% total)
     Speed:     ev/sec=45747.7   simsec/sec=1.24518   ev/simsec=36739.8
     Messages:  created: 21458067   present: 7613   in FES: 155
** Event #16120320   t=300.558617440398   Elapsed: 393.516s (6m 33s)  60% completed  (30% total)
     Speed:     ev/sec=46260.7   simsec/sec=1.1431   ev/simsec=40469.5
     Messages:  created: 21580300   present: 7723   in FES: 156
** Event #16221184   t=302.302955199767   Elapsed: 395.518s (6m 35s)  60% completed  (30% total)
     Speed:     ev/sec=50393.7   simsec/sec=0.871506   ev/simsec=57823.7
     Messages:  created: 21715415   present: 7819   in FES: 156
** Event #16307712   t=303.558617482348   Elapsed: 397.521s (6m 37s)  60% completed  (30% total)
     Speed:     ev/sec=43195   simsec/sec=0.626829   ev/simsec=68910.2
     Messages:  created: 21831908   present: 7790   in FES: 155
** Event #16396800   t=305.154058001329   Elapsed: 399.521s (6m 39s)  61% completed  (30% total)
     Speed:     ev/sec=44535   simsec/sec=0.79756   ev/simsec=55839.1
     Messages:  created: 21950393   present: 7794   in FES: 158
** Event #16475648   t=306.773830043216   Elapsed: 401.526s (6m 41s)  61% completed  (30% total)
     Speed:     ev/sec=39330.3   simsec/sec=0.807961   ev/simsec=48678.5
     Messages:  created: 22055409   present: 7780   in FES: 132
** Event #16545536   t=308.18722705266   Elapsed: 403.53s (6m 43s)  61% completed  (30% total)
     Speed:     ev/sec=34882.4   simsec/sec=0.705452   ev/simsec=49446.8
     Messages:  created: 22147847   present: 7852   in FES: 130
** Event #16627968   t=310.03151126219   Elapsed: 405.533s (6m 45s)  62% completed  (31% total)
     Speed:     ev/sec=41139.3   simsec/sec=0.920426   ev/simsec=44695.9
     Messages:  created: 22257754   present: 8003   in FES: 153
** Event #16712448   t=311.889433665116   Elapsed: 407.536s (6m 47s)  62% completed  (31% total)
     Speed:     ev/sec=42177.8   simsec/sec=0.927593   ev/simsec=45470.1
     Messages:  created: 22369584   present: 8046   in FES: 162
** Event #16805888   t=314.023885099449   Elapsed: 409.538s (6m 49s)  62% completed  (31% total)
     Speed:     ev/sec=46681.4   simsec/sec=1.06634   ev/simsec=43777.1
     Messages:  created: 22493234   present: 8081   in FES: 143
** Event #16899584   t=316.061362859714   Elapsed: 411.541s (6m 51s)  63% completed  (31% total)
     Speed:     ev/sec=46784.1   simsec/sec=1.01735   ev/simsec=45986.3
     Messages:  created: 22616861   present: 8225   in FES: 162
** Event #16982528   t=317.937238074233   Elapsed: 413.542s (6m 53s)  63% completed  (31% total)
     Speed:     ev/sec=41442   simsec/sec=0.93726   ev/simsec=44216.2
     Messages:  created: 22726674   present: 8247   in FES: 155
** Event #17076480   t=320.097220333166   Elapsed: 415.544s (6m 55s)  64% completed  (32% total)
     Speed:     ev/sec=46942.3   simsec/sec=1.07922   ev/simsec=43496.7
     Messages:  created: 22850025   present: 8286   in FES: 130
** Event #17171456   t=321.897319826989   Elapsed: 417.547s (6m 57s)  64% completed  (32% total)
     Speed:     ev/sec=47408.4   simsec/sec=0.89854   ev/simsec=52761.5
     Messages:  created: 22976194   present: 8476   in FES: 162
** Event #17260800   t=322.211665593306   Elapsed: 419.547s (6m 59s)  64% completed  (32% total)
     Speed:     ev/sec=44668.1   simsec/sec=0.157159   ev/simsec=284222
     Messages:  created: 23099090   present: 8494   in FES: 139
** Event #17338368   t=322.784297643557   Elapsed: 421.55s (7m 01s)  64% completed  (32% total)
     Speed:     ev/sec=38722.9   simsec/sec=0.285865   ev/simsec=135459
     Messages:  created: 23205491   present: 8416   in FES: 125
** Event #17415168   t=323.541724279275   Elapsed: 423.56s (7m 03s)  64% completed  (32% total)
     Speed:     ev/sec=38221.7   simsec/sec=0.376955   ev/simsec=101396
     Messages:  created: 23309166   present: 8518   in FES: 149
** Event #17510656   t=325.36037953105   Elapsed: 425.562s (7m 05s)  65% completed  (32% total)
     Speed:     ev/sec=47686.5   simsec/sec=0.908232   ev/simsec=52504.7
     Messages:  created: 23434492   present: 8495   in FES: 145
** Event #17606400   t=327.65452977483   Elapsed: 427.563s (7m 07s)  65% completed  (32% total)
     Speed:     ev/sec=47837.4   simsec/sec=1.14625   ev/simsec=41734
     Messages:  created: 23558927   present: 8618   in FES: 149
** Event #17692416   t=328.4   Elapsed: 429.567s (7m 09s)  65% completed  (32% total)
     Speed:     ev/sec=42928   simsec/sec=0.372042   ev/simsec=115385
     Messages:  created: 23675795   present: 8255   in FES: 124
** Event #17774848   t=331.045601950027   Elapsed: 431.571s (7m 11s)  66% completed  (33% total)
     Speed:     ev/sec=41131.4   simsec/sec=1.32009   ev/simsec=31158.1
     Messages:  created: 23784286   present: 8372   in FES: 124
** Event #17862144   t=333.727211592655   Elapsed: 433.575s (7m 13s)  66% completed  (33% total)
     Speed:     ev/sec=43565.1   simsec/sec=1.33826   ev/simsec=32553.6
     Messages:  created: 23898926   present: 8564   in FES: 142
** Event #17942272   t=335.410467739087   Elapsed: 435.576s (7m 15s)  67% completed  (33% total)
     Speed:     ev/sec=40047.3   simsec/sec=0.841276   ev/simsec=47603
     Messages:  created: 24005074   present: 8548   in FES: 155
** Event #18034176   t=337.88661240434   Elapsed: 437.58s (7m 17s)  67% completed  (33% total)
     Speed:     ev/sec=45869.5   simsec/sec=1.23585   ev/simsec=37115.8
     Messages:  created: 24126747   present: 8561   in FES: 126
** Event #18129664   t=340.173950064077   Elapsed: 439.58s (7m 19s)  68% completed  (34% total)
     Speed:     ev/sec=47725.4   simsec/sec=1.14322   ev/simsec=41746.4
     Messages:  created: 24252414   present: 8772   in FES: 162
** Event #18216704   t=342.243791397981   Elapsed: 441.583s (7m 21s)  68% completed  (34% total)
     Speed:     ev/sec=43464   simsec/sec=1.03359   ev/simsec=42051.5
     Messages:  created: 24367309   present: 8826   in FES: 155
** Event #18313472   t=344.369718398263   Elapsed: 443.591s (7m 23s)  68% completed  (34% total)
     Speed:     ev/sec=48199   simsec/sec=1.0589   ev/simsec=45518
     Messages:  created: 24494943   present: 8867   in FES: 154
** Event #18397696   t=345.727101694477   Elapsed: 445.593s (7m 25s)  69% completed  (34% total)
     Speed:     ev/sec=42062.7   simsec/sec=0.677897   ev/simsec=62048.8
     Messages:  created: 24608124   present: 9132   in FES: 186
** Event #18484224   t=347.86073691603   Elapsed: 447.595s (7m 27s)  69% completed  (34% total)
     Speed:     ev/sec=43222.4   simsec/sec=1.06579   ev/simsec=40554.3
     Messages:  created: 24722279   present: 9051   in FES: 157
** Event #18567936   t=348.667650726826   Elapsed: 449.705s (7m 29s)  69% completed  (34% total)
     Speed:     ev/sec=39663.2   simsec/sec=0.38232   ev/simsec=103743
     Messages:  created: 24834262   present: 8489   in FES: 160
** Event #18649856   t=350.649253090448   Elapsed: 451.717s (7m 31s)  70% completed  (35% total)
     Speed:     ev/sec=40720.2   simsec/sec=0.985   ev/simsec=41340.3
     Messages:  created: 24939765   present: 7608   in FES: 162
** Event #18732800   t=351.333026580712   Elapsed: 453.724s (7m 33s)  70% completed  (35% total)
     Speed:     ev/sec=41340.7   simsec/sec=0.340805   ev/simsec=121303
     Messages:  created: 25052818   present: 7629   in FES: 144
** Event #18822912   t=352.293763706069   Elapsed: 455.724s (7m 35s)  70% completed  (35% total)
     Speed:     ev/sec=45046.7   simsec/sec=0.480269   ev/simsec=93794.6
     Messages:  created: 25171992   present: 6896   in FES: 164
** Event #18910208   t=353.929071860421   Elapsed: 457.727s (7m 37s)  70% completed  (35% total)
     Speed:     ev/sec=43573.2   simsec/sec=0.816253   ev/simsec=53382
     Messages:  created: 25285185   present: 5914   in FES: 159
** Event #18988544   t=355.005299746757   Elapsed: 459.733s (7m 39s)  71% completed  (35% total)
     Speed:     ev/sec=39067.9   simsec/sec=0.536738   ev/simsec=72787.6
     Messages:  created: 25388475   present: 5569   in FES: 160
** Event #19073536   t=355.279489362634   Elapsed: 461.736s (7m 41s)  71% completed  (35% total)
     Speed:     ev/sec=42429.6   simsec/sec=0.13688   ev/simsec=309975
     Messages:  created: 25502023   present: 4687   in FES: 175
** Event #19150336   t=355.511735062457   Elapsed: 463.74s (7m 43s)  71% completed  (35% total)
     Speed:     ev/sec=38326.1   simsec/sec=0.115899   ev/simsec=330684
     Messages:  created: 25608391   present: 4577   in FES: 168
** Event #19235840   t=356.404097095171   Elapsed: 465.744s (7m 45s)  71% completed  (35% total)
     Speed:     ev/sec=42659   simsec/sec=0.44521   ev/simsec=95817.6
     Messages:  created: 25723579   present: 4507   in FES: 160
** Event #19323648   t=358.00885422021   Elapsed: 467.749s (7m 47s)  71% completed  (35% total)
     Speed:     ev/sec=43800.1   simsec/sec=0.80048   ev/simsec=54717.3
     Messages:  created: 25839747   present: 4542   in FES: 158
** Event #19412992   t=359.436602174094   Elapsed: 469.753s (7m 49s)  71% completed  (35% total)
     Speed:     ev/sec=44566.9   simsec/sec=0.712194   ev/simsec=62576.9
     Messages:  created: 25956997   present: 4520   in FES: 154
** Event #19497728   t=360.994420773768   Elapsed: 471.761s (7m 51s)  72% completed  (36% total)
     Speed:     ev/sec=42204.6   simsec/sec=0.775905   ev/simsec=54394
     Messages:  created: 26069349   present: 4418   in FES: 138
** Event #19579648   t=362.814170251147   Elapsed: 473.77s (7m 53s)  72% completed  (36% total)
     Speed:     ev/sec=40777.4   simsec/sec=0.905819   ev/simsec=45017.2
     Messages:  created: 26176719   present: 4538   in FES: 168
** Event #19658496   t=364.800702485838   Elapsed: 475.772s (7m 55s)  72% completed  (36% total)
     Speed:     ev/sec=39393.9   simsec/sec=0.992509   ev/simsec=39691.3
     Messages:  created: 26279966   present: 4588   in FES: 159
** Event #19736832   t=366.935307211446   Elapsed: 477.778s (7m 57s)  73% completed  (36% total)
     Speed:     ev/sec=39036.6   simsec/sec=1.06372   ev/simsec=36698.1
     Messages:  created: 26382179   present: 4716   in FES: 158
** Event #19825920   t=368.311608932438   Elapsed: 479.78s (7m 59s)  73% completed  (36% total)
     Speed:     ev/sec=44508.6   simsec/sec=0.687604   ev/simsec=64730
     Messages:  created: 26500576   present: 4718   in FES: 145
** Event #19913216   t=370.224386427202   Elapsed: 481.783s (8m 01s)  74% completed  (37% total)
     Speed:     ev/sec=43576.8   simsec/sec=0.95483   ev/simsec=45638.3
     Messages:  created: 26615226   present: 4801   in FES: 161
** Event #20008192   t=372.629950447322   Elapsed: 483.787s (8m 03s)  74% completed  (37% total)
     Speed:     ev/sec=47396.4   simsec/sec=1.20046   ev/simsec=39481.8
     Messages:  created: 26739270   present: 4874   in FES: 156
** Event #20095488   t=375.063194656606   Elapsed: 485.789s (8m 05s)  75% completed  (37% total)
     Speed:     ev/sec=43604.1   simsec/sec=1.2154   ev/simsec=35876.4
     Messages:  created: 26852832   present: 5007   in FES: 155
** Event #20164352   t=377.03512842248   Elapsed: 487.793s (8m 07s)  75% completed  (37% total)
     Speed:     ev/sec=34361.8   simsec/sec=0.983958   ev/simsec=34922.1
     Messages:  created: 26942217   present: 5082   in FES: 154
** Event #20241920   t=379.065972585897   Elapsed: 489.8s (8m 09s)  75% completed  (37% total)
     Speed:     ev/sec=38643.9   simsec/sec=1.01175   ev/simsec=38195
     Messages:  created: 27043172   present: 5183   in FES: 157
** Event #20332544   t=381.421256504452   Elapsed: 491.805s (8m 11s)  76% completed  (38% total)
     Speed:     ev/sec=45202.6   simsec/sec=1.1748   ev/simsec=38476.9
     Messages:  created: 27160914   present: 5265   in FES: 160
** Event #20424448   t=383.941278164683   Elapsed: 493.806s (8m 13s)  76% completed  (38% total)
     Speed:     ev/sec=45930.8   simsec/sec=1.25943   ev/simsec=36469.5
     Messages:  created: 27281589   present: 5398   in FES: 155
** Event #20504064   t=385.975158875648   Elapsed: 495.811s (8m 15s)  77% completed  (38% total)
     Speed:     ev/sec=39708.3   simsec/sec=1.01439   ev/simsec=39144.9
     Messages:  created: 27385972   present: 5474   in FES: 166
** Event #20571136   t=387.72308634645   Elapsed: 497.814s (8m 17s)  77% completed  (38% total)
     Speed:     ev/sec=33484   simsec/sec=0.872609   ev/simsec=38372.3
     Messages:  created: 27473428   present: 5558   in FES: 156
** Event #20654592   t=390.001681724131   Elapsed: 499.817s (8m 19s)  78% completed  (39% total)
     Speed:     ev/sec=41664.9   simsec/sec=1.13758   ev/simsec=36626.1
     Messages:  created: 27582842   present: 5603   in FES: 128
** Event #20744704   t=392.297680650016   Elapsed: 501.823s (8m 21s)  78% completed  (39% total)
     Speed:     ev/sec=44926.3   simsec/sec=1.14469   ev/simsec=39247.4
     Messages:  created: 27700248   present: 5790   in FES: 155
** Event #20823040   t=394.366604208567   Elapsed: 503.83s (8m 23s)  78% completed  (39% total)
     Speed:     ev/sec=39029.4   simsec/sec=1.0308   ev/simsec=37863.2
     Messages:  created: 27802547   present: 5835   in FES: 142
** Event #20910592   t=396.773841693839   Elapsed: 505.837s (8m 25s)  79% completed  (39% total)
     Speed:     ev/sec=43628.9   simsec/sec=1.19957   ev/simsec=36370.3
     Messages:  created: 27917292   present: 5981   in FES: 154
** Event #20999680   t=399.181665559804   Elapsed: 507.84s (8m 27s)  79% completed  (39% total)
     Speed:     ev/sec=44480.6   simsec/sec=1.2022   ev/simsec=36999.4
     Messages:  created: 28033310   present: 6053   in FES: 137
** Event #21096704   t=402.04433653128   Elapsed: 509.847s (8m 29s)  80% completed  (40% total)
     Speed:     ev/sec=48342.5   simsec/sec=1.42634   ev/simsec=33892.8
     Messages:  created: 28160579   present: 6236   in FES: 155
** Event #21179648   t=404.750504804725   Elapsed: 511.847s (8m 31s)  80% completed  (40% total)
     Speed:     ev/sec=41464.6   simsec/sec=1.35284   ev/simsec=30650
     Messages:  created: 28267784   present: 6426   in FES: 158
** Event #21273856   t=406.910765413847   Elapsed: 513.852s (8m 33s)  81% completed  (40% total)
     Speed:     ev/sec=46997.5   simsec/sec=1.07769   ev/simsec=43609.6
     Messages:  created: 28391854   present: 6434   in FES: 161
** Event #21359872   t=407.728731237705   Elapsed: 515.854s (8m 35s)  81% completed  (40% total)
     Speed:     ev/sec=42956.6   simsec/sec=0.408494   ev/simsec=105158
     Messages:  created: 28509184   present: 6415   in FES: 157
** Event #21457664   t=408.566697407572   Elapsed: 517.859s (8m 37s)  81% completed  (40% total)
     Speed:     ev/sec=48770.5   simsec/sec=0.417907   ev/simsec=116702
     Messages:  created: 28642758   present: 6491   in FES: 161
** Event #21548288   t=409.081614232622   Elapsed: 519.86s (8m 39s)  81% completed  (40% total)
     Speed:     ev/sec=45291.8   simsec/sec=0.257344   ev/simsec=175997
     Messages:  created: 28767397   present: 6450   in FES: 128
** Event #21632256   t=409.543598793218   Elapsed: 521.861s (8m 41s)  81% completed  (40% total)
     Speed:     ev/sec=41966.4   simsec/sec=0.230895   ev/simsec=181755
     Messages:  created: 28883240   present: 6538   in FES: 161
** Event #21721344   t=410.083141907127   Elapsed: 523.864s (8m 43s)  82% completed  (41% total)
     Speed:     ev/sec=44481.5   simsec/sec=0.269393   ev/simsec=165117
     Messages:  created: 29005737   present: 6545   in FES: 138
** Event #21810176   t=410.553084339441   Elapsed: 525.866s (8m 45s)  82% completed  (41% total)
     Speed:     ev/sec=44356.5   simsec/sec=0.234656   ev/simsec=189027
     Messages:  created: 29127811   present: 6579   in FES: 181
** Event #21911808   t=410.868383325373   Elapsed: 527.868s (8m 47s)  82% completed  (41% total)
     Speed:     ev/sec=50775.6   simsec/sec=0.157524   ev/simsec=322335
     Messages:  created: 29268994   present: 6493   in FES: 151
** Event #22002176   t=411.165568948851   Elapsed: 529.873s (8m 49s)  82% completed  (41% total)
     Speed:     ev/sec=45064.9   simsec/sec=0.148201   ev/simsec=304079
     Messages:  created: 29394095   present: 6436   in FES: 137
** Event #22093824   t=411.558620766494   Elapsed: 531.877s (8m 51s)  82% completed  (41% total)
     Speed:     ev/sec=45728.2   simsec/sec=0.196115   ev/simsec=233170
     Messages:  created: 29521103   present: 6416   in FES: 159
** Event #22188800   t=412.072284485571   Elapsed: 533.879s (8m 53s)  82% completed  (41% total)
     Speed:     ev/sec=47442.6   simsec/sec=0.256586   ev/simsec=184899
     Messages:  created: 29652018   present: 6453   in FES: 144
** Event #22274560   t=412.478289174894   Elapsed: 535.883s (8m 55s)  82% completed  (41% total)
     Speed:     ev/sec=42800.6   simsec/sec=0.202627   ev/simsec=211229
     Messages:  created: 29770248   present: 6538   in FES: 162
** Event #22377728   t=412.74825444084   Elapsed: 537.883s (8m 57s)  82% completed  (41% total)
     Speed:     ev/sec=51575.2   simsec/sec=0.13496   ev/simsec=382153
     Messages:  created: 29913443   present: 6488   in FES: 159
** Event #22476544   t=414.529718334865   Elapsed: 539.884s (8m 59s)  82% completed  (41% total)
     Speed:     ev/sec=49406.2   simsec/sec=0.8907   ev/simsec=55469
     Messages:  created: 30045927   present: 6399   in FES: 156
** Event #22558464   t=416.344908763311   Elapsed: 541.884s (9m 01s)  83% completed  (41% total)
     Speed:     ev/sec=40955.7   simsec/sec=0.907499   ev/simsec=45130.3
     Messages:  created: 30153766   present: 6443   in FES: 143
** Event #22652416   t=418.308685553115   Elapsed: 543.884s (9m 03s)  83% completed  (41% total)
     Speed:     ev/sec=46969.3   simsec/sec=0.981748   ev/simsec=47842.5
     Messages:  created: 30278253   present: 6494   in FES: 139
** Event #22749952   t=420.697072008357   Elapsed: 545.892s (9m 05s)  84% completed  (42% total)
     Speed:     ev/sec=48575   simsec/sec=1.18947   ev/simsec=40837.6
     Messages:  created: 30408023   present: 6641   in FES: 157
** Event #22822144   t=422.914364586523   Elapsed: 547.899s (9m 07s)  84% completed  (42% total)
     Speed:     ev/sec=35976.8   simsec/sec=1.10498   ev/simsec=32558.6
     Messages:  created: 30503397   present: 6756   in FES: 163
** Event #22920192   t=426.250642784696   Elapsed: 549.903s (9m 09s)  85% completed  (42% total)
     Speed:     ev/sec=48915   simsec/sec=1.66443   ev/simsec=29388.4
     Messages:  created: 30631413   present: 6974   in FES: 154
** Event #23016192   t=429.441755989497   Elapsed: 551.903s (9m 11s)  85% completed  (42% total)
     Speed:     ev/sec=47991.6   simsec/sec=1.59528   ev/simsec=30083.5
     Messages:  created: 30756611   present: 7188   in FES: 154
** Event #23108352   t=432.528765470225   Elapsed: 553.903s (9m 13s)  86% completed  (43% total)
     Speed:     ev/sec=46077.9   simsec/sec=1.54344   ev/simsec=29854.1
     Messages:  created: 30876208   present: 7324   in FES: 139
** Event #23202560   t=435.338375422691   Elapsed: 555.914s (9m 15s)  87% completed  (43% total)
     Speed:     ev/sec=46857.1   simsec/sec=1.39744   ev/simsec=33530.6
     Messages:  created: 30997907   present: 7562   in FES: 156
** Event #23293440   t=436.534633210059   Elapsed: 557.915s (9m 17s)  87% completed  (43% total)
     Speed:     ev/sec=45411.3   simsec/sec=0.597751   ev/simsec=75970.2
     Messages:  created: 31120474   present: 7622   in FES: 131
** Event #23384320   t=437.550701454515   Elapsed: 559.92s (9m 19s)  87% completed  (43% total)
     Speed:     ev/sec=45329.8   simsec/sec=0.506802   ev/simsec=89442.8
     Messages:  created: 31243545   present: 7629   in FES: 124
** Event #23481856   t=438.523982825591   Elapsed: 561.924s (9m 21s)  87% completed  (43% total)
     Speed:     ev/sec=48673.7   simsec/sec=0.485699   ev/simsec=100214
     Messages:  created: 31376283   present: 7748   in FES: 154
** Event #23563520   t=439.27420375712   Elapsed: 563.926s (9m 23s)  87% completed  (43% total)
     Speed:     ev/sec=40784.8   simsec/sec=0.374677   ev/simsec=108853
     Messages:  created: 31487726   present: 7800   in FES: 155
** Event #23653632   t=440.09318391501   Elapsed: 565.928s (9m 25s)  88% completed  (44% total)
     Speed:     ev/sec=45012.7   simsec/sec=0.409097   ev/simsec=110030
     Messages:  created: 31610889   present: 7909   in FES: 142
** Event #23744512   t=441.04115928973   Elapsed: 567.931s (9m 27s)  88% completed  (44% total)
     Speed:     ev/sec=45383.1   simsec/sec=0.473394   ev/simsec=95867.5
     Messages:  created: 31735090   present: 7960   in FES: 145
** Event #23827200   t=441.740221867418   Elapsed: 569.931s (9m 29s)  88% completed  (44% total)
     Speed:     ev/sec=41341.3   simsec/sec=0.349508   ev/simsec=118284
     Messages:  created: 31848022   present: 7960   in FES: 136
** Event #23916544   t=442.486968959308   Elapsed: 571.941s (9m 31s)  88% completed  (44% total)
     Speed:     ev/sec=44455.9   simsec/sec=0.371567   ev/simsec=119644
     Messages:  created: 31969885   present: 7993   in FES: 136
** Event #24009728   t=443.077803205554   Elapsed: 573.945s (9m 33s)  88% completed  (44% total)
     Speed:     ev/sec=46481.7   simsec/sec=0.294718   ev/simsec=157716
     Messages:  created: 32096710   present: 7791   in FES: 152
** Event #24091136   t=443.774122320749   Elapsed: 575.948s (9m 35s)  88% completed  (44% total)
     Speed:     ev/sec=40647.3   simsec/sec=0.347675   ev/simsec=116912
     Messages:  created: 32208117   present: 7786   in FES: 159
** Event #24170496   t=444.344318548603   Elapsed: 577.95s (9m 37s)  88% completed  (44% total)
     Speed:     ev/sec=39652.6   simsec/sec=0.284901   ev/simsec=139180
     Messages:  created: 32316509   present: 7892   in FES: 156
** Event #24273664   t=445.234343057473   Elapsed: 579.95s (9m 39s)  89% completed  (44% total)
     Speed:     ev/sec=51577.3   simsec/sec=0.444954   ev/simsec=115916
     Messages:  created: 32457349   present: 7871   in FES: 132
** Event #24352768   t=445.844559717747   Elapsed: 581.953s (9m 41s)  89% completed  (44% total)
     Speed:     ev/sec=39494.4   simsec/sec=0.304664   ev/simsec=129633
     Messages:  created: 32566215   present: 8021   in FES: 168
** Event #24436992   t=446.53880354103   Elapsed: 583.953s (9m 43s)  89% completed  (44% total)
     Speed:     ev/sec=42098   simsec/sec=0.347007   ev/simsec=121318
     Messages:  created: 32680714   present: 7963   in FES: 143
** Event #24535552   t=447.162962186606   Elapsed: 585.954s (9m 45s)  89% completed  (44% total)
     Speed:     ev/sec=49263.6   simsec/sec=0.311975   ev/simsec=157909
     Messages:  created: 32815358   present: 7870   in FES: 150
** Event #24612352   t=447.821331343274   Elapsed: 587.956s (9m 47s)  89% completed  (44% total)
     Speed:     ev/sec=38369.3   simsec/sec=0.328921   ev/simsec=116652
     Messages:  created: 32920527   present: 7957   in FES: 150
** Event #24714496   t=448.584312660017   Elapsed: 589.959s (9m 49s)  89% completed  (44% total)
     Speed:     ev/sec=50981.9   simsec/sec=0.380817   ev/simsec=133875
     Messages:  created: 33060122   present: 8123   in FES: 185
** Event #24813056   t=449.325775625543   Elapsed: 591.962s (9m 51s)  89% completed  (44% total)
     Speed:     ev/sec=49210.8   simsec/sec=0.370211   ev/simsec=132926
     Messages:  created: 33194601   present: 8045   in FES: 143
** Event #24904960   t=450.038595201041   Elapsed: 593.966s (9m 53s)  90% completed  (45% total)
     Speed:     ev/sec=45864.7   simsec/sec=0.355733   ev/simsec=128930
     Messages:  created: 33320402   present: 8096   in FES: 153
** Event #24993280   t=450.703820864412   Elapsed: 595.97s (9m 55s)  90% completed  (45% total)
     Speed:     ev/sec=44066.6   simsec/sec=0.331909   ev/simsec=132767
     Messages:  created: 33441135   present: 8126   in FES: 157
** Event #25072896   t=451.293487363803   Elapsed: 597.976s (9m 57s)  90% completed  (45% total)
     Speed:     ev/sec=39693.7   simsec/sec=0.293987   ev/simsec=135019
     Messages:  created: 33549919   present: 8099   in FES: 131
** Event #25158144   t=451.83152894141   Elapsed: 599.976s (9m 59s)  90% completed  (45% total)
     Speed:     ev/sec=42615.7   simsec/sec=0.268968   ev/simsec=158441
     Messages:  created: 33666932   present: 8134   in FES: 148
** Event #25258240   t=452.158227913533   Elapsed: 601.978s (10m 01s)  90% completed  (45% total)
     Speed:     ev/sec=50015   simsec/sec=0.163242   ev/simsec=306386
     Messages:  created: 33805325   present: 8201   in FES: 163
** Event #25351168   t=452.441791626751   Elapsed: 603.982s (10m 03s)  90% completed  (45% total)
     Speed:     ev/sec=46367.5   simsec/sec=0.141487   ev/simsec=327715
     Messages:  created: 33934033   present: 8201   in FES: 158
** Event #25442304   t=452.810533213934   Elapsed: 605.986s (10m 05s)  90% completed  (45% total)
     Speed:     ev/sec=45470.6   simsec/sec=0.183977   ev/simsec=247154
     Messages:  created: 34060336   present: 8139   in FES: 157
** Event #25515008   t=453.227990460865   Elapsed: 607.987s (10m 07s)  90% completed  (45% total)
     Speed:     ev/sec=36335.8   simsec/sec=0.208635   ev/simsec=174159
     Messages:  created: 34159969   present: 8198   in FES: 141
** Event #25613312   t=453.715476894986   Elapsed: 609.99s (10m 09s)  90% completed  (45% total)
     Speed:     ev/sec=49069   simsec/sec=0.243332   ev/simsec=201655
     Messages:  created: 34295814   present: 8246   in FES: 159
** Event #25707776   t=454.022759527751   Elapsed: 611.991s (10m 11s)  90% completed  (45% total)
     Speed:     ev/sec=47217   simsec/sec=0.153592   ev/simsec=307417
     Messages:  created: 34426939   present: 8247   in FES: 158
** Event #25797376   t=454.349073277016   Elapsed: 613.994s (10m 13s)  90% completed  (45% total)
     Speed:     ev/sec=44732.3   simsec/sec=0.16291   ev/simsec=274582
     Messages:  created: 34550421   present: 8270   in FES: 148
** Event #25890560   t=454.708100045199   Elapsed: 615.994s (10m 15s)  90% completed  (45% total)
     Speed:     ev/sec=46585.6   simsec/sec=0.179489   ev/simsec=259546
     Messages:  created: 34679555   present: 8281   in FES: 157
** Event #25974528   t=455.014021624532   Elapsed: 618.004s (10m 18s)  91% completed  (45% total)
     Speed:     ev/sec=41773.8   simsec/sec=0.152195   ev/simsec=274476
     Messages:  created: 34796014   present: 8386   in FES: 179
** Event #26051584   t=455.336539414293   Elapsed: 620.006s (10m 20s)  91% completed  (45% total)
     Speed:     ev/sec=38503.9   simsec/sec=0.161158   ev/simsec=238920
     Messages:  created: 34902055   present: 8366   in FES: 166
** Event #26141952   t=455.832647244913   Elapsed: 622.007s (10m 22s)  91% completed  (45% total)
     Speed:     ev/sec=45141.8   simsec/sec=0.247822   ev/simsec=182154
     Messages:  created: 35026701   present: 8331   in FES: 162
** Event #26230272   t=456.302793076142   Elapsed: 624.014s (10m 24s)  91% completed  (45% total)
     Speed:     ev/sec=44023.2   simsec/sec=0.234344   ev/simsec=187857
     Messages:  created: 35147854   present: 8240   in FES: 128
** Event #26316544   t=456.773435946644   Elapsed: 626.016s (10m 26s)  91% completed  (45% total)
     Speed:     ev/sec=43075   simsec/sec=0.234989   ev/simsec=183307
     Messages:  created: 35266843   present: 8272   in FES: 135
** Event #26415104   t=457.287184727742   Elapsed: 628.02s (10m 28s)  91% completed  (45% total)
     Speed:     ev/sec=49198.4   simsec/sec=0.256449   ev/simsec=191845
     Messages:  created: 35402234   present: 8386   in FES: 154
** Event #26500864   t=458.397387783763   Elapsed: 630.021s (10m 30s)  91% completed  (45% total)
     Speed:     ev/sec=42857.4   simsec/sec=0.554809   ev/simsec=77247.1
     Messages:  created: 35518076   present: 8394   in FES: 156
** Event #26588672   t=460.206249343214   Elapsed: 632.023s (10m 32s)  92% completed  (46% total)
     Speed:     ev/sec=43850.6   simsec/sec=0.903331   ev/simsec=48543.2
     Messages:  created: 35633868   present: 8536   in FES: 157
** Event #26679040   t=460.932831284265   Elapsed: 634.029s (10m 34s)  92% completed  (46% total)
     Speed:     ev/sec=45051.7   simsec/sec=0.362227   ev/simsec=124374
     Messages:  created: 35758167   present: 8595   in FES: 153
** Event #26772736   t=461.350112779071   Elapsed: 636.031s (10m 36s)  92% completed  (46% total)
     Speed:     ev/sec=46798.1   simsec/sec=0.208419   ev/simsec=224539
     Messages:  created: 35887055   present: 8638   in FES: 155
** Event #26871552   t=461.846486909166   Elapsed: 638.032s (10m 38s)  92% completed  (46% total)
     Speed:     ev/sec=49377.1   simsec/sec=0.248032   ev/simsec=199076
     Messages:  created: 36023567   present: 8600   in FES: 143
** Event #26950912   t=462.199845401602   Elapsed: 640.036s (10m 40s)  92% completed  (46% total)
     Speed:     ev/sec=39618.4   simsec/sec=0.176405   ev/simsec=224588
     Messages:  created: 36132797   present: 8665   in FES: 156
** Event #27044096   t=462.605996531555   Elapsed: 642.041s (10m 42s)  92% completed  (46% total)
     Speed:     ev/sec=46455.7   simsec/sec=0.202481   ev/simsec=229432
     Messages:  created: 36261583   present: 8706   in FES: 158
** Event #27134720   t=463.029925486505   Elapsed: 644.044s (10m 44s)  92% completed  (46% total)
     Speed:     ev/sec=45245.1   simsec/sec=0.211652   ev/simsec=213772
     Messages:  created: 36386936   present: 8791   in FES: 187
** Event #27222528   t=463.385014577436   Elapsed: 646.049s (10m 46s)  92% completed  (46% total)
     Speed:     ev/sec=43813.9   simsec/sec=0.17718   ev/simsec=247284
     Messages:  created: 36507868   present: 8763   in FES: 158
** Event #27310592   t=463.8   Elapsed: 648.049s (10m 48s)  92% completed  (46% total)
     Speed:     ev/sec=44025.2   simsec/sec=0.20746   ev/simsec=212210
     Messages:  created: 36629558   present: 8644   in FES: 125
** Event #27406848   t=464.235930780228   Elapsed: 650.05s (10m 50s)  92% completed  (46% total)
     Speed:     ev/sec=48110.8   simsec/sec=0.217888   ev/simsec=220806
     Messages:  created: 36762241   present: 8797   in FES: 160
** Event #27496960   t=464.593026334289   Elapsed: 652.051s (10m 52s)  92% completed  (46% total)
     Speed:     ev/sec=45019.2   simsec/sec=0.178402   ev/simsec=252347
     Messages:  created: 36887171   present: 8889   in FES: 172
** Event #27591168   t=465.088039151504   Elapsed: 654.053s (10m 54s)  93% completed  (46% total)
     Speed:     ev/sec=47068.2   simsec/sec=0.247318   ev/simsec=190314
     Messages:  created: 37017022   present: 8850   in FES: 163
** Event #27680512   t=465.800926304338   Elapsed: 656.058s (10m 56s)  93% completed  (46% total)
     Speed:     ev/sec=44564.3   simsec/sec=0.355584   ev/simsec=125327
     Messages:  created: 37139771   present: 8781   in FES: 147
** Event #27766016   t=466.363008191935   Elapsed: 658.06s (10m 58s)  93% completed  (46% total)
     Speed:     ev/sec=42709.7   simsec/sec=0.280763   ev/simsec=152120
     Messages:  created: 37257189   present: 8860   in FES: 156
** Event #27841792   t=466.839979930147   Elapsed: 660.061s (11m 00s)  93% completed  (46% total)
     Speed:     ev/sec=37856   simsec/sec=0.238285   ev/simsec=158869
     Messages:  created: 37361721   present: 8889   in FES: 148
** Event #27919104   t=467.28788582115   Elapsed: 662.066s (11m 02s)  93% completed  (46% total)
     Speed:     ev/sec=38563.6   simsec/sec=0.223418   ev/simsec=172608
     Messages:  created: 37467913   present: 8949   in FES: 155
** Event #28012800   t=467.832265022736   Elapsed: 664.075s (11m 04s)  93% completed  (46% total)
     Speed:     ev/sec=46641.4   simsec/sec=0.270989   ev/simsec=172115
     Messages:  created: 37597085   present: 8923   in FES: 141
** Event #28096512   t=468.328432809133   Elapsed: 666.08s (11m 06s)  93% completed  (46% total)
     Speed:     ev/sec=41755   simsec/sec=0.247485   ev/simsec=168717
     Messages:  created: 37711913   present: 8943   in FES: 127
** Event #28184576   t=468.728691670901   Elapsed: 668.083s (11m 08s)  93% completed  (46% total)
     Speed:     ev/sec=43967.5   simsec/sec=0.199836   ev/simsec=220018
     Messages:  created: 37833547   present: 8980   in FES: 146
** Event #28273152   t=469.106165028147   Elapsed: 670.084s (11m 10s)  93% completed  (46% total)
     Speed:     ev/sec=44262.7   simsec/sec=0.188629   ev/simsec=234655
     Messages:  created: 37955571   present: 9061   in FES: 158
** Event #28370688   t=469.573372703857   Elapsed: 672.086s (11m 12s)  93% completed  (46% total)
     Speed:     ev/sec=48714.1   simsec/sec=0.233346   ev/simsec=208764
     Messages:  created: 38090161   present: 9028   in FES: 139
** Event #28465664   t=469.99287118867   Elapsed: 674.087s (11m 14s)  93% completed  (46% total)
     Speed:     ev/sec=47458.3   simsec/sec=0.209618   ev/simsec=226404
     Messages:  created: 38221758   present: 9136   in FES: 161
** Event #28549376   t=470.39537872927   Elapsed: 676.088s (11m 16s)  94% completed  (47% total)
     Speed:     ev/sec=41830.2   simsec/sec=0.20113   ev/simsec=207976
     Messages:  created: 38336380   present: 9133   in FES: 154
** Event #28638720   t=470.961151433706   Elapsed: 678.089s (11m 18s)  94% completed  (47% total)
     Speed:     ev/sec=44662   simsec/sec=0.282823   ev/simsec=157915
     Messages:  created: 38459741   present: 9143   in FES: 155
** Event #28730880   t=471.395967064868   Elapsed: 680.092s (11m 20s)  94% completed  (47% total)
     Speed:     ev/sec=45998   simsec/sec=0.217021   ev/simsec=211952
     Messages:  created: 38586112   present: 9185   in FES: 151
** Event #28820992   t=471.895439807112   Elapsed: 682.096s (11m 22s)  94% completed  (47% total)
     Speed:     ev/sec=44983.7   simsec/sec=0.249335   ev/simsec=180414
     Messages:  created: 38710600   present: 9190   in FES: 150
** Event #28908544   t=472.35027002583   Elapsed: 684.103s (11m 24s)  94% completed  (47% total)
     Speed:     ev/sec=43611.1   simsec/sec=0.226559   ev/simsec=192494
     Messages:  created: 38828057   present: 8306   in FES: 167
** Event #28993536   t=472.597961631033   Elapsed: 686.105s (11m 26s)  94% completed  (47% total)
     Speed:     ev/sec=42459.7   simsec/sec=0.12374   ev/simsec=343136
     Messages:  created: 38946270   present: 8274   in FES: 136
** Event #29073408   t=472.823539691926   Elapsed: 688.109s (11m 28s)  94% completed  (47% total)
     Speed:     ev/sec=39849.7   simsec/sec=0.112545   ev/simsec=354077
     Messages:  created: 39057593   present: 8259   in FES: 147
** Event #29153792   t=473.063504828296   Elapsed: 690.115s (11m 30s)  94% completed  (47% total)
     Speed:     ev/sec=40069.6   simsec/sec=0.119617   ev/simsec=334982
     Messages:  created: 39169034   present: 8307   in FES: 156
** Event #29226496   t=473.284678460635   Elapsed: 692.117s (11m 32s)  94% completed  (47% total)
     Speed:     ev/sec=36330.1   simsec/sec=0.11052   ev/simsec=328719
     Messages:  created: 39269874   present: 8290   in FES: 158
** Event #29305344   t=473.530777965883   Elapsed: 694.117s (11m 34s)  94% completed  (47% total)
     Speed:     ev/sec=39410.4   simsec/sec=0.123007   ev/simsec=320391
     Messages:  created: 39379211   present: 8336   in FES: 160
** Event #29373696   t=473.777910106698   Elapsed: 696.36s (11m 36s)  94% completed  (47% total)
     Speed:     ev/sec=30482.8   simsec/sec=0.110213   ev/simsec=276581
     Messages:  created: 39474051   present: 8228   in FES: 141
** Event #29456384   t=474.583542514818   Elapsed: 698.362s (11m 38s)  94% completed  (47% total)
     Speed:     ev/sec=41287.1   simsec/sec=0.402262   ev/simsec=102637
     Messages:  created: 39586378   present: 8344   in FES: 164
** Event #29536512   t=475.454227119361   Elapsed: 700.365s (11m 40s)  95% completed  (47% total)
     Speed:     ev/sec=40009.3   simsec/sec=0.434748   ev/simsec=92028.7
     Messages:  created: 39694841   present: 8419   in FES: 164
** Event #29614336   t=476.23956154711   Elapsed: 702.367s (11m 42s)  95% completed  (47% total)
     Speed:     ev/sec=38877.1   simsec/sec=0.392316   ev/simsec=99096.6
     Messages:  created: 39800547   present: 8449   in FES: 166
** Event #29696512   t=477.074559972144   Elapsed: 704.373s (11m 44s)  95% completed  (47% total)
     Speed:     ev/sec=40968   simsec/sec=0.41628   ev/simsec=98414.6
     Messages:  created: 39912086   present: 8522   in FES: 165
** Event #29763840   t=478.069665644551   Elapsed: 706.38s (11m 46s)  95% completed  (47% total)
     Speed:     ev/sec=33538.9   simsec/sec=0.495704   ev/simsec=67659.1
     Messages:  created: 40001884   present: 8635   in FES: 189
** Event #29837312   t=479.723298211408   Elapsed: 708.388s (11m 48s)  95% completed  (47% total)
     Speed:     ev/sec=36601.9   simsec/sec=0.823799   ev/simsec=44430.7
     Messages:  created: 40097512   present: 8684   in FES: 188
** Event #29917952   t=481.594599101435   Elapsed: 710.389s (11m 50s)  96% completed  (48% total)
     Speed:     ev/sec=40286.7   simsec/sec=0.934877   ev/simsec=43093
     Messages:  created: 40202131   present: 8644   in FES: 142
** Event #30002432   t=483.320140954416   Elapsed: 712.39s (11m 52s)  96% completed  (48% total)
     Speed:     ev/sec=42232.8   simsec/sec=0.862623   ev/simsec=48958.5
     Messages:  created: 40312136   present: 8721   in FES: 145
** Event #30074368   t=484.769066707518   Elapsed: 714.39s (11m 54s)  96% completed  (48% total)
     Speed:     ev/sec=35962.4   simsec/sec=0.72435   ev/simsec=49647.8
     Messages:  created: 40405685   present: 8742   in FES: 129
** Event #30171904   t=486.845664550022   Elapsed: 716.392s (11m 56s)  97% completed  (48% total)
     Speed:     ev/sec=48710   simsec/sec=1.03706   ev/simsec=46969.1
     Messages:  created: 40531907   present: 8919   in FES: 144
** Event #30263808   t=488.880405985699   Elapsed: 718.398s (11m 58s)  97% completed  (48% total)
     Speed:     ev/sec=45819.6   simsec/sec=1.01444   ev/simsec=45167.4
     Messages:  created: 40650702   present: 8965   in FES: 131
** Event #30347776   t=490.589939018392   Elapsed: 720.401s (12m 00s)  98% completed  (49% total)
     Speed:     ev/sec=41924.6   simsec/sec=0.853557   ev/simsec=49117.5
     Messages:  created: 40759586   present: 9045   in FES: 135
** Event #30436352   t=492.563904379871   Elapsed: 722.402s (12m 02s)  98% completed  (49% total)
     Speed:     ev/sec=44256.6   simsec/sec=0.986282   ev/simsec=44872.1
     Messages:  created: 40874285   present: 9208   in FES: 158
** Event #30534400   t=494.857039223346   Elapsed: 724.408s (12m 04s)  98% completed  (49% total)
     Speed:     ev/sec=48892.5   simsec/sec=1.14349   ev/simsec=42757.2
     Messages:  created: 41001908   present: 9397   in FES: 181
** Event #30624768   t=496.813906080317   Elapsed: 726.41s (12m 06s)  99% completed  (49% total)
     Speed:     ev/sec=45131.9   simsec/sec=0.977306   ev/simsec=46179.9
     Messages:  created: 41119820   present: 9384   in FES: 152
** Event #30728448   t=499.000270963835   Elapsed: 728.413s (12m 08s)  99% completed  (49% total)
     Speed:     ev/sec=51753.1   simsec/sec=1.09135   ev/simsec=47421.2
     Messages:  created: 41256315   present: 9646   in FES: 170
** Event #30811136   t=499.816069302412   Elapsed: 730.414s (12m 10s)  99% completed  (49% total)
     Speed:     ev/sec=41332.5   simsec/sec=0.407786   ev/simsec=101358
     Messages:  created: 41368687   present: 9628   in FES: 165
** Event #30830949   t=500   Elapsed: 730.908s (12m 10s)  100% completed  (50% total)
     Speed:     ev/sec=40127.6   simsec/sec=0.372537   ev/simsec=107714
     Messages:  created: 41395906   present: 9532   in FES: 124

<!> Simulation time limit reached -- at t=500s, event #30830949
undisposed object: (omnetpp::cMessage) FanetReconNetwork.groundStation.app.debugTimer -- check module destructor
undisposed object: (omnetpp::cMessage) FanetReconNetwork.uav[0].app.debugTimer -- check module destructor
undisposed object: (omnetpp::cMessage) FanetReconNetwork.uav[1].app.debugTimer -- check module destructor
undisposed object: (omnetpp::cMessage) FanetReconNetwork.uav[2].app.debugTimer -- check module destructor
undisposed object: (omnetpp::cMessage) FanetReconNetwork.uav[3].app.debugTimer -- check module destructor
undisposed object: (omnetpp::cMessage) FanetReconNetwork.uav[4].app.debugTimer -- check module destructor
undisposed object: (omnetpp::cMessage) FanetReconNetwork.uav[5].app.debugTimer -- check module destructor
undisposed object: (omnetpp::cMessage) FanetReconNetwork.uav[6].app.debugTimer -- check module destructor
undisposed object: (omnetpp::cMessage) FanetReconNetwork.uav[7].app.debugTimer -- check module destructor
undisposed object: (omnetpp::cMessage) FanetReconNetwork.uav[8].app.debugTimer -- check module destructor
undisposed object: (omnetpp::cMessage) FanetReconNetwork.uav[9].app.debugTimer -- check module destructor
undisposed object: (omnetpp::cMessage) FanetReconNetwork.uav[10].app.debugTimer -- check module destructor
undisposed object: (omnetpp::cMessage) FanetReconNetwork.uav[11].app.debugTimer -- check module destructor
undisposed object: (omnetpp::cMessage) FanetReconNetwork.uav[12].app.debugTimer -- check module destructor
undisposed object: (omnetpp::cMessage) FanetReconNetwork.uav[13].app.debugTimer -- check module destructor
undisposed object: (omnetpp::cMessage) FanetReconNetwork.uav[14].app.debugTimer -- check module destructor
undisposed object: (omnetpp::cMessage) FanetReconNetwork.uav[15].app.debugTimer -- check module destructor
undisposed object: (omnetpp::cMessage) FanetReconNetwork.uav[16].app.debugTimer -- check module destructor
undisposed object: (omnetpp::cMessage) FanetReconNetwork.uav[17].app.debugTimer -- check module destructor
undisposed object: (omnetpp::cMessage) FanetReconNetwork.uav[18].app.debugTimer -- check module destructor
undisposed object: (omnetpp::cMessage) FanetReconNetwork.uav[19].app.debugTimer -- check module destructor
undisposed object: (omnetpp::cMessage) FanetReconNetwork.uav[20].app.debugTimer -- check module destructor
undisposed object: (omnetpp::cMessage) FanetReconNetwork.uav[21].app.debugTimer -- check module destructor
undisposed object: (omnetpp::cMessage) FanetReconNetwork.uav[22].app.debugTimer -- check module destructor
undisposed object: (omnetpp::cMessage) FanetReconNetwork.uav[23].app.debugTimer -- check module destructor
undisposed object: (omnetpp::cMessage) FanetReconNetwork.uav[24].app.debugTimer -- check module destructor
undisposed object: (omnetpp::cMessage) FanetReconNetwork.uav[25].app.debugTimer -- check module destructor
undisposed object: (omnetpp::cMessage) FanetReconNetwork.uav[26].app.debugTimer -- check module destructor
undisposed object: (omnetpp::cMessage) FanetReconNetwork.uav[27].app.debugTimer -- check module destructor
undisposed object: (omnetpp::cMessage) FanetReconNetwork.uav[28].app.debugTimer -- check module destructor
undisposed object: (omnetpp::cMessage) FanetReconNetwork.uav[29].app.debugTimer -- check module destructor
