** Event #0   t=0   Elapsed: 3e-05s (0m 00s)  0% completed  (0% total)
     Speed:     ev/sec=0   simsec/sec=0   ev/simsec=0
     Messages:  created: 1178   present: 1178   in FES: 186
** Event #109312   t=18.457701099032   Elapsed: 2.0005s (0m 02s)  3% completed  (1% total)
     Speed:     ev/sec=54643.7   simsec/sec=9.22668   ev/simsec=5922.35
     Messages:  created: 117262   present: 1188   in FES: 147
** Event #213504   t=35.348385743429   Elapsed: 4.01063s (0m 04s)  7% completed  (3% total)
     Speed:     ev/sec=51833.2   simsec/sec=8.40274   ev/simsec=6168.61
     Messages:  created: 226673   present: 1214   in FES: 154
** Event #310016   t=51.348442909154   Elapsed: 6.01151s (0m 06s)  10% completed  (5% total)
     Speed:     ev/sec=48234.8   simsec/sec=7.99651   ev/simsec=6031.98
     Messages:  created: 329080   present: 1213   in FES: 154
** Event #384768   t=64.005223983571   Elapsed: 8.01351s (0m 08s)  12% completed  (6% total)
     Speed:     ev/sec=37338.6   simsec/sec=6.32206   ev/simsec=5906.08
     Messages:  created: 407516   present: 1136   in FES: 129
** Event #442624   t=73.058885361987   Elapsed: 10.0149s (0m 10s)  14% completed  (7% total)
     Speed:     ev/sec=28908.9   simsec/sec=4.52384   ev/simsec=6390.34
     Messages:  created: 468278   present: 1156   in FES: 135
** Event #498944   t=82.058882108492   Elapsed: 12.0162s (0m 12s)  16% completed  (8% total)
     Speed:     ev/sec=28141.1   simsec/sec=4.49698   ev/simsec=6257.78
     Messages:  created: 527254   present: 1204   in FES: 151
** Event #559872   t=92.035797971494   Elapsed: 14.0237s (0m 14s)  18% completed  (9% total)
     Speed:     ev/sec=30349.8   simsec/sec=4.96975   ev/simsec=6106.9
     Messages:  created: 591554   present: 1216   in FES: 153
** Event #628224   t=100.645483538919   Elapsed: 16.0285s (0m 16s)  20% completed  (10% total)
     Speed:     ev/sec=34093.9   simsec/sec=4.29451   ev/simsec=7938.97
     Messages:  created: 668614   present: 1164   in FES: 140
** Event #705280   t=101.331586741877   Elapsed: 18.03s (0m 18s)  20% completed  (10% total)
     Speed:     ev/sec=38499.1   simsec/sec=0.342794   ev/simsec=112310
     Messages:  created: 773603   present: 1284   in FES: 145
** Event #777984   t=101.696012149864   Elapsed: 20.0326s (0m 20s)  20% completed  (10% total)
     Speed:     ev/sec=36305.4   simsec/sec=0.181979   ev/simsec=199503
     Messages:  created: 873970   present: 1380   in FES: 177
** Event #847616   t=102.014264668817   Elapsed: 22.0389s (0m 22s)  20% completed  (10% total)
     Speed:     ev/sec=34706.3   simsec/sec=0.158625   ev/simsec=218795
     Messages:  created: 969996   present: 1300   in FES: 150
** Event #915456   t=102.307496853028   Elapsed: 24.0428s (0m 24s)  20% completed  (10% total)
     Speed:     ev/sec=33854.9   simsec/sec=0.146335   ev/simsec=231353
     Messages:  created: 1063102   present: 1424   in FES: 179
** Event #966400   t=102.552292029075   Elapsed: 26.0466s (0m 26s)  20% completed  (10% total)
     Speed:     ev/sec=25423.5   simsec/sec=0.122164   ev/simsec=208109
     Messages:  created: 1133207   present: 1444   in FES: 178
** Event #1031680   t=102.923135438324   Elapsed: 28.0523s (0m 28s)  20% completed  (10% total)
     Speed:     ev/sec=32547.6   simsec/sec=0.184897   ev/simsec=176031
     Messages:  created: 1223390   present: 1384   in FES: 142
** Event #1101824   t=103.212183933907   Elapsed: 30.053s (0m 30s)  20% completed  (10% total)
     Speed:     ev/sec=35058.6   simsec/sec=0.144469   ev/simsec=242672
     Messages:  created: 1319406   present: 1462   in FES: 160
** Event #1167360   t=103.501043726385   Elapsed: 32.0566s (0m 32s)  20% completed  (10% total)
     Speed:     ev/sec=32710   simsec/sec=0.144174   ev/simsec=226878
     Messages:  created: 1409675   present: 1491   in FES: 162
** Event #1236480   t=103.772471219321   Elapsed: 34.0604s (0m 34s)  20% completed  (10% total)
     Speed:     ev/sec=34493.3   simsec/sec=0.135452   ev/simsec=254654
     Messages:  created: 1505288   present: 1482   in FES: 141
** Event #1303040   t=103.985735949244   Elapsed: 36.2184s (0m 36s)  20% completed  (10% total)
     Speed:     ev/sec=30844.2   simsec/sec=0.0988279   ev/simsec=312100
     Messages:  created: 1597539   present: 1521   in FES: 158
** Event #1374208   t=104.216558081705   Elapsed: 38.2246s (0m 38s)  20% completed  (10% total)
     Speed:     ev/sec=35473.2   simsec/sec=0.115052   ev/simsec=308324
     Messages:  created: 1695176   present: 1471   in FES: 134
** Event #1443328   t=104.467755388289   Elapsed: 40.2301s (0m 40s)  20% completed  (10% total)
     Speed:     ev/sec=34465   simsec/sec=0.125254   ev/simsec=275162
     Messages:  created: 1790843   present: 1536   in FES: 161
** Event #1512704   t=104.771419716531   Elapsed: 42.2317s (0m 42s)  20% completed  (10% total)
     Speed:     ev/sec=34661.2   simsec/sec=0.151715   ev/simsec=228463
     Messages:  created: 1886560   present: 1484   in FES: 130
** Event #1585152   t=105.177724726074   Elapsed: 44.2336s (0m 44s)  21% completed  (10% total)
     Speed:     ev/sec=36189.3   simsec/sec=0.202958   ev/simsec=178309
     Messages:  created: 1985506   present: 1558   in FES: 155
** Event #1654016   t=105.430030814823   Elapsed: 46.2382s (0m 46s)  21% completed  (10% total)
     Speed:     ev/sec=34353.7   simsec/sec=0.125866   ev/simsec=272938
     Messages:  created: 2080547   present: 1558   in FES: 137
** Event #1716736   t=105.684770637878   Elapsed: 48.2457s (0m 48s)  21% completed  (10% total)
     Speed:     ev/sec=31242.7   simsec/sec=0.126893   ev/simsec=246212
     Messages:  created: 2167190   present: 1598   in FES: 154
** Event #1784832   t=105.987898749401   Elapsed: 50.2526s (0m 50s)  21% completed  (10% total)
     Speed:     ev/sec=33929.9   simsec/sec=0.151038   ev/simsec=224644
     Messages:  created: 2261291   present: 1535   in FES: 131
** Event #1850368   t=106.273964744814   Elapsed: 52.2575s (0m 52s)  21% completed  (10% total)
     Speed:     ev/sec=32688.6   simsec/sec=0.142686   ev/simsec=229094
     Messages:  created: 2351043   present: 1620   in FES: 157
** Event #1919744   t=106.581457924179   Elapsed: 54.2582s (0m 54s)  21% completed  (10% total)
     Speed:     ev/sec=34675.9   simsec/sec=0.153693   ev/simsec=225618
     Messages:  created: 2446705   present: 1655   in FES: 156
** Event #1993728   t=106.969795464656   Elapsed: 56.2643s (0m 56s)  21% completed  (10% total)
     Speed:     ev/sec=36879.4   simsec/sec=0.193578   ev/simsec=190515
     Messages:  created: 2548941   present: 1595   in FES: 127
** Event #2062336   t=107.255604687557   Elapsed: 58.2682s (0m 58s)  21% completed  (10% total)
     Speed:     ev/sec=34237.8   simsec/sec=0.142629   ev/simsec=240048
     Messages:  created: 2642826   present: 1606   in FES: 125
** Event #2120960   t=107.518896828715   Elapsed: 60.2718s (1m 00s)  21% completed  (10% total)
     Speed:     ev/sec=29258.7   simsec/sec=0.131407   ev/simsec=222658
     Messages:  created: 2723617   present: 1705   in FES: 161
** Event #2193408   t=107.915419321785   Elapsed: 62.2772s (1m 02s)  21% completed  (10% total)
     Speed:     ev/sec=36126.9   simsec/sec=0.19773   ev/simsec=182708
     Messages:  created: 2823705   present: 1683   in FES: 144
** Event #2269952   t=108.210020765966   Elapsed: 64.2796s (1m 04s)  21% completed  (10% total)
     Speed:     ev/sec=38226.4   simsec/sec=0.147125   ev/simsec=259822
     Messages:  created: 2928861   present: 1748   in FES: 158
** Event #2337280   t=108.501798130373   Elapsed: 66.2835s (1m 06s)  21% completed  (10% total)
     Speed:     ev/sec=33597.5   simsec/sec=0.145601   ev/simsec=230751
     Messages:  created: 3021670   present: 1753   in FES: 147
** Event #2407424   t=108.805504227415   Elapsed: 68.2883s (1m 08s)  21% completed  (10% total)
     Speed:     ev/sec=34988.4   simsec/sec=0.151491   ev/simsec=230960
     Messages:  created: 3118650   present: 1783   in FES: 165
** Event #2464256   t=109.051280136524   Elapsed: 70.2995s (1m 10s)  21% completed  (10% total)
     Speed:     ev/sec=28258.3   simsec/sec=0.122206   ev/simsec=231235
     Messages:  created: 3196804   present: 1817   in FES: 159
** Event #2531328   t=109.322239936898   Elapsed: 72.3005s (1m 12s)  21% completed  (10% total)
     Speed:     ev/sec=33517.9   simsec/sec=0.135407   ev/simsec=247535
     Messages:  created: 3288989   present: 1778   in FES: 143
** Event #2599168   t=109.64985730335   Elapsed: 74.3026s (1m 14s)  21% completed  (10% total)
     Speed:     ev/sec=33885.1   simsec/sec=0.16364   ev/simsec=207071
     Messages:  created: 3382513   present: 1753   in FES: 164
** Event #2664960   t=109.929998613391   Elapsed: 76.3037s (1m 16s)  21% completed  (10% total)
     Speed:     ev/sec=32878   simsec/sec=0.139994   ev/simsec=234853
     Messages:  created: 3473563   present: 1835   in FES: 161
** Event #2735616   t=110.213439683252   Elapsed: 78.3109s (1m 18s)  22% completed  (11% total)
     Speed:     ev/sec=35200.4   simsec/sec=0.141209   ev/simsec=249279
     Messages:  created: 3570266   present: 1847   in FES: 148
** Event #2795520   t=110.467863247908   Elapsed: 80.3121s (1m 20s)  22% completed  (11% total)
     Speed:     ev/sec=29934.2   simsec/sec=0.127136   ev/simsec=235450
     Messages:  created: 3652951   present: 1883   in FES: 155
** Event #2863104   t=110.776110240779   Elapsed: 82.3138s (1m 22s)  22% completed  (11% total)
     Speed:     ev/sec=33764.5   simsec/sec=0.153998   ev/simsec=219253
     Messages:  created: 3746370   present: 1906   in FES: 156
** Event #2931200   t=111.060694200264   Elapsed: 84.3153s (1m 24s)  22% completed  (11% total)
     Speed:     ev/sec=34022.3   simsec/sec=0.142184   ev/simsec=239283
     Messages:  created: 3840051   present: 1920   in FES: 158
** Event #3001600   t=112.819229355714   Elapsed: 86.3211s (1m 26s)  22% completed  (11% total)
     Speed:     ev/sec=35098.2   simsec/sec=0.876724   ev/simsec=40033.3
     Messages:  created: 3932953   present: 1936   in FES: 156
** Event #3068416   t=114.682358009576   Elapsed: 88.3213s (1m 28s)  22% completed  (11% total)
     Speed:     ev/sec=33404.9   simsec/sec=0.931479   ev/simsec=35862.3
     Messages:  created: 4019912   present: 2013   in FES: 164
** Event #3136000   t=116.778192470707   Elapsed: 90.3217s (1m 30s)  23% completed  (11% total)
     Speed:     ev/sec=33784.2   simsec/sec=1.04767   ev/simsec=32246.8
     Messages:  created: 4107846   present: 2029   in FES: 135
** Event #3192064   t=118.409811042422   Elapsed: 92.3227s (1m 32s)  23% completed  (11% total)
     Speed:     ev/sec=28018.4   simsec/sec=0.815413   ev/simsec=34361
     Messages:  created: 4180221   present: 2161   in FES: 148
** Event #3258880   t=120.221490244329   Elapsed: 94.3227s (1m 34s)  24% completed  (12% total)
     Speed:     ev/sec=33407.2   simsec/sec=0.905819   ev/simsec=36880.7
     Messages:  created: 4266646   present: 2253   in FES: 162
** Event #3328768   t=122.173153283864   Elapsed: 96.3262s (1m 36s)  24% completed  (12% total)
     Speed:     ev/sec=34883.8   simsec/sec=0.974149   ev/simsec=35809.5
     Messages:  created: 4356694   present: 2345   in FES: 155
** Event #3398912   t=124.089626872441   Elapsed: 98.3269s (1m 38s)  24% completed  (12% total)
     Speed:     ev/sec=35059.8   simsec/sec=0.957902   ev/simsec=36600.6
     Messages:  created: 4447260   present: 2466   in FES: 155
** Event #3468800   t=126.039468207316   Elapsed: 100.33s (1m 40s)  25% completed  (12% total)
     Speed:     ev/sec=34890.3   simsec/sec=0.973423   ev/simsec=35842.9
     Messages:  created: 4537623   present: 2582   in FES: 156
** Event #3531264   t=127.67211784424   Elapsed: 102.392s (1m 42s)  25% completed  (12% total)
     Speed:     ev/sec=30296.6   simsec/sec=0.791876   ev/simsec=38259.3
     Messages:  created: 4618034   present: 2613   in FES: 153
** Event #3601152   t=129.539628156788   Elapsed: 104.397s (1m 44s)  25% completed  (12% total)
     Speed:     ev/sec=34859.6   simsec/sec=0.931499   ev/simsec=37423.1
     Messages:  created: 4708064   present: 2742   in FES: 162
** Event #3672832   t=130.545684508478   Elapsed: 106.397s (1m 46s)  26% completed  (13% total)
     Speed:     ev/sec=35827.7   simsec/sec=0.502856   ev/simsec=71248.5
     Messages:  created: 4804430   present: 2759   in FES: 138
** Event #3750912   t=131.67150606339   Elapsed: 108.401s (1m 48s)  26% completed  (13% total)
     Speed:     ev/sec=38969.2   simsec/sec=0.56189   ev/simsec=69353.8
     Messages:  created: 4909701   present: 2894   in FES: 157
** Event #3823616   t=132.735654979497   Elapsed: 110.408s (1m 50s)  26% completed  (13% total)
     Speed:     ev/sec=36218.2   simsec/sec=0.530115   ev/simsec=68321.3
     Messages:  created: 5007486   present: 2901   in FES: 156
** Event #3897088   t=134.716329078883   Elapsed: 112.411s (1m 52s)  26% completed  (13% total)
     Speed:     ev/sec=36692   simsec/sec=0.989151   ev/simsec=37094.4
     Messages:  created: 5103317   present: 3007   in FES: 156
** Event #3960064   t=136.652960235739   Elapsed: 114.416s (1m 54s)  27% completed  (13% total)
     Speed:     ev/sec=31402   simsec/sec=0.96567   ev/simsec=32518.3
     Messages:  created: 5184523   present: 3126   in FES: 155
** Event #4036352   t=138.890860383139   Elapsed: 116.42s (1m 56s)  27% completed  (13% total)
     Speed:     ev/sec=38073.3   simsec/sec=1.11688   ev/simsec=34089.1
     Messages:  created: 5283519   present: 3223   in FES: 146
** Event #4108800   t=140.14109285246   Elapsed: 118.423s (1m 58s)  28% completed  (14% total)
     Speed:     ev/sec=36170.1   simsec/sec=0.624186   ev/simsec=57947.6
     Messages:  created: 5379393   present: 3331   in FES: 155
** Event #4179712   t=141.061368577852   Elapsed: 120.425s (2m 00s)  28% completed  (14% total)
     Speed:     ev/sec=35413.3   simsec/sec=0.459583   ev/simsec=77055.2
     Messages:  created: 5475442   present: 3376   in FES: 133
** Event #4251648   t=142.047490576631   Elapsed: 122.428s (2m 02s)  28% completed  (14% total)
     Speed:     ev/sec=35911.7   simsec/sec=0.492289   ev/simsec=72948.4
     Messages:  created: 5572408   present: 3561   in FES: 186
** Event #4312832   t=142.816395353765   Elapsed: 124.434s (2m 04s)  28% completed  (14% total)
     Speed:     ev/sec=30508   simsec/sec=0.383396   ev/simsec=79572.9
     Messages:  created: 5655078   present: 3476   in FES: 144
** Event #4384000   t=144.61435691334   Elapsed: 126.44s (2m 06s)  28% completed  (14% total)
     Speed:     ev/sec=35482.5   simsec/sec=0.896416   ev/simsec=39582.6
     Messages:  created: 5747846   present: 3528   in FES: 159
** Event #4455936   t=146.562978041994   Elapsed: 128.443s (2m 08s)  29% completed  (14% total)
     Speed:     ev/sec=35903.9   simsec/sec=0.972575   ev/simsec=36916.4
     Messages:  created: 5841246   present: 3606   in FES: 155
** Event #4529408   t=148.218294818314   Elapsed: 130.452s (2m 10s)  29% completed  (14% total)
     Speed:     ev/sec=36569.1   simsec/sec=0.823899   ev/simsec=44385.5
     Messages:  created: 5937742   present: 3617   in FES: 155
** Event #4602368   t=150.172163794975   Elapsed: 132.456s (2m 12s)  30% completed  (15% total)
     Speed:     ev/sec=36408.9   simsec/sec=0.975031   ev/simsec=37341.3
     Messages:  created: 6032370   present: 3658   in FES: 137
** Event #4679424   t=152.359299801749   Elapsed: 134.462s (2m 14s)  30% completed  (15% total)
     Speed:     ev/sec=38426.2   simsec/sec=1.09068   ev/simsec=35231.5
     Messages:  created: 6132317   present: 3807   in FES: 151
** Event #4746496   t=154.319663748668   Elapsed: 136.466s (2m 16s)  30% completed  (15% total)
     Speed:     ev/sec=33465.9   simsec/sec=0.978132   ev/simsec=34214.1
     Messages:  created: 6219066   present: 3933   in FES: 162
** Event #4815872   t=156.068553123382   Elapsed: 138.468s (2m 18s)  31% completed  (15% total)
     Speed:     ev/sec=34654.5   simsec/sec=0.8736   ev/simsec=39668.6
     Messages:  created: 6310117   present: 3980   in FES: 154
** Event #4887552   t=158.006117316574   Elapsed: 140.474s (2m 20s)  31% completed  (15% total)
     Speed:     ev/sec=35720   simsec/sec=0.965539   ev/simsec=36994.9
     Messages:  created: 6403833   present: 3992   in FES: 130
** Event #4964608   t=159.234991676082   Elapsed: 142.477s (2m 22s)  31% completed  (15% total)
     Speed:     ev/sec=38467.7   simsec/sec=0.613476   ev/simsec=62704.5
     Messages:  created: 6506148   present: 4110   in FES: 157
** Event #5039616   t=160.748526434401   Elapsed: 144.479s (2m 24s)  32% completed  (16% total)
     Speed:     ev/sec=37475.3   simsec/sec=0.756188   ev/simsec=49558.2
     Messages:  created: 6605362   present: 4156   in FES: 163
** Event #5112320   t=162.409407761852   Elapsed: 146.48s (2m 26s)  32% completed  (16% total)
     Speed:     ev/sec=36337.4   simsec/sec=0.830107   ev/simsec=43774.3
     Messages:  created: 6700063   present: 4215   in FES: 156
** Event #5178112   t=163.826259752948   Elapsed: 148.482s (2m 28s)  32% completed  (16% total)
     Speed:     ev/sec=32858.5   simsec/sec=0.707618   ev/simsec=46435.3
     Messages:  created: 6786989   present: 4262   in FES: 158
** Event #5253632   t=164.105843569444   Elapsed: 150.487s (2m 30s)  32% completed  (16% total)
     Speed:     ev/sec=37673.9   simsec/sec=0.139473   ev/simsec=270116
     Messages:  created: 6890698   present: 4321   in FES: 156
** Event #5334272   t=164.541909094692   Elapsed: 152.494s (2m 32s)  32% completed  (16% total)
     Speed:     ev/sec=40180.5   simsec/sec=0.217278   ev/simsec=184926
     Messages:  created: 7001632   present: 4308   in FES: 156
** Event #5408768   t=165.422046314921   Elapsed: 154.494s (2m 34s)  33% completed  (16% total)
     Speed:     ev/sec=37246.5   simsec/sec=0.440051   ev/simsec=84641.3
     Messages:  created: 7102215   present: 4315   in FES: 157
** Event #5477632   t=167.07471123944   Elapsed: 156.497s (2m 36s)  33% completed  (16% total)
     Speed:     ev/sec=34367.9   simsec/sec=0.824795   ev/simsec=41668.5
     Messages:  created: 7192951   present: 4382   in FES: 156
** Event #5550336   t=169.070120849989   Elapsed: 158.579s (2m 38s)  33% completed  (16% total)
     Speed:     ev/sec=34923.5   simsec/sec=0.958499   ev/simsec=36435.6
     Messages:  created: 7287686   present: 4456   in FES: 156
** Event #5626112   t=171.708525716289   Elapsed: 160.585s (2m 40s)  34% completed  (17% total)
     Speed:     ev/sec=37770.9   simsec/sec=1.31512   ev/simsec=28720.4
     Messages:  created: 7385800   present: 4604   in FES: 157
** Event #5701120   t=174.283393675981   Elapsed: 162.587s (2m 42s)  34% completed  (17% total)
     Speed:     ev/sec=37475.8   simsec/sec=1.28647   ev/simsec=29130.8
     Messages:  created: 7482647   present: 4654   in FES: 123
** Event #5779712   t=177.132606244526   Elapsed: 164.593s (2m 44s)  35% completed  (17% total)
     Speed:     ev/sec=39169.5   simsec/sec=1.42002   ev/simsec=27583.8
     Messages:  created: 7584215   present: 4900   in FES: 151
** Event #5852416   t=179.472016210608   Elapsed: 166.597s (2m 46s)  35% completed  (17% total)
     Speed:     ev/sec=36279.2   simsec/sec=1.16736   ev/simsec=31077.9
     Messages:  created: 7679299   present: 5032   in FES: 149
** Event #5925120   t=181.923877233986   Elapsed: 168.6s (2m 48s)  36% completed  (18% total)
     Speed:     ev/sec=36302.7   simsec/sec=1.22427   ev/simsec=29652.6
     Messages:  created: 7774122   present: 5186   in FES: 155
** Event #5991424   t=184.114893095569   Elapsed: 170.698s (2m 50s)  36% completed  (18% total)
     Speed:     ev/sec=31598.5   simsec/sec=1.04417   ev/simsec=30261.8
     Messages:  created: 7859078   present: 5321   in FES: 162
** Event #6068480   t=187.076369094532   Elapsed: 172.706s (2m 52s)  37% completed  (18% total)
     Speed:     ev/sec=38390   simsec/sec=1.47543   ev/simsec=26019.5
     Messages:  created: 7957512   present: 5533   in FES: 150
** Event #6141184   t=190.031601558758   Elapsed: 174.709s (2m 54s)  38% completed  (19% total)
     Speed:     ev/sec=36300.1   simsec/sec=1.47551   ev/simsec=24601.8
     Messages:  created: 8050204   present: 5734   in FES: 155
** Event #6212864   t=192.773170078025   Elapsed: 176.709s (2m 56s)  38% completed  (19% total)
     Speed:     ev/sec=35833.4   simsec/sec=1.37053   ev/simsec=26145.6
     Messages:  created: 8141665   present: 5913   in FES: 154
** Event #6282496   t=195.579045623306   Elapsed: 178.715s (2m 58s)  39% completed  (19% total)
     Speed:     ev/sec=34701.6   simsec/sec=1.39833   ev/simsec=24816.5
     Messages:  created: 8229935   present: 6112   in FES: 157
** Event #6356992   t=198.467426543432   Elapsed: 180.723s (3m 00s)  39% completed  (19% total)
     Speed:     ev/sec=37112.8   simsec/sec=1.43895   ev/simsec=25791.6
     Messages:  created: 8324162   present: 6301   in FES: 154
** Event #6424064   t=201.073156659623   Elapsed: 182.723s (3m 02s)  40% completed  (20% total)
     Speed:     ev/sec=33527.3   simsec/sec=1.30253   ev/simsec=25740.2
     Messages:  created: 8409571   present: 6497   in FES: 155
** Event #6494976   t=203.755250713812   Elapsed: 184.728s (3m 04s)  40% completed  (20% total)
     Speed:     ev/sec=35378.6   simsec/sec=1.33812   ev/simsec=26439
     Messages:  created: 8500153   present: 6655   in FES: 154
** Event #6561536   t=206.099193603496   Elapsed: 186.732s (3m 06s)  41% completed  (20% total)
     Speed:     ev/sec=33208.7   simsec/sec=1.16946   ev/simsec=28396.6
     Messages:  created: 8585943   present: 6816   in FES: 152
** Event #6636800   t=209.058878189889   Elapsed: 188.738s (3m 08s)  41% completed  (20% total)
     Speed:     ev/sec=37527   simsec/sec=1.47571   ev/simsec=25429.7
     Messages:  created: 8682851   present: 7022   in FES: 152
** Event #6701568   t=211.491771550776   Elapsed: 190.743s (3m 10s)  42% completed  (21% total)
     Speed:     ev/sec=32302.1   simsec/sec=1.21337   ev/simsec=26621.8
     Messages:  created: 8765739   present: 7188   in FES: 155
** Event #6759424   t=213.491408039343   Elapsed: 192.743s (3m 12s)  42% completed  (21% total)
     Speed:     ev/sec=28927.6   simsec/sec=0.999803   ev/simsec=28933.3
     Messages:  created: 8840259   present: 7302   in FES: 156
** Event #6824448   t=215.681425231765   Elapsed: 194.743s (3m 14s)  43% completed  (21% total)
     Speed:     ev/sec=32503.6   simsec/sec=1.09473   ev/simsec=29691.1
     Messages:  created: 8924116   present: 7433   in FES: 155
** Event #6884864   t=217.539208588144   Elapsed: 196.746s (3m 16s)  43% completed  (21% total)
     Speed:     ev/sec=30164.2   simsec/sec=0.927544   ev/simsec=32520.5
     Messages:  created: 9001439   present: 7591   in FES: 156
** Event #6959360   t=220.039658457943   Elapsed: 198.752s (3m 18s)  44% completed  (22% total)
     Speed:     ev/sec=37143.8   simsec/sec=1.24673   ev/simsec=29793
     Messages:  created: 9097371   present: 7763   in FES: 163
** Event #7037440   t=222.681435218596   Elapsed: 200.755s (3m 20s)  44% completed  (22% total)
     Speed:     ev/sec=38979.2   simsec/sec=1.31883   ev/simsec=29555.9
     Messages:  created: 9197787   present: 7978   in FES: 156
** Event #7101440   t=223.781252504347   Elapsed: 202.761s (3m 22s)  44% completed  (22% total)
     Speed:     ev/sec=31907.6   simsec/sec=0.548321   ev/simsec=58191.5
     Messages:  created: 9282337   present: 7652   in FES: 167
** Event #7164672   t=224.007169139401   Elapsed: 204.764s (3m 24s)  44% completed  (22% total)
     Speed:     ev/sec=31559.4   simsec/sec=0.112756   ev/simsec=279891
     Messages:  created: 9370057   present: 7671   in FES: 162
** Event #7232768   t=224.303525803194   Elapsed: 206.991s (3m 26s)  44% completed  (22% total)
     Speed:     ev/sec=30582.4   simsec/sec=0.133096   ev/simsec=229777
     Messages:  created: 9463479   present: 7590   in FES: 168
** Event #7303168   t=226.181255472062   Elapsed: 208.991s (3m 28s)  45% completed  (22% total)
     Speed:     ev/sec=35196.4   simsec/sec=0.938769   ev/simsec=37492.1
     Messages:  created: 9556404   present: 7631   in FES: 165
** Event #7372544   t=228.1813174222   Elapsed: 210.994s (3m 30s)  45% completed  (22% total)
     Speed:     ev/sec=34636.1   simsec/sec=0.998535   ev/simsec=34686.9
     Messages:  created: 9647551   present: 7739   in FES: 148
** Event #7441408   t=230.287339321694   Elapsed: 213.003s (3m 33s)  46% completed  (23% total)
     Speed:     ev/sec=34280.9   simsec/sec=1.04839   ev/simsec=32698.6
     Messages:  created: 9738339   present: 7841   in FES: 127
** Event #7517184   t=231.726410834198   Elapsed: 215.012s (3m 35s)  46% completed  (23% total)
     Speed:     ev/sec=37720.7   simsec/sec=0.716358   ev/simsec=52656.2
     Messages:  created: 9840405   present: 7942   in FES: 142
** Event #7591936   t=233.794744544761   Elapsed: 217.013s (3m 37s)  46% completed  (23% total)
     Speed:     ev/sec=37355.4   simsec/sec=1.0336   ev/simsec=36141.2
     Messages:  created: 9939458   present: 8105   in FES: 164
** Event #7662848   t=235.921898689084   Elapsed: 219.014s (3m 39s)  47% completed  (23% total)
     Speed:     ev/sec=35436.2   simsec/sec=1.06298   ev/simsec=33336.6
     Messages:  created: 10032878   present: 8172   in FES: 157
** Event #7727872   t=238.086576802076   Elapsed: 221.021s (3m 41s)  47% completed  (23% total)
     Speed:     ev/sec=32390   simsec/sec=1.07828   ev/simsec=30038.6
     Messages:  created: 10117559   present: 8240   in FES: 130
** Event #7801856   t=238.622319497396   Elapsed: 223.024s (3m 43s)  47% completed  (23% total)
     Speed:     ev/sec=36951.2   simsec/sec=0.267576   ev/simsec=138096
     Messages:  created: 10219274   present: 8348   in FES: 127
** Event #7883776   t=238.885524059715   Elapsed: 225.031s (3m 45s)  47% completed  (23% total)
     Speed:     ev/sec=40816.5   simsec/sec=0.131141   ev/simsec=311241
     Messages:  created: 10333088   present: 8435   in FES: 164
** Event #7962112   t=239.910338098782   Elapsed: 227.033s (3m 47s)  47% completed  (23% total)
     Speed:     ev/sec=39114.3   simsec/sec=0.511704   ev/simsec=76439.2
     Messages:  created: 10439634   present: 8429   in FES: 160
** Event #8036864   t=241.794198593974   Elapsed: 229.038s (3m 49s)  48% completed  (24% total)
     Speed:     ev/sec=37290.4   simsec/sec=0.939773   ev/simsec=39680.2
     Messages:  created: 10538574   present: 8575   in FES: 157
** Event #8111872   t=243.501814665319   Elapsed: 231.042s (3m 51s)  48% completed  (24% total)
     Speed:     ev/sec=37437   simsec/sec=0.852283   ev/simsec=43925.6
     Messages:  created: 10637866   present: 8528   in FES: 123
** Event #8186368   t=246.011008387034   Elapsed: 233.043s (3m 53s)  49% completed  (24% total)
     Speed:     ev/sec=37229.7   simsec/sec=1.25398   ev/simsec=29689.2
     Messages:  created: 10735768   present: 8746   in FES: 155
** Event #8254208   t=248.224905097205   Elapsed: 235.044s (3m 55s)  49% completed  (24% total)
     Speed:     ev/sec=33892   simsec/sec=1.10604   ev/simsec=30642.8
     Messages:  created: 10824037   present: 8829   in FES: 128
** Event #8327680   t=250.758046948817   Elapsed: 237.049s (3m 57s)  50% completed  (25% total)
     Speed:     ev/sec=36653.1   simsec/sec=1.26371   ev/simsec=29004.3
     Messages:  created: 10920457   present: 8942   in FES: 124
** Event #8399616   t=253.750772538706   Elapsed: 239.052s (3m 59s)  50% completed  (25% total)
     Speed:     ev/sec=35902   simsec/sec=1.49362   ev/simsec=24037
     Messages:  created: 11013819   present: 9224   in FES: 155
** Event #8473344   t=255.727200044528   Elapsed: 241.058s (4m 01s)  51% completed  (25% total)
     Speed:     ev/sec=36754.6   simsec/sec=0.98528   ev/simsec=37303.7
     Messages:  created: 11109936   present: 9084   in FES: 145
** Event #8554240   t=256.000379102009   Elapsed: 243.06s (4m 03s)  51% completed  (25% total)
     Speed:     ev/sec=40405.8   simsec/sec=0.136447   ev/simsec=296128
     Messages:  created: 11222197   present: 9073   in FES: 136
** Event #8627456   t=256.240666213979   Elapsed: 245.064s (4m 05s)  51% completed  (25% total)
     Speed:     ev/sec=36548.2   simsec/sec=0.119947   ev/simsec=304702
     Messages:  created: 11323259   present: 9083   in FES: 134
** Event #8697856   t=256.461262530216   Elapsed: 247.068s (4m 07s)  51% completed  (25% total)
     Speed:     ev/sec=35122   simsec/sec=0.110054   ev/simsec=319135
     Messages:  created: 11420952   present: 9192   in FES: 159
** Event #8759296   t=256.659736512107   Elapsed: 249.073s (4m 09s)  51% completed  (25% total)
     Speed:     ev/sec=30652.4   simsec/sec=0.0990187   ev/simsec=309562
     Messages:  created: 11506230   present: 9288   in FES: 181
** Event #8830720   t=256.909089084825   Elapsed: 251.076s (4m 11s)  51% completed  (25% total)
     Speed:     ev/sec=35649.3   simsec/sec=0.124457   ev/simsec=286438
     Messages:  created: 11605299   present: 9210   in FES: 157
** Event #8903424   t=257.136073947758   Elapsed: 253.077s (4m 13s)  51% completed  (25% total)
     Speed:     ev/sec=36330.7   simsec/sec=0.113426   ev/simsec=320303
     Messages:  created: 11705678   present: 9220   in FES: 157
** Event #8989440   t=257.418407801435   Elapsed: 255.082s (4m 15s)  51% completed  (25% total)
     Speed:     ev/sec=42912.3   simsec/sec=0.140853   ev/simsec=304661
     Messages:  created: 11824916   present: 9242   in FES: 155
** Event #9061120   t=257.654328542829   Elapsed: 257.086s (4m 17s)  51% completed  (25% total)
     Speed:     ev/sec=35765   simsec/sec=0.117714   ev/simsec=303831
     Messages:  created: 11923978   present: 9185   in FES: 160
** Event #9134336   t=258.080564742181   Elapsed: 259.09s (4m 19s)  51% completed  (25% total)
     Speed:     ev/sec=36526.2   simsec/sec=0.212642   ev/simsec=171773
     Messages:  created: 12024402   present: 9191   in FES: 160
** Event #9204992   t=258.594424799554   Elapsed: 261.096s (4m 21s)  51% completed  (25% total)
     Speed:     ev/sec=35228.8   simsec/sec=0.256209   ev/simsec=137500
     Messages:  created: 12121125   present: 9184   in FES: 156
** Event #9276672   t=259.103944914271   Elapsed: 263.1s (4m 23s)  51% completed  (25% total)
     Speed:     ev/sec=35760.8   simsec/sec=0.254197   ev/simsec=140681
     Messages:  created: 12219434   present: 9211   in FES: 157
** Event #9342720   t=259.599123018963   Elapsed: 265.105s (4m 25s)  51% completed  (25% total)
     Speed:     ev/sec=32957.3   simsec/sec=0.247089   ev/simsec=133382
     Messages:  created: 12310287   present: 9170   in FES: 140
** Event #9415936   t=260.229587551947   Elapsed: 267.109s (4m 27s)  52% completed  (26% total)
     Speed:     ev/sec=36529.7   simsec/sec=0.314558   ev/simsec=116130
     Messages:  created: 12410649   present: 9217   in FES: 132
** Event #9488640   t=260.845258579584   Elapsed: 269.11s (4m 29s)  52% completed  (26% total)
     Speed:     ev/sec=36339.5   simsec/sec=0.30773   ev/simsec=118089
     Messages:  created: 12510833   present: 9195   in FES: 124
** Event #9562112   t=261.497728238566   Elapsed: 271.114s (4m 31s)  52% completed  (26% total)
     Speed:     ev/sec=36649.5   simsec/sec=0.325466   ev/simsec=112606
     Messages:  created: 12611315   present: 9275   in FES: 161
** Event #9637120   t=262.287137840417   Elapsed: 273.121s (4m 33s)  52% completed  (26% total)
     Speed:     ev/sec=37378.8   simsec/sec=0.393387   ev/simsec=95017.8
     Messages:  created: 12713817   present: 9340   in FES: 155
** Event #9711104   t=263.041939646304   Elapsed: 275.126s (4m 35s)  52% completed  (26% total)
     Speed:     ev/sec=36892   simsec/sec=0.376381   ev/simsec=98017.8
     Messages:  created: 12815121   present: 9457   in FES: 154
** Event #9786368   t=263.796276629835   Elapsed: 277.127s (4m 37s)  52% completed  (26% total)
     Speed:     ev/sec=37611.9   simsec/sec=0.376967   ev/simsec=99775
     Messages:  created: 12918060   present: 9461   in FES: 139
** Event #9862400   t=264.54340887453   Elapsed: 279.133s (4m 39s)  52% completed  (26% total)
     Speed:     ev/sec=37912.7   simsec/sec=0.372551   ev/simsec=101765
     Messages:  created: 13021769   present: 9539   in FES: 160
** Event #9936640   t=265.218859624833   Elapsed: 281.134s (4m 41s)  53% completed  (26% total)
     Speed:     ev/sec=37093.5   simsec/sec=0.337485   ev/simsec=109912
     Messages:  created: 13123428   present: 9525   in FES: 154
** Event #10011648   t=265.795539594764   Elapsed: 283.141s (4m 43s)  53% completed  (26% total)
     Speed:     ev/sec=37379.9   simsec/sec=0.287386   ev/simsec=130069
     Messages:  created: 13226803   present: 9620   in FES: 156
** Event #10087680   t=266.318520841425   Elapsed: 285.145s (4m 45s)  53% completed  (26% total)
     Speed:     ev/sec=37931.5   simsec/sec=0.26091   ev/simsec=145382
     Messages:  created: 13331103   present: 9758   in FES: 190
** Event #10160128   t=266.8397762918   Elapsed: 287.15s (4m 47s)  53% completed  (26% total)
     Speed:     ev/sec=36133.8   simsec/sec=0.259979   ev/simsec=138988
     Messages:  created: 13430893   present: 9601   in FES: 126
** Event #10234368   t=267.592490620031   Elapsed: 289.154s (4m 49s)  53% completed  (26% total)
     Speed:     ev/sec=37045.4   simsec/sec=0.375601   ev/simsec=98629.7
     Messages:  created: 13532125   present: 9722   in FES: 160
** Event #10309632   t=268.355831630185   Elapsed: 291.161s (4m 51s)  53% completed  (26% total)
     Speed:     ev/sec=37515.9   simsec/sec=0.380493   ev/simsec=98598.1
     Messages:  created: 13634896   present: 9711   in FES: 133
** Event #10391040   t=269.263778758558   Elapsed: 293.165s (4m 53s)  53% completed  (26% total)
     Speed:     ev/sec=40618.2   simsec/sec=0.453017   ev/simsec=89661.6
     Messages:  created: 13746062   present: 9800   in FES: 157
** Event #10460416   t=269.481635579399   Elapsed: 295.166s (4m 55s)  53% completed  (26% total)
     Speed:     ev/sec=34669.2   simsec/sec=0.108869   ev/simsec=318448
     Messages:  created: 13842047   present: 9888   in FES: 161
** Event #10533888   t=269.707865506661   Elapsed: 297.172s (4m 57s)  53% completed  (26% total)
     Speed:     ev/sec=36624.6   simsec/sec=0.112772   ev/simsec=324767
     Messages:  created: 13943878   present: 9908   in FES: 157
** Event #10602240   t=269.928842758201   Elapsed: 299.18s (4m 59s)  53% completed  (26% total)
     Speed:     ev/sec=34038.1   simsec/sec=0.110043   ev/simsec=309317
     Messages:  created: 14038700   present: 9937   in FES: 160
** Event #10673152   t=270.151017650541   Elapsed: 301.181s (5m 01s)  54% completed  (27% total)
     Speed:     ev/sec=35436.2   simsec/sec=0.111026   ev/simsec=319172
     Messages:  created: 14136287   present: 9873   in FES: 132
** Event #10745856   t=270.392178664892   Elapsed: 303.187s (5m 03s)  54% completed  (27% total)
     Speed:     ev/sec=36242.9   simsec/sec=0.120219   ev/simsec=301475
     Messages:  created: 14237028   present: 9961   in FES: 164
** Event #10817280   t=270.621005310362   Elapsed: 305.191s (5m 05s)  54% completed  (27% total)
     Speed:     ev/sec=35644.9   simsec/sec=0.114198   ev/simsec=312131
     Messages:  created: 14335741   present: 9930   in FES: 141
** Event #10891776   t=270.868154054388   Elapsed: 307.197s (5m 07s)  54% completed  (27% total)
     Speed:     ev/sec=37145.8   simsec/sec=0.123235   ev/simsec=301422
     Messages:  created: 14438965   present: 9914   in FES: 149
** Event #10954496   t=271.33720969803   Elapsed: 309.202s (5m 09s)  54% completed  (27% total)
     Speed:     ev/sec=31266.7   simsec/sec=0.23383   ev/simsec=133715
     Messages:  created: 14524723   present: 9876   in FES: 132
** Event #11028480   t=272.046377915934   Elapsed: 311.206s (5m 11s)  54% completed  (27% total)
     Speed:     ev/sec=36931.4   simsec/sec=0.354003   ev/simsec=104325
     Messages:  created: 14626238   present: 10021   in FES: 159
** Event #11102720   t=272.591782636549   Elapsed: 313.21s (5m 13s)  54% completed  (27% total)
     Speed:     ev/sec=37037.7   simsec/sec=0.272098   ev/simsec=136119
     Messages:  created: 14728037   present: 10008   in FES: 136
** Event #11175936   t=273.188876684878   Elapsed: 315.215s (5m 15s)  54% completed  (27% total)
     Speed:     ev/sec=36527.8   simsec/sec=0.297893   ev/simsec=122621
     Messages:  created: 14827912   present: 10029   in FES: 154
** Event #11254272   t=273.871181795991   Elapsed: 317.217s (5m 17s)  54% completed  (27% total)
     Speed:     ev/sec=39126   simsec/sec=0.340786   ev/simsec=114811
     Messages:  created: 14935626   present: 9955   in FES: 155
** Event #11324416   t=274.543611293357   Elapsed: 319.222s (5m 19s)  54% completed  (27% total)
     Speed:     ev/sec=34986.3   simsec/sec=0.335393   ev/simsec=104314
     Messages:  created: 15031131   present: 10075   in FES: 154
** Event #11399936   t=275.306077577731   Elapsed: 321.228s (5m 21s)  55% completed  (27% total)
     Speed:     ev/sec=37641.6   simsec/sec=0.380038   ev/simsec=99047
     Messages:  created: 15134340   present: 10126   in FES: 155
** Event #11476736   t=276.170385506365   Elapsed: 323.234s (5m 23s)  55% completed  (27% total)
     Speed:     ev/sec=38277.2   simsec/sec=0.430772   ev/simsec=88857.2
     Messages:  created: 15239041   present: 10158   in FES: 143
** Event #11546112   t=276.927773168183   Elapsed: 325.24s (5m 25s)  55% completed  (27% total)
     Speed:     ev/sec=34588.3   simsec/sec=0.377606   ev/simsec=91599.1
     Messages:  created: 15334279   present: 10267   in FES: 156
** Event #11620096   t=277.722050951998   Elapsed: 327.242s (5m 27s)  55% completed  (27% total)
     Speed:     ev/sec=36952.3   simsec/sec=0.396712   ev/simsec=93146.3
     Messages:  created: 15434996   present: 10293   in FES: 159
** Event #11691776   t=278.475706126073   Elapsed: 329.245s (5m 29s)  55% completed  (27% total)
     Speed:     ev/sec=35785   simsec/sec=0.376249   ev/simsec=95109.8
     Messages:  created: 15532747   present: 10358   in FES: 159
** Event #11767552   t=279.258929162271   Elapsed: 331.257s (5m 31s)  55% completed  (27% total)
     Speed:     ev/sec=37676.1   simsec/sec=0.389421   ev/simsec=96748.9
     Messages:  created: 15636040   present: 10424   in FES: 154
** Event #11840000   t=279.91631994186   Elapsed: 333.262s (5m 33s)  55% completed  (27% total)
     Speed:     ev/sec=36119.1   simsec/sec=0.327743   ev/simsec=110205
     Messages:  created: 15735585   present: 10455   in FES: 156
** Event #11916032   t=280.520248480063   Elapsed: 335.264s (5m 35s)  56% completed  (28% total)
     Speed:     ev/sec=37981.8   simsec/sec=0.301693   ev/simsec=125896
     Messages:  created: 15839310   present: 10532   in FES: 154
** Event #11990272   t=281.170485877244   Elapsed: 337.265s (5m 37s)  56% completed  (28% total)
     Speed:     ev/sec=37105   simsec/sec=0.324987   ev/simsec=114174
     Messages:  created: 15940799   present: 10510   in FES: 135
** Event #12053504   t=281.73380852436   Elapsed: 339.267s (5m 39s)  56% completed  (28% total)
     Speed:     ev/sec=31591.4   simsec/sec=0.281442   ev/simsec=112248
     Messages:  created: 16027605   present: 10620   in FES: 156
** Event #12125184   t=282.305931846806   Elapsed: 341.27s (5m 41s)  56% completed  (28% total)
     Speed:     ev/sec=35781.4   simsec/sec=0.285594   ev/simsec=125288
     Messages:  created: 16125411   present: 10652   in FES: 146
** Event #12200192   t=283.00629858752   Elapsed: 343.274s (5m 43s)  56% completed  (28% total)
     Speed:     ev/sec=37421.1   simsec/sec=0.349409   ev/simsec=107098
     Messages:  created: 16228495   present: 10656   in FES: 132
** Event #12271360   t=283.549095340502   Elapsed: 345.275s (5m 45s)  56% completed  (28% total)
     Speed:     ev/sec=35570.6   simsec/sec=0.271296   ev/simsec=131114
     Messages:  created: 16325535   present: 10761   in FES: 159
** Event #12344832   t=284.2183445466   Elapsed: 347.277s (5m 47s)  56% completed  (28% total)
     Speed:     ev/sec=36691.2   simsec/sec=0.334217   ev/simsec=109783
     Messages:  created: 16425874   present: 10713   in FES: 144
** Event #12416768   t=284.8   Elapsed: 349.284s (5m 49s)  56% completed  (28% total)
     Speed:     ev/sec=35849.9   simsec/sec=0.289872   ev/simsec=123675
     Messages:  created: 16524867   present: 10876   in FES: 154
** Event #12485888   t=285.414565082782   Elapsed: 351.293s (5m 51s)  57% completed  (28% total)
     Speed:     ev/sec=34403.5   simsec/sec=0.305891   ev/simsec=112470
     Messages:  created: 16619069   present: 10872   in FES: 155
** Event #12560128   t=286.035821148368   Elapsed: 353.296s (5m 53s)  57% completed  (28% total)
     Speed:     ev/sec=37059.6   simsec/sec=0.310123   ev/simsec=119500
     Messages:  created: 16721071   present: 10919   in FES: 155
** Event #12636928   t=286.673013645156   Elapsed: 355.298s (5m 55s)  57% completed  (28% total)
     Speed:     ev/sec=38366   simsec/sec=0.318315   ev/simsec=120529
     Messages:  created: 16826008   present: 10992   in FES: 156
** Event #12713728   t=287.29743799197   Elapsed: 357.303s (5m 57s)  57% completed  (28% total)
     Speed:     ev/sec=38298.4   simsec/sec=0.311386   ev/simsec=122993
     Messages:  created: 16931061   present: 11055   in FES: 155
** Event #12785408   t=287.971879299947   Elapsed: 359.307s (5m 59s)  57% completed  (28% total)
     Speed:     ev/sec=35784.5   simsec/sec=0.336699   ev/simsec=106281
     Messages:  created: 17029568   present: 11063   in FES: 160
** Event #12856064   t=288.51615271293   Elapsed: 361.313s (6m 01s)  57% completed  (28% total)
     Speed:     ev/sec=35206.4   simsec/sec=0.2712   ev/simsec=129817
     Messages:  created: 17125685   present: 11097   in FES: 145
** Event #12918528   t=289.048442046452   Elapsed: 363.315s (6m 03s)  57% completed  (28% total)
     Speed:     ev/sec=31213.9   simsec/sec=0.26599   ev/simsec=117350
     Messages:  created: 17211465   present: 11198   in FES: 155
** Event #12991232   t=289.718007910016   Elapsed: 365.318s (6m 05s)  57% completed  (28% total)
     Speed:     ev/sec=36286.4   simsec/sec=0.334178   ev/simsec=108584
     Messages:  created: 17310741   present: 11165   in FES: 154
** Event #13063168   t=290.292134000415   Elapsed: 367.323s (6m 07s)  58% completed  (29% total)
     Speed:     ev/sec=35877.9   simsec/sec=0.286344   ev/simsec=125297
     Messages:  created: 17409104   present: 11250   in FES: 154
** Event #13136384   t=290.96947919027   Elapsed: 369.325s (6m 09s)  58% completed  (29% total)
     Speed:     ev/sec=36573.9   simsec/sec=0.338358   ev/simsec=108093
     Messages:  created: 17509715   present: 11269   in FES: 155
** Event #13210112   t=291.543934057166   Elapsed: 371.325s (6m 11s)  58% completed  (29% total)
     Speed:     ev/sec=36860.7   simsec/sec=0.287202   ev/simsec=128344
     Messages:  created: 17610243   present: 11360   in FES: 154
** Event #13290496   t=292.249987147973   Elapsed: 373.328s (6m 13s)  58% completed  (29% total)
     Speed:     ev/sec=40136.8   simsec/sec=0.352541   ev/simsec=113850
     Messages:  created: 17720162   present: 11334   in FES: 148
** Event #13359616   t=292.807982795002   Elapsed: 375.332s (6m 15s)  58% completed  (29% total)
     Speed:     ev/sec=34486.9   simsec/sec=0.278408   ev/simsec=123872
     Messages:  created: 17815241   present: 11453   in FES: 162
** Event #13432320   t=293.474225324788   Elapsed: 377.334s (6m 17s)  58% completed  (29% total)
     Speed:     ev/sec=36327.3   simsec/sec=0.332895   ev/simsec=109125
     Messages:  created: 17914262   present: 11495   in FES: 154
** Event #13503744   t=294.048358174359   Elapsed: 379.34s (6m 19s)  58% completed  (29% total)
     Speed:     ev/sec=35600.7   simsec/sec=0.286172   ev/simsec=124403
     Messages:  created: 18012431   present: 11668   in FES: 183
** Event #13574400   t=294.674999839761   Elapsed: 381.343s (6m 21s)  58% completed  (29% total)
     Speed:     ev/sec=35271.9   simsec/sec=0.312823   ev/simsec=112753
     Messages:  created: 18108882   present: 11591   in FES: 154
** Event #13645312   t=295.262546291103   Elapsed: 383.343s (6m 23s)  59% completed  (29% total)
     Speed:     ev/sec=35453.5   simsec/sec=0.293753   ev/simsec=120692
     Messages:  created: 18205799   present: 11620   in FES: 154
** Event #13723136   t=295.971643069868   Elapsed: 385.345s (6m 25s)  59% completed  (29% total)
     Speed:     ev/sec=38873.4   simsec/sec=0.354197   ev/simsec=109751
     Messages:  created: 18312714   present: 11672   in FES: 155
** Event #13783296   t=296.466567561569   Elapsed: 387.351s (6m 27s)  59% completed  (29% total)
     Speed:     ev/sec=29994.4   simsec/sec=0.246758   ev/simsec=121554
     Messages:  created: 18394408   present: 11678   in FES: 161
** Event #13859840   t=297.056302023541   Elapsed: 389.358s (6m 29s)  59% completed  (29% total)
     Speed:     ev/sec=38142.7   simsec/sec=0.293871   ev/simsec=129794
     Messages:  created: 18499596   present: 11815   in FES: 154
** Event #13931776   t=297.724952664335   Elapsed: 391.364s (6m 31s)  59% completed  (29% total)
     Speed:     ev/sec=35863   simsec/sec=0.333349   ev/simsec=107584
     Messages:  created: 18597711   present: 11765   in FES: 140
** Event #14003712   t=298.302299801808   Elapsed: 393.366s (6m 33s)  59% completed  (29% total)
     Speed:     ev/sec=35930.2   simsec/sec=0.28837   ev/simsec=124597
     Messages:  created: 18695913   present: 11872   in FES: 154
** Event #14078976   t=299.002897475574   Elapsed: 395.369s (6m 35s)  59% completed  (29% total)
     Speed:     ev/sec=37561.3   simsec/sec=0.349641   ev/simsec=107428
     Messages:  created: 18799248   present: 11901   in FES: 162
** Event #14149888   t=299.552532692873   Elapsed: 397.373s (6m 37s)  59% completed  (29% total)
     Speed:     ev/sec=35385.4   simsec/sec=0.274271   ev/simsec=129016
     Messages:  created: 18895738   present: 11988   in FES: 159
** Event #14211584   t=300.063295804253   Elapsed: 399.376s (6m 39s)  60% completed  (30% total)
     Speed:     ev/sec=30801.3   simsec/sec=0.254995   ev/simsec=120792
     Messages:  created: 18980461   present: 12029   in FES: 155
** Event #14290176   t=300.789934732769   Elapsed: 401.383s (6m 41s)  60% completed  (30% total)
     Speed:     ev/sec=39173.4   simsec/sec=0.362186   ev/simsec=108158
     Messages:  created: 19087958   present: 12039   in FES: 162
** Event #14366720   t=301.476227766531   Elapsed: 403.384s (6m 43s)  60% completed  (30% total)
     Speed:     ev/sec=38244.8   simsec/sec=0.342903   ev/simsec=111533
     Messages:  created: 19192339   present: 12102   in FES: 145
** Event #14438400   t=302.055359754317   Elapsed: 405.388s (6m 45s)  60% completed  (30% total)
     Speed:     ev/sec=35766.6   simsec/sec=0.288973   ev/simsec=123771
     Messages:  created: 19290801   present: 12182   in FES: 154
** Event #14513152   t=302.750462986044   Elapsed: 407.394s (6m 47s)  60% completed  (30% total)
     Speed:     ev/sec=37272.5   simsec/sec=0.346589   ev/simsec=107541
     Messages:  created: 19392918   present: 12135   in FES: 143
** Event #14588928   t=303.414779181901   Elapsed: 409.398s (6m 49s)  60% completed  (30% total)
     Speed:     ev/sec=37812.5   simsec/sec=0.331496   ev/simsec=114066
     Messages:  created: 19496321   present: 12260   in FES: 154
** Event #14652928   t=303.998117517385   Elapsed: 411.399s (6m 51s)  60% completed  (30% total)
     Speed:     ev/sec=31984.9   simsec/sec=0.291531   ev/simsec=109713
     Messages:  created: 19584452   present: 12264   in FES: 151
** Event #14729728   t=304.663845538411   Elapsed: 413.401s (6m 53s)  60% completed  (30% total)
     Speed:     ev/sec=38359   simsec/sec=0.332508   ev/simsec=115362
     Messages:  created: 19689086   present: 12320   in FES: 154
** Event #14798592   t=305.237562222331   Elapsed: 415.41s (6m 55s)  61% completed  (30% total)
     Speed:     ev/sec=34282.5   simsec/sec=0.285613   ev/simsec=120031
     Messages:  created: 19783145   present: 12343   in FES: 135
** Event #14871296   t=305.716596857836   Elapsed: 417.414s (6m 57s)  61% completed  (30% total)
     Speed:     ev/sec=36275.2   simsec/sec=0.239012   ev/simsec=151772
     Messages:  created: 19882766   present: 12311   in FES: 147
** Event #14938368   t=307.318290367125   Elapsed: 419.418s (6m 59s)  61% completed  (30% total)
     Speed:     ev/sec=33461.9   simsec/sec=0.799078   ev/simsec=41875.7
     Messages:  created: 19971567   present: 12326   in FES: 155
** Event #15003392   t=310.172670665082   Elapsed: 421.421s (7m 01s)  62% completed  (31% total)
     Speed:     ev/sec=32460.9   simsec/sec=1.42495   ev/simsec=22780.4
     Messages:  created: 20054584   present: 12530   in FES: 154
** Event #15077120   t=313.495668263848   Elapsed: 423.423s (7m 03s)  62% completed  (31% total)
     Speed:     ev/sec=36843.8   simsec/sec=1.66059   ev/simsec=22187.2
     Messages:  created: 20148598   present: 12751   in FES: 155
** Event #15158528   t=316.8   Elapsed: 425.423s (7m 05s)  63% completed  (31% total)
     Speed:     ev/sec=40702   simsec/sec=1.65208   ev/simsec=24636.8
     Messages:  created: 20252390   present: 12931   in FES: 123
** Event #15234304   t=320.035407587813   Elapsed: 427.427s (7m 07s)  64% completed  (32% total)
     Speed:     ev/sec=37807.2   simsec/sec=1.61425   ev/simsec=23420.9
     Messages:  created: 20348732   present: 13167   in FES: 126
** Event #15308800   t=323.065755202456   Elapsed: 429.432s (7m 09s)  64% completed  (32% total)
     Speed:     ev/sec=37161.9   simsec/sec=1.51167   ev/simsec=24583.3
     Messages:  created: 20443489   present: 13448   in FES: 151
** Event #15379456   t=326.085514301128   Elapsed: 431.434s (7m 11s)  65% completed  (32% total)
     Speed:     ev/sec=35276.7   simsec/sec=1.50769   ev/simsec=23397.9
     Messages:  created: 20533477   present: 13654   in FES: 154
** Event #15443200   t=329.052760888422   Elapsed: 433.436s (7m 13s)  65% completed  (32% total)
     Speed:     ev/sec=31843.5   simsec/sec=1.4823   ev/simsec=21482.5
     Messages:  created: 20614257   present: 13857   in FES: 156
** Event #15518464   t=332.3   Elapsed: 435.438s (7m 15s)  66% completed  (33% total)
     Speed:     ev/sec=37604.3   simsec/sec=1.62243   ev/simsec=23177.8
     Messages:  created: 20709802   present: 13995   in FES: 124
** Event #15591168   t=335.785220761563   Elapsed: 437.44s (7m 17s)  67% completed  (33% total)
     Speed:     ev/sec=36305.1   simsec/sec=1.74036   ev/simsec=20860.7
     Messages:  created: 20802241   present: 14293   in FES: 141
** Event #15666688   t=339.288895420756   Elapsed: 439.444s (7m 19s)  67% completed  (33% total)
     Speed:     ev/sec=37684.5   simsec/sec=1.74833   ev/simsec=21554.5
     Messages:  created: 20897887   present: 14583   in FES: 155
** Event #15737344   t=342.818521740372   Elapsed: 441.448s (7m 21s)  68% completed  (34% total)
     Speed:     ev/sec=35269.1   simsec/sec=1.76187   ev/simsec=20018
     Messages:  created: 20987323   present: 14818   in FES: 162
** Event #15799808   t=345.8   Elapsed: 443.448s (7m 23s)  69% completed  (34% total)
     Speed:     ev/sec=31227   simsec/sec=1.4905   ev/simsec=20950.7
     Messages:  created: 21066014   present: 14965   in FES: 124
** Event #15872768   t=349.041739471987   Elapsed: 445.454s (7m 25s)  69% completed  (34% total)
     Speed:     ev/sec=36369   simsec/sec=1.61594   ev/simsec=22506.4
     Messages:  created: 21158842   present: 15322   in FES: 163
** Event #15942656   t=352.117076445645   Elapsed: 447.46s (7m 27s)  70% completed  (35% total)
     Speed:     ev/sec=34848.3   simsec/sec=1.53346   ev/simsec=22725.3
     Messages:  created: 21247493   present: 15404   in FES: 125
** Event #16011776   t=355.466709161059   Elapsed: 449.463s (7m 29s)  71% completed  (35% total)
     Speed:     ev/sec=34506.3   simsec/sec=1.67221   ev/simsec=20635.1
     Messages:  created: 21334877   present: 15720   in FES: 155
** Event #16081408   t=355.926343356497   Elapsed: 451.467s (7m 31s)  71% completed  (35% total)
     Speed:     ev/sec=34734.1   simsec/sec=0.229277   ev/simsec=151494
     Messages:  created: 21429924   present: 15399   in FES: 157
** Event #16150528   t=358.093259607613   Elapsed: 453.471s (7m 33s)  71% completed  (35% total)
     Speed:     ev/sec=34494   simsec/sec=1.08139   ev/simsec=31897.9
     Messages:  created: 21518782   present: 15454   in FES: 157
** Event #16214016   t=360.672163881565   Elapsed: 455.573s (7m 35s)  72% completed  (36% total)
     Speed:     ev/sec=30207.4   simsec/sec=1.22703   ev/simsec=24618.2
     Messages:  created: 21599957   present: 15592   in FES: 143
** Event #16291328   t=363.342916516045   Elapsed: 457.575s (7m 37s)  72% completed  (36% total)
     Speed:     ev/sec=38625.3   simsec/sec=1.33431   ev/simsec=28947.6
     Messages:  created: 21699919   present: 15771   in FES: 150
** Event #16366336   t=365.539124448904   Elapsed: 459.578s (7m 39s)  73% completed  (36% total)
     Speed:     ev/sec=37447.7   simsec/sec=1.09646   ev/simsec=34153.4
     Messages:  created: 21798162   present: 15925   in FES: 163
** Event #16442624   t=366.498380447585   Elapsed: 461.578s (7m 41s)  73% completed  (36% total)
     Speed:     ev/sec=38140.4   simsec/sec=0.479583   ev/simsec=79528.3
     Messages:  created: 21901807   present: 16008   in FES: 156
** Event #16519936   t=367.247137994083   Elapsed: 463.582s (7m 43s)  73% completed  (36% total)
     Speed:     ev/sec=38568   simsec/sec=0.373527   ev/simsec=103254
     Messages:  created: 22007580   present: 16048   in FES: 156
** Event #16594688   t=367.999310286719   Elapsed: 465.583s (7m 45s)  73% completed  (36% total)
     Speed:     ev/sec=37370.5   simsec/sec=0.376031   ev/simsec=99381.5
     Messages:  created: 22110348   present: 16075   in FES: 148
** Event #16672512   t=368.738816892724   Elapsed: 467.583s (7m 47s)  73% completed  (36% total)
     Speed:     ev/sec=38909.5   simsec/sec=0.369729   ev/simsec=105238
     Messages:  created: 22216397   present: 16053   in FES: 126
** Event #16747008   t=370.068284428213   Elapsed: 469.593s (7m 49s)  74% completed  (37% total)
     Speed:     ev/sec=37064   simsec/sec=0.66145   ev/simsec=56034.5
     Messages:  created: 22316271   present: 16074   in FES: 126
** Event #16810240   t=371.970183184838   Elapsed: 471.597s (7m 51s)  74% completed  (37% total)
     Speed:     ev/sec=31549.4   simsec/sec=0.948948   ev/simsec=33246.8
     Messages:  created: 22399399   present: 16231   in FES: 146
** Event #16883712   t=374.114348890864   Elapsed: 473.606s (7m 53s)  74% completed  (37% total)
     Speed:     ev/sec=36577.8   simsec/sec=1.06747   ev/simsec=34266
     Messages:  created: 22494697   present: 16298   in FES: 131
** Event #16958464   t=375.349265142338   Elapsed: 475.611s (7m 55s)  75% completed  (37% total)
     Speed:     ev/sec=37267.5   simsec/sec=0.615665   ev/simsec=60532
     Messages:  created: 22594186   present: 16037   in FES: 128
** Event #17029376   t=376.789468650289   Elapsed: 477.616s (7m 57s)  75% completed  (37% total)
     Speed:     ev/sec=35367.4   simsec/sec=0.718303   ev/simsec=49237.5
     Messages:  created: 22689211   present: 16067   in FES: 156
** Event #17100800   t=379.071535238423   Elapsed: 479.62s (7m 59s)  75% completed  (37% total)
     Speed:     ev/sec=35653.2   simsec/sec=1.13915   ev/simsec=31297.9
     Messages:  created: 22782150   present: 16192   in FES: 155
** Event #17170432   t=381.266989861432   Elapsed: 481.622s (8m 01s)  76% completed  (38% total)
     Speed:     ev/sec=34778.3   simsec/sec=1.09654   ev/simsec=31716.4
     Messages:  created: 22872996   present: 16261   in FES: 148
** Event #17235200   t=383.289201462948   Elapsed: 483.674s (8m 03s)  76% completed  (38% total)
     Speed:     ev/sec=31566   simsec/sec=0.985567   ev/simsec=32028.3
     Messages:  created: 22957455   present: 16369   in FES: 155
** Event #17306880   t=385.512498551248   Elapsed: 485.678s (8m 05s)  77% completed  (38% total)
     Speed:     ev/sec=35763.6   simsec/sec=1.10928   ev/simsec=32240.4
     Messages:  created: 23050560   present: 16420   in FES: 126
** Event #17380608   t=387.998403888667   Elapsed: 487.678s (8m 07s)  77% completed  (38% total)
     Speed:     ev/sec=36858.3   simsec/sec=1.24276   ev/simsec=29658.4
     Messages:  created: 23147110   present: 16551   in FES: 127
** Event #17453568   t=390.285894899488   Elapsed: 489.684s (8m 09s)  78% completed  (39% total)
     Speed:     ev/sec=36371.1   simsec/sec=1.14033   ev/simsec=31895.2
     Messages:  created: 23242151   present: 16775   in FES: 161
** Event #17526016   t=392.659351982819   Elapsed: 491.685s (8m 11s)  78% completed  (39% total)
     Speed:     ev/sec=36216.1   simsec/sec=1.18647   ev/simsec=30524.3
     Messages:  created: 23336990   present: 16875   in FES: 156
** Event #17604864   t=395.181323622968   Elapsed: 493.685s (8m 13s)  79% completed  (39% total)
     Speed:     ev/sec=39419.5   simsec/sec=1.26084   ev/simsec=31264.4
     Messages:  created: 23439700   present: 16988   in FES: 141
** Event #17679872   t=397.094917265465   Elapsed: 495.688s (8m 15s)  79% completed  (39% total)
     Speed:     ev/sec=37441.6   simsec/sec=0.955204   ev/simsec=39197.5
     Messages:  created: 23539068   present: 17057   in FES: 125
** Event #17741824   t=397.520313677564   Elapsed: 497.693s (8m 17s)  79% completed  (39% total)
     Speed:     ev/sec=30909.7   simsec/sec=0.212243   ev/simsec=145634
     Messages:  created: 23623489   present: 16978   in FES: 155
** Event #17815296   t=397.741140897882   Elapsed: 499.698s (8m 19s)  79% completed  (39% total)
     Speed:     ev/sec=36633.4   simsec/sec=0.110105   ev/simsec=332713
     Messages:  created: 23725681   present: 17016   in FES: 160
** Event #17890560   t=397.966776650978   Elapsed: 501.699s (8m 21s)  79% completed  (39% total)
     Speed:     ev/sec=37606.8   simsec/sec=0.112742   ev/simsec=333564
     Messages:  created: 23830307   present: 16977   in FES: 144
** Event #17961472   t=398.165548472194   Elapsed: 503.701s (8m 23s)  79% completed  (39% total)
     Speed:     ev/sec=35433.1   simsec/sec=0.0993216   ev/simsec=356751
     Messages:  created: 23928337   present: 17007   in FES: 147
** Event #18037760   t=398.389743038131   Elapsed: 505.703s (8m 25s)  79% completed  (39% total)
     Speed:     ev/sec=38107.6   simsec/sec=0.11199   ev/simsec=340276
     Messages:  created: 24034367   present: 17007   in FES: 149
** Event #18115584   t=398.60310667468   Elapsed: 507.706s (8m 27s)  79% completed  (39% total)
     Speed:     ev/sec=38855.5   simsec/sec=0.106527   ev/simsec=364748
     Messages:  created: 24142593   present: 17038   in FES: 152
** Event #18188032   t=398.78652074947   Elapsed: 509.707s (8m 29s)  79% completed  (39% total)
     Speed:     ev/sec=36201.3   simsec/sec=0.0916495   ev/simsec=394997
     Messages:  created: 24243758   present: 17021   in FES: 142
** Event #18259200   t=398.97222003814   Elapsed: 511.707s (8m 31s)  79% completed  (39% total)
     Speed:     ev/sec=35583.6   simsec/sec=0.0928486   ev/simsec=383243
     Messages:  created: 24342577   present: 16928   in FES: 143
** Event #18330880   t=399.440349553381   Elapsed: 513.711s (8m 33s)  79% completed  (39% total)
     Speed:     ev/sec=35764.3   simsec/sec=0.23357   ev/simsec=153120
     Messages:  created: 24439897   present: 16768   in FES: 159
** Event #18392064   t=399.615547651943   Elapsed: 515.718s (8m 35s)  79% completed  (39% total)
     Speed:     ev/sec=30484.7   simsec/sec=0.0872918   ev/simsec=349228
     Messages:  created: 24524771   present: 16740   in FES: 148
** Event #18465536   t=399.829890136742   Elapsed: 517.72s (8m 37s)  79% completed  (39% total)
     Speed:     ev/sec=36704.5   simsec/sec=0.107079   ev/simsec=342779
     Messages:  created: 24627031   present: 16782   in FES: 158
** Event #18535936   t=400.011542282612   Elapsed: 519.722s (8m 39s)  80% completed  (40% total)
     Speed:     ev/sec=35161.4   simsec/sec=0.0907265   ev/simsec=387554
     Messages:  created: 24725243   present: 16755   in FES: 146
** Event #18610944   t=400.230054818761   Elapsed: 521.724s (8m 41s)  80% completed  (40% total)
     Speed:     ev/sec=37458.7   simsec/sec=0.109124   ev/simsec=343266
     Messages:  created: 24829074   present: 16798   in FES: 162
** Event #18689024   t=400.471025114797   Elapsed: 523.73s (8m 43s)  80% completed  (40% total)
     Speed:     ev/sec=38938.9   simsec/sec=0.120173   ev/simsec=324023
     Messages:  created: 24937485   present: 16762   in FES: 145
** Event #18761216   t=400.675275789571   Elapsed: 525.733s (8m 45s)  80% completed  (40% total)
     Speed:     ev/sec=36036.9   simsec/sec=0.101958   ev/simsec=353448
     Messages:  created: 25038018   present: 16889   in FES: 167
** Event #18833920   t=400.894616542883   Elapsed: 527.738s (8m 47s)  80% completed  (40% total)
     Speed:     ev/sec=36254   simsec/sec=0.109375   ev/simsec=331466
     Messages:  created: 25139266   present: 16785   in FES: 137
** Event #18904832   t=401.082705632032   Elapsed: 529.739s (8m 49s)  80% completed  (40% total)
     Speed:     ev/sec=35444.8   simsec/sec=0.0940148   ev/simsec=377013
     Messages:  created: 25237491   present: 16829   in FES: 163
** Event #18974208   t=402.881398234307   Elapsed: 531.891s (8m 51s)  80% completed  (40% total)
     Speed:     ev/sec=32237.1   simsec/sec=0.835803   ev/simsec=38570.2
     Messages:  created: 25329155   present: 16587   in FES: 161
** Event #19043072   t=403.141459295278   Elapsed: 533.898s (8m 53s)  80% completed  (40% total)
     Speed:     ev/sec=34311.9   simsec/sec=0.129577   ev/simsec=264799
     Messages:  created: 25424292   present: 16503   in FES: 142
** Event #19111424   t=403.38710814095   Elapsed: 535.905s (8m 55s)  80% completed  (40% total)
     Speed:     ev/sec=34059.2   simsec/sec=0.122405   ev/simsec=278251
     Messages:  created: 25518935   present: 16475   in FES: 156
** Event #19180032   t=405.067349027194   Elapsed: 537.906s (8m 57s)  81% completed  (40% total)
     Speed:     ev/sec=34285.5   simsec/sec=0.839667   ev/simsec=40832.2
     Messages:  created: 25610298   present: 16515   in FES: 153
** Event #19245568   t=407.13259869322   Elapsed: 539.909s (8m 59s)  81% completed  (40% total)
     Speed:     ev/sec=32712.5   simsec/sec=1.03087   ev/simsec=31732.7
     Messages:  created: 25696120   present: 16629   in FES: 153
** Event #19312640   t=409.790203916355   Elapsed: 541.912s (9m 01s)  81% completed  (40% total)
     Speed:     ev/sec=33489.2   simsec/sec=1.32695   ev/simsec=25237.8
     Messages:  created: 25782990   present: 16814   in FES: 155
** Event #19377664   t=412.459987275374   Elapsed: 543.913s (9m 03s)  82% completed  (41% total)
     Speed:     ev/sec=32506.1   simsec/sec=1.33465   ev/simsec=24355.5
     Messages:  created: 25866250   present: 16947   in FES: 155
** Event #19436800   t=413.410890915333   Elapsed: 545.919s (9m 05s)  82% completed  (41% total)
     Speed:     ev/sec=29478.8   simsec/sec=0.474018   ev/simsec=62189.3
     Messages:  created: 25943623   present: 16317   in FES: 129
** Event #19503360   t=414.014165339465   Elapsed: 547.923s (9m 07s)  82% completed  (41% total)
     Speed:     ev/sec=33204.4   simsec/sec=0.300952   ev/simsec=110331
     Messages:  created: 26035348   present: 16436   in FES: 187
** Event #19571456   t=414.359877311244   Elapsed: 549.924s (9m 09s)  82% completed  (41% total)
     Speed:     ev/sec=34034.7   simsec/sec=0.172788   ev/simsec=196973
     Messages:  created: 26128641   present: 16272   in FES: 156
** Event #19638528   t=414.758276842996   Elapsed: 551.928s (9m 11s)  82% completed  (41% total)
     Speed:     ev/sec=33462.4   simsec/sec=0.198763   ev/simsec=168354
     Messages:  created: 26221309   present: 16280   in FES: 125
** Event #19703296   t=415.099631072232   Elapsed: 553.929s (9m 13s)  83% completed  (41% total)
     Speed:     ev/sec=32376.9   simsec/sec=0.17064   ev/simsec=189738
     Messages:  created: 26310316   present: 16361   in FES: 161
** Event #19773952   t=415.544880119968   Elapsed: 555.93s (9m 15s)  83% completed  (41% total)
     Speed:     ev/sec=35311.5   simsec/sec=0.222521   ev/simsec=158689
     Messages:  created: 26407516   present: 16425   in FES: 155
** Event #19842816   t=416.007464607144   Elapsed: 557.935s (9m 17s)  83% completed  (41% total)
     Speed:     ev/sec=34333   simsec/sec=0.230627   ev/simsec=148868
     Messages:  created: 26502672   present: 16432   in FES: 156
** Event #19900928   t=416.30482568664   Elapsed: 559.937s (9m 19s)  83% completed  (41% total)
     Speed:     ev/sec=29039.4   simsec/sec=0.148596   ev/simsec=195426
     Messages:  created: 26582184   present: 16455   in FES: 161
** Event #19968000   t=416.808764360972   Elapsed: 561.938s (9m 21s)  83% completed  (41% total)
     Speed:     ev/sec=33516.6   simsec/sec=0.251823   ev/simsec=133096
     Messages:  created: 26674532   present: 16449   in FES: 146
** Event #20039680   t=417.288453197924   Elapsed: 563.942s (9m 23s)  83% completed  (41% total)
     Speed:     ev/sec=35767.1   simsec/sec=0.239357   ev/simsec=149430
     Messages:  created: 26772731   present: 16494   in FES: 161
** Event #20107008   t=417.769441756873   Elapsed: 565.947s (9m 25s)  83% completed  (41% total)
     Speed:     ev/sec=33580.3   simsec/sec=0.239896   ev/simsec=139978
     Messages:  created: 26865469   present: 16557   in FES: 158
** Event #20173312   t=418.241209979311   Elapsed: 567.953s (9m 27s)  83% completed  (41% total)
     Speed:     ev/sec=33045.4   simsec/sec=0.235125   ev/simsec=140544
     Messages:  created: 26956088   present: 16588   in FES: 159
** Event #20239872   t=418.610509683967   Elapsed: 569.953s (9m 29s)  83% completed  (41% total)
     Speed:     ev/sec=33277.8   simsec/sec=0.184637   ev/simsec=180233
     Messages:  created: 27047885   present: 16568   in FES: 156
** Event #20304384   t=418.985514738124   Elapsed: 572.068s (9m 32s)  83% completed  (41% total)
     Speed:     ev/sec=30510.2   simsec/sec=0.177354   ev/simsec=172030
     Messages:  created: 27137151   present: 16583   in FES: 151
** Event #20371712   t=419.287784822243   Elapsed: 574.068s (9m 34s)  83% completed  (41% total)
     Speed:     ev/sec=33660.5   simsec/sec=0.151119   ev/simsec=222741
     Messages:  created: 27229576   present: 16535   in FES: 131
** Event #20441600   t=419.592480156192   Elapsed: 576.071s (9m 36s)  83% completed  (41% total)
     Speed:     ev/sec=34894.6   simsec/sec=0.152132   ev/simsec=229370
     Messages:  created: 27326195   present: 16674   in FES: 173
** Event #20511744   t=420.018083736898   Elapsed: 578.072s (9m 38s)  84% completed  (42% total)
     Speed:     ev/sec=35051.5   simsec/sec=0.212677   ev/simsec=164811
     Messages:  created: 27423021   present: 16631   in FES: 152
** Event #20574464   t=420.527890703916   Elapsed: 580.082s (9m 40s)  84% completed  (42% total)
     Speed:     ev/sec=31199.8   simsec/sec=0.253601   ev/simsec=123027
     Messages:  created: 27508241   present: 16597   in FES: 134
** Event #20642048   t=422.132941992093   Elapsed: 582.089s (9m 42s)  84% completed  (42% total)
     Speed:     ev/sec=33673.2   simsec/sec=0.799704   ev/simsec=42107.1
     Messages:  created: 27596882   present: 16619   in FES: 125
** Event #20707328   t=424.327072128182   Elapsed: 584.097s (9m 44s)  84% completed  (42% total)
     Speed:     ev/sec=32519.5   simsec/sec=1.09301   ev/simsec=29752.1
     Messages:  created: 27680476   present: 16796   in FES: 138
** Event #20762624   t=426.040717454278   Elapsed: 586.101s (9m 46s)  85% completed  (42% total)
     Speed:     ev/sec=27592.5   simsec/sec=0.855103   ev/simsec=32268.1
     Messages:  created: 27751315   present: 16859   in FES: 126
** Event #20829952   t=427.997494860978   Elapsed: 588.105s (9m 48s)  85% completed  (42% total)
     Speed:     ev/sec=33597.8   simsec/sec=0.976465   ev/simsec=34407.6
     Messages:  created: 27838602   present: 16979   in FES: 154
** Event #20896256   t=429.692384288653   Elapsed: 590.105s (9m 50s)  85% completed  (42% total)
     Speed:     ev/sec=33139.3   simsec/sec=0.847121   ev/simsec=39120
     Messages:  created: 27922383   present: 16161   in FES: 128
** Event #20963328   t=430.282314268295   Elapsed: 592.113s (9m 52s)  86% completed  (43% total)
     Speed:     ev/sec=33415.2   simsec/sec=0.293902   ev/simsec=113695
     Messages:  created: 28013862   present: 16120   in FES: 154
** Event #21026560   t=432.400666011933   Elapsed: 594.117s (9m 54s)  86% completed  (43% total)
     Speed:     ev/sec=31544.7   simsec/sec=1.05679   ev/simsec=29849.6
     Messages:  created: 28095056   present: 16218   in FES: 154
** Event #21082368   t=434.039202078758   Elapsed: 596.119s (9m 56s)  86% completed  (43% total)
     Speed:     ev/sec=27882.4   simsec/sec=0.818634   ev/simsec=34059.7
     Messages:  created: 28167595   present: 16334   in FES: 156
** Event #21148928   t=435.972912879207   Elapsed: 598.122s (9m 58s)  87% completed  (43% total)
     Speed:     ev/sec=33222.1   simsec/sec=0.965173   ev/simsec=34420.9
     Messages:  created: 28254099   present: 16501   in FES: 186
** Event #21216768   t=438.058881982116   Elapsed: 600.126s (10m 00s)  87% completed  (43% total)
     Speed:     ev/sec=33849.7   simsec/sec=1.04082   ev/simsec=32522.1
     Messages:  created: 28341166   present: 16457   in FES: 130
** Event #21289472   t=440.207829651434   Elapsed: 602.128s (10m 02s)  88% completed  (44% total)
     Speed:     ev/sec=36326.6   simsec/sec=1.07372   ev/simsec=33832.4
     Messages:  created: 28435958   present: 16569   in FES: 141
** Event #21360384   t=442.336171345823   Elapsed: 604.129s (10m 04s)  88% completed  (44% total)
     Speed:     ev/sec=35440.8   simsec/sec=1.06372   ev/simsec=33318
     Messages:  created: 28528331   present: 16666   in FES: 127
** Event #21431040   t=444.716768001445   Elapsed: 606.133s (10m 06s)  88% completed  (44% total)
     Speed:     ev/sec=35256.2   simsec/sec=1.18788   ev/simsec=29680
     Messages:  created: 28619211   present: 16901   in FES: 155
** Event #21492480   t=445.555795405801   Elapsed: 608.139s (10m 08s)  89% completed  (44% total)
     Speed:     ev/sec=30625.3   simsec/sec=0.418221   ev/simsec=73227.6
     Messages:  created: 28701540   present: 16979   in FES: 164
** Event #21564160   t=445.934428207723   Elapsed: 610.146s (10m 10s)  89% completed  (44% total)
     Speed:     ev/sec=35705.4   simsec/sec=0.188606   ev/simsec=189313
     Messages:  created: 28800460   present: 16964   in FES: 155
** Event #21633024   t=446.531781002545   Elapsed: 612.15s (10m 12s)  89% completed  (44% total)
     Speed:     ev/sec=34369.1   simsec/sec=0.298131   ev/simsec=115282
     Messages:  created: 28893824   present: 16915   in FES: 125
** Event #21704704   t=447.191750487858   Elapsed: 614.155s (10m 14s)  89% completed  (44% total)
     Speed:     ev/sec=35759.2   simsec/sec=0.329241   ev/simsec=108611
     Messages:  created: 28991518   present: 17038   in FES: 164
** Event #21776384   t=448.957874428506   Elapsed: 616.157s (10m 16s)  89% completed  (44% total)
     Speed:     ev/sec=35792.3   simsec/sec=0.881886   ev/simsec=40586.1
     Messages:  created: 29086539   present: 17016   in FES: 135
** Event #21836032   t=451.031948587383   Elapsed: 618.159s (10m 18s)  90% completed  (45% total)
     Speed:     ev/sec=29798.8   simsec/sec=1.03616   ev/simsec=28758.9
     Messages:  created: 29163499   present: 17134   in FES: 135
** Event #21907712   t=453.342525719395   Elapsed: 620.162s (10m 20s)  90% completed  (45% total)
     Speed:     ev/sec=35787.5   simsec/sec=1.1536   ev/simsec=31022.6
     Messages:  created: 29256365   present: 17246   in FES: 137
** Event #21978368   t=455.788894280446   Elapsed: 622.163s (10m 22s)  91% completed  (45% total)
     Speed:     ev/sec=35317.4   simsec/sec=1.22282   ev/simsec=28882
     Messages:  created: 29348334   present: 17409   in FES: 155
** Event #22050304   t=458.320273756415   Elapsed: 624.168s (10m 24s)  91% completed  (45% total)
     Speed:     ev/sec=35877.1   simsec/sec=1.26249   ev/simsec=28417.7
     Messages:  created: 29440851   present: 17639   in FES: 185
** Event #22122496   t=461.045213729632   Elapsed: 626.173s (10m 26s)  92% completed  (46% total)
     Speed:     ev/sec=35992.8   simsec/sec=1.35858   ev/simsec=26493.1
     Messages:  created: 29533862   present: 17601   in FES: 125
** Event #22195456   t=463.539760853561   Elapsed: 628.177s (10m 28s)  92% completed  (46% total)
     Speed:     ev/sec=36415.4   simsec/sec=1.24506   ev/simsec=29247.8
     Messages:  created: 29627682   present: 17765   in FES: 161
** Event #22250240   t=465.093260183408   Elapsed: 630.182s (10m 30s)  93% completed  (46% total)
     Speed:     ev/sec=27326.8   simsec/sec=0.774902   ev/simsec=35264.9
     Messages:  created: 29698788   present: 17875   in FES: 156
** Event #22312704   t=467.11412260235   Elapsed: 632.186s (10m 32s)  93% completed  (46% total)
     Speed:     ev/sec=31167.2   simsec/sec=1.00833   ev/simsec=30909.6
     Messages:  created: 29779514   present: 17970   in FES: 156
** Event #22370560   t=469.13058476579   Elapsed: 634.189s (10m 34s)  93% completed  (46% total)
     Speed:     ev/sec=28876.6   simsec/sec=1.00644   ev/simsec=28691.8
     Messages:  created: 29854190   present: 18036   in FES: 154
** Event #22429952   t=471.322164967904   Elapsed: 636.19s (10m 36s)  94% completed  (47% total)
     Speed:     ev/sec=29682.5   simsec/sec=1.09529   ev/simsec=27100.1
     Messages:  created: 29930803   present: 18086   in FES: 130
** Event #22490880   t=471.557497430489   Elapsed: 638.192s (10m 38s)  94% completed  (47% total)
     Speed:     ev/sec=30437.5   simsec/sec=0.117564   ev/simsec=258902
     Messages:  created: 30011267   present: 16847   in FES: 160
** Event #22551040   t=471.748230746316   Elapsed: 640.195s (10m 40s)  94% completed  (47% total)
     Speed:     ev/sec=30035.5   simsec/sec=0.0952254   ev/simsec=315414
     Messages:  created: 30086715   present: 14013   in FES: 156
** Event #22614016   t=471.956241798684   Elapsed: 642.196s (10m 42s)  94% completed  (47% total)
     Speed:     ev/sec=31478.4   simsec/sec=0.103974   ev/simsec=302753
     Messages:  created: 30174428   present: 13983   in FES: 157
** Event #22671872   t=472.13904746209   Elapsed: 644.198s (10m 44s)  94% completed  (47% total)
     Speed:     ev/sec=28896.2   simsec/sec=0.0913024   ev/simsec=316489
     Messages:  created: 30254243   present: 13976   in FES: 152
** Event #22736384   t=472.361653728676   Elapsed: 646.199s (10m 46s)  94% completed  (47% total)
     Speed:     ev/sec=32237.8   simsec/sec=0.11124   ev/simsec=289803
     Messages:  created: 30339632   present: 12458   in FES: 131
** Event #22801152   t=472.588153849598   Elapsed: 648.201s (10m 48s)  94% completed  (47% total)
     Speed:     ev/sec=32351.3   simsec/sec=0.113136   ev/simsec=285951
     Messages:  created: 30429697   present: 12473   in FES: 157
** Event #22864896   t=472.790059773737   Elapsed: 650.204s (10m 50s)  94% completed  (47% total)
     Speed:     ev/sec=31828.2   simsec/sec=0.100814   ev/simsec=315711
     Messages:  created: 30513851   present: 11028   in FES: 164
** Event #22930688   t=473.012510697477   Elapsed: 652.213s (10m 52s)  94% completed  (47% total)
     Speed:     ev/sec=32747.4   simsec/sec=0.110723   ev/simsec=295760
     Messages:  created: 30605332   present: 11070   in FES: 175
** Event #22986752   t=473.205963399853   Elapsed: 654.276s (10m 54s)  94% completed  (47% total)
     Speed:     ev/sec=27167   simsec/sec=0.0937417   ev/simsec=289807
     Messages:  created: 30682739   present: 10992   in FES: 160
** Event #23048960   t=473.407238680469   Elapsed: 656.285s (10m 56s)  94% completed  (47% total)
     Speed:     ev/sec=30979.4   simsec/sec=0.100234   ev/simsec=309069
     Messages:  created: 30769229   present: 10968   in FES: 184
** Event #23113728   t=473.654411754671   Elapsed: 658.285s (10m 58s)  94% completed  (47% total)
     Speed:     ev/sec=32383.6   simsec/sec=0.123585   ev/simsec=262035
     Messages:  created: 30859023   present: 10807   in FES: 163
** Event #23176448   t=473.891411058513   Elapsed: 660.292s (11m 00s)  94% completed  (47% total)
     Speed:     ev/sec=31238.7   simsec/sec=0.118041   ev/simsec=264642
     Messages:  created: 30945909   present: 10778   in FES: 156
** Event #23244032   t=474.938770283276   Elapsed: 662.294s (11m 02s)  94% completed  (47% total)
     Speed:     ev/sec=33769.1   simsec/sec=0.523325   ev/simsec=64528
     Messages:  created: 31036319   present: 10716   in FES: 156
** Event #23308800   t=476.21659768449   Elapsed: 664.296s (11m 04s)  95% completed  (47% total)
     Speed:     ev/sec=32346   simsec/sec=0.638163   ev/simsec=50686
     Messages:  created: 31120646   present: 10733   in FES: 142
** Event #23364352   t=477.342478639161   Elapsed: 666.301s (11m 06s)  95% completed  (47% total)
     Speed:     ev/sec=27701.3   simsec/sec=0.561427   ev/simsec=49340.9
     Messages:  created: 31193366   present: 10793   in FES: 156
** Event #23429376   t=478.870651331788   Elapsed: 668.305s (11m 08s)  95% completed  (47% total)
     Speed:     ev/sec=32450   simsec/sec=0.762629   ev/simsec=42550.2
     Messages:  created: 31278544   present: 10878   in FES: 162
** Event #23499264   t=479.120455954317   Elapsed: 670.306s (11m 10s)  95% completed  (47% total)
     Speed:     ev/sec=34930.8   simsec/sec=0.124855   ev/simsec=279771
     Messages:  created: 31370281   present: 9603   in FES: 190
** Event #23564288   t=479.296585791748   Elapsed: 672.315s (11m 12s)  95% completed  (47% total)
     Speed:     ev/sec=32371.6   simsec/sec=0.0876845   ev/simsec=369182
     Messages:  created: 31460510   present: 9634   in FES: 190
** Event #23630080   t=479.483345131088   Elapsed: 674.32s (11m 14s)  95% completed  (47% total)
     Speed:     ev/sec=32813.9   simsec/sec=0.0931466   ev/simsec=352282
     Messages:  created: 31551608   present: 9436   in FES: 129
** Event #23688960   t=479.642250048098   Elapsed: 676.326s (11m 16s)  95% completed  (47% total)
     Speed:     ev/sec=29349   simsec/sec=0.079207   ev/simsec=370536
     Messages:  created: 31633373   present: 9507   in FES: 167
** Event #23744512   t=479.793177571559   Elapsed: 678.327s (11m 18s)  95% completed  (47% total)
     Speed:     ev/sec=27759.2   simsec/sec=0.0754181   ev/simsec=368071
     Messages:  created: 31710466   present: 9543   in FES: 161
** Event #23814912   t=479.990950438393   Elapsed: 680.331s (11m 20s)  95% completed  (47% total)
     Speed:     ev/sec=35136.9   simsec/sec=0.0987091   ev/simsec=355964
     Messages:  created: 31808241   present: 9547   in FES: 167
** Event #23875072   t=480.151489023066   Elapsed: 682.332s (11m 22s)  96% completed  (48% total)
     Speed:     ev/sec=30059.2   simsec/sec=0.0802137   ev/simsec=374739
     Messages:  created: 31890979   present: 9542   in FES: 159
** Event #23941376   t=480.322259413055   Elapsed: 684.337s (11m 24s)  96% completed  (48% total)
     Speed:     ev/sec=33065.9   simsec/sec=0.0851636   ev/simsec=388264
     Messages:  created: 31982890   present: 9496   in FES: 159
** Event #24006144   t=480.496875798634   Elapsed: 686.34s (11m 26s)  96% completed  (48% total)
     Speed:     ev/sec=32342.8   simsec/sec=0.0871972   ev/simsec=370916
     Messages:  created: 32072739   present: 9507   in FES: 159
** Event #24069120   t=480.67278489965   Elapsed: 688.477s (11m 28s)  96% completed  (48% total)
     Speed:     ev/sec=29463.7   simsec/sec=0.0823   ev/simsec=358003
     Messages:  created: 32160157   present: 9479   in FES: 151
** Event #24132096   t=480.833174386135   Elapsed: 690.485s (11m 30s)  96% completed  (48% total)
     Speed:     ev/sec=31360.3   simsec/sec=0.0798694   ev/simsec=392644
     Messages:  created: 32247703   present: 9580   in FES: 180
** Event #24194816   t=481.00383335525   Elapsed: 692.487s (11m 32s)  96% completed  (48% total)
     Speed:     ev/sec=31340   simsec/sec=0.0852751   ev/simsec=367517
     Messages:  created: 32334996   present: 9500   in FES: 167
** Event #24257792   t=481.202426202701   Elapsed: 694.49s (11m 34s)  96% completed  (48% total)
     Speed:     ev/sec=31440.1   simsec/sec=0.0991454   ev/simsec=317111
     Messages:  created: 32421608   present: 9392   in FES: 150
** Event #24322304   t=481.44452617833   Elapsed: 696.497s (11m 36s)  96% completed  (48% total)
     Speed:     ev/sec=32136.6   simsec/sec=0.120602   ev/simsec=266468
     Messages:  created: 32510698   present: 9455   in FES: 163
** Event #24386560   t=481.710627170562   Elapsed: 698.502s (11m 38s)  96% completed  (48% total)
     Speed:     ev/sec=32050.6   simsec/sec=0.13273   ev/simsec=241472
     Messages:  created: 32599172   present: 9384   in FES: 138
** Event #24444416   t=482.008389570816   Elapsed: 700.504s (11m 40s)  96% completed  (48% total)
     Speed:     ev/sec=28901.5   simsec/sec=0.148745   ev/simsec=194303
     Messages:  created: 32679092   present: 9400   in FES: 153
** Event #24505856   t=482.275294074197   Elapsed: 702.509s (11m 42s)  96% completed  (48% total)
     Speed:     ev/sec=30637.3   simsec/sec=0.133093   ev/simsec=230195
     Messages:  created: 32763126   present: 9474   in FES: 165
** Event #24567552   t=482.544052179608   Elapsed: 704.514s (11m 44s)  96% completed  (48% total)
     Speed:     ev/sec=30776   simsec/sec=0.134065   ev/simsec=229560
     Messages:  created: 32848099   present: 9495   in FES: 155
** Event #24629760   t=482.829415454849   Elapsed: 706.516s (11m 46s)  96% completed  (48% total)
     Speed:     ev/sec=31067.8   simsec/sec=0.142516   ev/simsec=217996
     Messages:  created: 32934090   present: 9464   in FES: 164
** Event #24693504   t=483.137178995994   Elapsed: 708.521s (11m 48s)  96% completed  (48% total)
     Speed:     ev/sec=31799.6   simsec/sec=0.153532   ev/simsec=207120
     Messages:  created: 33021120   present: 9483   in FES: 154
** Event #24759552   t=483.491778637935   Elapsed: 710.526s (11m 50s)  96% completed  (48% total)
     Speed:     ev/sec=32935.5   simsec/sec=0.176825   ev/simsec=186261
     Messages:  created: 33112034   present: 9427   in FES: 151
** Event #24822016   t=483.801753727231   Elapsed: 712.532s (11m 52s)  96% completed  (48% total)
     Speed:     ev/sec=31147.4   simsec/sec=0.154568   ev/simsec=201513
     Messages:  created: 33198301   present: 9534   in FES: 168
** Event #24885760   t=484.09515528405   Elapsed: 714.535s (11m 54s)  96% completed  (48% total)
     Speed:     ev/sec=31817   simsec/sec=0.146447   ev/simsec=217259
     Messages:  created: 33285635   present: 9537   in FES: 153
** Event #24951808   t=484.510351793136   Elapsed: 716.539s (11m 56s)  96% completed  (48% total)
     Speed:     ev/sec=32966.2   simsec/sec=0.207235   ev/simsec=159076
     Messages:  created: 33376131   present: 9400   in FES: 125
** Event #25018880   t=484.821433010757   Elapsed: 718.539s (11m 58s)  96% completed  (48% total)
     Speed:     ev/sec=33532.9   simsec/sec=0.155526   ev/simsec=215609
     Messages:  created: 33468985   present: 9461   in FES: 131
** Event #25087232   t=485.145237933237   Elapsed: 720.546s (12m 00s)  97% completed  (48% total)
     Speed:     ev/sec=34053.5   simsec/sec=0.161322   ev/simsec=211090
     Messages:  created: 33562739   present: 9528   in FES: 161
** Event #25147904   t=485.498138045348   Elapsed: 722.74s (12m 02s)  97% completed  (48% total)
     Speed:     ev/sec=27647.9   simsec/sec=0.160815   ev/simsec=171924
     Messages:  created: 33646167   present: 9484   in FES: 152
** Event #25213184   t=485.806510401812   Elapsed: 724.745s (12m 04s)  97% completed  (48% total)
     Speed:     ev/sec=32568   simsec/sec=0.153846   ev/simsec=211692
     Messages:  created: 33736570   present: 9630   in FES: 170
** Event #25275904   t=486.09330975924   Elapsed: 726.748s (12m 06s)  97% completed  (48% total)
     Speed:     ev/sec=31312.7   simsec/sec=0.143184   ev/simsec=218689
     Messages:  created: 33822502   present: 9582   in FES: 156
** Event #25338368   t=486.451509592384   Elapsed: 728.749s (12m 08s)  97% completed  (48% total)
     Speed:     ev/sec=31219.1   simsec/sec=0.179026   ev/simsec=174383
     Messages:  created: 33908356   present: 9487   in FES: 154
** Event #25400576   t=486.777910367491   Elapsed: 730.753s (12m 10s)  97% completed  (48% total)
     Speed:     ev/sec=31029.7   simsec/sec=0.162811   ev/simsec=190588
     Messages:  created: 33994193   present: 9537   in FES: 134
** Event #25462528   t=487.060097259444   Elapsed: 732.754s (12m 12s)  97% completed  (48% total)
     Speed:     ev/sec=30965.4   simsec/sec=0.141045   ev/simsec=219542
     Messages:  created: 34079462   present: 9598   in FES: 165
** Event #25522944   t=487.326487444903   Elapsed: 734.757s (12m 14s)  97% completed  (48% total)
     Speed:     ev/sec=30167.2   simsec/sec=0.133015   ev/simsec=226795
     Messages:  created: 34162523   present: 9556   in FES: 129
** Event #25585408   t=487.614426918592   Elapsed: 736.763s (12m 16s)  97% completed  (48% total)
     Speed:     ev/sec=31136.3   simsec/sec=0.143528   ev/simsec=216934
     Messages:  created: 34248697   present: 9556   in FES: 138
** Event #25648384   t=487.861228344361   Elapsed: 738.777s (12m 18s)  97% completed  (48% total)
     Speed:     ev/sec=31273.4   simsec/sec=0.12256   ev/simsec=255169
     Messages:  created: 34336026   present: 9527   in FES: 124
** Event #25712896   t=488.095202181203   Elapsed: 740.781s (12m 20s)  97% completed  (48% total)
     Speed:     ev/sec=32179.2   simsec/sec=0.116709   ev/simsec=275723
     Messages:  created: 34424689   present: 9589   in FES: 133
** Event #25776384   t=488.460522465571   Elapsed: 742.787s (12m 22s)  97% completed  (48% total)
     Speed:     ev/sec=31660.1   simsec/sec=0.182177   ev/simsec=173787
     Messages:  created: 34511994   present: 9630   in FES: 153
** Event #25841664   t=488.802463048896   Elapsed: 744.79s (12m 24s)  97% completed  (48% total)
     Speed:     ev/sec=32581.5   simsec/sec=0.170664   ev/simsec=190910
     Messages:  created: 34602076   present: 9658   in FES: 164
** Event #25900288   t=489.078052405768   Elapsed: 746.793s (12m 26s)  97% completed  (48% total)
     Speed:     ev/sec=29267.3   simsec/sec=0.137584   ev/simsec=212722
     Messages:  created: 34682484   present: 9658   in FES: 148
** Event #25967360   t=489.513523017538   Elapsed: 748.8s (12m 28s)  97% completed  (48% total)
     Speed:     ev/sec=33421.4   simsec/sec=0.216991   ev/simsec=154022
     Messages:  created: 34774387   present: 9589   in FES: 137
** Event #26033408   t=489.836509561292   Elapsed: 750.804s (12m 30s)  97% completed  (48% total)
     Speed:     ev/sec=32955.2   simsec/sec=0.161157   ev/simsec=204491
     Messages:  created: 34865846   present: 9687   in FES: 155
** Event #26095872   t=490.119549573589   Elapsed: 752.808s (12m 32s)  98% completed  (49% total)
     Speed:     ev/sec=31178.9   simsec/sec=0.141279   ev/simsec=220690
     Messages:  created: 34951612   present: 9644   in FES: 163
** Event #26163712   t=490.534952046642   Elapsed: 754.815s (12m 34s)  98% completed  (49% total)
     Speed:     ev/sec=33791   simsec/sec=0.206911   ev/simsec=163311
     Messages:  created: 35044893   present: 9696   in FES: 158
** Event #26227200   t=490.879634614997   Elapsed: 756.821s (12m 36s)  98% completed  (49% total)
     Speed:     ev/sec=31653.8   simsec/sec=0.171852   ev/simsec=184193
     Messages:  created: 35132558   present: 9608   in FES: 127
** Event #26285056   t=491.231728664848   Elapsed: 758.822s (12m 38s)  98% completed  (49% total)
     Speed:     ev/sec=28922.5   simsec/sec=0.176014   ev/simsec=164320
     Messages:  created: 35211610   present: 9568   in FES: 126
** Event #26352640   t=491.57951669869   Elapsed: 760.827s (12m 40s)  98% completed  (49% total)
     Speed:     ev/sec=33702.8   simsec/sec=0.173435   ev/simsec=194325
     Messages:  created: 35304796   present: 9664   in FES: 130
** Event #26418688   t=492.016166456759   Elapsed: 762.834s (12m 42s)  98% completed  (49% total)
     Speed:     ev/sec=32909.8   simsec/sec=0.21757   ev/simsec=151261
     Messages:  created: 35395894   present: 9759   in FES: 157
** Event #26484224   t=492.327747701225   Elapsed: 764.837s (12m 44s)  98% completed  (49% total)
     Speed:     ev/sec=32718.5   simsec/sec=0.155555   ev/simsec=210334
     Messages:  created: 35485703   present: 9715   in FES: 144
** Event #26552064   t=492.77285966322   Elapsed: 766.838s (12m 46s)  98% completed  (49% total)
     Speed:     ev/sec=33894.9   simsec/sec=0.222391   ev/simsec=152411
     Messages:  created: 35579045   present: 9750   in FES: 147
** Event #26616064   t=493.099196904422   Elapsed: 768.844s (12m 48s)  98% completed  (49% total)
     Speed:     ev/sec=31911.3   simsec/sec=0.162716   ev/simsec=196116
     Messages:  created: 35666745   present: 9680   in FES: 132
** Event #26677504   t=493.510080451064   Elapsed: 770.952s (12m 50s)  98% completed  (49% total)
     Speed:     ev/sec=29142.3   simsec/sec=0.194891   ev/simsec=149531
     Messages:  created: 35751077   present: 9689   in FES: 141
** Event #26743296   t=493.831001605339   Elapsed: 772.959s (12m 52s)  98% completed  (49% total)
     Speed:     ev/sec=32781.6   simsec/sec=0.159903   ev/simsec=205010
     Messages:  created: 35842224   present: 9736   in FES: 141
** Event #26810368   t=494.262362276837   Elapsed: 774.964s (12m 54s)  98% completed  (49% total)
     Speed:     ev/sec=33446.6   simsec/sec=0.215105   ev/simsec=155489
     Messages:  created: 35934080   present: 9783   in FES: 162
** Event #26874112   t=494.566107699587   Elapsed: 776.969s (12m 56s)  98% completed  (49% total)
     Speed:     ev/sec=31803.6   simsec/sec=0.151547   ev/simsec=209860
     Messages:  created: 36022047   present: 9799   in FES: 162
** Event #26938112   t=494.963962436422   Elapsed: 778.974s (12m 58s)  98% completed  (49% total)
     Speed:     ev/sec=31920.3   simsec/sec=0.198432   ev/simsec=160863
     Messages:  created: 36110512   present: 9738   in FES: 134
** Event #27000320   t=495.299416794832   Elapsed: 780.977s (13m 00s)  99% completed  (49% total)
     Speed:     ev/sec=31059.2   simsec/sec=0.167486   ev/simsec=185444
     Messages:  created: 36195899   present: 9782   in FES: 138
** Event #27063040   t=495.628126318444   Elapsed: 783.145s (13m 03s)  99% completed  (49% total)
     Speed:     ev/sec=28928.4   simsec/sec=0.151611   ev/simsec=190807
     Messages:  created: 36282457   present: 9818   in FES: 157
** Event #27129088   t=496.032263252935   Elapsed: 785.15s (13m 05s)  99% completed  (49% total)
     Speed:     ev/sec=32936.5   simsec/sec=0.201533   ev/simsec=163430
     Messages:  created: 36373722   present: 9936   in FES: 176
** Event #27191552   t=496.311314718482   Elapsed: 787.157s (13m 07s)  99% completed  (49% total)
     Speed:     ev/sec=31123.9   simsec/sec=0.139043   ev/simsec=223844
     Messages:  created: 36459692   present: 9871   in FES: 156
** Event #27256064   t=496.664011082057   Elapsed: 789.158s (13m 09s)  99% completed  (49% total)
     Speed:     ev/sec=32243.6   simsec/sec=0.17628   ev/simsec=182911
     Messages:  created: 36548524   present: 9731   in FES: 126
** Event #27317248   t=497.028313844597   Elapsed: 791.171s (13m 11s)  99% completed  (49% total)
     Speed:     ev/sec=30396.8   simsec/sec=0.180989   ev/simsec=167948
     Messages:  created: 36633161   present: 9955   in FES: 169
** Event #27380480   t=497.329600947734   Elapsed: 793.176s (13m 13s)  99% completed  (49% total)
     Speed:     ev/sec=31538.1   simsec/sec=0.150272   ev/simsec=209873
     Messages:  created: 36720003   present: 9866   in FES: 152
** Event #27437824   t=497.63056378864   Elapsed: 795.186s (13m 15s)  99% completed  (49% total)
     Speed:     ev/sec=28522.8   simsec/sec=0.149698   ev/simsec=190535
     Messages:  created: 36797260   present: 9155   in FES: 159
** Event #27502336   t=497.966330637456   Elapsed: 797.192s (13m 17s)  99% completed  (49% total)
     Speed:     ev/sec=32152.2   simsec/sec=0.167343   ev/simsec=192133
     Messages:  created: 36886487   present: 9201   in FES: 216
** Event #27566336   t=498.338744454592   Elapsed: 799.198s (13m 19s)  99% completed  (49% total)
     Speed:     ev/sec=31906.3   simsec/sec=0.185662   ev/simsec=171852
     Messages:  created: 36973871   present: 8969   in FES: 125
** Event #27630080   t=498.782320192437   Elapsed: 801.204s (13m 21s)  99% completed  (49% total)
     Speed:     ev/sec=31775.1   simsec/sec=0.221114   ev/simsec=143705
     Messages:  created: 37061519   present: 9024   in FES: 155
** Event #27695104   t=499.183064370675   Elapsed: 803.206s (13m 23s)  99% completed  (49% total)
     Speed:     ev/sec=32486   simsec/sec=0.200212   ev/simsec=162258
     Messages:  created: 37150259   present: 8957   in FES: 135
** Event #27763968   t=499.595473798079   Elapsed: 805.213s (13m 25s)  99% completed  (49% total)
     Speed:     ev/sec=34307.6   simsec/sec=0.20546   ev/simsec=166980
     Messages:  created: 37245183   present: 9055   in FES: 148
** Event #27817344   t=500   Elapsed: 806.837s (13m 26s)  100% completed  (50% total)
     Speed:     ev/sec=32880   simsec/sec=0.249196   ev/simsec=131944
     Messages:  created: 37318664   present: 8951   in FES: 125

<!> Simulation time limit reached -- at t=500s, event #27817344
undisposed object: (omnetpp::cMessage) FanetReconNetwork.groundStation.app.debugTimer -- check module destructor
undisposed object: (omnetpp::cMessage) FanetReconNetwork.uav[0].app.debugTimer -- check module destructor
undisposed object: (omnetpp::cMessage) FanetReconNetwork.uav[1].app.debugTimer -- check module destructor
undisposed object: (omnetpp::cMessage) FanetReconNetwork.uav[2].app.debugTimer -- check module destructor
undisposed object: (omnetpp::cMessage) FanetReconNetwork.uav[3].app.debugTimer -- check module destructor
undisposed object: (omnetpp::cMessage) FanetReconNetwork.uav[4].app.debugTimer -- check module destructor
undisposed object: (omnetpp::cMessage) FanetReconNetwork.uav[5].app.debugTimer -- check module destructor
undisposed object: (omnetpp::cMessage) FanetReconNetwork.uav[6].app.debugTimer -- check module destructor
undisposed object: (omnetpp::cMessage) FanetReconNetwork.uav[7].app.debugTimer -- check module destructor
undisposed object: (omnetpp::cMessage) FanetReconNetwork.uav[8].app.debugTimer -- check module destructor
undisposed object: (omnetpp::cMessage) FanetReconNetwork.uav[9].app.debugTimer -- check module destructor
undisposed object: (omnetpp::cMessage) FanetReconNetwork.uav[10].app.debugTimer -- check module destructor
undisposed object: (omnetpp::cMessage) FanetReconNetwork.uav[11].app.debugTimer -- check module destructor
undisposed object: (omnetpp::cMessage) FanetReconNetwork.uav[12].app.debugTimer -- check module destructor
undisposed object: (omnetpp::cMessage) FanetReconNetwork.uav[13].app.debugTimer -- check module destructor
undisposed object: (omnetpp::cMessage) FanetReconNetwork.uav[14].app.debugTimer -- check module destructor
undisposed object: (omnetpp::cMessage) FanetReconNetwork.uav[15].app.debugTimer -- check module destructor
undisposed object: (omnetpp::cMessage) FanetReconNetwork.uav[16].app.debugTimer -- check module destructor
undisposed object: (omnetpp::cMessage) FanetReconNetwork.uav[17].app.debugTimer -- check module destructor
undisposed object: (omnetpp::cMessage) FanetReconNetwork.uav[18].app.debugTimer -- check module destructor
undisposed object: (omnetpp::cMessage) FanetReconNetwork.uav[19].app.debugTimer -- check module destructor
undisposed object: (omnetpp::cMessage) FanetReconNetwork.uav[20].app.debugTimer -- check module destructor
undisposed object: (omnetpp::cMessage) FanetReconNetwork.uav[21].app.debugTimer -- check module destructor
undisposed object: (omnetpp::cMessage) FanetReconNetwork.uav[22].app.debugTimer -- check module destructor
undisposed object: (omnetpp::cMessage) FanetReconNetwork.uav[23].app.debugTimer -- check module destructor
undisposed object: (omnetpp::cMessage) FanetReconNetwork.uav[24].app.debugTimer -- check module destructor
undisposed object: (omnetpp::cMessage) FanetReconNetwork.uav[25].app.debugTimer -- check module destructor
undisposed object: (omnetpp::cMessage) FanetReconNetwork.uav[26].app.debugTimer -- check module destructor
undisposed object: (omnetpp::cMessage) FanetReconNetwork.uav[27].app.debugTimer -- check module destructor
undisposed object: (omnetpp::cMessage) FanetReconNetwork.uav[28].app.debugTimer -- check module destructor
undisposed object: (omnetpp::cMessage) FanetReconNetwork.uav[29].app.debugTimer -- check module destructor
