** Event #0   t=0   Elapsed: 2.6e-05s (0m 00s)  0% completed  (0% total)
     Speed:     ev/sec=0   simsec/sec=0   ev/simsec=0
     Messages:  created: 1178   present: 1178   in FES: 186
** Event #116480   t=33.4   Elapsed: 2.00174s (0m 02s)  6% completed  (3% total)
     Speed:     ev/sec=58190.5   simsec/sec=16.6857   ev/simsec=3487.46
     Messages:  created: 114160   present: 1116   in FES: 122
** Event #213760   t=62.029243173347   Elapsed: 4.00396s (0m 04s)  12% completed  (6% total)
     Speed:     ev/sec=48585.9   simsec/sec=14.2987   ev/simsec=3397.92
     Messages:  created: 208034   present: 1201   in FES: 150
** Event #298752   t=87.030127515503   Elapsed: 6.00987s (0m 06s)  17% completed  (8% total)
     Speed:     ev/sec=42370.9   simsec/sec=12.4636   ev/simsec=3399.56
     Messages:  created: 290864   present: 1171   in FES: 140
** Event #379392   t=100.473544196869   Elapsed: 8.01268s (0m 08s)  20% completed  (10% total)
     Speed:     ev/sec=40263.3   simsec/sec=6.71225   ev/simsec=5998.48
     Messages:  created: 383548   present: 1239   in FES: 169
** Event #452608   t=100.890222846505   Elapsed: 10.0155s (0m 10s)  20% completed  (10% total)
     Speed:     ev/sec=36556.6   simsec/sec=0.208047   ev/simsec=175713
     Messages:  created: 484381   present: 1291   in FES: 166
** Event #526336   t=101.684084974957   Elapsed: 12.02s (0m 12s)  20% completed  (10% total)
     Speed:     ev/sec=36780.7   simsec/sec=0.396034   ev/simsec=92872.5
     Messages:  created: 584758   present: 1230   in FES: 162
** Event #601856   t=103.043459879898   Elapsed: 14.0243s (0m 14s)  20% completed  (10% total)
     Speed:     ev/sec=37679.3   simsec/sec=0.678235   ev/simsec=55554.9
     Messages:  created: 686351   present: 1182   in FES: 137
** Event #674816   t=103.593539209961   Elapsed: 16.0262s (0m 16s)  20% completed  (10% total)
     Speed:     ev/sec=36445   simsec/sec=0.274776   ev/simsec=132635
     Messages:  created: 786369   present: 1308   in FES: 162
** Event #749056   t=104.641038961256   Elapsed: 18.0308s (0m 18s)  20% completed  (10% total)
     Speed:     ev/sec=37035.5   simsec/sec=0.522558   ev/simsec=70873.5
     Messages:  created: 886650   present: 1252   in FES: 156
** Event #820992   t=105.532383635832   Elapsed: 20.0369s (0m 20s)  21% completed  (10% total)
     Speed:     ev/sec=35858.9   simsec/sec=0.44432   ev/simsec=80705
     Messages:  created: 983396   present: 1315   in FES: 164
** Event #895744   t=105.901988315946   Elapsed: 22.0407s (0m 22s)  21% completed  (10% total)
     Speed:     ev/sec=37304   simsec/sec=0.184446   ev/simsec=202249
     Messages:  created: 1086601   present: 1290   in FES: 155
** Event #966400   t=106.161994973665   Elapsed: 24.0448s (0m 24s)  21% completed  (10% total)
     Speed:     ev/sec=35255.5   simsec/sec=0.129737   ev/simsec=271747
     Messages:  created: 1183861   present: 1281   in FES: 160
** Event #1043968   t=106.551538157984   Elapsed: 26.0501s (0m 26s)  21% completed  (10% total)
     Speed:     ev/sec=38682.1   simsec/sec=0.19426   ev/simsec=199126
     Messages:  created: 1291171   present: 1348   in FES: 172
** Event #1112576   t=106.975595679427   Elapsed: 28.0503s (0m 28s)  21% completed  (10% total)
     Speed:     ev/sec=34300.5   simsec/sec=0.212007   ev/simsec=161789
     Messages:  created: 1385971   present: 1250   in FES: 138
** Event #1185792   t=107.35136291012   Elapsed: 30.0544s (0m 30s)  21% completed  (10% total)
     Speed:     ev/sec=36534.1   simsec/sec=0.187504   ev/simsec=194844
     Messages:  created: 1486307   present: 1235   in FES: 153
** Event #1260032   t=107.738561748739   Elapsed: 32.0546s (0m 32s)  21% completed  (10% total)
     Speed:     ev/sec=37116.3   simsec/sec=0.19358   ev/simsec=191736
     Messages:  created: 1588269   present: 1301   in FES: 167
** Event #1332224   t=108.525032199006   Elapsed: 34.0599s (0m 34s)  21% completed  (10% total)
     Speed:     ev/sec=36000.3   simsec/sec=0.392193   ev/simsec=91792.4
     Messages:  created: 1686121   present: 1232   in FES: 158
** Event #1408512   t=109.360649252578   Elapsed: 36.0612s (0m 36s)  21% completed  (10% total)
     Speed:     ev/sec=38118.6   simsec/sec=0.41753   ev/simsec=91295.4
     Messages:  created: 1789491   present: 1198   in FES: 145
** Event #1475328   t=110.448543522724   Elapsed: 38.0625s (0m 38s)  22% completed  (11% total)
     Speed:     ev/sec=33386.6   simsec/sec=0.543598   ev/simsec=61417.7
     Messages:  created: 1880200   present: 1293   in FES: 160
** Event #1545984   t=111.215156276653   Elapsed: 40.0731s (0m 40s)  22% completed  (11% total)
     Speed:     ev/sec=35141   simsec/sec=0.381277   ev/simsec=92166.5
     Messages:  created: 1976087   present: 1325   in FES: 163
** Event #1623040   t=111.518065201811   Elapsed: 42.0742s (0m 42s)  22% completed  (11% total)
     Speed:     ev/sec=38507.2   simsec/sec=0.151373   ev/simsec=254387
     Messages:  created: 2082178   present: 1406   in FES: 193
** Event #1698560   t=111.785510134154   Elapsed: 44.079s (0m 44s)  22% completed  (11% total)
     Speed:     ev/sec=37670.9   simsec/sec=0.133407   ev/simsec=282376
     Messages:  created: 2186260   present: 1296   in FES: 166
** Event #1772800   t=112.008423291654   Elapsed: 46.0856s (0m 46s)  22% completed  (11% total)
     Speed:     ev/sec=36997.5   simsec/sec=0.111089   ev/simsec=333044
     Messages:  created: 2289265   present: 1350   in FES: 169
** Event #1843712   t=112.764519395422   Elapsed: 48.09s (0m 48s)  22% completed  (11% total)
     Speed:     ev/sec=35377.9   simsec/sec=0.377215   ev/simsec=93787
     Messages:  created: 2386097   present: 1259   in FES: 162
** Event #1929728   t=113.943022260277   Elapsed: 50.0909s (0m 50s)  22% completed  (11% total)
     Speed:     ev/sec=42989.5   simsec/sec=0.588998   ev/simsec=72987.5
     Messages:  created: 2502776   present: 1414   in FES: 185
** Event #2017536   t=114.97278162946   Elapsed: 52.0912s (0m 52s)  22% completed  (11% total)
     Speed:     ev/sec=43897.5   simsec/sec=0.514803   ev/simsec=85270.4
     Messages:  created: 2622574   present: 1323   in FES: 155
** Event #2113280   t=116.066130857175   Elapsed: 54.0935s (0m 54s)  23% completed  (11% total)
     Speed:     ev/sec=47816.7   simsec/sec=0.546043   ev/simsec=87569.5
     Messages:  created: 2752143   present: 1241   in FES: 143
** Event #2201600   t=117.083150682201   Elapsed: 56.0941s (0m 56s)  23% completed  (11% total)
     Speed:     ev/sec=44145.4   simsec/sec=0.508342   ev/simsec=86842
     Messages:  created: 2872051   present: 1278   in FES: 153
** Event #2287872   t=118.066601836123   Elapsed: 58.157s (0m 58s)  23% completed  (11% total)
     Speed:     ev/sec=41820.8   simsec/sec=0.476734   ev/simsec=87723.7
     Messages:  created: 2989595   present: 1223   in FES: 128
** Event #2371328   t=118.949029318194   Elapsed: 60.1598s (1m 00s)  23% completed  (11% total)
     Speed:     ev/sec=41670   simsec/sec=0.440601   ev/simsec=94575.5
     Messages:  created: 3103665   present: 1328   in FES: 157
** Event #2460928   t=119.767302585267   Elapsed: 62.1651s (1m 02s)  23% completed  (11% total)
     Speed:     ev/sec=44681.7   simsec/sec=0.408056   ev/simsec=109499
     Messages:  created: 3225762   present: 1257   in FES: 151
** Event #2541312   t=121.062620962737   Elapsed: 64.1657s (1m 04s)  24% completed  (12% total)
     Speed:     ev/sec=40180.2   simsec/sec=0.647469   ev/simsec=62057.3
     Messages:  created: 3334218   present: 1333   in FES: 162
** Event #2624768   t=121.725019955557   Elapsed: 66.1683s (1m 06s)  24% completed  (12% total)
     Speed:     ev/sec=41674.1   simsec/sec=0.330772   ev/simsec=125991
     Messages:  created: 3448848   present: 1217   in FES: 156
** Event #2695936   t=122.943555670969   Elapsed: 68.1715s (1m 08s)  24% completed  (12% total)
     Speed:     ev/sec=35527.1   simsec/sec=0.608293   ev/simsec=58404.5
     Messages:  created: 3545634   present: 1227   in FES: 155
** Event #2790400   t=124.461999774013   Elapsed: 70.1752s (1m 10s)  24% completed  (12% total)
     Speed:     ev/sec=47144.6   simsec/sec=0.757817   ev/simsec=62211
     Messages:  created: 3673606   present: 1261   in FES: 155
** Event #2869248   t=125.901551245738   Elapsed: 72.1769s (1m 12s)  25% completed  (12% total)
     Speed:     ev/sec=39390.9   simsec/sec=0.719171   ev/simsec=54772.6
     Messages:  created: 3780875   present: 1163   in FES: 127
** Event #2958592   t=127.636191791198   Elapsed: 74.179s (1m 14s)  25% completed  (12% total)
     Speed:     ev/sec=44624.3   simsec/sec=0.866394   ev/simsec=51505.8
     Messages:  created: 3901186   present: 1191   in FES: 129
** Event #3043840   t=129.19328305868   Elapsed: 76.1827s (1m 16s)  25% completed  (12% total)
     Speed:     ev/sec=42546.3   simsec/sec=0.777127   ev/simsec=54748.2
     Messages:  created: 4015591   present: 1296   in FES: 154
** Event #3126784   t=130.221984945412   Elapsed: 78.1885s (1m 18s)  26% completed  (13% total)
     Speed:     ev/sec=41351.4   simsec/sec=0.512855   ev/simsec=80629.8
     Messages:  created: 4128039   present: 1294   in FES: 127
** Event #3202304   t=131.227675463276   Elapsed: 80.1894s (1m 20s)  26% completed  (13% total)
     Speed:     ev/sec=37743.4   simsec/sec=0.502624   ev/simsec=75092.7
     Messages:  created: 4231245   present: 1392   in FES: 156
** Event #3292928   t=131.772908744236   Elapsed: 82.1922s (1m 22s)  26% completed  (13% total)
     Speed:     ev/sec=45247.1   simsec/sec=0.272226   ev/simsec=166211
     Messages:  created: 4355892   present: 1478   in FES: 188
** Event #3373568   t=132.277235359373   Elapsed: 84.1948s (1m 24s)  26% completed  (13% total)
     Speed:     ev/sec=40269   simsec/sec=0.251844   ev/simsec=159896
     Messages:  created: 4466169   present: 1438   in FES: 163
** Event #3459840   t=132.544618256422   Elapsed: 86.1993s (1m 26s)  26% completed  (13% total)
     Speed:     ev/sec=43038.4   simsec/sec=0.133389   ev/simsec=322653
     Messages:  created: 4586289   present: 1407   in FES: 154
** Event #3526144   t=132.808334848719   Elapsed: 88.2031s (1m 28s)  26% completed  (13% total)
     Speed:     ev/sec=33089   simsec/sec=0.131608   ev/simsec=251421
     Messages:  created: 4678037   present: 1343   in FES: 131
** Event #3614464   t=133.272488191223   Elapsed: 90.206s (1m 30s)  26% completed  (13% total)
     Speed:     ev/sec=44096.3   simsec/sec=0.231742   ev/simsec=190282
     Messages:  created: 4799834   present: 1400   in FES: 162
** Event #3698432   t=134.282764362526   Elapsed: 92.2129s (1m 32s)  26% completed  (13% total)
     Speed:     ev/sec=41840.2   simsec/sec=0.503408   ev/simsec=83113.9
     Messages:  created: 4914919   present: 1388   in FES: 155
** Event #3775744   t=135.204247213732   Elapsed: 94.2197s (1m 34s)  27% completed  (13% total)
     Speed:     ev/sec=38524.9   simsec/sec=0.459179   ev/simsec=83899.6
     Messages:  created: 5020680   present: 1438   in FES: 161
** Event #3863040   t=136.235620171735   Elapsed: 96.2245s (1m 36s)  27% completed  (13% total)
     Speed:     ev/sec=43543.1   simsec/sec=0.514447   ev/simsec=84640.6
     Messages:  created: 5140290   present: 1464   in FES: 156
** Event #3947008   t=137.264995883975   Elapsed: 98.2258s (1m 38s)  27% completed  (13% total)
     Speed:     ev/sec=41955.7   simsec/sec=0.514341   ev/simsec=81571.8
     Messages:  created: 5255112   present: 1440   in FES: 155
** Event #4022784   t=138.227222216724   Elapsed: 100.231s (1m 40s)  27% completed  (13% total)
     Speed:     ev/sec=37796   simsec/sec=0.479945   ev/simsec=78750.7
     Messages:  created: 5358749   present: 1504   in FES: 157
** Event #4111104   t=139.33907851974   Elapsed: 102.236s (1m 42s)  27% completed  (13% total)
     Speed:     ev/sec=44041.5   simsec/sec=0.554437   ev/simsec=79434.7
     Messages:  created: 5479421   present: 1488   in FES: 169
** Event #4188928   t=139.695664394351   Elapsed: 104.237s (1m 44s)  27% completed  (13% total)
     Speed:     ev/sec=38903.8   simsec/sec=0.178255   ev/simsec=218248
     Messages:  created: 5587032   present: 1500   in FES: 169
** Event #4269824   t=139.977152159898   Elapsed: 106.242s (1m 46s)  27% completed  (13% total)
     Speed:     ev/sec=40341.2   simsec/sec=0.140372   ev/simsec=287387
     Messages:  created: 5698989   present: 1530   in FES: 169
** Event #4346368   t=140.523576748789   Elapsed: 108.341s (1m 48s)  28% completed  (14% total)
     Speed:     ev/sec=36459.2   simsec/sec=0.260271   ev/simsec=140082
     Messages:  created: 5803860   present: 1502   in FES: 159
** Event #4437760   t=141.71623753806   Elapsed: 110.35s (1m 50s)  28% completed  (14% total)
     Speed:     ev/sec=45503.3   simsec/sec=0.593815   ev/simsec=76628.7
     Messages:  created: 5928769   present: 1560   in FES: 155
** Event #4527360   t=142.771752478956   Elapsed: 112.355s (1m 52s)  28% completed  (14% total)
     Speed:     ev/sec=44676.7   simsec/sec=0.526305   ev/simsec=84887.5
     Messages:  created: 6051153   present: 1533   in FES: 151
** Event #4618496   t=143.833554074828   Elapsed: 114.359s (1m 54s)  28% completed  (14% total)
     Speed:     ev/sec=45489.9   simsec/sec=0.529991   ev/simsec=85831.5
     Messages:  created: 6175450   present: 1495   in FES: 163
** Event #4712960   t=144.994813344502   Elapsed: 116.361s (1m 56s)  28% completed  (14% total)
     Speed:     ev/sec=47176.8   simsec/sec=0.579951   ev/simsec=81346.2
     Messages:  created: 6304599   present: 1545   in FES: 156
** Event #4795136   t=146.01421723032   Elapsed: 118.364s (1m 58s)  29% completed  (14% total)
     Speed:     ev/sec=41035.5   simsec/sec=0.509051   ev/simsec=80611.8
     Messages:  created: 6416625   present: 1554   in FES: 156
** Event #4893184   t=147.211257387875   Elapsed: 120.366s (2m 00s)  29% completed  (14% total)
     Speed:     ev/sec=48959.6   simsec/sec=0.597734   ev/simsec=81908.7
     Messages:  created: 6549498   present: 1657   in FES: 165
** Event #4991232   t=148.262845623427   Elapsed: 122.368s (2m 02s)  29% completed  (14% total)
     Speed:     ev/sec=48983.2   simsec/sec=0.525357   ev/simsec=93238
     Messages:  created: 6683414   present: 1601   in FES: 163
** Event #5092608   t=149.710608384761   Elapsed: 124.369s (2m 04s)  29% completed  (14% total)
     Speed:     ev/sec=50667.7   simsec/sec=0.723591   ev/simsec=70022.5
     Messages:  created: 6821630   present: 1728   in FES: 164
** Event #5188608   t=150.661959063999   Elapsed: 126.371s (2m 06s)  30% completed  (15% total)
     Speed:     ev/sec=47951.5   simsec/sec=0.475195   ev/simsec=100909
     Messages:  created: 6952141   present: 1743   in FES: 169
** Event #5287680   t=150.91938922124   Elapsed: 128.372s (2m 08s)  30% completed  (15% total)
     Speed:     ev/sec=49514.7   simsec/sec=0.12866   ev/simsec=384850
     Messages:  created: 7089296   present: 1753   in FES: 161
** Event #5391616   t=151.467717499766   Elapsed: 130.372s (2m 10s)  30% completed  (15% total)
     Speed:     ev/sec=51959   simsec/sec=0.274117   ev/simsec=189551
     Messages:  created: 7231934   present: 1750   in FES: 159
** Event #5502720   t=152.16999660788   Elapsed: 132.373s (2m 12s)  30% completed  (15% total)
     Speed:     ev/sec=55511   simsec/sec=0.35088   ev/simsec=158205
     Messages:  created: 7384106   present: 1761   in FES: 156
** Event #5604608   t=152.944505493361   Elapsed: 134.375s (2m 14s)  30% completed  (15% total)
     Speed:     ev/sec=50913.5   simsec/sec=0.387022   ev/simsec=131552
     Messages:  created: 7524525   present: 1811   in FES: 191
** Event #5714176   t=153.707862495709   Elapsed: 136.376s (2m 16s)  30% completed  (15% total)
     Speed:     ev/sec=54742.7   simsec/sec=0.381391   ev/simsec=143534
     Messages:  created: 7674737   present: 1761   in FES: 134
** Event #5822720   t=154.474143698705   Elapsed: 138.379s (2m 18s)  30% completed  (15% total)
     Speed:     ev/sec=54179.9   simsec/sec=0.38249   ev/simsec=141650
     Messages:  created: 7823761   present: 1809   in FES: 148
** Event #5933824   t=155.262927861855   Elapsed: 140.382s (2m 20s)  31% completed  (15% total)
     Speed:     ev/sec=55472.3   simsec/sec=0.393826   ev/simsec=140855
     Messages:  created: 7976370   present: 1793   in FES: 136
** Event #6038784   t=155.829276427166   Elapsed: 142.383s (2m 22s)  31% completed  (15% total)
     Speed:     ev/sec=52470.2   simsec/sec=0.283121   ev/simsec=185328
     Messages:  created: 8121139   present: 1861   in FES: 159
** Event #6153984   t=156.463994652199   Elapsed: 144.387s (2m 24s)  31% completed  (15% total)
     Speed:     ev/sec=57470.3   simsec/sec=0.316644   ev/simsec=181498
     Messages:  created: 8279779   present: 1793   in FES: 151
** Event #6279680   t=157.523387111002   Elapsed: 146.391s (2m 26s)  31% completed  (15% total)
     Speed:     ev/sec=62739.1   simsec/sec=0.528779   ev/simsec=118649
     Messages:  created: 8452731   present: 1773   in FES: 165
** Event #6401792   t=158.937249953601   Elapsed: 148.393s (2m 28s)  31% completed  (15% total)
     Speed:     ev/sec=60979.6   simsec/sec=0.706047   ev/simsec=86367.6
     Messages:  created: 8619714   present: 1793   in FES: 165
** Event #6530816   t=161.33214608932   Elapsed: 150.396s (2m 30s)  32% completed  (16% total)
     Speed:     ev/sec=64438.3   simsec/sec=1.19608   ev/simsec=53874.6
     Messages:  created: 8793838   present: 1768   in FES: 166
** Event #6658560   t=164.513606043278   Elapsed: 152.399s (2m 32s)  32% completed  (16% total)
     Speed:     ev/sec=63755.3   simsec/sec=1.58782   ev/simsec=40152.6
     Messages:  created: 8965366   present: 1836   in FES: 155
** Event #6777088   t=167.436364507793   Elapsed: 154.401s (2m 34s)  33% completed  (16% total)
     Speed:     ev/sec=59213.1   simsec/sec=1.46012   ev/simsec=40553.5
     Messages:  created: 9123990   present: 1790   in FES: 139
** Event #6900480   t=170.566828178466   Elapsed: 156.401s (2m 36s)  34% completed  (17% total)
     Speed:     ev/sec=61679   simsec/sec=1.5648   ev/simsec=39416.5
     Messages:  created: 9289546   present: 1836   in FES: 139
** Event #7021824   t=173.90064957476   Elapsed: 158.403s (2m 38s)  34% completed  (17% total)
     Speed:     ev/sec=60637.3   simsec/sec=1.66596   ev/simsec=36397.9
     Messages:  created: 9451971   present: 1921   in FES: 140
** Event #7142144   t=176.771533727868   Elapsed: 160.403s (2m 40s)  35% completed  (17% total)
     Speed:     ev/sec=60134.4   simsec/sec=1.43483   ev/simsec=41910.4
     Messages:  created: 9612767   present: 2079   in FES: 171
** Event #7270144   t=179.516485536289   Elapsed: 162.407s (2m 42s)  35% completed  (17% total)
     Speed:     ev/sec=63888.5   simsec/sec=1.37008   ev/simsec=46631.1
     Messages:  created: 9783738   present: 2080   in FES: 165
** Event #7397120   t=182.773942482646   Elapsed: 164.408s (2m 44s)  36% completed  (18% total)
     Speed:     ev/sec=63465.8   simsec/sec=1.62816   ev/simsec=38980.1
     Messages:  created: 9953548   present: 2169   in FES: 155
** Event #7514112   t=185.995490355371   Elapsed: 166.411s (2m 46s)  37% completed  (18% total)
     Speed:     ev/sec=58396.5   simsec/sec=1.60803   ev/simsec=36315.5
     Messages:  created: 10108717   present: 2234   in FES: 158
** Event #7642624   t=188.274437559999   Elapsed: 168.413s (2m 48s)  37% completed  (18% total)
     Speed:     ev/sec=64209   simsec/sec=1.13864   ev/simsec=56391
     Messages:  created: 10281159   present: 2281   in FES: 160
** Event #7761664   t=190.443237932376   Elapsed: 170.413s (2m 50s)  38% completed  (19% total)
     Speed:     ev/sec=59500.3   simsec/sec=1.08404   ev/simsec=54887.5
     Messages:  created: 10442260   present: 2335   in FES: 155
** Event #7881728   t=192.671224032992   Elapsed: 172.417s (2m 52s)  38% completed  (19% total)
     Speed:     ev/sec=59928.4   simsec/sec=1.11207   ev/simsec=53889
     Messages:  created: 10604793   present: 2310   in FES: 131
** Event #8011776   t=196.021322112731   Elapsed: 174.417s (2m 54s)  39% completed  (19% total)
     Speed:     ev/sec=65000.4   simsec/sec=1.67444   ev/simsec=38819.2
     Messages:  created: 10778602   present: 2590   in FES: 186
** Event #8143872   t=197.832149847571   Elapsed: 176.421s (2m 56s)  39% completed  (19% total)
     Speed:     ev/sec=65935.7   simsec/sec=0.903875   ev/simsec=72947.9
     Messages:  created: 10958117   present: 2550   in FES: 164
** Event #8268032   t=200.044184528997   Elapsed: 178.421s (2m 58s)  40% completed  (20% total)
     Speed:     ev/sec=62074.6   simsec/sec=1.10592   ev/simsec=56129.3
     Messages:  created: 11125864   present: 2601   in FES: 156
** Event #8399104   t=204.044012839116   Elapsed: 180.425s (3m 00s)  40% completed  (20% total)
     Speed:     ev/sec=65406.1   simsec/sec=1.99595   ev/simsec=32769.4
     Messages:  created: 11298997   present: 2714   in FES: 146
** Event #8523520   t=207.198065066582   Elapsed: 182.428s (3m 02s)  41% completed  (20% total)
     Speed:     ev/sec=62105.3   simsec/sec=1.57442   ev/simsec=39446.4
     Messages:  created: 11463577   present: 2854   in FES: 154
** Event #8630528   t=209.072711900285   Elapsed: 184.431s (3m 04s)  41% completed  (20% total)
     Speed:     ev/sec=53439.9   simsec/sec=0.9362   ev/simsec=57081.7
     Messages:  created: 11607859   present: 3006   in FES: 158
** Event #8754432   t=210.77214062279   Elapsed: 186.434s (3m 06s)  42% completed  (21% total)
     Speed:     ev/sec=61862   simsec/sec=0.848479   ev/simsec=72909.2
     Messages:  created: 11776257   present: 3014   in FES: 156
** Event #8879104   t=212.32376907074   Elapsed: 188.437s (3m 08s)  42% completed  (21% total)
     Speed:     ev/sec=62228.3   simsec/sec=0.774474   ev/simsec=80349.1
     Messages:  created: 11945656   present: 3104   in FES: 160
** Event #8996352   t=213.574672268767   Elapsed: 190.44s (3m 10s)  42% completed  (21% total)
     Speed:     ev/sec=58533.9   simsec/sec=0.624491   ev/simsec=93730.7
     Messages:  created: 12106365   present: 3131   in FES: 141
** Event #9122304   t=214.89104150829   Elapsed: 192.441s (3m 12s)  42% completed  (21% total)
     Speed:     ev/sec=62961   simsec/sec=0.658027   ev/simsec=95681.4
     Messages:  created: 12279020   present: 3106   in FES: 144
** Event #9254656   t=215.800438812272   Elapsed: 194.441s (3m 14s)  43% completed  (21% total)
     Speed:     ev/sec=66155.9   simsec/sec=0.454561   ev/simsec=145538
     Messages:  created: 12460485   present: 3189   in FES: 138
** Event #9376256   t=216.279914520619   Elapsed: 196.444s (3m 16s)  43% completed  (21% total)
     Speed:     ev/sec=60719.9   simsec/sec=0.239422   ev/simsec=253610
     Messages:  created: 12628007   present: 3211   in FES: 134
** Event #9499648   t=216.851385556085   Elapsed: 198.444s (3m 18s)  43% completed  (21% total)
     Speed:     ev/sec=61693   simsec/sec=0.285722   ev/simsec=215920
     Messages:  created: 12798799   present: 3272   in FES: 155
** Event #9623296   t=217.401037197989   Elapsed: 200.446s (3m 20s)  43% completed  (21% total)
     Speed:     ev/sec=61767.5   simsec/sec=0.274575   ev/simsec=224957
     Messages:  created: 12969212   present: 3210   in FES: 130
** Event #9740544   t=217.85417788876   Elapsed: 202.448s (3m 22s)  43% completed  (21% total)
     Speed:     ev/sec=58562.9   simsec/sec=0.226334   ev/simsec=258745
     Messages:  created: 13131722   present: 3233   in FES: 129
** Event #9857536   t=218.324126597512   Elapsed: 204.452s (3m 24s)  43% completed  (21% total)
     Speed:     ev/sec=58384   simsec/sec=0.234524   ev/simsec=248946
     Messages:  created: 13293228   present: 3321   in FES: 156
** Event #9973248   t=219.038565571263   Elapsed: 206.454s (3m 26s)  43% completed  (21% total)
     Speed:     ev/sec=57777.9   simsec/sec=0.356737   ev/simsec=161962
     Messages:  created: 13452943   present: 3346   in FES: 157
** Event #10102016   t=220.193048603708   Elapsed: 208.456s (3m 28s)  44% completed  (22% total)
     Speed:     ev/sec=64335.1   simsec/sec=0.576803   ev/simsec=111537
     Messages:  created: 13629030   present: 3367   in FES: 155
** Event #10213376   t=220.771324610166   Elapsed: 210.457s (3m 30s)  44% completed  (22% total)
     Speed:     ev/sec=55660   simsec/sec=0.289034   ev/simsec=192572
     Messages:  created: 13782228   present: 3161   in FES: 169
** Event #10338304   t=221.079695327861   Elapsed: 212.459s (3m 32s)  44% completed  (22% total)
     Speed:     ev/sec=62392.2   simsec/sec=0.154008   ev/simsec=405123
     Messages:  created: 13955062   present: 2920   in FES: 166
** Event #10458368   t=221.474185215204   Elapsed: 214.462s (3m 34s)  44% completed  (22% total)
     Speed:     ev/sec=59935.2   simsec/sec=0.196927   ev/simsec=304353
     Messages:  created: 14121926   present: 2822   in FES: 156
** Event #10578944   t=222.09626262537   Elapsed: 216.462s (3m 36s)  44% completed  (22% total)
     Speed:     ev/sec=60277.2   simsec/sec=0.310983   ev/simsec=193828
     Messages:  created: 14287774   present: 2814   in FES: 165
** Event #10697216   t=223.018920381148   Elapsed: 218.465s (3m 38s)  44% completed  (22% total)
     Speed:     ev/sec=59054.5   simsec/sec=0.460693   ev/simsec=128186
     Messages:  created: 14450588   present: 2765   in FES: 159
** Event #10819072   t=224.44833028228   Elapsed: 220.47s (3m 40s)  44% completed  (22% total)
     Speed:     ev/sec=60793.9   simsec/sec=0.713131   ev/simsec=85249.2
     Messages:  created: 14616750   present: 2776   in FES: 157
** Event #10930176   t=225.120902211642   Elapsed: 222.473s (3m 42s)  45% completed  (22% total)
     Speed:     ev/sec=55452.9   simsec/sec=0.335686   ev/simsec=165193
     Messages:  created: 14768977   present: 2926   in FES: 181
** Event #11040768   t=225.604080742272   Elapsed: 224.477s (3m 44s)  45% completed  (22% total)
     Speed:     ev/sec=55193.8   simsec/sec=0.241143   ev/simsec=228884
     Messages:  created: 14921504   present: 2772   in FES: 133
** Event #11167232   t=226.323506218839   Elapsed: 226.479s (3m 46s)  45% completed  (22% total)
     Speed:     ev/sec=63162.6   simsec/sec=0.359318   ev/simsec=175785
     Messages:  created: 15095833   present: 2955   in FES: 186
** Event #11289856   t=227.022282155432   Elapsed: 228.48s (3m 48s)  45% completed  (22% total)
     Speed:     ev/sec=61297.3   simsec/sec=0.349304   ev/simsec=175484
     Messages:  created: 15265778   present: 3005   in FES: 190
** Event #11415552   t=227.749485148488   Elapsed: 230.48s (3m 50s)  45% completed  (22% total)
     Speed:     ev/sec=62824.8   simsec/sec=0.363467   ev/simsec=172849
     Messages:  created: 15439335   present: 2950   in FES: 185
** Event #11526400   t=228.268940349258   Elapsed: 232.482s (3m 52s)  45% completed  (22% total)
     Speed:     ev/sec=55382.6   simsec/sec=0.259534   ev/simsec=213393
     Messages:  created: 15592418   present: 2878   in FES: 137
** Event #11647488   t=228.827330228492   Elapsed: 234.483s (3m 54s)  45% completed  (22% total)
     Speed:     ev/sec=60501.6   simsec/sec=0.279   ev/simsec=216852
     Messages:  created: 15760406   present: 2852   in FES: 136
** Event #11764992   t=229.382180281485   Elapsed: 236.487s (3m 56s)  45% completed  (22% total)
     Speed:     ev/sec=58636.6   simsec/sec=0.27688   ev/simsec=211776
     Messages:  created: 15922980   present: 2869   in FES: 132
** Event #11883776   t=229.93821141556   Elapsed: 238.491s (3m 58s)  45% completed  (22% total)
     Speed:     ev/sec=59264.8   simsec/sec=0.27742   ev/simsec=213628
     Messages:  created: 16087372   present: 2916   in FES: 156
** Event #12002048   t=230.345365881042   Elapsed: 240.494s (4m 00s)  46% completed  (23% total)
     Speed:     ev/sec=59051.9   simsec/sec=0.203288   ev/simsec=290484
     Messages:  created: 16251480   present: 2996   in FES: 148
** Event #12135424   t=231.047805301469   Elapsed: 242.497s (4m 02s)  46% completed  (23% total)
     Speed:     ev/sec=66584   simsec/sec=0.350672   ev/simsec=189875
     Messages:  created: 16436073   present: 3048   in FES: 167
** Event #12268032   t=231.636709299719   Elapsed: 244.5s (4m 04s)  46% completed  (23% total)
     Speed:     ev/sec=66206.3   simsec/sec=0.294018   ev/simsec=225178
     Messages:  created: 16619274   present: 2973   in FES: 161
** Event #12392192   t=232.295708946756   Elapsed: 246.502s (4m 06s)  46% completed  (23% total)
     Speed:     ev/sec=62017.6   simsec/sec=0.329169   ev/simsec=188407
     Messages:  created: 16790685   present: 3099   in FES: 162
** Event #12526592   t=233.042435479809   Elapsed: 248.504s (4m 08s)  46% completed  (23% total)
     Speed:     ev/sec=67162.5   simsec/sec=0.373155   ev/simsec=179986
     Messages:  created: 16976194   present: 3067   in FES: 169
** Event #12662272   t=233.786995859705   Elapsed: 250.506s (4m 10s)  46% completed  (23% total)
     Speed:     ev/sec=67739.5   simsec/sec=0.371729   ev/simsec=182228
     Messages:  created: 17163152   present: 3109   in FES: 167
** Event #12794624   t=234.441598900109   Elapsed: 252.509s (4m 12s)  46% completed  (23% total)
     Speed:     ev/sec=66104   simsec/sec=0.326946   ev/simsec=202187
     Messages:  created: 17345637   present: 3039   in FES: 160
** Event #12920320   t=235.038498019471   Elapsed: 254.509s (4m 14s)  47% completed  (23% total)
     Speed:     ev/sec=62829.9   simsec/sec=0.298363   ev/simsec=210582
     Messages:  created: 17519572   present: 3162   in FES: 162
** Event #13053184   t=235.685631588576   Elapsed: 256.512s (4m 16s)  47% completed  (23% total)
     Speed:     ev/sec=66327   simsec/sec=0.323055   ev/simsec=205312
     Messages:  created: 17702956   present: 3007   in FES: 135
** Event #13177600   t=236.190970719518   Elapsed: 258.515s (4m 18s)  47% completed  (23% total)
     Speed:     ev/sec=62125.7   simsec/sec=0.252335   ev/simsec=246203
     Messages:  created: 17875039   present: 3104   in FES: 158
** Event #13283584   t=236.761948009238   Elapsed: 260.516s (4m 20s)  47% completed  (23% total)
     Speed:     ev/sec=52975.8   simsec/sec=0.285401   ev/simsec=185619
     Messages:  created: 18021637   present: 3187   in FES: 142
** Event #13415936   t=237.332554522893   Elapsed: 262.519s (4m 22s)  47% completed  (23% total)
     Speed:     ev/sec=66061.7   simsec/sec=0.28481   ev/simsec=231950
     Messages:  created: 18204446   present: 3101   in FES: 136
** Event #13545728   t=237.870375716325   Elapsed: 264.522s (4m 24s)  47% completed  (23% total)
     Speed:     ev/sec=64806.4   simsec/sec=0.268539   ev/simsec=241329
     Messages:  created: 18384590   present: 3084   in FES: 130
** Event #13681408   t=238.515307470991   Elapsed: 266.524s (4m 26s)  47% completed  (23% total)
     Speed:     ev/sec=67767.8   simsec/sec=0.322122   ev/simsec=210379
     Messages:  created: 18571866   present: 3252   in FES: 172
** Event #13806848   t=239.134835094787   Elapsed: 268.526s (4m 28s)  47% completed  (23% total)
     Speed:     ev/sec=62669.1   simsec/sec=0.309513   ev/simsec=202477
     Messages:  created: 18744949   present: 3162   in FES: 165
** Event #13939712   t=239.768855912673   Elapsed: 270.529s (4m 30s)  47% completed  (23% total)
     Speed:     ev/sec=66331.2   simsec/sec=0.316529   ev/simsec=209558
     Messages:  created: 18929206   present: 3403   in FES: 192
** Event #14071040   t=240.291753233445   Elapsed: 272.532s (4m 32s)  48% completed  (24% total)
     Speed:     ev/sec=65541.7   simsec/sec=0.260962   ev/simsec=251154
     Messages:  created: 19110695   present: 3250   in FES: 155
** Event #14196480   t=240.819682171558   Elapsed: 274.536s (4m 34s)  48% completed  (24% total)
     Speed:     ev/sec=62616.3   simsec/sec=0.263528   ev/simsec=237608
     Messages:  created: 19284706   present: 3182   in FES: 138
** Event #14324224   t=241.302311515883   Elapsed: 276.536s (4m 36s)  48% completed  (24% total)
     Speed:     ev/sec=63865.5   simsec/sec=0.24129   ev/simsec=264683
     Messages:  created: 19461665   present: 3454   in FES: 194
** Event #14456832   t=241.904501089686   Elapsed: 278.537s (4m 38s)  48% completed  (24% total)
     Speed:     ev/sec=66259.4   simsec/sec=0.300892   ev/simsec=220210
     Messages:  created: 19645256   present: 3297   in FES: 163
** Event #14581504   t=242.405393624497   Elapsed: 280.541s (4m 40s)  48% completed  (24% total)
     Speed:     ev/sec=62221.9   simsec/sec=0.249988   ev/simsec=248900
     Messages:  created: 19817497   present: 3389   in FES: 160
** Event #14713856   t=243.028067691264   Elapsed: 282.544s (4m 42s)  48% completed  (24% total)
     Speed:     ev/sec=66071.7   simsec/sec=0.310846   ev/simsec=212554
     Messages:  created: 20000785   present: 3379   in FES: 153
** Event #14844160   t=243.648898598955   Elapsed: 284.547s (4m 44s)  48% completed  (24% total)
     Speed:     ev/sec=65061.3   simsec/sec=0.309983   ev/simsec=209886
     Messages:  created: 20180944   present: 3346   in FES: 162
** Event #14967296   t=244.252161635753   Elapsed: 286.549s (4m 46s)  48% completed  (24% total)
     Speed:     ev/sec=61494.5   simsec/sec=0.301271   ev/simsec=204117
     Messages:  created: 20351063   present: 3570   in FES: 221
** Event #15081984   t=244.594139761483   Elapsed: 288.552s (4m 48s)  48% completed  (24% total)
     Speed:     ev/sec=57279.7   simsec/sec=0.170797   ev/simsec=335366
     Messages:  created: 20510782   present: 3457   in FES: 172
** Event #15204864   t=245.112555444337   Elapsed: 290.553s (4m 50s)  49% completed  (24% total)
     Speed:     ev/sec=61394   simsec/sec=0.259014   ev/simsec=237030
     Messages:  created: 20680798   present: 3434   in FES: 153
** Event #15329792   t=245.496751395322   Elapsed: 292.553s (4m 52s)  49% completed  (24% total)
     Speed:     ev/sec=62463.2   simsec/sec=0.192095   ev/simsec=325167
     Messages:  created: 20854304   present: 3287   in FES: 134
** Event #15451392   t=245.827746059542   Elapsed: 294.555s (4m 54s)  49% completed  (24% total)
     Speed:     ev/sec=60749.7   simsec/sec=0.16536   ev/simsec=367378
     Messages:  created: 21023651   present: 3411   in FES: 152
** Event #15567872   t=246.16378203763   Elapsed: 296.557s (4m 56s)  49% completed  (24% total)
     Speed:     ev/sec=58161.8   simsec/sec=0.167792   ev/simsec=346630
     Messages:  created: 21185313   present: 3446   in FES: 159
** Event #15690752   t=246.552352814143   Elapsed: 298.561s (4m 58s)  49% completed  (24% total)
     Speed:     ev/sec=61329.8   simsec/sec=0.193937   ev/simsec=316236
     Messages:  created: 21356247   present: 3607   in FES: 182
** Event #15831296   t=246.999087771406   Elapsed: 300.564s (5m 00s)  49% completed  (24% total)
     Speed:     ev/sec=70168.3   simsec/sec=0.223038   ev/simsec=314603
     Messages:  created: 21551589   present: 3510   in FES: 181
** Event #15964416   t=247.524429663155   Elapsed: 302.566s (5m 02s)  49% completed  (24% total)
     Speed:     ev/sec=66490   simsec/sec=0.262395   ev/simsec=253397
     Messages:  created: 21735982   present: 3619   in FES: 185
** Event #16105216   t=248.206501457131   Elapsed: 304.57s (5m 04s)  49% completed  (24% total)
     Speed:     ev/sec=70247.2   simsec/sec=0.340296   ev/simsec=206430
     Messages:  created: 21930606   present: 3509   in FES: 155
** Event #16247040   t=248.75572328595   Elapsed: 306.571s (5m 06s)  49% completed  (24% total)
     Speed:     ev/sec=70903.3   simsec/sec=0.274577   ev/simsec=258227
     Messages:  created: 22127199   present: 3478   in FES: 138
** Event #16379392   t=249.117465280463   Elapsed: 308.574s (5m 08s)  49% completed  (24% total)
     Speed:     ev/sec=66080.6   simsec/sec=0.18061   ev/simsec=365874
     Messages:  created: 22310411   present: 3795   in FES: 218
** Event #16522240   t=249.521722548993   Elapsed: 310.574s (5m 10s)  49% completed  (24% total)
     Speed:     ev/sec=71419.1   simsec/sec=0.202115   ev/simsec=353359
     Messages:  created: 22508467   present: 3557   in FES: 165
** Event #16663552   t=249.952492604144   Elapsed: 312.576s (5m 12s)  49% completed  (24% total)
     Speed:     ev/sec=70585   simsec/sec=0.215168   ev/simsec=328045
     Messages:  created: 22704671   present: 3585   in FES: 164
** Event #16795648   t=250.453989267776   Elapsed: 314.579s (5m 14s)  50% completed  (25% total)
     Speed:     ev/sec=65945.4   simsec/sec=0.250359   ev/simsec=263404
     Messages:  created: 22887247   present: 3556   in FES: 151
** Event #16936192   t=251.019407840825   Elapsed: 316.579s (5m 16s)  50% completed  (25% total)
     Speed:     ev/sec=70260   simsec/sec=0.282661   ev/simsec=248566
     Messages:  created: 23082021   present: 3539   in FES: 138
** Event #17076480   t=251.444442595363   Elapsed: 318.58s (5m 18s)  50% completed  (25% total)
     Speed:     ev/sec=70126.2   simsec/sec=0.212463   ev/simsec=330062
     Messages:  created: 23276751   present: 3668   in FES: 170
** Event #17207552   t=251.808290319834   Elapsed: 320.58s (5m 20s)  50% completed  (25% total)
     Speed:     ev/sec=65521.2   simsec/sec=0.181883   ev/simsec=360239
     Messages:  created: 23459045   present: 3639   in FES: 166
** Event #17347840   t=252.322620700449   Elapsed: 322.582s (5m 22s)  50% completed  (25% total)
     Speed:     ev/sec=70068.2   simsec/sec=0.256887   ev/simsec=272759
     Messages:  created: 23653346   present: 3776   in FES: 187
** Event #17488640   t=252.917173919787   Elapsed: 324.583s (5m 24s)  50% completed  (25% total)
     Speed:     ev/sec=70382.4   simsec/sec=0.297202   ev/simsec=236816
     Messages:  created: 23847336   present: 3215   in FES: 161
** Event #17627904   t=253.251566883005   Elapsed: 326.671s (5m 26s)  50% completed  (25% total)
     Speed:     ev/sec=66685.9   simsec/sec=0.160123   ev/simsec=416468
     Messages:  created: 24039338   present: 3162   in FES: 158
** Event #17765120   t=253.621793144044   Elapsed: 328.675s (5m 28s)  50% completed  (25% total)
     Speed:     ev/sec=68488.7   simsec/sec=0.184791   ev/simsec=370627
     Messages:  created: 24229998   present: 3261   in FES: 169
** Event #17887488   t=254.031881940774   Elapsed: 330.677s (5m 30s)  50% completed  (25% total)
     Speed:     ev/sec=61115.6   simsec/sec=0.204815   ev/simsec=298394
     Messages:  created: 24399953   present: 3147   in FES: 148
** Event #18013184   t=254.396888041145   Elapsed: 332.678s (5m 32s)  50% completed  (25% total)
     Speed:     ev/sec=62806.9   simsec/sec=0.182384   ev/simsec=344367
     Messages:  created: 24574270   present: 3089   in FES: 145
** Event #18128640   t=254.77841105216   Elapsed: 334.681s (5m 34s)  50% completed  (25% total)
     Speed:     ev/sec=57648.2   simsec/sec=0.190498   ev/simsec=302619
     Messages:  created: 24734784   present: 3241   in FES: 161
** Event #18260480   t=255.206283674712   Elapsed: 336.682s (5m 36s)  51% completed  (25% total)
     Speed:     ev/sec=65868.4   simsec/sec=0.213769   ev/simsec=308129
     Messages:  created: 24917483   present: 3146   in FES: 154
** Event #18408448   t=255.771554524285   Elapsed: 338.686s (5m 38s)  51% completed  (25% total)
     Speed:     ev/sec=73864.6   simsec/sec=0.282179   ev/simsec=261765
     Messages:  created: 25122759   present: 3289   in FES: 178
** Event #18546944   t=256.280448024596   Elapsed: 340.695s (5m 40s)  51% completed  (25% total)
     Speed:     ev/sec=68936.2   simsec/sec=0.253301   ev/simsec=272151
     Messages:  created: 25314524   present: 3359   in FES: 199
** Event #18692864   t=256.788263212203   Elapsed: 342.695s (5m 42s)  51% completed  (25% total)
     Speed:     ev/sec=72956.2   simsec/sec=0.253894   ev/simsec=287349
     Messages:  created: 25517554   present: 3372   in FES: 194
** Event #18839552   t=257.246092776212   Elapsed: 344.697s (5m 44s)  51% completed  (25% total)
     Speed:     ev/sec=73263.2   simsec/sec=0.228662   ev/simsec=320399
     Messages:  created: 25721353   present: 3122   in FES: 140
** Event #18981120   t=257.649916108696   Elapsed: 346.747s (5m 46s)  51% completed  (25% total)
     Speed:     ev/sec=69069.8   simsec/sec=0.197022   ev/simsec=350569
     Messages:  created: 25918509   present: 3157   in FES: 128
** Event #19125760   t=258.081243254292   Elapsed: 348.75s (5m 48s)  51% completed  (25% total)
     Speed:     ev/sec=72196.2   simsec/sec=0.215294   ev/simsec=335337
     Messages:  created: 26120102   present: 3298   in FES: 156
** Event #19272704   t=258.529091950816   Elapsed: 350.752s (5m 50s)  51% completed  (25% total)
     Speed:     ev/sec=73386.3   simsec/sec=0.223663   ev/simsec=328111
     Messages:  created: 26324608   present: 3326   in FES: 162
** Event #19409152   t=258.899711767924   Elapsed: 352.754s (5m 52s)  51% completed  (25% total)
     Speed:     ev/sec=68166.9   simsec/sec=0.185155   ev/simsec=368162
     Messages:  created: 26515299   present: 3401   in FES: 197
** Event #19553536   t=259.402325285997   Elapsed: 354.754s (5m 54s)  51% completed  (25% total)
     Speed:     ev/sec=72182.1   simsec/sec=0.251272   ev/simsec=287266
     Messages:  created: 26715520   present: 3251   in FES: 156
** Event #19685120   t=259.918254102711   Elapsed: 356.757s (5m 56s)  51% completed  (25% total)
     Speed:     ev/sec=65700.4   simsec/sec=0.257605   ev/simsec=255043
     Messages:  created: 26897751   present: 3230   in FES: 155
** Event #19814912   t=260.187071329439   Elapsed: 358.761s (5m 58s)  52% completed  (26% total)
     Speed:     ev/sec=64788   simsec/sec=0.134185   ev/simsec=482826
     Messages:  created: 27077787   present: 3315   in FES: 149
** Event #19938816   t=260.583612599233   Elapsed: 360.762s (6m 00s)  52% completed  (26% total)
     Speed:     ev/sec=61895.7   simsec/sec=0.19809   ev/simsec=312462
     Messages:  created: 27249950   present: 3354   in FES: 165
** Event #20086272   t=261.106128215118   Elapsed: 362.763s (6m 02s)  52% completed  (26% total)
     Speed:     ev/sec=73687.6   simsec/sec=0.261115   ev/simsec=282204
     Messages:  created: 27453918   present: 3353   in FES: 166
** Event #20238080   t=261.797787875848   Elapsed: 364.764s (6m 04s)  52% completed  (26% total)
     Speed:     ev/sec=75874.1   simsec/sec=0.345693   ev/simsec=219484
     Messages:  created: 27664176   present: 3370   in FES: 163
** Event #20380672   t=262.342272713118   Elapsed: 366.768s (6m 06s)  52% completed  (26% total)
     Speed:     ev/sec=71180.4   simsec/sec=0.271801   ev/simsec=261884
     Messages:  created: 27861073   present: 3348   in FES: 156
** Event #20534272   t=263.193940806746   Elapsed: 368.769s (6m 08s)  52% completed  (26% total)
     Speed:     ev/sec=76748.8   simsec/sec=0.42555   ev/simsec=180352
     Messages:  created: 28072856   present: 3345   in FES: 155
** Event #20689152   t=263.971727602778   Elapsed: 370.77s (6m 10s)  52% completed  (26% total)
     Speed:     ev/sec=77397.5   simsec/sec=0.38868   ev/simsec=199129
     Messages:  created: 28287165   present: 3342   in FES: 126
** Event #20832000   t=264.591006881254   Elapsed: 372.771s (6m 12s)  52% completed  (26% total)
     Speed:     ev/sec=71396.6   simsec/sec=0.309521   ev/simsec=230668
     Messages:  created: 28484184   present: 3573   in FES: 188
** Event #20984320   t=265.318358697719   Elapsed: 374.771s (6m 14s)  53% completed  (26% total)
     Speed:     ev/sec=76144.4   simsec/sec=0.363602   ev/simsec=209417
     Messages:  created: 28694112   present: 3449   in FES: 151
** Event #21135872   t=266.029097847922   Elapsed: 376.773s (6m 16s)  53% completed  (26% total)
     Speed:     ev/sec=75710.9   simsec/sec=0.355064   ev/simsec=213232
     Messages:  created: 28904139   present: 3564   in FES: 164
** Event #21279232   t=266.748744448123   Elapsed: 378.774s (6m 18s)  53% completed  (26% total)
     Speed:     ev/sec=71625   simsec/sec=0.359547   ev/simsec=199209
     Messages:  created: 29101918   present: 3461   in FES: 165
** Event #21430016   t=267.384066722754   Elapsed: 380.777s (6m 20s)  53% completed  (26% total)
     Speed:     ev/sec=75286.6   simsec/sec=0.317217   ev/simsec=237335
     Messages:  created: 29309562   present: 3556   in FES: 163
** Event #21582336   t=267.96289873118   Elapsed: 382.78s (6m 22s)  53% completed  (26% total)
     Speed:     ev/sec=76038.1   simsec/sec=0.288953   ev/simsec=263151
     Messages:  created: 29520216   present: 3683   in FES: 156
** Event #21725184   t=268.459279617479   Elapsed: 384.782s (6m 24s)  53% completed  (26% total)
     Speed:     ev/sec=71349.8   simsec/sec=0.247933   ev/simsec=287779
     Messages:  created: 29717633   present: 3616   in FES: 157
** Event #21876992   t=269.004819127562   Elapsed: 386.785s (6m 26s)  53% completed  (26% total)
     Speed:     ev/sec=75810.4   simsec/sec=0.272433   ev/simsec=278271
     Messages:  created: 29927932   present: 3657   in FES: 161
** Event #22028032   t=269.570138410188   Elapsed: 388.786s (6m 28s)  53% completed  (26% total)
     Speed:     ev/sec=75478.3   simsec/sec=0.282503   ev/simsec=267176
     Messages:  created: 30136249   present: 3613   in FES: 155
** Event #22169856   t=270.060549644421   Elapsed: 390.787s (6m 30s)  54% completed  (27% total)
     Speed:     ev/sec=70866.2   simsec/sec=0.245047   ev/simsec=289194
     Messages:  created: 30332655   present: 3739   in FES: 169
** Event #22319360   t=270.587280931407   Elapsed: 392.789s (6m 32s)  54% completed  (27% total)
     Speed:     ev/sec=74685.3   simsec/sec=0.263131   ev/simsec=283834
     Messages:  created: 30539444   present: 3498   in FES: 147
** Event #22468608   t=271.020034418807   Elapsed: 394.792s (6m 34s)  54% completed  (27% total)
     Speed:     ev/sec=74534.1   simsec/sec=0.216116   ev/simsec=344880
     Messages:  created: 30746679   present: 3435   in FES: 139
** Event #22613248   t=271.815289170927   Elapsed: 396.793s (6m 36s)  54% completed  (27% total)
     Speed:     ev/sec=72283.7   simsec/sec=0.397428   ev/simsec=181879
     Messages:  created: 30945704   present: 3492   in FES: 164
** Event #22762752   t=272.308695029515   Elapsed: 398.795s (6m 38s)  54% completed  (27% total)
     Speed:     ev/sec=74644.7   simsec/sec=0.246349   ev/simsec=303004
     Messages:  created: 31152603   present: 3571   in FES: 175
** Event #22911232   t=272.793414564985   Elapsed: 400.796s (6m 40s)  54% completed  (27% total)
     Speed:     ev/sec=74232.7   simsec/sec=0.242336   ev/simsec=306321
     Messages:  created: 31358695   present: 3569   in FES: 160
** Event #23050752   t=273.263387612248   Elapsed: 402.796s (6m 42s)  54% completed  (27% total)
     Speed:     ev/sec=69730.6   simsec/sec=0.234887   ev/simsec=296868
     Messages:  created: 31551796   present: 3657   in FES: 186
** Event #23200768   t=273.755429800264   Elapsed: 404.8s (6m 44s)  54% completed  (27% total)
     Speed:     ev/sec=74883   simsec/sec=0.245611   ev/simsec=304884
     Messages:  created: 31759925   present: 3603   in FES: 181
** Event #23340544   t=274.128535203346   Elapsed: 406.803s (6m 46s)  54% completed  (27% total)
     Speed:     ev/sec=69779.7   simsec/sec=0.186264   ev/simsec=374629
     Messages:  created: 31953656   present: 3453   in FES: 132
** Event #23490048   t=274.590328156179   Elapsed: 408.805s (6m 48s)  54% completed  (27% total)
     Speed:     ev/sec=74690.3   simsec/sec=0.230706   ev/simsec=323747
     Messages:  created: 32161476   present: 3529   in FES: 162
** Event #23639808   t=275.056141583825   Elapsed: 410.807s (6m 50s)  55% completed  (27% total)
     Speed:     ev/sec=74784.1   simsec/sec=0.232609   ev/simsec=321502
     Messages:  created: 32369298   present: 3626   in FES: 172
** Event #23781376   t=275.447488931901   Elapsed: 412.81s (6m 52s)  55% completed  (27% total)
     Speed:     ev/sec=70672.7   simsec/sec=0.195366   ev/simsec=361745
     Messages:  created: 32565758   present: 3531   in FES: 149
** Event #23930112   t=275.855841057735   Elapsed: 414.812s (6m 54s)  55% completed  (27% total)
     Speed:     ev/sec=74296.5   simsec/sec=0.20398   ev/simsec=364235
     Messages:  created: 32772656   present: 3588   in FES: 155
** Event #24074496   t=276.297648260945   Elapsed: 416.812s (6m 56s)  55% completed  (27% total)
     Speed:     ev/sec=72181.4   simsec/sec=0.220871   ev/simsec=326803
     Messages:  created: 32972629   present: 3603   in FES: 159
** Event #24215808   t=276.750306315631   Elapsed: 418.814s (6m 58s)  55% completed  (27% total)
     Speed:     ev/sec=70603.9   simsec/sec=0.226162   ev/simsec=312183
     Messages:  created: 33168869   present: 3569   in FES: 164
** Event #24364800   t=277.197842832913   Elapsed: 420.816s (7m 00s)  55% completed  (27% total)
     Speed:     ev/sec=74433.6   simsec/sec=0.223581   ev/simsec=332916
     Messages:  created: 33375378   present: 3634   in FES: 173
** Event #24513280   t=277.594635161393   Elapsed: 422.819s (7m 02s)  55% completed  (27% total)
     Speed:     ev/sec=74128   simsec/sec=0.198097   ev/simsec=374201
     Messages:  created: 33581571   present: 3727   in FES: 194
** Event #24653568   t=278.006212922453   Elapsed: 424.819s (7m 04s)  55% completed  (27% total)
     Speed:     ev/sec=70131.4   simsec/sec=0.205752   ev/simsec=340854
     Messages:  created: 33776330   present: 3600   in FES: 139
** Event #24802304   t=278.448709474593   Elapsed: 426.822s (7m 06s)  55% completed  (27% total)
     Speed:     ev/sec=74274.2   simsec/sec=0.220969   ev/simsec=336129
     Messages:  created: 33982607   present: 3711   in FES: 193
** Event #24952320   t=278.860813148829   Elapsed: 428.824s (7m 08s)  55% completed  (27% total)
     Speed:     ev/sec=74927   simsec/sec=0.205829   ev/simsec=364025
     Messages:  created: 34191252   present: 3653   in FES: 155
** Event #25093632   t=279.258827200895   Elapsed: 430.824s (7m 10s)  55% completed  (27% total)
     Speed:     ev/sec=70639.6   simsec/sec=0.198961   ev/simsec=355043
     Messages:  created: 34387170   present: 3771   in FES: 191
** Event #25242624   t=279.684382320689   Elapsed: 432.825s (7m 12s)  55% completed  (27% total)
     Speed:     ev/sec=74460.3   simsec/sec=0.212676   ev/simsec=350112
     Messages:  created: 34594355   present: 3651   in FES: 156
** Event #25392640   t=280.088707752124   Elapsed: 434.828s (7m 14s)  56% completed  (28% total)
     Speed:     ev/sec=74899.5   simsec/sec=0.20187   ev/simsec=371028
     Messages:  created: 34802475   present: 3657   in FES: 162
** Event #25531904   t=280.439057563649   Elapsed: 436.831s (7m 16s)  56% completed  (28% total)
     Speed:     ev/sec=69528.2   simsec/sec=0.174914   ev/simsec=397500
     Messages:  created: 34996527   present: 3604   in FES: 160
** Event #25679104   t=280.795301863869   Elapsed: 438.831s (7m 18s)  56% completed  (28% total)
     Speed:     ev/sec=73581.8   simsec/sec=0.178078   ev/simsec=413200
     Messages:  created: 35201884   present: 3751   in FES: 174
** Event #25826560   t=281.147845456829   Elapsed: 440.834s (7m 20s)  56% completed  (28% total)
     Speed:     ev/sec=73639.2   simsec/sec=0.17606   ev/simsec=418263
     Messages:  created: 35406805   present: 3946   in FES: 221
** Event #25965824   t=281.472477589365   Elapsed: 442.835s (7m 22s)  56% completed  (28% total)
     Speed:     ev/sec=69594   simsec/sec=0.162227   ev/simsec=428990
     Messages:  created: 35600896   present: 3723   in FES: 155
** Event #26115840   t=281.853094976459   Elapsed: 444.836s (7m 24s)  56% completed  (28% total)
     Speed:     ev/sec=74986.1   simsec/sec=0.190253   ev/simsec=394139
     Messages:  created: 35809979   present: 3815   in FES: 179
** Event #26264832   t=282.296285386115   Elapsed: 446.837s (7m 26s)  56% completed  (28% total)
     Speed:     ev/sec=74447.7   simsec/sec=0.221452   ev/simsec=336181
     Messages:  created: 36016750   present: 3666   in FES: 154
** Event #26407936   t=282.714180371947   Elapsed: 448.839s (7m 28s)  56% completed  (28% total)
     Speed:     ev/sec=71462.9   simsec/sec=0.208687   ev/simsec=342440
     Messages:  created: 36215940   present: 3953   in FES: 219
** Event #26558464   t=283.108733345993   Elapsed: 450.843s (7m 30s)  56% completed  (28% total)
     Speed:     ev/sec=75146.2   simsec/sec=0.196968   ev/simsec=381515
     Messages:  created: 36424737   present: 3727   in FES: 152
** Event #26710016   t=283.596678535068   Elapsed: 452.843s (7m 32s)  56% completed  (28% total)
     Speed:     ev/sec=75759.7   simsec/sec=0.24392   ev/simsec=310592
     Messages:  created: 36635373   present: 3786   in FES: 157
** Event #26853632   t=284.050760766727   Elapsed: 454.845s (7m 34s)  56% completed  (28% total)
     Speed:     ev/sec=71724.5   simsec/sec=0.226777   ev/simsec=316278
     Messages:  created: 36834634   present: 3925   in FES: 190
** Event #27005952   t=284.419892484434   Elapsed: 456.846s (7m 36s)  56% completed  (28% total)
     Speed:     ev/sec=76119   simsec/sec=0.184466   ev/simsec=412644
     Messages:  created: 37045715   present: 3762   in FES: 157
** Event #27156224   t=284.78082424806   Elapsed: 458.848s (7m 38s)  56% completed  (28% total)
     Speed:     ev/sec=75059   simsec/sec=0.180281   ev/simsec=416345
     Messages:  created: 37254583   present: 3849   in FES: 169
** Event #27297280   t=285.107497559946   Elapsed: 460.849s (7m 40s)  57% completed  (28% total)
     Speed:     ev/sec=70501.5   simsec/sec=0.163275   ev/simsec=431795
     Messages:  created: 37450072   present: 3769   in FES: 136
** Event #27447296   t=285.518438968478   Elapsed: 462.852s (7m 42s)  57% completed  (28% total)
     Speed:     ev/sec=74889.3   simsec/sec=0.205146   ev/simsec=365054
     Messages:  created: 37658583   present: 3845   in FES: 166
** Event #27597824   t=285.897281481059   Elapsed: 464.855s (7m 44s)  57% completed  (28% total)
     Speed:     ev/sec=75180.8   simsec/sec=0.189212   ev/simsec=397337
     Messages:  created: 37867984   present: 3911   in FES: 189
** Event #27740160   t=286.264808936234   Elapsed: 466.858s (7m 46s)  57% completed  (28% total)
     Speed:     ev/sec=71055.5   simsec/sec=0.183473   ev/simsec=387280
     Messages:  created: 38064951   present: 3875   in FES: 177
** Event #27891968   t=286.752278719788   Elapsed: 468.861s (7m 48s)  57% completed  (28% total)
     Speed:     ev/sec=75789.5   simsec/sec=0.243367   ev/simsec=311420
     Messages:  created: 38275121   present: 3788   in FES: 194
** Event #28041728   t=287.128299922378   Elapsed: 470.863s (7m 50s)  57% completed  (28% total)
     Speed:     ev/sec=74791.1   simsec/sec=0.187788   ev/simsec=398275
     Messages:  created: 38482565   present: 3664   in FES: 143
** Event #28183040   t=287.591583627021   Elapsed: 472.864s (7m 52s)  57% completed  (28% total)
     Speed:     ev/sec=70640.5   simsec/sec=0.231591   ev/simsec=305023
     Messages:  created: 38678821   present: 3712   in FES: 162
** Event #28332800   t=288.089710987158   Elapsed: 474.865s (7m 54s)  57% completed  (28% total)
     Speed:     ev/sec=74835.4   simsec/sec=0.248915   ev/simsec=300646
     Messages:  created: 38886483   present: 3676   in FES: 134
** Event #28482560   t=288.59778659011   Elapsed: 476.867s (7m 56s)  57% completed  (28% total)
     Speed:     ev/sec=74780.3   simsec/sec=0.2537   ev/simsec=294759
     Messages:  created: 39094585   present: 3811   in FES: 166
** Event #28625408   t=289.103586524734   Elapsed: 478.868s (7m 58s)  57% completed  (28% total)
     Speed:     ev/sec=71396.2   simsec/sec=0.252802   ev/simsec=282420
     Messages:  created: 39292620   present: 3918   in FES: 195
** Event #28776448   t=289.703910865284   Elapsed: 480.869s (8m 00s)  57% completed  (28% total)
     Speed:     ev/sec=75479.5   simsec/sec=0.300001   ev/simsec=251597
     Messages:  created: 39502500   present: 3725   in FES: 160
** Event #28927744   t=290.27989525374   Elapsed: 482.872s (8m 02s)  58% completed  (29% total)
     Speed:     ev/sec=75550   simsec/sec=0.287619   ev/simsec=262674
     Messages:  created: 39712494   present: 4008   in FES: 202
** Event #29069824   t=290.768745005393   Elapsed: 484.874s (8m 04s)  58% completed  (29% total)
     Speed:     ev/sec=70975.7   simsec/sec=0.244204   ev/simsec=290641
     Messages:  created: 39910078   present: 3814   in FES: 165
** Event #29218816   t=291.261843118551   Elapsed: 486.874s (8m 06s)  58% completed  (29% total)
     Speed:     ev/sec=74474.3   simsec/sec=0.246477   ev/simsec=302155
     Messages:  created: 40115655   present: 3518   in FES: 159
** Event #29366528   t=291.603009059814   Elapsed: 488.877s (8m 08s)  58% completed  (29% total)
     Speed:     ev/sec=73754.8   simsec/sec=0.170349   ev/simsec=432962
     Messages:  created: 40321312   present: 3636   in FES: 174
** Event #29505280   t=291.918250326941   Elapsed: 490.878s (8m 10s)  58% completed  (29% total)
     Speed:     ev/sec=69331.2   simsec/sec=0.157519   ev/simsec=440145
     Messages:  created: 40515273   present: 3532   in FES: 156
** Event #29651712   t=292.255656069704   Elapsed: 492.879s (8m 12s)  58% completed  (29% total)
     Speed:     ev/sec=73190.3   simsec/sec=0.168644   ev/simsec=433994
     Messages:  created: 40719708   present: 3553   in FES: 162
** Event #29789696   t=292.52908167483   Elapsed: 494.879s (8m 14s)  58% completed  (29% total)
     Speed:     ev/sec=68980.3   simsec/sec=0.13669   ev/simsec=504649
     Messages:  created: 40912683   present: 3620   in FES: 163
** Event #29935360   t=292.830422539914   Elapsed: 496.882s (8m 16s)  58% completed  (29% total)
     Speed:     ev/sec=72725.4   simsec/sec=0.15045   ev/simsec=483386
     Messages:  created: 41116199   present: 3482   in FES: 163
** Event #30081536   t=293.179380200342   Elapsed: 498.883s (8m 18s)  58% completed  (29% total)
     Speed:     ev/sec=73075.6   simsec/sec=0.174449   ev/simsec=418893
     Messages:  created: 41319533   present: 3479   in FES: 159
** Event #30220544   t=293.525558906003   Elapsed: 500.883s (8m 20s)  58% completed  (29% total)
     Speed:     ev/sec=69499.2   simsec/sec=0.173077   ev/simsec=401550
     Messages:  created: 41513250   present: 3538   in FES: 174
** Event #30368000   t=293.8562081239   Elapsed: 502.883s (8m 22s)  58% completed  (29% total)
     Speed:     ev/sec=73719.4   simsec/sec=0.165305   ev/simsec=445959
     Messages:  created: 41718665   present: 3509   in FES: 168
** Event #30514944   t=294.206007731867   Elapsed: 504.884s (8m 24s)  58% completed  (29% total)
     Speed:     ev/sec=73451.3   simsec/sec=0.17485   ev/simsec=420081
     Messages:  created: 41922493   present: 3485   in FES: 173
** Event #30653952   t=294.520894068705   Elapsed: 506.884s (8m 26s)  58% completed  (29% total)
     Speed:     ev/sec=69470.6   simsec/sec=0.157367   ev/simsec=441455
     Messages:  created: 42115976   present: 3613   in FES: 197
** Event #30801408   t=294.846421708285   Elapsed: 508.886s (8m 28s)  58% completed  (29% total)
     Speed:     ev/sec=73675.5   simsec/sec=0.162648   ev/simsec=452975
     Messages:  created: 42321040   present: 3561   in FES: 174
** Event #30944256   t=295.142151588767   Elapsed: 510.965s (8m 30s)  59% completed  (29% total)
     Speed:     ev/sec=68696.4   simsec/sec=0.142218   ev/simsec=483035
     Messages:  created: 42519100   present: 3636   in FES: 198
** Event #31093504   t=295.776569293495   Elapsed: 512.966s (8m 32s)  59% completed  (29% total)
     Speed:     ev/sec=74597.7   simsec/sec=0.317097   ev/simsec=235252
     Messages:  created: 42726025   present: 3590   in FES: 196
** Event #31243520   t=296.378275780734   Elapsed: 514.968s (8m 34s)  59% completed  (29% total)
     Speed:     ev/sec=74929.5   simsec/sec=0.300538   ev/simsec=249318
     Messages:  created: 42932042   present: 3024   in FES: 155
** Event #31385600   t=296.891917141914   Elapsed: 516.971s (8m 36s)  59% completed  (29% total)
     Speed:     ev/sec=70930.6   simsec/sec=0.256425   ev/simsec=276613
     Messages:  created: 43129187   present: 3007   in FES: 166
** Event #31536896   t=297.527316407022   Elapsed: 518.973s (8m 38s)  59% completed  (29% total)
     Speed:     ev/sec=75571.8   simsec/sec=0.31738   ev/simsec=238112
     Messages:  created: 43338142   present: 3168   in FES: 178
** Event #31687936   t=297.961125169735   Elapsed: 520.974s (8m 40s)  59% completed  (29% total)
     Speed:     ev/sec=75508.4   simsec/sec=0.216871   ev/simsec=348172
     Messages:  created: 43547124   present: 3069   in FES: 191
** Event #31828736   t=298.718855255952   Elapsed: 522.976s (8m 42s)  59% completed  (29% total)
     Speed:     ev/sec=70298.8   simsec/sec=0.37832   ev/simsec=185818
     Messages:  created: 43740782   present: 2977   in FES: 158
** Event #31978752   t=299.597415092825   Elapsed: 524.978s (8m 44s)  59% completed  (29% total)
     Speed:     ev/sec=74941   simsec/sec=0.438887   ev/simsec=170752
     Messages:  created: 43947517   present: 2968   in FES: 149
** Event #32129024   t=300.460960450922   Elapsed: 526.981s (8m 46s)  60% completed  (30% total)
     Speed:     ev/sec=75014.6   simsec/sec=0.431075   ev/simsec=174017
     Messages:  created: 44154092   present: 3094   in FES: 187
** Event #32270592   t=301.131312467421   Elapsed: 528.983s (8m 48s)  60% completed  (30% total)
     Speed:     ev/sec=70731.8   simsec/sec=0.334929   ev/simsec=211185
     Messages:  created: 44349157   present: 2998   in FES: 145
** Event #32420352   t=301.610237105342   Elapsed: 530.983s (8m 50s)  60% completed  (30% total)
     Speed:     ev/sec=74879.1   simsec/sec=0.23946   ev/simsec=312701
     Messages:  created: 44556784   present: 3054   in FES: 162
** Event #32568320   t=302.068801830222   Elapsed: 532.983s (8m 52s)  60% completed  (30% total)
     Speed:     ev/sec=73964.2   simsec/sec=0.229221   ev/simsec=322676
     Messages:  created: 44761676   present: 3038   in FES: 149
** Event #32711936   t=302.89367289183   Elapsed: 534.985s (8m 54s)  60% completed  (30% total)
     Speed:     ev/sec=71751.4   simsec/sec=0.412111   ev/simsec=174107
     Messages:  created: 44959991   present: 3173   in FES: 185
** Event #32864512   t=303.813190071044   Elapsed: 536.988s (8m 56s)  60% completed  (30% total)
     Speed:     ev/sec=76178.5   simsec/sec=0.459098   ev/simsec=165931
     Messages:  created: 45169848   present: 2941   in FES: 124
** Event #33017856   t=304.770585716268   Elapsed: 538.989s (8m 58s)  60% completed  (30% total)
     Speed:     ev/sec=76632.8   simsec/sec=0.478453   ev/simsec=160168
     Messages:  created: 45381033   present: 3154   in FES: 160
** Event #33161728   t=305.543468094299   Elapsed: 540.99s (9m 00s)  61% completed  (30% total)
     Speed:     ev/sec=71911.6   simsec/sec=0.38631   ev/simsec=186150
     Messages:  created: 45578988   present: 3063   in FES: 132
** Event #33313536   t=306.516371457854   Elapsed: 542.99s (9m 02s)  61% completed  (30% total)
     Speed:     ev/sec=75892.5   simsec/sec=0.486378   ev/simsec=156036
     Messages:  created: 45788227   present: 3176   in FES: 159
** Event #33457920   t=307.388553900077   Elapsed: 544.991s (9m 04s)  61% completed  (30% total)
     Speed:     ev/sec=72141.2   simsec/sec=0.435785   ev/simsec=165543
     Messages:  created: 45986865   present: 3123   in FES: 145
** Event #33610752   t=308.291196384191   Elapsed: 546.994s (9m 06s)  61% completed  (30% total)
     Speed:     ev/sec=76308.8   simsec/sec=0.450688   ev/simsec=169316
     Messages:  created: 46197351   present: 3143   in FES: 128
** Event #33763072   t=309.26387556854   Elapsed: 548.997s (9m 08s)  61% completed  (30% total)
     Speed:     ev/sec=76040.2   simsec/sec=0.485575   ev/simsec=156598
     Messages:  created: 46406848   present: 3170   in FES: 131
** Event #33887744   t=310.019331408886   Elapsed: 550.998s (9m 10s)  62% completed  (31% total)
     Speed:     ev/sec=62322.1   simsec/sec=0.377644   ev/simsec=165029
     Messages:  created: 46578745   present: 3229   in FES: 142
** Event #34028800   t=310.842734532821   Elapsed: 553.001s (9m 13s)  62% completed  (31% total)
     Speed:     ev/sec=70427.4   simsec/sec=0.411114   ev/simsec=171309
     Messages:  created: 46772652   present: 3160   in FES: 133
** Event #34172416   t=311.462783133177   Elapsed: 555.001s (9m 15s)  62% completed  (31% total)
     Speed:     ev/sec=71777.5   simsec/sec=0.309892   ev/simsec=231621
     Messages:  created: 46970585   present: 3338   in FES: 163
** Event #34307840   t=311.825389667104   Elapsed: 557.002s (9m 17s)  62% completed  (31% total)
     Speed:     ev/sec=67697.5   simsec/sec=0.181264   ev/simsec=373474
     Messages:  created: 47158585   present: 3302   in FES: 156
** Event #34455040   t=312.30295398656   Elapsed: 559.002s (9m 19s)  62% completed  (31% total)
     Speed:     ev/sec=73577.7   simsec/sec=0.23871   ev/simsec=308231
     Messages:  created: 47362396   present: 3466   in FES: 192
** Event #34602240   t=312.817759973949   Elapsed: 561.005s (9m 21s)  62% completed  (31% total)
     Speed:     ev/sec=73523.7   simsec/sec=0.257136   ev/simsec=285933
     Messages:  created: 47566660   present: 3321   in FES: 154
** Event #34737408   t=313.28766614554   Elapsed: 563.007s (9m 23s)  62% completed  (31% total)
     Speed:     ev/sec=67509.8   simsec/sec=0.234695   ev/simsec=287649
     Messages:  created: 47753710   present: 3468   in FES: 190
** Event #34884608   t=313.782768121849   Elapsed: 565.01s (9m 25s)  62% completed  (31% total)
     Speed:     ev/sec=73488.8   simsec/sec=0.247177   ev/simsec=297312
     Messages:  created: 47958083   present: 3392   in FES: 162
** Event #35030528   t=314.280320972831   Elapsed: 567.011s (9m 27s)  62% completed  (31% total)
     Speed:     ev/sec=72922.2   simsec/sec=0.248648   ev/simsec=293275
     Messages:  created: 48159702   present: 3353   in FES: 133
** Event #35167232   t=314.809757837493   Elapsed: 569.014s (9m 29s)  62% completed  (31% total)
     Speed:     ev/sec=68240.9   simsec/sec=0.264288   ev/simsec=258206
     Messages:  created: 48349335   present: 3358   in FES: 165
** Event #35316224   t=315.503459445402   Elapsed: 571.016s (9m 31s)  63% completed  (31% total)
     Speed:     ev/sec=74442.5   simsec/sec=0.346602   ev/simsec=214778
     Messages:  created: 48554627   present: 3323   in FES: 144
** Event #35463936   t=316.036978550994   Elapsed: 573.017s (9m 33s)  63% completed  (31% total)
     Speed:     ev/sec=73799.7   simsec/sec=0.266556   ev/simsec=276864
     Messages:  created: 48759025   present: 3474   in FES: 161
** Event #35602944   t=316.603722101   Elapsed: 575.02s (9m 35s)  63% completed  (31% total)
     Speed:     ev/sec=69386   simsec/sec=0.282891   ev/simsec=245275
     Messages:  created: 48950907   present: 3391   in FES: 154
** Event #35749632   t=317.218751452904   Elapsed: 577.023s (9m 37s)  63% completed  (31% total)
     Speed:     ev/sec=73252.6   simsec/sec=0.307131   ev/simsec=238506
     Messages:  created: 49153529   present: 3452   in FES: 155
** Event #35899136   t=317.784638946985   Elapsed: 579.023s (9m 39s)  63% completed  (31% total)
     Speed:     ev/sec=74740.8   simsec/sec=0.282901   ev/simsec=264194
     Messages:  created: 49360802   present: 3530   in FES: 171
** Event #36038656   t=318.294591678888   Elapsed: 581.024s (9m 41s)  63% completed  (31% total)
     Speed:     ev/sec=69735   simsec/sec=0.254885   ev/simsec=273594
     Messages:  created: 49553512   present: 3635   in FES: 195
** Event #36190208   t=318.748600398945   Elapsed: 583.026s (9m 43s)  63% completed  (31% total)
     Speed:     ev/sec=75715.4   simsec/sec=0.226823   ev/simsec=333809
     Messages:  created: 49762726   present: 3165   in FES: 187
** Event #36340224   t=319.099630511388   Elapsed: 585.027s (9m 45s)  63% completed  (31% total)
     Speed:     ev/sec=74957.5   simsec/sec=0.175397   ev/simsec=427359
     Messages:  created: 49970378   present: 3138   in FES: 157
** Event #36483328   t=319.443035918258   Elapsed: 587.029s (9m 47s)  63% completed  (31% total)
     Speed:     ev/sec=71473.1   simsec/sec=0.171513   ev/simsec=416720
     Messages:  created: 50169068   present: 3022   in FES: 140
** Event #36634112   t=319.792523963137   Elapsed: 589.029s (9m 49s)  63% completed  (31% total)
     Speed:     ev/sec=75382.9   simsec/sec=0.174723   ev/simsec=431443
     Messages:  created: 50378650   present: 3224   in FES: 187
** Event #36783616   t=320.133364704719   Elapsed: 591.03s (9m 51s)  64% completed  (32% total)
     Speed:     ev/sec=74717.1   simsec/sec=0.170341   ev/simsec=438633
     Messages:  created: 50586071   present: 3173   in FES: 162
** Event #36926464   t=320.512430878235   Elapsed: 593.034s (9m 53s)  64% completed  (32% total)
     Speed:     ev/sec=71308.9   simsec/sec=0.189228   ev/simsec=376842
     Messages:  created: 50784301   present: 3220   in FES: 196
** Event #37079296   t=321.032786996984   Elapsed: 595.036s (9m 55s)  64% completed  (32% total)
     Speed:     ev/sec=76304.6   simsec/sec=0.259799   ev/simsec=293707
     Messages:  created: 50995691   present: 3235   in FES: 192
** Event #37230592   t=321.599906219475   Elapsed: 597.038s (9m 57s)  64% completed  (32% total)
     Speed:     ev/sec=75594   simsec/sec=0.283357   ev/simsec=266780
     Messages:  created: 51203714   present: 3067   in FES: 179
** Event #37373952   t=322.337734086734   Elapsed: 599.04s (9m 59s)  64% completed  (32% total)
     Speed:     ev/sec=71596.3   simsec/sec=0.368483   ev/simsec=194300
     Messages:  created: 51400492   present: 3182   in FES: 191
** Event #37523712   t=322.940086958429   Elapsed: 601.042s (10m 01s)  64% completed  (32% total)
     Speed:     ev/sec=74795   simsec/sec=0.300835   ev/simsec=248625
     Messages:  created: 51606432   present: 3125   in FES: 168
** Event #37664000   t=323.378830514785   Elapsed: 603.045s (10m 03s)  64% completed  (32% total)
     Speed:     ev/sec=70055.9   simsec/sec=0.219096   ev/simsec=319749
     Messages:  created: 51799174   present: 3092   in FES: 161
** Event #37813760   t=323.874956111551   Elapsed: 605.047s (10m 05s)  64% completed  (32% total)
     Speed:     ev/sec=74817.5   simsec/sec=0.247856   ev/simsec=301859
     Messages:  created: 52005986   present: 3072   in FES: 138
