** Event #0   t=0   Elapsed: 1e-05s (0m 00s)  0% completed  (50% total)
     Speed:     ev/sec=0   simsec/sec=0   ev/simsec=0
     Messages:  created: 418   present: 418   in FES: 66
** Event #89856   t=119.06491631267   Elapsed: 2.01s (0m 02s)  23% completed  (61% total)
     Speed:     ev/sec=44705.3   simsec/sec=59.2367   ev/simsec=754.689
     Messages:  created: 76475   present: 1023   in FES: 54
** Event #183296   t=224.121328579262   Elapsed: 4.01019s (0m 04s)  44% completed  (72% total)
     Speed:     ev/sec=46715.5   simsec/sec=52.5231   ev/simsec=889.427
     Messages:  created: 154732   present: 4865   in FES: 51
** Event #275968   t=339.6   Elapsed: 6.01443s (0m 06s)  67% completed  (83% total)
     Speed:     ev/sec=46237.8   simsec/sec=57.617   ev/simsec=802.503
     Messages:  created: 226871   present: 9397   in FES: 42
** Event #340736   t=348.33165642517   Elapsed: 8.0154s (0m 08s)  69% completed  (84% total)
     Speed:     ev/sec=32368.6   simsec/sec=4.36375   ev/simsec=7417.61
     Messages:  created: 294411   present: 6000   in FES: 52
** Event #398848   t=348.722123793629   Elapsed: 10.0207s (0m 10s)  69% completed  (84% total)
     Speed:     ev/sec=28978.9   simsec/sec=0.194716   ev/simsec=148827
     Messages:  created: 363071   present: 4400   in FES: 61
** Event #459008   t=349.147959246101   Elapsed: 12.0321s (0m 12s)  69% completed  (84% total)
     Speed:     ev/sec=29910.3   simsec/sec=0.211716   ev/simsec=141275
     Messages:  created: 436180   present: 3461   in FES: 59
** Event #535296   t=349.744869301819   Elapsed: 14.0347s (0m 14s)  69% completed  (84% total)
     Speed:     ev/sec=38093   simsec/sec=0.298056   ev/simsec=127805
     Messages:  created: 532130   present: 3426   in FES: 56
** Event #600064   t=350.22745757471   Elapsed: 16.1311s (0m 16s)  70% completed  (85% total)
     Speed:     ev/sec=30895.1   simsec/sec=0.2302   ev/simsec=134210
     Messages:  created: 613281   present: 3361   in FES: 57
** Event #663808   t=362.21249259553   Elapsed: 18.133s (0m 18s)  72% completed  (86% total)
     Speed:     ev/sec=31842.6   simsec/sec=5.987   ev/simsec=5318.63
     Messages:  created: 687062   present: 3329   in FES: 44
** Event #732672   t=367.154157330876   Elapsed: 20.1399s (0m 20s)  73% completed  (86% total)
     Speed:     ev/sec=34313   simsec/sec=2.46229   ev/simsec=13935.4
     Messages:  created: 770509   present: 3501   in FES: 56
** Event #797440   t=369.625570347233   Elapsed: 22.1432s (0m 22s)  73% completed  (86% total)
     Speed:     ev/sec=32330.5   simsec/sec=1.23366   ev/simsec=26206.9
     Messages:  created: 850621   present: 3472   in FES: 45
** Event #882944   t=388.372133366424   Elapsed: 24.1476s (0m 24s)  77% completed  (88% total)
     Speed:     ev/sec=42658.3   simsec/sec=9.35273   ev/simsec=4561.05
     Messages:  created: 949156   present: 3795   in FES: 50
** Event #944384   t=408.687061940087   Elapsed: 26.1522s (0m 26s)  81% completed  (90% total)
     Speed:     ev/sec=30649.9   simsec/sec=10.1343   ev/simsec=3024.38
     Messages:  created: 1016527   present: 4191   in FES: 43
** Event #1021952   t=417.136825885162   Elapsed: 28.1565s (0m 28s)  83% completed  (91% total)
     Speed:     ev/sec=38701.4   simsec/sec=4.21589   ev/simsec=9179.9
     Messages:  created: 1109495   present: 4445   in FES: 54
** Event #1089792   t=419.794829193851   Elapsed: 30.1631s (0m 30s)  83% completed  (91% total)
     Speed:     ev/sec=33807.8   simsec/sec=1.32461   ev/simsec=25522.9
     Messages:  created: 1193309   present: 4463   in FES: 55
** Event #1166592   t=422.622665662037   Elapsed: 32.1641s (0m 32s)  84% completed  (92% total)
     Speed:     ev/sec=38381.4   simsec/sec=1.41323   ev/simsec=27158.6
     Messages:  created: 1288145   present: 4524   in FES: 55
** Event #1235200   t=425.296579502337   Elapsed: 34.1705s (0m 34s)  85% completed  (92% total)
     Speed:     ev/sec=34194.3   simsec/sec=1.33268   ev/simsec=25658.3
     Messages:  created: 1373023   present: 4606   in FES: 58
** Event #1303296   t=427.821171458219   Elapsed: 36.1823s (0m 36s)  85% completed  (92% total)
     Speed:     ev/sec=33847.4   simsec/sec=1.25486   ev/simsec=26973.1
     Messages:  created: 1457404   present: 4721   in FES: 56
** Event #1383168   t=448.05738646579   Elapsed: 38.1922s (0m 38s)  89% completed  (94% total)
     Speed:     ev/sec=39739.3   simsec/sec=10.0683   ev/simsec=3946.98
     Messages:  created: 1548852   present: 5255   in FES: 55
** Event #1467392   t=453.04393295438   Elapsed: 40.1971s (0m 40s)  90% completed  (95% total)
     Speed:     ev/sec=42010.5   simsec/sec=2.48726   ev/simsec=16890.2
     Messages:  created: 1651921   present: 5322   in FES: 54
** Event #1545728   t=468.072419519371   Elapsed: 42.2s (0m 42s)  93% completed  (96% total)
     Speed:     ev/sec=39110.4   simsec/sec=7.5032   ev/simsec=5212.5
     Messages:  created: 1743455   present: 5723   in FES: 49
** Event #1625344   t=471.13182302513   Elapsed: 44.2045s (0m 44s)  94% completed  (97% total)
     Speed:     ev/sec=39717.8   simsec/sec=1.52624   ev/simsec=26023.4
     Messages:  created: 1841903   present: 5813   in FES: 57
** Event #1696000   t=473.829114069096   Elapsed: 46.208s (0m 46s)  94% completed  (97% total)
     Speed:     ev/sec=35266.6   simsec/sec=1.3463   ev/simsec=26195.2
     Messages:  created: 1929345   present: 5849   in FES: 47
** Event #1775872   t=476.89188761735   Elapsed: 48.2097s (0m 48s)  95% completed  (97% total)
     Speed:     ev/sec=39903   simsec/sec=1.53012   ev/simsec=26078.3
     Messages:  created: 2028108   present: 2949   in FES: 47
** Event #1852672   t=478.810356082809   Elapsed: 50.2154s (0m 50s)  95% completed  (97% total)
     Speed:     ev/sec=38289.7   simsec/sec=0.956478   ev/simsec=40031.9
     Messages:  created: 2122253   present: 2534   in FES: 57
** Event #1928960   t=481.56246302925   Elapsed: 52.2204s (0m 52s)  96% completed  (98% total)
     Speed:     ev/sec=38050.1   simsec/sec=1.37267   ev/simsec=27719.9
     Messages:  created: 2216619   present: 2588   in FES: 57
** Event #2008832   t=484.388974318413   Elapsed: 54.2212s (0m 54s)  96% completed  (98% total)
     Speed:     ev/sec=39920.5   simsec/sec=1.41271   ev/simsec=28258.2
     Messages:  created: 2315563   present: 2640   in FES: 55
** Event #2087424   t=487.32272608343   Elapsed: 56.2232s (0m 56s)  97% completed  (98% total)
     Speed:     ev/sec=39256.2   simsec/sec=1.46539   ev/simsec=26788.9
     Messages:  created: 2412920   present: 2713   in FES: 54
** Event #2169856   t=490.314919836696   Elapsed: 58.2266s (0m 58s)  98% completed  (99% total)
     Speed:     ev/sec=41146.3   simsec/sec=1.49357   ev/simsec=27549
     Messages:  created: 2515259   present: 2764   in FES: 52
** Event #2252800   t=493.313598034509   Elapsed: 60.2297s (1m 00s)  98% completed  (99% total)
     Speed:     ev/sec=41406.6   simsec/sec=1.49697   ev/simsec=27660.2
     Messages:  created: 2618302   present: 2858   in FES: 53
** Event #2329600   t=496.067680148603   Elapsed: 62.2364s (1m 02s)  99% completed  (99% total)
     Speed:     ev/sec=38271.8   simsec/sec=1.37244   ev/simsec=27885.9
     Messages:  created: 2713679   present: 2920   in FES: 54
** Event #2412288   t=499.06695259763   Elapsed: 64.2386s (1m 04s)  99% completed  (99% total)
     Speed:     ev/sec=41298.4   simsec/sec=1.49798   ev/simsec=27569.4
     Messages:  created: 2816277   present: 2991   in FES: 57
** Event #2436744   t=500   Elapsed: 64.8021s (1m 04s)  100% completed  (100% total)
     Speed:     ev/sec=43402.8   simsec/sec=1.65597   ev/simsec=26209.8
     Messages:  created: 2846561   present: 2910   in FES: 42

<!> Simulation time limit reached -- at t=500s, event #2436744
undisposed object: (omnetpp::cMessage) FanetReconNetwork.groundStation.app.debugTimer -- check module destructor
undisposed object: (omnetpp::cMessage) FanetReconNetwork.uav[0].app.debugTimer -- check module destructor
undisposed object: (omnetpp::cMessage) FanetReconNetwork.uav[1].app.debugTimer -- check module destructor
undisposed object: (omnetpp::cMessage) FanetReconNetwork.uav[2].app.debugTimer -- check module destructor
undisposed object: (omnetpp::cMessage) FanetReconNetwork.uav[3].app.debugTimer -- check module destructor
undisposed object: (omnetpp::cMessage) FanetReconNetwork.uav[4].app.debugTimer -- check module destructor
undisposed object: (omnetpp::cMessage) FanetReconNetwork.uav[5].app.debugTimer -- check module destructor
undisposed object: (omnetpp::cMessage) FanetReconNetwork.uav[6].app.debugTimer -- check module destructor
undisposed object: (omnetpp::cMessage) FanetReconNetwork.uav[7].app.debugTimer -- check module destructor
undisposed object: (omnetpp::cMessage) FanetReconNetwork.uav[8].app.debugTimer -- check module destructor
undisposed object: (omnetpp::cMessage) FanetReconNetwork.uav[9].app.debugTimer -- check module destructor
