** Event #0   t=0   Elapsed: 2.4e-05s (0m 00s)  0% completed  (0% total)
     Speed:     ev/sec=0   simsec/sec=0   ev/simsec=0
     Messages:  created: 1178   present: 1178   in FES: 186
** Event #82432   t=13.095213845233   Elapsed: 2.00251s (0m 02s)  2% completed  (1% total)
     Speed:     ev/sec=41165.4   simsec/sec=6.53948   ev/simsec=6294.9
     Messages:  created: 84461   present: 1194   in FES: 154
** Event #158464   t=24.368654212369   Elapsed: 4.00592s (0m 04s)  4% completed  (2% total)
     Speed:     ev/sec=37951.2   simsec/sec=5.62711   ev/simsec=6744.35
     Messages:  created: 160224   present: 1151   in FES: 134
** Event #214528   t=32.423138314505   Elapsed: 6.01572s (0m 06s)  6% completed  (3% total)
     Speed:     ev/sec=27895.3   simsec/sec=4.00761   ev/simsec=6960.59
     Messages:  created: 215346   present: 1163   in FES: 138
** Event #270080   t=40.4528649688   Elapsed: 8.0232s (0m 08s)  8% completed  (4% total)
     Speed:     ev/sec=27672.4   simsec/sec=3.99988   ev/simsec=6918.29
     Messages:  created: 269119   present: 1117   in FES: 123
** Event #326912   t=49.029776928658   Elapsed: 10.027s (0m 10s)  9% completed  (4% total)
     Speed:     ev/sec=28361.6   simsec/sec=4.28024   ev/simsec=6626.16
     Messages:  created: 324631   present: 1216   in FES: 154
** Event #385024   t=57.142757969818   Elapsed: 12.033s (0m 12s)  11% completed  (5% total)
     Speed:     ev/sec=28969.8   simsec/sec=4.04446   ev/simsec=7162.84
     Messages:  created: 381972   present: 1127   in FES: 126
** Event #439552   t=65.095001126828   Elapsed: 14.0405s (0m 14s)  13% completed  (6% total)
     Speed:     ev/sec=27162   simsec/sec=3.96124   ev/simsec=6856.93
     Messages:  created: 435366   present: 1193   in FES: 148
** Event #494080   t=73.1   Elapsed: 16.0457s (0m 16s)  14% completed  (7% total)
     Speed:     ev/sec=27193.4   simsec/sec=3.99213   ev/simsec=6811.74
     Messages:  created: 489056   present: 1120   in FES: 123
** Event #550144   t=81.433671957258   Elapsed: 18.0496s (0m 18s)  16% completed  (8% total)
     Speed:     ev/sec=27976.9   simsec/sec=4.15865   ev/simsec=6727.41
     Messages:  created: 544821   present: 1196   in FES: 154
** Event #603392   t=89.273231927495   Elapsed: 20.0518s (0m 20s)  17% completed  (8% total)
     Speed:     ev/sec=26595.6   simsec/sec=3.9156   ev/simsec=6792.22
     Messages:  created: 597710   present: 1199   in FES: 154
** Event #656896   t=97.065775875525   Elapsed: 22.0529s (0m 22s)  19% completed  (9% total)
     Speed:     ev/sec=26737.2   simsec/sec=3.89412   ev/simsec=6866.05
     Messages:  created: 649826   present: 1143   in FES: 130
** Event #715264   t=101.001173799152   Elapsed: 24.0564s (0m 24s)  20% completed  (10% total)
     Speed:     ev/sec=29132.7   simsec/sec=1.96424   ev/simsec=14831.5
     Messages:  created: 719094   present: 1234   in FES: 164
** Event #777472   t=102.251653899571   Elapsed: 26.0569s (0m 26s)  20% completed  (10% total)
     Speed:     ev/sec=31096.4   simsec/sec=0.625087   ev/simsec=49747.3
     Messages:  created: 799627   present: 1267   in FES: 163
** Event #834560   t=103.488119009591   Elapsed: 28.0628s (0m 28s)  20% completed  (10% total)
     Speed:     ev/sec=28459.7   simsec/sec=0.616407   ev/simsec=46170.3
     Messages:  created: 873271   present: 1277   in FES: 157
** Event #896512   t=104.85176203135   Elapsed: 30.0686s (0m 30s)  20% completed  (10% total)
     Speed:     ev/sec=30886.5   simsec/sec=0.679851   ev/simsec=45431.2
     Messages:  created: 954068   present: 1320   in FES: 157
** Event #951296   t=106.019750198396   Elapsed: 32.0739s (0m 32s)  21% completed  (10% total)
     Speed:     ev/sec=27319.6   simsec/sec=0.58245   ev/simsec=46904.6
     Messages:  created: 1025080   present: 1367   in FES: 156
** Event #1015296   t=107.316814704782   Elapsed: 34.0779s (0m 34s)  21% completed  (10% total)
     Speed:     ev/sec=31936.1   simsec/sec=0.647237   ev/simsec=49342.2
     Messages:  created: 1107160   present: 1375   in FES: 154
** Event #1079040   t=108.730410598296   Elapsed: 36.082s (0m 36s)  21% completed  (10% total)
     Speed:     ev/sec=31807.7   simsec/sec=0.705371   ev/simsec=45093.5
     Messages:  created: 1190083   present: 1398   in FES: 156
** Event #1142272   t=110.09183693718   Elapsed: 38.083s (0m 38s)  22% completed  (11% total)
     Speed:     ev/sec=31599.2   simsec/sec=0.680351   ev/simsec=46445.4
     Messages:  created: 1271777   present: 1365   in FES: 129
** Event #1201152   t=111.350646845549   Elapsed: 40.2804s (0m 40s)  22% completed  (11% total)
     Speed:     ev/sec=26795.9   simsec/sec=0.572876   ev/simsec=46774.3
     Messages:  created: 1347866   present: 1482   in FES: 154
** Event #1265408   t=112.819143384907   Elapsed: 42.2849s (0m 42s)  22% completed  (11% total)
     Speed:     ev/sec=32056   simsec/sec=0.732603   ev/simsec=43756.3
     Messages:  created: 1431311   present: 1494   in FES: 154
** Event #1329920   t=114.185363849888   Elapsed: 44.2883s (0m 44s)  22% completed  (11% total)
     Speed:     ev/sec=32200.1   simsec/sec=0.681925   ev/simsec=47219.3
     Messages:  created: 1514499   present: 1470   in FES: 135
** Event #1391104   t=115.536330946649   Elapsed: 46.2891s (0m 46s)  23% completed  (11% total)
     Speed:     ev/sec=30579.7   simsec/sec=0.675212   ev/simsec=45289
     Messages:  created: 1593415   present: 1567   in FES: 155
** Event #1455360   t=117.03889690435   Elapsed: 48.2936s (0m 48s)  23% completed  (11% total)
     Speed:     ev/sec=32056.1   simsec/sec=0.749601   ev/simsec=42764.2
     Messages:  created: 1676866   present: 1632   in FES: 156
** Event #1508608   t=118.230078399299   Elapsed: 50.2969s (0m 50s)  23% completed  (11% total)
     Speed:     ev/sec=26580.6   simsec/sec=0.594619   ev/simsec=44701.8
     Messages:  created: 1744917   present: 1603   in FES: 138
** Event #1570560   t=119.637489985735   Elapsed: 52.2997s (0m 52s)  23% completed  (11% total)
     Speed:     ev/sec=30933   simsec/sec=0.702729   ev/simsec=44018.4
     Messages:  created: 1825074   present: 1697   in FES: 154
** Event #1633536   t=121.069411717053   Elapsed: 54.3004s (0m 54s)  24% completed  (12% total)
     Speed:     ev/sec=31477   simsec/sec=0.71571   ev/simsec=43980.1
     Messages:  created: 1906882   present: 1661   in FES: 138
** Event #1693696   t=122.351739758866   Elapsed: 56.3095s (0m 56s)  24% completed  (12% total)
     Speed:     ev/sec=29944.1   simsec/sec=0.638267   ev/simsec=46914.7
     Messages:  created: 1984654   present: 1694   in FES: 141
** Event #1758464   t=123.761773653454   Elapsed: 58.3095s (0m 58s)  24% completed  (12% total)
     Speed:     ev/sec=32383.4   simsec/sec=0.705004   ev/simsec=45933.6
     Messages:  created: 2068722   present: 1785   in FES: 157
** Event #1814528   t=124.994818235677   Elapsed: 60.3128s (1m 00s)  24% completed  (12% total)
     Speed:     ev/sec=27986.2   simsec/sec=0.615514   ev/simsec=45467.9
     Messages:  created: 2141794   present: 1759   in FES: 147
** Event #1878016   t=126.319141175365   Elapsed: 62.3168s (1m 02s)  25% completed  (12% total)
     Speed:     ev/sec=31680.8   simsec/sec=0.660844   ev/simsec=47940
     Messages:  created: 2223509   present: 1712   in FES: 125
** Event #1942784   t=127.676892886947   Elapsed: 64.3222s (1m 04s)  25% completed  (12% total)
     Speed:     ev/sec=32296.9   simsec/sec=0.677051   ev/simsec=47702.4
     Messages:  created: 2308085   present: 1801   in FES: 156
** Event #2006784   t=129.069365102656   Elapsed: 66.3223s (1m 06s)  25% completed  (12% total)
     Speed:     ev/sec=31998   simsec/sec=0.696193   ev/simsec=45961.4
     Messages:  created: 2391540   present: 1815   in FES: 158
** Event #2070272   t=130.362573994799   Elapsed: 68.3293s (1m 08s)  26% completed  (13% total)
     Speed:     ev/sec=31632.7   simsec/sec=0.644338   ev/simsec=49093.4
     Messages:  created: 2473805   present: 1801   in FES: 139
** Event #2123264   t=131.509332307615   Elapsed: 70.3348s (1m 10s)  26% completed  (13% total)
     Speed:     ev/sec=26424.1   simsec/sec=0.571822   ev/simsec=46210.3
     Messages:  created: 2542417   present: 1848   in FES: 136
** Event #2185472   t=132.658599018775   Elapsed: 72.3407s (1m 12s)  26% completed  (13% total)
     Speed:     ev/sec=31012.2   simsec/sec=0.572937   ev/simsec=54128.4
     Messages:  created: 2623768   present: 1886   in FES: 156
** Event #2249216   t=133.919269625369   Elapsed: 74.3453s (1m 14s)  26% completed  (13% total)
     Speed:     ev/sec=31799.1   simsec/sec=0.628895   ev/simsec=50563.6
     Messages:  created: 2706816   present: 1813   in FES: 126
** Event #2312448   t=135.136647813149   Elapsed: 76.3505s (1m 16s)  27% completed  (13% total)
     Speed:     ev/sec=31533.1   simsec/sec=0.607092   ev/simsec=51941.1
     Messages:  created: 2787812   present: 1905   in FES: 156
** Event #2375168   t=136.280377265395   Elapsed: 78.3506s (1m 18s)  27% completed  (13% total)
     Speed:     ev/sec=31358.5   simsec/sec=0.571838   ev/simsec=54838.1
     Messages:  created: 2869071   present: 1918   in FES: 156
** Event #2428672   t=137.356395277483   Elapsed: 80.351s (1m 20s)  27% completed  (13% total)
     Speed:     ev/sec=26747   simsec/sec=0.537908   ev/simsec=49724.1
     Messages:  created: 2938133   present: 1937   in FES: 155
** Event #2490880   t=138.611837947523   Elapsed: 82.3523s (1m 22s)  27% completed  (13% total)
     Speed:     ev/sec=31083   simsec/sec=0.627298   ev/simsec=49550.6
     Messages:  created: 3018512   present: 1938   in FES: 162
** Event #2550784   t=139.854258006701   Elapsed: 84.3549s (1m 24s)  27% completed  (13% total)
     Speed:     ev/sec=29913.2   simsec/sec=0.620406   ev/simsec=48215.6
     Messages:  created: 3096439   present: 1916   in FES: 140
** Event #2613248   t=141.095091906877   Elapsed: 86.366s (1m 26s)  28% completed  (14% total)
     Speed:     ev/sec=31060.2   simsec/sec=0.617004   ev/simsec=50340.3
     Messages:  created: 3176472   present: 1968   in FES: 157
** Event #2674432   t=142.215416823116   Elapsed: 88.3753s (1m 28s)  28% completed  (14% total)
     Speed:     ev/sec=30450.9   simsec/sec=0.557578   ev/simsec=54612.7
     Messages:  created: 3255340   present: 1918   in FES: 129
** Event #2730240   t=143.257193363336   Elapsed: 90.3823s (1m 30s)  28% completed  (14% total)
     Speed:     ev/sec=27805.6   simsec/sec=0.519052   ev/simsec=53570
     Messages:  created: 3327457   present: 1954   in FES: 145
** Event #2792448   t=144.387628378403   Elapsed: 92.3895s (1m 32s)  28% completed  (14% total)
     Speed:     ev/sec=30992.9   simsec/sec=0.563199   ev/simsec=55030.1
     Messages:  created: 3407760   present: 1982   in FES: 137
** Event #2857472   t=145.533799257623   Elapsed: 94.3915s (1m 34s)  29% completed  (14% total)
     Speed:     ev/sec=32479.9   simsec/sec=0.57252   ev/simsec=56731.5
     Messages:  created: 3491825   present: 2019   in FES: 156
** Event #2922752   t=146.907831119652   Elapsed: 96.3958s (1m 36s)  29% completed  (14% total)
     Speed:     ev/sec=32570.1   simsec/sec=0.685545   ev/simsec=47509.8
     Messages:  created: 3576774   present: 2059   in FES: 156
** Event #2986752   t=148.132526969961   Elapsed: 98.5195s (1m 38s)  29% completed  (14% total)
     Speed:     ev/sec=30136.3   simsec/sec=0.576685   ev/simsec=52257.9
     Messages:  created: 3659020   present: 2067   in FES: 155
** Event #3050496   t=149.407639132424   Elapsed: 100.521s (1m 40s)  29% completed  (14% total)
     Speed:     ev/sec=31855.2   simsec/sec=0.637219   ev/simsec=49990.9
     Messages:  created: 3741534   present: 1989   in FES: 125
** Event #3113728   t=150.729015246718   Elapsed: 102.524s (1m 42s)  30% completed  (15% total)
     Speed:     ev/sec=31558.9   simsec/sec=0.659496   ev/simsec=47853.1
     Messages:  created: 3823534   present: 2081   in FES: 154
** Event #3177472   t=152.011509773361   Elapsed: 104.525s (1m 44s)  30% completed  (15% total)
     Speed:     ev/sec=31865.8   simsec/sec=0.641123   ev/simsec=49703.1
     Messages:  created: 3905976   present: 2129   in FES: 158
** Event #3241984   t=153.166325141065   Elapsed: 106.525s (1m 46s)  30% completed  (15% total)
     Speed:     ev/sec=32248.8   simsec/sec=0.577278   ev/simsec=55863.5
     Messages:  created: 3988619   present: 2125   in FES: 159
** Event #3307520   t=154.34833733604   Elapsed: 108.528s (1m 48s)  30% completed  (15% total)
     Speed:     ev/sec=32724.1   simsec/sec=0.590214   ev/simsec=55444.4
     Messages:  created: 4073593   present: 2136   in FES: 153
** Event #3373568   t=155.580893395758   Elapsed: 110.529s (1m 50s)  31% completed  (15% total)
     Speed:     ev/sec=33001.9   simsec/sec=0.615865   ev/simsec=53586.2
     Messages:  created: 4159111   present: 2069   in FES: 130
** Event #3442432   t=156.943880709482   Elapsed: 112.531s (1m 52s)  31% completed  (15% total)
     Speed:     ev/sec=34398.3   simsec/sec=0.680827   ev/simsec=50524.3
     Messages:  created: 4248844   present: 2166   in FES: 154
** Event #3511552   t=158.250371724734   Elapsed: 114.536s (1m 54s)  31% completed  (15% total)
     Speed:     ev/sec=34480.6   simsec/sec=0.651745   ev/simsec=52905.1
     Messages:  created: 4337706   present: 2186   in FES: 165
** Event #3571456   t=159.376569138418   Elapsed: 116.538s (1m 56s)  31% completed  (15% total)
     Speed:     ev/sec=29920.1   simsec/sec=0.562498   ev/simsec=53191.4
     Messages:  created: 4415515   present: 2199   in FES: 152
** Event #3645184   t=160.84990088218   Elapsed: 118.541s (1m 58s)  32% completed  (16% total)
     Speed:     ev/sec=36794.2   simsec/sec=0.735271   ev/simsec=50041.7
     Messages:  created: 4511089   present: 2159   in FES: 133
** Event #3714304   t=162.129602604024   Elapsed: 120.547s (2m 00s)  32% completed  (16% total)
     Speed:     ev/sec=34456.8   simsec/sec=0.63794   ev/simsec=54012.6
     Messages:  created: 4600041   present: 2268   in FES: 164
** Event #3789824   t=163.502371177394   Elapsed: 122.549s (2m 02s)  32% completed  (16% total)
     Speed:     ev/sec=37726.3   simsec/sec=0.685772   ev/simsec=55012.9
     Messages:  created: 4697781   present: 2274   in FES: 158
** Event #3845632   t=164.511075113005   Elapsed: 124.584s (2m 04s)  32% completed  (16% total)
     Speed:     ev/sec=27421   simsec/sec=0.495622   ev/simsec=55326.4
     Messages:  created: 4769881   present: 2272   in FES: 155
** Event #3921408   t=165.994819803512   Elapsed: 126.588s (2m 06s)  33% completed  (16% total)
     Speed:     ev/sec=37826.3   simsec/sec=0.740664   ev/simsec=51070.8
     Messages:  created: 4868485   present: 2218   in FES: 134
** Event #3989248   t=167.139617518823   Elapsed: 128.591s (2m 08s)  33% completed  (16% total)
     Speed:     ev/sec=33871.4   simsec/sec=0.571579   ev/simsec=59259.4
     Messages:  created: 4955591   present: 2281   in FES: 155
** Event #4063232   t=168.481487858388   Elapsed: 130.593s (2m 10s)  33% completed  (16% total)
     Speed:     ev/sec=36942.1   simsec/sec=0.670031   ev/simsec=55135
     Messages:  created: 5051012   present: 2312   in FES: 155
** Event #4135168   t=169.850718656278   Elapsed: 132.597s (2m 12s)  33% completed  (16% total)
     Speed:     ev/sec=35900.6   simsec/sec=0.683333   ev/simsec=52537.5
     Messages:  created: 5143923   present: 2306   in FES: 151
** Event #4209408   t=171.14570881982   Elapsed: 134.6s (2m 14s)  34% completed  (17% total)
     Speed:     ev/sec=37065.7   simsec/sec=0.646547   ev/simsec=57328.6
     Messages:  created: 5238919   present: 2319   in FES: 154
** Event #4284160   t=172.639428089435   Elapsed: 136.6s (2m 16s)  34% completed  (17% total)
     Speed:     ev/sec=37375.9   simsec/sec=0.746859   ev/simsec=50044.2
     Messages:  created: 5334958   present: 2322   in FES: 148
** Event #4358912   t=174.280811590528   Elapsed: 138.608s (2m 18s)  34% completed  (17% total)
     Speed:     ev/sec=37235.5   simsec/sec=0.817606   ev/simsec=45542.1
     Messages:  created: 5430585   present: 2384   in FES: 149
** Event #4428032   t=175.91794136178   Elapsed: 140.615s (2m 20s)  35% completed  (17% total)
     Speed:     ev/sec=34439.5   simsec/sec=0.815711   ev/simsec=42220.2
     Messages:  created: 5520229   present: 2431   in FES: 156
** Event #4500480   t=177.539606850336   Elapsed: 142.618s (2m 22s)  35% completed  (17% total)
     Speed:     ev/sec=36156.4   simsec/sec=0.80932   ev/simsec=44675.1
     Messages:  created: 5612173   present: 2486   in FES: 161
** Event #4575232   t=179.347537344186   Elapsed: 144.619s (2m 24s)  35% completed  (17% total)
     Speed:     ev/sec=37368.7   simsec/sec=0.903788   ev/simsec=41346.7
     Messages:  created: 5708159   present: 2509   in FES: 148
** Event #4655360   t=181.247260715301   Elapsed: 146.623s (2m 26s)  36% completed  (18% total)
     Speed:     ev/sec=39976   simsec/sec=0.947776   ev/simsec=42178.8
     Messages:  created: 5811144   present: 2560   in FES: 148
** Event #4717312   t=182.741013858217   Elapsed: 148.626s (2m 28s)  36% completed  (18% total)
     Speed:     ev/sec=30931   simsec/sec=0.745793   ev/simsec=41474.1
     Messages:  created: 5890678   present: 2555   in FES: 126
** Event #4790528   t=184.387980588625   Elapsed: 150.636s (2m 30s)  36% completed  (18% total)
     Speed:     ev/sec=36424.1   simsec/sec=0.819347   ev/simsec=44455.1
     Messages:  created: 5984660   present: 2665   in FES: 156
** Event #4871168   t=186.255457136709   Elapsed: 152.638s (2m 32s)  37% completed  (18% total)
     Speed:     ev/sec=40282.6   simsec/sec=0.932873   ev/simsec=43181.3
     Messages:  created: 6088795   present: 2702   in FES: 155
** Event #4958464   t=188.166767714768   Elapsed: 154.643s (2m 34s)  37% completed  (18% total)
     Speed:     ev/sec=43542.5   simsec/sec=0.953346   ev/simsec=45673.4
     Messages:  created: 6201936   present: 2738   in FES: 152
** Event #5034496   t=189.895298786498   Elapsed: 156.646s (2m 36s)  37% completed  (18% total)
     Speed:     ev/sec=37960.5   simsec/sec=0.863004   ev/simsec=43986.5
     Messages:  created: 6300736   present: 2781   in FES: 154
** Event #5123328   t=191.611872678027   Elapsed: 158.652s (2m 38s)  38% completed  (19% total)
     Speed:     ev/sec=44273   simsec/sec=0.855524   ev/simsec=51749.6
     Messages:  created: 6415333   present: 2764   in FES: 137
** Event #5197312   t=193.15129339529   Elapsed: 160.654s (2m 40s)  38% completed  (19% total)
     Speed:     ev/sec=36949.4   simsec/sec=0.768824   ev/simsec=48059.6
     Messages:  created: 6510977   present: 2832   in FES: 156
** Event #5263104   t=194.505892041494   Elapsed: 162.732s (2m 42s)  38% completed  (19% total)
     Speed:     ev/sec=31669.6   simsec/sec=0.652048   ev/simsec=48569.4
     Messages:  created: 6595724   present: 2853   in FES: 154
** Event #5339136   t=196.151467634012   Elapsed: 164.738s (2m 44s)  39% completed  (19% total)
     Speed:     ev/sec=37891.7   simsec/sec=0.820097   ev/simsec=46203.9
     Messages:  created: 6694154   present: 2896   in FES: 166
** Event #5408768   t=197.513210675492   Elapsed: 166.742s (2m 46s)  39% completed  (19% total)
     Speed:     ev/sec=34750.6   simsec/sec=0.679593   ev/simsec=51134.5
     Messages:  created: 6784484   present: 2955   in FES: 159
** Event #5490432   t=198.756876060221   Elapsed: 168.746s (2m 48s)  39% completed  (19% total)
     Speed:     ev/sec=40759.3   simsec/sec=0.620726   ev/simsec=65664
     Messages:  created: 6892587   present: 2954   in FES: 156
** Event #5563904   t=200.048017046723   Elapsed: 170.755s (2m 50s)  40% completed  (20% total)
     Speed:     ev/sec=36576.6   simsec/sec=0.642769   ev/simsec=56904.7
     Messages:  created: 6988574   present: 2934   in FES: 159
** Event #5644032   t=201.280449375298   Elapsed: 172.759s (2m 52s)  40% completed  (20% total)
     Speed:     ev/sec=39965.7   simsec/sec=0.614704   ev/simsec=65016.1
     Messages:  created: 7093204   present: 2948   in FES: 151
** Event #5716480   t=202.348881725309   Elapsed: 174.761s (2m 54s)  40% completed  (20% total)
     Speed:     ev/sec=36202.5   simsec/sec=0.533899   ev/simsec=67807.8
     Messages:  created: 7188957   present: 2981   in FES: 168
** Event #5798144   t=203.750359246526   Elapsed: 176.764s (2m 56s)  40% completed  (20% total)
     Speed:     ev/sec=40767   simsec/sec=0.699624   ev/simsec=58269.9
     Messages:  created: 7296476   present: 2972   in FES: 157
** Event #5873920   t=205.070658830365   Elapsed: 178.765s (2m 58s)  41% completed  (20% total)
     Speed:     ev/sec=37863.3   simsec/sec=0.65972   ev/simsec=57393
     Messages:  created: 7396193   present: 2984   in FES: 153
** Event #5947392   t=206.378836037603   Elapsed: 180.768s (3m 00s)  41% completed  (20% total)
     Speed:     ev/sec=36688.7   simsec/sec=0.653246   ev/simsec=56163.6
     Messages:  created: 7492211   present: 2939   in FES: 166
** Event #6032384   t=208.097536361647   Elapsed: 182.771s (3m 02s)  41% completed  (20% total)
     Speed:     ev/sec=42434.9   simsec/sec=0.858115   ev/simsec=49451.3
     Messages:  created: 7603575   present: 2966   in FES: 156
** Event #6112000   t=209.741101077229   Elapsed: 184.775s (3m 04s)  41% completed  (20% total)
     Speed:     ev/sec=39718.3   simsec/sec=0.819931   ev/simsec=48441
     Messages:  created: 7707918   present: 2927   in FES: 140
** Event #6196480   t=211.43375288745   Elapsed: 186.782s (3m 06s)  42% completed  (21% total)
     Speed:     ev/sec=42090.2   simsec/sec=0.843324   ev/simsec=49909.9
     Messages:  created: 7817077   present: 3023   in FES: 146
** Event #6269184   t=213.001419726228   Elapsed: 188.79s (3m 08s)  42% completed  (21% total)
     Speed:     ev/sec=36204.1   simsec/sec=0.780644   ev/simsec=46377.2
     Messages:  created: 7911203   present: 3072   in FES: 148
** Event #6351616   t=214.472577620397   Elapsed: 190.803s (3m 10s)  42% completed  (21% total)
     Speed:     ev/sec=40953.7   simsec/sec=0.730898   ev/simsec=56032.1
     Messages:  created: 8016587   present: 3083   in FES: 147
** Event #6428672   t=216.011734491915   Elapsed: 192.806s (3m 12s)  43% completed  (21% total)
     Speed:     ev/sec=38467.8   simsec/sec=0.768375   ev/simsec=50063.8
     Messages:  created: 8116625   present: 3055   in FES: 139
** Event #6492928   t=217.216177955187   Elapsed: 194.813s (3m 14s)  43% completed  (21% total)
     Speed:     ev/sec=32013.7   simsec/sec=0.60008   ev/simsec=53349.1
     Messages:  created: 8198677   present: 3081   in FES: 128
** Event #6566144   t=218.678363816086   Elapsed: 196.819s (3m 16s)  43% completed  (21% total)
     Speed:     ev/sec=36505.1   simsec/sec=0.729038   ev/simsec=50073
     Messages:  created: 8292423   present: 3198   in FES: 157
** Event #6649344   t=220.351479740259   Elapsed: 198.822s (3m 18s)  44% completed  (22% total)
     Speed:     ev/sec=41547.6   simsec/sec=0.835505   ev/simsec=49727.6
     Messages:  created: 8398459   present: 3244   in FES: 156
** Event #6715904   t=221.865192687912   Elapsed: 200.824s (3m 20s)  44% completed  (22% total)
     Speed:     ev/sec=33234.7   simsec/sec=0.755827   ev/simsec=43971.3
     Messages:  created: 8483632   present: 3280   in FES: 158
** Event #6784512   t=223.100815763145   Elapsed: 202.825s (3m 22s)  44% completed  (22% total)
     Speed:     ev/sec=34294   simsec/sec=0.617631   ev/simsec=55525
     Messages:  created: 8571660   present: 3278   in FES: 141
** Event #6858752   t=224.602867472248   Elapsed: 204.827s (3m 24s)  44% completed  (22% total)
     Speed:     ev/sec=37091.2   simsec/sec=0.750442   ev/simsec=49425.7
     Messages:  created: 8666763   present: 3343   in FES: 161
** Event #6935040   t=226.174781099919   Elapsed: 206.829s (3m 26s)  45% completed  (22% total)
     Speed:     ev/sec=38094.1   simsec/sec=0.784928   ev/simsec=48531.9
     Messages:  created: 8764323   present: 3373   in FES: 163
** Event #7006976   t=227.781459932217   Elapsed: 208.835s (3m 28s)  45% completed  (22% total)
     Speed:     ev/sec=35854.4   simsec/sec=0.800802   ev/simsec=44773.1
     Messages:  created: 8855997   present: 3411   in FES: 149
** Event #7079168   t=229.38554783375   Elapsed: 210.837s (3m 30s)  45% completed  (22% total)
     Speed:     ev/sec=36074.6   simsec/sec=0.801567   ev/simsec=45005
     Messages:  created: 8947375   present: 3401   in FES: 126
** Event #7149824   t=231.02944890443   Elapsed: 212.842s (3m 32s)  46% completed  (23% total)
     Speed:     ev/sec=35226.2   simsec/sec=0.819582   ev/simsec=42980.7
     Messages:  created: 9038394   present: 3524   in FES: 149
** Event #7227392   t=232.667281607596   Elapsed: 214.846s (3m 34s)  46% completed  (23% total)
     Speed:     ev/sec=38723.6   simsec/sec=0.817642   ev/simsec=47360.1
     Messages:  created: 9137546   present: 3656   in FES: 185
** Event #7291136   t=234.038612589473   Elapsed: 216.848s (3m 36s)  46% completed  (23% total)
     Speed:     ev/sec=31835.6   simsec/sec=0.684883   ev/simsec=46483.3
     Messages:  created: 9218957   present: 3515   in FES: 127
** Event #7366144   t=235.505722634357   Elapsed: 218.85s (3m 38s)  47% completed  (23% total)
     Speed:     ev/sec=37457.5   simsec/sec=0.732646   ev/simsec=51126.4
     Messages:  created: 9314343   present: 3597   in FES: 144
** Event #7438336   t=237.069142436459   Elapsed: 220.858s (3m 40s)  47% completed  (23% total)
     Speed:     ev/sec=35953.4   simsec/sec=0.778621   ev/simsec=46175.7
     Messages:  created: 9406947   present: 3637   in FES: 156
** Event #7507456   t=238.480253259691   Elapsed: 222.867s (3m 42s)  47% completed  (23% total)
     Speed:     ev/sec=34417.8   simsec/sec=0.702653   ev/simsec=48982.7
     Messages:  created: 9495054   present: 3685   in FES: 166
** Event #7578880   t=240.065719651429   Elapsed: 224.868s (3m 44s)  48% completed  (24% total)
     Speed:     ev/sec=35685.4   simsec/sec=0.792143   ev/simsec=45049.2
     Messages:  created: 9587017   present: 3692   in FES: 155
** Event #7651840   t=241.72985283097   Elapsed: 226.879s (3m 46s)  48% completed  (24% total)
     Speed:     ev/sec=36280.1   simsec/sec=0.827507   ev/simsec=43842.6
     Messages:  created: 9679796   present: 3788   in FES: 187
** Event #7727872   t=243.600330699123   Elapsed: 228.883s (3m 48s)  48% completed  (24% total)
     Speed:     ev/sec=37945.4   simsec/sec=0.933501   ev/simsec=40648.4
     Messages:  created: 9776446   present: 3809   in FES: 156
** Event #7797760   t=245.350935654372   Elapsed: 230.885s (3m 50s)  49% completed  (24% total)
     Speed:     ev/sec=34897.5   simsec/sec=0.874137   ev/simsec=39922.2
     Messages:  created: 9865879   present: 3779   in FES: 135
** Event #7861760   t=246.988163769107   Elapsed: 232.886s (3m 52s)  49% completed  (24% total)
     Speed:     ev/sec=31985.9   simsec/sec=0.818254   ev/simsec=39090.5
     Messages:  created: 9947952   present: 3862   in FES: 145
** Event #7932160   t=248.485983853455   Elapsed: 234.89s (3m 54s)  49% completed  (24% total)
     Speed:     ev/sec=35139.5   simsec/sec=0.747622   ev/simsec=47001.6
     Messages:  created: 10037076   present: 3938   in FES: 154
** Event #8005888   t=250.219646867518   Elapsed: 236.891s (3m 56s)  50% completed  (25% total)
     Speed:     ev/sec=36839.4   simsec/sec=0.866252   ev/simsec=42527.3
     Messages:  created: 10131161   present: 3984   in FES: 155
** Event #8077824   t=251.646782473902   Elapsed: 238.893s (3m 58s)  50% completed  (25% total)
     Speed:     ev/sec=35925.3   simsec/sec=0.712721   ev/simsec=50405.9
     Messages:  created: 10223194   present: 3992   in FES: 151
** Event #8143872   t=253.02857801463   Elapsed: 240.894s (4m 00s)  50% completed  (25% total)
     Speed:     ev/sec=33013.7   simsec/sec=0.690683   ev/simsec=47798.7
     Messages:  created: 10308049   present: 3987   in FES: 128
** Event #8214272   t=254.507632855226   Elapsed: 242.899s (4m 02s)  50% completed  (25% total)
     Speed:     ev/sec=35121.5   simsec/sec=0.737879   ev/simsec=47598
     Messages:  created: 10397607   present: 4113   in FES: 162
** Event #8292096   t=256.244772016342   Elapsed: 244.906s (4m 04s)  51% completed  (25% total)
     Speed:     ev/sec=38765.7   simsec/sec=0.865304   ev/simsec=44800.1
     Messages:  created: 10497448   present: 4131   in FES: 156
** Event #8360704   t=257.474017673715   Elapsed: 246.909s (4m 06s)  51% completed  (25% total)
     Speed:     ev/sec=34248.9   simsec/sec=0.613636   ev/simsec=55813.1
     Messages:  created: 10586432   present: 4216   in FES: 164
** Event #8429312   t=258.847538483469   Elapsed: 248.912s (4m 08s)  51% completed  (25% total)
     Speed:     ev/sec=34260.6   simsec/sec=0.685892   ev/simsec=49950.5
     Messages:  created: 10676209   present: 4070   in FES: 140
** Event #8508928   t=260.50750932487   Elapsed: 250.915s (4m 10s)  52% completed  (26% total)
     Speed:     ev/sec=39747.6   simsec/sec=0.828727   ev/simsec=47962.3
     Messages:  created: 10777853   present: 4196   in FES: 154
** Event #8589568   t=262.324465826086   Elapsed: 252.922s (4m 12s)  52% completed  (26% total)
     Speed:     ev/sec=40177.1   simsec/sec=0.905259   ev/simsec=44381.9
     Messages:  created: 10881684   present: 4190   in FES: 156
** Event #8660480   t=263.988120860115   Elapsed: 254.924s (4m 14s)  52% completed  (26% total)
     Speed:     ev/sec=35422.7   simsec/sec=0.831047   ev/simsec=42624.2
     Messages:  created: 10973456   present: 4180   in FES: 147
** Event #8733696   t=265.598790298634   Elapsed: 256.928s (4m 16s)  53% completed  (26% total)
     Speed:     ev/sec=36533.8   simsec/sec=0.803703   ev/simsec=45456.9
     Messages:  created: 11066710   present: 4279   in FES: 155
** Event #8816896   t=267.500920594682   Elapsed: 258.929s (4m 18s)  53% completed  (26% total)
     Speed:     ev/sec=41584.3   simsec/sec=0.950707   ev/simsec=43740.4
     Messages:  created: 11173249   present: 4333   in FES: 165
** Event #8897536   t=269.240738756141   Elapsed: 260.933s (4m 20s)  53% completed  (26% total)
     Speed:     ev/sec=40231.7   simsec/sec=0.868003   ev/simsec=46349.7
     Messages:  created: 11277542   present: 4276   in FES: 123
** Event #8956672   t=270.548888787675   Elapsed: 262.939s (4m 22s)  54% completed  (27% total)
     Speed:     ev/sec=29484.9   simsec/sec=0.652238   ev/simsec=45205.8
     Messages:  created: 11353975   present: 4300   in FES: 124
** Event #9032960   t=272.319143057908   Elapsed: 264.94s (4m 24s)  54% completed  (27% total)
     Speed:     ev/sec=38123   simsec/sec=0.884639   ev/simsec=43094.4
     Messages:  created: 11452538   present: 4423   in FES: 156
** Event #9104896   t=273.91632521704   Elapsed: 266.944s (4m 26s)  54% completed  (27% total)
     Speed:     ev/sec=35894.6   simsec/sec=0.79696   ev/simsec=45039.3
     Messages:  created: 11545967   present: 4449   in FES: 158
** Event #9188352   t=275.399572759187   Elapsed: 268.945s (4m 28s)  55% completed  (27% total)
     Speed:     ev/sec=41712   simsec/sec=0.741339   ev/simsec=56265.7
     Messages:  created: 11654228   present: 4608   in FES: 186
** Event #9251584   t=276.494598528994   Elapsed: 270.951s (4m 30s)  55% completed  (27% total)
     Speed:     ev/sec=31513.3   simsec/sec=0.545735   ev/simsec=57744.8
     Messages:  created: 11737473   present: 4601   in FES: 185
** Event #9323264   t=278.021073322033   Elapsed: 272.954s (4m 32s)  55% completed  (27% total)
     Speed:     ev/sec=35794.7   simsec/sec=0.762273   ev/simsec=46957.9
     Messages:  created: 11831811   present: 4649   in FES: 193
** Event #9400832   t=279.495203410649   Elapsed: 274.954s (4m 34s)  55% completed  (27% total)
     Speed:     ev/sec=38780   simsec/sec=0.73699   ev/simsec=52619.5
     Messages:  created: 11932645   present: 4562   in FES: 156
** Event #9482240   t=281.261610490118   Elapsed: 276.957s (4m 36s)  56% completed  (28% total)
     Speed:     ev/sec=40635   simsec/sec=0.881706   ev/simsec=46086.8
     Messages:  created: 12038195   present: 4694   in FES: 183
** Event #9558784   t=283.011506729294   Elapsed: 279.049s (4m 39s)  56% completed  (28% total)
     Speed:     ev/sec=36589.5   simsec/sec=0.836485   ev/simsec=43742
     Messages:  created: 12137206   present: 4575   in FES: 129
** Event #9643008   t=284.844544697259   Elapsed: 281.051s (4m 41s)  56% completed  (28% total)
     Speed:     ev/sec=42067.6   simsec/sec=0.915553   ev/simsec=45947.8
     Messages:  created: 12245583   present: 4687   in FES: 158
** Event #9712128   t=286.32451710762   Elapsed: 283.053s (4m 43s)  57% completed  (28% total)
     Speed:     ev/sec=34527.7   simsec/sec=0.739295   ev/simsec=46703.6
     Messages:  created: 12333968   present: 4708   in FES: 153
** Event #9782784   t=288.021040533735   Elapsed: 285.055s (4m 45s)  57% completed  (28% total)
     Speed:     ev/sec=35302.7   simsec/sec=0.847655   ev/simsec=41647.5
     Messages:  created: 12425076   present: 4780   in FES: 170
** Event #9856768   t=289.734740304891   Elapsed: 287.061s (4m 47s)  57% completed  (28% total)
     Speed:     ev/sec=36873.9   simsec/sec=0.854115   ev/simsec=43172.1
     Messages:  created: 12519215   present: 4845   in FES: 155
** Event #9927168   t=291.316320918848   Elapsed: 289.063s (4m 49s)  58% completed  (29% total)
     Speed:     ev/sec=35162.9   simsec/sec=0.789957   ev/simsec=44512.4
     Messages:  created: 12609163   present: 4852   in FES: 145
** Event #10007552   t=293.066715225485   Elapsed: 291.064s (4m 51s)  58% completed  (29% total)
     Speed:     ev/sec=40178.2   simsec/sec=0.874896   ev/simsec=45923.4
     Messages:  created: 12712803   present: 4919   in FES: 145
** Event #10092288   t=294.845222730403   Elapsed: 293.066s (4m 53s)  58% completed  (29% total)
     Speed:     ev/sec=42318.4   simsec/sec=0.888212   ev/simsec=47644.4
     Messages:  created: 12822181   present: 4977   in FES: 154
** Event #10161408   t=295.849855109201   Elapsed: 295.071s (4m 55s)  59% completed  (29% total)
     Speed:     ev/sec=34476.9   simsec/sec=0.501109   ev/simsec=68801.3
     Messages:  created: 12913359   present: 4906   in FES: 143
** Event #10231552   t=297.3   Elapsed: 297.072s (4m 57s)  59% completed  (29% total)
     Speed:     ev/sec=35064   simsec/sec=0.724908   ev/simsec=48370.3
     Messages:  created: 13004244   present: 4894   in FES: 124
** Event #10303488   t=299.0003606643   Elapsed: 299.077s (4m 59s)  59% completed  (29% total)
     Speed:     ev/sec=35875.6   simsec/sec=0.847995   ev/simsec=42306.3
     Messages:  created: 13097960   present: 4991   in FES: 150
** Event #10368256   t=300.361037899349   Elapsed: 301.08s (5m 01s)  60% completed  (30% total)
     Speed:     ev/sec=32324   simsec/sec=0.679078   ev/simsec=47599.8
     Messages:  created: 13181566   present: 4986   in FES: 126
** Event #10439680   t=302.035295113315   Elapsed: 303.084s (5m 03s)  60% completed  (30% total)
     Speed:     ev/sec=35640.2   simsec/sec=0.835446   ev/simsec=42660.1
     Messages:  created: 13274608   present: 5078   in FES: 143
** Event #10508288   t=303.485522974335   Elapsed: 305.092s (5m 05s)  60% completed  (30% total)
     Speed:     ev/sec=34174.4   simsec/sec=0.722374   ev/simsec=47308.4
     Messages:  created: 13363489   present: 5133   in FES: 152
** Event #10578432   t=305.038848812664   Elapsed: 307.095s (5m 07s)  61% completed  (30% total)
     Speed:     ev/sec=35019   simsec/sec=0.77549   ev/simsec=45157.3
     Messages:  created: 13455268   present: 5166   in FES: 158
** Event #10663936   t=306.899705801128   Elapsed: 309.096s (5m 09s)  61% completed  (30% total)
     Speed:     ev/sec=42735   simsec/sec=0.930059   ev/simsec=45948.7
     Messages:  created: 13566473   present: 5208   in FES: 156
** Event #10742016   t=308.488119609574   Elapsed: 311.098s (5m 11s)  61% completed  (30% total)
     Speed:     ev/sec=38991.9   simsec/sec=0.793228   ev/simsec=49156
     Messages:  created: 13665944   present: 5201   in FES: 154
** Event #10806016   t=310.036497515874   Elapsed: 313.108s (5m 13s)  62% completed  (31% total)
     Speed:     ev/sec=31852.4   simsec/sec=0.770618   ev/simsec=41333.6
     Messages:  created: 13748339   present: 5293   in FES: 156
** Event #10884608   t=311.988161910653   Elapsed: 315.111s (5m 15s)  62% completed  (31% total)
     Speed:     ev/sec=39219.6   simsec/sec=0.973936   ev/simsec=40269.2
     Messages:  created: 13848524   present: 5341   in FES: 162
** Event #10964224   t=313.862447413543   Elapsed: 317.112s (5m 17s)  62% completed  (31% total)
     Speed:     ev/sec=39806.8   simsec/sec=0.937114   ev/simsec=42478.1
     Messages:  created: 13950242   present: 5395   in FES: 160
** Event #11033600   t=315.538971290668   Elapsed: 319.115s (5m 19s)  63% completed  (31% total)
     Speed:     ev/sec=34622.1   simsec/sec=0.836671   ev/simsec=41380.9
     Messages:  created: 14038275   present: 5416   in FES: 154
** Event #11107072   t=317.37415096557   Elapsed: 321.121s (5m 21s)  63% completed  (31% total)
     Speed:     ev/sec=36632.3   simsec/sec=0.914999   ev/simsec=40035.3
     Messages:  created: 14132352   present: 5428   in FES: 134
** Event #11182336   t=319.263302306321   Elapsed: 323.124s (5m 23s)  63% completed  (31% total)
     Speed:     ev/sec=37565.8   simsec/sec=0.942914   ev/simsec=39840.1
     Messages:  created: 14228770   present: 5482   in FES: 126
** Event #11255040   t=321.083039387516   Elapsed: 325.132s (5m 25s)  64% completed  (32% total)
     Speed:     ev/sec=36220.6   simsec/sec=0.906579   ev/simsec=39953
     Messages:  created: 14321796   present: 5550   in FES: 134
** Event #11322624   t=322.824030462836   Elapsed: 327.135s (5m 27s)  64% completed  (32% total)
     Speed:     ev/sec=33734.7   simsec/sec=0.86902   ev/simsec=38819.3
     Messages:  created: 14408245   present: 5646   in FES: 155
** Event #11383040   t=324.323614141438   Elapsed: 329.146s (5m 29s)  64% completed  (32% total)
     Speed:     ev/sec=30047.5   simsec/sec=0.745808   ev/simsec=40288.5
     Messages:  created: 14484862   present: 5650   in FES: 143
** Event #11469568   t=326.506666508206   Elapsed: 331.147s (5m 31s)  65% completed  (32% total)
     Speed:     ev/sec=43249.2   simsec/sec=1.09115   ev/simsec=39636.2
     Messages:  created: 14595947   present: 5750   in FES: 155
** Event #11547136   t=328.602500214499   Elapsed: 333.149s (5m 33s)  65% completed  (32% total)
     Speed:     ev/sec=38740.8   simsec/sec=1.04675   ev/simsec=37010.6
     Messages:  created: 14695729   present: 5812   in FES: 157
** Event #11620096   t=330.78883886004   Elapsed: 335.151s (5m 35s)  66% completed  (33% total)
     Speed:     ev/sec=36434.9   simsec/sec=1.09182   ev/simsec=33370.9
     Messages:  created: 14789579   present: 5835   in FES: 147
** Event #11691776   t=332.331696820367   Elapsed: 337.158s (5m 37s)  66% completed  (33% total)
     Speed:     ev/sec=35720   simsec/sec=0.768847   ev/simsec=46459.2
     Messages:  created: 14882783   present: 5985   in FES: 159
** Event #11764224   t=332.576810247336   Elapsed: 339.165s (5m 39s)  66% completed  (33% total)
     Speed:     ev/sec=36093.4   simsec/sec=0.122115   ev/simsec=295569
     Messages:  created: 14983157   present: 5890   in FES: 170
** Event #11830016   t=333.65059955272   Elapsed: 341.171s (5m 41s)  66% completed  (33% total)
     Speed:     ev/sec=32808.5   simsec/sec=0.535467   ev/simsec=61270.9
     Messages:  created: 15070575   present: 5806   in FES: 138
** Event #11898368   t=335.006972206285   Elapsed: 343.173s (5m 43s)  67% completed  (33% total)
     Speed:     ev/sec=34140.6   simsec/sec=0.677484   ev/simsec=50393.2
     Messages:  created: 15161373   present: 5892   in FES: 155
** Event #11983104   t=336.652569788679   Elapsed: 345.174s (5m 45s)  67% completed  (33% total)
     Speed:     ev/sec=42338   simsec/sec=0.822217   ev/simsec=51492.5
     Messages:  created: 15272341   present: 5887   in FES: 155
** Event #12061696   t=338.245789828416   Elapsed: 347.179s (5m 47s)  67% completed  (33% total)
     Speed:     ev/sec=39207.3   simsec/sec=0.794811   ev/simsec=49329
     Messages:  created: 15375289   present: 5983   in FES: 165
** Event #12142592   t=339.902634676154   Elapsed: 349.184s (5m 49s)  67% completed  (33% total)
     Speed:     ev/sec=40336.7   simsec/sec=0.826144   ev/simsec=48825.3
     Messages:  created: 15482071   present: 5975   in FES: 146
** Event #12220160   t=341.46944585023   Elapsed: 351.185s (5m 51s)  68% completed  (34% total)
     Speed:     ev/sec=38772.9   simsec/sec=0.783182   ev/simsec=49506.9
     Messages:  created: 15583233   present: 5999   in FES: 145
** Event #12304640   t=343.240602543738   Elapsed: 353.188s (5m 53s)  68% completed  (34% total)
     Speed:     ev/sec=42168.1   simsec/sec=0.884071   ev/simsec=47697.6
     Messages:  created: 15694236   present: 6104   in FES: 168
** Event #12372992   t=344.650599543562   Elapsed: 355.195s (5m 55s)  68% completed  (34% total)
     Speed:     ev/sec=34052.7   simsec/sec=0.702455   ev/simsec=48476.7
     Messages:  created: 15783876   present: 6033   in FES: 140
** Event #12441088   t=346.082844512458   Elapsed: 357.2s (5m 57s)  69% completed  (34% total)
     Speed:     ev/sec=33960.2   simsec/sec=0.714275   ev/simsec=47544.9
     Messages:  created: 15873143   present: 6114   in FES: 141
** Event #12520192   t=347.759106924877   Elapsed: 359.205s (5m 59s)  69% completed  (34% total)
     Speed:     ev/sec=39453.3   simsec/sec=0.836041   ev/simsec=47190.7
     Messages:  created: 15976937   present: 6125   in FES: 139
** Event #12605952   t=349.659906323767   Elapsed: 361.207s (6m 01s)  69% completed  (34% total)
     Speed:     ev/sec=42841.4   simsec/sec=0.949543   ev/simsec=45117.9
     Messages:  created: 16088657   present: 6229   in FES: 173
** Event #12680448   t=351.386870621317   Elapsed: 363.208s (6m 03s)  70% completed  (35% total)
     Speed:     ev/sec=37240.3   simsec/sec=0.863304   ev/simsec=43137
     Messages:  created: 16185380   present: 6280   in FES: 165
** Event #12761856   t=353.324507255744   Elapsed: 365.208s (6m 05s)  70% completed  (35% total)
     Speed:     ev/sec=40694.5   simsec/sec=0.968593   ev/simsec=42014.1
     Messages:  created: 16291213   present: 6228   in FES: 125
** Event #12828928   t=354.981158826731   Elapsed: 367.212s (6m 07s)  70% completed  (35% total)
     Speed:     ev/sec=33465.8   simsec/sec=0.826591   ev/simsec=40486.5
     Messages:  created: 16378340   present: 6304   in FES: 141
** Event #12921344   t=357.027657888041   Elapsed: 369.217s (6m 09s)  71% completed  (35% total)
     Speed:     ev/sec=46091.8   simsec/sec=1.02068   ev/simsec=45158.1
     Messages:  created: 16497214   present: 6410   in FES: 156
** Event #13002496   t=358.738131864125   Elapsed: 371.219s (6m 11s)  71% completed  (35% total)
     Speed:     ev/sec=40533.6   simsec/sec=0.854344   ev/simsec=47444.2
     Messages:  created: 16601250   present: 6460   in FES: 169
** Event #13089792   t=360.539424768814   Elapsed: 373.222s (6m 13s)  72% completed  (36% total)
     Speed:     ev/sec=43602.4   simsec/sec=0.899705   ev/simsec=48463
     Messages:  created: 16713237   present: 6494   in FES: 161
** Event #13173760   t=362.479854057752   Elapsed: 375.226s (6m 15s)  72% completed  (36% total)
     Speed:     ev/sec=41893.7   simsec/sec=0.968127   ev/simsec=43272.9
     Messages:  created: 16821112   present: 6537   in FES: 155
** Event #13269760   t=364.628602756822   Elapsed: 377.23s (6m 17s)  72% completed  (36% total)
     Speed:     ev/sec=47894.8   simsec/sec=1.07202   ev/simsec=44677.2
     Messages:  created: 16945285   present: 6590   in FES: 156
** Event #13346560   t=366.335898292662   Elapsed: 379.232s (6m 19s)  73% completed  (36% total)
     Speed:     ev/sec=38361.3   simsec/sec=0.852788   ev/simsec=44983.4
     Messages:  created: 17044620   present: 6643   in FES: 155
** Event #13428224   t=368.088200563352   Elapsed: 381.233s (6m 21s)  73% completed  (36% total)
     Speed:     ev/sec=40815.2   simsec/sec=0.875791   ev/simsec=46603.8
     Messages:  created: 17149988   present: 6631   in FES: 140
** Event #13518336   t=370.034963615969   Elapsed: 383.234s (6m 23s)  74% completed  (37% total)
     Speed:     ev/sec=45031.2   simsec/sec=0.972846   ev/simsec=46288.1
     Messages:  created: 17266462   present: 6672   in FES: 125
** Event #13595904   t=371.744552613492   Elapsed: 385.236s (6m 25s)  74% completed  (37% total)
     Speed:     ev/sec=38748.3   simsec/sec=0.854007   ev/simsec=45372.3
     Messages:  created: 17366919   present: 6794   in FES: 155
** Event #13682688   t=373.511778335743   Elapsed: 387.239s (6m 27s)  74% completed  (37% total)
     Speed:     ev/sec=43324.2   simsec/sec=0.882233   ev/simsec=49107.5
     Messages:  created: 17479315   present: 6767   in FES: 126
** Event #13772032   t=375.499278779214   Elapsed: 389.245s (6m 29s)  75% completed  (37% total)
     Speed:     ev/sec=44539.3   simsec/sec=0.990798   ev/simsec=44952.9
     Messages:  created: 17595840   present: 6885   in FES: 157
** Event #13856512   t=377.273303712469   Elapsed: 391.247s (6m 31s)  75% completed  (37% total)
     Speed:     ev/sec=42197   simsec/sec=0.88611   ev/simsec=47620.5
     Messages:  created: 17705957   present: 6857   in FES: 136
** Event #13953280   t=379.238163879363   Elapsed: 393.25s (6m 33s)  75% completed  (37% total)
     Speed:     ev/sec=48305.3   simsec/sec=0.980832   ev/simsec=49249.3
     Messages:  created: 17831732   present: 6948   in FES: 151
** Event #14036736   t=380.86978717699   Elapsed: 395.25s (6m 35s)  76% completed  (38% total)
     Speed:     ev/sec=41727.8   simsec/sec=0.815808   ev/simsec=51149.1
     Messages:  created: 17940735   present: 6980   in FES: 156
** Event #14112512   t=382.374156897903   Elapsed: 397.258s (6m 37s)  76% completed  (38% total)
     Speed:     ev/sec=37745.2   simsec/sec=0.74935   ev/simsec=50370.6
     Messages:  created: 18039189   present: 6969   in FES: 143
** Event #14205696   t=384.301924273604   Elapsed: 399.26s (6m 39s)  76% completed  (38% total)
     Speed:     ev/sec=46540   simsec/sec=0.962809   ev/simsec=48337.8
     Messages:  created: 18160524   present: 6999   in FES: 151
** Event #14290688   t=386.099897851211   Elapsed: 401.261s (6m 41s)  77% completed  (38% total)
     Speed:     ev/sec=42476.2   simsec/sec=0.898568   ev/simsec=47271
     Messages:  created: 18271729   present: 7083   in FES: 158
** Event #14367744   t=387.685064874361   Elapsed: 403.265s (6m 43s)  77% completed  (38% total)
     Speed:     ev/sec=38449   simsec/sec=0.790959   ev/simsec=48610.7
     Messages:  created: 18372368   present: 7012   in FES: 125
** Event #14462464   t=389.555361983085   Elapsed: 405.268s (6m 45s)  77% completed  (38% total)
     Speed:     ev/sec=47303.2   simsec/sec=0.934027   ev/simsec=50644.4
     Messages:  created: 18496667   present: 7112   in FES: 163
** Event #14541568   t=391.080806632604   Elapsed: 407.272s (6m 47s)  78% completed  (39% total)
     Speed:     ev/sec=39463.7   simsec/sec=0.76102   ev/simsec=51856.4
     Messages:  created: 18600887   present: 7190   in FES: 156
** Event #14616576   t=392.522797461909   Elapsed: 409.277s (6m 49s)  78% completed  (39% total)
     Speed:     ev/sec=37421.5   simsec/sec=0.719409   ev/simsec=52017
     Messages:  created: 18699385   present: 7186   in FES: 155
** Event #14687232   t=394.101850554666   Elapsed: 411.282s (6m 51s)  78% completed  (39% total)
     Speed:     ev/sec=35233.9   simsec/sec=0.787423   ev/simsec=44745.8
     Messages:  created: 18792021   present: 7244   in FES: 155
** Event #14759680   t=395.736409376402   Elapsed: 413.283s (6m 53s)  79% completed  (39% total)
     Speed:     ev/sec=36195.5   simsec/sec=0.816637   ev/simsec=44322.7
     Messages:  created: 18886995   present: 7265   in FES: 165
** Event #14854656   t=397.849863058168   Elapsed: 415.284s (6m 55s)  79% completed  (39% total)
     Speed:     ev/sec=47468.1   simsec/sec=1.05628   ev/simsec=44938.8
     Messages:  created: 19011588   present: 7250   in FES: 133
** Event #14936832   t=399.639135310243   Elapsed: 417.287s (6m 57s)  79% completed  (39% total)
     Speed:     ev/sec=41027.1   simsec/sec=0.89331   ev/simsec=45927.1
     Messages:  created: 19118823   present: 7383   in FES: 158
** Event #15032832   t=401.591906477243   Elapsed: 419.29s (6m 59s)  80% completed  (40% total)
     Speed:     ev/sec=47939.3   simsec/sec=0.97515   ev/simsec=49160.9
     Messages:  created: 19243978   present: 7402   in FES: 153
** Event #15118592   t=403.203558749892   Elapsed: 421.292s (7m 01s)  80% completed  (40% total)
     Speed:     ev/sec=42834.5   simsec/sec=0.804971   ev/simsec=53212.5
     Messages:  created: 19356112   present: 7448   in FES: 157
** Event #15202560   t=404.756973172008   Elapsed: 423.294s (7m 03s)  80% completed  (40% total)
     Speed:     ev/sec=41936.8   simsec/sec=0.775834   ev/simsec=54053.8
     Messages:  created: 19465411   present: 7516   in FES: 159
** Event #15290624   t=406.376557036031   Elapsed: 425.295s (7m 05s)  81% completed  (40% total)
     Speed:     ev/sec=44011.8   simsec/sec=0.80942   ev/simsec=54374.5
     Messages:  created: 19579301   present: 7554   in FES: 158
** Event #15370496   t=407.670396610132   Elapsed: 427.298s (7m 07s)  81% completed  (40% total)
     Speed:     ev/sec=39877   simsec/sec=0.645963   ev/simsec=61732.5
     Messages:  created: 19684153   present: 7542   in FES: 157
** Event #15456512   t=408.030675015761   Elapsed: 429.298s (7m 09s)  81% completed  (40% total)
     Speed:     ev/sec=43005.2   simsec/sec=0.180127   ev/simsec=238749
     Messages:  created: 19802051   present: 7548   in FES: 190
** Event #15560704   t=408.305733801381   Elapsed: 431.299s (7m 11s)  81% completed  (40% total)
     Speed:     ev/sec=52080.6   simsec/sec=0.137489   ev/simsec=378799
     Messages:  created: 19946184   present: 7522   in FES: 192
** Event #15659264   t=408.568727361135   Elapsed: 433.299s (7m 13s)  81% completed  (40% total)
     Speed:     ev/sec=49269   simsec/sec=0.131467   ev/simsec=374762
     Messages:  created: 20082652   present: 7445   in FES: 164
** Event #15756032   t=408.827848892665   Elapsed: 435.304s (7m 15s)  81% completed  (40% total)
     Speed:     ev/sec=48280.6   simsec/sec=0.129284   ev/simsec=373446
     Messages:  created: 20217147   present: 7485   in FES: 170
** Event #15845120   t=409.052335803975   Elapsed: 437.308s (7m 17s)  81% completed  (40% total)
     Speed:     ev/sec=44437.5   simsec/sec=0.111975   ev/simsec=396852
     Messages:  created: 20340917   present: 7485   in FES: 163
** Event #15921664   t=409.252999388242   Elapsed: 439.313s (7m 19s)  81% completed  (40% total)
     Speed:     ev/sec=38185.3   simsec/sec=0.100105   ev/simsec=381454
     Messages:  created: 20446698   present: 7525   in FES: 171
** Event #15998720   t=409.514715983681   Elapsed: 441.313s (7m 21s)  81% completed  (40% total)
     Speed:     ev/sec=38523.5   simsec/sec=0.130843   ev/simsec=294425
     Messages:  created: 20553032   present: 7422   in FES: 170
** Event #16071936   t=409.769183070511   Elapsed: 443.318s (7m 23s)  81% completed  (40% total)
     Speed:     ev/sec=36515.3   simsec/sec=0.126911   ev/simsec=287723
     Messages:  created: 20654699   present: 7443   in FES: 169
** Event #16143872   t=410.015962508405   Elapsed: 445.32s (7m 25s)  82% completed  (41% total)
     Speed:     ev/sec=35943.9   simsec/sec=0.123307   ev/simsec=291499
     Messages:  created: 20754412   present: 7485   in FES: 170
** Event #16217088   t=410.91470903202   Elapsed: 447.322s (7m 27s)  82% completed  (41% total)
     Speed:     ev/sec=36561.5   simsec/sec=0.448803   ev/simsec=81464.6
     Messages:  created: 20852014   present: 7469   in FES: 167
** Event #16310528   t=412.600350328384   Elapsed: 449.326s (7m 29s)  82% completed  (41% total)
     Speed:     ev/sec=46639.6   simsec/sec=0.841371   ev/simsec=55432.9
     Messages:  created: 20973496   present: 7435   in FES: 159
** Event #16404480   t=414.756130074552   Elapsed: 451.327s (7m 31s)  82% completed  (41% total)
     Speed:     ev/sec=46930.1   simsec/sec=1.07684   ev/simsec=43581.4
     Messages:  created: 21096018   present: 7530   in FES: 154
** Event #16483072   t=416.102233067621   Elapsed: 453.33s (7m 33s)  83% completed  (41% total)
     Speed:     ev/sec=39244.2   simsec/sec=0.672165   ev/simsec=58384.8
     Messages:  created: 21199331   present: 7491   in FES: 127
** Event #16560384   t=417.118039080339   Elapsed: 455.334s (7m 35s)  83% completed  (41% total)
     Speed:     ev/sec=38581.2   simsec/sec=0.506921   ev/simsec=76109
     Messages:  created: 21303345   present: 7587   in FES: 150
** Event #16635392   t=418.071425673622   Elapsed: 457.34s (7m 37s)  83% completed  (41% total)
     Speed:     ev/sec=37396.9   simsec/sec=0.475332   ev/simsec=78675.3
     Messages:  created: 21404024   present: 7446   in FES: 125
** Event #16716544   t=419.597580892886   Elapsed: 459.34s (7m 39s)  83% completed  (41% total)
     Speed:     ev/sec=40562.8   simsec/sec=0.76283   ev/simsec=53174.1
     Messages:  created: 21510986   present: 7549   in FES: 156
** Event #16789760   t=421.069701407112   Elapsed: 461.343s (7m 41s)  84% completed  (42% total)
     Speed:     ev/sec=36563.3   simsec/sec=0.735161   ev/simsec=49735.1
     Messages:  created: 21607886   present: 7673   in FES: 182
** Event #16880640   t=422.599898644033   Elapsed: 463.345s (7m 43s)  84% completed  (42% total)
     Speed:     ev/sec=45379.6   simsec/sec=0.764082   ev/simsec=59391
     Messages:  created: 21728218   present: 7606   in FES: 149
** Event #16949760   t=424.008703416358   Elapsed: 465.347s (7m 45s)  84% completed  (42% total)
     Speed:     ev/sec=34535.6   simsec/sec=0.703905   ev/simsec=49062.9
     Messages:  created: 21819834   present: 7653   in FES: 158
** Event #17026304   t=425.48644213848   Elapsed: 467.35s (7m 47s)  85% completed  (42% total)
     Speed:     ev/sec=38207.3   simsec/sec=0.737619   ev/simsec=51798.1
     Messages:  created: 21919742   present: 7685   in FES: 155
** Event #17112832   t=427.431386740956   Elapsed: 469.359s (7m 49s)  85% completed  (42% total)
     Speed:     ev/sec=43085.3   simsec/sec=0.968456   ev/simsec=44488.7
     Messages:  created: 22032362   present: 7730   in FES: 155
** Event #17185280   t=429.081459068804   Elapsed: 471.365s (7m 51s)  85% completed  (42% total)
     Speed:     ev/sec=36114.7   simsec/sec=0.822546   ev/simsec=43906
     Messages:  created: 22126546   present: 7824   in FES: 155
** Event #17246720   t=430.423127835983   Elapsed: 473.371s (7m 53s)  86% completed  (43% total)
     Speed:     ev/sec=30619.4   simsec/sec=0.668637   ev/simsec=45793.7
     Messages:  created: 22206091   present: 7805   in FES: 139
** Event #17334272   t=432.202225714443   Elapsed: 475.377s (7m 55s)  86% completed  (43% total)
     Speed:     ev/sec=43646.1   simsec/sec=0.88691   ev/simsec=49211.5
     Messages:  created: 22319816   present: 7887   in FES: 158
** Event #17421824   t=433.857819899016   Elapsed: 477.381s (7m 57s)  86% completed  (43% total)
     Speed:     ev/sec=43687.1   simsec/sec=0.826116   ev/simsec=52882.5
     Messages:  created: 22433953   present: 7878   in FES: 130
** Event #17507328   t=434.778556822825   Elapsed: 479.382s (7m 59s)  86% completed  (43% total)
     Speed:     ev/sec=42729.2   simsec/sec=0.460123   ev/simsec=92864.7
     Messages:  created: 22548384   present: 8112   in FES: 190
** Event #17601792   t=436.057676627684   Elapsed: 481.385s (8m 01s)  87% completed  (43% total)
     Speed:     ev/sec=47167.5   simsec/sec=0.638686   ev/simsec=73850.8
     Messages:  created: 22673609   present: 7924   in FES: 131
** Event #17684480   t=437.472577863118   Elapsed: 483.393s (8m 03s)  87% completed  (43% total)
     Speed:     ev/sec=41184.8   simsec/sec=0.704727   ev/simsec=58440.8
     Messages:  created: 22781121   present: 7977   in FES: 145
** Event #17779968   t=439.097178858649   Elapsed: 485.394s (8m 05s)  87% completed  (43% total)
     Speed:     ev/sec=47703.3   simsec/sec=0.811608   ev/simsec=58776.3
     Messages:  created: 22906086   present: 8041   in FES: 158
** Event #17873152   t=440.602563815844   Elapsed: 487.395s (8m 07s)  88% completed  (44% total)
     Speed:     ev/sec=46575   simsec/sec=0.752417   ev/simsec=61900.4
     Messages:  created: 23028129   present: 8099   in FES: 159
** Event #17949952   t=441.412394668412   Elapsed: 489.399s (8m 09s)  88% completed  (44% total)
     Speed:     ev/sec=38336.1   simsec/sec=0.404242   ev/simsec=94834.6
     Messages:  created: 23130975   present: 8088   in FES: 158
** Event #18047232   t=443.170138254889   Elapsed: 491.401s (8m 11s)  88% completed  (44% total)
     Speed:     ev/sec=48582.9   simsec/sec=0.87784   ev/simsec=55343.7
     Messages:  created: 23258168   present: 8093   in FES: 159
** Event #18134016   t=444.24729828527   Elapsed: 493.404s (8m 13s)  88% completed  (44% total)
     Speed:     ev/sec=43317.9   simsec/sec=0.53766   ev/simsec=80567.4
     Messages:  created: 23373558   present: 8045   in FES: 158
** Event #18211840   t=445.826234782843   Elapsed: 495.522s (8m 15s)  89% completed  (44% total)
     Speed:     ev/sec=36756.4   simsec/sec=0.745733   ev/simsec=49288.9
     Messages:  created: 23474860   present: 8069   in FES: 153
** Event #18290688   t=447.574510364618   Elapsed: 497.524s (8m 17s)  89% completed  (44% total)
     Speed:     ev/sec=39369.4   simsec/sec=0.872927   ev/simsec=45100.4
     Messages:  created: 23577700   present: 8121   in FES: 154
** Event #18365952   t=449.347534600962   Elapsed: 499.532s (8m 19s)  89% completed  (44% total)
     Speed:     ev/sec=37490.6   simsec/sec=0.883182   ev/simsec=42449.5
     Messages:  created: 23676397   present: 8142   in FES: 155
** Event #18439680   t=451.071480883389   Elapsed: 501.539s (8m 21s)  90% completed  (45% total)
     Speed:     ev/sec=36728.4   simsec/sec=0.858803   ev/simsec=42767
     Messages:  created: 23773146   present: 8181   in FES: 149
** Event #18515712   t=452.89127418413   Elapsed: 503.542s (8m 23s)  90% completed  (45% total)
     Speed:     ev/sec=37965.3   simsec/sec=0.908684   ev/simsec=41780.6
     Messages:  created: 23873026   present: 8180   in FES: 143
** Event #18577152   t=454.28871476414   Elapsed: 505.549s (8m 25s)  90% completed  (45% total)
     Speed:     ev/sec=30608.7   simsec/sec=0.69619   ev/simsec=43966.1
     Messages:  created: 23953079   present: 8330   in FES: 184
** Event #18648576   t=456.039334816684   Elapsed: 507.551s (8m 27s)  91% completed  (45% total)
     Speed:     ev/sec=35675   simsec/sec=0.874402   ev/simsec=40799.3
     Messages:  created: 24047068   present: 8275   in FES: 151
** Event #18728192   t=458.053374540189   Elapsed: 509.558s (8m 29s)  91% completed  (45% total)
     Speed:     ev/sec=39683.1   simsec/sec=1.00386   ev/simsec=39530.5
     Messages:  created: 24150613   present: 8349   in FES: 158
** Event #18816000   t=460.238168082381   Elapsed: 511.558s (8m 31s)  92% completed  (46% total)
     Speed:     ev/sec=43903.5   simsec/sec=1.09238   ev/simsec=40190.5
     Messages:  created: 24263518   present: 8338   in FES: 127
** Event #18889984   t=462.086879754851   Elapsed: 513.643s (8m 33s)  92% completed  (46% total)
     Speed:     ev/sec=35473.9   simsec/sec=0.886422   ev/simsec=40019.2
     Messages:  created: 24359152   present: 8465   in FES: 155
** Event #18980352   t=464.324369534017   Elapsed: 515.648s (8m 35s)  92% completed  (46% total)
     Speed:     ev/sec=45081.7   simsec/sec=1.11621   ev/simsec=40388.1
     Messages:  created: 24475757   present: 8539   in FES: 159
** Event #19064064   t=466.495689115739   Elapsed: 517.652s (8m 37s)  93% completed  (46% total)
     Speed:     ev/sec=41758.9   simsec/sec=1.08314   ev/simsec=38553.5
     Messages:  created: 24583719   present: 8606   in FES: 156
** Event #19150592   t=468.7   Elapsed: 519.655s (8m 39s)  93% completed  (46% total)
     Speed:     ev/sec=43205   simsec/sec=1.10065   ev/simsec=39254
     Messages:  created: 24696143   present: 8581   in FES: 124
** Event #19227904   t=470.71674235751   Elapsed: 521.656s (8m 41s)  94% completed  (47% total)
     Speed:     ev/sec=38642.4   simsec/sec=1.00802   ev/simsec=38335.1
     Messages:  created: 24796504   present: 8719   in FES: 154
** Event #19327232   t=473.257203203148   Elapsed: 523.666s (8m 43s)  94% completed  (47% total)
     Speed:     ev/sec=49400.6   simsec/sec=1.26349   ev/simsec=39098.4
     Messages:  created: 24924812   present: 8821   in FES: 169
** Event #19410176   t=475.413186564513   Elapsed: 525.667s (8m 45s)  95% completed  (47% total)
     Speed:     ev/sec=41462.5   simsec/sec=1.07774   ev/simsec=38471.5
     Messages:  created: 25031503   present: 6781   in FES: 156
** Event #19482624   t=477.208273836557   Elapsed: 527.67s (8m 47s)  95% completed  (47% total)
     Speed:     ev/sec=36175.6   simsec/sec=0.896344   ev/simsec=40359
     Messages:  created: 25124722   present: 5571   in FES: 260
** Event #19557376   t=477.443398164795   Elapsed: 529.675s (8m 49s)  95% completed  (47% total)
     Speed:     ev/sec=37275.4   simsec/sec=0.117246   ev/simsec=317925
     Messages:  created: 25228053   present: 5614   in FES: 155
** Event #19636992   t=478.48865230702   Elapsed: 531.678s (8m 51s)  95% completed  (47% total)
     Speed:     ev/sec=39750.4   simsec/sec=0.52187   ev/simsec=76169
     Messages:  created: 25334616   present: 5471   in FES: 147
** Event #19718912   t=480.539240738216   Elapsed: 533.684s (8m 53s)  96% completed  (48% total)
     Speed:     ev/sec=40837.6   simsec/sec=1.02223   ev/simsec=39949.5
     Messages:  created: 25440149   present: 5517   in FES: 134
** Event #19783680   t=482.16661111209   Elapsed: 535.684s (8m 55s)  96% completed  (48% total)
     Speed:     ev/sec=32377.5   simsec/sec=0.813522   ev/simsec=39799.2
     Messages:  created: 25523366   present: 5587   in FES: 132
** Event #19866624   t=484.243635888183   Elapsed: 537.69s (8m 57s)  96% completed  (48% total)
     Speed:     ev/sec=41344.4   simsec/sec=1.03532   ev/simsec=39934
     Messages:  created: 25629736   present: 5680   in FES: 155
** Event #19944704   t=486.09985193348   Elapsed: 539.693s (8m 59s)  97% completed  (48% total)
     Speed:     ev/sec=38991.2   simsec/sec=0.926948   ev/simsec=42064.1
     Messages:  created: 25729471   present: 5739   in FES: 157
** Event #20026112   t=488.0806979822   Elapsed: 541.693s (9m 01s)  97% completed  (48% total)
     Speed:     ev/sec=40698.9   simsec/sec=0.990298   ev/simsec=41097.6
     Messages:  created: 25833802   present: 5705   in FES: 124
** Event #20108544   t=490.006970376452   Elapsed: 543.802s (9m 03s)  98% completed  (49% total)
     Speed:     ev/sec=39088.6   simsec/sec=0.913424   ev/simsec=42793.5
     Messages:  created: 25940972   present: 5837   in FES: 156
** Event #20186880   t=491.706599590928   Elapsed: 545.805s (9m 05s)  98% completed  (49% total)
     Speed:     ev/sec=39106   simsec/sec=0.84847   ev/simsec=46090.1
     Messages:  created: 26041777   present: 5863   in FES: 156
** Event #20261632   t=493.255681691097   Elapsed: 547.806s (9m 07s)  98% completed  (49% total)
     Speed:     ev/sec=37359.8   simsec/sec=0.774205   ev/simsec=48255.7
     Messages:  created: 26138532   present: 5872   in FES: 141
** Event #20335616   t=494.885820436049   Elapsed: 549.811s (9m 09s)  98% completed  (49% total)
     Speed:     ev/sec=36902.3   simsec/sec=0.813094   ev/simsec=45385.1
     Messages:  created: 26235302   present: 5902   in FES: 133
** Event #20403200   t=496.029134569227   Elapsed: 551.814s (9m 11s)  99% completed  (49% total)
     Speed:     ev/sec=33747.4   simsec/sec=0.570903   ev/simsec=59112.4
     Messages:  created: 26324468   present: 5980   in FES: 140
** Event #20489728   t=496.488068281183   Elapsed: 553.818s (9m 13s)  99% completed  (49% total)
     Speed:     ev/sec=43169   simsec/sec=0.228963   ev/simsec=188541
     Messages:  created: 26442291   present: 6004   in FES: 156
** Event #20577024   t=496.974574219797   Elapsed: 555.819s (9m 15s)  99% completed  (49% total)
     Speed:     ev/sec=43631.9   simsec/sec=0.243163   ev/simsec=179435
     Messages:  created: 26562702   present: 6082   in FES: 158
** Event #20667648   t=497.428773525603   Elapsed: 557.824s (9m 17s)  99% completed  (49% total)
     Speed:     ev/sec=45187.9   simsec/sec=0.226478   ev/simsec=199525
     Messages:  created: 26686547   present: 6106   in FES: 156
** Event #20741376   t=497.863328530339   Elapsed: 559.831s (9m 19s)  99% completed  (49% total)
     Speed:     ev/sec=36739.3   simsec/sec=0.216542   ev/simsec=169663
     Messages:  created: 26788025   present: 6041   in FES: 137
** Event #20807936   t=498.261802687473   Elapsed: 561.832s (9m 21s)  99% completed  (49% total)
     Speed:     ev/sec=33269.7   simsec/sec=0.199175   ev/simsec=167037
     Messages:  created: 26878611   present: 6076   in FES: 156
** Event #20876800   t=499.139437433535   Elapsed: 563.836s (9m 23s)  99% completed  (49% total)
     Speed:     ev/sec=34364.7   simsec/sec=0.43796   ev/simsec=78465.4
     Messages:  created: 26970726   present: 6080   in FES: 156
** Event #20947200   t=499.882504989907   Elapsed: 565.84s (9m 25s)  99% completed  (49% total)
     Speed:     ev/sec=35121.6   simsec/sec=0.370706   ev/simsec=94742.4
     Messages:  created: 27065609   present: 6014   in FES: 128
** Event #20962935   t=500   Elapsed: 566.177s (9m 26s)  100% completed  (50% total)
     Speed:     ev/sec=46678.2   simsec/sec=0.348573   ev/simsec=133912
     Messages:  created: 27087125   present: 6002   in FES: 126

<!> Simulation time limit reached -- at t=500s, event #20962935
undisposed object: (omnetpp::cMessage) FanetReconNetwork.groundStation.app.debugTimer -- check module destructor
undisposed object: (omnetpp::cMessage) FanetReconNetwork.uav[0].app.debugTimer -- check module destructor
undisposed object: (omnetpp::cMessage) FanetReconNetwork.uav[1].app.debugTimer -- check module destructor
undisposed object: (omnetpp::cMessage) FanetReconNetwork.uav[2].app.debugTimer -- check module destructor
undisposed object: (omnetpp::cMessage) FanetReconNetwork.uav[3].app.debugTimer -- check module destructor
undisposed object: (omnetpp::cMessage) FanetReconNetwork.uav[4].app.debugTimer -- check module destructor
undisposed object: (omnetpp::cMessage) FanetReconNetwork.uav[5].app.debugTimer -- check module destructor
undisposed object: (omnetpp::cMessage) FanetReconNetwork.uav[6].app.debugTimer -- check module destructor
undisposed object: (omnetpp::cMessage) FanetReconNetwork.uav[7].app.debugTimer -- check module destructor
undisposed object: (omnetpp::cMessage) FanetReconNetwork.uav[8].app.debugTimer -- check module destructor
undisposed object: (omnetpp::cMessage) FanetReconNetwork.uav[9].app.debugTimer -- check module destructor
undisposed object: (omnetpp::cMessage) FanetReconNetwork.uav[10].app.debugTimer -- check module destructor
undisposed object: (omnetpp::cMessage) FanetReconNetwork.uav[11].app.debugTimer -- check module destructor
undisposed object: (omnetpp::cMessage) FanetReconNetwork.uav[12].app.debugTimer -- check module destructor
undisposed object: (omnetpp::cMessage) FanetReconNetwork.uav[13].app.debugTimer -- check module destructor
undisposed object: (omnetpp::cMessage) FanetReconNetwork.uav[14].app.debugTimer -- check module destructor
undisposed object: (omnetpp::cMessage) FanetReconNetwork.uav[15].app.debugTimer -- check module destructor
undisposed object: (omnetpp::cMessage) FanetReconNetwork.uav[16].app.debugTimer -- check module destructor
undisposed object: (omnetpp::cMessage) FanetReconNetwork.uav[17].app.debugTimer -- check module destructor
undisposed object: (omnetpp::cMessage) FanetReconNetwork.uav[18].app.debugTimer -- check module destructor
undisposed object: (omnetpp::cMessage) FanetReconNetwork.uav[19].app.debugTimer -- check module destructor
undisposed object: (omnetpp::cMessage) FanetReconNetwork.uav[20].app.debugTimer -- check module destructor
undisposed object: (omnetpp::cMessage) FanetReconNetwork.uav[21].app.debugTimer -- check module destructor
undisposed object: (omnetpp::cMessage) FanetReconNetwork.uav[22].app.debugTimer -- check module destructor
undisposed object: (omnetpp::cMessage) FanetReconNetwork.uav[23].app.debugTimer -- check module destructor
undisposed object: (omnetpp::cMessage) FanetReconNetwork.uav[24].app.debugTimer -- check module destructor
undisposed object: (omnetpp::cMessage) FanetReconNetwork.uav[25].app.debugTimer -- check module destructor
undisposed object: (omnetpp::cMessage) FanetReconNetwork.uav[26].app.debugTimer -- check module destructor
undisposed object: (omnetpp::cMessage) FanetReconNetwork.uav[27].app.debugTimer -- check module destructor
undisposed object: (omnetpp::cMessage) FanetReconNetwork.uav[28].app.debugTimer -- check module destructor
undisposed object: (omnetpp::cMessage) FanetReconNetwork.uav[29].app.debugTimer -- check module destructor
