** Event #0   t=0   Elapsed: 2.5e-05s (0m 00s)  0% completed  (0% total)
     Speed:     ev/sec=0   simsec/sec=0   ev/simsec=0
     Messages:  created: 1938   present: 1938   in FES: 306
** Event #65792   t=4.495665364597   Elapsed: 2.00093s (0m 02s)  0% completed  (0% total)
     Speed:     ev/sec=32881.6   simsec/sec=2.24681   ev/simsec=14634.8
     Messages:  created: 72620   present: 1968   in FES: 247
** Event #125440   t=8.215804940159   Elapsed: 4.00612s (0m 04s)  1% completed  (0% total)
     Speed:     ev/sec=29746.8   simsec/sec=1.85526   ev/simsec=16033.8
     Messages:  created: 137560   present: 1931   in FES: 234
** Event #184832   t=12.062493266849   Elapsed: 6.00895s (0m 06s)  2% completed  (1% total)
     Speed:     ev/sec=29654   simsec/sec=1.92062   ev/simsec=15439.8
     Messages:  created: 201962   present: 1964   in FES: 239
** Event #245760   t=16.003203048949   Elapsed: 8.01307s (0m 08s)  3% completed  (1% total)
     Speed:     ev/sec=30401.4   simsec/sec=1.96631   ev/simsec=15461.2
     Messages:  created: 267478   present: 1840   in FES: 203
** Event #307712   t=19.277584505637   Elapsed: 10.0215s (0m 10s)  3% completed  (1% total)
     Speed:     ev/sec=30845.6   simsec/sec=1.6303   ev/simsec=18920.2
     Messages:  created: 334374   present: 1955   in FES: 242
** Event #368896   t=23.088877017856   Elapsed: 12.0258s (0m 12s)  4% completed  (2% total)
     Speed:     ev/sec=30526.7   simsec/sec=1.90158   ev/simsec=16053.3
     Messages:  created: 399950   present: 1987   in FES: 254
** Event #429056   t=27.023226677199   Elapsed: 14.0269s (0m 14s)  5% completed  (2% total)
     Speed:     ev/sec=30064   simsec/sec=1.96613   ev/simsec=15291
     Messages:  created: 464294   present: 1916   in FES: 227
** Event #487936   t=30.231674820155   Elapsed: 16.0277s (0m 16s)  6% completed  (3% total)
     Speed:     ev/sec=29428.4   simsec/sec=1.60359   ev/simsec=18351.6
     Messages:  created: 528280   present: 1868   in FES: 213
** Event #540672   t=33.4732008757   Elapsed: 18.0281s (0m 18s)  6% completed  (3% total)
     Speed:     ev/sec=26361.6   simsec/sec=1.62037   ev/simsec=16268.9
     Messages:  created: 585794   present: 1977   in FES: 248
** Event #602368   t=37.3   Elapsed: 20.0356s (0m 20s)  7% completed  (3% total)
     Speed:     ev/sec=30732.7   simsec/sec=1.90625   ev/simsec=16122.1
     Messages:  created: 653178   present: 1838   in FES: 203
** Event #602624   t=37.3065223389   Elapsed: 25.1881s (0m 25s)  7% completed  (3% total)
     Speed:     ev/sec=49.685   simsec/sec=0.00126587   ev/simsec=39249.7
     Messages:  created: 653514   present: 1976   in FES: 249
** Event #664576   t=41.179606063328   Elapsed: 27.1923s (0m 27s)  8% completed  (4% total)
     Speed:     ev/sec=30911.9   simsec/sec=1.93253   ev/simsec=15995.5
     Messages:  created: 720938   present: 1967   in FES: 246
** Event #705792   t=44.03513315068   Elapsed: 29.2043s (0m 29s)  8% completed  (4% total)
     Speed:     ev/sec=20484.4   simsec/sec=1.4192   ev/simsec=14433.8
     Messages:  created: 765220   present: 1932   in FES: 231
** Event #738048   t=46.027574700266   Elapsed: 31.2172s (0m 31s)  9% completed  (4% total)
     Speed:     ev/sec=16024.5   simsec/sec=0.989827   ev/simsec=16189.2
     Messages:  created: 800103   present: 1996   in FES: 254
** Event #769024   t=47.499896955464   Elapsed: 33.2284s (0m 33s)  9% completed  (4% total)
     Speed:     ev/sec=15402.2   simsec/sec=0.732083   ev/simsec=21038.9
     Messages:  created: 833580   present: 1976   in FES: 249
** Event #817152   t=50.373267581982   Elapsed: 35.237s (0m 35s)  10% completed  (5% total)
     Speed:     ev/sec=23960.6   simsec/sec=1.43051   ev/simsec=16749.7
     Messages:  created: 884836   present: 1874   in FES: 215
** Event #874752   t=54.059691330917   Elapsed: 37.2388s (0m 37s)  10% completed  (5% total)
     Speed:     ev/sec=28774.1   simsec/sec=1.84156   ev/simsec=15624.9
     Messages:  created: 945966   present: 1977   in FES: 254
** Event #907008   t=56.04424951588   Elapsed: 39.2393s (0m 39s)  11% completed  (5% total)
     Speed:     ev/sec=16124.1   simsec/sec=0.992038   ev/simsec=16253.5
     Messages:  created: 980068   present: 1993   in FES: 252
** Event #937728   t=58.003199034959   Elapsed: 41.248s (0m 41s)  11% completed  (5% total)
     Speed:     ev/sec=15293.8   simsec/sec=0.975252   ev/simsec=15681.9
     Messages:  created: 1012690   present: 1981   in FES: 250
** Event #969984   t=59.46743488894   Elapsed: 43.2553s (0m 43s)  11% completed  (5% total)
     Speed:     ev/sec=16069.2   simsec/sec=0.729447   ev/simsec=22029.2
     Messages:  created: 1047223   present: 1976   in FES: 254
** Event #1002752   t=61.38651668957   Elapsed: 45.2587s (0m 45s)  12% completed  (6% total)
     Speed:     ev/sec=16355.9   simsec/sec=0.957894   ev/simsec=17074.8
     Messages:  created: 1081994   present: 1973   in FES: 248
** Event #1035776   t=63.354957876352   Elapsed: 47.2633s (0m 47s)  12% completed  (6% total)
     Speed:     ev/sec=16474   simsec/sec=0.981958   ev/simsec=16776.7
     Messages:  created: 1117168   present: 1967   in FES: 246
** Event #1069312   t=65.35495875142   Elapsed: 49.2682s (0m 49s)  13% completed  (6% total)
     Speed:     ev/sec=16726.8   simsec/sec=0.997543   ev/simsec=16768
     Messages:  created: 1152898   present: 1940   in FES: 237
** Event #1123072   t=69.012283801716   Elapsed: 51.2723s (0m 51s)  13% completed  (6% total)
     Speed:     ev/sec=26825.2   simsec/sec=1.82493   ev/simsec=14699.3
     Messages:  created: 1209538   present: 1977   in FES: 254
** Event #1179136   t=72.0820626421   Elapsed: 53.2826s (0m 53s)  14% completed  (7% total)
     Speed:     ev/sec=27888.5   simsec/sec=1.52703   ev/simsec=18263.2
     Messages:  created: 1269236   present: 1897   in FES: 220
** Event #1236480   t=75.303911295673   Elapsed: 55.2861s (0m 55s)  15% completed  (7% total)
     Speed:     ev/sec=28622.6   simsec/sec=1.60815   ev/simsec=17798.5
     Messages:  created: 1330204   present: 1968   in FES: 247
** Event #1236736   t=75.314751335618   Elapsed: 57.7033s (0m 57s)  15% completed  (7% total)
     Speed:     ev/sec=105.908   simsec/sec=0.00448456   ev/simsec=23616.1
     Messages:  created: 1330513   present: 1962   in FES: 254
** Event #1269504   t=77.272889426074   Elapsed: 59.7126s (0m 59s)  15% completed  (7% total)
     Speed:     ev/sec=16307.8   simsec/sec=0.974516   ev/simsec=16734.3
     Messages:  created: 1365280   present: 1846   in FES: 205
** Event #1317376   t=80.168003155699   Elapsed: 61.7177s (1m 01s)  16% completed  (8% total)
     Speed:     ev/sec=23875.6   simsec/sec=1.4439   ev/simsec=16535.4
     Messages:  created: 1416281   present: 1984   in FES: 254
** Event #1358848   t=83.022823494425   Elapsed: 63.7255s (1m 03s)  16% completed  (8% total)
     Speed:     ev/sec=20654.8   simsec/sec=1.42182   ev/simsec=14527
     Messages:  created: 1460126   present: 1977   in FES: 248
** Event #1414656   t=86.084426922986   Elapsed: 65.7279s (1m 05s)  17% completed  (8% total)
     Speed:     ev/sec=27871.3   simsec/sec=1.52901   ev/simsec=18228.4
     Messages:  created: 1519816   present: 1991   in FES: 254
** Event #1414912   t=86.085089127593   Elapsed: 68.7519s (1m 08s)  17% completed  (8% total)
     Speed:     ev/sec=84.6548   simsec/sec=0.00021898   ev/simsec=386587
     Messages:  created: 1520028   present: 1950   in FES: 237
** Event #1447424   t=88.080724522551   Elapsed: 70.7557s (1m 10s)  17% completed  (8% total)
     Speed:     ev/sec=16225.3   simsec/sec=0.99593   ev/simsec=16291.6
     Messages:  created: 1554876   present: 1955   in FES: 254
** Event #1479680   t=90.064277543984   Elapsed: 72.7664s (1m 12s)  18% completed  (9% total)
     Speed:     ev/sec=16042.7   simsec/sec=0.986534   ev/simsec=16261.7
     Messages:  created: 1589474   present: 1992   in FES: 249
** Event #1512448   t=92.061523361664   Elapsed: 74.7689s (1m 14s)  18% completed  (9% total)
     Speed:     ev/sec=16363.6   simsec/sec=0.997377   ev/simsec=16406.6
     Messages:  created: 1624590   present: 1902   in FES: 219
** Event #1545472   t=94.061464762921   Elapsed: 76.7782s (1m 16s)  18% completed  (9% total)
     Speed:     ev/sec=16434.9   simsec/sec=0.995302   ev/simsec=16512.5
     Messages:  created: 1660035   present: 1853   in FES: 204
** Event #1576448   t=96.035131846439   Elapsed: 78.7807s (1m 18s)  19% completed  (9% total)
     Speed:     ev/sec=15468.9   simsec/sec=0.985619   ev/simsec=15694.6
     Messages:  created: 1693098   present: 1966   in FES: 243
** Event #1608960   t=98.023225312698   Elapsed: 80.7823s (1m 20s)  19% completed  (9% total)
     Speed:     ev/sec=16243   simsec/sec=0.993251   ev/simsec=16353.4
     Messages:  created: 1727762   present: 1977   in FES: 248
** Event #1641472   t=100.011414103712   Elapsed: 82.785s (1m 22s)  20% completed  (10% total)
     Speed:     ev/sec=16233.9   simsec/sec=0.992746   ev/simsec=16352.6
     Messages:  created: 1762518   present: 1985   in FES: 254
** Event #1676288   t=100.346455196852   Elapsed: 84.7851s (1m 24s)  20% completed  (10% total)
     Speed:     ev/sec=17407.2   simsec/sec=0.167513   ev/simsec=103916
     Messages:  created: 1807398   present: 2055   in FES: 267
** Event #1712640   t=100.494668999635   Elapsed: 86.7888s (1m 26s)  20% completed  (10% total)
     Speed:     ev/sec=18142.3   simsec/sec=0.0739696   ev/simsec=245267
     Messages:  created: 1857966   present: 2020   in FES: 254
** Event #1712896   t=100.495487407388   Elapsed: 97.5228s (1m 37s)  20% completed  (10% total)
     Speed:     ev/sec=23.8495   simsec/sec=7.62447e-05   ev/simsec=312803
     Messages:  created: 1858289   present: 1931   in FES: 225
** Event #1831168   t=101.043705395168   Elapsed: 99.5231s (1m 39s)  20% completed  (10% total)
     Speed:     ev/sec=59125.4   simsec/sec=0.27406   ev/simsec=215739
     Messages:  created: 2024215   present: 2044   in FES: 257
** Event #1940480   t=101.492439511002   Elapsed: 101.525s (1m 41s)  20% completed  (10% total)
     Speed:     ev/sec=54604.3   simsec/sec=0.224155   ev/simsec=243601
     Messages:  created: 2175601   present: 2021   in FES: 252
** Event #1990656   t=101.758533557466   Elapsed: 103.528s (1m 43s)  20% completed  (10% total)
     Speed:     ev/sec=25047   simsec/sec=0.13283   ev/simsec=188565
     Messages:  created: 2246367   present: 1894   in FES: 216
** Event #2101504   t=102.279095910098   Elapsed: 105.531s (1m 45s)  20% completed  (10% total)
     Speed:     ev/sec=55338.1   simsec/sec=0.259878   ev/simsec=212939
     Messages:  created: 2399792   present: 2003   in FES: 256
** Event #2216960   t=102.903236353818   Elapsed: 107.533s (1m 47s)  20% completed  (10% total)
     Speed:     ev/sec=57685.9   simsec/sec=0.311843   ev/simsec=184984
     Messages:  created: 2561462   present: 1990   in FES: 258
** Event #2328064   t=103.471078316868   Elapsed: 109.537s (1m 49s)  20% completed  (10% total)
     Speed:     ev/sec=55424.3   simsec/sec=0.283268   ev/simsec=195660
     Messages:  created: 2713732   present: 1993   in FES: 267
** Event #2427136   t=104.027628128393   Elapsed: 111.54s (1m 51s)  20% completed  (10% total)
     Speed:     ev/sec=49476.1   simsec/sec=0.277938   ev/simsec=178011
     Messages:  created: 2851805   present: 1913   in FES: 216
** Event #2535168   t=104.554124583863   Elapsed: 113.543s (1m 53s)  20% completed  (10% total)
     Speed:     ev/sec=53932.9   simsec/sec=0.262843   ev/simsec=205190
     Messages:  created: 3000437   present: 2019   in FES: 270
** Event #2610944   t=104.984857182696   Elapsed: 115.543s (1m 55s)  20% completed  (10% total)
     Speed:     ev/sec=37885.3   simsec/sec=0.215351   ev/simsec=175924
     Messages:  created: 3106568   present: 1904   in FES: 214
** Event #2682624   t=105.304048694479   Elapsed: 117.544s (1m 57s)  21% completed  (10% total)
     Speed:     ev/sec=35818.4   simsec/sec=0.159499   ev/simsec=224567
     Messages:  created: 3204240   present: 2045   in FES: 269
** Event #2766336   t=105.762524050848   Elapsed: 119.548s (1m 59s)  21% completed  (10% total)
     Speed:     ev/sec=41786.2   simsec/sec=0.228855   ev/simsec=182588
     Messages:  created: 3320456   present: 2041   in FES: 260
** Event #2868224   t=106.288230896185   Elapsed: 121.552s (2m 01s)  21% completed  (10% total)
     Speed:     ev/sec=50832.9   simsec/sec=0.26228   ev/simsec=193811
     Messages:  created: 3460208   present: 2079   in FES: 261
** Event #2980352   t=106.994814595285   Elapsed: 123.556s (2m 03s)  21% completed  (10% total)
     Speed:     ev/sec=55959.7   simsec/sec=0.352635   ev/simsec=158690
     Messages:  created: 3616226   present: 1912   in FES: 207
** Event #3083264   t=107.344821749457   Elapsed: 125.559s (2m 05s)  21% completed  (10% total)
     Speed:     ev/sec=51367.7   simsec/sec=0.174703   ev/simsec=294028
     Messages:  created: 3757537   present: 1887   in FES: 222
** Event #3083776   t=107.345746020249   Elapsed: 127.569s (2m 07s)  21% completed  (10% total)
     Speed:     ev/sec=254.737   simsec/sec=0.000459855   ev/simsec=553950
     Messages:  created: 3758340   present: 2008   in FES: 264
** Event #3118848   t=107.543358140577   Elapsed: 129.573s (2m 09s)  21% completed  (10% total)
     Speed:     ev/sec=17503.1   simsec/sec=0.0986209   ev/simsec=177479
     Messages:  created: 3807310   present: 2199   in FES: 307
** Event #3155200   t=107.778504483633   Elapsed: 131.585s (2m 11s)  21% completed  (10% total)
     Speed:     ev/sec=18069.8   simsec/sec=0.116886   ev/simsec=154593
     Messages:  created: 3858283   present: 1932   in FES: 238
** Event #3191296   t=108.018907760878   Elapsed: 133.588s (2m 13s)  21% completed  (10% total)
     Speed:     ev/sec=18019.5   simsec/sec=0.120012   ev/simsec=150148
     Messages:  created: 3908713   present: 1983   in FES: 246
** Event #3221760   t=108.150379361117   Elapsed: 135.594s (2m 15s)  21% completed  (10% total)
     Speed:     ev/sec=15186   simsec/sec=0.0655372   ev/simsec=231715
     Messages:  created: 3949377   present: 1984   in FES: 266
** Event #3256320   t=108.319937840206   Elapsed: 137.599s (2m 17s)  21% completed  (10% total)
     Speed:     ev/sec=17240   simsec/sec=0.0845829   ev/simsec=203823
     Messages:  created: 3997118   present: 2075   in FES: 259
** Event #3256576   t=108.320703962585   Elapsed: 147.409s (2m 27s)  21% completed  (10% total)
     Speed:     ev/sec=26.0947   simsec/sec=7.80926e-05   ev/simsec=334150
     Messages:  created: 3997469   present: 2070   in FES: 258
** Event #3322880   t=108.762536730182   Elapsed: 149.411s (2m 29s)  21% completed  (10% total)
     Speed:     ev/sec=33122   simsec/sec=0.220717   ev/simsec=150066
     Messages:  created: 4089812   present: 1967   in FES: 266
** Event #3396608   t=109.196584343236   Elapsed: 151.413s (2m 31s)  21% completed  (10% total)
     Speed:     ev/sec=36821.7   simsec/sec=0.216775   ev/simsec=169862
     Messages:  created: 4190741   present: 1995   in FES: 255
** Event #3468288   t=109.595113269816   Elapsed: 153.414s (2m 33s)  21% completed  (10% total)
     Speed:     ev/sec=35822.9   simsec/sec=0.199169   ev/simsec=179861
     Messages:  created: 4290282   present: 1932   in FES: 233
** Event #3506688   t=109.861897087734   Elapsed: 155.418s (2m 35s)  21% completed  (10% total)
     Speed:     ev/sec=19156.9   simsec/sec=0.133093   ev/simsec=143937
     Messages:  created: 4344218   present: 1985   in FES: 259
** Event #3589376   t=110.304251975623   Elapsed: 157.421s (2m 37s)  22% completed  (11% total)
     Speed:     ev/sec=41300.5   simsec/sec=0.220945   ev/simsec=186927
     Messages:  created: 4457509   present: 1979   in FES: 258
** Event #3635456   t=110.582716166816   Elapsed: 159.425s (2m 39s)  22% completed  (11% total)
     Speed:     ev/sec=22992.5   simsec/sec=0.138945   ev/simsec=165479
     Messages:  created: 4521258   present: 1962   in FES: 255
** Event #3651072   t=110.695420677253   Elapsed: 161.429s (2m 41s)  22% completed  (11% total)
     Speed:     ev/sec=7792.19   simsec/sec=0.0562381   ev/simsec=138557
     Messages:  created: 4543181   present: 1961   in FES: 254
** Event #3688192   t=110.954761006027   Elapsed: 163.43s (2m 43s)  22% completed  (11% total)
     Speed:     ev/sec=18546.1   simsec/sec=0.129573   ev/simsec=143132
     Messages:  created: 4595141   present: 1989   in FES: 255
** Event #3725824   t=111.131567139893   Elapsed: 165.43s (2m 45s)  22% completed  (11% total)
     Speed:     ev/sec=18815.4   simsec/sec=0.0884003   ev/simsec=212843
     Messages:  created: 4645775   present: 1857   in FES: 208
** Event #3761408   t=111.31959101558   Elapsed: 167.436s (2m 47s)  22% completed  (11% total)
     Speed:     ev/sec=17737.8   simsec/sec=0.0937253   ev/simsec=189253
     Messages:  created: 4695034   present: 2075   in FES: 272
** Event #3797504   t=111.543423495846   Elapsed: 169.445s (2m 49s)  22% completed  (11% total)
     Speed:     ev/sec=17971.9   simsec/sec=0.111445   ev/simsec=161263
     Messages:  created: 4745089   present: 2045   in FES: 256
** Event #3834624   t=111.798180188063   Elapsed: 171.453s (2m 51s)  22% completed  (11% total)
     Speed:     ev/sec=18483.8   simsec/sec=0.126856   ev/simsec=145708
     Messages:  created: 4797273   present: 2015   in FES: 258
** Event #3871744   t=112.040278379038   Elapsed: 173.459s (2m 53s)  22% completed  (11% total)
     Speed:     ev/sec=18502.8   simsec/sec=0.120676   ev/simsec=153326
     Messages:  created: 4848764   present: 1994   in FES: 243
** Event #3908096   t=112.181697985032   Elapsed: 175.468s (2m 55s)  22% completed  (11% total)
     Speed:     ev/sec=18098.6   simsec/sec=0.0704087   ev/simsec=257051
     Messages:  created: 4898203   present: 2038   in FES: 257
** Event #3944192   t=112.362411177019   Elapsed: 177.48s (2m 57s)  22% completed  (11% total)
     Speed:     ev/sec=17937.6   simsec/sec=0.089804   ev/simsec=199742
     Messages:  created: 4947727   present: 2005   in FES: 262
** Event #3980544   t=112.556015891486   Elapsed: 179.482s (2m 59s)  22% completed  (11% total)
     Speed:     ev/sec=18160   simsec/sec=0.096717   ev/simsec=187764
     Messages:  created: 4998028   present: 2178   in FES: 311
** Event #4017664   t=112.753483735143   Elapsed: 181.486s (3m 01s)  22% completed  (11% total)
     Speed:     ev/sec=18522.8   simsec/sec=0.0985361   ev/simsec=187980
     Messages:  created: 5049866   present: 2069   in FES: 260
** Event #4049664   t=112.946826129123   Elapsed: 183.494s (3m 03s)  22% completed  (11% total)
     Speed:     ev/sec=15932.5   simsec/sec=0.0962632   ev/simsec=165509
     Messages:  created: 5094618   present: 2222   in FES: 309
** Event #4086784   t=113.138020387875   Elapsed: 185.503s (3m 05s)  22% completed  (11% total)
     Speed:     ev/sec=18480   simsec/sec=0.0951851   ev/simsec=194148
     Messages:  created: 5144192   present: 2134   in FES: 261
** Event #4122624   t=113.342252906487   Elapsed: 187.503s (3m 07s)  22% completed  (11% total)
     Speed:     ev/sec=17919.2   simsec/sec=0.102112   ev/simsec=175486
     Messages:  created: 5193040   present: 1988   in FES: 214
** Event #4158976   t=113.523723377172   Elapsed: 189.506s (3m 09s)  22% completed  (11% total)
     Speed:     ev/sec=18149   simsec/sec=0.0906007   ev/simsec=200319
     Messages:  created: 5243300   present: 2110   in FES: 259
** Event #4227328   t=113.903707708713   Elapsed: 191.509s (3m 11s)  22% completed  (11% total)
     Speed:     ev/sec=34136.6   simsec/sec=0.189773   ev/simsec=179881
     Messages:  created: 5338536   present: 2181   in FES: 261
** Event #4264448   t=114.095476491207   Elapsed: 193.514s (3m 13s)  22% completed  (11% total)
     Speed:     ev/sec=18510.3   simsec/sec=0.0956278   ev/simsec=193566
     Messages:  created: 5388894   present: 2263   in FES: 279
** Event #4297472   t=114.250530248528   Elapsed: 195.519s (3m 15s)  22% completed  (11% total)
     Speed:     ev/sec=16472.1   simsec/sec=0.0773398   ev/simsec=212984
     Messages:  created: 5434332   present: 2199   in FES: 259
** Event #4330496   t=114.390681141322   Elapsed: 197.521s (3m 17s)  22% completed  (11% total)
     Speed:     ev/sec=16489.7   simsec/sec=0.0699807   ev/simsec=235632
     Messages:  created: 5479901   present: 2257   in FES: 268
** Event #4364032   t=114.57090690273   Elapsed: 199.53s (3m 19s)  22% completed  (11% total)
     Speed:     ev/sec=16692.4   simsec/sec=0.0897067   ev/simsec=186078
     Messages:  created: 5526326   present: 2204   in FES: 247
** Event #4398336   t=114.777565680447   Elapsed: 201.536s (3m 21s)  22% completed  (11% total)
     Speed:     ev/sec=17103.5   simsec/sec=0.103037   ev/simsec=165993
     Messages:  created: 5574333   present: 2219   in FES: 261
** Event #4444672   t=115.042781874943   Elapsed: 205.76s (3m 25s)  23% completed  (11% total)
     Speed:     ev/sec=10969.8   simsec/sec=0.0627888   ev/simsec=174710
     Messages:  created: 5638363   present: 2267   in FES: 264
** Event #4482560   t=115.225406915333   Elapsed: 207.773s (3m 27s)  23% completed  (11% total)
     Speed:     ev/sec=18823.5   simsec/sec=0.0907315   ev/simsec=207463
     Messages:  created: 5689503   present: 2229   in FES: 258
** Event #4564736   t=115.671785895335   Elapsed: 209.775s (3m 29s)  23% completed  (11% total)
     Speed:     ev/sec=41035.4   simsec/sec=0.222904   ev/simsec=184095
     Messages:  created: 5803099   present: 2111   in FES: 210
** Event #4666880   t=116.22030318962   Elapsed: 211.777s (3m 31s)  23% completed  (11% total)
     Speed:     ev/sec=51032.3   simsec/sec=0.274045   ev/simsec=186218
     Messages:  created: 5943582   present: 2250   in FES: 265
** Event #4768512   t=116.741099614642   Elapsed: 213.777s (3m 33s)  23% completed  (11% total)
     Speed:     ev/sec=50810.8   simsec/sec=0.260372   ev/simsec=195147
     Messages:  created: 6084591   present: 2275   in FES: 262
** Event #4871168   t=117.269041090304   Elapsed: 268.906s (4m 28s)  23% completed  (11% total)
     Speed:     ev/sec=1862.1   simsec/sec=0.00957644   ev/simsec=194446
     Messages:  created: 6225417   present: 2275   in FES: 244
** Event #4995584   t=117.914253846389   Elapsed: 270.91s (4m 30s)  23% completed  (11% total)
     Speed:     ev/sec=62105.9   simsec/sec=0.322077   ev/simsec=192829
     Messages:  created: 6398873   present: 2203   in FES: 218
** Event #5104384   t=118.500366395915   Elapsed: 272.915s (4m 32s)  23% completed  (11% total)
     Speed:     ev/sec=54247.3   simsec/sec=0.292234   ev/simsec=185630
     Messages:  created: 6547871   present: 2372   in FES: 263
** Event #5143040   t=118.711780587503   Elapsed: 274.928s (4m 34s)  23% completed  (11% total)
     Speed:     ev/sec=19205.8   simsec/sec=0.105039   ev/simsec=182845
     Messages:  created: 6602035   present: 2317   in FES: 235
** Event #5218816   t=118.902127019243   Elapsed: 276.936s (4m 36s)  23% completed  (11% total)
     Speed:     ev/sec=37733.7   simsec/sec=0.0947857   ev/simsec=398095
     Messages:  created: 6710205   present: 2520   in FES: 314
** Event #5275648   t=119.179523557888   Elapsed: 278.937s (4m 38s)  23% completed  (11% total)
     Speed:     ev/sec=28408.9   simsec/sec=0.138664   ev/simsec=204876
     Messages:  created: 6787779   present: 2270   in FES: 261
** Event #5311488   t=119.385422522569   Elapsed: 284.751s (4m 44s)  23% completed  (11% total)
     Speed:     ev/sec=6164.22   simsec/sec=0.0354131   ev/simsec=174066
     Messages:  created: 6836948   present: 2312   in FES: 259
** Event #5423104   t=120.086791469048   Elapsed: 286.754s (4m 46s)  24% completed  (12% total)
     Speed:     ev/sec=55722.7   simsec/sec=0.350149   ev/simsec=159140
     Messages:  created: 6990941   present: 2202   in FES: 226
** Event #5534464   t=120.505224441624   Elapsed: 288.758s (4m 48s)  24% completed  (12% total)
     Speed:     ev/sec=55562.9   simsec/sec=0.208776   ev/simsec=266136
     Messages:  created: 7146395   present: 2270   in FES: 243
** Event #5649920   t=120.75132736992   Elapsed: 290.759s (4m 50s)  24% completed  (12% total)
     Speed:     ev/sec=57693.8   simsec/sec=0.122979   ev/simsec=469137
     Messages:  created: 7310816   present: 2480   in FES: 317
** Event #5768704   t=120.999818501614   Elapsed: 292.761s (4m 52s)  24% completed  (12% total)
     Speed:     ev/sec=59343.2   simsec/sec=0.124144   ev/simsec=478021
     Messages:  created: 7480209   present: 2291   in FES: 261
** Event #5789940   t=121.037279249216   Elapsed: 305.945s (5m 05s)  24% completed  (12% total)
     Speed:     ev/sec=1610.67   simsec/sec=0.0028414   ev/simsec=566860
     Messages:  created: 7510046   present: 2350   in FES: 270

<!> SIGINT or SIGTERM received, exiting -- at t=121.037279249216s, event #5789940
undisposed object: (omnetpp::cMessage) FanetReconNetwork.groundStation.app.debugTimer -- check module destructor
undisposed object: (omnetpp::cMessage) FanetReconNetwork.uav[0].app.debugTimer -- check module destructor
undisposed object: (omnetpp::cMessage) FanetReconNetwork.uav[1].app.debugTimer -- check module destructor
undisposed object: (omnetpp::cMessage) FanetReconNetwork.uav[2].app.debugTimer -- check module destructor
undisposed object: (omnetpp::cMessage) FanetReconNetwork.uav[3].app.debugTimer -- check module destructor
undisposed object: (omnetpp::cMessage) FanetReconNetwork.uav[4].app.debugTimer -- check module destructor
undisposed object: (omnetpp::cMessage) FanetReconNetwork.uav[5].app.debugTimer -- check module destructor
undisposed object: (omnetpp::cMessage) FanetReconNetwork.uav[6].app.debugTimer -- check module destructor
undisposed object: (omnetpp::cMessage) FanetReconNetwork.uav[7].app.debugTimer -- check module destructor
undisposed object: (omnetpp::cMessage) FanetReconNetwork.uav[8].app.debugTimer -- check module destructor
undisposed object: (omnetpp::cMessage) FanetReconNetwork.uav[9].app.debugTimer -- check module destructor
undisposed object: (omnetpp::cMessage) FanetReconNetwork.uav[10].app.debugTimer -- check module destructor
undisposed object: (omnetpp::cMessage) FanetReconNetwork.uav[11].app.debugTimer -- check module destructor
undisposed object: (omnetpp::cMessage) FanetReconNetwork.uav[12].app.debugTimer -- check module destructor
undisposed object: (omnetpp::cMessage) FanetReconNetwork.uav[13].app.debugTimer -- check module destructor
undisposed object: (omnetpp::cMessage) FanetReconNetwork.uav[14].app.debugTimer -- check module destructor
undisposed object: (omnetpp::cMessage) FanetReconNetwork.uav[15].app.debugTimer -- check module destructor
undisposed object: (omnetpp::cMessage) FanetReconNetwork.uav[16].app.debugTimer -- check module destructor
undisposed object: (omnetpp::cMessage) FanetReconNetwork.uav[17].app.debugTimer -- check module destructor
undisposed object: (omnetpp::cMessage) FanetReconNetwork.uav[18].app.debugTimer -- check module destructor
undisposed object: (omnetpp::cMessage) FanetReconNetwork.uav[19].app.debugTimer -- check module destructor
undisposed object: (omnetpp::cMessage) FanetReconNetwork.uav[20].app.debugTimer -- check module destructor
undisposed object: (omnetpp::cMessage) FanetReconNetwork.uav[21].app.debugTimer -- check module destructor
undisposed object: (omnetpp::cMessage) FanetReconNetwork.uav[22].app.debugTimer -- check module destructor
undisposed object: (omnetpp::cMessage) FanetReconNetwork.uav[23].app.debugTimer -- check module destructor
undisposed object: (omnetpp::cMessage) FanetReconNetwork.uav[24].app.debugTimer -- check module destructor
undisposed object: (omnetpp::cMessage) FanetReconNetwork.uav[25].app.debugTimer -- check module destructor
undisposed object: (omnetpp::cMessage) FanetReconNetwork.uav[26].app.debugTimer -- check module destructor
undisposed object: (omnetpp::cMessage) FanetReconNetwork.uav[27].app.debugTimer -- check module destructor
undisposed object: (omnetpp::cMessage) FanetReconNetwork.uav[28].app.debugTimer -- check module destructor
undisposed object: (omnetpp::cMessage) FanetReconNetwork.uav[29].app.debugTimer -- check module destructor
undisposed object: (omnetpp::cMessage) FanetReconNetwork.uav[30].app.debugTimer -- check module destructor
undisposed object: (omnetpp::cMessage) FanetReconNetwork.uav[31].app.debugTimer -- check module destructor
undisposed object: (omnetpp::cMessage) FanetReconNetwork.uav[32].app.debugTimer -- check module destructor
undisposed object: (omnetpp::cMessage) FanetReconNetwork.uav[33].app.debugTimer -- check module destructor
undisposed object: (omnetpp::cMessage) FanetReconNetwork.uav[34].app.debugTimer -- check module destructor
undisposed object: (omnetpp::cMessage) FanetReconNetwork.uav[35].app.debugTimer -- check module destructor
undisposed object: (omnetpp::cMessage) FanetReconNetwork.uav[36].app.debugTimer -- check module destructor
undisposed object: (omnetpp::cMessage) FanetReconNetwork.uav[37].app.debugTimer -- check module destructor
undisposed object: (omnetpp::cMessage) FanetReconNetwork.uav[38].app.debugTimer -- check module destructor
undisposed object: (omnetpp::cMessage) FanetReconNetwork.uav[39].app.debugTimer -- check module destructor
undisposed object: (omnetpp::cMessage) FanetReconNetwork.uav[40].app.debugTimer -- check module destructor
undisposed object: (omnetpp::cMessage) FanetReconNetwork.uav[41].app.debugTimer -- check module destructor
undisposed object: (omnetpp::cMessage) FanetReconNetwork.uav[42].app.debugTimer -- check module destructor
undisposed object: (omnetpp::cMessage) FanetReconNetwork.uav[43].app.debugTimer -- check module destructor
undisposed object: (omnetpp::cMessage) FanetReconNetwork.uav[44].app.debugTimer -- check module destructor
undisposed object: (omnetpp::cMessage) FanetReconNetwork.uav[45].app.debugTimer -- check module destructor
undisposed object: (omnetpp::cMessage) FanetReconNetwork.uav[46].app.debugTimer -- check module destructor
undisposed object: (omnetpp::cMessage) FanetReconNetwork.uav[47].app.debugTimer -- check module destructor
undisposed object: (omnetpp::cMessage) FanetReconNetwork.uav[48].app.debugTimer -- check module destructor
undisposed object: (omnetpp::cMessage) FanetReconNetwork.uav[49].app.debugTimer -- check module destructor
