** Event #0   t=0   Elapsed: 1.8e-05s (0m 00s)  0% completed  (0% total)
     Speed:     ev/sec=0   simsec/sec=0   ev/simsec=0
     Messages:  created: 418   present: 418   in FES: 66
** Event #91648   t=91.052944954382   Elapsed: 2.00103s (0m 02s)  18% completed  (9% total)
     Speed:     ev/sec=45801.3   simsec/sec=45.5035   ev/simsec=1006.55
     Messages:  created: 78090   present: 422   in FES: 51
** Event #181504   t=127.097251737257   Elapsed: 4.00252s (0m 04s)  25% completed  (12% total)
     Speed:     ev/sec=44894.3   simsec/sec=18.0086   ev/simsec=2492.93
     Messages:  created: 173142   present: 1052   in FES: 44
** Event #243200   t=145.592849001332   Elapsed: 6.0059s (0m 06s)  29% completed  (14% total)
     Speed:     ev/sec=30796.1   simsec/sec=9.23223   ev/simsec=3335.71
     Messages:  created: 240367   present: 1455   in FES: 54
** Event #301568   t=165.052943986025   Elapsed: 8.00834s (0m 08s)  33% completed  (16% total)
     Speed:     ev/sec=29148.4   simsec/sec=9.71817   ev/simsec=2999.37
     Messages:  created: 302348   present: 1849   in FES: 53
** Event #359680   t=184.844499312354   Elapsed: 10.0145s (0m 10s)  36% completed  (18% total)
     Speed:     ev/sec=28966.1   simsec/sec=9.86515   ev/simsec=2936.2
     Messages:  created: 363295   present: 2246   in FES: 50
** Event #412928   t=200.84426574409   Elapsed: 12.0179s (0m 12s)  40% completed  (20% total)
     Speed:     ev/sec=26580.1   simsec/sec=7.98669   ev/simsec=3328.05
     Messages:  created: 420424   present: 2545   in FES: 44
** Event #473600   t=215.847520922154   Elapsed: 14.018s (0m 14s)  43% completed  (21% total)
     Speed:     ev/sec=30333.4   simsec/sec=7.50098   ev/simsec=4043.92
     Messages:  created: 487631   present: 2740   in FES: 50
** Event #531968   t=227.447020915599   Elapsed: 16.0231s (0m 16s)  45% completed  (22% total)
     Speed:     ev/sec=29110.1   simsec/sec=5.78507   ev/simsec=5031.94
     Messages:  created: 552539   present: 2589   in FES: 59
** Event #592896   t=241.151765097024   Elapsed: 18.0301s (0m 18s)  48% completed  (24% total)
     Speed:     ev/sec=30357.6   simsec/sec=6.82844   ev/simsec=4445.76
     Messages:  created: 621270   present: 2735   in FES: 54
** Event #649728   t=259.043813240425   Elapsed: 20.1887s (0m 20s)  51% completed  (25% total)
     Speed:     ev/sec=26328.5   simsec/sec=8.28884   ev/simsec=3176.38
     Messages:  created: 683388   present: 3030   in FES: 53
** Event #713472   t=285.545117281044   Elapsed: 22.1899s (0m 22s)  57% completed  (28% total)
     Speed:     ev/sec=31853   simsec/sec=13.2428   ev/simsec=2405.32
     Messages:  created: 749335   present: 3671   in FES: 57
** Event #777472   t=305.347487624038   Elapsed: 24.2016s (0m 24s)  61% completed  (30% total)
     Speed:     ev/sec=31813.5   simsec/sec=9.84349   ev/simsec=3231.94
     Messages:  created: 818165   present: 4034   in FES: 57
** Event #839168   t=322.173923375505   Elapsed: 26.2058s (0m 26s)  64% completed  (32% total)
     Speed:     ev/sec=30782.9   simsec/sec=8.39546   ev/simsec=3666.61
     Messages:  created: 886021   present: 4244   in FES: 55
** Event #904704   t=353.104561370378   Elapsed: 28.2075s (0m 28s)  70% completed  (35% total)
     Speed:     ev/sec=32740   simsec/sec=15.4521   ev/simsec=2118.81
     Messages:  created: 951714   present: 5034   in FES: 48
** Event #961024   t=373.045149177383   Elapsed: 30.2092s (0m 30s)  74% completed  (37% total)
     Speed:     ev/sec=28136.1   simsec/sec=9.96182   ev/simsec=2824.39
     Messages:  created: 1012118   present: 5470   in FES: 56
** Event #1025792   t=404.09389740518   Elapsed: 32.2126s (0m 32s)  80% completed  (40% total)
     Speed:     ev/sec=32329.2   simsec/sec=15.4981   ev/simsec=2086.01
     Messages:  created: 1077864   present: 6275   in FES: 59
** Event #1090560   t=430.795115844687   Elapsed: 34.2187s (0m 34s)  86% completed  (43% total)
     Speed:     ev/sec=32286.1   simsec/sec=13.3102   ev/simsec=2425.66
     Messages:  created: 1145426   present: 6883   in FES: 47
** Event #1159680   t=465.092846255003   Elapsed: 36.224s (0m 36s)  93% completed  (46% total)
     Speed:     ev/sec=34468.2   simsec/sec=17.1033   ev/simsec=2015.29
     Messages:  created: 1217125   present: 7851   in FES: 54
** Event #1220864   t=490.377937214059   Elapsed: 38.2255s (0m 38s)  98% completed  (49% total)
     Speed:     ev/sec=30569.8   simsec/sec=12.6334   ev/simsec=2419.77
     Messages:  created: 1278684   present: 4874   in FES: 50
** Event #1276820   t=500   Elapsed: 40.1972s (0m 40s)  100% completed  (50% total)
     Speed:     ev/sec=28379.2   simsec/sec=4.8801   ev/simsec=5815.28
     Messages:  created: 1343708   present: 4906   in FES: 42

<!> Simulation time limit reached -- at t=500s, event #1276820
undisposed object: (omnetpp::cMessage) FanetReconNetwork.groundStation.app.debugTimer -- check module destructor
undisposed object: (omnetpp::cMessage) FanetReconNetwork.uav[0].app.debugTimer -- check module destructor
undisposed object: (omnetpp::cMessage) FanetReconNetwork.uav[1].app.debugTimer -- check module destructor
undisposed object: (omnetpp::cMessage) FanetReconNetwork.uav[2].app.debugTimer -- check module destructor
undisposed object: (omnetpp::cMessage) FanetReconNetwork.uav[3].app.debugTimer -- check module destructor
undisposed object: (omnetpp::cMessage) FanetReconNetwork.uav[4].app.debugTimer -- check module destructor
undisposed object: (omnetpp::cMessage) FanetReconNetwork.uav[5].app.debugTimer -- check module destructor
undisposed object: (omnetpp::cMessage) FanetReconNetwork.uav[6].app.debugTimer -- check module destructor
undisposed object: (omnetpp::cMessage) FanetReconNetwork.uav[7].app.debugTimer -- check module destructor
undisposed object: (omnetpp::cMessage) FanetReconNetwork.uav[8].app.debugTimer -- check module destructor
undisposed object: (omnetpp::cMessage) FanetReconNetwork.uav[9].app.debugTimer -- check module destructor
