** Event #0   t=0   Elapsed: 2.3e-05s (0m 00s)  0% completed  (0% total)
     Speed:     ev/sec=0   simsec/sec=0   ev/simsec=0
     Messages:  created: 1938   present: 1938   in FES: 306
** Event #64768   t=4.407817453281   Elapsed: 2.0079s (0m 02s)  0% completed  (0% total)
     Speed:     ev/sec=32257.4   simsec/sec=2.19526   ev/simsec=14694.1
     Messages:  created: 71200   present: 1991   in FES: 254
** Event #115712   t=7.478681652386   Elapsed: 4.01148s (0m 04s)  1% completed  (0% total)
     Speed:     ev/sec=25426.6   simsec/sec=1.53269   ev/simsec=16589.5
     Messages:  created: 125624   present: 1912   in FES: 227
** Event #166912   t=11.007317897836   Elapsed: 6.0122s (0m 06s)  2% completed  (1% total)
     Speed:     ev/sec=25590.6   simsec/sec=1.76367   ev/simsec=14509.9
     Messages:  created: 179811   present: 1998   in FES: 254
** Event #224512   t=14.087801893591   Elapsed: 8.01525s (0m 08s)  2% completed  (1% total)
     Speed:     ev/sec=28756.3   simsec/sec=1.5379   ev/simsec=18698.4
     Messages:  created: 241233   present: 1849   in FES: 204
** Event #280576   t=17.407052939215   Elapsed: 10.0194s (0m 10s)  3% completed  (1% total)
     Speed:     ev/sec=27973.5   simsec/sec=1.65616   ev/simsec=16890.6
     Messages:  created: 301080   present: 1961   in FES: 244
** Event #339712   t=21.084173275829   Elapsed: 12.0215s (0m 12s)  4% completed  (2% total)
     Speed:     ev/sec=29537.9   simsec/sec=1.83669   ev/simsec=16082.1
     Messages:  created: 364556   present: 1906   in FES: 221
** Event #396544   t=24.407822209955   Elapsed: 14.0268s (0m 14s)  4% completed  (2% total)
     Speed:     ev/sec=28340   simsec/sec=1.65738   ev/simsec=17099.3
     Messages:  created: 425494   present: 1982   in FES: 251
** Event #451840   t=28.03175397824   Elapsed: 16.0342s (0m 16s)  5% completed  (2% total)
     Speed:     ev/sec=27547.2   simsec/sec=1.80536   ev/simsec=15258.6
     Messages:  created: 484444   present: 1972   in FES: 245
** Event #500480   t=31.023000362432   Elapsed: 18.0376s (0m 18s)  6% completed  (3% total)
     Speed:     ev/sec=24278.3   simsec/sec=1.49306   ev/simsec=16260.8
     Messages:  created: 536488   present: 1977   in FES: 254
** Event #555008   t=34.077383541687   Elapsed: 20.0491s (0m 20s)  6% completed  (3% total)
     Speed:     ev/sec=27107.5   simsec/sec=1.51842   ev/simsec=17852.4
     Messages:  created: 594664   present: 1959   in FES: 254
** Event #605952   t=37.087643559607   Elapsed: 22.0508s (0m 22s)  7% completed  (3% total)
     Speed:     ev/sec=25451   simsec/sec=1.50389   ev/simsec=16923.5
     Messages:  created: 649232   present: 1908   in FES: 223
** Event #606208   t=37.089582341525   Elapsed: 25.6034s (0m 25s)  7% completed  (3% total)
     Speed:     ev/sec=72.0605   simsec/sec=0.00054574   ev/simsec=132042
     Messages:  created: 649557   present: 1982   in FES: 254
** Event #662528   t=40.445502494345   Elapsed: 27.6167s (0m 27s)  8% completed  (4% total)
     Speed:     ev/sec=27973   simsec/sec=1.66681   ev/simsec=16782.3
     Messages:  created: 710173   present: 1837   in FES: 203
** Event #712192   t=43.454053826203   Elapsed: 29.6172s (0m 29s)  8% completed  (4% total)
     Speed:     ev/sec=24826.3   simsec/sec=1.50393   ev/simsec=16507.6
     Messages:  created: 763906   present: 1957   in FES: 242
** Event #762112   t=46.458638533336   Elapsed: 31.628s (0m 31s)  9% completed  (4% total)
     Speed:     ev/sec=24826.4   simsec/sec=1.49425   ev/simsec=16614.6
     Messages:  created: 817704   present: 1967   in FES: 254
** Event #813312   t=50.007365767539   Elapsed: 33.6335s (0m 33s)  10% completed  (5% total)
     Speed:     ev/sec=25528.9   simsec/sec=1.76943   ev/simsec=14427.7
     Messages:  created: 872576   present: 1951   in FES: 238
** Event #856832   t=52.27660237602   Elapsed: 35.6351s (0m 35s)  10% completed  (5% total)
     Speed:     ev/sec=21742.9   simsec/sec=1.13372   ev/simsec=19178.3
     Messages:  created: 920303   present: 1837   in FES: 203
** Event #904192   t=55.237371262009   Elapsed: 37.6588s (0m 37s)  11% completed  (5% total)
     Speed:     ev/sec=23402.2   simsec/sec=1.46302   ev/simsec=15995.8
     Messages:  created: 972196   present: 1979   in FES: 250
** Event #964608   t=59.076582637293   Elapsed: 39.6644s (0m 39s)  11% completed  (5% total)
     Speed:     ev/sec=30124.8   simsec/sec=1.91432   ev/simsec=15736.6
     Messages:  created: 1038414   present: 1957   in FES: 238
** Event #1020160   t=62.433591627942   Elapsed: 41.6655s (0m 41s)  12% completed  (6% total)
     Speed:     ev/sec=27760.5   simsec/sec=1.67757   ev/simsec=16548.1
     Messages:  created: 1099780   present: 1935   in FES: 236
** Event #1082112   t=66.365017394092   Elapsed: 43.6728s (0m 43s)  13% completed  (6% total)
     Speed:     ev/sec=30862.4   simsec/sec=1.95851   ev/simsec=15758.2
     Messages:  created: 1168506   present: 1844   in FES: 205
** Event #1145344   t=70.407051684457   Elapsed: 45.6798s (0m 45s)  14% completed  (7% total)
     Speed:     ev/sec=31506.4   simsec/sec=2.01401   ev/simsec=15643.6
     Messages:  created: 1239138   present: 1892   in FES: 221
** Event #1211392   t=75.019733943263   Elapsed: 47.683s (0m 47s)  15% completed  (7% total)
     Speed:     ev/sec=32971   simsec/sec=2.30264   ev/simsec=14318.8
     Messages:  created: 1313235   present: 1996   in FES: 254
** Event #1264128   t=78.098901979004   Elapsed: 49.6841s (0m 49s)  15% completed  (7% total)
     Speed:     ev/sec=26353.3   simsec/sec=1.53873   ev/simsec=17126.7
     Messages:  created: 1372476   present: 1903   in FES: 222
** Event #1306368   t=81.049162600103   Elapsed: 51.687s (0m 51s)  16% completed  (8% total)
     Speed:     ev/sec=21089.6   simsec/sec=1.47301   ev/simsec=14317.4
     Messages:  created: 1419628   present: 1966   in FES: 245
** Event #1358080   t=84.177629949821   Elapsed: 53.6902s (0m 53s)  16% completed  (8% total)
     Speed:     ev/sec=25814.9   simsec/sec=1.56175   ev/simsec=16529.5
     Messages:  created: 1478018   present: 1950   in FES: 241
** Event #1394432   t=86.47660229189   Elapsed: 55.6914s (0m 55s)  17% completed  (8% total)
     Speed:     ev/sec=18164.8   simsec/sec=1.14878   ev/simsec=15812.3
     Messages:  created: 1518795   present: 1944   in FES: 254
** Event #1394688   t=86.478669057691   Elapsed: 58.1011s (0m 58s)  17% completed  (8% total)
     Speed:     ev/sec=106.238   simsec/sec=0.000857689   ev/simsec=123865
     Messages:  created: 1519030   present: 1939   in FES: 236
** Event #1488640   t=92.445588494345   Elapsed: 60.1095s (1m 00s)  18% completed  (9% total)
     Speed:     ev/sec=46779.9   simsec/sec=2.971   ev/simsec=15745.5
     Messages:  created: 1623188   present: 1989   in FES: 254
** Event #1583104   t=98.379090470422   Elapsed: 62.1151s (1m 02s)  19% completed  (9% total)
     Speed:     ev/sec=47099.4   simsec/sec=2.95842   ev/simsec=15920.4
     Messages:  created: 1727370   present: 1884   in FES: 217
** Event #1642496   t=100.374970310516   Elapsed: 64.1183s (1m 04s)  20% completed  (10% total)
     Speed:     ev/sec=29649.3   simsec/sec=0.996371   ev/simsec=29757.3
     Messages:  created: 1801506   present: 1991   in FES: 260
** Event #1716480   t=100.834018489492   Elapsed: 66.1209s (1m 06s)  20% completed  (10% total)
     Speed:     ev/sec=36943.1   simsec/sec=0.229221   ev/simsec=161168
     Messages:  created: 1904196   present: 1985   in FES: 237
** Event #1716736   t=100.836186553507   Elapsed: 69.1567s (1m 09s)  20% completed  (10% total)
     Speed:     ev/sec=84.3279   simsec/sec=0.000714173   ev/simsec=118078
     Messages:  created: 1904546   present: 1959   in FES: 242
** Event #1788928   t=101.393018112185   Elapsed: 71.1623s (1m 11s)  20% completed  (10% total)
     Speed:     ev/sec=35994.7   simsec/sec=0.277634   ev/simsec=129648
     Messages:  created: 2002616   present: 2049   in FES: 272
** Event #1860096   t=102.031534497686   Elapsed: 73.1656s (1m 13s)  20% completed  (10% total)
     Speed:     ev/sec=35525.8   simsec/sec=0.318736   ev/simsec=111458
     Messages:  created: 2100783   present: 1982   in FES: 234
** Event #1927936   t=102.615486394631   Elapsed: 75.3295s (1m 15s)  20% completed  (10% total)
     Speed:     ev/sec=31351.4   simsec/sec=0.269866   ev/simsec=116174
     Messages:  created: 2192754   present: 2017   in FES: 225
** Event #1999360   t=103.20537189208   Elapsed: 77.3401s (1m 17s)  20% completed  (10% total)
     Speed:     ev/sec=35522.7   simsec/sec=0.293379   ev/simsec=121081
     Messages:  created: 2290088   present: 2021   in FES: 213
** Event #2092544   t=103.679835746361   Elapsed: 79.3421s (1m 19s)  20% completed  (10% total)
     Speed:     ev/sec=46545.2   simsec/sec=0.236994   ev/simsec=196399
     Messages:  created: 2420364   present: 2192   in FES: 265
** Event #2203648   t=104.080072069195   Elapsed: 81.344s (1m 21s)  20% completed  (10% total)
     Speed:     ev/sec=55500.9   simsec/sec=0.199934   ev/simsec=277596
     Messages:  created: 2576344   present: 2149   in FES: 254
** Event #2311424   t=104.895648999116   Elapsed: 83.3444s (1m 23s)  20% completed  (10% total)
     Speed:     ev/sec=53877.5   simsec/sec=0.407709   ev/simsec=132147
     Messages:  created: 2725328   present: 2091   in FES: 234
** Event #2409216   t=105.566920142917   Elapsed: 85.3487s (1m 25s)  21% completed  (10% total)
     Speed:     ev/sec=48789.3   simsec/sec=0.334903   ev/simsec=145682
     Messages:  created: 2858992   present: 2070   in FES: 219
** Event #2523904   t=106.399424187154   Elapsed: 87.3505s (1m 27s)  21% completed  (10% total)
     Speed:     ev/sec=57293.6   simsec/sec=0.415886   ev/simsec=137763
     Messages:  created: 3016867   present: 2226   in FES: 261
** Event #2524160   t=106.401625187466   Elapsed: 97.9383s (1m 37s)  21% completed  (10% total)
     Speed:     ev/sec=24.1788   simsec/sec=0.000207881   ev/simsec=116311
     Messages:  created: 3017176   present: 2175   in FES: 260
** Event #2560256   t=106.658360392573   Elapsed: 99.9397s (1m 39s)  21% completed  (10% total)
     Speed:     ev/sec=18034.9   simsec/sec=0.128275   ev/simsec=140596
     Messages:  created: 3067251   present: 2151   in FES: 244
** Event #2597120   t=106.924932697822   Elapsed: 101.941s (1m 41s)  21% completed  (10% total)
     Speed:     ev/sec=18423.8   simsec/sec=0.133227   ev/simsec=138289
     Messages:  created: 3118755   present: 2073   in FES: 207
** Event #2619648   t=107.065194856297   Elapsed: 103.944s (1m 43s)  21% completed  (10% total)
     Speed:     ev/sec=11245.4   simsec/sec=0.0700152   ev/simsec=160614
     Messages:  created: 3149257   present: 2176   in FES: 256
** Event #2697472   t=107.645693869593   Elapsed: 105.947s (1m 45s)  21% completed  (10% total)
     Speed:     ev/sec=38858.5   simsec/sec=0.289851   ev/simsec=134064
     Messages:  created: 3255658   present: 2115   in FES: 225
** Event #2801408   t=108.337901396315   Elapsed: 107.95s (1m 47s)  21% completed  (10% total)
     Speed:     ev/sec=51885.2   simsec/sec=0.345552   ev/simsec=150152
     Messages:  created: 3398511   present: 2282   in FES: 273
** Event #2914560   t=109.167916832   Elapsed: 109.953s (1m 49s)  21% completed  (10% total)
     Speed:     ev/sec=56494.8   simsec/sec=0.414412   ev/simsec=136325
     Messages:  created: 3554225   present: 2226   in FES: 255
** Event #3013888   t=109.971968436232   Elapsed: 111.955s (1m 51s)  21% completed  (10% total)
     Speed:     ev/sec=49618.5   simsec/sec=0.401658   ev/simsec=123534
     Messages:  created: 3691500   present: 2207   in FES: 268
** Event #3121152   t=110.771697196003   Elapsed: 113.958s (1m 53s)  22% completed  (11% total)
     Speed:     ev/sec=53536.6   simsec/sec=0.399153   ev/simsec=134125
     Messages:  created: 3837770   present: 2133   in FES: 219
** Event #3220224   t=111.483540319774   Elapsed: 115.959s (1m 55s)  22% completed  (11% total)
     Speed:     ev/sec=49524.4   simsec/sec=0.355838   ev/simsec=139177
     Messages:  created: 3972445   present: 2244   in FES: 255
** Event #3331840   t=112.330295455237   Elapsed: 117.962s (1m 57s)  22% completed  (11% total)
     Speed:     ev/sec=55704.3   simsec/sec=0.422591   ev/simsec=131816
     Messages:  created: 4124905   present: 2164   in FES: 226
** Event #3423232   t=113.049707198833   Elapsed: 119.963s (1m 59s)  22% completed  (11% total)
     Speed:     ev/sec=45676.9   simsec/sec=0.359555   ev/simsec=127037
     Messages:  created: 4250470   present: 2154   in FES: 216
** Event #3526912   t=113.827075123712   Elapsed: 122.082s (2m 02s)  22% completed  (11% total)
     Speed:     ev/sec=48944   simsec/sec=0.366971   ev/simsec=133373
     Messages:  created: 4392446   present: 2271   in FES: 252
** Event #3630848   t=114.176585410593   Elapsed: 124.086s (2m 04s)  22% completed  (11% total)
     Speed:     ev/sec=51854.3   simsec/sec=0.174373   ev/simsec=297376
     Messages:  created: 4537668   present: 2128   in FES: 222
** Event #3737600   t=114.930251105537   Elapsed: 126.091s (2m 06s)  22% completed  (11% total)
     Speed:     ev/sec=53236.5   simsec/sec=0.375848   ev/simsec=141644
     Messages:  created: 4685849   present: 2203   in FES: 256
** Event #3745536   t=114.984813165   Elapsed: 128.093s (2m 08s)  22% completed  (11% total)
     Speed:     ev/sec=3965.18   simsec/sec=0.0272616   ev/simsec=145449
     Messages:  created: 4697029   present: 2189   in FES: 257
** Event #3850752   t=115.708335894389   Elapsed: 130.096s (2m 10s)  23% completed  (11% total)
     Speed:     ev/sec=52525.2   simsec/sec=0.361192   ev/simsec=145422
     Messages:  created: 4840179   present: 2180   in FES: 256
** Event #3949312   t=116.424609831204   Elapsed: 132.097s (2m 12s)  23% completed  (11% total)
     Speed:     ev/sec=49246.3   simsec/sec=0.357892   ev/simsec=137601
     Messages:  created: 4974572   present: 2338   in FES: 307
** Event #4056064   t=117.222867918214   Elapsed: 134.1s (2m 14s)  23% completed  (11% total)
     Speed:     ev/sec=53297.5   simsec/sec=0.398542   ev/simsec=133731
     Messages:  created: 5120822   present: 2231   in FES: 263
** Event #4163328   t=118.014193356421   Elapsed: 136.105s (2m 16s)  23% completed  (11% total)
     Speed:     ev/sec=53494.2   simsec/sec=0.394646   ev/simsec=135550
     Messages:  created: 5268915   present: 2220   in FES: 247
** Event #4265984   t=118.669581232571   Elapsed: 138.108s (2m 18s)  23% completed  (11% total)
     Speed:     ev/sec=51249   simsec/sec=0.32719   ev/simsec=156634
     Messages:  created: 5408423   present: 2256   in FES: 256
** Event #4266240   t=118.669724016711   Elapsed: 147.813s (2m 27s)  23% completed  (11% total)
     Speed:     ev/sec=26.3799   simsec/sec=1.47134e-05   ev/simsec=1.79292e+06
     Messages:  created: 5408900   present: 2380   in FES: 319
** Event #4299008   t=118.921064326143   Elapsed: 149.819s (2m 29s)  23% completed  (11% total)
     Speed:     ev/sec=16329.5   simsec/sec=0.125252   ev/simsec=130373
     Messages:  created: 5454434   present: 2256   in FES: 267
** Event #4335360   t=119.160329748737   Elapsed: 151.828s (2m 31s)  23% completed  (11% total)
     Speed:     ev/sec=18093.2   simsec/sec=0.119087   ev/simsec=151932
     Messages:  created: 5502757   present: 2150   in FES: 218
** Event #4370432   t=119.420823095599   Elapsed: 153.835s (2m 33s)  23% completed  (11% total)
     Speed:     ev/sec=17478.3   simsec/sec=0.129818   ev/simsec=134637
     Messages:  created: 5550200   present: 2128   in FES: 207
** Event #4388608   t=119.564702144327   Elapsed: 155.848s (2m 35s)  23% completed  (11% total)
     Speed:     ev/sec=9029.78   simsec/sec=0.0714787   ev/simsec=126328
     Messages:  created: 5575348   present: 2268   in FES: 257
** Event #4424960   t=119.898810043938   Elapsed: 157.859s (2m 37s)  23% completed  (11% total)
     Speed:     ev/sec=18077.2   simsec/sec=0.166146   ev/simsec=108803
     Messages:  created: 5625837   present: 2306   in FES: 263
** Event #4461824   t=120.143014322433   Elapsed: 159.861s (2m 39s)  24% completed  (12% total)
     Speed:     ev/sec=18414.6   simsec/sec=0.121987   ev/simsec=150956
     Messages:  created: 5674957   present: 2255   in FES: 268
** Event #4477440   t=120.230525109973   Elapsed: 161.874s (2m 41s)  24% completed  (12% total)
     Speed:     ev/sec=7758.4   simsec/sec=0.0434775   ev/simsec=178447
     Messages:  created: 5696348   present: 2291   in FES: 256
** Event #4512512   t=120.479579364758   Elapsed: 163.876s (2m 43s)  24% completed  (12% total)
     Speed:     ev/sec=17516.5   simsec/sec=0.124389   ev/simsec=140821
     Messages:  created: 5743994   present: 2448   in FES: 300
** Event #4549376   t=120.811448708984   Elapsed: 165.883s (2m 45s)  24% completed  (12% total)
     Speed:     ev/sec=18370   simsec/sec=0.165377   ev/simsec=111080
     Messages:  created: 5795085   present: 2408   in FES: 283
** Event #4585984   t=121.067374664353   Elapsed: 167.89s (2m 47s)  24% completed  (12% total)
     Speed:     ev/sec=18240.3   simsec/sec=0.127517   ev/simsec=143041
     Messages:  created: 5844718   present: 2484   in FES: 309
** Event #4621824   t=121.30908745054   Elapsed: 169.897s (2m 49s)  24% completed  (12% total)
     Speed:     ev/sec=17850.9   simsec/sec=0.12039   ev/simsec=148275
     Messages:  created: 5892965   present: 2251   in FES: 232
** Event #4657408   t=121.573086202409   Elapsed: 171.908s (2m 51s)  24% completed  (12% total)
     Speed:     ev/sec=17693.9   simsec/sec=0.131271   ev/simsec=134789
     Messages:  created: 5941629   present: 2318   in FES: 239
** Event #4689152   t=121.833557403164   Elapsed: 173.918s (2m 53s)  24% completed  (12% total)
     Speed:     ev/sec=15799.8   simsec/sec=0.129644   ev/simsec=121871
     Messages:  created: 5985690   present: 2217   in FES: 211
** Event #4725504   t=122.036780361469   Elapsed: 175.919s (2m 55s)  24% completed  (12% total)
     Speed:     ev/sec=18159.6   simsec/sec=0.10152   ev/simsec=178877
     Messages:  created: 6035890   present: 2358   in FES: 259
** Event #4761088   t=122.285569197496   Elapsed: 177.925s (2m 57s)  24% completed  (12% total)
     Speed:     ev/sec=17746.1   simsec/sec=0.124073   ev/simsec=143029
     Messages:  created: 6083455   present: 2378   in FES: 260
** Event #4796416   t=122.565431125723   Elapsed: 179.932s (2m 59s)  24% completed  (12% total)
     Speed:     ev/sec=17602.1   simsec/sec=0.139441   ev/simsec=126234
     Messages:  created: 6131715   present: 2375   in FES: 267
** Event #4833280   t=122.92980305492   Elapsed: 181.935s (3m 01s)  24% completed  (12% total)
     Speed:     ev/sec=18398.5   simsec/sec=0.181855   ev/simsec=101171
     Messages:  created: 6183020   present: 2360   in FES: 268
** Event #4869376   t=123.081604606486   Elapsed: 183.936s (3m 03s)  24% completed  (12% total)
     Speed:     ev/sec=18042.1   simsec/sec=0.0758758   ev/simsec=237784
     Messages:  created: 6232167   present: 2396   in FES: 259
** Event #4904448   t=123.352768639152   Elapsed: 185.936s (3m 05s)  24% completed  (12% total)
     Speed:     ev/sec=17533.8   simsec/sec=0.135565   ev/simsec=129339
     Messages:  created: 6279440   present: 2384   in FES: 258
** Event #4940032   t=123.672121629057   Elapsed: 187.945s (3m 07s)  24% completed  (12% total)
     Speed:     ev/sec=17713.4   simsec/sec=0.158971   ev/simsec=111425
     Messages:  created: 6328315   present: 2411   in FES: 256
** Event #4976896   t=123.981267871237   Elapsed: 189.956s (3m 09s)  24% completed  (12% total)
     Speed:     ev/sec=18327.2   simsec/sec=0.153694   ev/simsec=119245
     Messages:  created: 6379587   present: 2343   in FES: 236
** Event #5016320   t=124.232305167468   Elapsed: 191.957s (3m 11s)  24% completed  (12% total)
     Speed:     ev/sec=19705   simsec/sec=0.125474   ev/simsec=157044
     Messages:  created: 6432100   present: 2435   in FES: 270
** Event #5118976   t=125.049624198349   Elapsed: 193.96s (3m 13s)  25% completed  (12% total)
     Speed:     ev/sec=51252.3   simsec/sec=0.408057   ev/simsec=125601
     Messages:  created: 6572864   present: 2267   in FES: 209
** Event #5212416   t=125.721648640333   Elapsed: 195.963s (3m 15s)  25% completed  (12% total)
     Speed:     ev/sec=46646.1   simsec/sec=0.335481   ev/simsec=139043
     Messages:  created: 6700244   present: 2399   in FES: 269
** Event #5306624   t=126.427247352746   Elapsed: 197.965s (3m 17s)  25% completed  (12% total)
     Speed:     ev/sec=47065.9   simsec/sec=0.352514   ev/simsec=133515
     Messages:  created: 6827685   present: 2298   in FES: 218
** Event #5402880   t=127.196283986746   Elapsed: 199.97s (3m 19s)  25% completed  (12% total)
     Speed:     ev/sec=48014   simsec/sec=0.383608   ev/simsec=125164
     Messages:  created: 6959025   present: 2411   in FES: 258
** Event #5489152   t=127.698862728912   Elapsed: 201.974s (3m 21s)  25% completed  (12% total)
     Speed:     ev/sec=43032.1   simsec/sec=0.250684   ev/simsec=171659
     Messages:  created: 7077993   present: 2464   in FES: 267
** Event #5588480   t=128.343333775041   Elapsed: 203.981s (3m 23s)  25% completed  (12% total)
     Speed:     ev/sec=49499.2   simsec/sec=0.321167   ev/simsec=154123
     Messages:  created: 7213036   present: 2392   in FES: 259
** Event #5691136   t=129.062954626824   Elapsed: 205.982s (3m 25s)  25% completed  (12% total)
     Speed:     ev/sec=51309.3   simsec/sec=0.359679   ev/simsec=142653
     Messages:  created: 7353969   present: 2431   in FES: 257
** Event #5785856   t=129.735048219774   Elapsed: 207.984s (3m 27s)  25% completed  (12% total)
     Speed:     ev/sec=47311.6   simsec/sec=0.335703   ev/simsec=140933
     Messages:  created: 7482951   present: 2456   in FES: 267
** Event #5819904   t=130.03153181075   Elapsed: 212.635s (3m 32s)  26% completed  (13% total)
     Speed:     ev/sec=7320.05   simsec/sec=0.0637416   ev/simsec=114839
     Messages:  created: 7529390   present: 2436   in FES: 261
** Event #5890048   t=130.514246360272   Elapsed: 214.636s (3m 34s)  26% completed  (13% total)
     Speed:     ev/sec=35055.6   simsec/sec=0.241244   ev/simsec=145312
     Messages:  created: 7623919   present: 2466   in FES: 265
** Event #5989120   t=131.260995830446   Elapsed: 216.637s (3m 36s)  26% completed  (13% total)
     Speed:     ev/sec=49515.8   simsec/sec=0.373222   ev/simsec=132671
     Messages:  created: 7758743   present: 2457   in FES: 261
** Event #6106880   t=132.140721562257   Elapsed: 218.638s (3m 38s)  26% completed  (13% total)
     Speed:     ev/sec=58838.8   simsec/sec=0.439555   ev/simsec=133860
     Messages:  created: 7919162   present: 2422   in FES: 249
** Event #6189312   t=132.738830771253   Elapsed: 272.655s (4m 32s)  26% completed  (13% total)
     Speed:     ev/sec=1526.05   simsec/sec=0.0110727   ev/simsec=137821
     Messages:  created: 8032152   present: 2489   in FES: 269
** Event #6285568   t=133.433634975225   Elapsed: 274.658s (4m 34s)  26% completed  (13% total)
     Speed:     ev/sec=48062.9   simsec/sec=0.346932   ev/simsec=138537
     Messages:  created: 8162002   present: 2497   in FES: 246
** Event #6400256   t=134.350490364393   Elapsed: 276.659s (4m 36s)  26% completed  (13% total)
     Speed:     ev/sec=57299.9   simsec/sec=0.458075   ev/simsec=125088
     Messages:  created: 8317722   present: 2541   in FES: 257
** Event #6514944   t=135.262844246828   Elapsed: 278.66s (4m 38s)  27% completed  (13% total)
     Speed:     ev/sec=57307.3   simsec/sec=0.455885   ev/simsec=125706
     Messages:  created: 8473678   present: 2576   in FES: 258
** Event #6562560   t=135.404758703786   Elapsed: 284.107s (4m 44s)  27% completed  (13% total)
     Speed:     ev/sec=8741.74   simsec/sec=0.0260538   ev/simsec=335526
     Messages:  created: 8540235   present: 2642   in FES: 255
** Event #6649856   t=135.90488511697   Elapsed: 286.109s (4m 46s)  27% completed  (13% total)
     Speed:     ev/sec=43618.6   simsec/sec=0.249895   ev/simsec=174548
     Messages:  created: 8662327   present: 2551   in FES: 260
** Event #6741760   t=136.251592894172   Elapsed: 288.113s (4m 48s)  27% completed  (13% total)
     Speed:     ev/sec=45858.7   simsec/sec=0.173002   ev/simsec=265076
     Messages:  created: 8789409   present: 2422   in FES: 225
** Event #6832128   t=136.765358246587   Elapsed: 290.114s (4m 50s)  27% completed  (13% total)
     Speed:     ev/sec=45153   simsec/sec=0.256707   ev/simsec=175894
     Messages:  created: 8915132   present: 2538   in FES: 259
** Event #6930163   t=137.332200463066   Elapsed: 304.494s (5m 04s)  27% completed  (13% total)
     Speed:     ev/sec=6817.57   simsec/sec=0.0394199   ev/simsec=172948
     Messages:  created: 9049512   present: 2531   in FES: 260

<!> SIGINT or SIGTERM received, exiting -- at t=137.332200463066s, event #6930163
undisposed object: (omnetpp::cMessage) FanetReconNetwork.groundStation.app.debugTimer -- check module destructor
undisposed object: (omnetpp::cMessage) FanetReconNetwork.uav[0].app.debugTimer -- check module destructor
undisposed object: (omnetpp::cMessage) FanetReconNetwork.uav[1].app.debugTimer -- check module destructor
undisposed object: (omnetpp::cMessage) FanetReconNetwork.uav[2].app.debugTimer -- check module destructor
undisposed object: (omnetpp::cMessage) FanetReconNetwork.uav[3].app.debugTimer -- check module destructor
undisposed object: (omnetpp::cMessage) FanetReconNetwork.uav[4].app.debugTimer -- check module destructor
undisposed object: (omnetpp::cMessage) FanetReconNetwork.uav[5].app.debugTimer -- check module destructor
undisposed object: (omnetpp::cMessage) FanetReconNetwork.uav[6].app.debugTimer -- check module destructor
undisposed object: (omnetpp::cMessage) FanetReconNetwork.uav[7].app.debugTimer -- check module destructor
undisposed object: (omnetpp::cMessage) FanetReconNetwork.uav[8].app.debugTimer -- check module destructor
undisposed object: (omnetpp::cMessage) FanetReconNetwork.uav[9].app.debugTimer -- check module destructor
undisposed object: (omnetpp::cMessage) FanetReconNetwork.uav[10].app.debugTimer -- check module destructor
undisposed object: (omnetpp::cMessage) FanetReconNetwork.uav[11].app.debugTimer -- check module destructor
undisposed object: (omnetpp::cMessage) FanetReconNetwork.uav[12].app.debugTimer -- check module destructor
undisposed object: (omnetpp::cMessage) FanetReconNetwork.uav[13].app.debugTimer -- check module destructor
undisposed object: (omnetpp::cMessage) FanetReconNetwork.uav[14].app.debugTimer -- check module destructor
undisposed object: (omnetpp::cMessage) FanetReconNetwork.uav[15].app.debugTimer -- check module destructor
undisposed object: (omnetpp::cMessage) FanetReconNetwork.uav[16].app.debugTimer -- check module destructor
undisposed object: (omnetpp::cMessage) FanetReconNetwork.uav[17].app.debugTimer -- check module destructor
undisposed object: (omnetpp::cMessage) FanetReconNetwork.uav[18].app.debugTimer -- check module destructor
undisposed object: (omnetpp::cMessage) FanetReconNetwork.uav[19].app.debugTimer -- check module destructor
undisposed object: (omnetpp::cMessage) FanetReconNetwork.uav[20].app.debugTimer -- check module destructor
undisposed object: (omnetpp::cMessage) FanetReconNetwork.uav[21].app.debugTimer -- check module destructor
undisposed object: (omnetpp::cMessage) FanetReconNetwork.uav[22].app.debugTimer -- check module destructor
undisposed object: (omnetpp::cMessage) FanetReconNetwork.uav[23].app.debugTimer -- check module destructor
undisposed object: (omnetpp::cMessage) FanetReconNetwork.uav[24].app.debugTimer -- check module destructor
undisposed object: (omnetpp::cMessage) FanetReconNetwork.uav[25].app.debugTimer -- check module destructor
undisposed object: (omnetpp::cMessage) FanetReconNetwork.uav[26].app.debugTimer -- check module destructor
undisposed object: (omnetpp::cMessage) FanetReconNetwork.uav[27].app.debugTimer -- check module destructor
undisposed object: (omnetpp::cMessage) FanetReconNetwork.uav[28].app.debugTimer -- check module destructor
undisposed object: (omnetpp::cMessage) FanetReconNetwork.uav[29].app.debugTimer -- check module destructor
undisposed object: (omnetpp::cMessage) FanetReconNetwork.uav[30].app.debugTimer -- check module destructor
undisposed object: (omnetpp::cMessage) FanetReconNetwork.uav[31].app.debugTimer -- check module destructor
undisposed object: (omnetpp::cMessage) FanetReconNetwork.uav[32].app.debugTimer -- check module destructor
undisposed object: (omnetpp::cMessage) FanetReconNetwork.uav[33].app.debugTimer -- check module destructor
undisposed object: (omnetpp::cMessage) FanetReconNetwork.uav[34].app.debugTimer -- check module destructor
undisposed object: (omnetpp::cMessage) FanetReconNetwork.uav[35].app.debugTimer -- check module destructor
undisposed object: (omnetpp::cMessage) FanetReconNetwork.uav[36].app.debugTimer -- check module destructor
undisposed object: (omnetpp::cMessage) FanetReconNetwork.uav[37].app.debugTimer -- check module destructor
undisposed object: (omnetpp::cMessage) FanetReconNetwork.uav[38].app.debugTimer -- check module destructor
undisposed object: (omnetpp::cMessage) FanetReconNetwork.uav[39].app.debugTimer -- check module destructor
undisposed object: (omnetpp::cMessage) FanetReconNetwork.uav[40].app.debugTimer -- check module destructor
undisposed object: (omnetpp::cMessage) FanetReconNetwork.uav[41].app.debugTimer -- check module destructor
undisposed object: (omnetpp::cMessage) FanetReconNetwork.uav[42].app.debugTimer -- check module destructor
undisposed object: (omnetpp::cMessage) FanetReconNetwork.uav[43].app.debugTimer -- check module destructor
undisposed object: (omnetpp::cMessage) FanetReconNetwork.uav[44].app.debugTimer -- check module destructor
undisposed object: (omnetpp::cMessage) FanetReconNetwork.uav[45].app.debugTimer -- check module destructor
undisposed object: (omnetpp::cMessage) FanetReconNetwork.uav[46].app.debugTimer -- check module destructor
undisposed object: (omnetpp::cMessage) FanetReconNetwork.uav[47].app.debugTimer -- check module destructor
undisposed object: (omnetpp::cMessage) FanetReconNetwork.uav[48].app.debugTimer -- check module destructor
undisposed object: (omnetpp::cMessage) FanetReconNetwork.uav[49].app.debugTimer -- check module destructor
