** Event #0   t=0   Elapsed: 1.8e-05s (0m 00s)  0% completed  (0% total)
     Speed:     ev/sec=0   simsec/sec=0   ev/simsec=0
     Messages:  created: 1178   present: 1178   in FES: 186
** Event #90624   t=14.353533628795   Elapsed: 2.00373s (0m 02s)  2% completed  (1% total)
     Speed:     ev/sec=45228.4   simsec/sec=7.16345   ev/simsec=6313.78
     Messages:  created: 93353   present: 1188   in FES: 154
** Event #175872   t=28.034128129266   Elapsed: 4.01024s (0m 04s)  5% completed  (2% total)
     Speed:     ev/sec=42485.8   simsec/sec=6.81811   ev/simsec=6231.31
     Messages:  created: 181528   present: 1138   in FES: 127
** Event #242688   t=38.366508940346   Elapsed: 6.02138s (0m 06s)  7% completed  (3% total)
     Speed:     ev/sec=33222.9   simsec/sec=5.13756   ev/simsec=6466.66
     Messages:  created: 251453   present: 1208   in FES: 154
** Event #307968   t=49.029409880955   Elapsed: 8.02473s (0m 08s)  9% completed  (4% total)
     Speed:     ev/sec=32585.5   simsec/sec=5.32254   ev/simsec=6122.16
     Messages:  created: 319158   present: 1124   in FES: 123
** Event #373760   t=59.075252577592   Elapsed: 10.0269s (0m 10s)  11% completed  (5% total)
     Speed:     ev/sec=32860.5   simsec/sec=5.01749   ev/simsec=6549.18
     Messages:  created: 387443   present: 1218   in FES: 154
** Event #440576   t=69.380572650006   Elapsed: 12.0316s (0m 12s)  13% completed  (6% total)
     Speed:     ev/sec=33330   simsec/sec=5.14063   ev/simsec=6483.64
     Messages:  created: 456231   present: 1188   in FES: 154
** Event #507904   t=80.099766947847   Elapsed: 14.0429s (0m 14s)  16% completed  (8% total)
     Speed:     ev/sec=33474.7   simsec/sec=5.32945   ev/simsec=6281.07
     Messages:  created: 526682   present: 1209   in FES: 154
** Event #570880   t=90.154074069345   Elapsed: 16.0447s (0m 16s)  18% completed  (9% total)
     Speed:     ev/sec=31459.2   simsec/sec=5.02256   ev/simsec=6263.58
     Messages:  created: 592477   present: 1117   in FES: 123
** Event #638464   t=100.334507108129   Elapsed: 18.045s (0m 18s)  20% completed  (10% total)
     Speed:     ev/sec=33787.8   simsec/sec=5.08958   ev/simsec=6638.62
     Messages:  created: 665309   present: 1197   in FES: 150
** Event #703232   t=101.475086159153   Elapsed: 20.0491s (0m 20s)  20% completed  (10% total)
     Speed:     ev/sec=32316.7   simsec/sec=0.569104   ev/simsec=56785.2
     Messages:  created: 752196   present: 1265   in FES: 169
** Event #770304   t=102.866940605702   Elapsed: 22.0545s (0m 22s)  20% completed  (10% total)
     Speed:     ev/sec=33445.6   simsec/sec=0.694052   ev/simsec=48188.9
     Messages:  created: 842449   present: 1292   in FES: 164
** Event #838144   t=103.688994407404   Elapsed: 24.0578s (0m 24s)  20% completed  (10% total)
     Speed:     ev/sec=33865.3   simsec/sec=0.410364   ev/simsec=82525
     Messages:  created: 934392   present: 1333   in FES: 158
** Event #906240   t=104.867582178658   Elapsed: 26.0603s (0m 26s)  20% completed  (10% total)
     Speed:     ev/sec=34004.1   simsec/sec=0.588534   ev/simsec=57777.6
     Messages:  created: 1026084   present: 1304   in FES: 134
** Event #964864   t=106.097307702992   Elapsed: 28.0626s (0m 28s)  21% completed  (10% total)
     Speed:     ev/sec=29279.1   simsec/sec=0.614173   ev/simsec=47672.4
     Messages:  created: 1103531   present: 1306   in FES: 126
** Event #1033216   t=107.639462533019   Elapsed: 30.0669s (0m 30s)  21% completed  (10% total)
     Speed:     ev/sec=34102.7   simsec/sec=0.769424   ev/simsec=44322.4
     Messages:  created: 1194365   present: 1428   in FES: 152
** Event #1101312   t=109.295870005335   Elapsed: 32.074s (0m 32s)  21% completed  (10% total)
     Speed:     ev/sec=33927   simsec/sec=0.825261   ev/simsec=41110.7
     Messages:  created: 1283730   present: 1468   in FES: 147
** Event #1169152   t=110.97993801934   Elapsed: 34.0749s (0m 34s)  22% completed  (11% total)
     Speed:     ev/sec=33905.4   simsec/sec=0.841672   ev/simsec=40283.4
     Messages:  created: 1373774   present: 1592   in FES: 155
** Event #1237504   t=112.724284794609   Elapsed: 36.0751s (0m 36s)  22% completed  (11% total)
     Speed:     ev/sec=34172.2   simsec/sec=0.872075   ev/simsec=39184.9
     Messages:  created: 1463156   present: 1595   in FES: 157
** Event #1304832   t=114.477751979856   Elapsed: 38.0759s (0m 38s)  22% completed  (11% total)
     Speed:     ev/sec=33650.5   simsec/sec=0.876382   ev/simsec=38397.1
     Messages:  created: 1550979   present: 1630   in FES: 131
** Event #1363968   t=116.20458303913   Elapsed: 40.0798s (0m 40s)  23% completed  (11% total)
     Speed:     ev/sec=29510.2   simsec/sec=0.861729   ev/simsec=34245.4
     Messages:  created: 1628002   present: 1743   in FES: 155
** Event #1433856   t=118.188727135402   Elapsed: 42.0861s (0m 42s)  23% completed  (11% total)
     Speed:     ev/sec=34834.9   simsec/sec=0.988975   ev/simsec=35223.2
     Messages:  created: 1719337   present: 1805   in FES: 154
** Event #1502976   t=120.223517642713   Elapsed: 44.0882s (0m 44s)  24% completed  (12% total)
     Speed:     ev/sec=34523   simsec/sec=1.01631   ev/simsec=33969.1
     Messages:  created: 1808898   present: 1937   in FES: 168
** Event #1572608   t=122.2   Elapsed: 46.0923s (0m 46s)  24% completed  (12% total)
     Speed:     ev/sec=34744.7   simsec/sec=0.986218   ev/simsec=35230.3
     Messages:  created: 1898849   present: 1903   in FES: 126
** Event #1639936   t=124.122496952833   Elapsed: 48.0944s (0m 48s)  24% completed  (12% total)
     Speed:     ev/sec=33628.4   simsec/sec=0.960232   ev/simsec=35021.1
     Messages:  created: 1985251   present: 2047   in FES: 157
** Event #1711360   t=126.155073768374   Elapsed: 50.0987s (0m 50s)  25% completed  (12% total)
     Speed:     ev/sec=35636.7   simsec/sec=1.01415   ev/simsec=35139.6
     Messages:  created: 2076986   present: 2165   in FES: 156
** Event #1772800   t=128.05024100398   Elapsed: 52.1058s (0m 52s)  25% completed  (12% total)
     Speed:     ev/sec=30611.1   simsec/sec=0.944224   ev/simsec=32419.3
     Messages:  created: 2156169   present: 2249   in FES: 157
** Event #1837312   t=130.171938352615   Elapsed: 54.1121s (0m 54s)  26% completed  (13% total)
     Speed:     ev/sec=32153.8   simsec/sec=1.05749   ev/simsec=30405.8
     Messages:  created: 2238320   present: 2372   in FES: 160
** Event #1906688   t=132.099825868019   Elapsed: 56.1197s (0m 56s)  26% completed  (13% total)
     Speed:     ev/sec=34557.8   simsec/sec=0.960326   ev/simsec=35985.5
     Messages:  created: 2328565   present: 2347   in FES: 126
** Event #1975808   t=134.723524641033   Elapsed: 58.1214s (0m 58s)  26% completed  (13% total)
     Speed:     ev/sec=34530.6   simsec/sec=1.31073   ev/simsec=26344.5
     Messages:  created: 2417145   present: 2472   in FES: 135
** Event #2044672   t=137.366247584554   Elapsed: 60.1217s (1m 00s)  27% completed  (13% total)
     Speed:     ev/sec=34426.7   simsec/sec=1.32116   ev/simsec=26058
     Messages:  created: 2504468   present: 2618   in FES: 131
** Event #2113280   t=140.066109882285   Elapsed: 62.1239s (1m 02s)  28% completed  (14% total)
     Speed:     ev/sec=34265.4   simsec/sec=1.34841   ev/simsec=25411.7
     Messages:  created: 2592390   present: 2813   in FES: 154
** Event #2173184   t=142.216806664585   Elapsed: 64.1278s (1m 04s)  28% completed  (14% total)
     Speed:     ev/sec=29895   simsec/sec=1.0733   ev/simsec=27853.3
     Messages:  created: 2669214   present: 2833   in FES: 125
** Event #2242048   t=144.813681379193   Elapsed: 66.1285s (1m 06s)  28% completed  (14% total)
     Speed:     ev/sec=34419.8   simsec/sec=1.29798   ev/simsec=26518
     Messages:  created: 2758275   present: 3022   in FES: 154
** Event #2312960   t=147.366060301464   Elapsed: 68.1357s (1m 08s)  29% completed  (14% total)
     Speed:     ev/sec=35328.2   simsec/sec=1.27159   ev/simsec=27782.7
     Messages:  created: 2849171   present: 3167   in FES: 160
** Event #2382592   t=150.394688731067   Elapsed: 70.1433s (1m 10s)  30% completed  (15% total)
     Speed:     ev/sec=34684.7   simsec/sec=1.5086   ev/simsec=22991.3
     Messages:  created: 2937733   present: 3319   in FES: 155
** Event #2451200   t=153.355495545547   Elapsed: 72.1459s (1m 12s)  30% completed  (15% total)
     Speed:     ev/sec=34259.3   simsec/sec=1.47847   ev/simsec=23172.1
     Messages:  created: 3025101   present: 3418   in FES: 124
** Event #2521600   t=156.313904000597   Elapsed: 74.1494s (1m 14s)  31% completed  (15% total)
     Speed:     ev/sec=35137.8   simsec/sec=1.47659   ev/simsec=23796.6
     Messages:  created: 3115064   present: 3665   in FES: 155
** Event #2589440   t=159.171244362774   Elapsed: 76.1554s (1m 16s)  31% completed  (15% total)
     Speed:     ev/sec=33818.6   simsec/sec=1.4244   ev/simsec=23742.4
     Messages:  created: 3201666   present: 3811   in FES: 155
** Event #2646272   t=161.689732270884   Elapsed: 78.1591s (1m 18s)  32% completed  (16% total)
     Speed:     ev/sec=28364.1   simsec/sec=1.25694   ev/simsec=22565.9
     Messages:  created: 3274224   present: 3890   in FES: 133
** Event #2713600   t=164.594334140219   Elapsed: 80.1605s (1m 20s)  32% completed  (16% total)
     Speed:     ev/sec=33640.7   simsec/sec=1.4513   ev/simsec=23179.8
     Messages:  created: 3359504   present: 4084   in FES: 154
** Event #2781440   t=167.355574145842   Elapsed: 82.1672s (1m 22s)  33% completed  (16% total)
     Speed:     ev/sec=33805.8   simsec/sec=1.37597   ev/simsec=24568.7
     Messages:  created: 3445396   present: 4233   in FES: 152
** Event #2848256   t=170.081670778025   Elapsed: 84.169s (1m 24s)  34% completed  (17% total)
     Speed:     ev/sec=33377.6   simsec/sec=1.36181   ev/simsec=24509.8
     Messages:  created: 3530242   present: 4375   in FES: 147
** Event #2917120   t=172.899422806785   Elapsed: 86.1708s (1m 26s)  34% completed  (17% total)
     Speed:     ev/sec=34401   simsec/sec=1.40761   ev/simsec=24439.3
     Messages:  created: 3618265   present: 4434   in FES: 123
** Event #2987008   t=174.441236296049   Elapsed: 88.1815s (1m 28s)  34% completed  (17% total)
     Speed:     ev/sec=34758.6   simsec/sec=0.766817   ev/simsec=45328.4
     Messages:  created: 3709484   present: 4591   in FES: 147
** Event #3046656   t=176.253110968712   Elapsed: 90.1865s (1m 30s)  35% completed  (17% total)
     Speed:     ev/sec=29750.2   simsec/sec=0.903696   ev/simsec=32920.6
     Messages:  created: 3786385   present: 4695   in FES: 155
** Event #3116288   t=178.37590615947   Elapsed: 92.1867s (1m 32s)  35% completed  (17% total)
     Speed:     ev/sec=34812.4   simsec/sec=1.06129   ev/simsec=32802
     Messages:  created: 3876249   present: 4929   in FES: 186
** Event #3189504   t=180.953079113806   Elapsed: 94.1914s (1m 34s)  36% completed  (18% total)
     Speed:     ev/sec=36521.2   simsec/sec=1.28553   ev/simsec=28409.4
     Messages:  created: 3970531   present: 4967   in FES: 155
** Event #3261184   t=183.44101447845   Elapsed: 96.1975s (1m 36s)  36% completed  (18% total)
     Speed:     ev/sec=35731.9   simsec/sec=1.24022   ev/simsec=28811
     Messages:  created: 4061617   present: 5132   in FES: 155
** Event #3333376   t=186.002209282893   Elapsed: 98.2003s (1m 38s)  37% completed  (18% total)
     Speed:     ev/sec=36045.4   simsec/sec=1.2788   ev/simsec=28186.8
     Messages:  created: 4154656   present: 5277   in FES: 156
** Event #3404800   t=188.394754021266   Elapsed: 100.211s (1m 40s)  37% completed  (18% total)
     Speed:     ev/sec=35522   simsec/sec=1.18991   ev/simsec=29852.7
     Messages:  created: 4245180   present: 5394   in FES: 149
** Event #3469312   t=190.326883107447   Elapsed: 102.215s (1m 42s)  38% completed  (19% total)
     Speed:     ev/sec=32188.7   simsec/sec=0.964048   ev/simsec=33389.1
     Messages:  created: 4328948   present: 5338   in FES: 136
** Event #3539200   t=193.099766519301   Elapsed: 104.222s (1m 44s)  38% completed  (19% total)
     Speed:     ev/sec=34831.9   simsec/sec=1.38199   ev/simsec=25204.1
     Messages:  created: 4417745   present: 5573   in FES: 154
** Event #3608320   t=195.814400727103   Elapsed: 106.227s (1m 46s)  39% completed  (19% total)
     Speed:     ev/sec=34466.5   simsec/sec=1.35364   ev/simsec=25462
     Messages:  created: 4505562   present: 5666   in FES: 139
** Event #3677440   t=198.438951765867   Elapsed: 108.233s (1m 48s)  39% completed  (19% total)
     Speed:     ev/sec=34449.2   simsec/sec=1.30807   ev/simsec=26335.9
     Messages:  created: 4592366   present: 5834   in FES: 148
** Event #3746048   t=201.189317204819   Elapsed: 110.235s (1m 50s)  40% completed  (20% total)
     Speed:     ev/sec=34269.6   simsec/sec=1.3738   ev/simsec=24945
     Messages:  created: 4678563   present: 5948   in FES: 126
** Event #3808000   t=203.480256459656   Elapsed: 112.237s (1m 52s)  40% completed  (20% total)
     Speed:     ev/sec=30948.4   simsec/sec=1.14445   ev/simsec=27042.2
     Messages:  created: 4756405   present: 6058   in FES: 126
** Event #3877888   t=206.001209627328   Elapsed: 114.241s (1m 54s)  41% completed  (20% total)
     Speed:     ev/sec=34877.4   simsec/sec=1.25807   ev/simsec=27722.8
     Messages:  created: 4844483   present: 6210   in FES: 131
** Event #3947520   t=209.044389881562   Elapsed: 116.249s (1m 56s)  41% completed  (20% total)
     Speed:     ev/sec=34684.3   simsec/sec=1.51583   ev/simsec=22881.3
     Messages:  created: 4929428   present: 6469   in FES: 152
** Event #4014848   t=211.254283961994   Elapsed: 118.26s (1m 58s)  42% completed  (21% total)
     Speed:     ev/sec=33474   simsec/sec=1.09871   ev/simsec=30466.6
     Messages:  created: 5013567   present: 6612   in FES: 155
** Event #4085248   t=214.189760716725   Elapsed: 120.267s (2m 00s)  42% completed  (21% total)
     Speed:     ev/sec=35081.6   simsec/sec=1.4628   ev/simsec=23982.5
     Messages:  created: 5100026   present: 6781   in FES: 154
** Event #4146688   t=216.691246879097   Elapsed: 122.269s (2m 02s)  43% completed  (21% total)
     Speed:     ev/sec=30688.7   simsec/sec=1.24947   ev/simsec=24561.4
     Messages:  created: 5176597   present: 6958   in FES: 162
** Event #4221184   t=219.689586489302   Elapsed: 124.271s (2m 04s)  43% completed  (21% total)
     Speed:     ev/sec=37199.5   simsec/sec=1.49722   ev/simsec=24845.8
     Messages:  created: 5268758   present: 7141   in FES: 154
** Event #4291840   t=222.438949773756   Elapsed: 126.279s (2m 06s)  44% completed  (22% total)
     Speed:     ev/sec=35188.5   simsec/sec=1.36926   ev/simsec=25699
     Messages:  created: 5355961   present: 7301   in FES: 157
** Event #4368640   t=224.316754890296   Elapsed: 128.283s (2m 08s)  44% completed  (22% total)
     Speed:     ev/sec=38331.7   simsec/sec=0.937233   ev/simsec=40898.8
     Messages:  created: 5454517   present: 7238   in FES: 159
** Event #4443648   t=226.004310777189   Elapsed: 130.285s (2m 10s)  45% completed  (22% total)
     Speed:     ev/sec=37470.7   simsec/sec=0.843028   ev/simsec=44447.7
     Messages:  created: 5552583   present: 7275   in FES: 163
** Event #4517888   t=226.923842056097   Elapsed: 132.285s (2m 12s)  45% completed  (22% total)
     Speed:     ev/sec=37111.1   simsec/sec=0.459655   ev/simsec=80736.8
     Messages:  created: 5651429   present: 7273   in FES: 154
** Event #4590080   t=227.198428979357   Elapsed: 134.287s (2m 14s)  45% completed  (22% total)
     Speed:     ev/sec=36054.6   simsec/sec=0.137136   ev/simsec=262911
     Messages:  created: 5749994   present: 7272   in FES: 156
** Event #4664832   t=227.783117107467   Elapsed: 136.292s (2m 16s)  45% completed  (22% total)
     Speed:     ev/sec=37293   simsec/sec=0.291695   ev/simsec=127849
     Messages:  created: 5852314   present: 7296   in FES: 166
** Event #4746240   t=228.416981582955   Elapsed: 138.305s (2m 18s)  45% completed  (22% total)
     Speed:     ev/sec=40442.5   simsec/sec=0.314896   ev/simsec=128431
     Messages:  created: 5962353   present: 7334   in FES: 155
** Event #4821760   t=230.594966911854   Elapsed: 140.308s (2m 20s)  46% completed  (23% total)
     Speed:     ev/sec=37694.6   simsec/sec=1.08711   ev/simsec=34674.2
     Messages:  created: 6058189   present: 7407   in FES: 156
** Event #4916992   t=233.173875638307   Elapsed: 142.309s (2m 22s)  46% completed  (23% total)
     Speed:     ev/sec=47598.6   simsec/sec=1.28898   ev/simsec=36927.2
     Messages:  created: 6179527   present: 7562   in FES: 157
** Event #4997120   t=235.415926804796   Elapsed: 144.316s (2m 24s)  47% completed  (23% total)
     Speed:     ev/sec=39923.4   simsec/sec=1.11709   ev/simsec=35738.7
     Messages:  created: 6281984   present: 7654   in FES: 156
** Event #5071872   t=237.556168559323   Elapsed: 146.319s (2m 26s)  47% completed  (23% total)
     Speed:     ev/sec=37324.6   simsec/sec=1.06865   ev/simsec=34926.9
     Messages:  created: 6377799   present: 7703   in FES: 130
** Event #5138176   t=239.491387746353   Elapsed: 148.322s (2m 28s)  47% completed  (23% total)
     Speed:     ev/sec=33104.3   simsec/sec=0.966219   ev/simsec=34261.8
     Messages:  created: 6462483   present: 7809   in FES: 138
** Event #5211136   t=240.27690567305   Elapsed: 150.328s (2m 30s)  48% completed  (24% total)
     Speed:     ev/sec=36365.7   simsec/sec=0.391528   ev/simsec=92881.4
     Messages:  created: 6560646   present: 7932   in FES: 131
** Event #5285888   t=240.665225109971   Elapsed: 152.33s (2m 32s)  48% completed  (24% total)
     Speed:     ev/sec=37341.9   simsec/sec=0.193983   ev/simsec=192501
     Messages:  created: 6663368   present: 7996   in FES: 154
** Event #5366272   t=241.234295275603   Elapsed: 154.331s (2m 34s)  48% completed  (24% total)
     Speed:     ev/sec=40169.4   simsec/sec=0.284375   ev/simsec=141255
     Messages:  created: 6772701   present: 8005   in FES: 156
** Event #5441280   t=241.794280478781   Elapsed: 156.43s (2m 36s)  48% completed  (24% total)
     Speed:     ev/sec=35728.8   simsec/sec=0.26674   ev/simsec=133946
     Messages:  created: 6875405   present: 7970   in FES: 126
** Event #5521152   t=242.416588445286   Elapsed: 158.434s (2m 38s)  48% completed  (24% total)
     Speed:     ev/sec=39853.6   simsec/sec=0.310512   ev/simsec=128348
     Messages:  created: 6983576   present: 8097   in FES: 157
** Event #5609728   t=243.102620302483   Elapsed: 160.439s (2m 40s)  48% completed  (24% total)
     Speed:     ev/sec=44187.8   simsec/sec=0.34224   ev/simsec=129114
     Messages:  created: 7104231   present: 8093   in FES: 155
** Event #5690880   t=243.733224205119   Elapsed: 162.44s (2m 42s)  48% completed  (24% total)
     Speed:     ev/sec=40552.3   simsec/sec=0.315118   ev/simsec=128689
     Messages:  created: 7215456   present: 8143   in FES: 157
** Event #5768960   t=244.334442395504   Elapsed: 164.445s (2m 44s)  48% completed  (24% total)
     Speed:     ev/sec=38952.7   simsec/sec=0.299937   ev/simsec=129870
     Messages:  created: 7321673   present: 8123   in FES: 156
** Event #5849088   t=244.940901735736   Elapsed: 166.447s (2m 46s)  48% completed  (24% total)
     Speed:     ev/sec=40021.5   simsec/sec=0.302908   ev/simsec=132124
     Messages:  created: 7431689   present: 8158   in FES: 156
** Event #5935872   t=245.595009848579   Elapsed: 168.45s (2m 48s)  49% completed  (24% total)
     Speed:     ev/sec=43312.6   simsec/sec=0.326455   ev/simsec=132675
     Messages:  created: 7549479   present: 8216   in FES: 155
** Event #6010112   t=247.024257405441   Elapsed: 170.453s (2m 50s)  49% completed  (24% total)
     Speed:     ev/sec=37065.3   simsec/sec=0.713571   ev/simsec=51943.4
     Messages:  created: 7649005   present: 8283   in FES: 161
** Event #6098432   t=249.783341068984   Elapsed: 172.457s (2m 52s)  49% completed  (24% total)
     Speed:     ev/sec=44078.4   simsec/sec=1.37699   ev/simsec=32010.6
     Messages:  created: 7762216   present: 8443   in FES: 154
** Event #6173440   t=252.044738258007   Elapsed: 174.467s (2m 54s)  50% completed  (25% total)
     Speed:     ev/sec=37315.7   simsec/sec=1.12502   ev/simsec=33168.9
     Messages:  created: 7859029   present: 8615   in FES: 158
** Event #6252544   t=254.139419302434   Elapsed: 176.469s (2m 56s)  50% completed  (25% total)
     Speed:     ev/sec=39513.6   simsec/sec=1.04632   ev/simsec=37764.2
     Messages:  created: 7961161   present: 8708   in FES: 153
** Event #6342912   t=255.26021188102   Elapsed: 178.473s (2m 58s)  51% completed  (25% total)
     Speed:     ev/sec=45096.4   simsec/sec=0.55931   ev/simsec=80628.7
     Messages:  created: 8082257   present: 8524   in FES: 137
** Event #6419200   t=256.340350885541   Elapsed: 180.477s (3m 00s)  51% completed  (25% total)
     Speed:     ev/sec=38067.4   simsec/sec=0.538986   ev/simsec=70627.9
     Messages:  created: 8185181   present: 8658   in FES: 163
** Event #6509568   t=258.154142845314   Elapsed: 182.478s (3m 02s)  51% completed  (25% total)
     Speed:     ev/sec=45159.7   simsec/sec=0.906407   ev/simsec=49822.7
     Messages:  created: 8305632   present: 8635   in FES: 155
** Event #6583808   t=259.455468035114   Elapsed: 184.486s (3m 04s)  51% completed  (25% total)
     Speed:     ev/sec=36971.5   simsec/sec=0.648059   ev/simsec=57049.5
     Messages:  created: 8403839   present: 8371   in FES: 158
** Event #6676992   t=259.778404587579   Elapsed: 186.486s (3m 06s)  51% completed  (25% total)
     Speed:     ev/sec=46591.1   simsec/sec=0.161465   ev/simsec=288552
     Messages:  created: 8533422   present: 8321   in FES: 159
** Event #6763520   t=260.954697304745   Elapsed: 188.489s (3m 08s)  52% completed  (26% total)
     Speed:     ev/sec=43205.4   simsec/sec=0.58735   ev/simsec=73559.9
     Messages:  created: 8650591   present: 8234   in FES: 165
** Event #6848512   t=263.380573306472   Elapsed: 190.493s (3m 10s)  52% completed  (26% total)
     Speed:     ev/sec=42417.4   simsec/sec=1.2107   ev/simsec=35035.6
     Messages:  created: 8761057   present: 8375   in FES: 159
** Event #6918656   t=264.410692935902   Elapsed: 192.497s (3m 12s)  52% completed  (26% total)
     Speed:     ev/sec=34993.3   simsec/sec=0.513904   ev/simsec=68093.1
     Messages:  created: 8853508   present: 8048   in FES: 146
** Event #7001600   t=265.709367535347   Elapsed: 194.501s (3m 14s)  53% completed  (26% total)
     Speed:     ev/sec=41382.3   simsec/sec=0.647933   ev/simsec=63868.2
     Messages:  created: 8964037   present: 8109   in FES: 157
** Event #7076864   t=267.075299298212   Elapsed: 196.508s (3m 16s)  53% completed  (26% total)
     Speed:     ev/sec=37515.1   simsec/sec=0.680844   ev/simsec=55100.8
     Messages:  created: 9062917   present: 8156   in FES: 156
** Event #7148288   t=268.050707837628   Elapsed: 198.51s (3m 18s)  53% completed  (26% total)
     Speed:     ev/sec=35663   simsec/sec=0.487035   ev/simsec=73224.7
     Messages:  created: 9158888   present: 8229   in FES: 188
** Event #7237120   t=269.685743639884   Elapsed: 200.517s (3m 20s)  53% completed  (26% total)
     Speed:     ev/sec=44276.4   simsec/sec=0.814948   ev/simsec=54330.3
     Messages:  created: 9275793   present: 8144   in FES: 157
** Event #7308544   t=271.058847457869   Elapsed: 202.518s (3m 22s)  54% completed  (27% total)
     Speed:     ev/sec=35686.8   simsec/sec=0.686067   ev/simsec=52016.5
     Messages:  created: 9369851   present: 8106   in FES: 128
** Event #7381760   t=272.261669749782   Elapsed: 204.523s (3m 24s)  54% completed  (27% total)
     Speed:     ev/sec=36526.9   simsec/sec=0.600078   ev/simsec=60870.2
     Messages:  created: 9466908   present: 8258   in FES: 186
** Event #7453952   t=274.153828056472   Elapsed: 206.53s (3m 26s)  54% completed  (27% total)
     Speed:     ev/sec=35961.7   simsec/sec=0.942559   ev/simsec=38153.3
     Messages:  created: 9561275   present: 8233   in FES: 154
** Event #7531008   t=276.074541194554   Elapsed: 208.537s (3m 28s)  55% completed  (27% total)
     Speed:     ev/sec=38391.1   simsec/sec=0.956944   ev/simsec=40118.4
     Messages:  created: 9662004   present: 8328   in FES: 156
** Event #7616512   t=278.176934213404   Elapsed: 210.539s (3m 30s)  55% completed  (27% total)
     Speed:     ev/sec=42713.3   simsec/sec=1.05025   ev/simsec=40669.8
     Messages:  created: 9773443   present: 8327   in FES: 127
** Event #7695104   t=280.291047525472   Elapsed: 212.541s (3m 32s)  56% completed  (28% total)
     Speed:     ev/sec=39259.8   simsec/sec=1.05608   ev/simsec=37174.9
     Messages:  created: 9875691   present: 8466   in FES: 156
** Event #7785216   t=282.672030606571   Elapsed: 214.544s (3m 34s)  56% completed  (28% total)
     Speed:     ev/sec=44985.1   simsec/sec=1.18862   ev/simsec=37846.6
     Messages:  created: 9992550   present: 8527   in FES: 132
** Event #7863808   t=284.715160166464   Elapsed: 216.545s (3m 36s)  56% completed  (28% total)
     Speed:     ev/sec=39267.4   simsec/sec=1.02082   ev/simsec=38466.5
     Messages:  created: 10094484   present: 8648   in FES: 151
** Event #7944704   t=286.723306739334   Elapsed: 218.55s (3m 38s)  57% completed  (28% total)
     Speed:     ev/sec=40354.5   simsec/sec=1.00175   ev/simsec=40283.9
     Messages:  created: 10199452   present: 8805   in FES: 171
** Event #8026368   t=287.344605595794   Elapsed: 220.555s (3m 40s)  57% completed  (28% total)
     Speed:     ev/sec=40741.1   simsec/sec=0.309958   ev/simsec=131441
     Messages:  created: 10310023   present: 8779   in FES: 165
** Event #8102400   t=288.147316250869   Elapsed: 222.561s (3m 42s)  57% completed  (28% total)
     Speed:     ev/sec=37891.5   simsec/sec=0.400041   ev/simsec=94719.1
     Messages:  created: 10412809   present: 8599   in FES: 154
** Event #8174592   t=289.7   Elapsed: 224.568s (3m 44s)  57% completed  (28% total)
     Speed:     ev/sec=35976.6   simsec/sec=0.773774   ev/simsec=46495
     Messages:  created: 10507085   present: 8603   in FES: 126
** Event #8260352   t=291.69124792835   Elapsed: 226.569s (3m 46s)  58% completed  (29% total)
     Speed:     ev/sec=42842.9   simsec/sec=0.994762   ev/simsec=43068.5
     Messages:  created: 10618196   present: 8787   in FES: 167
** Event #8345088   t=293.72461442803   Elapsed: 228.571s (3m 48s)  58% completed  (29% total)
     Speed:     ev/sec=42335.5   simsec/sec=1.0159   ev/simsec=41672.8
     Messages:  created: 10727711   present: 8862   in FES: 148
** Event #8430080   t=294.346487121428   Elapsed: 230.573s (3m 50s)  58% completed  (29% total)
     Speed:     ev/sec=42463.4   simsec/sec=0.310698   ev/simsec=136671
     Messages:  created: 10842029   present: 8625   in FES: 136
** Event #8493056   t=294.541633369946   Elapsed: 232.576s (3m 52s)  58% completed  (29% total)
     Speed:     ev/sec=31434.2   simsec/sec=0.0974063   ev/simsec=322712
     Messages:  created: 10929050   present: 8680   in FES: 161
** Event #8570368   t=294.790811621218   Elapsed: 234.582s (3m 54s)  58% completed  (29% total)
     Speed:     ev/sec=38531   simsec/sec=0.124186   ev/simsec=310268
     Messages:  created: 11036152   present: 8618   in FES: 130
** Event #8648704   t=295.044565476974   Elapsed: 236.583s (3m 56s)  59% completed  (29% total)
     Speed:     ev/sec=39166.6   simsec/sec=0.126873   ev/simsec=308709
     Messages:  created: 11144433   present: 8702   in FES: 147
** Event #8728832   t=295.310445488069   Elapsed: 238.584s (3m 58s)  59% completed  (29% total)
     Speed:     ev/sec=40034.4   simsec/sec=0.132842   ev/simsec=301369
     Messages:  created: 11254586   present: 8714   in FES: 150
** Event #8813568   t=295.583719070333   Elapsed: 240.591s (4m 00s)  59% completed  (29% total)
     Speed:     ev/sec=42229.4   simsec/sec=0.13619   ev/simsec=310078
     Messages:  created: 11371684   present: 8656   in FES: 132
** Event #8893440   t=295.866051932875   Elapsed: 242.594s (4m 02s)  59% completed  (29% total)
     Speed:     ev/sec=39868.1   simsec/sec=0.140926   ev/simsec=282900
     Messages:  created: 11481983   present: 8681   in FES: 156
** Event #8964096   t=296.091459615873   Elapsed: 244.595s (4m 04s)  59% completed  (29% total)
     Speed:     ev/sec=35308.4   simsec/sec=0.112641   ev/simsec=313459
     Messages:  created: 11578971   present: 8626   in FES: 142
** Event #9034240   t=296.585902141897   Elapsed: 246.599s (4m 06s)  59% completed  (29% total)
     Speed:     ev/sec=34996.2   simsec/sec=0.246687   ev/simsec=141865
     Messages:  created: 11674802   present: 8700   in FES: 157
** Event #9125888   t=297.956203977264   Elapsed: 248.606s (4m 08s)  59% completed  (29% total)
     Speed:     ev/sec=45683   simsec/sec=0.683042   ev/simsec=66881.6
     Messages:  created: 11797543   present: 8648   in FES: 147
** Event #9198848   t=299.658286270874   Elapsed: 250.609s (4m 10s)  59% completed  (29% total)
     Speed:     ev/sec=36409.5   simsec/sec=0.849397   ev/simsec=42865.1
     Messages:  created: 11891998   present: 8751   in FES: 155
** Event #9283328   t=301.410049657594   Elapsed: 252.613s (4m 12s)  60% completed  (30% total)
     Speed:     ev/sec=42173.1   simsec/sec=0.874495   ev/simsec=48225.7
     Messages:  created: 12001483   present: 8471   in FES: 157
** Event #9355520   t=301.68160615936   Elapsed: 254.614s (4m 14s)  60% completed  (30% total)
     Speed:     ev/sec=36080.5   simsec/sec=0.13572   ev/simsec=265845
     Messages:  created: 12101377   present: 8440   in FES: 159
** Event #9436672   t=303.139433595363   Elapsed: 256.621s (4m 16s)  60% completed  (30% total)
     Speed:     ev/sec=40432.9   simsec/sec=0.726344   ev/simsec=55666.4
     Messages:  created: 12208722   present: 8429   in FES: 163
** Event #9516288   t=304.936446407385   Elapsed: 258.628s (4m 18s)  60% completed  (30% total)
     Speed:     ev/sec=39654.8   simsec/sec=0.895049   ev/simsec=44304.6
     Messages:  created: 12313790   present: 8424   in FES: 143
** Event #9592064   t=306.492744266253   Elapsed: 260.634s (4m 20s)  61% completed  (30% total)
     Speed:     ev/sec=37785.6   simsec/sec=0.776046   ev/simsec=48689.9
     Messages:  created: 12413090   present: 8506   in FES: 145
** Event #9660928   t=308.063681379193   Elapsed: 262.641s (4m 22s)  61% completed  (30% total)
     Speed:     ev/sec=34312.9   simsec/sec=0.782751   ev/simsec=43836.3
     Messages:  created: 12504054   present: 8580   in FES: 157
** Event #9731584   t=309.565223788024   Elapsed: 264.647s (4m 24s)  61% completed  (30% total)
     Speed:     ev/sec=35216.9   simsec/sec=0.74841   ev/simsec=47055.6
     Messages:  created: 12596845   present: 8618   in FES: 141
** Event #9812480   t=311.390348084654   Elapsed: 266.653s (4m 26s)  62% completed  (31% total)
     Speed:     ev/sec=40334.6   simsec/sec=0.910005   ev/simsec=44323.6
     Messages:  created: 12702883   present: 8627   in FES: 125
** Event #9879552   t=313.021506214328   Elapsed: 268.653s (4m 28s)  62% completed  (31% total)
     Speed:     ev/sec=33532.3   simsec/sec=0.815488   ev/simsec=41119.3
     Messages:  created: 12791404   present: 8679   in FES: 126
** Event #9946112   t=314.467623414215   Elapsed: 270.655s (4m 30s)  62% completed  (31% total)
     Speed:     ev/sec=33237   simsec/sec=0.722125   ev/simsec=46026.7
     Messages:  created: 12878287   present: 8812   in FES: 154
** Event #10014464   t=316.06403985873   Elapsed: 272.656s (4m 32s)  63% completed  (31% total)
     Speed:     ev/sec=34171.1   simsec/sec=0.798094   ev/simsec=42815.9
     Messages:  created: 12968194   present: 8873   in FES: 156
** Event #10084608   t=317.663733807528   Elapsed: 274.656s (4m 34s)  63% completed  (31% total)
     Speed:     ev/sec=35058.2   simsec/sec=0.799533   ev/simsec=43848.4
     Messages:  created: 13059943   present: 8916   in FES: 155
** Event #10170368   t=319.565500414829   Elapsed: 276.66s (4m 36s)  63% completed  (31% total)
     Speed:     ev/sec=42802.6   simsec/sec=0.949168   ev/simsec=45094.9
     Messages:  created: 13172112   present: 8972   in FES: 147
** Event #10241024   t=321.274825836823   Elapsed: 278.661s (4m 38s)  64% completed  (32% total)
     Speed:     ev/sec=35320.2   simsec/sec=0.854474   ev/simsec=41335.6
     Messages:  created: 13264569   present: 9072   in FES: 155
** Event #10310144   t=323.055954178321   Elapsed: 280.667s (4m 40s)  64% completed  (32% total)
     Speed:     ev/sec=34451.4   simsec/sec=0.887766   ev/simsec=38806.9
     Messages:  created: 13355307   present: 9155   in FES: 160
** Event #10380288   t=324.838291726099   Elapsed: 282.67s (4m 42s)  64% completed  (32% total)
     Speed:     ev/sec=35022.2   simsec/sec=0.889902   ev/simsec=39355.1
     Messages:  created: 13446632   present: 9193   in FES: 155
** Event #10457600   t=326.903826808455   Elapsed: 284.675s (4m 44s)  65% completed  (32% total)
     Speed:     ev/sec=38544.6   simsec/sec=1.02979   ev/simsec=37429.5
     Messages:  created: 13546920   present: 9293   in FES: 156
** Event #10545664   t=328.937242205956   Elapsed: 286.679s (4m 46s)  65% completed  (32% total)
     Speed:     ev/sec=43959.3   simsec/sec=1.01503   ev/simsec=43308.4
     Messages:  created: 13661939   present: 9331   in FES: 137
** Event #10624512   t=330.685795581988   Elapsed: 288.68s (4m 48s)  66% completed  (33% total)
     Speed:     ev/sec=39394.5   simsec/sec=0.873622   ev/simsec=45093.3
     Messages:  created: 13764396   present: 9387   in FES: 130
** Event #10705664   t=332.906841372771   Elapsed: 290.685s (4m 50s)  66% completed  (33% total)
     Speed:     ev/sec=40475.6   simsec/sec=1.10778   ev/simsec=36537.7
     Messages:  created: 13870094   present: 9490   in FES: 135
** Event #10772224   t=333.46576614482   Elapsed: 292.687s (4m 52s)  66% completed  (33% total)
     Speed:     ev/sec=33256.5   simsec/sec=0.279265   ev/simsec=119086
     Messages:  created: 13959468   present: 9437   in FES: 159
** Event #10844160   t=335.026393450716   Elapsed: 294.693s (4m 54s)  67% completed  (33% total)
     Speed:     ev/sec=35853.9   simsec/sec=0.777839   ev/simsec=46094.3
     Messages:  created: 14054233   present: 9410   in FES: 156
** Event #10927360   t=337.068504151876   Elapsed: 296.697s (4m 56s)  67% completed  (33% total)
     Speed:     ev/sec=41515.2   simsec/sec=1.01897   ev/simsec=40742.2
     Messages:  created: 14161699   present: 9500   in FES: 158
** Event #11013888   t=339.190400060598   Elapsed: 298.7s (4m 58s)  67% completed  (33% total)
     Speed:     ev/sec=43196.4   simsec/sec=1.05929   ev/simsec=40778.6
     Messages:  created: 14274018   present: 9586   in FES: 165
** Event #11084032   t=341.34431796767   Elapsed: 300.709s (5m 00s)  68% completed  (34% total)
     Speed:     ev/sec=34918.2   simsec/sec=1.07224   ev/simsec=32565.8
     Messages:  created: 14364382   present: 9580   in FES: 131
** Event #11168256   t=343.805688535349   Elapsed: 302.713s (5m 02s)  68% completed  (34% total)
     Speed:     ev/sec=42033   simsec/sec=1.22838   ev/simsec=34218.3
     Messages:  created: 14473829   present: 9760   in FES: 154
** Event #11242752   t=346.013372864098   Elapsed: 304.718s (5m 04s)  69% completed  (34% total)
     Speed:     ev/sec=37146.9   simsec/sec=1.10085   ev/simsec=33744
     Messages:  created: 14570714   present: 9877   in FES: 154
** Event #11321856   t=348.360731946679   Elapsed: 306.722s (5m 06s)  69% completed  (34% total)
     Speed:     ev/sec=39479.1   simsec/sec=1.17152   ev/simsec=33699.1
     Messages:  created: 14672822   present: 9980   in FES: 161
** Event #11400960   t=350.576657516503   Elapsed: 308.727s (5m 08s)  70% completed  (35% total)
     Speed:     ev/sec=39456.3   simsec/sec=1.10528   ev/simsec=35697.9
     Messages:  created: 14775750   present: 10093   in FES: 158
** Event #11484416   t=352.861731469567   Elapsed: 310.729s (5m 10s)  70% completed  (35% total)
     Speed:     ev/sec=41677.9   simsec/sec=1.14117   ev/simsec=36522.2
     Messages:  created: 14884195   present: 10356   in FES: 187
** Event #11565312   t=354.441450169702   Elapsed: 312.733s (5m 12s)  70% completed  (35% total)
     Speed:     ev/sec=40372.9   simsec/sec=0.788394   ev/simsec=51209.1
     Messages:  created: 14990664   present: 10379   in FES: 182
** Event #11644416   t=356.577681193908   Elapsed: 314.737s (5m 14s)  71% completed  (35% total)
     Speed:     ev/sec=39464.7   simsec/sec=1.06576   ev/simsec=37029.7
     Messages:  created: 15094472   present: 10373   in FES: 150
** Event #11727360   t=358.817244908733   Elapsed: 316.741s (5m 16s)  71% completed  (35% total)
     Speed:     ev/sec=41396.9   simsec/sec=1.11775   ev/simsec=37035.8
     Messages:  created: 15203315   present: 10500   in FES: 165
** Event #11786496   t=360.6   Elapsed: 318.744s (5m 18s)  72% completed  (36% total)
     Speed:     ev/sec=29520.5   simsec/sec=0.889944   ev/simsec=33171.1
     Messages:  created: 15279405   present: 10522   in FES: 125
** Event #11857152   t=362.937129546166   Elapsed: 320.745s (5m 20s)  72% completed  (36% total)
     Speed:     ev/sec=35321.2   simsec/sec=1.16834   ev/simsec=30232
     Messages:  created: 15370971   present: 10720   in FES: 167
** Event #11934208   t=365.262401566234   Elapsed: 322.745s (5m 22s)  73% completed  (36% total)
     Speed:     ev/sec=38526.2   simsec/sec=1.16258   ev/simsec=33138.5
     Messages:  created: 15469178   present: 10791   in FES: 135
** Event #12020480   t=368.065295792178   Elapsed: 324.745s (5m 24s)  73% completed  (36% total)
     Speed:     ev/sec=43134   simsec/sec=1.40138   ev/simsec=30779.6
     Messages:  created: 15580099   present: 11021   in FES: 154
** Event #12106496   t=370.782718441143   Elapsed: 326.748s (5m 26s)  74% completed  (37% total)
     Speed:     ev/sec=42932.4   simsec/sec=1.35632   ev/simsec=31653.5
     Messages:  created: 15689527   present: 11090   in FES: 127
** Event #12192256   t=373.401649516151   Elapsed: 328.751s (5m 28s)  74% completed  (37% total)
     Speed:     ev/sec=42825.4   simsec/sec=1.3078   ev/simsec=32746.2
     Messages:  created: 15797390   present: 11242   in FES: 124
** Event #12265472   t=375.80097162537   Elapsed: 330.753s (5m 30s)  75% completed  (37% total)
     Speed:     ev/sec=36569.4   simsec/sec=1.1984   ev/simsec=30515.3
     Messages:  created: 15891269   present: 11421   in FES: 137
** Event #12345600   t=378.209929480457   Elapsed: 332.758s (5m 32s)  75% completed  (37% total)
     Speed:     ev/sec=39955.2   simsec/sec=1.20121   ev/simsec=33262.5
     Messages:  created: 15993494   present: 11604   in FES: 155
** Event #12414976   t=380.4373638028   Elapsed: 334.759s (5m 34s)  76% completed  (38% total)
     Speed:     ev/sec=34683.1   simsec/sec=1.11356   ev/simsec=31146.1
     Messages:  created: 16082405   present: 11729   in FES: 147
** Event #12496128   t=383.030252835245   Elapsed: 336.759s (5m 36s)  76% completed  (38% total)
     Speed:     ev/sec=40560.4   simsec/sec=1.29595   ev/simsec=31297.9
     Messages:  created: 16187100   present: 11888   in FES: 155
** Event #12587520   t=385.576923237692   Elapsed: 338.762s (5m 38s)  77% completed  (38% total)
     Speed:     ev/sec=45627.1   simsec/sec=1.27141   ev/simsec=35886.9
     Messages:  created: 16304625   present: 12040   in FES: 161
** Event #12659968   t=387.813950910554   Elapsed: 340.767s (5m 40s)  77% completed  (38% total)
     Speed:     ev/sec=36141   simsec/sec=1.11595   ev/simsec=32385.8
     Messages:  created: 16397745   present: 12235   in FES: 173
** Event #12733184   t=390.139890491866   Elapsed: 342.774s (5m 42s)  78% completed  (39% total)
     Speed:     ev/sec=36486.9   simsec/sec=1.15912   ev/simsec=31478
     Messages:  created: 16490216   present: 12302   in FES: 154
** Event #12801280   t=392.323976865908   Elapsed: 344.813s (5m 44s)  78% completed  (39% total)
     Speed:     ev/sec=33385.4   simsec/sec=1.07079   ev/simsec=31178.3
     Messages:  created: 16577011   present: 12451   in FES: 151
** Event #12881664   t=394.723865687018   Elapsed: 346.815s (5m 46s)  78% completed  (39% total)
     Speed:     ev/sec=40155.2   simsec/sec=1.19885   ev/simsec=33494.9
     Messages:  created: 16681627   present: 12564   in FES: 155
** Event #12955648   t=397.305958018495   Elapsed: 348.819s (5m 48s)  79% completed  (39% total)
     Speed:     ev/sec=36914.5   simsec/sec=1.28834   ev/simsec=28652.7
     Messages:  created: 16776139   present: 12665   in FES: 137
** Event #13031680   t=400.054381055313   Elapsed: 350.821s (5m 50s)  80% completed  (40% total)
     Speed:     ev/sec=37988.6   simsec/sec=1.37322   ev/simsec=27663.9
     Messages:  created: 16874097   present: 12897   in FES: 152
** Event #13099264   t=402.38057032018   Elapsed: 352.822s (5m 52s)  80% completed  (40% total)
     Speed:     ev/sec=33766.1   simsec/sec=1.1622   ev/simsec=29053.5
     Messages:  created: 16960164   present: 12921   in FES: 124
** Event #13161472   t=404.566841870777   Elapsed: 354.825s (5m 54s)  80% completed  (40% total)
     Speed:     ev/sec=31066.3   simsec/sec=1.09181   ev/simsec=28453.9
     Messages:  created: 17040225   present: 13104   in FES: 136
** Event #13241088   t=407.355574822096   Elapsed: 356.83s (5m 56s)  81% completed  (40% total)
     Speed:     ev/sec=39712.7   simsec/sec=1.39103   ev/simsec=28549.2
     Messages:  created: 17142157   present: 13299   in FES: 148
** Event #13335040   t=410.564875541359   Elapsed: 358.831s (5m 58s)  82% completed  (41% total)
     Speed:     ev/sec=46939.1   simsec/sec=1.60339   ev/simsec=29274.9
     Messages:  created: 17262329   present: 13496   in FES: 155
** Event #13427456   t=413.594600595372   Elapsed: 360.835s (6m 00s)  82% completed  (41% total)
     Speed:     ev/sec=46108.8   simsec/sec=1.51161   ev/simsec=30503.1
     Messages:  created: 17381397   present: 13633   in FES: 137
** Event #13513216   t=416.340319514545   Elapsed: 362.84s (6m 02s)  83% completed  (41% total)
     Speed:     ev/sec=42791.9   simsec/sec=1.37004   ev/simsec=31234.1
     Messages:  created: 17491852   present: 13816   in FES: 155
** Event #13603328   t=419.111433025064   Elapsed: 364.841s (6m 04s)  83% completed  (41% total)
     Speed:     ev/sec=45015.8   simsec/sec=1.38432   ev/simsec=32518.3
     Messages:  created: 17607798   present: 13995   in FES: 158
** Event #13690880   t=421.860951827837   Elapsed: 366.842s (6m 06s)  84% completed  (42% total)
     Speed:     ev/sec=43764.6   simsec/sec=1.3744   ev/simsec=31842.7
     Messages:  created: 17720060   present: 14151   in FES: 155
** Event #13777664   t=424.573889729365   Elapsed: 368.845s (6m 08s)  84% completed  (42% total)
     Speed:     ev/sec=43327.7   simsec/sec=1.35446   ev/simsec=31988.9
     Messages:  created: 17830473   present: 14310   in FES: 155
** Event #13853184   t=427.015731906865   Elapsed: 370.846s (6m 10s)  85% completed  (42% total)
     Speed:     ev/sec=37729.4   simsec/sec=1.21993   ev/simsec=30927.5
     Messages:  created: 17927439   present: 14470   in FES: 156
** Event #13946624   t=429.972877475162   Elapsed: 372.848s (6m 12s)  85% completed  (42% total)
     Speed:     ev/sec=46692.3   simsec/sec=1.4777   ev/simsec=31598
     Messages:  created: 18046960   present: 14627   in FES: 158
** Event #14031104   t=432.454349357639   Elapsed: 374.85s (6m 14s)  86% completed  (43% total)
     Speed:     ev/sec=42187.8   simsec/sec=1.2392   ev/simsec=34044.3
     Messages:  created: 18154585   present: 14689   in FES: 124
** Event #14107392   t=434.826924002134   Elapsed: 376.851s (6m 16s)  86% completed  (43% total)
     Speed:     ev/sec=38125.7   simsec/sec=1.18572   ev/simsec=32154.1
     Messages:  created: 18252815   present: 14886   in FES: 148
** Event #14194688   t=437.563948632772   Elapsed: 378.857s (6m 18s)  87% completed  (43% total)
     Speed:     ev/sec=43527.9   simsec/sec=1.36475   ev/simsec=31894.5
     Messages:  created: 18364198   present: 15071   in FES: 156
** Event #14278912   t=440.06557794775   Elapsed: 380.86s (6m 20s)  88% completed  (44% total)
     Speed:     ev/sec=42031.6   simsec/sec=1.24843   ev/simsec=33667.7
     Messages:  created: 18473025   present: 15148   in FES: 126
** Event #14370048   t=442.873404760471   Elapsed: 382.862s (6m 22s)  88% completed  (44% total)
     Speed:     ev/sec=45532.8   simsec/sec=1.40283   ev/simsec=32457.8
     Messages:  created: 18590963   present: 15356   in FES: 147
** Event #14443264   t=445.116282778208   Elapsed: 384.869s (6m 24s)  89% completed  (44% total)
     Speed:     ev/sec=36485.1   simsec/sec=1.11767   ev/simsec=32643.8
     Messages:  created: 18685235   present: 15496   in FES: 155
** Event #14521088   t=446.295027445132   Elapsed: 386.869s (6m 26s)  89% completed  (44% total)
     Speed:     ev/sec=38897.3   simsec/sec=0.58915   ev/simsec=66022.8
     Messages:  created: 18789920   present: 15636   in FES: 160
** Event #14611456   t=446.813936996195   Elapsed: 388.87s (6m 28s)  89% completed  (44% total)
     Speed:     ev/sec=45173.1   simsec/sec=0.259392   ev/simsec=174150
     Messages:  created: 18914668   present: 15663   in FES: 193
** Event #14713856   t=447.617446620342   Elapsed: 390.934s (6m 30s)  89% completed  (44% total)
     Speed:     ev/sec=49621.1   simsec/sec=0.389365   ev/simsec=127441
     Messages:  created: 19054521   present: 15703   in FES: 156
** Event #14797312   t=448.330613460213   Elapsed: 392.936s (6m 32s)  89% completed  (44% total)
     Speed:     ev/sec=41668.9   simsec/sec=0.356079   ev/simsec=117022
     Messages:  created: 19168466   present: 15721   in FES: 148
** Event #14874112   t=449.012088287343   Elapsed: 394.943s (6m 34s)  89% completed  (44% total)
     Speed:     ev/sec=38274   simsec/sec=0.339619   ev/simsec=112697
     Messages:  created: 19274055   present: 15742   in FES: 157
** Event #14948864   t=449.528997436168   Elapsed: 396.945s (6m 36s)  89% completed  (44% total)
     Speed:     ev/sec=37347.6   simsec/sec=0.258258   ev/simsec=144613
     Messages:  created: 19375927   present: 15754   in FES: 153
** Event #15025152   t=450.073128956092   Elapsed: 398.946s (6m 38s)  90% completed  (45% total)
     Speed:     ev/sec=38111.1   simsec/sec=0.271831   ev/simsec=140201
     Messages:  created: 19480557   present: 15854   in FES: 156
** Event #15126272   t=450.978607040417   Elapsed: 400.948s (6m 40s)  90% completed  (45% total)
     Speed:     ev/sec=50519.8   simsec/sec=0.452379   ev/simsec=111676
     Messages:  created: 19619198   present: 15850   in FES: 156
** Event #15196160   t=451.500761056641   Elapsed: 402.95s (6m 42s)  90% completed  (45% total)
     Speed:     ev/sec=34903.2   simsec/sec=0.260772   ev/simsec=133846
     Messages:  created: 19714225   present: 15922   in FES: 156
** Event #15277568   t=452.116047733257   Elapsed: 404.957s (6m 44s)  90% completed  (45% total)
     Speed:     ev/sec=40568.5   simsec/sec=0.306619   ev/simsec=132309
     Messages:  created: 19825730   present: 15965   in FES: 157
** Event #15358208   t=452.819706150994   Elapsed: 406.959s (6m 46s)  90% completed  (45% total)
     Speed:     ev/sec=40271   simsec/sec=0.351402   ev/simsec=114601
     Messages:  created: 19936522   present: 16087   in FES: 182
** Event #15440384   t=453.481853252194   Elapsed: 408.963s (6m 48s)  90% completed  (45% total)
     Speed:     ev/sec=41013.1   simsec/sec=0.33047   ev/simsec=124105
     Messages:  created: 20048381   present: 16036   in FES: 159
** Event #15533312   t=454.225516415701   Elapsed: 410.967s (6m 50s)  90% completed  (45% total)
     Speed:     ev/sec=46374   simsec/sec=0.371112   ev/simsec=124960
     Messages:  created: 20175402   present: 16016   in FES: 153
** Event #15613952   t=454.821131700022   Elapsed: 412.971s (6m 52s)  90% completed  (45% total)
     Speed:     ev/sec=40237.2   simsec/sec=0.297196   ev/simsec=135389
     Messages:  created: 20286485   present: 16044   in FES: 142
** Event #15713536   t=455.579913359042   Elapsed: 414.973s (6m 54s)  91% completed  (45% total)
     Speed:     ev/sec=49747.5   simsec/sec=0.379052   ev/simsec=131242
     Messages:  created: 20422611   present: 16134   in FES: 156
** Event #15806208   t=456.326878738629   Elapsed: 416.976s (6m 56s)  91% completed  (45% total)
     Speed:     ev/sec=46268.3   simsec/sec=0.372937   ev/simsec=124065
     Messages:  created: 20549262   present: 16235   in FES: 176
** Event #15895040   t=457.063687389358   Elapsed: 418.98s (6m 58s)  91% completed  (45% total)
     Speed:     ev/sec=44321.9   simsec/sec=0.367624   ev/simsec=120563
     Messages:  created: 20671096   present: 16179   in FES: 155
** Event #15968256   t=457.608128194369   Elapsed: 420.982s (7m 00s)  91% completed  (45% total)
     Speed:     ev/sec=36565.4   simsec/sec=0.271904   ev/simsec=134479
     Messages:  created: 20771183   present: 16252   in FES: 156
** Event #16043776   t=458.247345065489   Elapsed: 422.983s (7m 02s)  91% completed  (45% total)
     Speed:     ev/sec=37741.8   simsec/sec=0.319454   ev/simsec=118145
     Messages:  created: 20874021   present: 16268   in FES: 151
** Event #16139264   t=459.011768549084   Elapsed: 424.987s (7m 04s)  91% completed  (45% total)
     Speed:     ev/sec=47646.3   simsec/sec=0.381429   ev/simsec=124915
     Messages:  created: 21005311   present: 16305   in FES: 138
** Event #16230400   t=459.736212185394   Elapsed: 426.99s (7m 06s)  91% completed  (45% total)
     Speed:     ev/sec=45498.7   simsec/sec=0.361671   ev/simsec=125801
     Messages:  created: 21129530   present: 16323   in FES: 139
** Event #16313088   t=460.322582567993   Elapsed: 428.99s (7m 08s)  92% completed  (46% total)
     Speed:     ev/sec=41342.4   simsec/sec=0.293174   ev/simsec=141017
     Messages:  created: 21242113   present: 16400   in FES: 155
** Event #16388096   t=460.977830691855   Elapsed: 430.996s (7m 10s)  92% completed  (46% total)
     Speed:     ev/sec=37409.2   simsec/sec=0.326796   ev/simsec=114473
     Messages:  created: 21345100   present: 16419   in FES: 156
** Event #16470016   t=461.538942664188   Elapsed: 432.997s (7m 12s)  92% completed  (46% total)
     Speed:     ev/sec=40938.2   simsec/sec=0.280406   ev/simsec=145996
     Messages:  created: 21456591   present: 16480   in FES: 156
** Event #16572416   t=462.333176458068   Elapsed: 435.003s (7m 15s)  92% completed  (46% total)
     Speed:     ev/sec=51041.7   simsec/sec=0.395889   ev/simsec=128929
     Messages:  created: 21596482   present: 16434   in FES: 124
** Event #16663296   t=463.068671735083   Elapsed: 437.005s (7m 17s)  92% completed  (46% total)
     Speed:     ev/sec=45400   simsec/sec=0.367424   ev/simsec=123563
     Messages:  created: 21721028   present: 16552   in FES: 161
** Event #16753152   t=463.791890491746   Elapsed: 439.012s (7m 19s)  92% completed  (46% total)
     Speed:     ev/sec=44765.5   simsec/sec=0.360302   ev/simsec=124245
     Messages:  created: 21844152   present: 16597   in FES: 155
** Event #16832000   t=464.441235560436   Elapsed: 441.013s (7m 21s)  92% completed  (46% total)
     Speed:     ev/sec=39398   simsec/sec=0.324458   ev/simsec=121427
     Messages:  created: 21951191   present: 16548   in FES: 152
** Event #16934656   t=465.25015669343   Elapsed: 443.019s (7m 23s)  93% completed  (46% total)
     Speed:     ev/sec=51180.9   simsec/sec=0.403301   ev/simsec=126905
     Messages:  created: 22091459   present: 16655   in FES: 149
** Event #17010944   t=465.845393220829   Elapsed: 445.02s (7m 25s)  93% completed  (46% total)
     Speed:     ev/sec=38126.9   simsec/sec=0.297485   ev/simsec=128164
     Messages:  created: 22196304   present: 16664   in FES: 159
** Event #17096192   t=466.528909660827   Elapsed: 447.023s (7m 27s)  93% completed  (46% total)
     Speed:     ev/sec=42551.7   simsec/sec=0.341179   ev/simsec=124720
     Messages:  created: 22312227   present: 16680   in FES: 148
** Event #17169152   t=467.078045479726   Elapsed: 449.026s (7m 29s)  93% completed  (46% total)
     Speed:     ev/sec=36428.2   simsec/sec=0.274178   ev/simsec=132863
     Messages:  created: 22412087   present: 16716   in FES: 136
** Event #17244416   t=467.72973361718   Elapsed: 451.031s (7m 31s)  93% completed  (46% total)
     Speed:     ev/sec=37541.2   simsec/sec=0.325057   ev/simsec=115491
     Messages:  created: 22515097   present: 16784   in FES: 154
** Event #17348608   t=468.502725653506   Elapsed: 453.033s (7m 33s)  93% completed  (46% total)
     Speed:     ev/sec=52039.2   simsec/sec=0.386075   ev/simsec=134791
     Messages:  created: 22657123   present: 16856   in FES: 157
** Event #17433600   t=469.106269661114   Elapsed: 455.039s (7m 35s)  93% completed  (46% total)
     Speed:     ev/sec=42360.7   simsec/sec=0.300812   ev/simsec=140822
     Messages:  created: 22773271   present: 16811   in FES: 124
** Event #17506048   t=469.732718823401   Elapsed: 457.041s (7m 37s)  93% completed  (46% total)
     Speed:     ev/sec=36199.1   simsec/sec=0.31301   ev/simsec=115649
     Messages:  created: 22872514   present: 16915   in FES: 153
** Event #17594624   t=470.327680186415   Elapsed: 459.043s (7m 39s)  94% completed  (47% total)
     Speed:     ev/sec=44234.7   simsec/sec=0.297123   ev/simsec=148877
     Messages:  created: 22993230   present: 16944   in FES: 156
** Event #17691392   t=471.079350248212   Elapsed: 461.045s (7m 41s)  94% completed  (47% total)
     Speed:     ev/sec=48344.1   simsec/sec=0.375525   ev/simsec=128737
     Messages:  created: 23125426   present: 16996   in FES: 155
** Event #17771520   t=471.7503296905   Elapsed: 463.045s (7m 43s)  94% completed  (47% total)
     Speed:     ev/sec=40063.5   simsec/sec=0.335486   ev/simsec=119419
     Messages:  created: 23234972   present: 17142   in FES: 190
** Event #17859072   t=472.272335402555   Elapsed: 465.049s (7m 45s)  94% completed  (47% total)
     Speed:     ev/sec=43690.1   simsec/sec=0.26049   ev/simsec=167722
     Messages:  created: 23350891   present: 15780   in FES: 161
** Event #17936128   t=472.593031219245   Elapsed: 467.052s (7m 47s)  94% completed  (47% total)
     Speed:     ev/sec=38461   simsec/sec=0.160069   ev/simsec=240278
     Messages:  created: 23457254   present: 15731   in FES: 169
** Event #18016000   t=473.236611209166   Elapsed: 469.056s (7m 49s)  94% completed  (47% total)
     Speed:     ev/sec=39862.5   simsec/sec=0.321198   ev/simsec=124106
     Messages:  created: 23565943   present: 15740   in FES: 143
** Event #18096896   t=474.723291577913   Elapsed: 471.061s (7m 51s)  94% completed  (47% total)
     Speed:     ev/sec=40343.9   simsec/sec=0.741427   ev/simsec=54413.8
     Messages:  created: 23673605   present: 10173   in FES: 188
** Event #18179328   t=477.077609921785   Elapsed: 473.064s (7m 53s)  95% completed  (47% total)
     Speed:     ev/sec=41166.3   simsec/sec=1.17574   ev/simsec=35013.1
     Messages:  created: 23779470   present: 7359   in FES: 161
** Event #18249472   t=478.941299959515   Elapsed: 475.065s (7m 55s)  95% completed  (47% total)
     Speed:     ev/sec=35045.2   simsec/sec=0.931134   ev/simsec=37637.2
     Messages:  created: 23869718   present: 7110   in FES: 156
** Event #18321152   t=479.126250677057   Elapsed: 477.071s (7m 57s)  95% completed  (47% total)
     Speed:     ev/sec=35726.2   simsec/sec=0.0921816   ev/simsec=387563
     Messages:  created: 23968664   present: 7130   in FES: 156
** Event #18401280   t=479.356927147102   Elapsed: 479.075s (7m 59s)  95% completed  (47% total)
     Speed:     ev/sec=39986.4   simsec/sec=0.115115   ev/simsec=347361
     Messages:  created: 24079814   present: 7149   in FES: 156
** Event #18471936   t=479.562126875901   Elapsed: 481.079s (8m 01s)  95% completed  (47% total)
     Speed:     ev/sec=35266.8   simsec/sec=0.102422   ev/simsec=344328
     Messages:  created: 24177737   present: 7164   in FES: 154
** Event #18561536   t=479.822380469768   Elapsed: 483.082s (8m 03s)  95% completed  (47% total)
     Speed:     ev/sec=44728   simsec/sec=0.129918   ev/simsec=344280
     Messages:  created: 24302191   present: 7151   in FES: 164
** Event #18634496   t=480.037836669133   Elapsed: 485.087s (8m 05s)  96% completed  (48% total)
     Speed:     ev/sec=36397.6   simsec/sec=0.107485   ev/simsec=338630
     Messages:  created: 24403210   present: 7101   in FES: 127
** Event #18712320   t=480.255401189346   Elapsed: 487.089s (8m 07s)  96% completed  (48% total)
     Speed:     ev/sec=38861.7   simsec/sec=0.108642   ev/simsec=357705
     Messages:  created: 24510631   present: 7160   in FES: 142
** Event #18792192   t=480.487859701101   Elapsed: 489.094s (8m 09s)  96% completed  (48% total)
     Speed:     ev/sec=39845.8   simsec/sec=0.115967   ev/simsec=343597
     Messages:  created: 24621307   present: 7125   in FES: 128
** Event #18864384   t=480.696871531648   Elapsed: 491.099s (8m 11s)  96% completed  (48% total)
     Speed:     ev/sec=35998.3   simsec/sec=0.104223   ev/simsec=345397
     Messages:  created: 24721599   present: 7219   in FES: 155
** Event #18940928   t=480.910145208689   Elapsed: 493.105s (8m 13s)  96% completed  (48% total)
     Speed:     ev/sec=38158.1   simsec/sec=0.10632   ev/simsec=358900
     Messages:  created: 24827821   present: 7136   in FES: 162
** Event #19007232   t=481.097870702337   Elapsed: 495.112s (8m 15s)  96% completed  (48% total)
     Speed:     ev/sec=33038.8   simsec/sec=0.0935424   ev/simsec=353197
     Messages:  created: 24919245   present: 7117   in FES: 151
** Event #19078144   t=481.323624294229   Elapsed: 497.114s (8m 17s)  96% completed  (48% total)
     Speed:     ev/sec=35416.4   simsec/sec=0.112751   ev/simsec=314112
     Messages:  created: 25017202   present: 7028   in FES: 125
** Event #19156736   t=481.820508044484   Elapsed: 499.114s (8m 19s)  96% completed  (48% total)
     Speed:     ev/sec=39291.8   simsec/sec=0.248415   ev/simsec=158170
     Messages:  created: 25124262   present: 6791   in FES: 187
** Event #19241728   t=483.813904141052   Elapsed: 501.122s (8m 21s)  96% completed  (48% total)
     Speed:     ev/sec=42341.3   simsec/sec=0.99307   ev/simsec=42636.8
     Messages:  created: 25235377   present: 6877   in FES: 187
** Event #19314944   t=485.274878747704   Elapsed: 503.128s (8m 23s)  97% completed  (48% total)
     Speed:     ev/sec=36490.3   simsec/sec=0.728138   ev/simsec=50114.5
     Messages:  created: 25331785   present: 7014   in FES: 187
** Event #19374080   t=486.116423672104   Elapsed: 505.131s (8m 25s)  97% completed  (48% total)
     Speed:     ev/sec=29525.1   simsec/sec=0.420162   ev/simsec=70270.8
     Messages:  created: 25410934   present: 6904   in FES: 162
** Event #19449344   t=486.653905265033   Elapsed: 507.132s (8m 27s)  97% completed  (48% total)
     Speed:     ev/sec=37610.2   simsec/sec=0.268585   ev/simsec=140031
     Messages:  created: 25514274   present: 6893   in FES: 129
** Event #19527936   t=487.204418249087   Elapsed: 509.138s (8m 29s)  97% completed  (48% total)
     Speed:     ev/sec=39186.9   simsec/sec=0.274492   ev/simsec=142761
     Messages:  created: 25621658   present: 7013   in FES: 160
** Event #19613184   t=487.739151386747   Elapsed: 511.14s (8m 31s)  97% completed  (48% total)
     Speed:     ev/sec=42576.5   simsec/sec=0.267069   ev/simsec=159422
     Messages:  created: 25738582   present: 6908   in FES: 152
** Event #19689984   t=488.556126347793   Elapsed: 513.143s (8m 33s)  97% completed  (48% total)
     Speed:     ev/sec=38344.9   simsec/sec=0.407901   ev/simsec=94005.3
     Messages:  created: 25842176   present: 6900   in FES: 156
** Event #19746560   t=490.081668232622   Elapsed: 515.152s (8m 35s)  98% completed  (49% total)
     Speed:     ev/sec=28164.7   simsec/sec=0.759446   ev/simsec=37085.8
     Messages:  created: 25916089   present: 6990   in FES: 157
** Event #19826688   t=492.345165826106   Elapsed: 517.154s (8m 37s)  98% completed  (49% total)
     Speed:     ev/sec=40018.9   simsec/sec=1.13048   ev/simsec=35400.1
     Messages:  created: 26020674   present: 7134   in FES: 186
** Event #19904256   t=494.545868741333   Elapsed: 519.159s (8m 39s)  98% completed  (49% total)
     Speed:     ev/sec=38687.5   simsec/sec=1.09761   ev/simsec=35246.9
     Messages:  created: 26121486   present: 7142   in FES: 159
** Event #19973376   t=496.556411608619   Elapsed: 521.163s (8m 41s)  99% completed  (49% total)
     Speed:     ev/sec=34481   simsec/sec=1.00297   ev/simsec=34378.8
     Messages:  created: 26210676   present: 7231   in FES: 161
** Event #20038656   t=498.360728837317   Elapsed: 523.167s (8m 43s)  99% completed  (49% total)
     Speed:     ev/sec=32584.8   simsec/sec=0.900632   ev/simsec=36179.9
     Messages:  created: 26294755   present: 7220   in FES: 125
** Event #20091146   t=500   Elapsed: 524.952s (8m 44s)  100% completed  (50% total)
     Speed:     ev/sec=29400.3   simsec/sec=0.918195   ev/simsec=32019.7
     Messages:  created: 26362876   present: 7280   in FES: 126

<!> Simulation time limit reached -- at t=500s, event #20091146
undisposed object: (omnetpp::cMessage) FanetReconNetwork.groundStation.app.debugTimer -- check module destructor
undisposed object: (omnetpp::cMessage) FanetReconNetwork.uav[0].app.debugTimer -- check module destructor
undisposed object: (omnetpp::cMessage) FanetReconNetwork.uav[1].app.debugTimer -- check module destructor
undisposed object: (omnetpp::cMessage) FanetReconNetwork.uav[2].app.debugTimer -- check module destructor
undisposed object: (omnetpp::cMessage) FanetReconNetwork.uav[3].app.debugTimer -- check module destructor
undisposed object: (omnetpp::cMessage) FanetReconNetwork.uav[4].app.debugTimer -- check module destructor
undisposed object: (omnetpp::cMessage) FanetReconNetwork.uav[5].app.debugTimer -- check module destructor
undisposed object: (omnetpp::cMessage) FanetReconNetwork.uav[6].app.debugTimer -- check module destructor
undisposed object: (omnetpp::cMessage) FanetReconNetwork.uav[7].app.debugTimer -- check module destructor
undisposed object: (omnetpp::cMessage) FanetReconNetwork.uav[8].app.debugTimer -- check module destructor
undisposed object: (omnetpp::cMessage) FanetReconNetwork.uav[9].app.debugTimer -- check module destructor
undisposed object: (omnetpp::cMessage) FanetReconNetwork.uav[10].app.debugTimer -- check module destructor
undisposed object: (omnetpp::cMessage) FanetReconNetwork.uav[11].app.debugTimer -- check module destructor
undisposed object: (omnetpp::cMessage) FanetReconNetwork.uav[12].app.debugTimer -- check module destructor
undisposed object: (omnetpp::cMessage) FanetReconNetwork.uav[13].app.debugTimer -- check module destructor
undisposed object: (omnetpp::cMessage) FanetReconNetwork.uav[14].app.debugTimer -- check module destructor
undisposed object: (omnetpp::cMessage) FanetReconNetwork.uav[15].app.debugTimer -- check module destructor
undisposed object: (omnetpp::cMessage) FanetReconNetwork.uav[16].app.debugTimer -- check module destructor
undisposed object: (omnetpp::cMessage) FanetReconNetwork.uav[17].app.debugTimer -- check module destructor
undisposed object: (omnetpp::cMessage) FanetReconNetwork.uav[18].app.debugTimer -- check module destructor
undisposed object: (omnetpp::cMessage) FanetReconNetwork.uav[19].app.debugTimer -- check module destructor
undisposed object: (omnetpp::cMessage) FanetReconNetwork.uav[20].app.debugTimer -- check module destructor
undisposed object: (omnetpp::cMessage) FanetReconNetwork.uav[21].app.debugTimer -- check module destructor
undisposed object: (omnetpp::cMessage) FanetReconNetwork.uav[22].app.debugTimer -- check module destructor
undisposed object: (omnetpp::cMessage) FanetReconNetwork.uav[23].app.debugTimer -- check module destructor
undisposed object: (omnetpp::cMessage) FanetReconNetwork.uav[24].app.debugTimer -- check module destructor
undisposed object: (omnetpp::cMessage) FanetReconNetwork.uav[25].app.debugTimer -- check module destructor
undisposed object: (omnetpp::cMessage) FanetReconNetwork.uav[26].app.debugTimer -- check module destructor
undisposed object: (omnetpp::cMessage) FanetReconNetwork.uav[27].app.debugTimer -- check module destructor
undisposed object: (omnetpp::cMessage) FanetReconNetwork.uav[28].app.debugTimer -- check module destructor
undisposed object: (omnetpp::cMessage) FanetReconNetwork.uav[29].app.debugTimer -- check module destructor
