** Event #0   t=0   Elapsed: 2.5e-05s (0m 00s)  0% completed  (0% total)
     Speed:     ev/sec=0   simsec/sec=0   ev/simsec=0
     Messages:  created: 1938   present: 1938   in FES: 306
** Event #82688   t=6.031912497891   Elapsed: 2.00633s (0m 02s)  1% completed  (0% total)
     Speed:     ev/sec=41214.4   simsec/sec=3.00646   ev/simsec=13708.6
     Messages:  created: 92244   present: 1994   in FES: 251
** Event #123136   t=8.147758298364   Elapsed: 4.03065s (0m 04s)  1% completed  (0% total)
     Speed:     ev/sec=19981   simsec/sec=1.04521   ev/simsec=19116.7
     Messages:  created: 136596   present: 1873   in FES: 214
** Event #174848   t=11.398365409813   Elapsed: 6.03071s (0m 06s)  2% completed  (1% total)
     Speed:     ev/sec=25855.2   simsec/sec=1.62525   ev/simsec=15908.4
     Messages:  created: 193316   present: 1986   in FES: 253
** Event #242944   t=16.024596908086   Elapsed: 8.03155s (0m 08s)  3% completed  (1% total)
     Speed:     ev/sec=34033.8   simsec/sec=2.31215   ev/simsec=14719.5
     Messages:  created: 267306   present: 1904   in FES: 223
** Event #306688   t=20.007945616799   Elapsed: 10.0343s (0m 10s)  4% completed  (2% total)
     Speed:     ev/sec=31828   simsec/sec=1.98892   ev/simsec=16002.6
     Messages:  created: 336800   present: 1987   in FES: 252
** Event #371712   t=24.016220075728   Elapsed: 12.0359s (0m 12s)  4% completed  (2% total)
     Speed:     ev/sec=32486   simsec/sec=2.00253   ev/simsec=16222.4
     Messages:  created: 407870   present: 1920   in FES: 227
** Event #437760   t=28.040864806577   Elapsed: 14.0375s (0m 14s)  5% completed  (2% total)
     Speed:     ev/sec=32998.4   simsec/sec=2.01077   ev/simsec=16410.9
     Messages:  created: 480362   present: 1955   in FES: 254
** Event #499712   t=32.015640491628   Elapsed: 16.0472s (0m 16s)  6% completed  (3% total)
     Speed:     ev/sec=30826.2   simsec/sec=1.97778   ev/simsec=15586.3
     Messages:  created: 548258   present: 1955   in FES: 254
** Event #557056   t=35.120833081879   Elapsed: 18.058s (0m 18s)  7% completed  (3% total)
     Speed:     ev/sec=28517.6   simsec/sec=1.54424   ev/simsec=18467.1
     Messages:  created: 611110   present: 1976   in FES: 249
** Event #592640   t=37.337103537531   Elapsed: 20.0703s (0m 20s)  7% completed  (3% total)
     Speed:     ev/sec=17683.7   simsec/sec=1.10139   ev/simsec=16055.8
     Messages:  created: 649914   present: 1877   in FES: 216
** Event #649728   t=41.062690050564   Elapsed: 22.0743s (0m 22s)  8% completed  (4% total)
     Speed:     ev/sec=28486.5   simsec/sec=1.85904   ev/simsec=15323.2
     Messages:  created: 712308   present: 1989   in FES: 254
** Event #649984   t=41.063181930518   Elapsed: 25.6483s (0m 25s)  8% completed  (4% total)
     Speed:     ev/sec=71.6284   simsec/sec=0.000137627   ev/simsec=520452
     Messages:  created: 712673   present: 2111   in FES: 289
** Event #710912   t=45.040868763826   Elapsed: 27.6515s (0m 27s)  9% completed  (4% total)
     Speed:     ev/sec=30414.8   simsec/sec=1.98563   ev/simsec=15317.4
     Messages:  created: 779304   present: 1981   in FES: 254
** Event #745472   t=47.059868846874   Elapsed: 29.6538s (0m 29s)  9% completed  (4% total)
     Speed:     ev/sec=17260.6   simsec/sec=1.00836   ev/simsec=17117.4
     Messages:  created: 817352   present: 1983   in FES: 246
** Event #776960   t=49.055780966951   Elapsed: 31.6627s (0m 31s)  9% completed  (4% total)
     Speed:     ev/sec=15674.3   simsec/sec=0.993535   ev/simsec=15776.2
     Messages:  created: 851939   present: 2070   in FES: 274
** Event #808448   t=51.051361820206   Elapsed: 33.6752s (0m 33s)  10% completed  (5% total)
     Speed:     ev/sec=15646.1   simsec/sec=0.991589   ev/simsec=15778.9
     Messages:  created: 886625   present: 1984   in FES: 254
** Event #850688   t=53.481902393577   Elapsed: 35.6796s (0m 35s)  10% completed  (5% total)
     Speed:     ev/sec=21073.1   simsec/sec=1.21257   ev/simsec=17378.8
     Messages:  created: 933320   present: 1934   in FES: 235
** Event #910336   t=57.191027013674   Elapsed: 37.6828s (0m 37s)  11% completed  (5% total)
     Speed:     ev/sec=29776.6   simsec/sec=1.85161   ev/simsec=16081.4
     Messages:  created: 999070   present: 1954   in FES: 241
** Event #976384   t=61.35819826248   Elapsed: 39.6896s (0m 39s)  12% completed  (6% total)
     Speed:     ev/sec=32912   simsec/sec=2.07652   ev/simsec=15849.6
     Messages:  created: 1071514   present: 1845   in FES: 204
** Event #1037824   t=65.164414302612   Elapsed: 41.6994s (0m 41s)  13% completed  (6% total)
     Speed:     ev/sec=30570.5   simsec/sec=1.89385   ev/simsec=16142
     Messages:  created: 1138780   present: 1961   in FES: 254
** Event #1101312   t=69.147750957001   Elapsed: 43.7075s (0m 43s)  13% completed  (6% total)
     Speed:     ev/sec=31616.5   simsec/sec=1.98367   ev/simsec=15938.4
     Messages:  created: 1208644   present: 1967   in FES: 246
** Event #1164800   t=73.147749866997   Elapsed: 45.7099s (0m 45s)  14% completed  (7% total)
     Speed:     ev/sec=31705.6   simsec/sec=1.99758   ev/simsec=15872
     Messages:  created: 1278726   present: 1982   in FES: 251
** Event #1230848   t=77.317050532076   Elapsed: 47.7169s (0m 47s)  15% completed  (7% total)
     Speed:     ev/sec=32909   simsec/sec=2.07739   ev/simsec=15841.5
     Messages:  created: 1351514   present: 1931   in FES: 234
** Event #1279232   t=80.38256132745   Elapsed: 49.7212s (0m 49s)  16% completed  (8% total)
     Speed:     ev/sec=24139.6   simsec/sec=1.52944   ev/simsec=15783.3
     Messages:  created: 1404998   present: 1976   in FES: 249
** Event #1314816   t=83.031055068782   Elapsed: 51.7215s (0m 51s)  16% completed  (8% total)
     Speed:     ev/sec=17789.4   simsec/sec=1.32405   ev/simsec=13435.6
     Messages:  created: 1444285   present: 1976   in FES: 254
** Event #1350912   t=85.06834744341   Elapsed: 53.7282s (0m 53s)  17% completed  (8% total)
     Speed:     ev/sec=17988.2   simsec/sec=1.01527   ev/simsec=17717.6
     Messages:  created: 1484616   present: 2008   in FES: 253
** Event #1384960   t=87.115157852967   Elapsed: 55.7354s (0m 55s)  17% completed  (8% total)
     Speed:     ev/sec=16962.6   simsec/sec=1.01971   ev/simsec=16634.7
     Messages:  created: 1522406   present: 1847   in FES: 206
** Event #1385216   t=87.126562088893   Elapsed: 58.1573s (0m 58s)  17% completed  (8% total)
     Speed:     ev/sec=105.703   simsec/sec=0.00470882   ev/simsec=22447.8
     Messages:  created: 1522750   present: 1985   in FES: 252
** Event #1453056   t=91.46295749787   Elapsed: 60.1632s (1m 00s)  18% completed  (9% total)
     Speed:     ev/sec=33819.6   simsec/sec=2.16178   ev/simsec=15644.3
     Messages:  created: 1598098   present: 1841   in FES: 204
** Event #1512448   t=95.191765732737   Elapsed: 62.1675s (1m 02s)  19% completed  (9% total)
     Speed:     ev/sec=29632.9   simsec/sec=1.86044   ev/simsec=15927.9
     Messages:  created: 1664120   present: 1978   in FES: 249
** Event #1540864   t=97.082643589405   Elapsed: 64.1698s (1m 04s)  19% completed  (9% total)
     Speed:     ev/sec=14191.6   simsec/sec=0.944346   ev/simsec=15027.9
     Messages:  created: 1695578   present: 1870   in FES: 209
** Event #1576448   t=99.316977242892   Elapsed: 66.1783s (1m 06s)  19% completed  (9% total)
     Speed:     ev/sec=17716.6   simsec/sec=1.11243   ev/simsec=15926
     Messages:  created: 1735178   present: 1943   in FES: 254
** Event #1576704   t=99.337108360183   Elapsed: 69.219s (1m 09s)  19% completed  (9% total)
     Speed:     ev/sec=84.1917   simsec/sec=0.0066206   ev/simsec=12716.6
     Messages:  created: 1735416   present: 1956   in FES: 243
** Event #1612800   t=100.274246945256   Elapsed: 71.2296s (1m 11s)  20% completed  (10% total)
     Speed:     ev/sec=17952.8   simsec/sec=0.466096   ev/simsec=38517.2
     Messages:  created: 1781745   present: 1975   in FES: 249
** Event #1648896   t=100.524023892072   Elapsed: 73.2418s (1m 13s)  20% completed  (10% total)
     Speed:     ev/sec=17938.6   simsec/sec=0.124132   ev/simsec=144513
     Messages:  created: 1831818   present: 2013   in FES: 260
** Event #1686528   t=100.775478974351   Elapsed: 75.2547s (1m 15s)  20% completed  (10% total)
     Speed:     ev/sec=18695.7   simsec/sec=0.124924   ev/simsec=149657
     Messages:  created: 1884693   present: 1901   in FES: 213
** Event #1723392   t=100.909543539071   Elapsed: 77.2659s (1m 17s)  20% completed  (10% total)
     Speed:     ev/sec=18329.3   simsec/sec=0.0666588   ev/simsec=274972
     Messages:  created: 1936831   present: 2038   in FES: 273
** Event #1758208   t=101.012383789147   Elapsed: 79.2752s (1m 19s)  20% completed  (10% total)
     Speed:     ev/sec=17326.9   simsec/sec=0.0511806   ev/simsec=338544
     Messages:  created: 1985942   present: 2000   in FES: 259
** Event #1794560   t=101.098010541141   Elapsed: 81.2833s (1m 21s)  20% completed  (10% total)
     Speed:     ev/sec=18103.1   simsec/sec=0.0426416   ev/simsec=424540
     Messages:  created: 2035823   present: 2006   in FES: 248
** Event #1830912   t=101.278274909666   Elapsed: 83.2895s (1m 23s)  20% completed  (10% total)
     Speed:     ev/sec=18119.5   simsec/sec=0.089852   ev/simsec=201659
     Messages:  created: 2086448   present: 2080   in FES: 262
** Event #1867264   t=101.472460323215   Elapsed: 85.2986s (1m 25s)  20% completed  (10% total)
     Speed:     ev/sec=18093.8   simsec/sec=0.0966538   ev/simsec=187203
     Messages:  created: 2136901   present: 1922   in FES: 235
** Event #1906688   t=101.694915763574   Elapsed: 87.3016s (1m 27s)  20% completed  (10% total)
     Speed:     ev/sec=19682.1   simsec/sec=0.111059   ev/simsec=177222
     Messages:  created: 2192451   present: 2017   in FES: 246
** Event #1906944   t=101.700016447991   Elapsed: 98.0414s (1m 38s)  20% completed  (10% total)
     Speed:     ev/sec=23.8367   simsec/sec=0.000474935   ev/simsec=50189.3
     Messages:  created: 2192754   present: 1996   in FES: 265
** Event #1944064   t=101.934091138764   Elapsed: 100.317s (1m 40s)  20% completed  (10% total)
     Speed:     ev/sec=16314.1   simsec/sec=0.102875   ev/simsec=158582
     Messages:  created: 2244955   present: 1954   in FES: 235
** Event #2000640   t=102.21387717182   Elapsed: 102.321s (1m 42s)  20% completed  (10% total)
     Speed:     ev/sec=28224   simsec/sec=0.139577   ev/simsec=202212
     Messages:  created: 2321840   present: 2041   in FES: 256
** Event #2027520   t=102.390355532523   Elapsed: 104.334s (1m 44s)  20% completed  (10% total)
     Speed:     ev/sec=13356.2   simsec/sec=0.0876889   ev/simsec=152313
     Messages:  created: 2359151   present: 1905   in FES: 206
** Event #2064128   t=102.6169166131   Elapsed: 106.335s (1m 46s)  20% completed  (10% total)
     Speed:     ev/sec=18296.1   simsec/sec=0.113231   ev/simsec=161581
     Messages:  created: 2410214   present: 2060   in FES: 259
** Event #2101248   t=102.879398176154   Elapsed: 108.34s (1m 48s)  20% completed  (10% total)
     Speed:     ev/sec=18514.9   simsec/sec=0.130922   ev/simsec=141419
     Messages:  created: 2462092   present: 2072   in FES: 258
** Event #2138368   t=103.068177615792   Elapsed: 110.351s (1m 50s)  20% completed  (10% total)
     Speed:     ev/sec=18454.4   simsec/sec=0.0938527   ev/simsec=196632
     Messages:  created: 2512796   present: 2060   in FES: 244
** Event #2173696   t=103.269129665656   Elapsed: 112.363s (1m 52s)  20% completed  (10% total)
     Speed:     ev/sec=17556.1   simsec/sec=0.0998621   ev/simsec=175803
     Messages:  created: 2560909   present: 2080   in FES: 259
** Event #2210048   t=103.475008249071   Elapsed: 114.366s (1m 54s)  20% completed  (10% total)
     Speed:     ev/sec=18147.6   simsec/sec=0.102778   ev/simsec=176570
     Messages:  created: 2611221   present: 2147   in FES: 269
** Event #2246656   t=103.656542370694   Elapsed: 116.378s (1m 56s)  20% completed  (10% total)
     Speed:     ev/sec=18202.5   simsec/sec=0.0902635   ev/simsec=201659
     Messages:  created: 2662357   present: 2107   in FES: 258
** Event #2283264   t=103.832449742981   Elapsed: 118.39s (1m 58s)  20% completed  (10% total)
     Speed:     ev/sec=18187   simsec/sec=0.0873914   ev/simsec=208110
     Messages:  created: 2713617   present: 2067   in FES: 240
** Event #2318592   t=104.038875200893   Elapsed: 120.401s (2m 00s)  20% completed  (10% total)
     Speed:     ev/sec=17572.6   simsec/sec=0.102679   ev/simsec=171142
     Messages:  created: 2762655   present: 2148   in FES: 259
** Event #2354432   t=104.204684518012   Elapsed: 122.413s (2m 02s)  20% completed  (10% total)
     Speed:     ev/sec=17808   simsec/sec=0.0823867   ev/simsec=216152
     Messages:  created: 2810816   present: 2035   in FES: 218
** Event #2385408   t=104.357829771731   Elapsed: 124.422s (2m 04s)  20% completed  (10% total)
     Speed:     ev/sec=15424.6   simsec/sec=0.0762592   ev/simsec=202265
     Messages:  created: 2853976   present: 2284   in FES: 304
** Event #2438656   t=104.676560592094   Elapsed: 126.423s (2m 06s)  20% completed  (10% total)
     Speed:     ev/sec=26600.3   simsec/sec=0.159223   ev/simsec=167063
     Messages:  created: 2927625   present: 2077   in FES: 256
** Event #2452224   t=104.759190199856   Elapsed: 128.426s (2m 08s)  20% completed  (10% total)
     Speed:     ev/sec=6773.74   simsec/sec=0.0412523   ev/simsec=164203
     Messages:  created: 2946512   present: 2001   in FES: 216
** Event #2526464   t=105.154624169099   Elapsed: 130.433s (2m 10s)  21% completed  (10% total)
     Speed:     ev/sec=37005.4   simsec/sec=0.197107   ev/simsec=187743
     Messages:  created: 3048157   present: 1992   in FES: 220
** Event #2599936   t=105.559232130725   Elapsed: 132.436s (2m 12s)  21% completed  (10% total)
     Speed:     ev/sec=36670.3   simsec/sec=0.201942   ev/simsec=181588
     Messages:  created: 3149992   present: 2120   in FES: 256
** Event #2675456   t=105.97847074523   Elapsed: 134.439s (2m 14s)  21% completed  (10% total)
     Speed:     ev/sec=37703   simsec/sec=0.209303   ev/simsec=180136
     Messages:  created: 3255829   present: 2322   in FES: 307
** Event #2748672   t=106.326940871616   Elapsed: 136.441s (2m 16s)  21% completed  (10% total)
     Speed:     ev/sec=36578.3   simsec/sec=0.174094   ev/simsec=210107
     Messages:  created: 3355548   present: 2120   in FES: 267
** Event #2821376   t=106.764394667179   Elapsed: 138.442s (2m 18s)  21% completed  (10% total)
     Speed:     ev/sec=36333   simsec/sec=0.218613   ev/simsec=166198
     Messages:  created: 3456978   present: 1982   in FES: 206
** Event #2821632   t=106.766923524432   Elapsed: 147.864s (2m 27s)  21% completed  (10% total)
     Speed:     ev/sec=27.1695   simsec/sec=0.00026839   ev/simsec=101231
     Messages:  created: 3457326   present: 1970   in FES: 211
** Event #2917888   t=107.272786652942   Elapsed: 149.867s (2m 29s)  21% completed  (10% total)
     Speed:     ev/sec=48072.4   simsec/sec=0.252639   ev/simsec=190281
     Messages:  created: 3589776   present: 2315   in FES: 308
** Event #3036160   t=107.859236868909   Elapsed: 151.869s (2m 31s)  21% completed  (10% total)
     Speed:     ev/sec=59050.3   simsec/sec=0.2928   ev/simsec=201674
     Messages:  created: 3755445   present: 2155   in FES: 258
** Event #3152384   t=108.379402935443   Elapsed: 153.873s (2m 33s)  21% completed  (10% total)
     Speed:     ev/sec=58022.2   simsec/sec=0.259681   ev/simsec=223436
     Messages:  created: 3916344   present: 2103   in FES: 257
** Event #3211520   t=108.7032211995   Elapsed: 155.875s (2m 35s)  21% completed  (10% total)
     Speed:     ev/sec=29526   simsec/sec=0.161679   ev/simsec=182621
     Messages:  created: 3999115   present: 2153   in FES: 259
** Event #3316224   t=109.205400060186   Elapsed: 157.879s (2m 37s)  21% completed  (10% total)
     Speed:     ev/sec=52255.7   simsec/sec=0.250627   ev/simsec=208499
     Messages:  created: 4144203   present: 2135   in FES: 251
** Event #3425792   t=109.783198461977   Elapsed: 159.881s (2m 39s)  21% completed  (10% total)
     Speed:     ev/sec=54735.8   simsec/sec=0.288645   ev/simsec=189630
     Messages:  created: 4297607   present: 2190   in FES: 261
** Event #3475712   t=110.03658400896   Elapsed: 161.885s (2m 41s)  22% completed  (11% total)
     Speed:     ev/sec=24902.8   simsec/sec=0.126403   ev/simsec=197012
     Messages:  created: 4367353   present: 2210   in FES: 276
** Event #3591680   t=110.51241808745   Elapsed: 163.89s (2m 43s)  22% completed  (11% total)
     Speed:     ev/sec=57859.3   simsec/sec=0.237405   ev/simsec=243715
     Messages:  created: 4527852   present: 2161   in FES: 248
** Event #3699456   t=110.943427503385   Elapsed: 165.892s (2m 45s)  22% completed  (11% total)
     Speed:     ev/sec=53825.8   simsec/sec=0.215256   ev/simsec=250055
     Messages:  created: 4679748   present: 2126   in FES: 263
** Event #3814656   t=111.316823723745   Elapsed: 167.895s (2m 47s)  22% completed  (11% total)
     Speed:     ev/sec=57516.1   simsec/sec=0.186426   ev/simsec=308519
     Messages:  created: 4840517   present: 1981   in FES: 242
** Event #3934208   t=111.979872748305   Elapsed: 169.899s (2m 49s)  22% completed  (11% total)
     Speed:     ev/sec=59670.9   simsec/sec=0.330942   ev/simsec=180306
     Messages:  created: 5008234   present: 2166   in FES: 316
** Event #4049664   t=112.511397648767   Elapsed: 171.902s (2m 51s)  22% completed  (11% total)
     Speed:     ev/sec=57623.9   simsec/sec=0.265283   ev/simsec=217217
     Messages:  created: 5167227   present: 2080   in FES: 261
** Event #4160000   t=113.059485043057   Elapsed: 173.905s (2m 53s)  22% completed  (11% total)
     Speed:     ev/sec=55100   simsec/sec=0.273706   ev/simsec=201311
     Messages:  created: 5321508   present: 2099   in FES: 258
** Event #4276992   t=113.740236838801   Elapsed: 175.906s (2m 55s)  22% completed  (11% total)
     Speed:     ev/sec=58453.7   simsec/sec=0.34013   ev/simsec=171857
     Messages:  created: 5483559   present: 2061   in FES: 263
** Event #4393728   t=114.385588605295   Elapsed: 177.908s (2m 57s)  22% completed  (11% total)
     Speed:     ev/sec=58313.9   simsec/sec=0.322377   ev/simsec=180887
     Messages:  created: 5643992   present: 2051   in FES: 256
** Event #4505344   t=115.082582357759   Elapsed: 179.946s (2m 59s)  23% completed  (11% total)
     Speed:     ev/sec=54755.6   simsec/sec=0.341925   ev/simsec=160139
     Messages:  created: 5797732   present: 2049   in FES: 258
** Event #4622336   t=115.812526677149   Elapsed: 181.949s (3m 01s)  23% completed  (11% total)
     Speed:     ev/sec=58423.1   simsec/sec=0.364518   ev/simsec=160275
     Messages:  created: 5959374   present: 2053   in FES: 267
** Event #4737536   t=116.48890025696   Elapsed: 183.949s (3m 03s)  23% completed  (11% total)
     Speed:     ev/sec=57587   simsec/sec=0.33811   ev/simsec=170320
     Messages:  created: 6116749   present: 2224   in FES: 307
** Event #4855040   t=117.189978153487   Elapsed: 185.949s (3m 05s)  23% completed  (11% total)
     Speed:     ev/sec=58748.7   simsec/sec=0.350519   ev/simsec=167605
     Messages:  created: 6277972   present: 2043   in FES: 247
** Event #4964352   t=117.871714577932   Elapsed: 187.953s (3m 07s)  23% completed  (11% total)
     Speed:     ev/sec=54545.6   simsec/sec=0.34018   ev/simsec=160343
     Messages:  created: 6429565   present: 2163   in FES: 280
** Event #5078784   t=118.508599174005   Elapsed: 189.954s (3m 09s)  23% completed  (11% total)
     Speed:     ev/sec=57193.8   simsec/sec=0.318319   ev/simsec=179675
     Messages:  created: 6585640   present: 2128   in FES: 257
** Event #5196288   t=119.194073708963   Elapsed: 191.954s (3m 11s)  23% completed  (11% total)
     Speed:     ev/sec=58746.6   simsec/sec=0.342706   ev/simsec=171420
     Messages:  created: 6747156   present: 2307   in FES: 309
** Event #5307648   t=119.389092438297   Elapsed: 193.958s (3m 13s)  23% completed  (11% total)
     Speed:     ev/sec=55587.4   simsec/sec=0.0973472   ev/simsec=571022
     Messages:  created: 6904828   present: 2142   in FES: 263
** Event #5395200   t=119.5479990825   Elapsed: 195.96s (3m 15s)  23% completed  (11% total)
     Speed:     ev/sec=43719.4   simsec/sec=0.0793506   ev/simsec=550965
     Messages:  created: 7028790   present: 2027   in FES: 221
** Event #5492736   t=119.728794651684   Elapsed: 197.965s (3m 17s)  23% completed  (11% total)
     Speed:     ev/sec=48645.5   simsec/sec=0.0901708   ev/simsec=539482
     Messages:  created: 7167607   present: 2145   in FES: 261
** Event #5590272   t=119.938649525515   Elapsed: 199.968s (3m 19s)  23% completed  (11% total)
     Speed:     ev/sec=48708.7   simsec/sec=0.1048   ev/simsec=464778
     Messages:  created: 7306139   present: 2048   in FES: 243
** Event #5686016   t=120.093740349307   Elapsed: 201.968s (3m 21s)  24% completed  (12% total)
     Speed:     ev/sec=47855.8   simsec/sec=0.0775192   ev/simsec=617341
     Messages:  created: 7440558   present: 2264   in FES: 311
** Event #5729024   t=120.234663176943   Elapsed: 206.133s (3m 26s)  24% completed  (12% total)
     Speed:     ev/sec=10328.4   simsec/sec=0.0338427   ev/simsec=305188
     Messages:  created: 7500357   present: 2133   in FES: 249
** Event #5827328   t=120.527439878737   Elapsed: 208.137s (3m 28s)  24% completed  (12% total)
     Speed:     ev/sec=49045.5   simsec/sec=0.146071   ev/simsec=335764
     Messages:  created: 7638484   present: 2107   in FES: 258
** Event #5930752   t=120.849177369438   Elapsed: 210.142s (3m 30s)  24% completed  (12% total)
     Speed:     ev/sec=51567.9   simsec/sec=0.16042   ev/simsec=321455
     Messages:  created: 7784897   present: 2037   in FES: 256
** Event #6029824   t=121.183675875671   Elapsed: 212.147s (3m 32s)  24% completed  (12% total)
     Speed:     ev/sec=49423.5   simsec/sec=0.16687   ev/simsec=296181
     Messages:  created: 7922521   present: 2125   in FES: 276
** Event #6130688   t=121.495449096095   Elapsed: 214.15s (3m 34s)  24% completed  (12% total)
     Speed:     ev/sec=50365.7   simsec/sec=0.155682   ev/simsec=323517
     Messages:  created: 8063897   present: 1999   in FES: 226
** Event #6134784   t=121.503769060496   Elapsed: 269.345s (4m 29s)  24% completed  (12% total)
     Speed:     ev/sec=74.2095   simsec/sec=0.000150737   ev/simsec=492310
     Messages:  created: 8069730   present: 2115   in FES: 266
** Event #6259456   t=121.952379083659   Elapsed: 271.348s (4m 31s)  24% completed  (12% total)
     Speed:     ev/sec=62229.4   simsec/sec=0.223921   ev/simsec=277907
     Messages:  created: 8246101   present: 2205   in FES: 308
** Event #6378240   t=122.267238018823   Elapsed: 273.352s (4m 33s)  24% completed  (12% total)
     Speed:     ev/sec=59271.5   simsec/sec=0.15711   ev/simsec=377261
     Messages:  created: 8411527   present: 2084   in FES: 258
** Event #6497024   t=122.679021264356   Elapsed: 275.352s (4m 35s)  24% completed  (12% total)
     Speed:     ev/sec=59387.2   simsec/sec=0.205875   ev/simsec=288462
     Messages:  created: 8578468   present: 2183   in FES: 317
** Event #6551808   t=122.811741658716   Elapsed: 281.239s (4m 41s)  24% completed  (12% total)
     Speed:     ev/sec=9307.19   simsec/sec=0.0225477   ev/simsec=412778
     Messages:  created: 8655914   present: 2136   in FES: 258
** Event #6659072   t=123.171110808816   Elapsed: 283.239s (4m 43s)  24% completed  (12% total)
     Speed:     ev/sec=53623.3   simsec/sec=0.179655   ev/simsec=298479
     Messages:  created: 8805024   present: 2135   in FES: 281
** Event #6770432   t=123.479225353639   Elapsed: 285.239s (4m 45s)  24% completed  (12% total)
     Speed:     ev/sec=55674.7   simsec/sec=0.154043   ev/simsec=361424
     Messages:  created: 8961545   present: 2005   in FES: 211
** Event #6872832   t=123.81096035396   Elapsed: 287.241s (4m 47s)  24% completed  (12% total)
     Speed:     ev/sec=51159.4   simsec/sec=0.165736   ev/simsec=308680
     Messages:  created: 9106546   present: 2127   in FES: 264
** Event #6965634   t=124.106075667949   Elapsed: 298.976s (4m 58s)  24% completed  (12% total)
     Speed:     ev/sec=7908.14   simsec/sec=0.0251486   ev/simsec=314457
     Messages:  created: 9235710   present: 2098   in FES: 261

<!> SIGINT or SIGTERM received, exiting -- at t=124.106075667949s, event #6965634
