** Event #0   t=0   Elapsed: 1.7e-05s (0m 00s)  0% completed  (0% total)
     Speed:     ev/sec=0   simsec/sec=0   ev/simsec=0
     Messages:  created: 1178   present: 1178   in FES: 186
** Event #98048   t=29.017318117073   Elapsed: 2.00591s (0m 02s)  5% completed  (2% total)
     Speed:     ev/sec=48880.6   simsec/sec=14.4661   ev/simsec=3378.98
     Messages:  created: 97428   present: 1193   in FES: 154
** Event #185088   t=55.037557576806   Elapsed: 4.00645s (0m 04s)  11% completed  (5% total)
     Speed:     ev/sec=43508   simsec/sec=13.0065   ev/simsec=3345.09
     Messages:  created: 183031   present: 1117   in FES: 123
** Event #283136   t=84.076741739745   Elapsed: 6.00651s (0m 06s)  16% completed  (8% total)
     Speed:     ev/sec=49022.7   simsec/sec=14.5192   ev/simsec=3376.4
     Messages:  created: 280030   present: 1185   in FES: 154
** Event #383232   t=100.420330826399   Elapsed: 8.0116s (0m 08s)  20% completed  (10% total)
     Speed:     ev/sec=49920.8   simsec/sec=8.15102   ev/simsec=6124.48
     Messages:  created: 396254   present: 1192   in FES: 138
** Event #472320   t=100.979038520899   Elapsed: 10.0142s (0m 10s)  20% completed  (10% total)
     Speed:     ev/sec=44485.5   simsec/sec=0.278987   ev/simsec=159454
     Messages:  created: 518598   present: 1216   in FES: 145
** Event #556544   t=101.85991276342   Elapsed: 12.0211s (0m 12s)  20% completed  (10% total)
     Speed:     ev/sec=41967.7   simsec/sec=0.438928   ev/simsec=95614.1
     Messages:  created: 633552   present: 1211   in FES: 140
** Event #639488   t=102.914069578985   Elapsed: 14.0275s (0m 14s)  20% completed  (10% total)
     Speed:     ev/sec=41340.8   simsec/sec=0.525412   ev/simsec=78682.8
     Messages:  created: 746496   present: 1175   in FES: 142
** Event #713984   t=103.665000631409   Elapsed: 16.032s (0m 16s)  20% completed  (10% total)
     Speed:     ev/sec=37162.6   simsec/sec=0.374605   ev/simsec=99204.8
     Messages:  created: 847876   present: 1218   in FES: 159
** Event #797184   t=104.728039318655   Elapsed: 18.0321s (0m 18s)  20% completed  (10% total)
     Speed:     ev/sec=41598.5   simsec/sec=0.5315   ev/simsec=78266.2
     Messages:  created: 961438   present: 1258   in FES: 165
** Event #891392   t=105.957988574166   Elapsed: 20.0341s (0m 20s)  21% completed  (10% total)
     Speed:     ev/sec=47058   simsec/sec=0.614375   ev/simsec=76595
     Messages:  created: 1090166   present: 1255   in FES: 150
** Event #985088   t=107.165647368986   Elapsed: 22.0342s (0m 22s)  21% completed  (10% total)
     Speed:     ev/sec=46844.1   simsec/sec=0.603779   ev/simsec=77584.8
     Messages:  created: 1217204   present: 1179   in FES: 138
** Event #1065216   t=108.201985400422   Elapsed: 24.0361s (0m 24s)  21% completed  (10% total)
     Speed:     ev/sec=40027.3   simsec/sec=0.517695   ev/simsec=77318.4
     Messages:  created: 1326558   present: 1195   in FES: 144
** Event #1158144   t=109.44846709074   Elapsed: 26.0383s (0m 26s)  21% completed  (10% total)
     Speed:     ev/sec=46411.5   simsec/sec=0.622536   ev/simsec=74552.2
     Messages:  created: 1453696   present: 1384   in FES: 216
** Event #1234944   t=110.605467104834   Elapsed: 28.0389s (0m 28s)  22% completed  (11% total)
     Speed:     ev/sec=38388.8   simsec/sec=0.578331   ev/simsec=66378.6
     Messages:  created: 1558346   present: 1205   in FES: 154
** Event #1311488   t=111.697958965702   Elapsed: 30.0418s (0m 30s)  22% completed  (11% total)
     Speed:     ev/sec=38217.2   simsec/sec=0.545463   ev/simsec=70063.7
     Messages:  created: 1662749   present: 1125   in FES: 128
** Event #1397504   t=112.924796329797   Elapsed: 32.0443s (0m 32s)  22% completed  (11% total)
     Speed:     ev/sec=42955   simsec/sec=0.612662   ev/simsec=70112
     Messages:  created: 1780230   present: 1180   in FES: 135
** Event #1464064   t=113.916739750919   Elapsed: 34.0485s (0m 34s)  22% completed  (11% total)
     Speed:     ev/sec=33209.8   simsec/sec=0.494925   ev/simsec=67100.6
     Messages:  created: 1870826   present: 1196   in FES: 143
** Event #1543424   t=115.105653787051   Elapsed: 36.05s (0m 36s)  23% completed  (11% total)
     Speed:     ev/sec=39649.5   simsec/sec=0.594   ev/simsec=66750
     Messages:  created: 1978165   present: 1245   in FES: 160
** Event #1619968   t=116.216989617413   Elapsed: 38.0516s (0m 38s)  23% completed  (11% total)
     Speed:     ev/sec=38242.5   simsec/sec=0.55524   ev/simsec=68875.7
     Messages:  created: 2082518   present: 1223   in FES: 154
** Event #1700096   t=117.483668922472   Elapsed: 40.0578s (0m 40s)  23% completed  (11% total)
     Speed:     ev/sec=39940.2   simsec/sec=0.631383   ev/simsec=63258.3
     Messages:  created: 2191595   present: 1217   in FES: 152
** Event #1775360   t=118.712600354783   Elapsed: 42.0634s (0m 42s)  23% completed  (11% total)
     Speed:     ev/sec=37525.6   simsec/sec=0.612728   ev/simsec=61243.4
     Messages:  created: 2293934   present: 1225   in FES: 148
** Event #1846016   t=119.642288335951   Elapsed: 44.0637s (0m 44s)  23% completed  (11% total)
     Speed:     ev/sec=35323.5   simsec/sec=0.464785   ev/simsec=75999.7
     Messages:  created: 2390192   present: 1317   in FES: 186
** Event #1924608   t=120.509051988918   Elapsed: 46.0679s (0m 46s)  24% completed  (12% total)
     Speed:     ev/sec=39213   simsec/sec=0.432467   ev/simsec=90672.9
     Messages:  created: 2497501   present: 1242   in FES: 136
** Event #2016512   t=121.977365501162   Elapsed: 48.0725s (0m 48s)  24% completed  (12% total)
     Speed:     ev/sec=45847.1   simsec/sec=0.732481   ev/simsec=62591.5
     Messages:  created: 2622564   present: 1224   in FES: 167
** Event #2107648   t=123.502986202915   Elapsed: 50.0785s (0m 50s)  24% completed  (12% total)
     Speed:     ev/sec=45432.2   simsec/sec=0.760537   ev/simsec=59737
     Messages:  created: 2744964   present: 1222   in FES: 157
** Event #2193152   t=125.109040873835   Elapsed: 52.0798s (0m 52s)  25% completed  (12% total)
     Speed:     ev/sec=42724.8   simsec/sec=0.802517   ev/simsec=53238.5
     Messages:  created: 2859836   present: 1269   in FES: 165
** Event #2279424   t=125.657593310738   Elapsed: 54.0807s (0m 54s)  25% completed  (12% total)
     Speed:     ev/sec=43115.3   simsec/sec=0.274144   ev/simsec=157272
     Messages:  created: 2979088   present: 1293   in FES: 132
** Event #2375936   t=125.98790930578   Elapsed: 56.0808s (0m 56s)  25% completed  (12% total)
     Speed:     ev/sec=48252.8   simsec/sec=0.165147   ev/simsec=292181
     Messages:  created: 3113491   present: 1218   in FES: 141
** Event #2457344   t=126.650264607889   Elapsed: 58.0823s (0m 58s)  25% completed  (12% total)
     Speed:     ev/sec=40673.8   simsec/sec=0.330932   ev/simsec=122907
     Messages:  created: 3225478   present: 1223   in FES: 156
** Event #2543104   t=127.114530820252   Elapsed: 60.085s (1m 00s)  25% completed  (12% total)
     Speed:     ev/sec=42823.1   simsec/sec=0.231825   ev/simsec=184722
     Messages:  created: 3343047   present: 1247   in FES: 136
** Event #2620928   t=127.735121580746   Elapsed: 62.0854s (1m 02s)  25% completed  (12% total)
     Speed:     ev/sec=38904.7   simsec/sec=0.310238   ev/simsec=125403
     Messages:  created: 3450981   present: 1278   in FES: 158
** Event #2698496   t=128.366953500745   Elapsed: 64.088s (1m 04s)  25% completed  (12% total)
     Speed:     ev/sec=38732.3   simsec/sec=0.315494   ev/simsec=122767
     Messages:  created: 3557528   present: 1283   in FES: 156
** Event #2785024   t=129.003645108157   Elapsed: 66.0928s (1m 06s)  25% completed  (12% total)
     Speed:     ev/sec=43160.9   simsec/sec=0.317587   ev/simsec=135903
     Messages:  created: 3677264   present: 1172   in FES: 140
** Event #2870272   t=129.728841577086   Elapsed: 68.0984s (1m 08s)  25% completed  (12% total)
     Speed:     ev/sec=42504.7   simsec/sec=0.361583   ev/simsec=117552
     Messages:  created: 3794558   present: 1342   in FES: 165
** Event #2943744   t=130.137734119467   Elapsed: 70.1039s (1m 10s)  26% completed  (13% total)
     Speed:     ev/sec=36635.5   simsec/sec=0.203887   ev/simsec=179685
     Messages:  created: 3895560   present: 1289   in FES: 160
** Event #3017728   t=130.565068751478   Elapsed: 72.1096s (1m 12s)  26% completed  (13% total)
     Speed:     ev/sec=36887.8   simsec/sec=0.213065   ev/simsec=173129
     Messages:  created: 3997961   present: 1155   in FES: 140
** Event #3095808   t=130.829600758753   Elapsed: 74.312s (1m 14s)  26% completed  (13% total)
     Speed:     ev/sec=35451.6   simsec/sec=0.120109   ev/simsec=295163
     Messages:  created: 4106517   present: 1291   in FES: 155
** Event #3179264   t=131.225882969268   Elapsed: 76.3147s (1m 16s)  26% completed  (13% total)
     Speed:     ev/sec=41671.6   simsec/sec=0.197873   ev/simsec=210597
     Messages:  created: 4221587   present: 1238   in FES: 130
** Event #3270656   t=131.616853526825   Elapsed: 78.3171s (1m 18s)  26% completed  (13% total)
     Speed:     ev/sec=45641.1   simsec/sec=0.19525   ev/simsec=233757
     Messages:  created: 4348790   present: 1270   in FES: 147
** Event #3356416   t=132.116620796536   Elapsed: 80.3183s (1m 20s)  26% completed  (13% total)
     Speed:     ev/sec=42854.5   simsec/sec=0.249735   ev/simsec=171600
     Messages:  created: 4466942   present: 1290   in FES: 155
** Event #3451392   t=132.709740226309   Elapsed: 82.32s (1m 22s)  26% completed  (13% total)
     Speed:     ev/sec=47447.7   simsec/sec=0.296308   ev/simsec=160130
     Messages:  created: 4598732   present: 1276   in FES: 160
** Event #3552768   t=133.358059679398   Elapsed: 84.3207s (1m 24s)  26% completed  (13% total)
     Speed:     ev/sec=50670.7   simsec/sec=0.324049   ev/simsec=156367
     Messages:  created: 4738445   present: 1251   in FES: 150
** Event #3638528   t=133.86512566108   Elapsed: 86.3255s (1m 26s)  26% completed  (13% total)
     Speed:     ev/sec=42777.3   simsec/sec=0.252926   ev/simsec=169130
     Messages:  created: 4857481   present: 1392   in FES: 185
** Event #3723008   t=134.404809090473   Elapsed: 88.3299s (1m 28s)  26% completed  (13% total)
     Speed:     ev/sec=42146.1   simsec/sec=0.269242   ev/simsec=156536
     Messages:  created: 4973614   present: 1233   in FES: 164
** Event #3807744   t=134.954116639514   Elapsed: 90.3343s (1m 30s)  26% completed  (13% total)
     Speed:     ev/sec=42275.2   simsec/sec=0.274052   ev/simsec=154260
     Messages:  created: 5091237   present: 1275   in FES: 159
** Event #3890688   t=135.459044071725   Elapsed: 92.3415s (1m 32s)  27% completed  (13% total)
     Speed:     ev/sec=41323.3   simsec/sec=0.251558   ev/simsec=164269
     Messages:  created: 5205342   present: 1311   in FES: 161
** Event #3974912   t=135.968452736505   Elapsed: 94.3418s (1m 34s)  27% completed  (13% total)
     Speed:     ev/sec=42105.7   simsec/sec=0.254666   ev/simsec=165337
     Messages:  created: 5322144   present: 1260   in FES: 150
** Event #4051200   t=136.45036806581   Elapsed: 96.3464s (1m 36s)  27% completed  (13% total)
     Speed:     ev/sec=38058   simsec/sec=0.240415   ev/simsec=158302
     Messages:  created: 5427038   present: 1248   in FES: 156
** Event #4139776   t=136.976766895154   Elapsed: 98.3489s (1m 38s)  27% completed  (13% total)
     Speed:     ev/sec=44231   simsec/sec=0.262861   ev/simsec=168268
     Messages:  created: 5550148   present: 1322   in FES: 159
** Event #4227328   t=137.505382236836   Elapsed: 100.349s (1m 40s)  27% completed  (13% total)
     Speed:     ev/sec=43766.5   simsec/sec=0.26425   ev/simsec=165625
     Messages:  created: 5670746   present: 1235   in FES: 156
** Event #4313600   t=137.906925489913   Elapsed: 102.35s (1m 42s)  27% completed  (13% total)
     Speed:     ev/sec=43122.1   simsec/sec=0.200707   ev/simsec=214851
     Messages:  created: 5790368   present: 1322   in FES: 188
** Event #4402176   t=138.113995432924   Elapsed: 104.353s (1m 44s)  27% completed  (13% total)
     Speed:     ev/sec=44228.8   simsec/sec=0.103396   ev/simsec=427759
     Messages:  created: 5911976   present: 1401   in FES: 192
** Event #4485120   t=138.532791158066   Elapsed: 106.353s (1m 46s)  27% completed  (13% total)
     Speed:     ev/sec=41460.3   simsec/sec=0.209339   ev/simsec=198054
     Messages:  created: 6026931   present: 1284   in FES: 155
** Event #4583680   t=139.186878051146   Elapsed: 108.357s (1m 48s)  27% completed  (13% total)
     Speed:     ev/sec=49188.6   simsec/sec=0.326437   ev/simsec=150683
     Messages:  created: 6162744   present: 1330   in FES: 189
** Event #4669696   t=140.255085023121   Elapsed: 110.362s (1m 50s)  28% completed  (14% total)
     Speed:     ev/sec=42898.8   simsec/sec=0.532747   ev/simsec=80523.7
     Messages:  created: 6280259   present: 1167   in FES: 136
** Event #4753920   t=141.914065843529   Elapsed: 112.369s (1m 52s)  28% completed  (14% total)
     Speed:     ev/sec=41966   simsec/sec=0.826615   ev/simsec=50768.5
     Messages:  created: 6393912   present: 1236   in FES: 156
** Event #4841472   t=143.423912889706   Elapsed: 114.626s (1m 54s)  28% completed  (14% total)
     Speed:     ev/sec=38794   simsec/sec=0.669009   ev/simsec=57987.3
     Messages:  created: 6511414   present: 1382   in FES: 182
** Event #4927744   t=144.970301717321   Elapsed: 116.633s (1m 56s)  28% completed  (14% total)
     Speed:     ev/sec=42983.8   simsec/sec=0.770467   ev/simsec=55789.3
     Messages:  created: 6628206   present: 1348   in FES: 158
** Event #5016576   t=146.570059886285   Elapsed: 118.639s (1m 58s)  29% completed  (14% total)
     Speed:     ev/sec=44273   simsec/sec=0.797303   ev/simsec=55528.4
     Messages:  created: 6747443   present: 1347   in FES: 154
** Event #5110528   t=147.051604145402   Elapsed: 120.642s (2m 00s)  29% completed  (14% total)
     Speed:     ev/sec=46925.3   simsec/sec=0.240512   ev/simsec=195106
     Messages:  created: 6876400   present: 1341   in FES: 160
** Event #5199616   t=147.61299778388   Elapsed: 122.644s (2m 02s)  29% completed  (14% total)
     Speed:     ev/sec=44480.4   simsec/sec=0.280296   ev/simsec=158691
     Messages:  created: 6999189   present: 1252   in FES: 156
** Event #5284352   t=149.226546465121   Elapsed: 124.649s (2m 04s)  29% completed  (14% total)
     Speed:     ev/sec=42265.3   simsec/sec=0.804818   ev/simsec=52515.3
     Messages:  created: 7112801   present: 1223   in FES: 132
** Event #5381376   t=149.964460839989   Elapsed: 126.653s (2m 06s)  29% completed  (14% total)
     Speed:     ev/sec=48413.5   simsec/sec=0.368208   ev/simsec=131484
     Messages:  created: 7246728   present: 1374   in FES: 154
** Event #5485312   t=150.179590686949   Elapsed: 128.656s (2m 08s)  30% completed  (15% total)
     Speed:     ev/sec=51893.2   simsec/sec=0.10741   ev/simsec=483131
     Messages:  created: 7390149   present: 1333   in FES: 128
** Event #5569280   t=150.368086391921   Elapsed: 130.659s (2m 10s)  30% completed  (15% total)
     Speed:     ev/sec=41929.8   simsec/sec=0.0941263   ev/simsec=445464
     Messages:  created: 7506654   present: 1344   in FES: 140
** Event #5667840   t=150.578040940945   Elapsed: 132.665s (2m 12s)  30% completed  (15% total)
     Speed:     ev/sec=49133.9   simsec/sec=0.104666   ev/simsec=469435
     Messages:  created: 7643430   present: 1397   in FES: 156
** Event #5761280   t=150.783708378639   Elapsed: 134.67s (2m 14s)  30% completed  (15% total)
     Speed:     ev/sec=46599.1   simsec/sec=0.102568   ev/simsec=454326
     Messages:  created: 7773057   present: 1409   in FES: 163
** Event #5847040   t=152.286815789184   Elapsed: 136.67s (2m 16s)  30% completed  (15% total)
     Speed:     ev/sec=42873.5   simsec/sec=0.751439   ev/simsec=57055.1
     Messages:  created: 7888049   present: 1237   in FES: 133
** Event #5955328   t=153.102890169256   Elapsed: 138.671s (2m 18s)  30% completed  (15% total)
     Speed:     ev/sec=54124.4   simsec/sec=0.40789   ev/simsec=132694
     Messages:  created: 8036873   present: 1358   in FES: 147
** Event #6051328   t=153.739702085602   Elapsed: 140.674s (2m 20s)  30% completed  (15% total)
     Speed:     ev/sec=47922.8   simsec/sec=0.317894   ev/simsec=150751
     Messages:  created: 8169497   present: 1340   in FES: 161
** Event #6157056   t=154.262788879149   Elapsed: 142.68s (2m 22s)  30% completed  (15% total)
     Speed:     ev/sec=52700.9   simsec/sec=0.260736   ev/simsec=202123
     Messages:  created: 8315197   present: 1329   in FES: 158
** Event #6256384   t=154.649819366671   Elapsed: 144.681s (2m 24s)  30% completed  (15% total)
     Speed:     ev/sec=49648.8   simsec/sec=0.193456   ev/simsec=256641
     Messages:  created: 8452651   present: 1259   in FES: 126
** Event #6364672   t=155.063605068555   Elapsed: 146.683s (2m 26s)  31% completed  (15% total)
     Speed:     ev/sec=54080.9   simsec/sec=0.206652   ev/simsec=261701
     Messages:  created: 8602439   present: 1362   in FES: 161
** Event #6478080   t=155.490856820434   Elapsed: 148.685s (2m 28s)  31% completed  (15% total)
     Speed:     ev/sec=56644.2   simsec/sec=0.213401   ev/simsec=265436
     Messages:  created: 8759623   present: 1357   in FES: 158
** Event #6593792   t=155.96876927387   Elapsed: 150.686s (2m 30s)  31% completed  (15% total)
     Speed:     ev/sec=57831.6   simsec/sec=0.238855   ev/simsec=242120
     Messages:  created: 8920192   present: 1312   in FES: 139
** Event #6679808   t=156.320751542537   Elapsed: 152.687s (2m 32s)  31% completed  (15% total)
     Speed:     ev/sec=42982.3   simsec/sec=0.175886   ev/simsec=244376
     Messages:  created: 9038640   present: 1304   in FES: 127
** Event #6780672   t=156.571054645053   Elapsed: 154.688s (2m 34s)  31% completed  (15% total)
     Speed:     ev/sec=50411.2   simsec/sec=0.1251   ev/simsec=402967
     Messages:  created: 9179026   present: 1294   in FES: 130
** Event #6887168   t=156.939386213696   Elapsed: 156.692s (2m 36s)  31% completed  (15% total)
     Speed:     ev/sec=53159.9   simsec/sec=0.183861   ev/simsec=289131
     Messages:  created: 9326828   present: 1365   in FES: 166
** Event #6998528   t=157.298900898175   Elapsed: 158.692s (2m 38s)  31% completed  (15% total)
     Speed:     ev/sec=55666   simsec/sec=0.179712   ev/simsec=309751
     Messages:  created: 9480813   present: 1260   in FES: 129
** Event #7091968   t=157.742142854943   Elapsed: 160.699s (2m 40s)  31% completed  (15% total)
     Speed:     ev/sec=46563.3   simsec/sec=0.220878   ev/simsec=210810
     Messages:  created: 9610344   present: 1315   in FES: 167
** Event #7199744   t=158.492514545095   Elapsed: 162.699s (2m 42s)  31% completed  (15% total)
     Speed:     ev/sec=53881   simsec/sec=0.375137   ev/simsec=143630
     Messages:  created: 9758582   present: 1331   in FES: 141
** Event #7314944   t=158.986517306286   Elapsed: 164.701s (2m 44s)  31% completed  (15% total)
     Speed:     ev/sec=57560.1   simsec/sec=0.24683   ev/simsec=233197
     Messages:  created: 9918517   present: 1350   in FES: 160
** Event #7414016   t=159.480114396694   Elapsed: 166.701s (2m 46s)  31% completed  (15% total)
     Speed:     ev/sec=49524.2   simsec/sec=0.24674   ev/simsec=200714
     Messages:  created: 10054919   present: 1361   in FES: 153
** Event #7518976   t=159.972908691703   Elapsed: 168.705s (2m 48s)  31% completed  (15% total)
     Speed:     ev/sec=52363.4   simsec/sec=0.24585   ev/simsec=212989
     Messages:  created: 10200330   present: 1318   in FES: 143
** Event #7604224   t=161.449584530524   Elapsed: 170.708s (2m 50s)  32% completed  (16% total)
     Speed:     ev/sec=42572.7   simsec/sec=0.73745   ev/simsec=57729.7
     Messages:  created: 10314979   present: 1252   in FES: 143
** Event #7699968   t=163.3832007999   Elapsed: 172.71s (2m 52s)  32% completed  (16% total)
     Speed:     ev/sec=47819.2   simsec/sec=0.965742   ev/simsec=49515.5
     Messages:  created: 10444136   present: 1284   in FES: 158
** Event #7804416   t=165.435791493105   Elapsed: 174.712s (2m 54s)  33% completed  (16% total)
     Speed:     ev/sec=52175.9   simsec/sec=1.02535   ev/simsec=50885.9
     Messages:  created: 10585283   present: 1307   in FES: 156
** Event #7901184   t=167.323302699585   Elapsed: 176.712s (2m 56s)  33% completed  (16% total)
     Speed:     ev/sec=48382.8   simsec/sec=0.943732   ev/simsec=51267.5
     Messages:  created: 10715810   present: 1299   in FES: 148
** Event #7998208   t=169.185936138459   Elapsed: 178.715s (2m 58s)  33% completed  (16% total)
     Speed:     ev/sec=48430   simsec/sec=0.929742   ev/simsec=52089.7
     Messages:  created: 10846339   present: 1253   in FES: 140
** Event #8085504   t=170.914905356991   Elapsed: 180.716s (3m 00s)  34% completed  (17% total)
     Speed:     ev/sec=43636.4   simsec/sec=0.864256   ev/simsec=50490.2
     Messages:  created: 10963934   present: 1337   in FES: 154
** Event #8192512   t=171.9652160293   Elapsed: 182.718s (3m 02s)  34% completed  (17% total)
     Speed:     ev/sec=53443.5   simsec/sec=0.524562   ev/simsec=101882
     Messages:  created: 11108897   present: 1325   in FES: 151
** Event #8282368   t=173.597784552799   Elapsed: 184.719s (3m 04s)  34% completed  (17% total)
     Speed:     ev/sec=44912.9   simsec/sec=0.81601   ev/simsec=55039.6
     Messages:  created: 11230256   present: 1271   in FES: 136
** Event #8379648   t=175.403406407217   Elapsed: 186.722s (3m 06s)  35% completed  (17% total)
     Speed:     ev/sec=48553.6   simsec/sec=0.901208   ev/simsec=53876.2
     Messages:  created: 11361661   present: 1300   in FES: 140
** Event #8459520   t=176.948689270479   Elapsed: 188.724s (3m 08s)  35% completed  (17% total)
     Speed:     ev/sec=39913.3   simsec/sec=0.772202   ev/simsec=51687.6
     Messages:  created: 11470151   present: 1341   in FES: 149
** Event #8551424   t=178.71879702105   Elapsed: 190.728s (3m 10s)  35% completed  (17% total)
     Speed:     ev/sec=45849.8   simsec/sec=0.883085   ev/simsec=51920
     Messages:  created: 11593678   present: 1386   in FES: 167
** Event #8654592   t=180.355624907954   Elapsed: 192.731s (3m 12s)  36% completed  (18% total)
     Speed:     ev/sec=51508.5   simsec/sec=0.817216   ev/simsec=63029.2
     Messages:  created: 11732107   present: 1412   in FES: 157
** Event #8749056   t=182.224505926715   Elapsed: 194.731s (3m 14s)  36% completed  (18% total)
     Speed:     ev/sec=47225.9   simsec/sec=0.934319   ev/simsec=50545.8
     Messages:  created: 11858554   present: 1396   in FES: 129
** Event #8857344   t=183.573030110896   Elapsed: 196.743s (3m 16s)  36% completed  (18% total)
     Speed:     ev/sec=53838.5   simsec/sec=0.670457   ev/simsec=80301.1
     Messages:  created: 12006760   present: 1377   in FES: 162
** Event #8964864   t=185.503401937232   Elapsed: 198.746s (3m 18s)  37% completed  (18% total)
     Speed:     ev/sec=53674.1   simsec/sec=0.963643   ev/simsec=55699.1
     Messages:  created: 12151542   present: 1392   in FES: 157
** Event #9052672   t=187.449266202827   Elapsed: 200.75s (3m 20s)  37% completed  (18% total)
     Speed:     ev/sec=43818.1   simsec/sec=0.971028   ev/simsec=45125.4
     Messages:  created: 12269197   present: 1399   in FES: 142
** Event #9149184   t=188.536829283649   Elapsed: 202.753s (3m 22s)  37% completed  (18% total)
     Speed:     ev/sec=48173.7   simsec/sec=0.542855   ev/simsec=88741.5
     Messages:  created: 12400344   present: 1687   in FES: 186
** Event #9238016   t=188.696628001092   Elapsed: 204.755s (3m 24s)  37% completed  (18% total)
     Speed:     ev/sec=44372.1   simsec/sec=0.0798205   ev/simsec=555899
     Messages:  created: 12522856   present: 1521   in FES: 181
** Event #9335296   t=188.950843277714   Elapsed: 206.758s (3m 26s)  37% completed  (18% total)
     Speed:     ev/sec=48579.5   simsec/sec=0.126949   ev/simsec=382668
     Messages:  created: 12657795   present: 1559   in FES: 177
** Event #9424384   t=189.214645316402   Elapsed: 208.758s (3m 28s)  37% completed  (18% total)
     Speed:     ev/sec=44532   simsec/sec=0.131865   ev/simsec=337708
     Messages:  created: 12779777   present: 1518   in FES: 165
** Event #9522176   t=189.512975227908   Elapsed: 210.762s (3m 30s)  37% completed  (18% total)
     Speed:     ev/sec=48789.8   simsec/sec=0.148841   ev/simsec=327798
     Messages:  created: 12914758   present: 1558   in FES: 171
** Event #9621504   t=189.81417017657   Elapsed: 212.764s (3m 32s)  37% completed  (18% total)
     Speed:     ev/sec=49613.6   simsec/sec=0.150445   ev/simsec=329780
     Messages:  created: 13051892   present: 1527   in FES: 164
** Event #9704704   t=190.065859005434   Elapsed: 214.768s (3m 34s)  38% completed  (19% total)
     Speed:     ev/sec=41535.7   simsec/sec=0.12565   ev/simsec=330567
     Messages:  created: 13166614   present: 1518   in FES: 148
** Event #9796352   t=190.694807181469   Elapsed: 216.771s (3m 36s)  38% completed  (19% total)
     Speed:     ev/sec=45748.3   simsec/sec=0.313954   ev/simsec=145716
     Messages:  created: 13292251   present: 1573   in FES: 173
** Event #9893888   t=191.009744135276   Elapsed: 218.775s (3m 38s)  38% completed  (19% total)
     Speed:     ev/sec=48657.4   simsec/sec=0.157111   ev/simsec=309700
     Messages:  created: 13427373   present: 1475   in FES: 147
** Event #10001152   t=191.832280834398   Elapsed: 220.777s (3m 40s)  38% completed  (19% total)
     Speed:     ev/sec=53589.7   simsec/sec=0.410944   ev/simsec=130406
     Messages:  created: 13574579   present: 1635   in FES: 186
** Event #10077184   t=192.0400664175   Elapsed: 222.781s (3m 42s)  38% completed  (19% total)
     Speed:     ev/sec=37942.9   simsec/sec=0.103693   ev/simsec=365916
     Messages:  created: 13679860   present: 1526   in FES: 152
** Event #10177024   t=192.884748525506   Elapsed: 224.784s (3m 44s)  38% completed  (19% total)
     Speed:     ev/sec=49850.5   simsec/sec=0.421753   ev/simsec=118198
     Messages:  created: 13817086   present: 1448   in FES: 165
** Event #10270976   t=194.758727412977   Elapsed: 226.789s (3m 46s)  38% completed  (19% total)
     Speed:     ev/sec=46844.6   simsec/sec=0.934369   ev/simsec=50135
     Messages:  created: 13942856   present: 1552   in FES: 167
** Event #10369024   t=196.502986277635   Elapsed: 228.793s (3m 48s)  39% completed  (19% total)
     Speed:     ev/sec=48936.6   simsec/sec=0.870574   ev/simsec=56211.8
     Messages:  created: 14074366   present: 1477   in FES: 155
** Event #10462720   t=198.465632302289   Elapsed: 230.795s (3m 50s)  39% completed  (19% total)
     Speed:     ev/sec=46795.8   simsec/sec=0.98023   ev/simsec=47739.6
     Messages:  created: 14200246   present: 1516   in FES: 160
** Event #10563072   t=200.722954569868   Elapsed: 232.798s (3m 52s)  40% completed  (20% total)
     Speed:     ev/sec=50098.7   simsec/sec=1.12692   ev/simsec=44456.2
     Messages:  created: 14334875   present: 1527   in FES: 137
** Event #10659328   t=202.971257648426   Elapsed: 234.802s (3m 54s)  40% completed  (20% total)
     Speed:     ev/sec=48029.9   simsec/sec=1.12186   ev/simsec=42812.7
     Messages:  created: 14463881   present: 1670   in FES: 187
** Event #10756096   t=205.052441302948   Elapsed: 236.803s (3m 56s)  41% completed  (20% total)
     Speed:     ev/sec=48373.8   simsec/sec=1.04037   ev/simsec=46496.6
     Messages:  created: 14592648   present: 1578   in FES: 154
** Event #10843648   t=206.925034676707   Elapsed: 238.804s (3m 58s)  41% completed  (20% total)
     Speed:     ev/sec=43736.1   simsec/sec=0.935443   ev/simsec=46754.4
     Messages:  created: 14709709   present: 1565   in FES: 131
** Event #10931968   t=208.485587042519   Elapsed: 240.808s (4m 00s)  41% completed  (20% total)
     Speed:     ev/sec=44074.2   simsec/sec=0.778761   ev/simsec=56595.3
     Messages:  created: 14827872   present: 1654   in FES: 160
** Event #11019776   t=210.48340487932   Elapsed: 242.811s (4m 02s)  42% completed  (21% total)
     Speed:     ev/sec=43844.8   simsec/sec=0.997562   ev/simsec=43952
     Messages:  created: 14945236   present: 1657   in FES: 156
** Event #11109888   t=212.67455505444   Elapsed: 244.815s (4m 04s)  42% completed  (21% total)
     Speed:     ev/sec=44962.8   simsec/sec=1.09331   ev/simsec=41125.4
     Messages:  created: 15065639   present: 1705   in FES: 149
** Event #11208448   t=215.047235274928   Elapsed: 246.816s (4m 06s)  43% completed  (21% total)
     Speed:     ev/sec=49260.5   simsec/sec=1.18587   ev/simsec=41539.5
     Messages:  created: 15197185   present: 1736   in FES: 154
** Event #11321600   t=217.734072152879   Elapsed: 248.817s (4m 08s)  43% completed  (21% total)
     Speed:     ev/sec=56553.7   simsec/sec=1.34289   ev/simsec=42113.5
     Messages:  created: 15348538   present: 1716   in FES: 128
** Event #11426048   t=220.150893940552   Elapsed: 250.818s (4m 10s)  44% completed  (22% total)
     Speed:     ev/sec=52190.2   simsec/sec=1.20763   ev/simsec=43217.1
     Messages:  created: 15487495   present: 1737   in FES: 125
** Event #11528704   t=222.506231188888   Elapsed: 252.948s (4m 12s)  44% completed  (22% total)
     Speed:     ev/sec=48203   simsec/sec=1.10597   ev/simsec=43584.4
     Messages:  created: 15625030   present: 1852   in FES: 155
** Event #11621376   t=224.654630801092   Elapsed: 254.951s (4m 14s)  44% completed  (22% total)
     Speed:     ev/sec=46253.7   simsec/sec=1.07229   ev/simsec=43135.4
     Messages:  created: 15749080   present: 1859   in FES: 143
** Event #11717632   t=227.040204626614   Elapsed: 256.956s (4m 16s)  45% completed  (22% total)
     Speed:     ev/sec=48013   simsec/sec=1.18994   ev/simsec=40349.2
     Messages:  created: 15877677   present: 1943   in FES: 154
** Event #11816448   t=229.464819299822   Elapsed: 258.96s (4m 18s)  45% completed  (22% total)
     Speed:     ev/sec=49309   simsec/sec=1.20988   ev/simsec=40755.3
     Messages:  created: 16009478   present: 1991   in FES: 154
** Event #11915520   t=231.903181375256   Elapsed: 260.968s (4m 20s)  46% completed  (23% total)
     Speed:     ev/sec=49330.6   simsec/sec=1.21413   ev/simsec=40630.6
     Messages:  created: 16142116   present: 2020   in FES: 154
** Event #12003840   t=233.983624205624   Elapsed: 262.97s (4m 22s)  46% completed  (23% total)
     Speed:     ev/sec=44135.7   simsec/sec=1.03965   ev/simsec=42452.5
     Messages:  created: 16260257   present: 2077   in FES: 156
** Event #12094976   t=236.256737263823   Elapsed: 264.974s (4m 24s)  47% completed  (23% total)
     Speed:     ev/sec=45476.5   simsec/sec=1.13428   ev/simsec=40093
     Messages:  created: 16381097   present: 2125   in FES: 155
** Event #12190976   t=238.900622441347   Elapsed: 266.974s (4m 26s)  47% completed  (23% total)
     Speed:     ev/sec=47996.1   simsec/sec=1.32183   ev/simsec=36310.2
     Messages:  created: 16509315   present: 2158   in FES: 154
** Event #12287232   t=241.363216698705   Elapsed: 268.978s (4m 28s)  48% completed  (24% total)
     Speed:     ev/sec=48023.8   simsec/sec=1.22863   ev/simsec=39087.2
     Messages:  created: 16637034   present: 2230   in FES: 155
** Event #12380928   t=243.856185911679   Elapsed: 270.981s (4m 30s)  48% completed  (24% total)
     Speed:     ev/sec=46782   simsec/sec=1.24473   ev/simsec=37584.1
     Messages:  created: 16762303   present: 2218   in FES: 136
** Event #12480512   t=246.449240299441   Elapsed: 272.984s (4m 32s)  49% completed  (24% total)
     Speed:     ev/sec=49701.9   simsec/sec=1.29418   ev/simsec=38404.1
     Messages:  created: 16894734   present: 2433   in FES: 188
** Event #12592896   t=249.253943328627   Elapsed: 274.985s (4m 34s)  49% completed  (24% total)
     Speed:     ev/sec=56187.2   simsec/sec=1.40223   ev/simsec=40069.8
     Messages:  created: 17043977   present: 2387   in FES: 152
** Event #12705280   t=252.472501922399   Elapsed: 276.987s (4m 36s)  50% completed  (25% total)
     Speed:     ev/sec=56135.8   simsec/sec=1.60767   ev/simsec=34917.5
     Messages:  created: 17193068   present: 2389   in FES: 123
** Event #12823040   t=255.976546794636   Elapsed: 278.988s (4m 38s)  51% completed  (25% total)
     Speed:     ev/sec=58839.2   simsec/sec=1.75081   ev/simsec=33606.9
     Messages:  created: 17349362   present: 2482   in FES: 126
** Event #12937216   t=259.664979273439   Elapsed: 280.989s (4m 40s)  51% completed  (25% total)
     Speed:     ev/sec=57050   simsec/sec=1.84299   ev/simsec=30955.2
     Messages:  created: 17499440   present: 2593   in FES: 143
** Event #13044736   t=263.052847681793   Elapsed: 282.99s (4m 42s)  52% completed  (26% total)
     Speed:     ev/sec=53739.8   simsec/sec=1.6933   ev/simsec=31736.8
     Messages:  created: 17640937   present: 2673   in FES: 137
** Event #13153536   t=266.612993235234   Elapsed: 284.993s (4m 44s)  53% completed  (26% total)
     Speed:     ev/sec=54318.5   simsec/sec=1.77741   ev/simsec=30560.5
     Messages:  created: 17784149   present: 2721   in FES: 124
** Event #13263616   t=269.722907888531   Elapsed: 286.997s (4m 46s)  53% completed  (26% total)
     Speed:     ev/sec=54929   simsec/sec=1.55182   ev/simsec=35396.5
     Messages:  created: 17929728   present: 2873   in FES: 157
** Event #13385472   t=273.112993235234   Elapsed: 289.001s (4m 49s)  54% completed  (27% total)
     Speed:     ev/sec=60811.9   simsec/sec=1.69181   ev/simsec=35944.8
     Messages:  created: 18090096   present: 2880   in FES: 125
** Event #13491200   t=276.50632470721   Elapsed: 291.005s (4m 51s)  55% completed  (27% total)
     Speed:     ev/sec=52759.8   simsec/sec=1.69332   ev/simsec=31157.6
     Messages:  created: 18230021   present: 3021   in FES: 145
** Event #13609472   t=280.255430420514   Elapsed: 293.006s (4m 53s)  56% completed  (28% total)
     Speed:     ev/sec=59111   simsec/sec=1.87376   ev/simsec=31546.7
     Messages:  created: 18385968   present: 3085   in FES: 132
** Event #13728768   t=284.423563519739   Elapsed: 295.009s (4m 55s)  56% completed  (28% total)
     Speed:     ev/sec=59563.6   simsec/sec=2.08112   ev/simsec=28621
     Messages:  created: 18543028   present: 3227   in FES: 136
** Event #13835008   t=288.016852211536   Elapsed: 297.009s (4m 57s)  57% completed  (28% total)
     Speed:     ev/sec=53107.4   simsec/sec=1.79622   ev/simsec=29566.2
     Messages:  created: 18683434   present: 3361   in FES: 149
** Event #13957376   t=292.007044616947   Elapsed: 299.011s (4m 59s)  58% completed  (29% total)
     Speed:     ev/sec=61140.2   simsec/sec=1.99367   ev/simsec=30667.2
     Messages:  created: 18844618   present: 3435   in FES: 135
** Event #14063104   t=295.361763810969   Elapsed: 301.012s (5m 01s)  59% completed  (29% total)
     Speed:     ev/sec=52833.7   simsec/sec=1.6764   ev/simsec=31516.2
     Messages:  created: 18983368   present: 3586   in FES: 154
** Event #14169344   t=298.855620944873   Elapsed: 303.015s (5m 03s)  59% completed  (29% total)
     Speed:     ev/sec=53031.5   simsec/sec=1.74402   ev/simsec=30407.7
     Messages:  created: 19123705   present: 3578   in FES: 123
** Event #14292224   t=302.935639821318   Elapsed: 305.017s (5m 05s)  60% completed  (30% total)
     Speed:     ev/sec=61378.6   simsec/sec=2.03797   ev/simsec=30117.5
     Messages:  created: 19285549   present: 3736   in FES: 135
** Event #14409472   t=306.452321721374   Elapsed: 307.02s (5m 07s)  61% completed  (30% total)
     Speed:     ev/sec=58546.7   simsec/sec=1.75602   ev/simsec=33340.5
     Messages:  created: 19439768   present: 3914   in FES: 157
** Event #14528000   t=310.361719178547   Elapsed: 309.094s (5m 09s)  62% completed  (31% total)
     Speed:     ev/sec=57142.4   simsec/sec=1.88472   ev/simsec=30318.7
     Messages:  created: 19595738   present: 3995   in FES: 155
** Event #14638592   t=314.198921071733   Elapsed: 311.096s (5m 11s)  62% completed  (31% total)
     Speed:     ev/sec=55244.3   simsec/sec=1.91681   ev/simsec=28821
     Messages:  created: 19741341   present: 4085   in FES: 154
** Event #14756608   t=318.32246950405   Elapsed: 313.097s (5m 13s)  63% completed  (31% total)
     Speed:     ev/sec=58971.4   simsec/sec=2.0605   ev/simsec=28620
     Messages:  created: 19896774   present: 4145   in FES: 131
** Event #14880768   t=322.3   Elapsed: 315.097s (5m 15s)  64% completed  (32% total)
     Speed:     ev/sec=62075.1   simsec/sec=1.98861   ev/simsec=31215.3
     Messages:  created: 20060744   present: 4236   in FES: 123
** Event #14990080   t=326.010822447031   Elapsed: 317.1s (5m 17s)  65% completed  (32% total)
     Speed:     ev/sec=54580.2   simsec/sec=1.85284   ev/simsec=29457.6
     Messages:  created: 20205397   present: 4431   in FES: 154
** Event #15112448   t=330.164475559736   Elapsed: 319.101s (5m 19s)  66% completed  (33% total)
     Speed:     ev/sec=61140.3   simsec/sec=2.07534   ev/simsec=29460.3
     Messages:  created: 20365936   present: 4548   in FES: 159
** Event #15234816   t=334.043617131995   Elapsed: 321.102s (5m 21s)  66% completed  (33% total)
     Speed:     ev/sec=61178.2   simsec/sec=1.93939   ev/simsec=31545.1
     Messages:  created: 20528116   present: 4641   in FES: 155
** Event #15347200   t=337.756497080582   Elapsed: 323.102s (5m 23s)  67% completed  (33% total)
     Speed:     ev/sec=56184.9   simsec/sec=1.85621   ev/simsec=30268.7
     Messages:  created: 20676654   present: 4766   in FES: 159
** Event #15456256   t=341.613219243661   Elapsed: 325.104s (5m 25s)  68% completed  (34% total)
     Speed:     ev/sec=54462.5   simsec/sec=1.92604   ev/simsec=28276.9
     Messages:  created: 20820320   present: 4816   in FES: 136
** Event #15570944   t=345.650625908188   Elapsed: 327.109s (5m 27s)  69% completed  (34% total)
     Speed:     ev/sec=57219.1   simsec/sec=2.01431   ev/simsec=28406.4
     Messages:  created: 20971789   present: 4975   in FES: 154
** Event #15682560   t=349.356480717385   Elapsed: 329.113s (5m 29s)  69% completed  (34% total)
     Speed:     ev/sec=55696.4   simsec/sec=1.84922   ev/simsec=30118.8
     Messages:  created: 21118963   present: 5024   in FES: 138
** Event #15805952   t=353.279616256284   Elapsed: 331.113s (5m 31s)  70% completed  (35% total)
     Speed:     ev/sec=61682.4   simsec/sec=1.96114   ev/simsec=31452.4
     Messages:  created: 21282120   present: 5167   in FES: 164
** Event #15931136   t=357.476501038279   Elapsed: 333.113s (5m 33s)  71% completed  (35% total)
     Speed:     ev/sec=62578.1   simsec/sec=2.09798   ev/simsec=29827.8
     Messages:  created: 21447657   present: 5262   in FES: 138
** Event #16045568   t=361.449019288078   Elapsed: 335.115s (5m 35s)  72% completed  (36% total)
     Speed:     ev/sec=57176.3   simsec/sec=1.98488   ev/simsec=28805.9
     Messages:  created: 21598576   present: 5415   in FES: 157
** Event #16161280   t=363.367767723142   Elapsed: 337.115s (5m 37s)  72% completed  (36% total)
     Speed:     ev/sec=57853.4   simsec/sec=0.959331   ev/simsec=60306
     Messages:  created: 21755076   present: 5512   in FES: 162
** Event #16273152   t=364.393665717831   Elapsed: 339.119s (5m 39s)  72% completed  (36% total)
     Speed:     ev/sec=55831.2   simsec/sec=0.511988   ev/simsec=109048
     Messages:  created: 21908557   present: 5589   in FES: 156
** Event #16390656   t=365.531143528112   Elapsed: 341.121s (5m 41s)  73% completed  (36% total)
     Speed:     ev/sec=58673.4   simsec/sec=0.567978   ev/simsec=103302
     Messages:  created: 22069475   present: 5568   in FES: 148
** Event #16506368   t=366.158684468626   Elapsed: 343.125s (5m 43s)  73% completed  (36% total)
     Speed:     ev/sec=57754.3   simsec/sec=0.313219   ev/simsec=184390
     Messages:  created: 22228429   present: 5633   in FES: 155
** Event #16631040   t=366.557391190162   Elapsed: 345.128s (5m 45s)  73% completed  (36% total)
     Speed:     ev/sec=62249   simsec/sec=0.199075   ev/simsec=312691
     Messages:  created: 22400973   present: 5774   in FES: 194
** Event #16750848   t=366.948643566195   Elapsed: 347.128s (5m 47s)  73% completed  (36% total)
     Speed:     ev/sec=59898.7   simsec/sec=0.195609   ev/simsec=306217
     Messages:  created: 22566753   present: 5866   in FES: 227
** Event #16865024   t=367.34264063463   Elapsed: 349.131s (5m 49s)  73% completed  (36% total)
     Speed:     ev/sec=56986.2   simsec/sec=0.196647   ev/simsec=289789
     Messages:  created: 22724274   present: 5691   in FES: 155
** Event #16980480   t=367.747292153784   Elapsed: 351.134s (5m 51s)  73% completed  (36% total)
     Speed:     ev/sec=57660.8   simsec/sec=0.20209   ev/simsec=285322
     Messages:  created: 22884314   present: 5730   in FES: 165
** Event #17096448   t=368.160315238721   Elapsed: 353.139s (5m 53s)  73% completed  (36% total)
     Speed:     ev/sec=57823.3   simsec/sec=0.205939   ev/simsec=280778
     Messages:  created: 23044753   present: 5711   in FES: 157
** Event #17208832   t=368.50499086116   Elapsed: 355.143s (5m 55s)  73% completed  (36% total)
     Speed:     ev/sec=56080   simsec/sec=0.171994   ev/simsec=326057
     Messages:  created: 23199963   present: 5699   in FES: 142
** Event #17331712   t=368.900621454697   Elapsed: 357.145s (5m 57s)  73% completed  (36% total)
     Speed:     ev/sec=61394.5   simsec/sec=0.197669   ev/simsec=310593
     Messages:  created: 23370372   present: 5796   in FES: 162
** Event #17452288   t=369.322356491815   Elapsed: 359.146s (5m 59s)  73% completed  (36% total)
     Speed:     ev/sec=60253.9   simsec/sec=0.210748   ev/simsec=285905
     Messages:  created: 23537147   present: 5783   in FES: 157
** Event #17569536   t=369.733471811131   Elapsed: 361.146s (6m 01s)  73% completed  (36% total)
     Speed:     ev/sec=58621.9   simsec/sec=0.20555   ev/simsec=285195
     Messages:  created: 23699988   present: 5843   in FES: 171
** Event #17677056   t=370.076092591945   Elapsed: 363.152s (6m 03s)  74% completed  (37% total)
     Speed:     ev/sec=53601.2   simsec/sec=0.170804   ev/simsec=313816
     Messages:  created: 23848442   present: 5809   in FES: 163
** Event #17781248   t=370.404488252251   Elapsed: 365.155s (6m 05s)  74% completed  (37% total)
     Speed:     ev/sec=52005.4   simsec/sec=0.163912   ev/simsec=317276
     Messages:  created: 23992292   present: 5797   in FES: 141
** Event #17896960   t=370.792627321275   Elapsed: 367.157s (6m 07s)  74% completed  (37% total)
     Speed:     ev/sec=57810.1   simsec/sec=0.193916   ev/simsec=298120
     Messages:  created: 24152762   present: 5829   in FES: 155
** Event #17999104   t=371.096089173381   Elapsed: 369.159s (6m 09s)  74% completed  (37% total)
     Speed:     ev/sec=51014.3   simsec/sec=0.15156   ev/simsec=336596
     Messages:  created: 24293721   present: 5836   in FES: 157
** Event #18109952   t=371.431249333035   Elapsed: 371.162s (6m 11s)  74% completed  (37% total)
     Speed:     ev/sec=55361.7   simsec/sec=0.167392   ev/simsec=330731
     Messages:  created: 24447307   present: 5801   in FES: 148
** Event #18216704   t=371.766612270349   Elapsed: 373.166s (6m 13s)  74% completed  (37% total)
     Speed:     ev/sec=53260.2   simsec/sec=0.167318   ev/simsec=318318
     Messages:  created: 24595505   present: 5833   in FES: 163
** Event #18325760   t=372.110398151313   Elapsed: 375.168s (6m 15s)  74% completed  (37% total)
     Speed:     ev/sec=54461.5   simsec/sec=0.171683   ev/simsec=317221
     Messages:  created: 24746184   present: 5976   in FES: 187
** Event #18434816   t=372.450727332216   Elapsed: 377.172s (6m 17s)  74% completed  (37% total)
     Speed:     ev/sec=54426.4   simsec/sec=0.169848   ev/simsec=320443
     Messages:  created: 24897344   present: 5892   in FES: 161
** Event #18552832   t=372.801774379963   Elapsed: 379.173s (6m 19s)  74% completed  (37% total)
     Speed:     ev/sec=58971.6   simsec/sec=0.175415   ev/simsec=336183
     Messages:  created: 25061020   present: 5852   in FES: 141
** Event #18680320   t=373.210340267417   Elapsed: 381.177s (6m 21s)  74% completed  (37% total)
     Speed:     ev/sec=63623.4   simsec/sec=0.203896   ev/simsec=312038
     Messages:  created: 25237399   present: 5917   in FES: 164
** Event #18796288   t=373.566983987863   Elapsed: 383.178s (6m 23s)  74% completed  (37% total)
     Speed:     ev/sec=57948.8   simsec/sec=0.178214   ev/simsec=325165
     Messages:  created: 25398167   present: 5929   in FES: 157
** Event #18927616   t=373.976573386492   Elapsed: 385.18s (6m 25s)  74% completed  (37% total)
     Speed:     ev/sec=65622.7   simsec/sec=0.204666   ev/simsec=320633
     Messages:  created: 25580197   present: 5908   in FES: 158
** Event #19053056   t=374.358688198048   Elapsed: 387.18s (6m 27s)  74% completed  (37% total)
     Speed:     ev/sec=62713   simsec/sec=0.191036   ev/simsec=328278
     Messages:  created: 25753392   present: 5944   in FES: 167
** Event #19173376   t=374.71379627005   Elapsed: 389.184s (6m 29s)  74% completed  (37% total)
     Speed:     ev/sec=60046.8   simsec/sec=0.17722   ev/simsec=338826
     Messages:  created: 25919839   present: 5914   in FES: 164
** Event #19286016   t=375.056861043461   Elapsed: 391.188s (6m 31s)  75% completed  (37% total)
     Speed:     ev/sec=56198.3   simsec/sec=0.171162   ev/simsec=328334
     Messages:  created: 26075719   present: 5908   in FES: 145
** Event #19409920   t=375.442508584846   Elapsed: 393.188s (6m 33s)  75% completed  (37% total)
     Speed:     ev/sec=61941.3   simsec/sec=0.19279   ev/simsec=321288
     Messages:  created: 26247322   present: 5854   in FES: 136
** Event #19529216   t=375.817479542935   Elapsed: 395.192s (6m 35s)  75% completed  (37% total)
     Speed:     ev/sec=59528.8   simsec/sec=0.187111   ev/simsec=318147
     Messages:  created: 26412942   present: 5922   in FES: 149
** Event #19652864   t=376.167820535619   Elapsed: 397.195s (6m 37s)  75% completed  (37% total)
     Speed:     ev/sec=61734.5   simsec/sec=0.174917   ev/simsec=352936
     Messages:  created: 26583692   present: 5877   in FES: 136
** Event #19783680   t=376.521313819539   Elapsed: 399.197s (6m 39s)  75% completed  (37% total)
     Speed:     ev/sec=65358.7   simsec/sec=0.176613   ev/simsec=370066
     Messages:  created: 26764975   present: 5904   in FES: 139
** Event #19897600   t=377.094900283402   Elapsed: 401.199s (6m 41s)  75% completed  (37% total)
     Speed:     ev/sec=56879   simsec/sec=0.286385   ev/simsec=198610
     Messages:  created: 26921850   present: 5891   in FES: 159
** Event #20016384   t=377.59014446256   Elapsed: 403.202s (6m 43s)  75% completed  (37% total)
     Speed:     ev/sec=59326.3   simsec/sec=0.247348   ev/simsec=239849
     Messages:  created: 27086415   present: 5834   in FES: 132
** Event #20134912   t=377.978968439996   Elapsed: 405.202s (6m 45s)  75% completed  (37% total)
     Speed:     ev/sec=59251.8   simsec/sec=0.194372   ev/simsec=304837
     Messages:  created: 27250684   present: 5954   in FES: 150
** Event #20258048   t=378.549052479276   Elapsed: 407.204s (6m 47s)  75% completed  (37% total)
     Speed:     ev/sec=61517.3   simsec/sec=0.284807   ev/simsec=215996
     Messages:  created: 27420401   present: 5996   in FES: 155
** Event #20372480   t=379.08218588394   Elapsed: 409.207s (6m 49s)  75% completed  (37% total)
     Speed:     ev/sec=57130.7   simsec/sec=0.266169   ev/simsec=214640
     Messages:  created: 27578226   present: 5943   in FES: 147
** Event #20502016   t=379.644332301207   Elapsed: 411.21s (6m 51s)  75% completed  (37% total)
     Speed:     ev/sec=64677   simsec/sec=0.280678   ev/simsec=230431
     Messages:  created: 27757156   present: 5995   in FES: 155
** Event #20623872   t=380.001433030085   Elapsed: 413.21s (6m 53s)  76% completed  (38% total)
     Speed:     ev/sec=60914   simsec/sec=0.178509   ev/simsec=341237
     Messages:  created: 27926003   present: 5972   in FES: 129
** Event #20750336   t=380.398015001263   Elapsed: 415.214s (6m 55s)  76% completed  (38% total)
     Speed:     ev/sec=63120.5   simsec/sec=0.197941   ev/simsec=318885
     Messages:  created: 28100769   present: 6057   in FES: 165
** Event #20885760   t=380.805276925746   Elapsed: 417.216s (6m 57s)  76% completed  (38% total)
     Speed:     ev/sec=67625   simsec/sec=0.203369   ev/simsec=332523
     Messages:  created: 28288440   present: 6057   in FES: 157
** Event #21021184   t=381.263438637999   Elapsed: 419.217s (6m 59s)  76% completed  (38% total)
     Speed:     ev/sec=67686.2   simsec/sec=0.228993   ev/simsec=295581
     Messages:  created: 28475461   present: 6061   in FES: 158
** Event #21149440   t=381.710308290481   Elapsed: 421.217s (7m 01s)  76% completed  (38% total)
     Speed:     ev/sec=64114.6   simsec/sec=0.223388   ev/simsec=287010
     Messages:  created: 28653053   present: 6080   in FES: 162
** Event #21293056   t=382.184319006674   Elapsed: 423.22s (7m 03s)  76% completed  (38% total)
     Speed:     ev/sec=71697.2   simsec/sec=0.23664   ev/simsec=302980
     Messages:  created: 28851380   present: 6036   in FES: 134
** Event #21429504   t=382.722722375808   Elapsed: 425.222s (7m 05s)  76% completed  (38% total)
     Speed:     ev/sec=68159.6   simsec/sec=0.268947   ev/simsec=253431
     Messages:  created: 29040267   present: 6148   in FES: 158
** Event #21573632   t=383.305055315296   Elapsed: 427.226s (7m 07s)  76% completed  (38% total)
     Speed:     ev/sec=71938.8   simsec/sec=0.290661   ev/simsec=247501
     Messages:  created: 29239293   present: 6151   in FES: 159
** Event #21718016   t=383.866957385735   Elapsed: 429.228s (7m 09s)  76% completed  (38% total)
     Speed:     ev/sec=72118.8   simsec/sec=0.280666   ev/simsec=256956
     Messages:  created: 29439129   present: 6186   in FES: 154
** Event #21853696   t=384.320912178949   Elapsed: 431.23s (7m 11s)  76% completed  (38% total)
     Speed:     ev/sec=67773.8   simsec/sec=0.226756   ev/simsec=298884
     Messages:  created: 29626483   present: 6218   in FES: 164
** Event #21997824   t=384.860787069374   Elapsed: 433.232s (7m 13s)  76% completed  (38% total)
     Speed:     ev/sec=71975.3   simsec/sec=0.269605   ev/simsec=266966
     Messages:  created: 29826123   present: 6237   in FES: 156
** Event #22141696   t=385.386036198981   Elapsed: 435.233s (7m 15s)  77% completed  (38% total)
     Speed:     ev/sec=71923.1   simsec/sec=0.262577   ev/simsec=273912
     Messages:  created: 30024534   present: 6237   in FES: 161
** Event #22278400   t=386.29594081006   Elapsed: 437.233s (7m 17s)  77% completed  (38% total)
     Speed:     ev/sec=68351.2   simsec/sec=0.454947   ev/simsec=150240
     Messages:  created: 30212619   present: 6252   in FES: 152
** Event #22418944   t=387.227358588327   Elapsed: 439.234s (7m 19s)  77% completed  (38% total)
     Speed:     ev/sec=70215.3   simsec/sec=0.465333   ev/simsec=150893
     Messages:  created: 30405988   present: 6286   in FES: 150
** Event #22557952   t=388.13724234828   Elapsed: 441.235s (7m 21s)  77% completed  (38% total)
     Speed:     ev/sec=69481.5   simsec/sec=0.454795   ev/simsec=152776
     Messages:  created: 30597348   present: 6359   in FES: 161
** Event #22684672   t=388.965688904063   Elapsed: 443.238s (7m 23s)  77% completed  (38% total)
     Speed:     ev/sec=63264.6   simsec/sec=0.4136   ev/simsec=152961
     Messages:  created: 30772392   present: 6366   in FES: 154
** Event #22823168   t=389.683138430964   Elapsed: 445.238s (7m 25s)  77% completed  (38% total)
     Speed:     ev/sec=69228.1   simsec/sec=0.358621   ev/simsec=193039
     Messages:  created: 30963024   present: 6422   in FES: 159
** Event #22964992   t=390.157780550661   Elapsed: 447.24s (7m 27s)  78% completed  (39% total)
     Speed:     ev/sec=70873.6   simsec/sec=0.237192   ev/simsec=298802
     Messages:  created: 31158692   present: 6452   in FES: 154
** Event #23102720   t=391.030115356382   Elapsed: 449.24s (7m 29s)  78% completed  (39% total)
     Speed:     ev/sec=68861.9   simsec/sec=0.436154   ev/simsec=157884
     Messages:  created: 31348816   present: 6400   in FES: 160
** Event #23249920   t=392.065097076302   Elapsed: 451.243s (7m 31s)  78% completed  (39% total)
     Speed:     ev/sec=73485.1   simsec/sec=0.516683   ev/simsec=142225
     Messages:  created: 31551102   present: 6503   in FES: 155
** Event #23387648   t=392.995950580159   Elapsed: 453.244s (7m 33s)  78% completed  (39% total)
     Speed:     ev/sec=68820.3   simsec/sec=0.465132   ev/simsec=147959
     Messages:  created: 31741073   present: 6493   in FES: 143
** Event #23532544   t=393.767163239244   Elapsed: 455.245s (7m 35s)  78% completed  (39% total)
     Speed:     ev/sec=72407.5   simsec/sec=0.385391   ev/simsec=187881
     Messages:  created: 31940963   present: 6604   in FES: 158
** Event #23676672   t=394.633939374138   Elapsed: 457.25s (7m 37s)  78% completed  (39% total)
     Speed:     ev/sec=71901.5   simsec/sec=0.432411   ev/simsec=166281
     Messages:  created: 32139452   present: 6582   in FES: 136
** Event #23811584   t=395.701216655995   Elapsed: 459.25s (7m 39s)  79% completed  (39% total)
     Speed:     ev/sec=67433.9   simsec/sec=0.533464   ev/simsec=126408
     Messages:  created: 32324794   present: 6628   in FES: 156
** Event #23955712   t=396.760977369613   Elapsed: 461.252s (7m 41s)  79% completed  (39% total)
     Speed:     ev/sec=72008.4   simsec/sec=0.529472   ev/simsec=136001
     Messages:  created: 32522995   present: 6635   in FES: 132
** Event #24090368   t=397.813059367879   Elapsed: 463.255s (7m 43s)  79% completed  (39% total)
     Speed:     ev/sec=67235.3   simsec/sec=0.525317   ev/simsec=127990
     Messages:  created: 32707922   present: 6705   in FES: 135
** Event #24224256   t=398.873652927883   Elapsed: 465.256s (7m 45s)  79% completed  (39% total)
     Speed:     ev/sec=66914   simsec/sec=0.530059   ev/simsec=126239
     Messages:  created: 32891953   present: 6815   in FES: 155
** Event #24364288   t=399.974507118299   Elapsed: 467.258s (7m 47s)  79% completed  (39% total)
     Speed:     ev/sec=69942.2   simsec/sec=0.549847   ev/simsec=127203
     Messages:  created: 33084205   present: 6804   in FES: 139
** Event #24507136   t=400.980095023512   Elapsed: 469.258s (7m 49s)  80% completed  (40% total)
     Speed:     ev/sec=71404.5   simsec/sec=0.502657   ev/simsec=142054
     Messages:  created: 33280477   present: 6828   in FES: 148
** Event #24641792   t=401.961017917048   Elapsed: 471.26s (7m 51s)  80% completed  (40% total)
     Speed:     ev/sec=67258.3   simsec/sec=0.489954   ev/simsec=137275
     Messages:  created: 33465490   present: 6900   in FES: 144
** Event #24783360   t=402.984399308813   Elapsed: 473.264s (7m 53s)  80% completed  (40% total)
     Speed:     ev/sec=70667.5   simsec/sec=0.510849   ev/simsec=138334
     Messages:  created: 33659921   present: 6997   in FES: 161
** Event #24926976   t=404.067629216496   Elapsed: 475.266s (7m 55s)  80% completed  (40% total)
     Speed:     ev/sec=71702.8   simsec/sec=0.540822   ev/simsec=132581
     Messages:  created: 33856490   present: 6951   in FES: 130
** Event #25061632   t=405.105852300365   Elapsed: 477.268s (7m 57s)  81% completed  (40% total)
     Speed:     ev/sec=67267.5   simsec/sec=0.518645   ev/simsec=129699
     Messages:  created: 34041256   present: 6934   in FES: 131
** Event #25204224   t=406.205375499733   Elapsed: 479.27s (7m 59s)  81% completed  (40% total)
     Speed:     ev/sec=71244.5   simsec/sec=0.549364   ev/simsec=129685
     Messages:  created: 34237271   present: 7101   in FES: 162
** Event #25338624   t=407.210144284288   Elapsed: 481.27s (8m 01s)  81% completed  (40% total)
     Speed:     ev/sec=67191.2   simsec/sec=0.502319   ev/simsec=133762
     Messages:  created: 34422016   present: 7120   in FES: 138
** Event #25480448   t=408.212968083441   Elapsed: 483.271s (8m 03s)  81% completed  (40% total)
     Speed:     ev/sec=70883.1   simsec/sec=0.501207   ev/simsec=141425
     Messages:  created: 34616834   present: 7209   in FES: 162
** Event #25622784   t=409.300084429907   Elapsed: 485.274s (8m 05s)  81% completed  (40% total)
     Speed:     ev/sec=71058.8   simsec/sec=0.542724   ev/simsec=130930
     Messages:  created: 34812446   present: 7206   in FES: 155
** Event #25757184   t=410.302969951927   Elapsed: 487.274s (8m 07s)  82% completed  (41% total)
     Speed:     ev/sec=67195.1   simsec/sec=0.501406   ev/simsec=134013
     Messages:  created: 34997052   present: 7281   in FES: 164
** Event #25900800   t=411.414068313255   Elapsed: 489.275s (8m 09s)  82% completed  (41% total)
     Speed:     ev/sec=71771   simsec/sec=0.555263   ev/simsec=129256
     Messages:  created: 35194414   present: 7264   in FES: 147
** Event #26038016   t=412.484586059593   Elapsed: 491.276s (8m 11s)  82% completed  (41% total)
     Speed:     ev/sec=68590.5   simsec/sec=0.535123   ev/simsec=128177
     Messages:  created: 35383055   present: 7347   in FES: 142
** Event #26171648   t=413.4937469404   Elapsed: 493.278s (8m 13s)  82% completed  (41% total)
     Speed:     ev/sec=66728.8   simsec/sec=0.503922   ev/simsec=132419
     Messages:  created: 35566714   present: 7452   in FES: 154
** Event #26313984   t=414.621154399841   Elapsed: 495.28s (8m 15s)  82% completed  (41% total)
     Speed:     ev/sec=71100.8   simsec/sec=0.563172   ev/simsec=126251
     Messages:  created: 35762293   present: 7495   in FES: 149
