** Event #0   t=0   Elapsed: 1.9e-05s (0m 00s)  0% completed  (0% total)
     Speed:     ev/sec=0   simsec/sec=0   ev/simsec=0
     Messages:  created: 1178   present: 1178   in FES: 186
** Event #108288   t=32.04281249034   Elapsed: 2.00698s (0m 02s)  6% completed  (3% total)
     Speed:     ev/sec=53956.7   simsec/sec=15.9658   ev/simsec=3379.51
     Messages:  created: 107848   present: 1213   in FES: 162
** Event #204800   t=62.016284925854   Elapsed: 4.0124s (0m 04s)  12% completed  (6% total)
     Speed:     ev/sec=48126.2   simsec/sec=14.9464   ev/simsec=3219.91
     Messages:  created: 204452   present: 1203   in FES: 148
** Event #295936   t=90.085452616121   Elapsed: 6.01598s (0m 06s)  18% completed  (9% total)
     Speed:     ev/sec=45486   simsec/sec=14.0093   ev/simsec=3246.84
     Messages:  created: 297074   present: 1203   in FES: 150
** Event #385536   t=100.633315664842   Elapsed: 8.02024s (0m 08s)  20% completed  (10% total)
     Speed:     ev/sec=44704.7   simsec/sec=5.26271   ev/simsec=8494.61
     Messages:  created: 408209   present: 1274   in FES: 179
** Event #473088   t=103.068229748202   Elapsed: 10.0231s (0m 10s)  20% completed  (10% total)
     Speed:     ev/sec=43712.6   simsec/sec=1.21569   ev/simsec=35956.9
     Messages:  created: 525005   present: 1354   in FES: 167
** Event #567040   t=105.013847018514   Elapsed: 12.0313s (0m 12s)  21% completed  (10% total)
     Speed:     ev/sec=46786.1   simsec/sec=0.968876   ev/simsec=48289
     Messages:  created: 651380   present: 1435   in FES: 152
** Event #650752   t=107.799877841357   Elapsed: 14.0318s (0m 14s)  21% completed  (10% total)
     Speed:     ev/sec=41845.6   simsec/sec=1.39267   ev/simsec=30047
     Messages:  created: 762464   present: 1539   in FES: 156
** Event #720640   t=110.44974320875   Elapsed: 16.036s (0m 16s)  22% completed  (11% total)
     Speed:     ev/sec=34870.7   simsec/sec=1.32215   ev/simsec=26374.2
     Messages:  created: 854626   present: 1670   in FES: 154
** Event #801792   t=113.6   Elapsed: 18.0382s (0m 18s)  22% completed  (11% total)
     Speed:     ev/sec=40529.9   simsec/sec=1.57334   ev/simsec=25760.4
     Messages:  created: 961867   present: 1731   in FES: 122
** Event #888064   t=116.837063966637   Elapsed: 20.0384s (0m 20s)  23% completed  (11% total)
     Speed:     ev/sec=43132.7   simsec/sec=1.61841   ev/simsec=26651.3
     Messages:  created: 1075958   present: 2003   in FES: 156
** Event #967680   t=119.838464673183   Elapsed: 22.0435s (0m 22s)  23% completed  (11% total)
     Speed:     ev/sec=39707.5   simsec/sec=1.49691   ev/simsec=26526.3
     Messages:  created: 1181169   present: 2133   in FES: 162
** Event #1045248   t=122.748827232281   Elapsed: 24.0467s (0m 24s)  24% completed  (12% total)
     Speed:     ev/sec=38721.3   simsec/sec=1.45283   ev/simsec=26652.3
     Messages:  created: 1283738   present: 2291   in FES: 160
** Event #1126144   t=125.582228789795   Elapsed: 26.158s (0m 26s)  25% completed  (12% total)
     Speed:     ev/sec=38315.6   simsec/sec=1.34201   ev/simsec=28550.8
     Messages:  created: 1390583   present: 2443   in FES: 155
** Event #1204480   t=128.155505780764   Elapsed: 28.1632s (0m 28s)  25% completed  (12% total)
     Speed:     ev/sec=39065.9   simsec/sec=1.28328   ev/simsec=30442.1
     Messages:  created: 1494466   present: 2569   in FES: 155
** Event #1287680   t=131.248564385197   Elapsed: 30.1643s (0m 30s)  26% completed  (13% total)
     Speed:     ev/sec=41577.6   simsec/sec=1.5457   ev/simsec=26898.9
     Messages:  created: 1604407   present: 2746   in FES: 154
** Event #1362944   t=134.29992552677   Elapsed: 32.1683s (0m 32s)  26% completed  (13% total)
     Speed:     ev/sec=37557.4   simsec/sec=1.52265   ev/simsec=24665.7
     Messages:  created: 1702356   present: 2956   in FES: 138
** Event #1442560   t=137.587037311715   Elapsed: 34.1721s (0m 34s)  27% completed  (13% total)
     Speed:     ev/sec=39732.1   simsec/sec=1.64042   ev/simsec=24220.7
     Messages:  created: 1806149   present: 3228   in FES: 160
** Event #1517312   t=138.126424599008   Elapsed: 36.1752s (0m 36s)  27% completed  (13% total)
     Speed:     ev/sec=37317.5   simsec/sec=0.269272   ev/simsec=138587
     Messages:  created: 1908162   present: 3261   in FES: 165
** Event #1593344   t=139.927937415009   Elapsed: 38.1787s (0m 38s)  27% completed  (13% total)
     Speed:     ev/sec=37951.1   simsec/sec=0.899218   ev/simsec=42204.5
     Messages:  created: 2010055   present: 3290   in FES: 173
** Event #1676032   t=141.020229706427   Elapsed: 40.1821s (0m 40s)  28% completed  (14% total)
     Speed:     ev/sec=41272.4   simsec/sec=0.5452   ev/simsec=75701.3
     Messages:  created: 2121962   present: 3244   in FES: 150
** Event #1756672   t=141.737846216223   Elapsed: 42.1923s (0m 42s)  28% completed  (14% total)
     Speed:     ev/sec=40115.2   simsec/sec=0.356986   ev/simsec=112372
     Messages:  created: 2232098   present: 3354   in FES: 166
** Event #1836032   t=142.424660103232   Elapsed: 44.199s (0m 44s)  28% completed  (14% total)
     Speed:     ev/sec=39548.1   simsec/sec=0.342265   ev/simsec=115548
     Messages:  created: 2340382   present: 3334   in FES: 155
** Event #1919488   t=143.251628568389   Elapsed: 46.2024s (0m 46s)  28% completed  (14% total)
     Speed:     ev/sec=41658.3   simsec/sec=0.412793   ev/simsec=100918
     Messages:  created: 2453940   present: 3419   in FES: 158
** Event #2005760   t=143.639360342126   Elapsed: 48.2069s (0m 48s)  28% completed  (14% total)
     Speed:     ev/sec=43038.9   simsec/sec=0.193429   ev/simsec=222504
     Messages:  created: 2573126   present: 3443   in FES: 162
** Event #2100736   t=144.319886281575   Elapsed: 50.2121s (0m 50s)  28% completed  (14% total)
     Speed:     ev/sec=47364.7   simsec/sec=0.339379   ev/simsec=139563
     Messages:  created: 2703022   present: 3372   in FES: 145
** Event #2186752   t=145.047468617508   Elapsed: 52.2169s (0m 52s)  29% completed  (14% total)
     Speed:     ev/sec=42905   simsec/sec=0.36292   ev/simsec=118222
     Messages:  created: 2820942   present: 3504   in FES: 153
** Event #2283776   t=145.989771696351   Elapsed: 54.2206s (0m 54s)  29% completed  (14% total)
     Speed:     ev/sec=48421   simsec/sec=0.470268   ev/simsec=102965
     Messages:  created: 2953724   present: 3536   in FES: 141
** Event #2359296   t=146.68578365715   Elapsed: 56.2221s (0m 56s)  29% completed  (14% total)
     Speed:     ev/sec=37731.9   simsec/sec=0.347747   ev/simsec=108504
     Messages:  created: 3056514   present: 3527   in FES: 154
** Event #2445824   t=147.35262239875   Elapsed: 58.2234s (0m 58s)  29% completed  (14% total)
     Speed:     ev/sec=43236.8   simsec/sec=0.333209   ev/simsec=129759
     Messages:  created: 3174722   present: 3627   in FES: 157
** Event #2538240   t=147.77547814821   Elapsed: 60.2238s (1m 00s)  29% completed  (14% total)
     Speed:     ev/sec=46199.5   simsec/sec=0.211389   ev/simsec=218552
     Messages:  created: 3302443   present: 3586   in FES: 130
** Event #2625024   t=148.62105631289   Elapsed: 62.2262s (1m 02s)  29% completed  (14% total)
     Speed:     ev/sec=43338.3   simsec/sec=0.422266   ev/simsec=102633
     Messages:  created: 3420617   present: 3651   in FES: 159
** Event #2711808   t=149.502752732875   Elapsed: 64.2266s (1m 04s)  29% completed  (14% total)
     Speed:     ev/sec=43383.8   simsec/sec=0.440764   ev/simsec=98428.4
     Messages:  created: 3539041   present: 3732   in FES: 155
** Event #2803712   t=150.51217015434   Elapsed: 66.2323s (1m 06s)  30% completed  (15% total)
     Speed:     ev/sec=45821   simsec/sec=0.50327   ev/simsec=91046.6
     Messages:  created: 3664208   present: 3700   in FES: 152
** Event #2890496   t=151.288316562382   Elapsed: 68.234s (1m 08s)  30% completed  (15% total)
     Speed:     ev/sec=43355.1   simsec/sec=0.387743   ev/simsec=111814
     Messages:  created: 3782726   present: 3751   in FES: 128
** Event #2977536   t=152.133410978725   Elapsed: 70.2369s (1m 10s)  30% completed  (15% total)
     Speed:     ev/sec=43457.1   simsec/sec=0.421936   ev/simsec=102994
     Messages:  created: 3901370   present: 3827   in FES: 145
** Event #3062272   t=152.751671348152   Elapsed: 72.2429s (1m 12s)  30% completed  (15% total)
     Speed:     ev/sec=42242.2   simsec/sec=0.308212   ev/simsec=137056
     Messages:  created: 4017913   present: 3941   in FES: 163
** Event #3144704   t=153.4497605624   Elapsed: 74.2472s (1m 14s)  30% completed  (15% total)
     Speed:     ev/sec=41127.8   simsec/sec=0.348298   ev/simsec=118082
     Messages:  created: 4130474   present: 3862   in FES: 154
** Event #3228928   t=154.104312988497   Elapsed: 76.2473s (1m 16s)  30% completed  (15% total)
     Speed:     ev/sec=42109.1   simsec/sec=0.327253   ev/simsec=128674
     Messages:  created: 4245633   present: 3927   in FES: 127
** Event #3324416   t=154.959262724898   Elapsed: 78.2498s (1m 18s)  30% completed  (15% total)
     Speed:     ev/sec=47684.2   simsec/sec=0.42694   ev/simsec=111688
     Messages:  created: 4376735   present: 4049   in FES: 157
** Event #3402752   t=155.736135288121   Elapsed: 80.2523s (1m 20s)  31% completed  (15% total)
     Speed:     ev/sec=39119.1   simsec/sec=0.387951   ev/simsec=100835
     Messages:  created: 4483291   present: 4079   in FES: 168
** Event #3494400   t=156.851859041292   Elapsed: 82.2563s (1m 22s)  31% completed  (15% total)
     Speed:     ev/sec=45733.1   simsec/sec=0.556755   ev/simsec=82142.2
     Messages:  created: 4607910   present: 4104   in FES: 146
** Event #3588608   t=157.56822895466   Elapsed: 84.2626s (1m 24s)  31% completed  (15% total)
     Speed:     ev/sec=46956.8   simsec/sec=0.357065   ev/simsec=131507
     Messages:  created: 4736895   present: 4097   in FES: 161
** Event #3672832   t=158.357018867513   Elapsed: 86.2634s (1m 26s)  31% completed  (15% total)
     Speed:     ev/sec=42095   simsec/sec=0.394235   ev/simsec=106776
     Messages:  created: 4851908   present: 4203   in FES: 164
