** Event #0   t=0   Elapsed: 1.7e-05s (0m 00s)  0% completed  (0% total)
     Speed:     ev/sec=0   simsec/sec=0   ev/simsec=0
     Messages:  created: 1178   present: 1178   in FES: 186
** Event #105472   t=17.172426642531   Elapsed: 2.00421s (0m 02s)  3% completed  (1% total)
     Speed:     ev/sec=52626.1   simsec/sec=8.56825   ev/simsec=6142
     Messages:  created: 110708   present: 1205   in FES: 154
** Event #211456   t=34.089365904181   Elapsed: 4.00628s (0m 04s)  6% completed  (3% total)
     Speed:     ev/sec=52937   simsec/sec=8.44969   ev/simsec=6264.96
     Messages:  created: 221386   present: 1314   in FES: 185
** Event #305664   t=49.068028533075   Elapsed: 6.01083s (0m 06s)  9% completed  (4% total)
     Speed:     ev/sec=46997.2   simsec/sec=7.47235   ev/simsec=6289.48
     Messages:  created: 319083   present: 1210   in FES: 154
** Event #381696   t=61.056227080742   Elapsed: 8.02165s (0m 08s)  12% completed  (6% total)
     Speed:     ev/sec=37811.4   simsec/sec=5.96183   ev/simsec=6342.24
     Messages:  created: 397592   present: 1218   in FES: 153
** Event #451584   t=72.054474400224   Elapsed: 10.0277s (0m 10s)  14% completed  (7% total)
     Speed:     ev/sec=34839   simsec/sec=5.4826   ev/simsec=6354.47
     Messages:  created: 469572   present: 1199   in FES: 154
** Event #533760   t=85.050021970343   Elapsed: 12.0279s (0m 12s)  17% completed  (8% total)
     Speed:     ev/sec=41083.8   simsec/sec=6.4971   ev/simsec=6323.4
     Messages:  created: 554586   present: 1212   in FES: 153
** Event #611072   t=97.05622964954   Elapsed: 14.0282s (0m 14s)  19% completed  (9% total)
     Speed:     ev/sec=38650.5   simsec/sec=6.00225   ev/simsec=6439.34
     Messages:  created: 634060   present: 1178   in FES: 139
** Event #691456   t=101.086216299746   Elapsed: 16.0306s (0m 16s)  20% completed  (10% total)
     Speed:     ev/sec=40143.2   simsec/sec=2.01255   ev/simsec=19946.5
     Messages:  created: 736424   present: 1229   in FES: 156
** Event #766976   t=102.293015654197   Elapsed: 18.0354s (0m 18s)  20% completed  (10% total)
     Speed:     ev/sec=37669.4   simsec/sec=0.601951   ev/simsec=62578.8
     Messages:  created: 836866   present: 1201   in FES: 142
** Event #859648   t=103.751390402998   Elapsed: 20.039s (0m 20s)  20% completed  (10% total)
     Speed:     ev/sec=46252.8   simsec/sec=0.727878   ev/simsec=63544.7
     Messages:  created: 960534   present: 1224   in FES: 135
** Event #940800   t=105.052563755519   Elapsed: 22.045s (0m 22s)  21% completed  (10% total)
     Speed:     ev/sec=40453.9   simsec/sec=0.648629   ev/simsec=62368.3
     Messages:  created: 1068541   present: 1293   in FES: 148
** Event #1015808   t=106.383072807181   Elapsed: 24.0476s (0m 24s)  21% completed  (10% total)
     Speed:     ev/sec=37456   simsec/sec=0.664403   ev/simsec=56375.4
     Messages:  created: 1167080   present: 1331   in FES: 143
** Event #1089280   t=107.317168986503   Elapsed: 26.0516s (0m 26s)  21% completed  (10% total)
     Speed:     ev/sec=36663.2   simsec/sec=0.466122   ev/simsec=78655.7
     Messages:  created: 1265808   present: 1310   in FES: 153
** Event #1167104   t=108.818760794982   Elapsed: 28.0533s (0m 28s)  21% completed  (10% total)
     Speed:     ev/sec=38879.2   simsec/sec=0.750164   ev/simsec=51827.7
     Messages:  created: 1369044   present: 1374   in FES: 163
** Event #1245696   t=110.410159925257   Elapsed: 30.0585s (0m 30s)  22% completed  (11% total)
     Speed:     ev/sec=39194.2   simsec/sec=0.793638   ev/simsec=49385.5
     Messages:  created: 1471696   present: 1285   in FES: 130
** Event #1325312   t=111.485050808038   Elapsed: 32.0609s (0m 32s)  22% completed  (11% total)
     Speed:     ev/sec=39760.2   simsec/sec=0.5368   ev/simsec=74068.9
     Messages:  created: 1578220   present: 1336   in FES: 149
** Event #1400576   t=111.938228425192   Elapsed: 34.0623s (0m 34s)  22% completed  (11% total)
     Speed:     ev/sec=37605.3   simsec/sec=0.226428   ev/simsec=166081
     Messages:  created: 1681926   present: 1338   in FES: 152
** Event #1490432   t=112.342177634832   Elapsed: 36.0667s (0m 36s)  22% completed  (11% total)
     Speed:     ev/sec=44829.1   simsec/sec=0.20153   ev/simsec=222444
     Messages:  created: 1804938   present: 1435   in FES: 159
** Event #1572608   t=112.7705753112   Elapsed: 38.0732s (0m 38s)  22% completed  (11% total)
     Speed:     ev/sec=40955.7   simsec/sec=0.213509   ev/simsec=191822
     Messages:  created: 1918218   present: 1422   in FES: 159
** Event #1648640   t=113.094675112768   Elapsed: 40.0757s (0m 40s)  22% completed  (11% total)
     Speed:     ev/sec=37967.4   simsec/sec=0.161843   ev/simsec=234594
     Messages:  created: 2022649   present: 1418   in FES: 161
** Event #1728768   t=113.470289292685   Elapsed: 42.0791s (0m 42s)  22% completed  (11% total)
     Speed:     ev/sec=39996.7   simsec/sec=0.187492   ev/simsec=213325
     Messages:  created: 2132887   present: 1434   in FES: 159
** Event #1817856   t=113.86658439818   Elapsed: 44.0832s (0m 44s)  22% completed  (11% total)
     Speed:     ev/sec=44451.7   simsec/sec=0.197737   ev/simsec=224802
     Messages:  created: 2255927   present: 1347   in FES: 125
** Event #1895424   t=114.228792041786   Elapsed: 46.0848s (0m 46s)  22% completed  (11% total)
     Speed:     ev/sec=38753.1   simsec/sec=0.180959   ev/simsec=214153
     Messages:  created: 2362248   present: 1377   in FES: 157
** Event #1993216   t=115.294437629772   Elapsed: 48.0873s (0m 48s)  23% completed  (11% total)
     Speed:     ev/sec=48835   simsec/sec=0.532158   ev/simsec=91767.8
     Messages:  created: 2493500   present: 1286   in FES: 157
** Event #2071552   t=117.001752691196   Elapsed: 50.0916s (0m 50s)  23% completed  (11% total)
     Speed:     ev/sec=39084.6   simsec/sec=0.851839   ev/simsec=45882.6
     Messages:  created: 2596971   present: 1289   in FES: 156
** Event #2147840   t=118.435158127566   Elapsed: 52.0947s (0m 52s)  23% completed  (11% total)
     Speed:     ev/sec=38084.6   simsec/sec=0.715587   ev/simsec=53221.5
     Messages:  created: 2696604   present: 1276   in FES: 144
** Event #2239232   t=120.135076319042   Elapsed: 54.0962s (0m 54s)  24% completed  (12% total)
     Speed:     ev/sec=45663.1   simsec/sec=0.849347   ev/simsec=53762.6
     Messages:  created: 2817535   present: 1333   in FES: 156
** Event #2310912   t=121.31734776817   Elapsed: 56.098s (0m 56s)  24% completed  (12% total)
     Speed:     ev/sec=35807.2   simsec/sec=0.590594   ev/simsec=60629.1
     Messages:  created: 2912771   present: 1402   in FES: 157
** Event #2391552   t=121.977655346958   Elapsed: 58.1039s (0m 58s)  24% completed  (12% total)
     Speed:     ev/sec=40201.6   simsec/sec=0.329184   ev/simsec=122125
     Messages:  created: 3023729   present: 1397   in FES: 155
** Event #2468352   t=122.512226276523   Elapsed: 60.1041s (1m 00s)  24% completed  (12% total)
     Speed:     ev/sec=38395.6   simsec/sec=0.267255   ev/simsec=143667
     Messages:  created: 3128367   present: 1437   in FES: 167
** Event #2545920   t=123.133187419388   Elapsed: 62.1094s (1m 02s)  24% completed  (12% total)
     Speed:     ev/sec=38681.6   simsec/sec=0.309661   ev/simsec=124916
     Messages:  created: 3234534   present: 1433   in FES: 163
** Event #2640128   t=123.705425640366   Elapsed: 64.1095s (1m 04s)  24% completed  (12% total)
     Speed:     ev/sec=47102.1   simsec/sec=0.286108   ev/simsec=164631
     Messages:  created: 3364283   present: 1435   in FES: 158
** Event #2721536   t=124.044465960016   Elapsed: 66.1135s (1m 06s)  24% completed  (12% total)
     Speed:     ev/sec=40622.9   simsec/sec=0.169182   ev/simsec=240113
     Messages:  created: 3477178   present: 1506   in FES: 187
** Event #2793728   t=124.460150146485   Elapsed: 68.1184s (1m 08s)  24% completed  (12% total)
     Speed:     ev/sec=36008.3   simsec/sec=0.207337   ev/simsec=173670
     Messages:  created: 3576286   present: 1587   in FES: 217
** Event #2885632   t=125.180906786094   Elapsed: 70.1206s (1m 10s)  25% completed  (12% total)
     Speed:     ev/sec=45901.4   simsec/sec=0.359981   ev/simsec=127510
     Messages:  created: 3701967   present: 1312   in FES: 134
** Event #2963200   t=125.809570458039   Elapsed: 72.126s (1m 12s)  25% completed  (12% total)
     Speed:     ev/sec=38679.4   simsec/sec=0.313484   ev/simsec=123386
     Messages:  created: 3808582   present: 1400   in FES: 161
** Event #3037952   t=126.24433556683   Elapsed: 74.1313s (1m 14s)  25% completed  (12% total)
     Speed:     ev/sec=37275.9   simsec/sec=0.2168   ev/simsec=171937
     Messages:  created: 3910905   present: 1365   in FES: 139
** Event #3117056   t=126.730728682577   Elapsed: 76.1327s (1m 16s)  25% completed  (12% total)
     Speed:     ev/sec=39525.1   simsec/sec=0.243031   ev/simsec=162634
     Messages:  created: 4019996   present: 1436   in FES: 159
** Event #3200512   t=127.159489850006   Elapsed: 78.1333s (1m 18s)  25% completed  (12% total)
     Speed:     ev/sec=41715.4   simsec/sec=0.214316   ev/simsec=194644
     Messages:  created: 4134949   present: 1368   in FES: 134
** Event #3275776   t=127.529674563209   Elapsed: 80.1348s (1m 20s)  25% completed  (12% total)
     Speed:     ev/sec=37603.6   simsec/sec=0.184953   ev/simsec=203315
     Messages:  created: 4238676   present: 1358   in FES: 132
** Event #3364096   t=128.040280099337   Elapsed: 82.139s (1m 22s)  25% completed  (12% total)
     Speed:     ev/sec=44067.8   simsec/sec=0.25477   ev/simsec=172971
     Messages:  created: 4360580   present: 1336   in FES: 134
** Event #3454208   t=128.743841706765   Elapsed: 84.1418s (1m 24s)  25% completed  (12% total)
     Speed:     ev/sec=44993.7   simsec/sec=0.351294   ev/simsec=128080
     Messages:  created: 4483689   present: 1428   in FES: 161
** Event #3538944   t=129.399105306983   Elapsed: 86.1434s (1m 26s)  25% completed  (12% total)
     Speed:     ev/sec=42333   simsec/sec=0.327361   ev/simsec=129316
     Messages:  created: 4599389   present: 1315   in FES: 126
** Event #3620864   t=130.068416594078   Elapsed: 88.1479s (1m 28s)  26% completed  (13% total)
     Speed:     ev/sec=40867.8   simsec/sec=0.333902   ev/simsec=122394
     Messages:  created: 4711806   present: 1550   in FES: 177
** Event #3698944   t=130.716645952195   Elapsed: 90.1525s (1m 30s)  26% completed  (13% total)
     Speed:     ev/sec=38952   simsec/sec=0.323384   ev/simsec=120451
     Messages:  created: 4818657   present: 1488   in FES: 156
** Event #3766784   t=131.247240474197   Elapsed: 92.1567s (1m 32s)  26% completed  (13% total)
     Speed:     ev/sec=33847.6   simsec/sec=0.264731   ev/simsec=127857
     Messages:  created: 4911368   present: 1572   in FES: 187
** Event #3855872   t=132.008822937216   Elapsed: 94.1573s (1m 34s)  26% completed  (13% total)
     Speed:     ev/sec=44531.5   simsec/sec=0.380684   ev/simsec=116977
     Messages:  created: 5033894   present: 1486   in FES: 161
** Event #3936768   t=132.754219961777   Elapsed: 96.1628s (1m 36s)  26% completed  (13% total)
     Speed:     ev/sec=40335.9   simsec/sec=0.371666   ev/simsec=108527
     Messages:  created: 5143907   present: 1489   in FES: 135
** Event #4019968   t=133.566442486614   Elapsed: 98.1681s (1m 38s)  26% completed  (13% total)
     Speed:     ev/sec=41490.8   simsec/sec=0.405045   ev/simsec=102435
     Messages:  created: 5257218   present: 1657   in FES: 189
** Event #4120832   t=134.824347684249   Elapsed: 100.173s (1m 40s)  26% completed  (13% total)
     Speed:     ev/sec=50307.8   simsec/sec=0.627404   ev/simsec=80184.1
     Messages:  created: 5393749   present: 1480   in FES: 147
** Event #4200960   t=135.483362206277   Elapsed: 102.174s (1m 42s)  27% completed  (13% total)
     Speed:     ev/sec=40052.6   simsec/sec=0.329413   ev/simsec=121588
     Messages:  created: 5502765   present: 1635   in FES: 160
** Event #4287744   t=135.785328111521   Elapsed: 104.178s (1m 44s)  27% completed  (13% total)
     Speed:     ev/sec=43296.7   simsec/sec=0.150651   ev/simsec=287397
     Messages:  created: 5623261   present: 1613   in FES: 166
** Event #4373504   t=136.082102037719   Elapsed: 106.179s (1m 46s)  27% completed  (13% total)
     Speed:     ev/sec=42865.4   simsec/sec=0.148336   ev/simsec=288974
     Messages:  created: 5741633   present: 1547   in FES: 131
** Event #4455680   t=136.369877931009   Elapsed: 108.18s (1m 48s)  27% completed  (13% total)
     Speed:     ev/sec=41051.7   simsec/sec=0.143761   ev/simsec=285556
     Messages:  created: 5855120   present: 1517   in FES: 127
** Event #4547840   t=137.044436377909   Elapsed: 110.186s (1m 50s)  27% completed  (13% total)
     Speed:     ev/sec=45954.6   simsec/sec=0.336362   ev/simsec=136623
     Messages:  created: 5982235   present: 1559   in FES: 156
** Event #4628224   t=137.56775329512   Elapsed: 112.187s (1m 52s)  27% completed  (13% total)
     Speed:     ev/sec=40172.4   simsec/sec=0.261531   ev/simsec=153605
     Messages:  created: 6092230   present: 1633   in FES: 161
** Event #4701184   t=138.062029059749   Elapsed: 114.257s (1m 54s)  27% completed  (13% total)
     Speed:     ev/sec=35243.2   simsec/sec=0.238759   ev/simsec=147610
     Messages:  created: 6192704   present: 1596   in FES: 139
** Event #4781824   t=138.566678976712   Elapsed: 116.26s (1m 56s)  27% completed  (13% total)
     Speed:     ev/sec=40260.1   simsec/sec=0.25195   ev/simsec=159794
     Messages:  created: 6303165   present: 1604   in FES: 140
** Event #4861440   t=139.095308261457   Elapsed: 118.268s (1m 58s)  27% completed  (13% total)
     Speed:     ev/sec=39654.2   simsec/sec=0.263294   ev/simsec=150608
     Messages:  created: 6412381   present: 1613   in FES: 137
** Event #4938240   t=139.588792308812   Elapsed: 120.271s (2m 00s)  27% completed  (13% total)
     Speed:     ev/sec=38346.3   simsec/sec=0.246397   ev/simsec=155628
     Messages:  created: 6517766   present: 1687   in FES: 158
** Event #5019392   t=140.077772837188   Elapsed: 122.273s (2m 02s)  28% completed  (14% total)
     Speed:     ev/sec=40529.1   simsec/sec=0.244207   ev/simsec=165962
     Messages:  created: 6629575   present: 1678   in FES: 154
** Event #5107200   t=140.601480353235   Elapsed: 124.275s (2m 04s)  28% completed  (14% total)
     Speed:     ev/sec=43858.2   simsec/sec=0.261581   ev/simsec=167666
     Messages:  created: 6750030   present: 1696   in FES: 155
** Event #5186048   t=141.400367490693   Elapsed: 126.435s (2m 06s)  28% completed  (14% total)
     Speed:     ev/sec=36498.7   simsec/sec=0.369804   ev/simsec=98697.3
     Messages:  created: 6856944   present: 1628   in FES: 150
** Event #5272576   t=143.307253333906   Elapsed: 128.441s (2m 08s)  28% completed  (14% total)
     Speed:     ev/sec=43147.5   simsec/sec=0.950876   ev/simsec=45376.6
     Messages:  created: 6970665   present: 1706   in FES: 157
** Event #5348352   t=144.537781289043   Elapsed: 130.447s (2m 10s)  28% completed  (14% total)
     Speed:     ev/sec=37762   simsec/sec=0.613217   ev/simsec=61580.1
     Messages:  created: 7071378   present: 1724   in FES: 149
** Event #5433344   t=145.338269603797   Elapsed: 132.452s (2m 12s)  29% completed  (14% total)
     Speed:     ev/sec=42407.6   simsec/sec=0.399412   ev/simsec=106175
     Messages:  created: 7186262   present: 1821   in FES: 157
** Event #5516544   t=146.213675157397   Elapsed: 134.455s (2m 14s)  29% completed  (14% total)
     Speed:     ev/sec=41536.1   simsec/sec=0.43703   ev/simsec=95041.7
     Messages:  created: 7298849   present: 1781   in FES: 132
** Event #5599488   t=147.27489543721   Elapsed: 136.458s (2m 16s)  29% completed  (14% total)
     Speed:     ev/sec=41400.3   simsec/sec=0.529692   ev/simsec=78159.1
     Messages:  created: 7410162   present: 1847   in FES: 158
** Event #5671680   t=148.193380473242   Elapsed: 138.461s (2m 18s)  29% completed  (14% total)
     Speed:     ev/sec=36038.3   simsec/sec=0.458508   ev/simsec=78599
     Messages:  created: 7507265   present: 1851   in FES: 154
** Event #5747968   t=149.320741767378   Elapsed: 140.464s (2m 20s)  29% completed  (14% total)
     Speed:     ev/sec=38091.2   simsec/sec=0.562901   ev/simsec=67669.5
     Messages:  created: 7608977   present: 1909   in FES: 161
** Event #5826048   t=150.802659762495   Elapsed: 142.467s (2m 22s)  30% completed  (15% total)
     Speed:     ev/sec=38973.9   simsec/sec=0.739704   ev/simsec=52688.5
     Messages:  created: 7712213   present: 1960   in FES: 159
** Event #5898240   t=151.025030522962   Elapsed: 144.472s (2m 24s)  30% completed  (15% total)
     Speed:     ev/sec=36019.6   simsec/sec=0.11095   ev/simsec=324647
     Messages:  created: 7812212   present: 1947   in FES: 164
** Event #5975040   t=151.721303596922   Elapsed: 146.472s (2m 26s)  30% completed  (15% total)
     Speed:     ev/sec=38392.4   simsec/sec=0.348068   ev/simsec=110302
     Messages:  created: 7916497   present: 1924   in FES: 164
** Event #6060544   t=152.36612363874   Elapsed: 148.476s (2m 28s)  30% completed  (15% total)
     Speed:     ev/sec=42671.9   simsec/sec=0.321806   ev/simsec=132601
     Messages:  created: 8033136   present: 1934   in FES: 163
** Event #6149376   t=153.257779877243   Elapsed: 150.48s (2m 30s)  30% completed  (15% total)
     Speed:     ev/sec=44326.8   simsec/sec=0.444933   ev/simsec=99625.8
     Messages:  created: 8154037   present: 2032   in FES: 160
** Event #6235648   t=154.122076646301   Elapsed: 152.48s (2m 32s)  30% completed  (15% total)
     Speed:     ev/sec=43126   simsec/sec=0.432048   ev/simsec=99817.6
     Messages:  created: 8271465   present: 1990   in FES: 137
** Event #6312448   t=154.777985270471   Elapsed: 154.482s (2m 34s)  30% completed  (15% total)
     Speed:     ev/sec=38362.9   simsec/sec=0.327637   ev/simsec=117089
     Messages:  created: 8376553   present: 2039   in FES: 155
** Event #6384896   t=155.50050761928   Elapsed: 156.485s (2m 36s)  31% completed  (15% total)
     Speed:     ev/sec=36167.5   simsec/sec=0.360698   ev/simsec=100271
     Messages:  created: 8474732   present: 2047   in FES: 156
** Event #6459136   t=156.239893281705   Elapsed: 158.487s (2m 38s)  31% completed  (15% total)
     Speed:     ev/sec=37082.9   simsec/sec=0.369323   ev/simsec=100408
     Messages:  created: 8575873   present: 2157   in FES: 188
** Event #6547456   t=157.070741788644   Elapsed: 160.494s (2m 40s)  31% completed  (15% total)
     Speed:     ev/sec=44014.7   simsec/sec=0.414057   ev/simsec=106301
     Messages:  created: 8696299   present: 2066   in FES: 158
** Event #6633472   t=157.785816503353   Elapsed: 162.503s (2m 42s)  31% completed  (15% total)
     Speed:     ev/sec=42825.1   simsec/sec=0.356017   ev/simsec=120290
     Messages:  created: 8813811   present: 2139   in FES: 156
** Event #6706432   t=158.242831646213   Elapsed: 164.507s (2m 44s)  31% completed  (15% total)
     Speed:     ev/sec=36396.1   simsec/sec=0.227982   ev/simsec=159645
     Messages:  created: 8913652   present: 2095   in FES: 139
** Event #6780160   t=158.668907550567   Elapsed: 166.512s (2m 46s)  31% completed  (15% total)
     Speed:     ev/sec=36782   simsec/sec=0.212564   ev/simsec=173040
     Messages:  created: 9015301   present: 2130   in FES: 156
** Event #6867968   t=159.224786979684   Elapsed: 168.517s (2m 48s)  31% completed  (15% total)
     Speed:     ev/sec=43777.6   simsec/sec=0.277139   ev/simsec=157962
     Messages:  created: 9135685   present: 2102   in FES: 156
** Event #6946560   t=159.671514098277   Elapsed: 170.52s (2m 50s)  31% completed  (15% total)
     Speed:     ev/sec=39238.4   simsec/sec=0.223036   ev/simsec=175928
     Messages:  created: 9244007   present: 2141   in FES: 156
** Event #7031552   t=160.239077799415   Elapsed: 172.521s (2m 52s)  32% completed  (16% total)
     Speed:     ev/sec=42487.4   simsec/sec=0.283724   ev/simsec=149749
     Messages:  created: 9360466   present: 2126   in FES: 163
** Event #7099648   t=162.062032654433   Elapsed: 174.523s (2m 54s)  32% completed  (16% total)
     Speed:     ev/sec=34009.9   simsec/sec=0.910457   ev/simsec=37354.7
     Messages:  created: 9450259   present: 2125   in FES: 126
** Event #7177472   t=164.089183448143   Elapsed: 176.526s (2m 56s)  32% completed  (16% total)
     Speed:     ev/sec=38861.3   simsec/sec=1.01226   ev/simsec=38390.8
     Messages:  created: 9551741   present: 2225   in FES: 151
** Event #7261696   t=165.554694639126   Elapsed: 178.529s (2m 58s)  33% completed  (16% total)
     Speed:     ev/sec=42038.9   simsec/sec=0.731483   ev/simsec=57470.7
     Messages:  created: 9663654   present: 2346   in FES: 156
** Event #7344640   t=165.925307737595   Elapsed: 180.54s (3m 00s)  33% completed  (16% total)
     Speed:     ev/sec=41256.4   simsec/sec=0.184343   ev/simsec=223802
     Messages:  created: 9778383   present: 2287   in FES: 140
** Event #7427840   t=166.409374481119   Elapsed: 182.551s (3m 02s)  33% completed  (16% total)
     Speed:     ev/sec=41362.1   simsec/sec=0.240649   ev/simsec=171877
     Messages:  created: 9891920   present: 2302   in FES: 154
** Event #7504128   t=167.081221322329   Elapsed: 184.553s (3m 04s)  33% completed  (16% total)
     Speed:     ev/sec=38113   simsec/sec=0.33565   ev/simsec=113550
     Messages:  created: 9996139   present: 2364   in FES: 157
** Event #7595008   t=168.576744009233   Elapsed: 186.554s (3m 06s)  33% completed  (16% total)
     Speed:     ev/sec=45399.5   simsec/sec=0.747096   ev/simsec=60768.1
     Messages:  created: 10116619   present: 2352   in FES: 156
** Event #7673088   t=170.500101224958   Elapsed: 188.56s (3m 08s)  34% completed  (17% total)
     Speed:     ev/sec=38930.8   simsec/sec=0.958988   ev/simsec=40595.7
     Messages:  created: 10217907   present: 2384   in FES: 164
** Event #7752704   t=172.499468831658   Elapsed: 190.561s (3m 10s)  34% completed  (17% total)
     Speed:     ev/sec=39779.5   simsec/sec=0.998968   ev/simsec=39820.6
     Messages:  created: 10321704   present: 2455   in FES: 157
** Event #7838464   t=174.749138400963   Elapsed: 192.567s (3m 12s)  34% completed  (17% total)
     Speed:     ev/sec=42756.4   simsec/sec=1.12159   ev/simsec=38121.2
     Messages:  created: 10434008   present: 2433   in FES: 134
** Event #7906048   t=176.398389450499   Elapsed: 194.571s (3m 14s)  35% completed  (17% total)
     Speed:     ev/sec=33735.5   simsec/sec=0.823247   ev/simsec=40978.6
     Messages:  created: 10522186   present: 2454   in FES: 124
** Event #7983872   t=177.876362537957   Elapsed: 196.574s (3m 16s)  35% completed  (17% total)
     Speed:     ev/sec=38838.8   simsec/sec=0.737596   ev/simsec=52655.9
     Messages:  created: 10626078   present: 2653   in FES: 155
** Event #8068864   t=178.541454022427   Elapsed: 198.578s (3m 18s)  35% completed  (17% total)
     Speed:     ev/sec=42427.2   simsec/sec=0.332007   ev/simsec=127790
     Messages:  created: 10741720   present: 2549   in FES: 126
** Event #8168960   t=179.362468568377   Elapsed: 200.583s (3m 20s)  35% completed  (17% total)
     Speed:     ev/sec=49920.7   simsec/sec=0.409463   ev/simsec=121917
     Messages:  created: 10878709   present: 2620   in FES: 159
** Event #8254464   t=180.052854617825   Elapsed: 202.587s (3m 22s)  36% completed  (18% total)
     Speed:     ev/sec=42661.6   simsec/sec=0.344463   ev/simsec=123850
     Messages:  created: 10996392   present: 2618   in FES: 124
** Event #8343552   t=180.784340988754   Elapsed: 204.756s (3m 24s)  36% completed  (18% total)
     Speed:     ev/sec=41075.2   simsec/sec=0.337261   ev/simsec=121790
     Messages:  created: 11117993   present: 2789   in FES: 174
** Event #8441856   t=181.625714021122   Elapsed: 206.759s (3m 26s)  36% completed  (18% total)
     Speed:     ev/sec=49080.5   simsec/sec=0.420075   ev/simsec=116838
     Messages:  created: 11251826   present: 2838   in FES: 185
** Event #8474518   t=181.970067292685   Elapsed: 207.504s (3m 27s)  36% completed  (18% total)
     Speed:     ev/sec=43822.6   simsec/sec=0.462032   ev/simsec=94847.4
     Messages:  created: 11296648   present: 2611   in FES: 125
<!> Error: Mobility moved outside the area 0,0,0 - 3650,1250,60 (x=3650.06,y=162.519,z=40.4028) -- in module (inet::physicallayer::RadioMedium) FanetReconNetwork.radioMedium (id=2), at t=181.970067292685s, event #8474518
undisposed object: (inet::physicallayer::WirelessSignal) FanetReconNetwork.radioMedium.UdpBasicAppData-327 -- check module destructor
undisposed object: (omnetpp::cMessage) FanetReconNetwork.groundStation.app.debugTimer -- check module destructor
undisposed object: (omnetpp::cMessage) FanetReconNetwork.uav[0].app.debugTimer -- check module destructor
undisposed object: (omnetpp::cMessage) FanetReconNetwork.uav[1].app.debugTimer -- check module destructor
undisposed object: (omnetpp::cMessage) FanetReconNetwork.uav[2].app.debugTimer -- check module destructor
undisposed object: (omnetpp::cMessage) FanetReconNetwork.uav[3].app.debugTimer -- check module destructor
undisposed object: (omnetpp::cMessage) FanetReconNetwork.uav[4].app.debugTimer -- check module destructor
undisposed object: (omnetpp::cMessage) FanetReconNetwork.uav[5].app.debugTimer -- check module destructor
undisposed object: (omnetpp::cMessage) FanetReconNetwork.uav[6].app.debugTimer -- check module destructor
undisposed object: (omnetpp::cMessage) FanetReconNetwork.uav[7].app.debugTimer -- check module destructor
undisposed object: (omnetpp::cMessage) FanetReconNetwork.uav[8].app.debugTimer -- check module destructor
undisposed object: (omnetpp::cMessage) FanetReconNetwork.uav[9].app.debugTimer -- check module destructor
undisposed object: (omnetpp::cMessage) FanetReconNetwork.uav[10].app.debugTimer -- check module destructor
undisposed object: (omnetpp::cMessage) FanetReconNetwork.uav[11].app.debugTimer -- check module destructor
undisposed object: (omnetpp::cMessage) FanetReconNetwork.uav[12].app.debugTimer -- check module destructor
undisposed object: (omnetpp::cMessage) FanetReconNetwork.uav[13].app.debugTimer -- check module destructor
undisposed object: (omnetpp::cMessage) FanetReconNetwork.uav[14].app.debugTimer -- check module destructor
undisposed object: (omnetpp::cMessage) FanetReconNetwork.uav[15].app.debugTimer -- check module destructor
undisposed object: (omnetpp::cMessage) FanetReconNetwork.uav[16].app.debugTimer -- check module destructor
undisposed object: (omnetpp::cMessage) FanetReconNetwork.uav[17].app.debugTimer -- check module destructor
undisposed object: (omnetpp::cMessage) FanetReconNetwork.uav[18].app.debugTimer -- check module destructor
undisposed object: (omnetpp::cMessage) FanetReconNetwork.uav[19].app.debugTimer -- check module destructor
undisposed object: (omnetpp::cMessage) FanetReconNetwork.uav[20].app.debugTimer -- check module destructor
undisposed object: (omnetpp::cMessage) FanetReconNetwork.uav[21].app.debugTimer -- check module destructor
undisposed object: (omnetpp::cMessage) FanetReconNetwork.uav[22].app.debugTimer -- check module destructor
undisposed object: (omnetpp::cMessage) FanetReconNetwork.uav[23].app.debugTimer -- check module destructor
undisposed object: (omnetpp::cMessage) FanetReconNetwork.uav[24].app.debugTimer -- check module destructor
undisposed object: (omnetpp::cMessage) FanetReconNetwork.uav[25].app.debugTimer -- check module destructor
undisposed object: (omnetpp::cMessage) FanetReconNetwork.uav[26].app.debugTimer -- check module destructor
undisposed object: (omnetpp::cMessage) FanetReconNetwork.uav[27].app.debugTimer -- check module destructor
undisposed object: (omnetpp::cMessage) FanetReconNetwork.uav[28].app.debugTimer -- check module destructor
undisposed object: (omnetpp::cMessage) FanetReconNetwork.uav[29].app.debugTimer -- check module destructor
