** Event #0   t=0   Elapsed: 1.7e-05s (0m 00s)  0% completed  (0% total)
     Speed:     ev/sec=0   simsec/sec=0   ev/simsec=0
     Messages:  created: 1178   present: 1178   in FES: 186
** Event #66048   t=8.134285451101   Elapsed: 2.00975s (0m 02s)  1% completed  (0% total)
     Speed:     ev/sec=32864.6   simsec/sec=4.04745   ev/simsec=8119.83
     Messages:  created: 58318   present: 1196   in FES: 149
** Event #123136   t=15.373642501181   Elapsed: 4.02535s (0m 04s)  3% completed  (1% total)
     Speed:     ev/sec=28323   simsec/sec=3.59166   ev/simsec=7885.78
     Messages:  created: 109846   present: 1139   in FES: 130
** Event #161280   t=19.33712815591   Elapsed: 6.0286s (0m 06s)  3% completed  (1% total)
     Speed:     ev/sec=19041.1   simsec/sec=1.97853   ev/simsec=9623.85
     Messages:  created: 140954   present: 1154   in FES: 135
** Event #199424   t=23.287851941773   Elapsed: 8.04503s (0m 08s)  4% completed  (2% total)
     Speed:     ev/sec=18916.5   simsec/sec=1.95926   ev/simsec=9654.94
     Messages:  created: 172004   present: 1151   in FES: 134
** Event #237312   t=27.223777922561   Elapsed: 10.0582s (0m 10s)  5% completed  (2% total)
     Speed:     ev/sec=18819.9   simsec/sec=1.95508   ev/simsec=9626.2
     Messages:  created: 202878   present: 1175   in FES: 142
** Event #275456   t=31.209133593272   Elapsed: 12.0688s (0m 12s)  6% completed  (3% total)
     Speed:     ev/sec=18971.4   simsec/sec=1.98217   ev/simsec=9571.04
     Messages:  created: 233912   present: 1157   in FES: 136
** Event #314112   t=35.220761836236   Elapsed: 14.0935s (0m 14s)  7% completed  (3% total)
     Speed:     ev/sec=19092.5   simsec/sec=1.98137   ev/simsec=9635.99
     Messages:  created: 265348   present: 1152   in FES: 135
** Event #352000   t=39.159804163342   Elapsed: 16.0965s (0m 16s)  7% completed  (3% total)
     Speed:     ev/sec=18915.4   simsec/sec=1.96654   ev/simsec=9618.58
     Messages:  created: 296234   present: 1185   in FES: 146
** Event #390912   t=44.023975821872   Elapsed: 18.1004s (0m 18s)  8% completed  (4% total)
     Speed:     ev/sec=19418.1   simsec/sec=2.42735   ev/simsec=7999.72
     Messages:  created: 329288   present: 1210   in FES: 153
** Event #449536   t=52.000767692099   Elapsed: 20.1017s (0m 20s)  10% completed  (5% total)
     Speed:     ev/sec=29293.3   simsec/sec=3.98585   ev/simsec=7349.32
     Messages:  created: 384166   present: 1185   in FES: 146
** Event #516608   t=61.009988401685   Elapsed: 22.1072s (0m 22s)  12% completed  (6% total)
     Speed:     ev/sec=33444.2   simsec/sec=4.49229   ev/simsec=7444.82
     Messages:  created: 447008   present: 1191   in FES: 146
** Event #565504   t=66.398389262841   Elapsed: 24.1232s (0m 24s)  13% completed  (6% total)
     Speed:     ev/sec=24254.1   simsec/sec=2.67284   ev/simsec=9074.31
     Messages:  created: 489844   present: 1203   in FES: 152
** Event #603904   t=70.398287400017   Elapsed: 26.1355s (0m 26s)  14% completed  (7% total)
     Speed:     ev/sec=19082.3   simsec/sec=1.98769   ev/simsec=9600.24
     Messages:  created: 521114   present: 1203   in FES: 154
** Event #642304   t=74.382593127134   Elapsed: 28.146s (0m 28s)  14% completed  (7% total)
     Speed:     ev/sec=19099.5   simsec/sec=1.98172   ev/simsec=9637.81
     Messages:  created: 552320   present: 1154   in FES: 135
** Event #682240   t=79.003720606784   Elapsed: 30.1579s (0m 30s)  15% completed  (7% total)
     Speed:     ev/sec=19849.9   simsec/sec=2.2969   ev/simsec=8642.05
     Messages:  created: 584744   present: 1190   in FES: 147
** Event #725760   t=83.092567516291   Elapsed: 32.1672s (0m 32s)  16% completed  (8% total)
     Speed:     ev/sec=21659.6   simsec/sec=2.03499   ev/simsec=10643.6
     Messages:  created: 620272   present: 1192   in FES: 147
** Event #765696   t=87.209133076765   Elapsed: 34.1765s (0m 34s)  17% completed  (8% total)
     Speed:     ev/sec=19875.2   simsec/sec=2.04871   ev/simsec=9701.29
     Messages:  created: 652820   present: 1206   in FES: 153
** Event #804352   t=91.220761086307   Elapsed: 36.1769s (0m 36s)  18% completed  (9% total)
     Speed:     ev/sec=19324.7   simsec/sec=2.00547   ev/simsec=9635.99
     Messages:  created: 684260   present: 1194   in FES: 149
** Event #843520   t=95.287851167096   Elapsed: 38.1879s (0m 38s)  19% completed  (9% total)
     Speed:     ev/sec=19476.6   simsec/sec=2.0224   ev/simsec=9630.47
     Messages:  created: 716106   present: 1185   in FES: 146
** Event #884224   t=100.006732478286   Elapsed: 40.1929s (0m 40s)  20% completed  (10% total)
     Speed:     ev/sec=20301.1   simsec/sec=2.35355   ev/simsec=8625.77
     Messages:  created: 749140   present: 1185   in FES: 154
** Event #924928   t=104.024628094153   Elapsed: 42.1963s (0m 42s)  20% completed  (10% total)
     Speed:     ev/sec=20317.4   simsec/sec=2.00553   ev/simsec=10130.7
     Messages:  created: 781632   present: 1582   in FES: 137
** Event #961024   t=107.226829303189   Elapsed: 44.1995s (0m 44s)  21% completed  (10% total)
     Speed:     ev/sec=18019.8   simsec/sec=1.5986   ev/simsec=11272.2
     Messages:  created: 810596   present: 1978   in FES: 141
** Event #996096   t=111.04452723399   Elapsed: 46.2028s (0m 46s)  22% completed  (11% total)
     Speed:     ev/sec=17507.2   simsec/sec=1.90571   ev/simsec=9186.69
     Messages:  created: 838381   present: 2456   in FES: 154
** Event #1036544   t=115.120742452881   Elapsed: 48.2126s (0m 48s)  23% completed  (11% total)
     Speed:     ev/sec=20124.4   simsec/sec=2.02807   ev/simsec=9922.93
     Messages:  created: 871772   present: 2933   in FES: 154
** Event #1091072   t=122.092543420056   Elapsed: 50.217s (0m 50s)  24% completed  (12% total)
     Speed:     ev/sec=27205.1   simsec/sec=3.47837   ev/simsec=7821.22
     Messages:  created: 921092   present: 3798   in FES: 153
** Event #1153280   t=130.09254347739   Elapsed: 52.4726s (0m 52s)  26% completed  (13% total)
     Speed:     ev/sec=27578.8   simsec/sec=3.54666   ev/simsec=7776
     Messages:  created: 977612   present: 4746   in FES: 149
** Event #1219584   t=139.00998832068   Elapsed: 54.4729s (0m 54s)  27% completed  (13% total)
     Speed:     ev/sec=33148.1   simsec/sec=4.4582   ev/simsec=7435.31
     Messages:  created: 1037654   present: 5821   in FES: 150
** Event #1279488   t=146.287744992762   Elapsed: 56.4832s (0m 56s)  29% completed  (14% total)
     Speed:     ev/sec=29798.6   simsec/sec=3.62024   ev/simsec=8231.11
     Messages:  created: 1092271   present: 6609   in FES: 123
** Event #1338880   t=154.063179384744   Elapsed: 58.4842s (0m 58s)  30% completed  (15% total)
     Speed:     ev/sec=29680.8   simsec/sec=3.88573   ev/simsec=7638.42
     Messages:  created: 1146229   present: 7634   in FES: 152
** Event #1397504   t=161.493557194597   Elapsed: 60.4882s (1m 00s)  32% completed  (16% total)
     Speed:     ev/sec=29253.1   simsec/sec=3.70773   ev/simsec=7889.77
     Messages:  created: 1199505   present: 8433   in FES: 123
** Event #1457664   t=169.209032473874   Elapsed: 62.4905s (1m 02s)  33% completed  (16% total)
     Speed:     ev/sec=30045.9   simsec/sec=3.85336   ev/simsec=7797.32
     Messages:  created: 1254252   present: 9453   in FES: 154
** Event #1518336   t=177.077198643943   Elapsed: 64.5958s (1m 04s)  35% completed  (17% total)
     Speed:     ev/sec=28818.2   simsec/sec=3.73725   ev/simsec=7711.07
     Messages:  created: 1309304   present: 10383   in FES: 148
** Event #1564928   t=182.147713724291   Elapsed: 66.5999s (1m 06s)  36% completed  (18% total)
     Speed:     ev/sec=23248.6   simsec/sec=2.5301   ev/simsec=9188.81
     Messages:  created: 1348362   present: 10914   in FES: 124
** Event #1605120   t=186.337098910523   Elapsed: 68.6151s (1m 08s)  37% completed  (18% total)
     Speed:     ev/sec=19944.1   simsec/sec=2.07886   ev/simsec=9593.77
     Messages:  created: 1380914   present: 11499   in FES: 152
** Event #1636864   t=189.493663353673   Elapsed: 70.6274s (1m 10s)  37% completed  (18% total)
     Speed:     ev/sec=15775.2   simsec/sec=1.56866   ev/simsec=10056.5
     Messages:  created: 1406062   present: 11858   in FES: 145
** Event #1672704   t=193.159832954149   Elapsed: 72.6342s (1m 12s)  38% completed  (19% total)
     Speed:     ev/sec=17859   simsec/sec=1.82685   ev/simsec=9775.87
     Messages:  created: 1435051   present: 12293   in FES: 143
** Event #1711616   t=197.223673446191   Elapsed: 74.6404s (1m 14s)  39% completed  (19% total)
     Speed:     ev/sec=19396   simsec/sec=2.02566   ev/simsec=9575.18
     Messages:  created: 1466685   present: 12802   in FES: 154
** Event #1754368   t=202.03110614178   Elapsed: 76.6419s (1m 16s)  40% completed  (20% total)
     Speed:     ev/sec=21359.5   simsec/sec=2.40186   ev/simsec=8892.9
     Messages:  created: 1501311   present: 13364   in FES: 142
** Event #1795584   t=206.083949892853   Elapsed: 78.6486s (1m 18s)  41% completed  (20% total)
     Speed:     ev/sec=20539.1   simsec/sec=2.01965   ev/simsec=10169.6
     Messages:  created: 1534941   present: 13854   in FES: 154
** Event #1829632   t=210.010013179926   Elapsed: 80.6584s (1m 20s)  42% completed  (21% total)
     Speed:     ev/sec=16941.1   simsec/sec=1.95347   ev/simsec=8672.3
     Messages:  created: 1562458   present: 14312   in FES: 141
** Event #1870080   t=214.046158803128   Elapsed: 82.6626s (1m 22s)  42% completed  (21% total)
     Speed:     ev/sec=20181.9   simsec/sec=2.01387   ev/simsec=10021.4
     Messages:  created: 1595387   present: 14794   in FES: 140
** Event #1911040   t=218.099741093771   Elapsed: 84.6652s (1m 24s)  43% completed  (21% total)
     Speed:     ev/sec=20453.7   simsec/sec=2.02419   ev/simsec=10104.6
     Messages:  created: 1628866   present: 15312   in FES: 151
** Event #1950464   t=222.191776738719   Elapsed: 86.6751s (1m 26s)  44% completed  (22% total)
     Speed:     ev/sec=19614.5   simsec/sec=2.0359   ev/simsec=9634.32
     Messages:  created: 1660909   present: 15793   in FES: 149
** Event #1990144   t=226.373570392056   Elapsed: 88.6913s (1m 28s)  45% completed  (22% total)
     Speed:     ev/sec=19680.4   simsec/sec=2.07407   ev/simsec=9488.75
     Messages:  created: 1693210   present: 16339   in FES: 182
** Event #2032896   t=231.048098413623   Elapsed: 90.6932s (1m 30s)  46% completed  (23% total)
     Speed:     ev/sec=21355.8   simsec/sec=2.33505   ev/simsec=9145.74
     Messages:  created: 1727754   present: 16786   in FES: 124
** Event #2078208   t=236.003720443302   Elapsed: 92.6968s (1m 32s)  47% completed  (23% total)
     Speed:     ev/sec=22615.4   simsec/sec=2.47337   ev/simsec=9143.55
     Messages:  created: 1764600   present: 17464   in FES: 153
** Event #2119424   t=240.049848446502   Elapsed: 94.7s (1m 34s)  48% completed  (24% total)
     Speed:     ev/sec=20575.7   simsec/sec=2.01989   ev/simsec=10186.5
     Messages:  created: 1798171   present: 17933   in FES: 145
** Event #2153984   t=243.453349133622   Elapsed: 96.7064s (1m 36s)  48% completed  (24% total)
     Speed:     ev/sec=17224.3   simsec/sec=1.69626   ev/simsec=10154.3
     Messages:  created: 1826354   present: 18343   in FES: 148
** Event #2195200   t=248.039538429948   Elapsed: 98.7093s (1m 38s)  49% completed  (24% total)
     Speed:     ev/sec=20578.6   simsec/sec=2.28982   ev/simsec=8986.98
     Messages:  created: 1859786   present: 18908   in FES: 151
** Event #2235392   t=252.067941111745   Elapsed: 100.713s (1m 40s)  50% completed  (25% total)
     Speed:     ev/sec=20058.9   simsec/sec=2.01049   ev/simsec=9977.16
     Messages:  created: 1892537   present: 19374   in FES: 154
** Event #2277376   t=256.373668034476   Elapsed: 102.728s (1m 42s)  51% completed  (25% total)
     Speed:     ev/sec=20831.1   simsec/sec=2.13636   ev/simsec=9750.73
     Messages:  created: 1926735   present: 19903   in FES: 151
** Event #2322432   t=261.092463399194   Elapsed: 104.733s (1m 44s)  52% completed  (26% total)
     Speed:     ev/sec=22481.6   simsec/sec=2.35454   ev/simsec=9548.2
     Messages:  created: 1963353   present: 20466   in FES: 154
** Event #2363904   t=265.398385154532   Elapsed: 106.754s (1m 46s)  53% completed  (26% total)
     Speed:     ev/sec=20518   simsec/sec=2.13033   ev/simsec=9631.39
     Messages:  created: 1997068   present: 20977   in FES: 148
** Event #2405120   t=270.026881483221   Elapsed: 108.762s (1m 48s)  54% completed  (27% total)
     Speed:     ev/sec=20525.2   simsec/sec=2.30495   ev/simsec=8904.84
     Messages:  created: 2030487   present: 21552   in FES: 154
** Event #2447360   t=274.120844489598   Elapsed: 110.762s (1m 50s)  54% completed  (27% total)
     Speed:     ev/sec=21118.7   simsec/sec=2.04686   ev/simsec=10317.6
     Messages:  created: 2064940   present: 22020   in FES: 147
** Event #2481408   t=278.025851554719   Elapsed: 112.764s (1m 52s)  55% completed  (27% total)
     Speed:     ev/sec=17003.9   simsec/sec=1.95019   ev/simsec=8719.06
     Messages:  created: 2092511   present: 22507   in FES: 151
** Event #2524160   t=282.126589228216   Elapsed: 114.781s (1m 54s)  56% completed  (28% total)
     Speed:     ev/sec=21200.3   simsec/sec=2.03352   ev/simsec=10425.4
     Messages:  created: 2127359   present: 22962   in FES: 140
** Event #2563584   t=286.220757097175   Elapsed: 116.787s (1m 56s)  57% completed  (28% total)
     Speed:     ev/sec=19655.7   simsec/sec=2.04124   ev/simsec=9629.31
     Messages:  created: 2159406   present: 23444   in FES: 137
** Event #2605312   t=291.017932107307   Elapsed: 118.797s (1m 58s)  58% completed  (29% total)
     Speed:     ev/sec=20754.3   simsec/sec=2.38597   ev/simsec=8698.45
     Messages:  created: 2193220   present: 24060   in FES: 151
** Event #2647552   t=295.07719861907   Elapsed: 120.805s (2m 00s)  59% completed  (29% total)
     Speed:     ev/sec=21037.5   simsec/sec=2.02171   ev/simsec=10405.8
     Messages:  created: 2227672   present: 24519   in FES: 140
** Event #2689792   t=299.417559878784   Elapsed: 122.817s (2m 02s)  59% completed  (29% total)
     Speed:     ev/sec=20997.1   simsec/sec=2.15756   ev/simsec=9731.91
     Messages:  created: 2262013   present: 25003   in FES: 129
** Event #2732800   t=304.062739467045   Elapsed: 124.82s (2m 04s)  60% completed  (30% total)
     Speed:     ev/sec=21464.7   simsec/sec=2.31835   ev/simsec=9258.63
     Messages:  created: 2296963   present: 25599   in FES: 141
** Event #2768896   t=308.02688168693   Elapsed: 126.822s (2m 06s)  61% completed  (30% total)
     Speed:     ev/sec=18034.1   simsec/sec=1.98054   ev/simsec=9105.63
     Messages:  created: 2326281   present: 26114   in FES: 154
** Event #2810624   t=312.085818922027   Elapsed: 128.829s (2m 08s)  62% completed  (31% total)
     Speed:     ev/sec=20793.8   simsec/sec=2.02264   ev/simsec=10280.5
     Messages:  created: 2360256   present: 26510   in FES: 123
** Event #2850816   t=316.223671415239   Elapsed: 130.841s (2m 10s)  63% completed  (31% total)
     Speed:     ev/sec=19976.3   simsec/sec=2.0566   ev/simsec=9713.25
     Messages:  created: 2392934   present: 27005   in FES: 124
** Event #2893056   t=321.025851556339   Elapsed: 132.846s (2m 12s)  64% completed  (32% total)
     Speed:     ev/sec=21065.3   simsec/sec=2.39488   ev/simsec=8796
     Messages:  created: 2427225   present: 27663   in FES: 149
** Event #2937344   t=325.272316399962   Elapsed: 134.854s (2m 14s)  65% completed  (32% total)
     Speed:     ev/sec=22059.9   simsec/sec=2.11517   ev/simsec=10429.4
     Messages:  created: 2463338   present: 28084   in FES: 122
** Event #2978304   t=330.006788713099   Elapsed: 136.858s (2m 16s)  66% completed  (33% total)
     Speed:     ev/sec=20436.4   simsec/sec=2.3622   ev/simsec=8651.44
     Messages:  created: 2496446   present: 28667   in FES: 126
** Event #3022336   t=334.144532996789   Elapsed: 138.87s (2m 18s)  66% completed  (33% total)
     Speed:     ev/sec=21883.4   simsec/sec=2.05641   ev/simsec=10641.5
     Messages:  created: 2532483   present: 29225   in FES: 147
** Event #3062784   t=338.398385629845   Elapsed: 140.892s (2m 20s)  67% completed  (33% total)
     Speed:     ev/sec=19999   simsec/sec=2.10326   ev/simsec=9508.56
     Messages:  created: 2565318   present: 29710   in FES: 139
** Event #3100672   t=342.373668089423   Elapsed: 142.897s (2m 22s)  68% completed  (34% total)
     Speed:     ev/sec=18896.8   simsec/sec=1.98269   ev/simsec=9530.9
     Messages:  created: 2596165   present: 30214   in FES: 148
** Event #3144704   t=347.06513272068   Elapsed: 144.904s (2m 24s)  69% completed  (34% total)
     Speed:     ev/sec=21941.7   simsec/sec=2.33781   ev/simsec=9385.56
     Messages:  created: 2631919   present: 30793   in FES: 151
** Event #3185408   t=351.191776676513   Elapsed: 146.915s (2m 26s)  70% completed  (35% total)
     Speed:     ev/sec=20242.3   simsec/sec=2.0522   ev/simsec=9863.71
     Messages:  created: 2665101   present: 31299   in FES: 171
** Event #3225600   t=355.404018360509   Elapsed: 148.935s (2m 28s)  71% completed  (35% total)
     Speed:     ev/sec=19897   simsec/sec=2.08526   ev/simsec=9541.71
     Messages:  created: 2697749   present: 31770   in FES: 154
** Event #3272704   t=360.288071996912   Elapsed: 150.946s (2m 30s)  72% completed  (36% total)
     Speed:     ev/sec=23428.8   simsec/sec=2.42926   ev/simsec=9644.45
     Messages:  created: 2736056   present: 32335   in FES: 138
** Event #3313664   t=365.011725410796   Elapsed: 152.954s (2m 32s)  73% completed  (36% total)
     Speed:     ev/sec=20396.8   simsec/sec=2.35223   ev/simsec=8671.25
     Messages:  created: 2769164   present: 32893   in FES: 134
** Event #3353856   t=369.046104810783   Elapsed: 154.96s (2m 34s)  73% completed  (36% total)
     Speed:     ev/sec=20032.2   simsec/sec=2.01078   ev/simsec=9962.37
     Messages:  created: 2801920   present: 33419   in FES: 154
** Event #3389952   t=373.006787300459   Elapsed: 156.961s (2m 36s)  74% completed  (37% total)
     Speed:     ev/sec=18037.6   simsec/sec=1.9792   ev/simsec=9113.58
     Messages:  created: 2831184   present: 33860   in FES: 137
** Event #3431168   t=377.051119187076   Elapsed: 158.964s (2m 38s)  75% completed  (37% total)
     Speed:     ev/sec=20582.8   simsec/sec=2.01969   ev/simsec=10191.1
     Messages:  created: 2864759   present: 34348   in FES: 136
** Event #3474944   t=381.437201343154   Elapsed: 160.974s (2m 40s)  76% completed  (38% total)
     Speed:     ev/sec=21770.4   simsec/sec=2.18125   ev/simsec=9980.66
     Messages:  created: 2900450   present: 34884   in FES: 143
** Event #3519232   t=385.591971358287   Elapsed: 162.981s (2m 42s)  77% completed  (38% total)
     Speed:     ev/sec=22067.6   simsec/sec=2.07022   ev/simsec=10659.6
     Messages:  created: 2939329   present: 35392   in FES: 154
** Event #3579136   t=387.191776672664   Elapsed: 164.982s (2m 44s)  77% completed  (38% total)
     Speed:     ev/sec=29937.4   simsec/sec=0.799512   ev/simsec=37444.6
     Messages:  created: 3011040   present: 35467   in FES: 152
** Event #3639808   t=388.923132071149   Elapsed: 167.21s (2m 47s)  77% completed  (38% total)
     Speed:     ev/sec=27242.1   simsec/sec=0.777389   ev/simsec=35043.1
     Messages:  created: 3085450   present: 35536   in FES: 159
** Event #3696896   t=390.379633622309   Elapsed: 169.211s (2m 49s)  78% completed  (39% total)
     Speed:     ev/sec=28527.6   simsec/sec=0.727832   ev/simsec=39195.3
     Messages:  created: 3152826   present: 35619   in FES: 174
** Event #3755008   t=392.055799082526   Elapsed: 171.214s (2m 51s)  78% completed  (39% total)
     Speed:     ev/sec=29013.3   simsec/sec=0.836852   ev/simsec=34669.6
     Messages:  created: 3223022   present: 35671   in FES: 146
** Event #3806720   t=393.525246023119   Elapsed: 173.219s (2m 53s)  78% completed  (39% total)
     Speed:     ev/sec=25790   simsec/sec=0.732848   ev/simsec=35191.5
     Messages:  created: 3284217   present: 35754   in FES: 154
** Event #3861760   t=395.094978101274   Elapsed: 175.225s (2m 55s)  79% completed  (39% total)
     Speed:     ev/sec=27440.1   simsec/sec=0.782589   ev/simsec=35063.3
     Messages:  created: 3350075   present: 35811   in FES: 154
** Event #3905792   t=396.417562913297   Elapsed: 177.231s (2m 57s)  79% completed  (39% total)
     Speed:     ev/sec=21942.6   simsec/sec=0.659088   ev/simsec=33292.4
     Messages:  created: 3402142   present: 35845   in FES: 140
** Event #3961600   t=398.095031973346   Elapsed: 179.236s (2m 59s)  79% completed  (39% total)
     Speed:     ev/sec=27833.5   simsec/sec=0.836616   ev/simsec=33269.2
     Messages:  created: 3468650   present: 35951   in FES: 150
** Event #4013824   t=399.772549807138   Elapsed: 181.239s (3m 01s)  79% completed  (39% total)
     Speed:     ev/sec=26072.8   simsec/sec=0.837501   ev/simsec=31131.7
     Messages:  created: 3531434   present: 36011   in FES: 173
** Event #4067840   t=401.288075271246   Elapsed: 183.246s (3m 03s)  80% completed  (40% total)
     Speed:     ev/sec=26922.2   simsec/sec=0.755356   ev/simsec=35641.8
     Messages:  created: 3594867   present: 36097   in FES: 149
** Event #4114432   t=402.823525520352   Elapsed: 185.252s (3m 05s)  80% completed  (40% total)
     Speed:     ev/sec=23228.4   simsec/sec=0.765496   ev/simsec=30344.2
     Messages:  created: 3650980   present: 36078   in FES: 123
** Event #4167680   t=404.378902936992   Elapsed: 187.261s (3m 07s)  80% completed  (40% total)
     Speed:     ev/sec=26492.7   simsec/sec=0.773855   ev/simsec=34234.8
     Messages:  created: 3713207   present: 36230   in FES: 156
** Event #4221696   t=406.075182326198   Elapsed: 189.262s (3m 09s)  81% completed  (40% total)
     Speed:     ev/sec=26993.9   simsec/sec=0.847697   ev/simsec=31843.8
     Messages:  created: 3777325   present: 36292   in FES: 146
** Event #4272640   t=407.768513892615   Elapsed: 191.265s (3m 11s)  81% completed  (40% total)
     Speed:     ev/sec=25445   simsec/sec=0.84577   ev/simsec=30085.1
     Messages:  created: 3837838   present: 36375   in FES: 154
** Event #4324864   t=409.28432301232   Elapsed: 193.267s (3m 13s)  81% completed  (40% total)
     Speed:     ev/sec=26075.2   simsec/sec=0.756836   ev/simsec=34452.9
     Messages:  created: 3898936   present: 36422   in FES: 155
** Event #4370944   t=410.841843876749   Elapsed: 195.274s (3m 15s)  82% completed  (41% total)
     Speed:     ev/sec=22967.3   simsec/sec=0.776302   ev/simsec=29585.5
     Messages:  created: 3954299   present: 36483   in FES: 143
** Event #4422656   t=412.357756336247   Elapsed: 197.277s (3m 17s)  82% completed  (41% total)
     Speed:     ev/sec=25818.4   simsec/sec=0.756854   ev/simsec=34112.8
     Messages:  created: 4014390   present: 36566   in FES: 154
** Event #4473856   t=414.031912012411   Elapsed: 199.285s (3m 19s)  82% completed  (41% total)
     Speed:     ev/sec=25499.7   simsec/sec=0.833799   ev/simsec=30582.6
     Messages:  created: 4075102   present: 36663   in FES: 147
** Event #4517376   t=415.228014757733   Elapsed: 201.291s (3m 21s)  83% completed  (41% total)
     Speed:     ev/sec=21694.6   simsec/sec=0.596253   ev/simsec=36384.8
     Messages:  created: 4123789   present: 36669   in FES: 134
** Event #4555264   t=416.337022104621   Elapsed: 203.292s (3m 23s)  83% completed  (41% total)
     Speed:     ev/sec=18929.7   simsec/sec=0.554085   ev/simsec=34163.9
     Messages:  created: 4167278   present: 36735   in FES: 154
** Event #4594432   t=417.485267505255   Elapsed: 205.299s (3m 25s)  83% completed  (41% total)
     Speed:     ev/sec=19519.3   simsec/sec=0.572227   ev/simsec=34111.2
     Messages:  created: 4211303   present: 36792   in FES: 154
** Event #4637696   t=418.815747670834   Elapsed: 207.302s (3m 27s)  83% completed  (41% total)
     Speed:     ev/sec=21600.5   simsec/sec=0.664273   ev/simsec=32517.6
     Messages:  created: 4261475   present: 36792   in FES: 156
** Event #4678656   t=420.026103537686   Elapsed: 209.304s (3m 29s)  84% completed  (42% total)
     Speed:     ev/sec=20460   simsec/sec=0.604588   ev/simsec=33841.3
     Messages:  created: 4307895   present: 36934   in FES: 154
** Event #4719616   t=421.084005227558   Elapsed: 211.312s (3m 31s)  84% completed  (42% total)
     Speed:     ev/sec=20396.8   simsec/sec=0.526803   ev/simsec=38718.2
     Messages:  created: 4352548   present: 36923   in FES: 139
** Event #4757248   t=422.158174665191   Elapsed: 213.319s (3m 33s)  84% completed  (42% total)
     Speed:     ev/sec=18749.4   simsec/sec=0.535184   ev/simsec=35033.6
     Messages:  created: 4394574   present: 36968   in FES: 155
** Event #4791552   t=423.144537056909   Elapsed: 215.337s (3m 35s)  84% completed  (42% total)
     Speed:     ev/sec=17001.6   simsec/sec=0.488857   ev/simsec=34778.3
     Messages:  created: 4433449   present: 37033   in FES: 146
** Event #4829184   t=424.235490429964   Elapsed: 217.345s (3m 37s)  84% completed  (42% total)
     Speed:     ev/sec=18738.5   simsec/sec=0.54323   ev/simsec=34494.6
     Messages:  created: 4475615   present: 37069   in FES: 155
** Event #4868352   t=425.360596886062   Elapsed: 219.346s (3m 39s)  85% completed  (42% total)
     Speed:     ev/sec=19569.7   simsec/sec=0.562142   ev/simsec=34812.7
     Messages:  created: 4520100   present: 37063   in FES: 123
** Event #4905728   t=426.453377190364   Elapsed: 221.353s (3m 41s)  85% completed  (42% total)
     Speed:     ev/sec=18624.9   simsec/sec=0.544546   ev/simsec=34202.7
     Messages:  created: 4561970   present: 37191   in FES: 148
** Event #4945920   t=427.417571411704   Elapsed: 223.376s (3m 43s)  85% completed  (42% total)
     Speed:     ev/sec=19867.5   simsec/sec=0.476616   ev/simsec=41684.5
     Messages:  created: 4608102   present: 37163   in FES: 130
** Event #4980992   t=428.228830386248   Elapsed: 225.378s (3m 45s)  85% completed  (42% total)
     Speed:     ev/sec=17521.8   simsec/sec=0.405301   ev/simsec=43231.6
     Messages:  created: 4648118   present: 37179   in FES: 123
** Event #5022208   t=429.128904602328   Elapsed: 227.401s (3m 47s)  85% completed  (42% total)
     Speed:     ev/sec=20372.4   simsec/sec=0.444892   ev/simsec=45791.8
     Messages:  created: 4695857   present: 37194   in FES: 153
** Event #5064704   t=429.969432803057   Elapsed: 229.411s (3m 49s)  85% completed  (42% total)
     Speed:     ev/sec=21144   simsec/sec=0.418208   ev/simsec=50558.7
     Messages:  created: 4748812   present: 37239   in FES: 141
** Event #5096704   t=430.408175012049   Elapsed: 231.422s (3m 51s)  86% completed  (43% total)
     Speed:     ev/sec=15907.1   simsec/sec=0.218097   ev/simsec=72935.8
     Messages:  created: 4783474   present: 37192   in FES: 155
** Event #5138432   t=431.138089024702   Elapsed: 233.429s (3m 53s)  86% completed  (43% total)
     Speed:     ev/sec=20793.8   simsec/sec=0.363728   ev/simsec=57168.4
     Messages:  created: 4832213   present: 37253   in FES: 154
** Event #5174528   t=431.841843959094   Elapsed: 235.432s (3m 55s)  86% completed  (43% total)
     Speed:     ev/sec=18017.2   simsec/sec=0.351277   ev/simsec=51290.6
     Messages:  created: 4876807   present: 37243   in FES: 141
** Event #5210880   t=432.390590218748   Elapsed: 237.434s (3m 57s)  86% completed  (43% total)
     Speed:     ev/sec=18161.5   simsec/sec=0.274154   ev/simsec=66245.6
     Messages:  created: 4917482   present: 37278   in FES: 184
** Event #5253888   t=433.136025631102   Elapsed: 239.45s (3m 59s)  86% completed  (43% total)
     Speed:     ev/sec=21330.8   simsec/sec=0.369716   ev/simsec=57695.1
     Messages:  created: 4967718   present: 37249   in FES: 154
** Event #5294592   t=433.942804935975   Elapsed: 241.451s (4m 01s)  86% completed  (43% total)
     Speed:     ev/sec=20341.1   simsec/sec=0.403174   ev/simsec=50452.5
     Messages:  created: 5018217   present: 37194   in FES: 126
** Event #5326336   t=434.388491622455   Elapsed: 243.54s (4m 03s)  86% completed  (43% total)
     Speed:     ev/sec=15199.1   simsec/sec=0.213395   ev/simsec=71224.9
     Messages:  created: 5052815   present: 37236   in FES: 155
** Event #5372160   t=435.159865123441   Elapsed: 245.566s (4m 05s)  87% completed  (43% total)
     Speed:     ev/sec=22613.3   simsec/sec=0.380659   ev/simsec=59405.7
     Messages:  created: 5106363   present: 37196   in FES: 128
** Event #5412352   t=435.952941969162   Elapsed: 247.572s (4m 07s)  87% completed  (43% total)
     Speed:     ev/sec=20043.7   simsec/sec=0.395507   ev/simsec=50678.6
     Messages:  created: 5156524   present: 37285   in FES: 160
** Event #5448192   t=436.454790156097   Elapsed: 249.578s (4m 09s)  87% completed  (43% total)
     Speed:     ev/sec=17864.7   simsec/sec=0.250149   ev/simsec=71416
     Messages:  created: 5195801   present: 37281   in FES: 154
** Event #5492224   t=437.205536150872   Elapsed: 251.579s (4m 11s)  87% completed  (43% total)
     Speed:     ev/sec=21999   simsec/sec=0.375082   ev/simsec=58651
     Messages:  created: 5247543   present: 37289   in FES: 171
** Event #5526016   t=437.878904015462   Elapsed: 253.585s (4m 13s)  87% completed  (43% total)
     Speed:     ev/sec=16849   simsec/sec=0.335748   ev/simsec=50183.6
     Messages:  created: 5289520   present: 37203   in FES: 155
** Event #5562880   t=438.408174698319   Elapsed: 255.592s (4m 15s)  87% completed  (43% total)
     Speed:     ev/sec=18366.6   simsec/sec=0.263696   ev/simsec=69650.6
     Messages:  created: 5330556   present: 37204   in FES: 155
** Event #5607168   t=439.148739750257   Elapsed: 257.594s (4m 17s)  87% completed  (43% total)
     Speed:     ev/sec=22120   simsec/sec=0.369882   ev/simsec=59803
     Messages:  created: 5382572   present: 37285   in FES: 151
** Event #5648384   t=440.000685899598   Elapsed: 259.595s (4m 19s)  88% completed  (44% total)
     Speed:     ev/sec=20597.5   simsec/sec=0.425756   ev/simsec=48378.6
     Messages:  created: 5434039   present: 37258   in FES: 154
** Event #5680384   t=440.441992045666   Elapsed: 261.623s (4m 21s)  88% completed  (44% total)
     Speed:     ev/sec=15778.1   simsec/sec=0.217593   ev/simsec=72512
     Messages:  created: 5468396   present: 37260   in FES: 184
** Event #5723136   t=441.158221288748   Elapsed: 263.629s (4m 23s)  88% completed  (44% total)
     Speed:     ev/sec=21315.8   simsec/sec=0.357107   ev/simsec=59690.4
     Messages:  created: 5518574   present: 37224   in FES: 136
** Event #5765120   t=442.011724531284   Elapsed: 265.649s (4m 25s)  88% completed  (44% total)
     Speed:     ev/sec=20788.4   simsec/sec=0.422612   ev/simsec=49190.2
     Messages:  created: 5570433   present: 37213   in FES: 133
** Event #5797376   t=442.453863019851   Elapsed: 267.661s (4m 27s)  88% completed  (44% total)
     Speed:     ev/sec=16027.1   simsec/sec=0.219686   ev/simsec=72954.5
     Messages:  created: 5605697   present: 37256   in FES: 144
** Event #5841664   t=443.21860592952   Elapsed: 269.68s (4m 29s)  88% completed  (44% total)
     Speed:     ev/sec=21938.7   simsec/sec=0.378826   ev/simsec=57912.3
     Messages:  created: 5657554   present: 37180   in FES: 124
** Event #5877760   t=443.881276605419   Elapsed: 271.684s (4m 31s)  88% completed  (44% total)
     Speed:     ev/sec=18014.6   simsec/sec=0.330722   ev/simsec=54470.5
     Messages:  created: 5701971   present: 37210   in FES: 150
** Event #5932544   t=444.117542131601   Elapsed: 273.697s (4m 33s)  88% completed  (44% total)
     Speed:     ev/sec=27203   simsec/sec=0.117318   ev/simsec=231875
     Messages:  created: 5772335   present: 37326   in FES: 179
** Event #5974528   t=444.490061957265   Elapsed: 275.704s (4m 35s)  88% completed  (44% total)
     Speed:     ev/sec=20926.7   simsec/sec=0.18568   ev/simsec=112703
     Messages:  created: 5825020   present: 37365   in FES: 184
** Event #6032896   t=444.853891845108   Elapsed: 277.709s (4m 37s)  88% completed  (44% total)
     Speed:     ev/sec=29105.8   simsec/sec=0.181428   ev/simsec=160427
     Messages:  created: 5902926   present: 37372   in FES: 184
** Event #6097408   t=445.010227830468   Elapsed: 279.716s (4m 39s)  89% completed  (44% total)
     Speed:     ev/sec=32142.1   simsec/sec=0.0778919   ev/simsec=412650
     Messages:  created: 5990428   present: 37381   in FES: 178
** Event #6147328   t=445.153177208424   Elapsed: 281.719s (4m 41s)  89% completed  (44% total)
     Speed:     ev/sec=24927.6   simsec/sec=0.0713818   ev/simsec=349215
     Messages:  created: 6054707   present: 37291   in FES: 127
** Event #6196992   t=445.479864215702   Elapsed: 283.722s (4m 43s)  89% completed  (44% total)
     Speed:     ev/sec=24794.3   simsec/sec=0.163095   ev/simsec=152023
     Messages:  created: 6118196   present: 37197   in FES: 146
** Event #6245376   t=446.098701032948   Elapsed: 285.726s (4m 45s)  89% completed  (44% total)
     Speed:     ev/sec=24142.3   simsec/sec=0.308782   ev/simsec=78185.4
     Messages:  created: 6176712   present: 37296   in FES: 156
** Event #6292736   t=446.645438177776   Elapsed: 287.73s (4m 47s)  89% completed  (44% total)
     Speed:     ev/sec=23634.9   simsec/sec=0.272848   ev/simsec=86623
     Messages:  created: 6233648   present: 37275   in FES: 156
** Event #6349312   t=447.181498399567   Elapsed: 289.736s (4m 49s)  89% completed  (44% total)
     Speed:     ev/sec=28192.8   simsec/sec=0.267128   ev/simsec=105540
     Messages:  created: 6303312   present: 37355   in FES: 161
** Event #6397952   t=447.361933178832   Elapsed: 291.738s (4m 51s)  89% completed  (44% total)
     Speed:     ev/sec=24298   simsec/sec=0.0901358   ev/simsec=269571
     Messages:  created: 6367911   present: 37331   in FES: 157
** Event #6446848   t=448.387411874112   Elapsed: 293.743s (4m 53s)  89% completed  (44% total)
     Speed:     ev/sec=24385.6   simsec/sec=0.511431   ev/simsec=47681.1
     Messages:  created: 6423947   present: 37327   in FES: 155
** Event #6484480   t=451.453373579078   Elapsed: 295.754s (4m 55s)  90% completed  (45% total)
     Speed:     ev/sec=18713.4   simsec/sec=1.52462   ev/simsec=12274.1
     Messages:  created: 6457115   present: 37649   in FES: 134
** Event #6520832   t=455.121488903649   Elapsed: 297.768s (4m 57s)  91% completed  (45% total)
     Speed:     ev/sec=18049.4   simsec/sec=1.82128   ev/simsec=9910.27
     Messages:  created: 6486144   present: 38059   in FES: 123
** Event #6555392   t=459.016953912291   Elapsed: 299.784s (4m 59s)  91% completed  (45% total)
     Speed:     ev/sec=17148   simsec/sec=1.93286   ev/simsec=8871.85
     Messages:  created: 6513524   present: 38577   in FES: 142
** Event #6594304   t=462.493663418218   Elapsed: 301.791s (5m 01s)  92% completed  (46% total)
     Speed:     ev/sec=19382.4   simsec/sec=1.73178   ev/simsec=11192.2
     Messages:  created: 6544713   present: 39003   in FES: 144
** Event #6629376   t=466.078525316996   Elapsed: 303.792s (5m 03s)  93% completed  (46% total)
     Speed:     ev/sec=17533.3   simsec/sec=1.79215   ev/simsec=9783.36
     Messages:  created: 6572602   present: 39434   in FES: 142
** Event #6671872   t=470.224762828321   Elapsed: 305.81s (5m 05s)  94% completed  (47% total)
     Speed:     ev/sec=21058.3   simsec/sec=2.05461   ev/simsec=10249.3
     Messages:  created: 6606469   present: 39878   in FES: 125
** Event #6710528   t=474.144504870324   Elapsed: 307.826s (5m 07s)  94% completed  (47% total)
     Speed:     ev/sec=19172.6   simsec/sec=1.94411   ev/simsec=9861.87
     Messages:  created: 6637496   present: 40458   in FES: 182
** Event #6739456   t=477.288050164656   Elapsed: 309.83s (5m 09s)  95% completed  (47% total)
     Speed:     ev/sec=14438   simsec/sec=1.56894   ev/simsec=9202.35
     Messages:  created: 6661495   present: 1392   in FES: 124
** Event #6792960   t=484.136107716436   Elapsed: 311.836s (5m 11s)  96% completed  (48% total)
     Speed:     ev/sec=26667.3   simsec/sec=3.41318   ev/simsec=7813.02
     Messages:  created: 6709935   present: 2292   in FES: 150
** Event #6851584   t=492.030775010937   Elapsed: 313.838s (5m 13s)  98% completed  (49% total)
     Speed:     ev/sec=29276.1   simsec/sec=3.9425   ev/simsec=7425.77
     Messages:  created: 6763018   present: 3249   in FES: 155
** Event #6912514   t=500   Elapsed: 315.797s (5m 15s)  100% completed  (50% total)
     Speed:     ev/sec=31101.4   simsec/sec=4.06039   ev/simsec=7659.7
     Messages:  created: 6818293   present: 4109   in FES: 122

<!> Simulation time limit reached -- at t=500s, event #6912514
undisposed object: (omnetpp::cMessage) FanetSarNetwork.groundStation.app.debugTimer -- check module destructor
undisposed object: (omnetpp::cMessage) FanetSarNetwork.uav[0].app.debugTimer -- check module destructor
undisposed object: (omnetpp::cMessage) FanetSarNetwork.uav[1].app.debugTimer -- check module destructor
undisposed object: (omnetpp::cMessage) FanetSarNetwork.uav[2].app.debugTimer -- check module destructor
undisposed object: (omnetpp::cMessage) FanetSarNetwork.uav[3].app.debugTimer -- check module destructor
undisposed object: (omnetpp::cMessage) FanetSarNetwork.uav[4].app.debugTimer -- check module destructor
undisposed object: (omnetpp::cMessage) FanetSarNetwork.uav[5].app.debugTimer -- check module destructor
undisposed object: (omnetpp::cMessage) FanetSarNetwork.uav[6].app.debugTimer -- check module destructor
undisposed object: (omnetpp::cMessage) FanetSarNetwork.uav[7].app.debugTimer -- check module destructor
undisposed object: (omnetpp::cMessage) FanetSarNetwork.uav[8].app.debugTimer -- check module destructor
undisposed object: (omnetpp::cMessage) FanetSarNetwork.uav[9].app.debugTimer -- check module destructor
undisposed object: (omnetpp::cMessage) FanetSarNetwork.uav[10].app.debugTimer -- check module destructor
undisposed object: (omnetpp::cMessage) FanetSarNetwork.uav[11].app.debugTimer -- check module destructor
undisposed object: (omnetpp::cMessage) FanetSarNetwork.uav[12].app.debugTimer -- check module destructor
undisposed object: (omnetpp::cMessage) FanetSarNetwork.uav[13].app.debugTimer -- check module destructor
undisposed object: (omnetpp::cMessage) FanetSarNetwork.uav[14].app.debugTimer -- check module destructor
undisposed object: (omnetpp::cMessage) FanetSarNetwork.uav[15].app.debugTimer -- check module destructor
undisposed object: (omnetpp::cMessage) FanetSarNetwork.uav[16].app.debugTimer -- check module destructor
undisposed object: (omnetpp::cMessage) FanetSarNetwork.uav[17].app.debugTimer -- check module destructor
undisposed object: (omnetpp::cMessage) FanetSarNetwork.uav[18].app.debugTimer -- check module destructor
undisposed object: (omnetpp::cMessage) FanetSarNetwork.uav[19].app.debugTimer -- check module destructor
undisposed object: (omnetpp::cMessage) FanetSarNetwork.uav[20].app.debugTimer -- check module destructor
undisposed object: (omnetpp::cMessage) FanetSarNetwork.uav[21].app.debugTimer -- check module destructor
undisposed object: (omnetpp::cMessage) FanetSarNetwork.uav[22].app.debugTimer -- check module destructor
undisposed object: (omnetpp::cMessage) FanetSarNetwork.uav[23].app.debugTimer -- check module destructor
undisposed object: (omnetpp::cMessage) FanetSarNetwork.uav[24].app.debugTimer -- check module destructor
undisposed object: (omnetpp::cMessage) FanetSarNetwork.uav[25].app.debugTimer -- check module destructor
undisposed object: (omnetpp::cMessage) FanetSarNetwork.uav[26].app.debugTimer -- check module destructor
undisposed object: (omnetpp::cMessage) FanetSarNetwork.uav[27].app.debugTimer -- check module destructor
undisposed object: (omnetpp::cMessage) FanetSarNetwork.uav[28].app.debugTimer -- check module destructor
undisposed object: (omnetpp::cMessage) FanetSarNetwork.uav[29].app.debugTimer -- check module destructor
