** Event #0   t=0   Elapsed: 2.3e-05s (0m 00s)  0% completed  (0% total)
     Speed:     ev/sec=0   simsec/sec=0   ev/simsec=0
     Messages:  created: 1178   present: 1178   in FES: 186
** Event #66048   t=8.459497674275   Elapsed: 2.00414s (0m 02s)  1% completed  (0% total)
     Speed:     ev/sec=32956.6   simsec/sec=4.22106   ev/simsec=7807.67
     Messages:  created: 59287   present: 1206   in FES: 154
** Event #116736   t=14.289572870488   Elapsed: 4.0201s (0m 04s)  2% completed  (1% total)
     Speed:     ev/sec=25143.3   simsec/sec=2.89196   ev/simsec=8694.23
     Messages:  created: 102516   present: 1161   in FES: 138
** Event #156928   t=19.027753941021   Elapsed: 6.02741s (0m 06s)  3% completed  (1% total)
     Speed:     ev/sec=20022.8   simsec/sec=2.36046   ev/simsec=8482.58
     Messages:  created: 135826   present: 1190   in FES: 147
** Event #200192   t=23.28946940576   Elapsed: 8.03183s (0m 08s)  4% completed  (2% total)
     Speed:     ev/sec=21584.3   simsec/sec=2.12616   ev/simsec=10151.8
     Messages:  created: 171696   present: 1183   in FES: 154
** Event #242432   t=28.092331744759   Elapsed: 10.032s (0m 10s)  5% completed  (2% total)
     Speed:     ev/sec=21117.9   simsec/sec=2.40119   ev/simsec=8794.76
     Messages:  created: 207637   present: 1206   in FES: 154
** Event #300032   t=36.060067243964   Elapsed: 12.0324s (0m 12s)  7% completed  (3% total)
     Speed:     ev/sec=28794.2   simsec/sec=3.98306   ev/simsec=7229.16
     Messages:  created: 261506   present: 1214   in FES: 153
** Event #364800   t=44.40306652902   Elapsed: 14.0376s (0m 14s)  8% completed  (4% total)
     Speed:     ev/sec=32300.1   simsec/sec=4.1607   ev/simsec=7763.16
     Messages:  created: 321810   present: 1120   in FES: 123
** Event #410880   t=49.459602629616   Elapsed: 16.0542s (0m 16s)  9% completed  (4% total)
     Speed:     ev/sec=22850.2   simsec/sec=2.50744   ev/simsec=9112.96
     Messages:  created: 360338   present: 1173   in FES: 142
** Event #455680   t=54.307907224634   Elapsed: 18.0609s (0m 18s)  10% completed  (5% total)
     Speed:     ev/sec=22326   simsec/sec=2.41614   ev/simsec=9240.34
     Messages:  created: 397287   present: 1186   in FES: 154
** Event #497152   t=59.035114400315   Elapsed: 20.067s (0m 20s)  11% completed  (5% total)
     Speed:     ev/sec=20672.4   simsec/sec=2.35635   ev/simsec=8773.04
     Messages:  created: 431330   present: 1174   in FES: 139
** Event #538112   t=63.09241724878   Elapsed: 22.0676s (0m 22s)  12% completed  (6% total)
     Speed:     ev/sec=20474.1   simsec/sec=2.02807   ev/simsec=10095.4
     Messages:  created: 465166   present: 1182   in FES: 141
** Event #575488   t=67.072050262051   Elapsed: 24.072s (0m 24s)  13% completed  (6% total)
     Speed:     ev/sec=18646.9   simsec/sec=1.98544   ev/simsec=9391.82
     Messages:  created: 495493   present: 1214   in FES: 154
** Event #603136   t=69.589216315346   Elapsed: 26.08s (0m 26s)  13% completed  (6% total)
     Speed:     ev/sec=13769   simsec/sec=1.25357   ev/simsec=10983.8
     Messages:  created: 516922   present: 1116   in FES: 122
** Event #632576   t=73.012698185222   Elapsed: 28.0855s (0m 28s)  14% completed  (7% total)
     Speed:     ev/sec=14679.4   simsec/sec=1.70703   ev/simsec=8599.43
     Messages:  created: 540726   present: 1175   in FES: 142
** Event #669184   t=76.388151339632   Elapsed: 30.0978s (0m 30s)  15% completed  (7% total)
     Speed:     ev/sec=18192.6   simsec/sec=1.67745   ev/simsec=10845.4
     Messages:  created: 570758   present: 1203   in FES: 154
** Event #711936   t=82.029406010463   Elapsed: 32.1048s (0m 32s)  16% completed  (8% total)
     Speed:     ev/sec=21301.3   simsec/sec=2.81077   ev/simsec=7578.46
     Messages:  created: 608550   present: 1201   in FES: 150
** Event #774144   t=90.057045907638   Elapsed: 34.1102s (0m 34s)  18% completed  (9% total)
     Speed:     ev/sec=31020.7   simsec/sec=4.00307   ev/simsec=7749.23
     Messages:  created: 666468   present: 1195   in FES: 146
** Event #837376   t=98.097588361154   Elapsed: 36.1138s (0m 36s)  19% completed  (9% total)
     Speed:     ev/sec=31558.5   simsec/sec=4.01296   ev/simsec=7864.15
     Messages:  created: 725402   present: 1193   in FES: 144
** Event #903936   t=100.538104507784   Elapsed: 38.1189s (0m 38s)  20% completed  (10% total)
     Speed:     ev/sec=33195.4   simsec/sec=1.21715   ev/simsec=27272.9
     Messages:  created: 809204   present: 1250   in FES: 144
** Event #973056   t=100.908070648547   Elapsed: 40.1191s (0m 40s)  20% completed  (10% total)
     Speed:     ev/sec=34556   simsec/sec=0.184962   ev/simsec=186828
     Messages:  created: 904527   present: 1324   in FES: 166
** Event #1036544   t=102.403079313908   Elapsed: 42.1275s (0m 42s)  20% completed  (10% total)
     Speed:     ev/sec=31612.5   simsec/sec=0.744408   ev/simsec=42466.6
     Messages:  created: 983422   present: 1371   in FES: 166
** Event #1088000   t=105.134620348312   Elapsed: 44.1338s (0m 44s)  21% completed  (10% total)
     Speed:     ev/sec=25646.3   simsec/sec=1.36143   ev/simsec=18837.7
     Messages:  created: 1038519   present: 1585   in FES: 151
** Event #1126912   t=107.428557983026   Elapsed: 46.1432s (0m 46s)  21% completed  (10% total)
     Speed:     ev/sec=19365.1   simsec/sec=1.14161   ev/simsec=16963
     Messages:  created: 1078534   present: 1765   in FES: 154
** Event #1175296   t=110.324415760966   Elapsed: 48.1492s (0m 48s)  22% completed  (11% total)
     Speed:     ev/sec=24119.6   simsec/sec=1.44359   ev/simsec=16708
     Messages:  created: 1128489   present: 1992   in FES: 148
** Event #1221888   t=113.09962911378   Elapsed: 50.1523s (0m 50s)  22% completed  (11% total)
     Speed:     ev/sec=23260.3   simsec/sec=1.38548   ev/simsec=16788.6
     Messages:  created: 1176324   present: 2210   in FES: 143
** Event #1266944   t=116.019964147797   Elapsed: 52.1557s (0m 52s)  23% completed  (11% total)
     Speed:     ev/sec=22489.5   simsec/sec=1.45767   ev/simsec=15428.4
     Messages:  created: 1223552   present: 2414   in FES: 133
** Event #1320192   t=119.316148749414   Elapsed: 54.1622s (0m 54s)  23% completed  (11% total)
     Speed:     ev/sec=26538.2   simsec/sec=1.64278   ev/simsec=16154.4
     Messages:  created: 1281401   present: 2686   in FES: 138
** Event #1379584   t=123.33197434122   Elapsed: 56.167s (0m 56s)  24% completed  (12% total)
     Speed:     ev/sec=29625.4   simsec/sec=2.00314   ev/simsec=14789.5
     Messages:  created: 1347531   present: 3046   in FES: 152
** Event #1440512   t=126.681575513088   Elapsed: 58.1729s (0m 58s)  25% completed  (12% total)
     Speed:     ev/sec=30373.2   simsec/sec=1.66981   ev/simsec=18189.6
     Messages:  created: 1418412   present: 3336   in FES: 165
** Event #1512448   t=127.388230802927   Elapsed: 60.1766s (1m 00s)  25% completed  (12% total)
     Speed:     ev/sec=35902.5   simsec/sec=0.352684   ev/simsec=101798
     Messages:  created: 1514504   present: 3379   in FES: 151
** Event #1568256   t=134.331994463804   Elapsed: 62.1842s (1m 02s)  26% completed  (13% total)
     Speed:     ev/sec=27797.8   simsec/sec=3.45867   ev/simsec=8037.14
     Messages:  created: 1564390   present: 4194   in FES: 149
** Event #1608704   t=139.012697144706   Elapsed: 64.1923s (1m 04s)  27% completed  (13% total)
     Speed:     ev/sec=20142.3   simsec/sec=2.33089   ev/simsec=8641.44
     Messages:  created: 1597161   present: 4747   in FES: 147
** Event #1651200   t=143.09629476885   Elapsed: 66.1962s (1m 06s)  28% completed  (14% total)
     Speed:     ev/sec=21206.6   simsec/sec=2.03782   ev/simsec=10406.5
     Messages:  created: 1632050   present: 5255   in FES: 150
** Event #1701376   t=149.360151980538   Elapsed: 68.2063s (1m 08s)  29% completed  (14% total)
     Speed:     ev/sec=24962.5   simsec/sec=3.11626   ev/simsec=8010.4
     Messages:  created: 1677152   present: 5989   in FES: 146
** Event #1753344   t=156.097367028491   Elapsed: 70.2081s (1m 10s)  31% completed  (15% total)
     Speed:     ev/sec=25961   simsec/sec=3.36563   ev/simsec=7713.57
     Messages:  created: 1724379   present: 6822   in FES: 154
** Event #1811968   t=164.014254823091   Elapsed: 72.2143s (1m 12s)  32% completed  (16% total)
     Speed:     ev/sec=29220.4   simsec/sec=3.94607   ev/simsec=7404.93
     Messages:  created: 1777387   present: 7724   in FES: 138
** Event #1872128   t=171.35786499369   Elapsed: 74.2196s (1m 14s)  34% completed  (17% total)
     Speed:     ev/sec=30000.7   simsec/sec=3.66213   ev/simsec=8192.16
     Messages:  created: 1832305   present: 8636   in FES: 154
** Event #1932800   t=179.141788326695   Elapsed: 76.229s (1m 16s)  35% completed  (17% total)
     Speed:     ev/sec=30194.5   simsec/sec=3.87381   ev/simsec=7794.53
     Messages:  created: 1887447   present: 9574   in FES: 150
** Event #1992960   t=187.067477656749   Elapsed: 78.235s (1m 18s)  37% completed  (18% total)
     Speed:     ev/sec=29990.7   simsec/sec=3.95108   ev/simsec=7590.51
     Messages:  created: 1942018   present: 10546   in FES: 153
** Event #2050560   t=194.182740881089   Elapsed: 80.2462s (1m 20s)  38% completed  (19% total)
     Speed:     ev/sec=28638.3   simsec/sec=3.53766   ev/simsec=8095.27
     Messages:  created: 1993927   present: 11322   in FES: 132
** Event #2095104   t=199.206062922967   Elapsed: 82.468s (1m 22s)  39% completed  (19% total)
     Speed:     ev/sec=20048.7   simsec/sec=2.26093   ev/simsec=8867.44
     Messages:  created: 2031577   present: 11968   in FES: 154
** Event #2134272   t=203.120831316523   Elapsed: 84.4767s (1m 24s)  40% completed  (20% total)
     Speed:     ev/sec=19499   simsec/sec=1.94889   ev/simsec=10005.2
     Messages:  created: 2062810   present: 12379   in FES: 126
** Event #2158848   t=205.182758671623   Elapsed: 86.4823s (1m 26s)  41% completed  (20% total)
     Speed:     ev/sec=12253.8   simsec/sec=1.0281   ev/simsec=11918.9
     Messages:  created: 2080753   present: 12688   in FES: 148
** Event #2182656   t=207.092383976874   Elapsed: 88.5124s (1m 28s)  41% completed  (20% total)
     Speed:     ev/sec=11727.4   simsec/sec=0.940649   ev/simsec=12467.4
     Messages:  created: 2097666   present: 12946   in FES: 153
** Event #2204416   t=209.035808492195   Elapsed: 90.5379s (1m 30s)  41% completed  (20% total)
     Speed:     ev/sec=10743.3   simsec/sec=0.959505   ev/simsec=11196.7
     Messages:  created: 2112804   present: 13169   in FES: 150
** Event #2226688   t=210.360199979238   Elapsed: 92.5527s (1m 32s)  42% completed  (21% total)
     Speed:     ev/sec=11054.4   simsec/sec=0.657343   ev/simsec=16816.8
     Messages:  created: 2128504   present: 13306   in FES: 145
** Event #2250752   t=212.242493742258   Elapsed: 94.5715s (1m 34s)  42% completed  (21% total)
     Speed:     ev/sec=11919.8   simsec/sec=0.932367   ev/simsec=12784.4
     Messages:  created: 2145319   present: 13534   in FES: 148
** Event #2269184   t=214.017999456251   Elapsed: 96.5739s (1m 36s)  42% completed  (21% total)
     Speed:     ev/sec=9204.93   simsec/sec=0.886686   ev/simsec=10381.3
     Messages:  created: 2158079   present: 13730   in FES: 140
** Event #2291200   t=215.358499087393   Elapsed: 98.5889s (1m 38s)  43% completed  (21% total)
     Speed:     ev/sec=10926.3   simsec/sec=0.665273   ev/simsec=16423.7
     Messages:  created: 2173934   present: 13838   in FES: 124
** Event #2315520   t=217.289596318108   Elapsed: 100.623s (1m 40s)  43% completed  (21% total)
     Speed:     ev/sec=11953.6   simsec/sec=0.949157   ev/simsec=12593.9
     Messages:  created: 2191186   present: 14111   in FES: 136
** Event #2337024   t=219.067529868148   Elapsed: 102.632s (1m 42s)  43% completed  (21% total)
     Speed:     ev/sec=10704.2   simsec/sec=0.885013   ev/simsec=12094.9
     Messages:  created: 2206190   present: 14375   in FES: 150
** Event #2356480   t=220.332031793584   Elapsed: 104.642s (1m 44s)  44% completed  (22% total)
     Speed:     ev/sec=9681.55   simsec/sec=0.629232   ev/simsec=15386.3
     Messages:  created: 2219764   present: 14457   in FES: 130
** Event #2372352   t=221.485127577123   Elapsed: 106.646s (1m 46s)  44% completed  (22% total)
     Speed:     ev/sec=7918.08   simsec/sec=0.575246   ev/simsec=13764.7
     Messages:  created: 2230790   present: 14659   in FES: 154
** Event #2395136   t=223.206061491277   Elapsed: 108.657s (1m 48s)  44% completed  (22% total)
     Speed:     ev/sec=11331.2   simsec/sec=0.855876   ev/simsec=13239.3
     Messages:  created: 2246496   present: 14839   in FES: 154
** Event #2413056   t=224.426879486981   Elapsed: 110.703s (1m 50s)  44% completed  (22% total)
     Speed:     ev/sec=8759.59   simsec/sec=0.596756   ev/simsec=14678.7
     Messages:  created: 2259119   present: 14986   in FES: 153
** Event #2435840   t=226.099629149104   Elapsed: 112.706s (1m 52s)  45% completed  (22% total)
     Speed:     ev/sec=11375.5   simsec/sec=0.835164   ev/simsec=13620.7
     Messages:  created: 2274785   present: 15183   in FES: 151
** Event #2452992   t=227.357993082147   Elapsed: 114.711s (1m 54s)  45% completed  (22% total)
     Speed:     ev/sec=8554.4   simsec/sec=0.627597   ev/simsec=13630.4
     Messages:  created: 2286563   present: 15335   in FES: 149
** Event #2471424   t=229.035614538055   Elapsed: 116.718s (1m 56s)  45% completed  (22% total)
     Speed:     ev/sec=9185.34   simsec/sec=0.836021   ev/simsec=10987
     Messages:  created: 2299132   present: 15561   in FES: 154
** Event #2493696   t=230.32430999775   Elapsed: 118.746s (1m 58s)  46% completed  (23% total)
     Speed:     ev/sec=10979.9   simsec/sec=0.635316   ev/simsec=17282.6
     Messages:  created: 2314571   present: 15708   in FES: 154
** Event #2512384   t=232.029743111877   Elapsed: 120.751s (2m 00s)  46% completed  (23% total)
     Speed:     ev/sec=9321.15   simsec/sec=0.850631   ev/simsec=10957.9
     Messages:  created: 2327251   present: 15879   in FES: 135
** Event #2533632   t=233.245284812913   Elapsed: 122.771s (2m 02s)  46% completed  (23% total)
     Speed:     ev/sec=10519.5   simsec/sec=0.601792   ev/simsec=17480.3
     Messages:  created: 2342031   present: 16062   in FES: 150
** Event #2551040   t=234.459625575942   Elapsed: 124.799s (2m 04s)  46% completed  (23% total)
     Speed:     ev/sec=8584.11   simsec/sec=0.598807   ev/simsec=14335.4
     Messages:  created: 2353987   present: 16190   in FES: 144
** Event #2574336   t=236.182791810668   Elapsed: 126.836s (2m 06s)  47% completed  (23% total)
     Speed:     ev/sec=11434.8   simsec/sec=0.845813   ev/simsec=13519.3
     Messages:  created: 2369975   present: 16348   in FES: 128
** Event #2592512   t=237.48525714768   Elapsed: 128.884s (2m 08s)  47% completed  (23% total)
     Speed:     ev/sec=8872.86   simsec/sec=0.635816   ev/simsec=13955.1
     Messages:  created: 2382616   present: 16539   in FES: 140
** Event #2616576   t=239.308037169503   Elapsed: 130.919s (2m 10s)  47% completed  (23% total)
     Speed:     ev/sec=11825.3   simsec/sec=0.895734   ev/simsec=13201.8
     Messages:  created: 2399176   present: 16802   in FES: 153
** Event #2632704   t=240.40311236722   Elapsed: 132.925s (2m 12s)  48% completed  (24% total)
     Speed:     ev/sec=8042.92   simsec/sec=0.546106   ev/simsec=14727.8
     Messages:  created: 2410231   present: 16858   in FES: 128
** Event #2655488   t=242.0995740112   Elapsed: 134.932s (2m 14s)  48% completed  (24% total)
     Speed:     ev/sec=11349   simsec/sec=0.845031   ev/simsec=13430.3
     Messages:  created: 2425950   present: 17129   in FES: 154
** Event #2672640   t=243.3320313054   Elapsed: 136.958s (2m 16s)  48% completed  (24% total)
     Speed:     ev/sec=8464.96   simsec/sec=0.60825   ev/simsec=13916.9
     Messages:  created: 2437670   present: 17208   in FES: 127
** Event #2694912   t=245.082928804329   Elapsed: 138.976s (2m 18s)  49% completed  (24% total)
     Speed:     ev/sec=11039.2   simsec/sec=0.867836   ev/simsec=12720.3
     Messages:  created: 2452914   present: 17418   in FES: 127
** Event #2713600   t=246.324440046733   Elapsed: 140.985s (2m 20s)  49% completed  (24% total)
     Speed:     ev/sec=9302.93   simsec/sec=0.618027   ev/simsec=15052.6
     Messages:  created: 2465858   present: 17607   in FES: 140
** Event #2731264   t=248.017999131286   Elapsed: 142.986s (2m 22s)  49% completed  (24% total)
     Speed:     ev/sec=8828.5   simsec/sec=0.846444   ev/simsec=10430.1
     Messages:  created: 2477861   present: 17804   in FES: 138
** Event #2753024   t=249.206192025607   Elapsed: 144.999s (2m 24s)  49% completed  (24% total)
     Speed:     ev/sec=10805.8   simsec/sec=0.590045   ev/simsec=18313.5
     Messages:  created: 2492977   present: 17943   in FES: 139
** Event #2769920   t=250.403111632507   Elapsed: 147.043s (2m 27s)  50% completed  (25% total)
     Speed:     ev/sec=8267.6   simsec/sec=0.58568   ev/simsec=14116.2
     Messages:  created: 2504713   present: 18085   in FES: 137
** Event #2791168   t=252.088873193096   Elapsed: 149.048s (2m 29s)  50% completed  (25% total)
     Speed:     ev/sec=10595.9   simsec/sec=0.840651   ev/simsec=12604.4
     Messages:  created: 2519287   present: 18330   in FES: 164
** Event #2809600   t=253.32444015633   Elapsed: 151.09s (2m 31s)  50% completed  (25% total)
     Speed:     ev/sec=9029.28   simsec/sec=0.605267   ev/simsec=14917.8
     Messages:  created: 2531996   present: 18463   in FES: 152
** Event #2827520   t=255.027754374551   Elapsed: 153.116s (2m 33s)  51% completed  (25% total)
     Speed:     ev/sec=8843.15   simsec/sec=0.84055   ev/simsec=10520.7
     Messages:  created: 2544157   present: 18650   in FES: 140
** Event #2849536   t=256.245285397842   Elapsed: 155.152s (2m 35s)  51% completed  (25% total)
     Speed:     ev/sec=10811.5   simsec/sec=0.5979   ev/simsec=18082.5
     Messages:  created: 2559441   present: 18774   in FES: 134
** Event #2870016   t=258.040959986736   Elapsed: 157.156s (2m 37s)  51% completed  (25% total)
     Speed:     ev/sec=10221.5   simsec/sec=0.896219   ev/simsec=11405.2
     Messages:  created: 2573426   present: 19053   in FES: 152
** Event #2891520   t=259.308038505631   Elapsed: 159.181s (2m 39s)  51% completed  (25% total)
     Speed:     ev/sec=10622   simsec/sec=0.625879   ev/simsec=16971.3
     Messages:  created: 2588292   present: 19133   in FES: 130
** Event #2909184   t=261.009727249779   Elapsed: 161.181s (2m 41s)  52% completed  (26% total)
     Speed:     ev/sec=8831.44   simsec/sec=0.850791   ev/simsec=10380.3
     Messages:  created: 2600288   present: 19339   in FES: 132
** Event #2931968   t=262.245284836626   Elapsed: 163.208s (2m 43s)  52% completed  (26% total)
     Speed:     ev/sec=11240.5   simsec/sec=0.609565   ev/simsec=18440.3
     Messages:  created: 2616147   present: 19539   in FES: 149
** Event #2949888   t=263.485257631362   Elapsed: 165.222s (2m 45s)  52% completed  (26% total)
     Speed:     ev/sec=8897.08   simsec/sec=0.615633   ev/simsec=14451.9
     Messages:  created: 2628438   present: 19634   in FES: 131
** Event #2972672   t=265.206061491277   Elapsed: 167.262s (2m 47s)  53% completed  (26% total)
     Speed:     ev/sec=11165.3   simsec/sec=0.843278   ev/simsec=13240.3
     Messages:  created: 2644090   present: 19816   in FES: 123
** Event #2989568   t=266.402214785373   Elapsed: 169.27s (2m 49s)  53% completed  (26% total)
     Speed:     ev/sec=8415.84   simsec/sec=0.5958   ev/simsec=14125.3
     Messages:  created: 2655789   present: 20017   in FES: 141
** Event #3011328   t=268.092383945555   Elapsed: 171.302s (2m 51s)  53% completed  (26% total)
     Speed:     ev/sec=10706.5   simsec/sec=0.831606   ev/simsec=12874.5
     Messages:  created: 2670908   present: 20269   in FES: 154
** Event #3030272   t=269.428687698516   Elapsed: 173.346s (2m 53s)  53% completed  (26% total)
     Speed:     ev/sec=9271.14   simsec/sec=0.653983   ev/simsec=14176.4
     Messages:  created: 2684126   present: 20362   in FES: 135
** Event #3053312   t=271.30802667915   Elapsed: 175.362s (2m 55s)  54% completed  (27% total)
     Speed:     ev/sec=11428.7   simsec/sec=0.932222   ev/simsec=12259.6
     Messages:  created: 2700468   present: 20594   in FES: 137
** Event #3074816   t=273.092196612083   Elapsed: 177.376s (2m 57s)  54% completed  (27% total)
     Speed:     ev/sec=10676.8   simsec/sec=0.885844   ev/simsec=12052.7
     Messages:  created: 2715991   present: 20838   in FES: 154
** Event #3098624   t=275.099628164557   Elapsed: 179.383s (2m 59s)  55% completed  (27% total)
     Speed:     ev/sec=11862.6   simsec/sec=1.00022   ev/simsec=11859.9
     Messages:  created: 2733773   present: 21058   in FES: 136
** Event #3122688   t=277.402206764977   Elapsed: 181.404s (3m 01s)  55% completed  (27% total)
     Speed:     ev/sec=11905.6   simsec/sec=1.1392   ev/simsec=10450.9
     Messages:  created: 2752539   present: 21323   in FES: 137
** Event #3151360   t=280.359114320253   Elapsed: 183.421s (3m 03s)  56% completed  (28% total)
     Speed:     ev/sec=14217.7   simsec/sec=1.46625   ev/simsec=9696.62
     Messages:  created: 2775678   present: 21719   in FES: 150
** Event #3188480   t=284.269391478505   Elapsed: 185.433s (3m 05s)  56% completed  (28% total)
     Speed:     ev/sec=18445.3   simsec/sec=1.94306   ev/simsec=9492.93
     Messages:  created: 2805809   present: 22107   in FES: 123
** Event #3228416   t=288.402186814267   Elapsed: 187.442s (3m 07s)  57% completed  (28% total)
     Speed:     ev/sec=19880.9   simsec/sec=2.05738   ev/simsec=9663.19
     Messages:  created: 2838335   present: 22661   in FES: 143
** Event #3270656   t=293.060067335386   Elapsed: 189.444s (3m 09s)  58% completed  (29% total)
     Speed:     ev/sec=21100.8   simsec/sec=2.32683   ev/simsec=9068.5
     Messages:  created: 2872499   present: 23246   in FES: 148
** Event #3311104   t=297.096294824491   Elapsed: 191.448s (3m 11s)  59% completed  (29% total)
     Speed:     ev/sec=20178.8   simsec/sec=2.0136   ev/simsec=10021.2
     Messages:  created: 2905572   present: 23723   in FES: 146
** Event #3351808   t=301.316167422437   Elapsed: 193.473s (3m 13s)  60% completed  (30% total)
     Speed:     ev/sec=20103.8   simsec/sec=2.0842   ev/simsec=9645.79
     Messages:  created: 2938642   present: 24197   in FES: 136
** Event #3393792   t=306.035136133086   Elapsed: 195.476s (3m 15s)  61% completed  (30% total)
     Speed:     ev/sec=20956.6   simsec/sec=2.3555   ev/simsec=8896.86
     Messages:  created: 2972632   present: 24798   in FES: 147
** Event #3435008   t=310.092198816795   Elapsed: 197.484s (3m 17s)  62% completed  (31% total)
     Speed:     ev/sec=20528.7   simsec/sec=2.02072   ev/simsec=10159.1
     Messages:  created: 3006395   present: 25284   in FES: 154
** Event #3478528   t=315.468029421474   Elapsed: 199.488s (3m 19s)  63% completed  (31% total)
     Speed:     ev/sec=21711.2   simsec/sec=2.68189   ev/simsec=8095.49
     Messages:  created: 3045475   present: 25915   in FES: 145
** Event #3523072   t=320.289559496041   Elapsed: 201.496s (3m 21s)  64% completed  (32% total)
     Speed:     ev/sec=22186.4   simsec/sec=2.4015   ev/simsec=9238.56
     Messages:  created: 3082086   present: 26499   in FES: 146
** Event #3553792   t=323.096242227116   Elapsed: 203.499s (3m 23s)  64% completed  (32% total)
     Speed:     ev/sec=15335.5   simsec/sec=1.4011   ev/simsec=10945.3
     Messages:  created: 3105460   present: 26859   in FES: 154
** Event #3577600   t=325.075426647735   Elapsed: 205.512s (3m 25s)  65% completed  (32% total)
     Speed:     ev/sec=11830   simsec/sec=0.983436   ev/simsec=12029.2
     Messages:  created: 3122348   present: 27012   in FES: 123
** Event #3596544   t=326.332030366427   Elapsed: 207.537s (3m 27s)  65% completed  (32% total)
     Speed:     ev/sec=9356.24   simsec/sec=0.620623   ev/simsec=15075.6
     Messages:  created: 3135542   present: 27243   in FES: 152
** Event #3615232   t=328.035164942886   Elapsed: 209.54s (3m 29s)  65% completed  (32% total)
     Speed:     ev/sec=9329.59   simsec/sec=0.850254   ev/simsec=10972.7
     Messages:  created: 3148206   present: 27386   in FES: 129
** Event #3637248   t=329.314181719814   Elapsed: 211.561s (3m 31s)  65% completed  (32% total)
     Speed:     ev/sec=10894.6   simsec/sec=0.63292   ev/simsec=17213.2
     Messages:  created: 3163479   present: 27553   in FES: 135
** Event #3659264   t=331.067529810303   Elapsed: 213.571s (3m 33s)  66% completed  (33% total)
     Speed:     ev/sec=10952.1   simsec/sec=0.872223   ev/simsec=12556.5
     Messages:  created: 3178552   present: 27802   in FES: 145
** Event #3678720   t=332.316195118335   Elapsed: 215.602s (3m 35s)  66% completed  (33% total)
     Speed:     ev/sec=9579.56   simsec/sec=0.614806   ev/simsec=15581.4
     Messages:  created: 3192000   present: 27919   in FES: 136
** Event #3697920   t=334.035568439131   Elapsed: 217.624s (3m 37s)  66% completed  (33% total)
     Speed:     ev/sec=9495.23   simsec/sec=0.850305   ev/simsec=11166.9
     Messages:  created: 3205082   present: 28130   in FES: 137
** Event #3718656   t=335.242494152617   Elapsed: 219.639s (3m 39s)  67% completed  (33% total)
     Speed:     ev/sec=10291   simsec/sec=0.598983   ev/simsec=17180.8
     Messages:  created: 3219447   present: 28234   in FES: 128
** Event #3736320   t=336.467951621845   Elapsed: 221.663s (3m 41s)  67% completed  (33% total)
     Speed:     ev/sec=8726.32   simsec/sec=0.605397   ev/simsec=14414.2
     Messages:  created: 3231637   present: 28450   in FES: 154
** Event #3755776   t=338.068313611563   Elapsed: 223.665s (3m 43s)  67% completed  (33% total)
     Speed:     ev/sec=9717.35   simsec/sec=0.799305   ev/simsec=12157.2
     Messages:  created: 3244906   present: 28630   in FES: 141
** Event #3775488   t=339.332031688192   Elapsed: 225.703s (3m 45s)  67% completed  (33% total)
     Speed:     ev/sec=9672.91   simsec/sec=0.620121   ev/simsec=15598.4
     Messages:  created: 3258522   present: 28725   in FES: 126
** Event #3794432   t=341.048550738118   Elapsed: 227.707s (3m 47s)  68% completed  (34% total)
     Speed:     ev/sec=9453.83   simsec/sec=0.856613   ev/simsec=11036.3
     Messages:  created: 3271499   present: 29010   in FES: 154
** Event #3815424   t=342.314181747157   Elapsed: 229.74s (3m 49s)  68% completed  (34% total)
     Speed:     ev/sec=10326.4   simsec/sec=0.622589   ev/simsec=16586.2
     Messages:  created: 3286155   present: 29117   in FES: 137
** Event #3834368   t=344.048551597096   Elapsed: 231.744s (3m 51s)  68% completed  (34% total)
     Speed:     ev/sec=9451.96   simsec/sec=0.86535   ev/simsec=10922.7
     Messages:  created: 3299338   present: 29377   in FES: 154
** Event #3855360   t=345.467951216502   Elapsed: 233.771s (3m 53s)  69% completed  (34% total)
     Speed:     ev/sec=10358.4   simsec/sec=0.700396   ev/simsec=14789.4
     Messages:  created: 3314836   present: 29513   in FES: 154
** Event #3878912   t=347.366824160847   Elapsed: 235.775s (3m 55s)  69% completed  (34% total)
     Speed:     ev/sec=11751   simsec/sec=0.947419   ev/simsec=12403.1
     Messages:  created: 3332833   present: 29779   in FES: 158
** Event #3911680   t=349.316195331412   Elapsed: 237.796s (3m 57s)  69% completed  (34% total)
     Speed:     ev/sec=16210.9   simsec/sec=0.964389   ev/simsec=16809.5
     Messages:  created: 3364443   present: 29989   in FES: 160
** Event #3946240   t=352.027754151439   Elapsed: 239.809s (3m 59s)  70% completed  (35% total)
     Speed:     ev/sec=17169   simsec/sec=1.34707   ev/simsec=12745.4
     Messages:  created: 3398456   present: 30289   in FES: 139
** Event #3983872   t=356.009726156082   Elapsed: 241.813s (4m 01s)  71% completed  (35% total)
     Speed:     ev/sec=18779.1   simsec/sec=1.98708   ev/simsec=9450.59
     Messages:  created: 3429061   present: 30760   in FES: 139
** Event #4019456   t=359.314154011792   Elapsed: 243.825s (4m 03s)  71% completed  (35% total)
     Speed:     ev/sec=17686.3   simsec/sec=1.6424   ev/simsec=10768.6
     Messages:  created: 3458208   present: 31178   in FES: 144
** Event #4058624   t=363.359107373444   Elapsed: 245.829s (4m 05s)  72% completed  (36% total)
     Speed:     ev/sec=19545.7   simsec/sec=2.01852   ev/simsec=9683.18
     Messages:  created: 3490023   present: 31637   in FES: 136
** Event #4102400   t=368.206165769442   Elapsed: 247.84s (4m 07s)  73% completed  (36% total)
     Speed:     ev/sec=21766.7   simsec/sec=2.4101   ev/simsec=9031.46
     Messages:  created: 3526586   present: 32210   in FES: 134
** Event #4158208   t=375.249128888735   Elapsed: 249.85s (4m 09s)  75% completed  (37% total)
     Speed:     ev/sec=27769.6   simsec/sec=3.50451   ev/simsec=7923.94
     Messages:  created: 3577719   present: 33032   in FES: 129
** Event #4204800   t=380.097417554763   Elapsed: 251.851s (4m 11s)  76% completed  (38% total)
     Speed:     ev/sec=23282   simsec/sec=2.42269   ev/simsec=9609.99
     Messages:  created: 3618513   present: 33667   in FES: 140
** Event #4246016   t=384.36007210395   Elapsed: 253.869s (4m 13s)  76% completed  (38% total)
     Speed:     ev/sec=20425.6   simsec/sec=2.11246   ev/simsec=9669.09
     Messages:  created: 3652054   present: 34204   in FES: 154
** Event #4286976   t=389.029508263417   Elapsed: 255.876s (4m 15s)  77% completed  (38% total)
     Speed:     ev/sec=20404.3   simsec/sec=2.32609   ev/simsec=8771.94
     Messages:  created: 3685164   present: 34758   in FES: 154
** Event #4328448   t=393.088929266693   Elapsed: 258.078s (4m 18s)  78% completed  (39% total)
     Speed:     ev/sec=18834.1   simsec/sec=1.84354   ev/simsec=10216.2
     Messages:  created: 3718973   present: 35206   in FES: 135
** Event #4370432   t=397.35910714707   Elapsed: 260.087s (4m 20s)  79% completed  (39% total)
     Speed:     ev/sec=20904.8   simsec/sec=2.12622   ev/simsec=9831.91
     Messages:  created: 3753161   present: 35717   in FES: 136
** Event #4410112   t=401.519692938542   Elapsed: 262.091s (4m 22s)  80% completed  (40% total)
     Speed:     ev/sec=19794.4   simsec/sec=2.07551   ev/simsec=9537.12
     Messages:  created: 3785426   present: 36177   in FES: 123
** Event #4449792   t=405.308826393818   Elapsed: 264.1s (4m 24s)  81% completed  (40% total)
     Speed:     ev/sec=19752.5   simsec/sec=1.88622   ev/simsec=10472.1
     Messages:  created: 3819322   present: 36689   in FES: 176
** Event #4492800   t=406.5207313144   Elapsed: 266.107s (4m 26s)  81% completed  (40% total)
     Speed:     ev/sec=21427.4   simsec/sec=0.603795   ev/simsec=35487.9
     Messages:  created: 3868624   present: 36793   in FES: 154
** Event #4562944   t=407.117679662038   Elapsed: 268.115s (4m 28s)  81% completed  (40% total)
     Speed:     ev/sec=34943.3   simsec/sec=0.297379   ev/simsec=117504
     Messages:  created: 3961169   present: 36903   in FES: 161
** Event #4615424   t=407.277606424305   Elapsed: 270.121s (4m 30s)  81% completed  (40% total)
     Speed:     ev/sec=26157.1   simsec/sec=0.0797109   ev/simsec=328150
     Messages:  created: 4032273   present: 36894   in FES: 154
** Event #4672256   t=407.417437577374   Elapsed: 272.126s (4m 32s)  81% completed  (40% total)
     Speed:     ev/sec=28337.8   simsec/sec=0.0697231   ev/simsec=406433
     Messages:  created: 4109530   present: 36885   in FES: 156
** Event #4726528   t=408.123868261473   Elapsed: 274.136s (4m 34s)  81% completed  (40% total)
     Speed:     ev/sec=27000.6   simsec/sec=0.351454   ev/simsec=76825.7
     Messages:  created: 4178179   present: 36820   in FES: 127
** Event #4766720   t=409.314155773321   Elapsed: 276.139s (4m 36s)  81% completed  (40% total)
     Speed:     ev/sec=20070.5   simsec/sec=0.594388   ev/simsec=33766.6
     Messages:  created: 4224166   present: 36916   in FES: 133
** Event #4789760   t=411.314051579737   Elapsed: 278.148s (4m 38s)  82% completed  (41% total)
     Speed:     ev/sec=11469.8   simsec/sec=0.99559   ev/simsec=11520.6
     Messages:  created: 4241352   present: 37193   in FES: 154
** Event #4813312   t=413.120870828905   Elapsed: 280.148s (4m 40s)  82% completed  (41% total)
     Speed:     ev/sec=11774.3   simsec/sec=0.903275   ev/simsec=13035.1
     Messages:  created: 4258045   present: 37358   in FES: 130
** Event #4830976   t=414.398282389672   Elapsed: 282.168s (4m 42s)  82% completed  (41% total)
     Speed:     ev/sec=8744.56   simsec/sec=0.632382   ev/simsec=13828
     Messages:  created: 4270162   present: 37490   in FES: 122
** Event #4852736   t=416.088927971205   Elapsed: 284.19s (4m 44s)  83% completed  (41% total)
     Speed:     ev/sec=10763.9   simsec/sec=0.836299   ev/simsec=12870.8
     Messages:  created: 4285073   present: 37729   in FES: 133
** Event #4872192   t=417.388279344844   Elapsed: 286.231s (4m 46s)  83% completed  (41% total)
     Speed:     ev/sec=9532.18   simsec/sec=0.636598   ev/simsec=14973.6
     Messages:  created: 4298514   present: 37880   in FES: 133
** Event #4892672   t=419.06753048486   Elapsed: 288.239s (4m 48s)  83% completed  (41% total)
     Speed:     ev/sec=10197.3   simsec/sec=0.836123   ev/simsec=12195.9
     Messages:  created: 4312515   present: 38099   in FES: 135
** Event #4912128   t=420.324309796776   Elapsed: 290.258s (4m 50s)  84% completed  (42% total)
     Speed:     ev/sec=9635.26   simsec/sec=0.622399   ev/simsec=15480.8
     Messages:  created: 4326045   present: 38282   in FES: 154
** Event #4930048   t=422.027753726354   Elapsed: 292.266s (4m 52s)  84% completed  (42% total)
     Speed:     ev/sec=8925.62   simsec/sec=0.848454   ev/simsec=10519.9
     Messages:  created: 4338220   present: 38501   in FES: 154
** Event #4951808   t=423.242365090866   Elapsed: 294.28s (4m 54s)  84% completed  (42% total)
     Speed:     ev/sec=10803.9   simsec/sec=0.603059   ev/simsec=17915.2
     Messages:  created: 4353334   present: 38639   in FES: 154
** Event #4969984   t=425.018000223243   Elapsed: 296.283s (4m 56s)  85% completed  (42% total)
     Speed:     ev/sec=9072.63   simsec/sec=0.886316   ev/simsec=10236.3
     Messages:  created: 4365982   present: 38774   in FES: 125
** Event #4992256   t=427.017872101091   Elapsed: 298.293s (4m 58s)  85% completed  (42% total)
     Speed:     ev/sec=11082.4   simsec/sec=0.995123   ev/simsec=11136.7
     Messages:  created: 4382803   present: 39102   in FES: 154
** Event #5021440   t=429.13791487504   Elapsed: 300.302s (5m 00s)  85% completed  (42% total)
     Speed:     ev/sec=14528.3   simsec/sec=1.0554   ev/simsec=13765.8
     Messages:  created: 4404654   present: 39347   in FES: 152
** Event #5048320   t=431.428688738718   Elapsed: 302.322s (5m 02s)  86% completed  (43% total)
     Speed:     ev/sec=13306.1   simsec/sec=1.13398   ev/simsec=11734
     Messages:  created: 4424611   present: 39563   in FES: 133
** Event #5076736   t=434.332023166739   Elapsed: 304.325s (5m 04s)  86% completed  (43% total)
     Speed:     ev/sec=14184.4   simsec/sec=1.44925   ev/simsec=9787.37
     Messages:  created: 4447321   present: 39945   in FES: 143
** Event #5111040   t=438.06465475364   Elapsed: 306.331s (5m 06s)  87% completed  (43% total)
     Speed:     ev/sec=17102.1   simsec/sec=1.86089   ev/simsec=9190.3
     Messages:  created: 4474890   present: 40433   in FES: 152
** Event #5151232   t=442.091893135185   Elapsed: 308.345s (5m 08s)  88% completed  (44% total)
     Speed:     ev/sec=19959.5   simsec/sec=1.99994   ev/simsec=9980.04
     Messages:  created: 4507463   present: 40866   in FES: 138
** Event #5191424   t=446.13789104388   Elapsed: 310.361s (5m 10s)  89% completed  (44% total)
     Speed:     ev/sec=19935.1   simsec/sec=2.00681   ev/simsec=9933.77
     Messages:  created: 4539892   present: 41369   in FES: 146
** Event #5232640   t=449.509446039541   Elapsed: 312.365s (5m 12s)  89% completed  (44% total)
     Speed:     ev/sec=20565.9   simsec/sec=1.68233   ev/simsec=12224.6
     Messages:  created: 4577173   present: 41682   in FES: 123
** Event #5287424   t=451.018586530368   Elapsed: 314.371s (5m 14s)  90% completed  (45% total)
     Speed:     ev/sec=27314   simsec/sec=0.752421   ev/simsec=36301.5
     Messages:  created: 4644121   present: 41838   in FES: 154
** Event #5331968   t=452.092254957261   Elapsed: 316.374s (5m 16s)  90% completed  (45% total)
     Speed:     ev/sec=22232.9   simsec/sec=0.535891   ev/simsec=41487.7
     Messages:  created: 4694526   present: 41806   in FES: 127
** Event #5378304   t=453.314152012284   Elapsed: 318.375s (5m 18s)  90% completed  (45% total)
     Speed:     ev/sec=23157.1   simsec/sec=0.61066   ev/simsec=37921.4
     Messages:  created: 4747717   present: 41882   in FES: 133
** Event #5419008   t=454.438157672286   Elapsed: 320.386s (5m 20s)  90% completed  (45% total)
     Speed:     ev/sec=20242   simsec/sec=0.558966   ev/simsec=36213.3
     Messages:  created: 4793781   present: 41959   in FES: 175
** Event #5461760   t=455.637439256688   Elapsed: 322.394s (5m 22s)  91% completed  (45% total)
     Speed:     ev/sec=21288.5   simsec/sec=0.597187   ev/simsec=35648
     Messages:  created: 4843320   present: 41975   in FES: 155
** Event #5510144   t=457.053663058703   Elapsed: 324.401s (5m 24s)  91% completed  (45% total)
     Speed:     ev/sec=24110.2   simsec/sec=0.705717   ev/simsec=34164.1
     Messages:  created: 4899334   present: 42062   in FES: 154
** Event #5548544   t=458.067501902716   Elapsed: 326.406s (5m 26s)  91% completed  (45% total)
     Speed:     ev/sec=19155.9   simsec/sec=0.505756   ev/simsec=37875.8
     Messages:  created: 4942679   present: 42121   in FES: 146
** Event #5588736   t=459.213334578008   Elapsed: 328.427s (5m 28s)  91% completed  (45% total)
     Speed:     ev/sec=19882.7   simsec/sec=0.566834   ev/simsec=35076.7
     Messages:  created: 4987252   present: 42077   in FES: 156
** Event #5629184   t=460.349340350057   Elapsed: 330.451s (5m 30s)  92% completed  (46% total)
     Speed:     ev/sec=19986.7   simsec/sec=0.561338   ev/simsec=35605.5
     Messages:  created: 5033169   present: 42180   in FES: 154
** Event #5670912   t=461.52074845065   Elapsed: 332.457s (5m 32s)  92% completed  (46% total)
     Speed:     ev/sec=20804.8   simsec/sec=0.584043   ev/simsec=35622.1
     Messages:  created: 5080626   present: 42244   in FES: 145
** Event #5715968   t=462.712921108292   Elapsed: 334.462s (5m 34s)  92% completed  (46% total)
     Speed:     ev/sec=22464.3   simsec/sec=0.594402   ev/simsec=37793.2
     Messages:  created: 5133431   present: 42228   in FES: 156
** Event #5753856   t=463.462919888125   Elapsed: 336.475s (5m 36s)  92% completed  (46% total)
     Speed:     ev/sec=18823   simsec/sec=0.372604   ev/simsec=50517.4
     Messages:  created: 5177217   present: 42269   in FES: 155
** Event #5800448   t=464.31062084386   Elapsed: 338.481s (5m 38s)  92% completed  (46% total)
     Speed:     ev/sec=23224.6   simsec/sec=0.422552   ev/simsec=54962.8
     Messages:  created: 5233257   present: 42299   in FES: 175
** Event #5844736   t=465.1345863611   Elapsed: 340.486s (5m 40s)  93% completed  (46% total)
     Speed:     ev/sec=22092.3   simsec/sec=0.41102   ev/simsec=53749.8
     Messages:  created: 5285411   present: 42288   in FES: 183
** Event #5886208   t=465.88467039751   Elapsed: 342.491s (5m 42s)  93% completed  (46% total)
     Speed:     ev/sec=20680   simsec/sec=0.374029   ev/simsec=55289.8
     Messages:  created: 5336773   present: 42291   in FES: 155
** Event #5922048   t=466.363258982567   Elapsed: 344.51s (5m 44s)  93% completed  (46% total)
     Speed:     ev/sec=17758.3   simsec/sec=0.237135   ev/simsec=74886.9
     Messages:  created: 5377210   present: 42314   in FES: 172
** Event #5973760   t=467.122862944164   Elapsed: 346.521s (5m 46s)  93% completed  (46% total)
     Speed:     ev/sec=25707.5   simsec/sec=0.377621   ev/simsec=68077.6
     Messages:  created: 5439433   present: 42328   in FES: 154
** Event #6020096   t=467.72681027514   Elapsed: 348.526s (5m 48s)  93% completed  (46% total)
     Speed:     ev/sec=23114.2   simsec/sec=0.301272   ev/simsec=76721.9
     Messages:  created: 5495563   present: 42309   in FES: 156
** Event #6070016   t=468.308374884169   Elapsed: 350.545s (5m 50s)  93% completed  (46% total)
     Speed:     ev/sec=24725.3   simsec/sec=0.288049   ev/simsec=85837.4
     Messages:  created: 5554625   present: 42245   in FES: 145
** Event #6114048   t=468.867190672635   Elapsed: 352.545s (5m 52s)  93% completed  (46% total)
     Speed:     ev/sec=22013.3   simsec/sec=0.279374   ev/simsec=78795.2
     Messages:  created: 5608911   present: 42238   in FES: 140
** Event #6158336   t=469.518521467103   Elapsed: 354.546s (5m 54s)  93% completed  (46% total)
     Speed:     ev/sec=22137   simsec/sec=0.325562   ev/simsec=67996.2
     Messages:  created: 5660200   present: 42262   in FES: 149
** Event #6197760   t=471.339170436558   Elapsed: 356.558s (5m 56s)  94% completed  (47% total)
     Speed:     ev/sec=19587.6   simsec/sec=0.904581   ev/simsec=21653.8
     Messages:  created: 5701396   present: 42438   in FES: 123
** Event #6239232   t=473.4595773747   Elapsed: 358.565s (5m 58s)  94% completed  (47% total)
     Speed:     ev/sec=20671.3   simsec/sec=1.0569   ev/simsec=19558.5
     Messages:  created: 5745620   present: 42799   in FES: 173
** Event #6270720   t=477.05371705036   Elapsed: 360.569s (6m 00s)  95% completed  (47% total)
     Speed:     ev/sec=15709.5   simsec/sec=1.79313   ev/simsec=8760.93
     Messages:  created: 5770992   present: 14948   in FES: 148
** Event #6302976   t=480.137815209234   Elapsed: 362.573s (6m 02s)  96% completed  (48% total)
     Speed:     ev/sec=16092.5   simsec/sec=1.53866   ev/simsec=10458.8
     Messages:  created: 5797427   present: 15331   in FES: 154
** Event #6339328   t=484.088929531215   Elapsed: 364.577s (6m 04s)  96% completed  (48% total)
     Speed:     ev/sec=18145.4   simsec/sec=1.97223   ev/simsec=9200.44
     Messages:  created: 5827066   present: 15773   in FES: 142
** Event #6381312   t=489.088873043949   Elapsed: 366.586s (6m 06s)  97% completed  (48% total)
     Speed:     ev/sec=20895.4   simsec/sec=2.48847   ev/simsec=8396.89
     Messages:  created: 5863626   present: 16382   in FES: 155
** Event #6437120   t=492.849572427422   Elapsed: 368.587s (6m 08s)  98% completed  (49% total)
     Speed:     ev/sec=27897.5   simsec/sec=1.87991   ev/simsec=14839.8
     Messages:  created: 5926636   present: 16742   in FES: 163
** Event #6495232   t=496.053719141485   Elapsed: 370.588s (6m 10s)  99% completed  (49% total)
     Speed:     ev/sec=29032.3   simsec/sec=1.60076   ev/simsec=18136.5
     Messages:  created: 5994294   present: 17012   in FES: 141
** Event #6553856   t=499.426748981738   Elapsed: 372.596s (6m 12s)  99% completed  (49% total)
     Speed:     ev/sec=29196.9   simsec/sec=1.6799   ev/simsec=17380.2
     Messages:  created: 6061136   present: 17298   in FES: 161
** Event #6558984   t=500   Elapsed: 372.762s (6m 12s)  100% completed  (50% total)
     Speed:     ev/sec=30823.5   simsec/sec=3.42349   ev/simsec=9003.53
     Messages:  created: 6067370   present: 17283   in FES: 132

<!> Simulation time limit reached -- at t=500s, event #6558984
undisposed object: (omnetpp::cMessage) FanetSarNetwork.groundStation.app.debugTimer -- check module destructor
undisposed object: (omnetpp::cMessage) FanetSarNetwork.uav[0].app.debugTimer -- check module destructor
undisposed object: (omnetpp::cMessage) FanetSarNetwork.uav[1].app.debugTimer -- check module destructor
undisposed object: (omnetpp::cMessage) FanetSarNetwork.uav[2].app.debugTimer -- check module destructor
undisposed object: (omnetpp::cMessage) FanetSarNetwork.uav[3].app.debugTimer -- check module destructor
undisposed object: (omnetpp::cMessage) FanetSarNetwork.uav[4].app.debugTimer -- check module destructor
undisposed object: (omnetpp::cMessage) FanetSarNetwork.uav[5].app.debugTimer -- check module destructor
undisposed object: (omnetpp::cMessage) FanetSarNetwork.uav[6].app.debugTimer -- check module destructor
undisposed object: (omnetpp::cMessage) FanetSarNetwork.uav[7].app.debugTimer -- check module destructor
undisposed object: (omnetpp::cMessage) FanetSarNetwork.uav[8].app.debugTimer -- check module destructor
undisposed object: (omnetpp::cMessage) FanetSarNetwork.uav[9].app.debugTimer -- check module destructor
undisposed object: (omnetpp::cMessage) FanetSarNetwork.uav[10].app.debugTimer -- check module destructor
undisposed object: (omnetpp::cMessage) FanetSarNetwork.uav[11].app.debugTimer -- check module destructor
undisposed object: (omnetpp::cMessage) FanetSarNetwork.uav[12].app.debugTimer -- check module destructor
undisposed object: (omnetpp::cMessage) FanetSarNetwork.uav[13].app.debugTimer -- check module destructor
undisposed object: (omnetpp::cMessage) FanetSarNetwork.uav[14].app.debugTimer -- check module destructor
undisposed object: (omnetpp::cMessage) FanetSarNetwork.uav[15].app.debugTimer -- check module destructor
undisposed object: (omnetpp::cMessage) FanetSarNetwork.uav[16].app.debugTimer -- check module destructor
undisposed object: (omnetpp::cMessage) FanetSarNetwork.uav[17].app.debugTimer -- check module destructor
undisposed object: (omnetpp::cMessage) FanetSarNetwork.uav[18].app.debugTimer -- check module destructor
undisposed object: (omnetpp::cMessage) FanetSarNetwork.uav[19].app.debugTimer -- check module destructor
undisposed object: (omnetpp::cMessage) FanetSarNetwork.uav[20].app.debugTimer -- check module destructor
undisposed object: (omnetpp::cMessage) FanetSarNetwork.uav[21].app.debugTimer -- check module destructor
undisposed object: (omnetpp::cMessage) FanetSarNetwork.uav[22].app.debugTimer -- check module destructor
undisposed object: (omnetpp::cMessage) FanetSarNetwork.uav[23].app.debugTimer -- check module destructor
undisposed object: (omnetpp::cMessage) FanetSarNetwork.uav[24].app.debugTimer -- check module destructor
undisposed object: (omnetpp::cMessage) FanetSarNetwork.uav[25].app.debugTimer -- check module destructor
undisposed object: (omnetpp::cMessage) FanetSarNetwork.uav[26].app.debugTimer -- check module destructor
undisposed object: (omnetpp::cMessage) FanetSarNetwork.uav[27].app.debugTimer -- check module destructor
undisposed object: (omnetpp::cMessage) FanetSarNetwork.uav[28].app.debugTimer -- check module destructor
undisposed object: (omnetpp::cMessage) FanetSarNetwork.uav[29].app.debugTimer -- check module destructor
