** Event #0   t=0   Elapsed: 9e-06s (0m 00s)  0% completed  (50% total)
     Speed:     ev/sec=0   simsec/sec=0   ev/simsec=0
     Messages:  created: 1178   present: 1178   in FES: 186
** Event #59904   t=8.229368175507   Elapsed: 2.00216s (0m 02s)  1% completed  (50% total)
     Speed:     ev/sec=29920.3   simsec/sec=4.11026   ev/simsec=7279.42
     Messages:  created: 56376   present: 1189   in FES: 154
** Event #120320   t=16.368175666819   Elapsed: 4.01222s (0m 04s)  3% completed  (51% total)
     Speed:     ev/sec=30056.9   simsec/sec=4.04905   ev/simsec=7423.2
     Messages:  created: 112974   present: 1191   in FES: 148
** Event #184064   t=25.073648177815   Elapsed: 6.01428s (0m 06s)  5% completed  (52% total)
     Speed:     ev/sec=31839.2   simsec/sec=4.34825   ev/simsec=7322.29
     Messages:  created: 172636   present: 1186   in FES: 145
** Event #246016   t=33.311267546134   Elapsed: 8.02285s (0m 08s)  6% completed  (53% total)
     Speed:     ev/sec=30843.8   simsec/sec=4.10123   ev/simsec=7520.62
     Messages:  created: 230686   present: 1141   in FES: 130
** Event #305408   t=41.291539090908   Elapsed: 10.0311s (0m 10s)  8% completed  (54% total)
     Speed:     ev/sec=29573.8   simsec/sec=3.97371   ev/simsec=7442.35
     Messages:  created: 286144   present: 1181   in FES: 144
** Event #359936   t=48.326678702286   Elapsed: 12.0349s (0m 12s)  9% completed  (54% total)
     Speed:     ev/sec=27212.1   simsec/sec=3.51087   ev/simsec=7750.81
     Messages:  created: 336072   present: 1197   in FES: 154
** Event #398848   t=52.43305912083   Elapsed: 14.0492s (0m 14s)  10% completed  (55% total)
     Speed:     ev/sec=19317.8   simsec/sec=2.03861   ev/simsec=9475.99
     Messages:  created: 367738   present: 1116   in FES: 122
** Event #436736   t=56.323083613033   Elapsed: 16.057s (0m 16s)  11% completed  (55% total)
     Speed:     ev/sec=18870.8   simsec/sec=1.9375   ev/simsec=9739.78
     Messages:  created: 398560   present: 1178   in FES: 143
** Event #467456   t=59.096648826636   Elapsed: 18.0782s (0m 18s)  11% completed  (55% total)
     Speed:     ev/sec=15198.8   simsec/sec=1.37223   ev/simsec=11076
     Messages:  created: 421875   present: 1212   in FES: 154
** Event #495104   t=62.000403120703   Elapsed: 20.0783s (0m 20s)  12% completed  (56% total)
     Speed:     ev/sec=13823.5   simsec/sec=1.45183   ev/simsec=9521.47
     Messages:  created: 442382   present: 1124   in FES: 125
** Event #518912   t=63.465864145764   Elapsed: 22.1125s (0m 22s)  12% completed  (56% total)
     Speed:     ev/sec=11703.6   simsec/sec=0.720395   ev/simsec=16246.1
     Messages:  created: 459736   present: 1167   in FES: 140
** Event #542208   t=65.119905687345   Elapsed: 24.1232s (0m 24s)  13% completed  (56% total)
     Speed:     ev/sec=11586.2   simsec/sec=0.822632   ev/simsec=14084.3
     Messages:  created: 475972   present: 1127   in FES: 126
** Event #562432   t=67.022119651208   Elapsed: 26.1284s (0m 26s)  13% completed  (56% total)
     Speed:     ev/sec=10085.8   simsec/sec=0.948641   ev/simsec=10631.8
     Messages:  created: 490028   present: 1214   in FES: 153
** Event #583168   t=68.258127599086   Elapsed: 28.1706s (0m 28s)  13% completed  (56% total)
     Speed:     ev/sec=10153.5   simsec/sec=0.605218   ev/simsec=16776.6
     Messages:  created: 504552   present: 1192   in FES: 147
** Event #600320   t=70.001417285925   Elapsed: 30.1741s (0m 30s)  14% completed  (57% total)
     Speed:     ev/sec=8561.25   simsec/sec=0.870146   ev/simsec=9838.87
     Messages:  created: 516372   present: 1163   in FES: 138
** Event #622592   t=71.149044937545   Elapsed: 32.1969s (0m 32s)  14% completed  (57% total)
     Speed:     ev/sec=11010.3   simsec/sec=0.567338   ev/simsec=19407
     Messages:  created: 532060   present: 1185   in FES: 154
** Event #639744   t=72.477652311303   Elapsed: 34.2051s (0m 34s)  14% completed  (57% total)
     Speed:     ev/sec=8541.14   simsec/sec=0.661603   ev/simsec=12909.8
     Messages:  created: 543936   present: 1134   in FES: 129
** Event #662528   t=74.118483600105   Elapsed: 36.2348s (0m 36s)  14% completed  (57% total)
     Speed:     ev/sec=11225.2   simsec/sec=0.808406   ev/simsec=13885.6
     Messages:  created: 559842   present: 1125   in FES: 126
** Event #679936   t=75.495898714638   Elapsed: 38.236s (0m 38s)  15% completed  (57% total)
     Speed:     ev/sec=8698.61   simsec/sec=0.688281   ev/simsec=12638.2
     Messages:  created: 571941   present: 1117   in FES: 123
** Event #704256   t=77.477523138484   Elapsed: 40.2456s (0m 40s)  15% completed  (57% total)
     Speed:     ev/sec=12102.4   simsec/sec=0.986115   ev/simsec=12272.8
     Messages:  created: 589642   present: 1207   in FES: 154
** Event #727552   t=79.496030217076   Elapsed: 42.26s (0m 42s)  15% completed  (57% total)
     Speed:     ev/sec=11564.5   simsec/sec=1.00201   ev/simsec=11541.2
     Messages:  created: 606978   present: 1161   in FES: 138
** Event #759040   t=83.092890911547   Elapsed: 44.2604s (0m 44s)  16% completed  (58% total)
     Speed:     ev/sec=15740.9   simsec/sec=1.79807   ev/simsec=8754.3
     Messages:  created: 633901   present: 1206   in FES: 154
** Event #818176   t=91.078383109684   Elapsed: 46.2608s (0m 46s)  18% completed  (59% total)
     Speed:     ev/sec=29561.8   simsec/sec=3.99191   ev/simsec=7405.43
     Messages:  created: 688996   present: 1206   in FES: 151
** Event #885760   t=100.093368502156   Elapsed: 48.2691s (0m 48s)  20% completed  (60% total)
     Speed:     ev/sec=33652   simsec/sec=4.48882   ev/simsec=7496.85
     Messages:  created: 752294   present: 1141   in FES: 128
** Event #949248   t=106.043848631151   Elapsed: 50.276s (0m 50s)  21% completed  (60% total)
     Speed:     ev/sec=31635.9   simsec/sec=2.96511   ev/simsec=10669.4
     Messages:  created: 816293   present: 1809   in FES: 154
** Event #1005312   t=107.592015796773   Elapsed: 52.2844s (0m 52s)  21% completed  (60% total)
     Speed:     ev/sec=27914.8   simsec/sec=0.770846   ev/simsec=36213.1
     Messages:  created: 882482   present: 1861   in FES: 146
** Event #1062144   t=109.137035137725   Elapsed: 54.2855s (0m 54s)  21% completed  (60% total)
     Speed:     ev/sec=28400.6   simsec/sec=0.772091   ev/simsec=36784
     Messages:  created: 949375   present: 1937   in FES: 175
** Event #1109760   t=110.492093700068   Elapsed: 56.2876s (0m 56s)  22% completed  (61% total)
     Speed:     ev/sec=23782.7   simsec/sec=0.676811   ev/simsec=35139.4
     Messages:  created: 1006118   present: 1989   in FES: 173
** Event #1154816   t=111.893513362874   Elapsed: 58.2876s (0m 58s)  22% completed  (61% total)
     Speed:     ev/sec=22527.7   simsec/sec=0.700701   ev/simsec=32150.3
     Messages:  created: 1060655   present: 2042   in FES: 154
** Event #1204992   t=113.218181120583   Elapsed: 60.3024s (1m 00s)  22% completed  (61% total)
     Speed:     ev/sec=24903.5   simsec/sec=0.657462   ev/simsec=37878.2
     Messages:  created: 1118640   present: 2029   in FES: 155
** Event #1256960   t=114.468227689698   Elapsed: 62.3028s (1m 02s)  22% completed  (61% total)
     Speed:     ev/sec=25978.9   simsec/sec=0.6249   ev/simsec=41572.9
     Messages:  created: 1180539   present: 2082   in FES: 135
** Event #1318144   t=115.934448939743   Elapsed: 64.3035s (1m 04s)  23% completed  (61% total)
     Speed:     ev/sec=30581.5   simsec/sec=0.73286   ev/simsec=41729
     Messages:  created: 1256332   present: 2192   in FES: 154
** Event #1376256   t=117.208930188213   Elapsed: 66.3049s (1m 06s)  23% completed  (61% total)
     Speed:     ev/sec=29036.2   simsec/sec=0.636805   ev/simsec=45596.6
     Messages:  created: 1326774   present: 2207   in FES: 157
** Event #1434880   t=118.870414866382   Elapsed: 68.3049s (1m 08s)  23% completed  (61% total)
     Speed:     ev/sec=29311.9   simsec/sec=0.830739   ev/simsec=35284.1
     Messages:  created: 1398409   present: 2210   in FES: 126
** Event #1486336   t=120.455475213257   Elapsed: 70.3059s (1m 10s)  24% completed  (62% total)
     Speed:     ev/sec=25714.8   simsec/sec=0.792123   ev/simsec=32463.1
     Messages:  created: 1457801   present: 2339   in FES: 146
** Event #1541120   t=122.230801505968   Elapsed: 72.3156s (1m 12s)  24% completed  (62% total)
     Speed:     ev/sec=27260.1   simsec/sec=0.883388   ev/simsec=30858.6
     Messages:  created: 1522138   present: 2350   in FES: 124
** Event #1586432   t=123.750212823069   Elapsed: 74.3211s (1m 14s)  24% completed  (62% total)
     Speed:     ev/sec=22593.5   simsec/sec=0.757611   ev/simsec=29822.1
     Messages:  created: 1576354   present: 2516   in FES: 174
** Event #1644032   t=125.224137190012   Elapsed: 76.3263s (1m 16s)  25% completed  (62% total)
     Speed:     ev/sec=28726.1   simsec/sec=0.735072   ev/simsec=39079.3
     Messages:  created: 1644579   present: 2588   in FES: 154
** Event #1711104   t=126.84879414152   Elapsed: 78.331s (1m 18s)  25% completed  (62% total)
     Speed:     ev/sec=33457.6   simsec/sec=0.81043   ev/simsec=41283.8
     Messages:  created: 1727679   present: 2646   in FES: 162
** Event #1753088   t=130.368204933018   Elapsed: 80.3328s (1m 20s)  26% completed  (63% total)
     Speed:     ev/sec=20972.6   simsec/sec=1.75808   ev/simsec=11929.3
     Messages:  created: 1764712   present: 3000   in FES: 136
** Event #1784064   t=133.316574109066   Elapsed: 82.3472s (1m 22s)  26% completed  (63% total)
     Speed:     ev/sec=15377.1   simsec/sec=1.46363   ev/simsec=10506.1
     Messages:  created: 1788783   present: 3316   in FES: 123
** Event #1817856   t=135.654125293267   Elapsed: 84.3525s (1m 24s)  27% completed  (63% total)
     Speed:     ev/sec=16851.8   simsec/sec=1.16572   ev/simsec=14456.2
     Messages:  created: 1822168   present: 3664   in FES: 170
** Event #1865728   t=137.068750663807   Elapsed: 86.3561s (1m 26s)  27% completed  (63% total)
     Speed:     ev/sec=23892.2   simsec/sec=0.706019   ev/simsec=33840.8
     Messages:  created: 1879026   present: 3698   in FES: 155
** Event #1918976   t=138.729459484223   Elapsed: 88.3591s (1m 28s)  27% completed  (63% total)
     Speed:     ev/sec=26584.2   simsec/sec=0.829113   ev/simsec=32063.4
     Messages:  created: 1942043   present: 3777   in FES: 154
** Event #1977600   t=140.37041243176   Elapsed: 90.3644s (1m 30s)  28% completed  (64% total)
     Speed:     ev/sec=29234.3   simsec/sec=0.818301   ev/simsec=35725.6
     Messages:  created: 2010803   present: 3851   in FES: 154
** Event #2036480   t=142.098927856475   Elapsed: 92.3655s (1m 32s)  28% completed  (64% total)
     Speed:     ev/sec=29423.9   simsec/sec=0.863786   ev/simsec=34063.9
     Messages:  created: 2080160   present: 3926   in FES: 154
** Event #2096640   t=144.032610741449   Elapsed: 94.3716s (1m 34s)  28% completed  (64% total)
     Speed:     ev/sec=29988.7   simsec/sec=0.963906   ev/simsec=31111.6
     Messages:  created: 2152080   present: 3990   in FES: 152
** Event #2155520   t=145.878549816176   Elapsed: 96.376s (1m 36s)  29% completed  (64% total)
     Speed:     ev/sec=29375.1   simsec/sec=0.920933   ev/simsec=31897
     Messages:  created: 2221714   present: 4046   in FES: 154
** Event #2208768   t=147.414920456475   Elapsed: 98.3801s (1m 38s)  29% completed  (64% total)
     Speed:     ev/sec=26569.8   simsec/sec=0.76662   ev/simsec=34658.3
     Messages:  created: 2283310   present: 4039   in FES: 124
** Event #2262016   t=149.098762012931   Elapsed: 100.58s (1m 40s)  29% completed  (64% total)
     Speed:     ev/sec=24205.6   simsec/sec=0.765444   ev/simsec=31622.9
     Messages:  created: 2345887   present: 4196   in FES: 174
** Event #2332672   t=151.032610921655   Elapsed: 102.581s (1m 42s)  30% completed  (65% total)
     Speed:     ev/sec=35306.7   simsec/sec=0.966343   ev/simsec=36536.5
     Messages:  created: 2431006   present: 4261   in FES: 148
** Event #2402304   t=152.227860578574   Elapsed: 104.588s (1m 44s)  30% completed  (65% total)
     Speed:     ev/sec=34698.2   simsec/sec=0.595602   ev/simsec=58257.3
     Messages:  created: 2517039   present: 4349   in FES: 155
** Event #2464512   t=153.737532109091   Elapsed: 106.705s (1m 46s)  30% completed  (65% total)
     Speed:     ev/sec=29383.5   simsec/sec=0.713082   ev/simsec=41206.3
     Messages:  created: 2593340   present: 4516   in FES: 138
** Event #2531072   t=157.101110673045   Elapsed: 108.711s (1m 48s)  31% completed  (65% total)
     Speed:     ev/sec=33184.8   simsec/sec=1.67698   ev/simsec=19788.4
     Messages:  created: 2665931   present: 4762   in FES: 146
** Event #2602496   t=166.258083771139   Elapsed: 110.713s (1m 50s)  33% completed  (66% total)
     Speed:     ev/sec=35680.9   simsec/sec=4.5745   ev/simsec=7799.96
     Messages:  created: 2730596   present: 5794   in FES: 123
** Event #2683136   t=176.008171110214   Elapsed: 112.714s (1m 52s)  35% completed  (67% total)
     Speed:     ev/sec=40298.8   simsec/sec=4.87249   ev/simsec=8270.7
     Messages:  created: 2807244   present: 7020   in FES: 149
** Event #2749696   t=179.615161632872   Elapsed: 114.716s (1m 54s)  35% completed  (67% total)
     Speed:     ev/sec=33242.5   simsec/sec=1.80147   ev/simsec=18453.1
     Messages:  created: 2883713   present: 7300   in FES: 154
** Event #2831360   t=181.165154080824   Elapsed: 116.72s (1m 56s)  36% completed  (68% total)
     Speed:     ev/sec=40749.6   simsec/sec=0.773433   ev/simsec=52686.7
     Messages:  created: 2989655   present: 7475   in FES: 156
** Event #2926080   t=183.465741200868   Elapsed: 118.72s (1m 58s)  36% completed  (68% total)
     Speed:     ev/sec=47352.4   simsec/sec=1.15011   ev/simsec=41172.1
     Messages:  created: 3111953   present: 7615   in FES: 154
** Event #2982400   t=189.273947248546   Elapsed: 120.722s (2m 00s)  37% completed  (68% total)
     Speed:     ev/sec=28127.8   simsec/sec=2.90079   ev/simsec=9696.63
     Messages:  created: 3157507   present: 8244   in FES: 122
** Event #3023104   t=193.323083506393   Elapsed: 122.744s (2m 02s)  38% completed  (69% total)
     Speed:     ev/sec=20136.7   simsec/sec=2.00315   ev/simsec=10052.5
     Messages:  created: 3189944   present: 8793   in FES: 145
** Event #3073792   t=199.102966176506   Elapsed: 124.758s (2m 04s)  39% completed  (69% total)
     Speed:     ev/sec=25167.9   simsec/sec=2.86986   ev/simsec=8769.73
     Messages:  created: 3233200   present: 9493   in FES: 145
** Event #3137536   t=203.282951830767   Elapsed: 126.765s (2m 06s)  40% completed  (70% total)
     Speed:     ev/sec=31762   simsec/sec=2.08278   ev/simsec=15249.8
     Messages:  created: 3301347   present: 9927   in FES: 153
** Event #3224832   t=205.85955044524   Elapsed: 128.767s (2m 08s)  41% completed  (70% total)
     Speed:     ev/sec=43610.5   simsec/sec=1.28719   ev/simsec=33880.3
     Messages:  created: 3405668   present: 10041   in FES: 154
** Event #3309568   t=207.93482570863   Elapsed: 130.77s (2m 10s)  41% completed  (70% total)
     Speed:     ev/sec=42289.7   simsec/sec=1.03572   ev/simsec=40831.2
     Messages:  created: 3507634   present: 10122   in FES: 157
** Event #3388160   t=210.016994269355   Elapsed: 132.774s (2m 12s)  42% completed  (71% total)
     Speed:     ev/sec=39229.9   simsec/sec=1.03933   ev/simsec=37745.3
     Messages:  created: 3602797   present: 10250   in FES: 155
** Event #3474176   t=212.218196383857   Elapsed: 134.779s (2m 14s)  42% completed  (71% total)
     Speed:     ev/sec=42883.1   simsec/sec=1.0974   ev/simsec=39076.8
     Messages:  created: 3707057   present: 10314   in FES: 155
** Event #3555840   t=216.35905242565   Elapsed: 136.78s (2m 16s)  43% completed  (71% total)
     Speed:     ev/sec=40816.9   simsec/sec=2.06966   ev/simsec=19721.5
     Messages:  created: 3801694   present: 10626   in FES: 156
** Event #3628288   t=223.05838637137   Elapsed: 138.784s (2m 18s)  44% completed  (72% total)
     Speed:     ev/sec=36163.4   simsec/sec=3.34406   ev/simsec=10814.2
     Messages:  created: 3877254   present: 11388   in FES: 151
** Event #3713792   t=234.058332422503   Elapsed: 140.784s (2m 20s)  46% completed  (73% total)
     Speed:     ev/sec=42746.4   simsec/sec=5.49925   ev/simsec=7773.13
     Messages:  created: 3954958   present: 12693   in FES: 154
** Event #3800064   t=244.368179208453   Elapsed: 142.784s (2m 22s)  48% completed  (74% total)
     Speed:     ev/sec=43133.2   simsec/sec=5.15459   ev/simsec=8367.92
     Messages:  created: 4035470   present: 13873   in FES: 131
** Event #3883520   t=249.107857699442   Elapsed: 144.788s (2m 24s)  49% completed  (74% total)
     Speed:     ev/sec=41649.4   simsec/sec=2.36537   ev/simsec=17607.9
     Messages:  created: 4132201   present: 14332   in FES: 151
** Event #3964672   t=253.348529437394   Elapsed: 146.79s (2m 26s)  50% completed  (75% total)
     Speed:     ev/sec=40529.8   simsec/sec=2.11792   ev/simsec=19136.6
     Messages:  created: 4227500   present: 14679   in FES: 154
** Event #4036096   t=261.256942443354   Elapsed: 148.792s (2m 28s)  52% completed  (76% total)
     Speed:     ev/sec=35668   simsec/sec=3.94934   ev/simsec=9031.39
     Messages:  created: 4289220   present: 15592   in FES: 139
** Event #4094976   t=267.422950807493   Elapsed: 150.801s (2m 30s)  53% completed  (76% total)
     Speed:     ev/sec=29314.5   simsec/sec=3.06987   ev/simsec=9549.13
     Messages:  created: 4337074   present: 16284   in FES: 123
** Event #4160256   t=274.291463506982   Elapsed: 152.809s (2m 32s)  54% completed  (77% total)
     Speed:     ev/sec=32508.9   simsec/sec=3.42046   ev/simsec=9504.24
     Messages:  created: 4390494   present: 17197   in FES: 154
** Event #4225792   t=282.153323146049   Elapsed: 154.814s (2m 34s)  56% completed  (78% total)
     Speed:     ev/sec=32694.5   simsec/sec=3.92211   ev/simsec=8335.94
     Messages:  created: 4448017   present: 18053   in FES: 124
** Event #4299776   t=292.02211981864   Elapsed: 156.817s (2m 36s)  58% completed  (79% total)
     Speed:     ev/sec=36935.1   simsec/sec=4.92681   ev/simsec=7496.76
     Messages:  created: 4515047   present: 19312   in FES: 147
** Event #4379136   t=302.063340564737   Elapsed: 158.819s (2m 38s)  60% completed  (80% total)
     Speed:     ev/sec=39642.5   simsec/sec=5.01587   ev/simsec=7903.42
     Messages:  created: 4587265   present: 20528   in FES: 154
** Event #4464128   t=313.053456965464   Elapsed: 160.825s (2m 40s)  62% completed  (81% total)
     Speed:     ev/sec=42351.7   simsec/sec=5.47641   ev/simsec=7733.49
     Messages:  created: 4664513   present: 21839   in FES: 149
** Event #4556800   t=325.038732849155   Elapsed: 162.829s (2m 42s)  65% completed  (82% total)
     Speed:     ev/sec=46241   simsec/sec=5.98036   ev/simsec=7732.15
     Messages:  created: 4748705   present: 23279   in FES: 150
** Event #4639488   t=335.44195486702   Elapsed: 164.83s (2m 44s)  67% completed  (83% total)
     Speed:     ev/sec=41325.1   simsec/sec=5.19923   ev/simsec=7948.31
     Messages:  created: 4823955   present: 24504   in FES: 142
** Event #4716800   t=345.368175648182   Elapsed: 166.836s (2m 46s)  69% completed  (84% total)
     Speed:     ev/sec=38556.6   simsec/sec=4.95034   ev/simsec=7788.66
     Messages:  created: 4894237   present: 25711   in FES: 149
** Event #4786944   t=353.027370044147   Elapsed: 168.841s (2m 48s)  70% completed  (85% total)
     Speed:     ev/sec=34971.9   simsec/sec=3.81867   ev/simsec=9158.14
     Messages:  created: 4960163   present: 26559   in FES: 124
** Event #4835328   t=358.007603783747   Elapsed: 170.843s (2m 50s)  71% completed  (85% total)
     Speed:     ev/sec=24166   simsec/sec=2.48744   ev/simsec=9715.21
     Messages:  created: 4998684   present: 27229   in FES: 154
** Event #4892928   t=363.326676520985   Elapsed: 172.855s (2m 52s)  72% completed  (86% total)
     Speed:     ev/sec=28629.4   simsec/sec=2.64378   ev/simsec=10829
     Messages:  created: 5044744   present: 27853   in FES: 154
** Event #4964096   t=366.387067632344   Elapsed: 174.858s (2m 54s)  73% completed  (86% total)
     Speed:     ev/sec=35542.4   simsec/sec=1.52841   ev/simsec=23254.5
     Messages:  created: 5122970   present: 28176   in FES: 168
** Event #5037568   t=368.096703244837   Elapsed: 176.86s (2m 56s)  73% completed  (86% total)
     Speed:     ev/sec=36699.9   simsec/sec=0.853979   ev/simsec=42975.2
     Messages:  created: 5210161   present: 28136   in FES: 125
** Event #5121024   t=370.085398884208   Elapsed: 178.871s (2m 58s)  74% completed  (87% total)
     Speed:     ev/sec=41483   simsec/sec=0.988511   ev/simsec=41965.2
     Messages:  created: 5310975   present: 28247   in FES: 139
** Event #5200384   t=372.096700712689   Elapsed: 180.88s (3m 00s)  74% completed  (87% total)
     Speed:     ev/sec=39517.5   simsec/sec=1.00153   ev/simsec=39457
     Messages:  created: 5406618   present: 28354   in FES: 146
** Event #5255424   t=378.009242191538   Elapsed: 182.881s (3m 02s)  75% completed  (87% total)
     Speed:     ev/sec=27495.5   simsec/sec=2.95364   ev/simsec=9309.03
     Messages:  created: 5450351   present: 29008   in FES: 124
** Event #5302784   t=382.340969324578   Elapsed: 184.89s (3m 04s)  76% completed  (88% total)
     Speed:     ev/sec=23573.7   simsec/sec=2.15614   ev/simsec=10933.3
     Messages:  created: 5488224   present: 29509   in FES: 123
** Event #5352448   t=387.323083567933   Elapsed: 186.892s (3m 06s)  77% completed  (88% total)
     Speed:     ev/sec=24808.2   simsec/sec=2.48867   ev/simsec=9968.46
     Messages:  created: 5527809   present: 30174   in FES: 145
** Event #5405184   t=393.011801817717   Elapsed: 188.9s (3m 08s)  78% completed  (89% total)
     Speed:     ev/sec=26262.7   simsec/sec=2.833   ev/simsec=9270.28
     Messages:  created: 5569724   present: 30889   in FES: 151
** Event #5452800   t=397.423057420838   Elapsed: 190.915s (3m 10s)  79% completed  (89% total)
     Speed:     ev/sec=23637.9   simsec/sec=2.18987   ev/simsec=10794.2
     Messages:  created: 5607749   present: 31372   in FES: 139
** Event #5511936   t=403.322977547809   Elapsed: 192.92s (3m 12s)  80% completed  (90% total)
     Speed:     ev/sec=29487.5   simsec/sec=2.94193   ev/simsec=10023.2
     Messages:  created: 5654869   present: 32097   in FES: 154
** Event #5569792   t=409.102974085513   Elapsed: 194.928s (3m 14s)  81% completed  (90% total)
     Speed:     ev/sec=28810.2   simsec/sec=2.87822   ev/simsec=10009.7
     Messages:  created: 5700979   present: 32807   in FES: 150
** Event #5628160   t=415.078383136895   Elapsed: 196.93s (3m 16s)  83% completed  (91% total)
     Speed:     ev/sec=29162   simsec/sec=2.98545   ev/simsec=9768.03
     Messages:  created: 5747385   present: 33501   in FES: 142
** Event #5679616   t=420.103498130995   Elapsed: 198.936s (3m 18s)  84% completed  (92% total)
     Speed:     ev/sec=25647.9   simsec/sec=2.50474   ev/simsec=10239.8
     Messages:  created: 5788464   present: 34114   in FES: 154
** Event #5728000   t=425.079425361561   Elapsed: 201.017s (3m 21s)  85% completed  (92% total)
     Speed:     ev/sec=23255.4   simsec/sec=2.39164   ev/simsec=9723.61
     Messages:  created: 5826941   present: 34733   in FES: 152
** Event #5789440   t=431.118352135643   Elapsed: 203.018s (3m 23s)  86% completed  (93% total)
     Speed:     ev/sec=30707.5   simsec/sec=3.01824   ev/simsec=10174
     Messages:  created: 5875899   present: 35368   in FES: 124
** Event #5844480   t=437.017048505726   Elapsed: 205.023s (3m 25s)  87% completed  (93% total)
     Speed:     ev/sec=27440.8   simsec/sec=2.94086   ev/simsec=9330.88
     Messages:  created: 5919654   present: 36163   in FES: 147
** Event #5911040   t=440.093283106806   Elapsed: 207.025s (3m 27s)  88% completed  (94% total)
     Speed:     ev/sec=33251.4   simsec/sec=1.5368   ev/simsec=21636.8
     Messages:  created: 5991063   present: 36343   in FES: 124
** Event #5977088   t=443.322977675153   Elapsed: 209.029s (3m 29s)  88% completed  (94% total)
     Speed:     ev/sec=32955   simsec/sec=1.61147   ev/simsec=20450.2
     Messages:  created: 6062572   present: 36681   in FES: 154
** Event #6041856   t=446.687297729085   Elapsed: 211.094s (3m 31s)  89% completed  (94% total)
     Speed:     ev/sec=31370.8   simsec/sec=1.62953   ev/simsec=19251.4
     Messages:  created: 6132584   present: 36898   in FES: 134
** Event #6117376   t=450.501458943737   Elapsed: 213.098s (3m 33s)  90% completed  (95% total)
     Speed:     ev/sec=37679.6   simsec/sec=1.90302   ev/simsec=19799.9
     Messages:  created: 6212800   present: 37298   in FES: 154
** Event #6199296   t=454.817952490439   Elapsed: 215.103s (3m 35s)  90% completed  (95% total)
     Speed:     ev/sec=40854.5   simsec/sec=2.15269   ev/simsec=18978.4
     Messages:  created: 6303841   present: 37613   in FES: 154
** Event #6277888   t=457.083750379597   Elapsed: 217.106s (3m 37s)  91% completed  (95% total)
     Speed:     ev/sec=39238.8   simsec/sec=1.13125   ev/simsec=34686.2
     Messages:  created: 6396321   present: 37655   in FES: 129
** Event #6360576   t=459.492095902656   Elapsed: 219.108s (3m 39s)  91% completed  (95% total)
     Speed:     ev/sec=41298.2   simsec/sec=1.20284   ev/simsec=34333.9
     Messages:  created: 6494260   present: 37780   in FES: 140
** Event #6430208   t=461.612345601735   Elapsed: 221.11s (3m 41s)  92% completed  (96% total)
     Speed:     ev/sec=34791.4   simsec/sec=1.05937   ev/simsec=32841.4
     Messages:  created: 6576859   present: 37901   in FES: 155
** Event #6513920   t=464.092219272133   Elapsed: 223.111s (3m 43s)  92% completed  (96% total)
     Speed:     ev/sec=41832.9   simsec/sec=1.23925   ev/simsec=33756.6
     Messages:  created: 6675643   present: 38019   in FES: 164
** Event #6591744   t=466.378772048668   Elapsed: 225.122s (3m 45s)  93% completed  (96% total)
     Speed:     ev/sec=38701   simsec/sec=1.13708   ev/simsec=34035.5
     Messages:  created: 6767533   present: 38074   in FES: 155
** Event #6667264   t=468.644294250515   Elapsed: 227.122s (3m 47s)  93% completed  (96% total)
     Speed:     ev/sec=37748.3   simsec/sec=1.13241   ev/simsec=33334.5
     Messages:  created: 6857664   present: 38160   in FES: 155
** Event #6755584   t=471.242768119396   Elapsed: 229.123s (3m 49s)  94% completed  (97% total)
     Speed:     ev/sec=44157.8   simsec/sec=1.29917   ev/simsec=33989.2
     Messages:  created: 6961852   present: 38246   in FES: 155
** Event #6838528   t=473.841566760124   Elapsed: 231.123s (3m 51s)  94% completed  (97% total)
     Speed:     ev/sec=41462.3   simsec/sec=1.2991   ev/simsec=31916.3
     Messages:  created: 7060894   present: 38385   in FES: 164
** Event #6913792   t=475.999484411842   Elapsed: 233.127s (3m 53s)  95% completed  (97% total)
     Speed:     ev/sec=37558.4   simsec/sec=1.07685   ev/simsec=34878.1
     Messages:  created: 7150909   present: 25054   in FES: 155
** Event #6996224   t=477.686988863729   Elapsed: 235.129s (3m 55s)  95% completed  (97% total)
     Speed:     ev/sec=41169   simsec/sec=0.842791   ev/simsec=48848.5
     Messages:  created: 7250773   present: 25110   in FES: 174
** Event #7077120   t=481.368208170941   Elapsed: 237.132s (3m 57s)  96% completed  (98% total)
     Speed:     ev/sec=40387.9   simsec/sec=1.83788   ev/simsec=21975.3
     Messages:  created: 7339775   present: 24332   in FES: 157
** Event #7145728   t=488.423057024506   Elapsed: 239.133s (3m 59s)  97% completed  (98% total)
     Speed:     ev/sec=34292.9   simsec/sec=3.52628   ev/simsec=9724.94
     Messages:  created: 7395023   present: 2292   in FES: 149
** Event #7229952   t=497.033775838168   Elapsed: 241.133s (4m 01s)  99% completed  (99% total)
     Speed:     ev/sec=42098.2   simsec/sec=4.30395   ev/simsec=9781.3
     Messages:  created: 7469428   present: 3248   in FES: 130
** Event #7293091   t=500   Elapsed: 242.3s (4m 02s)  100% completed  (100% total)
     Speed:     ev/sec=54137.8   simsec/sec=2.54276   ev/simsec=21290.9
     Messages:  created: 7545336   present: 3453   in FES: 123

<!> Simulation time limit reached -- at t=500s, event #7293091
undisposed object: (omnetpp::cMessage) FanetSarNetwork.groundStation.app.debugTimer -- check module destructor
undisposed object: (omnetpp::cMessage) FanetSarNetwork.uav[0].app.debugTimer -- check module destructor
undisposed object: (omnetpp::cMessage) FanetSarNetwork.uav[1].app.debugTimer -- check module destructor
undisposed object: (omnetpp::cMessage) FanetSarNetwork.uav[2].app.debugTimer -- check module destructor
undisposed object: (omnetpp::cMessage) FanetSarNetwork.uav[3].app.debugTimer -- check module destructor
undisposed object: (omnetpp::cMessage) FanetSarNetwork.uav[4].app.debugTimer -- check module destructor
undisposed object: (omnetpp::cMessage) FanetSarNetwork.uav[5].app.debugTimer -- check module destructor
undisposed object: (omnetpp::cMessage) FanetSarNetwork.uav[6].app.debugTimer -- check module destructor
undisposed object: (omnetpp::cMessage) FanetSarNetwork.uav[7].app.debugTimer -- check module destructor
undisposed object: (omnetpp::cMessage) FanetSarNetwork.uav[8].app.debugTimer -- check module destructor
undisposed object: (omnetpp::cMessage) FanetSarNetwork.uav[9].app.debugTimer -- check module destructor
undisposed object: (omnetpp::cMessage) FanetSarNetwork.uav[10].app.debugTimer -- check module destructor
undisposed object: (omnetpp::cMessage) FanetSarNetwork.uav[11].app.debugTimer -- check module destructor
undisposed object: (omnetpp::cMessage) FanetSarNetwork.uav[12].app.debugTimer -- check module destructor
undisposed object: (omnetpp::cMessage) FanetSarNetwork.uav[13].app.debugTimer -- check module destructor
undisposed object: (omnetpp::cMessage) FanetSarNetwork.uav[14].app.debugTimer -- check module destructor
undisposed object: (omnetpp::cMessage) FanetSarNetwork.uav[15].app.debugTimer -- check module destructor
undisposed object: (omnetpp::cMessage) FanetSarNetwork.uav[16].app.debugTimer -- check module destructor
undisposed object: (omnetpp::cMessage) FanetSarNetwork.uav[17].app.debugTimer -- check module destructor
undisposed object: (omnetpp::cMessage) FanetSarNetwork.uav[18].app.debugTimer -- check module destructor
undisposed object: (omnetpp::cMessage) FanetSarNetwork.uav[19].app.debugTimer -- check module destructor
undisposed object: (omnetpp::cMessage) FanetSarNetwork.uav[20].app.debugTimer -- check module destructor
undisposed object: (omnetpp::cMessage) FanetSarNetwork.uav[21].app.debugTimer -- check module destructor
undisposed object: (omnetpp::cMessage) FanetSarNetwork.uav[22].app.debugTimer -- check module destructor
undisposed object: (omnetpp::cMessage) FanetSarNetwork.uav[23].app.debugTimer -- check module destructor
undisposed object: (omnetpp::cMessage) FanetSarNetwork.uav[24].app.debugTimer -- check module destructor
undisposed object: (omnetpp::cMessage) FanetSarNetwork.uav[25].app.debugTimer -- check module destructor
undisposed object: (omnetpp::cMessage) FanetSarNetwork.uav[26].app.debugTimer -- check module destructor
undisposed object: (omnetpp::cMessage) FanetSarNetwork.uav[27].app.debugTimer -- check module destructor
undisposed object: (omnetpp::cMessage) FanetSarNetwork.uav[28].app.debugTimer -- check module destructor
undisposed object: (omnetpp::cMessage) FanetSarNetwork.uav[29].app.debugTimer -- check module destructor
