** Event #0   t=0   Elapsed: 2e-05s (0m 00s)  0% completed  (0% total)
     Speed:     ev/sec=0   simsec/sec=0   ev/simsec=0
     Messages:  created: 1178   present: 1178   in FES: 186
** Event #93184   t=13.061941980673   Elapsed: 2.00158s (0m 02s)  2% completed  (1% total)
     Speed:     ev/sec=46556   simsec/sec=6.52586   ev/simsec=7134.08
     Messages:  created: 87398   present: 1195   in FES: 146
** Event #166912   t=23.061266825807   Elapsed: 4.00214s (0m 04s)  4% completed  (2% total)
     Speed:     ev/sec=36853.7   simsec/sec=4.99827   ev/simsec=7373.3
     Messages:  created: 156532   present: 1124   in FES: 123
** Event #234240   t=32.069763232137   Elapsed: 6.00458s (0m 06s)  6% completed  (3% total)
     Speed:     ev/sec=33622.9   simsec/sec=4.49875   ev/simsec=7473.83
     Messages:  created: 219803   present: 1198   in FES: 154
** Event #297984   t=40.484990017151   Elapsed: 8.01234s (0m 08s)  8% completed  (4% total)
     Speed:     ev/sec=31748.8   simsec/sec=4.19135   ev/simsec=7574.84
     Messages:  created: 279506   present: 1135   in FES: 128
** Event #363520   t=49.291011790256   Elapsed: 10.0173s (0m 10s)  9% completed  (4% total)
     Speed:     ev/sec=32687.1   simsec/sec=4.39214   ev/simsec=7442.18
     Messages:  created: 340673   present: 1196   in FES: 154
** Event #420608   t=57.046151671289   Elapsed: 12.0219s (0m 12s)  11% completed  (5% total)
     Speed:     ev/sec=28477.7   simsec/sec=3.86857   ev/simsec=7361.31
     Messages:  created: 392949   present: 1202   in FES: 154
** Event #473344   t=63.225065072859   Elapsed: 14.0297s (0m 14s)  12% completed  (6% total)
     Speed:     ev/sec=26266.8   simsec/sec=3.0776   ev/simsec=8534.83
     Messages:  created: 440000   present: 1199   in FES: 150
** Event #524544   t=69.108382660749   Elapsed: 16.037s (0m 16s)  13% completed  (6% total)
     Speed:     ev/sec=25506.1   simsec/sec=2.93087   ev/simsec=8702.57
     Messages:  created: 484060   present: 1157   in FES: 136
** Event #569856   t=74.094430379532   Elapsed: 18.0488s (0m 18s)  14% completed  (7% total)
     Speed:     ev/sec=22523.5   simsec/sec=2.47845   ev/simsec=9087.76
     Messages:  created: 521948   present: 1165   in FES: 138
** Event #616448   t=79.093273679755   Elapsed: 20.0561s (0m 20s)  15% completed  (7% total)
     Speed:     ev/sec=23211.5   simsec/sec=2.49036   ev/simsec=9320.56
     Messages:  created: 560492   present: 1155   in FES: 134
** Event #658432   t=84.00607658337   Elapsed: 22.0574s (0m 22s)  16% completed  (8% total)
     Speed:     ev/sec=20977.9   simsec/sec=2.45476   ev/simsec=8545.83
     Messages:  created: 595200   present: 1210   in FES: 153
** Event #704000   t=88.435046505218   Elapsed: 24.0669s (0m 24s)  17% completed  (8% total)
     Speed:     ev/sec=22675.8   simsec/sec=2.20397   ev/simsec=10288.6
     Messages:  created: 632997   present: 1208   in FES: 154
** Event #745984   t=93.068237481112   Elapsed: 26.0783s (0m 26s)  18% completed  (9% total)
     Speed:     ev/sec=20873.5   simsec/sec=2.30352   ev/simsec=9061.57
     Messages:  created: 667574   present: 1168   in FES: 135
** Event #786944   t=97.291118318529   Elapsed: 28.1002s (0m 28s)  19% completed  (9% total)
     Speed:     ev/sec=20257.9   simsec/sec=2.08854   ev/simsec=9699.54
     Messages:  created: 701536   present: 1148   in FES: 133
** Event #829184   t=102.052240103268   Elapsed: 30.1097s (0m 30s)  20% completed  (10% total)
     Speed:     ev/sec=21020.6   simsec/sec=2.36935   ev/simsec=8871.86
     Messages:  created: 736149   present: 1381   in FES: 165
** Event #868608   t=106.061694640679   Elapsed: 32.1163s (0m 32s)  21% completed  (10% total)
     Speed:     ev/sec=19646.8   simsec/sec=1.9981   ev/simsec=9832.76
     Messages:  created: 768057   present: 1876   in FES: 154
** Event #908032   t=110.066731834198   Elapsed: 34.1176s (0m 34s)  22% completed  (11% total)
     Speed:     ev/sec=19699.1   simsec/sec=2.00121   ev/simsec=9843.6
     Messages:  created: 799919   present: 2342   in FES: 144
** Event #946688   t=114.064046230439   Elapsed: 36.1198s (0m 36s)  22% completed  (11% total)
     Speed:     ev/sec=19306.8   simsec/sec=1.99646   ev/simsec=9670.49
     Messages:  created: 831201   present: 2832   in FES: 148
** Event #988416   t=118.111266833336   Elapsed: 38.1262s (0m 38s)  23% completed  (11% total)
     Speed:     ev/sec=20798.1   simsec/sec=2.01722   ev/simsec=10310.3
     Messages:  created: 865044   present: 3311   in FES: 146
** Event #1029376   t=122.268804702498   Elapsed: 40.1301s (0m 40s)  24% completed  (12% total)
     Speed:     ev/sec=20439.7   simsec/sec=2.07468   ev/simsec=9851.98
     Messages:  created: 897859   present: 3817   in FES: 151
** Event #1060608   t=125.236882264934   Elapsed: 42.1352s (0m 42s)  25% completed  (12% total)
     Speed:     ev/sec=15576.2   simsec/sec=1.48026   ev/simsec=10522.6
     Messages:  created: 922142   present: 4262   in FES: 179
** Event #1087744   t=128.026510502603   Elapsed: 44.1427s (0m 44s)  25% completed  (12% total)
     Speed:     ev/sec=13517.1   simsec/sec=1.38959   ev/simsec=9727.46
     Messages:  created: 942408   present: 4485   in FES: 144
** Event #1113344   t=130.052239726093   Elapsed: 46.1491s (0m 46s)  26% completed  (13% total)
     Speed:     ev/sec=12759.5   simsec/sec=1.00966   ev/simsec=12637.4
     Messages:  created: 961087   present: 4738   in FES: 144
** Event #1135360   t=131.451560511823   Elapsed: 48.1769s (0m 48s)  26% completed  (13% total)
     Speed:     ev/sec=10857.2   simsec/sec=0.690074   ev/simsec=15733.3
     Messages:  created: 976815   present: 4914   in FES: 148
** Event #1159168   t=133.260368885999   Elapsed: 50.1927s (0m 50s)  26% completed  (13% total)
     Speed:     ev/sec=11810.4   simsec/sec=0.897296   ev/simsec=13162.3
     Messages:  created: 993403   present: 5126   in FES: 148
** Event #1180416   t=135.061808710963   Elapsed: 52.1974s (0m 52s)  27% completed  (13% total)
     Speed:     ev/sec=10599.2   simsec/sec=0.898617   ev/simsec=11795
     Messages:  created: 1007955   present: 5319   in FES: 138
** Event #1200896   t=136.326571040768   Elapsed: 54.2163s (0m 54s)  27% completed  (13% total)
     Speed:     ev/sec=10144.1   simsec/sec=0.626459   ev/simsec=16192.8
     Messages:  created: 1022317   present: 5498   in FES: 154
** Event #1222400   t=138.068237105981   Elapsed: 56.2363s (0m 56s)  27% completed  (13% total)
     Speed:     ev/sec=10645.6   simsec/sec=0.862219   ev/simsec=12346.8
     Messages:  created: 1037062   present: 5701   in FES: 142
** Event #1242368   t=139.339569936886   Elapsed: 58.2609s (0m 58s)  27% completed  (13% total)
     Speed:     ev/sec=9862.46   simsec/sec=0.627928   ev/simsec=15706.4
     Messages:  created: 1050845   present: 5867   in FES: 151
** Event #1262080   t=141.056898373678   Elapsed: 60.2682s (1m 00s)  28% completed  (14% total)
     Speed:     ev/sec=9820.45   simsec/sec=0.855567   ev/simsec=11478.3
     Messages:  created: 1064260   present: 6042   in FES: 139
** Event #1282560   t=142.268817691322   Elapsed: 62.2845s (1m 02s)  28% completed  (14% total)
     Speed:     ev/sec=10157.2   simsec/sec=0.601061   ev/simsec=16898.8
     Messages:  created: 1078459   present: 6175   in FES: 137
** Event #1302272   t=144.045670054531   Elapsed: 64.2906s (1m 04s)  28% completed  (14% total)
     Speed:     ev/sec=9826.13   simsec/sec=0.885734   ev/simsec=11093.8
     Messages:  created: 1091863   present: 6387   in FES: 135
** Event #1321728   t=145.108405342575   Elapsed: 66.3041s (1m 06s)  29% completed  (14% total)
     Speed:     ev/sec=9662.69   simsec/sec=0.5278   ev/simsec=18307.5
     Messages:  created: 1105410   present: 6546   in FES: 145
** Event #1339904   t=146.435174739946   Elapsed: 68.306s (1m 08s)  29% completed  (14% total)
     Speed:     ev/sec=9079.15   simsec/sec=0.662739   ev/simsec=13699.4
     Messages:  created: 1117860   present: 6660   in FES: 131
** Event #1362176   t=148.093297184933   Elapsed: 70.3065s (1m 10s)  29% completed  (14% total)
     Speed:     ev/sec=11133.2   simsec/sec=0.828851   ev/simsec=13432.1
     Messages:  created: 1133182   present: 6871   in FES: 134
** Event #1379584   t=149.324217063128   Elapsed: 72.3136s (1m 12s)  29% completed  (14% total)
     Speed:     ev/sec=8673.43   simsec/sec=0.613298   ev/simsec=14142.3
     Messages:  created: 1145139   present: 6999   in FES: 129
** Event #1399040   t=151.049771328208   Elapsed: 74.3376s (1m 14s)  30% completed  (15% total)
     Speed:     ev/sec=9612.42   simsec/sec=0.852526   ev/simsec=11275.2
     Messages:  created: 1158385   present: 7201   in FES: 125
** Event #1419264   t=152.225106157703   Elapsed: 76.361s (1m 16s)  30% completed  (15% total)
     Speed:     ev/sec=9995.31   simsec/sec=0.580886   ev/simsec=17207
     Messages:  created: 1172419   present: 7344   in FES: 128
** Event #1436672   t=153.477665111655   Elapsed: 78.3741s (1m 18s)  30% completed  (15% total)
     Speed:     ev/sec=8647.21   simsec/sec=0.622193   ev/simsec=13897.9
     Messages:  created: 1184376   present: 7480   in FES: 123
** Event #1459456   t=155.111290847575   Elapsed: 80.3811s (1m 20s)  31% completed  (15% total)
     Speed:     ev/sec=11352.4   simsec/sec=0.813972   ev/simsec=13946.9
     Messages:  created: 1200118   present: 7757   in FES: 148
** Event #1476864   t=156.379437942826   Elapsed: 82.4237s (1m 22s)  31% completed  (15% total)
     Speed:     ev/sec=8522.29   simsec/sec=0.620836   ev/simsec=13727.1
     Messages:  created: 1212073   present: 7901   in FES: 147
** Event #1498624   t=158.077870935107   Elapsed: 84.425s (1m 24s)  31% completed  (15% total)
     Speed:     ev/sec=10873.1   simsec/sec=0.848675   ev/simsec=12811.8
     Messages:  created: 1226979   present: 8059   in FES: 129
** Event #1518336   t=159.400585468782   Elapsed: 86.4617s (1m 26s)  31% completed  (15% total)
     Speed:     ev/sec=9678.58   simsec/sec=0.649452   ev/simsec=14902.7
     Messages:  created: 1240590   present: 8281   in FES: 152
** Event #1540608   t=161.087004474652   Elapsed: 88.4734s (1m 28s)  32% completed  (16% total)
     Speed:     ev/sec=11071   simsec/sec=0.838288   ev/simsec=13206.7
     Messages:  created: 1255913   present: 8496   in FES: 154
** Event #1558784   t=162.339570833444   Elapsed: 90.501s (1m 30s)  32% completed  (16% total)
     Speed:     ev/sec=8964.55   simsec/sec=0.617776   ev/simsec=14511
     Messages:  created: 1268365   present: 8579   in FES: 135
** Event #1577728   t=164.049770942784   Elapsed: 92.5709s (1m 32s)  32% completed  (16% total)
     Speed:     ev/sec=9151.78   simsec/sec=0.826192   ev/simsec=11077.1
     Messages:  created: 1281279   present: 8812   in FES: 142
** Event #1597952   t=165.22510526513   Elapsed: 94.5733s (1m 34s)  33% completed  (16% total)
     Speed:     ev/sec=10100   simsec/sec=0.586971   ev/simsec=17207
     Messages:  created: 1295313   present: 8954   in FES: 144
** Event #1615616   t=166.478708671684   Elapsed: 96.5749s (1m 36s)  33% completed  (16% total)
     Speed:     ev/sec=8825.06   simsec/sec=0.626309   ev/simsec=14090.6
     Messages:  created: 1307438   present: 9076   in FES: 135
** Event #1638912   t=168.19324548445   Elapsed: 98.5986s (1m 38s)  33% completed  (16% total)
     Speed:     ev/sec=11511.5   simsec/sec=0.847222   ev/simsec=13587.3
     Messages:  created: 1323497   present: 9334   in FES: 154
** Event #1657088   t=169.485035356268   Elapsed: 100.618s (1m 40s)  33% completed  (16% total)
     Speed:     ev/sec=8998.93   simsec/sec=0.639565   ev/simsec=14070.4
     Messages:  created: 1335959   present: 9442   in FES: 136
** Event #1679616   t=171.162201772855   Elapsed: 102.629s (1m 42s)  34% completed  (17% total)
     Speed:     ev/sec=11206.8   simsec/sec=0.834324   ev/simsec=13432.2
     Messages:  created: 1351554   present: 9622   in FES: 129
** Event #1697280   t=172.451944538573   Elapsed: 104.665s (1m 44s)  34% completed  (17% total)
     Speed:     ev/sec=8675.29   simsec/sec=0.633429   ev/simsec=13695.8
     Messages:  created: 1363863   present: 9846   in FES: 152
** Event #1721088   t=174.193375655749   Elapsed: 106.692s (1m 46s)  34% completed  (17% total)
     Speed:     ev/sec=11744.8   simsec/sec=0.859074   ev/simsec=13671.5
     Messages:  created: 1380181   present: 9975   in FES: 125
** Event #1738496   t=175.451454436418   Elapsed: 108.715s (1m 48s)  35% completed  (17% total)
     Speed:     ev/sec=8603.67   simsec/sec=0.621789   ev/simsec=13837
     Messages:  created: 1392135   present: 10122   in FES: 124
** Event #1760256   t=177.087056556165   Elapsed: 110.719s (1m 50s)  35% completed  (17% total)
     Speed:     ev/sec=10861.7   simsec/sec=0.816427   ev/simsec=13304
     Messages:  created: 1407132   present: 10352   in FES: 133
** Event #1777920   t=178.324217330705   Elapsed: 112.734s (1m 52s)  35% completed  (17% total)
     Speed:     ev/sec=8765.47   simsec/sec=0.613921   ev/simsec=14277.9
     Messages:  created: 1419251   present: 10467   in FES: 125
** Event #1797376   t=180.05218630738   Elapsed: 114.739s (1m 54s)  36% completed  (18% total)
     Speed:     ev/sec=9701.39   simsec/sec=0.861621   ev/simsec=11259.5
     Messages:  created: 1432574   present: 10767   in FES: 154
** Event #1817600   t=181.236930329947   Elapsed: 116.78s (1m 56s)  36% completed  (18% total)
     Speed:     ev/sec=9907.84   simsec/sec=0.580412   ev/simsec=17070.4
     Messages:  created: 1446606   present: 10884   in FES: 147
** Event #1835776   t=183.006076728545   Elapsed: 118.787s (1m 58s)  36% completed  (18% total)
     Speed:     ev/sec=9060.1   simsec/sec=0.881858   ev/simsec=10273.9
     Messages:  created: 1459099   present: 11103   in FES: 149
** Event #1857280   t=184.184252281688   Elapsed: 120.811s (2m 00s)  36% completed  (18% total)
     Speed:     ev/sec=10620.6   simsec/sec=0.581888   ev/simsec=18251.9
     Messages:  created: 1474206   present: 11193   in FES: 132
** Event #1876224   t=186.014390468135   Elapsed: 122.819s (2m 02s)  37% completed  (18% total)
     Speed:     ev/sec=9437.86   simsec/sec=0.911771   ev/simsec=10351.1
     Messages:  created: 1487421   present: 11429   in FES: 137
** Event #1899520   t=187.435169822284   Elapsed: 124.853s (2m 04s)  37% completed  (18% total)
     Speed:     ev/sec=11448.9   simsec/sec=0.698246   ev/simsec=16396.6
     Messages:  created: 1504114   present: 11631   in FES: 148
** Event #1923072   t=189.324216086907   Elapsed: 126.889s (2m 06s)  37% completed  (18% total)
     Speed:     ev/sec=11569.9   simsec/sec=0.927991   ev/simsec=12467.7
     Messages:  created: 1521029   present: 11859   in FES: 149
** Event #1946880   t=191.291011814615   Elapsed: 128.897s (2m 08s)  38% completed  (19% total)
     Speed:     ev/sec=11855.2   simsec/sec=0.979367   ev/simsec=12105
     Messages:  created: 1538365   present: 12104   in FES: 154
** Event #1970432   t=193.268792700357   Elapsed: 130.9s (2m 10s)  38% completed  (19% total)
     Speed:     ev/sec=11761.8   simsec/sec=0.987695   ev/simsec=11908.3
     Messages:  created: 1555667   present: 12337   in FES: 151
** Event #1994752   t=195.339443366877   Elapsed: 132.907s (2m 12s)  39% completed  (19% total)
     Speed:     ev/sec=12114   simsec/sec=1.03141   ev/simsec=11745.1
     Messages:  created: 1573658   present: 12597   in FES: 154
** Event #2021120   t=198.01188236518   Elapsed: 134.914s (2m 14s)  39% completed  (19% total)
     Speed:     ev/sec=13137.2   simsec/sec=1.33148   ev/simsec=9866.64
     Messages:  created: 1592989   present: 12885   in FES: 141
** Event #2048512   t=200.074968347813   Elapsed: 136.946s (2m 16s)  40% completed  (20% total)
     Speed:     ev/sec=13485.3   simsec/sec=1.01567   ev/simsec=13277.2
     Messages:  created: 1613359   present: 13143   in FES: 143
** Event #2074624   t=202.193375665923   Elapsed: 138.962s (2m 18s)  40% completed  (20% total)
     Speed:     ev/sec=12950.7   simsec/sec=1.05066   ev/simsec=12326.2
     Messages:  created: 1632729   present: 13371   in FES: 137
** Event #2099456   t=204.326570099355   Elapsed: 140.963s (2m 20s)  40% completed  (20% total)
     Speed:     ev/sec=12410.7   simsec/sec=1.06614   ev/simsec=11640.8
     Messages:  created: 1651197   present: 13648   in FES: 154
** Event #2123008   t=206.339439766831   Elapsed: 142.965s (2m 22s)  41% completed  (20% total)
     Speed:     ev/sec=11764.6   simsec/sec=1.00546   ev/simsec=11700.7
     Messages:  created: 1668560   present: 13824   in FES: 123
** Event #2150144   t=209.043703195266   Elapsed: 144.969s (2m 24s)  41% completed  (20% total)
     Speed:     ev/sec=13541   simsec/sec=1.34944   ev/simsec=10034.5
     Messages:  created: 1688534   present: 14151   in FES: 124
** Event #2179072   t=211.19337557367   Elapsed: 146.994s (2m 26s)  42% completed  (21% total)
     Speed:     ev/sec=14283.1   simsec/sec=1.06139   ev/simsec=13456.9
     Messages:  created: 1710245   present: 14448   in FES: 136
** Event #2204672   t=213.588707891579   Elapsed: 149.005s (2m 29s)  42% completed  (21% total)
     Speed:     ev/sec=12728   simsec/sec=1.19093   ev/simsec=10687.5
     Messages:  created: 1729657   present: 14693   in FES: 122
** Event #2234368   t=216.339546569144   Elapsed: 151.034s (2m 31s)  43% completed  (21% total)
     Speed:     ev/sec=14635.7   simsec/sec=1.35575   ev/simsec=10795.3
     Messages:  created: 1752887   present: 15074   in FES: 140
** Event #2267648   t=220.045617737839   Elapsed: 153.041s (2m 33s)  44% completed  (22% total)
     Speed:     ev/sec=16587.5   simsec/sec=1.84719   ev/simsec=8979.86
     Messages:  created: 1779358   present: 15561   in FES: 154
** Event #2305536   t=223.634381708223   Elapsed: 155.051s (2m 35s)  44% completed  (22% total)
     Speed:     ev/sec=18843.7   simsec/sec=1.78488   ev/simsec=10557.4
     Messages:  created: 1810418   present: 15903   in FES: 125
** Event #2347264   t=228.061748327666   Elapsed: 157.059s (2m 37s)  45% completed  (22% total)
     Speed:     ev/sec=20787.7   simsec/sec=2.20559   ev/simsec=9425.02
     Messages:  created: 1844165   present: 16478   in FES: 137
** Event #2387968   t=232.079969895218   Elapsed: 159.064s (2m 39s)  46% completed  (23% total)
     Speed:     ev/sec=20297.7   simsec/sec=2.00375   ev/simsec=10129.9
     Messages:  created: 1877204   present: 17011   in FES: 153
** Event #2421248   t=235.435149936995   Elapsed: 161.074s (2m 41s)  47% completed  (23% total)
     Speed:     ev/sec=16556   simsec/sec=1.66912   ev/simsec=9918.99
     Messages:  created: 1904137   present: 17382   in FES: 145
** Event #2460416   t=239.451916560178   Elapsed: 163.081s (2m 43s)  47% completed  (23% total)
     Speed:     ev/sec=19513   simsec/sec=2.0011   ev/simsec=9751.13
     Messages:  created: 1935820   present: 17880   in FES: 150
** Event #2502912   t=244.064046101699   Elapsed: 165.082s (2m 45s)  48% completed  (24% total)
     Speed:     ev/sec=21243.2   simsec/sec=2.30554   ev/simsec=9213.96
     Messages:  created: 1970096   present: 18449   in FES: 153
** Event #2544128   t=248.094430083565   Elapsed: 167.087s (2m 47s)  49% completed  (24% total)
     Speed:     ev/sec=20557.1   simsec/sec=2.01022   ev/simsec=10226.3
     Messages:  created: 2003456   present: 18875   in FES: 135
** Event #2585600   t=252.339546779888   Elapsed: 169.095s (2m 49s)  50% completed  (25% total)
     Speed:     ev/sec=20649.8   simsec/sec=2.11373   ev/simsec=9769.34
     Messages:  created: 2037054   present: 19396   in FES: 140
** Event #2624768   t=256.368537230162   Elapsed: 171.108s (2m 51s)  51% completed  (25% total)
     Speed:     ev/sec=19454.7   simsec/sec=2.00119   ev/simsec=9721.54
     Messages:  created: 2068741   present: 19899   in FES: 146
** Event #2663424   t=260.360422393815   Elapsed: 173.126s (2m 53s)  52% completed  (26% total)
     Speed:     ev/sec=19164.2   simsec/sec=1.97903   ev/simsec=9683.65
     Messages:  created: 2100021   present: 20392   in FES: 151
** Event #2702080   t=264.339545783647   Elapsed: 175.139s (2m 55s)  52% completed  (26% total)
     Speed:     ev/sec=19202.3   simsec/sec=1.97662   ev/simsec=9714.7
     Messages:  created: 2131302   present: 20873   in FES: 153
** Event #2735616   t=268.061264973408   Elapsed: 177.144s (2m 57s)  53% completed  (26% total)
     Speed:     ev/sec=16719.8   simsec/sec=1.85551   ev/simsec=9010.89
     Messages:  created: 2158269   present: 21279   in FES: 138
** Event #2774528   t=272.061817747109   Elapsed: 179.147s (2m 59s)  54% completed  (27% total)
     Speed:     ev/sec=19429.5   simsec/sec=1.99755   ev/simsec=9726.66
     Messages:  created: 2189786   present: 21782   in FES: 145
** Event #2813952   t=276.068237677461   Elapsed: 181.156s (3m 01s)  55% completed  (27% total)
     Speed:     ev/sec=19621.6   simsec/sec=1.99402   ev/simsec=9840.21
     Messages:  created: 2221841   present: 22240   in FES: 135
** Event #2854144   t=280.193246161181   Elapsed: 183.168s (3m 03s)  56% completed  (28% total)
     Speed:     ev/sec=19975.4   simsec/sec=2.05013   ev/simsec=9743.5
     Messages:  created: 2254984   present: 22772   in FES: 154
** Event #2895616   t=285.064051233986   Elapsed: 185.172s (3m 05s)  57% completed  (28% total)
     Speed:     ev/sec=20701.1   simsec/sec=2.4313   ev/simsec=8514.4
     Messages:  created: 2289990   present: 23297   in FES: 129
** Event #2942208   t=290.478679824407   Elapsed: 187.178s (3m 07s)  58% completed  (29% total)
     Speed:     ev/sec=23224.5   simsec/sec=2.69901   ev/simsec=8604.84
     Messages:  created: 2331087   present: 23995   in FES: 148
** Event #2996736   t=297.435043625534   Elapsed: 189.181s (3m 09s)  59% completed  (29% total)
     Speed:     ev/sec=27220.6   simsec/sec=3.47265   ev/simsec=7838.58
     Messages:  created: 2380374   present: 24820   in FES: 154
** Event #3047936   t=304.083317958329   Elapsed: 191.184s (3m 11s)  60% completed  (30% total)
     Speed:     ev/sec=25560.8   simsec/sec=3.31905   ev/simsec=7701.25
     Messages:  created: 2426920   present: 25599   in FES: 135
** Event #3106816   t=312.014389503861   Elapsed: 193.19s (3m 13s)  62% completed  (31% total)
     Speed:     ev/sec=29358.4   simsec/sec=3.95454   ev/simsec=7423.97
     Messages:  created: 2480388   present: 26578   in FES: 146
** Event #3166976   t=319.379308002404   Elapsed: 195.192s (3m 15s)  63% completed  (31% total)
     Speed:     ev/sec=30052.7   simsec/sec=3.67912   ev/simsec=8168.45
     Messages:  created: 2535358   present: 27460   in FES: 154
** Event #3227136   t=327.162148557231   Elapsed: 197.194s (3m 17s)  65% completed  (32% total)
     Speed:     ev/sec=30039.8   simsec/sec=3.88622   ev/simsec=7729.83
     Messages:  created: 2590099   present: 28411   in FES: 152
** Event #3289600   t=335.225056526242   Elapsed: 199.201s (3m 19s)  67% completed  (33% total)
     Speed:     ev/sec=31125.3   simsec/sec=4.01768   ev/simsec=7747.08
     Messages:  created: 2646908   present: 29321   in FES: 133
** Event #3346944   t=343.006076770532   Elapsed: 201.202s (3m 21s)  68% completed  (34% total)
     Speed:     ev/sec=28652.6   simsec/sec=3.88787   ev/simsec=7369.73
     Messages:  created: 2698834   present: 30300   in FES: 148
** Event #3400704   t=349.036006532974   Elapsed: 203.203s (3m 23s)  69% completed  (34% total)
     Speed:     ev/sec=26870.4   simsec/sec=3.01389   ev/simsec=8915.53
     Messages:  created: 2750646   present: 31031   in FES: 171
** Event #3458560   t=355.268770875088   Elapsed: 205.204s (3m 25s)  71% completed  (35% total)
     Speed:     ev/sec=28915.8   simsec/sec=3.11507   ev/simsec=9282.56
     Messages:  created: 2806306   present: 31719   in FES: 131
** Event #3521024   t=363.306613730923   Elapsed: 207.209s (3m 27s)  72% completed  (36% total)
     Speed:     ev/sec=31150.1   simsec/sec=4.00839   ev/simsec=7771.24
     Messages:  created: 2863072   present: 32750   in FES: 154
** Event #3581440   t=371.094381660659   Elapsed: 209.213s (3m 29s)  74% completed  (37% total)
     Speed:     ev/sec=30154.4   simsec/sec=3.88697   ev/simsec=7757.81
     Messages:  created: 2917964   present: 33692   in FES: 154
** Event #3643136   t=379.083262155425   Elapsed: 211.216s (3m 31s)  75% completed  (37% total)
     Speed:     ev/sec=30802   simsec/sec=3.98849   ev/simsec=7722.73
     Messages:  created: 2974066   present: 34628   in FES: 154
** Event #3706112   t=387.111245311458   Elapsed: 213.216s (3m 33s)  77% completed  (38% total)
     Speed:     ev/sec=31484   simsec/sec=4.01348   ev/simsec=7844.56
     Messages:  created: 3031365   present: 35543   in FES: 130
** Event #3761920   t=394.326650035273   Elapsed: 215.403s (3m 35s)  78% completed  (39% total)
     Speed:     ev/sec=25523.2   simsec/sec=3.29989   ev/simsec=7734.56
     Messages:  created: 3082148   present: 36424   in FES: 136
** Event #3819520   t=402.043757282857   Elapsed: 217.406s (3m 37s)  80% completed  (40% total)
     Speed:     ev/sec=28746.9   simsec/sec=3.85144   ev/simsec=7463.94
     Messages:  created: 3134133   present: 37389   in FES: 150
** Event #3867392   t=407.484986632791   Elapsed: 219.415s (3m 39s)  81% completed  (40% total)
     Speed:     ev/sec=23835   simsec/sec=2.70914   ev/simsec=8798.01
     Messages:  created: 3176472   present: 38044   in FES: 150
** Event #3916032   t=413.045673596174   Elapsed: 221.42s (3m 41s)  82% completed  (41% total)
     Speed:     ev/sec=24257   simsec/sec=2.77314   ev/simsec=8747.12
     Messages:  created: 3216428   present: 38684   in FES: 140
** Event #3955712   t=417.061263676035   Elapsed: 223.428s (3m 43s)  83% completed  (41% total)
     Speed:     ev/sec=19760.1   simsec/sec=1.99971   ev/simsec=9881.49
     Messages:  created: 3248567   present: 39198   in FES: 151
** Event #3994368   t=421.052957931675   Elapsed: 225.441s (3m 45s)  84% completed  (42% total)
     Speed:     ev/sec=19204.3   simsec/sec=1.98308   ev/simsec=9684.11
     Messages:  created: 3279739   present: 39675   in FES: 154
** Event #4035328   t=425.077482248959   Elapsed: 227.455s (3m 47s)  85% completed  (42% total)
     Speed:     ev/sec=20333.6   simsec/sec=1.99788   ev/simsec=10177.6
     Messages:  created: 3312826   present: 40104   in FES: 130
** Event #4075008   t=429.083319866425   Elapsed: 229.456s (3m 49s)  85% completed  (42% total)
     Speed:     ev/sec=19838.3   simsec/sec=2.00275   ev/simsec=9905.54
     Messages:  created: 3344786   present: 40572   in FES: 126
** Event #4107264   t=432.326680592032   Elapsed: 231.473s (3m 51s)  86% completed  (43% total)
     Speed:     ev/sec=15988.4   simsec/sec=1.60764   ev/simsec=9945.24
     Messages:  created: 3370790   present: 40957   in FES: 127
** Event #4145920   t=436.306638545996   Elapsed: 233.48s (3m 53s)  87% completed  (43% total)
     Speed:     ev/sec=19262.1   simsec/sec=1.98319   ev/simsec=9712.67
     Messages:  created: 3401942   present: 41453   in FES: 135
** Event #4184832   t=440.306637874859   Elapsed: 235.487s (3m 55s)  88% completed  (44% total)
     Speed:     ev/sec=19383.8   simsec/sec=1.99258   ev/simsec=9728
     Messages:  created: 3433332   present: 41984   in FES: 152
** Event #4223488   t=444.260345560415   Elapsed: 237.504s (3m 57s)  88% completed  (44% total)
     Speed:     ev/sec=19169.6   simsec/sec=1.96065   ev/simsec=9777.15
     Messages:  created: 3464416   present: 42416   in FES: 138
** Event #4262144   t=448.236807172365   Elapsed: 239.515s (3m 59s)  89% completed  (44% total)
     Speed:     ev/sec=19224.9   simsec/sec=1.97762   ev/simsec=9721.21
     Messages:  created: 3495648   present: 43033   in FES: 185
** Event #4300544   t=452.173654796788   Elapsed: 241.517s (4m 01s)  90% completed  (45% total)
     Speed:     ev/sec=19176.2   simsec/sec=1.96598   ev/simsec=9754
     Messages:  created: 3526480   present: 43325   in FES: 123
** Event #4339200   t=456.108353372893   Elapsed: 243.525s (4m 03s)  91% completed  (45% total)
     Speed:     ev/sec=19248.7   simsec/sec=1.95928   ev/simsec=9824.39
     Messages:  created: 3557649   present: 43864   in FES: 145
** Event #4380160   t=460.326676323729   Elapsed: 245.547s (4m 05s)  92% completed  (46% total)
     Speed:     ev/sec=20260.7   simsec/sec=2.08657   ev/simsec=9710.02
     Messages:  created: 3590732   present: 44378   in FES: 148
** Event #4416512   t=464.094375136449   Elapsed: 247.557s (4m 07s)  92% completed  (46% total)
     Speed:     ev/sec=18085.2   simsec/sec=1.87444   ev/simsec=9648.33
     Messages:  created: 3620071   present: 44831   in FES: 154
** Event #4457984   t=468.32667704628   Elapsed: 249.564s (4m 09s)  93% completed  (46% total)
     Speed:     ev/sec=20664.4   simsec/sec=2.10885   ev/simsec=9798.92
     Messages:  created: 3653590   present: 45323   in FES: 143
** Event #4497408   t=472.379310049128   Elapsed: 251.57s (4m 11s)  94% completed  (47% total)
     Speed:     ev/sec=19650.5   simsec/sec=2.02   ev/simsec=9728
     Messages:  created: 3685516   present: 45844   in FES: 171
** Event #4531712   t=476.074837561252   Elapsed: 253.589s (4m 13s)  95% completed  (47% total)
     Speed:     ev/sec=16993.1   simsec/sec=1.83065   ev/simsec=9282.57
     Messages:  created: 3713294   present: 1303   in FES: 154
** Event #4570368   t=480.069820289058   Elapsed: 255.596s (4m 15s)  96% completed  (48% total)
     Speed:     ev/sec=19257.9   simsec/sec=1.99025   ev/simsec=9676.14
     Messages:  created: 3744513   present: 1746   in FES: 132
** Event #4608512   t=484.064046219276   Elapsed: 257.599s (4m 17s)  96% completed  (48% total)
     Speed:     ev/sec=19042.3   simsec/sec=1.994   ev/simsec=9549.79
     Messages:  created: 3775322   present: 2257   in FES: 146
** Event #4648448   t=488.077423477993   Elapsed: 259.606s (4m 19s)  97% completed  (48% total)
     Speed:     ev/sec=19903.5   simsec/sec=2.0002   ev/simsec=9950.72
     Messages:  created: 3807706   present: 2743   in FES: 154
** Event #4684544   t=492.006076785975   Elapsed: 261.608s (4m 21s)  98% completed  (49% total)
     Speed:     ev/sec=18022.9   simsec/sec=1.9616   ev/simsec=9187.88
     Messages:  created: 3836366   present: 3202   in FES: 145
** Event #4714752   t=494.451596562304   Elapsed: 263.617s (4m 23s)  98% completed  (49% total)
     Speed:     ev/sec=15038.2   simsec/sec=1.21743   ev/simsec=12352.4
     Messages:  created: 3860128   present: 3505   in FES: 148
** Event #4745472   t=497.360447910271   Elapsed: 265.622s (4m 25s)  99% completed  (49% total)
     Speed:     ev/sec=15323.9   simsec/sec=1.451   ev/simsec=10560.9
     Messages:  created: 3883961   present: 3817   in FES: 135
** Event #4767978   t=500   Elapsed: 267.152s (4m 27s)  100% completed  (50% total)
     Speed:     ev/sec=14706.7   simsec/sec=1.71855   ev/simsec=8557.63
     Messages:  created: 3901372   present: 4092   in FES: 122

<!> Simulation time limit reached -- at t=500s, event #4767978
undisposed object: (omnetpp::cMessage) FanetSarNetwork.groundStation.app.debugTimer -- check module destructor
undisposed object: (omnetpp::cMessage) FanetSarNetwork.uav[0].app.debugTimer -- check module destructor
undisposed object: (omnetpp::cMessage) FanetSarNetwork.uav[1].app.debugTimer -- check module destructor
undisposed object: (omnetpp::cMessage) FanetSarNetwork.uav[2].app.debugTimer -- check module destructor
undisposed object: (omnetpp::cMessage) FanetSarNetwork.uav[3].app.debugTimer -- check module destructor
undisposed object: (omnetpp::cMessage) FanetSarNetwork.uav[4].app.debugTimer -- check module destructor
undisposed object: (omnetpp::cMessage) FanetSarNetwork.uav[5].app.debugTimer -- check module destructor
undisposed object: (omnetpp::cMessage) FanetSarNetwork.uav[6].app.debugTimer -- check module destructor
undisposed object: (omnetpp::cMessage) FanetSarNetwork.uav[7].app.debugTimer -- check module destructor
undisposed object: (omnetpp::cMessage) FanetSarNetwork.uav[8].app.debugTimer -- check module destructor
undisposed object: (omnetpp::cMessage) FanetSarNetwork.uav[9].app.debugTimer -- check module destructor
undisposed object: (omnetpp::cMessage) FanetSarNetwork.uav[10].app.debugTimer -- check module destructor
undisposed object: (omnetpp::cMessage) FanetSarNetwork.uav[11].app.debugTimer -- check module destructor
undisposed object: (omnetpp::cMessage) FanetSarNetwork.uav[12].app.debugTimer -- check module destructor
undisposed object: (omnetpp::cMessage) FanetSarNetwork.uav[13].app.debugTimer -- check module destructor
undisposed object: (omnetpp::cMessage) FanetSarNetwork.uav[14].app.debugTimer -- check module destructor
undisposed object: (omnetpp::cMessage) FanetSarNetwork.uav[15].app.debugTimer -- check module destructor
undisposed object: (omnetpp::cMessage) FanetSarNetwork.uav[16].app.debugTimer -- check module destructor
undisposed object: (omnetpp::cMessage) FanetSarNetwork.uav[17].app.debugTimer -- check module destructor
undisposed object: (omnetpp::cMessage) FanetSarNetwork.uav[18].app.debugTimer -- check module destructor
undisposed object: (omnetpp::cMessage) FanetSarNetwork.uav[19].app.debugTimer -- check module destructor
undisposed object: (omnetpp::cMessage) FanetSarNetwork.uav[20].app.debugTimer -- check module destructor
undisposed object: (omnetpp::cMessage) FanetSarNetwork.uav[21].app.debugTimer -- check module destructor
undisposed object: (omnetpp::cMessage) FanetSarNetwork.uav[22].app.debugTimer -- check module destructor
undisposed object: (omnetpp::cMessage) FanetSarNetwork.uav[23].app.debugTimer -- check module destructor
undisposed object: (omnetpp::cMessage) FanetSarNetwork.uav[24].app.debugTimer -- check module destructor
undisposed object: (omnetpp::cMessage) FanetSarNetwork.uav[25].app.debugTimer -- check module destructor
undisposed object: (omnetpp::cMessage) FanetSarNetwork.uav[26].app.debugTimer -- check module destructor
undisposed object: (omnetpp::cMessage) FanetSarNetwork.uav[27].app.debugTimer -- check module destructor
undisposed object: (omnetpp::cMessage) FanetSarNetwork.uav[28].app.debugTimer -- check module destructor
undisposed object: (omnetpp::cMessage) FanetSarNetwork.uav[29].app.debugTimer -- check module destructor
