** Event #0   t=0   Elapsed: 1.9e-05s (0m 00s)  0% completed  (0% total)
     Speed:     ev/sec=0   simsec/sec=0   ev/simsec=0
     Messages:  created: 1178   present: 1178   in FES: 186
** Event #49920   t=5.273881838961   Elapsed: 2.00496s (0m 02s)  1% completed  (0% total)
     Speed:     ev/sec=24898.9   simsec/sec=2.63044   ev/simsec=9465.7
     Messages:  created: 40110   present: 1159   in FES: 136
** Event #93696   t=10.076799467033   Elapsed: 4.00851s (0m 04s)  2% completed  (1% total)
     Speed:     ev/sec=21849.3   simsec/sec=2.39721   ev/simsec=9114.46
     Messages:  created: 76608   present: 1197   in FES: 154
** Event #134656   t=14.464265033905   Elapsed: 6.02213s (0m 06s)  2% completed  (1% total)
     Speed:     ev/sec=20341.4   simsec/sec=2.17889   ev/simsec=9335.69
     Messages:  created: 110646   present: 1148   in FES: 133
** Event #168448   t=18.048428424168   Elapsed: 8.02934s (0m 08s)  3% completed  (1% total)
     Speed:     ev/sec=16835.3   simsec/sec=1.78564   ev/simsec=9428.14
     Messages:  created: 137551   present: 1125   in FES: 124
** Event #196864   t=20.440529834895   Elapsed: 10.0456s (0m 10s)  4% completed  (2% total)
     Speed:     ev/sec=14093.3   simsec/sec=1.18639   ev/simsec=11879.1
     Messages:  created: 159364   present: 1137   in FES: 130
** Event #227328   t=23.09894415785   Elapsed: 12.0458s (0m 12s)  4% completed  (2% total)
     Speed:     ev/sec=15231   simsec/sec=1.32912   ev/simsec=11459.5
     Messages:  created: 182510   present: 1164   in FES: 137
** Event #256768   t=26.043823182462   Elapsed: 14.0462s (0m 14s)  5% completed  (2% total)
     Speed:     ev/sec=14716.6   simsec/sec=1.4721   ev/simsec=9997.02
     Messages:  created: 204776   present: 1170   in FES: 139
** Event #284928   t=28.351006819525   Elapsed: 16.0572s (0m 16s)  5% completed  (2% total)
     Speed:     ev/sec=14003.3   simsec/sec=1.14731   ev/simsec=12205.4
     Messages:  created: 226226   present: 1161   in FES: 138
** Event #309504   t=30.440533749998   Elapsed: 18.0736s (0m 18s)  6% completed  (3% total)
     Speed:     ev/sec=12187.7   simsec/sec=1.03624   ev/simsec=11761.5
     Messages:  created: 244384   present: 1140   in FES: 131
** Event #332800   t=32.203526819709   Elapsed: 20.0754s (0m 20s)  6% completed  (3% total)
     Speed:     ev/sec=11637.4   simsec/sec=0.880695   ev/simsec=13213.9
     Messages:  created: 260890   present: 1202   in FES: 151
** Event #350976   t=34.000747747816   Elapsed: 22.0952s (0m 22s)  6% completed  (3% total)
     Speed:     ev/sec=8998.96   simsec/sec=0.889806   ev/simsec=10113.4
     Messages:  created: 273516   present: 1157   in FES: 136
** Event #374016   t=35.364352368569   Elapsed: 24.1198s (0m 24s)  7% completed  (3% total)
     Speed:     ev/sec=11380   simsec/sec=0.673519   ev/simsec=16896.4
     Messages:  created: 289833   present: 1210   in FES: 154
** Event #399104   t=37.251545496308   Elapsed: 26.1271s (0m 26s)  7% completed  (3% total)
     Speed:     ev/sec=12498.4   simsec/sec=0.940169   ev/simsec=13293.8
     Messages:  created: 307436   present: 1205   in FES: 152
** Event #421120   t=39.067799725405   Elapsed: 28.1454s (0m 28s)  7% completed  (3% total)
     Speed:     ev/sec=10908.5   simsec/sec=0.899919   ev/simsec=12121.7
     Messages:  created: 322909   present: 1153   in FES: 133
** Event #441088   t=40.467657744072   Elapsed: 30.1606s (0m 30s)  8% completed  (4% total)
     Speed:     ev/sec=9908.7   simsec/sec=0.69465   ev/simsec=14264.3
     Messages:  created: 337142   present: 1144   in FES: 131
** Event #463872   t=42.252423145787   Elapsed: 32.1809s (0m 32s)  8% completed  (4% total)
     Speed:     ev/sec=11277.3   simsec/sec=0.883396   ev/simsec=12765.8
     Messages:  created: 353420   present: 1162   in FES: 137
** Event #485120   t=44.067799494923   Elapsed: 34.2228s (0m 34s)  8% completed  (4% total)
     Speed:     ev/sec=10406.1   simsec/sec=0.889073   ev/simsec=11704.5
     Messages:  created: 368541   present: 1174   in FES: 140
** Event #505344   t=45.470274246753   Elapsed: 36.248s (0m 36s)  9% completed  (4% total)
     Speed:     ev/sec=9985.83   simsec/sec=0.692488   ev/simsec=14420.2
     Messages:  created: 382996   present: 1169   in FES: 138
** Event #529152   t=47.393010059055   Elapsed: 38.2619s (0m 38s)  9% completed  (4% total)
     Speed:     ev/sec=11822.3   simsec/sec=0.954767   ev/simsec=12382.4
     Messages:  created: 399982   present: 1193   in FES: 148
** Event #552960   t=49.273477745725   Elapsed: 40.2667s (0m 40s)  9% completed  (4% total)
     Speed:     ev/sec=11875.4   simsec/sec=0.937978   ev/simsec=12660.7
     Messages:  created: 416896   present: 1145   in FES: 132
** Event #576768   t=51.163947943048   Elapsed: 42.2837s (0m 42s)  10% completed  (5% total)
     Speed:     ev/sec=11803.6   simsec/sec=0.937265   ev/simsec=12593.7
     Messages:  created: 433898   present: 1163   in FES: 138
** Event #598016   t=53.061574606423   Elapsed: 44.2882s (0m 44s)  10% completed  (5% total)
     Speed:     ev/sec=10600.2   simsec/sec=0.94669   ev/simsec=11197.1
     Messages:  created: 449142   present: 1209   in FES: 152
** Event #620288   t=55.050863047712   Elapsed: 46.3007s (0m 46s)  11% completed  (5% total)
     Speed:     ev/sec=11066.8   simsec/sec=0.988467   ev/simsec=11196
     Messages:  created: 465746   present: 1210   in FES: 151
** Event #646144   t=57.273346370086   Elapsed: 48.3084s (0m 48s)  11% completed  (5% total)
     Speed:     ev/sec=12878.3   simsec/sec=1.10697   ev/simsec=11633.8
     Messages:  created: 485657   present: 1117   in FES: 123
** Event #677120   t=60.203490909279   Elapsed: 50.3136s (0m 50s)  12% completed  (6% total)
     Speed:     ev/sec=15447.6   simsec/sec=1.46125   ev/simsec=10571.5
     Messages:  created: 509758   present: 1193   in FES: 148
** Event #707328   t=63.098944117085   Elapsed: 52.3279s (0m 52s)  12% completed  (6% total)
     Speed:     ev/sec=14997.2   simsec/sec=1.43749   ev/simsec=10432.9
     Messages:  created: 533412   present: 1173   in FES: 140
** Event #738304   t=66.170907065213   Elapsed: 54.3468s (0m 54s)  13% completed  (6% total)
     Speed:     ev/sec=15343.1   simsec/sec=1.52161   ev/simsec=10083.5
     Messages:  created: 557756   present: 1193   in FES: 148
** Event #770304   t=69.388892603767   Elapsed: 56.3692s (0m 56s)  13% completed  (6% total)
     Speed:     ev/sec=15822.4   simsec/sec=1.59113   ev/simsec=9944.11
     Messages:  created: 583098   present: 1173   in FES: 142
** Event #800768   t=72.399560007514   Elapsed: 58.3848s (0m 58s)  14% completed  (7% total)
     Speed:     ev/sec=15114.1   simsec/sec=1.49368   ev/simsec=10118.7
     Messages:  created: 607170   present: 1118   in FES: 123
** Event #831744   t=75.364475109393   Elapsed: 60.4028s (1m 00s)  15% completed  (7% total)
     Speed:     ev/sec=15349.7   simsec/sec=1.46922   ev/simsec=10447.5
     Messages:  created: 631230   present: 1206   in FES: 153
** Event #859904   t=78.064464102595   Elapsed: 62.4037s (1m 02s)  15% completed  (7% total)
     Speed:     ev/sec=14074.2   simsec/sec=1.34944   ev/simsec=10429.7
     Messages:  created: 652619   present: 1202   in FES: 154
** Event #886528   t=80.351031107255   Elapsed: 64.4189s (1m 04s)  16% completed  (8% total)
     Speed:     ev/sec=13211.3   simsec/sec=1.13464   ev/simsec=11643.7
     Messages:  created: 672796   present: 1152   in FES: 135
** Event #912896   t=83.031127678442   Elapsed: 66.4273s (1m 06s)  16% completed  (8% total)
     Speed:     ev/sec=13128.6   simsec/sec=1.33442   ev/simsec=9838.45
     Messages:  created: 692853   present: 1204   in FES: 154
** Event #943104   t=85.469499223224   Elapsed: 68.4486s (1m 08s)  17% completed  (8% total)
     Speed:     ev/sec=14945.1   simsec/sec=1.20636   ev/simsec=12388.6
     Messages:  created: 715796   present: 1164   in FES: 137
** Event #973312   t=88.252423563982   Elapsed: 70.4731s (1m 10s)  17% completed  (8% total)
     Speed:     ev/sec=14921.2   simsec/sec=1.37463   ev/simsec=10854.8
     Messages:  created: 738922   present: 1168   in FES: 139
** Event #1001472   t=91.048277603736   Elapsed: 72.4745s (1m 12s)  18% completed  (9% total)
     Speed:     ev/sec=14070.2   simsec/sec=1.39696   ev/simsec=10072.1
     Messages:  created: 760352   present: 1139   in FES: 128
** Event #1029632   t=93.372300443742   Elapsed: 74.4773s (1m 14s)  18% completed  (9% total)
     Speed:     ev/sec=14060.5   simsec/sec=1.16041   ev/simsec=12116.9
     Messages:  created: 781906   present: 1190   in FES: 147
** Event #1060352   t=96.098890034891   Elapsed: 76.4863s (1m 16s)  19% completed  (9% total)
     Speed:     ev/sec=15290.7   simsec/sec=1.35714   ev/simsec=11266.8
     Messages:  created: 805377   present: 1200   in FES: 154
** Event #1088512   t=99.012888798349   Elapsed: 78.4872s (1m 18s)  19% completed  (9% total)
     Speed:     ev/sec=14073.9   simsec/sec=1.45637   ev/simsec=9663.7
     Messages:  created: 826734   present: 1150   in FES: 131
** Event #1116928   t=101.00094358742   Elapsed: 80.4962s (1m 20s)  20% completed  (10% total)
     Speed:     ev/sec=14144.6   simsec/sec=0.989591   ev/simsec=14293.4
     Messages:  created: 852215   present: 1286   in FES: 173
** Event #1143552   t=103.04382354325   Elapsed: 82.4967s (1m 22s)  20% completed  (10% total)
     Speed:     ev/sec=13308.3   simsec/sec=1.02115   ev/simsec=13032.6
     Messages:  created: 872431   present: 1495   in FES: 160
** Event #1171712   t=105.031181013104   Elapsed: 84.502s (1m 24s)  21% completed  (10% total)
     Speed:     ev/sec=14043.1   simsec/sec=0.991078   ev/simsec=14169.6
     Messages:  created: 896953   present: 1736   in FES: 141
** Event #1199360   t=107.273348019089   Elapsed: 86.5221s (1m 26s)  21% completed  (10% total)
     Speed:     ev/sec=13686.4   simsec/sec=1.10992   ev/simsec=12330.9
     Messages:  created: 918104   present: 2028   in FES: 154
** Event #1229056   t=110.170804867637   Elapsed: 88.5324s (1m 28s)  22% completed  (11% total)
     Speed:     ev/sec=14772.1   simsec/sec=1.44132   ev/simsec=10249
     Messages:  created: 941440   present: 2295   in FES: 124
** Event #1261824   t=113.477193087944   Elapsed: 90.5345s (1m 30s)  22% completed  (11% total)
     Speed:     ev/sec=16366.6   simsec/sec=1.65143   ev/simsec=9910.51
     Messages:  created: 967961   present: 2785   in FES: 152
** Event #1301760   t=118.005185492053   Elapsed: 92.5401s (1m 32s)  23% completed  (11% total)
     Speed:     ev/sec=19912   simsec/sec=2.25765   ev/simsec=8819.8
     Messages:  created: 999980   present: 3243   in FES: 124
** Event #1337856   t=121.364457100444   Elapsed: 94.5432s (1m 34s)  24% completed  (12% total)
     Speed:     ev/sec=18019.9   simsec/sec=1.67702   ev/simsec=10745.2
     Messages:  created: 1029322   present: 3657   in FES: 129
** Event #1376768   t=125.372276331748   Elapsed: 96.5497s (1m 36s)  25% completed  (12% total)
     Speed:     ev/sec=19393.8   simsec/sec=1.9975   ev/simsec=9709.02
     Messages:  created: 1060845   present: 4210   in FES: 153
** Event #1416192   t=129.441041353624   Elapsed: 98.5571s (1m 38s)  25% completed  (12% total)
     Speed:     ev/sec=19638.4   simsec/sec=2.02679   ev/simsec=9689.43
     Messages:  created: 1092674   present: 4607   in FES: 123
** Event #1456896   t=134.000905599497   Elapsed: 100.565s (1m 40s)  26% completed  (13% total)
     Speed:     ev/sec=20273.9   simsec/sec=2.27119   ev/simsec=8926.58
     Messages:  created: 1125427   present: 5170   in FES: 127
** Event #1500416   t=138.32298350388   Elapsed: 102.573s (1m 42s)  27% completed  (13% total)
     Speed:     ev/sec=21674.7   simsec/sec=2.15257   ev/simsec=10069.2
     Messages:  created: 1161719   present: 5686   in FES: 127
** Event #1550080   t=144.472964918058   Elapsed: 104.574s (1m 44s)  28% completed  (14% total)
     Speed:     ev/sec=24811.5   simsec/sec=3.07246   ev/simsec=8075.47
     Messages:  created: 1206235   present: 6470   in FES: 139
** Event #1610240   t=152.322980810193   Elapsed: 106.575s (1m 46s)  30% completed  (15% total)
     Speed:     ev/sec=30066.2   simsec/sec=3.9232   ev/simsec=7663.68
     Messages:  created: 1261169   present: 7438   in FES: 151
** Event #1668352   t=160.048482661595   Elapsed: 108.579s (1m 48s)  32% completed  (16% total)
     Speed:     ev/sec=28999.4   simsec/sec=3.85523   ev/simsec=7522.1
     Messages:  created: 1314187   present: 8355   in FES: 146
** Event #1733632   t=168.364427066396   Elapsed: 110.58s (1m 50s)  33% completed  (16% total)
     Speed:     ev/sec=32621.7   simsec/sec=4.15564   ev/simsec=7849.98
     Messages:  created: 1374142   present: 9370   in FES: 154
** Event #1794560   t=176.246760953777   Elapsed: 112.587s (1m 52s)  35% completed  (17% total)
     Speed:     ev/sec=30362.3   simsec/sec=3.92801   ev/simsec=7729.69
     Messages:  created: 1429837   present: 10314   in FES: 153
** Event #1852672   t=184.01124367086   Elapsed: 114.59s (1m 54s)  36% completed  (18% total)
     Speed:     ev/sec=29010.2   simsec/sec=3.87612   ev/simsec=7484.34
     Messages:  created: 1482510   present: 11244   in FES: 150
** Event #1902592   t=189.350995514107   Elapsed: 116.594s (1m 56s)  37% completed  (18% total)
     Speed:     ev/sec=24911.4   simsec/sec=2.66468   ev/simsec=9348.75
     Messages:  created: 1525064   present: 11837   in FES: 137
** Event #1945344   t=194.048502180026   Elapsed: 118.607s (1m 58s)  38% completed  (19% total)
     Speed:     ev/sec=21237.6   simsec/sec=2.33355   ev/simsec=9101
     Messages:  created: 1560037   present: 12426   in FES: 143
** Event #1987328   t=198.260526874801   Elapsed: 120.623s (2m 00s)  39% completed  (19% total)
     Speed:     ev/sec=20826   simsec/sec=2.08936   ev/simsec=9967.65
     Messages:  created: 1594614   present: 12869   in FES: 124
** Event #2028544   t=203.004567103745   Elapsed: 122.628s (2m 02s)  40% completed  (20% total)
     Speed:     ev/sec=20562   simsec/sec=2.36673   ev/simsec=8687.95
     Messages:  created: 1628490   present: 13609   in FES: 185
** Event #2073344   t=207.372279457798   Elapsed: 124.633s (2m 04s)  41% completed  (20% total)
     Speed:     ev/sec=22340.7   simsec/sec=2.17807   ev/simsec=10257.1
     Messages:  created: 1665411   present: 13974   in FES: 127
** Event #2116352   t=212.064465278159   Elapsed: 126.639s (2m 06s)  42% completed  (21% total)
     Speed:     ev/sec=21433.4   simsec/sec=2.33839   ev/simsec=9165.88
     Messages:  created: 1700766   present: 14612   in FES: 154
** Event #2158592   t=216.364452790387   Elapsed: 128.647s (2m 08s)  43% completed  (21% total)
     Speed:     ev/sec=21043.6   simsec/sec=2.14221   ev/simsec=9823.28
     Messages:  created: 1735450   present: 15057   in FES: 129
** Event #2191360   t=219.364480148824   Elapsed: 130.649s (2m 10s)  43% completed  (21% total)
     Speed:     ev/sec=16366.4   simsec/sec=1.4984   ev/simsec=10922.6
     Messages:  created: 1760574   present: 15442   in FES: 138
** Event #2216960   t=221.477218229823   Elapsed: 132.677s (2m 12s)  44% completed  (22% total)
     Speed:     ev/sec=12623.9   simsec/sec=1.04184   ev/simsec=12117
     Messages:  created: 1779557   present: 15703   in FES: 138
** Event #2242560   t=223.671021602281   Elapsed: 134.678s (2m 14s)  44% completed  (22% total)
     Speed:     ev/sec=12791.2   simsec/sec=1.09615   ev/simsec=11669.2
     Messages:  created: 1799453   present: 16007   in FES: 161
** Event #2270208   t=225.465884006443   Elapsed: 136.704s (2m 16s)  45% completed  (22% total)
     Speed:     ev/sec=13648.1   simsec/sec=0.886013   ev/simsec=15404
     Messages:  created: 1822787   present: 16182   in FES: 160
** Event #2294016   t=227.231306132904   Elapsed: 138.708s (2m 18s)  45% completed  (22% total)
     Speed:     ev/sec=11882.1   simsec/sec=0.881091   ev/simsec=13485.7
     Messages:  created: 1841217   present: 16429   in FES: 174
** Event #2314752   t=229.000932244225   Elapsed: 140.72s (2m 20s)  45% completed  (22% total)
     Speed:     ev/sec=10301.4   simsec/sec=0.879133   ev/simsec=11717.7
     Messages:  created: 1857438   present: 16619   in FES: 144
** Event #2338816   t=230.392880456716   Elapsed: 142.757s (2m 22s)  46% completed  (23% total)
     Speed:     ev/sec=11818.4   simsec/sec=0.683618   ev/simsec=17288
     Messages:  created: 1874312   present: 16797   in FES: 154
** Event #2360064   t=232.068225319288   Elapsed: 144.774s (2m 24s)  46% completed  (23% total)
     Speed:     ev/sec=10534.6   simsec/sec=0.830626   ev/simsec=12682.8
     Messages:  created: 1888884   present: 16935   in FES: 124
** Event #2379520   t=233.393009952727   Elapsed: 146.783s (2m 26s)  46% completed  (23% total)
     Speed:     ev/sec=9683.5   simsec/sec=0.659362   ev/simsec=14686.2
     Messages:  created: 1902467   present: 17156   in FES: 148
** Event #2404096   t=235.203528313019   Elapsed: 148.792s (2m 28s)  47% completed  (23% total)
     Speed:     ev/sec=12233.3   simsec/sec=0.90123   ev/simsec=13574
     Messages:  created: 1919491   present: 17320   in FES: 130
** Event #2424064   t=237.029757826077   Elapsed: 150.794s (2m 30s)  47% completed  (23% total)
     Speed:     ev/sec=9971.94   simsec/sec=0.912012   ev/simsec=10934
     Messages:  created: 1933324   present: 17520   in FES: 124
** Event #2446080   t=238.46587170788   Elapsed: 152.838s (2m 32s)  47% completed  (23% total)
     Speed:     ev/sec=10773.6   simsec/sec=0.702769   ev/simsec=15330.3
     Messages:  created: 1949141   present: 17736   in FES: 138
** Event #2469120   t=240.388916811415   Elapsed: 154.881s (2m 34s)  48% completed  (24% total)
     Speed:     ev/sec=11278   simsec/sec=0.941322   ev/simsec=11981
     Messages:  created: 1965979   present: 17936   in FES: 128
** Event #2492160   t=242.388916197726   Elapsed: 156.899s (2m 36s)  48% completed  (24% total)
     Speed:     ev/sec=11414.3   simsec/sec=0.990826   ev/simsec=11520
     Messages:  created: 1983155   present: 18194   in FES: 134
** Event #2516224   t=244.47723789606   Elapsed: 158.915s (2m 38s)  48% completed  (24% total)
     Speed:     ev/sec=11939.2   simsec/sec=1.0361   ev/simsec=11523.1
     Messages:  created: 2001388   present: 18463   in FES: 138
** Event #2546944   t=247.465752792079   Elapsed: 160.943s (2m 40s)  49% completed  (24% total)
     Speed:     ev/sec=15147.1   simsec/sec=1.47355   ev/simsec=10279.4
     Messages:  created: 2025180   present: 18772   in FES: 124
** Event #2575360   t=250.364455127539   Elapsed: 162.944s (2m 42s)  50% completed  (25% total)
     Speed:     ev/sec=14198.8   simsec/sec=1.44842   ev/simsec=9803.01
     Messages:  created: 2048133   present: 19207   in FES: 153
** Event #2614016   t=254.372304927756   Elapsed: 164.955s (2m 44s)  50% completed  (25% total)
     Speed:     ev/sec=19225.3   simsec/sec=1.99328   ev/simsec=9645.07
     Messages:  created: 2079556   present: 19660   in FES: 143
** Event #2652416   t=258.372198289144   Elapsed: 166.963s (2m 46s)  51% completed  (25% total)
     Speed:     ev/sec=19120.2   simsec/sec=1.99164   ev/simsec=9600.26
     Messages:  created: 2110831   present: 20144   in FES: 154
** Event #2690560   t=262.273452434224   Elapsed: 168.983s (2m 48s)  52% completed  (26% total)
     Speed:     ev/sec=18886.7   simsec/sec=1.93167   ev/simsec=9777.37
     Messages:  created: 2141669   present: 20637   in FES: 153
** Event #2728192   t=266.079571260013   Elapsed: 170.987s (2m 50s)  53% completed  (26% total)
     Speed:     ev/sec=18778.7   simsec/sec=1.89929   ev/simsec=9887.24
     Messages:  created: 2171732   present: 21048   in FES: 135
** Event #2762752   t=269.472958997385   Elapsed: 173s (2m 53s)  53% completed  (26% total)
     Speed:     ev/sec=17165.1   simsec/sec=1.68541   ev/simsec=10184.5
     Messages:  created: 2199268   present: 21504   in FES: 151
** Event #2799616   t=273.323005762166   Elapsed: 175.022s (2m 55s)  54% completed  (27% total)
     Speed:     ev/sec=18232.4   simsec/sec=1.90418   ev/simsec=9574.95
     Messages:  created: 2229064   present: 21917   in FES: 138
** Event #2836736   t=277.095926896012   Elapsed: 177.036s (2m 57s)  55% completed  (27% total)
     Speed:     ev/sec=18429.7   simsec/sec=1.87322   ev/simsec=9838.53
     Messages:  created: 2259131   present: 22398   in FES: 154
** Event #2863616   t=280.031180651249   Elapsed: 179.045s (2m 59s)  56% completed  (28% total)
     Speed:     ev/sec=13377.1   simsec/sec=1.46076   ev/simsec=9157.64
     Messages:  created: 2280248   present: 22769   in FES: 152
** Event #2897152   t=283.262397314781   Elapsed: 181.064s (3m 01s)  56% completed  (28% total)
     Speed:     ev/sec=16610.8   simsec/sec=1.60046   ev/simsec=10378.8
     Messages:  created: 2307738   present: 23066   in FES: 122
** Event #2936576   t=287.443283249048   Elapsed: 183.069s (3m 03s)  57% completed  (28% total)
     Speed:     ev/sec=19669.7   simsec/sec=2.08595   ev/simsec=9429.58
     Messages:  created: 2340100   present: 23658   in FES: 153
** Event #2976512   t=292.00456615414   Elapsed: 185.076s (3m 05s)  58% completed  (29% total)
     Speed:     ev/sec=19891.6   simsec/sec=2.27192   ev/simsec=8755.43
     Messages:  created: 2372674   present: 24215   in FES: 155
** Event #3019776   t=296.274180630443   Elapsed: 187.085s (3m 07s)  59% completed  (29% total)
     Speed:     ev/sec=21536.9   simsec/sec=2.12542   ev/simsec=10133
     Messages:  created: 2408717   present: 24700   in FES: 146
** Event #3075840   t=303.470225183278   Elapsed: 189.095s (3m 09s)  60% completed  (30% total)
     Speed:     ev/sec=27897.5   simsec/sec=3.58076   ev/simsec=7790.95
     Messages:  created: 2459757   present: 25556   in FES: 142
** Event #3139840   t=312.068824612894   Elapsed: 191.101s (3m 11s)  62% completed  (31% total)
     Speed:     ev/sec=31903.8   simsec/sec=4.28637   ev/simsec=7443.07
     Messages:  created: 2518610   present: 26613   in FES: 154
** Event #3196160   t=319.38878550892   Elapsed: 193.183s (3m 13s)  63% completed  (31% total)
     Speed:     ev/sec=27054.9   simsec/sec=3.51635   ev/simsec=7694.03
     Messages:  created: 2570471   present: 27472   in FES: 154
** Event #3257344   t=327.252292608909   Elapsed: 195.186s (3m 15s)  65% completed  (32% total)
     Speed:     ev/sec=30546.6   simsec/sec=3.92592   ev/simsec=7780.75
     Messages:  created: 2626194   present: 28419   in FES: 154
** Event #3309568   t=333.252395905206   Elapsed: 197.203s (3m 17s)  66% completed  (33% total)
     Speed:     ev/sec=25886   simsec/sec=2.97408   ev/simsec=8703.85
     Messages:  created: 2670898   present: 29125   in FES: 142
** Event #3353856   t=338.163924668017   Elapsed: 199.211s (3m 19s)  67% completed  (33% total)
     Speed:     ev/sec=22054.8   simsec/sec=2.44588   ev/simsec=9017.15
     Messages:  created: 2708057   present: 29702   in FES: 140
** Event #3397888   t=343.440407544108   Elapsed: 201.214s (3m 21s)  68% completed  (34% total)
     Speed:     ev/sec=21979.8   simsec/sec=2.6339   ev/simsec=8344.95
     Messages:  created: 2746435   present: 30378   in FES: 154
** Event #3453184   t=350.009642676899   Elapsed: 203.216s (3m 23s)  70% completed  (35% total)
     Speed:     ev/sec=27623.2   simsec/sec=3.28167   ev/simsec=8417.42
     Messages:  created: 2799549   present: 31183   in FES: 176
** Event #3512576   t=357.38886348136   Elapsed: 205.226s (3m 25s)  71% completed  (35% total)
     Speed:     ev/sec=29555.3   simsec/sec=3.67213   ev/simsec=8048.55
     Messages:  created: 2854876   present: 32031   in FES: 147
** Event #3571200   t=365.171211860812   Elapsed: 207.229s (3m 27s)  73% completed  (36% total)
     Speed:     ev/sec=29262.2   simsec/sec=3.88457   ev/simsec=7532.94
     Messages:  created: 2908706   present: 32897   in FES: 123
** Event #3634432   t=374.000676634434   Elapsed: 209.235s (3m 29s)  74% completed  (37% total)
     Speed:     ev/sec=31518.7   simsec/sec=4.40114   ev/simsec=7161.48
     Messages:  created: 2966521   present: 33970   in FES: 127
** Event #3695872   t=382.005223100614   Elapsed: 211.24s (3m 31s)  76% completed  (38% total)
     Speed:     ev/sec=30643   simsec/sec=3.99225   ev/simsec=7675.64
     Messages:  created: 3022741   present: 34948   in FES: 131
** Event #3741952   t=387.074548641066   Elapsed: 213.245s (3m 33s)  77% completed  (38% total)
     Speed:     ev/sec=22984.8   simsec/sec=2.52859   ev/simsec=9089.97
     Messages:  created: 3062629   present: 35575   in FES: 136
** Event #3783680   t=391.392989535764   Elapsed: 215.255s (3m 35s)  78% completed  (39% total)
     Speed:     ev/sec=20764.1   simsec/sec=2.14888   ev/simsec=9662.75
     Messages:  created: 3096678   present: 36061   in FES: 129
** Event #3823360   t=396.00066826293   Elapsed: 217.269s (3m 37s)  79% completed  (39% total)
     Speed:     ev/sec=19701.3   simsec/sec=2.28773   ev/simsec=8611.71
     Messages:  created: 3129045   present: 36671   in FES: 148
** Event #3868928   t=400.470221902614   Elapsed: 219.273s (3m 39s)  80% completed  (40% total)
     Speed:     ev/sec=22736   simsec/sec=2.23007   ev/simsec=10195.2
     Messages:  created: 3166630   present: 37203   in FES: 145
** Event #3905792   t=404.467628690822   Elapsed: 221.282s (3m 41s)  80% completed  (40% total)
     Speed:     ev/sec=18349.6   simsec/sec=1.98976   ev/simsec=9221.98
     Messages:  created: 3196806   present: 37667   in FES: 141
** Event #3946496   t=409.050863212569   Elapsed: 223.284s (3m 43s)  81% completed  (40% total)
     Speed:     ev/sec=20335.5   simsec/sec=2.28976   ev/simsec=8881.06
     Messages:  created: 3230071   present: 38235   in FES: 146
** Event #3988992   t=413.469474057908   Elapsed: 225.289s (3m 45s)  82% completed  (41% total)
     Speed:     ev/sec=21190.8   simsec/sec=2.20336   ev/simsec=9617.5
     Messages:  created: 3265582   present: 38787   in FES: 153
** Event #4044032   t=420.730506643653   Elapsed: 227.293s (3m 47s)  84% completed  (42% total)
     Speed:     ev/sec=27462   simsec/sec=3.62286   ev/simsec=7580.19
     Messages:  created: 3315448   present: 39561   in FES: 123
** Event #4088320   t=426.009643940585   Elapsed: 229.295s (3m 49s)  85% completed  (42% total)
     Speed:     ev/sec=22129.7   simsec/sec=2.63787   ev/simsec=8389.25
     Messages:  created: 3353391   present: 40246   in FES: 137
** Event #4129024   t=430.064541686442   Elapsed: 231.296s (3m 51s)  86% completed  (43% total)
     Speed:     ev/sec=20337   simsec/sec=2.02596   ev/simsec=10038.2
     Messages:  created: 3386641   present: 40697   in FES: 126
** Event #4170240   t=434.273449233453   Elapsed: 233.316s (3m 53s)  86% completed  (43% total)
     Speed:     ev/sec=20403.3   simsec/sec=2.08355   ev/simsec=9792.56
     Messages:  created: 3420260   present: 41238   in FES: 140
** Event #4206848   t=438.096941428894   Elapsed: 235.328s (3m 55s)  87% completed  (43% total)
     Speed:     ev/sec=18197.3   simsec/sec=1.9006   ev/simsec=9574.49
     Messages:  created: 3449958   present: 41742   in FES: 152
** Event #4247040   t=442.372304357296   Elapsed: 237.334s (3m 57s)  88% completed  (44% total)
     Speed:     ev/sec=20029.4   simsec/sec=2.1306   ev/simsec=9400.84
     Messages:  created: 3482419   present: 42250   in FES: 153
** Event #4285184   t=446.273884935271   Elapsed: 239.347s (3m 59s)  89% completed  (44% total)
     Speed:     ev/sec=18950.8   simsec/sec=1.93839   ev/simsec=9776.55
     Messages:  created: 3513823   present: 42684   in FES: 143
** Event #4325376   t=450.270532838302   Elapsed: 241.361s (4m 01s)  90% completed  (45% total)
     Speed:     ev/sec=19959.1   simsec/sec=1.98471   ev/simsec=10056.4
     Messages:  created: 3547851   present: 43086   in FES: 122
** Event #4366592   t=454.364355519367   Elapsed: 243.361s (4m 03s)  90% completed  (45% total)
     Speed:     ev/sec=20605.7   simsec/sec=2.04668   ev/simsec=10067.9
     Messages:  created: 3582772   present: 43654   in FES: 154
** Event #4406528   t=458.274000608383   Elapsed: 245.383s (4m 05s)  91% completed  (45% total)
     Speed:     ev/sec=19752.6   simsec/sec=1.93374   ev/simsec=10214.7
     Messages:  created: 3616659   present: 44082   in FES: 145
** Event #4446464   t=462.246795491508   Elapsed: 247.399s (4m 07s)  92% completed  (46% total)
     Speed:     ev/sec=19810.7   simsec/sec=1.97075   ev/simsec=10052.4
     Messages:  created: 3650456   present: 44501   in FES: 131
** Event #4489216   t=466.464263191924   Elapsed: 249.405s (4m 09s)  93% completed  (46% total)
     Speed:     ev/sec=21308   simsec/sec=2.10202   ev/simsec=10136.9
     Messages:  created: 3686630   present: 45014   in FES: 140
** Event #4529920   t=470.465859905282   Elapsed: 251.413s (4m 11s)  94% completed  (47% total)
     Speed:     ev/sec=20270.3   simsec/sec=1.99277   ev/simsec=10171.9
     Messages:  created: 3721044   present: 45480   in FES: 140
** Event #4571392   t=474.477217286568   Elapsed: 253.422s (4m 13s)  94% completed  (47% total)
     Speed:     ev/sec=20649.3   simsec/sec=1.99729   ev/simsec=10338.6
     Messages:  created: 3756233   present: 41510   in FES: 174
** Event #4606464   t=478.070317630798   Elapsed: 255.426s (4m 15s)  95% completed  (47% total)
     Speed:     ev/sec=17496.7   simsec/sec=1.79252   ev/simsec=9760.93
     Messages:  created: 3785855   present: 2955   in FES: 153
** Event #4645120   t=482.042810502946   Elapsed: 257.43s (4m 17s)  96% completed  (48% total)
     Speed:     ev/sec=19296.6   simsec/sec=1.98302   ev/simsec=9730.92
     Messages:  created: 3818431   present: 3357   in FES: 137
** Event #4684288   t=486.042755685341   Elapsed: 259.43s (4m 19s)  97% completed  (48% total)
     Speed:     ev/sec=19576.9   simsec/sec=1.99924   ev/simsec=9792.13
     Messages:  created: 3852401   present: 3846   in FES: 154
** Event #4739584   t=492.472884929023   Elapsed: 261.432s (4m 21s)  98% completed  (49% total)
     Speed:     ev/sec=27616.9   simsec/sec=3.21145   ev/simsec=8599.52
     Messages:  created: 3905279   present: 4596   in FES: 154
** Event #4797751   t=500   Elapsed: 263.333s (4m 23s)  100% completed  (50% total)
     Speed:     ev/sec=30609   simsec/sec=3.95938   ev/simsec=7730.75
     Messages:  created: 3960577   present: 5395   in FES: 122

<!> Simulation time limit reached -- at t=500s, event #4797751
undisposed object: (omnetpp::cMessage) FanetSarNetwork.groundStation.app.debugTimer -- check module destructor
undisposed object: (omnetpp::cMessage) FanetSarNetwork.uav[0].app.debugTimer -- check module destructor
undisposed object: (omnetpp::cMessage) FanetSarNetwork.uav[1].app.debugTimer -- check module destructor
undisposed object: (omnetpp::cMessage) FanetSarNetwork.uav[2].app.debugTimer -- check module destructor
undisposed object: (omnetpp::cMessage) FanetSarNetwork.uav[3].app.debugTimer -- check module destructor
undisposed object: (omnetpp::cMessage) FanetSarNetwork.uav[4].app.debugTimer -- check module destructor
undisposed object: (omnetpp::cMessage) FanetSarNetwork.uav[5].app.debugTimer -- check module destructor
undisposed object: (omnetpp::cMessage) FanetSarNetwork.uav[6].app.debugTimer -- check module destructor
undisposed object: (omnetpp::cMessage) FanetSarNetwork.uav[7].app.debugTimer -- check module destructor
undisposed object: (omnetpp::cMessage) FanetSarNetwork.uav[8].app.debugTimer -- check module destructor
undisposed object: (omnetpp::cMessage) FanetSarNetwork.uav[9].app.debugTimer -- check module destructor
undisposed object: (omnetpp::cMessage) FanetSarNetwork.uav[10].app.debugTimer -- check module destructor
undisposed object: (omnetpp::cMessage) FanetSarNetwork.uav[11].app.debugTimer -- check module destructor
undisposed object: (omnetpp::cMessage) FanetSarNetwork.uav[12].app.debugTimer -- check module destructor
undisposed object: (omnetpp::cMessage) FanetSarNetwork.uav[13].app.debugTimer -- check module destructor
undisposed object: (omnetpp::cMessage) FanetSarNetwork.uav[14].app.debugTimer -- check module destructor
undisposed object: (omnetpp::cMessage) FanetSarNetwork.uav[15].app.debugTimer -- check module destructor
undisposed object: (omnetpp::cMessage) FanetSarNetwork.uav[16].app.debugTimer -- check module destructor
undisposed object: (omnetpp::cMessage) FanetSarNetwork.uav[17].app.debugTimer -- check module destructor
undisposed object: (omnetpp::cMessage) FanetSarNetwork.uav[18].app.debugTimer -- check module destructor
undisposed object: (omnetpp::cMessage) FanetSarNetwork.uav[19].app.debugTimer -- check module destructor
undisposed object: (omnetpp::cMessage) FanetSarNetwork.uav[20].app.debugTimer -- check module destructor
undisposed object: (omnetpp::cMessage) FanetSarNetwork.uav[21].app.debugTimer -- check module destructor
undisposed object: (omnetpp::cMessage) FanetSarNetwork.uav[22].app.debugTimer -- check module destructor
undisposed object: (omnetpp::cMessage) FanetSarNetwork.uav[23].app.debugTimer -- check module destructor
undisposed object: (omnetpp::cMessage) FanetSarNetwork.uav[24].app.debugTimer -- check module destructor
undisposed object: (omnetpp::cMessage) FanetSarNetwork.uav[25].app.debugTimer -- check module destructor
undisposed object: (omnetpp::cMessage) FanetSarNetwork.uav[26].app.debugTimer -- check module destructor
undisposed object: (omnetpp::cMessage) FanetSarNetwork.uav[27].app.debugTimer -- check module destructor
undisposed object: (omnetpp::cMessage) FanetSarNetwork.uav[28].app.debugTimer -- check module destructor
undisposed object: (omnetpp::cMessage) FanetSarNetwork.uav[29].app.debugTimer -- check module destructor
