** Event #0   t=0   Elapsed: 2.2e-05s (0m 00s)  0% completed  (0% total)
     Speed:     ev/sec=0   simsec/sec=0   ev/simsec=0
     Messages:  created: 1178   present: 1178   in FES: 186
** Event #69120   t=8.441487952786   Elapsed: 2.00992s (0m 02s)  1% completed  (0% total)
     Speed:     ev/sec=34390.3   simsec/sec=4.19995   ev/simsec=8188.25
     Messages:  created: 60686   present: 1208   in FES: 153
** Event #111616   t=13.122496666138   Elapsed: 4.02374s (0m 04s)  2% completed  (1% total)
     Speed:     ev/sec=21102.1   simsec/sec=2.32443   ev/simsec=9078.39
     Messages:  created: 96304   present: 1181   in FES: 154
** Event #145408   t=17.065973907176   Elapsed: 6.04126s (0m 06s)  3% completed  (1% total)
     Speed:     ev/sec=16749.4   simsec/sec=1.95462   ev/simsec=8569.09
     Messages:  created: 124826   present: 1217   in FES: 154
** Event #189952   t=22.068556537009   Elapsed: 8.04486s (0m 08s)  4% completed  (2% total)
     Speed:     ev/sec=22231.9   simsec/sec=2.49679   ev/simsec=8904.2
     Messages:  created: 162674   present: 1214   in FES: 153
** Event #230656   t=26.492775253812   Elapsed: 10.0497s (0m 10s)  5% completed  (2% total)
     Speed:     ev/sec=20302.8   simsec/sec=2.20676   ev/simsec=9200.27
     Messages:  created: 197034   present: 1182   in FES: 145
** Event #267008   t=31.021560447306   Elapsed: 12.053s (0m 12s)  6% completed  (3% total)
     Speed:     ev/sec=18146.2   simsec/sec=2.26068   ev/simsec=8026.88
     Messages:  created: 227916   present: 1185   in FES: 144
** Event #308224   t=35.353532373732   Elapsed: 14.0609s (0m 14s)  7% completed  (3% total)
     Speed:     ev/sec=20527.1   simsec/sec=2.15748   ev/simsec=9514.37
     Messages:  created: 263306   present: 1187   in FES: 154
** Event #354816   t=41.014024629979   Elapsed: 16.0652s (0m 16s)  8% completed  (4% total)
     Speed:     ev/sec=23246.3   simsec/sec=2.82421   ev/simsec=8231.09
     Messages:  created: 302904   present: 1129   in FES: 124
** Event #398336   t=46.004375799979   Elapsed: 18.0656s (0m 18s)  9% completed  (4% total)
     Speed:     ev/sec=21755   simsec/sec=2.49461   ev/simsec=8720.83
     Messages:  created: 339976   present: 1187   in FES: 146
** Event #443648   t=51.029349317275   Elapsed: 20.0675s (0m 20s)  10% completed  (5% total)
     Speed:     ev/sec=22634.5   simsec/sec=2.5101   ev/simsec=9017.36
     Messages:  created: 378521   present: 1198   in FES: 154
** Event #489728   t=56.056698805196   Elapsed: 22.0735s (0m 22s)  11% completed  (5% total)
     Speed:     ev/sec=22971.3   simsec/sec=2.50618   ev/simsec=9165.86
     Messages:  created: 417660   present: 1202   in FES: 149
** Event #532992   t=61.044476951254   Elapsed: 24.076s (0m 24s)  12% completed  (6% total)
     Speed:     ev/sec=21604.8   simsec/sec=2.49075   ev/simsec=8674
     Messages:  created: 454382   present: 1129   in FES: 126
** Event #575744   t=66.007276430785   Elapsed: 26.0768s (0m 26s)  13% completed  (6% total)
     Speed:     ev/sec=21367.7   simsec/sec=2.48044   ev/simsec=8614.49
     Messages:  created: 490646   present: 1182   in FES: 143
** Event #619264   t=70.492746286691   Elapsed: 28.083s (0m 28s)  14% completed  (7% total)
     Speed:     ev/sec=21692.3   simsec/sec=2.23575   ev/simsec=9702.44
     Messages:  created: 527746   present: 1194   in FES: 149
** Event #669952   t=76.197619858473   Elapsed: 30.0894s (0m 30s)  15% completed  (7% total)
     Speed:     ev/sec=25264.1   simsec/sec=2.84345   ev/simsec=8885.03
     Messages:  created: 570784   present: 1181   in FES: 144
** Event #714496   t=81.210025233976   Elapsed: 32.1041s (0m 32s)  16% completed  (8% total)
     Speed:     ev/sec=22109.2   simsec/sec=2.48789   ev/simsec=8886.75
     Messages:  created: 608628   present: 1184   in FES: 145
** Event #759296   t=86.30712529124   Elapsed: 34.1197s (0m 34s)  17% completed  (8% total)
     Speed:     ev/sec=22226.1   simsec/sec=2.52877   ev/simsec=8789.31
     Messages:  created: 646622   present: 1133   in FES: 128
** Event #802816   t=91.197620603263   Elapsed: 36.1389s (0m 36s)  18% completed  (9% total)
     Speed:     ev/sec=21553.9   simsec/sec=2.42209   ev/simsec=8898.89
     Messages:  created: 683614   present: 1170   in FES: 141
** Event #847360   t=96.154074069345   Elapsed: 38.1546s (0m 38s)  19% completed  (9% total)
     Speed:     ev/sec=22098   simsec/sec=2.45886   ev/simsec=8987.07
     Messages:  created: 721129   present: 1117   in FES: 123
** Event #886528   t=100.334442155669   Elapsed: 40.161s (0m 40s)  20% completed  (10% total)
     Speed:     ev/sec=19521.7   simsec/sec=2.08354   ev/simsec=9369.51
     Messages:  created: 754592   present: 1155   in FES: 140
** Event #927488   t=104.210028808714   Elapsed: 42.1731s (0m 42s)  20% completed  (10% total)
     Speed:     ev/sec=20356.6   simsec/sec=1.92612   ev/simsec=10568.7
     Messages:  created: 790087   present: 1675   in FES: 152
** Event #966400   t=108.334548299818   Elapsed: 44.1796s (0m 44s)  21% completed  (10% total)
     Speed:     ev/sec=19393.1   simsec/sec=2.05559   ev/simsec=9434.31
     Messages:  created: 821758   present: 2168   in FES: 152
** Event #1004800   t=112.353532371842   Elapsed: 46.1957s (0m 46s)  22% completed  (11% total)
     Speed:     ev/sec=19046.9   simsec/sec=1.99347   ev/simsec=9554.65
     Messages:  created: 852993   present: 2637   in FES: 154
** Event #1042944   t=116.355597927589   Elapsed: 48.2036s (0m 48s)  23% completed  (11% total)
     Speed:     ev/sec=18996.8   simsec/sec=1.99315   ev/simsec=9531.08
     Messages:  created: 884147   present: 3103   in FES: 142
** Event #1082880   t=121.029403274172   Elapsed: 50.2086s (0m 50s)  24% completed  (12% total)
     Speed:     ev/sec=19918.1   simsec/sec=2.33106   ev/simsec=8544.64
     Messages:  created: 917123   present: 3655   in FES: 138
** Event #1122048   t=125.054327789474   Elapsed: 52.2131s (0m 52s)  25% completed  (12% total)
     Speed:     ev/sec=19540.2   simsec/sec=2.00796   ev/simsec=9731.36
     Messages:  created: 949354   present: 4172   in FES: 154
** Event #1155328   t=128.352053904207   Elapsed: 54.2215s (0m 54s)  25% completed  (12% total)
     Speed:     ev/sec=16570.6   simsec/sec=1.64198   ev/simsec=10091.8
     Messages:  created: 976487   present: 4484   in FES: 123
** Event #1198080   t=133.379636155442   Elapsed: 56.2244s (0m 56s)  26% completed  (13% total)
     Speed:     ev/sec=21344.3   simsec/sec=2.51006   ev/simsec=8503.49
     Messages:  created: 1013675   present: 5164   in FES: 149
** Event #1251328   t=140.07718355034   Elapsed: 58.2274s (0m 58s)  28% completed  (14% total)
     Speed:     ev/sec=26584.3   simsec/sec=3.34377   ev/simsec=7950.37
     Messages:  created: 1061313   present: 5984   in FES: 151
** Event #1295872   t=145.099835013603   Elapsed: 60.2387s (1m 00s)  29% completed  (14% total)
     Speed:     ev/sec=22147.7   simsec/sec=2.49731   ev/simsec=8868.62
     Messages:  created: 1099308   present: 6562   in FES: 144
** Event #1330176   t=149.00538416177   Elapsed: 62.2426s (1m 02s)  29% completed  (14% total)
     Speed:     ev/sec=17118.7   simsec/sec=1.94898   ev/simsec=8783.4
     Messages:  created: 1126446   present: 7037   in FES: 147
** Event #1368576   t=152.394792404076   Elapsed: 64.2479s (1m 04s)  30% completed  (15% total)
     Speed:     ev/sec=19149.2   simsec/sec=1.69022   ev/simsec=11329.4
     Messages:  created: 1157242   present: 7444   in FES: 148
** Event #1406464   t=156.197624103596   Elapsed: 66.2698s (1m 06s)  31% completed  (15% total)
     Speed:     ev/sec=18738.1   simsec/sec=1.88075   ev/simsec=9963.1
     Messages:  created: 1187364   present: 7876   in FES: 140
** Event #1445632   t=160.122603206586   Elapsed: 68.2719s (1m 08s)  32% completed  (16% total)
     Speed:     ev/sec=19563.5   simsec/sec=1.96044   ev/simsec=9979.16
     Messages:  created: 1218593   present: 8338   in FES: 137
** Event #1478656   t=163.414123485841   Elapsed: 70.2806s (1m 10s)  32% completed  (16% total)
     Speed:     ev/sec=16440.9   simsec/sec=1.63867   ev/simsec=10033.1
     Messages:  created: 1244904   present: 8764   in FES: 146
** Event #1517824   t=167.38057032018   Elapsed: 72.2923s (1m 12s)  33% completed  (16% total)
     Speed:     ev/sec=19469.5   simsec/sec=1.97163   ev/simsec=9874.83
     Messages:  created: 1276046   present: 9169   in FES: 124
** Event #1558272   t=171.410722171354   Elapsed: 74.3157s (1m 14s)  34% completed  (17% total)
     Speed:     ev/sec=19990.9   simsec/sec=1.99185   ev/simsec=10036.3
     Messages:  created: 1308321   present: 9718   in FES: 145
** Event #1597952   t=175.391019407258   Elapsed: 76.3293s (1m 16s)  35% completed  (17% total)
     Speed:     ev/sec=19705.2   simsec/sec=1.97663   ev/simsec=9969.1
     Messages:  created: 1339880   present: 10199   in FES: 147
** Event #1630720   t=178.394792406962   Elapsed: 78.3432s (1m 18s)  35% completed  (17% total)
     Speed:     ev/sec=16271.5   simsec/sec=1.49158   ev/simsec=10908.9
     Messages:  created: 1364952   present: 10561   in FES: 147
** Event #1658112   t=181.044938190036   Elapsed: 80.3449s (1m 20s)  36% completed  (18% total)
     Speed:     ev/sec=13684.4   simsec/sec=1.32395   ev/simsec=10336
     Messages:  created: 1385085   present: 10827   in FES: 130
** Event #1684736   t=183.069052377207   Elapsed: 82.3504s (1m 22s)  36% completed  (18% total)
     Speed:     ev/sec=13275.5   simsec/sec=1.00928   ev/simsec=13153.4
     Messages:  created: 1404501   present: 11061   in FES: 124
** Event #1704192   t=184.441521486122   Elapsed: 84.3575s (1m 24s)  36% completed  (18% total)
     Speed:     ev/sec=9693.35   simsec/sec=0.68379   ev/simsec=14175.9
     Messages:  created: 1418280   present: 11251   in FES: 135
** Event #1726976   t=186.122498153177   Elapsed: 86.3727s (1m 26s)  37% completed  (18% total)
     Speed:     ev/sec=11306.2   simsec/sec=0.834161   ev/simsec=13554
     Messages:  created: 1434004   present: 11502   in FES: 154
** Event #1742848   t=187.307175898362   Elapsed: 88.3921s (1m 28s)  37% completed  (18% total)
     Speed:     ev/sec=7859.66   simsec/sec=0.586641   ev/simsec=13397.7
     Messages:  created: 1444888   present: 11627   in FES: 147
** Event #1762048   t=189.029687380225   Elapsed: 90.4309s (1m 30s)  37% completed  (18% total)
     Speed:     ev/sec=9417.37   simsec/sec=0.844871   ev/simsec=11146.5
     Messages:  created: 1457959   present: 11776   in FES: 125
** Event #1782784   t=190.180898307149   Elapsed: 92.4452s (1m 32s)  38% completed  (19% total)
     Speed:     ev/sec=10294.3   simsec/sec=0.571512   ev/simsec=18012.3
     Messages:  created: 1472335   present: 11950   in FES: 139
** Event #1800192   t=191.414148543493   Elapsed: 94.4579s (1m 34s)  38% completed  (19% total)
     Speed:     ev/sec=8649.11   simsec/sec=0.612736   ev/simsec=14115.5
     Messages:  created: 1484296   present: 12083   in FES: 133
** Event #1823232   t=193.122496805334   Elapsed: 96.4754s (1m 36s)  38% completed  (19% total)
     Speed:     ev/sec=11420.1   simsec/sec=0.846765   ev/simsec=13486.7
     Messages:  created: 1500181   present: 12327   in FES: 154
** Event #1840128   t=194.366632139969   Elapsed: 98.4789s (1m 38s)  38% completed  (19% total)
     Speed:     ev/sec=8433.5   simsec/sec=0.621   ev/simsec=13580.5
     Messages:  created: 1511733   present: 12439   in FES: 134
** Event #1860352   t=196.054380976884   Elapsed: 100.509s (1m 40s)  39% completed  (19% total)
     Speed:     ev/sec=9961.74   simsec/sec=0.831335   ev/simsec=11982.8
     Messages:  created: 1525643   present: 12699   in FES: 150
** Event #1880576   t=197.334442965098   Elapsed: 102.529s (1m 42s)  39% completed  (19% total)
     Speed:     ev/sec=10012.4   simsec/sec=0.633725   ev/simsec=15799.2
     Messages:  created: 1539587   present: 12849   in FES: 154
** Event #1900288   t=199.044682625798   Elapsed: 104.531s (1m 44s)  39% completed  (19% total)
     Speed:     ev/sec=9844.72   simsec/sec=0.854141   ev/simsec=11525.9
     Messages:  created: 1553077   present: 13059   in FES: 155
** Event #1920512   t=200.197648247538   Elapsed: 106.538s (1m 46s)  40% completed  (20% total)
     Speed:     ev/sec=10076   simsec/sec=0.574433   ev/simsec=17540.9
     Messages:  created: 1567042   present: 13168   in FES: 144
** Event #1937920   t=201.441520564816   Elapsed: 108.562s (1m 48s)  40% completed  (20% total)
     Speed:     ev/sec=8600.32   simsec/sec=0.614528   ev/simsec=13995
     Messages:  created: 1579000   present: 13306   in FES: 140
** Event #1961216   t=203.154074251363   Elapsed: 110.577s (1m 50s)  40% completed  (20% total)
     Speed:     ev/sec=11562.8   simsec/sec=0.850013   ev/simsec=13603.1
     Messages:  created: 1595051   present: 13529   in FES: 154
** Event #1979392   t=204.49280226021   Elapsed: 112.588s (1m 52s)  40% completed  (20% total)
     Speed:     ev/sec=9037.47   simsec/sec=0.665642   ev/simsec=13577.1
     Messages:  created: 1607515   present: 13689   in FES: 146
** Event #1998848   t=206.065628695376   Elapsed: 114.602s (1m 54s)  41% completed  (20% total)
     Speed:     ev/sec=9664.27   simsec/sec=0.781262   ev/simsec=12370.1
     Messages:  created: 1620845   present: 13862   in FES: 139
** Event #2017792   t=207.251073830816   Elapsed: 116.612s (1m 56s)  41% completed  (20% total)
     Speed:     ev/sec=9420.76   simsec/sec=0.589516   ev/simsec=15980.5
     Messages:  created: 1633894   present: 13957   in FES: 125
** Event #2036224   t=209.021560318762   Elapsed: 118.613s (1m 58s)  41% completed  (20% total)
     Speed:     ev/sec=9211.53   simsec/sec=0.884814   ev/simsec=10410.7
     Messages:  created: 1646468   present: 14249   in FES: 151
** Event #2057728   t=210.180767566714   Elapsed: 120.639s (2m 00s)  42% completed  (21% total)
     Speed:     ev/sec=10615   simsec/sec=0.572218   ev/simsec=18550.6
     Messages:  created: 1661397   present: 14369   in FES: 154
** Event #2074880   t=211.410616025262   Elapsed: 122.649s (2m 02s)  42% completed  (21% total)
     Speed:     ev/sec=8533.47   simsec/sec=0.611875   ev/simsec=13946.4
     Messages:  created: 1673191   present: 14517   in FES: 154
** Event #2097920   t=213.099888790932   Elapsed: 124.689s (2m 04s)  42% completed  (21% total)
     Speed:     ev/sec=11295.3   simsec/sec=0.82816   ev/simsec=13639
     Messages:  created: 1689138   present: 14705   in FES: 139
** Event #2115072   t=214.38070101337   Elapsed: 126.695s (2m 06s)  42% completed  (21% total)
     Speed:     ev/sec=8551.5   simsec/sec=0.638577   ev/simsec=13391.5
     Messages:  created: 1701029   present: 14853   in FES: 138
** Event #2136320   t=216.068557037827   Elapsed: 128.704s (2m 08s)  43% completed  (21% total)
     Speed:     ev/sec=10574   simsec/sec=0.839958   ev/simsec=12588.8
     Messages:  created: 1715669   present: 15064   in FES: 139
** Event #2155008   t=217.366501062526   Elapsed: 130.737s (2m 10s)  43% completed  (21% total)
     Speed:     ev/sec=9192.37   simsec/sec=0.638441   ev/simsec=14398.2
     Messages:  created: 1728658   present: 15167   in FES: 123
** Event #2177536   t=219.137438033262   Elapsed: 132.774s (2m 12s)  43% completed  (21% total)
     Speed:     ev/sec=11062.1   simsec/sec=0.869597   ev/simsec=12720.9
     Messages:  created: 1744909   present: 15445   in FES: 146
** Event #2199808   t=221.079975973466   Elapsed: 134.782s (2m 14s)  44% completed  (22% total)
     Speed:     ev/sec=11090   simsec/sec=0.967258   ev/simsec=11465.4
     Messages:  created: 1761364   present: 15670   in FES: 140
** Event #2224128   t=223.180881782201   Elapsed: 136.797s (2m 16s)  44% completed  (22% total)
     Speed:     ev/sec=12068.2   simsec/sec=1.04252   ev/simsec=11576
     Messages:  created: 1779559   present: 15919   in FES: 142
** Event #2251776   t=224.49277817042   Elapsed: 138.815s (2m 18s)  44% completed  (22% total)
     Speed:     ev/sec=13703.5   simsec/sec=0.650231   ev/simsec=21074.8
     Messages:  created: 1807965   present: 16140   in FES: 183
** Event #2286080   t=227.099660668582   Elapsed: 140.831s (2m 20s)  45% completed  (22% total)
     Speed:     ev/sec=17012   simsec/sec=1.2928   ev/simsec=13159
     Messages:  created: 1838862   present: 16428   in FES: 175
** Event #2326784   t=229.390915636306   Elapsed: 142.844s (2m 22s)  45% completed  (22% total)
     Speed:     ev/sec=20221.2   simsec/sec=1.13826   ev/simsec=17764.9
     Messages:  created: 1880627   present: 16694   in FES: 154
** Event #2367232   t=234.021560687949   Elapsed: 144.85s (2m 24s)  46% completed  (23% total)
     Speed:     ev/sec=20166.5   simsec/sec=2.30874   ev/simsec=8734.85
     Messages:  created: 1913361   present: 17216   in FES: 140
** Event #2406912   t=238.04648067193   Elapsed: 146.855s (2m 26s)  47% completed  (23% total)
     Speed:     ev/sec=19791.1   simsec/sec=2.0075   ev/simsec=9858.58
     Messages:  created: 1945739   present: 17693   in FES: 137
** Event #2448128   t=242.091823175813   Elapsed: 148.863s (2m 28s)  48% completed  (24% total)
     Speed:     ev/sec=20524.2   simsec/sec=2.01445   ev/simsec=10188.5
     Messages:  created: 1979389   present: 18185   in FES: 141
** Event #2488320   t=246.307127858289   Elapsed: 150.863s (2m 30s)  49% completed  (24% total)
     Speed:     ev/sec=20095.6   simsec/sec=2.10761   ev/simsec=9534.78
     Messages:  created: 2012085   present: 18713   in FES: 149
** Event #2531072   t=251.044797630706   Elapsed: 152.869s (2m 32s)  50% completed  (25% total)
     Speed:     ev/sec=21316.2   simsec/sec=2.36221   ev/simsec=9023.85
     Messages:  created: 2046802   present: 19245   in FES: 136
** Event #2569216   t=255.044856792422   Elapsed: 154.869s (2m 34s)  51% completed  (25% total)
     Speed:     ev/sec=19068.6   simsec/sec=1.99968   ev/simsec=9535.86
     Messages:  created: 2077912   present: 19764   in FES: 149
** Event #2611200   t=259.154075279544   Elapsed: 156.87s (2m 36s)  51% completed  (25% total)
     Speed:     ev/sec=20977.9   simsec/sec=2.05323   ev/simsec=10217
     Messages:  created: 2112324   present: 20257   in FES: 154
** Event #2649856   t=263.250943261964   Elapsed: 158.879s (2m 38s)  52% completed  (26% total)
     Speed:     ev/sec=19248.5   simsec/sec=2.04001   ev/simsec=9435.5
     Messages:  created: 2144072   present: 20741   in FES: 154
** Event #2690560   t=268.023279179135   Elapsed: 160.882s (2m 40s)  53% completed  (26% total)
     Speed:     ev/sec=20316.4   simsec/sec=2.38199   ev/simsec=8529.16
     Messages:  created: 2177596   present: 21293   in FES: 138
** Event #2735104   t=273.04685370842   Elapsed: 162.886s (2m 42s)  54% completed  (27% total)
     Speed:     ev/sec=22232.7   simsec/sec=2.50735   ev/simsec=8866.99
     Messages:  created: 2215931   present: 21932   in FES: 150
** Event #2783744   t=279.048312277336   Elapsed: 164.888s (2m 44s)  55% completed  (27% total)
     Speed:     ev/sec=24294.5   simsec/sec=2.99759   ev/simsec=8104.7
     Messages:  created: 2259313   present: 22650   in FES: 148
** Event #2838272   t=286.091825963819   Elapsed: 166.892s (2m 46s)  57% completed  (28% total)
     Speed:     ev/sec=27200.3   simsec/sec=3.51353   ev/simsec=7741.59
     Messages:  created: 2309931   present: 23439   in FES: 131
** Event #2891264   t=293.20999697171   Elapsed: 168.893s (2m 48s)  58% completed  (29% total)
     Speed:     ev/sec=26485.7   simsec/sec=3.5577   ev/simsec=7444.61
     Messages:  created: 2359404   present: 24337   in FES: 146
** Event #2952960   t=301.723291078815   Elapsed: 170.899s (2m 50s)  60% completed  (30% total)
     Speed:     ev/sec=30765.8   simsec/sec=4.2453   ev/simsec=7247.02
     Messages:  created: 2416641   present: 25289   in FES: 122
** Event #3003648   t=308.014019517807   Elapsed: 172.906s (2m 52s)  61% completed  (30% total)
     Speed:     ev/sec=25246.8   simsec/sec=3.1333   ev/simsec=8057.57
     Messages:  created: 2461051   present: 26115   in FES: 145
** Event #3046656   t=312.380669597115   Elapsed: 174.909s (2m 54s)  62% completed  (31% total)
     Speed:     ev/sec=21478.7   simsec/sec=2.18076   ev/simsec=9849.2
     Messages:  created: 2497390   present: 26622   in FES: 141
** Event #3088128   t=317.05433047204   Elapsed: 176.914s (2m 56s)  63% completed  (31% total)
     Speed:     ev/sec=20679.3   simsec/sec=2.33044   ev/simsec=8873.56
     Messages:  created: 2531607   present: 27232   in FES: 154
** Event #3129088   t=321.204682830335   Elapsed: 178.921s (2m 58s)  64% completed  (32% total)
     Speed:     ev/sec=20407.6   simsec/sec=2.06784   ev/simsec=9869.04
     Messages:  created: 2565464   present: 27700   in FES: 147
** Event #3167744   t=325.22634445969   Elapsed: 180.932s (3m 00s)  65% completed  (32% total)
     Speed:     ev/sec=19227.9   simsec/sec=2.00042   ev/simsec=9611.95
     Messages:  created: 2596868   present: 28110   in FES: 123
** Event #3204608   t=329.075299277336   Elapsed: 183.197s (3m 03s)  65% completed  (32% total)
     Speed:     ev/sec=16274.6   simsec/sec=1.69922   ev/simsec=9577.67
     Messages:  created: 2626535   present: 28635   in FES: 141
** Event #3236864   t=332.210024948289   Elapsed: 185.201s (3m 05s)  66% completed  (33% total)
     Speed:     ev/sec=16097   simsec/sec=1.56435   ev/simsec=10289.9
     Messages:  created: 2652338   present: 29020   in FES: 147
** Event #3271424   t=336.054381692814   Elapsed: 187.21s (3m 07s)  67% completed  (33% total)
     Speed:     ev/sec=17201.1   simsec/sec=1.91341   ev/simsec=8989.8
     Messages:  created: 2680394   present: 29466   in FES: 139
** Event #3311616   t=340.099856288636   Elapsed: 189.216s (3m 09s)  68% completed  (34% total)
     Speed:     ev/sec=20029.5   simsec/sec=2.01605   ev/simsec=9935.05
     Messages:  created: 2713549   present: 29978   in FES: 150
** Event #3352320   t=344.414115501361   Elapsed: 191.224s (3m 11s)  68% completed  (34% total)
     Speed:     ev/sec=20271.2   simsec/sec=2.14857   ev/simsec=9434.76
     Messages:  created: 2747007   present: 30488   in FES: 148
** Event #3394816   t=349.046853742347   Elapsed: 193.232s (3m 13s)  69% completed  (34% total)
     Speed:     ev/sec=21168.3   simsec/sec=2.30768   ev/simsec=9172.98
     Messages:  created: 2782836   present: 31082   in FES: 180
** Event #3440896   t=353.576656158548   Elapsed: 195.243s (3m 15s)  70% completed  (35% total)
     Speed:     ev/sec=22911   simsec/sec=2.25222   ev/simsec=10172.6
     Messages:  created: 2821588   present: 31510   in FES: 122
** Event #3483136   t=358.07529956091   Elapsed: 197.248s (3m 17s)  71% completed  (35% total)
     Speed:     ev/sec=21064.3   simsec/sec=2.24339   ev/simsec=9389.5
     Messages:  created: 2856395   present: 32108   in FES: 138
** Event #3518720   t=362.046803510627   Elapsed: 199.258s (3m 19s)  72% completed  (36% total)
     Speed:     ev/sec=17703   simsec/sec=1.97581   ev/simsec=8959.83
     Messages:  created: 2885638   present: 32623   in FES: 154
** Event #3563008   t=366.49299874767   Elapsed: 201.271s (3m 21s)  73% completed  (36% total)
     Speed:     ev/sec=22001.8   simsec/sec=2.20882   ev/simsec=9960.88
     Messages:  created: 2922042   present: 33062   in FES: 123
** Event #3607296   t=371.251041081768   Elapsed: 203.281s (3m 23s)  74% completed  (37% total)
     Speed:     ev/sec=22040.3   simsec/sec=2.36788   ev/simsec=9308.03
     Messages:  created: 2958765   present: 33718   in FES: 152
** Event #3656448   t=377.15407430417   Elapsed: 205.288s (3m 25s)  75% completed  (37% total)
     Speed:     ev/sec=24492.9   simsec/sec=2.94154   ev/simsec=8326.57
     Messages:  created: 3001757   present: 34410   in FES: 154
** Event #3716352   t=385.048308244866   Elapsed: 207.295s (3m 27s)  77% completed  (38% total)
     Speed:     ev/sec=29840.5   simsec/sec=3.93242   ev/simsec=7588.32
     Messages:  created: 3055909   present: 35364   in FES: 146
** Event #3774208   t=392.209996861267   Elapsed: 209.3s (3m 29s)  78% completed  (39% total)
     Speed:     ev/sec=28853.9   simsec/sec=3.57168   ev/simsec=8078.54
     Messages:  created: 3108460   present: 36232   in FES: 151
** Event #3830272   t=399.355577630822   Elapsed: 211.305s (3m 31s)  79% completed  (39% total)
     Speed:     ev/sec=27964.4   simsec/sec=3.56418   ev/simsec=7845.97
     Messages:  created: 3158946   present: 37093   in FES: 152
** Event #3871232   t=404.077132600865   Elapsed: 213.307s (3m 33s)  80% completed  (40% total)
     Speed:     ev/sec=20463.8   simsec/sec=2.35891   ev/simsec=8675.11
     Messages:  created: 3193890   present: 37661   in FES: 154
** Event #3911680   t=408.12257075105   Elapsed: 215.318s (3m 35s)  81% completed  (40% total)
     Speed:     ev/sec=20110.6   simsec/sec=2.01138   ev/simsec=9998.42
     Messages:  created: 3226430   present: 38140   in FES: 151
** Event #3950848   t=412.091822736046   Elapsed: 217.326s (3m 37s)  82% completed  (41% total)
     Speed:     ev/sec=19503.9   simsec/sec=1.97651   ev/simsec=9867.85
     Messages:  created: 3257791   present: 38618   in FES: 152
** Event #3988736   t=416.065604194947   Elapsed: 219.33s (3m 39s)  83% completed  (41% total)
     Speed:     ev/sec=18904.4   simsec/sec=1.98274   ev/simsec=9534.5
     Messages:  created: 3288030   present: 39098   in FES: 151
** Event #4026368   t=420.030142871176   Elapsed: 221.339s (3m 41s)  84% completed  (42% total)
     Speed:     ev/sec=18735.3   simsec/sec=1.97377   ev/simsec=9492.15
     Messages:  created: 3318002   present: 39498   in FES: 125
** Event #4062720   t=423.355495545547   Elapsed: 223.359s (3m 43s)  84% completed  (42% total)
     Speed:     ev/sec=17999.1   simsec/sec=1.64649   ev/simsec=10931.8
     Messages:  created: 3347077   present: 39887   in FES: 124
** Event #4101632   t=427.210029362749   Elapsed: 225.374s (3m 45s)  85% completed  (42% total)
     Speed:     ev/sec=19308.9   simsec/sec=1.91269   ev/simsec=10095.1
     Messages:  created: 3378172   present: 40390   in FES: 137
** Event #4141056   t=431.185521639884   Elapsed: 227.39s (3m 47s)  86% completed  (43% total)
     Speed:     ev/sec=19557.8   simsec/sec=1.9722   ev/simsec=9916.76
     Messages:  created: 3409567   present: 40825   in FES: 124
** Event #4173056   t=434.391020426942   Elapsed: 229.41s (3m 49s)  86% completed  (43% total)
     Speed:     ev/sec=15841   simsec/sec=1.58682   ev/simsec=9982.85
     Messages:  created: 3435091   present: 41246   in FES: 136
** Event #4212736   t=438.380677541882   Elapsed: 231.427s (3m 51s)  87% completed  (43% total)
     Speed:     ev/sec=19670.2   simsec/sec=1.97776   ev/simsec=9945.72
     Messages:  created: 3466732   present: 41724   in FES: 135
** Event #4264192   t=441.031510721732   Elapsed: 233.436s (3m 53s)  88% completed  (44% total)
     Speed:     ev/sec=25606.5   simsec/sec=1.31916   ev/simsec=19411.3
     Messages:  created: 3523045   present: 42024   in FES: 149
** Event #4318464   t=442.226450606629   Elapsed: 235.438s (3m 55s)  88% completed  (44% total)
     Speed:     ev/sec=27118.8   simsec/sec=0.597091   ev/simsec=45418.2
     Messages:  created: 3587265   present: 42064   in FES: 149
** Event #4371712   t=443.344805459744   Elapsed: 237.444s (3m 57s)  88% completed  (44% total)
     Speed:     ev/sec=26540.5   simsec/sec=0.557424   ev/simsec=47612.8
     Messages:  created: 3653394   present: 42057   in FES: 138
** Event #4416000   t=445.044477169739   Elapsed: 239.452s (3m 59s)  89% completed  (44% total)
     Speed:     ev/sec=22050.9   simsec/sec=0.846262   ev/simsec=26056.8
     Messages:  created: 3704840   present: 42168   in FES: 135
** Event #4466944   t=446.18894826525   Elapsed: 241.454s (4m 01s)  89% completed  (44% total)
     Speed:     ev/sec=25451.5   simsec/sec=0.571776   ev/simsec=44513.1
     Messages:  created: 3765241   present: 42255   in FES: 155
** Event #4519680   t=447.295869015558   Elapsed: 243.456s (4m 03s)  89% completed  (44% total)
     Speed:     ev/sec=26340.8   simsec/sec=0.552888   ev/simsec=47642.1
     Messages:  created: 3830403   present: 42306   in FES: 156
** Event #4570368   t=449.067318527331   Elapsed: 245.462s (4m 05s)  89% completed  (44% total)
     Speed:     ev/sec=25265.9   simsec/sec=0.882996   ev/simsec=28613.9
     Messages:  created: 3889312   present: 42381   in FES: 130
** Event #4616704   t=450.154091383656   Elapsed: 247.469s (4m 07s)  90% completed  (45% total)
     Speed:     ev/sec=23091.3   simsec/sec=0.541588   ev/simsec=42636.3
     Messages:  created: 3944599   present: 42439   in FES: 147
** Event #4669952   t=451.405645754142   Elapsed: 249.472s (4m 09s)  90% completed  (45% total)
     Speed:     ev/sec=26584.5   simsec/sec=0.62485   ev/simsec=42545.5
     Messages:  created: 4008726   present: 42527   in FES: 158
** Event #4726528   t=452.796362051609   Elapsed: 251.478s (4m 11s)  90% completed  (45% total)
     Speed:     ev/sec=28196.2   simsec/sec=0.693101   ev/simsec=40681.2
     Messages:  created: 4077734   present: 42537   in FES: 155
** Event #4784128   t=454.062873217031   Elapsed: 253.479s (4m 13s)  90% completed  (45% total)
     Speed:     ev/sec=28793.1   simsec/sec=0.633104   ev/simsec=45479.3
     Messages:  created: 4146910   present: 42626   in FES: 156
** Event #4831488   t=455.0533752484   Elapsed: 255.481s (4m 15s)  91% completed  (45% total)
     Speed:     ev/sec=23659.5   simsec/sec=0.494822   ev/simsec=47814.1
     Messages:  created: 4206177   present: 42657   in FES: 155
** Event #4881408   t=456.974268193507   Elapsed: 257.486s (4m 17s)  91% completed  (45% total)
     Speed:     ev/sec=24890.3   simsec/sec=0.957766   ev/simsec=25987.9
     Messages:  created: 4262786   present: 42742   in FES: 142
** Event #4936192   t=458.414091477692   Elapsed: 259.498s (4m 19s)  91% completed  (45% total)
     Speed:     ev/sec=27226   simsec/sec=0.715549   ev/simsec=38049.1
     Messages:  created: 4325981   present: 42901   in FES: 152
** Event #4992512   t=460.044393553373   Elapsed: 261.5s (4m 21s)  92% completed  (46% total)
     Speed:     ev/sec=28135.1   simsec/sec=0.814431   ev/simsec=34545.7
     Messages:  created: 4393096   present: 43011   in FES: 159
** Event #5043712   t=462.029404077123   Elapsed: 263.501s (4m 23s)  92% completed  (46% total)
     Speed:     ev/sec=25592.4   simsec/sec=0.992211   ev/simsec=25793.3
     Messages:  created: 4451914   present: 43118   in FES: 134
** Event #5085952   t=463.550969291594   Elapsed: 265.504s (4m 25s)  92% completed  (46% total)
     Speed:     ev/sec=21089.7   simsec/sec=0.759693   ev/simsec=27760.9
     Messages:  created: 4499571   present: 43266   in FES: 150
** Event #5140480   t=466.044786774972   Elapsed: 267.513s (4m 27s)  93% completed  (46% total)
     Speed:     ev/sec=27141.7   simsec/sec=1.24132   ev/simsec=21865.3
     Messages:  created: 4562354   present: 43478   in FES: 154
** Event #5195264   t=468.140120766564   Elapsed: 269.521s (4m 29s)  93% completed  (46% total)
     Speed:     ev/sec=27280.1   simsec/sec=1.04339   ev/simsec=26145.7
     Messages:  created: 4624516   present: 43645   in FES: 147
** Event #5250560   t=470.723560030054   Elapsed: 271.522s (4m 31s)  94% completed  (47% total)
     Speed:     ev/sec=27626.2   simsec/sec=1.2907   ev/simsec=21404
     Messages:  created: 4689200   present: 43841   in FES: 140
** Event #5304576   t=471.494828067779   Elapsed: 273.624s (4m 33s)  94% completed  (47% total)
     Speed:     ev/sec=25700   simsec/sec=0.366957   ev/simsec=70035.3
     Messages:  created: 4755227   present: 42661   in FES: 158
** Event #5360640   t=471.645492769536   Elapsed: 275.631s (4m 35s)  94% completed  (47% total)
     Speed:     ev/sec=27943.1   simsec/sec=0.0750934   ev/simsec=372111
     Messages:  created: 4828440   present: 41375   in FES: 189
** Event #5420800   t=471.812839717829   Elapsed: 277.631s (4m 37s)  94% completed  (47% total)
     Speed:     ev/sec=30073.7   simsec/sec=0.083656   ev/simsec=359493
     Messages:  created: 4911455   present: 41287   in FES: 155
** Event #5477376   t=471.957880030303   Elapsed: 279.632s (4m 39s)  94% completed  (47% total)
     Speed:     ev/sec=28279.9   simsec/sec=0.0724993   ev/simsec=390071
     Messages:  created: 4989459   present: 41276   in FES: 150
** Event #5534976   t=472.103901921459   Elapsed: 281.638s (4m 41s)  94% completed  (47% total)
     Speed:     ev/sec=28713.2   simsec/sec=0.0727908   ev/simsec=394461
     Messages:  created: 5067301   present: 41360   in FES: 180
** Event #5584128   t=472.211699582057   Elapsed: 283.638s (4m 43s)  94% completed  (47% total)
     Speed:     ev/sec=24575.9   simsec/sec=0.0538986   ev/simsec=455965
     Messages:  created: 5130866   present: 39992   in FES: 163
** Event #5641216   t=472.363331881258   Elapsed: 285.638s (4m 45s)  94% completed  (47% total)
     Speed:     ev/sec=28539.1   simsec/sec=0.0758032   ev/simsec=376490
     Messages:  created: 5209533   present: 39851   in FES: 152
** Event #5699072   t=473.762977754235   Elapsed: 287.646s (4m 47s)  94% completed  (47% total)
     Speed:     ev/sec=28815.5   simsec/sec=0.697101   ev/simsec=41336.2
     Messages:  created: 5281196   present: 39906   in FES: 181
** Event #5757184   t=474.867264877429   Elapsed: 289.647s (4m 49s)  94% completed  (47% total)
     Speed:     ev/sec=29039.5   simsec/sec=0.55183   ev/simsec=52624
     Messages:  created: 5352599   present: 35267   in FES: 1270
** Event #5808640   t=475.003840622733   Elapsed: 291.649s (4m 51s)  95% completed  (47% total)
     Speed:     ev/sec=25704.2   simsec/sec=0.0682246   ev/simsec=376758
     Messages:  created: 5413471   present: 31559   in FES: 174
** Event #5867264   t=475.169323320226   Elapsed: 293.655s (4m 53s)  95% completed  (47% total)
     Speed:     ev/sec=29224.7   simsec/sec=0.0824948   ev/simsec=354261
     Messages:  created: 5491192   present: 28426   in FES: 185
** Event #5924608   t=477.081668428676   Elapsed: 295.656s (4m 55s)  95% completed  (47% total)
     Speed:     ev/sec=28646.8   simsec/sec=0.955332   ev/simsec=29986.2
     Messages:  created: 5561697   present: 13762   in FES: 148
** Event #5984256   t=478.283212871802   Elapsed: 297.659s (4m 57s)  95% completed  (47% total)
     Speed:     ev/sec=29781   simsec/sec=0.599906   ev/simsec=49642.8
     Messages:  created: 5638734   present: 13880   in FES: 154
** Event #6047232   t=478.612920066903   Elapsed: 299.668s (4m 59s)  95% completed  (47% total)
     Speed:     ev/sec=31359.6   simsec/sec=0.164182   ev/simsec=191006
     Messages:  created: 5724613   present: 13869   in FES: 131
** Event #6097920   t=480.056875866864   Elapsed: 301.675s (5m 01s)  96% completed  (48% total)
     Speed:     ev/sec=25245.9   simsec/sec=0.719182   ev/simsec=35103.6
     Messages:  created: 5788779   present: 13917   in FES: 129
** Event #6153728   t=482.18421077903   Elapsed: 303.682s (5m 03s)  96% completed  (48% total)
     Speed:     ev/sec=27808.9   simsec/sec=1.06004   ev/simsec=26233.8
     Messages:  created: 5855734   present: 14141   in FES: 173
** Event #6209280   t=482.367743275234   Elapsed: 305.687s (5m 05s)  96% completed  (48% total)
     Speed:     ev/sec=27703.4   simsec/sec=0.0915264   ev/simsec=302682
     Messages:  created: 5931698   present: 14196   in FES: 152
** Event #6263552   t=482.533288491207   Elapsed: 307.692s (5m 07s)  96% completed  (48% total)
     Speed:     ev/sec=27077.1   simsec/sec=0.0825928   ev/simsec=327838
     Messages:  created: 6006074   present: 14221   in FES: 156
** Event #6311936   t=482.666199356601   Elapsed: 309.698s (5m 09s)  96% completed  (48% total)
     Speed:     ev/sec=24119.5   simsec/sec=0.0662564   ev/simsec=364033
     Messages:  created: 6072597   present: 14250   in FES: 165
** Event #6367488   t=482.810628704703   Elapsed: 311.698s (5m 11s)  96% completed  (48% total)
     Speed:     ev/sec=27768.6   simsec/sec=0.0721953   ev/simsec=384631
     Messages:  created: 6149104   present: 14218   in FES: 142
** Event #6422528   t=482.950964109146   Elapsed: 313.7s (5m 13s)  96% completed  (48% total)
     Speed:     ev/sec=27502.3   simsec/sec=0.0701225   ev/simsec=392203
     Messages:  created: 6224875   present: 14215   in FES: 138
** Event #6477824   t=484.026387034929   Elapsed: 315.705s (5m 15s)  96% completed  (48% total)
     Speed:     ev/sec=27577.7   simsec/sec=0.536345   ev/simsec=51417.9
     Messages:  created: 6295491   present: 14233   in FES: 150
** Event #6530304   t=485.584008732017   Elapsed: 317.708s (5m 17s)  97% completed  (48% total)
     Speed:     ev/sec=26202.2   simsec/sec=0.777689   ev/simsec=33692.4
     Messages:  created: 6357654   present: 14237   in FES: 123
** Event #6578176   t=486.233977843125   Elapsed: 319.717s (5m 19s)  97% completed  (48% total)
     Speed:     ev/sec=23820.6   simsec/sec=0.323417   ev/simsec=73652.7
     Messages:  created: 6419086   present: 14407   in FES: 154
** Event #6636032   t=486.40176719379   Elapsed: 321.722s (5m 21s)  97% completed  (48% total)
     Speed:     ev/sec=28864.6   simsec/sec=0.0837108   ev/simsec=344813
     Messages:  created: 6498106   present: 14439   in FES: 154
** Event #6691840   t=486.624499786011   Elapsed: 323.727s (5m 23s)  97% completed  (48% total)
     Speed:     ev/sec=27824.9   simsec/sec=0.111051   ev/simsec=250561
     Messages:  created: 6574478   present: 14449   in FES: 175
** Event #6742016   t=487.046481370417   Elapsed: 325.809s (5m 25s)  97% completed  (48% total)
     Speed:     ev/sec=24098.3   simsec/sec=0.202668   ev/simsec=118906
     Messages:  created: 6641810   present: 14401   in FES: 143
** Event #6789376   t=488.22330314866   Elapsed: 327.818s (5m 27s)  97% completed  (48% total)
     Speed:     ev/sec=23574.1   simsec/sec=0.585779   ev/simsec=40244
     Messages:  created: 6697490   present: 14462   in FES: 155
** Event #6836736   t=489.414471965143   Elapsed: 329.82s (5m 29s)  97% completed  (48% total)
     Speed:     ev/sec=23664.9   simsec/sec=0.595206   ev/simsec=39759.3
     Messages:  created: 6754518   present: 14524   in FES: 155
** Event #6884608   t=491.029403584465   Elapsed: 331.822s (5m 31s)  98% completed  (49% total)
     Speed:     ev/sec=23910.4   simsec/sec=0.806601   ev/simsec=29643.4
     Messages:  created: 6812313   present: 14600   in FES: 143
** Event #6930688   t=492.094758976435   Elapsed: 333.825s (5m 33s)  98% completed  (49% total)
     Speed:     ev/sec=22999.5   simsec/sec=0.531741   ev/simsec=43253.2
     Messages:  created: 6866455   present: 14674   in FES: 157
** Event #6971648   t=493.094537566102   Elapsed: 335.828s (5m 35s)  98% completed  (49% total)
     Speed:     ev/sec=20453.2   simsec/sec=0.499235   ev/simsec=40969.1
     Messages:  created: 6915954   present: 14695   in FES: 156
** Event #7020032   t=494.085223973741   Elapsed: 337.83s (5m 37s)  98% completed  (49% total)
     Speed:     ev/sec=24172.3   simsec/sec=0.49494   ev/simsec=48838.9
     Messages:  created: 6975903   present: 14805   in FES: 176
** Event #7064320   t=495.555953829892   Elapsed: 339.832s (5m 39s)  99% completed  (49% total)
     Speed:     ev/sec=22121.2   simsec/sec=0.734607   ev/simsec=30112.9
     Messages:  created: 7027885   present: 14859   in FES: 159
** Event #7119104   t=496.97444763124   Elapsed: 341.835s (5m 41s)  99% completed  (49% total)
     Speed:     ev/sec=27342.3   simsec/sec=0.70796   ev/simsec=38621.2
     Messages:  created: 7095424   present: 14818   in FES: 147
** Event #7170816   t=498.070885237709   Elapsed: 343.846s (5m 43s)  99% completed  (49% total)
     Speed:     ev/sec=25717.9   simsec/sec=0.54529   ev/simsec=47163.7
     Messages:  created: 7157147   present: 14944   in FES: 156
** Event #7207936   t=499.204464138485   Elapsed: 345.85s (5m 45s)  99% completed  (49% total)
     Speed:     ev/sec=18522.8   simsec/sec=0.565654   ev/simsec=32745.8
     Messages:  created: 7200550   present: 14932   in FES: 124
** Event #7235213   t=500   Elapsed: 346.967s (5m 46s)  100% completed  (50% total)
     Speed:     ev/sec=24427.5   simsec/sec=0.699116   ev/simsec=34940.6
     Messages:  created: 7235184   present: 14958   in FES: 122

<!> Simulation time limit reached -- at t=500s, event #7235213
undisposed object: (omnetpp::cMessage) FanetSarNetwork.groundStation.app.debugTimer -- check module destructor
undisposed object: (omnetpp::cMessage) FanetSarNetwork.uav[0].app.debugTimer -- check module destructor
undisposed object: (omnetpp::cMessage) FanetSarNetwork.uav[1].app.debugTimer -- check module destructor
undisposed object: (omnetpp::cMessage) FanetSarNetwork.uav[2].app.debugTimer -- check module destructor
undisposed object: (omnetpp::cMessage) FanetSarNetwork.uav[3].app.debugTimer -- check module destructor
undisposed object: (omnetpp::cMessage) FanetSarNetwork.uav[4].app.debugTimer -- check module destructor
undisposed object: (omnetpp::cMessage) FanetSarNetwork.uav[5].app.debugTimer -- check module destructor
undisposed object: (omnetpp::cMessage) FanetSarNetwork.uav[6].app.debugTimer -- check module destructor
undisposed object: (omnetpp::cMessage) FanetSarNetwork.uav[7].app.debugTimer -- check module destructor
undisposed object: (omnetpp::cMessage) FanetSarNetwork.uav[8].app.debugTimer -- check module destructor
undisposed object: (omnetpp::cMessage) FanetSarNetwork.uav[9].app.debugTimer -- check module destructor
undisposed object: (omnetpp::cMessage) FanetSarNetwork.uav[10].app.debugTimer -- check module destructor
undisposed object: (omnetpp::cMessage) FanetSarNetwork.uav[11].app.debugTimer -- check module destructor
undisposed object: (omnetpp::cMessage) FanetSarNetwork.uav[12].app.debugTimer -- check module destructor
undisposed object: (omnetpp::cMessage) FanetSarNetwork.uav[13].app.debugTimer -- check module destructor
undisposed object: (omnetpp::cMessage) FanetSarNetwork.uav[14].app.debugTimer -- check module destructor
undisposed object: (omnetpp::cMessage) FanetSarNetwork.uav[15].app.debugTimer -- check module destructor
undisposed object: (omnetpp::cMessage) FanetSarNetwork.uav[16].app.debugTimer -- check module destructor
undisposed object: (omnetpp::cMessage) FanetSarNetwork.uav[17].app.debugTimer -- check module destructor
undisposed object: (omnetpp::cMessage) FanetSarNetwork.uav[18].app.debugTimer -- check module destructor
undisposed object: (omnetpp::cMessage) FanetSarNetwork.uav[19].app.debugTimer -- check module destructor
undisposed object: (omnetpp::cMessage) FanetSarNetwork.uav[20].app.debugTimer -- check module destructor
undisposed object: (omnetpp::cMessage) FanetSarNetwork.uav[21].app.debugTimer -- check module destructor
undisposed object: (omnetpp::cMessage) FanetSarNetwork.uav[22].app.debugTimer -- check module destructor
undisposed object: (omnetpp::cMessage) FanetSarNetwork.uav[23].app.debugTimer -- check module destructor
undisposed object: (omnetpp::cMessage) FanetSarNetwork.uav[24].app.debugTimer -- check module destructor
undisposed object: (omnetpp::cMessage) FanetSarNetwork.uav[25].app.debugTimer -- check module destructor
undisposed object: (omnetpp::cMessage) FanetSarNetwork.uav[26].app.debugTimer -- check module destructor
undisposed object: (omnetpp::cMessage) FanetSarNetwork.uav[27].app.debugTimer -- check module destructor
undisposed object: (omnetpp::cMessage) FanetSarNetwork.uav[28].app.debugTimer -- check module destructor
undisposed object: (omnetpp::cMessage) FanetSarNetwork.uav[29].app.debugTimer -- check module destructor
