** Event #0   t=0   Elapsed: 7e-06s (0m 00s)  0% completed  (50% total)
     Speed:     ev/sec=0   simsec/sec=0   ev/simsec=0
     Messages:  created: 1178   present: 1178   in FES: 186
** Event #61696   t=7.25321941087   Elapsed: 2.00355s (0m 02s)  1% completed  (50% total)
     Speed:     ev/sec=30793.9   simsec/sec=3.62019   ev/simsec=8506.15
     Messages:  created: 53138   present: 1203   in FES: 154
** Event #118016   t=13.432108892193   Elapsed: 4.00921s (0m 04s)  2% completed  (51% total)
     Speed:     ev/sec=28080.5   simsec/sec=3.08073   ev/simsec=9114.91
     Messages:  created: 100090   present: 1164   in FES: 139
** Event #180480   t=20.232559585496   Elapsed: 6.0158s (0m 06s)  4% completed  (52% total)
     Speed:     ev/sec=31129.5   simsec/sec=3.38906   ev/simsec=9185.27
     Messages:  created: 152016   present: 1170   in FES: 141
** Event #235520   t=26.241655875678   Elapsed: 8.02125s (0m 08s)  5% completed  (52% total)
     Speed:     ev/sec=27445.2   simsec/sec=2.99638   ev/simsec=9159.45
     Messages:  created: 197696   present: 1168   in FES: 139
** Event #292352   t=32.387522258342   Elapsed: 10.0266s (0m 10s)  6% completed  (53% total)
     Speed:     ev/sec=28339.9   simsec/sec=3.0647   ev/simsec=9247.19
     Messages:  created: 244710   present: 1173   in FES: 142
** Event #340992   t=37.470720431851   Elapsed: 12.0356s (0m 12s)  7% completed  (53% total)
     Speed:     ev/sec=24211.4   simsec/sec=2.53025   ev/simsec=9568.78
     Messages:  created: 284414   present: 1116   in FES: 122
** Event #391680   t=43.024041605458   Elapsed: 14.0409s (0m 14s)  8% completed  (54% total)
     Speed:     ev/sec=25276.3   simsec/sec=2.76924   ev/simsec=9127.51
     Messages:  created: 325674   present: 1198   in FES: 147
** Event #439040   t=48.015796727157   Elapsed: 16.0422s (0m 16s)  9% completed  (54% total)
     Speed:     ev/sec=23664.9   simsec/sec=2.49428   ev/simsec=9487.64
     Messages:  created: 364241   present: 1204   in FES: 154
** Event #485888   t=53.007138489048   Elapsed: 18.0466s (0m 18s)  10% completed  (55% total)
     Speed:     ev/sec=23373.4   simsec/sec=2.49028   ev/simsec=9385.85
     Messages:  created: 402537   present: 1194   in FES: 154
** Event #529408   t=57.232559188291   Elapsed: 20.0651s (0m 20s)  11% completed  (55% total)
     Speed:     ev/sec=21560.3   simsec/sec=2.09332   ev/simsec=10299.6
     Messages:  created: 438556   present: 1200   in FES: 151
** Event #571392   t=62.024042469943   Elapsed: 22.0686s (0m 22s)  12% completed  (56% total)
     Speed:     ev/sec=20954.9   simsec/sec=2.39151   ev/simsec=8762.21
     Messages:  created: 473206   present: 1172   in FES: 139
** Event #627968   t=68.060432516769   Elapsed: 24.0702s (0m 24s)  13% completed  (56% total)
     Speed:     ev/sec=28266.1   simsec/sec=3.01586   ev/simsec=9372.49
     Messages:  created: 520512   present: 1210   in FES: 153
** Event #687360   t=74.485039771886   Elapsed: 26.0766s (0m 26s)  14% completed  (57% total)
     Speed:     ev/sec=29601   simsec/sec=3.20203   ev/simsec=9244.46
     Messages:  created: 569994   present: 1197   in FES: 154
** Event #734976   t=80.029029703536   Elapsed: 28.0769s (0m 28s)  16% completed  (58% total)
     Speed:     ev/sec=23803.8   simsec/sec=2.77151   ev/simsec=8588.76
     Messages:  created: 609809   present: 1204   in FES: 154
** Event #798464   t=87.031694345911   Elapsed: 30.082s (0m 30s)  17% completed  (58% total)
     Speed:     ev/sec=31664.1   simsec/sec=3.49252   ev/simsec=9066.26
     Messages:  created: 662910   present: 1154   in FES: 133
** Event #857600   t=93.242686369536   Elapsed: 32.0898s (0m 32s)  18% completed  (59% total)
     Speed:     ev/sec=29453.4   simsec/sec=3.09345   ev/simsec=9521.18
     Messages:  created: 712422   present: 1168   in FES: 139
** Event #919552   t=100.087673889756   Elapsed: 34.0939s (0m 34s)  20% completed  (60% total)
     Speed:     ev/sec=30911.4   simsec/sec=3.41536   ev/simsec=9050.71
     Messages:  created: 764421   present: 1126   in FES: 125
** Event #985088   t=102.101112501377   Elapsed: 36.1002s (0m 36s)  20% completed  (60% total)
     Speed:     ev/sec=32666.4   simsec/sec=1.0036   ev/simsec=32549.3
     Messages:  created: 841934   present: 1295   in FES: 164
** Event #1043456   t=103.644128459401   Elapsed: 38.1078s (0m 38s)  20% completed  (60% total)
     Speed:     ev/sec=29072.9   simsec/sec=0.76857   ev/simsec=37827.2
     Messages:  created: 912949   present: 1294   in FES: 159
** Event #1113856   t=105.475935395419   Elapsed: 40.1118s (0m 40s)  21% completed  (60% total)
     Speed:     ev/sec=35129.8   simsec/sec=0.914078   ev/simsec=38432
     Messages:  created: 997191   present: 1396   in FES: 157
** Event #1199616   t=106.160755963094   Elapsed: 42.1179s (0m 42s)  21% completed  (60% total)
     Speed:     ev/sec=42750.6   simsec/sec=0.341377   ev/simsec=125230
     Messages:  created: 1111372   present: 1549   in FES: 190
** Event #1263104   t=106.766791321796   Elapsed: 44.1241s (0m 44s)  21% completed  (60% total)
     Speed:     ev/sec=31645.3   simsec/sec=0.302076   ev/simsec=104760
     Messages:  created: 1196531   present: 1499   in FES: 160
** Event #1335552   t=107.401034791931   Elapsed: 46.1521s (0m 46s)  21% completed  (60% total)
     Speed:     ev/sec=35724.1   simsec/sec=0.312745   ev/simsec=114227
     Messages:  created: 1291426   present: 1612   in FES: 152
** Event #1402368   t=108.023184500808   Elapsed: 48.159s (0m 48s)  21% completed  (60% total)
     Speed:     ev/sec=33292.8   simsec/sec=0.310002   ev/simsec=107395
     Messages:  created: 1381789   present: 1745   in FES: 171
** Event #1474048   t=108.658658195425   Elapsed: 50.1639s (0m 50s)  21% completed  (60% total)
     Speed:     ev/sec=35752.2   simsec/sec=0.316958   ev/simsec=112798
     Messages:  created: 1476070   present: 1813   in FES: 172
** Event #1547264   t=109.282862965976   Elapsed: 52.1688s (0m 52s)  21% completed  (60% total)
     Speed:     ev/sec=36519.1   simsec/sec=0.311345   ev/simsec=117295
     Messages:  created: 1572497   present: 1851   in FES: 155
** Event #1622528   t=110.020359791195   Elapsed: 54.1711s (0m 54s)  22% completed  (61% total)
     Speed:     ev/sec=37589   simsec/sec=0.368327   ev/simsec=102053
     Messages:  created: 1673871   present: 1886   in FES: 156
** Event #1695744   t=110.661183552081   Elapsed: 56.173s (0m 56s)  22% completed  (61% total)
     Speed:     ev/sec=36572.7   simsec/sec=0.320103   ev/simsec=114253
     Messages:  created: 1770258   present: 2013   in FES: 164
** Event #1771264   t=111.363034053797   Elapsed: 58.1759s (0m 58s)  22% completed  (61% total)
     Speed:     ev/sec=37705.7   simsec/sec=0.350421   ev/simsec=107601
     Messages:  created: 1869498   present: 2038   in FES: 156
** Event #1841152   t=112.013047004613   Elapsed: 60.1833s (1m 00s)  22% completed  (61% total)
     Speed:     ev/sec=34815   simsec/sec=0.323806   ev/simsec=107518
     Messages:  created: 1963920   present: 2123   in FES: 170
** Event #1919744   t=112.738231301544   Elapsed: 62.1862s (1m 02s)  22% completed  (61% total)
     Speed:     ev/sec=39238.7   simsec/sec=0.362064   ev/simsec=108375
     Messages:  created: 2067459   present: 2162   in FES: 156
** Event #1982464   t=113.252988343382   Elapsed: 64.1867s (1m 04s)  22% completed  (61% total)
     Speed:     ev/sec=31352.6   simsec/sec=0.257318   ev/simsec=121844
     Messages:  created: 2149388   present: 2273   in FES: 174
** Event #2064640   t=114.019030149862   Elapsed: 66.192s (1m 06s)  22% completed  (61% total)
     Speed:     ev/sec=40979.1   simsec/sec=0.382006   ev/simsec=107274
     Messages:  created: 2259943   present: 2319   in FES: 156
** Event #2128384   t=114.605874115427   Elapsed: 68.1981s (1m 08s)  22% completed  (61% total)
     Speed:     ev/sec=31775.3   simsec/sec=0.292532   ev/simsec=108622
     Messages:  created: 2342632   present: 2322   in FES: 156
** Event #2195968   t=115.159628913434   Elapsed: 70.2022s (1m 10s)  23% completed  (61% total)
     Speed:     ev/sec=33723.2   simsec/sec=0.276313   ev/simsec=122047
     Messages:  created: 2431692   present: 2405   in FES: 129
** Event #2263552   t=115.77986990967   Elapsed: 72.2023s (1m 12s)  23% completed  (61% total)
     Speed:     ev/sec=33789.2   simsec/sec=0.310095   ev/simsec=108964
     Messages:  created: 2522205   present: 2487   in FES: 154
** Event #2327296   t=116.3636224501   Elapsed: 74.2035s (1m 14s)  23% completed  (61% total)
     Speed:     ev/sec=31852.8   simsec/sec=0.2917   ev/simsec=109197
     Messages:  created: 2604244   present: 2599   in FES: 174
** Event #2389248   t=116.916292233505   Elapsed: 76.2082s (1m 16s)  23% completed  (61% total)
     Speed:     ev/sec=30903.5   simsec/sec=0.275688   ev/simsec=112096
     Messages:  created: 2688379   present: 2639   in FES: 174
** Event #2448384   t=117.413082533908   Elapsed: 78.2117s (1m 18s)  23% completed  (61% total)
     Speed:     ev/sec=29516.8   simsec/sec=0.247965   ev/simsec=119036
     Messages:  created: 2763895   present: 2696   in FES: 154
** Event #2512128   t=118.022721141233   Elapsed: 80.2209s (1m 20s)  23% completed  (61% total)
     Speed:     ev/sec=31725.4   simsec/sec=0.303418   ev/simsec=104560
     Messages:  created: 2849538   present: 2757   in FES: 155
** Event #2561792   t=118.448937852353   Elapsed: 82.2383s (1m 22s)  23% completed  (61% total)
     Speed:     ev/sec=24618.9   simsec/sec=0.21128   ev/simsec=116523
     Messages:  created: 2912833   present: 2731   in FES: 144
** Event #2632192   t=119.098721442722   Elapsed: 84.2587s (1m 24s)  23% completed  (61% total)
     Speed:     ev/sec=34843.1   simsec/sec=0.321597   ev/simsec=108344
     Messages:  created: 3005332   present: 2821   in FES: 150
** Event #2698752   t=119.666077348831   Elapsed: 86.2657s (1m 26s)  23% completed  (61% total)
     Speed:     ev/sec=33164   simsec/sec=0.282689   ev/simsec=117316
     Messages:  created: 3094179   present: 2896   in FES: 156
** Event #2771712   t=120.336354224065   Elapsed: 88.2677s (1m 28s)  24% completed  (62% total)
     Speed:     ev/sec=36444.8   simsec/sec=0.334815   ev/simsec=108851
     Messages:  created: 3189158   present: 2922   in FES: 143
** Event #2839296   t=120.993249629889   Elapsed: 90.2686s (1m 30s)  24% completed  (62% total)
     Speed:     ev/sec=33776.2   simsec/sec=0.328294   ev/simsec=102884
     Messages:  created: 3280700   present: 3065   in FES: 160
** Event #2907136   t=121.52196510951   Elapsed: 92.2728s (1m 32s)  24% completed  (62% total)
     Speed:     ev/sec=33848.1   simsec/sec=0.263798   ev/simsec=128311
     Messages:  created: 3367930   present: 3115   in FES: 156
** Event #2982656   t=122.238151915708   Elapsed: 94.2869s (1m 34s)  24% completed  (62% total)
     Speed:     ev/sec=37497.3   simsec/sec=0.355602   ev/simsec=105447
     Messages:  created: 3466816   present: 3135   in FES: 156
** Event #3066624   t=123.004764488997   Elapsed: 96.2877s (1m 36s)  24% completed  (62% total)
     Speed:     ev/sec=41967.4   simsec/sec=0.383155   ev/simsec=109531
     Messages:  created: 3580145   present: 3258   in FES: 142
** Event #3136000   t=123.609095439402   Elapsed: 98.2919s (1m 38s)  24% completed  (62% total)
     Speed:     ev/sec=34615   simsec/sec=0.301529   ev/simsec=114798
     Messages:  created: 3669124   present: 3293   in FES: 155
** Event #3206656   t=124.235649424828   Elapsed: 100.299s (1m 40s)  24% completed  (62% total)
     Speed:     ev/sec=35199.1   simsec/sec=0.312134   ev/simsec=112769
     Messages:  created: 3761281   present: 3338   in FES: 156
** Event #3282944   t=124.908060834934   Elapsed: 102.302s (1m 42s)  24% completed  (62% total)
     Speed:     ev/sec=38088.8   simsec/sec=0.335719   ev/simsec=113454
     Messages:  created: 3864269   present: 3491   in FES: 174
** Event #3345920   t=125.46073752013   Elapsed: 104.311s (1m 44s)  25% completed  (62% total)
     Speed:     ev/sec=31344   simsec/sec=0.275075   ev/simsec=113947
     Messages:  created: 3944566   present: 3474   in FES: 149
** Event #3427328   t=126.221342313784   Elapsed: 106.33s (1m 46s)  25% completed  (62% total)
     Speed:     ev/sec=40329.7   simsec/sec=0.376805   ev/simsec=107031
     Messages:  created: 4051856   present: 3556   in FES: 149
** Event #3510016   t=127.017115152325   Elapsed: 108.331s (1m 48s)  25% completed  (62% total)
     Speed:     ev/sec=41320   simsec/sec=0.397655   ev/simsec=103909
     Messages:  created: 4163132   present: 3675   in FES: 154
** Event #3576832   t=127.651757492907   Elapsed: 110.334s (1m 50s)  25% completed  (62% total)
     Speed:     ev/sec=33357.6   simsec/sec=0.316843   ev/simsec=105281
     Messages:  created: 4250794   present: 3739   in FES: 152
** Event #3652608   t=128.398495594413   Elapsed: 112.337s (1m 52s)  25% completed  (62% total)
     Speed:     ev/sec=37836.2   simsec/sec=0.372859   ev/simsec=101476
     Messages:  created: 4350954   present: 3814   in FES: 165
** Event #3736064   t=129.247688227542   Elapsed: 114.343s (1m 54s)  25% completed  (62% total)
     Speed:     ev/sec=41595.7   simsec/sec=0.42325   ev/simsec=98276.9
     Messages:  created: 4461916   present: 3947   in FES: 152
** Event #3805696   t=130.001599181371   Elapsed: 116.347s (1m 56s)  26% completed  (63% total)
     Speed:     ev/sec=34746.5   simsec/sec=0.376203   ev/simsec=92361
     Messages:  created: 4556600   present: 3961   in FES: 131
** Event #3868672   t=130.617452991704   Elapsed: 118.351s (1m 58s)  26% completed  (63% total)
     Speed:     ev/sec=31422.2   simsec/sec=0.307283   ev/simsec=102258
     Messages:  created: 4639030   present: 4050   in FES: 140
** Event #3955456   t=131.500392693583   Elapsed: 120.355s (2m 00s)  26% completed  (63% total)
     Speed:     ev/sec=43301.5   simsec/sec=0.44055   ev/simsec=98289.8
     Messages:  created: 4754053   present: 4143   in FES: 156
** Event #4033024   t=132.268386481184   Elapsed: 122.359s (2m 02s)  26% completed  (63% total)
     Speed:     ev/sec=38712   simsec/sec=0.383284   ev/simsec=101001
     Messages:  created: 4857343   present: 4217   in FES: 147
** Event #4104192   t=133.023388143285   Elapsed: 124.359s (2m 04s)  26% completed  (63% total)
     Speed:     ev/sec=35583.4   simsec/sec=0.377495   ev/simsec=94262
     Messages:  created: 4953722   present: 4346   in FES: 166
** Event #4200192   t=134.018936089716   Elapsed: 126.367s (2m 06s)  26% completed  (63% total)
     Speed:     ev/sec=47824   simsec/sec=0.495949   ev/simsec=96429.3
     Messages:  created: 5081469   present: 4345   in FES: 126
** Event #4300800   t=135.029029970427   Elapsed: 128.368s (2m 08s)  27% completed  (63% total)
     Speed:     ev/sec=50258.2   simsec/sec=0.504587   ev/simsec=99602.6
     Messages:  created: 5215513   present: 4642   in FES: 185
** Event #4368896   t=135.75198881611   Elapsed: 130.376s (2m 10s)  27% completed  (63% total)
     Speed:     ev/sec=33925.6   simsec/sec=0.36018   ev/simsec=94190.7
     Messages:  created: 5305871   present: 4620   in FES: 155
** Event #4442368   t=136.49450773283   Elapsed: 132.381s (2m 12s)  27% completed  (63% total)
     Speed:     ev/sec=36644.7   simsec/sec=0.370336   ev/simsec=98949.7
     Messages:  created: 5402628   present: 4684   in FES: 154
** Event #4541696   t=137.501800493795   Elapsed: 134.381s (2m 14s)  27% completed  (63% total)
     Speed:     ev/sec=49654.4   simsec/sec=0.503549   ev/simsec=98608.9
     Messages:  created: 5534863   present: 4782   in FES: 149
** Event #4628224   t=138.387499290367   Elapsed: 136.382s (2m 16s)  27% completed  (63% total)
     Speed:     ev/sec=43243.6   simsec/sec=0.44264   ev/simsec=97694.6
     Messages:  created: 5650070   present: 4777   in FES: 135
** Event #4701184   t=139.122357155528   Elapsed: 138.389s (2m 18s)  27% completed  (63% total)
     Speed:     ev/sec=36358.6   simsec/sec=0.366206   ev/simsec=99284.5
     Messages:  created: 5747101   present: 4956   in FES: 151
** Event #4785408   t=140.01304718259   Elapsed: 140.402s (2m 20s)  28% completed  (64% total)
     Speed:     ev/sec=41842.5   simsec/sec=0.442494   ev/simsec=94560.4
     Messages:  created: 5860665   present: 5011   in FES: 148
** Event #4863232   t=140.613408850703   Elapsed: 142.408s (2m 22s)  28% completed  (64% total)
     Speed:     ev/sec=38791.2   simsec/sec=0.299249   ev/simsec=129629
     Messages:  created: 5963709   present: 5064   in FES: 156
** Event #4947968   t=141.253387345477   Elapsed: 144.411s (2m 24s)  28% completed  (64% total)
     Speed:     ev/sec=42307.3   simsec/sec=0.319531   ev/simsec=132404
     Messages:  created: 6076261   present: 5081   in FES: 166
** Event #5043200   t=142.021602963088   Elapsed: 146.421s (2m 26s)  28% completed  (64% total)
     Speed:     ev/sec=47365.8   simsec/sec=0.382089   ev/simsec=123965
     Messages:  created: 6205042   present: 5174   in FES: 166
** Event #5117440   t=142.613378742833   Elapsed: 148.428s (2m 28s)  28% completed  (64% total)
     Speed:     ev/sec=36988.5   simsec/sec=0.29484   ev/simsec=125453
     Messages:  created: 6303221   present: 5127   in FES: 167
** Event #5178624   t=143.098094053297   Elapsed: 150.429s (2m 30s)  28% completed  (64% total)
     Speed:     ev/sec=30581.1   simsec/sec=0.242271   ev/simsec=126227
     Messages:  created: 6384404   present: 5081   in FES: 154
** Event #5274624   t=143.871079798732   Elapsed: 152.431s (2m 32s)  28% completed  (64% total)
     Speed:     ev/sec=47959.5   simsec/sec=0.386167   ev/simsec=124194
     Messages:  created: 6514226   present: 5200   in FES: 156
** Event #5368320   t=144.615185000105   Elapsed: 154.434s (2m 34s)  28% completed  (64% total)
     Speed:     ev/sec=46763.9   simsec/sec=0.371385   ev/simsec=125918
     Messages:  created: 6638059   present: 5142   in FES: 126
** Event #5462528   t=145.366105419831   Elapsed: 156.434s (2m 36s)  29% completed  (64% total)
     Speed:     ev/sec=47100.1   simsec/sec=0.375429   ev/simsec=125457
     Messages:  created: 6763561   present: 5248   in FES: 156
** Event #5538816   t=146.002923930565   Elapsed: 158.436s (2m 38s)  29% completed  (64% total)
     Speed:     ev/sec=38105.4   simsec/sec=0.318087   ev/simsec=119796
     Messages:  created: 6867387   present: 5256   in FES: 156
** Event #5613824   t=146.609216243137   Elapsed: 160.44s (2m 40s)  29% completed  (64% total)
     Speed:     ev/sec=37440.5   simsec/sec=0.302633   ev/simsec=123716
     Messages:  created: 6966022   present: 5245   in FES: 156
** Event #5681664   t=147.11692835245   Elapsed: 162.441s (2m 42s)  29% completed  (64% total)
     Speed:     ev/sec=33892.6   simsec/sec=0.253651   ev/simsec=133619
     Messages:  created: 7056433   present: 5290   in FES: 143
** Event #5765376   t=147.764103086296   Elapsed: 164.443s (2m 44s)  29% completed  (64% total)
     Speed:     ev/sec=41816.7   simsec/sec=0.323283   ev/simsec=129350
     Messages:  created: 7169615   present: 5185   in FES: 130
** Event #5848064   t=148.142941878709   Elapsed: 166.444s (2m 46s)  29% completed  (64% total)
     Speed:     ev/sec=41322.1   simsec/sec=0.189319   ev/simsec=218267
     Messages:  created: 7281390   present: 5333   in FES: 172
** Event #5925376   t=148.530039029616   Elapsed: 168.542s (2m 48s)  29% completed  (64% total)
     Speed:     ev/sec=36860.2   simsec/sec=0.184557   ev/simsec=199722
     Messages:  created: 7386129   present: 5264   in FES: 125
** Event #6027776   t=149.414720381006   Elapsed: 170.542s (2m 50s)  29% completed  (64% total)
     Speed:     ev/sec=51194.3   simsec/sec=0.442292   ev/simsec=115748
     Messages:  created: 7522508   present: 5384   in FES: 155
** Event #6126336   t=150.245115174204   Elapsed: 172.545s (2m 52s)  30% completed  (65% total)
     Speed:     ev/sec=49220.5   simsec/sec=0.414696   ev/simsec=118691
     Messages:  created: 7654477   present: 5425   in FES: 154
** Event #6187776   t=150.750058537905   Elapsed: 174.604s (2m 54s)  30% completed  (65% total)
     Speed:     ev/sec=29837.8   simsec/sec=0.245221   ev/simsec=121677
     Messages:  created: 7737777   present: 5452   in FES: 155
** Event #6255360   t=151.273348184658   Elapsed: 176.609s (2m 56s)  30% completed  (65% total)
     Speed:     ev/sec=33703.5   simsec/sec=0.26096   ev/simsec=129152
     Messages:  created: 7827698   present: 5441   in FES: 156
** Event #6324736   t=151.866959446586   Elapsed: 178.613s (2m 58s)  30% completed  (65% total)
     Speed:     ev/sec=34611.4   simsec/sec=0.29615   ev/simsec=116871
     Messages:  created: 7921645   present: 5452   in FES: 137
** Event #6391808   t=152.373463993854   Elapsed: 180.619s (3m 00s)  30% completed  (65% total)
     Speed:     ev/sec=33435.5   simsec/sec=0.252493   ev/simsec=132421
     Messages:  created: 8010647   present: 5476   in FES: 156
** Event #6475520   t=153.028885272226   Elapsed: 182.621s (3m 02s)  30% completed  (65% total)
     Speed:     ev/sec=41824.4   simsec/sec=0.327463   ev/simsec=127722
     Messages:  created: 8123569   present: 5538   in FES: 158
** Event #6547456   t=153.623715157508   Elapsed: 184.624s (3m 04s)  30% completed  (65% total)
     Speed:     ev/sec=35904.9   simsec/sec=0.296893   ev/simsec=120935
     Messages:  created: 8219243   present: 5543   in FES: 156
** Event #6630656   t=154.337887979476   Elapsed: 186.628s (3m 06s)  30% completed  (65% total)
     Speed:     ev/sec=41533.5   simsec/sec=0.356516   ev/simsec=116498
     Messages:  created: 8330330   present: 5506   in FES: 155
** Event #6728448   t=155.241247523954   Elapsed: 188.702s (3m 08s)  31% completed  (65% total)
     Speed:     ev/sec=47134.9   simsec/sec=0.435411   ev/simsec=108254
     Messages:  created: 8461659   present: 5627   in FES: 155
** Event #6823936   t=156.113222977638   Elapsed: 190.706s (3m 10s)  31% completed  (65% total)
     Speed:     ev/sec=47647   simsec/sec=0.435102   ev/simsec=109508
     Messages:  created: 8590148   present: 5745   in FES: 157
** Event #6910208   t=156.463984062651   Elapsed: 192.707s (3m 12s)  31% completed  (65% total)
     Speed:     ev/sec=43132.7   simsec/sec=0.175367   ev/simsec=245957
     Messages:  created: 8708538   present: 5667   in FES: 155
** Event #7003648   t=156.866571364307   Elapsed: 194.71s (3m 14s)  31% completed  (65% total)
     Speed:     ev/sec=46635.5   simsec/sec=0.20093   ev/simsec=232099
     Messages:  created: 8837866   present: 5806   in FES: 155
** Event #7089920   t=157.364394393721   Elapsed: 196.716s (3m 16s)  31% completed  (65% total)
     Speed:     ev/sec=43010.7   simsec/sec=0.248189   ev/simsec=173299
     Messages:  created: 8954275   present: 5775   in FES: 166
** Event #7185408   t=158.267106504877   Elapsed: 198.719s (3m 18s)  31% completed  (65% total)
     Speed:     ev/sec=47667.5   simsec/sec=0.450633   ev/simsec=105779
     Messages:  created: 9082606   present: 5793   in FES: 165
** Event #7291648   t=159.272024679285   Elapsed: 200.72s (3m 20s)  31% completed  (65% total)
     Speed:     ev/sec=53101.1   simsec/sec=0.502281   ev/simsec=105720
     Messages:  created: 9225425   present: 5922   in FES: 165
** Event #7395328   t=160.273963413396   Elapsed: 202.724s (3m 22s)  32% completed  (66% total)
     Speed:     ev/sec=51732.7   simsec/sec=0.499933   ev/simsec=103479
     Messages:  created: 9364803   present: 5914   in FES: 127
** Event #7500800   t=161.279256260759   Elapsed: 204.726s (3m 24s)  32% completed  (66% total)
     Speed:     ev/sec=52677.6   simsec/sec=0.50209   ev/simsec=104917
     Messages:  created: 9506780   present: 6043   in FES: 156
** Event #7593728   t=162.239226443042   Elapsed: 206.849s (3m 26s)  32% completed  (66% total)
     Speed:     ev/sec=43780.7   simsec/sec=0.452266   ev/simsec=96803
     Messages:  created: 9631582   present: 6074   in FES: 156
** Event #7677952   t=163.024041572383   Elapsed: 208.852s (3m 28s)  32% completed  (66% total)
     Speed:     ev/sec=42040.5   simsec/sec=0.391741   ev/simsec=107317
     Messages:  created: 9745891   present: 6184   in FES: 152
** Event #7782912   t=164.022872378302   Elapsed: 210.855s (3m 30s)  32% completed  (66% total)
     Speed:     ev/sec=52399.9   simsec/sec=0.498653   ev/simsec=105083
     Messages:  created: 9887180   present: 6172   in FES: 137
** Event #7870208   t=164.86427176661   Elapsed: 212.858s (3m 32s)  32% completed  (66% total)
     Speed:     ev/sec=43588.5   simsec/sec=0.420127   ev/simsec=103751
     Messages:  created: 10004769   present: 6322   in FES: 154
** Event #7963392   t=165.761423066479   Elapsed: 214.859s (3m 34s)  33% completed  (66% total)
     Speed:     ev/sec=46563   simsec/sec=0.448296   ev/simsec=103867
     Messages:  created: 10129739   present: 6235   in FES: 123
** Event #8036608   t=166.48564931773   Elapsed: 216.863s (3m 36s)  33% completed  (66% total)
     Speed:     ev/sec=36546.4   simsec/sec=0.361504   ev/simsec=101095
     Messages:  created: 10227421   present: 6344   in FES: 156
** Event #8111616   t=167.164439221902   Elapsed: 218.866s (3m 38s)  33% completed  (66% total)
     Speed:     ev/sec=37436.9   simsec/sec=0.338788   ev/simsec=110503
     Messages:  created: 10328580   present: 6446   in FES: 154
** Event #8185856   t=167.9153310998   Elapsed: 220.867s (3m 40s)  33% completed  (66% total)
     Speed:     ev/sec=37104.7   simsec/sec=0.375291   ev/simsec=98869.1
     Messages:  created: 10429479   present: 6552   in FES: 190
** Event #8288000   t=168.915355211398   Elapsed: 222.87s (3m 42s)  33% completed  (66% total)
     Speed:     ev/sec=50991.9   simsec/sec=0.499228   ev/simsec=102142
     Messages:  created: 10566798   present: 6567   in FES: 150
** Event #8399104   t=170.015597414297   Elapsed: 224.874s (3m 44s)  34% completed  (67% total)
     Speed:     ev/sec=55441.1   simsec/sec=0.549023   ev/simsec=100981
     Messages:  created: 10716028   present: 6598   in FES: 165
** Event #8485888   t=170.864642320431   Elapsed: 226.877s (3m 46s)  34% completed  (67% total)
     Speed:     ev/sec=43325   simsec/sec=0.423867   ev/simsec=102214
     Messages:  created: 10832597   present: 6673   in FES: 150
** Event #8583936   t=171.778150530016   Elapsed: 228.88s (3m 48s)  34% completed  (67% total)
     Speed:     ev/sec=48961.6   simsec/sec=0.456173   ev/simsec=107331
     Messages:  created: 10964313   present: 6759   in FES: 154
** Event #8681472   t=172.750542825337   Elapsed: 230.88s (3m 50s)  34% completed  (67% total)
     Speed:     ev/sec=48757.1   simsec/sec=0.486087   ev/simsec=100305
     Messages:  created: 11095262   present: 6809   in FES: 156
** Event #8782336   t=173.730186465834   Elapsed: 232.881s (3m 52s)  34% completed  (67% total)
     Speed:     ev/sec=50423   simsec/sec=0.489734   ev/simsec=102960
     Messages:  created: 11230802   present: 6839   in FES: 156
** Event #8887296   t=174.662954078825   Elapsed: 234.883s (3m 54s)  34% completed  (67% total)
     Speed:     ev/sec=52410.2   simsec/sec=0.465764   ev/simsec=112525
     Messages:  created: 11372029   present: 6929   in FES: 165
** Event #8986368   t=175.607425652287   Elapsed: 236.89s (3m 56s)  35% completed  (67% total)
     Speed:     ev/sec=49379.6   simsec/sec=0.470744   ev/simsec=104897
     Messages:  created: 11505010   present: 6990   in FES: 161
** Event #9063936   t=176.267005360158   Elapsed: 238.896s (3m 58s)  35% completed  (67% total)
     Speed:     ev/sec=38660.9   simsec/sec=0.328743   ev/simsec=117602
     Messages:  created: 11609225   present: 7002   in FES: 165
** Event #9169408   t=177.195031523559   Elapsed: 240.897s (4m 00s)  35% completed  (67% total)
     Speed:     ev/sec=52718.7   simsec/sec=0.463861   ev/simsec=113652
     Messages:  created: 11751407   present: 7048   in FES: 170
** Event #9277696   t=178.115025749362   Elapsed: 242.898s (4m 02s)  35% completed  (67% total)
     Speed:     ev/sec=54109.1   simsec/sec=0.459701   ev/simsec=117705
     Messages:  created: 11896882   present: 7105   in FES: 136
** Event #9368064   t=178.873762379353   Elapsed: 244.902s (4m 04s)  35% completed  (67% total)
     Speed:     ev/sec=45085.8   simsec/sec=0.378544   ev/simsec=119103
     Messages:  created: 12019641   present: 7178   in FES: 166
** Event #9457664   t=179.61676148077   Elapsed: 246.903s (4m 06s)  35% completed  (67% total)
     Speed:     ev/sec=44788.9   simsec/sec=0.371407   ev/simsec=120592
     Messages:  created: 12139085   present: 7220   in FES: 166
** Event #9548288   t=180.361573598446   Elapsed: 248.903s (4m 08s)  36% completed  (68% total)
     Speed:     ev/sec=45300.1   simsec/sec=0.372308   ev/simsec=121674
     Messages:  created: 12260184   present: 7290   in FES: 185
** Event #9628416   t=181.021967508117   Elapsed: 250.913s (4m 10s)  36% completed  (68% total)
     Speed:     ev/sec=39861.8   simsec/sec=0.32853   ev/simsec=121334
     Messages:  created: 12368766   present: 7264   in FES: 156
** Event #9716224   t=181.747675431073   Elapsed: 252.914s (4m 12s)  36% completed  (68% total)
     Speed:     ev/sec=43902.1   simsec/sec=0.362838   ev/simsec=120996
     Messages:  created: 12485842   present: 7283   in FES: 164
** Event #9801216   t=182.414943975289   Elapsed: 254.914s (4m 14s)  36% completed  (68% total)
     Speed:     ev/sec=42486.5   simsec/sec=0.333559   ev/simsec=127373
     Messages:  created: 12598714   present: 7275   in FES: 153
** Event #9901312   t=183.253469821751   Elapsed: 256.914s (4m 16s)  36% completed  (68% total)
     Speed:     ev/sec=50041.1   simsec/sec=0.419205   ev/simsec=119371
     Messages:  created: 12732320   present: 7317   in FES: 151
** Event #9991936   t=184.021480257134   Elapsed: 258.917s (4m 18s)  36% completed  (68% total)
     Speed:     ev/sec=45251.5   simsec/sec=0.383492   ev/simsec=117998
     Messages:  created: 12855226   present: 7463   in FES: 196
** Event #10069504   t=184.661313336455   Elapsed: 260.921s (4m 20s)  36% completed  (68% total)
     Speed:     ev/sec=38708.1   simsec/sec=0.319291   ev/simsec=121232
     Messages:  created: 12958193   present: 7371   in FES: 154
** Event #10148096   t=185.280793290431   Elapsed: 262.975s (4m 22s)  37% completed  (68% total)
     Speed:     ev/sec=38257.9   simsec/sec=0.301557   ev/simsec=126868
     Messages:  created: 13062781   present: 7363   in FES: 154
** Event #10242560   t=186.113215040237   Elapsed: 264.976s (4m 24s)  37% completed  (68% total)
     Speed:     ev/sec=47215.1   simsec/sec=0.416062   ev/simsec=113481
     Messages:  created: 13188968   present: 7377   in FES: 139
** Event #10346240   t=187.005826293103   Elapsed: 266.978s (4m 26s)  37% completed  (68% total)
     Speed:     ev/sec=51775.6   simsec/sec=0.445751   ev/simsec=116154
     Messages:  created: 13329444   present: 7431   in FES: 154
** Event #10433024   t=187.73720159137   Elapsed: 268.982s (4m 28s)  37% completed  (68% total)
     Speed:     ev/sec=43316.6   simsec/sec=0.365052   ev/simsec=118659
     Messages:  created: 13444226   present: 7405   in FES: 156
** Event #10531584   t=188.507932262813   Elapsed: 270.984s (4m 30s)  37% completed  (68% total)
     Speed:     ev/sec=49217.1   simsec/sec=0.384873   ev/simsec=127879
     Messages:  created: 13575114   present: 7476   in FES: 154
** Event #10625280   t=189.2666838994   Elapsed: 272.985s (4m 32s)  37% completed  (68% total)
     Speed:     ev/sec=46843.2   simsec/sec=0.379337   ev/simsec=123487
     Messages:  created: 13700053   present: 7483   in FES: 163
** Event #10698752   t=189.896611717114   Elapsed: 274.986s (4m 34s)  37% completed  (68% total)
     Speed:     ev/sec=36709.5   simsec/sec=0.314737   ev/simsec=116636
     Messages:  created: 13799487   present: 7416   in FES: 131
** Event #10797824   t=190.657187937175   Elapsed: 276.993s (4m 36s)  38% completed  (69% total)
     Speed:     ev/sec=49362.9   simsec/sec=0.378959   ev/simsec=130259
     Messages:  created: 13930646   present: 7540   in FES: 165
** Event #10886656   t=191.366312759272   Elapsed: 278.994s (4m 38s)  38% completed  (69% total)
     Speed:     ev/sec=44390.3   simsec/sec=0.354357   ev/simsec=125270
     Messages:  created: 14048063   present: 7576   in FES: 143
** Event #10971648   t=192.032471876613   Elapsed: 280.994s (4m 40s)  38% completed  (69% total)
     Speed:     ev/sec=42490.3   simsec/sec=0.333035   ev/simsec=127585
     Messages:  created: 14162244   present: 7582   in FES: 143
** Event #11071488   t=192.770492029367   Elapsed: 283s (4m 43s)  38% completed  (69% total)
     Speed:     ev/sec=49781.7   simsec/sec=0.367987   ev/simsec=135281
     Messages:  created: 14295120   present: 7614   in FES: 155
** Event #11159808   t=193.403917247675   Elapsed: 285.001s (4m 45s)  38% completed  (69% total)
     Speed:     ev/sec=44142.1   simsec/sec=0.316584   ev/simsec=139432
     Messages:  created: 14411791   present: 7672   in FES: 153
** Event #11246848   t=193.857900756083   Elapsed: 287.001s (4m 47s)  38% completed  (69% total)
     Speed:     ev/sec=43513.5   simsec/sec=0.226958   ev/simsec=191725
     Messages:  created: 14531048   present: 7619   in FES: 165
** Event #11342592   t=194.766822832808   Elapsed: 289.007s (4m 49s)  38% completed  (69% total)
     Speed:     ev/sec=47735.9   simsec/sec=0.453169   ev/simsec=105338
     Messages:  created: 14658248   present: 7708   in FES: 154
** Event #11426304   t=195.48688581584   Elapsed: 291.009s (4m 51s)  39% completed  (69% total)
     Speed:     ev/sec=41819.4   simsec/sec=0.359716   ev/simsec=116256
     Messages:  created: 14768345   present: 7730   in FES: 150
** Event #11510528   t=196.159070966558   Elapsed: 293.011s (4m 53s)  39% completed  (69% total)
     Speed:     ev/sec=42057.7   simsec/sec=0.335659   ev/simsec=125299
     Messages:  created: 14880703   present: 7816   in FES: 153
** Event #11597312   t=197.095414262621   Elapsed: 295.021s (4m 55s)  39% completed  (69% total)
     Speed:     ev/sec=43185.3   simsec/sec=0.465942   ev/simsec=92684
     Messages:  created: 14995857   present: 7823   in FES: 143
** Event #11692544   t=198.075956607066   Elapsed: 297.023s (4m 57s)  39% completed  (69% total)
     Speed:     ev/sec=47565.1   simsec/sec=0.489747   ev/simsec=97121.8
     Messages:  created: 15122810   present: 7880   in FES: 127
** Event #11789568   t=199.098191946483   Elapsed: 299.03s (4m 59s)  39% completed  (69% total)
     Speed:     ev/sec=48339.1   simsec/sec=0.509296   ev/simsec=94913.6
     Messages:  created: 15251363   present: 8057   in FES: 151
** Event #11893504   t=200.153941926681   Elapsed: 301.034s (5m 01s)  40% completed  (70% total)
     Speed:     ev/sec=51876.2   simsec/sec=0.526942   ev/simsec=98447.6
     Messages:  created: 15389637   present: 8164   in FES: 147
** Event #11979008   t=201.033859493252   Elapsed: 303.034s (5m 03s)  40% completed  (70% total)
     Speed:     ev/sec=42745.7   simsec/sec=0.439894   ev/simsec=97172.7
     Messages:  created: 15504418   present: 8337   in FES: 152
** Event #12063488   t=201.991845738002   Elapsed: 305.037s (5m 05s)  40% completed  (70% total)
     Speed:     ev/sec=42175.9   simsec/sec=0.478266   ev/simsec=88185
     Messages:  created: 15617382   present: 8383   in FES: 154
** Event #12156928   t=202.915112451539   Elapsed: 307.038s (5m 07s)  40% completed  (70% total)
     Speed:     ev/sec=46695   simsec/sec=0.461387   ev/simsec=101206
     Messages:  created: 15741511   present: 8522   in FES: 165
** Event #12246016   t=203.866528378497   Elapsed: 309.042s (5m 09s)  40% completed  (70% total)
     Speed:     ev/sec=44464.8   simsec/sec=0.474862   ev/simsec=93637.3
     Messages:  created: 15859600   present: 8610   in FES: 154
** Event #12321536   t=204.622178561866   Elapsed: 311.045s (5m 11s)  40% completed  (70% total)
     Speed:     ev/sec=37701   simsec/sec=0.377235   ev/simsec=99940.4
     Messages:  created: 15959082   present: 8698   in FES: 154
** Event #12419584   t=205.64944905011   Elapsed: 313.051s (5m 13s)  41% completed  (70% total)
     Speed:     ev/sec=48881   simsec/sec=0.512137   ev/simsec=95445.2
     Messages:  created: 16089469   present: 8718   in FES: 137
** Event #12519936   t=206.667263022037   Elapsed: 315.052s (5m 15s)  41% completed  (70% total)
     Speed:     ev/sec=50128.7   simsec/sec=0.508427   ev/simsec=98595.6
     Messages:  created: 16223163   present: 8899   in FES: 150
** Event #12620800   t=207.753729507417   Elapsed: 317.054s (5m 17s)  41% completed  (70% total)
     Speed:     ev/sec=50387.2   simsec/sec=0.542751   ev/simsec=92836.7
     Messages:  created: 16357469   present: 8956   in FES: 141
** Event #12695040   t=208.505580750959   Elapsed: 319.055s (5m 19s)  41% completed  (70% total)
     Speed:     ev/sec=37099.8   simsec/sec=0.375721   ev/simsec=98742.9
     Messages:  created: 16455306   present: 9103   in FES: 155
** Event #12799488   t=209.615249379574   Elapsed: 321.058s (5m 21s)  41% completed  (70% total)
     Speed:     ev/sec=52161.5   simsec/sec=0.554171   ev/simsec=94125.4
     Messages:  created: 16594696   present: 9199   in FES: 150
** Event #12892672   t=210.533956676144   Elapsed: 323.061s (5m 23s)  42% completed  (71% total)
     Speed:     ev/sec=46505.5   simsec/sec=0.458501   ev/simsec=101429
     Messages:  created: 16718694   present: 9240   in FES: 129
** Event #12975616   t=211.412643142501   Elapsed: 325.063s (5m 25s)  42% completed  (71% total)
     Speed:     ev/sec=41431   simsec/sec=0.438909   ev/simsec=94395.4
     Messages:  created: 16829091   present: 9318   in FES: 127
** Event #13074688   t=212.490303834329   Elapsed: 327.067s (5m 27s)  42% completed  (71% total)
     Speed:     ev/sec=49451.1   simsec/sec=0.537907   ev/simsec=91932.5
     Messages:  created: 16961182   present: 9478   in FES: 149
** Event #13171712   t=213.497634352291   Elapsed: 329.07s (5m 29s)  42% completed  (71% total)
     Speed:     ev/sec=48444.7   simsec/sec=0.502967   ev/simsec=96317.9
     Messages:  created: 17091218   present: 9627   in FES: 165
** Event #13257216   t=214.396612211687   Elapsed: 331.071s (5m 31s)  42% completed  (71% total)
     Speed:     ev/sec=42714   simsec/sec=0.449089   ev/simsec=95112.5
     Messages:  created: 17205856   present: 9598   in FES: 133
** Event #13360128   t=215.494281644291   Elapsed: 333.077s (5m 33s)  43% completed  (71% total)
     Speed:     ev/sec=51309.4   simsec/sec=0.547271   ev/simsec=93755
     Messages:  created: 17344274   present: 9820   in FES: 151
** Event #13453568   t=216.490829961252   Elapsed: 335.081s (5m 35s)  43% completed  (71% total)
     Speed:     ev/sec=46630.7   simsec/sec=0.497321   ev/simsec=93763.6
     Messages:  created: 17469912   present: 9890   in FES: 165
** Event #13541120   t=217.398477287605   Elapsed: 337.083s (5m 37s)  43% completed  (71% total)
     Speed:     ev/sec=43727.7   simsec/sec=0.453323   ev/simsec=96460.4
     Messages:  created: 17587639   present: 9905   in FES: 140
** Event #13639168   t=218.412702274979   Elapsed: 339.086s (5m 39s)  43% completed  (71% total)
     Speed:     ev/sec=48945.3   simsec/sec=0.506298   ev/simsec=96672.8
     Messages:  created: 17719745   present: 10067   in FES: 134
** Event #13749248   t=219.615375911764   Elapsed: 341.087s (5m 41s)  43% completed  (71% total)
     Speed:     ev/sec=55014.3   simsec/sec=0.601056   ev/simsec=91529.4
     Messages:  created: 17868020   present: 10235   in FES: 154
** Event #13824768   t=220.39920204446   Elapsed: 343.09s (5m 43s)  44% completed  (72% total)
     Speed:     ev/sec=37715.4   simsec/sec=0.39145   ev/simsec=96347.9
     Messages:  created: 17969224   present: 10209   in FES: 124
** Event #13908480   t=221.268675740035   Elapsed: 345.095s (5m 45s)  44% completed  (72% total)
     Speed:     ev/sec=41743.6   simsec/sec=0.433569   ev/simsec=96278.9
     Messages:  created: 18081827   present: 10323   in FES: 135
** Event #14008576   t=222.36051195496   Elapsed: 347.097s (5m 47s)  44% completed  (72% total)
     Speed:     ev/sec=49986.9   simsec/sec=0.545252   ev/simsec=91676.8
     Messages:  created: 18216498   present: 10491   in FES: 146
** Event #14110208   t=223.406409894692   Elapsed: 349.17s (5m 49s)  44% completed  (72% total)
     Speed:     ev/sec=49041.4   simsec/sec=0.504686   ev/simsec=97172
     Messages:  created: 18353322   present: 10636   in FES: 165
** Event #14220544   t=224.611982042702   Elapsed: 351.173s (5m 51s)  44% completed  (72% total)
     Speed:     ev/sec=55075.1   simsec/sec=0.601771   ev/simsec=91521.7
     Messages:  created: 18501896   present: 10753   in FES: 164
** Event #14306560   t=225.502959419102   Elapsed: 353.178s (5m 53s)  45% completed  (72% total)
     Speed:     ev/sec=42910.7   simsec/sec=0.44448   ev/simsec=96541.2
     Messages:  created: 18617385   present: 10872   in FES: 164
** Event #14390528   t=226.389130688138   Elapsed: 355.187s (5m 55s)  45% completed  (72% total)
     Speed:     ev/sec=41787.4   simsec/sec=0.441011   ev/simsec=94753.7
     Messages:  created: 18730245   present: 10841   in FES: 140
** Event #14485248   t=227.396606873943   Elapsed: 357.191s (5m 57s)  45% completed  (72% total)
     Speed:     ev/sec=47267.4   simsec/sec=0.502753   ev/simsec=94017.1
     Messages:  created: 18857623   present: 11015   in FES: 163
** Event #14583040   t=228.410372622966   Elapsed: 359.192s (5m 59s)  45% completed  (72% total)
     Speed:     ev/sec=48884.2   simsec/sec=0.50676   ev/simsec=96464.1
     Messages:  created: 18989295   present: 11162   in FES: 153
** Event #14693120   t=229.612420731721   Elapsed: 361.195s (6m 01s)  45% completed  (72% total)
     Speed:     ev/sec=54939.2   simsec/sec=0.599923   ev/simsec=91577
     Messages:  created: 19137529   present: 11288   in FES: 167
** Event #14810112   t=230.864144262741   Elapsed: 363.197s (6m 03s)  46% completed  (73% total)
     Speed:     ev/sec=58454.1   simsec/sec=0.625414   ev/simsec=93464.7
     Messages:  created: 19295545   present: 11441   in FES: 170
** Event #14928896   t=232.105837507191   Elapsed: 365.2s (6m 05s)  46% completed  (73% total)
     Speed:     ev/sec=59279   simsec/sec=0.619665   ev/simsec=95662.9
     Messages:  created: 19454159   present: 11464   in FES: 161
** Event #15019264   t=233.030622292306   Elapsed: 367.202s (6m 07s)  46% completed  (73% total)
     Speed:     ev/sec=45157.7   simsec/sec=0.462123   ev/simsec=97717.9
     Messages:  created: 19576792   present: 11618   in FES: 152
** Event #15102720   t=233.916311578892   Elapsed: 369.207s (6m 09s)  46% completed  (73% total)
     Speed:     ev/sec=41622.1   simsec/sec=0.441721   ev/simsec=94227.2
     Messages:  created: 19689305   present: 11749   in FES: 155
** Event #15187712   t=234.856367994138   Elapsed: 371.209s (6m 11s)  46% completed  (73% total)
     Speed:     ev/sec=42443.9   simsec/sec=0.469451   ev/simsec=90411.6
     Messages:  created: 19803237   present: 11769   in FES: 154
** Event #15279360   t=235.770814383202   Elapsed: 373.212s (6m 13s)  47% completed  (73% total)
     Speed:     ev/sec=45748.8   simsec/sec=0.456473   ev/simsec=100222
     Messages:  created: 19926421   present: 11929   in FES: 155
** Event #15366400   t=236.66433894663   Elapsed: 375.216s (6m 15s)  47% completed  (73% total)
     Speed:     ev/sec=43434.6   simsec/sec=0.445885   ev/simsec=97412
     Messages:  created: 20043282   present: 12035   in FES: 157
** Event #15464448   t=237.742908673212   Elapsed: 377.219s (6m 17s)  47% completed  (73% total)
     Speed:     ev/sec=48963.8   simsec/sec=0.538623   ev/simsec=90905.6
     Messages:  created: 20175115   present: 12066   in FES: 144
** Event #15558400   t=238.737656443557   Elapsed: 379.224s (6m 19s)  47% completed  (73% total)
     Speed:     ev/sec=46851.8   simsec/sec=0.496059   ev/simsec=94448.1
     Messages:  created: 20301404   present: 12200   in FES: 154
** Event #15659008   t=239.756486454022   Elapsed: 381.227s (6m 21s)  47% completed  (73% total)
     Speed:     ev/sec=50232.9   simsec/sec=0.508695   ev/simsec=98748.6
     Messages:  created: 20436808   present: 12254   in FES: 123
** Event #15750144   t=240.737356013929   Elapsed: 383.23s (6m 23s)  48% completed  (74% total)
     Speed:     ev/sec=45492.8   simsec/sec=0.489626   ev/simsec=92913.5
     Messages:  created: 20559196   present: 12397   in FES: 166
** Event #15848960   t=241.746972621018   Elapsed: 385.232s (6m 25s)  48% completed  (74% total)
     Speed:     ev/sec=49370.5   simsec/sec=0.504425   ev/simsec=97874.8
     Messages:  created: 20692181   present: 12542   in FES: 166
** Event #15929344   t=242.526757639031   Elapsed: 387.234s (6m 27s)  48% completed  (74% total)
     Speed:     ev/sec=40139.1   simsec/sec=0.38938   ev/simsec=103085
     Messages:  created: 20799797   present: 12653   in FES: 158
** Event #16019712   t=243.500071925006   Elapsed: 389.236s (6m 29s)  48% completed  (74% total)
     Speed:     ev/sec=45154   simsec/sec=0.486333   ev/simsec=92845.7
     Messages:  created: 20921065   present: 12722   in FES: 146
** Event #16129280   t=244.648838339416   Elapsed: 391.361s (6m 31s)  48% completed  (74% total)
     Speed:     ev/sec=51562.7   simsec/sec=0.540609   ev/simsec=95378.8
     Messages:  created: 21068654   present: 12723   in FES: 124
** Event #16225536   t=245.648981913431   Elapsed: 393.362s (6m 33s)  49% completed  (74% total)
     Speed:     ev/sec=48099.6   simsec/sec=0.499776   ev/simsec=96242.2
     Messages:  created: 21198095   present: 12912   in FES: 166
** Event #16340992   t=246.866976949047   Elapsed: 395.365s (6m 35s)  49% completed  (74% total)
     Speed:     ev/sec=57646.8   simsec/sec=0.608141   ev/simsec=94791.8
     Messages:  created: 21353902   present: 13069   in FES: 166
** Event #16457728   t=248.032227906737   Elapsed: 397.366s (6m 37s)  49% completed  (74% total)
     Speed:     ev/sec=58331.8   simsec/sec=0.582264   ev/simsec=100181
     Messages:  created: 21510693   present: 13233   in FES: 157
** Event #16580096   t=249.282113670624   Elapsed: 399.366s (6m 39s)  49% completed  (74% total)
     Speed:     ev/sec=61183.6   simsec/sec=0.624939   ev/simsec=97903.3
     Messages:  created: 21674506   present: 13341   in FES: 166
** Event #16677120   t=250.356353853313   Elapsed: 401.371s (6m 41s)  50% completed  (75% total)
     Speed:     ev/sec=48389.5   simsec/sec=0.535764   ev/simsec=90318.7
     Messages:  created: 21804708   present: 13319   in FES: 139
** Event #16761856   t=251.238229486174   Elapsed: 403.373s (6m 43s)  50% completed  (75% total)
     Speed:     ev/sec=42330.2   simsec/sec=0.440545   ev/simsec=96086.1
     Messages:  created: 21918735   present: 13596   in FES: 197
** Event #16879872   t=252.41601129626   Elapsed: 405.376s (6m 45s)  50% completed  (75% total)
     Speed:     ev/sec=58916.2   simsec/sec=0.587975   ev/simsec=100202
     Messages:  created: 22077587   present: 13644   in FES: 156
** Event #16995840   t=253.654442418486   Elapsed: 407.377s (6m 47s)  50% completed  (75% total)
     Speed:     ev/sec=57949.7   simsec/sec=0.61885   ev/simsec=93641.1
     Messages:  created: 22233823   present: 13775   in FES: 153
** Event #17113600   t=254.901471116099   Elapsed: 409.38s (6m 49s)  50% completed  (75% total)
     Speed:     ev/sec=58794.6   simsec/sec=0.62261   ev/simsec=94432.5
     Messages:  created: 22392773   present: 13896   in FES: 154
** Event #17209856   t=255.904042535972   Elapsed: 411.381s (6m 51s)  51% completed  (75% total)
     Speed:     ev/sec=48105.2   simsec/sec=0.501048   ev/simsec=96009.1
     Messages:  created: 22522216   present: 13948   in FES: 129
** Event #17305600   t=256.909884745833   Elapsed: 413.381s (6m 53s)  51% completed  (75% total)
     Speed:     ev/sec=47862.4   simsec/sec=0.50282   ev/simsec=95187.9
     Messages:  created: 22651080   present: 14126   in FES: 155
** Event #17391104   t=257.782985926627   Elapsed: 415.386s (6m 55s)  51% completed  (75% total)
     Speed:     ev/sec=42645.7   simsec/sec=0.435465   ev/simsec=97931.4
     Messages:  created: 22765850   present: 14228   in FES: 154
** Event #17510400   t=259.031335118785   Elapsed: 417.391s (6m 57s)  51% completed  (75% total)
     Speed:     ev/sec=59518.6   simsec/sec=0.62282   ev/simsec=95563
     Messages:  created: 22926311   present: 14369   in FES: 164
** Event #17623808   t=260.240972591724   Elapsed: 419.394s (6m 59s)  52% completed  (76% total)
     Speed:     ev/sec=56613.2   simsec/sec=0.60385   ev/simsec=93753.7
     Messages:  created: 23077780   present: 14460   in FES: 154
** Event #17743104   t=261.489405013905   Elapsed: 421.395s (7m 01s)  52% completed  (76% total)
     Speed:     ev/sec=59621.6   simsec/sec=0.62394   ev/simsec=95556.6
     Messages:  created: 23238154   present: 14562   in FES: 154
** Event #17860352   t=262.664360872071   Elapsed: 423.395s (7m 03s)  52% completed  (76% total)
     Speed:     ev/sec=58616.8   simsec/sec=0.587405   ev/simsec=99789.3
     Messages:  created: 23396374   present: 14737   in FES: 166
** Event #17970944   t=263.864892951242   Elapsed: 425.4s (7m 05s)  52% completed  (76% total)
     Speed:     ev/sec=55168.1   simsec/sec=0.598878   ev/simsec=92119.2
     Messages:  created: 23545307   present: 14849   in FES: 154
** Event #18076416   t=264.988820877856   Elapsed: 427.403s (7m 07s)  52% completed  (76% total)
     Speed:     ev/sec=52661.6   simsec/sec=0.561172   ev/simsec=93842.3
     Messages:  created: 23687195   present: 14919   in FES: 166
** Event #18172160   t=265.986412102753   Elapsed: 429.406s (7m 09s)  53% completed  (76% total)
     Speed:     ev/sec=47798.5   simsec/sec=0.49803   ev/simsec=95975.2
     Messages:  created: 23815801   present: 15010   in FES: 166
** Event #18259200   t=266.863742574508   Elapsed: 431.408s (7m 11s)  53% completed  (76% total)
     Speed:     ev/sec=43475.6   simsec/sec=0.438217   ev/simsec=99210.1
     Messages:  created: 23932452   present: 15077   in FES: 124
** Event #18363904   t=267.898327653336   Elapsed: 433.408s (7m 13s)  53% completed  (76% total)
     Speed:     ev/sec=52333.7   simsec/sec=0.517112   ev/simsec=101204
     Messages:  created: 24073324   present: 15205   in FES: 154
** Event #18478336   t=268.926888341935   Elapsed: 435.41s (7m 15s)  53% completed  (76% total)
     Speed:     ev/sec=57166.1   simsec/sec=0.513832   ev/simsec=111254
     Messages:  created: 24227406   present: 15263   in FES: 146
** Event #18599936   t=270.032296252497   Elapsed: 437.413s (7m 17s)  54% completed  (77% total)
     Speed:     ev/sec=60702.1   simsec/sec=0.551814   ev/simsec=110005
     Messages:  created: 24390632   present: 15409   in FES: 150
** Event #18691328   t=270.914581442335   Elapsed: 439.418s (7m 19s)  54% completed  (77% total)
     Speed:     ev/sec=45578   simsec/sec=0.440004   ev/simsec=103586
     Messages:  created: 24513824   present: 15444   in FES: 149
** Event #18777088   t=271.739606695128   Elapsed: 441.424s (7m 21s)  54% completed  (77% total)
     Speed:     ev/sec=42753.7   simsec/sec=0.411298   ev/simsec=103948
     Messages:  created: 24628456   present: 15461   in FES: 156
** Event #18861824   t=272.498886525016   Elapsed: 443.427s (7m 23s)  54% completed  (77% total)
     Speed:     ev/sec=42308.2   simsec/sec=0.379104   ev/simsec=111600
     Messages:  created: 24741889   present: 15583   in FES: 156
** Event #18965504   t=273.490096995773   Elapsed: 445.428s (7m 25s)  54% completed  (77% total)
     Speed:     ev/sec=51808.6   simsec/sec=0.495305   ev/simsec=104599
     Messages:  created: 24881187   present: 15591   in FES: 154
** Event #19073024   t=274.487605199874   Elapsed: 447.432s (7m 27s)  54% completed  (77% total)
     Speed:     ev/sec=53665.8   simsec/sec=0.49788   ev/simsec=107789
     Messages:  created: 25025464   present: 15593   in FES: 131
** Event #19187200   t=275.496177838834   Elapsed: 449.435s (7m 29s)  55% completed  (77% total)
     Speed:     ev/sec=57003.2   simsec/sec=0.503538   ev/simsec=113206
     Messages:  created: 25178646   present: 15782   in FES: 167
** Event #19294208   t=276.406415367878   Elapsed: 451.439s (7m 31s)  55% completed  (77% total)
     Speed:     ev/sec=53403.2   simsec/sec=0.454262   ev/simsec=117561
     Messages:  created: 25321873   present: 15819   in FES: 174
** Event #19398144   t=277.856163004321   Elapsed: 453.441s (7m 33s)  55% completed  (77% total)
     Speed:     ev/sec=51917.3   simsec/sec=0.724166   ev/simsec=71692.5
     Messages:  created: 25458405   present: 15778   in FES: 134
** Event #19476224   t=280.014139010036   Elapsed: 455.446s (7m 35s)  56% completed  (78% total)
     Speed:     ev/sec=38927.5   simsec/sec=1.07588   ev/simsec=36182.1
     Messages:  created: 25552594   present: 15862   in FES: 131
** Event #19556608   t=282.17628295999   Elapsed: 457.449s (7m 37s)  56% completed  (78% total)
     Speed:     ev/sec=40147   simsec/sec=1.07986   ev/simsec=37177.9
     Messages:  created: 25647698   present: 15908   in FES: 124
** Event #19645440   t=284.676283019356   Elapsed: 459.452s (7m 39s)  56% completed  (78% total)
     Speed:     ev/sec=44332.3   simsec/sec=1.24765   ev/simsec=35532.8
     Messages:  created: 25754605   present: 16074   in FES: 154
** Event #19738624   t=287.213456653274   Elapsed: 461.455s (7m 41s)  57% completed  (78% total)
     Speed:     ev/sec=46531.4   simsec/sec=1.26694   ev/simsec=36727.5
     Messages:  created: 25865640   present: 16195   in FES: 175
** Event #19826688   t=289.692802286831   Elapsed: 463.459s (7m 43s)  57% completed  (78% total)
     Speed:     ev/sec=43939.8   simsec/sec=1.23708   ev/simsec=35519
     Messages:  created: 25971600   present: 16300   in FES: 175
** Event #19889408   t=291.391654746902   Elapsed: 465.461s (7m 45s)  58% completed  (79% total)
     Speed:     ev/sec=31327.4   simsec/sec=0.848543   ev/simsec=36919
     Messages:  created: 26046052   present: 16354   in FES: 154
** Event #19955712   t=293.225712722167   Elapsed: 467.462s (7m 47s)  58% completed  (79% total)
     Speed:     ev/sec=33137.7   simsec/sec=0.916633   ev/simsec=36151.5
     Messages:  created: 26125324   present: 16351   in FES: 124
** Event #20044800   t=295.617103693795   Elapsed: 469.465s (7m 49s)  59% completed  (79% total)
     Speed:     ev/sec=44470.8   simsec/sec=1.19373   ev/simsec=37253.6
     Messages:  created: 26232544   present: 16470   in FES: 143
** Event #20127488   t=297.676283027857   Elapsed: 471.466s (7m 51s)  59% completed  (79% total)
     Speed:     ev/sec=41323.6   simsec/sec=1.02908   ev/simsec=40155.8
     Messages:  created: 26332866   present: 16608   in FES: 156
** Event #20219136   t=299.888981385112   Elapsed: 473.47s (7m 53s)  59% completed  (79% total)
     Speed:     ev/sec=45750.1   simsec/sec=1.10456   ev/simsec=41419.1
     Messages:  created: 26445220   present: 16640   in FES: 132
** Event #20306944   t=302.606542817364   Elapsed: 475.472s (7m 55s)  60% completed  (80% total)
     Speed:     ev/sec=43850.1   simsec/sec=1.35711   ev/simsec=32311.3
     Messages:  created: 26551447   present: 16840   in FES: 158
** Event #20406528   t=306.081885631478   Elapsed: 477.475s (7m 57s)  61% completed  (80% total)
     Speed:     ev/sec=49726.1   simsec/sec=1.73537   ev/simsec=28654.4
     Messages:  created: 26671707   present: 17019   in FES: 127
** Event #20510720   t=308.442258201503   Elapsed: 479.479s (7m 59s)  61% completed  (80% total)
     Speed:     ev/sec=51978.7   simsec/sec=1.17753   ev/simsec=44142.2
     Messages:  created: 26805819   present: 17324   in FES: 156
** Event #20615680   t=308.778024464807   Elapsed: 481.48s (8m 01s)  61% completed  (80% total)
     Speed:     ev/sec=52465.2   simsec/sec=0.167836   ev/simsec=312598
     Messages:  created: 26950398   present: 17379   in FES: 166
** Event #20700672   t=309.160791602591   Elapsed: 483.483s (8m 03s)  61% completed  (80% total)
     Speed:     ev/sec=42438.7   simsec/sec=0.191126   ev/simsec=222046
     Messages:  created: 27065905   present: 17336   in FES: 155
** Event #20809472   t=309.865186718382   Elapsed: 485.486s (8m 05s)  61% completed  (80% total)
     Speed:     ev/sec=54306.7   simsec/sec=0.351593   ev/simsec=154459
     Messages:  created: 27214773   present: 17323   in FES: 150
** Event #20912896   t=310.746399832337   Elapsed: 487.49s (8m 07s)  62% completed  (81% total)
     Speed:     ev/sec=51615.4   simsec/sec=0.439784   ev/simsec=117365
     Messages:  created: 27353301   present: 17383   in FES: 148
** Event #21010944   t=311.605501419847   Elapsed: 489.494s (8m 09s)  62% completed  (81% total)
     Speed:     ev/sec=48918.2   simsec/sec=0.428624   ev/simsec=114129
     Messages:  created: 27483979   present: 17360   in FES: 124
** Event #21086208   t=312.246165529647   Elapsed: 491.498s (8m 11s)  62% completed  (81% total)
     Speed:     ev/sec=37550.7   simsec/sec=0.31964   ev/simsec=117478
     Messages:  created: 27584381   present: 17553   in FES: 154
** Event #21182976   t=313.110287014376   Elapsed: 493.5s (8m 13s)  62% completed  (81% total)
     Speed:     ev/sec=48342.5   simsec/sec=0.43169   ev/simsec=111984
     Messages:  created: 27713590   present: 17577   in FES: 155
** Event #21262592   t=313.780722485037   Elapsed: 495.505s (8m 15s)  62% completed  (81% total)
     Speed:     ev/sec=39709   simsec/sec=0.334384   ev/simsec=118753
     Messages:  created: 27821293   present: 17667   in FES: 171
** Event #21341952   t=314.494883487089   Elapsed: 497.505s (8m 17s)  62% completed  (81% total)
     Speed:     ev/sec=39679.9   simsec/sec=0.35708   ev/simsec=111123
     Messages:  created: 27925749   present: 17639   in FES: 131
** Event #21446656   t=315.370374284258   Elapsed: 499.508s (8m 19s)  63% completed  (81% total)
     Speed:     ev/sec=52288.9   simsec/sec=0.437218   ev/simsec=119595
     Messages:  created: 28065424   present: 17773   in FES: 170
** Event #21543424   t=316.16658104814   Elapsed: 501.514s (8m 21s)  63% completed  (81% total)
     Speed:     ev/sec=48239.1   simsec/sec=0.396911   ev/simsec=121536
     Messages:  created: 28194336   present: 17815   in FES: 166
** Event #21639936   t=317.018968121234   Elapsed: 503.517s (8m 23s)  63% completed  (81% total)
     Speed:     ev/sec=48170.2   simsec/sec=0.425436   ev/simsec=113226
     Messages:  created: 28324017   present: 17802   in FES: 153
** Event #21723136   t=317.739097006822   Elapsed: 505.521s (8m 25s)  63% completed  (81% total)
     Speed:     ev/sec=41525.5   simsec/sec=0.35942   ev/simsec=115535
     Messages:  created: 28434035   present: 17872   in FES: 154
** Event #21821184   t=318.518017056654   Elapsed: 507.522s (8m 27s)  63% completed  (81% total)
     Speed:     ev/sec=48995.1   simsec/sec=0.389231   ev/simsec=125877
     Messages:  created: 28563670   present: 17931   in FES: 157
** Event #21916160   t=319.310740265806   Elapsed: 509.526s (8m 29s)  63% completed  (81% total)
     Speed:     ev/sec=47395.4   simsec/sec=0.395589   ev/simsec=119810
     Messages:  created: 28689790   present: 17938   in FES: 143
** Event #22013184   t=320.14657662925   Elapsed: 511.53s (8m 31s)  64% completed  (82% total)
     Speed:     ev/sec=48414.1   simsec/sec=0.417075   ev/simsec=116080
     Messages:  created: 28818687   present: 18029   in FES: 175
** Event #22082816   t=320.745956946988   Elapsed: 513.579s (8m 33s)  64% completed  (82% total)
     Speed:     ev/sec=33983   simsec/sec=0.29252   ev/simsec=116173
     Messages:  created: 28912286   present: 18052   in FES: 127
** Event #22156288   t=321.357016373692   Elapsed: 515.581s (8m 35s)  64% completed  (82% total)
     Speed:     ev/sec=36692   simsec/sec=0.305163   ev/simsec=120237
     Messages:  created: 29008755   present: 18106   in FES: 175
** Event #22247424   t=322.111384919565   Elapsed: 517.583s (8m 37s)  64% completed  (82% total)
     Speed:     ev/sec=45535.2   simsec/sec=0.376913   ev/simsec=120811
     Messages:  created: 29129760   present: 18195   in FES: 154
** Event #22331392   t=322.856591926224   Elapsed: 519.585s (8m 39s)  64% completed  (82% total)
     Speed:     ev/sec=41927.5   simsec/sec=0.372102   ev/simsec=112677
     Messages:  created: 29242879   present: 18222   in FES: 154
** Event #22427904   t=323.622041328755   Elapsed: 521.587s (8m 41s)  64% completed  (82% total)
     Speed:     ev/sec=48209.5   simsec/sec=0.382356   ev/simsec=126085
     Messages:  created: 29370285   present: 18283   in FES: 139
** Event #22519040   t=324.381215701982   Elapsed: 523.59s (8m 43s)  64% completed  (82% total)
     Speed:     ev/sec=45514.9   simsec/sec=0.379145   ev/simsec=120046
     Messages:  created: 29490872   present: 18252   in FES: 123
** Event #22603008   t=325.108216339198   Elapsed: 525.593s (8m 45s)  65% completed  (82% total)
     Speed:     ev/sec=41923.4   simsec/sec=0.362976   ev/simsec=115499
     Messages:  created: 29602143   present: 18390   in FES: 174
** Event #22693632   t=325.874125208429   Elapsed: 527.593s (8m 47s)  65% completed  (82% total)
     Speed:     ev/sec=45294   simsec/sec=0.382802   ev/simsec=118322
     Messages:  created: 29724432   present: 18466   in FES: 155
** Event #22768896   t=326.494293488683   Elapsed: 529.6s (8m 49s)  65% completed  (82% total)
     Speed:     ev/sec=37510.7   simsec/sec=0.309085   ev/simsec=121361
     Messages:  created: 29822760   present: 18592   in FES: 185
** Event #22852096   t=327.163779866975   Elapsed: 531.602s (8m 51s)  65% completed  (82% total)
     Speed:     ev/sec=41560.3   simsec/sec=0.334423   ev/simsec=124274
     Messages:  created: 29933593   present: 18541   in FES: 174
** Event #22937856   t=327.914690406596   Elapsed: 533.602s (8m 53s)  65% completed  (82% total)
     Speed:     ev/sec=42875   simsec/sec=0.375412   ev/simsec=114208
     Messages:  created: 30049166   present: 18586   in FES: 154
** Event #23045120   t=328.855968229421   Elapsed: 535.605s (8m 55s)  65% completed  (82% total)
     Speed:     ev/sec=53555.3   simsec/sec=0.469966   ev/simsec=113956
     Messages:  created: 30191178   present: 18627   in FES: 174
** Event #23142400   t=329.647139012571   Elapsed: 537.611s (8m 57s)  65% completed  (82% total)
     Speed:     ev/sec=48481.2   simsec/sec=0.394293   ev/simsec=122957
     Messages:  created: 30319613   present: 18680   in FES: 155
** Event #23225856   t=330.356881784771   Elapsed: 539.612s (8m 59s)  66% completed  (83% total)
     Speed:     ev/sec=41711.8   simsec/sec=0.354733   ev/simsec=117586
     Messages:  created: 30429888   present: 18725   in FES: 174
** Event #23322368   t=331.151225377952   Elapsed: 541.616s (9m 01s)  66% completed  (83% total)
     Speed:     ev/sec=48175.1   simsec/sec=0.396506   ev/simsec=121499
     Messages:  created: 30558269   present: 18736   in FES: 130
** Event #23399936   t=331.772221493689   Elapsed: 543.62s (9m 03s)  66% completed  (83% total)
     Speed:     ev/sec=38694.7   simsec/sec=0.309783   ev/simsec=124909
     Messages:  created: 30662790   present: 18873   in FES: 175
** Event #23499008   t=332.258655369324   Elapsed: 545.623s (9m 05s)  66% completed  (83% total)
     Speed:     ev/sec=49476.7   simsec/sec=0.242926   ev/simsec=203670
     Messages:  created: 30795460   present: 19076   in FES: 185
** Event #23598336   t=332.744585060893   Elapsed: 547.626s (9m 07s)  66% completed  (83% total)
     Speed:     ev/sec=49573.3   simsec/sec=0.242521   ev/simsec=204408
     Messages:  created: 30931269   present: 18956   in FES: 174
** Event #23708672   t=333.736585561409   Elapsed: 549.627s (9m 09s)  66% completed  (83% total)
     Speed:     ev/sec=55138.9   simsec/sec=0.495739   ev/simsec=111226
     Messages:  created: 31077515   present: 18971   in FES: 155
** Event #23781888   t=334.355752000874   Elapsed: 551.631s (9m 11s)  66% completed  (83% total)
     Speed:     ev/sec=36547.2   simsec/sec=0.309069   ev/simsec=118249
     Messages:  created: 31173597   present: 19026   in FES: 154
** Event #23873536   t=335.114079743312   Elapsed: 553.631s (9m 13s)  67% completed  (83% total)
     Speed:     ev/sec=45818   simsec/sec=0.379114   ev/simsec=120855
     Messages:  created: 31295285   present: 19128   in FES: 174
** Event #23953920   t=335.77884489047   Elapsed: 555.632s (9m 15s)  67% completed  (83% total)
     Speed:     ev/sec=40158.4   simsec/sec=0.332104   ev/simsec=120921
     Messages:  created: 31403627   present: 19181   in FES: 154
** Event #24061184   t=336.737787202449   Elapsed: 557.634s (9m 17s)  67% completed  (83% total)
     Speed:     ev/sec=53587.8   simsec/sec=0.479076   ev/simsec=111857
     Messages:  created: 31545506   present: 19137   in FES: 129
** Event #24153856   t=337.494674063423   Elapsed: 559.638s (9m 19s)  67% completed  (83% total)
     Speed:     ev/sec=46249.7   simsec/sec=0.377738   ev/simsec=122438
     Messages:  created: 31667675   present: 19298   in FES: 155
** Event #24257792   t=338.363210180175   Elapsed: 561.641s (9m 21s)  67% completed  (83% total)
     Speed:     ev/sec=51894.9   simsec/sec=0.433657   ev/simsec=119668
     Messages:  created: 31805864   present: 19353   in FES: 151
** Event #24361472   t=339.12143017739   Elapsed: 563.644s (9m 23s)  67% completed  (83% total)
     Speed:     ev/sec=51750.7   simsec/sec=0.378457   ev/simsec=136741
     Messages:  created: 31944325   present: 19361   in FES: 136
** Event #24476416   t=339.496011217739   Elapsed: 565.648s (9m 25s)  67% completed  (83% total)
     Speed:     ev/sec=57360   simsec/sec=0.186925   ev/simsec=306860
     Messages:  created: 32101486   present: 19528   in FES: 152
** Event #24578560   t=340.336260508104   Elapsed: 567.649s (9m 27s)  68% completed  (84% total)
     Speed:     ev/sec=51057.7   simsec/sec=0.420007   ev/simsec=121564
     Messages:  created: 32237195   present: 19434   in FES: 154
** Event #24662016   t=341.026625010387   Elapsed: 569.655s (9m 29s)  68% completed  (84% total)
     Speed:     ev/sec=41605.1   simsec/sec=0.344166   ev/simsec=120887
     Messages:  created: 32349614   present: 19572   in FES: 159
** Event #24732416   t=341.64656309775   Elapsed: 571.662s (9m 31s)  68% completed  (84% total)
     Speed:     ev/sec=35075.2   simsec/sec=0.30887   ev/simsec=113560
     Messages:  created: 32442122   present: 19495   in FES: 156
** Event #24811008   t=342.26823144288   Elapsed: 573.666s (9m 33s)  68% completed  (84% total)
     Speed:     ev/sec=39211.2   simsec/sec=0.310163   ev/simsec=126421
     Messages:  created: 32545810   present: 19580   in FES: 154
** Event #24918528   t=343.162935514514   Elapsed: 575.667s (9m 35s)  68% completed  (84% total)
     Speed:     ev/sec=53744.6   simsec/sec=0.447224   ev/simsec=120174
     Messages:  created: 32688971   present: 19704   in FES: 169
** Event #25014016   t=344.005460265668   Elapsed: 577.67s (9m 37s)  68% completed  (84% total)
     Speed:     ev/sec=47668.3   simsec/sec=0.420594   ev/simsec=113336
     Messages:  created: 32817747   present: 19742   in FES: 153
** Event #25092096   t=344.648127352249   Elapsed: 579.675s (9m 39s)  68% completed  (84% total)
     Speed:     ev/sec=38933.3   simsec/sec=0.320455   ev/simsec=121494
     Messages:  created: 32919876   present: 19751   in FES: 174
** Event #25190400   t=345.444381769108   Elapsed: 581.761s (9m 41s)  69% completed  (84% total)
     Speed:     ev/sec=47139.2   simsec/sec=0.381824   ev/simsec=123458
     Messages:  created: 33049885   present: 19794   in FES: 160
** Event #25280768   t=346.232559491327   Elapsed: 583.769s (9m 43s)  69% completed  (84% total)
     Speed:     ev/sec=45005.2   simsec/sec=0.39253   ev/simsec=114654
     Messages:  created: 33169714   present: 19804   in FES: 139
** Event #25394176   t=347.156684158388   Elapsed: 585.773s (9m 45s)  69% completed  (84% total)
     Speed:     ev/sec=56591.6   simsec/sec=0.461146   ev/simsec=122719
     Messages:  created: 33320619   present: 19954   in FES: 155
** Event #25499136   t=348.031177978641   Elapsed: 587.774s (9m 47s)  69% completed  (84% total)
     Speed:     ev/sec=52443.7   simsec/sec=0.436945   ev/simsec=120024
     Messages:  created: 33461536   present: 20047   in FES: 174
** Event #25602304   t=348.916047507552   Elapsed: 589.777s (9m 49s)  69% completed  (84% total)
     Speed:     ev/sec=51508.9   simsec/sec=0.441791   ev/simsec=116591
     Messages:  created: 33598849   present: 20069   in FES: 145
** Event #25705728   t=349.774889271777   Elapsed: 591.779s (9m 51s)  69% completed  (84% total)
     Speed:     ev/sec=51658.6   simsec/sec=0.428977   ev/simsec=120423
     Messages:  created: 33735574   present: 20073   in FES: 131
** Event #25797888   t=350.519466107114   Elapsed: 593.781s (9m 53s)  70% completed  (85% total)
     Speed:     ev/sec=46033.2   simsec/sec=0.37191   ev/simsec=123775
     Messages:  created: 33856883   present: 20126   in FES: 157
** Event #25902592   t=351.39833537198   Elapsed: 595.783s (9m 55s)  70% completed  (85% total)
     Speed:     ev/sec=52292.9   simsec/sec=0.438938   ev/simsec=119135
     Messages:  created: 33995754   present: 20206   in FES: 155
** Event #26009856   t=352.268803926738   Elapsed: 597.834s (9m 57s)  70% completed  (85% total)
     Speed:     ev/sec=52300.6   simsec/sec=0.42443   ev/simsec=123226
     Messages:  created: 34138241   present: 20280   in FES: 154
** Event #26113024   t=353.147875622431   Elapsed: 599.837s (9m 59s)  70% completed  (85% total)
     Speed:     ev/sec=51515.6   simsec/sec=0.438953   ev/simsec=117360
     Messages:  created: 34275330   present: 20275   in FES: 159
** Event #26217984   t=354.019244796649   Elapsed: 601.841s (10m 01s)  70% completed  (85% total)
     Speed:     ev/sec=52373.1   simsec/sec=0.434797   ev/simsec=120454
     Messages:  created: 34416361   present: 20436   in FES: 170
** Event #26312704   t=354.772714060143   Elapsed: 603.844s (10m 03s)  70% completed  (85% total)
     Speed:     ev/sec=47273.6   simsec/sec=0.376048   ev/simsec=125712
     Messages:  created: 34541916   present: 20523   in FES: 183
** Event #26398464   t=355.235701490994   Elapsed: 605.846s (10m 05s)  71% completed  (85% total)
     Speed:     ev/sec=42841.3   simsec/sec=0.231285   ev/simsec=185232
     Messages:  created: 34656146   present: 20519   in FES: 165
** Event #26488576   t=355.524260697559   Elapsed: 607.851s (10m 07s)  71% completed  (85% total)
     Speed:     ev/sec=44951.4   simsec/sec=0.143945   ev/simsec=312283
     Messages:  created: 34779237   present: 20467   in FES: 163
** Event #26587136   t=356.407543611874   Elapsed: 609.857s (10m 09s)  71% completed  (85% total)
     Speed:     ev/sec=49138.7   simsec/sec=0.440375   ev/simsec=111584
     Messages:  created: 34909374   present: 20593   in FES: 169
** Event #26656000   t=357.024825181358   Elapsed: 611.862s (10m 11s)  71% completed  (85% total)
     Speed:     ev/sec=34346.7   simsec/sec=0.307876   ev/simsec=111560
     Messages:  created: 35001937   present: 20710   in FES: 184
** Event #26762240   t=357.917024250253   Elapsed: 613.862s (10m 13s)  71% completed  (85% total)
     Speed:     ev/sec=53099.5   simsec/sec=0.445927   ev/simsec=119077
     Messages:  created: 35143321   present: 20704   in FES: 161
** Event #26853632   t=358.659121287809   Elapsed: 615.869s (10m 15s)  71% completed  (85% total)
     Speed:     ev/sec=45553.7   simsec/sec=0.369893   ev/simsec=123154
     Messages:  created: 35263255   present: 20824   in FES: 179
** Event #26958848   t=359.519024497531   Elapsed: 617.871s (10m 17s)  71% completed  (85% total)
     Speed:     ev/sec=52534.9   simsec/sec=0.429354   ev/simsec=122358
     Messages:  created: 35402110   present: 20848   in FES: 154
** Event #27037184   t=360.162907759984   Elapsed: 619.876s (10m 19s)  72% completed  (86% total)
     Speed:     ev/sec=39080.6   simsec/sec=0.321223   ev/simsec=121662
     Messages:  created: 35505935   present: 20883   in FES: 154
** Event #27119872   t=360.897955424985   Elapsed: 621.877s (10m 21s)  72% completed  (86% total)
     Speed:     ev/sec=41321.9   simsec/sec=0.367327   ev/simsec=112493
     Messages:  created: 35617189   present: 20888   in FES: 155
** Event #27210240   t=361.616954665755   Elapsed: 623.88s (10m 23s)  72% completed  (86% total)
     Speed:     ev/sec=45127.5   simsec/sec=0.35905   ev/simsec=125686
     Messages:  created: 35735722   present: 20926   in FES: 147
** Event #27287808   t=362.249115932197   Elapsed: 625.88s (10m 25s)  72% completed  (86% total)
     Speed:     ev/sec=38780.3   simsec/sec=0.31605   ev/simsec=122703
     Messages:  created: 35837712   present: 21049   in FES: 161
** Event #27389184   t=363.094964457375   Elapsed: 627.88s (10m 27s)  72% completed  (86% total)
     Speed:     ev/sec=50685.5   simsec/sec=0.422904   ev/simsec=119851
     Messages:  created: 35972176   present: 20994   in FES: 136
** Event #27472128   t=363.771178162997   Elapsed: 629.883s (10m 29s)  72% completed  (86% total)
     Speed:     ev/sec=41408.8   simsec/sec=0.337592   ev/simsec=122659
     Messages:  created: 36083653   present: 21108   in FES: 156
** Event #27546624   t=364.373525449414   Elapsed: 631.886s (10m 31s)  72% completed  (86% total)
     Speed:     ev/sec=37191.3   simsec/sec=0.300715   ev/simsec=123676
     Messages:  created: 36181102   present: 21120   in FES: 146
** Event #27633920   t=365.111630419691   Elapsed: 633.89s (10m 33s)  73% completed  (86% total)
     Speed:     ev/sec=43555.1   simsec/sec=0.368267   ev/simsec=118270
     Messages:  created: 36296611   present: 21216   in FES: 175
** Event #27719168   t=365.818306848174   Elapsed: 635.893s (10m 35s)  73% completed  (86% total)
     Speed:     ev/sec=42555.8   simsec/sec=0.352773   ev/simsec=120632
     Messages:  created: 36411512   present: 21201   in FES: 154
** Event #27794944   t=366.410429687781   Elapsed: 637.898s (10m 37s)  73% completed  (86% total)
     Speed:     ev/sec=37808.7   simsec/sec=0.295442   ev/simsec=127973
     Messages:  created: 36510531   present: 21322   in FES: 175
** Event #27864064   t=367.002309630405   Elapsed: 639.902s (10m 39s)  73% completed  (86% total)
     Speed:     ev/sec=34483.8   simsec/sec=0.295288   ev/simsec=116780
     Messages:  created: 36604612   present: 21358   in FES: 175
** Event #27963392   t=367.332306220002   Elapsed: 641.903s (10m 41s)  73% completed  (86% total)
     Speed:     ev/sec=49631.1   simsec/sec=0.164889   ev/simsec=300997
     Messages:  created: 36737600   present: 21384   in FES: 154
** Event #28070144   t=368.025928490611   Elapsed: 643.905s (10m 43s)  73% completed  (86% total)
     Speed:     ev/sec=53340.8   simsec/sec=0.346582   ev/simsec=153905
     Messages:  created: 36882029   present: 21468   in FES: 154
** Event #28177408   t=368.915700355381   Elapsed: 645.908s (10m 45s)  73% completed  (86% total)
     Speed:     ev/sec=53529   simsec/sec=0.444031   ev/simsec=120552
     Messages:  created: 37024791   present: 21520   in FES: 155
** Event #28278272   t=369.751403217404   Elapsed: 647.909s (10m 47s)  73% completed  (86% total)
     Speed:     ev/sec=50407.5   simsec/sec=0.417648   ev/simsec=120694
     Messages:  created: 37157614   present: 21575   in FES: 164
** Event #28382720   t=370.610343302588   Elapsed: 649.913s (10m 49s)  74% completed  (87% total)
     Speed:     ev/sec=52135.6   simsec/sec=0.428743   ev/simsec=121601
     Messages:  created: 37295282   present: 21614   in FES: 155
** Event #28478464   t=371.367857642339   Elapsed: 651.915s (10m 51s)  74% completed  (87% total)
     Speed:     ev/sec=47826.1   simsec/sec=0.378394   ev/simsec=126392
     Messages:  created: 37421907   present: 21695   in FES: 175
** Event #28571392   t=372.125611003725   Elapsed: 653.921s (10m 53s)  74% completed  (87% total)
     Speed:     ev/sec=46317   simsec/sec=0.377678   ev/simsec=122636
     Messages:  created: 37545089   present: 21723   in FES: 175
** Event #28648704   t=372.770778147083   Elapsed: 655.925s (10m 55s)  74% completed  (87% total)
     Speed:     ev/sec=38582.4   simsec/sec=0.32197   ev/simsec=119833
     Messages:  created: 37649015   present: 21769   in FES: 152
** Event #28747520   t=373.60868539094   Elapsed: 657.928s (10m 57s)  74% completed  (87% total)
     Speed:     ev/sec=49340.5   simsec/sec=0.418381   ev/simsec=117932
     Messages:  created: 37779040   present: 21794   in FES: 175
** Event #28836352   t=374.276947616748   Elapsed: 659.932s (10m 59s)  74% completed  (87% total)
     Speed:     ev/sec=44324.9   simsec/sec=0.333446   ev/simsec=132930
     Messages:  created: 37896297   present: 21821   in FES: 129
** Event #28920832   t=375.018413225741   Elapsed: 661.938s (11m 01s)  75% completed  (87% total)
     Speed:     ev/sec=42117.4   simsec/sec=0.369657   ev/simsec=113937
     Messages:  created: 38010019   present: 21868   in FES: 156
** Event #29020672   t=375.863316740181   Elapsed: 663.94s (11m 03s)  75% completed  (87% total)
     Speed:     ev/sec=49863.1   simsec/sec=0.42197   ev/simsec=118167
     Messages:  created: 38142378   present: 21935   in FES: 138
** Event #29108992   t=376.523019030558   Elapsed: 665.944s (11m 05s)  75% completed  (87% total)
     Speed:     ev/sec=44072.8   simsec/sec=0.3292   ev/simsec=133879
     Messages:  created: 38258156   present: 21995   in FES: 156
** Event #29193472   t=377.240967010796   Elapsed: 667.948s (11m 07s)  75% completed  (87% total)
     Speed:     ev/sec=42161.2   simsec/sec=0.358305   ev/simsec=117669
     Messages:  created: 38369748   present: 22051   in FES: 175
** Event #29262080   t=377.776483644278   Elapsed: 670.002s (11m 10s)  75% completed  (87% total)
     Speed:     ev/sec=33399.3   simsec/sec=0.260697   ev/simsec=128116
     Messages:  created: 38462445   present: 22137   in FES: 168
** Event #29357568   t=378.522292956349   Elapsed: 672.002s (11m 12s)  75% completed  (87% total)
     Speed:     ev/sec=47729.6   simsec/sec=0.372792   ev/simsec=128033
     Messages:  created: 38587995   present: 22104   in FES: 151
** Event #29458176   t=379.365774865197   Elapsed: 674.005s (11m 14s)  75% completed  (87% total)
     Speed:     ev/sec=50248.1   simsec/sec=0.421272   ev/simsec=119277
     Messages:  created: 38721160   present: 22234   in FES: 154
** Event #29545728   t=380.06031858251   Elapsed: 676.009s (11m 16s)  76% completed  (88% total)
     Speed:     ev/sec=43689.6   simsec/sec=0.346587   ev/simsec=126057
     Messages:  created: 38837975   present: 22203   in FES: 154
** Event #29629184   t=380.754687306358   Elapsed: 678.013s (11m 18s)  76% completed  (88% total)
     Speed:     ev/sec=41633.8   simsec/sec=0.346401   ev/simsec=120190
     Messages:  created: 38949268   present: 22279   in FES: 156
** Event #29723136   t=381.498979955783   Elapsed: 680.015s (11m 20s)  76% completed  (88% total)
     Speed:     ev/sec=46931.3   simsec/sec=0.371793   ev/simsec=126230
     Messages:  created: 39072798   present: 22370   in FES: 154
** Event #29832448   t=382.375280283696   Elapsed: 682.018s (11m 22s)  76% completed  (88% total)
     Speed:     ev/sec=54569.7   simsec/sec=0.437459   ev/simsec=124743
     Messages:  created: 39217988   present: 22400   in FES: 155
** Event #29937152   t=383.236212544516   Elapsed: 684.021s (11m 24s)  76% completed  (88% total)
     Speed:     ev/sec=52280.9   simsec/sec=0.429881   ev/simsec=121617
     Messages:  created: 39356891   present: 22365   in FES: 128
** Event #30031616   t=384.004181062416   Elapsed: 686.021s (11m 26s)  76% completed  (88% total)
     Speed:     ev/sec=47218.1   simsec/sec=0.383871   ev/simsec=123005
     Messages:  created: 39484788   present: 22547   in FES: 167
** Event #30125824   t=384.749362378067   Elapsed: 688.025s (11m 28s)  76% completed  (88% total)
     Speed:     ev/sec=47012.6   simsec/sec=0.371868   ev/simsec=126423
     Messages:  created: 39608932   present: 22564   in FES: 156
** Event #30218752   t=385.493840693874   Elapsed: 690.031s (11m 30s)  77% completed  (88% total)
     Speed:     ev/sec=46329   simsec/sec=0.371157   ev/simsec=124823
     Messages:  created: 39731240   present: 22586   in FES: 156
** Event #30306560   t=386.170429389179   Elapsed: 692.032s (11m 32s)  77% completed  (88% total)
     Speed:     ev/sec=43877.2   simsec/sec=0.338088   ev/simsec=129780
     Messages:  created: 39848244   present: 22604   in FES: 136
** Event #30409728   t=387.022558328357   Elapsed: 694.04s (11m 34s)  77% completed  (88% total)
     Speed:     ev/sec=51400   simsec/sec=0.424545   ev/simsec=121071
     Messages:  created: 39986984   present: 22762   in FES: 158
** Event #30508800   t=387.861169405747   Elapsed: 696.044s (11m 36s)  77% completed  (88% total)
     Speed:     ev/sec=49419.5   simsec/sec=0.41832   ev/simsec=118138
     Messages:  created: 40118776   present: 22770   in FES: 175
** Event #30614784   t=388.665600942325   Elapsed: 698.045s (11m 38s)  77% completed  (88% total)
     Speed:     ev/sec=52966.7   simsec/sec=0.402024   ev/simsec=131750
     Messages:  created: 40259065   present: 22878   in FES: 163
** Event #30714368   t=389.493617525543   Elapsed: 700.048s (11m 40s)  77% completed  (88% total)
     Speed:     ev/sec=49710.1   simsec/sec=0.413327   ev/simsec=120268
     Messages:  created: 40390534   present: 22888   in FES: 154
** Event #30800128   t=390.160966538768   Elapsed: 702.052s (11m 42s)  78% completed  (89% total)
     Speed:     ev/sec=42814   simsec/sec=0.333161   ev/simsec=128508
     Messages:  created: 40504746   present: 22965   in FES: 175
** Event #30893056   t=391.002048361115   Elapsed: 704.052s (11m 44s)  78% completed  (89% total)
     Speed:     ev/sec=46448   simsec/sec=0.420397   ev/simsec=110486
     Messages:  created: 40630112   present: 22961   in FES: 125
** Event #30973952   t=391.666018559361   Elapsed: 706.053s (11m 46s)  78% completed  (89% total)
     Speed:     ev/sec=40431   simsec/sec=0.331846   ev/simsec=121837
     Messages:  created: 40736025   present: 23086   in FES: 154
** Event #31063040   t=392.492472251904   Elapsed: 708.056s (11m 48s)  78% completed  (89% total)
     Speed:     ev/sec=44487.1   simsec/sec=0.412699   ev/simsec=107796
     Messages:  created: 40853142   present: 23158   in FES: 145
** Event #31158272   t=393.310641234558   Elapsed: 710.059s (11m 50s)  78% completed  (89% total)
     Speed:     ev/sec=47527.4   simsec/sec=0.408323   ev/simsec=116396
     Messages:  created: 40979626   present: 23200   in FES: 154
** Event #31248640   t=394.099146684495   Elapsed: 712.063s (11m 52s)  78% completed  (89% total)
     Speed:     ev/sec=45103.4   simsec/sec=0.39355   ev/simsec=114607
     Messages:  created: 41099600   present: 23280   in FES: 151
** Event #31354624   t=395.015555393436   Elapsed: 714.065s (11m 54s)  79% completed  (89% total)
     Speed:     ev/sec=52929.1   simsec/sec=0.45766   ev/simsec=115651
     Messages:  created: 41242313   present: 23406   in FES: 166
** Event #31449856   t=395.873547303112   Elapsed: 716.068s (11m 56s)  79% completed  (89% total)
     Speed:     ev/sec=47548.3   simsec/sec=0.428386   ev/simsec=110994
     Messages:  created: 41368805   present: 23484   in FES: 156
** Event #31540736   t=396.66350558826   Elapsed: 718.072s (11m 58s)  79% completed  (89% total)
     Speed:     ev/sec=45364.6   simsec/sec=0.394324   ev/simsec=115044
     Messages:  created: 41488531   present: 23523   in FES: 152
** Event #31650048   t=397.657975040351   Elapsed: 720.075s (12m 00s)  79% completed  (89% total)
     Speed:     ev/sec=54569.7   simsec/sec=0.496449   ev/simsec=109920
     Messages:  created: 41633486   present: 23670   in FES: 152
** Event #31745280   t=398.516007545374   Elapsed: 722.076s (12m 02s)  79% completed  (89% total)
     Speed:     ev/sec=47572.8   simsec/sec=0.428627   ev/simsec=110989
     Messages:  created: 41759082   present: 23750   in FES: 173
** Event #31827456   t=399.253872000093   Elapsed: 724.081s (12m 04s)  79% completed  (89% total)
     Speed:     ev/sec=40986.2   simsec/sec=0.368018   ev/simsec=111370
     Messages:  created: 41867713   present: 23793   in FES: 146
** Event #31921664   t=400.117633468972   Elapsed: 726.084s (12m 06s)  80% completed  (90% total)
     Speed:     ev/sec=47042.5   simsec/sec=0.431317   ev/simsec=109067
     Messages:  created: 41992780   present: 23916   in FES: 148
** Event #32027392   t=401.079698917419   Elapsed: 728.09s (12m 08s)  80% completed  (90% total)
     Speed:     ev/sec=52711   simsec/sec=0.479641   ev/simsec=109897
     Messages:  created: 42133408   present: 23965   in FES: 144
** Event #32110080   t=401.862777297235   Elapsed: 730.091s (12m 10s)  80% completed  (90% total)
     Speed:     ev/sec=41326.2   simsec/sec=0.391371   ev/simsec=105594
     Messages:  created: 42244311   present: 24036   in FES: 147
** Event #32214272   t=402.77049498027   Elapsed: 732.092s (12m 12s)  80% completed  (90% total)
     Speed:     ev/sec=52054   simsec/sec=0.453493   ev/simsec=114785
     Messages:  created: 42382377   present: 24199   in FES: 154
** Event #32301312   t=403.52667264798   Elapsed: 734.097s (12m 14s)  80% completed  (90% total)
     Speed:     ev/sec=43422.3   simsec/sec=0.37724   ev/simsec=115105
     Messages:  created: 42497188   present: 24291   in FES: 154
** Event #32398080   t=404.408617866937   Elapsed: 736.098s (12m 16s)  80% completed  (90% total)
     Speed:     ev/sec=48362.4   simsec/sec=0.440775   ev/simsec=109721
     Messages:  created: 42625573   present: 24400   in FES: 154
** Event #32494848   t=405.277399099668   Elapsed: 738.102s (12m 18s)  81% completed  (90% total)
     Speed:     ev/sec=48281.8   simsec/sec=0.433473   ev/simsec=111384
     Messages:  created: 42754186   present: 24492   in FES: 174
** Event #32580864   t=406.113496506967   Elapsed: 740.103s (12m 20s)  81% completed  (90% total)
     Speed:     ev/sec=42985.7   simsec/sec=0.417832   ev/simsec=102878
     Messages:  created: 42868540   present: 24536   in FES: 151
** Event #32655872   t=406.855441447075   Elapsed: 742.105s (12m 22s)  81% completed  (90% total)
     Speed:     ev/sec=37470.3   simsec/sec=0.370639   ev/simsec=101096
     Messages:  created: 42969756   present: 24586   in FES: 160
** Event #32746496   t=407.655697226963   Elapsed: 744.108s (12m 24s)  81% completed  (90% total)
     Speed:     ev/sec=45232.3   simsec/sec=0.399424   ev/simsec=113244
     Messages:  created: 43090070   present: 24711   in FES: 156
** Event #32834048   t=408.491914934768   Elapsed: 746.111s (12m 26s)  81% completed  (90% total)
     Speed:     ev/sec=43723.7   simsec/sec=0.417609   ev/simsec=104700
     Messages:  created: 43206195   present: 24806   in FES: 164
** Event #32936704   t=409.486861717539   Elapsed: 748.112s (12m 28s)  81% completed  (90% total)
     Speed:     ev/sec=51290.6   simsec/sec=0.497111   ev/simsec=103177
     Messages:  created: 43343412   present: 24858   in FES: 156
** Event #33054720   t=410.654680849071   Elapsed: 750.116s (12m 30s)  82% completed  (91% total)
     Speed:     ev/sec=58900.3   simsec/sec=0.582844   ev/simsec=101057
     Messages:  created: 43502236   present: 25038   in FES: 164
** Event #33148416   t=411.618416174314   Elapsed: 752.121s (12m 32s)  82% completed  (91% total)
     Speed:     ev/sec=46716.6   simsec/sec=0.480516   ev/simsec=97221.7
     Messages:  created: 43627734   present: 25134   in FES: 167
** Event #33227008   t=412.405505021574   Elapsed: 754.124s (12m 34s)  82% completed  (91% total)
     Speed:     ev/sec=39249   simsec/sec=0.393074   ev/simsec=99851.5
     Messages:  created: 43732871   present: 25214   in FES: 166
** Event #33306624   t=413.246618768023   Elapsed: 756.126s (12m 36s)  82% completed  (91% total)
     Speed:     ev/sec=39766   simsec/sec=0.420113   ev/simsec=94655.4
     Messages:  created: 43839618   present: 25309   in FES: 165
** Event #33389568   t=414.117970857821   Elapsed: 758.131s (12m 38s)  82% completed  (91% total)
     Speed:     ev/sec=41375.1   simsec/sec=0.434658   ev/simsec=95190
     Messages:  created: 43951132   present: 25393   in FES: 165
** Event #33479680   t=415.075952157966   Elapsed: 760.133s (12m 40s)  83% completed  (91% total)
     Speed:     ev/sec=45014.9   simsec/sec=0.478553   ev/simsec=94064.5
     Messages:  created: 44072496   present: 25432   in FES: 148
** Event #33594624   t=416.270110432108   Elapsed: 762.133s (12m 42s)  83% completed  (91% total)
     Speed:     ev/sec=57459.8   simsec/sec=0.596953   ev/simsec=96255.2
     Messages:  created: 44226734   present: 25571   in FES: 139
** Event #33716480   t=417.606237628008   Elapsed: 764.134s (12m 44s)  83% completed  (91% total)
     Speed:     ev/sec=60887.6   simsec/sec=0.667621   ev/simsec=91200.9
     Messages:  created: 44390777   present: 25706   in FES: 155
** Event #33829632   t=418.772407241877   Elapsed: 766.136s (12m 46s)  83% completed  (91% total)
     Speed:     ev/sec=56528.5   simsec/sec=0.582595   ev/simsec=97028.8
     Messages:  created: 44543525   present: 25851   in FES: 151
** Event #33937920   t=419.917600200866   Elapsed: 768.138s (12m 48s)  83% completed  (91% total)
     Speed:     ev/sec=54077.2   simsec/sec=0.57189   ev/simsec=94558.7
     Messages:  created: 44689604   present: 25996   in FES: 154
** Event #34019840   t=420.776518499659   Elapsed: 770.154s (12m 50s)  84% completed  (92% total)
     Speed:     ev/sec=40640.2   simsec/sec=0.426106   ev/simsec=95375.8
     Messages:  created: 44799420   present: 26092   in FES: 154
** Event #34120448   t=421.869561637637   Elapsed: 772.155s (12m 52s)  84% completed  (92% total)
     Speed:     ev/sec=50278.6   simsec/sec=0.546245   ev/simsec=92043.9
     Messages:  created: 44934904   present: 26215   in FES: 154
** Event #34245888   t=423.158070351767   Elapsed: 774.156s (12m 54s)  84% completed  (92% total)
     Speed:     ev/sec=62677.9   simsec/sec=0.643822   ev/simsec=97352.9
     Messages:  created: 45102750   present: 26338   in FES: 156
** Event #34344960   t=424.240536724347   Elapsed: 776.157s (12m 56s)  84% completed  (92% total)
     Speed:     ev/sec=49529.9   simsec/sec=0.541167   ev/simsec=91524.3
     Messages:  created: 45235812   present: 26407   in FES: 153
** Event #34438656   t=425.238598094261   Elapsed: 778.163s (12m 58s)  85% completed  (92% total)
     Speed:     ev/sec=46703.2   simsec/sec=0.497488   ev/simsec=93878
     Messages:  created: 45361813   present: 26509   in FES: 148
** Event #34535680   t=426.247178774792   Elapsed: 780.166s (13m 00s)  85% completed  (92% total)
     Speed:     ev/sec=48440.5   simsec/sec=0.503547   ev/simsec=96198.6
     Messages:  created: 45492329   present: 26635   in FES: 139
** Event #34647808   t=427.410137974245   Elapsed: 782.169s (13m 02s)  85% completed  (92% total)
     Speed:     ev/sec=55971.6   simsec/sec=0.580521   ev/simsec=96416.1
     Messages:  created: 45643375   present: 26776   in FES: 154
** Event #34772736   t=428.765387387419   Elapsed: 784.171s (13m 04s)  85% completed  (92% total)
     Speed:     ev/sec=62414.1   simsec/sec=0.677084   ev/simsec=92180.8
     Messages:  created: 45811966   present: 26887   in FES: 156
** Event #34884352   t=431.896562918145   Elapsed: 786.173s (13m 06s)  86% completed  (93% total)
     Speed:     ev/sec=55745.3   simsec/sec=1.56383   ev/simsec=35646.7
     Messages:  created: 45953341   present: 27195   in FES: 155
** Event #34983168   t=436.763841208032   Elapsed: 788.176s (13m 08s)  87% completed  (93% total)
     Speed:     ev/sec=49325.9   simsec/sec=2.4296   ev/simsec=20302.1
     Messages:  created: 46066933   present: 27657   in FES: 143
** Event #35081728   t=441.341243596577   Elapsed: 790.179s (13m 10s)  88% completed  (94% total)
     Speed:     ev/sec=49219   simsec/sec=2.28587   ev/simsec=21531.9
     Messages:  created: 46178181   present: 28119   in FES: 136
** Event #35162624   t=445.099100740577   Elapsed: 792.186s (13m 12s)  89% completed  (94% total)
     Speed:     ev/sec=40296.5   simsec/sec=1.87189   ev/simsec=21527.2
     Messages:  created: 46267636   present: 28602   in FES: 154
** Event #35253760   t=449.432086223877   Elapsed: 794.187s (13m 14s)  89% completed  (94% total)
     Speed:     ev/sec=45548.5   simsec/sec=2.16557   ev/simsec=21033.1
     Messages:  created: 46368667   present: 29015   in FES: 137
** Event #35339008   t=455.011727851436   Elapsed: 796.188s (13m 16s)  91% completed  (95% total)
     Speed:     ev/sec=42607.7   simsec/sec=2.78875   ev/simsec=15278.4
     Messages:  created: 46459321   present: 29632   in FES: 149
** Event #35426816   t=461.015793820309   Elapsed: 798.191s (13m 18s)  92% completed  (96% total)
     Speed:     ev/sec=43844.5   simsec/sec=2.99796   ev/simsec=14624.8
     Messages:  created: 46550022   present: 30304   in FES: 154
** Event #35509504   t=466.514158129443   Elapsed: 800.193s (13m 20s)  93% completed  (96% total)
     Speed:     ev/sec=41302.2   simsec/sec=2.74641   ev/simsec=15038.7
     Messages:  created: 46634793   present: 30824   in FES: 133
** Event #35595520   t=472.452076425595   Elapsed: 802.193s (13m 22s)  94% completed  (97% total)
     Speed:     ev/sec=43005.1   simsec/sec=2.96876   ev/simsec=14485.9
     Messages:  created: 46723452   present: 31498   in FES: 149
** Event #35668224   t=477.339552237186   Elapsed: 804.198s (13m 24s)  95% completed  (97% total)
     Speed:     ev/sec=36249.8   simsec/sec=2.43687   ev/simsec=14875.6
     Messages:  created: 46798842   present: 30536   in FES: 162
** Event #35739392   t=482.092482921743   Elapsed: 806.2s (13m 26s)  96% completed  (98% total)
     Speed:     ev/sec=35556.9   simsec/sec=2.37466   ev/simsec=14973.5
     Messages:  created: 46872677   present: 9743   in FES: 148
** Event #35814656   t=487.147635436461   Elapsed: 808.201s (13m 28s)  97% completed  (98% total)
     Speed:     ev/sec=37604.3   simsec/sec=2.52572   ev/simsec=14888.6
     Messages:  created: 46950046   present: 10310   in FES: 153
** Event #35893248   t=492.485036779039   Elapsed: 810.211s (13m 30s)  98% completed  (99% total)
     Speed:     ev/sec=39115.2   simsec/sec=2.65643   ev/simsec=14724.8
     Messages:  created: 47030119   present: 10869   in FES: 154
** Event #35968768   t=497.513963409428   Elapsed: 812.217s (13m 32s)  99% completed  (99% total)
     Speed:     ev/sec=37651.1   simsec/sec=2.50721   ev/simsec=15017.1
     Messages:  created: 47106771   present: 11403   in FES: 144
** Event #36001439   t=500   Elapsed: 813.079s (13m 33s)  100% completed  (100% total)
     Speed:     ev/sec=37873.3   simsec/sec=2.87599   ev/simsec=13168.8
     Messages:  created: 47140475   present: 11604   in FES: 122

<!> Simulation time limit reached -- at t=500s, event #36001439
undisposed object: (omnetpp::cMessage) FanetSarNetwork.groundStation.app.debugTimer -- check module destructor
undisposed object: (omnetpp::cMessage) FanetSarNetwork.uav[0].app.debugTimer -- check module destructor
undisposed object: (omnetpp::cMessage) FanetSarNetwork.uav[1].app.debugTimer -- check module destructor
undisposed object: (omnetpp::cMessage) FanetSarNetwork.uav[2].app.debugTimer -- check module destructor
undisposed object: (omnetpp::cMessage) FanetSarNetwork.uav[3].app.debugTimer -- check module destructor
undisposed object: (omnetpp::cMessage) FanetSarNetwork.uav[4].app.debugTimer -- check module destructor
undisposed object: (omnetpp::cMessage) FanetSarNetwork.uav[5].app.debugTimer -- check module destructor
undisposed object: (omnetpp::cMessage) FanetSarNetwork.uav[6].app.debugTimer -- check module destructor
undisposed object: (omnetpp::cMessage) FanetSarNetwork.uav[7].app.debugTimer -- check module destructor
undisposed object: (omnetpp::cMessage) FanetSarNetwork.uav[8].app.debugTimer -- check module destructor
undisposed object: (omnetpp::cMessage) FanetSarNetwork.uav[9].app.debugTimer -- check module destructor
undisposed object: (omnetpp::cMessage) FanetSarNetwork.uav[10].app.debugTimer -- check module destructor
undisposed object: (omnetpp::cMessage) FanetSarNetwork.uav[11].app.debugTimer -- check module destructor
undisposed object: (omnetpp::cMessage) FanetSarNetwork.uav[12].app.debugTimer -- check module destructor
undisposed object: (omnetpp::cMessage) FanetSarNetwork.uav[13].app.debugTimer -- check module destructor
undisposed object: (omnetpp::cMessage) FanetSarNetwork.uav[14].app.debugTimer -- check module destructor
undisposed object: (omnetpp::cMessage) FanetSarNetwork.uav[15].app.debugTimer -- check module destructor
undisposed object: (omnetpp::cMessage) FanetSarNetwork.uav[16].app.debugTimer -- check module destructor
undisposed object: (omnetpp::cMessage) FanetSarNetwork.uav[17].app.debugTimer -- check module destructor
undisposed object: (omnetpp::cMessage) FanetSarNetwork.uav[18].app.debugTimer -- check module destructor
undisposed object: (omnetpp::cMessage) FanetSarNetwork.uav[19].app.debugTimer -- check module destructor
undisposed object: (omnetpp::cMessage) FanetSarNetwork.uav[20].app.debugTimer -- check module destructor
undisposed object: (omnetpp::cMessage) FanetSarNetwork.uav[21].app.debugTimer -- check module destructor
undisposed object: (omnetpp::cMessage) FanetSarNetwork.uav[22].app.debugTimer -- check module destructor
undisposed object: (omnetpp::cMessage) FanetSarNetwork.uav[23].app.debugTimer -- check module destructor
undisposed object: (omnetpp::cMessage) FanetSarNetwork.uav[24].app.debugTimer -- check module destructor
undisposed object: (omnetpp::cMessage) FanetSarNetwork.uav[25].app.debugTimer -- check module destructor
undisposed object: (omnetpp::cMessage) FanetSarNetwork.uav[26].app.debugTimer -- check module destructor
undisposed object: (omnetpp::cMessage) FanetSarNetwork.uav[27].app.debugTimer -- check module destructor
undisposed object: (omnetpp::cMessage) FanetSarNetwork.uav[28].app.debugTimer -- check module destructor
undisposed object: (omnetpp::cMessage) FanetSarNetwork.uav[29].app.debugTimer -- check module destructor
