** Event #0   t=0   Elapsed: 7e-06s (0m 00s)  0% completed  (50% total)
     Speed:     ev/sec=0   simsec/sec=0   ev/simsec=0
     Messages:  created: 1938   present: 1938   in FES: 306
** Event #59136   t=2.320063434751   Elapsed: 2.02267s (0m 02s)  0% completed  (50% total)
     Speed:     ev/sec=29237.2   simsec/sec=1.14703   ev/simsec=25489.4
     Messages:  created: 45540   present: 1887   in FES: 220
** Event #79616   t=3.068955879817   Elapsed: 4.02785s (0m 04s)  0% completed  (50% total)
     Speed:     ev/sec=10213.6   simsec/sec=0.373479   ev/simsec=27347.1
     Messages:  created: 60614   present: 1993   in FES: 250
** Event #92160   t=3.325326293705   Elapsed: 6.09245s (0m 06s)  0% completed  (50% total)
     Speed:     ev/sec=6075.76   simsec/sec=0.124174   ev/simsec=48929.2
     Messages:  created: 69989   present: 1948   in FES: 254
** Event #110592   t=4.064172938679   Elapsed: 8.13046s (0m 08s)  0% completed  (50% total)
     Speed:     ev/sec=9044.09   simsec/sec=0.362532   ev/simsec=24947
     Messages:  created: 83477   present: 2000   in FES: 254
** Event #125184   t=4.330342004076   Elapsed: 10.1388s (0m 10s)  0% completed  (50% total)
     Speed:     ev/sec=7265.59   simsec/sec=0.13253   ev/simsec=54822.3
     Messages:  created: 94237   present: 1841   in FES: 204
** Event #139776   t=5.04560785035   Elapsed: 12.1405s (0m 12s)  1% completed  (50% total)
     Speed:     ev/sec=7289.91   simsec/sec=0.357335   ev/simsec=20400.8
     Messages:  created: 104936   present: 1975   in FES: 254
** Event #158208   t=5.325464805159   Elapsed: 14.1608s (0m 14s)  1% completed  (50% total)
     Speed:     ev/sec=9123.19   simsec/sec=0.138519   ev/simsec=65862.2
     Messages:  created: 118490   present: 1935   in FES: 234
** Event #171520   t=6.037400586002   Elapsed: 16.1903s (0m 16s)  1% completed  (50% total)
     Speed:     ev/sec=6559.53   simsec/sec=0.350809   ev/simsec=18698.3
     Messages:  created: 128007   present: 1990   in FES: 254
** Event #189440   t=6.264413764964   Elapsed: 18.2428s (0m 18s)  1% completed  (50% total)
     Speed:     ev/sec=8730.66   simsec/sec=0.110601   ev/simsec=78938.1
     Messages:  created: 141024   present: 1918   in FES: 229
** Event #198400   t=6.495407883344   Elapsed: 20.269s (0m 20s)  1% completed  (50% total)
     Speed:     ev/sec=4422.07   simsec/sec=0.114004   ev/simsec=38788.9
     Messages:  created: 147456   present: 1895   in FES: 222
** Event #222720   t=7.226120189656   Elapsed: 22.3254s (0m 22s)  1% completed  (50% total)
     Speed:     ev/sec=11826.4   simsec/sec=0.355332   ev/simsec=33282.6
     Messages:  created: 164702   present: 1875   in FES: 216
** Event #230400   t=7.375639370678   Elapsed: 24.3941s (0m 24s)  1% completed  (50% total)
     Speed:     ev/sec=3712.53   simsec/sec=0.0722779   ev/simsec=51364.6
     Messages:  created: 170198   present: 1919   in FES: 230
** Event #247808   t=8.061123198851   Elapsed: 26.437s (0m 26s)  1% completed  (50% total)
     Speed:     ev/sec=8521.33   simsec/sec=0.335549   ev/simsec=25395.2
     Messages:  created: 182358   present: 1903   in FES: 220
** Event #261120   t=8.288753632272   Elapsed: 28.4662s (0m 28s)  1% completed  (50% total)
     Speed:     ev/sec=6560.26   simsec/sec=0.112178   ev/simsec=58480.8
     Messages:  created: 191868   present: 1908   in FES: 227
** Event #267008   t=8.4   Elapsed: 30.4924s (0m 30s)  1% completed  (50% total)
     Speed:     ev/sec=2905.93   simsec/sec=0.0549039   ev/simsec=52927.6
     Messages:  created: 195970   present: 1836   in FES: 202
** Event #284160   t=9.06417212502   Elapsed: 32.5472s (0m 32s)  1% completed  (50% total)
     Speed:     ev/sec=8347.27   simsec/sec=0.323229   ev/simsec=25824.6
     Messages:  created: 208038   present: 1977   in FES: 254
** Event #296960   t=9.26441750136   Elapsed: 34.5643s (0m 34s)  1% completed  (50% total)
     Speed:     ev/sec=6345.68   simsec/sec=0.099273   ev/simsec=63921.6
     Messages:  created: 217130   present: 1960   in FES: 243
** Event #303616   t=9.40024778542   Elapsed: 36.6286s (0m 36s)  1% completed  (50% total)
     Speed:     ev/sec=3224.32   simsec/sec=0.0657993   ev/simsec=49002.3
     Messages:  created: 221752   present: 1884   in FES: 219
** Event #322560   t=10.068972885035   Elapsed: 38.6445s (0m 38s)  2% completed  (51% total)
     Speed:     ev/sec=9397.17   simsec/sec=0.331721   ev/simsec=28328.5
     Messages:  created: 234984   present: 1864   in FES: 207
** Event #334592   t=10.303017086394   Elapsed: 40.6506s (0m 40s)  2% completed  (51% total)
     Speed:     ev/sec=5997.88   simsec/sec=0.11667   ev/simsec=51409.1
     Messages:  created: 243520   present: 1853   in FES: 208
** Event #340736   t=10.429837711505   Elapsed: 42.6993s (0m 42s)  2% completed  (51% total)
     Speed:     ev/sec=2998.86   simsec/sec=0.0619006   ev/simsec=48446.4
     Messages:  created: 247845   present: 1841   in FES: 204
** Event #365824   t=11.136932712132   Elapsed: 44.7633s (0m 44s)  2% completed  (51% total)
     Speed:     ev/sec=12155.3   simsec/sec=0.342593   ev/simsec=35480.4
     Messages:  created: 265520   present: 1851   in FES: 208
** Event #373760   t=11.331365442614   Elapsed: 46.8379s (0m 46s)  2% completed  (51% total)
     Speed:     ev/sec=3825.22   simsec/sec=0.0937183   ev/simsec=40816.2
     Messages:  created: 271102   present: 1863   in FES: 210
** Event #384256   t=12.025247997138   Elapsed: 48.8406s (0m 48s)  2% completed  (51% total)
     Speed:     ev/sec=5240.95   simsec/sec=0.346475   ev/simsec=15126.5
     Messages:  created: 278406   present: 1959   in FES: 242
** Event #404224   t=12.229188916821   Elapsed: 50.8875s (0m 50s)  2% completed  (51% total)
     Speed:     ev/sec=9755.25   simsec/sec=0.0996342   ev/simsec=97910.7
     Messages:  created: 292570   present: 1897   in FES: 222
** Event #410880   t=12.359930526191   Elapsed: 52.905s (0m 52s)  2% completed  (51% total)
     Speed:     ev/sec=3299.13   simsec/sec=0.0648037   ev/simsec=50909.6
     Messages:  created: 297327   present: 1984   in FES: 254
** Event #419072   t=13.01329613333   Elapsed: 54.9575s (0m 54s)  2% completed  (51% total)
     Speed:     ev/sec=3991.29   simsec/sec=0.318332   ev/simsec=12538.2
     Messages:  created: 302924   present: 2002   in FES: 253
** Event #440576   t=13.229189126808   Elapsed: 57.0137s (0m 57s)  2% completed  (51% total)
     Speed:     ev/sec=10458.2   simsec/sec=0.104997   ev/simsec=99604.9
     Messages:  created: 318140   present: 1877   in FES: 216
** Event #447232   t=13.360115225866   Elapsed: 59.0397s (0m 59s)  2% completed  (51% total)
     Speed:     ev/sec=3285.18   simsec/sec=0.0646208   ev/simsec=50837.8
     Messages:  created: 322902   present: 1971   in FES: 248
** Event #457472   t=14.028170199982   Elapsed: 61.0642s (1m 01s)  2% completed  (51% total)
     Speed:     ev/sec=5058.23   simsec/sec=0.329997   ev/simsec=15328.1
     Messages:  created: 329951   present: 1950   in FES: 254
** Event #476672   t=14.229188037493   Elapsed: 63.1322s (1m 03s)  2% completed  (51% total)
     Speed:     ev/sec=9284.01   simsec/sec=0.0972006   ev/simsec=95513.9
     Messages:  created: 343620   present: 1961   in FES: 244
** Event #482816   t=14.333279323026   Elapsed: 65.1809s (1m 05s)  2% completed  (51% total)
     Speed:     ev/sec=2999.02   simsec/sec=0.0508092   ev/simsec=59025.1
     Messages:  created: 347939   present: 1948   in FES: 239
** Event #495872   t=15.037453069264   Elapsed: 67.2216s (1m 07s)  3% completed  (51% total)
     Speed:     ev/sec=6397.98   simsec/sec=0.345074   ev/simsec=18540.9
     Messages:  created: 357032   present: 1983   in FES: 248
** Event #514304   t=15.288567309733   Elapsed: 69.2753s (1m 09s)  3% completed  (51% total)
     Speed:     ev/sec=8974.88   simsec/sec=0.122272   ev/simsec=73400.9
     Messages:  created: 370288   present: 1840   in FES: 204
** Event #521472   t=15.430023872342   Elapsed: 71.3125s (1m 11s)  3% completed  (51% total)
     Speed:     ev/sec=3518.52   simsec/sec=0.0694361   ev/simsec=50672.8
     Messages:  created: 375476   present: 1975   in FES: 248
** Event #545792   t=16.155851478282   Elapsed: 73.3359s (1m 13s)  3% completed  (51% total)
     Speed:     ev/sec=12019.1   simsec/sec=0.358709   ev/simsec=33506.6
     Messages:  created: 392828   present: 1886   in FES: 219
** Event #552704   t=16.330528956763   Elapsed: 75.4365s (1m 15s)  3% completed  (51% total)
     Speed:     ev/sec=3290.56   simsec/sec=0.0831579   ev/simsec=39570.1
     Messages:  created: 397778   present: 1844   in FES: 205
** Event #563200   t=17.0267280671   Elapsed: 77.4401s (1m 17s)  3% completed  (51% total)
     Speed:     ev/sec=5238.6   simsec/sec=0.347476   ev/simsec=15076.1
     Messages:  created: 405324   present: 1884   in FES: 217
** Event #581888   t=17.25137094126   Elapsed: 79.473s (1m 19s)  3% completed  (51% total)
     Speed:     ev/sec=9192.85   simsec/sec=0.110504   ev/simsec=83189.8
     Messages:  created: 419208   present: 1926   in FES: 233
** Event #588544   t=17.400247462439   Elapsed: 81.4857s (1m 21s)  3% completed  (51% total)
     Speed:     ev/sec=3307   simsec/sec=0.0739686   ev/simsec=44708.2
     Messages:  created: 424056   present: 1893   in FES: 222
** Event #611072   t=18.136932496819   Elapsed: 83.5182s (1m 23s)  3% completed  (51% total)
     Speed:     ev/sec=11083.6   simsec/sec=0.362442   ev/simsec=30580.2
     Messages:  created: 440954   present: 1905   in FES: 226
** Event #618496   t=18.33393145495   Elapsed: 85.528s (1m 25s)  3% completed  (51% total)
     Speed:     ev/sec=3693.99   simsec/sec=0.0980216   ev/simsec=37685.5
     Messages:  created: 446560   present: 1949   in FES: 238
** Event #636160   t=19.07125517556   Elapsed: 87.5415s (1m 27s)  3% completed  (51% total)
     Speed:     ev/sec=8772.53   simsec/sec=0.366179   ev/simsec=23956.9
     Messages:  created: 459833   present: 1849   in FES: 204
** Event #647680   t=19.325326122111   Elapsed: 89.5508s (1m 29s)  3% completed  (51% total)
     Speed:     ev/sec=5733.4   simsec/sec=0.126449   ev/simsec=45341.7
     Messages:  created: 468723   present: 1841   in FES: 204
** Event #664832   t=20.06090731526   Elapsed: 91.5703s (1m 31s)  4% completed  (52% total)
     Speed:     ev/sec=8493.1   simsec/sec=0.364235   ev/simsec=23317.6
     Messages:  created: 481708   present: 1956   in FES: 237
** Event #677632   t=20.320244553409   Elapsed: 93.5707s (1m 33s)  4% completed  (52% total)
     Speed:     ev/sec=6398.8   simsec/sec=0.129644   ev/simsec=49356.6
     Messages:  created: 491804   present: 1977   in FES: 254
** Event #689664   t=21.033159445998   Elapsed: 95.5724s (1m 35s)  4% completed  (52% total)
     Speed:     ev/sec=6011.06   simsec/sec=0.356165   ev/simsec=16877.2
     Messages:  created: 500722   present: 1907   in FES: 222
** Event #709120   t=21.33130831013   Elapsed: 97.6016s (1m 37s)  4% completed  (52% total)
     Speed:     ev/sec=9587.71   simsec/sec=0.146925   ev/simsec=65256
     Messages:  created: 515788   present: 1951   in FES: 240
** Event #733440   t=22.200050063528   Elapsed: 99.6587s (1m 39s)  4% completed  (52% total)
     Speed:     ev/sec=11822.9   simsec/sec=0.422328   ev/simsec=27994.5
     Messages:  created: 534400   present: 1944   in FES: 239
** Event #743680   t=22.484985862179   Elapsed: 101.663s (1m 41s)  4% completed  (52% total)
     Speed:     ev/sec=5108.37   simsec/sec=0.142144   ev/simsec=35937.9
     Messages:  created: 542220   present: 1879   in FES: 216
** Event #769536   t=23.330521384004   Elapsed: 103.699s (1m 43s)  4% completed  (52% total)
     Speed:     ev/sec=12699.3   simsec/sec=0.41529   ev/simsec=30579.4
     Messages:  created: 561978   present: 1871   in FES: 214
** Event #789248   t=24.075960450153   Elapsed: 105.706s (1m 45s)  4% completed  (52% total)
     Speed:     ev/sec=9820.27   simsec/sec=0.371368   ev/simsec=26443.5
     Messages:  created: 577075   present: 1968   in FES: 254
** Event #802304   t=24.400200827311   Elapsed: 107.743s (1m 47s)  4% completed  (52% total)
     Speed:     ev/sec=6409.5   simsec/sec=0.159177   ev/simsec=40266.4
     Messages:  created: 587008   present: 1862   in FES: 211
** Event #825344   t=25.229970962595   Elapsed: 109.771s (1m 49s)  5% completed  (52% total)
     Speed:     ev/sec=11364.7   simsec/sec=0.409291   ev/simsec=27766.7
     Messages:  created: 604900   present: 1861   in FES: 210
** Event #844288   t=26.064227111158   Elapsed: 111.786s (1m 51s)  5% completed  (52% total)
     Speed:     ev/sec=9398.6   simsec/sec=0.413896   ev/simsec=22707.7
     Messages:  created: 620020   present: 1949   in FES: 236
** Event #860416   t=26.530632267883   Elapsed: 113.812s (1m 53s)  5% completed  (52% total)
     Speed:     ev/sec=7962.44   simsec/sec=0.230266   ev/simsec=34579.4
     Messages:  created: 633276   present: 1836   in FES: 202
** Event #890624   t=28.060266334207   Elapsed: 115.814s (1m 55s)  5% completed  (52% total)
     Speed:     ev/sec=15091.4   simsec/sec=0.764181   ev/simsec=19748.5
     Messages:  created: 660432   present: 1959   in FES: 238
** Event #917504   t=29.229378206168   Elapsed: 117.838s (1m 57s)  5% completed  (52% total)
     Speed:     ev/sec=13281   simsec/sec=0.577641   ev/simsec=22991.8
     Messages:  created: 685946   present: 1848   in FES: 205
** Event #959744   t=31.33114438194   Elapsed: 119.843s (1m 59s)  6% completed  (53% total)
     Speed:     ev/sec=21059.6   simsec/sec=1.04788   ev/simsec=20097.4
     Messages:  created: 726562   present: 1966   in FES: 245
** Event #1039872   t=35.422187398073   Elapsed: 121.845s (2m 01s)  7% completed  (53% total)
     Speed:     ev/sec=40024.3   simsec/sec=2.04349   ev/simsec=19586.2
     Messages:  created: 803614   present: 1986   in FES: 253
** Event #1120768   t=40.006754844606   Elapsed: 123.85s (2m 03s)  8% completed  (54% total)
     Speed:     ev/sec=40350.5   simsec/sec=2.28676   ev/simsec=17645.3
     Messages:  created: 881082   present: 1944   in FES: 237
** Event #1184256   t=43.04413622058   Elapsed: 125.852s (2m 05s)  8% completed  (54% total)
     Speed:     ev/sec=31706.4   simsec/sec=1.51689   ev/simsec=20902.2
     Messages:  created: 942238   present: 1977   in FES: 246
** Event #1242112   t=46.030929911295   Elapsed: 127.853s (2m 07s)  9% completed  (54% total)
     Speed:     ev/sec=28921.6   simsec/sec=1.49306   ev/simsec=19370.6
     Messages:  created: 997915   present: 1994   in FES: 254
** Event #1315584   t=49.333823387051   Elapsed: 129.86s (2m 09s)  9% completed  (54% total)
     Speed:     ev/sec=36599.6   simsec/sec=1.64531   ev/simsec=22244.7
     Messages:  created: 1068446   present: 1897   in FES: 220
** Event #1383168   t=53.041581036488   Elapsed: 131.864s (2m 11s)  10% completed  (55% total)
     Speed:     ev/sec=33735.8   simsec/sec=1.8508   ev/simsec=18227.7
     Messages:  created: 1132870   present: 1864   in FES: 209
** Event #1441536   t=56.026642465129   Elapsed: 133.867s (2m 13s)  11% completed  (55% total)
     Speed:     ev/sec=29139   simsec/sec=1.49023   ev/simsec=19553.4
     Messages:  created: 1188652   present: 1877   in FES: 214
** Event #1512960   t=59.255549457261   Elapsed: 135.867s (2m 15s)  11% completed  (55% total)
     Speed:     ev/sec=35706.6   simsec/sec=1.61421   ev/simsec=22120.2
     Messages:  created: 1257282   present: 1982   in FES: 251
** Event #1586432   t=63.068039362043   Elapsed: 137.871s (2m 17s)  12% completed  (56% total)
     Speed:     ev/sec=36673.2   simsec/sec=1.90299   ev/simsec=19271.4
     Messages:  created: 1327722   present: 1970   in FES: 243
** Event #1656832   t=66.478699726756   Elapsed: 139.881s (2m 19s)  13% completed  (56% total)
     Speed:     ev/sec=35012.4   simsec/sec=1.69624   ev/simsec=20641.2
     Messages:  created: 1395556   present: 1941   in FES: 238
** Event #1728768   t=70.115436213585   Elapsed: 141.89s (2m 21s)  14% completed  (57% total)
     Speed:     ev/sec=35804.7   simsec/sec=1.81011   ev/simsec=19780.4
     Messages:  created: 1464858   present: 1945   in FES: 238
** Event #1798656   t=74.028224306808   Elapsed: 143.892s (2m 23s)  14% completed  (57% total)
     Speed:     ev/sec=34910.8   simsec/sec=1.95454   ev/simsec=17861.4
     Messages:  created: 1531956   present: 1958   in FES: 241
** Event #1870336   t=77.320242496091   Elapsed: 145.905s (2m 25s)  15% completed  (57% total)
     Speed:     ev/sec=35616   simsec/sec=1.63572   ev/simsec=21773.9
     Messages:  created: 1600981   present: 1839   in FES: 204
** Event #1947648   t=81.288571207919   Elapsed: 147.906s (2m 27s)  16% completed  (58% total)
     Speed:     ev/sec=38635.5   simsec/sec=1.98311   ev/simsec=19482.3
     Messages:  created: 1675376   present: 1979   in FES: 254
** Event #2023680   t=85.115343311275   Elapsed: 149.912s (2m 29s)  17% completed  (58% total)
     Speed:     ev/sec=37905.4   simsec/sec=1.90782   ev/simsec=19868.4
     Messages:  created: 1748506   present: 1979   in FES: 254
** Event #2084352   t=88.229349411499   Elapsed: 151.922s (2m 31s)  17% completed  (58% total)
     Speed:     ev/sec=30174   simsec/sec=1.54869   ev/simsec=19483.6
     Messages:  created: 1806726   present: 1851   in FES: 206
** Event #2151168   t=92.013245205797   Elapsed: 153.925s (2m 33s)  18% completed  (59% total)
     Speed:     ev/sec=33362.6   simsec/sec=1.88938   ev/simsec=17658
     Messages:  created: 1870837   present: 1978   in FES: 254
** Event #2225664   t=95.375452959031   Elapsed: 155.928s (2m 35s)  19% completed  (59% total)
     Speed:     ev/sec=37204.7   simsec/sec=1.67915   ev/simsec=22156.9
     Messages:  created: 1942640   present: 1943   in FES: 254
** Event #2285312   t=98.42218749698   Elapsed: 157.936s (2m 37s)  19% completed  (59% total)
     Speed:     ev/sec=29703   simsec/sec=1.51719   ev/simsec=19577.7
     Messages:  created: 1999950   present: 1956   in FES: 243
** Event #2343936   t=101.360027218408   Elapsed: 159.939s (2m 39s)  20% completed  (60% total)
     Speed:     ev/sec=29261.8   simsec/sec=1.4664   ev/simsec=19954.8
     Messages:  created: 2055983   present: 2210   in FES: 294
** Event #2416640   t=105.071993009705   Elapsed: 161.939s (2m 41s)  21% completed  (60% total)
     Speed:     ev/sec=36347.4   simsec/sec=1.85575   ev/simsec=19586.4
     Messages:  created: 2124387   present: 2900   in FES: 254
** Event #2483456   t=108.296651071719   Elapsed: 163.949s (2m 43s)  21% completed  (60% total)
     Speed:     ev/sec=33239.4   simsec/sec=1.60419   ev/simsec=20720.3
     Messages:  created: 2187382   present: 3511   in FES: 230
** Event #2541824   t=111.175349948616   Elapsed: 165.955s (2m 45s)  22% completed  (61% total)
     Speed:     ev/sec=29108.4   simsec/sec=1.43562   ev/simsec=20275.8
     Messages:  created: 2242384   present: 4002   in FES: 202
** Event #2606592   t=114.331042160415   Elapsed: 167.959s (2m 47s)  22% completed  (61% total)
     Speed:     ev/sec=32309.3   simsec/sec=1.5742   ev/simsec=20524.2
     Messages:  created: 2303589   present: 4784   in FES: 254
** Event #2689536   t=118.428973691369   Elapsed: 169.961s (2m 49s)  23% completed  (61% total)
     Speed:     ev/sec=41436.1   simsec/sec=2.04719   ev/simsec=20240.5
     Messages:  created: 2381700   present: 5549   in FES: 234
** Event #2755072   t=122.028224151309   Elapsed: 171.972s (2m 51s)  24% completed  (62% total)
     Speed:     ev/sec=32583.2   simsec/sec=1.78948   ev/simsec=18208.2
     Messages:  created: 2443196   present: 6317   in FES: 248
** Event #2824192   t=125.091421618916   Elapsed: 173.978s (2m 53s)  25% completed  (62% total)
     Speed:     ev/sec=34470.9   simsec/sec=1.52765   ev/simsec=22564.7
     Messages:  created: 2508690   present: 6943   in FES: 252
** Event #2891008   t=128.363080714863   Elapsed: 175.984s (2m 55s)  25% completed  (62% total)
     Speed:     ev/sec=33301.9   simsec/sec=1.63063   ev/simsec=20422.7
     Messages:  created: 2571655   present: 7567   in FES: 245
** Event #2953472   t=131.451893742958   Elapsed: 177.985s (2m 57s)  26% completed  (63% total)
     Speed:     ev/sec=31209.6   simsec/sec=1.5433   ev/simsec=20222.7
     Messages:  created: 2630470   present: 8084   in FES: 209
** Event #3026176   t=135.084269569351   Elapsed: 179.987s (2m 59s)  27% completed  (63% total)
     Speed:     ev/sec=36322.3   simsec/sec=1.8147   ev/simsec=20015.6
     Messages:  created: 2699058   present: 8927   in FES: 246
** Event #3104768   t=139.068879838154   Elapsed: 182.013s (3m 02s)  27% completed  (63% total)
     Speed:     ev/sec=38793.3   simsec/sec=1.96682   ev/simsec=19723.9
     Messages:  created: 2773018   present: 9725   in FES: 246
** Event #3177984   t=143.006755259648   Elapsed: 184.015s (3m 04s)  28% completed  (64% total)
     Speed:     ev/sec=36562.1   simsec/sec=1.96647   ev/simsec=18592.8
     Messages:  created: 2841709   present: 10409   in FES: 215
** Event #3259904   t=147.010411889671   Elapsed: 186.02s (3m 06s)  29% completed  (64% total)
     Speed:     ev/sec=40858.5   simsec/sec=1.99687   ev/simsec=20461.3
     Messages:  created: 2919010   present: 11296   in FES: 241
** Event #3343616   t=151.037453111545   Elapsed: 188.024s (3m 08s)  30% completed  (65% total)
     Speed:     ev/sec=41774.2   simsec/sec=2.00959   ev/simsec=20787.5
     Messages:  created: 2998012   present: 12096   in FES: 239
** Event #3422464   t=155.016365343569   Elapsed: 190.026s (3m 10s)  31% completed  (65% total)
     Speed:     ev/sec=39388.7   simsec/sec=1.98768   ev/simsec=19816.5
     Messages:  created: 3072277   present: 12904   in FES: 254
** Event #3478016   t=157.320340664287   Elapsed: 192.036s (3m 12s)  31% completed  (65% total)
     Speed:     ev/sec=27637.9   simsec/sec=1.14626   ev/simsec=24111.4
     Messages:  created: 3124436   present: 13335   in FES: 238
** Event #3518720   t=159.251282251642   Elapsed: 194.049s (3m 14s)  31% completed  (65% total)
     Speed:     ev/sec=20221.5   simsec/sec=0.959282   ev/simsec=21079.9
     Messages:  created: 3161642   present: 13742   in FES: 245
** Event #3568384   t=161.4221993987   Elapsed: 196.061s (3m 16s)  32% completed  (66% total)
     Speed:     ev/sec=24688.1   simsec/sec=1.07917   ev/simsec=22877
     Messages:  created: 3205839   present: 14201   in FES: 253
** Event #3610368   t=163.200001820115   Elapsed: 198.061s (3m 18s)  32% completed  (66% total)
     Speed:     ev/sec=20990.8   simsec/sec=0.88885   ev/simsec=23615.7
     Messages:  created: 3241594   present: 14532   in FES: 243
** Event #3638272   t=164.288698924111   Elapsed: 200.081s (3m 20s)  32% completed  (66% total)
     Speed:     ev/sec=13814.6   simsec/sec=0.53899   ev/simsec=25630.6
     Messages:  created: 3264856   present: 14701   in FES: 228
** Event #3665408   t=165.308557169742   Elapsed: 202.101s (3m 22s)  33% completed  (66% total)
     Speed:     ev/sec=13433.3   simsec/sec=0.504868   ev/simsec=26607.6
     Messages:  created: 3287292   present: 14980   in FES: 251
** Event #3692032   t=166.308355527115   Elapsed: 204.114s (3m 24s)  33% completed  (66% total)
     Speed:     ev/sec=13224.9   simsec/sec=0.496627   ev/simsec=26629.4
     Messages:  created: 3308827   present: 15035   in FES: 204
** Event #3716864   t=167.235827291004   Elapsed: 206.114s (3m 26s)  33% completed  (66% total)
     Speed:     ev/sec=12414.5   simsec/sec=0.46368   ev/simsec=26773.9
     Messages:  created: 3328931   present: 15368   in FES: 252
** Event #3738368   t=168.074990556886   Elapsed: 208.122s (3m 28s)  33% completed  (66% total)
     Speed:     ev/sec=10709.7   simsec/sec=0.417931   ev/simsec=25625.5
     Messages:  created: 3346022   present: 15505   in FES: 240
** Event #3755520   t=169.010389309489   Elapsed: 210.138s (3m 30s)  33% completed  (66% total)
     Speed:     ev/sec=8506.38   simsec/sec=0.463903   ev/simsec=18336.6
     Messages:  created: 3359350   present: 15651   in FES: 226
** Event #3779328   t=169.429015156798   Elapsed: 212.148s (3m 32s)  33% completed  (66% total)
     Speed:     ev/sec=11844.2   simsec/sec=0.208262   ev/simsec=56871.8
     Messages:  created: 3378456   present: 15780   in FES: 245
** Event #3805440   t=170.330501527409   Elapsed: 214.282s (3m 34s)  34% completed  (67% total)
     Speed:     ev/sec=12239.8   simsec/sec=0.422564   ev/simsec=28965.5
     Messages:  created: 3398823   present: 15912   in FES: 230
** Event #3832832   t=171.304364417902   Elapsed: 216.317s (3m 36s)  34% completed  (67% total)
     Speed:     ev/sec=13460   simsec/sec=0.47854   ev/simsec=28127.2
     Messages:  created: 3420138   present: 16179   in FES: 252
** Event #3859200   t=172.204594105682   Elapsed: 218.349s (3m 38s)  34% completed  (67% total)
     Speed:     ev/sec=12978.4   simsec/sec=0.443094   ev/simsec=29290.3
     Messages:  created: 3440502   present: 16360   in FES: 251
** Event #3873280   t=173.024144245087   Elapsed: 220.392s (3m 40s)  34% completed  (67% total)
     Speed:     ev/sec=6890.16   simsec/sec=0.401054   ev/simsec=17180.2
     Messages:  created: 3451066   present: 16450   in FES: 227
** Event #3895040   t=173.360047104685   Elapsed: 222.408s (3m 42s)  34% completed  (67% total)
     Speed:     ev/sec=10795.3   simsec/sec=0.166644   ev/simsec=64780.6
     Messages:  created: 3468151   present: 16588   in FES: 254
** Event #3918848   t=174.204207400814   Elapsed: 224.447s (3m 44s)  34% completed  (67% total)
     Speed:     ev/sec=11673.2   simsec/sec=0.413895   ev/simsec=28203.2
     Messages:  created: 3486270   present: 16671   in FES: 222
** Event #3928832   t=174.495416776916   Elapsed: 226.456s (3m 46s)  34% completed  (67% total)
     Speed:     ev/sec=4970.78   simsec/sec=0.144986   ev/simsec=34284.6
     Messages:  created: 3493969   present: 16694   in FES: 212
** Event #3954176   t=175.330513527606   Elapsed: 228.471s (3m 48s)  35% completed  (67% total)
     Speed:     ev/sec=12576.5   simsec/sec=0.414401   ev/simsec=30348.6
     Messages:  created: 3513391   present: 16900   in FES: 226
** Event #3978240   t=176.136909233395   Elapsed: 230.511s (3m 50s)  35% completed  (67% total)
     Speed:     ev/sec=11796.2   simsec/sec=0.395295   ev/simsec=29841.4
     Messages:  created: 3531740   present: 17035   in FES: 216
** Event #3987968   t=176.448525997718   Elapsed: 232.529s (3m 52s)  35% completed  (67% total)
     Speed:     ev/sec=4819.71   simsec/sec=0.15439   ev/simsec=31217.8
     Messages:  created: 3539235   present: 17202   in FES: 250
** Event #4011264   t=177.255453023645   Elapsed: 234.54s (3m 54s)  35% completed  (67% total)
     Speed:     ev/sec=11587.8   simsec/sec=0.401379   ev/simsec=28870
     Messages:  created: 3557051   present: 17354   in FES: 254
** Event #4024576   t=178.026679878974   Elapsed: 236.572s (3m 56s)  35% completed  (67% total)
     Speed:     ev/sec=6550.26   simsec/sec=0.379487   ev/simsec=17260.8
     Messages:  created: 3566892   present: 17476   in FES: 235
** Event #4045056   t=178.331039751828   Elapsed: 238.619s (3m 58s)  35% completed  (67% total)
     Speed:     ev/sec=10004.7   simsec/sec=0.148682   ev/simsec=67288.8
     Messages:  created: 3582898   present: 17561   in FES: 254
** Event #4069120   t=179.155666021656   Elapsed: 240.634s (4m 00s)  35% completed  (67% total)
     Speed:     ev/sec=11941   simsec/sec=0.409194   ev/simsec=29181.7
     Messages:  created: 3601250   present: 17733   in FES: 254
** Event #4082944   t=180.010293443091   Elapsed: 242.635s (4m 02s)  36% completed  (68% total)
     Speed:     ev/sec=6911.47   simsec/sec=0.427281   ev/simsec=16175.5
     Messages:  created: 3611486   present: 17797   in FES: 208
** Event #4104448   t=180.320031471311   Elapsed: 244.66s (4m 04s)  36% completed  (68% total)
     Speed:     ev/sec=10618.7   simsec/sec=0.152948   ev/simsec=69426.4
     Messages:  created: 3628252   present: 17921   in FES: 234
** Event #4130048   t=181.200051197096   Elapsed: 246.672s (4m 06s)  36% completed  (68% total)
     Speed:     ev/sec=12719   simsec/sec=0.437225   ev/simsec=29090.3
     Messages:  created: 3647756   present: 18087   in FES: 228
** Event #4141568   t=182.003500601151   Elapsed: 248.68s (4m 08s)  36% completed  (68% total)
     Speed:     ev/sec=5738.03   simsec/sec=0.400192   ev/simsec=14338.2
     Messages:  created: 3656290   present: 18258   in FES: 233
** Event #4164352   t=182.30791461319   Elapsed: 250.699s (4m 10s)  36% completed  (68% total)
     Speed:     ev/sec=11286.2   simsec/sec=0.150794   ev/simsec=74845.4
     Messages:  created: 3674018   present: 18288   in FES: 221
** Event #4185856   t=183.076702719623   Elapsed: 252.732s (4m 12s)  36% completed  (68% total)
     Speed:     ev/sec=10574.7   simsec/sec=0.378054   ev/simsec=27971.3
     Messages:  created: 3690483   present: 18532   in FES: 248
** Event #4198912   t=183.429052489961   Elapsed: 254.77s (4m 14s)  36% completed  (68% total)
     Speed:     ev/sec=6408.17   simsec/sec=0.172941   ev/simsec=37054.1
     Messages:  created: 3700506   present: 18541   in FES: 232
** Event #4224512   t=184.307914536775   Elapsed: 256.803s (4m 16s)  36% completed  (68% total)
     Speed:     ev/sec=12590.3   simsec/sec=0.432233   ev/simsec=29128.6
     Messages:  created: 3720118   present: 18712   in FES: 229
** Event #4250112   t=185.155803446395   Elapsed: 258.813s (4m 18s)  37% completed  (68% total)
     Speed:     ev/sec=12733.9   simsec/sec=0.421754   ev/simsec=30192.6
     Messages:  created: 3739748   present: 18886   in FES: 233
** Event #4263936   t=186.013242307046   Elapsed: 260.82s (4m 20s)  37% completed  (68% total)
     Speed:     ev/sec=6889.48   simsec/sec=0.427323   ev/simsec=16122.4
     Messages:  created: 3750200   present: 19105   in FES: 254
** Event #4286720   t=186.33390048735   Elapsed: 262.847s (4m 22s)  37% completed  (68% total)
     Speed:     ev/sec=11240   simsec/sec=0.158189   ev/simsec=71053.9
     Messages:  created: 3767924   present: 19113   in FES: 228
** Event #4313088   t=187.296550329258   Elapsed: 264.867s (4m 24s)  37% completed  (68% total)
     Speed:     ev/sec=13051.6   simsec/sec=0.476492   ev/simsec=27391.1
     Messages:  created: 3788255   present: 19340   in FES: 254
** Event #4339712   t=188.200047306148   Elapsed: 266.919s (4m 26s)  37% completed  (68% total)
     Speed:     ev/sec=12974.2   simsec/sec=0.440285   ev/simsec=29467.7
     Messages:  created: 3808730   present: 19439   in FES: 212
** Event #4361472   t=189.064226899042   Elapsed: 268.92s (4m 28s)  37% completed  (68% total)
     Speed:     ev/sec=10878.1   simsec/sec=0.432016   ev/simsec=25180
     Messages:  created: 3825492   present: 19668   in FES: 229
** Event #4377344   t=189.429047213312   Elapsed: 270.933s (4m 30s)  37% completed  (68% total)
     Speed:     ev/sec=7885.31   simsec/sec=0.181245   ev/simsec=43506.3
     Messages:  created: 3837980   present: 19765   in FES: 240
** Event #4403456   t=190.325473703413   Elapsed: 272.938s (4m 32s)  38% completed  (69% total)
     Speed:     ev/sec=13022.4   simsec/sec=0.447059   ev/simsec=29129
     Messages:  created: 3858236   present: 19886   in FES: 221
** Event #4430336   t=191.288705476042   Elapsed: 274.965s (4m 34s)  38% completed  (69% total)
     Speed:     ev/sec=13258.9   simsec/sec=0.475126   ev/simsec=27906.1
     Messages:  created: 3879130   present: 20151   in FES: 244
** Event #4454400   t=192.091369285419   Elapsed: 276.966s (4m 36s)  38% completed  (69% total)
     Speed:     ev/sec=12027.3   simsec/sec=0.401175   ev/simsec=29980.2
     Messages:  created: 3898041   present: 20338   in FES: 254
** Event #4468992   t=193.010128962905   Elapsed: 278.982s (4m 38s)  38% completed  (69% total)
     Speed:     ev/sec=7237.34   simsec/sec=0.455687   ev/simsec=15882.3
     Messages:  created: 3909128   present: 20472   in FES: 233
** Event #4494080   t=193.451890813057   Elapsed: 281.009s (4m 41s)  38% completed  (69% total)
     Speed:     ev/sec=12375.6   simsec/sec=0.217916   ev/simsec=56790.8
     Messages:  created: 3929094   present: 20587   in FES: 244
** Event #4519936   t=194.359930861263   Elapsed: 283.022s (4m 43s)  38% completed  (69% total)
     Speed:     ev/sec=12847.4   simsec/sec=0.451189   ev/simsec=28474.5
     Messages:  created: 3949465   present: 20766   in FES: 254
** Event #4545792   t=195.307908997898   Elapsed: 285.029s (4m 45s)  39% completed  (69% total)
     Speed:     ev/sec=12884.7   simsec/sec=0.472403   ev/simsec=27274.9
     Messages:  created: 3969846   present: 20985   in FES: 254
** Event #4570624   t=196.204206879198   Elapsed: 287.059s (4m 47s)  39% completed  (69% total)
     Speed:     ev/sec=12229.8   simsec/sec=0.441429   ev/simsec=27705.1
     Messages:  created: 3989372   present: 21101   in FES: 232
** Event #4591616   t=197.065514699477   Elapsed: 289.063s (4m 49s)  39% completed  (69% total)
     Speed:     ev/sec=10476.2   simsec/sec=0.429842   ev/simsec=24372.2
     Messages:  created: 4005910   present: 21301   in FES: 254
** Event #4617984   t=198.055961029923   Elapsed: 291.064s (4m 51s)  39% completed  (69% total)
     Speed:     ev/sec=13177.2   simsec/sec=0.494967   ev/simsec=26622.3
     Messages:  created: 4026708   present: 21444   in FES: 222
** Event #4640000   t=199.024136351094   Elapsed: 293.089s (4m 53s)  39% completed  (69% total)
     Speed:     ev/sec=10873.2   simsec/sec=0.478159   ev/simsec=22739.7
     Messages:  created: 4044204   present: 21632   in FES: 221
** Event #4667392   t=200.02413194202   Elapsed: 295.107s (4m 55s)  40% completed  (70% total)
     Speed:     ev/sec=13570.9   simsec/sec=0.495431   ev/simsec=27392.1
     Messages:  created: 4066204   present: 21850   in FES: 227
** Event #4693504   t=201.013243869567   Elapsed: 297.142s (4m 57s)  40% completed  (70% total)
     Speed:     ev/sec=12833.8   simsec/sec=0.48614   ev/simsec=26399.4
     Messages:  created: 4087337   present: 22126   in FES: 254
** Event #4717056   t=201.484983813406   Elapsed: 299.158s (4m 59s)  40% completed  (70% total)
     Speed:     ev/sec=11681.6   simsec/sec=0.233979   ev/simsec=49925.8
     Messages:  created: 4106657   present: 22199   in FES: 247
** Event #4746752   t=203.011251700445   Elapsed: 301.173s (5m 01s)  40% completed  (70% total)
     Speed:     ev/sec=14733.1   simsec/sec=0.757228   ev/simsec=19456.6
     Messages:  created: 4130566   present: 22525   in FES: 250
** Event #4781056   t=204.064225794253   Elapsed: 303.195s (5m 03s)  40% completed  (70% total)
     Speed:     ev/sec=16966.6   simsec/sec=0.520795   ev/simsec=32578.2
     Messages:  created: 4158630   present: 22734   in FES: 251
** Event #4814336   t=205.20420688895   Elapsed: 305.197s (5m 05s)  41% completed  (70% total)
     Speed:     ev/sec=16628.4   simsec/sec=0.569592   ev/simsec=29193.5
     Messages:  created: 4186026   present: 22877   in FES: 224
** Event #4843520   t=206.307774997898   Elapsed: 307.209s (5m 07s)  41% completed  (70% total)
     Speed:     ev/sec=14504.7   simsec/sec=0.548483   ev/simsec=26445.1
     Messages:  created: 4210012   present: 23035   in FES: 204
** Event #4871168   t=207.331185938652   Elapsed: 309.21s (5m 09s)  41% completed  (70% total)
     Speed:     ev/sec=13816.5   simsec/sec=0.511429   ev/simsec=27015.5
     Messages:  created: 4232871   present: 23277   in FES: 217
** Event #4902656   t=209.008924267305   Elapsed: 311.214s (5m 11s)  41% completed  (70% total)
     Speed:     ev/sec=15711.9   simsec/sec=0.837161   ev/simsec=18768.1
     Messages:  created: 4258691   present: 23726   in FES: 252
** Event #4942848   t=210.136891838739   Elapsed: 313.222s (5m 13s)  42% completed  (71% total)
     Speed:     ev/sec=20012.4   simsec/sec=0.561636   ev/simsec=35632.2
     Messages:  created: 4292204   present: 23917   in FES: 244
** Event #4973568   t=211.325465234033   Elapsed: 315.243s (5m 15s)  42% completed  (71% total)
     Speed:     ev/sec=15198.7   simsec/sec=0.588046   ev/simsec=25846.1
     Messages:  created: 4317682   present: 24119   in FES: 232
** Event #5003008   t=212.451890859356   Elapsed: 317.253s (5m 17s)  42% completed  (71% total)
     Speed:     ev/sec=14647.6   simsec/sec=0.560442   ev/simsec=26135.8
     Messages:  created: 4342000   present: 24372   in FES: 239
** Event #5039872   t=214.064225956644   Elapsed: 319.254s (5m 19s)  42% completed  (71% total)
     Speed:     ev/sec=18427.2   simsec/sec=0.805956   ev/simsec=22863.7
     Messages:  created: 4372318   present: 24704   in FES: 241
** Event #5074944   t=215.288706181589   Elapsed: 321.257s (5m 21s)  43% completed  (71% total)
     Speed:     ev/sec=17505   simsec/sec=0.611157   ev/simsec=28642.4
     Messages:  created: 4401412   present: 24901   in FES: 228
** Event #5103360   t=216.333094095946   Elapsed: 323.276s (5m 23s)  43% completed  (71% total)
     Speed:     ev/sec=14080.4   simsec/sec=0.517503   ev/simsec=27208.3
     Messages:  created: 4425003   present: 25160   in FES: 254
** Event #5136384   t=218.013296343807   Elapsed: 325.282s (5m 25s)  43% completed  (71% total)
     Speed:     ev/sec=16455.2   simsec/sec=0.837209   ev/simsec=19654.8
     Messages:  created: 4451771   present: 25499   in FES: 241
** Event #5176064   t=219.136883716236   Elapsed: 327.291s (5m 27s)  43% completed  (71% total)
     Speed:     ev/sec=19751.6   simsec/sec=0.559291   ev/simsec=35315.5
     Messages:  created: 4484640   present: 25738   in FES: 251
** Event #5203200   t=220.204205963641   Elapsed: 329.316s (5m 29s)  44% completed  (72% total)
     Speed:     ev/sec=13403.5   simsec/sec=0.52719   ev/simsec=25424.4
     Messages:  created: 4506850   present: 25931   in FES: 242
** Event #5233152   t=221.308541172301   Elapsed: 331.337s (5m 31s)  44% completed  (72% total)
     Speed:     ev/sec=14819   simsec/sec=0.546379   ev/simsec=27122.2
     Messages:  created: 4531376   present: 26163   in FES: 246
** Event #5262336   t=222.375349948616   Elapsed: 333.342s (5m 33s)  44% completed  (72% total)
     Speed:     ev/sec=14558.8   simsec/sec=0.532193   ev/simsec=27356.4
     Messages:  created: 4555038   present: 26242   in FES: 202
** Event #5292032   t=223.425192619204   Elapsed: 335.354s (5m 35s)  44% completed  (72% total)
     Speed:     ev/sec=14754.9   simsec/sec=0.521628   ev/simsec=28286.1
     Messages:  created: 4580378   present: 26604   in FES: 261
** Event #5336064   t=224.253378474411   Elapsed: 337.358s (5m 37s)  44% completed  (72% total)
     Speed:     ev/sec=21970.8   simsec/sec=0.413242   ev/simsec=53166.8
     Messages:  created: 4629446   present: 26778   in FES: 331
** Event #5382912   t=225.036529967932   Elapsed: 339.372s (5m 39s)  45% completed  (72% total)
     Speed:     ev/sec=23265.5   simsec/sec=0.388927   ev/simsec=59819.8
     Messages:  created: 4685960   present: 26915   in FES: 278
** Event #5416960   t=226.07458256994   Elapsed: 341.376s (5m 41s)  45% completed  (72% total)
     Speed:     ev/sec=16994   simsec/sec=0.518111   ev/simsec=32799.9
     Messages:  created: 4713598   present: 27149   in FES: 288
** Event #5453568   t=227.071256108657   Elapsed: 343.379s (5m 43s)  45% completed  (72% total)
     Speed:     ev/sec=18273.3   simsec/sec=0.497502   ev/simsec=36730.2
     Messages:  created: 4749195   present: 27362   in FES: 293
** Event #5501952   t=227.446686026744   Elapsed: 345.381s (5m 45s)  45% completed  (72% total)
     Speed:     ev/sec=24169.6   simsec/sec=0.187541   ev/simsec=128876
     Messages:  created: 4808316   present: 27371   in FES: 271
** Event #5537024   t=228.375592747939   Elapsed: 347.415s (5m 47s)  45% completed  (72% total)
     Speed:     ev/sec=17238.4   simsec/sec=0.456572   ev/simsec=37756.2
     Messages:  created: 4841535   present: 27465   in FES: 210
** Event #5564928   t=229.379172446836   Elapsed: 349.443s (5m 49s)  45% completed  (72% total)
     Speed:     ev/sec=13758.9   simsec/sec=0.494846   ev/simsec=27804.5
     Messages:  created: 4863829   present: 27695   in FES: 220
** Event #5593088   t=230.402365723392   Elapsed: 351.465s (5m 51s)  46% completed  (73% total)
     Speed:     ev/sec=13930.1   simsec/sec=0.50615   ev/simsec=27521.7
     Messages:  created: 4886213   present: 27848   in FES: 204
** Event #5619712   t=231.333572268269   Elapsed: 353.488s (5m 53s)  46% completed  (73% total)
     Speed:     ev/sec=13162.7   simsec/sec=0.460382   ev/simsec=28590.9
     Messages:  created: 4907351   present: 28107   in FES: 226
** Event #5647872   t=232.333699469633   Elapsed: 355.527s (5m 55s)  46% completed  (73% total)
     Speed:     ev/sec=13804.7   simsec/sec=0.490287   ev/simsec=28156.4
     Messages:  created: 4929639   present: 28376   in FES: 249
** Event #5673472   t=233.296725223308   Elapsed: 357.552s (5m 57s)  46% completed  (73% total)
     Speed:     ev/sec=12647.6   simsec/sec=0.47578   ev/simsec=26582.9
     Messages:  created: 4949671   present: 28503   in FES: 228
** Event #5699328   t=234.204461825015   Elapsed: 359.555s (5m 59s)  46% completed  (73% total)
     Speed:     ev/sec=12908   simsec/sec=0.453165   ev/simsec=28484
     Messages:  created: 4970052   present: 28766   in FES: 254
** Event #5726464   t=235.105592271474   Elapsed: 361.56s (6m 01s)  47% completed  (73% total)
     Speed:     ev/sec=13530.3   simsec/sec=0.449313   ev/simsec=30113.3
     Messages:  created: 4991275   present: 28909   in FES: 244
** Event #5746432   t=236.050976903717   Elapsed: 363.56s (6m 03s)  47% completed  (73% total)
     Speed:     ev/sec=9983.37   simsec/sec=0.472663   ev/simsec=21121.6
     Messages:  created: 5006613   present: 29025   in FES: 216
** Event #5770496   t=237.020680820303   Elapsed: 365.563s (6m 05s)  47% completed  (73% total)
     Speed:     ev/sec=12017   simsec/sec=0.484246   ev/simsec=24815.8
     Messages:  created: 5025377   present: 29264   in FES: 231
** Event #5795072   t=237.485023890344   Elapsed: 367.586s (6m 07s)  47% completed  (73% total)
     Speed:     ev/sec=12148.8   simsec/sec=0.229542   ev/simsec=52926.4
     Messages:  created: 5044892   present: 29390   in FES: 244
** Event #5819392   t=238.325465326476   Elapsed: 369.604s (6m 09s)  47% completed  (73% total)
     Speed:     ev/sec=12050.5   simsec/sec=0.416436   ev/simsec=28937.2
     Messages:  created: 5063889   present: 29528   in FES: 235
** Event #5845504   t=239.255602468568   Elapsed: 371.643s (6m 11s)  47% completed  (73% total)
     Speed:     ev/sec=12807.4   simsec/sec=0.456214   ev/simsec=28073.3
     Messages:  created: 5084253   present: 29708   in FES: 233
** Event #5871360   t=240.115461518326   Elapsed: 373.685s (6m 13s)  48% completed  (74% total)
     Speed:     ev/sec=12659.2   simsec/sec=0.420991   ev/simsec=30070
     Messages:  created: 5104422   present: 29882   in FES: 234
** Event #5893632   t=241.061296311104   Elapsed: 375.688s (6m 15s)  48% completed  (74% total)
     Speed:     ev/sec=11121   simsec/sec=0.472282   ev/simsec=23547.5
     Messages:  created: 5121571   present: 29994   in FES: 203
** Event #5916160   t=242.028171619322   Elapsed: 377.702s (6m 17s)  48% completed  (74% total)
     Speed:     ev/sec=11188.1   simsec/sec=0.480182   ev/simsec=23299.8
     Messages:  created: 5139153   present: 30305   in FES: 254
** Event #5941504   t=243.006798331107   Elapsed: 379.712s (6m 19s)  48% completed  (74% total)
     Speed:     ev/sec=12605.9   simsec/sec=0.486762   ev/simsec=25897.5
     Messages:  created: 5158848   present: 30458   in FES: 232
** Event #5967616   t=243.448389650125   Elapsed: 381.721s (6m 21s)  48% completed  (74% total)
     Speed:     ev/sec=12997   simsec/sec=0.219798   ev/simsec=59131.6
     Messages:  created: 5179665   present: 30593   in FES: 254
** Event #5995008   t=244.379192525486   Elapsed: 383.746s (6m 23s)  48% completed  (74% total)
     Speed:     ev/sec=13528.1   simsec/sec=0.459697   ev/simsec=29428.4
     Messages:  created: 5201103   present: 30658   in FES: 207
** Event #6022144   t=245.333476435848   Elapsed: 385.758s (6m 25s)  49% completed  (74% total)
     Speed:     ev/sec=13487.2   simsec/sec=0.474301   ev/simsec=28436
     Messages:  created: 5222545   present: 30931   in FES: 234
** Event #6049280   t=246.325464310996   Elapsed: 387.773s (6m 27s)  49% completed  (74% total)
     Speed:     ev/sec=13466.9   simsec/sec=0.492298   ev/simsec=27355.2
     Messages:  created: 5243975   present: 31148   in FES: 241
** Event #6075648   t=247.302829664433   Elapsed: 389.816s (6m 29s)  49% completed  (74% total)
     Speed:     ev/sec=12904.9   simsec/sec=0.478337   ev/simsec=26978.7
     Messages:  created: 5264752   present: 31229   in FES: 204
** Event #6102016   t=248.251322381495   Elapsed: 391.832s (6m 31s)  49% completed  (74% total)
     Speed:     ev/sec=13082.2   simsec/sec=0.470584   ev/simsec=27799.9
     Messages:  created: 5285903   present: 31538   in FES: 243
** Event #6128128   t=249.204219339494   Elapsed: 393.858s (6m 33s)  49% completed  (74% total)
     Speed:     ev/sec=12887.2   simsec/sec=0.47029   ev/simsec=27402.8
     Messages:  created: 5306697   present: 31668   in FES: 221
** Event #6154240   t=250.112060355255   Elapsed: 395.861s (6m 35s)  50% completed  (75% total)
     Speed:     ev/sec=13037.5   simsec/sec=0.453278   ev/simsec=28762.7
     Messages:  created: 5327613   present: 31788   in FES: 204
** Event #6182144   t=251.155762238468   Elapsed: 397.888s (6m 37s)  50% completed  (75% total)
     Speed:     ev/sec=13766.1   simsec/sec=0.514896   ev/simsec=26735.6
     Messages:  created: 5350139   present: 32116   in FES: 243
** Event #6208768   t=252.115444213553   Elapsed: 399.908s (6m 39s)  50% completed  (75% total)
     Speed:     ev/sec=13177.4   simsec/sec=0.474988   ev/simsec=27742.5
     Messages:  created: 5371584   present: 32297   in FES: 239
** Event #6236928   t=253.20498216811   Elapsed: 401.936s (6m 41s)  50% completed  (75% total)
     Speed:     ev/sec=13887.5   simsec/sec=0.537319   ev/simsec=25845.8
     Messages:  created: 5394399   present: 32554   in FES: 249
** Event #6264576   t=254.236087363838   Elapsed: 403.94s (6m 43s)  50% completed  (75% total)
     Speed:     ev/sec=13797.1   simsec/sec=0.514549   ev/simsec=26813.9
     Messages:  created: 5416928   present: 32621   in FES: 203
** Event #6291200   t=255.255451639482   Elapsed: 405.963s (6m 45s)  51% completed  (75% total)
     Speed:     ev/sec=13157.6   simsec/sec=0.50377   ev/simsec=26118.2
     Messages:  created: 5438814   present: 32936   in FES: 254
** Event #6319616   t=256.320242579486   Elapsed: 407.975s (6m 47s)  51% completed  (75% total)
     Speed:     ev/sec=14126.2   simsec/sec=0.529331   ev/simsec=26686.9
     Messages:  created: 5462167   present: 33137   in FES: 254
** Event #6348544   t=257.400158723131   Elapsed: 409.976s (6m 49s)  51% completed  (75% total)
     Speed:     ev/sec=14456.6   simsec/sec=0.539683   ev/simsec=26787.3
     Messages:  created: 5485877   present: 33351   in FES: 238
** Event #6380544   t=259.025247733813   Elapsed: 411.981s (6m 51s)  51% completed  (75% total)
     Speed:     ev/sec=15960.6   simsec/sec=0.810546   ev/simsec=19691.2
     Messages:  created: 5512005   present: 33730   in FES: 253
** Event #6416384   t=260.083109810442   Elapsed: 413.984s (6m 53s)  52% completed  (76% total)
     Speed:     ev/sec=17892.8   simsec/sec=0.528128   ev/simsec=33879.7
     Messages:  created: 5541889   present: 33868   in FES: 227
** Event #6449408   t=261.325326210061   Elapsed: 416.005s (6m 56s)  52% completed  (76% total)
     Speed:     ev/sec=16338.5   simsec/sec=0.614581   ev/simsec=26584.7
     Messages:  created: 5569240   present: 34138   in FES: 254
** Event #6479360   t=262.451892943064   Elapsed: 418.008s (6m 58s)  52% completed  (76% total)
     Speed:     ev/sec=14953.8   simsec/sec=0.562449   ev/simsec=26587
     Messages:  created: 5593767   present: 34296   in FES: 213
** Event #6516480   t=264.060890531171   Elapsed: 420.014s (7m 00s)  52% completed  (76% total)
     Speed:     ev/sec=18504.2   simsec/sec=0.80208   ev/simsec=23070.3
     Messages:  created: 5624065   present: 34724   in FES: 245
** Event #6546176   t=265.076702817878   Elapsed: 422.02s (7m 02s)  53% completed  (76% total)
     Speed:     ev/sec=14805.7   simsec/sec=0.506459   ev/simsec=29233.7
     Messages:  created: 5648388   present: 34911   in FES: 241
** Event #6575872   t=266.136883680699   Elapsed: 424.028s (7m 04s)  53% completed  (76% total)
     Speed:     ev/sec=14786.9   simsec/sec=0.527909   ev/simsec=28010.3
     Messages:  created: 5672737   present: 35144   in FES: 253
** Event #6602496   t=267.115339625495   Elapsed: 426.036s (7m 06s)  53% completed  (76% total)
     Speed:     ev/sec=13256.1   simsec/sec=0.487175   ev/simsec=27210.2
     Messages:  created: 5694277   present: 35311   in FES: 254
** Event #6631424   t=268.226088009697   Elapsed: 428.059s (7m 08s)  53% completed  (76% total)
     Speed:     ev/sec=14305.9   simsec/sec=0.549302   ev/simsec=26043.7
     Messages:  created: 5717517   present: 35478   in FES: 225
** Event #6658560   t=269.204970159853   Elapsed: 430.062s (7m 10s)  53% completed  (76% total)
     Speed:     ev/sec=13547.2   simsec/sec=0.488692   ev/simsec=27721.4
     Messages:  created: 5739289   present: 35733   in FES: 242
** Event #6685696   t=270.155767825395   Elapsed: 432.092s (7m 12s)  54% completed  (77% total)
     Speed:     ev/sec=13363.4   simsec/sec=0.468231   ev/simsec=28540.2
     Messages:  created: 5760847   present: 35873   in FES: 228
** Event #6704128   t=271.045662166694   Elapsed: 434.096s (7m 14s)  54% completed  (77% total)
     Speed:     ev/sec=9199.22   simsec/sec=0.444137   ev/simsec=20712.6
     Messages:  created: 5775159   present: 36092   in FES: 237
** Event #6723072   t=271.43001675738   Elapsed: 436.115s (7m 16s)  54% completed  (77% total)
     Speed:     ev/sec=9384.17   simsec/sec=0.190395   ev/simsec=49287.8
     Messages:  created: 5790199   present: 36137   in FES: 230
** Event #6749952   t=272.360063207281   Elapsed: 438.123s (7m 18s)  54% completed  (77% total)
     Speed:     ev/sec=13381.2   simsec/sec=0.462988   ev/simsec=28901.8
     Messages:  created: 5811228   present: 36369   in FES: 247
** Event #6776320   t=273.302959687633   Elapsed: 440.159s (7m 20s)  54% completed  (77% total)
     Speed:     ev/sec=12955.4   simsec/sec=0.463273   ev/simsec=27964.9
     Messages:  created: 5831587   present: 36578   in FES: 253
** Event #6802176   t=274.155780577028   Elapsed: 442.19s (7m 22s)  54% completed  (77% total)
     Speed:     ev/sec=12726.2   simsec/sec=0.419755   ev/simsec=30318.2
     Messages:  created: 5851547   present: 36643   in FES: 218
** Event #6818304   t=275.028225475202   Elapsed: 444.206s (7m 24s)  55% completed  (77% total)
     Speed:     ev/sec=8002.78   simsec/sec=0.432911   ev/simsec=18486
     Messages:  created: 5863575   present: 36884   in FES: 237
** Event #6841088   t=275.4001998742   Elapsed: 446.21s (7m 26s)  55% completed  (77% total)
     Speed:     ev/sec=11366.7   simsec/sec=0.185574   ev/simsec=61251.5
     Messages:  created: 5881161   present: 36943   in FES: 236
** Event #6865408   t=276.235827427523   Elapsed: 448.215s (7m 28s)  55% completed  (77% total)
     Speed:     ev/sec=12128.3   simsec/sec=0.416724   ev/simsec=29103.9
     Messages:  created: 5899586   present: 37132   in FES: 240
** Event #6877696   t=277.011297130868   Elapsed: 450.286s (7m 30s)  55% completed  (77% total)
     Speed:     ev/sec=5935.96   simsec/sec=0.374606   ev/simsec=15845.9
     Messages:  created: 5908528   present: 37218   in FES: 214
** Event #6900992   t=277.333263968034   Elapsed: 452.334s (7m 32s)  55% completed  (77% total)
     Speed:     ev/sec=11370.1   simsec/sec=0.157142   ev/simsec=72355.3
     Messages:  created: 5926452   present: 37333   in FES: 236
** Event #6926592   t=278.204851650096   Elapsed: 454.335s (7m 34s)  55% completed  (77% total)
     Speed:     ev/sec=12798.6   simsec/sec=0.435745   ev/simsec=29371.7
     Messages:  created: 5945583   present: 37430   in FES: 207
** Event #6936320   t=278.485031903381   Elapsed: 456.35s (7m 36s)  55% completed  (77% total)
     Speed:     ev/sec=4826.5   simsec/sec=0.13901   ev/simsec=34720.5
     Messages:  created: 5952988   present: 37575   in FES: 239
** Event #6960384   t=279.288754707208   Elapsed: 458.392s (7m 38s)  55% completed  (77% total)
     Speed:     ev/sec=11786.2   simsec/sec=0.39365   ev/simsec=29940.7
     Messages:  created: 5970971   present: 37641   in FES: 208
** Event #6982144   t=280.068925050655   Elapsed: 460.43s (7m 40s)  56% completed  (78% total)
     Speed:     ev/sec=10677.3   simsec/sec=0.382819   ev/simsec=27891.3
     Messages:  created: 5987167   present: 37860   in FES: 225
** Event #6996480   t=280.379206905334   Elapsed: 462.432s (7m 42s)  56% completed  (78% total)
     Speed:     ev/sec=7159.68   simsec/sec=0.154961   ev/simsec=46203.2
     Messages:  created: 5998173   present: 37976   in FES: 247
** Event #7021056   t=281.229002006474   Elapsed: 464.446s (7m 44s)  56% completed  (78% total)
     Speed:     ev/sec=12206.2   simsec/sec=0.422068   ev/simsec=28919.9
     Messages:  created: 6016557   present: 38129   in FES: 254
** Event #7034112   t=282.011300967827   Elapsed: 466.459s (7m 46s)  56% completed  (78% total)
     Speed:     ev/sec=6483.88   simsec/sec=0.388506   ev/simsec=16689.3
     Messages:  created: 6026052   present: 38248   in FES: 224
** Event #7056896   t=282.325464231826   Elapsed: 468.469s (7m 48s)  56% completed  (78% total)
     Speed:     ev/sec=11335.8   simsec/sec=0.156306   ev/simsec=72522.8
     Messages:  created: 6043441   present: 38361   in FES: 246
** Event #7082240   t=283.136886090698   Elapsed: 470.506s (7m 50s)  56% completed  (78% total)
     Speed:     ev/sec=12440   simsec/sec=0.398283   ev/simsec=31234.1
     Messages:  created: 6062379   present: 38441   in FES: 218
** Event #7093248   t=283.484845729196   Elapsed: 472.54s (7m 52s)  56% completed  (78% total)
     Speed:     ev/sec=5414.41   simsec/sec=0.171148   ev/simsec=31635.9
     Messages:  created: 6070587   present: 38468   in FES: 204
** Event #7116800   t=284.255638771271   Elapsed: 474.548s (7m 54s)  56% completed  (78% total)
     Speed:     ev/sec=11729.2   simsec/sec=0.383865   ev/simsec=30555.5
     Messages:  created: 6088285   present: 38678   in FES: 223
** Event #7137280   t=285.06112329092   Elapsed: 476.567s (7m 56s)  57% completed  (78% total)
     Speed:     ev/sec=10143.6   simsec/sec=0.398951   ev/simsec=25425.7
     Messages:  created: 6103519   present: 38895   in FES: 236
** Event #7153152   t=285.363127439303   Elapsed: 478.567s (7m 58s)  57% completed  (78% total)
     Speed:     ev/sec=7935.64   simsec/sec=0.150995   ev/simsec=52555.6
     Messages:  created: 6115556   present: 38847   in FES: 205
** Event #7179008   t=286.251327293445   Elapsed: 480.579s (8m 00s)  57% completed  (78% total)
     Speed:     ev/sec=12850.7   simsec/sec=0.441444   ev/simsec=29110.6
     Messages:  created: 6135039   present: 39082   in FES: 225
** Event #7193600   t=287.030979828766   Elapsed: 482.582s (8m 02s)  57% completed  (78% total)
     Speed:     ev/sec=7282.34   simsec/sec=0.389096   ev/simsec=18716
     Messages:  created: 6145922   present: 39328   in FES: 250
** Event #7215360   t=287.379206907756   Elapsed: 484.603s (8m 04s)  57% completed  (78% total)
     Speed:     ev/sec=10767.8   simsec/sec=0.172319   ev/simsec=62488
     Messages:  created: 6162659   present: 39376   in FES: 247
** Event #7240448   t=288.264232902932   Elapsed: 486.639s (8m 06s)  57% completed  (78% total)
     Speed:     ev/sec=12322   simsec/sec=0.434683   ev/simsec=28347.2
     Messages:  created: 6181801   present: 39541   in FES: 254
** Event #7257856   t=289.054833489252   Elapsed: 488.642s (8m 08s)  57% completed  (78% total)
     Speed:     ev/sec=8693.55   simsec/sec=0.394826   ev/simsec=22018.7
     Messages:  created: 6195153   present: 39666   in FES: 229
** Event #7274240   t=289.37564053971   Elapsed: 490.686s (8m 10s)  57% completed  (78% total)
     Speed:     ev/sec=8015.26   simsec/sec=0.156943   ev/simsec=51071.2
     Messages:  created: 6208069   present: 39675   in FES: 214
** Event #7297536   t=290.264339142256   Elapsed: 492.701s (8m 12s)  58% completed  (79% total)
     Speed:     ev/sec=11558.7   simsec/sec=0.440943   ev/simsec=26213.6
     Messages:  created: 6226629   present: 39905   in FES: 230
** Event #7322624   t=291.204694089432   Elapsed: 494.733s (8m 14s)  58% completed  (79% total)
     Speed:     ev/sec=12346.6   simsec/sec=0.462779   ev/simsec=26679.3
     Messages:  created: 6246893   present: 40142   in FES: 245
** Event #7348992   t=292.204226968991   Elapsed: 496.76s (8m 16s)  58% completed  (79% total)
     Speed:     ev/sec=13008   simsec/sec=0.493095   ev/simsec=26380.3
     Messages:  created: 6268311   present: 40277   in FES: 224
** Event #7375616   t=293.226079181903   Elapsed: 498.775s (8m 18s)  58% completed  (79% total)
     Speed:     ev/sec=13211.7   simsec/sec=0.507077   ev/simsec=26054.6
     Messages:  created: 6290181   present: 40541   in FES: 246
** Event #7403008   t=294.255597555259   Elapsed: 500.788s (8m 20s)  58% completed  (79% total)
     Speed:     ev/sec=13607.5   simsec/sec=0.511432   ev/simsec=26606.6
     Messages:  created: 6312685   present: 40747   in FES: 246
** Event #7431680   t=295.320808278533   Elapsed: 502.814s (8m 22s)  59% completed  (79% total)
     Speed:     ev/sec=14158.1   simsec/sec=0.525996   ev/simsec=26916.7
     Messages:  created: 6336113   present: 40884   in FES: 221
** Event #7464960   t=297.011256732136   Elapsed: 504.824s (8m 24s)  59% completed  (79% total)
     Speed:     ev/sec=16557.6   simsec/sec=0.841039   ev/simsec=19687.1
     Messages:  created: 6363252   present: 41244   in FES: 222
** Event #7503616   t=298.091424693192   Elapsed: 506.825s (8m 26s)  59% completed  (79% total)
     Speed:     ev/sec=19317.1   simsec/sec=0.539779   ev/simsec=35787
     Messages:  created: 6395353   present: 41404   in FES: 205
** Event #7535872   t=299.325328330037   Elapsed: 508.849s (8m 28s)  59% completed  (79% total)
     Speed:     ev/sec=15934.8   simsec/sec=0.609563   ev/simsec=26141.4
     Messages:  created: 6421864   present: 41766   in FES: 254
** Event #7572224   t=301.03745302665   Elapsed: 510.87s (8m 30s)  60% completed  (80% total)
     Speed:     ev/sec=17985.5   simsec/sec=0.84709   ev/simsec=21232.1
     Messages:  created: 6451573   present: 42113   in FES: 244
** Event #7607296   t=302.09002743375   Elapsed: 512.87s (8m 32s)  60% completed  (80% total)
     Speed:     ev/sec=17533.1   simsec/sec=0.5262   ev/simsec=33320.2
     Messages:  created: 6480565   present: 42197   in FES: 204
** Event #7639552   t=303.320034126684   Elapsed: 514.899s (8m 34s)  60% completed  (80% total)
     Speed:     ev/sec=15898.8   simsec/sec=0.606262   ev/simsec=26224.2
     Messages:  created: 6507083   present: 42541   in FES: 240
** Event #7667456   t=304.362986762548   Elapsed: 516.905s (8m 36s)  60% completed  (80% total)
     Speed:     ev/sec=13914.6   simsec/sec=0.520079   ev/simsec=26754.8
     Messages:  created: 6530101   present: 42757   in FES: 254
** Event #7706880   t=306.064540329829   Elapsed: 518.907s (8m 38s)  61% completed  (80% total)
     Speed:     ev/sec=19692.6   simsec/sec=0.849941   ev/simsec=23169.4
     Messages:  created: 6562383   present: 43106   in FES: 241
** Event #7742720   t=307.304226483544   Elapsed: 520.913s (8m 40s)  61% completed  (80% total)
     Speed:     ev/sec=17861.2   simsec/sec=0.617811   ev/simsec=28910.5
     Messages:  created: 6591959   present: 43339   in FES: 254
** Event #7772928   t=308.428971103359   Elapsed: 522.917s (8m 42s)  61% completed  (80% total)
     Speed:     ev/sec=15078.7   simsec/sec=0.56143   ev/simsec=26857.7
     Messages:  created: 6616813   present: 43598   in FES: 251
** Event #7806464   t=310.037402561731   Elapsed: 524.929s (8m 44s)  62% completed  (81% total)
     Speed:     ev/sec=16665.6   simsec/sec=0.799303   ev/simsec=20850.1
     Messages:  created: 6644189   present: 43941   in FES: 254
** Event #7845376   t=311.251326794182   Elapsed: 526.948s (8m 46s)  62% completed  (81% total)
     Speed:     ev/sec=19273.6   simsec/sec=0.60127   ev/simsec=32054.7
     Messages:  created: 6676359   present: 44103   in FES: 232
** Event #7871488   t=312.251329543914   Elapsed: 528.974s (8m 48s)  62% completed  (81% total)
     Speed:     ev/sec=12883.9   simsec/sec=0.493409   ev/simsec=26111.9
     Messages:  created: 6697785   present: 44245   in FES: 212
** Event #7900416   t=313.325420219682   Elapsed: 530.98s (8m 50s)  62% completed  (81% total)
     Speed:     ev/sec=14420.7   simsec/sec=0.535437   ev/simsec=26932.5
     Messages:  created: 6721561   present: 44554   in FES: 243
** Event #7939072   t=315.05278434759   Elapsed: 532.982s (8m 52s)  63% completed  (81% total)
     Speed:     ev/sec=19311   simsec/sec=0.862924   ev/simsec=22378.6
     Messages:  created: 6753297   present: 44925   in FES: 248
** Event #7976704   t=316.296695309393   Elapsed: 535.023s (8m 55s)  63% completed  (81% total)
     Speed:     ev/sec=18442.1   simsec/sec=0.609596   ev/simsec=30253
     Messages:  created: 6784263   present: 45048   in FES: 209
** Event #8007936   t=317.451792869687   Elapsed: 537.042s (8m 57s)  63% completed  (81% total)
     Speed:     ev/sec=15468.8   simsec/sec=0.572106   ev/simsec=27038.4
     Messages:  created: 6810041   present: 45377   in FES: 254
** Event #8050944   t=319.115480188459   Elapsed: 539.058s (8m 59s)  63% completed  (81% total)
     Speed:     ev/sec=21328.6   simsec/sec=0.825057   ev/simsec=25851
     Messages:  created: 6845430   present: 45706   in FES: 242
** Event #8081664   t=320.307917796493   Elapsed: 541.08s (9m 01s)  64% completed  (82% total)
     Speed:     ev/sec=15191.7   simsec/sec=0.589687   ev/simsec=25762.4
     Messages:  created: 6870543   present: 45892   in FES: 223
** Event #8107776   t=321.308359343701   Elapsed: 543.092s (9m 03s)  64% completed  (82% total)
     Speed:     ev/sec=12980.3   simsec/sec=0.497319   ev/simsec=26100.5
     Messages:  created: 6892096   present: 46178   in FES: 254
** Event #8141568   t=323.010216804659   Elapsed: 545.093s (9m 05s)  64% completed  (82% total)
     Speed:     ev/sec=16891.2   simsec/sec=0.850686   ev/simsec=19856
     Messages:  created: 6919537   present: 46384   in FES: 203
** Event #8183808   t=324.251326703623   Elapsed: 547.096s (9m 07s)  64% completed  (82% total)
     Speed:     ev/sec=21086.4   simsec/sec=0.619567   ev/simsec=34034.1
     Messages:  created: 6954611   present: 46703   in FES: 232
** Event #8214016   t=325.360071650888   Elapsed: 549.097s (9m 09s)  65% completed  (82% total)
     Speed:     ev/sec=15093.8   simsec/sec=0.553999   ev/simsec=27245.2
     Messages:  created: 6979440   present: 46924   in FES: 232
** Event #8250112   t=327.044085637966   Elapsed: 551.098s (9m 11s)  65% completed  (82% total)
     Speed:     ev/sec=18044.6   simsec/sec=0.84185   ev/simsec=21434.5
     Messages:  created: 7009031   present: 47313   in FES: 254
** Event #8287232   t=328.229144586811   Elapsed: 553.106s (9m 13s)  65% completed  (82% total)
     Speed:     ev/sec=18477.8   simsec/sec=0.589905   ev/simsec=31323.3
     Messages:  created: 7039608   present: 47481   in FES: 225
** Event #8317696   t=329.333305934634   Elapsed: 555.113s (9m 15s)  65% completed  (82% total)
     Speed:     ev/sec=15178.6   simsec/sec=0.550147   ev/simsec=27590.2
     Messages:  created: 7064758   present: 47764   in FES: 254
** Event #8353280   t=331.037457204461   Elapsed: 557.117s (9m 17s)  66% completed  (83% total)
     Speed:     ev/sec=17761.8   simsec/sec=0.850631   ev/simsec=20880.8
     Messages:  created: 7093705   present: 48005   in FES: 208
** Event #8391936   t=332.251188270809   Elapsed: 559.117s (9m 19s)  66% completed  (83% total)
     Speed:     ev/sec=19322.8   simsec/sec=0.606701   ev/simsec=31848.9
     Messages:  created: 7125794   present: 48366   in FES: 254
** Event #8421632   t=333.33323513343   Elapsed: 561.122s (9m 21s)  66% completed  (83% total)
     Speed:     ev/sec=14812.4   simsec/sec=0.539726   ev/simsec=27444.3
     Messages:  created: 7150198   present: 48566   in FES: 246
** Event #8461312   t=335.060894761278   Elapsed: 563.143s (9m 23s)  67% completed  (83% total)
     Speed:     ev/sec=19633.3   simsec/sec=0.854829   ev/simsec=22967.5
     Messages:  created: 7182665   present: 48894   in FES: 235
** Event #8495616   t=336.229344168474   Elapsed: 565.173s (9m 25s)  67% completed  (83% total)
     Speed:     ev/sec=16904.1   simsec/sec=0.575781   ev/simsec=29358.6
     Messages:  created: 7211010   present: 49161   in FES: 251
** Event #8525056   t=337.320385422945   Elapsed: 567.185s (9m 27s)  67% completed  (83% total)
     Speed:     ev/sec=14627.8   simsec/sec=0.542104   ev/simsec=26983.4
     Messages:  created: 7235077   present: 49290   in FES: 223
** Event #8555264   t=338.484987770656   Elapsed: 569.201s (9m 29s)  67% completed  (83% total)
     Speed:     ev/sec=14982.2   simsec/sec=0.577604   ev/simsec=25938.5
     Messages:  created: 7260018   present: 49613   in FES: 251
** Event #8590080   t=340.053145601334   Elapsed: 571.202s (9m 31s)  68% completed  (84% total)
     Speed:     ev/sec=17401.3   simsec/sec=0.783776   ev/simsec=22201.8
     Messages:  created: 7288453   present: 49842   in FES: 221
** Event #8617728   t=341.064225856804   Elapsed: 573.21s (9m 33s)  68% completed  (84% total)
     Speed:     ev/sec=13769.2   simsec/sec=0.503536   ev/simsec=27345
     Messages:  created: 7311291   present: 50119   in FES: 246
** Event #8653312   t=342.29655023606   Elapsed: 575.232s (9m 35s)  68% completed  (84% total)
     Speed:     ev/sec=17602.2   simsec/sec=0.609589   ev/simsec=28875.5
     Messages:  created: 7340546   present: 50229   in FES: 204
** Event #8685056   t=343.451935698587   Elapsed: 577.253s (9m 37s)  68% completed  (84% total)
     Speed:     ev/sec=15704.3   simsec/sec=0.57159   ev/simsec=27474.8
     Messages:  created: 7366649   present: 50523   in FES: 222
** Event #8724224   t=345.074582649216   Elapsed: 579.253s (9m 39s)  69% completed  (84% total)
     Speed:     ev/sec=19582.3   simsec/sec=0.811251   ev/simsec=24138.3
     Messages:  created: 7398845   present: 50903   in FES: 240
** Event #8757248   t=346.288709495426   Elapsed: 581.26s (9m 41s)  69% completed  (84% total)
     Speed:     ev/sec=16455.1   simsec/sec=0.604972   ev/simsec=27199.8
     Messages:  created: 7426109   present: 51158   in FES: 247
** Event #8787968   t=347.422093377914   Elapsed: 583.276s (9m 43s)  69% completed  (84% total)
     Speed:     ev/sec=15240.5   simsec/sec=0.562284   ev/simsec=27104.7
     Messages:  created: 7451224   present: 51255   in FES: 206
** Event #8825856   t=349.064225758857   Elapsed: 585.291s (9m 45s)  69% completed  (84% total)
     Speed:     ev/sec=18801   simsec/sec=0.814867   ev/simsec=23072.4
     Messages:  created: 7482515   present: 51790   in FES: 303
** Event #8860928   t=350.30437376028   Elapsed: 587.303s (9m 47s)  70% completed  (85% total)
     Speed:     ev/sec=17434.6   simsec/sec=0.616489   ev/simsec=28280.5
     Messages:  created: 7511907   present: 51906   in FES: 261
** Event #8901376   t=352.071961182889   Elapsed: 589.303s (9m 49s)  70% completed  (85% total)
     Speed:     ev/sec=20223.2   simsec/sec=0.883758   ev/simsec=22883.2
     Messages:  created: 7548255   present: 52266   in FES: 227
** Event #8946432   t=354.084269676299   Elapsed: 591.303s (9m 51s)  70% completed  (85% total)
     Speed:     ev/sec=22520.8   simsec/sec=1.00583   ev/simsec=22390.2
     Messages:  created: 7589501   present: 52706   in FES: 239
** Event #8995584   t=356.478699612135   Elapsed: 593.308s (9m 53s)  71% completed  (85% total)
     Speed:     ev/sec=24523.2   simsec/sec=1.19464   ev/simsec=20527.6
     Messages:  created: 7635718   present: 53204   in FES: 250
** Event #9060352   t=360.028224116907   Elapsed: 595.31s (9m 55s)  72% completed  (86% total)
     Speed:     ev/sec=32354.2   simsec/sec=1.77313   ev/simsec=18247
     Messages:  created: 7696465   present: 53931   in FES: 252
** Event #9143552   t=364.04413935211   Elapsed: 597.313s (9m 57s)  72% completed  (86% total)
     Speed:     ev/sec=41527.3   simsec/sec=2.00445   ev/simsec=20717.6
     Messages:  created: 7774925   present: 54686   in FES: 235
** Event #9221376   t=368.01636535905   Elapsed: 599.314s (9m 59s)  73% completed  (86% total)
     Speed:     ev/sec=38897.9   simsec/sec=1.98539   ev/simsec=19592
     Messages:  created: 7848226   present: 55504   in FES: 254
** Event #9308672   t=372.068042143051   Elapsed: 601.315s (10m 01s)  74% completed  (87% total)
     Speed:     ev/sec=43613.8   simsec/sec=2.02425   ev/simsec=21545.6
     Messages:  created: 7930667   present: 56254   in FES: 223
** Event #9388032   t=376.056055242315   Elapsed: 603.318s (10m 03s)  75% completed  (87% total)
     Speed:     ev/sec=39622.4   simsec/sec=1.99111   ev/simsec=19899.6
     Messages:  created: 8005492   present: 57136   in FES: 254
** Event #9469696   t=380.06101431077   Elapsed: 605.32s (10m 05s)  76% completed  (88% total)
     Speed:     ev/sec=40807.3   simsec/sec=2.00127   ev/simsec=20390.7
     Messages:  created: 8082455   present: 57911   in FES: 242
** Event #9552384   t=384.072047087368   Elapsed: 607.322s (10m 07s)  76% completed  (88% total)
     Speed:     ev/sec=41284.3   simsec/sec=2.00262   ev/simsec=20615.1
     Messages:  created: 8160497   present: 58732   in FES: 249
** Event #9628416   t=388.036477011998   Elapsed: 609.326s (10m 09s)  77% completed  (88% total)
     Speed:     ev/sec=37954.4   simsec/sec=1.979   ev/simsec=19178.5
     Messages:  created: 8231989   present: 59529   in FES: 250
** Event #9713920   t=392.068882203554   Elapsed: 611.327s (10m 11s)  78% completed  (89% total)
     Speed:     ev/sec=42733.4   simsec/sec=2.01532   ev/simsec=21204.2
     Messages:  created: 8312693   present: 60250   in FES: 221
** Event #9788160   t=396.011211766003   Elapsed: 613.33s (10m 13s)  79% completed  (89% total)
     Speed:     ev/sec=37064   simsec/sec=1.96819   ev/simsec=18831.5
     Messages:  created: 8382485   present: 61101   in FES: 242
** Event #9866496   t=399.478699680108   Elapsed: 615.331s (10m 15s)  79% completed  (89% total)
     Speed:     ev/sec=39142.4   simsec/sec=1.73261   ev/simsec=22591.6
     Messages:  created: 8456684   present: 61789   in FES: 245
** Event #9947136   t=403.448486227786   Elapsed: 617.446s (10m 17s)  80% completed  (90% total)
     Speed:     ev/sec=38123.4   simsec/sec=1.87676   ev/simsec=20313.4
     Messages:  created: 8532680   present: 62578   in FES: 242
** Event #10023168   t=407.22934818335   Elapsed: 619.448s (10m 19s)  81% completed  (90% total)
     Speed:     ev/sec=37979.7   simsec/sec=1.88863   ev/simsec=20109.7
     Messages:  created: 8604218   present: 63357   in FES: 249
** Event #10090240   t=410.42219555826   Elapsed: 621.451s (10m 21s)  82% completed  (91% total)
     Speed:     ev/sec=33491.4   simsec/sec=1.5943   ev/simsec=21007
     Messages:  created: 8666526   present: 63968   in FES: 242
** Event #10152448   t=413.330469470952   Elapsed: 623.464s (10m 23s)  82% completed  (91% total)
     Speed:     ev/sec=30900.8   simsec/sec=1.44464   ev/simsec=21390
     Messages:  created: 8723404   present: 64536   in FES: 238
** Event #10212096   t=416.075960537385   Elapsed: 625.466s (10m 25s)  83% completed  (91% total)
     Speed:     ev/sec=29797.2   simsec/sec=1.37151   ev/simsec=21725.8
     Messages:  created: 8776401   present: 65113   in FES: 254
** Event #10255616   t=418.060752430783   Elapsed: 627.468s (10m 27s)  83% completed  (91% total)
     Speed:     ev/sec=21736.2   simsec/sec=0.99131   ev/simsec=21926.7
     Messages:  created: 8814467   present: 65503   in FES: 254
** Event #10299904   t=420.044136132584   Elapsed: 629.468s (10m 29s)  84% completed  (92% total)
     Speed:     ev/sec=22141   simsec/sec=0.991556   ev/simsec=22329.5
     Messages:  created: 8852997   present: 65932   in FES: 251
** Event #10345728   t=422.037399034714   Elapsed: 631.468s (10m 31s)  84% completed  (92% total)
     Speed:     ev/sec=22910.6   simsec/sec=0.996572   ev/simsec=22989.4
     Messages:  created: 8892753   present: 66295   in FES: 254
** Event #10395136   t=424.052480925267   Elapsed: 633.47s (10m 33s)  84% completed  (92% total)
     Speed:     ev/sec=24679.8   simsec/sec=1.00655   ev/simsec=24519.1
     Messages:  created: 8935549   present: 66655   in FES: 226
** Event #10441472   t=426.045607057496   Elapsed: 635.473s (10m 35s)  85% completed  (92% total)
     Speed:     ev/sec=23139.1   simsec/sec=0.99532   ev/simsec=23247.9
     Messages:  created: 8975747   present: 67105   in FES: 254
** Event #10492928   t=428.074528382951   Elapsed: 637.476s (10m 37s)  85% completed  (92% total)
     Speed:     ev/sec=25686.8   simsec/sec=1.01284   ev/simsec=25361.3
     Messages:  created: 9020444   present: 67395   in FES: 204
** Event #10538240   t=430.065570230039   Elapsed: 639.478s (10m 39s)  86% completed  (93% total)
     Speed:     ev/sec=22633.8   simsec/sec=0.994544   ev/simsec=22757.9
     Messages:  created: 9059917   present: 67888   in FES: 235
** Event #10590464   t=432.229368294822   Elapsed: 641.485s (10m 41s)  86% completed  (93% total)
     Speed:     ev/sec=26021   simsec/sec=1.07813   ev/simsec=24135.3
     Messages:  created: 9106100   present: 68331   in FES: 241
** Event #10639872   t=434.422219560863   Elapsed: 643.485s (10m 43s)  86% completed  (93% total)
     Speed:     ev/sec=24702.9   simsec/sec=1.09638   ev/simsec=22531.4
     Messages:  created: 9150358   present: 68761   in FES: 239
** Event #10692864   t=437.064226042691   Elapsed: 645.485s (10m 45s)  87% completed  (93% total)
     Speed:     ev/sec=26490   simsec/sec=1.32071   ev/simsec=20057.5
     Messages:  created: 9198503   present: 69295   in FES: 238
** Event #10750464   t=440.024072446385   Elapsed: 647.486s (10m 47s)  88% completed  (94% total)
     Speed:     ev/sec=28796.3   simsec/sec=1.47973   ev/simsec=19460.5
     Messages:  created: 9251627   present: 69873   in FES: 234
** Event #10807296   t=442.400065771016   Elapsed: 649.491s (10m 49s)  88% completed  (94% total)
     Speed:     ev/sec=28343   simsec/sec=1.18494   ev/simsec=23919.3
     Messages:  created: 9305138   present: 70368   in FES: 254
** Event #10878976   t=446.068881715234   Elapsed: 651.495s (10m 51s)  89% completed  (94% total)
     Speed:     ev/sec=35758.3   simsec/sec=1.83023   ev/simsec=19537.6
     Messages:  created: 9372417   present: 71077   in FES: 230
** Event #10950144   t=449.448486160203   Elapsed: 653.496s (10m 53s)  89% completed  (94% total)
     Speed:     ev/sec=35579.9   simsec/sec=1.68961   ev/simsec=21058.1
     Messages:  created: 9439664   present: 71784   in FES: 244
** Event #11026176   t=453.235787386095   Elapsed: 655.496s (10m 55s)  90% completed  (95% total)
     Speed:     ev/sec=38001.8   simsec/sec=1.89294   ev/simsec=20075.5
     Messages:  created: 9511308   present: 72532   in FES: 240
** Event #11094528   t=457.009795963157   Elapsed: 657.502s (10m 57s)  91% completed  (95% total)
     Speed:     ev/sec=34085.5   simsec/sec=1.88201   ev/simsec=18111.2
     Messages:  created: 9575430   present: 73308   in FES: 254
** Event #11171584   t=460.375452923588   Elapsed: 659.509s (10m 59s)  92% completed  (96% total)
     Speed:     ev/sec=38387.9   simsec/sec=1.67671   ev/simsec=22894.8
     Messages:  created: 9648358   present: 73843   in FES: 203
** Event #11251968   t=464.333197556811   Elapsed: 661.514s (11m 01s)  92% completed  (96% total)
     Speed:     ev/sec=40099.4   simsec/sec=1.97431   ev/simsec=20310.6
     Messages:  created: 9724152   present: 74639   in FES: 204
** Event #11331584   t=468.30787325731   Elapsed: 663.518s (11m 03s)  93% completed  (96% total)
     Speed:     ev/sec=39715.9   simsec/sec=1.98274   ev/simsec=20030.8
     Messages:  created: 9799205   present: 75540   in FES: 239
** Event #11405312   t=472.068039294658   Elapsed: 665.522s (11m 05s)  94% completed  (97% total)
     Speed:     ev/sec=36803.1   simsec/sec=1.87698   ev/simsec=19607.6
     Messages:  created: 9868618   present: 76332   in FES: 257
** Event #11471360   t=475.229100094693   Elapsed: 667.532s (11m 07s)  95% completed  (97% total)
     Speed:     ev/sec=32857.1   simsec/sec=1.57254   ev/simsec=20894.3
     Messages:  created: 9931000   present: 45508   in FES: 272
** Event #11534848   t=478.325330295582   Elapsed: 669.534s (11m 09s)  95% completed  (97% total)
     Speed:     ev/sec=31704.7   simsec/sec=1.5462   ev/simsec=20504.9
     Messages:  created: 9990887   present: 2642   in FES: 254
** Event #11613440   t=482.235689395779   Elapsed: 671.539s (11m 11s)  96% completed  (98% total)
     Speed:     ev/sec=39196.2   simsec/sec=1.95021   ev/simsec=20098.4
     Messages:  created: 10064957   present: 3400   in FES: 254
** Event #11694336   t=486.229344204088   Elapsed: 673.543s (11m 13s)  97% completed  (98% total)
     Speed:     ev/sec=40369.9   simsec/sec=1.99297   ev/simsec=20256.1
     Messages:  created: 10141190   present: 4217   in FES: 248
** Event #11775232   t=490.229100209067   Elapsed: 675.548s (11m 15s)  98% completed  (99% total)
     Speed:     ev/sec=40353.7   simsec/sec=1.99521   ev/simsec=20225.2
     Messages:  created: 10217390   present: 4985   in FES: 238
** Event #11840256   t=493.379118948916   Elapsed: 677.551s (11m 17s)  98% completed  (99% total)
     Speed:     ev/sec=32455.6   simsec/sec=1.57228   ev/simsec=20642.4
     Messages:  created: 10278797   present: 5647   in FES: 249
** Event #11921408   t=497.400060532208   Elapsed: 679.558s (11m 19s)  99% completed  (99% total)
     Speed:     ev/sec=40442.6   simsec/sec=2.00386   ev/simsec=20182.3
     Messages:  created: 10355296   present: 6415   in FES: 254
** Event #11964283   t=500   Elapsed: 680.761s (11m 20s)  100% completed  (100% total)
     Speed:     ev/sec=35647.8   simsec/sec=2.15969   ev/simsec=16506
     Messages:  created: 10395181   present: 6831   in FES: 202

<!> Simulation time limit reached -- at t=500s, event #11964283
undisposed object: (omnetpp::cMessage) FanetSarNetwork.groundStation.app.debugTimer -- check module destructor
undisposed object: (omnetpp::cMessage) FanetSarNetwork.uav[0].app.debugTimer -- check module destructor
undisposed object: (omnetpp::cMessage) FanetSarNetwork.uav[1].app.debugTimer -- check module destructor
undisposed object: (omnetpp::cMessage) FanetSarNetwork.uav[2].app.debugTimer -- check module destructor
undisposed object: (omnetpp::cMessage) FanetSarNetwork.uav[3].app.debugTimer -- check module destructor
undisposed object: (omnetpp::cMessage) FanetSarNetwork.uav[4].app.debugTimer -- check module destructor
undisposed object: (omnetpp::cMessage) FanetSarNetwork.uav[5].app.debugTimer -- check module destructor
undisposed object: (omnetpp::cMessage) FanetSarNetwork.uav[6].app.debugTimer -- check module destructor
undisposed object: (omnetpp::cMessage) FanetSarNetwork.uav[7].app.debugTimer -- check module destructor
undisposed object: (omnetpp::cMessage) FanetSarNetwork.uav[8].app.debugTimer -- check module destructor
undisposed object: (omnetpp::cMessage) FanetSarNetwork.uav[9].app.debugTimer -- check module destructor
undisposed object: (omnetpp::cMessage) FanetSarNetwork.uav[10].app.debugTimer -- check module destructor
undisposed object: (omnetpp::cMessage) FanetSarNetwork.uav[11].app.debugTimer -- check module destructor
undisposed object: (omnetpp::cMessage) FanetSarNetwork.uav[12].app.debugTimer -- check module destructor
undisposed object: (omnetpp::cMessage) FanetSarNetwork.uav[13].app.debugTimer -- check module destructor
undisposed object: (omnetpp::cMessage) FanetSarNetwork.uav[14].app.debugTimer -- check module destructor
undisposed object: (omnetpp::cMessage) FanetSarNetwork.uav[15].app.debugTimer -- check module destructor
undisposed object: (omnetpp::cMessage) FanetSarNetwork.uav[16].app.debugTimer -- check module destructor
undisposed object: (omnetpp::cMessage) FanetSarNetwork.uav[17].app.debugTimer -- check module destructor
undisposed object: (omnetpp::cMessage) FanetSarNetwork.uav[18].app.debugTimer -- check module destructor
undisposed object: (omnetpp::cMessage) FanetSarNetwork.uav[19].app.debugTimer -- check module destructor
undisposed object: (omnetpp::cMessage) FanetSarNetwork.uav[20].app.debugTimer -- check module destructor
undisposed object: (omnetpp::cMessage) FanetSarNetwork.uav[21].app.debugTimer -- check module destructor
undisposed object: (omnetpp::cMessage) FanetSarNetwork.uav[22].app.debugTimer -- check module destructor
undisposed object: (omnetpp::cMessage) FanetSarNetwork.uav[23].app.debugTimer -- check module destructor
undisposed object: (omnetpp::cMessage) FanetSarNetwork.uav[24].app.debugTimer -- check module destructor
undisposed object: (omnetpp::cMessage) FanetSarNetwork.uav[25].app.debugTimer -- check module destructor
undisposed object: (omnetpp::cMessage) FanetSarNetwork.uav[26].app.debugTimer -- check module destructor
undisposed object: (omnetpp::cMessage) FanetSarNetwork.uav[27].app.debugTimer -- check module destructor
undisposed object: (omnetpp::cMessage) FanetSarNetwork.uav[28].app.debugTimer -- check module destructor
undisposed object: (omnetpp::cMessage) FanetSarNetwork.uav[29].app.debugTimer -- check module destructor
undisposed object: (omnetpp::cMessage) FanetSarNetwork.uav[30].app.debugTimer -- check module destructor
undisposed object: (omnetpp::cMessage) FanetSarNetwork.uav[31].app.debugTimer -- check module destructor
undisposed object: (omnetpp::cMessage) FanetSarNetwork.uav[32].app.debugTimer -- check module destructor
undisposed object: (omnetpp::cMessage) FanetSarNetwork.uav[33].app.debugTimer -- check module destructor
undisposed object: (omnetpp::cMessage) FanetSarNetwork.uav[34].app.debugTimer -- check module destructor
undisposed object: (omnetpp::cMessage) FanetSarNetwork.uav[35].app.debugTimer -- check module destructor
undisposed object: (omnetpp::cMessage) FanetSarNetwork.uav[36].app.debugTimer -- check module destructor
undisposed object: (omnetpp::cMessage) FanetSarNetwork.uav[37].app.debugTimer -- check module destructor
undisposed object: (omnetpp::cMessage) FanetSarNetwork.uav[38].app.debugTimer -- check module destructor
undisposed object: (omnetpp::cMessage) FanetSarNetwork.uav[39].app.debugTimer -- check module destructor
undisposed object: (omnetpp::cMessage) FanetSarNetwork.uav[40].app.debugTimer -- check module destructor
undisposed object: (omnetpp::cMessage) FanetSarNetwork.uav[41].app.debugTimer -- check module destructor
undisposed object: (omnetpp::cMessage) FanetSarNetwork.uav[42].app.debugTimer -- check module destructor
undisposed object: (omnetpp::cMessage) FanetSarNetwork.uav[43].app.debugTimer -- check module destructor
undisposed object: (omnetpp::cMessage) FanetSarNetwork.uav[44].app.debugTimer -- check module destructor
undisposed object: (omnetpp::cMessage) FanetSarNetwork.uav[45].app.debugTimer -- check module destructor
undisposed object: (omnetpp::cMessage) FanetSarNetwork.uav[46].app.debugTimer -- check module destructor
undisposed object: (omnetpp::cMessage) FanetSarNetwork.uav[47].app.debugTimer -- check module destructor
undisposed object: (omnetpp::cMessage) FanetSarNetwork.uav[48].app.debugTimer -- check module destructor
undisposed object: (omnetpp::cMessage) FanetSarNetwork.uav[49].app.debugTimer -- check module destructor
