** Event #0   t=0   Elapsed: 2.4e-05s (0m 00s)  0% completed  (0% total)
     Speed:     ev/sec=0   simsec/sec=0   ev/simsec=0
     Messages:  created: 1938   present: 1938   in FES: 306
** Event #54016   t=2.2774947182   Elapsed: 2.01185s (0m 02s)  0% completed  (0% total)
     Speed:     ev/sec=26849.8   simsec/sec=1.13205   ev/simsec=23717.7
     Messages:  created: 43300   present: 1951   in FES: 254
** Event #78336   t=3.131649460789   Elapsed: 4.0381s (0m 04s)  0% completed  (0% total)
     Speed:     ev/sec=12002.4   simsec/sec=0.421543   ev/simsec=28472.6
     Messages:  created: 61994   present: 1962   in FES: 245
** Event #86528   t=3.354877288536   Elapsed: 6.10272s (0m 06s)  0% completed  (0% total)
     Speed:     ev/sec=3967.8   simsec/sec=0.108121   ev/simsec=36697.9
     Messages:  created: 68341   present: 1990   in FES: 254
** Event #105984   t=4.094855699017   Elapsed: 8.12867s (0m 08s)  0% completed  (0% total)
     Speed:     ev/sec=9603.36   simsec/sec=0.365249   ev/simsec=26292.7
     Messages:  created: 83419   present: 1979   in FES: 255
** Event #115456   t=4.318614277368   Elapsed: 10.2033s (0m 10s)  0% completed  (0% total)
     Speed:     ev/sec=4565.74   simsec/sec=0.107857   ev/simsec=42331.3
     Messages:  created: 90868   present: 1862   in FES: 211
** Event #134144   t=5.089352289814   Elapsed: 12.2088s (0m 12s)  1% completed  (0% total)
     Speed:     ev/sec=9317.97   simsec/sec=0.384295   ev/simsec=24246.9
     Messages:  created: 105434   present: 1926   in FES: 227
** Event #143360   t=5.303835927562   Elapsed: 14.246s (0m 14s)  1% completed  (0% total)
     Speed:     ev/sec=4524.02   simsec/sec=0.105287   ev/simsec=42968.3
     Messages:  created: 112825   present: 1942   in FES: 254
** Event #155136   t=6.044249726084   Elapsed: 16.2489s (0m 16s)  1% completed  (0% total)
     Speed:     ev/sec=5879.4   simsec/sec=0.369666   ev/simsec=15904.6
     Messages:  created: 121756   present: 1942   in FES: 235
** Event #171008   t=6.272932232191   Elapsed: 18.2897s (0m 18s)  1% completed  (0% total)
     Speed:     ev/sec=7777.22   simsec/sec=0.112054   ev/simsec=69406.3
     Messages:  created: 134618   present: 1928   in FES: 233
** Event #184832   t=7.055688438828   Elapsed: 20.3161s (0m 20s)  1% completed  (0% total)
     Speed:     ev/sec=6822.01   simsec/sec=0.386282   ev/simsec=17660.7
     Messages:  created: 145531   present: 1960   in FES: 254
** Event #199680   t=7.306617516626   Elapsed: 22.3191s (0m 22s)  1% completed  (0% total)
     Speed:     ev/sec=7412.8   simsec/sec=0.125275   ev/simsec=59172.1
     Messages:  created: 157838   present: 1978   in FES: 249
** Event #220416   t=8.131633486866   Elapsed: 24.3795s (0m 24s)  1% completed  (0% total)
     Speed:     ev/sec=10064.1   simsec/sec=0.400415   ev/simsec=25134.1
     Messages:  created: 174674   present: 1953   in FES: 242
** Event #229376   t=8.437700125632   Elapsed: 26.4278s (0m 26s)  1% completed  (0% total)
     Speed:     ev/sec=4374.38   simsec/sec=0.149425   ev/simsec=29274.7
     Messages:  created: 181872   present: 1986   in FES: 253
** Event #250624   t=9.245683622492   Elapsed: 28.4361s (0m 28s)  1% completed  (0% total)
     Speed:     ev/sec=10580.4   simsec/sec=0.402332   ev/simsec=26297.6
     Messages:  created: 199464   present: 1940   in FES: 237
** Event #267008   t=10.066010452353   Elapsed: 30.4369s (0m 30s)  2% completed  (1% total)
     Speed:     ev/sec=8188.5   simsec/sec=0.409988   ev/simsec=19972.5
     Messages:  created: 212742   present: 1960   in FES: 239
** Event #281088   t=10.411714385174   Elapsed: 32.4387s (0m 32s)  2% completed  (1% total)
     Speed:     ev/sec=7033.59   simsec/sec=0.172695   ev/simsec=40728.5
     Messages:  created: 224448   present: 1983   in FES: 252
** Event #303104   t=11.245671881635   Elapsed: 34.4486s (0m 34s)  2% completed  (1% total)
     Speed:     ev/sec=10954.1   simsec/sec=0.414937   ev/simsec=26399.4
     Messages:  created: 242564   present: 1901   in FES: 224
** Event #325120   t=12.118720800453   Elapsed: 36.4582s (0m 36s)  2% completed  (1% total)
     Speed:     ev/sec=10955.4   simsec/sec=0.434438   ev/simsec=25217.4
     Messages:  created: 260704   present: 1929   in FES: 234
** Event #335616   t=12.495582093718   Elapsed: 38.4831s (0m 38s)  2% completed  (1% total)
     Speed:     ev/sec=5183.5   simsec/sec=0.186115   ev/simsec=27851.1
     Messages:  created: 269269   present: 1837   in FES: 203
** Event #357888   t=13.314915215783   Elapsed: 40.4963s (0m 40s)  2% completed  (1% total)
     Speed:     ev/sec=11063   simsec/sec=0.406983   ev/simsec=27183.1
     Messages:  created: 287610   present: 1928   in FES: 233
** Event #379904   t=14.215874031341   Elapsed: 42.5165s (0m 42s)  2% completed  (1% total)
     Speed:     ev/sec=10897.9   simsec/sec=0.445973   ev/simsec=24436.2
     Messages:  created: 305830   present: 1943   in FES: 238
** Event #399104   t=15.082100519582   Elapsed: 44.5306s (0m 44s)  3% completed  (1% total)
     Speed:     ev/sec=9532.79   simsec/sec=0.430081   ev/simsec=22165.1
     Messages:  created: 321463   present: 1963   in FES: 243
** Event #413952   t=15.495720093718   Elapsed: 46.5543s (0m 46s)  3% completed  (1% total)
     Speed:     ev/sec=7336.84   simsec/sec=0.204382   ev/simsec=35897.7
     Messages:  created: 333916   present: 1989   in FES: 254
** Event #435456   t=16.306585675494   Elapsed: 48.5784s (0m 48s)  3% completed  (1% total)
     Speed:     ev/sec=10624.2   simsec/sec=0.400614   ev/simsec=26519.8
     Messages:  created: 351714   present: 1943   in FES: 238
** Event #457472   t=17.218373970373   Elapsed: 50.6213s (0m 50s)  3% completed  (1% total)
     Speed:     ev/sec=10776.7   simsec/sec=0.446315   ev/simsec=24146
     Messages:  created: 370178   present: 1976   in FES: 249
** Event #481024   t=18.144989967972   Elapsed: 52.6486s (0m 52s)  3% completed  (1% total)
     Speed:     ev/sec=11617.7   simsec/sec=0.45708   ev/simsec=25417.2
     Messages:  created: 389810   present: 1934   in FES: 235
** Event #506880   t=19.1680955135   Elapsed: 54.6552s (0m 54s)  3% completed  (1% total)
     Speed:     ev/sec=12885.6   simsec/sec=0.509876   ev/simsec=25272.1
     Messages:  created: 411428   present: 1957   in FES: 242
** Event #531712   t=20.144989464597   Elapsed: 56.672s (0m 56s)  4% completed  (2% total)
     Speed:     ev/sec=12312.4   simsec/sec=0.48437   ev/simsec=25419.3
     Messages:  created: 432206   present: 1978   in FES: 249
** Event #558848   t=21.215874498549   Elapsed: 58.6952s (0m 58s)  4% completed  (2% total)
     Speed:     ev/sec=13412.5   simsec/sec=0.529306   ev/simsec=25339.8
     Messages:  created: 454868   present: 1910   in FES: 227
** Event #584960   t=22.231730526423   Elapsed: 60.6958s (1m 00s)  4% completed  (2% total)
     Speed:     ev/sec=13052   simsec/sec=0.507771   ev/simsec=25704.4
     Messages:  created: 476710   present: 1944   in FES: 239
** Event #610816   t=23.236730411533   Elapsed: 62.702s (1m 02s)  4% completed  (2% total)
     Speed:     ev/sec=12888.1   simsec/sec=0.50095   ev/simsec=25727.4
     Messages:  created: 498338   present: 1972   in FES: 247
** Event #637440   t=24.272932492712   Elapsed: 64.713s (1m 04s)  4% completed  (2% total)
     Speed:     ev/sec=13239.4   simsec/sec=0.515274   ev/simsec=25693.8
     Messages:  created: 520614   present: 1913   in FES: 228
** Event #663296   t=25.292635852834   Elapsed: 66.7426s (1m 06s)  5% completed  (2% total)
     Speed:     ev/sec=12739.1   simsec/sec=0.502401   ev/simsec=25356.4
     Messages:  created: 542240   present: 1935   in FES: 236
** Event #688640   t=26.292635153487   Elapsed: 68.7855s (1m 08s)  5% completed  (2% total)
     Speed:     ev/sec=12406   simsec/sec=0.489505   ev/simsec=25344
     Messages:  created: 563436   present: 1943   in FES: 238
** Event #713472   t=27.272932515598   Elapsed: 70.7941s (1m 10s)  5% completed  (2% total)
     Speed:     ev/sec=12362.7   simsec/sec=0.488043   ev/simsec=25331.1
     Messages:  created: 584206   present: 1934   in FES: 235
** Event #738560   t=28.267248196927   Elapsed: 72.8132s (1m 12s)  5% completed  (2% total)
     Speed:     ev/sec=12425.5   simsec/sec=0.49246   ev/simsec=25231.4
     Messages:  created: 605206   present: 1875   in FES: 214
** Event #762112   t=29.219987711455   Elapsed: 74.827s (1m 14s)  5% completed  (2% total)
     Speed:     ev/sec=11695.3   simsec/sec=0.473107   ev/simsec=24720.3
     Messages:  created: 624910   present: 1851   in FES: 206
** Event #785920   t=30.179664765869   Elapsed: 76.8683s (1m 16s)  6% completed  (3% total)
     Speed:     ev/sec=11663.1   simsec/sec=0.470129   ev/simsec=24808.3
     Messages:  created: 644964   present: 1961   in FES: 244
** Event #809984   t=31.144847336574   Elapsed: 78.88s (1m 18s)  6% completed  (3% total)
     Speed:     ev/sec=11961.8   simsec/sec=0.479777   ev/simsec=24932.1
     Messages:  created: 665081   present: 1839   in FES: 204
** Event #834816   t=32.140592647643   Elapsed: 80.8827s (1m 20s)  6% completed  (3% total)
     Speed:     ev/sec=12399.6   simsec/sec=0.497214   ev/simsec=24938.1
     Messages:  created: 686089   present: 1986   in FES: 254
** Event #861184   t=33.179666054144   Elapsed: 82.909s (1m 22s)  6% completed  (3% total)
     Speed:     ev/sec=13012.6   simsec/sec=0.512783   ev/simsec=25376.5
     Messages:  created: 708238   present: 1901   in FES: 224
** Event #888064   t=34.236730495897   Elapsed: 84.9271s (1m 24s)  6% completed  (3% total)
     Speed:     ev/sec=13319.7   simsec/sec=0.5238   ev/simsec=25428.9
     Messages:  created: 730930   present: 1956   in FES: 241
** Event #913152   t=35.245664634719   Elapsed: 86.9619s (1m 26s)  7% completed  (3% total)
     Speed:     ev/sec=12329.3   simsec/sec=0.495831   ev/simsec=24865.8
     Messages:  created: 752128   present: 1919   in FES: 230
** Event #941056   t=36.382399645522   Elapsed: 88.9718s (1m 28s)  7% completed  (3% total)
     Speed:     ev/sec=13883.7   simsec/sec=0.565583   ev/simsec=24547.5
     Messages:  created: 775867   present: 1966   in FES: 254
** Event #970240   t=38.025956392342   Elapsed: 90.9805s (1m 30s)  7% completed  (3% total)
     Speed:     ev/sec=14528.4   simsec/sec=0.818195   ev/simsec=17756.6
     Messages:  created: 801030   present: 1964   in FES: 243
** Event #1005824   t=39.218361903438   Elapsed: 92.9859s (1m 32s)  7% completed  (3% total)
     Speed:     ev/sec=17744.1   simsec/sec=0.594598   ev/simsec=29842.2
     Messages:  created: 832834   present: 1988   in FES: 253
** Event #1045760   t=41.11870336641   Elapsed: 94.9883s (1m 34s)  8% completed  (4% total)
     Speed:     ev/sec=19944.7   simsec/sec=0.949063   ev/simsec=21015.2
     Messages:  created: 869680   present: 1959   in FES: 244
** Event #1077504   t=43.035322535394   Elapsed: 96.9901s (1m 36s)  8% completed  (4% total)
     Speed:     ev/sec=15857.8   simsec/sec=0.957453   ev/simsec=16562.5
     Messages:  created: 899678   present: 1967   in FES: 242
** Event #1129472   t=45.342174701989   Elapsed: 98.9983s (1m 38s)  9% completed  (4% total)
     Speed:     ev/sec=25877.2   simsec/sec=1.14869   ev/simsec=22527.7
     Messages:  created: 950251   present: 1986   in FES: 254
** Event #1188352   t=48.411656517189   Elapsed: 101.005s (1m 41s)  9% completed  (4% total)
     Speed:     ev/sec=29338.5   simsec/sec=1.52945   ev/simsec=19182.4
     Messages:  created: 1007202   present: 1910   in FES: 227
** Event #1245696   t=51.386430089611   Elapsed: 103.006s (1m 43s)  10% completed  (5% total)
     Speed:     ev/sec=28655.1   simsec/sec=1.48651   ev/simsec=19276.8
     Messages:  created: 1062804   present: 1991   in FES: 254
** Event #1299456   t=54.218228048297   Elapsed: 105.015s (1m 45s)  10% completed  (5% total)
     Speed:     ev/sec=26763.8   simsec/sec=1.40978   ev/simsec=18984.4
     Messages:  created: 1114853   present: 1952   in FES: 254
** Event #1355264   t=57.131577438136   Elapsed: 107.017s (1m 47s)  11% completed  (5% total)
     Speed:     ev/sec=27871.8   simsec/sec=1.45499   ev/simsec=19156
     Messages:  created: 1168864   present: 1970   in FES: 247
** Event #1416192   t=60.26243982562   Elapsed: 109.024s (1m 49s)  12% completed  (6% total)
     Speed:     ev/sec=30368.3   simsec/sec=1.56051   ev/simsec=19460.5
     Messages:  created: 1227854   present: 1985   in FES: 252
** Event #1489152   t=64.097187265782   Elapsed: 111.025s (1m 51s)  12% completed  (6% total)
     Speed:     ev/sec=36454.4   simsec/sec=1.91603   ev/simsec=19026
     Messages:  created: 1298408   present: 1980   in FES: 245
** Event #1563392   t=68.082144499754   Elapsed: 113.028s (1m 53s)  13% completed  (6% total)
     Speed:     ev/sec=37059.8   simsec/sec=1.98925   ev/simsec=18630.1
     Messages:  created: 1370224   present: 1975   in FES: 246
** Event #1626368   t=71.218326026122   Elapsed: 115.036s (1m 55s)  14% completed  (7% total)
     Speed:     ev/sec=31365.6   simsec/sec=1.562   ev/simsec=20080.5
     Messages:  created: 1431268   present: 1970   in FES: 247
** Event #1688320   t=74.347313996134   Elapsed: 117.036s (1m 57s)  14% completed  (7% total)
     Speed:     ev/sec=30972.4   simsec/sec=1.56431   ev/simsec=19799.4
     Messages:  created: 1490882   present: 1838   in FES: 203
** Event #1743616   t=77.094142032691   Elapsed: 119.044s (1m 59s)  15% completed  (7% total)
     Speed:     ev/sec=27541.6   simsec/sec=1.36813   ev/simsec=20130.9
     Messages:  created: 1542503   present: 2123   in FES: 305
** Event #1776128   t=78.386561248025   Elapsed: 121.067s (2m 01s)  15% completed  (7% total)
     Speed:     ev/sec=16068.7   simsec/sec=0.638765   ev/simsec=25155.9
     Messages:  created: 1570626   present: 1925   in FES: 232
** Event #1801984   t=79.467528406632   Elapsed: 123.072s (2m 03s)  15% completed  (7% total)
     Speed:     ev/sec=12899.2   simsec/sec=0.539281   ev/simsec=23919.3
     Messages:  created: 1592670   present: 1963   in FES: 244
** Event #1827584   t=80.49571761081   Elapsed: 125.08s (2m 05s)  16% completed  (8% total)
     Speed:     ev/sec=12749.8   simsec/sec=0.512079   ev/simsec=24898.1
     Messages:  created: 1614400   present: 1917   in FES: 230
** Event #1852928   t=81.947313996134   Elapsed: 127.082s (2m 07s)  16% completed  (8% total)
     Speed:     ev/sec=12656.8   simsec/sec=0.72493   ev/simsec=17459.4
     Messages:  created: 1635602   present: 1836   in FES: 202
** Event #1878528   t=83.009807973021   Elapsed: 129.083s (2m 09s)  16% completed  (8% total)
     Speed:     ev/sec=12795   simsec/sec=0.531041   ev/simsec=24094.3
     Messages:  created: 1657220   present: 1899   in FES: 222
** Event #1919232   t=84.219851275336   Elapsed: 131.093s (2m 11s)  16% completed  (8% total)
     Speed:     ev/sec=20254.6   simsec/sec=0.602126   ev/simsec=33638.5
     Messages:  created: 1692106   present: 1979   in FES: 254
** Event #1947904   t=85.342310265576   Elapsed: 133.104s (2m 13s)  17% completed  (8% total)
     Speed:     ev/sec=14251.8   simsec/sec=0.557932   ev/simsec=25543.9
     Messages:  created: 1716278   present: 1923   in FES: 232
** Event #1977088   t=87.018978976405   Elapsed: 135.107s (2m 15s)  17% completed  (8% total)
     Speed:     ev/sec=14571.2   simsec/sec=0.83714   ev/simsec=17405.9
     Messages:  created: 1741302   present: 1934   in FES: 233
** Event #2016768   t=88.251424109907   Elapsed: 137.12s (2m 17s)  17% completed  (8% total)
     Speed:     ev/sec=19713.6   simsec/sec=0.612297   ev/simsec=32196.2
     Messages:  created: 1775766   present: 1838   in FES: 203
** Event #2047232   t=89.495721662234   Elapsed: 139.123s (2m 19s)  17% completed  (8% total)
     Speed:     ev/sec=15207.5   simsec/sec=0.62115   ev/simsec=24482.9
     Messages:  created: 1801736   present: 1907   in FES: 226
** Event #2088704   t=91.218366029686   Elapsed: 141.14s (2m 21s)  18% completed  (9% total)
     Speed:     ev/sec=20564.7   simsec/sec=0.854205   ev/simsec=24074.6
     Messages:  created: 1837154   present: 1946   in FES: 239
** Event #2118656   t=92.424892469293   Elapsed: 143.147s (2m 23s)  18% completed  (9% total)
     Speed:     ev/sec=14923.9   simsec/sec=0.601165   ev/simsec=24825
     Messages:  created: 1862586   present: 1917   in FES: 230
** Event #2161152   t=94.262350044575   Elapsed: 145.154s (2m 25s)  18% completed  (9% total)
     Speed:     ev/sec=21174.3   simsec/sec=0.915542   ev/simsec=23127.6
     Messages:  created: 1900010   present: 1965   in FES: 254
** Event #2202880   t=96.267245026052   Elapsed: 147.155s (2m 27s)  19% completed  (9% total)
     Speed:     ev/sec=20850.3   simsec/sec=1.00179   ev/simsec=20813.1
     Messages:  created: 1938912   present: 1960   in FES: 243
** Event #2259200   t=99.168099167811   Elapsed: 149.165s (2m 29s)  19% completed  (9% total)
     Speed:     ev/sec=28027.2   simsec/sec=1.44359   ev/simsec=19415
     Messages:  created: 1992992   present: 1930   in FES: 233
** Event #2309120   t=101.354968870748   Elapsed: 151.173s (2m 31s)  20% completed  (10% total)
     Speed:     ev/sec=24857.5   simsec/sec=1.08895   ev/simsec=22827.1
     Messages:  created: 2043237   present: 2212   in FES: 299
** Event #2369280   t=104.292596793601   Elapsed: 153.183s (2m 33s)  20% completed  (10% total)
     Speed:     ev/sec=29923.5   simsec/sec=1.46117   ev/simsec=20479.1
     Messages:  created: 2100122   present: 2631   in FES: 209
** Event #2434048   t=107.651424109907   Elapsed: 155.186s (2m 35s)  21% completed  (10% total)
     Speed:     ev/sec=32337.2   simsec/sec=1.67699   ev/simsec=19282.9
     Messages:  created: 2161140   present: 3283   in FES: 202
** Event #2493696   t=110.476813170878   Elapsed: 157.187s (2m 37s)  22% completed  (11% total)
     Speed:     ev/sec=29808.4   simsec/sec=1.41196   ev/simsec=21111.4
     Messages:  created: 2217808   present: 3991   in FES: 249
** Event #2548736   t=113.236686331962   Elapsed: 159.192s (2m 39s)  22% completed  (11% total)
     Speed:     ev/sec=27461.7   simsec/sec=1.37701   ev/simsec=19942.9
     Messages:  created: 2270088   present: 4548   in FES: 252
** Event #2613760   t=116.495676132223   Elapsed: 161.199s (2m 41s)  23% completed  (11% total)
     Speed:     ev/sec=32396.4   simsec/sec=1.6237   ev/simsec=19952.2
     Messages:  created: 2331890   present: 5192   in FES: 250
** Event #2668032   t=119.231594135471   Elapsed: 163.206s (2m 43s)  23% completed  (11% total)
     Speed:     ev/sec=27034.2   simsec/sec=1.36283   ev/simsec=19836.9
     Messages:  created: 2383516   present: 5724   in FES: 254
** Event #2712832   t=121.424851011907   Elapsed: 165.215s (2m 45s)  24% completed  (12% total)
     Speed:     ev/sec=22301   simsec/sec=1.09178   ev/simsec=20426.2
     Messages:  created: 2425387   present: 6156   in FES: 243
** Event #2756096   t=123.318442848182   Elapsed: 167.217s (2m 47s)  24% completed  (12% total)
     Speed:     ev/sec=21608.1   simsec/sec=0.945752   ev/simsec=22847.6
     Messages:  created: 2463718   present: 6540   in FES: 254
** Event #2791424   t=125.055691111159   Elapsed: 169.22s (2m 49s)  25% completed  (12% total)
     Speed:     ev/sec=17639.2   simsec/sec=0.867405   ev/simsec=20335.6
     Messages:  created: 2493268   present: 6904   in FES: 254
** Event #2828544   t=126.272793461801   Elapsed: 171.228s (2m 51s)  25% completed  (12% total)
     Speed:     ev/sec=18487   simsec/sec=0.606157   ev/simsec=30498.7
     Messages:  created: 2524809   present: 7111   in FES: 254
** Event #2860800   t=128.018978469208   Elapsed: 173.244s (2m 53s)  25% completed  (12% total)
     Speed:     ev/sec=16001.3   simsec/sec=0.866234   ev/simsec=18472.3
     Messages:  created: 2551611   present: 7467   in FES: 238
** Event #2898688   t=129.144850151764   Elapsed: 175.276s (2m 55s)  25% completed  (12% total)
     Speed:     ev/sec=18644.9   simsec/sec=0.554047   ev/simsec=33652.1
     Messages:  created: 2583820   present: 7710   in FES: 254
** Event #2928128   t=130.281742082292   Elapsed: 177.302s (2m 57s)  26% completed  (13% total)
     Speed:     ev/sec=14532.9   simsec/sec=0.561219   ev/simsec=25895.2
     Messages:  created: 2608506   present: 7958   in FES: 252
** Event #2964992   t=132.05467040124   Elapsed: 179.319s (2m 59s)  26% completed  (13% total)
     Speed:     ev/sec=18271.9   simsec/sec=0.878766   ev/simsec=20792.7
     Messages:  created: 2639106   present: 8262   in FES: 232
** Event #3001856   t=133.262480640847   Elapsed: 181.327s (3m 01s)  26% completed  (13% total)
     Speed:     ev/sec=18363.7   simsec/sec=0.601666   ev/simsec=30521.4
     Messages:  created: 2670451   present: 8505   in FES: 236
** Event #3032320   t=134.499817070363   Elapsed: 183.363s (3m 03s)  26% completed  (13% total)
     Speed:     ev/sec=14958.6   simsec/sec=0.607563   ev/simsec=24620.6
     Messages:  created: 2696065   present: 8781   in FES: 254
** Event #3073280   t=136.17403287102   Elapsed: 185.379s (3m 05s)  27% completed  (13% total)
     Speed:     ev/sec=20322.8   simsec/sec=0.830681   ev/simsec=24465.2
     Messages:  created: 2730503   present: 9090   in FES: 237
** Event #3102720   t=137.314748697078   Elapsed: 187.388s (3m 07s)  27% completed  (13% total)
     Speed:     ev/sec=14651.3   simsec/sec=0.567697   ev/simsec=25808.4
     Messages:  created: 2755277   present: 9333   in FES: 254
** Event #3139072   t=139.05614326863   Elapsed: 189.391s (3m 09s)  27% completed  (13% total)
     Speed:     ev/sec=18145.9   simsec/sec=0.869255   ev/simsec=20875.2
     Messages:  created: 2785483   present: 9701   in FES: 244
** Event #3175424   t=140.262345861543   Elapsed: 191.4s (3m 11s)  28% completed  (14% total)
     Speed:     ev/sec=18095.9   simsec/sec=0.600445   ev/simsec=30137.6
     Messages:  created: 2816374   present: 9914   in FES: 254
** Event #3204864   t=141.460278797648   Elapsed: 193.428s (3m 13s)  28% completed  (14% total)
     Speed:     ev/sec=14514.9   simsec/sec=0.59062   ev/simsec=24575.7
     Messages:  created: 2841053   present: 10105   in FES: 224
** Event #3230976   t=142.474051196594   Elapsed: 195.442s (3m 15s)  28% completed  (14% total)
     Speed:     ev/sec=12970   simsec/sec=0.503548   ev/simsec=25757.3
     Messages:  created: 2862978   present: 10253   in FES: 203
** Event #3264000   t=144.055688309468   Elapsed: 197.455s (3m 17s)  28% completed  (14% total)
     Speed:     ev/sec=16402.2   simsec/sec=0.785561   ev/simsec=20879.6
     Messages:  created: 2890422   present: 10680   in FES: 254
** Event #3297792   t=145.168132863797   Elapsed: 199.484s (3m 19s)  29% completed  (14% total)
     Speed:     ev/sec=16656.3   simsec/sec=0.548332   ev/simsec=30376.3
     Messages:  created: 2919114   present: 10877   in FES: 233
** Event #3326976   t=146.318445882474   Elapsed: 201.494s (3m 21s)  29% completed  (14% total)
     Speed:     ev/sec=14519.7   simsec/sec=0.572309   ev/simsec=25370.5
     Messages:  created: 2944109   present: 11171   in FES: 254
** Event #3358720   t=148.051847657853   Elapsed: 203.499s (3m 23s)  29% completed  (14% total)
     Speed:     ev/sec=15834.8   simsec/sec=0.864672   ev/simsec=18313.1
     Messages:  created: 2971963   present: 11518   in FES: 253
** Event #3402240   t=150.061520895122   Elapsed: 205.499s (3m 25s)  30% completed  (15% total)
     Speed:     ev/sec=21754.9   simsec/sec=1.0046   ev/simsec=21655.3
     Messages:  created: 3012220   present: 11789   in FES: 205
** Event #3456000   t=152.467524294393   Elapsed: 207.499s (3m 27s)  30% completed  (15% total)
     Speed:     ev/sec=26876.8   simsec/sec=1.20286   ev/simsec=22344.1
     Messages:  created: 3062857   present: 12390   in FES: 251
** Event #3493376   t=154.140687075661   Elapsed: 209.511s (3m 29s)  30% completed  (15% total)
     Speed:     ev/sec=18578.9   simsec/sec=0.831696   ev/simsec=22338.5
     Messages:  created: 3096003   present: 12726   in FES: 251
** Event #3520256   t=155.215738028519   Elapsed: 211.526s (3m 31s)  31% completed  (15% total)
     Speed:     ev/sec=13341.7   simsec/sec=0.533595   ev/simsec=25003.5
     Messages:  created: 3118610   present: 12924   in FES: 254
** Event #3545856   t=156.215833709113   Elapsed: 213.548s (3m 33s)  31% completed  (15% total)
     Speed:     ev/sec=12660.9   simsec/sec=0.494615   ev/simsec=25597.6
     Messages:  created: 3139879   present: 13142   in FES: 253
** Event #3573504   t=157.262485137559   Elapsed: 215.553s (3m 35s)  31% completed  (15% total)
     Speed:     ev/sec=13786.1   simsec/sec=0.521889   ev/simsec=26415.7
     Messages:  created: 3162811   present: 13277   in FES: 226
** Event #3598848   t=158.259504323536   Elapsed: 217.568s (3m 37s)  31% completed  (15% total)
     Speed:     ev/sec=12581.5   simsec/sec=0.49495   ev/simsec=25419.8
     Messages:  created: 3183866   present: 13511   in FES: 239
** Event #3626496   t=159.314887831804   Elapsed: 219.569s (3m 39s)  31% completed  (15% total)
     Speed:     ev/sec=13815.7   simsec/sec=0.527373   ev/simsec=26197.1
     Messages:  created: 3206814   present: 13676   in FES: 222
** Event #3655680   t=160.473255900775   Elapsed: 221.574s (3m 41s)  32% completed  (16% total)
     Speed:     ev/sec=14550.9   simsec/sec=0.577551   ev/simsec=25194.1
     Messages:  created: 3231025   present: 13961   in FES: 240
** Event #3681792   t=161.495680093718   Elapsed: 223.581s (3m 43s)  32% completed  (16% total)
     Speed:     ev/sec=13012.2   simsec/sec=0.509497   ev/simsec=25539.3
     Messages:  created: 3252710   present: 14201   in FES: 253
** Event #3714816   t=163.055743023806   Elapsed: 225.582s (3m 45s)  32% completed  (16% total)
     Speed:     ev/sec=16501.6   simsec/sec=0.779542   ev/simsec=21168.4
     Messages:  created: 3279908   present: 14468   in FES: 234
** Event #3748352   t=164.118747410067   Elapsed: 227.598s (3m 47s)  32% completed  (16% total)
     Speed:     ev/sec=16634.9   simsec/sec=0.527283   ev/simsec=31548.3
     Messages:  created: 3307900   present: 14685   in FES: 239
** Event #3777792   t=165.236690600613   Elapsed: 229.6s (3m 49s)  33% completed  (16% total)
     Speed:     ev/sec=14710.8   simsec/sec=0.558623   ev/simsec=26334.1
     Messages:  created: 3332324   present: 14915   in FES: 241
** Event #3807232   t=166.382535129259   Elapsed: 231.607s (3m 51s)  33% completed  (16% total)
     Speed:     ev/sec=14668.4   simsec/sec=0.570915   ev/simsec=25692.8
     Messages:  created: 3356713   present: 15123   in FES: 234
** Event #3835648   t=167.476853479941   Elapsed: 233.62s (3m 53s)  33% completed  (16% total)
     Speed:     ev/sec=14117   simsec/sec=0.543655   ev/simsec=25966.8
     Messages:  created: 3380156   present: 15311   in FES: 223
** Event #3860480   t=168.468929649609   Elapsed: 235.641s (3m 55s)  33% completed  (16% total)
     Speed:     ev/sec=12285   simsec/sec=0.490803   ev/simsec=25030.3
     Messages:  created: 3400887   present: 15549   in FES: 236
** Event #3889664   t=170.022822498355   Elapsed: 237.646s (3m 57s)  34% completed  (17% total)
     Speed:     ev/sec=14554.1   simsec/sec=0.774929   ev/simsec=18781.2
     Messages:  created: 3424766   present: 15882   in FES: 244
** Event #3917568   t=171.040278848609   Elapsed: 239.649s (3m 59s)  34% completed  (17% total)
     Speed:     ev/sec=13934.6   simsec/sec=0.508095   ev/simsec=27425.3
     Messages:  created: 3447903   present: 15978   in FES: 207
** Event #3949312   t=172.082083420854   Elapsed: 241.666s (4m 01s)  34% completed  (17% total)
     Speed:     ev/sec=15734.3   simsec/sec=0.516382   ev/simsec=30470.2
     Messages:  created: 3474238   present: 16191   in FES: 208
** Event #3982336   t=173.23169042209   Elapsed: 243.673s (4m 03s)  34% completed  (17% total)
     Speed:     ev/sec=16455   simsec/sec=0.57282   ev/simsec=28726.3
     Messages:  created: 3501920   present: 16518   in FES: 244
** Event #4011520   t=174.342308918838   Elapsed: 245.676s (4m 05s)  34% completed  (17% total)
     Speed:     ev/sec=14570.2   simsec/sec=0.554479   ev/simsec=26277.3
     Messages:  created: 3526113   present: 16725   in FES: 238
** Event #4040704   t=175.47685595403   Elapsed: 247.689s (4m 07s)  35% completed  (17% total)
     Speed:     ev/sec=14499.5   simsec/sec=0.563679   ev/simsec=25723
     Messages:  created: 3550170   present: 16895   in FES: 217
** Event #4067072   t=176.660200993365   Elapsed: 249.705s (4m 09s)  35% completed  (17% total)
     Speed:     ev/sec=13081.5   simsec/sec=0.587071   ev/simsec=22282.6
     Messages:  created: 3571885   present: 17084   in FES: 202
** Event #4091648   t=177.473255793014   Elapsed: 251.733s (4m 11s)  35% completed  (17% total)
     Speed:     ev/sec=12114.6   simsec/sec=0.40079   ev/simsec=30226.7
     Messages:  created: 3592431   present: 17388   in FES: 249
** Event #4127232   t=179.065582750905   Elapsed: 253.737s (4m 13s)  35% completed  (17% total)
     Speed:     ev/sec=17753.4   simsec/sec=0.794438   ev/simsec=22347.2
     Messages:  created: 3621744   present: 17706   in FES: 244
** Event #4156160   t=180.088907326352   Elapsed: 255.742s (4m 15s)  36% completed  (18% total)
     Speed:     ev/sec=14432.4   simsec/sec=0.510545   ev/simsec=28268.6
     Messages:  created: 3645874   present: 18087   in FES: 305
** Event #4185344   t=181.159237139562   Elapsed: 257.772s (4m 17s)  36% completed  (18% total)
     Speed:     ev/sec=14372.5   simsec/sec=0.527116   ev/simsec=27266.4
     Messages:  created: 3670101   present: 18109   in FES: 244
** Event #4215040   t=182.272891702784   Elapsed: 259.793s (4m 19s)  36% completed  (18% total)
     Speed:     ev/sec=14697   simsec/sec=0.551164   ev/simsec=26665.4
     Messages:  created: 3694730   present: 18315   in FES: 239
** Event #4244480   t=183.46028212254   Elapsed: 261.809s (4m 21s)  36% completed  (18% total)
     Speed:     ev/sec=14600   simsec/sec=0.588855   ev/simsec=24793.9
     Messages:  created: 3719147   present: 18544   in FES: 237
** Event #4278528   t=185.054406605874   Elapsed: 263.814s (4m 23s)  37% completed  (18% total)
     Speed:     ev/sec=16986.9   simsec/sec=0.795325   ev/simsec=21358.4
     Messages:  created: 3747194   present: 18788   in FES: 208
** Event #4302080   t=186.040221923015   Elapsed: 265.862s (4m 25s)  37% completed  (18% total)
     Speed:     ev/sec=11498.9   simsec/sec=0.481311   ev/simsec=23890.9
     Messages:  created: 3766740   present: 19072   in FES: 254
** Event #4331264   t=187.057344591159   Elapsed: 267.868s (4m 27s)  37% completed  (18% total)
     Speed:     ev/sec=14550.1   simsec/sec=0.507102   ev/simsec=28692.7
     Messages:  created: 3790780   present: 19320   in FES: 254
** Event #4354048   t=188.027623604195   Elapsed: 269.874s (4m 29s)  37% completed  (18% total)
     Speed:     ev/sec=11356.3   simsec/sec=0.483619   ev/simsec=23481.9
     Messages:  created: 3809036   present: 19511   in FES: 251
** Event #4375040   t=188.38657978264   Elapsed: 271.911s (4m 31s)  37% completed  (18% total)
     Speed:     ev/sec=10303.2   simsec/sec=0.176181   ev/simsec=58480.7
     Messages:  created: 3826043   present: 19582   in FES: 253
** Event #4398848   t=189.235043042815   Elapsed: 273.965s (4m 33s)  37% completed  (18% total)
     Speed:     ev/sec=11592.9   simsec/sec=0.413146   ev/simsec=28060.1
     Messages:  created: 3844736   present: 19682   in FES: 230
** Event #4416768   t=190.062025059517   Elapsed: 275.968s (4m 35s)  38% completed  (19% total)
     Speed:     ev/sec=8945.09   simsec/sec=0.412803   ev/simsec=21669.2
     Messages:  created: 3858371   present: 19862   in FES: 229
** Event #4433920   t=190.411727967191   Elapsed: 278.008s (4m 38s)  38% completed  (19% total)
     Speed:     ev/sec=8409.16   simsec/sec=0.17145   ev/simsec=49047.3
     Messages:  created: 3871745   present: 19867   in FES: 214
** Event #4456960   t=191.218407401271   Elapsed: 280.066s (4m 40s)  38% completed  (19% total)
     Speed:     ev/sec=11195.3   simsec/sec=0.391971   ev/simsec=28561.5
     Messages:  created: 3889713   present: 20029   in FES: 214
** Event #4469248   t=192.025527788327   Elapsed: 282.091s (4m 42s)  38% completed  (19% total)
     Speed:     ev/sec=6069.56   simsec/sec=0.398671   ev/simsec=15224.5
     Messages:  created: 3899006   present: 20268   in FES: 238
** Event #4488960   t=192.30643942242   Elapsed: 284.116s (4m 44s)  38% completed  (19% total)
     Speed:     ev/sec=9731.25   simsec/sec=0.138678   ev/simsec=70171.5
     Messages:  created: 3914808   present: 20217   in FES: 204
** Event #4511744   t=193.180832397314   Elapsed: 286.141s (4m 46s)  38% completed  (19% total)
     Speed:     ev/sec=11250.2   simsec/sec=0.431756   ev/simsec=26056.9
     Messages:  created: 3933289   present: 20497   in FES: 254
** Event #4524544   t=194.027623619496   Elapsed: 288.146s (4m 48s)  38% completed  (19% total)
     Speed:     ev/sec=6386.35   simsec/sec=0.422492   ev/simsec=15115.9
     Messages:  created: 3943358   present: 20702   in FES: 248
** Event #4544256   t=194.411557739336   Elapsed: 290.158s (4m 50s)  38% completed  (19% total)
     Speed:     ev/sec=9794.87   simsec/sec=0.190776   ev/simsec=51342.1
     Messages:  created: 3959970   present: 20766   in FES: 254
** Event #4568320   t=195.31489673142   Elapsed: 292.205s (4m 52s)  39% completed  (19% total)
     Speed:     ev/sec=11756   simsec/sec=0.44131   ev/simsec=26638.9
     Messages:  created: 3979852   present: 20827   in FES: 205
** Event #4591360   t=196.245663307515   Elapsed: 294.213s (4m 54s)  39% completed  (19% total)
     Speed:     ev/sec=11476.5   simsec/sec=0.463627   ev/simsec=24753.8
     Messages:  created: 3999144   present: 21121   in FES: 243
** Event #4613888   t=197.159193200941   Elapsed: 296.219s (4m 56s)  39% completed  (19% total)
     Speed:     ev/sec=11228.1   simsec/sec=0.455308   ev/simsec=24660.4
     Messages:  created: 4017885   present: 21301   in FES: 242
** Event #4639488   t=198.15919316198   Elapsed: 298.223s (4m 58s)  39% completed  (19% total)
     Speed:     ev/sec=12775.9   simsec/sec=0.499059   ev/simsec=25600
     Messages:  created: 4039143   present: 21516   in FES: 247
** Event #4666624   t=199.215875152018   Elapsed: 300.235s (5m 00s)  39% completed  (19% total)
     Speed:     ev/sec=13486.9   simsec/sec=0.525184   ev/simsec=25680.4
     Messages:  created: 4061657   present: 21646   in FES: 221
** Event #4692480   t=200.218366834861   Elapsed: 302.268s (5m 02s)  40% completed  (20% total)
     Speed:     ev/sec=12720.8   simsec/sec=0.493211   ev/simsec=25791.7
     Messages:  created: 4083131   present: 21872   in FES: 229
** Event #4718848   t=201.235005728082   Elapsed: 304.29s (5m 04s)  40% completed  (20% total)
     Speed:     ev/sec=13040   simsec/sec=0.502769   ev/simsec=25936.4
     Messages:  created: 4105034   present: 22128   in FES: 246
** Event #4744704   t=202.236730337712   Elapsed: 306.305s (5m 06s)  40% completed  (20% total)
     Speed:     ev/sec=12827.7   simsec/sec=0.496978   ev/simsec=25811.5
     Messages:  created: 4126508   present: 22351   in FES: 253
** Event #4772096   t=203.281744227003   Elapsed: 308.319s (5m 08s)  40% completed  (20% total)
     Speed:     ev/sec=13602.6   simsec/sec=0.518945   ev/simsec=26212.1
     Messages:  created: 4149110   present: 22447   in FES: 215
** Event #4798720   t=204.314886874049   Elapsed: 310.338s (5m 10s)  40% completed  (20% total)
     Speed:     ev/sec=13186.4   simsec/sec=0.511696   ev/simsec=25769.9
     Messages:  created: 4171230   present: 22736   in FES: 242
** Event #4826880   t=205.437701093281   Elapsed: 312.342s (5m 12s)  41% completed  (20% total)
     Speed:     ev/sec=14052.5   simsec/sec=0.56031   ev/simsec=25079.8
     Messages:  created: 4194484   present: 22933   in FES: 235
** Event #4854272   t=206.499953187544   Elapsed: 314.361s (5m 14s)  41% completed  (20% total)
     Speed:     ev/sec=13565.7   simsec/sec=0.526071   ev/simsec=25786.7
     Messages:  created: 4217325   present: 23141   in FES: 232
** Event #4886528   t=208.053524324485   Elapsed: 316.37s (5m 16s)  41% completed  (20% total)
     Speed:     ev/sec=16061   simsec/sec=0.773557   ev/simsec=20762.5
     Messages:  created: 4243804   present: 23472   in FES: 236
** Event #4922368   t=209.180926615635   Elapsed: 318.388s (5m 18s)  41% completed  (20% total)
     Speed:     ev/sec=17751.8   simsec/sec=0.558411   ev/simsec=31789.9
     Messages:  created: 4273958   present: 23699   in FES: 239
** Event #4949248   t=210.231730420208   Elapsed: 320.404s (5m 20s)  42% completed  (21% total)
     Speed:     ev/sec=13339   simsec/sec=0.521454   ev/simsec=25580.4
     Messages:  created: 4296282   present: 23906   in FES: 240
** Event #4976128   t=211.259545133964   Elapsed: 322.404s (5m 22s)  42% completed  (21% total)
     Speed:     ev/sec=13436.8   simsec/sec=0.513786   ev/simsec=26152.6
     Messages:  created: 4318482   present: 24066   in FES: 224
** Event #5002752   t=212.281744098   Elapsed: 324.435s (5m 24s)  42% completed  (21% total)
     Speed:     ev/sec=13109   simsec/sec=0.503307   ev/simsec=26045.8
     Messages:  created: 4340578   present: 24250   in FES: 216
** Event #5032192   t=213.460237718441   Elapsed: 326.445s (5m 26s)  42% completed  (21% total)
     Speed:     ev/sec=14645.4   simsec/sec=0.586259   ev/simsec=24981
     Messages:  created: 4364901   present: 24574   in FES: 247
** Event #5067520   t=215.05974454999   Elapsed: 328.445s (5m 28s)  43% completed  (21% total)
     Speed:     ev/sec=17663.5   simsec/sec=0.799733   ev/simsec=22086.8
     Messages:  created: 4394017   present: 24858   in FES: 229
** Event #5088256   t=216.025956324565   Elapsed: 330.462s (5m 30s)  43% completed  (21% total)
     Speed:     ev/sec=10280   simsec/sec=0.479007   ev/simsec=21461.1
     Messages:  created: 4411258   present: 25097   in FES: 247
** Event #5121024   t=217.082085765252   Elapsed: 332.49s (5m 32s)  43% completed  (21% total)
     Speed:     ev/sec=16162   simsec/sec=0.520908   ev/simsec=31026.5
     Messages:  created: 4438684   present: 25237   in FES: 224
** Event #5148416   t=218.094197607513   Elapsed: 334.495s (5m 34s)  43% completed  (21% total)
     Speed:     ev/sec=13660.5   simsec/sec=0.504745   ev/simsec=27064.2
     Messages:  created: 4462031   present: 25602   in FES: 273
** Event #5175808   t=219.218370092922   Elapsed: 336.525s (5m 36s)  43% completed  (21% total)
     Speed:     ev/sec=13494.5   simsec/sec=0.553817   ev/simsec=24366.4
     Messages:  created: 4485863   present: 25702   in FES: 239
** Event #5202944   t=220.424754530927   Elapsed: 338.533s (5m 38s)  44% completed  (22% total)
     Speed:     ev/sec=13514.2   simsec/sec=0.600802   ev/simsec=22493.7
     Messages:  created: 4510101   present: 25959   in FES: 254
** Event #5233664   t=222.05002325843   Elapsed: 340.541s (5m 40s)  44% completed  (22% total)
     Speed:     ev/sec=15294.9   simsec/sec=0.809189   ev/simsec=18901.5
     Messages:  created: 4536717   present: 26253   in FES: 230
** Event #5262592   t=223.080777349959   Elapsed: 342.545s (5m 42s)  44% completed  (22% total)
     Speed:     ev/sec=14440.7   simsec/sec=0.514547   ev/simsec=28064.9
     Messages:  created: 4561313   present: 26476   in FES: 237
** Event #5306880   t=224.093059079723   Elapsed: 344.547s (5m 44s)  44% completed  (22% total)
     Speed:     ev/sec=22114.8   simsec/sec=0.505474   ev/simsec=43750.7
     Messages:  created: 4606551   present: 26671   in FES: 264
** Event #5339392   t=225.022822435916   Elapsed: 346.552s (5m 46s)  45% completed  (22% total)
     Speed:     ev/sec=16216.2   simsec/sec=0.463744   ev/simsec=34968
     Messages:  created: 4643387   present: 26926   in FES: 292
** Event #5378048   t=226.15923840102   Elapsed: 348.569s (5m 48s)  45% completed  (22% total)
     Speed:     ev/sec=19170.3   simsec/sec=0.563571   ev/simsec=34015.7
     Messages:  created: 4676022   present: 27100   in FES: 275
** Event #5405440   t=227.231592413058   Elapsed: 350.576s (5m 50s)  45% completed  (22% total)
     Speed:     ev/sec=13648.7   simsec/sec=0.534324   ev/simsec=25543.8
     Messages:  created: 4698986   present: 27342   in FES: 289
** Event #5432832   t=228.267654151759   Elapsed: 352.595s (5m 52s)  45% completed  (22% total)
     Speed:     ev/sec=13563.1   simsec/sec=0.513006   ev/simsec=26438.6
     Messages:  created: 4721937   present: 27410   in FES: 203
** Event #5461760   t=229.460144251463   Elapsed: 354.627s (5m 54s)  45% completed  (22% total)
     Speed:     ev/sec=14234.3   simsec/sec=0.586778   ev/simsec=24258.5
     Messages:  created: 4746291   present: 27763   in FES: 254
** Event #5495296   t=231.051857929715   Elapsed: 356.65s (5m 56s)  46% completed  (23% total)
     Speed:     ev/sec=16583.4   simsec/sec=0.787097   ev/simsec=21069.1
     Messages:  created: 4773943   present: 28021   in FES: 220
** Event #5527040   t=232.089377931921   Elapsed: 358.656s (5m 58s)  46% completed  (23% total)
     Speed:     ev/sec=15825.9   simsec/sec=0.517252   ev/simsec=30596
     Messages:  created: 4800648   present: 28322   in FES: 254
** Event #5555968   t=233.174032175381   Elapsed: 360.678s (6m 00s)  46% completed  (23% total)
     Speed:     ev/sec=14303.8   simsec/sec=0.536322   ev/simsec=26670.3
     Messages:  created: 4824887   present: 28522   in FES: 247
** Event #5585920   t=234.306537452042   Elapsed: 362.681s (6m 02s)  46% completed  (23% total)
     Speed:     ev/sec=14955.1   simsec/sec=0.565462   ev/simsec=26447.6
     Messages:  created: 4849839   present: 28763   in FES: 252
** Event #5618944   t=236.02595643745   Elapsed: 364.683s (6m 04s)  47% completed  (23% total)
     Speed:     ev/sec=16490.1   simsec/sec=0.858567   ev/simsec=19206.5
     Messages:  created: 4877090   present: 29067   in FES: 237
** Event #5657088   t=237.159237602407   Elapsed: 366.705s (6m 06s)  47% completed  (23% total)
     Speed:     ev/sec=18864.8   simsec/sec=0.560484   ev/simsec=33658
     Messages:  created: 4909081   present: 29259   in FES: 228
** Event #5686784   t=238.281742281868   Elapsed: 368.728s (6m 08s)  47% completed  (23% total)
     Speed:     ev/sec=14683.1   simsec/sec=0.555021   ev/simsec=26455.1
     Messages:  created: 4933818   present: 29526   in FES: 242
** Event #5714944   t=239.424756346801   Elapsed: 370.728s (6m 10s)  47% completed  (23% total)
     Speed:     ev/sec=14077.1   simsec/sec=0.571391   ev/simsec=24636.6
     Messages:  created: 4957380   present: 29780   in FES: 254
** Event #5754112   t=241.085087510878   Elapsed: 372.732s (6m 12s)  48% completed  (24% total)
     Speed:     ev/sec=19544.6   simsec/sec=0.828497   ev/simsec=23590.5
     Messages:  created: 4989769   present: 30064   in FES: 231
** Event #5787904   t=242.272794486996   Elapsed: 374.742s (6m 14s)  48% completed  (24% total)
     Speed:     ev/sec=16815.8   simsec/sec=0.591035   ev/simsec=28451.5
     Messages:  created: 5018146   present: 30342   in FES: 254
** Event #5817600   t=243.468794940545   Elapsed: 376.769s (6m 16s)  48% completed  (24% total)
     Speed:     ev/sec=14649.3   simsec/sec=0.589997   ev/simsec=24829.4
     Messages:  created: 5043021   present: 30601   in FES: 254
** Event #5857536   t=245.094939382731   Elapsed: 378.771s (6m 18s)  49% completed  (24% total)
     Speed:     ev/sec=19947.8   simsec/sec=0.812249   ev/simsec=24558.7
     Messages:  created: 5076384   present: 30918   in FES: 254
** Event #5888000   t=246.245619275158   Elapsed: 380.775s (6m 20s)  49% completed  (24% total)
     Speed:     ev/sec=15199.9   simsec/sec=0.574129   ev/simsec=26474.8
     Messages:  created: 5101922   present: 31129   in FES: 245
** Event #5918976   t=247.47325310696   Elapsed: 382.788s (6m 22s)  49% completed  (24% total)
     Speed:     ev/sec=15392.1   simsec/sec=0.610016   ev/simsec=25232.3
     Messages:  created: 5127855   present: 31336   in FES: 231
** Event #5959680   t=249.174033420541   Elapsed: 384.81s (6m 24s)  49% completed  (24% total)
     Speed:     ev/sec=20125.2   simsec/sec=0.840912   ev/simsec=23932.5
     Messages:  created: 5162601   present: 31660   in FES: 227
** Event #5988608   t=250.373191235518   Elapsed: 386.816s (6m 26s)  50% completed  (25% total)
     Speed:     ev/sec=14425.1   simsec/sec=0.597967   ev/simsec=24123.6
     Messages:  created: 5187705   present: 31951   in FES: 254
** Event #6014720   t=251.468917489888   Elapsed: 388.837s (6m 28s)  50% completed  (25% total)
     Speed:     ev/sec=12916.5   simsec/sec=0.542011   ev/simsec=23830.8
     Messages:  created: 5210189   present: 32192   in FES: 251
** Event #6050560   t=253.087958908919   Elapsed: 390.837s (6m 30s)  50% completed  (25% total)
     Speed:     ev/sec=17917.9   simsec/sec=0.809428   ev/simsec=22136.6
     Messages:  created: 5241036   present: 32488   in FES: 254
** Event #6087168   t=255.0123340831   Elapsed: 392.838s (6m 32s)  51% completed  (25% total)
     Speed:     ev/sec=18300.7   simsec/sec=0.962014   ev/simsec=19023.3
     Messages:  created: 5273089   present: 32865   in FES: 238
** Event #6128640   t=256.557067341598   Elapsed: 394.848s (6m 34s)  51% completed  (25% total)
     Speed:     ev/sec=20630.2   simsec/sec=0.768426   ev/simsec=26847.4
     Messages:  created: 5311215   present: 33064   in FES: 202
** Event #6180096   t=259.094340820925   Elapsed: 396.848s (6m 36s)  51% completed  (25% total)
     Speed:     ev/sec=25724.2   simsec/sec=1.26845   ev/simsec=20280
     Messages:  created: 5359675   present: 33737   in FES: 254
** Event #6245888   t=262.281604079573   Elapsed: 398.856s (6m 38s)  52% completed  (26% total)
     Speed:     ev/sec=32768.2   simsec/sec=1.58744   ev/simsec=20642.2
     Messages:  created: 5421788   present: 34316   in FES: 254
** Event #6312448   t=266.012333945465   Elapsed: 400.859s (6m 40s)  53% completed  (26% total)
     Speed:     ev/sec=33233.3   simsec/sec=1.86275   ev/simsec=17841
     Messages:  created: 5484141   present: 35098   in FES: 249
** Event #6375680   t=269.040930431148   Elapsed: 402.866s (6m 42s)  53% completed  (26% total)
     Speed:     ev/sec=31507.8   simsec/sec=1.50912   ev/simsec=20878.3
     Messages:  created: 5543842   present: 35718   in FES: 254
** Event #6434816   t=272.023226132613   Elapsed: 404.866s (6m 44s)  54% completed  (27% total)
     Speed:     ev/sec=29559.3   simsec/sec=1.49071   ev/simsec=19829
     Messages:  created: 5599466   present: 36235   in FES: 227
** Event #6508800   t=275.25950412442   Elapsed: 406.867s (6m 46s)  55% completed  (27% total)
     Speed:     ev/sec=36972.7   simsec/sec=1.61729   ev/simsec=22860.8
     Messages:  created: 5669442   present: 36929   in FES: 245
** Event #6572288   t=278.373192940372   Elapsed: 408.873s (6m 48s)  55% completed  (27% total)
     Speed:     ev/sec=31650.3   simsec/sec=1.55225   ev/simsec=20390
     Messages:  created: 5729112   present: 37566   in FES: 254
** Event #6641408   t=282.054565367487   Elapsed: 410.876s (6m 50s)  56% completed  (28% total)
     Speed:     ev/sec=34508.8   simsec/sec=1.83796   ev/simsec=18775.6
     Messages:  created: 5793928   present: 38284   in FES: 240
** Event #6707712   t=285.094224236035   Elapsed: 412.879s (6m 52s)  57% completed  (28% total)
     Speed:     ev/sec=33100.4   simsec/sec=1.51746   ev/simsec=21813
     Messages:  created: 5856418   present: 38925   in FES: 247
** Event #6770432   t=288.118703478118   Elapsed: 414.88s (6m 54s)  57% completed  (28% total)
     Speed:     ev/sec=31355.7   simsec/sec=1.51203   ev/simsec=20737.5
     Messages:  created: 5915151   present: 39493   in FES: 242
** Event #6816512   t=290.30653768631   Elapsed: 416.88s (6m 56s)  58% completed  (29% total)
     Speed:     ev/sec=23039.6   simsec/sec=1.0939   ev/simsec=21061.9
     Messages:  created: 5958191   present: 39921   in FES: 238
** Event #6866432   t=293.025956295891   Elapsed: 418.881s (6m 58s)  58% completed  (29% total)
     Speed:     ev/sec=24938.3   simsec/sec=1.35853   ev/simsec=18356.9
     Messages:  created: 6003230   present: 40509   in FES: 251
** Event #6905600   t=294.2729075623   Elapsed: 420.892s (7m 00s)  58% completed  (29% total)
     Speed:     ev/sec=19477.3   simsec/sec=0.620079   ev/simsec=31411
     Messages:  created: 6037438   present: 40744   in FES: 248
** Event #6936576   t=295.499953758   Elapsed: 422.919s (7m 02s)  59% completed  (29% total)
     Speed:     ev/sec=15284.7   simsec/sec=0.605469   ev/simsec=25244.4
     Messages:  created: 6063225   present: 40913   in FES: 222
** Event #6962432   t=296.473215916104   Elapsed: 424.924s (7m 04s)  59% completed  (29% total)
     Speed:     ev/sec=12897.8   simsec/sec=0.485496   ev/simsec=26566.3
     Messages:  created: 6084269   present: 41164   in FES: 241
** Event #6987776   t=297.373189778533   Elapsed: 426.957s (7m 06s)  59% completed  (29% total)
     Speed:     ev/sec=12462.2   simsec/sec=0.442537   ev/simsec=28160.8
     Messages:  created: 6104236   present: 41230   in FES: 203
** Event #7011840   t=298.218230357355   Elapsed: 428.988s (7m 08s)  59% completed  (29% total)
     Speed:     ev/sec=11850.3   simsec/sec=0.41614   ev/simsec=28476.7
     Messages:  created: 6123050   present: 41548   in FES: 254
** Event #7025152   t=299.025957588212   Elapsed: 430.993s (7m 10s)  59% completed  (29% total)
     Speed:     ev/sec=6639.77   simsec/sec=0.402879   ev/simsec=16480.8
     Messages:  created: 6132836   present: 41634   in FES: 226
** Event #7047168   t=299.355046147107   Elapsed: 433.029s (7m 13s)  59% completed  (29% total)
     Speed:     ev/sec=10810.5   simsec/sec=0.161592   ev/simsec=66899.9
     Messages:  created: 6150043   present: 41722   in FES: 235
** Event #7070720   t=300.193488553897   Elapsed: 435.035s (7m 15s)  60% completed  (30% total)
     Speed:     ev/sec=11741.4   simsec/sec=0.417991   ev/simsec=28090.2
     Messages:  created: 6168415   present: 41937   in FES: 254
** Event #7080960   t=300.602844221856   Elapsed: 437.038s (7m 17s)  60% completed  (30% total)
     Speed:     ev/sec=5112.53   simsec/sec=0.204379   ev/simsec=25014.9
     Messages:  created: 6176063   present: 41874   in FES: 202
** Event #7103232   t=301.281605491161   Elapsed: 439.061s (7m 19s)  60% completed  (30% total)
     Speed:     ev/sec=11012.7   simsec/sec=0.335622   ev/simsec=32812.7
     Messages:  created: 6193736   present: 42138   in FES: 254
** Event #7127296   t=302.179665688931   Elapsed: 441.067s (7m 21s)  60% completed  (30% total)
     Speed:     ev/sec=11991.3   simsec/sec=0.44751   ev/simsec=26795.5
     Messages:  created: 6212857   present: 42290   in FES: 237
** Event #7137024   t=302.499956205485   Elapsed: 443.114s (7m 23s)  60% completed  (30% total)
     Speed:     ev/sec=4752.81   simsec/sec=0.156484   ev/simsec=30372.4
     Messages:  created: 6220571   present: 42392   in FES: 249
** Event #7160064   t=303.342314038518   Elapsed: 445.145s (7m 25s)  60% completed  (30% total)
     Speed:     ev/sec=11345.6   simsec/sec=0.414804   ev/simsec=27351.8
     Messages:  created: 6239163   present: 42504   in FES: 231
** Event #7183616   t=304.259406104928   Elapsed: 447.154s (7m 27s)  60% completed  (30% total)
     Speed:     ev/sec=11725.8   simsec/sec=0.456593   ev/simsec=25681.2
     Messages:  created: 6258495   present: 42711   in FES: 254
** Event #7207936   t=305.215887154228   Elapsed: 449.166s (7m 29s)  61% completed  (30% total)
     Speed:     ev/sec=12083.6   simsec/sec=0.475237   ev/simsec=25426.5
     Messages:  created: 6278489   present: 42864   in FES: 227
** Event #7234048   t=306.218369915505   Elapsed: 451.205s (7m 31s)  61% completed  (30% total)
     Speed:     ev/sec=12808.2   simsec/sec=0.49173   ev/simsec=26047.3
     Messages:  created: 6300073   present: 43137   in FES: 250
** Event #7259904   t=307.215875150317   Elapsed: 453.21s (7m 33s)  61% completed  (30% total)
     Speed:     ev/sec=12896.6   simsec/sec=0.497542   ev/simsec=25920.7
     Messages:  created: 6321311   present: 43251   in FES: 222
** Event #7288832   t=308.281743449907   Elapsed: 455.236s (7m 35s)  61% completed  (30% total)
     Speed:     ev/sec=14274.6   simsec/sec=0.525956   ev/simsec=27140.3
     Messages:  created: 6345102   present: 43466   in FES: 222
** Event #7318272   t=309.437563429689   Elapsed: 457.253s (7m 37s)  61% completed  (30% total)
     Speed:     ev/sec=14598.1   simsec/sec=0.573124   ev/simsec=25471.1
     Messages:  created: 6369299   present: 43769   in FES: 254
** Event #7352832   t=311.05352215093   Elapsed: 459.254s (7m 39s)  62% completed  (31% total)
     Speed:     ev/sec=17268.1   simsec/sec=0.807425   ev/simsec=21386.7
     Messages:  created: 6397568   present: 44112   in FES: 250
** Event #7389184   t=312.180926435933   Elapsed: 461.264s (7m 41s)  62% completed  (31% total)
     Speed:     ev/sec=18086.7   simsec/sec=0.560932   ev/simsec=32244
     Messages:  created: 6427926   present: 44317   in FES: 245
** Event #7417600   t=313.259407698648   Elapsed: 463.291s (7m 43s)  62% completed  (31% total)
     Speed:     ev/sec=14017.2   simsec/sec=0.531999   ev/simsec=26348.2
     Messages:  created: 6451289   present: 44547   in FES: 254
** Event #7444736   t=314.281742114466   Elapsed: 465.304s (7m 45s)  62% completed  (31% total)
     Speed:     ev/sec=13486.2   simsec/sec=0.508087   ev/simsec=26543.2
     Messages:  created: 6473604   present: 44750   in FES: 250
** Event #7472128   t=315.314890765656   Elapsed: 467.33s (7m 47s)  63% completed  (31% total)
     Speed:     ev/sec=13517.2   simsec/sec=0.509829   ev/simsec=26513.1
     Messages:  created: 6496014   present: 44929   in FES: 239
** Event #7500288   t=316.411698345527   Elapsed: 469.345s (7m 49s)  63% completed  (31% total)
     Speed:     ev/sec=13974.3   simsec/sec=0.544287   ev/simsec=25674.5
     Messages:  created: 6519055   present: 45186   in FES: 253
** Event #7524864   t=317.318584742875   Elapsed: 471.376s (7m 51s)  63% completed  (31% total)
     Speed:     ev/sec=12100   simsec/sec=0.446504   ev/simsec=27099.3
     Messages:  created: 6539284   present: 45362   in FES: 250
** Event #7551744   t=318.342312831639   Elapsed: 473.401s (7m 53s)  63% completed  (31% total)
     Speed:     ev/sec=13275.7   simsec/sec=0.505606   ev/simsec=26257
     Messages:  created: 6561151   present: 45564   in FES: 251
** Event #7578368   t=319.31858712327   Elapsed: 475.41s (7m 55s)  63% completed  (31% total)
     Speed:     ev/sec=13251.4   simsec/sec=0.485916   ev/simsec=27271
     Messages:  created: 6582706   present: 45671   in FES: 219
** Event #7605504   t=320.342313670311   Elapsed: 477.431s (7m 57s)  64% completed  (32% total)
     Speed:     ev/sec=13429.7   simsec/sec=0.506647   ev/simsec=26507.1
     Messages:  created: 6604683   present: 45919   in FES: 236
** Event #7631360   t=321.303974768599   Elapsed: 479.467s (7m 59s)  64% completed  (32% total)
     Speed:     ev/sec=12697.2   simsec/sec=0.472245   ev/simsec=26886.8
     Messages:  created: 6625638   present: 46115   in FES: 237
** Event #7657984   t=322.281758063471   Elapsed: 481.481s (8m 01s)  64% completed  (32% total)
     Speed:     ev/sec=13219.6   simsec/sec=0.485498   ev/simsec=27228.9
     Messages:  created: 6647088   present: 46355   in FES: 251
** Event #7681792   t=323.180930442434   Elapsed: 483.497s (8m 03s)  64% completed  (32% total)
     Speed:     ev/sec=11808.2   simsec/sec=0.445967   ev/simsec=26477.7
     Messages:  created: 6666230   present: 46508   in FES: 242
** Event #7698944   t=324.054879098142   Elapsed: 485.518s (8m 05s)  64% completed  (32% total)
     Speed:     ev/sec=8489.19   simsec/sec=0.432551   ev/simsec=19625.9
     Messages:  created: 6679554   present: 46675   in FES: 237
** Event #7718400   t=324.47683717561   Elapsed: 487.547s (8m 07s)  64% completed  (32% total)
     Speed:     ev/sec=9588.37   simsec/sec=0.207951   ev/simsec=46108.8
     Messages:  created: 6695380   present: 46795   in FES: 251
** Event #7744256   t=325.411698426146   Elapsed: 489.563s (8m 09s)  65% completed  (32% total)
     Speed:     ev/sec=12826.8   simsec/sec=0.463772   ev/simsec=27657.6
     Messages:  created: 6715869   present: 46966   in FES: 247
** Event #7769344   t=326.2926351006   Elapsed: 491.585s (8m 11s)  65% completed  (32% total)
     Speed:     ev/sec=12405.7   simsec/sec=0.435612   ev/simsec=28478.8
     Messages:  created: 6735830   present: 47119   in FES: 239
** Event #7795456   t=327.236593179992   Elapsed: 493.6s (8m 13s)  65% completed  (32% total)
     Speed:     ev/sec=12959.6   simsec/sec=0.468494   ev/simsec=27662.2
     Messages:  created: 6756509   present: 47321   in FES: 254
** Event #7821568   t=328.174049173619   Elapsed: 495.634s (8m 15s)  65% completed  (32% total)
     Speed:     ev/sec=12835   simsec/sec=0.460794   ev/simsec=27854.1
     Messages:  created: 6776993   present: 47447   in FES: 222
** Event #7843072   t=329.07000411162   Elapsed: 497.635s (8m 17s)  65% completed  (32% total)
     Speed:     ev/sec=10745.5   simsec/sec=0.447707   ev/simsec=24001.2
     Messages:  created: 6793508   present: 47659   in FES: 229
** Event #7859712   t=329.46892302526   Elapsed: 499.658s (8m 19s)  65% completed  (32% total)
     Speed:     ev/sec=8226.39   simsec/sec=0.197215   ev/simsec=41712.7
     Messages:  created: 6806791   present: 47720   in FES: 227
** Event #7884288   t=330.303837607675   Elapsed: 501.698s (8m 21s)  66% completed  (33% total)
     Speed:     ev/sec=12049.9   simsec/sec=0.409368   ev/simsec=29435.3
     Messages:  created: 6826013   present: 47961   in FES: 254
** Event #7908608   t=331.174053521896   Elapsed: 503.713s (8m 23s)  66% completed  (33% total)
     Speed:     ev/sec=12069.3   simsec/sec=0.431863   ev/simsec=27947.1
     Messages:  created: 6844885   present: 48039   in FES: 220
** Event #7919360   t=331.537180896616   Elapsed: 505.718s (8m 25s)  66% completed  (33% total)
     Speed:     ev/sec=5362.16   simsec/sec=0.181096   ev/simsec=29609.4
     Messages:  created: 6853093   present: 48060   in FES: 203
** Event #7943936   t=332.318586081678   Elapsed: 507.726s (8m 27s)  66% completed  (33% total)
     Speed:     ev/sec=12238.3   simsec/sec=0.389122   ev/simsec=31451
     Messages:  created: 6872234   present: 48302   in FES: 230
** Event #7966464   t=333.144989501555   Elapsed: 509.75s (8m 29s)  66% completed  (33% total)
     Speed:     ev/sec=11131   simsec/sec=0.408323   ev/simsec=27260.3
     Messages:  created: 6889744   present: 48508   in FES: 244
** Event #7980800   t=334.019018973748   Elapsed: 511.773s (8m 31s)  66% completed  (33% total)
     Speed:     ev/sec=7086.97   simsec/sec=0.432075   ev/simsec=16402.2
     Messages:  created: 6900381   present: 48586   in FES: 211
** Event #8002560   t=334.318442621501   Elapsed: 513.774s (8m 33s)  66% completed  (33% total)
     Speed:     ev/sec=10874.4   simsec/sec=0.149634   ev/simsec=72673
     Messages:  created: 6917620   present: 48624   in FES: 204
** Event #8028416   t=335.231767773114   Elapsed: 515.811s (8m 35s)  67% completed  (33% total)
     Speed:     ev/sec=12691.8   simsec/sec=0.448318   ev/simsec=28309.7
     Messages:  created: 6937670   present: 48849   in FES: 221
** Event #8055040   t=336.159221060205   Elapsed: 517.834s (8m 37s)  67% completed  (33% total)
     Speed:     ev/sec=13164.1   simsec/sec=0.458575   ev/simsec=28706.6
     Messages:  created: 6958391   present: 49131   in FES: 252
** Event #8066560   t=336.631355511818   Elapsed: 519.842s (8m 39s)  67% completed  (33% total)
     Speed:     ev/sec=5736.27   simsec/sec=0.235095   ev/simsec=24399.8
     Messages:  created: 6967091   present: 49078   in FES: 202
** Event #8088832   t=337.272971665569   Elapsed: 521.857s (8m 41s)  67% completed  (33% total)
     Speed:     ev/sec=11051.6   simsec/sec=0.318376   ev/simsec=34712.3
     Messages:  created: 6984702   present: 49315   in FES: 239
** Event #8114688   t=338.218370014876   Elapsed: 523.883s (8m 43s)  67% completed  (33% total)
     Speed:     ev/sec=12762   simsec/sec=0.466631   ev/simsec=27349.3
     Messages:  created: 7005115   present: 49508   in FES: 241
** Event #8128512   t=339.035517416251   Elapsed: 525.917s (8m 45s)  67% completed  (33% total)
     Speed:     ev/sec=6796.47   simsec/sec=0.401744   ev/simsec=16917.4
     Messages:  created: 7015660   present: 49638   in FES: 226
** Event #8153088   t=340.022822345273   Elapsed: 527.945s (8m 47s)  68% completed  (34% total)
     Speed:     ev/sec=12119.5   simsec/sec=0.486882   ev/simsec=24892
     Messages:  created: 7035666   present: 49908   in FES: 252
** Event #8175616   t=340.468791385414   Elapsed: 529.965s (8m 49s)  68% completed  (34% total)
     Speed:     ev/sec=11152.2   simsec/sec=0.220771   ev/simsec=50514.7
     Messages:  created: 7054380   present: 49849   in FES: 204
** Event #8201728   t=341.47684920585   Elapsed: 531.971s (8m 51s)  68% completed  (34% total)
     Speed:     ev/sec=13019.6   simsec/sec=0.502625   ev/simsec=25903.3
     Messages:  created: 7076206   present: 50171   in FES: 243
** Event #8224768   t=342.411666447398   Elapsed: 533.982s (8m 53s)  68% completed  (34% total)
     Speed:     ev/sec=11456.2   simsec/sec=0.464819   ev/simsec=24646.5
     Messages:  created: 7095585   present: 50360   in FES: 245
** Event #8262144   t=344.080725258455   Elapsed: 535.983s (8m 55s)  68% completed  (34% total)
     Speed:     ev/sec=18679.2   simsec/sec=0.834139   ev/simsec=22393.5
     Messages:  created: 7126964   present: 50726   in FES: 254
** Event #8294400   t=345.231731777024   Elapsed: 538s (8m 58s)  69% completed  (34% total)
     Speed:     ev/sec=15989.1   simsec/sec=0.570545   ev/simsec=28024.2
     Messages:  created: 7154462   present: 50876   in FES: 230
** Event #8325888   t=346.495720247277   Elapsed: 540.028s (9m 00s)  69% completed  (34% total)
     Speed:     ev/sec=15528.4   simsec/sec=0.62334   ev/simsec=24911.6
     Messages:  created: 7181142   present: 51162   in FES: 240
** Event #8369408   t=348.193608140811   Elapsed: 542.043s (9m 02s)  69% completed  (34% total)
     Speed:     ev/sec=21600.8   simsec/sec=0.842732   ev/simsec=25631.8
     Messages:  created: 7219253   present: 51539   in FES: 263
** Event #8404736   t=349.27279503199   Elapsed: 544.05s (9m 04s)  69% completed  (34% total)
     Speed:     ev/sec=17596.6   simsec/sec=0.537533   ev/simsec=32735.8
     Messages:  created: 7253547   present: 51790   in FES: 304
** Event #8434688   t=350.495721584013   Elapsed: 546.065s (9m 06s)  70% completed  (35% total)
     Speed:     ev/sec=14866.1   simsec/sec=0.606974   ev/simsec=24492.1
     Messages:  created: 7278855   present: 51995   in FES: 285
** Event #8485376   t=352.179620674348   Elapsed: 548.083s (9m 08s)  70% completed  (35% total)
     Speed:     ev/sec=25114.3   simsec/sec=0.834318   ev/simsec=30101.6
     Messages:  created: 7327174   present: 52335   in FES: 252
** Event #8520960   t=354.022822408142   Elapsed: 550.085s (9m 10s)  70% completed  (35% total)
     Speed:     ev/sec=17779.3   simsec/sec=0.920946   ev/simsec=19305.5
     Messages:  created: 7357029   present: 52700   in FES: 250
** Event #8561664   t=355.259530547439   Elapsed: 552.097s (9m 12s)  71% completed  (35% total)
     Speed:     ev/sec=20232.2   simsec/sec=0.614714   ev/simsec=32913.2
     Messages:  created: 7391871   present: 52832   in FES: 212
** Event #8599040   t=357.055742445508   Elapsed: 554.111s (9m 14s)  71% completed  (35% total)
     Speed:     ev/sec=18550.6   simsec/sec=0.891503   ev/simsec=20808.2
     Messages:  created: 7423461   present: 53307   in FES: 247
** Event #8635136   t=358.26728024044   Elapsed: 556.146s (9m 16s)  71% completed  (35% total)
     Speed:     ev/sec=17737.6   simsec/sec=0.595351   ev/simsec=29793.5
     Messages:  created: 7454584   present: 53458   in FES: 219
** Event #8669184   t=360.040275977243   Elapsed: 558.155s (9m 18s)  72% completed  (36% total)
     Speed:     ev/sec=16949.8   simsec/sec=0.882634   ev/simsec=19203.7
     Messages:  created: 7483506   present: 53905   in FES: 250
** Event #8708352   t=361.318540833616   Elapsed: 560.164s (9m 20s)  72% completed  (36% total)
     Speed:     ev/sec=19496.7   simsec/sec=0.636285   ev/simsec=30641.5
     Messages:  created: 7517743   present: 54138   in FES: 242
** Event #8743168   t=363.061519003559   Elapsed: 562.169s (9m 22s)  72% completed  (36% total)
     Speed:     ev/sec=17368.5   simsec/sec=0.869509   ev/simsec=19975
     Messages:  created: 7547747   present: 54498   in FES: 242
** Event #8781824   t=364.495708203719   Elapsed: 564.172s (9m 24s)  72% completed  (36% total)
     Speed:     ev/sec=19296.7   simsec/sec=0.715932   ev/simsec=26953.2
     Messages:  created: 7581841   present: 54778   in FES: 246
** Event #8822784   t=366.28174364466   Elapsed: 566.191s (9m 26s)  73% completed  (36% total)
     Speed:     ev/sec=20281.3   simsec/sec=0.884352   ev/simsec=22933.5
     Messages:  created: 7618093   present: 55081   in FES: 227
** Event #8871680   t=368.535059731806   Elapsed: 568.197s (9m 28s)  73% completed  (36% total)
     Speed:     ev/sec=24375.1   simsec/sec=1.1233   ev/simsec=21699.6
     Messages:  created: 7661961   present: 55459   in FES: 202
** Event #8917248   t=371.025447866583   Elapsed: 570.207s (9m 30s)  74% completed  (37% total)
     Speed:     ev/sec=22672.4   simsec/sec=1.2391   ev/simsec=18297.5
     Messages:  created: 7703245   present: 56068   in FES: 238
** Event #8957952   t=373.009806546776   Elapsed: 572.212s (9m 32s)  74% completed  (37% total)
     Speed:     ev/sec=20304.8   simsec/sec=0.989879   ev/simsec=20512.4
     Messages:  created: 7740781   present: 56495   in FES: 249
** Event #9009920   t=375.099602987188   Elapsed: 574.213s (9m 34s)  75% completed  (37% total)
     Speed:     ev/sec=25966.1   simsec/sec=1.04418   ev/simsec=24867.5
     Messages:  created: 7789456   present: 56820   in FES: 213
** Event #9081088   t=379.022822577438   Elapsed: 576.216s (9m 36s)  75% completed  (37% total)
     Speed:     ev/sec=35542.6   simsec/sec=1.95933   ev/simsec=18140.2
     Messages:  created: 7855939   present: 57667   in FES: 239
** Event #9152000   t=382.18083431328   Elapsed: 578.219s (9m 38s)  76% completed  (38% total)
     Speed:     ev/sec=35399.1   simsec/sec=1.57647   ev/simsec=22454.6
     Messages:  created: 7923459   present: 58322   in FES: 254
** Event #9232640   t=386.235059731806   Elapsed: 580.225s (9m 40s)  77% completed  (38% total)
     Speed:     ev/sec=40204.8   simsec/sec=2.02132   ev/simsec=19890.4
     Messages:  created: 7999885   present: 59001   in FES: 203
** Event #9310464   t=390.17962073229   Elapsed: 582.236s (9m 42s)  78% completed  (39% total)
     Speed:     ev/sec=38686.5   simsec/sec=1.96085   ev/simsec=19729.4
     Messages:  created: 8073782   present: 59920   in FES: 247
** Event #9361152   t=393.041741599218   Elapsed: 584.239s (9m 44s)  78% completed  (39% total)
     Speed:     ev/sec=25306   simsec/sec=1.42892   ev/simsec=17709.9
     Messages:  created: 8121486   present: 60433   in FES: 224
** Event #9422592   t=396.051816525523   Elapsed: 586.24s (9m 46s)  79% completed  (39% total)
     Speed:     ev/sec=30711.2   simsec/sec=1.50461   ev/simsec=20411.5
     Messages:  created: 8179144   present: 60979   in FES: 206
** Event #9477376   t=398.219980420121   Elapsed: 588.246s (9m 48s)  79% completed  (39% total)
     Speed:     ev/sec=27303.8   simsec/sec=1.08059   ev/simsec=25267.5
     Messages:  created: 8228230   present: 61510   in FES: 241
** Event #9524480   t=400.168131514749   Elapsed: 590.248s (9m 50s)  80% completed  (40% total)
     Speed:     ev/sec=23534.5   simsec/sec=0.973353   ev/simsec=24178.8
     Messages:  created: 8268157   present: 61901   in FES: 241
** Event #9558272   t=401.499818356937   Elapsed: 592.248s (9m 52s)  80% completed  (40% total)
     Speed:     ev/sec=16896   simsec/sec=0.665843   ev/simsec=25375.3
     Messages:  created: 8296518   present: 62185   in FES: 254
** Event #9596416   t=403.094264275316   Elapsed: 594.257s (9m 54s)  80% completed  (40% total)
     Speed:     ev/sec=18987.1   simsec/sec=0.793673   ev/simsec=23923
     Messages:  created: 8328498   present: 62503   in FES: 241
** Event #9626112   t=404.234969572704   Elapsed: 596.257s (9m 56s)  80% completed  (40% total)
     Speed:     ev/sec=14842.3   simsec/sec=0.570135   ev/simsec=26033
     Messages:  created: 8353501   present: 62691   in FES: 233
** Event #9664000   t=406.053472037393   Elapsed: 598.27s (9m 58s)  81% completed  (40% total)
     Speed:     ev/sec=18822.1   simsec/sec=0.903402   ev/simsec=20834.7
     Messages:  created: 8385053   present: 63110   in FES: 254
** Event #9700352   t=407.231730325064   Elapsed: 600.293s (10m 00s)  81% completed  (40% total)
     Speed:     ev/sec=17970   simsec/sec=0.582453   ev/simsec=30852.3
     Messages:  created: 8415819   present: 63345   in FES: 253
** Event #9737728   t=409.044249919215   Elapsed: 602.296s (10m 02s)  81% completed  (40% total)
     Speed:     ev/sec=18662.2   simsec/sec=0.90501   ev/simsec=20621
     Messages:  created: 8446801   present: 63667   in FES: 235
** Event #9772544   t=410.144847512479   Elapsed: 604.32s (10m 04s)  82% completed  (41% total)
     Speed:     ev/sec=17204   simsec/sec=0.543849   ev/simsec=31633.7
     Messages:  created: 8476238   present: 63895   in FES: 254
** Event #9804800   t=411.382535381137   Elapsed: 606.322s (10m 06s)  82% completed  (41% total)
     Speed:     ev/sec=16108.9   simsec/sec=0.61811   ev/simsec=26061.5
     Messages:  created: 8503363   present: 64104   in FES: 228
** Event #9877248   t=412.129303617258   Elapsed: 608.324s (10m 08s)  82% completed  (41% total)
     Speed:     ev/sec=36187   simsec/sec=0.373003   ev/simsec=97015.4
     Messages:  created: 8593146   present: 64089   in FES: 203
** Event #9919744   t=412.556849739048   Elapsed: 610.326s (10m 10s)  82% completed  (41% total)
     Speed:     ev/sec=21227.8   simsec/sec=0.21357   ev/simsec=99395.1
     Messages:  created: 8645858   present: 64250   in FES: 254
** Event #9984768   t=413.22023516052   Elapsed: 612.333s (10m 12s)  82% completed  (41% total)
     Speed:     ev/sec=32400.7   simsec/sec=0.330558   ev/simsec=98018.4
     Messages:  created: 8725473   present: 64284   in FES: 254
** Event #10039040   t=413.811729879258   Elapsed: 614.335s (10m 14s)  82% completed  (41% total)
     Speed:     ev/sec=27104.8   simsec/sec=0.295407   ev/simsec=91754
     Messages:  created: 8795519   present: 64354   in FES: 254
** Event #10095872   t=414.304806448414   Elapsed: 616.351s (10m 16s)  82% completed  (41% total)
     Speed:     ev/sec=28188.8   simsec/sec=0.244567   ev/simsec=115260
     Messages:  created: 8862939   present: 64316   in FES: 224
** Event #10175744   t=415.131170446586   Elapsed: 618.353s (10m 18s)  83% completed  (41% total)
     Speed:     ev/sec=39897.7   simsec/sec=0.412786   ev/simsec=96654.7
     Messages:  created: 8962203   present: 64429   in FES: 254
** Event #10224128   t=415.710799065527   Elapsed: 620.355s (10m 20s)  83% completed  (41% total)
     Speed:     ev/sec=24170.2   simsec/sec=0.289554   ev/simsec=83474.1
     Messages:  created: 9022711   present: 64510   in FES: 254
** Event #10289152   t=416.312970206606   Elapsed: 622.359s (10m 22s)  83% completed  (41% total)
     Speed:     ev/sec=32445.2   simsec/sec=0.300467   ev/simsec=107983
     Messages:  created: 9100899   present: 64520   in FES: 254
** Event #10367744   t=417.193624764702   Elapsed: 624.381s (10m 24s)  83% completed  (41% total)
     Speed:     ev/sec=38871.9   simsec/sec=0.435576   ev/simsec=89242.7
     Messages:  created: 9197172   present: 64539   in FES: 232
** Event #10444800   t=418.054637844282   Elapsed: 626.382s (10m 26s)  83% completed  (41% total)
     Speed:     ev/sec=38501.5   simsec/sec=0.43021   ev/simsec=89494.6
     Messages:  created: 9294468   present: 64649   in FES: 254
** Event #10507008   t=418.710957238792   Elapsed: 628.388s (10m 28s)  83% completed  (41% total)
     Speed:     ev/sec=31012.3   simsec/sec=0.327192   ev/simsec=94783.1
     Messages:  created: 9369940   present: 64650   in FES: 255
** Event #10577408   t=419.373328592358   Elapsed: 630.39s (10m 30s)  83% completed  (41% total)
     Speed:     ev/sec=35169.4   simsec/sec=0.330898   ev/simsec=106285
     Messages:  created: 9454907   present: 64708   in FES: 234
** Event #10641920   t=420.08892724494   Elapsed: 632.392s (10m 32s)  84% completed  (42% total)
     Speed:     ev/sec=32232.5   simsec/sec=0.357538   ev/simsec=90151.1
     Messages:  created: 9535000   present: 64926   in FES: 287
** Event #10714880   t=420.984182516709   Elapsed: 634.395s (10m 34s)  84% completed  (42% total)
     Speed:     ev/sec=36415.6   simsec/sec=0.446838   ev/simsec=81496.3
     Messages:  created: 9627612   present: 64849   in FES: 286
** Event #10774272   t=421.490880211831   Elapsed: 636.398s (10m 36s)  84% completed  (42% total)
     Speed:     ev/sec=29657.8   simsec/sec=0.253023   ev/simsec=117214
     Messages:  created: 9696426   present: 64891   in FES: 255
** Event #10847232   t=422.285260311701   Elapsed: 638.546s (10m 38s)  84% completed  (42% total)
     Speed:     ev/sec=33967   simsec/sec=0.369829   ev/simsec=91845.2
     Messages:  created: 9785409   present: 64920   in FES: 256
** Event #10928128   t=423.193624155017   Elapsed: 640.566s (10m 40s)  84% completed  (42% total)
     Speed:     ev/sec=40047.1   simsec/sec=0.449681   ev/simsec=89056.8
     Messages:  created: 9884839   present: 65008   in FES: 245
** Event #11004672   t=424.061951989546   Elapsed: 642.568s (10m 42s)  84% completed  (42% total)
     Speed:     ev/sec=38220.3   simsec/sec=0.433578   ev/simsec=88151
     Messages:  created: 9980775   present: 65084   in FES: 256
** Event #11073536   t=424.847144467295   Elapsed: 644.759s (10m 44s)  84% completed  (42% total)
     Speed:     ev/sec=31434.2   simsec/sec=0.358415   ev/simsec=87703.3
     Messages:  created: 10066181   present: 65146   in FES: 287
** Event #11121152   t=425.293736190139   Elapsed: 646.763s (10m 46s)  85% completed  (42% total)
     Speed:     ev/sec=23756.2   simsec/sec=0.22281   ev/simsec=106621
     Messages:  created: 10121115   present: 65171   in FES: 254
** Event #11195904   t=426.143670917118   Elapsed: 648.776s (10m 48s)  85% completed  (42% total)
     Speed:     ev/sec=37135.2   simsec/sec=0.422229   ev/simsec=87950.3
     Messages:  created: 10213111   present: 65155   in FES: 255
** Event #11266048   t=427.037447068968   Elapsed: 650.778s (10m 50s)  85% completed  (42% total)
     Speed:     ev/sec=35047.2   simsec/sec=0.446572   ev/simsec=78480.5
     Messages:  created: 10301523   present: 65334   in FES: 271
** Event #11322624   t=427.597719724085   Elapsed: 652.782s (10m 52s)  85% completed  (42% total)
     Speed:     ev/sec=28235.9   simsec/sec=0.279621   ev/simsec=100979
     Messages:  created: 10368513   present: 65336   in FES: 287
** Event #11394560   t=428.460251041757   Elapsed: 654.785s (10m 54s)  85% completed  (42% total)
     Speed:     ev/sec=35907.8   simsec/sec=0.430543   ev/simsec=83401
     Messages:  created: 10455185   present: 65395   in FES: 286
** Event #11467008   t=429.267280905409   Elapsed: 656.793s (10m 56s)  85% completed  (42% total)
     Speed:     ev/sec=36073   simsec/sec=0.401833   ev/simsec=89771.2
     Messages:  created: 10543746   present: 65476   in FES: 249
** Event #11535104   t=430.067526161621   Elapsed: 658.796s (10m 58s)  86% completed  (43% total)
     Speed:     ev/sec=33994.8   simsec/sec=0.399498   ev/simsec=85093.9
     Messages:  created: 10628932   present: 65569   in FES: 254
** Event #11592192   t=430.724273307267   Elapsed: 660.797s (11m 00s)  86% completed  (43% total)
     Speed:     ev/sec=28541.8   simsec/sec=0.328349   ev/simsec=86925.4
     Messages:  created: 10698579   present: 65563   in FES: 255
** Event #11650560   t=431.285038890838   Elapsed: 662.806s (11m 02s)  86% completed  (43% total)
     Speed:     ev/sec=29051.5   simsec/sec=0.27911   ev/simsec=104086
     Messages:  created: 10768570   present: 65602   in FES: 256
** Event #11733248   t=432.099603459477   Elapsed: 664.817s (11m 04s)  86% completed  (43% total)
     Speed:     ev/sec=41109.3   simsec/sec=0.404971   ev/simsec=101512
     Messages:  created: 10871247   present: 65598   in FES: 215
** Event #11789056   t=432.751284472429   Elapsed: 666.818s (11m 06s)  86% completed  (43% total)
     Speed:     ev/sec=27897.6   simsec/sec=0.325766   ev/simsec=85637
     Messages:  created: 10941852   present: 65681   in FES: 255
** Event #11861504   t=433.47033488327   Elapsed: 668.818s (11m 08s)  86% completed  (43% total)
     Speed:     ev/sec=36208.5   simsec/sec=0.359371   ev/simsec=100755
     Messages:  created: 11029008   present: 65792   in FES: 258
** Event #11950336   t=434.265976250178   Elapsed: 670.823s (11m 10s)  86% completed  (43% total)
     Speed:     ev/sec=44305.3   simsec/sec=0.396829   ev/simsec=111648
     Messages:  created: 11139497   present: 65712   in FES: 211
** Event #12034816   t=434.623794730542   Elapsed: 672.825s (11m 12s)  86% completed  (43% total)
     Speed:     ev/sec=42212.5   simsec/sec=0.178793   ev/simsec=236097
     Messages:  created: 11253795   present: 65910   in FES: 255
** Event #12138496   t=434.78404419305   Elapsed: 674.829s (11m 14s)  86% completed  (43% total)
     Speed:     ev/sec=51733.1   simsec/sec=0.0799596   ev/simsec=646991
     Messages:  created: 11399045   present: 65970   in FES: 286
** Event #12240128   t=434.939247281658   Elapsed: 676.831s (11m 16s)  86% completed  (43% total)
     Speed:     ev/sec=50756.3   simsec/sec=0.0775103   ev/simsec=654832
     Messages:  created: 11541309   present: 65966   in FES: 255
** Event #12346112   t=435.086386210803   Elapsed: 678.832s (11m 18s)  87% completed  (43% total)
     Speed:     ev/sec=52965.9   simsec/sec=0.0735332   ev/simsec=720299
     Messages:  created: 11684174   present: 65908   in FES: 211
** Event #12423424   t=435.196531599129   Elapsed: 680.838s (11m 20s)  87% completed  (43% total)
     Speed:     ev/sec=38553   simsec/sec=0.0549259   ev/simsec=701909
     Messages:  created: 11789681   present: 65989   in FES: 256
** Event #12512000   t=435.327382390422   Elapsed: 682.839s (11m 22s)  87% completed  (43% total)
     Speed:     ev/sec=44253.2   simsec/sec=0.0653739   ev/simsec=676924
     Messages:  created: 11911918   present: 66031   in FES: 256
** Event #12588544   t=436.055688363063   Elapsed: 684.854s (11m 24s)  87% completed  (43% total)
     Speed:     ev/sec=37979.8   simsec/sec=0.361373   ev/simsec=105099
     Messages:  created: 12012506   present: 66022   in FES: 254
** Event #12623360   t=437.193487367737   Elapsed: 686.892s (11m 26s)  87% completed  (43% total)
     Speed:     ev/sec=17086.4   simsec/sec=0.558391   ev/simsec=30599.4
     Messages:  created: 12042185   present: 66259   in FES: 254
** Event #12655104   t=438.460278878721   Elapsed: 688.899s (11m 28s)  87% completed  (43% total)
     Speed:     ev/sec=15816   simsec/sec=0.631163   ev/simsec=25058.6
     Messages:  created: 12068755   present: 66451   in FES: 226
** Event #12695296   t=440.094265387518   Elapsed: 690.908s (11m 30s)  88% completed  (44% total)
     Speed:     ev/sec=20011.9   simsec/sec=0.813575   ev/simsec=24597.5
     Messages:  created: 12102439   present: 66803   in FES: 227
** Event #12728064   t=441.318442799874   Elapsed: 692.92s (11m 32s)  88% completed  (44% total)
     Speed:     ev/sec=16284.7   simsec/sec=0.608381   ev/simsec=26767.4
     Messages:  created: 12130081   present: 67075   in FES: 254
** Event #12768000   t=443.082724472156   Elapsed: 694.922s (11m 34s)  88% completed  (44% total)
     Speed:     ev/sec=19948.4   simsec/sec=0.881275   ev/simsec=22635.8
     Messages:  created: 12163387   present: 67453   in FES: 248
** Event #12799488   t=444.215736780897   Elapsed: 696.95s (11m 36s)  88% completed  (44% total)
     Speed:     ev/sec=15524.7   simsec/sec=0.558616   ev/simsec=27791.4
     Messages:  created: 12190031   present: 67663   in FES: 254
** Event #12832768   t=445.499916761141   Elapsed: 698.968s (11m 38s)  89% completed  (44% total)
     Speed:     ev/sec=16491.7   simsec/sec=0.636367   ev/simsec=25915.4
     Messages:  created: 12217867   present: 67802   in FES: 205
** Event #12873984   t=447.17403305136   Elapsed: 700.986s (11m 40s)  89% completed  (44% total)
     Speed:     ev/sec=20426.9   simsec/sec=0.829704   ev/simsec=24619.6
     Messages:  created: 12252535   present: 68230   in FES: 237
** Event #12910080   t=449.018840623716   Elapsed: 702.988s (11m 42s)  89% completed  (44% total)
     Speed:     ev/sec=18024.4   simsec/sec=0.921197   ev/simsec=19566.3
     Messages:  created: 12282589   present: 68627   in FES: 254
** Event #12952832   t=450.272793567854   Elapsed: 704.999s (11m 44s)  90% completed  (45% total)
     Speed:     ev/sec=21267   simsec/sec=0.623778   ev/simsec=34093.8
     Messages:  created: 12318723   present: 68857   in FES: 254
** Event #12996096   t=452.089597896014   Elapsed: 707.002s (11m 47s)  90% completed  (45% total)
     Speed:     ev/sec=21599.5   simsec/sec=0.907036   ev/simsec=23813.2
     Messages:  created: 12354913   present: 69235   in FES: 254
** Event #13030912   t=453.386523777272   Elapsed: 709.018s (11m 49s)  90% completed  (45% total)
     Speed:     ev/sec=17268   simsec/sec=0.643247   ev/simsec=26845
     Messages:  created: 12384306   present: 69520   in FES: 252
** Event #13075712   t=455.259545564376   Elapsed: 711.035s (11m 51s)  91% completed  (45% total)
     Speed:     ev/sec=22210.3   simsec/sec=0.928581   ev/simsec=23918.6
     Messages:  created: 12422728   present: 69817   in FES: 227
** Event #13120000   t=457.292591142952   Elapsed: 713.052s (11m 53s)  91% completed  (45% total)
     Speed:     ev/sec=21951.2   simsec/sec=1.00767   ev/simsec=21784.1
     Messages:  created: 12462992   present: 70280   in FES: 246
** Event #13170176   t=460.053471824541   Elapsed: 715.055s (11m 55s)  92% completed  (46% total)
     Speed:     ev/sec=25062.6   simsec/sec=1.37904   ev/simsec=18173.9
     Messages:  created: 12509761   present: 70865   in FES: 254
** Event #13239040   t=463.179527693929   Elapsed: 717.059s (11m 57s)  92% completed  (46% total)
     Speed:     ev/sec=34349   simsec/sec=1.55926   ev/simsec=22029
     Messages:  created: 12574923   present: 71479   in FES: 254
** Event #13300736   t=466.218326117855   Elapsed: 719.064s (11m 59s)  93% completed  (46% total)
     Speed:     ev/sec=30775.1   simsec/sec=1.51581   ev/simsec=20302.8
     Messages:  created: 12633013   present: 72039   in FES: 238
** Event #13368320   t=469.964875370057   Elapsed: 721.064s (12m 01s)  93% completed  (46% total)
     Speed:     ev/sec=33788   simsec/sec=1.87305   ev/simsec=18039
     Messages:  created: 12696279   present: 72682   in FES: 202
** Event #13434112   t=473.054355630569   Elapsed: 723.067s (12m 03s)  94% completed  (47% total)
     Speed:     ev/sec=32855.1   simsec/sec=1.54282   ev/simsec=21295.5
     Messages:  created: 12758670   present: 73507   in FES: 304
** Event #13488384   t=475.465775804478   Elapsed: 725.097s (12m 05s)  95% completed  (47% total)
     Speed:     ev/sec=26738.7   simsec/sec=1.18806   ev/simsec=22506.2
     Messages:  created: 12809904   present: 17548   in FES: 216
** Event #13554688   t=479.041737195901   Elapsed: 727.101s (12m 07s)  95% completed  (47% total)
     Speed:     ev/sec=33076.4   simsec/sec=1.7839   ev/simsec=18541.6
     Messages:  created: 12872170   present: 2761   in FES: 247
** Event #13609216   t=481.411556681049   Elapsed: 729.102s (12m 09s)  96% completed  (48% total)
     Speed:     ev/sec=27257.4   simsec/sec=1.18462   ev/simsec=23009.3
     Messages:  created: 12923860   present: 3214   in FES: 254
** Event #13678848   t=485.06202398026   Elapsed: 731.103s (12m 11s)  97% completed  (48% total)
     Speed:     ev/sec=34788.9   simsec/sec=1.82381   ev/simsec=19074.8
     Messages:  created: 12989222   present: 3950   in FES: 238
** Event #13754624   t=489.012279848731   Elapsed: 733.106s (12m 13s)  97% completed  (48% total)
     Speed:     ev/sec=37824.5   simsec/sec=1.97182   ev/simsec=19182.6
     Messages:  created: 13060478   present: 4724   in FES: 254
** Event #13834240   t=492.499818527958   Elapsed: 735.113s (12m 15s)  98% completed  (49% total)
     Speed:     ev/sec=39681.8   simsec/sec=1.73824   ev/simsec=22828.7
     Messages:  created: 13135881   present: 5465   in FES: 254
** Event #13910016   t=496.239840985276   Elapsed: 737.119s (12m 17s)  99% completed  (49% total)
     Speed:     ev/sec=37772.2   simsec/sec=1.86429   ev/simsec=20260.8
     Messages:  created: 13207201   present: 6066   in FES: 204
** Event #13976856   t=500   Elapsed: 739.113s (12m 19s)  100% completed  (50% total)
     Speed:     ev/sec=33512   simsec/sec=1.88522   ev/simsec=17776.2
     Messages:  created: 13269720   present: 6813   in FES: 202

<!> Simulation time limit reached -- at t=500s, event #13976856
undisposed object: (omnetpp::cMessage) FanetSarNetwork.groundStation.app.debugTimer -- check module destructor
undisposed object: (omnetpp::cMessage) FanetSarNetwork.uav[0].app.debugTimer -- check module destructor
undisposed object: (omnetpp::cMessage) FanetSarNetwork.uav[1].app.debugTimer -- check module destructor
undisposed object: (omnetpp::cMessage) FanetSarNetwork.uav[2].app.debugTimer -- check module destructor
undisposed object: (omnetpp::cMessage) FanetSarNetwork.uav[3].app.debugTimer -- check module destructor
undisposed object: (omnetpp::cMessage) FanetSarNetwork.uav[4].app.debugTimer -- check module destructor
undisposed object: (omnetpp::cMessage) FanetSarNetwork.uav[5].app.debugTimer -- check module destructor
undisposed object: (omnetpp::cMessage) FanetSarNetwork.uav[6].app.debugTimer -- check module destructor
undisposed object: (omnetpp::cMessage) FanetSarNetwork.uav[7].app.debugTimer -- check module destructor
undisposed object: (omnetpp::cMessage) FanetSarNetwork.uav[8].app.debugTimer -- check module destructor
undisposed object: (omnetpp::cMessage) FanetSarNetwork.uav[9].app.debugTimer -- check module destructor
undisposed object: (omnetpp::cMessage) FanetSarNetwork.uav[10].app.debugTimer -- check module destructor
undisposed object: (omnetpp::cMessage) FanetSarNetwork.uav[11].app.debugTimer -- check module destructor
undisposed object: (omnetpp::cMessage) FanetSarNetwork.uav[12].app.debugTimer -- check module destructor
undisposed object: (omnetpp::cMessage) FanetSarNetwork.uav[13].app.debugTimer -- check module destructor
undisposed object: (omnetpp::cMessage) FanetSarNetwork.uav[14].app.debugTimer -- check module destructor
undisposed object: (omnetpp::cMessage) FanetSarNetwork.uav[15].app.debugTimer -- check module destructor
undisposed object: (omnetpp::cMessage) FanetSarNetwork.uav[16].app.debugTimer -- check module destructor
undisposed object: (omnetpp::cMessage) FanetSarNetwork.uav[17].app.debugTimer -- check module destructor
undisposed object: (omnetpp::cMessage) FanetSarNetwork.uav[18].app.debugTimer -- check module destructor
undisposed object: (omnetpp::cMessage) FanetSarNetwork.uav[19].app.debugTimer -- check module destructor
undisposed object: (omnetpp::cMessage) FanetSarNetwork.uav[20].app.debugTimer -- check module destructor
undisposed object: (omnetpp::cMessage) FanetSarNetwork.uav[21].app.debugTimer -- check module destructor
undisposed object: (omnetpp::cMessage) FanetSarNetwork.uav[22].app.debugTimer -- check module destructor
undisposed object: (omnetpp::cMessage) FanetSarNetwork.uav[23].app.debugTimer -- check module destructor
undisposed object: (omnetpp::cMessage) FanetSarNetwork.uav[24].app.debugTimer -- check module destructor
undisposed object: (omnetpp::cMessage) FanetSarNetwork.uav[25].app.debugTimer -- check module destructor
undisposed object: (omnetpp::cMessage) FanetSarNetwork.uav[26].app.debugTimer -- check module destructor
undisposed object: (omnetpp::cMessage) FanetSarNetwork.uav[27].app.debugTimer -- check module destructor
undisposed object: (omnetpp::cMessage) FanetSarNetwork.uav[28].app.debugTimer -- check module destructor
undisposed object: (omnetpp::cMessage) FanetSarNetwork.uav[29].app.debugTimer -- check module destructor
undisposed object: (omnetpp::cMessage) FanetSarNetwork.uav[30].app.debugTimer -- check module destructor
undisposed object: (omnetpp::cMessage) FanetSarNetwork.uav[31].app.debugTimer -- check module destructor
undisposed object: (omnetpp::cMessage) FanetSarNetwork.uav[32].app.debugTimer -- check module destructor
undisposed object: (omnetpp::cMessage) FanetSarNetwork.uav[33].app.debugTimer -- check module destructor
undisposed object: (omnetpp::cMessage) FanetSarNetwork.uav[34].app.debugTimer -- check module destructor
undisposed object: (omnetpp::cMessage) FanetSarNetwork.uav[35].app.debugTimer -- check module destructor
undisposed object: (omnetpp::cMessage) FanetSarNetwork.uav[36].app.debugTimer -- check module destructor
undisposed object: (omnetpp::cMessage) FanetSarNetwork.uav[37].app.debugTimer -- check module destructor
undisposed object: (omnetpp::cMessage) FanetSarNetwork.uav[38].app.debugTimer -- check module destructor
undisposed object: (omnetpp::cMessage) FanetSarNetwork.uav[39].app.debugTimer -- check module destructor
undisposed object: (omnetpp::cMessage) FanetSarNetwork.uav[40].app.debugTimer -- check module destructor
undisposed object: (omnetpp::cMessage) FanetSarNetwork.uav[41].app.debugTimer -- check module destructor
undisposed object: (omnetpp::cMessage) FanetSarNetwork.uav[42].app.debugTimer -- check module destructor
undisposed object: (omnetpp::cMessage) FanetSarNetwork.uav[43].app.debugTimer -- check module destructor
undisposed object: (omnetpp::cMessage) FanetSarNetwork.uav[44].app.debugTimer -- check module destructor
undisposed object: (omnetpp::cMessage) FanetSarNetwork.uav[45].app.debugTimer -- check module destructor
undisposed object: (omnetpp::cMessage) FanetSarNetwork.uav[46].app.debugTimer -- check module destructor
undisposed object: (omnetpp::cMessage) FanetSarNetwork.uav[47].app.debugTimer -- check module destructor
undisposed object: (omnetpp::cMessage) FanetSarNetwork.uav[48].app.debugTimer -- check module destructor
undisposed object: (omnetpp::cMessage) FanetSarNetwork.uav[49].app.debugTimer -- check module destructor
