** Event #0   t=0   Elapsed: 1.8e-05s (0m 00s)  0% completed  (0% total)
     Speed:     ev/sec=0   simsec/sec=0   ev/simsec=0
     Messages:  created: 1938   present: 1938   in FES: 306
** Event #60416   t=3.099777188235   Elapsed: 2.00983s (0m 02s)  0% completed  (0% total)
     Speed:     ev/sec=30061   simsec/sec=1.54232   ev/simsec=19490.8
     Messages:  created: 54934   present: 1951   in FES: 240
** Event #90368   t=4.417593960527   Elapsed: 4.01442s (0m 04s)  0% completed  (0% total)
     Speed:     ev/sec=14941.7   simsec/sec=0.657398   ev/simsec=22728.5
     Messages:  created: 81446   present: 1967   in FES: 246
** Event #113664   t=5.423551417422   Elapsed: 6.0369s (0m 06s)  1% completed  (0% total)
     Speed:     ev/sec=11518.5   simsec/sec=0.497388   ev/simsec=23158
     Messages:  created: 101799   present: 1839   in FES: 204
** Event #135680   t=6.357890251453   Elapsed: 8.03696s (0m 08s)  1% completed  (0% total)
     Speed:     ev/sec=11007.7   simsec/sec=0.467156   ev/simsec=23563.2
     Messages:  created: 120946   present: 1940   in FES: 237
** Event #156928   t=7.180382843579   Elapsed: 10.0454s (0m 10s)  1% completed  (0% total)
     Speed:     ev/sec=10579.6   simsec/sec=0.409526   ev/simsec=25833.7
     Messages:  created: 139022   present: 1976   in FES: 249
** Event #177408   t=8.080356990529   Elapsed: 12.0647s (0m 12s)  1% completed  (0% total)
     Speed:     ev/sec=10141.9   simsec/sec=0.445677   ev/simsec=22756.2
     Messages:  created: 156206   present: 1931   in FES: 230
** Event #190208   t=9.008010259965   Elapsed: 14.0949s (0m 14s)  1% completed  (0% total)
     Speed:     ev/sec=6304.64   simsec/sec=0.456916   ev/simsec=13798.3
     Messages:  created: 166686   present: 1942   in FES: 237
** Event #210176   t=9.271495774325   Elapsed: 16.1006s (0m 16s)  1% completed  (0% total)
     Speed:     ev/sec=9955.73   simsec/sec=0.13137   ev/simsec=75784.1
     Messages:  created: 183452   present: 1965   in FES: 246
** Event #231936   t=10.134208141472   Elapsed: 18.1226s (0m 18s)  2% completed  (1% total)
     Speed:     ev/sec=10761.9   simsec/sec=0.426674   ev/simsec=25222.8
     Messages:  created: 201440   present: 1867   in FES: 212
** Event #247552   t=11.048155505477   Elapsed: 20.125s (0m 20s)  2% completed  (1% total)
     Speed:     ev/sec=7798.66   simsec/sec=0.456427   ev/simsec=17086.3
     Messages:  created: 214288   present: 1852   in FES: 203
** Event #265984   t=11.484076515115   Elapsed: 22.1739s (0m 22s)  2% completed  (1% total)
     Speed:     ev/sec=8995.87   simsec/sec=0.212754   ev/simsec=42282.9
     Messages:  created: 229986   present: 1966   in FES: 245
** Event #288256   t=12.358204692045   Elapsed: 24.1822s (0m 24s)  2% completed  (1% total)
     Speed:     ev/sec=11090.3   simsec/sec=0.43527   ev/simsec=25479.1
     Messages:  created: 248552   present: 1968   in FES: 245
** Event #310272   t=13.186116841299   Elapsed: 26.2124s (0m 26s)  2% completed  (1% total)
     Speed:     ev/sec=10844.1   simsec/sec=0.407794   ev/simsec=26592.2
     Messages:  created: 266916   present: 1904   in FES: 225
** Event #333056   t=14.126487159974   Elapsed: 28.2562s (0m 28s)  2% completed  (1% total)
     Speed:     ev/sec=11147.9   simsec/sec=0.460109   ev/simsec=24228.8
     Messages:  created: 286097   present: 1952   in FES: 254
** Event #352768   t=15.064711884501   Elapsed: 30.2787s (0m 30s)  3% completed  (1% total)
     Speed:     ev/sec=9746.43   simsec/sec=0.463897   ev/simsec=21009.9
     Messages:  created: 302522   present: 1947   in FES: 234
** Event #369152   t=16.015693261178   Elapsed: 32.2933s (0m 32s)  3% completed  (1% total)
     Speed:     ev/sec=8132.45   simsec/sec=0.472034   ev/simsec=17228.5
     Messages:  created: 316106   present: 1973   in FES: 246
** Event #391936   t=16.462876887174   Elapsed: 34.3162s (0m 34s)  3% completed  (1% total)
     Speed:     ev/sec=11263.2   simsec/sec=0.221063   ev/simsec=50950
     Messages:  created: 335393   present: 1944   in FES: 254
** Event #415232   t=17.382486164919   Elapsed: 36.3271s (0m 36s)  3% completed  (1% total)
     Speed:     ev/sec=11584.9   simsec/sec=0.457313   ev/simsec=25332.5
     Messages:  created: 354821   present: 1839   in FES: 204
** Event #438016   t=18.220797070122   Elapsed: 38.373s (0m 38s)  3% completed  (1% total)
     Speed:     ev/sec=11136.5   simsec/sec=0.409753   ev/simsec=27178.5
     Messages:  created: 373940   present: 1956   in FES: 243
** Event #460800   t=19.159872007285   Elapsed: 40.3751s (0m 40s)  3% completed  (1% total)
     Speed:     ev/sec=11380   simsec/sec=0.469043   ev/simsec=24262.2
     Messages:  created: 393048   present: 1986   in FES: 253
** Event #484352   t=20.1   Elapsed: 42.4025s (0m 42s)  4% completed  (2% total)
     Speed:     ev/sec=11616.9   simsec/sec=0.463715   ev/simsec=25051.9
     Messages:  created: 412762   present: 1842   in FES: 203
** Event #507648   t=21.080376519898   Elapsed: 44.4491s (0m 44s)  4% completed  (2% total)
     Speed:     ev/sec=11382.7   simsec/sec=0.479023   ev/simsec=23762.3
     Messages:  created: 432294   present: 1908   in FES: 223
** Event #529408   t=22.063182204869   Elapsed: 46.451s (0m 46s)  4% completed  (2% total)
     Speed:     ev/sec=10869.7   simsec/sec=0.490939   ev/simsec=22140.7
     Messages:  created: 450509   present: 1995   in FES: 252
** Event #556544   t=23.070366629782   Elapsed: 48.4707s (0m 48s)  4% completed  (2% total)
     Speed:     ev/sec=13435.4   simsec/sec=0.498672   ev/simsec=26942.4
     Messages:  created: 473224   present: 2000   in FES: 251
** Event #581888   t=24.070368306711   Elapsed: 50.4712s (0m 50s)  4% completed  (2% total)
     Speed:     ev/sec=12668.7   simsec/sec=0.499869   ev/simsec=25344
     Messages:  created: 494428   present: 1883   in FES: 212
** Event #605440   t=25.063179364773   Elapsed: 52.4731s (0m 52s)  5% completed  (2% total)
     Speed:     ev/sec=11765.2   simsec/sec=0.495948   ev/simsec=23722.5
     Messages:  created: 514273   present: 2150   in FES: 302
** Event #623872   t=26.02714114001   Elapsed: 54.475s (0m 54s)  5% completed  (2% total)
     Speed:     ev/sec=9207.01   simsec/sec=0.481511   ev/simsec=19121.1
     Messages:  created: 529452   present: 1958   in FES: 241
** Event #645888   t=26.484076551463   Elapsed: 56.5061s (0m 56s)  5% completed  (2% total)
     Speed:     ev/sec=10839.8   simsec/sec=0.224976   ev/simsec=48181.9
     Messages:  created: 548100   present: 1952   in FES: 241
** Event #669184   t=27.404160944721   Elapsed: 58.525s (0m 58s)  5% completed  (2% total)
     Speed:     ev/sec=11538.6   simsec/sec=0.455721   ev/simsec=25319.4
     Messages:  created: 567498   present: 1934   in FES: 235
** Event #693248   t=28.357895309697   Elapsed: 60.5661s (1m 00s)  5% completed  (2% total)
     Speed:     ev/sec=11789.6   simsec/sec=0.46726   ev/simsec=25231.3
     Messages:  created: 587656   present: 1843   in FES: 204
** Event #716544   t=29.220797055957   Elapsed: 62.5663s (1m 02s)  5% completed  (2% total)
     Speed:     ev/sec=11647.1   simsec/sec=0.431419   ev/simsec=26997.3
     Messages:  created: 607178   present: 1965   in FES: 246
** Event #742912   t=30.288111990712   Elapsed: 64.5934s (1m 04s)  6% completed  (3% total)
     Speed:     ev/sec=13007.5   simsec/sec=0.526515   ev/simsec=24705
     Messages:  created: 629244   present: 1896   in FES: 223
** Event #770304   t=31.404018245055   Elapsed: 66.6192s (1m 06s)  6% completed  (3% total)
     Speed:     ev/sec=13521.9   simsec/sec=0.55086   ev/simsec=24546.9
     Messages:  created: 652124   present: 1842   in FES: 205
** Event #796928   t=32.449516589489   Elapsed: 68.632s (1m 08s)  6% completed  (3% total)
     Speed:     ev/sec=13227.1   simsec/sec=0.519413   ev/simsec=25465.4
     Messages:  created: 674514   present: 1987   in FES: 254
** Event #820992   t=33.404018441509   Elapsed: 70.6475s (1m 10s)  6% completed  (3% total)
     Speed:     ev/sec=11939.7   simsec/sec=0.473591   ev/simsec=25211.1
     Messages:  created: 694645   present: 1954   in FES: 254
** Event #845056   t=34.357892915744   Elapsed: 72.6636s (1m 12s)  6% completed  (3% total)
     Speed:     ev/sec=11935.9   simsec/sec=0.47313   ev/simsec=25227.6
     Messages:  created: 714836   present: 1958   in FES: 243
** Event #871424   t=35.398421737998   Elapsed: 74.668s (1m 14s)  7% completed  (3% total)
     Speed:     ev/sec=13155.2   simsec/sec=0.519128   ev/simsec=25341
     Messages:  created: 736906   present: 1934   in FES: 235
** Event #895232   t=36.337162910032   Elapsed: 76.6715s (1m 16s)  7% completed  (3% total)
     Speed:     ev/sec=11883   simsec/sec=0.468543   ev/simsec=25361.6
     Messages:  created: 756824   present: 1974   in FES: 249
** Event #920320   t=37.31707068985   Elapsed: 78.683s (1m 18s)  7% completed  (3% total)
     Speed:     ev/sec=12471.9   simsec/sec=0.487137   ev/simsec=25602.4
     Messages:  created: 777832   present: 1989   in FES: 254
** Event #947968   t=38.412355727649   Elapsed: 80.6881s (1m 20s)  7% completed  (3% total)
     Speed:     ev/sec=13789.3   simsec/sec=0.546267   ev/simsec=25242.7
     Messages:  created: 800950   present: 1955   in FES: 242
** Event #973568   t=39.417598932923   Elapsed: 82.6927s (1m 22s)  7% completed  (3% total)
     Speed:     ev/sec=12770.3   simsec/sec=0.501453   ev/simsec=25466.5
     Messages:  created: 822376   present: 1901   in FES: 224
** Event #1000192   t=40.481949225088   Elapsed: 84.7341s (1m 24s)  8% completed  (4% total)
     Speed:     ev/sec=13042.3   simsec/sec=0.521394   ev/simsec=25014.3
     Messages:  created: 844774   present: 1890   in FES: 221
** Event #1023744   t=41.404162893877   Elapsed: 86.7359s (1m 26s)  8% completed  (4% total)
     Speed:     ev/sec=11765.2   simsec/sec=0.460685   ev/simsec=25538.6
     Messages:  created: 864382   present: 1861   in FES: 210
** Event #1048064   t=42.373708936691   Elapsed: 88.7662s (1m 28s)  8% completed  (4% total)
     Speed:     ev/sec=11978.5   simsec/sec=0.477537   ev/simsec=25083.9
     Messages:  created: 884890   present: 1935   in FES: 236
** Event #1071616   t=43.227843476704   Elapsed: 90.7852s (1m 30s)  8% completed  (4% total)
     Speed:     ev/sec=11665.5   simsec/sec=0.423059   ev/simsec=27574.1
     Messages:  created: 904492   present: 1905   in FES: 224
** Event #1099776   t=44.412264146647   Elapsed: 92.8056s (1m 32s)  8% completed  (4% total)
     Speed:     ev/sec=13937.7   simsec/sec=0.586224   ev/simsec=23775.3
     Messages:  created: 928135   present: 1978   in FES: 254
** Event #1125888   t=45.437241680213   Elapsed: 94.8388s (1m 34s)  9% completed  (4% total)
     Speed:     ev/sec=12842.7   simsec/sec=0.504117   ev/simsec=25475.7
     Messages:  created: 949996   present: 1917   in FES: 230
** Event #1149952   t=46.398422310114   Elapsed: 96.8551s (1m 36s)  9% completed  (4% total)
     Speed:     ev/sec=11934.7   simsec/sec=0.476705   ev/simsec=25035.9
     Messages:  created: 970166   present: 1911   in FES: 228
** Event #1175808   t=47.412355705228   Elapsed: 98.8694s (1m 38s)  9% completed  (4% total)
     Speed:     ev/sec=12836.1   simsec/sec=0.503365   ev/simsec=25500.7
     Messages:  created: 991776   present: 1970   in FES: 247
** Event #1200384   t=48.382629812156   Elapsed: 100.888s (1m 40s)  9% completed  (4% total)
     Speed:     ev/sec=12175.6   simsec/sec=0.480699   ev/simsec=25328.9
     Messages:  created: 1012364   present: 1895   in FES: 222
** Event #1232128   t=50.03191344611   Elapsed: 102.891s (1m 42s)  10% completed  (5% total)
     Speed:     ev/sec=15850.3   simsec/sec=0.823514   ev/simsec=19247.1
     Messages:  created: 1038900   present: 1949   in FES: 236
** Event #1268736   t=51.134205191008   Elapsed: 104.913s (1m 44s)  10% completed  (5% total)
     Speed:     ev/sec=18101   simsec/sec=0.545032   ev/simsec=33210.8
     Messages:  created: 1070274   present: 1961   in FES: 244
** Event #1292544   t=52.147807092601   Elapsed: 106.956s (1m 46s)  10% completed  (5% total)
     Speed:     ev/sec=11653   simsec/sec=0.496114   ev/simsec=23488.5
     Messages:  created: 1091046   present: 1901   in FES: 224
** Event #1317376   t=53.287970829819   Elapsed: 108.963s (1m 48s)  10% completed  (5% total)
     Speed:     ev/sec=12375.7   simsec/sec=0.568231   ev/simsec=21779.3
     Messages:  created: 1113652   present: 1963   in FES: 254
** Event #1352192   t=55.077834853491   Elapsed: 110.964s (1m 50s)  11% completed  (5% total)
     Speed:     ev/sec=17395.6   simsec/sec=0.894294   ev/simsec=19451.8
     Messages:  created: 1146144   present: 2001   in FES: 254
** Event #1385728   t=57.031857955968   Elapsed: 112.966s (1m 52s)  11% completed  (5% total)
     Speed:     ev/sec=16752.5   simsec/sec=0.976106   ev/simsec=17162.5
     Messages:  created: 1177488   present: 1854   in FES: 205
** Event #1442560   t=59.412359735524   Elapsed: 114.97s (1m 54s)  11% completed  (5% total)
     Speed:     ev/sec=28364.7   simsec/sec=1.1881   ev/simsec=23874
     Messages:  created: 1231006   present: 1955   in FES: 242
** Event #1486080   t=61.484044546847   Elapsed: 116.979s (1m 56s)  12% completed  (6% total)
     Speed:     ev/sec=21658.1   simsec/sec=1.03099   ev/simsec=21007.1
     Messages:  created: 1271370   present: 1955   in FES: 242
** Event #1538304   t=64.067995379864   Elapsed: 118.982s (1m 58s)  12% completed  (6% total)
     Speed:     ev/sec=26071.2   simsec/sec=1.28996   ev/simsec=20210.9
     Messages:  created: 1319228   present: 1958   in FES: 237
** Event #1572864   t=66.008470452783   Elapsed: 120.988s (2m 00s)  13% completed  (6% total)
     Speed:     ev/sec=17232.4   simsec/sec=0.967567   ev/simsec=17810.1
     Messages:  created: 1350566   present: 1976   in FES: 247
** Event #1611520   t=67.316976814738   Elapsed: 122.99s (2m 02s)  13% completed  (6% total)
     Speed:     ev/sec=19305.5   simsec/sec=0.653491   ev/simsec=29542.1
     Messages:  created: 1385896   present: 1947   in FES: 254
** Event #1651200   t=69.11519396432   Elapsed: 125.013s (2m 05s)  13% completed  (6% total)
     Speed:     ev/sec=19618.3   simsec/sec=0.889063   ev/simsec=22066.3
     Messages:  created: 1421568   present: 1877   in FES: 216
** Event #1688064   t=71.050179882857   Elapsed: 127.013s (2m 07s)  14% completed  (7% total)
     Speed:     ev/sec=18429.6   simsec/sec=0.967368   ev/simsec=19051.3
     Messages:  created: 1454642   present: 1977   in FES: 244
** Event #1724672   t=72.43719646679   Elapsed: 129.017s (2m 09s)  14% completed  (7% total)
     Speed:     ev/sec=18261.6   simsec/sec=0.691902   ev/simsec=26393.3
     Messages:  created: 1487704   present: 1971   in FES: 248
** Event #1763840   t=74.186091583959   Elapsed: 131.038s (2m 11s)  14% completed  (7% total)
     Speed:     ev/sec=19383.1   simsec/sec=0.865478   ev/simsec=22395.9
     Messages:  created: 1523068   present: 1961   in FES: 244
** Event #1799936   t=76.062098657099   Elapsed: 133.042s (2m 13s)  15% completed  (7% total)
     Speed:     ev/sec=18009.6   simsec/sec=0.936007   ev/simsec=19240.9
     Messages:  created: 1555600   present: 1947   in FES: 236
** Event #1833984   t=77.437196441222   Elapsed: 135.043s (2m 15s)  15% completed  (7% total)
     Speed:     ev/sec=17019.8   simsec/sec=0.68738   ev/simsec=24760.4
     Messages:  created: 1586630   present: 1982   in FES: 251
** Event #1877248   t=79.437196498568   Elapsed: 137.044s (2m 17s)  15% completed  (7% total)
     Speed:     ev/sec=21619.7   simsec/sec=0.999433   ev/simsec=21632
     Messages:  created: 1626004   present: 1959   in FES: 244
** Event #1926912   t=82.048156118348   Elapsed: 139.044s (2m 19s)  16% completed  (8% total)
     Speed:     ev/sec=24828.2   simsec/sec=1.30528   ev/simsec=19021.4
     Messages:  created: 1671260   present: 1873   in FES: 210
** Event #1976832   t=84.134067247829   Elapsed: 141.048s (2m 21s)  16% completed  (8% total)
     Speed:     ev/sec=24919.4   simsec/sec=1.04126   ev/simsec=23932
     Messages:  created: 1717720   present: 1953   in FES: 254
** Event #2024960   t=86.4649531534   Elapsed: 143.064s (2m 23s)  17% completed  (8% total)
     Speed:     ev/sec=23871.4   simsec/sec=1.15612   ev/simsec=20647.9
     Messages:  created: 1762668   present: 1955   in FES: 242
** Event #2078976   t=89.134070745835   Elapsed: 145.072s (2m 25s)  17% completed  (8% total)
     Speed:     ev/sec=26897.7   simsec/sec=1.32911   ev/simsec=20237.4
     Messages:  created: 1813761   present: 1978   in FES: 254
** Event #2134272   t=92.064660728791   Elapsed: 147.073s (2m 27s)  18% completed  (9% total)
     Speed:     ev/sec=27639.9   simsec/sec=1.46487   ev/simsec=18868.6
     Messages:  created: 1866332   present: 2001   in FES: 254
** Event #2193408   t=95.06317934101   Elapsed: 149.077s (2m 29s)  19% completed  (9% total)
     Speed:     ev/sec=29499.6   simsec/sec=1.49579   ev/simsec=19721.7
     Messages:  created: 1922991   present: 2151   in FES: 303
** Event #2253824   t=98.070314118443   Elapsed: 151.08s (2m 31s)  19% completed  (9% total)
     Speed:     ev/sec=30170   simsec/sec=1.50168   ev/simsec=20090.9
     Messages:  created: 1980875   present: 1982   in FES: 254
** Event #2305792   t=100.337119062572   Elapsed: 153.092s (2m 33s)  20% completed  (10% total)
     Speed:     ev/sec=25825.8   simsec/sec=1.1265   ev/simsec=22925.7
     Messages:  created: 2032923   present: 1976   in FES: 253
** Event #2375936   t=104.031916141675   Elapsed: 155.096s (2m 35s)  20% completed  (10% total)
     Speed:     ev/sec=35009.4   simsec/sec=1.8441   ev/simsec=18984.5
     Messages:  created: 2099926   present: 2606   in FES: 216
** Event #2442752   t=107.070312529563   Elapsed: 157.107s (2m 37s)  21% completed  (10% total)
     Speed:     ev/sec=33221.6   simsec/sec=1.51072   ev/simsec=21990.5
     Messages:  created: 2163168   present: 3296   in FES: 254
** Event #2491648   t=109.373664217763   Elapsed: 159.112s (2m 39s)  21% completed  (10% total)
     Speed:     ev/sec=24378.5   simsec/sec=1.1484   ev/simsec=21228.2
     Messages:  created: 2209321   present: 3735   in FES: 242
** Event #2550784   t=112.227841487751   Elapsed: 161.126s (2m 41s)  22% completed  (11% total)
     Speed:     ev/sec=29374.1   simsec/sec=1.41773   ev/simsec=20719.1
     Messages:  created: 2265092   present: 4315   in FES: 243
** Event #2615552   t=115.48190829263   Elapsed: 163.134s (2m 43s)  23% completed  (11% total)
     Speed:     ev/sec=32243.5   simsec/sec=1.61998   ev/simsec=19903.7
     Messages:  created: 2326014   present: 4868   in FES: 212
** Event #2683392   t=119.05574498123   Elapsed: 165.139s (2m 45s)  23% completed  (11% total)
     Speed:     ev/sec=33843.8   simsec/sec=1.7829   ev/simsec=18982.4
     Messages:  created: 2389780   present: 5731   in FES: 255
** Event #2745344   t=122.062739397845   Elapsed: 167.141s (2m 47s)  24% completed  (12% total)
     Speed:     ev/sec=30940   simsec/sec=1.50175   ev/simsec=20602.6
     Messages:  created: 2448200   present: 6319   in FES: 253
** Event #2799104   t=125.006786679054   Elapsed: 169.144s (2m 49s)  25% completed  (12% total)
     Speed:     ev/sec=26847.6   simsec/sec=1.47025   ev/simsec=18260.6
     Messages:  created: 2498566   present: 6873   in FES: 245
** Event #2868992   t=128.077147353225   Elapsed: 171.148s (2m 51s)  25% completed  (12% total)
     Speed:     ev/sec=34872   simsec/sec=1.53202   ev/simsec=22762.1
     Messages:  created: 2564811   present: 7503   in FES: 254
** Event #2933248   t=131.144529034542   Elapsed: 173.153s (2m 53s)  26% completed  (13% total)
     Speed:     ev/sec=32036.2   simsec/sec=1.52931   ev/simsec=20948.2
     Messages:  created: 2625359   present: 8076   in FES: 237
** Event #2984448   t=134.034529261065   Elapsed: 175.157s (2m 55s)  26% completed  (13% total)
     Speed:     ev/sec=25553.1   simsec/sec=1.44235   ev/simsec=17716.3
     Messages:  created: 2673290   present: 8698   in FES: 246
** Event #3047424   t=137.049848192752   Elapsed: 177.162s (2m 57s)  27% completed  (13% total)
     Speed:     ev/sec=31418.6   simsec/sec=1.50434   ev/simsec=20885.4
     Messages:  created: 2732665   present: 9285   in FES: 240
** Event #3118336   t=140.227749975781   Elapsed: 179.164s (2m 59s)  28% completed  (14% total)
     Speed:     ev/sec=35409.6   simsec/sec=1.58687   ev/simsec=22314.1
     Messages:  created: 2799841   present: 9917   in FES: 254
** Event #3179776   t=143.3   Elapsed: 181.164s (3m 01s)  28% completed  (14% total)
     Speed:     ev/sec=30717.2   simsec/sec=1.53598   ev/simsec=19998.4
     Messages:  created: 2857595   present: 10406   in FES: 202
** Event #3243008   t=146.423648703914   Elapsed: 183.174s (3m 03s)  29% completed  (14% total)
     Speed:     ev/sec=31466   simsec/sec=1.55442   ev/simsec=20243
     Messages:  created: 2917167   present: 11069   in FES: 216
** Event #3304704   t=149.481814510534   Elapsed: 185.178s (3m 05s)  29% completed  (14% total)
     Speed:     ev/sec=30792.9   simsec/sec=1.52635   ev/simsec=20174.2
     Messages:  created: 2975371   present: 11781   in FES: 254
** Event #3361024   t=152.209029474524   Elapsed: 187.178s (3m 07s)  30% completed  (15% total)
     Speed:     ev/sec=28159.8   simsec/sec=1.3636   ev/simsec=20651.1
     Messages:  created: 3028479   present: 12323   in FES: 254
** Event #3428608   t=156.023966169916   Elapsed: 189.179s (3m 09s)  31% completed  (15% total)
     Speed:     ev/sec=33772.8   simsec/sec=1.90639   ev/simsec=17715.6
     Messages:  created: 3091618   present: 12955   in FES: 204
** Event #3495680   t=159.063130485373   Elapsed: 191.18s (3m 11s)  31% completed  (15% total)
     Speed:     ev/sec=33511.9   simsec/sec=1.51849   ev/simsec=22069.2
     Messages:  created: 3155225   present: 13862   in FES: 305
** Event #3552768   t=162.041891833767   Elapsed: 193.184s (3m 13s)  32% completed  (16% total)
     Speed:     ev/sec=28494.3   simsec/sec=1.48679   ev/simsec=19165
     Messages:  created: 3208666   present: 14169   in FES: 204
** Event #3608320   t=164.449610140786   Elapsed: 195.186s (3m 15s)  32% completed  (16% total)
     Speed:     ev/sec=27744.6   simsec/sec=1.2025   ev/simsec=23072.5
     Messages:  created: 3261348   present: 14732   in FES: 236
** Event #3669504   t=167.46494917439   Elapsed: 197.19s (3m 17s)  33% completed  (16% total)
     Speed:     ev/sec=30528.9   simsec/sec=1.50456   ev/simsec=20290.9
     Messages:  created: 3319019   present: 15355   in FES: 242
** Event #3724544   t=170.164509987996   Elapsed: 199.195s (3m 19s)  34% completed  (17% total)
     Speed:     ev/sec=27448.5   simsec/sec=1.34627   ev/simsec=20388.5
     Messages:  created: 3370844   present: 15821   in FES: 217
** Event #3774464   t=173.027020985332   Elapsed: 201.2s (3m 21s)  34% completed  (17% total)
     Speed:     ev/sec=24894   simsec/sec=1.42747   ev/simsec=17439.2
     Messages:  created: 3417382   present: 16503   in FES: 251
** Event #3829248   t=175.237933610234   Elapsed: 203.215s (3m 23s)  35% completed  (17% total)
     Speed:     ev/sec=27195   simsec/sec=1.0975   ev/simsec=24778.9
     Messages:  created: 3468880   present: 16791   in FES: 202
** Event #3879936   t=178.041985913752   Elapsed: 205.219s (3m 25s)  35% completed  (17% total)
     Speed:     ev/sec=25296   simsec/sec=1.39937   ev/simsec=18076.7
     Messages:  created: 3515519   present: 17504   in FES: 249
** Event #3933184   t=180.186076089919   Elapsed: 207.229s (3m 27s)  36% completed  (18% total)
     Speed:     ev/sec=26493   simsec/sec=1.06677   ev/simsec=24834.8
     Messages:  created: 3564666   present: 17882   in FES: 236
** Event #3983360   t=183.003763901333   Elapsed: 209.23s (3m 29s)  36% completed  (18% total)
     Speed:     ev/sec=25073.5   simsec/sec=1.40803   ev/simsec=17807.5
     Messages:  created: 3609635   present: 18434   in FES: 233
** Event #4031488   t=185.034475325851   Elapsed: 211.233s (3m 31s)  37% completed  (18% total)
     Speed:     ev/sec=24023   simsec/sec=1.01362   ev/simsec=23700.1
     Messages:  created: 3652642   present: 18886   in FES: 254
** Event #4070656   t=186.404116398112   Elapsed: 213.243s (3m 33s)  37% completed  (18% total)
     Speed:     ev/sec=19493.6   simsec/sec=0.681661   ev/simsec=28597.3
     Messages:  created: 3687574   present: 19156   in FES: 246
** Event #4103936   t=188.051410950492   Elapsed: 215.249s (3m 35s)  37% completed  (18% total)
     Speed:     ev/sec=16584.6   simsec/sec=0.820905   ev/simsec=20202.8
     Messages:  created: 3716287   present: 19504   in FES: 245
** Event #4137216   t=189.200192015381   Elapsed: 217.26s (3m 37s)  37% completed  (18% total)
     Speed:     ev/sec=16548.3   simsec/sec=0.571226   ev/simsec=28969.8
     Messages:  created: 3745589   present: 19712   in FES: 245
** Event #4165632   t=190.449515879632   Elapsed: 219.287s (3m 39s)  38% completed  (19% total)
     Speed:     ev/sec=14019.8   simsec/sec=0.616388   ev/simsec=22745.1
     Messages:  created: 3770120   present: 19958   in FES: 254
** Event #4208384   t=192.200191985834   Elapsed: 221.304s (3m 41s)  38% completed  (19% total)
     Speed:     ev/sec=21197   simsec/sec=0.868007   ev/simsec=24420.3
     Messages:  created: 3807081   present: 20330   in FES: 251
** Event #4237056   t=193.423694873877   Elapsed: 223.313s (3m 43s)  38% completed  (19% total)
     Speed:     ev/sec=14275.1   simsec/sec=0.609152   ev/simsec=23434.4
     Messages:  created: 3831485   present: 20506   in FES: 229
** Event #4277248   t=195.098021199906   Elapsed: 225.315s (3m 45s)  39% completed  (19% total)
     Speed:     ev/sec=20073.7   simsec/sec=0.836236   ev/simsec=24004.9
     Messages:  created: 3865856   present: 20902   in FES: 248
** Event #4305920   t=196.220761105109   Elapsed: 227.315s (3m 47s)  39% completed  (19% total)
     Speed:     ev/sec=14331.9   simsec/sec=0.561211   ev/simsec=25537.5
     Messages:  created: 3890276   present: 21110   in FES: 244
** Event #4332544   t=197.358216756349   Elapsed: 229.319s (3m 49s)  39% completed  (19% total)
     Speed:     ev/sec=13284.5   simsec/sec=0.567554   ev/simsec=23406.6
     Messages:  created: 3912886   present: 21342   in FES: 244
** Event #4359936   t=198.481904010412   Elapsed: 231.337s (3m 51s)  39% completed  (19% total)
     Speed:     ev/sec=13578.3   simsec/sec=0.557015   ev/simsec=24376.9
     Messages:  created: 3936146   present: 21586   in FES: 252
** Event #4389632   t=200.038034683787   Elapsed: 233.34s (3m 53s)  40% completed  (20% total)
     Speed:     ev/sec=14827.6   simsec/sec=0.776999   ev/simsec=19083.2
     Messages:  created: 3960982   present: 21882   in FES: 242
** Event #4423680   t=201.099639114445   Elapsed: 235.345s (3m 55s)  40% completed  (20% total)
     Speed:     ev/sec=16976.4   simsec/sec=0.529317   ev/simsec=32072.2
     Messages:  created: 3990464   present: 22082   in FES: 254
** Event #4451840   t=202.200201377002   Elapsed: 237.355s (3m 57s)  40% completed  (20% total)
     Speed:     ev/sec=14009   simsec/sec=0.547506   ev/simsec=25586.9
     Messages:  created: 4014359   present: 22227   in FES: 216
** Event #4479488   t=203.382628316458   Elapsed: 239.365s (3m 59s)  40% completed  (20% total)
     Speed:     ev/sec=13755.4   simsec/sec=0.588278   ev/simsec=23382.4
     Messages:  created: 4037832   present: 22547   in FES: 245
** Event #4518144   t=205.070314980491   Elapsed: 241.366s (4m 01s)  41% completed  (20% total)
     Speed:     ev/sec=19316.2   simsec/sec=0.843328   ev/simsec=22904.7
     Messages:  created: 4070565   present: 22921   in FES: 254
** Event #4551424   t=206.337164340427   Elapsed: 243.39s (4m 03s)  41% completed  (20% total)
     Speed:     ev/sec=16444.7   simsec/sec=0.625992   ev/simsec=26269.9
     Messages:  created: 4099056   present: 23101   in FES: 233
** Event #4577536   t=207.412397141924   Elapsed: 245.406s (4m 05s)  41% completed  (20% total)
     Speed:     ev/sec=12955.6   simsec/sec=0.533483   ev/simsec=24285
     Messages:  created: 4121388   present: 23320   in FES: 234
** Event #4606464   t=209.025857201349   Elapsed: 247.407s (4m 07s)  41% completed  (20% total)
     Speed:     ev/sec=14452.1   simsec/sec=0.806067   ev/simsec=17929.2
     Messages:  created: 4145794   present: 23568   in FES: 206
** Event #4644864   t=210.18607155831   Elapsed: 249.422s (4m 09s)  42% completed  (21% total)
     Speed:     ev/sec=19056.5   simsec/sec=0.57577   ev/simsec=33097.3
     Messages:  created: 4179248   present: 23931   in FES: 253
** Event #4681984   t=212.049243165696   Elapsed: 251.423s (4m 11s)  42% completed  (21% total)
     Speed:     ev/sec=18557.6   simsec/sec=0.931468   ev/simsec=19923
     Messages:  created: 4210901   present: 24323   in FES: 254
** Event #4719104   t=213.373696164735   Elapsed: 253.438s (4m 13s)  42% completed  (21% total)
     Speed:     ev/sec=18418.2   simsec/sec=0.657167   ev/simsec=28026.7
     Messages:  created: 4243577   present: 24535   in FES: 242
** Event #4756992   t=215.078661347056   Elapsed: 255.442s (4m 15s)  43% completed  (21% total)
     Speed:     ev/sec=18909.5   simsec/sec=0.850931   ev/simsec=22222.2
     Messages:  created: 4276826   present: 24890   in FES: 242
** Event #4785920   t=216.227874789165   Elapsed: 257.458s (4m 17s)  43% completed  (21% total)
     Speed:     ev/sec=14345.3   simsec/sec=0.569891   ev/simsec=25172
     Messages:  created: 4302460   present: 25095   in FES: 237
** Event #4820224   t=218.051410955505   Elapsed: 259.462s (4m 19s)  43% completed  (21% total)
     Speed:     ev/sec=17118.1   simsec/sec=0.909967   ev/simsec=18811.8
     Messages:  created: 4332797   present: 25507   in FES: 246
** Event #4858624   t=220.015693384311   Elapsed: 261.472s (4m 21s)  44% completed  (22% total)
     Speed:     ev/sec=19102.9   simsec/sec=0.977172   ev/simsec=19549.1
     Messages:  created: 4367254   present: 25870   in FES: 242
** Event #4902144   t=222.024096380465   Elapsed: 263.482s (4m 23s)  44% completed  (22% total)
     Speed:     ev/sec=21655.4   simsec/sec=0.999374   ev/simsec=21669
     Messages:  created: 4406875   present: 26265   in FES: 240
** Event #4943104   t=223.48190409598   Elapsed: 265.495s (4m 25s)  44% completed  (22% total)
     Speed:     ev/sec=20349.9   simsec/sec=0.724274   ev/simsec=28097
     Messages:  created: 4445517   present: 26571   in FES: 249
** Event #5000192   t=225.089123754017   Elapsed: 267.5s (4m 27s)  45% completed  (22% total)
     Speed:     ev/sec=28477.2   simsec/sec=0.801729   ev/simsec=35519.7
     Messages:  created: 4509338   present: 26823   in FES: 254
** Event #5054720   t=227.194948879656   Elapsed: 269.502s (4m 29s)  45% completed  (22% total)
     Speed:     ev/sec=27225.2   simsec/sec=1.05141   ev/simsec=25893.9
     Messages:  created: 4564675   present: 27361   in FES: 289
** Event #5120512   t=229.051118197789   Elapsed: 271.508s (4m 31s)  45% completed  (22% total)
     Speed:     ev/sec=32803.7   simsec/sec=0.925479   ev/simsec=35445
     Messages:  created: 4640357   present: 27720   in FES: 251
** Event #5174016   t=231.437196560443   Elapsed: 273.51s (4m 33s)  46% completed  (23% total)
     Speed:     ev/sec=26732.3   simsec/sec=1.19216   ev/simsec=22423.4
     Messages:  created: 4690872   present: 28140   in FES: 240
** Event #5233920   t=234.398377306932   Elapsed: 275.518s (4m 35s)  46% completed  (23% total)
     Speed:     ev/sec=29824   simsec/sec=1.47426   ev/simsec=20229.8
     Messages:  created: 4747258   present: 28734   in FES: 240
** Event #5302784   t=238.050125913297   Elapsed: 277.519s (4m 37s)  47% completed  (23% total)
     Speed:     ev/sec=34423.6   simsec/sec=1.82543   ev/simsec=18857.8
     Messages:  created: 4811936   present: 29488   in FES: 254
** Event #5359616   t=241.024060298466   Elapsed: 279.521s (4m 39s)  48% completed  (24% total)
     Speed:     ev/sec=28380.7   simsec/sec=1.48512   ev/simsec=19110
     Messages:  created: 4865335   present: 30086   in FES: 247
** Event #5410816   t=243.120745656564   Elapsed: 281.527s (4m 41s)  48% completed  (24% total)
     Speed:     ev/sec=25521.5   simsec/sec=1.04513   ev/simsec=24419.5
     Messages:  created: 4913997   present: 30517   in FES: 254
** Event #5470976   t=246.094516170901   Elapsed: 283.529s (4m 43s)  49% completed  (24% total)
     Speed:     ev/sec=30059   simsec/sec=1.48585   ev/simsec=20230.2
     Messages:  created: 4970582   present: 30984   in FES: 208
** Event #5533696   t=249.164505314427   Elapsed: 285.538s (4m 45s)  49% completed  (24% total)
     Speed:     ev/sec=31218.4   simsec/sec=1.52807   ev/simsec=20430
     Messages:  created: 5029750   present: 31721   in FES: 251
** Event #5597952   t=252.35775972693   Elapsed: 287.547s (4m 47s)  50% completed  (25% total)
     Speed:     ev/sec=31984.7   simsec/sec=1.5895   ev/simsec=20122.4
     Messages:  created: 5090263   present: 32365   in FES: 254
** Event #5656832   t=255.209027144402   Elapsed: 289.556s (4m 49s)  51% completed  (25% total)
     Speed:     ev/sec=29303.2   simsec/sec=1.41901   ev/simsec=20650.5
     Messages:  created: 5145805   present: 32901   in FES: 254
** Event #5707776   t=258.04815258039   Elapsed: 291.558s (4m 51s)  51% completed  (25% total)
     Speed:     ev/sec=25441.5   simsec/sec=1.41786   ev/simsec=17943.6
     Messages:  created: 5193435   present: 33481   in FES: 240
** Event #5766656   t=261.032974775054   Elapsed: 293.562s (4m 53s)  52% completed  (26% total)
     Speed:     ev/sec=29384.6   simsec/sec=1.4896   ev/simsec=19726.5
     Messages:  created: 5248855   present: 34085   in FES: 242
** Event #5818368   t=263.18037483255   Elapsed: 295.57s (4m 55s)  52% completed  (26% total)
     Speed:     ev/sec=25754.8   simsec/sec=1.0695   ev/simsec=24081.2
     Messages:  created: 5297817   present: 34524   in FES: 251
** Event #5860352   t=265.147793697433   Elapsed: 297.573s (4m 57s)  53% completed  (26% total)
     Speed:     ev/sec=20960.7   simsec/sec=0.982244   ev/simsec=21339.6
     Messages:  created: 5336046   present: 34898   in FES: 244
** Event #5900800   t=267.066503129612   Elapsed: 299.578s (4m 59s)  53% completed  (26% total)
     Speed:     ev/sec=20178.5   simsec/sec=0.957196   ev/simsec=21080.8
     Messages:  created: 5371437   present: 35287   in FES: 241
** Event #5933312   t=268.220793076156   Elapsed: 301.599s (5m 01s)  53% completed  (26% total)
     Speed:     ev/sec=16086.7   simsec/sec=0.571135   ev/simsec=28166.2
     Messages:  created: 5399410   present: 35513   in FES: 245
** Event #5961984   t=269.417595280918   Elapsed: 303.618s (5m 03s)  53% completed  (26% total)
     Speed:     ev/sec=14197.5   simsec/sec=0.592618   ev/simsec=23957.2
     Messages:  created: 5423488   present: 35720   in FES: 234
** Event #5995008   t=271.042031418553   Elapsed: 305.628s (5m 05s)  54% completed  (27% total)
     Speed:     ev/sec=16430.7   simsec/sec=0.808221   ev/simsec=20329.5
     Messages:  created: 5450653   present: 36041   in FES: 228
** Event #6027264   t=272.068466137089   Elapsed: 307.657s (5m 07s)  54% completed  (27% total)
     Speed:     ev/sec=15900.1   simsec/sec=0.505965   ev/simsec=31425.3
     Messages:  created: 5477349   present: 36239   in FES: 222
** Event #6051584   t=273.062739421961   Elapsed: 309.662s (5m 09s)  54% completed  (27% total)
     Speed:     ev/sec=12130.4   simsec/sec=0.495925   ev/simsec=24460.1
     Messages:  created: 5497298   present: 36498   in FES: 246
** Event #6078208   t=274.062740837571   Elapsed: 311.669s (5m 11s)  54% completed  (27% total)
     Speed:     ev/sec=13264   simsec/sec=0.498199   ev/simsec=26624
     Messages:  created: 5518934   present: 36653   in FES: 231
** Event #6093312   t=274.451214737878   Elapsed: 313.669s (5m 13s)  54% completed  (27% total)
     Speed:     ev/sec=7550.29   simsec/sec=0.194193   ev/simsec=38880.3
     Messages:  created: 5531324   present: 36635   in FES: 203
** Event #6117632   t=275.358206410625   Elapsed: 315.676s (5m 15s)  55% completed  (27% total)
     Speed:     ev/sec=12119.3   simsec/sec=0.451979   ev/simsec=26813.9
     Messages:  created: 5551070   present: 36917   in FES: 235
** Event #6139392   t=276.159872112945   Elapsed: 317.714s (5m 17s)  55% completed  (27% total)
     Speed:     ev/sec=10677.5   simsec/sec=0.393374   ev/simsec=27143.5
     Messages:  created: 5568702   present: 37080   in FES: 238
** Event #6161920   t=277.080787682527   Elapsed: 319.758s (5m 19s)  55% completed  (27% total)
     Speed:     ev/sec=11020.6   simsec/sec=0.450509   ev/simsec=24462.6
     Messages:  created: 5587172   present: 37322   in FES: 254
** Event #6180096   t=278.042675547357   Elapsed: 321.768s (5m 21s)  55% completed  (27% total)
     Speed:     ev/sec=9041.91   simsec/sec=0.478505   ev/simsec=18896.2
     Messages:  created: 5601771   present: 37428   in FES: 223
** Event #6200576   t=278.551214737878   Elapsed: 323.776s (5m 23s)  55% completed  (27% total)
     Speed:     ev/sec=10200.4   simsec/sec=0.253287   ev/simsec=40272.2
     Messages:  created: 5618611   present: 37456   in FES: 202
** Event #6224384   t=279.382629714436   Elapsed: 325.789s (5m 25s)  55% completed  (27% total)
     Speed:     ev/sec=11824.4   simsec/sec=0.412928   ev/simsec=28635.5
     Messages:  created: 5637956   present: 37720   in FES: 236
** Event #6245632   t=280.147850950199   Elapsed: 327.809s (5m 27s)  56% completed  (28% total)
     Speed:     ev/sec=10521.7   simsec/sec=0.378926   ev/simsec=27767.1
     Messages:  created: 5655054   present: 37865   in FES: 233
** Event #6257408   t=281.025851635628   Elapsed: 329.812s (5m 29s)  56% completed  (28% total)
     Speed:     ev/sec=5878.83   simsec/sec=0.438316   ev/simsec=13412.3
     Messages:  created: 5664342   present: 38074   in FES: 242
** Event #6277376   t=281.382612252101   Elapsed: 331.836s (5m 31s)  56% completed  (28% total)
     Speed:     ev/sec=9863.94   simsec/sec=0.176235   ev/simsec=55970.3
     Messages:  created: 5681134   present: 38156   in FES: 248
** Event #6297600   t=282.16457480835   Elapsed: 333.869s (5m 33s)  56% completed  (28% total)
     Speed:     ev/sec=9947.37   simsec/sec=0.384616   ev/simsec=25863.1
     Messages:  created: 5698038   present: 38269   in FES: 233
** Event #6316288   t=283.068433217889   Elapsed: 335.899s (5m 35s)  56% completed  (28% total)
     Speed:     ev/sec=9206.64   simsec/sec=0.445286   ev/simsec=20675.8
     Messages:  created: 5713847   present: 38409   in FES: 212
** Event #6342656   t=284.115187374315   Elapsed: 337.912s (5m 37s)  56% completed  (28% total)
     Speed:     ev/sec=13102.9   simsec/sec=0.520159   ev/simsec=25190.3
     Messages:  created: 5737288   present: 38715   in FES: 253
** Event #6370304   t=285.382593933073   Elapsed: 339.937s (5m 39s)  57% completed  (28% total)
     Speed:     ev/sec=13654   simsec/sec=0.625912   ev/simsec=21814.6
     Messages:  created: 5762260   present: 38907   in FES: 231
** Event #6400512   t=287.05572479811   Elapsed: 341.938s (5m 41s)  57% completed  (28% total)
     Speed:     ev/sec=15092.6   simsec/sec=0.835936   ev/simsec=18054.8
     Messages:  created: 5790070   present: 39316   in FES: 254
** Event #6433792   t=288.46299669803   Elapsed: 343.954s (5m 43s)  57% completed  (28% total)
     Speed:     ev/sec=16510.2   simsec/sec=0.698146   ev/simsec=23648.6
     Messages:  created: 5821493   present: 39468   in FES: 213
** Event #6483968   t=291.067997081871   Elapsed: 345.958s (5m 45s)  58% completed  (29% total)
     Speed:     ev/sec=25032   simsec/sec=1.29959   ev/simsec=19261.4
     Messages:  created: 5868628   present: 40053   in FES: 228
** Event #6546176   t=294.077923089241   Elapsed: 347.961s (5m 47s)  58% completed  (29% total)
     Speed:     ev/sec=31059.2   simsec/sec=1.50279   ev/simsec=20667.6
     Messages:  created: 5927382   present: 40701   in FES: 245
** Event #6594560   t=296.398379168859   Elapsed: 349.961s (5m 49s)  59% completed  (29% total)
     Speed:     ev/sec=24189.5   simsec/sec=1.16011   ev/simsec=20851.1
     Messages:  created: 5972966   present: 41115   in FES: 233
** Event #6659328   t=300.023966169916   Elapsed: 351.966s (5m 51s)  60% completed  (30% total)
     Speed:     ev/sec=32312.8   simsec/sec=1.80881   ev/simsec=17864.1
     Messages:  created: 6033572   present: 41755   in FES: 204
** Event #6716672   t=302.417458061149   Elapsed: 353.972s (5m 53s)  60% completed  (30% total)
     Speed:     ev/sec=28582.2   simsec/sec=1.193   ev/simsec=23958.3
     Messages:  created: 6088078   present: 42360   in FES: 254
** Event #6780928   t=306.016219533987   Elapsed: 355.976s (5m 55s)  61% completed  (30% total)
     Speed:     ev/sec=32065.2   simsec/sec=1.79586   ev/simsec=17855
     Messages:  created: 6148166   present: 43005   in FES: 219
** Event #6830592   t=308.08067603419   Elapsed: 358.018s (5m 58s)  61% completed  (30% total)
     Speed:     ev/sec=24320.1   simsec/sec=1.01095   ev/simsec=24056.7
     Messages:  created: 6195350   present: 43486   in FES: 240
** Event #6887168   t=311.051065977133   Elapsed: 360.021s (6m 00s)  62% completed  (31% total)
     Speed:     ev/sec=28250.9   simsec/sec=1.48324   ev/simsec=19046.7
     Messages:  created: 6248277   present: 44107   in FES: 254
** Event #6928128   t=313.048152565031   Elapsed: 362.029s (6m 02s)  62% completed  (31% total)
     Speed:     ev/sec=20391.7   simsec/sec=0.994237   ev/simsec=20509.9
     Messages:  created: 6286095   present: 44484   in FES: 241
** Event #6962944   t=314.373672082454   Elapsed: 364.052s (6m 04s)  62% completed  (31% total)
     Speed:     ev/sec=17213.7   simsec/sec=0.655363   ev/simsec=26265.9
     Messages:  created: 6317969   present: 44744   in FES: 245
** Event #6992640   t=316.031913570424   Elapsed: 366.054s (6m 06s)  63% completed  (31% total)
     Speed:     ev/sec=14830.9   simsec/sec=0.828164   ev/simsec=17908.1
     Messages:  created: 6343674   present: 45030   in FES: 224
** Event #7030016   t=317.184922871108   Elapsed: 368.062s (6m 08s)  63% completed  (31% total)
     Speed:     ev/sec=18612.5   simsec/sec=0.574176   ev/simsec=32416
     Messages:  created: 6376135   present: 45289   in FES: 254
** Event #7090432   t=318.005029576176   Elapsed: 370.069s (6m 10s)  63% completed  (31% total)
     Speed:     ev/sec=30104.8   simsec/sec=0.408653   ev/simsec=73668.5
     Messages:  created: 6454358   present: 45342   in FES: 256
** Event #7141120   t=318.404149861709   Elapsed: 372.087s (6m 12s)  63% completed  (31% total)
     Speed:     ev/sec=25116.7   simsec/sec=0.19777   ev/simsec=126999
     Messages:  created: 6512348   present: 45375   in FES: 232
** Event #7204352   t=319.089244994706   Elapsed: 374.09s (6m 14s)  63% completed  (31% total)
     Speed:     ev/sec=31576.2   simsec/sec=0.342116   ev/simsec=92296.7
     Messages:  created: 6589962   present: 45417   in FES: 255
** Event #7236864   t=319.424751243185   Elapsed: 376.094s (6m 16s)  63% completed  (31% total)
     Speed:     ev/sec=16222.2   simsec/sec=0.167404   ev/simsec=96904.3
     Messages:  created: 6629201   present: 45379   in FES: 211
** Event #7304704   t=320.172460015525   Elapsed: 378.117s (6m 18s)  64% completed  (32% total)
     Speed:     ev/sec=33527.8   simsec/sec=0.369531   ev/simsec=90730.5
     Messages:  created: 6711829   present: 45490   in FES: 234
** Event #7358208   t=320.87968192974   Elapsed: 380.122s (6m 20s)  64% completed  (32% total)
     Speed:     ev/sec=26694.9   simsec/sec=0.352856   ev/simsec=75653.8
     Messages:  created: 6780217   present: 45542   in FES: 256
** Event #7412736   t=321.373709476129   Elapsed: 382.13s (6m 22s)  64% completed  (32% total)
     Speed:     ev/sec=27155.7   simsec/sec=0.246033   ev/simsec=110374
     Messages:  created: 6842943   present: 45546   in FES: 225
** Event #7480576   t=322.126629134076   Elapsed: 384.132s (6m 24s)  64% completed  (32% total)
     Speed:     ev/sec=33880.3   simsec/sec=0.376019   ev/simsec=90102.6
     Messages:  created: 6925474   present: 45672   in FES: 251
** Event #7521536   t=322.591796247537   Elapsed: 386.132s (6m 26s)  64% completed  (32% total)
     Speed:     ev/sec=20479.5   simsec/sec=0.232578   ev/simsec=88054.4
     Messages:  created: 6975931   present: 45670   in FES: 255
** Event #7584000   t=323.224790415601   Elapsed: 388.144s (6m 28s)  64% completed  (32% total)
     Speed:     ev/sec=31048.6   simsec/sec=0.314639   ev/simsec=98680.2
     Messages:  created: 7050762   present: 45745   in FES: 287
** Event #7653120   t=324.063183703956   Elapsed: 390.15s (6m 30s)  64% completed  (32% total)
     Speed:     ev/sec=34461.4   simsec/sec=0.418001   ev/simsec=82443.4
     Messages:  created: 7136138   present: 45746   in FES: 232
** Event #7696128   t=324.465002422168   Elapsed: 392.164s (6m 32s)  64% completed  (32% total)
     Speed:     ev/sec=21345   simsec/sec=0.199424   ev/simsec=107033
     Messages:  created: 7187002   present: 45763   in FES: 234
** Event #7765248   t=325.220798503596   Elapsed: 394.192s (6m 34s)  65% completed  (32% total)
     Speed:     ev/sec=34099   simsec/sec=0.372857   ev/simsec=91453.2
     Messages:  created: 7270625   present: 45788   in FES: 228
** Event #7819264   t=325.953018931448   Elapsed: 396.193s (6m 36s)  65% completed  (32% total)
     Speed:     ev/sec=26984.3   simsec/sec=0.365788   ev/simsec=73770.1
     Messages:  created: 7340625   present: 45853   in FES: 255
** Event #7866368   t=326.371712348003   Elapsed: 398.196s (6m 38s)  65% completed  (32% total)
     Speed:     ev/sec=23522.5   simsec/sec=0.209085   ev/simsec=112502
     Messages:  created: 7393518   present: 45872   in FES: 255
** Event #7929344   t=327.075756057952   Elapsed: 400.196s (6m 40s)  65% completed  (32% total)
     Speed:     ev/sec=31476.9   simsec/sec=0.351898   ev/simsec=89449
     Messages:  created: 7470936   present: 46011   in FES: 282
** Event #7972608   t=327.520520103591   Elapsed: 402.2s (6m 42s)  65% completed  (32% total)
     Speed:     ev/sec=21592.4   simsec/sec=0.221975   ev/simsec=97274
     Messages:  created: 7522958   present: 46004   in FES: 247
** Event #8033536   t=328.185190806455   Elapsed: 404.201s (6m 44s)  65% completed  (32% total)
     Speed:     ev/sec=30452.5   simsec/sec=0.33221   ev/simsec=91666.4
     Messages:  created: 7596660   present: 46066   in FES: 254
** Event #8094720   t=329.004806119225   Elapsed: 406.202s (6m 46s)  65% completed  (32% total)
     Speed:     ev/sec=30569.5   simsec/sec=0.409506   ev/simsec=74649.7
     Messages:  created: 7675402   present: 46071   in FES: 254
** Event #8144640   t=329.412409145371   Elapsed: 408.217s (6m 48s)  65% completed  (32% total)
     Speed:     ev/sec=24780.6   simsec/sec=0.202337   ev/simsec=122472
     Messages:  created: 7731828   present: 46049   in FES: 221
** Event #8208896   t=330.137679270384   Elapsed: 410.217s (6m 50s)  66% completed  (33% total)
     Speed:     ev/sec=32127.2   simsec/sec=0.362626   ev/simsec=88596
     Messages:  created: 7809803   present: 46173   in FES: 249
** Event #8244992   t=330.520879642177   Elapsed: 412.221s (6m 52s)  66% completed  (33% total)
     Speed:     ev/sec=18011.1   simsec/sec=0.191208   ev/simsec=94196.2
     Messages:  created: 7854022   present: 46189   in FES: 244
** Event #8303872   t=331.17236373527   Elapsed: 414.232s (6m 54s)  66% completed  (33% total)
     Speed:     ev/sec=29279.4   simsec/sec=0.323965   ev/simsec=90378.3
     Messages:  created: 7925380   present: 46204   in FES: 255
** Event #8336384   t=331.520727056139   Elapsed: 416.236s (6m 56s)  66% completed  (33% total)
     Speed:     ev/sec=16224.7   simsec/sec=0.173847   ev/simsec=93327.9
     Messages:  created: 7965364   present: 46253   in FES: 289
** Event #8400128   t=332.200515965495   Elapsed: 418.261s (6m 58s)  66% completed  (33% total)
     Speed:     ev/sec=31482.9   simsec/sec=0.335745   ev/simsec=93770.3
     Messages:  created: 8042200   present: 46310   in FES: 254
** Event #8442880   t=332.704579033097   Elapsed: 420.267s (7m 00s)  66% completed  (33% total)
     Speed:     ev/sec=21308.3   simsec/sec=0.251234   ev/simsec=84814.8
     Messages:  created: 8096477   present: 46275   in FES: 222
** Event #8501504   t=333.27616306984   Elapsed: 422.282s (7m 02s)  66% completed  (33% total)
     Speed:     ev/sec=29090.5   simsec/sec=0.283632   ev/simsec=102564
     Messages:  created: 8166391   present: 46364   in FES: 239
** Event #8574464   t=334.074942850464   Elapsed: 424.286s (7m 04s)  66% completed  (33% total)
     Speed:     ev/sec=36412.6   simsec/sec=0.398652   ev/simsec=91339.3
     Messages:  created: 8256063   present: 46443   in FES: 254
** Event #8635648   t=334.700717797367   Elapsed: 426.286s (7m 06s)  66% completed  (33% total)
     Speed:     ev/sec=30591.1   simsec/sec=0.312879   ev/simsec=97773.2
     Messages:  created: 8331734   present: 46493   in FES: 272
** Event #8702976   t=335.31697668985   Elapsed: 428.289s (7m 08s)  67% completed  (33% total)
     Speed:     ev/sec=33613   simsec/sec=0.307663   ev/simsec=109253
     Messages:  created: 8412639   present: 46378   in FES: 206
** Event #8777472   t=336.044669492421   Elapsed: 430.308s (7m 10s)  67% completed  (33% total)
     Speed:     ev/sec=36899.4   simsec/sec=0.360441   ev/simsec=102373
     Messages:  created: 8506017   present: 46492   in FES: 227
** Event #8832768   t=336.43492655725   Elapsed: 432.311s (7m 12s)  67% completed  (33% total)
     Speed:     ev/sec=27606   simsec/sec=0.194832   ev/simsec=141691
     Messages:  created: 8571275   present: 46604   in FES: 255
** Event #8909568   t=337.107627101203   Elapsed: 434.311s (7m 14s)  67% completed  (33% total)
     Speed:     ev/sec=38398.6   simsec/sec=0.336338   ev/simsec=114167
     Messages:  created: 8665738   present: 46619   in FES: 259
** Event #8967680   t=337.586519941275   Elapsed: 436.317s (7m 16s)  67% completed  (33% total)
     Speed:     ev/sec=28968.1   simsec/sec=0.238722   ev/simsec=121347
     Messages:  created: 8737786   present: 46627   in FES: 255
** Event #9036032   t=338.181964224053   Elapsed: 438.323s (7m 18s)  67% completed  (33% total)
     Speed:     ev/sec=34078.1   simsec/sec=0.29687   ev/simsec=114792
     Messages:  created: 8821195   present: 46586   in FES: 229
** Event #9078784   t=338.522274960264   Elapsed: 440.323s (7m 20s)  67% completed  (33% total)
     Speed:     ev/sec=21375.3   simsec/sec=0.17015   ev/simsec=125626
     Messages:  created: 8874742   present: 46678   in FES: 252
** Event #9147136   t=339.169823542081   Elapsed: 442.331s (7m 22s)  67% completed  (33% total)
     Speed:     ev/sec=34043.9   simsec/sec=0.322523   ev/simsec=105555
     Messages:  created: 8959773   present: 46785   in FES: 255
** Event #9221632   t=339.950004810037   Elapsed: 444.333s (7m 24s)  67% completed  (33% total)
     Speed:     ev/sec=37193.5   simsec/sec=0.38952   ev/simsec=95485.5
     Messages:  created: 9055738   present: 46712   in FES: 237
** Event #9290752   t=340.641752800114   Elapsed: 446.335s (7m 26s)  68% completed  (34% total)
     Speed:     ev/sec=34532.1   simsec/sec=0.345595   ev/simsec=99920.8
     Messages:  created: 9140074   present: 46859   in FES: 255
** Event #9342976   t=341.227886825374   Elapsed: 448.342s (7m 28s)  68% completed  (34% total)
     Speed:     ev/sec=26020.6   simsec/sec=0.292041   ev/simsec=89099.1
     Messages:  created: 9202499   present: 46864   in FES: 233
** Event #9406464   t=342.058278278142   Elapsed: 450.349s (7m 30s)  68% completed  (34% total)
     Speed:     ev/sec=31628.6   simsec/sec=0.413686   ev/simsec=76455.5
     Messages:  created: 9282032   present: 46975   in FES: 248
** Event #9466368   t=342.704635912756   Elapsed: 452.351s (7m 32s)  68% completed  (34% total)
     Speed:     ev/sec=29922   simsec/sec=0.322855   ev/simsec=92679.3
     Messages:  created: 9355345   present: 46943   in FES: 256
** Event #9517824   t=343.204688219707   Elapsed: 454.357s (7m 34s)  68% completed  (34% total)
     Speed:     ev/sec=25657.6   simsec/sec=0.249342   ev/simsec=102901
     Messages:  created: 9415800   present: 47064   in FES: 288
** Event #9558016   t=343.737385371262   Elapsed: 456.363s (7m 36s)  68% completed  (34% total)
     Speed:     ev/sec=20030.2   simsec/sec=0.265477   ev/simsec=75450
     Messages:  created: 9466716   present: 46961   in FES: 212
** Event #9617152   t=344.338132904495   Elapsed: 458.368s (7m 38s)  68% completed  (34% total)
     Speed:     ev/sec=29496.1   simsec/sec=0.299643   ev/simsec=98437.4
     Messages:  created: 9536139   present: 47110   in FES: 254
** Event #9688832   t=345.128948232092   Elapsed: 460.369s (7m 40s)  69% completed  (34% total)
     Speed:     ev/sec=35829.1   simsec/sec=0.395288   ev/simsec=90640.6
     Messages:  created: 9623115   present: 47190   in FES: 264
** Event #9733632   t=345.647715958856   Elapsed: 462.37s (7m 42s)  69% completed  (34% total)
     Speed:     ev/sec=22390.5   simsec/sec=0.259273   ev/simsec=86358.5
     Messages:  created: 9678935   present: 47222   in FES: 254
** Event #9789696   t=346.202278180568   Elapsed: 464.373s (7m 44s)  69% completed  (34% total)
     Speed:     ev/sec=27993.9   simsec/sec=0.276904   ev/simsec=101096
     Messages:  created: 9745450   present: 47230   in FES: 254
** Event #9834752   t=346.791492066395   Elapsed: 466.378s (7m 46s)  69% completed  (34% total)
     Speed:     ev/sec=22464.8   simsec/sec=0.29378   ev/simsec=76468
     Messages:  created: 9802962   present: 47277   in FES: 254
** Event #9890048   t=347.337164199888   Elapsed: 468.402s (7m 48s)  69% completed  (34% total)
     Speed:     ev/sec=27322.5   simsec/sec=0.269624   ev/simsec=101336
     Messages:  created: 9867087   present: 47217   in FES: 222
** Event #9960960   t=348.120884524203   Elapsed: 470.418s (7m 50s)  69% completed  (34% total)
     Speed:     ev/sec=35167.1   simsec/sec=0.388667   ev/simsec=90481.3
     Messages:  created: 9953168   present: 47331   in FES: 245
** Event #10011904   t=348.703323551258   Elapsed: 472.422s (7m 52s)  69% completed  (34% total)
     Speed:     ev/sec=25429   simsec/sec=0.290728   ev/simsec=87466.7
     Messages:  created: 10017113   present: 47418   in FES: 264
** Event #10072064   t=349.325490036793   Elapsed: 474.442s (7m 54s)  69% completed  (34% total)
     Speed:     ev/sec=29786.4   simsec/sec=0.308047   ev/simsec=96694.4
     Messages:  created: 10088051   present: 47424   in FES: 270
** Event #10136320   t=350.066451306835   Elapsed: 476.442s (7m 56s)  70% completed  (35% total)
     Speed:     ev/sec=32124.6   simsec/sec=0.370442   ev/simsec=86719.8
     Messages:  created: 10167152   present: 47517   in FES: 271
** Event #10172416   t=350.423283972853   Elapsed: 478.442s (7m 58s)  70% completed  (35% total)
     Speed:     ev/sec=18044   simsec/sec=0.178377   ev/simsec=101157
     Messages:  created: 10209723   present: 47505   in FES: 269
** Event #10231808   t=351.088736575471   Elapsed: 480.447s (8m 00s)  70% completed  (35% total)
     Speed:     ev/sec=29622.1   simsec/sec=0.331899   ev/simsec=89250.5
     Messages:  created: 10281990   present: 47551   in FES: 256
** Event #10265344   t=351.44175768281   Elapsed: 482.467s (8m 02s)  70% completed  (35% total)
     Speed:     ev/sec=16603.5   simsec/sec=0.174779   ev/simsec=94997.2
     Messages:  created: 10322317   present: 47542   in FES: 256
** Event #10326272   t=352.128902980349   Elapsed: 484.477s (8m 04s)  70% completed  (35% total)
     Speed:     ev/sec=30312.1   simsec/sec=0.34186   ev/simsec=88668.3
     Messages:  created: 10396072   present: 47620   in FES: 255
** Event #10368256   t=352.622248672467   Elapsed: 486.481s (8m 06s)  70% completed  (35% total)
     Speed:     ev/sec=20953   simsec/sec=0.246214   ev/simsec=85100.6
     Messages:  created: 10448035   present: 47649   in FES: 254
** Event #10429184   t=353.220798170117   Elapsed: 488.496s (8m 08s)  70% completed  (35% total)
     Speed:     ev/sec=30234.8   simsec/sec=0.297023   ev/simsec=101793
     Messages:  created: 10520836   present: 47602   in FES: 225
** Event #10475008   t=353.857626576211   Elapsed: 490.5s (8m 10s)  70% completed  (35% total)
     Speed:     ev/sec=22862   simsec/sec=0.317719   ev/simsec=71956.6
     Messages:  created: 10579700   present: 47699   in FES: 254
** Event #10531072   t=354.378681145141   Elapsed: 492.526s (8m 12s)  70% completed  (35% total)
     Speed:     ev/sec=27672.7   simsec/sec=0.257188   ev/simsec=107597
     Messages:  created: 10644441   present: 47744   in FES: 254
** Event #10599680   t=355.12890314476   Elapsed: 494.546s (8m 14s)  71% completed  (35% total)
     Speed:     ev/sec=33967.1   simsec/sec=0.371427   ev/simsec=91450.3
     Messages:  created: 10727638   present: 47775   in FES: 255
** Event #10645504   t=355.647949470097   Elapsed: 496.553s (8m 16s)  71% completed  (35% total)
     Speed:     ev/sec=22831.6   simsec/sec=0.258613   ev/simsec=88285
     Messages:  created: 10784751   present: 47870   in FES: 288
** Event #10706432   t=356.209170227689   Elapsed: 498.556s (8m 18s)  71% completed  (35% total)
     Speed:     ev/sec=30414.5   simsec/sec=0.280154   ev/simsec=108563
     Messages:  created: 10857415   present: 47836   in FES: 228
** Event #10758656   t=356.786157061127   Elapsed: 500.557s (8m 20s)  71% completed  (35% total)
     Speed:     ev/sec=26103   simsec/sec=0.288394   ev/simsec=90511.6
     Messages:  created: 10923773   present: 47898   in FES: 246
** Event #10813952   t=357.225682652827   Elapsed: 502.56s (8m 22s)  71% completed  (35% total)
     Speed:     ev/sec=27602.8   simsec/sec=0.219403   ev/simsec=125808
     Messages:  created: 10988771   present: 47942   in FES: 255
** Event #10867968   t=357.838398095191   Elapsed: 504.561s (8m 24s)  71% completed  (35% total)
     Speed:     ev/sec=26992.9   simsec/sec=0.306186   ev/simsec=88158.4
     Messages:  created: 11058488   present: 47990   in FES: 260
** Event #10931200   t=358.417597977532   Elapsed: 506.581s (8m 26s)  71% completed  (35% total)
     Speed:     ev/sec=31305   simsec/sec=0.286751   ev/simsec=109171
     Messages:  created: 11132286   present: 48026   in FES: 241
** Event #11030016   t=358.820407114069   Elapsed: 508.584s (8m 28s)  71% completed  (35% total)
     Speed:     ev/sec=49345.4   simsec/sec=0.201149   ev/simsec=245317
     Messages:  created: 11268189   present: 48110   in FES: 254
** Event #11095040   t=359.272777095648   Elapsed: 510.587s (8m 30s)  71% completed  (35% total)
     Speed:     ev/sec=32461.6   simsec/sec=0.225834   ev/simsec=143741
     Messages:  created: 11347024   present: 48194   in FES: 249
** Event #11151872   t=360.050733344189   Elapsed: 512.59s (8m 32s)  72% completed  (36% total)
     Speed:     ev/sec=28369.8   simsec/sec=0.388346   ev/simsec=73053
     Messages:  created: 11416971   present: 48225   in FES: 244
** Event #11215872   t=360.853049197956   Elapsed: 514.591s (8m 34s)  72% completed  (36% total)
     Speed:     ev/sec=31984   simsec/sec=0.400958   ev/simsec=79769.1
     Messages:  created: 11494363   present: 48273   in FES: 255
** Event #11273728   t=361.202055694058   Elapsed: 516.621s (8m 36s)  72% completed  (36% total)
     Speed:     ev/sec=28510.3   simsec/sec=0.171984   ev/simsec=165773
     Messages:  created: 11561739   present: 47598   in FES: 265
** Event #11334656   t=361.320443091279   Elapsed: 518.623s (8m 38s)  72% completed  (36% total)
     Speed:     ev/sec=30424.9   simsec/sec=0.0591177   ev/simsec=514649
     Messages:  created: 11645694   present: 47444   in FES: 274
** Event #11393024   t=361.429742029726   Elapsed: 520.626s (8m 40s)  72% completed  (36% total)
     Speed:     ev/sec=29146.6   simsec/sec=0.0545794   ev/simsec=534022
     Messages:  created: 11720879   present: 45951   in FES: 267
** Event #11456768   t=361.520114101468   Elapsed: 522.632s (8m 42s)  72% completed  (36% total)
     Speed:     ev/sec=31778.5   simsec/sec=0.0450535   ev/simsec=705351
     Messages:  created: 11809588   present: 45847   in FES: 245
** Event #11521536   t=362.077811668251   Elapsed: 524.632s (8m 44s)  72% completed  (36% total)
     Speed:     ev/sec=32375.2   simsec/sec=0.278773   ev/simsec=116135
     Messages:  created: 11891571   present: 45828   in FES: 271
** Event #11590144   t=362.267363759043   Elapsed: 526.636s (8m 46s)  72% completed  (36% total)
     Speed:     ev/sec=34229.9   simsec/sec=0.0945713   ev/simsec=361948
     Messages:  created: 11980768   present: 45140   in FES: 290
** Event #11662080   t=362.353860621836   Elapsed: 528.64s (8m 48s)  72% completed  (36% total)
     Speed:     ev/sec=35905.2   simsec/sec=0.0431729   ev/simsec=831660
     Messages:  created: 12073805   present: 42836   in FES: 306
** Event #11749120   t=362.468626722023   Elapsed: 530.645s (8m 50s)  72% completed  (36% total)
     Speed:     ev/sec=43404.8   simsec/sec=0.0572312   ev/simsec=758412
     Messages:  created: 12194452   present: 42642   in FES: 277
** Event #11841536   t=362.59388019017   Elapsed: 532.646s (8m 52s)  72% completed  (36% total)
     Speed:     ev/sec=46180.1   simsec/sec=0.0625889   ev/simsec=737832
     Messages:  created: 12323663   present: 42485   in FES: 269
** Event #11918848   t=363.167819481821   Elapsed: 534.681s (8m 54s)  72% completed  (36% total)
     Speed:     ev/sec=37996.7   simsec/sec=0.282075   ev/simsec=134704
     Messages:  created: 12419340   present: 42510   in FES: 250
** Event #11963136   t=364.029317118094   Elapsed: 536.682s (8m 56s)  72% completed  (36% total)
     Speed:     ev/sec=22133.8   simsec/sec=0.430549   ev/simsec=51408.2
     Messages:  created: 12471761   present: 42616   in FES: 237
** Event #12012544   t=364.294709140404   Elapsed: 538.689s (8m 58s)  72% completed  (36% total)
     Speed:     ev/sec=24621.2   simsec/sec=0.132252   ev/simsec=186170
     Messages:  created: 12529105   present: 42758   in FES: 279
** Event #12080640   t=364.925558171432   Elapsed: 540.691s (9m 00s)  72% completed  (36% total)
     Speed:     ev/sec=34016.9   simsec/sec=0.315136   ev/simsec=107943
     Messages:  created: 12618248   present: 42819   in FES: 247
** Event #12133376   t=365.203506151694   Elapsed: 542.698s (9m 02s)  73% completed  (36% total)
     Speed:     ev/sec=26275.8   simsec/sec=0.138488   ev/simsec=189733
     Messages:  created: 12679508   present: 42887   in FES: 268
** Event #12192512   t=366.042745985258   Elapsed: 544.702s (9m 04s)  73% completed  (36% total)
     Speed:     ev/sec=29504.8   simsec/sec=0.418723   ev/simsec=70463.8
     Messages:  created: 12751626   present: 43042   in FES: 257
** Event #12221184   t=366.494956343705   Elapsed: 546.704s (9m 06s)  73% completed  (36% total)
     Speed:     ev/sec=14321.7   simsec/sec=0.225879   ev/simsec=63404.1
     Messages:  created: 12780941   present: 43020   in FES: 249
** Event #12264192   t=367.423722899473   Elapsed: 548.738s (9m 08s)  73% completed  (36% total)
     Speed:     ev/sec=21141   simsec/sec=0.456544   ev/simsec=46306.6
     Messages:  created: 12827549   present: 43166   in FES: 226
** Event #12312064   t=368.423698729102   Elapsed: 550.756s (9m 10s)  73% completed  (36% total)
     Speed:     ev/sec=23727.1   simsec/sec=0.495625   ev/simsec=47873.2
     Messages:  created: 12879423   present: 43364   in FES: 234
** Event #12360192   t=369.437196604091   Elapsed: 552.761s (9m 12s)  73% completed  (36% total)
     Speed:     ev/sec=23999.3   simsec/sec=0.505387   ev/simsec=47487
     Messages:  created: 12931532   present: 43549   in FES: 238
** Event #12421888   t=370.190383334729   Elapsed: 554.78s (9m 14s)  74% completed  (37% total)
     Speed:     ev/sec=30556.7   simsec/sec=0.373037   ev/simsec=81913.3
     Messages:  created: 13006196   present: 43476   in FES: 203
** Event #12467456   t=371.291909597494   Elapsed: 556.783s (9m 16s)  74% completed  (37% total)
     Speed:     ev/sec=22752.5   simsec/sec=0.550002   ev/simsec=41368.1
     Messages:  created: 13054645   present: 43754   in FES: 248
** Event #12517632   t=372.673131713753   Elapsed: 558.787s (9m 18s)  74% completed  (37% total)
     Speed:     ev/sec=25045.1   simsec/sec=0.689429   ev/simsec=36327.2
     Messages:  created: 13108073   present: 44055   in FES: 265
** Event #12552448   t=373.423134316553   Elapsed: 560.792s (9m 20s)  74% completed  (37% total)
     Speed:     ev/sec=17363.3   simsec/sec=0.374038   ev/simsec=46421.2
     Messages:  created: 13144003   present: 44050   in FES: 209
** Event #12591104   t=374.373664029863   Elapsed: 562.807s (9m 22s)  74% completed  (37% total)
     Speed:     ev/sec=19177   simsec/sec=0.471552   ev/simsec=40667.9
     Messages:  created: 13184701   present: 44332   in FES: 249
** Event #12631552   t=375.358638191085   Elapsed: 564.812s (9m 24s)  75% completed  (37% total)
     Speed:     ev/sec=20179.3   simsec/sec=0.491397   ev/simsec=41065
     Messages:  created: 13227370   present: 44484   in FES: 242
** Event #12677888   t=376.48181131574   Elapsed: 566.816s (9m 26s)  75% completed  (37% total)
     Speed:     ev/sec=23121.8   simsec/sec=0.560468   ev/simsec=41254.5
     Messages:  created: 13276499   present: 44686   in FES: 254
** Event #12719360   t=377.522317486225   Elapsed: 568.818s (9m 28s)  75% completed  (37% total)
     Speed:     ev/sec=20713.2   simsec/sec=0.51968   ev/simsec=39857.5
     Messages:  created: 13320073   present: 44876   in FES: 265
** Event #12778752   t=379.063185651709   Elapsed: 570.819s (9m 30s)  75% completed  (37% total)
     Speed:     ev/sec=29688.8   simsec/sec=0.770247   ev/simsec=38544.5
     Messages:  created: 13383469   present: 45019   in FES: 204
** Event #12829184   t=380.191677065208   Elapsed: 572.842s (9m 32s)  76% completed  (38% total)
     Speed:     ev/sec=24925.6   simsec/sec=0.557747   ev/simsec=44689.8
     Messages:  created: 13435312   present: 45333   in FES: 254
** Event #12872704   t=381.227885332135   Elapsed: 574.843s (9m 34s)  76% completed  (38% total)
     Speed:     ev/sec=21745.3   simsec/sec=0.517754   ev/simsec=41999.3
     Messages:  created: 13481484   present: 45513   in FES: 249
** Event #12911616   t=382.200209472248   Elapsed: 576.848s (9m 36s)  76% completed  (38% total)
     Speed:     ev/sec=19405.4   simsec/sec=0.484897   ev/simsec=40019.6
     Messages:  created: 13522089   present: 45622   in FES: 227
** Event #12959744   t=383.437196516958   Elapsed: 578.859s (9m 38s)  76% completed  (38% total)
     Speed:     ev/sec=23935   simsec/sec=0.615177   ev/simsec=38907.4
     Messages:  created: 13573348   present: 45877   in FES: 245
** Event #13000192   t=384.450685961425   Elapsed: 580.866s (9m 40s)  76% completed  (38% total)
     Speed:     ev/sec=20153.1   simsec/sec=0.504967   ev/simsec=39909.6
     Messages:  created: 13616887   present: 46064   in FES: 272
** Event #13051136   t=386.025799233288   Elapsed: 582.877s (9m 42s)  77% completed  (38% total)
     Speed:     ev/sec=25336.2   simsec/sec=0.783359   ev/simsec=32343.1
     Messages:  created: 13674090   present: 46344   in FES: 254
** Event #13108736   t=387.387414039612   Elapsed: 584.883s (9m 44s)  77% completed  (38% total)
     Speed:     ev/sec=28709.4   simsec/sec=0.678665   ev/simsec=42302.7
     Messages:  created: 13736613   present: 46569   in FES: 254
** Event #13179136   t=389.357852998672   Elapsed: 586.886s (9m 46s)  77% completed  (38% total)
     Speed:     ev/sec=35155.8   simsec/sec=0.983983   ev/simsec=35728.1
     Messages:  created: 13816678   present: 46884   in FES: 240
** Event #13254144   t=391.454414446502   Elapsed: 588.889s (9m 48s)  78% completed  (39% total)
     Speed:     ev/sec=37452.6   simsec/sec=1.04684   ev/simsec=35776.7
     Messages:  created: 13902377   present: 47265   in FES: 254
** Event #13347328   t=394.115167505629   Elapsed: 590.892s (9m 50s)  78% completed  (39% total)
     Speed:     ev/sec=46514.8   simsec/sec=1.32817   ev/simsec=35021.7
     Messages:  created: 14008386   present: 47720   in FES: 247
** Event #13417728   t=396.098021353161   Elapsed: 592.896s (9m 52s)  79% completed  (39% total)
     Speed:     ev/sec=35119.9   simsec/sec=0.989171   ev/simsec=35504.4
     Messages:  created: 14088656   present: 48042   in FES: 239
** Event #13482240   t=398.050182611281   Elapsed: 594.899s (9m 54s)  79% completed  (39% total)
     Speed:     ev/sec=32219.6   simsec/sec=0.974979   ev/simsec=33046.5
     Messages:  created: 14163138   present: 48377   in FES: 231
** Event #13559040   t=400.094516423248   Elapsed: 596.902s (9m 56s)  80% completed  (40% total)
     Speed:     ev/sec=38331.8   simsec/sec=1.02035   ev/simsec=37567.3
     Messages:  created: 14249734   present: 48669   in FES: 218
** Event #13636352   t=402.223769440693   Elapsed: 598.906s (9m 58s)  80% completed  (40% total)
     Speed:     ev/sec=38578.7   simsec/sec=1.0625   ev/simsec=36309.4
     Messages:  created: 14337918   present: 49127   in FES: 251
** Event #13716224   t=404.541947388815   Elapsed: 600.909s (10m 00s)  80% completed  (40% total)
     Speed:     ev/sec=39879.8   simsec/sec=1.15746   ev/simsec=34454.6
     Messages:  created: 14429166   present: 49540   in FES: 255
** Event #13809920   t=407.173319741687   Elapsed: 602.912s (10m 02s)  81% completed  (40% total)
     Speed:     ev/sec=46789.3   simsec/sec=1.31404   ev/simsec=35607.3
     Messages:  created: 14535514   present: 49985   in FES: 255
** Event #13882624   t=409.200717840399   Elapsed: 604.915s (10m 04s)  81% completed  (40% total)
     Speed:     ev/sec=36281.1   simsec/sec=1.01172   ev/simsec=35860.7
     Messages:  created: 14618438   present: 50309   in FES: 240
** Event #13964544   t=411.638131794766   Elapsed: 606.919s (10m 06s)  82% completed  (41% total)
     Speed:     ev/sec=40884.8   simsec/sec=1.21647   ev/simsec=33609.4
     Messages:  created: 14712187   present: 50646   in FES: 234
** Event #14053888   t=414.08791832449   Elapsed: 608.922s (10m 08s)  82% completed  (41% total)
     Speed:     ev/sec=44617.4   simsec/sec=1.2234   ev/simsec=36470.1
     Messages:  created: 14813784   present: 51046   in FES: 205
** Event #14129664   t=416.194511868818   Elapsed: 610.926s (10m 10s)  83% completed  (41% total)
     Speed:     ev/sec=37799.4   simsec/sec=1.05083   ev/simsec=35970.9
     Messages:  created: 14900042   present: 51540   in FES: 254
** Event #14189056   t=418.046158083437   Elapsed: 612.928s (10m 12s)  83% completed  (41% total)
     Speed:     ev/sec=29663.9   simsec/sec=0.924822   ev/simsec=32075.2
     Messages:  created: 14968869   present: 51865   in FES: 247
** Event #14266624   t=420.098021245804   Elapsed: 614.931s (10m 14s)  84% completed  (42% total)
     Speed:     ev/sec=38734.2   simsec/sec=1.02461   ev/simsec=37803.7
     Messages:  created: 15056222   present: 52197   in FES: 248
** Event #14348800   t=422.423359762552   Elapsed: 616.932s (10m 16s)  84% completed  (42% total)
     Speed:     ev/sec=41060.9   simsec/sec=1.1619   ev/simsec=35339.4
     Messages:  created: 15149751   present: 52592   in FES: 255
** Event #14416128   t=424.291441893287   Elapsed: 618.935s (10m 18s)  84% completed  (42% total)
     Speed:     ev/sec=33617   simsec/sec=0.932737   ev/simsec=36041.2
     Messages:  created: 15226603   present: 52864   in FES: 229
** Event #14498048   t=426.772989529081   Elapsed: 620.938s (10m 20s)  85% completed  (42% total)
     Speed:     ev/sec=40900.2   simsec/sec=1.23896   ev/simsec=33011.7
     Messages:  created: 15320898   present: 53367   in FES: 259
** Event #14585600   t=429.120840472185   Elapsed: 622.946s (10m 22s)  85% completed  (42% total)
     Speed:     ev/sec=43603.5   simsec/sec=1.1693   ev/simsec=37290.3
     Messages:  created: 15419640   present: 53735   in FES: 244
** Event #14680832   t=432.025851549109   Elapsed: 624.952s (10m 24s)  86% completed  (43% total)
     Speed:     ev/sec=47476.5   simsec/sec=1.44825   ev/simsec=32782
     Messages:  created: 15529714   present: 54260   in FES: 248
** Event #14770688   t=434.350570293757   Elapsed: 626.955s (10m 26s)  86% completed  (43% total)
     Speed:     ev/sec=44848.6   simsec/sec=1.16031   ev/simsec=38652.4
     Messages:  created: 15630695   present: 54645   in FES: 248
** Event #14865408   t=437.070815318808   Elapsed: 628.958s (10m 28s)  87% completed  (43% total)
     Speed:     ev/sec=47292.6   simsec/sec=1.35819   ev/simsec=34820.4
     Messages:  created: 15739125   present: 55128   in FES: 254
** Event #14952448   t=439.454876807675   Elapsed: 630.962s (10m 30s)  87% completed  (43% total)
     Speed:     ev/sec=43440.9   simsec/sec=1.18986   ev/simsec=36509.1
     Messages:  created: 15838103   present: 55514   in FES: 272
** Event #15026176   t=441.673137758846   Elapsed: 632.963s (10m 32s)  88% completed  (44% total)
     Speed:     ev/sec=36849.8   simsec/sec=1.1087   ev/simsec=33236.8
     Messages:  created: 15922241   present: 55784   in FES: 208
** Event #15098880   t=443.737114389194   Elapsed: 634.963s (10m 34s)  88% completed  (44% total)
     Speed:     ev/sec=36346.7   simsec/sec=1.03184   ev/simsec=35225.2
     Messages:  created: 16005548   present: 56123   in FES: 202
** Event #15190272   t=446.191674623755   Elapsed: 636.966s (10m 36s)  89% completed  (44% total)
     Speed:     ev/sec=45637.6   simsec/sec=1.22571   ev/simsec=37233.6
     Messages:  created: 16108620   present: 56551   in FES: 204
** Event #15259648   t=448.167762114204   Elapsed: 638.979s (10m 38s)  89% completed  (44% total)
     Speed:     ev/sec=34448.9   simsec/sec=0.981233   ev/simsec=35107.8
     Messages:  created: 16187738   present: 57000   in FES: 240
** Event #15346944   t=450.772515642058   Elapsed: 640.98s (10m 40s)  90% completed  (45% total)
     Speed:     ev/sec=43637.9   simsec/sec=1.30207   ev/simsec=33514.1
     Messages:  created: 16288432   present: 57445   in FES: 270
** Event #15437568   t=453.186071562292   Elapsed: 642.99s (10m 42s)  90% completed  (45% total)
     Speed:     ev/sec=45091.2   simsec/sec=1.2009   ev/simsec=37547.9
     Messages:  created: 16390620   present: 57891   in FES: 250
** Event #15516416   t=455.42364552775   Elapsed: 644.998s (10m 44s)  91% completed  (45% total)
     Speed:     ev/sec=39266.1   simsec/sec=1.11431   ev/simsec=35238.2
     Messages:  created: 16480565   present: 58259   in FES: 242
** Event #15589632   t=457.464952138907   Elapsed: 647s (10m 46s)  91% completed  (45% total)
     Speed:     ev/sec=36574.3   simsec/sec=1.01971   ev/simsec=35867.2
     Messages:  created: 16564241   present: 58587   in FES: 235
** Event #15663616   t=459.692744594374   Elapsed: 649.002s (10m 49s)  91% completed  (45% total)
     Speed:     ev/sec=36948.1   simsec/sec=1.11257   ev/simsec=33209.6
     Messages:  created: 16649015   present: 59003   in FES: 272
** Event #15729152   t=461.442023721853   Elapsed: 651.007s (10m 51s)  92% completed  (46% total)
     Speed:     ev/sec=32685.6   simsec/sec=0.872439   ev/simsec=37464.6
     Messages:  created: 16723007   present: 59325   in FES: 260
** Event #15813632   t=464.032980373867   Elapsed: 653.007s (10m 53s)  92% completed  (46% total)
     Speed:     ev/sec=42237.7   simsec/sec=1.29541   ev/simsec=32605.7
     Messages:  created: 16820603   present: 59665   in FES: 216
** Event #15894784   t=466.134161201534   Elapsed: 655.139s (10m 55s)  93% completed  (46% total)
     Speed:     ev/sec=38062.6   simsec/sec=0.985513   ev/simsec=38622.1
     Messages:  created: 16911712   present: 60103   in FES: 244
** Event #15962880   t=468.077925608819   Elapsed: 657.14s (10m 57s)  93% completed  (46% total)
     Speed:     ev/sec=34036.6   simsec/sec=0.971557   ev/simsec=35033.1
     Messages:  created: 16989728   present: 60379   in FES: 220
** Event #16045056   t=470.387633704753   Elapsed: 659.14s (10m 59s)  94% completed  (47% total)
     Speed:     ev/sec=41084.4   simsec/sec=1.15475   ev/simsec=35578.5
     Messages:  created: 17083002   present: 60862   in FES: 255
** Event #16124928   t=472.772289195077   Elapsed: 661.144s (11m 01s)  94% completed  (47% total)
     Speed:     ev/sec=39850.7   simsec/sec=1.18978   ev/simsec=33494.1
     Messages:  created: 17175074   present: 61288   in FES: 286
** Event #16190208   t=474.454639862017   Elapsed: 663.15s (11m 03s)  94% completed  (47% total)
     Speed:     ev/sec=32540.9   simsec/sec=0.83862   ev/simsec=38802.8
     Messages:  created: 17248689   present: 59970   in FES: 248
** Event #16258304   t=476.412355688278   Elapsed: 665.151s (11m 05s)  95% completed  (47% total)
     Speed:     ev/sec=34031.5   simsec/sec=0.978384   ev/simsec=34783.4
     Messages:  created: 17326068   present: 37908   in FES: 248
** Event #16338176   t=478.86669373652   Elapsed: 667.152s (11m 07s)  95% completed  (47% total)
     Speed:     ev/sec=39918.2   simsec/sec=1.22662   ev/simsec=32543.2
     Messages:  created: 17418154   present: 38194   in FES: 203
** Event #16412672   t=481.010004388581   Elapsed: 669.163s (11m 09s)  96% completed  (48% total)
     Speed:     ev/sec=37055.5   simsec/sec=1.06612   ev/simsec=34757.4
     Messages:  created: 17503544   present: 38682   in FES: 240
** Event #16487680   t=483.04256651264   Elapsed: 671.171s (11m 11s)  96% completed  (48% total)
     Speed:     ev/sec=37351.8   simsec/sec=1.01216   ev/simsec=36903.2
     Messages:  created: 17588825   present: 39067   in FES: 254
** Event #16550144   t=484.791935295883   Elapsed: 673.175s (11m 13s)  96% completed  (48% total)
     Speed:     ev/sec=31168.3   simsec/sec=0.872899   ev/simsec=35706.6
     Messages:  created: 17659822   present: 39382   in FES: 264
** Event #16607232   t=486.209027056815   Elapsed: 675.176s (11m 15s)  97% completed  (48% total)
     Speed:     ev/sec=28522.5   simsec/sec=0.708012   ev/simsec=40285.3
     Messages:  created: 17723962   present: 39500   in FES: 230
** Event #16676864   t=488.194085655328   Elapsed: 677.181s (11m 17s)  97% completed  (48% total)
     Speed:     ev/sec=34734   simsec/sec=0.990193   ev/simsec=35078.1
     Messages:  created: 17803194   present: 24822   in FES: 287
** Event #16750336   t=489.735492512615   Elapsed: 679.182s (11m 19s)  97% completed  (48% total)
     Speed:     ev/sec=36712.9   simsec/sec=0.770219   ev/simsec=47665.5
     Messages:  created: 17893851   present: 4306   in FES: 227
** Event #16846848   t=491.100596959855   Elapsed: 681.184s (11m 21s)  98% completed  (49% total)
     Speed:     ev/sec=48219.8   simsec/sec=0.68204   ev/simsec=70699.4
     Messages:  created: 18014075   present: 3091   in FES: 213
** Event #16933120   t=492.404116431608   Elapsed: 683.198s (11m 23s)  98% completed  (49% total)
     Speed:     ev/sec=42834.2   simsec/sec=0.647199   ev/simsec=66183.9
     Messages:  created: 18122636   present: 3310   in FES: 241
** Event #17008640   t=493.566572178404   Elapsed: 685.201s (11m 25s)  98% completed  (49% total)
     Speed:     ev/sec=37699.7   simsec/sec=0.5803   ev/simsec=64965.9
     Messages:  created: 18217914   present: 3371   in FES: 218
** Event #17097216   t=495.049794007349   Elapsed: 687.202s (11m 27s)  99% completed  (49% total)
     Speed:     ev/sec=44278.8   simsec/sec=0.741456   ev/simsec=59718.6
     Messages:  created: 18329594   present: 3507   in FES: 204
** Event #17196800   t=496.69240199203   Elapsed: 689.203s (11m 29s)  99% completed  (49% total)
     Speed:     ev/sec=49767.8   simsec/sec=0.820905   ev/simsec=60625.5
     Messages:  created: 18452877   present: 3769   in FES: 272
** Event #17290752   t=498.220755934736   Elapsed: 691.206s (11m 31s)  99% completed  (49% total)
     Speed:     ev/sec=46905.7   simsec/sec=0.763033   ev/simsec=61472.7
     Messages:  created: 18567839   present: 3904   in FES: 227
** Event #17368064   t=499.673131689336   Elapsed: 693.21s (11m 33s)  99% completed  (49% total)
     Speed:     ev/sec=38575.3   simsec/sec=0.724671   ev/simsec=53231.4
     Messages:  created: 18664184   present: 4135   in FES: 268
** Event #17380652   t=500   Elapsed: 693.428s (11m 33s)  100% completed  (50% total)
     Speed:     ev/sec=57749.4   simsec/sec=1.47921   ev/simsec=39040.6
     Messages:  created: 18681308   present: 4014   in FES: 202

<!> Simulation time limit reached -- at t=500s, event #17380652
undisposed object: (omnetpp::cMessage) FanetSarNetwork.groundStation.app.debugTimer -- check module destructor
undisposed object: (omnetpp::cMessage) FanetSarNetwork.uav[0].app.debugTimer -- check module destructor
undisposed object: (omnetpp::cMessage) FanetSarNetwork.uav[1].app.debugTimer -- check module destructor
undisposed object: (omnetpp::cMessage) FanetSarNetwork.uav[2].app.debugTimer -- check module destructor
undisposed object: (omnetpp::cMessage) FanetSarNetwork.uav[3].app.debugTimer -- check module destructor
undisposed object: (omnetpp::cMessage) FanetSarNetwork.uav[4].app.debugTimer -- check module destructor
undisposed object: (omnetpp::cMessage) FanetSarNetwork.uav[5].app.debugTimer -- check module destructor
undisposed object: (omnetpp::cMessage) FanetSarNetwork.uav[6].app.debugTimer -- check module destructor
undisposed object: (omnetpp::cMessage) FanetSarNetwork.uav[7].app.debugTimer -- check module destructor
undisposed object: (omnetpp::cMessage) FanetSarNetwork.uav[8].app.debugTimer -- check module destructor
undisposed object: (omnetpp::cMessage) FanetSarNetwork.uav[9].app.debugTimer -- check module destructor
undisposed object: (omnetpp::cMessage) FanetSarNetwork.uav[10].app.debugTimer -- check module destructor
undisposed object: (omnetpp::cMessage) FanetSarNetwork.uav[11].app.debugTimer -- check module destructor
undisposed object: (omnetpp::cMessage) FanetSarNetwork.uav[12].app.debugTimer -- check module destructor
undisposed object: (omnetpp::cMessage) FanetSarNetwork.uav[13].app.debugTimer -- check module destructor
undisposed object: (omnetpp::cMessage) FanetSarNetwork.uav[14].app.debugTimer -- check module destructor
undisposed object: (omnetpp::cMessage) FanetSarNetwork.uav[15].app.debugTimer -- check module destructor
undisposed object: (omnetpp::cMessage) FanetSarNetwork.uav[16].app.debugTimer -- check module destructor
undisposed object: (omnetpp::cMessage) FanetSarNetwork.uav[17].app.debugTimer -- check module destructor
undisposed object: (omnetpp::cMessage) FanetSarNetwork.uav[18].app.debugTimer -- check module destructor
undisposed object: (omnetpp::cMessage) FanetSarNetwork.uav[19].app.debugTimer -- check module destructor
undisposed object: (omnetpp::cMessage) FanetSarNetwork.uav[20].app.debugTimer -- check module destructor
undisposed object: (omnetpp::cMessage) FanetSarNetwork.uav[21].app.debugTimer -- check module destructor
undisposed object: (omnetpp::cMessage) FanetSarNetwork.uav[22].app.debugTimer -- check module destructor
undisposed object: (omnetpp::cMessage) FanetSarNetwork.uav[23].app.debugTimer -- check module destructor
undisposed object: (omnetpp::cMessage) FanetSarNetwork.uav[24].app.debugTimer -- check module destructor
undisposed object: (omnetpp::cMessage) FanetSarNetwork.uav[25].app.debugTimer -- check module destructor
undisposed object: (omnetpp::cMessage) FanetSarNetwork.uav[26].app.debugTimer -- check module destructor
undisposed object: (omnetpp::cMessage) FanetSarNetwork.uav[27].app.debugTimer -- check module destructor
undisposed object: (omnetpp::cMessage) FanetSarNetwork.uav[28].app.debugTimer -- check module destructor
undisposed object: (omnetpp::cMessage) FanetSarNetwork.uav[29].app.debugTimer -- check module destructor
undisposed object: (omnetpp::cMessage) FanetSarNetwork.uav[30].app.debugTimer -- check module destructor
undisposed object: (omnetpp::cMessage) FanetSarNetwork.uav[31].app.debugTimer -- check module destructor
undisposed object: (omnetpp::cMessage) FanetSarNetwork.uav[32].app.debugTimer -- check module destructor
undisposed object: (omnetpp::cMessage) FanetSarNetwork.uav[33].app.debugTimer -- check module destructor
undisposed object: (omnetpp::cMessage) FanetSarNetwork.uav[34].app.debugTimer -- check module destructor
undisposed object: (omnetpp::cMessage) FanetSarNetwork.uav[35].app.debugTimer -- check module destructor
undisposed object: (omnetpp::cMessage) FanetSarNetwork.uav[36].app.debugTimer -- check module destructor
undisposed object: (omnetpp::cMessage) FanetSarNetwork.uav[37].app.debugTimer -- check module destructor
undisposed object: (omnetpp::cMessage) FanetSarNetwork.uav[38].app.debugTimer -- check module destructor
undisposed object: (omnetpp::cMessage) FanetSarNetwork.uav[39].app.debugTimer -- check module destructor
undisposed object: (omnetpp::cMessage) FanetSarNetwork.uav[40].app.debugTimer -- check module destructor
undisposed object: (omnetpp::cMessage) FanetSarNetwork.uav[41].app.debugTimer -- check module destructor
undisposed object: (omnetpp::cMessage) FanetSarNetwork.uav[42].app.debugTimer -- check module destructor
undisposed object: (omnetpp::cMessage) FanetSarNetwork.uav[43].app.debugTimer -- check module destructor
undisposed object: (omnetpp::cMessage) FanetSarNetwork.uav[44].app.debugTimer -- check module destructor
undisposed object: (omnetpp::cMessage) FanetSarNetwork.uav[45].app.debugTimer -- check module destructor
undisposed object: (omnetpp::cMessage) FanetSarNetwork.uav[46].app.debugTimer -- check module destructor
undisposed object: (omnetpp::cMessage) FanetSarNetwork.uav[47].app.debugTimer -- check module destructor
undisposed object: (omnetpp::cMessage) FanetSarNetwork.uav[48].app.debugTimer -- check module destructor
undisposed object: (omnetpp::cMessage) FanetSarNetwork.uav[49].app.debugTimer -- check module destructor
