** Event #0   t=0   Elapsed: 1.5e-05s (0m 00s)  0% completed  (0% total)
     Speed:     ev/sec=0   simsec/sec=0   ev/simsec=0
     Messages:  created: 1178   present: 1178   in FES: 186
** Event #50176   t=5.074705071592   Elapsed: 2.00112s (0m 02s)  1% completed  (0% total)
     Speed:     ev/sec=25074.6   simsec/sec=2.53595   ev/simsec=9887.67
     Messages:  created: 38720   present: 1225   in FES: 154
** Event #77568   t=7.339358692966   Elapsed: 4.02245s (0m 04s)  1% completed  (0% total)
     Speed:     ev/sec=13551.5   simsec/sec=1.12038   ev/simsec=12095.4
     Messages:  created: 59288   present: 1172   in FES: 141
** Event #106240   t=10.072307397364   Elapsed: 6.02836s (0m 06s)  2% completed  (1% total)
     Speed:     ev/sec=14293.7   simsec/sec=1.36244   ev/simsec=10491.2
     Messages:  created: 80727   present: 1168   in FES: 139
** Event #132608   t=12.194216561646   Elapsed: 8.05018s (0m 08s)  2% completed  (1% total)
     Speed:     ev/sec=13041.7   simsec/sec=1.04951   ev/simsec=12426.5
     Messages:  created: 100566   present: 1179   in FES: 144
** Event #163328   t=15.071913443291   Elapsed: 10.0506s (0m 10s)  3% completed  (1% total)
     Speed:     ev/sec=15356.8   simsec/sec=1.43855   ev/simsec=10675.2
     Messages:  created: 123451   present: 1200   in FES: 155
** Event #190720   t=17.234940812652   Elapsed: 12.0519s (0m 12s)  3% completed  (1% total)
     Speed:     ev/sec=13686.8   simsec/sec=1.08079   ev/simsec=12663.7
     Messages:  created: 143976   present: 1168   in FES: 139
** Event #215808   t=19.393804942678   Elapsed: 14.0847s (0m 14s)  3% completed  (1% total)
     Speed:     ev/sec=12341.7   simsec/sec=1.06202   ev/simsec=11620.9
     Messages:  created: 162683   present: 1182   in FES: 154
** Event #241152   t=22.025418455592   Elapsed: 16.0879s (0m 16s)  4% completed  (2% total)
     Speed:     ev/sec=12652   simsec/sec=1.31373   ev/simsec=9630.59
     Messages:  created: 181478   present: 1160   in FES: 137
** Event #271104   t=24.229199367292   Elapsed: 18.1133s (0m 18s)  4% completed  (2% total)
     Speed:     ev/sec=14788.4   simsec/sec=1.08808   ev/simsec=13591.2
     Messages:  created: 203880   present: 1166   in FES: 139
** Event #295936   t=26.339370154571   Elapsed: 20.1147s (0m 20s)  5% completed  (2% total)
     Speed:     ev/sec=12407   simsec/sec=1.05432   ev/simsec=11767.8
     Messages:  created: 222298   present: 1187   in FES: 146
** Event #320512   t=28.393935939242   Elapsed: 22.1341s (0m 22s)  5% completed  (2% total)
     Speed:     ev/sec=12170.3   simsec/sec=1.01744   ev/simsec=11961.7
     Messages:  created: 240430   present: 1139   in FES: 130
** Event #345344   t=30.457225223317   Elapsed: 24.1436s (0m 24s)  6% completed  (3% total)
     Speed:     ev/sec=12357.1   simsec/sec=1.02675   ev/simsec=12035.2
     Messages:  created: 258732   present: 1143   in FES: 132
** Event #371968   t=33.042551997937   Elapsed: 26.1764s (0m 26s)  6% completed  (3% total)
     Speed:     ev/sec=13097.2   simsec/sec=1.27181   ev/simsec=10298.1
     Messages:  created: 278160   present: 1134   in FES: 125
** Event #396544   t=35.054148948433   Elapsed: 28.1797s (0m 28s)  7% completed  (3% total)
     Speed:     ev/sec=12268   simsec/sec=1.00416   ev/simsec=12217.2
     Messages:  created: 296082   present: 1139   in FES: 130
** Event #418048   t=36.5   Elapsed: 30.2062s (0m 30s)  7% completed  (3% total)
     Speed:     ev/sec=10611   simsec/sec=0.713444   ev/simsec=14872.9
     Messages:  created: 311760   present: 1116   in FES: 122
** Event #442112   t=38.440949974079   Elapsed: 32.232s (0m 32s)  7% completed  (3% total)
     Speed:     ev/sec=11879.2   simsec/sec=0.958147   ev/simsec=12398.1
     Messages:  created: 329227   present: 1206   in FES: 154
** Event #465664   t=40.370061486165   Elapsed: 34.2494s (0m 34s)  8% completed  (4% total)
     Speed:     ev/sec=11674.5   simsec/sec=0.956244   ev/simsec=12208.7
     Messages:  created: 346142   present: 1145   in FES: 132
** Event #489216   t=42.272977508765   Elapsed: 36.2728s (0m 36s)  8% completed  (4% total)
     Speed:     ev/sec=11639.5   simsec/sec=0.940425   ev/simsec=12376.8
     Messages:  created: 363060   present: 1131   in FES: 128
** Event #512512   t=44.153088798303   Elapsed: 38.3016s (0m 38s)  8% completed  (4% total)
     Speed:     ev/sec=11483   simsec/sec=0.926741   ev/simsec=12390.8
     Messages:  created: 379752   present: 1191   in FES: 148
** Event #536064   t=46.082431308624   Elapsed: 40.3082s (0m 40s)  9% completed  (4% total)
     Speed:     ev/sec=11737   simsec/sec=0.96148   ev/simsec=12207.3
     Messages:  created: 396534   present: 1166   in FES: 135
** Event #554752   t=47.4   Elapsed: 42.3281s (0m 42s)  9% completed  (4% total)
     Speed:     ev/sec=9252.01   simsec/sec=0.652299   ev/simsec=14183.7
     Messages:  created: 409820   present: 1120   in FES: 123
** Event #577792   t=49.234955894375   Elapsed: 44.3525s (0m 44s)  9% completed  (4% total)
     Speed:     ev/sec=11381.1   simsec/sec=0.906413   ev/simsec=12556.2
     Messages:  created: 426220   present: 1210   in FES: 153
** Event #599040   t=51.072413387303   Elapsed: 46.356s (0m 46s)  10% completed  (5% total)
     Speed:     ev/sec=10605.6   simsec/sec=0.917138   ev/simsec=11563.8
     Messages:  created: 441145   present: 1149   in FES: 131
** Event #619264   t=52.393936253298   Elapsed: 48.3817s (0m 48s)  10% completed  (5% total)
     Speed:     ev/sec=9983.48   simsec/sec=0.652363   ev/simsec=15303.6
     Messages:  created: 455460   present: 1128   in FES: 127
** Event #644096   t=54.33704874708   Elapsed: 50.3825s (0m 50s)  10% completed  (5% total)
     Speed:     ev/sec=12411.4   simsec/sec=0.971194   ev/simsec=12779.5
     Messages:  created: 472950   present: 1154   in FES: 135
** Event #667648   t=56.111773137603   Elapsed: 52.4294s (0m 52s)  11% completed  (5% total)
     Speed:     ev/sec=11505.8   simsec/sec=0.867001   ev/simsec=13270.8
     Messages:  created: 489476   present: 1132   in FES: 127
** Event #685312   t=57.400986580013   Elapsed: 54.457s (0m 54s)  11% completed  (5% total)
     Speed:     ev/sec=8711.85   simsec/sec=0.635838   ev/simsec=13701.4
     Messages:  created: 501904   present: 1197   in FES: 148
** Event #709632   t=59.288106852361   Elapsed: 56.467s (0m 56s)  11% completed  (5% total)
     Speed:     ev/sec=12099.4   simsec/sec=0.938857   ev/simsec=12887.4
     Messages:  created: 518940   present: 1176   in FES: 143
** Event #730624   t=61.072333318204   Elapsed: 58.4736s (0m 58s)  12% completed  (6% total)
     Speed:     ev/sec=10461.9   simsec/sec=0.889212   ev/simsec=11765.3
     Messages:  created: 533568   present: 1142   in FES: 129
** Event #751360   t=62.399043153667   Elapsed: 60.4875s (1m 00s)  12% completed  (6% total)
     Speed:     ev/sec=10296   simsec/sec=0.65875   ev/simsec=15629.6
     Messages:  created: 548164   present: 1208   in FES: 153
** Event #774400   t=64.194241112082   Elapsed: 62.529s (1m 02s)  12% completed  (6% total)
     Speed:     ev/sec=11286.2   simsec/sec=0.879378   ev/simsec=12834.2
     Messages:  created: 564292   present: 1125   in FES: 126
** Event #791808   t=65.412926740723   Elapsed: 64.5553s (1m 04s)  13% completed  (6% total)
     Speed:     ev/sec=8590.79   simsec/sec=0.601417   ev/simsec=14284.2
     Messages:  created: 576478   present: 1154   in FES: 135
** Event #814592   t=67.230251157018   Elapsed: 66.5802s (1m 06s)  13% completed  (6% total)
     Speed:     ev/sec=11252.1   simsec/sec=0.8975   ev/simsec=12537.1
     Messages:  created: 592524   present: 1182   in FES: 143
** Event #832000   t=68.463755852279   Elapsed: 68.5862s (1m 08s)  13% completed  (6% total)
     Speed:     ev/sec=8677.89   simsec/sec=0.614902   ev/simsec=14112.6
     Messages:  created: 604718   present: 1180   in FES: 143
** Event #856576   t=70.372688212599   Elapsed: 70.6077s (1m 10s)  14% completed  (7% total)
     Speed:     ev/sec=12157.4   simsec/sec=0.944323   ev/simsec=12874.2
     Messages:  created: 621974   present: 1195   in FES: 154
** Event #879872   t=72.221386573983   Elapsed: 72.6225s (1m 12s)  14% completed  (7% total)
     Speed:     ev/sec=11562.3   simsec/sec=0.917549   ev/simsec=12601.3
     Messages:  created: 638410   present: 1172   in FES: 141
** Event #898048   t=74.012538029341   Elapsed: 74.6244s (1m 14s)  14% completed  (7% total)
     Speed:     ev/sec=9079.44   simsec/sec=0.894732   ev/simsec=10147.7
     Messages:  created: 651106   present: 1148   in FES: 133
** Event #921600   t=75.393806405032   Elapsed: 76.6429s (1m 16s)  15% completed  (7% total)
     Speed:     ev/sec=11668   simsec/sec=0.6843   ev/simsec=17051
     Messages:  created: 667967   present: 1204   in FES: 154
** Event #944896   t=77.2349640763   Elapsed: 78.6565s (1m 18s)  15% completed  (7% total)
     Speed:     ev/sec=11569.6   simsec/sec=0.914381   ev/simsec=12652.9
     Messages:  created: 684518   present: 1186   in FES: 145
** Event #970240   t=79.23496453481   Elapsed: 80.6724s (1m 20s)  15% completed  (7% total)
     Speed:     ev/sec=12572   simsec/sec=0.992107   ev/simsec=12672
     Messages:  created: 702610   present: 1156   in FES: 135
** Event #994304   t=81.194240755794   Elapsed: 82.6732s (1m 22s)  16% completed  (8% total)
     Speed:     ev/sec=12027   simsec/sec=0.979232   ev/simsec=12282.1
     Messages:  created: 719934   present: 1149   in FES: 134
** Event #1016832   t=83.095818819738   Elapsed: 84.6798s (1m 24s)  16% completed  (8% total)
     Speed:     ev/sec=11226.9   simsec/sec=0.947656   ev/simsec=11847
     Messages:  created: 736318   present: 1201   in FES: 150
** Event #1041152   t=85.095820367491   Elapsed: 86.6847s (1m 26s)  17% completed  (8% total)
     Speed:     ev/sec=12130.6   simsec/sec=0.997581   ev/simsec=12160
     Messages:  created: 753992   present: 1138   in FES: 129
** Event #1065216   t=87.093789050579   Elapsed: 88.6873s (1m 28s)  17% completed  (8% total)
     Speed:     ev/sec=12016.6   simsec/sec=0.997704   ev/simsec=12044.2
     Messages:  created: 771516   present: 1202   in FES: 151
** Event #1087232   t=89.045104931899   Elapsed: 90.6933s (1m 30s)  17% completed  (8% total)
     Speed:     ev/sec=10975   simsec/sec=0.972731   ev/simsec=11282.6
     Messages:  created: 787198   present: 1145   in FES: 128
** Event #1108736   t=90.399043908343   Elapsed: 92.7117s (1m 32s)  18% completed  (9% total)
     Speed:     ev/sec=10653.7   simsec/sec=0.670781   ev/simsec=15882.5
     Messages:  created: 802566   present: 1163   in FES: 138
** Event #1132288   t=92.234964854377   Elapsed: 94.7496s (1m 34s)  18% completed  (9% total)
     Speed:     ev/sec=11557.4   simsec/sec=0.900924   ev/simsec=12828.4
     Messages:  created: 819146   present: 1138   in FES: 129
** Event #1152256   t=94.0541485754   Elapsed: 96.7562s (1m 36s)  18% completed  (9% total)
     Speed:     ev/sec=9950.68   simsec/sec=0.906556   ev/simsec=10976.4
     Messages:  created: 833172   present: 1172   in FES: 141
** Event #1174016   t=95.372818395987   Elapsed: 98.7798s (1m 38s)  19% completed  (9% total)
     Speed:     ev/sec=10753.5   simsec/sec=0.651668   ev/simsec=16501.5
     Messages:  created: 848436   present: 1151   in FES: 134
** Event #1197568   t=97.194240399867   Elapsed: 100.814s (1m 40s)  19% completed  (9% total)
     Speed:     ev/sec=11580.6   simsec/sec=0.895603   ev/simsec=12930.6
     Messages:  created: 864898   present: 1155   in FES: 136
** Event #1214976   t=98.412926017182   Elapsed: 102.844s (1m 42s)  19% completed  (9% total)
     Speed:     ev/sec=8571.89   simsec/sec=0.600094   ev/simsec=14284.2
     Messages:  created: 877092   present: 1208   in FES: 153
** Event #1238784   t=100.230120787762   Elapsed: 104.846s (1m 44s)  20% completed  (10% total)
     Speed:     ev/sec=11895.2   simsec/sec=0.907923   ev/simsec=13101.5
     Messages:  created: 894153   present: 1199   in FES: 160
** Event #1256960   t=101.412927484077   Elapsed: 106.855s (1m 46s)  20% completed  (10% total)
     Speed:     ev/sec=9047.81   simsec/sec=0.588788   ev/simsec=15366.8
     Messages:  created: 907161   present: 1307   in FES: 164
** Event #1280768   t=103.209513974315   Elapsed: 108.858s (1m 48s)  20% completed  (10% total)
     Speed:     ev/sec=11881.6   simsec/sec=0.896604   ev/simsec=13251.8
     Messages:  created: 923978   present: 1513   in FES: 161
** Event #1299200   t=104.410802821509   Elapsed: 110.883s (1m 50s)  20% completed  (10% total)
     Speed:     ev/sec=9103.58   simsec/sec=0.593318   ev/simsec=15343.5
     Messages:  created: 937352   present: 1680   in FES: 154
** Event #1322240   t=106.194110389526   Elapsed: 112.921s (1m 52s)  21% completed  (10% total)
     Speed:     ev/sec=11307.5   simsec/sec=0.875206   ev/simsec=12919.8
     Messages:  created: 953304   present: 1894   in FES: 154
** Event #1339904   t=107.412926144471   Elapsed: 114.941s (1m 54s)  21% completed  (10% total)
     Speed:     ev/sec=8744.55   simsec/sec=0.603374   ev/simsec=14492.8
     Messages:  created: 965575   present: 2039   in FES: 148
** Event #1364224   t=109.339382032431   Elapsed: 116.951s (1m 56s)  21% completed  (10% total)
     Speed:     ev/sec=12099.4   simsec/sec=0.958429   ev/simsec=12624.2
     Messages:  created: 982615   present: 2275   in FES: 150
** Event #1387008   t=111.178547847908   Elapsed: 118.967s (1m 58s)  22% completed  (11% total)
     Speed:     ev/sec=11300.5   simsec/sec=0.912197   ev/simsec=12388.2
     Messages:  created: 998861   present: 2483   in FES: 154
** Event #1411072   t=113.109056429682   Elapsed: 120.981s (2m 00s)  22% completed  (11% total)
     Speed:     ev/sec=11947   simsec/sec=0.958432   ev/simsec=12465.1
     Messages:  created: 1016213   present: 2686   in FES: 135
** Event #1436672   t=115.230227966743   Elapsed: 122.997s (2m 02s)  23% completed  (11% total)
     Speed:     ev/sec=12697.9   simsec/sec=1.05213   ev/simsec=12068.8
     Messages:  created: 1034884   present: 2955   in FES: 141
** Event #1459456   t=117.178670202859   Elapsed: 125.027s (2m 05s)  23% completed  (11% total)
     Speed:     ev/sec=11222.7   simsec/sec=0.959742   ev/simsec=11693.4
     Messages:  created: 1051578   present: 3169   in FES: 135
** Event #1484288   t=119.236517282659   Elapsed: 127.039s (2m 07s)  23% completed  (11% total)
     Speed:     ev/sec=12345   simsec/sec=1.02304   ev/simsec=12067
     Messages:  created: 1069888   present: 3480   in FES: 154
** Event #1509632   t=121.393804879161   Elapsed: 129.07s (2m 09s)  24% completed  (12% total)
     Speed:     ev/sec=12476.2   simsec/sec=1.06197   ev/simsec=11748.1
     Messages:  created: 1088506   present: 3641   in FES: 123
** Event #1535488   t=124.025417483056   Elapsed: 131.076s (2m 11s)  24% completed  (12% total)
     Speed:     ev/sec=12892.9   simsec/sec=1.31224   ev/simsec=9825.15
     Messages:  created: 1107488   present: 4045   in FES: 153
** Event #1562880   t=126.095820279776   Elapsed: 133.076s (2m 13s)  25% completed  (12% total)
     Speed:     ev/sec=13694   simsec/sec=1.03505   ev/simsec=13230.3
     Messages:  created: 1128088   present: 4267   in FES: 143
** Event #1588480   t=128.393805035242   Elapsed: 135.099s (2m 15s)  25% completed  (12% total)
     Speed:     ev/sec=12654.3   simsec/sec=1.13592   ev/simsec=11140.2
     Messages:  created: 1147809   present: 4551   in FES: 154
** Event #1618176   t=131.337023862953   Elapsed: 137.123s (2m 17s)  26% completed  (13% total)
     Speed:     ev/sec=14675.7   simsec/sec=1.45454   ev/simsec=10089.6
     Messages:  created: 1171171   present: 4880   in FES: 139
** Event #1649920   t=134.6   Elapsed: 139.124s (2m 19s)  26% completed  (13% total)
     Speed:     ev/sec=15863.8   simsec/sec=1.63064   ev/simsec=9728.54
     Messages:  created: 1196569   present: 5224   in FES: 122
** Event #1687808   t=138.4   Elapsed: 141.138s (2m 21s)  27% completed  (13% total)
     Speed:     ev/sec=18812.4   simsec/sec=1.88681   ev/simsec=9970.53
     Messages:  created: 1227192   present: 5685   in FES: 123
** Event #1725952   t=142.355128398798   Elapsed: 143.15s (2m 23s)  28% completed  (14% total)
     Speed:     ev/sec=18956   simsec/sec=1.96554   ev/simsec=9644.19
     Messages:  created: 1257973   present: 6229   in FES: 148
** Event #1759232   t=146.054096052009   Elapsed: 145.154s (2m 25s)  29% completed  (14% total)
     Speed:     ev/sec=16608.6   simsec/sec=1.84599   ev/simsec=8997.1
     Messages:  created: 1284724   present: 6674   in FES: 154
** Event #1798144   t=150.045104664126   Elapsed: 147.159s (2m 27s)  30% completed  (15% total)
     Speed:     ev/sec=19399.4   simsec/sec=1.9897   ev/simsec=9749.92
     Messages:  created: 1316059   present: 7144   in FES: 141
** Event #1838080   t=154.072372167653   Elapsed: 149.167s (2m 29s)  30% completed  (15% total)
     Speed:     ev/sec=19889   simsec/sec=2.00567   ev/simsec=9916.4
     Messages:  created: 1348335   present: 7632   in FES: 145
** Event #1878528   t=158.093789052234   Elapsed: 151.174s (2m 31s)  31% completed  (15% total)
     Speed:     ev/sec=20159.7   simsec/sec=2.00432   ev/simsec=10058.1
     Messages:  created: 1380955   present: 8131   in FES: 152
** Event #1916928   t=162.08203988669   Elapsed: 153.178s (2m 33s)  32% completed  (16% total)
     Speed:     ev/sec=19157.5   simsec/sec=1.98971   ev/simsec=9628.28
     Messages:  created: 1411978   present: 8616   in FES: 150
** Event #1958144   t=166.221365213209   Elapsed: 155.184s (2m 35s)  33% completed  (16% total)
     Speed:     ev/sec=20545.7   simsec/sec=2.06341   ev/simsec=9957.18
     Messages:  created: 1445245   present: 9018   in FES: 123
** Event #2000384   t=170.536730667884   Elapsed: 157.188s (2m 37s)  34% completed  (17% total)
     Speed:     ev/sec=21078.6   simsec/sec=2.15345   ev/simsec=9788.28
     Messages:  created: 1479382   present: 9535   in FES: 122
** Event #2040064   t=175.025418422267   Elapsed: 159.254s (2m 39s)  35% completed  (17% total)
     Speed:     ev/sec=19210.1   simsec/sec=2.17309   ev/simsec=8840
     Messages:  created: 1511346   present: 10132   in FES: 142
** Event #2081536   t=179.074104817977   Elapsed: 161.26s (2m 41s)  35% completed  (17% total)
     Speed:     ev/sec=20672.4   simsec/sec=2.01814   ev/simsec=10243.3
     Messages:  created: 1545092   present: 10640   in FES: 154
** Event #2120704   t=183.074708572415   Elapsed: 163.274s (2m 43s)  36% completed  (18% total)
     Speed:     ev/sec=19442.9   simsec/sec=1.98589   ev/simsec=9790.52
     Messages:  created: 1576715   present: 11065   in FES: 126
** Event #2160128   t=187.087680823844   Elapsed: 165.281s (2m 45s)  37% completed  (18% total)
     Speed:     ev/sec=19652.4   simsec/sec=2.00042   ev/simsec=9824.14
     Messages:  created: 1608645   present: 11615   in FES: 152
** Event #2203648   t=191.412799347839   Elapsed: 167.294s (2m 47s)  38% completed  (19% total)
     Speed:     ev/sec=21610.9   simsec/sec=2.14774   ev/simsec=10062.2
     Messages:  created: 1643910   present: 12124   in FES: 154
** Event #2245120   t=196.042502588313   Elapsed: 169.3s (2m 49s)  39% completed  (19% total)
     Speed:     ev/sec=20675.9   simsec/sec=2.30814   ev/simsec=8957.81
     Messages:  created: 1677313   present: 12634   in FES: 131
** Event #2285824   t=200.082703999384   Elapsed: 171.304s (2m 51s)  40% completed  (20% total)
     Speed:     ev/sec=20317.5   simsec/sec=2.01668   ev/simsec=10074.7
     Messages:  created: 1710500   present: 13172   in FES: 150
** Event #2327808   t=204.457187990604   Elapsed: 173.314s (2m 53s)  40% completed  (20% total)
     Speed:     ev/sec=20885.7   simsec/sec=2.17617   ev/simsec=9597.47
     Messages:  created: 1745310   present: 13671   in FES: 145
** Event #2369024   t=209.33691891474   Elapsed: 175.327s (2m 55s)  41% completed  (20% total)
     Speed:     ev/sec=20475.4   simsec/sec=2.42416   ev/simsec=8446.37
     Messages:  created: 1780774   present: 14266   in FES: 154
** Event #2426368   t=216.410804191372   Elapsed: 177.334s (2m 57s)  43% completed  (21% total)
     Speed:     ev/sec=28564.8   simsec/sec=3.52371   ev/simsec=8106.44
     Messages:  created: 1831993   present: 15123   in FES: 154
** Event #2482688   t=224.040379689921   Elapsed: 179.336s (2m 59s)  44% completed  (22% total)
     Speed:     ev/sec=28140.2   simsec/sec=3.81211   ev/simsec=7381.8
     Messages:  created: 1883002   present: 16045   in FES: 155
** Event #2542592   t=231.398991134239   Elapsed: 181.341s (3m 01s)  46% completed  (23% total)
     Speed:     ev/sec=29875.4   simsec/sec=3.66989   ev/simsec=8140.67
     Messages:  created: 1937698   present: 16936   in FES: 154
** Event #2606848   t=240.040614533958   Elapsed: 183.343s (3m 03s)  48% completed  (24% total)
     Speed:     ev/sec=32091.1   simsec/sec=4.31585   ev/simsec=7435.64
     Messages:  created: 1996022   present: 17974   in FES: 154
** Event #2669824   t=248.071731521499   Elapsed: 185.346s (3m 05s)  49% completed  (24% total)
     Speed:     ev/sec=31443.6   simsec/sec=4.0099   ev/simsec=7841.5
     Messages:  created: 2053380   present: 18928   in FES: 154
** Event #2723840   t=255.067130995693   Elapsed: 187.352s (3m 07s)  51% completed  (25% total)
     Speed:     ev/sec=26927   simsec/sec=3.48721   ev/simsec=7721.65
     Messages:  created: 2102524   present: 19746   in FES: 154
** Event #2786304   t=263.071790211544   Elapsed: 189.355s (3m 09s)  52% completed  (26% total)
     Speed:     ev/sec=31190.1   simsec/sec=3.99696   ev/simsec=7803.46
     Messages:  created: 2159361   present: 20694   in FES: 139
** Event #2844672   t=270.3726875711   Elapsed: 191.359s (3m 11s)  54% completed  (27% total)
     Speed:     ev/sec=29123.7   simsec/sec=3.64291   ev/simsec=7994.63
     Messages:  created: 2212556   present: 21521   in FES: 124
** Event #2905600   t=278.236591172108   Elapsed: 193.365s (3m 13s)  55% completed  (27% total)
     Speed:     ev/sec=30361.6   simsec/sec=3.91874   ev/simsec=7747.81
     Messages:  created: 2268063   present: 22547   in FES: 150
** Event #2963968   t=286.054097511657   Elapsed: 195.369s (3m 15s)  57% completed  (28% total)
     Speed:     ev/sec=29137.6   simsec/sec=3.90253   ev/simsec=7466.32
     Messages:  created: 2321053   present: 23487   in FES: 154
** Event #3028736   t=294.178547635558   Elapsed: 197.374s (3m 17s)  58% completed  (29% total)
     Speed:     ev/sec=32304.6   simsec/sec=4.05226   ev/simsec=7971.99
     Messages:  created: 2380051   present: 24374   in FES: 123
** Event #3087104   t=302.035183148239   Elapsed: 199.376s (3m 19s)  60% completed  (30% total)
     Speed:     ev/sec=29147   simsec/sec=3.92334   ev/simsec=7429.13
     Messages:  created: 2433047   present: 25401   in FES: 154
** Event #3149568   t=310.040664877256   Elapsed: 201.378s (3m 21s)  62% completed  (31% total)
     Speed:     ev/sec=31197.6   simsec/sec=3.99833   ev/simsec=7802.65
     Messages:  created: 2489948   present: 26373   in FES: 153
** Event #3211008   t=318.025561405695   Elapsed: 203.381s (3m 23s)  63% completed  (31% total)
     Speed:     ev/sec=30676.9   simsec/sec=3.98684   ev/simsec=7694.53
     Messages:  created: 2545745   present: 27238   in FES: 124
** Event #3272448   t=325.845210194857   Elapsed: 205.383s (3m 25s)  65% completed  (32% total)
     Speed:     ev/sec=30693.6   simsec/sec=3.90646   ev/simsec=7857.13
     Messages:  created: 2601716   present: 28173   in FES: 122
** Event #3332352   t=333.288057900635   Elapsed: 207.388s (3m 27s)  66% completed  (33% total)
     Speed:     ev/sec=29879.8   simsec/sec=3.71245   ev/simsec=8048.53
     Messages:  created: 2656388   present: 29085   in FES: 129
** Event #3397376   t=337.194112193656   Elapsed: 209.397s (3m 29s)  67% completed  (33% total)
     Speed:     ev/sec=32360.4   simsec/sec=1.94392   ev/simsec=16647
     Messages:  created: 2731161   present: 29496   in FES: 154
** Event #3456768   t=340.345275787953   Elapsed: 211.399s (3m 31s)  68% completed  (34% total)
     Speed:     ev/sec=29665.8   simsec/sec=1.57398   ev/simsec=18847.6
     Messages:  created: 2800667   present: 29739   in FES: 155
** Event #3524352   t=344.095286791617   Elapsed: 213.4s (3m 33s)  68% completed  (34% total)
     Speed:     ev/sec=33772   simsec/sec=1.8739   ev/simsec=18022.3
     Messages:  created: 2879453   present: 30054   in FES: 164
** Event #3591424   t=347.98346038352   Elapsed: 215.405s (3m 35s)  69% completed  (34% total)
     Speed:     ev/sec=33448.3   simsec/sec=1.939   ev/simsec=17250.3
     Messages:  created: 2957742   present: 30314   in FES: 137
** Event #3659008   t=351.599707571963   Elapsed: 217.408s (3m 37s)  70% completed  (35% total)
     Speed:     ev/sec=33754.3   simsec/sec=1.80611   ev/simsec=18689
     Messages:  created: 3035674   present: 30665   in FES: 165
** Event #3728128   t=355.418811213532   Elapsed: 219.409s (3m 39s)  71% completed  (35% total)
     Speed:     ev/sec=34543.9   simsec/sec=1.90866   ev/simsec=18098.5
     Messages:  created: 3115647   present: 30968   in FES: 154
** Event #3786496   t=358.845713287042   Elapsed: 221.411s (3m 41s)  71% completed  (35% total)
     Speed:     ev/sec=29148.8   simsec/sec=1.71139   ev/simsec=17032.3
     Messages:  created: 3183842   present: 31196   in FES: 149
** Event #3854592   t=362.530632828615   Elapsed: 223.416s (3m 43s)  72% completed  (36% total)
     Speed:     ev/sec=33960.2   simsec/sec=1.83771   ev/simsec=18479.6
     Messages:  created: 3262416   present: 31517   in FES: 154
** Event #3924480   t=366.358695616885   Elapsed: 225.417s (3m 45s)  73% completed  (36% total)
     Speed:     ev/sec=34929.5   simsec/sec=1.91324   ev/simsec=18256.8
     Messages:  created: 3343822   present: 31850   in FES: 155
** Event #3994112   t=370.099471688503   Elapsed: 227.421s (3m 47s)  74% completed  (37% total)
     Speed:     ev/sec=34744   simsec/sec=1.86652   ev/simsec=18614.3
     Messages:  created: 3425272   present: 32157   in FES: 154
** Event #4060160   t=373.457179538862   Elapsed: 229.431s (3m 49s)  74% completed  (37% total)
     Speed:     ev/sec=32860.7   simsec/sec=1.67055   ev/simsec=19670.6
     Messages:  created: 3502858   present: 32355   in FES: 136
** Event #4118016   t=376.373435771305   Elapsed: 231.435s (3m 51s)  75% completed  (37% total)
     Speed:     ev/sec=28865.6   simsec/sec=1.45498   ev/simsec=19839.1
     Messages:  created: 3571310   present: 32630   in FES: 154
** Event #4183296   t=379.724328727694   Elapsed: 233.438s (3m 53s)  75% completed  (37% total)
     Speed:     ev/sec=32597.8   simsec/sec=1.67328   ev/simsec=19481.4
     Messages:  created: 3648811   present: 32816   in FES: 123
** Event #4246784   t=385.336995622988   Elapsed: 235.446s (3m 55s)  77% completed  (38% total)
     Speed:     ev/sec=31623   simsec/sec=2.79564   ev/simsec=11311.6
     Messages:  created: 3715105   present: 33502   in FES: 145
** Event #4306688   t=393.098998046235   Elapsed: 237.452s (3m 57s)  78% completed  (39% total)
     Speed:     ev/sec=29858.3   simsec/sec=3.86886   ev/simsec=7717.6
     Messages:  created: 3769586   present: 34391   in FES: 129
** Event #4365312   t=401.018036413006   Elapsed: 239.452s (3m 59s)  80% completed  (40% total)
     Speed:     ev/sec=29307.6   simsec/sec=3.95893   ev/simsec=7402.92
     Messages:  created: 3822736   present: 35319   in FES: 123
** Event #4423424   t=408.111719951424   Elapsed: 241.461s (4m 01s)  81% completed  (40% total)
     Speed:     ev/sec=28929.3   simsec/sec=3.53138   ev/simsec=8192.08
     Messages:  created: 3875879   present: 36247   in FES: 148
** Event #4473088   t=414.370150505831   Elapsed: 243.475s (4m 03s)  82% completed  (41% total)
     Speed:     ev/sec=24660   simsec/sec=3.10754   ev/simsec=7935.54
     Messages:  created: 3920576   present: 36923   in FES: 123
** Event #4517376   t=419.288079798207   Elapsed: 245.478s (4m 05s)  83% completed  (41% total)
     Speed:     ev/sec=22108.6   simsec/sec=2.45503   ev/simsec=9005.42
     Messages:  created: 3957746   present: 37551   in FES: 137
** Event #4558336   t=423.45719972863   Elapsed: 247.49s (4m 07s)  84% completed  (42% total)
     Speed:     ev/sec=20360.5   simsec/sec=2.0724   ev/simsec=9824.62
     Messages:  created: 3990932   present: 38098   in FES: 152
** Event #4599040   t=428.040325630317   Elapsed: 249.5s (4m 09s)  85% completed  (42% total)
     Speed:     ev/sec=20246.7   simsec/sec=2.27971   ev/simsec=8881.27
     Messages:  created: 4023554   present: 38569   in FES: 125
** Event #4639232   t=432.067185662051   Elapsed: 251.501s (4m 11s)  86% completed  (43% total)
     Speed:     ev/sec=20093.9   simsec/sec=2.01322   ev/simsec=9980.98
     Messages:  created: 4056004   present: 39085   in FES: 137
** Event #4677888   t=436.054148318554   Elapsed: 253.507s (4m 13s)  87% completed  (43% total)
     Speed:     ev/sec=19261.4   simsec/sec=1.98662   ev/simsec=9695.6
     Messages:  created: 4087151   present: 39575   in FES: 140
** Event #4721408   t=440.234911965463   Elapsed: 255.515s (4m 15s)  88% completed  (44% total)
     Speed:     ev/sec=21680.9   simsec/sec=2.08278   ev/simsec=10409.6
     Messages:  created: 4122309   present: 40101   in FES: 148
** Event #4761088   t=444.308344423778   Elapsed: 257.525s (4m 17s)  88% completed  (44% total)
     Speed:     ev/sec=19739.3   simsec/sec=2.02637   ev/simsec=9741.17
     Messages:  created: 4154257   present: 40584   in FES: 147
** Event #4798720   t=448.188657403056   Elapsed: 259.529s (4m 19s)  89% completed  (44% total)
     Speed:     ev/sec=18781.2   simsec/sec=1.93657   ev/simsec=9698.19
     Messages:  created: 4184529   present: 40980   in FES: 123
** Event #4837888   t=452.221258657024   Elapsed: 261.535s (4m 21s)  90% completed  (45% total)
     Speed:     ev/sec=19521.9   simsec/sec=2.00991   ev/simsec=9712.84
     Messages:  created: 4216157   present: 41547   in FES: 154
** Event #4876288   t=456.111751530886   Elapsed: 263.544s (4m 23s)  91% completed  (45% total)
     Speed:     ev/sec=19117.2   simsec/sec=1.93686   ev/simsec=9870.21
     Messages:  created: 4247007   present: 41934   in FES: 123
** Event #4915200   t=460.111747904291   Elapsed: 265.554s (4m 25s)  92% completed  (46% total)
     Speed:     ev/sec=19355.6   simsec/sec=1.98967   ev/simsec=9728.01
     Messages:  created: 4278403   present: 42490   in FES: 149
** Event #4952320   t=464.074093706351   Elapsed: 267.561s (4m 27s)  92% completed  (46% total)
     Speed:     ev/sec=18496   simsec/sec=1.97434   ev/simsec=9368.19
     Messages:  created: 4308299   present: 42910   in FES: 127
** Event #4989952   t=468.067130942713   Elapsed: 269.567s (4m 29s)  93% completed  (46% total)
     Speed:     ev/sec=18759.6   simsec/sec=1.99054   ev/simsec=9424.4
     Messages:  created: 4338691   present: 43364   in FES: 124
** Event #5026304   t=471.441026316184   Elapsed: 271.585s (4m 31s)  94% completed  (47% total)
     Speed:     ev/sec=18017.5   simsec/sec=1.67224   ev/simsec=10774.5
     Messages:  created: 4368454   present: 43849   in FES: 152
** Event #5063680   t=475.221357414526   Elapsed: 273.595s (4m 33s)  95% completed  (47% total)
     Speed:     ev/sec=18588   simsec/sec=1.88005   ev/simsec=9886.96
     Messages:  created: 4399577   present: 35323   in FES: 161
** Event #5094912   t=478.398991134239   Elapsed: 275.598s (4m 35s)  95% completed  (47% total)
     Speed:     ev/sec=15597.6   simsec/sec=1.58694   ev/simsec=9828.7
     Messages:  created: 4424958   present: 14730   in FES: 154
** Event #5136128   t=483.230124467729   Elapsed: 277.6s (4m 37s)  96% completed  (48% total)
     Speed:     ev/sec=20588.5   simsec/sec=2.41328   ev/simsec=8531.33
     Messages:  created: 4460396   present: 15302   in FES: 154
** Event #5188864   t=490.081987489001   Elapsed: 279.601s (4m 39s)  98% completed  (49% total)
     Speed:     ev/sec=26348.5   simsec/sec=3.42339   ev/simsec=7696.59
     Messages:  created: 4508113   present: 16123   in FES: 154
** Event #5229312   t=494.410905830638   Elapsed: 281.607s (4m 41s)  98% completed  (49% total)
     Speed:     ev/sec=20163   simsec/sec=2.15794   ev/simsec=9343.67
     Messages:  created: 4542183   present: 16606   in FES: 139
** Event #5265664   t=498.234941223039   Elapsed: 283.625s (4m 43s)  99% completed  (49% total)
     Speed:     ev/sec=18018.1   simsec/sec=1.89541   ev/simsec=9506.19
     Messages:  created: 4571685   present: 17067   in FES: 140
** Event #5278643   t=500   Elapsed: 284.41s (4m 44s)  100% completed  (50% total)
     Speed:     ev/sec=16520.7   simsec/sec=2.23391   ev/simsec=7395.41
     Messages:  created: 4581936   present: 17225   in FES: 122

<!> Simulation time limit reached -- at t=500s, event #5278643
undisposed object: (omnetpp::cMessage) FanetSarNetwork.groundStation.app.debugTimer -- check module destructor
undisposed object: (omnetpp::cMessage) FanetSarNetwork.uav[0].app.debugTimer -- check module destructor
undisposed object: (omnetpp::cMessage) FanetSarNetwork.uav[1].app.debugTimer -- check module destructor
undisposed object: (omnetpp::cMessage) FanetSarNetwork.uav[2].app.debugTimer -- check module destructor
undisposed object: (omnetpp::cMessage) FanetSarNetwork.uav[3].app.debugTimer -- check module destructor
undisposed object: (omnetpp::cMessage) FanetSarNetwork.uav[4].app.debugTimer -- check module destructor
undisposed object: (omnetpp::cMessage) FanetSarNetwork.uav[5].app.debugTimer -- check module destructor
undisposed object: (omnetpp::cMessage) FanetSarNetwork.uav[6].app.debugTimer -- check module destructor
undisposed object: (omnetpp::cMessage) FanetSarNetwork.uav[7].app.debugTimer -- check module destructor
undisposed object: (omnetpp::cMessage) FanetSarNetwork.uav[8].app.debugTimer -- check module destructor
undisposed object: (omnetpp::cMessage) FanetSarNetwork.uav[9].app.debugTimer -- check module destructor
undisposed object: (omnetpp::cMessage) FanetSarNetwork.uav[10].app.debugTimer -- check module destructor
undisposed object: (omnetpp::cMessage) FanetSarNetwork.uav[11].app.debugTimer -- check module destructor
undisposed object: (omnetpp::cMessage) FanetSarNetwork.uav[12].app.debugTimer -- check module destructor
undisposed object: (omnetpp::cMessage) FanetSarNetwork.uav[13].app.debugTimer -- check module destructor
undisposed object: (omnetpp::cMessage) FanetSarNetwork.uav[14].app.debugTimer -- check module destructor
undisposed object: (omnetpp::cMessage) FanetSarNetwork.uav[15].app.debugTimer -- check module destructor
undisposed object: (omnetpp::cMessage) FanetSarNetwork.uav[16].app.debugTimer -- check module destructor
undisposed object: (omnetpp::cMessage) FanetSarNetwork.uav[17].app.debugTimer -- check module destructor
undisposed object: (omnetpp::cMessage) FanetSarNetwork.uav[18].app.debugTimer -- check module destructor
undisposed object: (omnetpp::cMessage) FanetSarNetwork.uav[19].app.debugTimer -- check module destructor
undisposed object: (omnetpp::cMessage) FanetSarNetwork.uav[20].app.debugTimer -- check module destructor
undisposed object: (omnetpp::cMessage) FanetSarNetwork.uav[21].app.debugTimer -- check module destructor
undisposed object: (omnetpp::cMessage) FanetSarNetwork.uav[22].app.debugTimer -- check module destructor
undisposed object: (omnetpp::cMessage) FanetSarNetwork.uav[23].app.debugTimer -- check module destructor
undisposed object: (omnetpp::cMessage) FanetSarNetwork.uav[24].app.debugTimer -- check module destructor
undisposed object: (omnetpp::cMessage) FanetSarNetwork.uav[25].app.debugTimer -- check module destructor
undisposed object: (omnetpp::cMessage) FanetSarNetwork.uav[26].app.debugTimer -- check module destructor
undisposed object: (omnetpp::cMessage) FanetSarNetwork.uav[27].app.debugTimer -- check module destructor
undisposed object: (omnetpp::cMessage) FanetSarNetwork.uav[28].app.debugTimer -- check module destructor
undisposed object: (omnetpp::cMessage) FanetSarNetwork.uav[29].app.debugTimer -- check module destructor
