** Event #0   t=0   Elapsed: 9e-06s (0m 00s)  0% completed  (50% total)
     Speed:     ev/sec=0   simsec/sec=0   ev/simsec=0
     Messages:  created: 1178   present: 1178   in FES: 186
** Event #36608   t=4.015950004978   Elapsed: 2.00391s (0m 02s)  0% completed  (50% total)
     Speed:     ev/sec=18268.9   simsec/sec=2.00407   ev/simsec=9115.9
     Messages:  created: 28084   present: 1206   in FES: 149
** Event #68352   t=6.262337170898   Elapsed: 4.02751s (0m 04s)  1% completed  (50% total)
     Speed:     ev/sec=15686.8   simsec/sec=1.11009   ev/simsec=14131.1
     Messages:  created: 51724   present: 1201   in FES: 154
** Event #93952   t=8.258941220539   Elapsed: 6.04371s (0m 06s)  1% completed  (50% total)
     Speed:     ev/sec=12697.2   simsec/sec=0.990283   ev/simsec=12821.8
     Messages:  created: 69990   present: 1142   in FES: 131
** Event #122112   t=10.7   Elapsed: 8.05908s (0m 08s)  2% completed  (51% total)
     Speed:     ev/sec=13972.6   simsec/sec=1.21122   ev/simsec=11536
     Messages:  created: 90032   present: 1116   in FES: 122
** Event #155904   t=13.111673427252   Elapsed: 10.0602s (0m 10s)  2% completed  (51% total)
     Speed:     ev/sec=16886.1   simsec/sec=1.20513   ev/simsec=14011.8
     Messages:  created: 114214   present: 1125   in FES: 126
** Event #182272   t=15.149947460345   Elapsed: 12.0607s (0m 12s)  3% completed  (51% total)
     Speed:     ev/sec=13181.2   simsec/sec=1.01892   ev/simsec=12936.4
     Messages:  created: 133050   present: 1156   in FES: 135
** Event #207616   t=17.148508484968   Elapsed: 14.0758s (0m 14s)  3% completed  (51% total)
     Speed:     ev/sec=12576.8   simsec/sec=0.99177   ev/simsec=12681.1
     Messages:  created: 151148   present: 1172   in FES: 141
** Event #236288   t=20.0144446929   Elapsed: 16.0776s (0m 16s)  4% completed  (52% total)
     Speed:     ev/sec=14323.2   simsec/sec=1.43169   ev/simsec=10004.4
     Messages:  created: 172090   present: 1193   in FES: 146
** Event #265472   t=22.202431402137   Elapsed: 18.08s (0m 18s)  4% completed  (52% total)
     Speed:     ev/sec=14574.5   simsec/sec=1.09268   ev/simsec=13338.3
     Messages:  created: 194244   present: 1146   in FES: 133
** Event #302592   t=26.019932353478   Elapsed: 20.0844s (0m 20s)  5% completed  (52% total)
     Speed:     ev/sec=18518.9   simsec/sec=1.90453   ev/simsec=9723.64
     Messages:  created: 222346   present: 1186   in FES: 143
** Event #342272   t=29.163951204024   Elapsed: 22.101s (0m 22s)  5% completed  (52% total)
     Speed:     ev/sec=19677.5   simsec/sec=1.55913   ev/simsec=12620.8
     Messages:  created: 252420   present: 1184   in FES: 145
** Event #382720   t=33.238815903896   Elapsed: 24.1096s (0m 24s)  6% completed  (53% total)
     Speed:     ev/sec=20136.5   simsec/sec=2.02862   ev/simsec=9926.22
     Messages:  created: 284761   present: 1119   in FES: 124
** Event #438272   t=40.065295921287   Elapsed: 26.1133s (0m 26s)  8% completed  (54% total)
     Speed:     ev/sec=27725.8   simsec/sec=3.40707   ev/simsec=8137.72
     Messages:  created: 333458   present: 1207   in FES: 150
** Event #515584   t=50.075979278615   Elapsed: 28.1168s (0m 28s)  10% completed  (55% total)
     Speed:     ev/sec=38587.3   simsec/sec=4.99645   ev/simsec=7722.95
     Messages:  created: 404766   present: 1124   in FES: 123
** Event #594944   t=60.178110837885   Elapsed: 30.1183s (0m 30s)  12% completed  (56% total)
     Speed:     ev/sec=39649.8   simsec/sec=5.04722   ev/simsec=7855.77
     Messages:  created: 477833   present: 1188   in FES: 154
** Event #665856   t=70.011901306645   Elapsed: 32.1224s (0m 32s)  14% completed  (57% total)
     Speed:     ev/sec=35384.6   simsec/sec=4.90699   ev/simsec=7211.05
     Messages:  created: 543872   present: 1205   in FES: 150
** Event #748544   t=80.926157979765   Elapsed: 34.1251s (0m 34s)  16% completed  (58% total)
     Speed:     ev/sec=41287   simsec/sec=5.44961   ev/simsec=7576.15
     Messages:  created: 620374   present: 1116   in FES: 122
** Event #831744   t=91.415668464505   Elapsed: 36.1288s (0m 36s)  18% completed  (59% total)
     Speed:     ev/sec=41524.5   simsec/sec=5.23523   ev/simsec=7931.73
     Messages:  created: 697426   present: 1169   in FES: 140
** Event #901376   t=100.402533601939   Elapsed: 38.1381s (0m 38s)  20% completed  (60% total)
     Speed:     ev/sec=34655.2   simsec/sec=4.47268   ev/simsec=7748.2
     Messages:  created: 762477   present: 1235   in FES: 164
** Event #983552   t=110.163918105425   Elapsed: 40.1452s (0m 40s)  22% completed  (61% total)
     Speed:     ev/sec=40942.7   simsec/sec=4.86343   ev/simsec=8418.48
     Messages:  created: 839968   present: 2383   in FES: 151
** Event #1067520   t=121.071932610562   Elapsed: 42.1454s (0m 42s)  24% completed  (62% total)
     Speed:     ev/sec=41979.9   simsec/sec=5.45347   ev/simsec=7697.83
     Messages:  created: 916198   present: 3682   in FES: 146
** Event #1133312   t=128.481890123908   Elapsed: 44.1551s (0m 44s)  25% completed  (62% total)
     Speed:     ev/sec=32736.9   simsec/sec=3.68706   ev/simsec=8878.86
     Messages:  created: 972221   present: 4549   in FES: 142
** Event #1178368   t=133.178213809358   Elapsed: 46.1709s (0m 46s)  26% completed  (63% total)
     Speed:     ev/sec=22351.3   simsec/sec=2.32974   ev/simsec=9593.89
     Messages:  created: 1008920   present: 5120   in FES: 144
** Event #1222912   t=138.055229300137   Elapsed: 48.1735s (0m 48s)  27% completed  (63% total)
     Speed:     ev/sec=22243.4   simsec/sec=2.43538   ev/simsec=9133.45
     Messages:  created: 1044982   present: 5711   in FES: 145
** Event #1266176   t=142.357813606272   Elapsed: 50.1801s (0m 50s)  28% completed  (64% total)
     Speed:     ev/sec=21560.3   simsec/sec=2.14416   ev/simsec=10055.4
     Messages:  created: 1080270   present: 6159   in FES: 123
** Event #1323008   t=148.26241780446   Elapsed: 52.1904s (0m 52s)  29% completed  (64% total)
     Speed:     ev/sec=28270.6   simsec/sec=2.9372   ev/simsec=9625.03
     Messages:  created: 1126557   present: 6940   in FES: 147
** Event #1383936   t=155.019932753556   Elapsed: 54.1946s (0m 54s)  31% completed  (65% total)
     Speed:     ev/sec=30399.9   simsec/sec=3.37165   ev/simsec=9016.33
     Messages:  created: 1175827   present: 7730   in FES: 139
** Event #1447680   t=162.008288069116   Elapsed: 56.1966s (0m 56s)  32% completed  (66% total)
     Speed:     ev/sec=31840.2   simsec/sec=3.49069   ev/simsec=9121.46
     Messages:  created: 1228677   present: 8604   in FES: 151
** Event #1496320   t=167.056205122461   Elapsed: 58.2007s (0m 58s)  33% completed  (66% total)
     Speed:     ev/sec=24269.9   simsec/sec=2.51875   ev/simsec=9635.66
     Messages:  created: 1269102   present: 9199   in FES: 147
** Event #1540864   t=171.396950239942   Elapsed: 60.2127s (1m 00s)  34% completed  (67% total)
     Speed:     ev/sec=22140.1   simsec/sec=2.15752   ev/simsec=10261.8
     Messages:  created: 1305044   present: 9705   in FES: 143
** Event #1579520   t=175.332673641825   Elapsed: 62.2151s (1m 02s)  35% completed  (67% total)
     Speed:     ev/sec=19304.6   simsec/sec=1.96548   ev/simsec=9821.83
     Messages:  created: 1336127   present: 10152   in FES: 135
** Event #1620480   t=180.005578330492   Elapsed: 64.2233s (1m 04s)  36% completed  (68% total)
     Speed:     ev/sec=20396.1   simsec/sec=2.32688   ev/simsec=8765.43
     Messages:  created: 1368849   present: 10757   in FES: 150
** Event #1668864   t=184.379305805543   Elapsed: 66.2263s (1m 06s)  36% completed  (68% total)
     Speed:     ev/sec=24156.3   simsec/sec=2.18364   ev/simsec=11062.4
     Messages:  created: 1407519   present: 11247   in FES: 138
** Event #1719552   t=189.481860766021   Elapsed: 68.2338s (1m 08s)  37% completed  (68% total)
     Speed:     ev/sec=25248.3   simsec/sec=2.54165   ev/simsec=9933.85
     Messages:  created: 1447963   present: 11901   in FES: 152
** Event #1777152   t=195.270776028745   Elapsed: 70.244s (1m 10s)  39% completed  (69% total)
     Speed:     ev/sec=28654.3   simsec/sec=2.87982   ev/simsec=9950.05
     Messages:  created: 1494079   present: 12510   in FES: 125
** Event #1832192   t=201.136460532492   Elapsed: 72.2479s (1m 12s)  40% completed  (70% total)
     Speed:     ev/sec=27466.1   simsec/sec=2.9271   ev/simsec=9383.39
     Messages:  created: 1539038   present: 13267   in FES: 141
** Event #1895168   t=209.202378207576   Elapsed: 74.2578s (1m 14s)  41% completed  (70% total)
     Speed:     ev/sec=31333.2   simsec/sec=4.01314   ev/simsec=7807.67
     Messages:  created: 1596339   present: 14258   in FES: 149
** Event #1947648   t=215.162648111503   Elapsed: 76.2596s (1m 16s)  43% completed  (71% total)
     Speed:     ev/sec=26216.4   simsec/sec=2.97746   ev/simsec=8804.97
     Messages:  created: 1640584   present: 14941   in FES: 137
** Event #2003456   t=221.162647709353   Elapsed: 78.2734s (1m 18s)  44% completed  (72% total)
     Speed:     ev/sec=27712.7   simsec/sec=2.97944   ev/simsec=9301.33
     Messages:  created: 1686232   present: 15662   in FES: 138
** Event #2067200   t=228.148459401634   Elapsed: 80.2737s (1m 20s)  45% completed  (72% total)
     Speed:     ev/sec=31867.8   simsec/sec=3.49245   ev/simsec=9124.78
     Messages:  created: 1740257   present: 16502   in FES: 138
** Event #2162944   t=233.287222806831   Elapsed: 82.2777s (1m 22s)  46% completed  (73% total)
     Speed:     ev/sec=47775.2   simsec/sec=2.56419   ev/simsec=18631.7
     Messages:  created: 1852798   present: 16950   in FES: 165
** Event #2226688   t=237.72382396591   Elapsed: 84.2786s (1m 24s)  47% completed  (73% total)
     Speed:     ev/sec=31857.4   simsec/sec=2.21728   ev/simsec=14367.8
     Messages:  created: 1924880   present: 17222   in FES: 122
** Event #2300160   t=242.691758202743   Elapsed: 86.2833s (1m 26s)  48% completed  (74% total)
     Speed:     ev/sec=36651.4   simsec/sec=2.47824   ev/simsec=14789.2
     Messages:  created: 2007522   present: 17715   in FES: 165
** Event #2393344   t=249.054554034804   Elapsed: 88.2881s (1m 28s)  49% completed  (74% total)
     Speed:     ev/sec=46479.5   simsec/sec=3.17372   ev/simsec=14645.1
     Messages:  created: 2112190   present: 18211   in FES: 148
** Event #2468608   t=254.078924143732   Elapsed: 90.2903s (1m 30s)  50% completed  (75% total)
     Speed:     ev/sec=37591.2   simsec/sec=2.50946   ev/simsec=14979.8
     Messages:  created: 2196681   present: 18618   in FES: 150
** Event #2562048   t=260.088260576569   Elapsed: 92.2909s (1m 32s)  52% completed  (76% total)
     Speed:     ev/sec=46704.8   simsec/sec=3.00369   ev/simsec=15549.1
     Messages:  created: 2302696   present: 19108   in FES: 154
** Event #2640128   t=265.17811212228   Elapsed: 94.2965s (1m 34s)  53% completed  (76% total)
     Speed:     ev/sec=38930.9   simsec/sec=2.53781   ev/simsec=15340.3
     Messages:  created: 2388253   present: 19578   in FES: 154
** Event #2687744   t=270.09608038661   Elapsed: 96.3074s (1m 36s)  54% completed  (77% total)
     Speed:     ev/sec=23679.5   simsec/sec=2.44572   ev/simsec=9682.05
     Messages:  created: 2426278   present: 20175   in FES: 154
** Event #2723584   t=273.306938143539   Elapsed: 98.3153s (1m 38s)  54% completed  (77% total)
     Speed:     ev/sec=17849.7   simsec/sec=1.59913   ev/simsec=11162.1
     Messages:  created: 2453328   present: 20544   in FES: 145
** Event #2757120   t=276.381697296916   Elapsed: 100.321s (1m 40s)  55% completed  (77% total)
     Speed:     ev/sec=16716   simsec/sec=1.53261   ev/simsec=10906.9
     Messages:  created: 2478589   present: 20899   in FES: 139
** Event #2798848   t=281.039606579204   Elapsed: 102.322s (1m 42s)  56% completed  (78% total)
     Speed:     ev/sec=20861.2   simsec/sec=2.32864   ev/simsec=8958.53
     Messages:  created: 2512075   present: 21482   in FES: 154
** Event #2851584   t=286.402557784497   Elapsed: 104.327s (1m 44s)  57% completed  (78% total)
     Speed:     ev/sec=26295.2   simsec/sec=2.67408   ev/simsec=9833.39
     Messages:  created: 2555381   present: 22125   in FES: 147
** Event #2905600   t=292.202303703338   Elapsed: 106.327s (1m 46s)  58% completed  (79% total)
     Speed:     ev/sec=27006.2   simsec/sec=2.89968   ev/simsec=9313.51
     Messages:  created: 2599668   present: 22839   in FES: 154
** Event #2990848   t=296.10370862361   Elapsed: 108.328s (1m 48s)  59% completed  (79% total)
     Speed:     ev/sec=42602.4   simsec/sec=1.94971   ev/simsec=21850.6
     Messages:  created: 2695698   present: 23172   in FES: 173
** Event #3074816   t=298.541506517707   Elapsed: 110.332s (1m 50s)  59% completed  (79% total)
     Speed:     ev/sec=41913   simsec/sec=1.21684   ev/simsec=34444.2
     Messages:  created: 2798827   present: 23258   in FES: 167
** Event #3170304   t=302.062665326512   Elapsed: 112.334s (1m 52s)  60% completed  (80% total)
     Speed:     ev/sec=47681.4   simsec/sec=1.75827   ev/simsec=27118.3
     Messages:  created: 2913454   present: 23495   in FES: 154
** Event #3262976   t=308.534547475165   Elapsed: 114.337s (1m 54s)  61% completed  (80% total)
     Speed:     ev/sec=46272.8   simsec/sec=3.23153   ev/simsec=14319.2
     Messages:  created: 3014811   present: 24010   in FES: 164
** Event #3339776   t=313.768485700739   Elapsed: 116.341s (1m 56s)  62% completed  (81% total)
     Speed:     ev/sec=38323.5   simsec/sec=2.61176   ev/simsec=14673.5
     Messages:  created: 3096014   present: 24380   in FES: 122
** Event #3396864   t=317.162652310242   Elapsed: 118.358s (1m 58s)  63% completed  (81% total)
     Speed:     ev/sec=28303   simsec/sec=1.68275   ev/simsec=16819.4
     Messages:  created: 3153607   present: 24715   in FES: 138
** Event #3447296   t=320.301426882723   Elapsed: 120.36s (2m 00s)  64% completed  (82% total)
     Speed:     ev/sec=25194.7   simsec/sec=1.56806   ev/simsec=16067.4
     Messages:  created: 3204556   present: 24937   in FES: 135
** Event #3512320   t=324.332673110608   Elapsed: 122.362s (2m 02s)  64% completed  (82% total)
     Speed:     ev/sec=32478.6   simsec/sec=2.01355   ev/simsec=16130
     Messages:  created: 3271024   present: 25341   in FES: 147
** Event #3587584   t=329.000565648863   Elapsed: 124.364s (2m 04s)  65% completed  (82% total)
     Speed:     ev/sec=37598   simsec/sec=2.33184   ev/simsec=16123.8
     Messages:  created: 3351620   present: 25737   in FES: 154
** Event #3664384   t=333.364311083644   Elapsed: 126.372s (2m 06s)  66% completed  (83% total)
     Speed:     ev/sec=38243.2   simsec/sec=2.17296   ev/simsec=17599.6
     Messages:  created: 3433648   present: 26066   in FES: 146
** Event #3720960   t=336.715779242693   Elapsed: 128.373s (2m 08s)  67% completed  (83% total)
     Speed:     ev/sec=28279.6   simsec/sec=1.67524   ev/simsec=16881
     Messages:  created: 3494806   present: 26356   in FES: 162
** Event #3802368   t=338.115124289637   Elapsed: 130.375s (2m 10s)  67% completed  (83% total)
     Speed:     ev/sec=40651.8   simsec/sec=0.698776   ev/simsec=58175.8
     Messages:  created: 3598945   present: 26492   in FES: 159
** Event #3889152   t=340.096078775148   Elapsed: 132.379s (2m 12s)  68% completed  (84% total)
     Speed:     ev/sec=43305   simsec/sec=0.98849   ev/simsec=43809.2
     Messages:  created: 3708655   present: 26577   in FES: 125
** Event #3949056   t=346.415564142041   Elapsed: 134.386s (2m 14s)  69% completed  (84% total)
     Speed:     ev/sec=29854.4   simsec/sec=3.14944   ev/simsec=9479.25
     Messages:  created: 3758126   present: 27423   in FES: 154
** Event #4002048   t=350.284375436562   Elapsed: 136.393s (2m 16s)  70% completed  (85% total)
     Speed:     ev/sec=26396.4   simsec/sec=1.92714   ev/simsec=13697.2
     Messages:  created: 3809144   present: 27889   in FES: 184
** Event #4056832   t=354.262450669566   Elapsed: 138.394s (2m 18s)  70% completed  (85% total)
     Speed:     ev/sec=27378.9   simsec/sec=1.98809   ev/simsec=13771.5
     Messages:  created: 3862358   present: 28329   in FES: 142
** Event #4102656   t=359.054499968542   Elapsed: 140.394s (2m 20s)  71% completed  (85% total)
     Speed:     ev/sec=22910.9   simsec/sec=2.39591   ev/simsec=9562.51
     Messages:  created: 3898081   present: 28918   in FES: 154
** Event #4140032   t=362.14994798297   Elapsed: 142.423s (2m 22s)  72% completed  (86% total)
     Speed:     ev/sec=18419.8   simsec/sec=1.52551   ev/simsec=12074.5
     Messages:  created: 3926129   present: 29259   in FES: 135
** Event #4176896   t=365.396843413122   Elapsed: 144.426s (2m 24s)  73% completed  (86% total)
     Speed:     ev/sec=18407.8   simsec/sec=1.62131   ev/simsec=11353.6
     Messages:  created: 3953565   present: 29678   in FES: 154
** Event #4215040   t=369.044554926909   Elapsed: 146.426s (2m 26s)  73% completed  (86% total)
     Speed:     ev/sec=19070.1   simsec/sec=1.82367   ev/simsec=10457
     Messages:  created: 3981817   present: 30112   in FES: 144
** Event #4246016   t=372.006854245772   Elapsed: 148.429s (2m 28s)  74% completed  (87% total)
     Speed:     ev/sec=15470.1   simsec/sec=1.47944   ev/simsec=10456.7
     Messages:  created: 4004872   present: 30425   in FES: 130
** Event #4276224   t=374.262463059627   Elapsed: 150.436s (2m 30s)  74% completed  (87% total)
     Speed:     ev/sec=15046   simsec/sec=1.12348   ev/simsec=13392.4
     Messages:  created: 4027940   present: 30705   in FES: 134
** Event #4304896   t=377.088800356888   Elapsed: 152.441s (2m 32s)  75% completed  (87% total)
     Speed:     ev/sec=14302.1   simsec/sec=1.40983   ev/simsec=10144.6
     Messages:  created: 4050091   present: 31102   in FES: 154
** Event #4343808   t=381.079780898813   Elapsed: 154.446s (2m 34s)  76% completed  (88% total)
     Speed:     ev/sec=19406.6   simsec/sec=1.99043   ev/simsec=9749.98
     Messages:  created: 4080941   present: 31587   in FES: 154
** Event #4393216   t=386.163918163835   Elapsed: 156.45s (2m 36s)  77% completed  (88% total)
     Speed:     ev/sec=24652.4   simsec/sec=2.53676   ev/simsec=9718.07
     Messages:  created: 4120863   present: 32180   in FES: 148
** Event #4452096   t=392.33267296089   Elapsed: 158.462s (2m 38s)  78% completed  (89% total)
     Speed:     ev/sec=29273.3   simsec/sec=3.06691   ev/simsec=9544.88
     Messages:  created: 4168444   present: 32878   in FES: 135
** Event #4516864   t=399.178216882035   Elapsed: 160.462s (2m 40s)  79% completed  (89% total)
     Speed:     ev/sec=32382.5   simsec/sec=3.42262   ev/simsec=9461.34
     Messages:  created: 4220923   present: 33733   in FES: 147
** Event #4575744   t=405.379305829967   Elapsed: 162.464s (2m 42s)  81% completed  (90% total)
     Speed:     ev/sec=29403.3   simsec/sec=3.09668   ev/simsec=9495.11
     Messages:  created: 4268510   present: 34472   in FES: 145
** Event #4614144   t=409.402458024805   Elapsed: 164.466s (2m 44s)  81% completed  (90% total)
     Speed:     ev/sec=19182.1   simsec/sec=2.0097   ev/simsec=9544.75
     Messages:  created: 4299609   present: 34968   in FES: 154
** Event #4659712   t=414.188927345145   Elapsed: 166.467s (2m 46s)  82% completed  (91% total)
     Speed:     ev/sec=22772.8   simsec/sec=2.39206   ev/simsec=9520.17
     Messages:  created: 4336504   present: 35541   in FES: 154
** Event #4712960   t=420.009722647423   Elapsed: 168.47s (2m 48s)  84% completed  (92% total)
     Speed:     ev/sec=26587.6   simsec/sec=2.90642   ev/simsec=9147.89
     Messages:  created: 4378804   present: 36221   in FES: 142
** Event #4763136   t=425.019877509747   Elapsed: 170.474s (2m 50s)  85% completed  (92% total)
     Speed:     ev/sec=25038.8   simsec/sec=2.50016   ev/simsec=10014.9
     Messages:  created: 4418837   present: 36836   in FES: 154
** Event #4817920   t=430.11161803318   Elapsed: 172.481s (2m 52s)  86% completed  (93% total)
     Speed:     ev/sec=27297.3   simsec/sec=2.53707   ev/simsec=10759.4
     Messages:  created: 4462620   present: 37436   in FES: 143
** Event #4856576   t=434.07892412936   Elapsed: 174.482s (2m 54s)  86% completed  (93% total)
     Speed:     ev/sec=19318.3   simsec/sec=1.98266   ev/simsec=9743.64
     Messages:  created: 4493465   present: 37945   in FES: 153
** Event #4890112   t=437.270883274141   Elapsed: 176.485s (2m 56s)  87% completed  (93% total)
     Speed:     ev/sec=16740.4   simsec/sec=1.59335   ev/simsec=10506.4
     Messages:  created: 4520124   present: 38296   in FES: 145
** Event #4936192   t=442.078872864621   Elapsed: 178.488s (2m 58s)  88% completed  (94% total)
     Speed:     ev/sec=23002.4   simsec/sec=2.40007   ev/simsec=9584.05
     Messages:  created: 4557030   present: 38909   in FES: 154
** Event #5005568   t=444.079780976393   Elapsed: 180.492s (3m 00s)  88% completed  (94% total)
     Speed:     ev/sec=34631.5   simsec/sec=0.998824   ev/simsec=34672.3
     Messages:  created: 4639417   present: 38991   in FES: 148
** Event #5074432   t=446.137788225883   Elapsed: 182.494s (3m 02s)  89% completed  (94% total)
     Speed:     ev/sec=34395.1   simsec/sec=1.0279   ev/simsec=33461.5
     Messages:  created: 4720523   present: 39083   in FES: 155
** Event #5138176   t=448.108080698669   Elapsed: 184.494s (3m 04s)  89% completed  (94% total)
     Speed:     ev/sec=31859.9   simsec/sec=0.984773   ev/simsec=32352.6
     Messages:  created: 4795562   present: 39157   in FES: 156
** Event #5226496   t=450.992567191943   Elapsed: 186.495s (3m 06s)  90% completed  (95% total)
     Speed:     ev/sec=44139.6   simsec/sec=1.44158   ev/simsec=30619
     Messages:  created: 4900969   present: 39250   in FES: 154
** Event #5299968   t=453.110157329051   Elapsed: 188.496s (3m 08s)  90% completed  (95% total)
     Speed:     ev/sec=36718.2   simsec/sec=1.05828   ev/simsec=34696
     Messages:  created: 4986041   present: 39331   in FES: 175
** Event #5373696   t=455.41566836587   Elapsed: 190.496s (3m 10s)  91% completed  (95% total)
     Speed:     ev/sec=36863.1   simsec/sec=1.15273   ev/simsec=31979
     Messages:  created: 5072375   present: 39429   in FES: 147
** Event #5463808   t=458.284548349233   Elapsed: 192.505s (3m 12s)  91% completed  (95% total)
     Speed:     ev/sec=44866.9   simsec/sec=1.42842   ev/simsec=31410.2
     Messages:  created: 5178094   present: 39539   in FES: 175
** Event #5543168   t=460.906555654199   Elapsed: 194.509s (3m 14s)  92% completed  (96% total)
     Speed:     ev/sec=39595.2   simsec/sec=1.3082   ev/simsec=30266.9
     Messages:  created: 5273050   present: 39644   in FES: 155
** Event #5623808   t=463.325824952241   Elapsed: 196.513s (3m 16s)  92% completed  (96% total)
     Speed:     ev/sec=40250.4   simsec/sec=1.20755   ev/simsec=33332.4
     Messages:  created: 5367156   present: 39758   in FES: 155
** Event #5699072   t=464.275977413879   Elapsed: 198.518s (3m 18s)  92% completed  (96% total)
     Speed:     ev/sec=37532   simsec/sec=0.473813   ev/simsec=79212.6
     Messages:  created: 5464532   present: 39884   in FES: 155
** Event #5771264   t=466.148484673239   Elapsed: 200.524s (3m 20s)  93% completed  (96% total)
     Speed:     ev/sec=35989.6   simsec/sec=0.933494   ev/simsec=38553.7
     Messages:  created: 5551798   present: 39848   in FES: 144
** Event #5844736   t=467.661011700365   Elapsed: 202.524s (3m 22s)  93% completed  (96% total)
     Speed:     ev/sec=36727.7   simsec/sec=0.756093   ev/simsec=48575.7
     Messages:  created: 5642775   present: 40007   in FES: 174
** Event #5916160   t=469.258810186112   Elapsed: 204.531s (3m 24s)  93% completed  (96% total)
     Speed:     ev/sec=35597.2   simsec/sec=0.79633   ev/simsec=44701.5
     Messages:  created: 5728230   present: 39991   in FES: 154
** Event #5976576   t=471.408358555186   Elapsed: 206.531s (3m 26s)  94% completed  (97% total)
     Speed:     ev/sec=30203.9   simsec/sec=1.07463   ev/simsec=28106.4
     Messages:  created: 5794456   present: 40181   in FES: 153
** Event #6017024   t=474.258940165886   Elapsed: 208.534s (3m 28s)  94% completed  (97% total)
     Speed:     ev/sec=20191.5   simsec/sec=1.423   ev/simsec=14189.4
     Messages:  created: 5826809   present: 40556   in FES: 182
** Event #6043392   t=476.270777631826   Elapsed: 210.546s (3m 30s)  95% completed  (97% total)
     Speed:     ev/sec=13104.2   simsec/sec=0.999832   ev/simsec=13106.4
     Messages:  created: 5845250   present: 1363   in FES: 154
** Event #6077184   t=479.059947078354   Elapsed: 212.565s (3m 32s)  95% completed  (97% total)
     Speed:     ev/sec=16743.1   simsec/sec=1.38196   ev/simsec=12115.4
     Messages:  created: 5868643   present: 1682   in FES: 144
** Event #6108928   t=481.270906182796   Elapsed: 214.59s (3m 34s)  96% completed  (98% total)
     Speed:     ev/sec=15670.8   simsec/sec=1.09146   ev/simsec=14357.6
     Messages:  created: 5890903   present: 1951   in FES: 149
** Event #6139392   t=484.023228602135   Elapsed: 216.593s (3m 36s)  96% completed  (98% total)
     Speed:     ev/sec=15208.6   simsec/sec=1.37405   ev/simsec=11068.5
     Messages:  created: 5911880   present: 2210   in FES: 124
** Event #6173184   t=486.202430803568   Elapsed: 218.597s (3m 38s)  97% completed  (98% total)
     Speed:     ev/sec=16868.3   simsec/sec=1.08781   ev/simsec=15506.6
     Messages:  created: 5935637   present: 2530   in FES: 144
** Event #6201856   t=488.396973785511   Elapsed: 220.629s (3m 40s)  97% completed  (98% total)
     Speed:     ev/sec=14110.6   simsec/sec=1.08002   ev/simsec=13065.1
     Messages:  created: 5955590   present: 2795   in FES: 144
** Event #6228736   t=490.481917451365   Elapsed: 222.638s (3m 42s)  98% completed  (99% total)
     Speed:     ev/sec=13380.4   simsec/sec=1.03785   ev/simsec=12892.4
     Messages:  created: 5974307   present: 3044   in FES: 144
** Event #6262272   t=493.083191129699   Elapsed: 224.639s (3m 44s)  98% completed  (99% total)
     Speed:     ev/sec=16758   simsec/sec=1.29986   ev/simsec=12892.1
     Messages:  created: 5997695   present: 3362   in FES: 144
** Event #6286848   t=495.060066769564   Elapsed: 226.65s (3m 46s)  99% completed  (99% total)
     Speed:     ev/sec=12220.3   simsec/sec=0.982992   ev/simsec=12431.7
     Messages:  created: 6014698   present: 3593   in FES: 140
** Event #6316800   t=497.178111837698   Elapsed: 228.654s (3m 48s)  99% completed  (99% total)
     Speed:     ev/sec=14946.3   simsec/sec=1.05692   ev/simsec=14141.3
     Messages:  created: 6035711   present: 3872   in FES: 154
** Event #6345728   t=499.381725590993   Elapsed: 230.658s (3m 50s)  99% completed  (99% total)
     Speed:     ev/sec=14432.2   simsec/sec=1.09939   ev/simsec=13127.5
     Messages:  created: 6055830   present: 4070   in FES: 129
** Event #6347003   t=500   Elapsed: 230.787s (3m 50s)  100% completed  (100% total)
     Speed:     ev/sec=9916.4   simsec/sec=4.77794   ev/simsec=2075.46
     Messages:  created: 6056513   present: 4121   in FES: 122

<!> Simulation time limit reached -- at t=500s, event #6347003
undisposed object: (omnetpp::cMessage) FanetSarNetwork.groundStation.app.debugTimer -- check module destructor
undisposed object: (omnetpp::cMessage) FanetSarNetwork.uav[0].app.debugTimer -- check module destructor
undisposed object: (omnetpp::cMessage) FanetSarNetwork.uav[1].app.debugTimer -- check module destructor
undisposed object: (omnetpp::cMessage) FanetSarNetwork.uav[2].app.debugTimer -- check module destructor
undisposed object: (omnetpp::cMessage) FanetSarNetwork.uav[3].app.debugTimer -- check module destructor
undisposed object: (omnetpp::cMessage) FanetSarNetwork.uav[4].app.debugTimer -- check module destructor
undisposed object: (omnetpp::cMessage) FanetSarNetwork.uav[5].app.debugTimer -- check module destructor
undisposed object: (omnetpp::cMessage) FanetSarNetwork.uav[6].app.debugTimer -- check module destructor
undisposed object: (omnetpp::cMessage) FanetSarNetwork.uav[7].app.debugTimer -- check module destructor
undisposed object: (omnetpp::cMessage) FanetSarNetwork.uav[8].app.debugTimer -- check module destructor
undisposed object: (omnetpp::cMessage) FanetSarNetwork.uav[9].app.debugTimer -- check module destructor
undisposed object: (omnetpp::cMessage) FanetSarNetwork.uav[10].app.debugTimer -- check module destructor
undisposed object: (omnetpp::cMessage) FanetSarNetwork.uav[11].app.debugTimer -- check module destructor
undisposed object: (omnetpp::cMessage) FanetSarNetwork.uav[12].app.debugTimer -- check module destructor
undisposed object: (omnetpp::cMessage) FanetSarNetwork.uav[13].app.debugTimer -- check module destructor
undisposed object: (omnetpp::cMessage) FanetSarNetwork.uav[14].app.debugTimer -- check module destructor
undisposed object: (omnetpp::cMessage) FanetSarNetwork.uav[15].app.debugTimer -- check module destructor
undisposed object: (omnetpp::cMessage) FanetSarNetwork.uav[16].app.debugTimer -- check module destructor
undisposed object: (omnetpp::cMessage) FanetSarNetwork.uav[17].app.debugTimer -- check module destructor
undisposed object: (omnetpp::cMessage) FanetSarNetwork.uav[18].app.debugTimer -- check module destructor
undisposed object: (omnetpp::cMessage) FanetSarNetwork.uav[19].app.debugTimer -- check module destructor
undisposed object: (omnetpp::cMessage) FanetSarNetwork.uav[20].app.debugTimer -- check module destructor
undisposed object: (omnetpp::cMessage) FanetSarNetwork.uav[21].app.debugTimer -- check module destructor
undisposed object: (omnetpp::cMessage) FanetSarNetwork.uav[22].app.debugTimer -- check module destructor
undisposed object: (omnetpp::cMessage) FanetSarNetwork.uav[23].app.debugTimer -- check module destructor
undisposed object: (omnetpp::cMessage) FanetSarNetwork.uav[24].app.debugTimer -- check module destructor
undisposed object: (omnetpp::cMessage) FanetSarNetwork.uav[25].app.debugTimer -- check module destructor
undisposed object: (omnetpp::cMessage) FanetSarNetwork.uav[26].app.debugTimer -- check module destructor
undisposed object: (omnetpp::cMessage) FanetSarNetwork.uav[27].app.debugTimer -- check module destructor
undisposed object: (omnetpp::cMessage) FanetSarNetwork.uav[28].app.debugTimer -- check module destructor
undisposed object: (omnetpp::cMessage) FanetSarNetwork.uav[29].app.debugTimer -- check module destructor
