** Event #0   t=0   Elapsed: 6e-06s (0m 00s)  0% completed  (50% total)
     Speed:     ev/sec=0   simsec/sec=0   ev/simsec=0
     Messages:  created: 1938   present: 1938   in FES: 306
** Event #55552   t=2.244571182516   Elapsed: 2.02894s (0m 02s)  0% completed  (50% total)
     Speed:     ev/sec=27380.4   simsec/sec=1.10628   ev/simsec=24749.9
     Messages:  created: 43514   present: 1984   in FES: 251
** Event #74496   t=3.055897998094   Elapsed: 4.04755s (0m 04s)  0% completed  (50% total)
     Speed:     ev/sec=9384.71   simsec/sec=0.401925   ev/simsec=23349.4
     Messages:  created: 57807   present: 1970   in FES: 254
** Event #89088   t=3.389325880208   Elapsed: 6.11326s (0m 06s)  0% completed  (50% total)
     Speed:     ev/sec=7063.89   simsec/sec=0.16141   ev/simsec=43763.6
     Messages:  created: 69026   present: 1953   in FES: 254
** Event #107776   t=4.070830505303   Elapsed: 8.11636s (0m 08s)  0% completed  (50% total)
     Speed:     ev/sec=9329.55   simsec/sec=0.340225   ev/simsec=27421.7
     Messages:  created: 83154   present: 1863   in FES: 208
** Event #123136   t=4.482954759384   Elapsed: 10.1557s (0m 10s)  0% completed  (50% total)
     Speed:     ev/sec=7531.85   simsec/sec=0.202087   ev/simsec=37270.3
     Messages:  created: 94884   present: 1841   in FES: 204
** Event #147200   t=5.244571853762   Elapsed: 12.1862s (0m 12s)  1% completed  (50% total)
     Speed:     ev/sec=11851   simsec/sec=0.37508   ev/simsec=31595.9
     Messages:  created: 113260   present: 1942   in FES: 237
** Event #166912   t=6.061600276991   Elapsed: 14.1872s (0m 14s)  1% completed  (50% total)
     Speed:     ev/sec=9851.06   simsec/sec=0.40831   ev/simsec=24126.5
     Messages:  created: 128207   present: 1980   in FES: 254
** Event #184064   t=6.482956081662   Elapsed: 16.1881s (0m 16s)  1% completed  (50% total)
     Speed:     ev/sec=8572.34   simsec/sec=0.210588   ev/simsec=40706.7
     Messages:  created: 141430   present: 1963   in FES: 254
** Event #208128   t=7.244572570749   Elapsed: 18.2062s (0m 18s)  1% completed  (50% total)
     Speed:     ev/sec=11923.9   simsec/sec=0.377387   ev/simsec=31596
     Messages:  created: 159684   present: 1873   in FES: 214
** Event #219392   t=8.015223209019   Elapsed: 20.2597s (0m 20s)  1% completed  (50% total)
     Speed:     ev/sec=5485.23   simsec/sec=0.375284   ev/simsec=14616.2
     Messages:  created: 168144   present: 1868   in FES: 207
** Event #239616   t=8.352582161267   Elapsed: 22.3037s (0m 22s)  1% completed  (50% total)
     Speed:     ev/sec=9894.59   simsec/sec=0.165053   ev/simsec=59948
     Messages:  created: 184017   present: 1977   in FES: 249
** Event #256256   t=9.055508537629   Elapsed: 24.3101s (0m 24s)  1% completed  (50% total)
     Speed:     ev/sec=8293.51   simsec/sec=0.350344   ev/simsec=23672.5
     Messages:  created: 196668   present: 1917   in FES: 226
** Event #272384   t=9.438179425994   Elapsed: 26.3607s (0m 26s)  1% completed  (50% total)
     Speed:     ev/sec=7864.95   simsec/sec=0.186613   ev/simsec=42145.9
     Messages:  created: 209308   present: 1846   in FES: 205
** Event #295424   t=10.151353426439   Elapsed: 28.383s (0m 28s)  2% completed  (51% total)
     Speed:     ev/sec=11393.1   simsec/sec=0.35266   ev/simsec=32306.3
     Messages:  created: 226954   present: 1900   in FES: 223
** Event #304640   t=10.485679945126   Elapsed: 30.4434s (0m 30s)  2% completed  (51% total)
     Speed:     ev/sec=4472.88   simsec/sec=0.162262   ev/simsec=27565.9
     Messages:  created: 234136   present: 1872   in FES: 213
** Event #327936   t=11.3   Elapsed: 32.4672s (0m 32s)  2% completed  (51% total)
     Speed:     ev/sec=11510.8   simsec/sec=0.402362   ev/simsec=28607.9
     Messages:  created: 252056   present: 1836   in FES: 202
** Event #347648   t=12.070680724602   Elapsed: 34.5126s (0m 34s)  2% completed  (51% total)
     Speed:     ev/sec=9637.41   simsec/sec=0.376794   ev/simsec=25577.4
     Messages:  created: 267488   present: 1995   in FES: 254
** Event #364032   t=13.000399216675   Elapsed: 36.5249s (0m 36s)  2% completed  (51% total)
     Speed:     ev/sec=8142.09   simsec/sec=0.462027   ev/simsec=17622.5
     Messages:  created: 280062   present: 1925   in FES: 232
** Event #386304   t=13.348204232848   Elapsed: 38.5443s (0m 38s)  2% completed  (51% total)
     Speed:     ev/sec=11028.8   simsec/sec=0.172228   ev/simsec=64035.9
     Messages:  created: 297810   present: 1949   in FES: 240
** Event #407552   t=14.09164338972   Elapsed: 40.5454s (0m 40s)  2% completed  (51% total)
     Speed:     ev/sec=10618.1   simsec/sec=0.371512   ev/simsec=28580.7
     Messages:  created: 314844   present: 1995   in FES: 254
** Event #419840   t=15.0077534087   Elapsed: 42.5772s (0m 42s)  3% completed  (51% total)
     Speed:     ev/sec=6047.88   simsec/sec=0.450889   ev/simsec=13413.2
     Messages:  created: 324547   present: 1841   in FES: 204
** Event #441856   t=15.452250639189   Elapsed: 44.6145s (0m 44s)  3% completed  (51% total)
     Speed:     ev/sec=10806.6   simsec/sec=0.218183   ev/simsec=49530.1
     Messages:  created: 343536   present: 1941   in FES: 238
** Event #464640   t=16.438153141856   Elapsed: 46.6258s (0m 46s)  3% completed  (51% total)
     Speed:     ev/sec=11327.8   simsec/sec=0.490174   ev/simsec=23109.8
     Messages:  created: 363466   present: 1952   in FES: 241
** Event #502272   t=18.123796461665   Elapsed: 48.6264s (0m 48s)  3% completed  (51% total)
     Speed:     ev/sec=18810.1   simsec/sec=0.842556   ev/simsec=22325
     Messages:  created: 397657   present: 1950   in FES: 254
** Event #544512   t=20.106174956627   Elapsed: 50.6284s (0m 50s)  4% completed  (52% total)
     Speed:     ev/sec=21099.6   simsec/sec=0.99023   ev/simsec=21307.7
     Messages:  created: 436522   present: 1943   in FES: 238
** Event #598784   t=23.045081120746   Elapsed: 52.6284s (0m 52s)  4% completed  (52% total)
     Speed:     ev/sec=27135.2   simsec/sec=1.46941   ev/simsec=18466.7
     Messages:  created: 487340   present: 1943   in FES: 236
** Event #672000   t=26.494543317282   Elapsed: 54.631s (0m 54s)  5% completed  (52% total)
     Speed:     ev/sec=36560.5   simsec/sec=1.7225   ev/simsec=21225.3
     Messages:  created: 557726   present: 1943   in FES: 254
** Event #758528   t=31.061601066603   Elapsed: 56.634s (0m 56s)  6% completed  (53% total)
     Speed:     ev/sec=43199.2   simsec/sec=2.28011   ev/simsec=18946.1
     Messages:  created: 640812   present: 1977   in FES: 254
** Event #831232   t=35.013600181605   Elapsed: 58.6344s (0m 58s)  7% completed  (53% total)
     Speed:     ev/sec=36344.8   simsec/sec=1.97561   ev/simsec=18396.8
     Messages:  created: 710562   present: 1967   in FES: 254
** Event #907008   t=38.464321735442   Elapsed: 60.6368s (1m 00s)  7% completed  (53% total)
     Speed:     ev/sec=37842.6   simsec/sec=1.72329   ev/simsec=21959.5
     Messages:  created: 783574   present: 1946   in FES: 239
** Event #997120   t=43.086978639055   Elapsed: 62.6398s (1m 02s)  8% completed  (54% total)
     Speed:     ev/sec=44989.2   simsec/sec=2.3079   ev/simsec=19493.6
     Messages:  created: 870276   present: 1961   in FES: 254
** Event #1066240   t=47.007959566147   Elapsed: 64.6406s (1m 04s)  9% completed  (54% total)
     Speed:     ev/sec=34545.1   simsec/sec=1.95964   ev/simsec=17628.2
     Messages:  created: 936400   present: 1992   in FES: 253
** Event #1139456   t=50.235401171689   Elapsed: 66.6435s (1m 06s)  10% completed  (55% total)
     Speed:     ev/sec=36556.4   simsec/sec=1.61145   ev/simsec=22685.5
     Messages:  created: 1006520   present: 1973   in FES: 248
** Event #1195520   t=53.070741717848   Elapsed: 68.65s (1m 08s)  10% completed  (55% total)
     Speed:     ev/sec=27940.9   simsec/sec=1.41306   ev/simsec=19773.3
     Messages:  created: 1058964   present: 1956   in FES: 239
** Event #1239296   t=55.082771593053   Elapsed: 70.6544s (1m 10s)  11% completed  (55% total)
     Speed:     ev/sec=21839.3   simsec/sec=1.00378   ev/simsec=21757.1
     Messages:  created: 1099075   present: 1843   in FES: 204
** Event #1290752   t=57.348086297735   Elapsed: 72.6547s (1m 12s)  11% completed  (55% total)
     Speed:     ev/sec=25724.1   simsec/sec=1.13248   ev/simsec=22714.7
     Messages:  created: 1145462   present: 1953   in FES: 254
** Event #1337088   t=59.338127644956   Elapsed: 74.6699s (1m 14s)  11% completed  (55% total)
     Speed:     ev/sec=22994.3   simsec/sec=0.98756   ev/simsec=23283.9
     Messages:  created: 1186247   present: 1984   in FES: 254
** Event #1370368   t=61.021974916941   Elapsed: 76.6754s (1m 16s)  12% completed  (56% total)
     Speed:     ev/sec=16594   simsec/sec=0.839594   ev/simsec=19764.3
     Messages:  created: 1214806   present: 1983   in FES: 244
** Event #1409792   t=62.338257756458   Elapsed: 78.6938s (1m 18s)  12% completed  (56% total)
     Speed:     ev/sec=19532   simsec/sec=0.652131   ev/simsec=29951
     Messages:  created: 1248780   present: 1865   in FES: 212
** Event #1440256   t=64.005309956113   Elapsed: 80.698s (1m 20s)  12% completed  (56% total)
     Speed:     ev/sec=15200.3   simsec/sec=0.831793   ev/simsec=18274.2
     Messages:  created: 1274554   present: 1982   in FES: 251
** Event #1471744   t=65.046440047514   Elapsed: 82.7031s (1m 22s)  13% completed  (56% total)
     Speed:     ev/sec=15703.9   simsec/sec=0.519239   ev/simsec=30244.1
     Messages:  created: 1301399   present: 1972   in FES: 254
** Event #1509376   t=66.338121864295   Elapsed: 84.7318s (1m 24s)  13% completed  (56% total)
     Speed:     ev/sec=18549.8   simsec/sec=0.636704   ev/simsec=29134.1
     Messages:  created: 1333204   present: 1955   in FES: 254
** Event #1539072   t=67.477292978202   Elapsed: 86.7371s (1m 26s)  13% completed  (56% total)
     Speed:     ev/sec=14808.9   simsec/sec=0.568084   ev/simsec=26068.1
     Messages:  created: 1358102   present: 1893   in FES: 222
** Event #1576192   t=69.068848936702   Elapsed: 88.7446s (1m 28s)  13% completed  (56% total)
     Speed:     ev/sec=18490.6   simsec/sec=0.792803   ev/simsec=23323.1
     Messages:  created: 1389332   present: 1965   in FES: 242
** Event #1608448   t=70.221580879056   Elapsed: 90.764s (1m 30s)  14% completed  (57% total)
     Speed:     ev/sec=15973.1   simsec/sec=0.570831   ev/simsec=27982.2
     Messages:  created: 1416452   present: 1967   in FES: 246
** Event #1639168   t=71.439351513443   Elapsed: 92.7701s (1m 32s)  14% completed  (57% total)
     Speed:     ev/sec=15313.1   simsec/sec=0.607027   ev/simsec=25226.4
     Messages:  created: 1442290   present: 1942   in FES: 237
** Event #1675008   t=73.050854252605   Elapsed: 94.7717s (1m 34s)  14% completed  (57% total)
     Speed:     ev/sec=17905.6   simsec/sec=0.805106   ev/simsec=22240.1
     Messages:  created: 1472324   present: 1966   in FES: 241
** Event #1713664   t=74.397906880133   Elapsed: 96.7764s (1m 36s)  14% completed  (57% total)
     Speed:     ev/sec=19283   simsec/sec=0.671958   ev/simsec=28696.7
     Messages:  created: 1504948   present: 1953   in FES: 254
** Event #1748480   t=76.039728815637   Elapsed: 98.7794s (1m 38s)  15% completed  (57% total)
     Speed:     ev/sec=17381.7   simsec/sec=0.81967   ev/simsec=21205.7
     Messages:  created: 1534136   present: 1948   in FES: 239
** Event #1787392   t=77.338259785266   Elapsed: 100.807s (1m 40s)  15% completed  (57% total)
     Speed:     ev/sec=19193.4   simsec/sec=0.640501   ev/simsec=29966.2
     Messages:  created: 1567014   present: 1962   in FES: 245
** Event #1819648   t=79.011976802547   Elapsed: 102.81s (1m 42s)  15% completed  (57% total)
     Speed:     ev/sec=16098.5   simsec/sec=0.835328   ev/simsec=19272.1
     Messages:  created: 1593922   present: 1970   in FES: 245
** Event #1859840   t=80.146542219748   Elapsed: 104.823s (1m 44s)  16% completed  (58% total)
     Speed:     ev/sec=19967.3   simsec/sec=0.56365   ev/simsec=35425
     Messages:  created: 1627896   present: 1913   in FES: 228
** Event #1892864   t=81.48408520647   Elapsed: 106.827s (1m 46s)  16% completed  (58% total)
     Speed:     ev/sec=16481.1   simsec/sec=0.667519   ev/simsec=24690
     Messages:  created: 1655626   present: 1905   in FES: 224
** Event #1935104   t=83.146542147498   Elapsed: 108.831s (1m 48s)  16% completed  (58% total)
     Speed:     ev/sec=21075.9   simsec/sec=0.829494   ev/simsec=25408.2
     Messages:  created: 1691096   present: 1919   in FES: 230
** Event #1963776   t=84.353003812069   Elapsed: 110.856s (1m 50s)  16% completed  (58% total)
     Speed:     ev/sec=14157.9   simsec/sec=0.595736   ev/simsec=23765.4
     Messages:  created: 1715386   present: 1933   in FES: 234
** Event #2004224   t=86.068794637173   Elapsed: 112.884s (1m 52s)  17% completed  (58% total)
     Speed:     ev/sec=19944.8   simsec/sec=0.84605   ev/simsec=23574
     Messages:  created: 1749227   present: 1849   in FES: 204
** Event #2040832   t=87.419837358628   Elapsed: 114.905s (1m 54s)  17% completed  (58% total)
     Speed:     ev/sec=18117.3   simsec/sec=0.668632   ev/simsec=27096.1
     Messages:  created: 1780054   present: 1901   in FES: 224
** Event #2077952   t=89.056023649791   Elapsed: 116.931s (1m 56s)  17% completed  (58% total)
     Speed:     ev/sec=18323.7   simsec/sec=0.807677   ev/simsec=22686.9
     Messages:  created: 1811160   present: 1975   in FES: 244
** Event #2107904   t=90.087952632744   Elapsed: 118.934s (1m 58s)  18% completed  (59% total)
     Speed:     ev/sec=14954.8   simsec/sec=0.515235   ev/simsec=29025.3
     Messages:  created: 1836262   present: 1905   in FES: 222
** Event #2139136   t=91.352534308313   Elapsed: 120.96s (2m 00s)  18% completed  (59% total)
     Speed:     ev/sec=15409.7   simsec/sec=0.623938   ev/simsec=24697.5
     Messages:  created: 1862633   present: 1946   in FES: 238
** Event #2166272   t=92.419836987883   Elapsed: 122.964s (2m 02s)  18% completed  (59% total)
     Speed:     ev/sec=13546.1   simsec/sec=0.53279   ev/simsec=25424.8
     Messages:  created: 1885386   present: 1913   in FES: 228
** Event #2194944   t=94.005310465347   Elapsed: 124.989s (2m 04s)  18% completed  (59% total)
     Speed:     ev/sec=14154.6   simsec/sec=0.782706   ev/simsec=18084.2
     Messages:  created: 1909212   present: 1922   in FES: 231
** Event #2224896   t=95.025567184861   Elapsed: 126.992s (2m 06s)  19% completed  (59% total)
     Speed:     ev/sec=14957.9   simsec/sec=0.509512   ev/simsec=29357.3
     Messages:  created: 1934570   present: 2003   in FES: 252
** Event #2261760   t=96.206373342061   Elapsed: 128.997s (2m 08s)  19% completed  (59% total)
     Speed:     ev/sec=18381.7   simsec/sec=0.58879   ev/simsec=31219.3
     Messages:  created: 1965524   present: 1944   in FES: 239
** Event #2297088   t=98.013798611055   Elapsed: 131.023s (2m 11s)  19% completed  (59% total)
     Speed:     ev/sec=17441.8   simsec/sec=0.892343   ev/simsec=19546
     Messages:  created: 1994972   present: 1916   in FES: 225
** Event #2330112   t=99.065639007022   Elapsed: 133.025s (2m 13s)  19% completed  (59% total)
     Speed:     ev/sec=16493.6   simsec/sec=0.525333   ev/simsec=31396.4
     Messages:  created: 2022876   present: 1924   in FES: 229
** Event #2365696   t=100.383799642807   Elapsed: 135.042s (2m 15s)  20% completed  (60% total)
     Speed:     ev/sec=17643.7   simsec/sec=0.653586   ev/simsec=26995.2
     Messages:  created: 2052762   present: 1946   in FES: 243
** Event #2406656   t=102.066247026626   Elapsed: 137.048s (2m 17s)  20% completed  (60% total)
     Speed:     ev/sec=20418.2   simsec/sec=0.838684   ev/simsec=24345.5
     Messages:  created: 2086714   present: 2338   in FES: 289
** Event #2438656   t=103.151352323111   Elapsed: 139.084s (2m 19s)  20% completed  (60% total)
     Speed:     ev/sec=15718.5   simsec/sec=0.533006   ev/simsec=29490.2
     Messages:  created: 2113260   present: 2515   in FES: 274
** Event #2467584   t=104.348184112778   Elapsed: 141.092s (2m 21s)  20% completed  (60% total)
     Speed:     ev/sec=14404.9   simsec/sec=0.595969   ev/simsec=24170.5
     Messages:  created: 2137207   present: 2755   in FES: 245
** Event #2496000   t=105.438044829385   Elapsed: 143.118s (2m 23s)  21% completed  (60% total)
     Speed:     ev/sec=14025.8   simsec/sec=0.537942   ev/simsec=26073.1
     Messages:  created: 2160764   present: 2999   in FES: 254
** Event #2525184   t=107.005310094473   Elapsed: 145.133s (2m 25s)  21% completed  (60% total)
     Speed:     ev/sec=14481.5   simsec/sec=0.777699   ev/simsec=18621
     Messages:  created: 2184507   present: 3268   in FES: 238
** Event #2566912   t=108.14654149338   Elapsed: 147.155s (2m 27s)  21% completed  (60% total)
     Speed:     ev/sec=20639.8   simsec/sec=0.564484   ev/simsec=36564
     Messages:  created: 2219386   present: 3460   in FES: 227
** Event #2600704   t=109.484084451138   Elapsed: 149.161s (2m 29s)  21% completed  (60% total)
     Speed:     ev/sec=16839.8   simsec/sec=0.666545   ev/simsec=25264.2
     Messages:  created: 2247363   present: 3755   in FES: 235
** Event #2644736   t=111.206373324316   Elapsed: 151.165s (2m 31s)  22% completed  (61% total)
     Speed:     ev/sec=21975.6   simsec/sec=0.859565   ev/simsec=25566
     Messages:  created: 2283804   present: 4114   in FES: 241
** Event #2671616   t=112.236169782892   Elapsed: 153.205s (2m 33s)  22% completed  (61% total)
     Speed:     ev/sec=13177.5   simsec/sec=0.504841   ev/simsec=26102.2
     Messages:  created: 2306099   present: 4296   in FES: 232
** Event #2704896   t=114.00517198362   Elapsed: 155.217s (2m 35s)  22% completed  (61% total)
     Speed:     ev/sec=16542.3   simsec/sec=0.87931   ev/simsec=18812.9
     Messages:  created: 2333304   present: 4671   in FES: 254
** Event #2746880   t=115.151352030324   Elapsed: 157.243s (2m 37s)  23% completed  (61% total)
     Speed:     ev/sec=20715.9   simsec/sec=0.565554   ev/simsec=36629.5
     Messages:  created: 2368432   present: 4937   in FES: 252
** Event #2777344   t=116.389464608023   Elapsed: 159.25s (2m 39s)  23% completed  (61% total)
     Speed:     ev/sec=15179.2   simsec/sec=0.616911   ev/simsec=24605.2
     Messages:  created: 2393529   present: 5114   in FES: 228
** Event #2804736   t=117.439351204289   Elapsed: 161.261s (2m 41s)  23% completed  (61% total)
     Speed:     ev/sec=13625.3   simsec/sec=0.522232   ev/simsec=26090.4
     Messages:  created: 2416253   present: 5332   in FES: 230
** Event #2848768   t=119.10621577216   Elapsed: 163.274s (2m 43s)  23% completed  (61% total)
     Speed:     ev/sec=21875.2   simsec/sec=0.828103   ev/simsec=26416.1
     Messages:  created: 2452696   present: 5655   in FES: 228
** Event #2880000   t=120.389463760974   Elapsed: 165.292s (2m 45s)  24% completed  (62% total)
     Speed:     ev/sec=15475.2   simsec/sec=0.63584   ev/simsec=24338.2
     Messages:  created: 2478563   present: 5972   in FES: 248
** Event #2920704   t=122.066072949666   Elapsed: 167.303s (2m 47s)  24% completed  (62% total)
     Speed:     ev/sec=20237.9   simsec/sec=0.833604   ev/simsec=24277.6
     Messages:  created: 2512108   present: 6187   in FES: 204
** Event #2955520   t=123.338260703387   Elapsed: 169.316s (2m 49s)  24% completed  (62% total)
     Speed:     ev/sec=17295.9   simsec/sec=0.631997   ev/simsec=27367
     Messages:  created: 2541093   present: 6527   in FES: 237
** Event #2984960   t=124.46021349146   Elapsed: 171.326s (2m 51s)  24% completed  (62% total)
     Speed:     ev/sec=14650.1   simsec/sec=0.558311   ev/simsec=26240
     Messages:  created: 2565369   present: 6653   in FES: 204
** Event #3020800   t=126.050630081088   Elapsed: 173.326s (2m 53s)  25% completed  (62% total)
     Speed:     ev/sec=17919.1   simsec/sec=0.795168   ev/simsec=22535
     Messages:  created: 2595034   present: 7104   in FES: 244
** Event #3055616   t=127.188764403758   Elapsed: 175.326s (2m 55s)  25% completed  (62% total)
     Speed:     ev/sec=17406.8   simsec/sec=0.569029   ev/simsec=30590.4
     Messages:  created: 2623905   present: 7305   in FES: 239
** Event #3086592   t=128.434988485882   Elapsed: 177.354s (2m 57s)  25% completed  (62% total)
     Speed:     ev/sec=15275.9   simsec/sec=0.61458   ev/simsec=24855.9
     Messages:  created: 2649556   present: 7446   in FES: 203
** Event #3127296   t=130.07385774902   Elapsed: 179.364s (2m 59s)  26% completed  (63% total)
     Speed:     ev/sec=20247   simsec/sec=0.815209   ev/simsec=24836.6
     Messages:  created: 2683235   present: 7846   in FES: 224
** Event #3161856   t=131.389463704112   Elapsed: 181.377s (3m 01s)  26% completed  (63% total)
     Speed:     ev/sec=17166.4   simsec/sec=0.653478   ev/simsec=26269.3
     Messages:  created: 2712213   present: 8184   in FES: 252
** Event #3217920   t=132.59532625098   Elapsed: 183.378s (3m 03s)  26% completed  (63% total)
     Speed:     ev/sec=28017.3   simsec/sec=0.602616   ev/simsec=46492.9
     Messages:  created: 2774122   present: 8352   in FES: 280
** Event #3290368   t=133.398008667441   Elapsed: 185.385s (3m 05s)  26% completed  (63% total)
     Speed:     ev/sec=36110.4   simsec/sec=0.400083   ev/simsec=90257.4
     Messages:  created: 2862418   present: 8409   in FES: 233
** Event #3351552   t=134.084555060839   Elapsed: 187.389s (3m 07s)  26% completed  (63% total)
     Speed:     ev/sec=30517.6   simsec/sec=0.342438   ev/simsec=89118.5
     Messages:  created: 2938162   present: 8537   in FES: 251
** Event #3419648   t=134.919319260215   Elapsed: 189.392s (3m 09s)  26% completed  (63% total)
     Speed:     ev/sec=33998.9   simsec/sec=0.41678   ev/simsec=81575.1
     Messages:  created: 3024786   present: 8577   in FES: 255
** Event #3501568   t=136.01625541481   Elapsed: 191.397s (3m 11s)  27% completed  (63% total)
     Speed:     ev/sec=40871.9   simsec/sec=0.547288   ev/simsec=74680.7
     Messages:  created: 3125572   present: 8728   in FES: 248
** Event #3586560   t=137.24750772296   Elapsed: 193.398s (3m 13s)  27% completed  (63% total)
     Speed:     ev/sec=42464.8   simsec/sec=0.615174   ev/simsec=69028.9
     Messages:  created: 3226878   present: 8879   in FES: 272
** Event #3672320   t=138.748852949649   Elapsed: 195.4s (3m 15s)  27% completed  (63% total)
     Speed:     ev/sec=42833.7   simsec/sec=0.749862   ev/simsec=57122.1
     Messages:  created: 3332228   present: 9026   in FES: 254
** Event #3763712   t=140.839583832183   Elapsed: 197.402s (3m 17s)  28% completed  (64% total)
     Speed:     ev/sec=45664.4   simsec/sec=1.04464   ev/simsec=43712.9
     Messages:  created: 3440071   present: 9297   in FES: 254
** Event #3849728   t=142.885219994063   Elapsed: 199.403s (3m 19s)  28% completed  (64% total)
     Speed:     ev/sec=42983.8   simsec/sec=1.02224   ev/simsec=42048.5
     Messages:  created: 3540787   present: 9590   in FES: 254
** Event #3936256   t=145.048362813318   Elapsed: 201.406s (3m 21s)  29% completed  (64% total)
     Speed:     ev/sec=43189   simsec/sec=1.0797   ev/simsec=40001.1
     Messages:  created: 3639988   present: 9792   in FES: 219
** Event #4029696   t=147.419387399907   Elapsed: 203.41s (3m 23s)  29% completed  (64% total)
     Speed:     ev/sec=46630.8   simsec/sec=1.18325   ev/simsec=39409.1
     Messages:  created: 3746684   present: 10211   in FES: 257
** Event #4124928   t=150.048359543384   Elapsed: 205.414s (3m 25s)  30% completed  (65% total)
     Speed:     ev/sec=47523.9   simsec/sec=1.31194   ev/simsec=36224
     Messages:  created: 3856838   present: 10571   in FES: 254
** Event #4219136   t=152.426768637218   Elapsed: 207.418s (3m 27s)  30% completed  (65% total)
     Speed:     ev/sec=47020.2   simsec/sec=1.18709   ev/simsec=39609.7
     Messages:  created: 3964315   present: 10890   in FES: 254
** Event #4317696   t=155.082124176302   Elapsed: 209.421s (3m 29s)  31% completed  (65% total)
     Speed:     ev/sec=49194   simsec/sec=1.32536   ev/simsec=37117.4
     Messages:  created: 4077824   present: 11244   in FES: 253
** Event #4411392   t=157.485593478676   Elapsed: 211.423s (3m 31s)  31% completed  (65% total)
     Speed:     ev/sec=46797.3   simsec/sec=1.20043   ev/simsec=38983.6
     Messages:  created: 4185147   present: 11438   in FES: 204
** Event #4511232   t=160.135182429392   Elapsed: 213.424s (3m 33s)  32% completed  (66% total)
     Speed:     ev/sec=49909.6   simsec/sec=1.32452   ev/simsec=37681.3
     Messages:  created: 4300081   present: 11900   in FES: 271
** Event #4602624   t=162.634254388269   Elapsed: 215.425s (3m 35s)  32% completed  (66% total)
     Speed:     ev/sec=45662.8   simsec/sec=1.24863   ev/simsec=36570.4
     Messages:  created: 4405379   present: 12246   in FES: 255
** Event #4694784   t=165.065844708067   Elapsed: 217.427s (3m 37s)  33% completed  (66% total)
     Speed:     ev/sec=46040.6   simsec/sec=1.21475   ev/simsec=37901.1
     Messages:  created: 4511522   present: 12598   in FES: 254
** Event #4787712   t=167.440265162422   Elapsed: 219.435s (3m 39s)  33% completed  (66% total)
     Speed:     ev/sec=46266.2   simsec/sec=1.18216   ev/simsec=39137.1
     Messages:  created: 4617908   present: 12907   in FES: 245
** Event #4880896   t=170.045079620714   Elapsed: 221.437s (3m 41s)  34% completed  (67% total)
     Speed:     ev/sec=46556.8   simsec/sec=1.30142   ev/simsec=35773.8
     Messages:  created: 4725787   present: 13277   in FES: 252
** Event #4966656   t=172.073816330621   Elapsed: 223.438s (3m 43s)  34% completed  (67% total)
     Speed:     ev/sec=42856.7   simsec/sec=1.01382   ev/simsec=42272.6
     Messages:  created: 4824863   present: 13555   in FES: 250
** Event #5065984   t=174.055321370197   Elapsed: 225.442s (3m 45s)  34% completed  (67% total)
     Speed:     ev/sec=49555.5   simsec/sec=0.988588   ev/simsec=50127.6
     Messages:  created: 4945295   present: 13811   in FES: 254
** Event #5174784   t=175.509918910366   Elapsed: 227.444s (3m 47s)  35% completed  (67% total)
     Speed:     ev/sec=54356.9   simsec/sec=0.726722   ev/simsec=74797.3
     Messages:  created: 5082319   present: 14124   in FES: 270
** Event #5299968   t=175.738057591449   Elapsed: 229.445s (3m 49s)  35% completed  (67% total)
     Speed:     ev/sec=62542.6   simsec/sec=0.113979   ev/simsec=548719
     Messages:  created: 5259171   present: 14011   in FES: 222
** Event #5422848   t=175.960132530834   Elapsed: 231.447s (3m 51s)  35% completed  (67% total)
     Speed:     ev/sec=61392.3   simsec/sec=0.110951   ev/simsec=553327
     Messages:  created: 5432804   present: 14046   in FES: 228
** Event #5527552   t=177.188764404065   Elapsed: 233.451s (3m 53s)  35% completed  (67% total)
     Speed:     ev/sec=52256.2   simsec/sec=0.613191   ev/simsec=85220
     Messages:  created: 5565681   present: 14284   in FES: 241
** Event #5596416   t=181.010192710612   Elapsed: 235.455s (3m 55s)  36% completed  (68% total)
     Speed:     ev/sec=34361.8   simsec/sec=1.90682   ev/simsec=18020.5
     Messages:  created: 5630224   present: 15036   in FES: 234
** Event #5669632   t=184.151312011008   Elapsed: 237.457s (3m 57s)  36% completed  (68% total)
     Speed:     ev/sec=36559.8   simsec/sec=1.56849   ev/simsec=23308.9
     Messages:  created: 5699476   present: 15699   in FES: 249
** Event #5724160   t=187.02323889234   Elapsed: 239.462s (3m 59s)  37% completed  (68% total)
     Speed:     ev/sec=27202   simsec/sec=1.4327   ev/simsec=18986.6
     Messages:  created: 5748769   present: 16237   in FES: 231
** Event #5775872   t=189.062341301876   Elapsed: 241.463s (4m 01s)  37% completed  (68% total)
     Speed:     ev/sec=25848   simsec/sec=1.01924   ev/simsec=25360.2
     Messages:  created: 5793851   present: 16678   in FES: 247
** Event #5815040   t=190.483945998712   Elapsed: 243.489s (4m 03s)  38% completed  (69% total)
     Speed:     ev/sec=19327.6   simsec/sec=0.701495   ev/simsec=27552
     Messages:  created: 5827106   present: 16934   in FES: 254
** Event #5859328   t=192.216463058697   Elapsed: 245.498s (4m 05s)  38% completed  (69% total)
     Speed:     ev/sec=22046.9   simsec/sec=0.862459   ev/simsec=25562.8
     Messages:  created: 5863800   present: 17285   in FES: 241
** Event #5895680   t=194.01531492269   Elapsed: 247.586s (4m 07s)  38% completed  (69% total)
     Speed:     ev/sec=17406.6   simsec/sec=0.86135   ev/simsec=20208.4
     Messages:  created: 5893866   present: 17644   in FES: 234
** Event #5936128   t=195.234493499874   Elapsed: 249.59s (4m 09s)  39% completed  (69% total)
     Speed:     ev/sec=20191.3   simsec/sec=0.608604   ev/simsec=33176.4
     Messages:  created: 5927821   present: 17917   in FES: 250
** Event #5971968   t=197.015984822229   Elapsed: 251.6s (4m 11s)  39% completed  (69% total)
     Speed:     ev/sec=17830.6   simsec/sec=0.886301   ev/simsec=20118
     Messages:  created: 5957452   present: 18222   in FES: 227
** Event #6012928   t=198.317180827814   Elapsed: 253.609s (4m 13s)  39% completed  (69% total)
     Speed:     ev/sec=20384.4   simsec/sec=0.647561   ev/simsec=31478.7
     Messages:  created: 5992260   present: 18523   in FES: 247
** Event #6050816   t=200.070129080863   Elapsed: 255.613s (4m 15s)  40% completed  (70% total)
     Speed:     ev/sec=18903.1   simsec/sec=0.874583   ev/simsec=21613.9
     Messages:  created: 6025611   present: 18848   in FES: 236
** Event #6101248   t=202.389423924902   Elapsed: 257.628s (4m 17s)  40% completed  (70% total)
     Speed:     ev/sec=25033.9   simsec/sec=1.15127   ev/simsec=21744.5
     Messages:  created: 6072415   present: 19316   in FES: 239
** Event #6174464   t=206.071787033305   Elapsed: 259.635s (4m 19s)  41% completed  (70% total)
     Speed:     ev/sec=36482.5   simsec/sec=1.83487   ev/simsec=19882.9
     Messages:  created: 6141398   present: 20082   in FES: 254
** Event #6241792   t=209.145450340197   Elapsed: 261.644s (4m 21s)  41% completed  (70% total)
     Speed:     ev/sec=33501.1   simsec/sec=1.52939   ev/simsec=21904.8
     Messages:  created: 6203472   present: 20665   in FES: 239
** Event #6292992   t=211.411777521068   Elapsed: 263.656s (4m 23s)  42% completed  (71% total)
     Speed:     ev/sec=25448.8   simsec/sec=1.12647   ev/simsec=22591.6
     Messages:  created: 6248518   present: 21142   in FES: 248
** Event #6339840   t=213.348228229638   Elapsed: 265.664s (4m 25s)  42% completed  (71% total)
     Speed:     ev/sec=23339.7   simsec/sec=0.964741   ev/simsec=24192.7
     Messages:  created: 6288383   present: 21508   in FES: 239
** Event #6385152   t=215.221045362763   Elapsed: 267.676s (4m 27s)  43% completed  (71% total)
     Speed:     ev/sec=22522   simsec/sec=0.930872   ev/simsec=24194.6
     Messages:  created: 6327454   present: 21775   in FES: 203
** Event #6429184   t=217.24448355486   Elapsed: 269.685s (4m 29s)  43% completed  (71% total)
     Speed:     ev/sec=21912   simsec/sec=1.00694   ev/simsec=21761
     Messages:  created: 6367647   present: 22200   in FES: 209
** Event #6472960   t=219.438138924159   Elapsed: 271.685s (4m 31s)  43% completed  (71% total)
     Speed:     ev/sec=21885.4   simsec/sec=1.0967   ev/simsec=19955.7
     Messages:  created: 6408790   present: 22711   in FES: 234
** Event #6547712   t=223.095215068117   Elapsed: 273.69s (4m 33s)  44% completed  (72% total)
     Speed:     ev/sec=37284.8   simsec/sec=1.82408   ev/simsec=20440.4
     Messages:  created: 6479274   present: 23380   in FES: 209
** Event #6619904   t=226.626183036482   Elapsed: 275.693s (4m 35s)  45% completed  (72% total)
     Speed:     ev/sec=36050.7   simsec/sec=1.76327   ev/simsec=20445.4
     Messages:  created: 6548393   present: 24095   in FES: 246
** Event #6737408   t=227.34833743266   Elapsed: 277.698s (4m 37s)  45% completed  (72% total)
     Speed:     ev/sec=58590.2   simsec/sec=0.360083   ev/simsec=162713
     Messages:  created: 6701972   present: 23253   in FES: 272
** Event #6842368   t=227.507012341815   Elapsed: 279.702s (4m 39s)  45% completed  (72% total)
     Speed:     ev/sec=52376.2   simsec/sec=0.0791805   ev/simsec=661478
     Messages:  created: 6844556   present: 22318   in FES: 236
** Event #6931200   t=227.634292456515   Elapsed: 281.704s (4m 41s)  45% completed  (72% total)
     Speed:     ev/sec=44381   simsec/sec=0.0635899   ev/simsec=697925
     Messages:  created: 6969356   present: 22332   in FES: 288
** Event #7014400   t=227.742381484471   Elapsed: 283.709s (4m 43s)  45% completed  (72% total)
     Speed:     ev/sec=41493.1   simsec/sec=0.0539057   ev/simsec=769736
     Messages:  created: 7084572   present: 21981   in FES: 296
** Event #7105280   t=227.860861414051   Elapsed: 285.71s (4m 45s)  45% completed  (72% total)
     Speed:     ev/sec=45420.8   simsec/sec=0.059215   ev/simsec=767050
     Messages:  created: 7212497   present: 21768   in FES: 259
** Event #7207936   t=228.012400601104   Elapsed: 287.712s (4m 47s)  45% completed  (72% total)
     Speed:     ev/sec=51280.5   simsec/sec=0.0756995   ev/simsec=677422
     Messages:  created: 7353642   present: 21229   in FES: 319
** Event #7314432   t=228.157203062689   Elapsed: 289.717s (4m 49s)  45% completed  (72% total)
     Speed:     ev/sec=53112   simsec/sec=0.0722164   ev/simsec=735457
     Messages:  created: 7497692   present: 21031   in FES: 286
** Event #7416064   t=228.337819055686   Elapsed: 291.721s (4m 51s)  45% completed  (72% total)
     Speed:     ev/sec=50698.7   simsec/sec=0.0900995   ev/simsec=562697
     Messages:  created: 7637123   present: 20814   in FES: 256
** Event #7498496   t=229.193855439179   Elapsed: 293.723s (4m 53s)  45% completed  (72% total)
     Speed:     ev/sec=41181.1   simsec/sec=0.427656   ev/simsec=96295
     Messages:  created: 7742153   present: 20810   in FES: 271
** Event #7585536   t=230.345360272073   Elapsed: 295.725s (4m 55s)  46% completed  (73% total)
     Speed:     ev/sec=43475.9   simsec/sec=0.575168   ev/simsec=75588
     Messages:  created: 7850406   present: 20945   in FES: 250
** Event #7663616   t=231.352430002118   Elapsed: 297.739s (4m 57s)  46% completed  (73% total)
     Speed:     ev/sec=38774   simsec/sec=0.500103   ev/simsec=77531.9
     Messages:  created: 7946821   present: 21201   in FES: 305
** Event #7743232   t=232.385183689774   Elapsed: 299.74s (4m 59s)  46% completed  (73% total)
     Speed:     ev/sec=39778   simsec/sec=0.515988   ev/simsec=77091
     Messages:  created: 8044628   present: 21196   in FES: 279
** Event #7820544   t=233.389329675991   Elapsed: 301.761s (5m 01s)  46% completed  (73% total)
     Speed:     ev/sec=38256.8   simsec/sec=0.496888   ev/simsec=76992.8
     Messages:  created: 8138939   present: 21325   in FES: 254
** Event #7899392   t=234.38944530403   Elapsed: 303.769s (5m 03s)  46% completed  (73% total)
     Speed:     ev/sec=39262.1   simsec/sec=0.498005   ev/simsec=78838.9
     Messages:  created: 8235163   present: 21375   in FES: 236
** Event #7968256   t=235.189835827346   Elapsed: 305.772s (5m 05s)  47% completed  (73% total)
     Speed:     ev/sec=34386.3   simsec/sec=0.399665   ev/simsec=86038
     Messages:  created: 8319796   present: 21442   in FES: 255
** Event #8050176   t=236.168714531028   Elapsed: 307.773s (5m 07s)  47% completed  (73% total)
     Speed:     ev/sec=40946.9   simsec/sec=0.489283   ev/simsec=83687.6
     Messages:  created: 8420527   present: 21600   in FES: 272
** Event #8136448   t=237.119272714722   Elapsed: 309.777s (5m 09s)  47% completed  (73% total)
     Speed:     ev/sec=43035.2   simsec/sec=0.474168   ev/simsec=90759.3
     Messages:  created: 8527281   present: 21654   in FES: 254
** Event #8209920   t=238.042860181537   Elapsed: 311.781s (5m 11s)  47% completed  (73% total)
     Speed:     ev/sec=36670.9   simsec/sec=0.460975   ev/simsec=79550.7
     Messages:  created: 8619644   present: 21643   in FES: 208
** Event #8297728   t=239.091987282186   Elapsed: 313.787s (5m 13s)  47% completed  (73% total)
     Speed:     ev/sec=43776.8   simsec/sec=0.523044   ev/simsec=83696.2
     Messages:  created: 8726948   present: 21889   in FES: 247
** Event #8378112   t=240.235938654768   Elapsed: 315.794s (5m 15s)  48% completed  (74% total)
     Speed:     ev/sec=40047.1   simsec/sec=0.569914   ev/simsec=70268.7
     Messages:  created: 8826942   present: 22039   in FES: 250
** Event #8463360   t=241.681823545259   Elapsed: 317.798s (5m 17s)  48% completed  (74% total)
     Speed:     ev/sec=42539.9   simsec/sec=0.721516   ev/simsec=58959.1
     Messages:  created: 8933198   present: 22237   in FES: 265
** Event #8559616   t=243.235404600357   Elapsed: 319.803s (5m 19s)  48% completed  (74% total)
     Speed:     ev/sec=47995.2   simsec/sec=0.774648   ev/simsec=61957.5
     Messages:  created: 9051370   present: 22387   in FES: 232
** Event #8646400   t=246.012962603982   Elapsed: 321.806s (5m 21s)  49% completed  (74% total)
     Speed:     ev/sec=43334   simsec/sec=1.38692   ev/simsec=31244.7
     Messages:  created: 9150468   present: 22854   in FES: 229
** Event #8736256   t=249.385696537879   Elapsed: 323.815s (5m 23s)  49% completed  (74% total)
     Speed:     ev/sec=44739.3   simsec/sec=1.67928   ev/simsec=26641.9
     Messages:  created: 9241920   present: 23532   in FES: 242
** Event #8809984   t=252.391657227316   Elapsed: 325.815s (5m 25s)  50% completed  (75% total)
     Speed:     ev/sec=36861.6   simsec/sec=1.50288   ev/simsec=24527.3
     Messages:  created: 9317371   present: 24121   in FES: 254
** Event #8895232   t=256.045079606791   Elapsed: 327.82s (5m 27s)  51% completed  (75% total)
     Speed:     ev/sec=42509.4   simsec/sec=1.8218   ev/simsec=23333.7
     Messages:  created: 9404828   present: 24836   in FES: 249
** Event #8971776   t=259.065944868056   Elapsed: 329.821s (5m 29s)  51% completed  (75% total)
     Speed:     ev/sec=38245.6   simsec/sec=1.50939   ev/simsec=25338.4
     Messages:  created: 9482945   present: 25284   in FES: 203
** Event #9055744   t=262.437455415347   Elapsed: 331.829s (5m 31s)  52% completed  (76% total)
     Speed:     ev/sec=41833.7   simsec/sec=1.67972   ev/simsec=24905.2
     Messages:  created: 9568624   present: 26049   in FES: 245
** Event #9138944   t=266.024178020891   Elapsed: 333.829s (5m 33s)  53% completed  (76% total)
     Speed:     ev/sec=41585.6   simsec/sec=1.79274   ev/simsec=23196.7
     Messages:  created: 9654148   present: 26757   in FES: 244
** Event #9219840   t=269.094985132425   Elapsed: 335.831s (5m 35s)  53% completed  (76% total)
     Speed:     ev/sec=40416.5   simsec/sec=1.53421   ev/simsec=26343.6
     Messages:  created: 9736706   present: 27348   in FES: 249
** Event #9301760   t=272.476803192697   Elapsed: 337.839s (5m 37s)  54% completed  (77% total)
     Speed:     ev/sec=40800.4   simsec/sec=1.68432   ev/simsec=24223.7
     Messages:  created: 9820175   present: 27849   in FES: 202
** Event #9389312   t=276.082825677319   Elapsed: 339.839s (5m 39s)  55% completed  (77% total)
     Speed:     ev/sec=43764.8   simsec/sec=1.80255   ev/simsec=24279.4
     Messages:  created: 9910132   present: 28691   in FES: 253
** Event #9472768   t=279.464223580492   Elapsed: 341.84s (5m 41s)  55% completed  (77% total)
     Speed:     ev/sec=41703.8   simsec/sec=1.68972   ev/simsec=24680.9
     Messages:  created: 9995218   present: 29303   in FES: 255
** Event #9546240   t=282.458692552099   Elapsed: 343.846s (5m 43s)  56% completed  (78% total)
     Speed:     ev/sec=36632   simsec/sec=1.49299   ev/simsec=24535.9
     Messages:  created: 10070389   present: 29768   in FES: 203
** Event #9627136   t=286.015589443887   Elapsed: 345.848s (5m 45s)  57% completed  (78% total)
     Speed:     ev/sec=40414.6   simsec/sec=1.77698   ev/simsec=22743.4
     Messages:  created: 10153782   present: 30592   in FES: 254
** Event #9699328   t=289.012960565029   Elapsed: 347.848s (5m 47s)  57% completed  (78% total)
     Speed:     ev/sec=36084.1   simsec/sec=1.49819   ev/simsec=24085.1
     Messages:  created: 10227646   present: 31172   in FES: 249
** Event #9774336   t=292.017878957543   Elapsed: 349.851s (5m 49s)  58% completed  (79% total)
     Speed:     ev/sec=37450.5   simsec/sec=1.50031   ev/simsec=24961.7
     Messages:  created: 10304288   present: 31746   in FES: 245
** Event #9853952   t=295.073724780621   Elapsed: 351.854s (5m 51s)  59% completed  (79% total)
     Speed:     ev/sec=39754.7   simsec/sec=1.52588   ev/simsec=26053.7
     Messages:  created: 10385538   present: 32338   in FES: 255
** Event #9933312   t=298.250089944263   Elapsed: 353.858s (5m 53s)  59% completed  (79% total)
     Speed:     ev/sec=39602.8   simsec/sec=1.58509   ev/simsec=24984.5
     Messages:  created: 10466329   present: 32941   in FES: 254
** Event #10022400   t=302.046630394291   Elapsed: 355.861s (5m 55s)  60% completed  (80% total)
     Speed:     ev/sec=44463.7   simsec/sec=1.89485   ev/simsec=23465.6
     Messages:  created: 10557905   present: 33682   in FES: 251
** Event #10106368   t=305.317185517175   Elapsed: 357.871s (5m 57s)  61% completed  (80% total)
     Speed:     ev/sec=41791.4   simsec/sec=1.62777   ev/simsec=25673.9
     Messages:  created: 10643559   present: 34205   in FES: 220
** Event #10187520   t=309.001065809613   Elapsed: 359.871s (5m 59s)  61% completed  (80% total)
     Speed:     ev/sec=40571.1   simsec/sec=1.84172   ev/simsec=22028.9
     Messages:  created: 10726837   present: 35010   in FES: 250
** Event #10277632   t=312.317087348209   Elapsed: 361.874s (6m 01s)  62% completed  (81% total)
     Speed:     ev/sec=44988.5   simsec/sec=1.65553   ev/simsec=27174.7
     Messages:  created: 10818820   present: 35636   in FES: 254
** Event #10359296   t=316.002901139866   Elapsed: 363.875s (6m 03s)  63% completed  (81% total)
     Speed:     ev/sec=40804.1   simsec/sec=1.84165   ev/simsec=22156.3
     Messages:  created: 10902649   present: 36328   in FES: 254
** Event #10446336   t=319.216369175861   Elapsed: 365.882s (6m 05s)  63% completed  (81% total)
     Speed:     ev/sec=43368.2   simsec/sec=1.60113   ev/simsec=27086
     Messages:  created: 10991128   present: 36974   in FES: 254
** Event #10514944   t=322.07072181695   Elapsed: 367.885s (6m 07s)  64% completed  (82% total)
     Speed:     ev/sec=34254.7   simsec/sec=1.42513   ev/simsec=24036.3
     Messages:  created: 11061581   present: 37498   in FES: 241
** Event #10597632   t=325.391752498255   Elapsed: 369.893s (6m 09s)  65% completed  (82% total)
     Speed:     ev/sec=41174.4   simsec/sec=1.65371   ev/simsec=24898.3
     Messages:  created: 11145949   present: 38120   in FES: 239
** Event #10675200   t=328.683995148633   Elapsed: 371.895s (6m 11s)  65% completed  (82% total)
     Speed:     ev/sec=38744.3   simsec/sec=1.64444   ev/simsec=23560.8
     Messages:  created: 11225258   present: 38641   in FES: 202
** Event #10754816   t=332.024064018709   Elapsed: 373.898s (6m 13s)  66% completed  (83% total)
     Speed:     ev/sec=39766.4   simsec/sec=1.66829   ev/simsec=23836.6
     Messages:  created: 11307248   present: 39555   in FES: 306
** Event #10841344   t=335.351156004471   Elapsed: 375.9s (6m 15s)  67% completed  (83% total)
     Speed:     ev/sec=43209.1   simsec/sec=1.66144   ev/simsec=26007.1
     Messages:  created: 11395263   present: 39922   in FES: 203
** Event #10915840   t=338.391660029253   Elapsed: 377.906s (6m 17s)  67% completed  (83% total)
     Speed:     ev/sec=37135.6   simsec/sec=1.51566   ev/simsec=24501.2
     Messages:  created: 11471480   present: 40652   in FES: 254
** Event #11001344   t=342.045704273177   Elapsed: 379.908s (6m 19s)  68% completed  (84% total)
     Speed:     ev/sec=42705.8   simsec/sec=1.82505   ev/simsec=23399.8
     Messages:  created: 11559128   present: 41215   in FES: 204
** Event #11078400   t=345.077364288192   Elapsed: 381.918s (6m 21s)  69% completed  (84% total)
     Speed:     ev/sec=38340.5   simsec/sec=1.50845   ev/simsec=25417.1
     Messages:  created: 11637916   present: 41926   in FES: 254
** Event #11155712   t=348.151214038638   Elapsed: 383.921s (6m 23s)  69% completed  (84% total)
     Speed:     ev/sec=38603.1   simsec/sec=1.53482   ev/simsec=25151.5
     Messages:  created: 11716816   present: 42519   in FES: 280
** Event #11244288   t=352.023586133057   Elapsed: 385.923s (6m 25s)  70% completed  (85% total)
     Speed:     ev/sec=44246.1   simsec/sec=1.93436   ev/simsec=22873.8
     Messages:  created: 11807729   present: 43206   in FES: 225
** Event #11333376   t=355.439306441598   Elapsed: 387.924s (6m 27s)  71% completed  (85% total)
     Speed:     ev/sec=44518   simsec/sec=1.70686   ev/simsec=26081.8
     Messages:  created: 11898432   present: 43918   in FES: 248
** Event #11403776   t=358.282525836326   Elapsed: 389.929s (6m 29s)  71% completed  (85% total)
     Speed:     ev/sec=35106.1   simsec/sec=1.41782   ev/simsec=24760.7
     Messages:  created: 11970707   present: 44477   in FES: 254
** Event #11490048   t=362.025567255381   Elapsed: 391.93s (6m 31s)  72% completed  (86% total)
     Speed:     ev/sec=43121.9   simsec/sec=1.87091   ev/simsec=23048.6
     Messages:  created: 12059101   present: 45180   in FES: 243
** Event #11567616   t=365.071839352146   Elapsed: 393.933s (6m 33s)  73% completed  (86% total)
     Speed:     ev/sec=38723   simsec/sec=1.52074   ev/simsec=25463.3
     Messages:  created: 12138318   present: 45773   in FES: 250
** Event #11644672   t=368.106079164009   Elapsed: 395.937s (6m 35s)  73% completed  (86% total)
     Speed:     ev/sec=38451.6   simsec/sec=1.51411   ev/simsec=25395.5
     Messages:  created: 12216974   present: 46339   in FES: 256
** Event #11732480   t=372.014809364035   Elapsed: 397.938s (6m 37s)  74% completed  (87% total)
     Speed:     ev/sec=43878.1   simsec/sec=1.95321   ev/simsec=22464.6
     Messages:  created: 12307116   present: 46997   in FES: 210
** Event #11816448   t=375.145450150241   Elapsed: 399.942s (6m 39s)  75% completed  (87% total)
     Speed:     ev/sec=41906.5   simsec/sec=1.56243   ev/simsec=26821.3
     Messages:  created: 12392685   present: 47677   in FES: 242
** Event #11903488   t=379.014204328518   Elapsed: 401.944s (6m 41s)  75% completed  (87% total)
     Speed:     ev/sec=43471.2   simsec/sec=1.93221   ev/simsec=22498.2
     Messages:  created: 12482196   present: 48433   in FES: 242
** Event #11992064   t=382.35239607573   Elapsed: 403.951s (6m 43s)  76% completed  (88% total)
     Speed:     ev/sec=44142.4   simsec/sec=1.66361   ev/simsec=26534.1
     Messages:  created: 12572450   present: 49050   in FES: 254
** Event #12081408   t=386.069709475613   Elapsed: 405.954s (6m 45s)  77% completed  (88% total)
     Speed:     ev/sec=44604   simsec/sec=1.85583   ev/simsec=24034.6
     Messages:  created: 12663974   present: 49788   in FES: 254
** Event #12162304   t=389.253023091685   Elapsed: 407.958s (6m 47s)  77% completed  (88% total)
     Speed:     ev/sec=40366   simsec/sec=1.58843   ev/simsec=25412.5
     Messages:  created: 12746664   present: 50440   in FES: 262
** Event #12240384   t=392.47714939958   Elapsed: 409.961s (6m 49s)  78% completed  (89% total)
     Speed:     ev/sec=38981.7   simsec/sec=1.60965   ev/simsec=24217.4
     Messages:  created: 12825813   present: 50890   in FES: 203
** Event #12312832   t=395.250352973053   Elapsed: 411.961s (6m 51s)  79% completed  (89% total)
     Speed:     ev/sec=36213.1   simsec/sec=1.38618   ev/simsec=26124.3
     Messages:  created: 12897584   present: 51487   in FES: 224
** Event #12367104   t=397.216484447351   Elapsed: 413.974s (6m 53s)  79% completed  (89% total)
     Speed:     ev/sec=26960.4   simsec/sec=0.976704   ev/simsec=27603.4
     Messages:  created: 12949013   present: 51878   in FES: 229
** Event #12401920   t=398.420550959468   Elapsed: 415.998s (6m 55s)  79% completed  (89% total)
     Speed:     ev/sec=17208.9   simsec/sec=0.595148   ev/simsec=28915.3
     Messages:  created: 12981364   present: 52139   in FES: 239
** Event #12442112   t=400.023179323336   Elapsed: 418.005s (6m 58s)  80% completed  (90% total)
     Speed:     ev/sec=20019.1   simsec/sec=0.798247   ev/simsec=25078.8
     Messages:  created: 13018773   present: 52484   in FES: 246
** Event #12485632   t=401.221624881929   Elapsed: 420.011s (7m 00s)  80% completed  (90% total)
     Speed:     ev/sec=21696   simsec/sec=0.597461   ev/simsec=36313.7
     Messages:  created: 13057711   present: 52695   in FES: 244
** Event #12521984   t=402.437500570936   Elapsed: 422.023s (7m 02s)  80% completed  (90% total)
     Speed:     ev/sec=18065.7   simsec/sec=0.60425   ev/simsec=29897.8
     Messages:  created: 13090682   present: 52902   in FES: 236
** Event #12562688   t=404.022924050243   Elapsed: 424.034s (7m 04s)  80% completed  (90% total)
     Speed:     ev/sec=20241.7   simsec/sec=0.788415   ev/simsec=25673.9
     Messages:  created: 13128303   present: 53258   in FES: 247
** Event #12607744   t=405.250349310171   Elapsed: 426.037s (7m 06s)  81% completed  (90% total)
     Speed:     ev/sec=22500.3   simsec/sec=0.612959   ev/simsec=36707.7
     Messages:  created: 13168380   present: 53486   in FES: 253
** Event #12644608   t=406.483098021085   Elapsed: 428.048s (7m 08s)  81% completed  (90% total)
     Speed:     ev/sec=18325.5   simsec/sec=0.612812   ev/simsec=29903.9
     Messages:  created: 13201624   present: 53637   in FES: 221
** Event #12689408   t=408.065641593125   Elapsed: 430.052s (7m 10s)  81% completed  (90% total)
     Speed:     ev/sec=22361.5   simsec/sec=0.789913   ev/simsec=28308.9
     Messages:  created: 13242909   present: 53970   in FES: 229
** Event #12728064   t=409.244479187628   Elapsed: 432.057s (7m 12s)  81% completed  (90% total)
     Speed:     ev/sec=19277.9   simsec/sec=0.58789   ev/simsec=32791.6
     Messages:  created: 13277426   present: 54260   in FES: 252
** Event #12762624   t=410.411781393178   Elapsed: 434.073s (7m 14s)  82% completed  (91% total)
     Speed:     ev/sec=17143.6   simsec/sec=0.579046   ev/simsec=29606.7
     Messages:  created: 13309049   present: 54466   in FES: 249
** Event #12793088   t=411.419840342574   Elapsed: 436.09s (7m 16s)  82% completed  (91% total)
     Speed:     ev/sec=15099.3   simsec/sec=0.49964   ev/simsec=30220.5
     Messages:  created: 13336624   present: 54677   in FES: 253
** Event #12835328   t=413.025567234683   Elapsed: 438.092s (7m 18s)  82% completed  (91% total)
     Speed:     ev/sec=21103.8   simsec/sec=0.802246   ev/simsec=26305.8
     Messages:  created: 13375556   present: 54972   in FES: 242
** Event #12877568   t=414.216507652641   Elapsed: 440.097s (7m 20s)  82% completed  (91% total)
     Speed:     ev/sec=21066.6   simsec/sec=0.593964   ev/simsec=35467.8
     Messages:  created: 13413125   present: 55158   in FES: 235
** Event #12914176   t=415.437500195999   Elapsed: 442.106s (7m 22s)  83% completed  (91% total)
     Speed:     ev/sec=18224.1   simsec/sec=0.60783   ev/simsec=29982.2
     Messages:  created: 13446332   present: 55365   in FES: 225
** Event #12957952   t=417.045628579012   Elapsed: 444.107s (7m 24s)  83% completed  (91% total)
     Speed:     ev/sec=21874.7   simsec/sec=0.803576   ev/simsec=27221.7
     Messages:  created: 13486507   present: 55722   in FES: 239
** Event #13000960   t=418.261317842529   Elapsed: 446.115s (7m 26s)  83% completed  (91% total)
     Speed:     ev/sec=21422.3   simsec/sec=0.605536   ev/simsec=35377.5
     Messages:  created: 13525373   present: 55898   in FES: 219
** Event #13037056   t=419.492109710955   Elapsed: 448.129s (7m 28s)  83% completed  (91% total)
     Speed:     ev/sec=17924   simsec/sec=0.611169   ev/simsec=29327.5
     Messages:  created: 13557626   present: 56187   in FES: 239
** Event #13081600   t=421.065840998664   Elapsed: 450.132s (7m 30s)  84% completed  (92% total)
     Speed:     ev/sec=22232.1   simsec/sec=0.785455   ev/simsec=28304.7
     Messages:  created: 13598541   present: 56392   in FES: 205
** Event #13118720   t=422.206417754725   Elapsed: 452.148s (7m 32s)  84% completed  (92% total)
     Speed:     ev/sec=18411   simsec/sec=0.56571   ev/simsec=32544.9
     Messages:  created: 13631773   present: 56661   in FES: 224
** Event #13152256   t=423.30040968582   Elapsed: 454.15s (7m 34s)  84% completed  (92% total)
     Speed:     ev/sec=16757.7   simsec/sec=0.54666   ev/simsec=30654.7
     Messages:  created: 13662382   present: 56807   in FES: 203
** Event #13186560   t=424.452255276289   Elapsed: 456.193s (7m 36s)  84% completed  (92% total)
     Speed:     ev/sec=16790.2   simsec/sec=0.563775   ev/simsec=29781.8
     Messages:  created: 13693175   present: 57089   in FES: 222
** Event #13233152   t=426.070721752984   Elapsed: 458.193s (7m 38s)  85% completed  (92% total)
     Speed:     ev/sec=23288.6   simsec/sec=0.808975   ev/simsec=28787.7
     Messages:  created: 13735948   present: 57457   in FES: 240
** Event #13272832   t=427.282570453086   Elapsed: 460.214s (7m 40s)  85% completed  (92% total)
     Speed:     ev/sec=19631.9   simsec/sec=0.59957   ev/simsec=32743.4
     Messages:  created: 13771777   present: 57665   in FES: 234
** Event #13307648   t=428.469238302338   Elapsed: 462.226s (7m 42s)  85% completed  (92% total)
     Speed:     ev/sec=17307.7   simsec/sec=0.589914   ev/simsec=29339.3
     Messages:  created: 13803015   present: 57922   in FES: 243
** Event #13347328   t=430.023179889289   Elapsed: 464.235s (7m 44s)  86% completed  (93% total)
     Speed:     ev/sec=19752   simsec/sec=0.773525   ev/simsec=25535.1
     Messages:  created: 13839676   present: 58209   in FES: 233
** Event #13389568   t=431.12395043347   Elapsed: 466.247s (7m 46s)  86% completed  (93% total)
     Speed:     ev/sec=20997.6   simsec/sec=0.547195   ev/simsec=38373.1
     Messages:  created: 13877249   present: 58422   in FES: 241
** Event #13420800   t=432.123958380749   Elapsed: 468.268s (7m 48s)  86% completed  (93% total)
     Speed:     ev/sec=15454.2   simsec/sec=0.494823   ev/simsec=31231.8
     Messages:  created: 13905105   present: 58629   in FES: 246
** Event #13454080   t=433.206421241716   Elapsed: 470.284s (7m 50s)  86% completed  (93% total)
     Speed:     ev/sec=16505.1   simsec/sec=0.536844   ev/simsec=30744.7
     Messages:  created: 13934387   present: 58850   in FES: 249
** Event #13485568   t=434.12397432882   Elapsed: 472.29s (7m 52s)  86% completed  (93% total)
     Speed:     ev/sec=15695.9   simsec/sec=0.457374   ev/simsec=34317.4
     Messages:  created: 13962035   present: 59029   in FES: 252
** Event #13513472   t=435.068795297492   Elapsed: 474.316s (7m 54s)  87% completed  (93% total)
     Speed:     ev/sec=13774.1   simsec/sec=0.466388   ev/simsec=29533.6
     Messages:  created: 13986511   present: 59199   in FES: 254
** Event #13531392   t=435.494710936721   Elapsed: 476.329s (7m 56s)  87% completed  (93% total)
     Speed:     ev/sec=8900.66   simsec/sec=0.211547   ev/simsec=42074.1
     Messages:  created: 14001136   present: 59159   in FES: 205
** Event #13561856   t=436.398092802494   Elapsed: 478.36s (7m 58s)  87% completed  (93% total)
     Speed:     ev/sec=15004.1   simsec/sec=0.444934   ev/simsec=33722.2
     Messages:  created: 14027811   present: 59459   in FES: 248
** Event #13590016   t=437.146539049955   Elapsed: 480.371s (8m 00s)  87% completed  (93% total)
     Speed:     ev/sec=14001.8   simsec/sec=0.372145   ev/simsec=37624.6
     Messages:  created: 14051451   present: 59489   in FES: 210
** Event #13609216   t=438.015254026042   Elapsed: 482.373s (8m 02s)  87% completed  (93% total)
     Speed:     ev/sec=9589.85   simsec/sec=0.433898   ev/simsec=22101.6
     Messages:  created: 14068944   present: 59762   in FES: 241
** Event #13633536   t=438.39183364632   Elapsed: 484.376s (8m 04s)  87% completed  (93% total)
     Speed:     ev/sec=12143.6   simsec/sec=0.188036   ev/simsec=64581.3
     Messages:  created: 14088303   present: 59759   in FES: 220
** Event #13661952   t=439.14494098071   Elapsed: 486.38s (8m 06s)  87% completed  (93% total)
     Speed:     ev/sec=14176.6   simsec/sec=0.375722   ev/simsec=37731.7
     Messages:  created: 14112019   present: 59848   in FES: 203
** Event #13674240   t=439.494729355041   Elapsed: 488.385s (8m 08s)  87% completed  (93% total)
     Speed:     ev/sec=6128.8   simsec/sec=0.174461   ev/simsec=35129.8
     Messages:  created: 14122160   present: 60042   in FES: 244
** Event #13704192   t=440.282615317772   Elapsed: 490.43s (8m 10s)  88% completed  (94% total)
     Speed:     ev/sec=14646.8   simsec/sec=0.385282   ev/simsec=38015.7
     Messages:  created: 14147659   present: 60098   in FES: 213
** Event #13721600   t=441.024056740937   Elapsed: 492.432s (8m 12s)  88% completed  (94% total)
     Speed:     ev/sec=8696.4   simsec/sec=0.370397   ev/simsec=23478.6
     Messages:  created: 14162985   present: 60377   in FES: 254
** Event #13743872   t=441.385781420172   Elapsed: 494.459s (8m 14s)  88% completed  (94% total)
     Speed:     ev/sec=10985.4   simsec/sec=0.178416   ev/simsec=61571.7
     Messages:  created: 14180440   present: 60383   in FES: 237
** Event #13768192   t=442.070708257154   Elapsed: 496.503s (8m 16s)  88% completed  (94% total)
     Speed:     ev/sec=11899.2   simsec/sec=0.335118   ev/simsec=35507.4
     Messages:  created: 14200730   present: 60542   in FES: 255
** Event #13783808   t=442.391841162166   Elapsed: 498.509s (8m 18s)  88% completed  (94% total)
     Speed:     ev/sec=7783.71   simsec/sec=0.160067   ev/simsec=48627.8
     Messages:  created: 14212941   present: 60572   in FES: 235
** Event #13807104   t=443.065840998664   Elapsed: 500.514s (8m 20s)  88% completed  (94% total)
     Speed:     ev/sec=11618.2   simsec/sec=0.336139   ev/simsec=34563.8
     Messages:  created: 14232309   present: 60612   in FES: 205
** Event #13822976   t=443.353121160263   Elapsed: 502.536s (8m 22s)  88% completed  (94% total)
     Speed:     ev/sec=7849.28   simsec/sec=0.14207   ev/simsec=55249.2
     Messages:  created: 14244659   present: 60689   in FES: 212
** Event #13838848   t=444.019923240455   Elapsed: 504.539s (8m 24s)  88% completed  (94% total)
     Speed:     ev/sec=7924.78   simsec/sec=0.33293   ev/simsec=23803.2
     Messages:  created: 14258633   present: 60905   in FES: 236
** Event #13860096   t=444.236246741427   Elapsed: 506.573s (8m 26s)  88% completed  (94% total)
     Speed:     ev/sec=10446.9   simsec/sec=0.106358   ev/simsec=98223.3
     Messages:  created: 14273856   present: 60846   in FES: 208
** Event #13869824   t=444.483142120859   Elapsed: 508.62s (8m 28s)  88% completed  (94% total)
     Speed:     ev/sec=4752.47   simsec/sec=0.120617   ev/simsec=39401.3
     Messages:  created: 14281658   present: 60898   in FES: 210
** Event #13898752   t=445.146581077182   Elapsed: 510.661s (8m 30s)  89% completed  (94% total)
     Speed:     ev/sec=14172.6   simsec/sec=0.325036   ev/simsec=43603.1
     Messages:  created: 14305199   present: 61146   in FES: 251
** Event #13907968   t=445.398092754261   Elapsed: 512.683s (8m 32s)  89% completed  (94% total)
     Speed:     ev/sec=4558.06   simsec/sec=0.124393   ev/simsec=36642.4
     Messages:  created: 14312591   present: 61190   in FES: 249
** Event #13920768   t=446.014408107852   Elapsed: 514.689s (8m 34s)  89% completed  (94% total)
     Speed:     ev/sec=6379.96   simsec/sec=0.307193   ev/simsec=20768.6
     Messages:  created: 14324326   present: 61332   in FES: 254
** Event #13941248   t=446.146403088449   Elapsed: 516.714s (8m 36s)  89% completed  (94% total)
     Speed:     ev/sec=10116.5   simsec/sec=0.0652015   ev/simsec=155157
     Messages:  created: 14338910   present: 61302   in FES: 254
** Event #13950464   t=446.396527873587   Elapsed: 518.769s (8m 38s)  89% completed  (94% total)
     Speed:     ev/sec=4483.76   simsec/sec=0.121691   ev/simsec=36845.6
     Messages:  created: 14346209   present: 61244   in FES: 203
** Event #13966336   t=447.02318009877   Elapsed: 520.787s (8m 40s)  89% completed  (94% total)
     Speed:     ev/sec=7867.03   simsec/sec=0.310603   ev/simsec=25328.2
     Messages:  created: 14360202   present: 61484   in FES: 236
** Event #13988864   t=447.253210444603   Elapsed: 522.791s (8m 42s)  89% completed  (94% total)
     Speed:     ev/sec=11242.7   simsec/sec=0.114797   ev/simsec=97934.9
     Messages:  created: 14377106   present: 61572   in FES: 304
** Event #13996800   t=447.482955930743   Elapsed: 524.838s (8m 44s)  89% completed  (94% total)
     Speed:     ev/sec=3875.72   simsec/sec=0.112201   ev/simsec=34542.6
     Messages:  created: 14382712   present: 61578   in FES: 254
** Event #14022656   t=448.090945894559   Elapsed: 526.847s (8m 46s)  89% completed  (94% total)
     Speed:     ev/sec=12871.4   simsec/sec=0.302665   ev/simsec=42527
     Messages:  created: 14403801   present: 61697   in FES: 255
** Event #14033920   t=448.352583250697   Elapsed: 528.882s (8m 48s)  89% completed  (94% total)
     Speed:     ev/sec=5534.73   simsec/sec=0.128559   ev/simsec=43052
     Messages:  created: 14412588   present: 61681   in FES: 223
** Event #14045184   t=449.000846683479   Elapsed: 530.94s (8m 50s)  89% completed  (94% total)
     Speed:     ev/sec=5473.12   simsec/sec=0.314988   ev/simsec=17375.7
     Messages:  created: 14422405   present: 61754   in FES: 206
** Event #14070528   t=449.206276313695   Elapsed: 532.997s (8m 52s)  89% completed  (94% total)
     Speed:     ev/sec=12324.5   simsec/sec=0.0998979   ev/simsec=123371
     Messages:  created: 14441251   present: 61905   in FES: 254
** Event #14078976   t=449.411640541705   Elapsed: 535.005s (8m 55s)  89% completed  (94% total)
     Speed:     ev/sec=4205.35   simsec/sec=0.102229   ev/simsec=41136.7
     Messages:  created: 14448147   present: 61949   in FES: 254
** Event #14092032   t=450.014805612066   Elapsed: 537.01s (8m 57s)  90% completed  (95% total)
     Speed:     ev/sec=6513.56   simsec/sec=0.300916   ev/simsec=21645.8
     Messages:  created: 14460012   present: 62013   in FES: 223
** Event #14114304   t=450.234542611263   Elapsed: 539.037s (8m 59s)  90% completed  (95% total)
     Speed:     ev/sec=10988.3   simsec/sec=0.108412   ev/simsec=101358
     Messages:  created: 14475876   present: 62054   in FES: 228
** Event #14123520   t=450.452299916369   Elapsed: 541.045s (9m 01s)  90% completed  (95% total)
     Speed:     ev/sec=4589.92   simsec/sec=0.108451   ev/simsec=42322.3
     Messages:  created: 14483281   present: 62052   in FES: 213
** Event #14146816   t=451.073905245171   Elapsed: 543.051s (9m 03s)  90% completed  (95% total)
     Speed:     ev/sec=11611.9   simsec/sec=0.309838   ev/simsec=37477.2
     Messages:  created: 14502831   present: 62242   in FES: 233
** Event #14160384   t=451.348273099509   Elapsed: 545.083s (9m 05s)  90% completed  (95% total)
     Speed:     ev/sec=6676.91   simsec/sec=0.135018   ev/simsec=49451.9
     Messages:  created: 14513416   present: 62262   in FES: 226
** Event #14167296   t=451.494729289295   Elapsed: 547.126s (9m 07s)  90% completed  (95% total)
     Speed:     ev/sec=3382.44   simsec/sec=0.0716694   ev/simsec=47195
     Messages:  created: 14518384   present: 62373   in FES: 253
** Event #14195456   t=452.146590348529   Elapsed: 549.201s (9m 09s)  90% completed  (95% total)
     Speed:     ev/sec=13574.4   simsec/sec=0.314226   ev/simsec=43199.4
     Messages:  created: 14541257   present: 62367   in FES: 210
** Event #14204416   t=452.411825366286   Elapsed: 551.214s (9m 11s)  90% completed  (95% total)
     Speed:     ev/sec=4449.84   simsec/sec=0.131725   ev/simsec=33781.4
     Messages:  created: 14548687   present: 62536   in FES: 251
** Event #14225408   t=453.05550832342   Elapsed: 553.224s (9m 13s)  90% completed  (95% total)
     Speed:     ev/sec=10446.3   simsec/sec=0.320319   ev/simsec=32612.3
     Messages:  created: 14566636   present: 62601   in FES: 225
** Event #14241536   t=453.338276861424   Elapsed: 555.248s (9m 15s)  90% completed  (95% total)
     Speed:     ev/sec=7966.65   simsec/sec=0.139677   ev/simsec=57036
     Messages:  created: 14579358   present: 62651   in FES: 229
** Event #14256128   t=454.014412058842   Elapsed: 557.27s (9m 17s)  90% completed  (95% total)
     Speed:     ev/sec=7216.45   simsec/sec=0.334382   ev/simsec=21581.5
     Messages:  created: 14592591   present: 62805   in FES: 233
** Event #14277120   t=454.236285472245   Elapsed: 559.304s (9m 19s)  90% completed  (95% total)
     Speed:     ev/sec=10325.5   simsec/sec=0.109134   ev/simsec=94612.5
     Messages:  created: 14608496   present: 62874   in FES: 244
** Event #14286336   t=454.483945998712   Elapsed: 561.343s (9m 21s)  90% completed  (95% total)
     Speed:     ev/sec=4519.65   simsec/sec=0.121456   ev/simsec=37212.2
     Messages:  created: 14616103   present: 62800   in FES: 204
** Event #14313728   t=455.15136811321   Elapsed: 563.346s (9m 23s)  91% completed  (95% total)
     Speed:     ev/sec=13671.2   simsec/sec=0.333107   ev/simsec=41041.5
     Messages:  created: 14639151   present: 63044   in FES: 243
** Event #14331904   t=455.436480134486   Elapsed: 565.351s (9m 25s)  91% completed  (95% total)
     Speed:     ev/sec=9067.95   simsec/sec=0.142242   ev/simsec=63750.4
     Messages:  created: 14659395   present: 63088   in FES: 255
** Event #14387456   t=456.014311344622   Elapsed: 567.368s (9m 27s)  91% completed  (95% total)
     Speed:     ev/sec=27541.2   simsec/sec=0.286473   ev/simsec=96138.8
     Messages:  created: 14730343   present: 63132   in FES: 239
** Event #14424064   t=456.235474033387   Elapsed: 569.395s (9m 29s)  91% completed  (95% total)
     Speed:     ev/sec=18057.3   simsec/sec=0.109091   ev/simsec=165525
     Messages:  created: 14768504   present: 63128   in FES: 235
** Event #14452992   t=456.494698900902   Elapsed: 571.422s (9m 31s)  91% completed  (95% total)
     Speed:     ev/sec=14273.7   simsec/sec=0.127907   ev/simsec=111594
     Messages:  created: 14802750   present: 63087   in FES: 221
** Event #14523136   t=457.106263601894   Elapsed: 573.446s (9m 33s)  91% completed  (95% total)
     Speed:     ev/sec=34652.8   simsec/sec=0.302128   ev/simsec=114696
     Messages:  created: 14886176   present: 63161   in FES: 230
** Event #14555136   t=457.419775514293   Elapsed: 575.446s (9m 35s)  91% completed  (95% total)
     Speed:     ev/sec=15995.1   simsec/sec=0.156708   ev/simsec=102069
     Messages:  created: 14925051   present: 63246   in FES: 255
** Event #14610432   t=458.01197691429   Elapsed: 577.447s (9m 37s)  91% completed  (95% total)
     Speed:     ev/sec=27644.9   simsec/sec=0.296067   ev/simsec=93373.6
     Messages:  created: 14996499   present: 63297   in FES: 246
** Event #14647552   t=458.235457257505   Elapsed: 579.456s (9m 39s)  91% completed  (95% total)
     Speed:     ev/sec=18477   simsec/sec=0.11124   ev/simsec=166100
     Messages:  created: 15034690   present: 63294   in FES: 245
** Event #14676224   t=458.500306206755   Elapsed: 581.458s (9m 41s)  91% completed  (95% total)
     Speed:     ev/sec=14322.4   simsec/sec=0.132299   ev/simsec=108258
     Messages:  created: 15068559   present: 63235   in FES: 256
** Event #14749696   t=459.135409121458   Elapsed: 583.458s (9m 43s)  91% completed  (95% total)
     Speed:     ev/sec=36730.9   simsec/sec=0.317508   ev/simsec=115685
     Messages:  created: 15156072   present: 63247   in FES: 256
** Event #14785024   t=459.439399549227   Elapsed: 585.5s (9m 45s)  91% completed  (95% total)
     Speed:     ev/sec=17303.6   simsec/sec=0.148894   ev/simsec=116214
     Messages:  created: 15198603   present: 63261   in FES: 206
** Event #14845952   t=460.048759723599   Elapsed: 587.5s (9m 47s)  92% completed  (96% total)
     Speed:     ev/sec=30460.6   simsec/sec=0.304646   ev/simsec=99986.8
     Messages:  created: 15273448   present: 63393   in FES: 241
** Event #14885376   t=460.352583005179   Elapsed: 589.52s (9m 49s)  92% completed  (96% total)
     Speed:     ev/sec=19514.6   simsec/sec=0.15039   ev/simsec=129760
     Messages:  created: 15317601   present: 63393   in FES: 236
** Event #14936064   t=460.919797434171   Elapsed: 591.523s (9m 51s)  92% completed  (96% total)
     Speed:     ev/sec=25312.1   simsec/sec=0.28325   ev/simsec=89363
     Messages:  created: 15382112   present: 63367   in FES: 255
** Event #14979840   t=461.191914663094   Elapsed: 593.538s (9m 53s)  92% completed  (96% total)
     Speed:     ev/sec=21724.3   simsec/sec=0.135041   ev/simsec=160872
     Messages:  created: 15428934   present: 63480   in FES: 255
** Event #15010560   t=461.484088094043   Elapsed: 595.543s (9m 55s)  92% completed  (96% total)
     Speed:     ev/sec=15315.2   simsec/sec=0.145661   ev/simsec=105143
     Messages:  created: 15465280   present: 63505   in FES: 249
** Event #15075328   t=462.095961686102   Elapsed: 597.546s (9m 57s)  92% completed  (96% total)
     Speed:     ev/sec=32335.5   simsec/sec=0.305478   ev/simsec=105852
     Messages:  created: 15540958   present: 63469   in FES: 223
** Event #15108352   t=462.441913939313   Elapsed: 599.547s (9m 59s)  92% completed  (96% total)
     Speed:     ev/sec=16509.9   simsec/sec=0.172954   ev/simsec=95458.3
     Messages:  created: 15580049   present: 63546   in FES: 254
** Event #15167488   t=463.083174707114   Elapsed: 601.549s (10m 01s)  92% completed  (96% total)
     Speed:     ev/sec=29535.8   simsec/sec=0.320281   ev/simsec=92218.3
     Messages:  created: 15649194   present: 63613   in FES: 252
** Event #15204352   t=463.437500422827   Elapsed: 603.589s (10m 03s)  92% completed  (96% total)
     Speed:     ev/sec=18072.6   simsec/sec=0.173708   ev/simsec=104040
     Messages:  created: 15692085   present: 63565   in FES: 224
** Event #15261696   t=464.070964835426   Elapsed: 605.612s (10m 05s)  92% completed  (96% total)
     Speed:     ev/sec=28345.3   simsec/sec=0.313123   ev/simsec=90524.4
     Messages:  created: 15759755   present: 63642   in FES: 240
** Event #15298560   t=464.420664487045   Elapsed: 607.641s (10m 07s)  92% completed  (96% total)
     Speed:     ev/sec=18167.3   simsec/sec=0.172339   ev/simsec=105416
     Messages:  created: 15801620   present: 63698   in FES: 254
** Event #15358208   t=465.066333697665   Elapsed: 609.677s (10m 09s)  93% completed  (96% total)
     Speed:     ev/sec=29298.7   simsec/sec=0.317148   ev/simsec=92381.7
     Messages:  created: 15872394   present: 63636   in FES: 215
** Event #15393536   t=465.412163236776   Elapsed: 611.693s (10m 11s)  93% completed  (96% total)
     Speed:     ev/sec=17523.7   simsec/sec=0.171542   ev/simsec=102154
     Messages:  created: 15912087   present: 63735   in FES: 304
** Event #15453440   t=466.058903605096   Elapsed: 613.694s (10m 13s)  93% completed  (96% total)
     Speed:     ev/sec=29935.5   simsec/sec=0.323192   ev/simsec=92624.5
     Messages:  created: 15983896   present: 63760   in FES: 232
** Event #15489792   t=466.398045928256   Elapsed: 615.703s (10m 15s)  93% completed  (96% total)
     Speed:     ev/sec=18090.5   simsec/sec=0.168774   ev/simsec=107188
     Messages:  created: 16024298   present: 63772   in FES: 231
** Event #15551744   t=467.068795737492   Elapsed: 617.738s (10m 17s)  93% completed  (96% total)
     Speed:     ev/sec=30446.9   simsec/sec=0.329646   ev/simsec=92362.3
     Messages:  created: 16097973   present: 63859   in FES: 254
** Event #15587072   t=467.412274667696   Elapsed: 619.742s (10m 19s)  93% completed  (96% total)
     Speed:     ev/sec=17625   simsec/sec=0.17136   ev/simsec=102853
     Messages:  created: 16137578   present: 63907   in FES: 300
** Event #15646208   t=468.055508606911   Elapsed: 621.771s (10m 21s)  93% completed  (96% total)
     Speed:     ev/sec=29152.3   simsec/sec=0.317095   ev/simsec=91935.4
     Messages:  created: 16208851   present: 63840   in FES: 212
** Event #15682304   t=468.389511785419   Elapsed: 623.804s (10m 23s)  93% completed  (96% total)
     Speed:     ev/sec=17758.4   simsec/sec=0.164322   ev/simsec=108071
     Messages:  created: 16249202   present: 63980   in FES: 251
** Event #15742208   t=469.051245682785   Elapsed: 625.805s (10m 25s)  93% completed  (96% total)
     Speed:     ev/sec=29932.7   simsec/sec=0.330654   ev/simsec=90525.8
     Messages:  created: 16321330   present: 63990   in FES: 239
** Event #15779840   t=469.392679105726   Elapsed: 627.815s (10m 27s)  93% completed  (96% total)
     Speed:     ev/sec=18719.6   simsec/sec=0.169842   ev/simsec=110218
     Messages:  created: 16362706   present: 64053   in FES: 288
** Event #15840000   t=470.0555084035   Elapsed: 629.815s (10m 29s)  94% completed  (97% total)
     Speed:     ev/sec=30078.2   simsec/sec=0.331395   ev/simsec=90762.4
     Messages:  created: 16435063   present: 64024   in FES: 228
** Event #15872768   t=470.352397434037   Elapsed: 631.817s (10m 31s)  94% completed  (97% total)
     Speed:     ev/sec=16371.4   simsec/sec=0.14833   ev/simsec=110371
     Messages:  created: 16471662   present: 64106   in FES: 254
** Event #15926784   t=471.013787406646   Elapsed: 633.864s (10m 33s)  94% completed  (97% total)
     Speed:     ev/sec=26387.5   simsec/sec=0.323098   ev/simsec=81670.4
     Messages:  created: 16539096   present: 64031   in FES: 207
** Event #15969792   t=471.353036125339   Elapsed: 635.88s (10m 35s)  94% completed  (97% total)
     Speed:     ev/sec=21332.7   simsec/sec=0.168273   ev/simsec=126774
     Messages:  created: 16584720   present: 64121   in FES: 234
** Event #16038912   t=471.480515455291   Elapsed: 637.88s (10m 37s)  94% completed  (97% total)
     Speed:     ev/sec=34555.2   simsec/sec=0.0637307   ev/simsec=542206
     Messages:  created: 16674185   present: 62848   in FES: 257
** Event #16134912   t=471.619647609637   Elapsed: 639.883s (10m 39s)  94% completed  (97% total)
     Speed:     ev/sec=47929.1   simsec/sec=0.0694634   ev/simsec=689991
     Messages:  created: 16799189   present: 60087   in FES: 260
** Event #16215296   t=471.72939340714   Elapsed: 641.887s (10m 41s)  94% completed  (97% total)
     Speed:     ev/sec=40118.5   simsec/sec=0.0547726   ev/simsec=732456
     Messages:  created: 16907224   present: 58535   in FES: 258
** Event #16317184   t=471.857499733532   Elapsed: 643.892s (10m 43s)  94% completed  (97% total)
     Speed:     ev/sec=50822.4   simsec/sec=0.0639002   ev/simsec=795339
     Messages:  created: 17042419   present: 55796   in FES: 270
** Event #16414208   t=471.992427952497   Elapsed: 645.896s (10m 45s)  94% completed  (97% total)
     Speed:     ev/sec=48407.5   simsec/sec=0.0673188   ev/simsec=719079
     Messages:  created: 17178078   present: 55660   in FES: 273
** Event #16488704   t=472.094016116533   Elapsed: 647.899s (10m 47s)  94% completed  (97% total)
     Speed:     ev/sec=37197.4   simsec/sec=0.050725   ev/simsec=733314
     Messages:  created: 17271475   present: 55551   in FES: 258
** Event #16565248   t=472.193478540617   Elapsed: 649.901s (10m 49s)  94% completed  (97% total)
     Speed:     ev/sec=38231.3   simsec/sec=0.0496783   ev/simsec=769577
     Messages:  created: 17367873   present: 52814   in FES: 265
** Event #16623360   t=472.277869548011   Elapsed: 651.903s (10m 51s)  94% completed  (97% total)
     Speed:     ev/sec=29020   simsec/sec=0.0421432   ev/simsec=688604
     Messages:  created: 17447265   present: 52647   in FES: 218
** Event #16709120   t=472.390981459493   Elapsed: 653.907s (10m 53s)  94% completed  (97% total)
     Speed:     ev/sec=42806.7   simsec/sec=0.0564593   ev/simsec=758187
     Messages:  created: 17562229   present: 51395   in FES: 257
** Event #16781568   t=472.486929573406   Elapsed: 655.934s (10m 55s)  94% completed  (97% total)
     Speed:     ev/sec=35732.2   simsec/sec=0.0473227   ev/simsec=755075
     Messages:  created: 17657590   present: 49853   in FES: 219
** Event #16878080   t=472.621176366209   Elapsed: 657.973s (10m 57s)  94% completed  (97% total)
     Speed:     ev/sec=47328.1   simsec/sec=0.0658327   ev/simsec=718915
     Messages:  created: 17792735   present: 49854   in FES: 305
** Event #16981760   t=472.762043834412   Elapsed: 659.977s (10m 59s)  94% completed  (97% total)
     Speed:     ev/sec=51747.4   simsec/sec=0.070308   ev/simsec=736011
     Messages:  created: 17933587   present: 48283   in FES: 238
** Event #17078016   t=472.906519128293   Elapsed: 661.979s (11m 01s)  94% completed  (97% total)
     Speed:     ev/sec=48086   simsec/sec=0.0721746   ev/simsec=666245
     Messages:  created: 18067117   present: 48167   in FES: 255
** Event #17169664   t=473.038672548077   Elapsed: 663.982s (11m 03s)  94% completed  (97% total)
     Speed:     ev/sec=45748.8   simsec/sec=0.0659682   ev/simsec=693497
     Messages:  created: 18190369   present: 48256   in FES: 323
** Event #17239040   t=473.188804344714   Elapsed: 665.995s (11m 05s)  94% completed  (97% total)
     Speed:     ev/sec=34456.4   simsec/sec=0.0745647   ev/simsec=462101
     Messages:  created: 18278470   present: 47981   in FES: 245
** Event #17279232   t=473.483417718517   Elapsed: 668.016s (11m 08s)  94% completed  (97% total)
     Speed:     ev/sec=19894   simsec/sec=0.145826   ev/simsec=136423
     Messages:  created: 18328362   present: 47906   in FES: 256
** Event #17357824   t=474.068848798501   Elapsed: 670.045s (11m 10s)  94% completed  (97% total)
     Speed:     ev/sec=38739.4   simsec/sec=0.28857   ev/simsec=134246
     Messages:  created: 18427348   present: 48015   in FES: 248
** Event #17404928   t=474.38380420725   Elapsed: 672.065s (11m 12s)  94% completed  (97% total)
     Speed:     ev/sec=23311.3   simsec/sec=0.155868   ev/simsec=149558
     Messages:  created: 18484557   present: 47962   in FES: 232
** Event #17469440   t=474.919736530463   Elapsed: 674.067s (11m 14s)  94% completed  (97% total)
     Speed:     ev/sec=32221   simsec/sec=0.267675   ev/simsec=120373
     Messages:  created: 18569574   present: 48010   in FES: 255
** Event #17525504   t=475.235896344377   Elapsed: 676.073s (11m 16s)  95% completed  (97% total)
     Speed:     ev/sec=27949.3   simsec/sec=0.157614   ev/simsec=177328
     Messages:  created: 18633677   present: 48040   in FES: 254
** Event #17576960   t=475.611575790872   Elapsed: 678.074s (11m 18s)  95% completed  (97% total)
     Speed:     ev/sec=25713.9   simsec/sec=0.187737   ev/simsec=136968
     Messages:  created: 18699557   present: 47959   in FES: 255
** Event #17651456   t=476.126407894526   Elapsed: 680.1s (11m 20s)  95% completed  (97% total)
     Speed:     ev/sec=36777.7   simsec/sec=0.254166   ev/simsec=144700
     Messages:  created: 18790909   present: 47931   in FES: 235
** Event #17696256   t=476.469874782664   Elapsed: 682.102s (11m 22s)  95% completed  (97% total)
     Speed:     ev/sec=22380.2   simsec/sec=0.171581   ev/simsec=130435
     Messages:  created: 18847242   present: 48041   in FES: 255
** Event #17777152   t=477.073892328946   Elapsed: 684.115s (11m 24s)  95% completed  (97% total)
     Speed:     ev/sec=40190.1   simsec/sec=0.300083   ev/simsec=133930
     Messages:  created: 18950073   present: 48083   in FES: 243
** Event #17826816   t=477.412163170058   Elapsed: 686.12s (11m 26s)  95% completed  (97% total)
     Speed:     ev/sec=24758.1   simsec/sec=0.168632   ev/simsec=146817
     Messages:  created: 19011582   present: 48048   in FES: 289
** Event #17913344   t=478.007468065378   Elapsed: 688.126s (11m 28s)  95% completed  (97% total)
     Speed:     ev/sec=43140.4   simsec/sec=0.296802   ev/simsec=145351
     Messages:  created: 19127690   present: 48026   in FES: 238
** Event #17973760   t=478.352579273925   Elapsed: 690.154s (11m 30s)  95% completed  (97% total)
     Speed:     ev/sec=29798.6   simsec/sec=0.170217   ev/simsec=175062
     Messages:  created: 19199638   present: 48059   in FES: 230
** Event #18046976   t=478.775491944801   Elapsed: 692.156s (11m 32s)  95% completed  (97% total)
     Speed:     ev/sec=36568.1   simsec/sec=0.211226   ev/simsec=173123
     Messages:  created: 19297038   present: 48051   in FES: 242
** Event #18124544   t=479.235445274558   Elapsed: 694.182s (11m 34s)  95% completed  (97% total)
     Speed:     ev/sec=38289.7   simsec/sec=0.227046   ev/simsec=168643
     Messages:  created: 19393033   present: 48123   in FES: 244
** Event #18193408   t=479.719876199943   Elapsed: 696.186s (11m 36s)  95% completed  (97% total)
     Speed:     ev/sec=34351.8   simsec/sec=0.241652   ev/simsec=142154
     Messages:  created: 19483023   present: 48050   in FES: 256
** Event #18271488   t=480.221268723534   Elapsed: 698.19s (11m 38s)  96% completed  (98% total)
     Speed:     ev/sec=38960   simsec/sec=0.250183   ev/simsec=155726
     Messages:  created: 19579915   present: 48093   in FES: 255
** Event #18340352   t=480.60009570244   Elapsed: 700.193s (11m 40s)  96% completed  (98% total)
     Speed:     ev/sec=34395.7   simsec/sec=0.189214   ev/simsec=181782
     Messages:  created: 19669605   present: 48043   in FES: 220
** Event #18432768   t=481.189236255595   Elapsed: 702.195s (11m 42s)  96% completed  (98% total)
     Speed:     ev/sec=46151.9   simsec/sec=0.294213   ev/simsec=156866
     Messages:  created: 19786338   present: 48204   in FES: 255
** Event #18501888   t=481.595329975792   Elapsed: 704.201s (11m 44s)  96% completed  (98% total)
     Speed:     ev/sec=34460.9   simsec/sec=0.202465   ev/simsec=170207
     Messages:  created: 19876115   present: 48214   in FES: 291
** Event #18601216   t=482.106215004043   Elapsed: 706.216s (11m 46s)  96% completed  (98% total)
     Speed:     ev/sec=49287.7   simsec/sec=0.253507   ev/simsec=194423
     Messages:  created: 20003905   present: 48185   in FES: 243
** Event #18668544   t=482.487154075343   Elapsed: 708.223s (11m 48s)  96% completed  (98% total)
     Speed:     ev/sec=33554.6   simsec/sec=0.189851   ev/simsec=176742
     Messages:  created: 20090434   present: 48162   in FES: 246
** Event #18782208   t=482.750583201795   Elapsed: 710.223s (11m 50s)  96% completed  (98% total)
     Speed:     ev/sec=56813.1   simsec/sec=0.131671   ev/simsec=431478
     Messages:  created: 20249031   present: 48400   in FES: 294
** Event #18887936   t=482.899818019187   Elapsed: 712.225s (11m 52s)  96% completed  (98% total)
     Speed:     ev/sec=52819.6   simsec/sec=0.0745547   ev/simsec=708467
     Messages:  created: 20397574   present: 48330   in FES: 292
** Event #18995712   t=483.045148276523   Elapsed: 714.228s (11m 54s)  96% completed  (98% total)
     Speed:     ev/sec=53813.1   simsec/sec=0.0725641   ev/simsec=741594
     Messages:  created: 20546063   present: 48522   in FES: 306
** Event #19088640   t=483.16734078304   Elapsed: 716.231s (11m 56s)  96% completed  (98% total)
     Speed:     ev/sec=46387.9   simsec/sec=0.0609962   ev/simsec=760505
     Messages:  created: 20672159   present: 48314   in FES: 243
** Event #19192832   t=483.313070881754   Elapsed: 718.235s (11m 58s)  96% completed  (98% total)
     Speed:     ev/sec=51999.7   simsec/sec=0.0727303   ev/simsec=714966
     Messages:  created: 20817395   present: 48386   in FES: 258
** Event #19287808   t=483.439005114251   Elapsed: 720.237s (12m 00s)  96% completed  (98% total)
     Speed:     ev/sec=47422.4   simsec/sec=0.0628801   ev/simsec=754171
     Messages:  created: 20949598   present: 48406   in FES: 255
** Event #19387904   t=483.566618745525   Elapsed: 722.242s (12m 02s)  96% completed  (98% total)
     Speed:     ev/sec=49937.4   simsec/sec=0.0636659   ev/simsec=784368
     Messages:  created: 21088638   present: 48280   in FES: 228
** Event #19494912   t=483.808206438482   Elapsed: 724.245s (12m 04s)  96% completed  (98% total)
     Speed:     ev/sec=53415   simsec/sec=0.120593   ev/simsec=442936
     Messages:  created: 21233863   present: 46966   in FES: 234
** Event #19608064   t=483.972552056536   Elapsed: 726.247s (12m 06s)  96% completed  (98% total)
     Speed:     ev/sec=56513.1   simsec/sec=0.0820815   ev/simsec=688500
     Messages:  created: 21392155   present: 47058   in FES: 288
** Event #19704576   t=484.104203292165   Elapsed: 728.248s (12m 08s)  96% completed  (98% total)
     Speed:     ev/sec=48249.1   simsec/sec=0.0658162   ev/simsec=733088
     Messages:  created: 21520481   present: 46961   in FES: 245
** Event #19806208   t=484.24528083818   Elapsed: 730.251s (12m 10s)  96% completed  (98% total)
     Speed:     ev/sec=50728.2   simsec/sec=0.070417   ev/simsec=720398
     Messages:  created: 21661442   present: 47066   in FES: 257
** Event #19904256   t=484.377100236696   Elapsed: 732.257s (12m 12s)  96% completed  (98% total)
     Speed:     ev/sec=48879.2   simsec/sec=0.065715   ev/simsec=743806
     Messages:  created: 21798550   present: 47097   in FES: 294
** Event #20000768   t=484.48443048252   Elapsed: 734.258s (12m 14s)  96% completed  (98% total)
     Speed:     ev/sec=48242.5   simsec/sec=0.0536501   ev/simsec=899206
     Messages:  created: 21920247   present: 43171   in FES: 257
** Event #20099840   t=484.596397986429   Elapsed: 736.26s (12m 16s)  96% completed  (98% total)
     Speed:     ev/sec=49483.6   simsec/sec=0.0559245   ev/simsec=884828
     Messages:  created: 22051885   present: 40911   in FES: 335
** Event #20207360   t=484.718349371271   Elapsed: 738.263s (12m 18s)  96% completed  (98% total)
     Speed:     ev/sec=53668   simsec/sec=0.0608714   ev/simsec=881663
     Messages:  created: 22194450   present: 37950   in FES: 281
** Event #20311296   t=484.830579944963   Elapsed: 740.266s (12m 20s)  96% completed  (98% total)
     Speed:     ev/sec=51886.8   simsec/sec=0.0560276   ev/simsec=926093
     Messages:  created: 22325452   present: 32745   in FES: 258
** Event #20416512   t=484.957294212622   Elapsed: 742.27s (12m 22s)  96% completed  (98% total)
     Speed:     ev/sec=52504.2   simsec/sec=0.0632321   ev/simsec=830341
     Messages:  created: 22469432   present: 31309   in FES: 296
** Event #20519680   t=485.083023218125   Elapsed: 744.274s (12m 24s)  97% completed  (98% total)
     Speed:     ev/sec=51481.4   simsec/sec=0.0627395   ev/simsec=820558
     Messages:  created: 22609686   present: 31309   in FES: 318
** Event #20614656   t=485.187850606708   Elapsed: 746.276s (12m 26s)  97% completed  (98% total)
     Speed:     ev/sec=47436.7   simsec/sec=0.0523571   ev/simsec=906023
     Messages:  created: 22734340   present: 28830   in FES: 260
** Event #20719616   t=485.311402516736   Elapsed: 748.278s (12m 28s)  97% completed  (98% total)
     Speed:     ev/sec=52450.5   simsec/sec=0.0617413   ev/simsec=849521
     Messages:  created: 22880915   present: 28641   in FES: 305
** Event #20814848   t=485.426335402511   Elapsed: 750.281s (12m 30s)  97% completed  (98% total)
     Speed:     ev/sec=47527.1   simsec/sec=0.0573592   ev/simsec=828588
     Messages:  created: 23012505   present: 28468   in FES: 272
** Event #20913408   t=485.642820070832   Elapsed: 752.283s (12m 32s)  97% completed  (98% total)
     Speed:     ev/sec=49234.5   simsec/sec=0.108142   ev/simsec=455275
     Messages:  created: 23148161   present: 28141   in FES: 272
** Event #20980992   t=486.500349225749   Elapsed: 754.285s (12m 34s)  97% completed  (98% total)
     Speed:     ev/sec=33765.3   simsec/sec=0.428426   ev/simsec=78812.5
     Messages:  created: 23228079   present: 28363   in FES: 302
** Event #21048320   t=487.460214843582   Elapsed: 756.295s (12m 36s)  97% completed  (98% total)
     Speed:     ev/sec=33484.2   simsec/sec=0.477369   ev/simsec=70143.2
     Messages:  created: 23308360   present: 28460   in FES: 281
** Event #21116416   t=488.436222085496   Elapsed: 758.297s (12m 38s)  97% completed  (98% total)
     Speed:     ev/sec=34026.7   simsec/sec=0.487698   ev/simsec=69770
     Messages:  created: 23389344   present: 18743   in FES: 216
** Event #21185024   t=489.426767659964   Elapsed: 760.305s (12m 40s)  97% completed  (98% total)
     Speed:     ev/sec=34165.2   simsec/sec=0.493269   ev/simsec=69262.8
     Messages:  created: 23470555   present: 18998   in FES: 257
** Event #21252608   t=490.383800413337   Elapsed: 762.321s (12m 42s)  98% completed  (99% total)
     Speed:     ev/sec=33523.5   simsec/sec=0.474715   ev/simsec=70618.3
     Messages:  created: 23551204   present: 19047   in FES: 238
** Event #21322752   t=491.368053903039   Elapsed: 764.326s (12m 44s)  98% completed  (99% total)
     Speed:     ev/sec=34974.6   simsec/sec=0.49076   ev/simsec=71266.2
     Messages:  created: 23634714   present: 19209   in FES: 255
** Event #21393408   t=492.352964889228   Elapsed: 766.345s (12m 46s)  98% completed  (99% total)
     Speed:     ev/sec=35008.9   simsec/sec=0.488007   ev/simsec=71738.5
     Messages:  created: 23718911   present: 19299   in FES: 234
** Event #21461504   t=493.261271927311   Elapsed: 768.348s (12m 48s)  98% completed  (99% total)
     Speed:     ev/sec=33989.9   simsec/sec=0.453378   ev/simsec=74970.2
     Messages:  created: 23800426   present: 19431   in FES: 240
** Event #21530624   t=494.250305269835   Elapsed: 770.359s (12m 50s)  98% completed  (99% total)
     Speed:     ev/sec=34371.2   simsec/sec=0.491815   ev/simsec=69886.4
     Messages:  created: 23882739   present: 19555   in FES: 258
** Event #21602560   t=495.317212819   Elapsed: 772.365s (12m 52s)  99% completed  (99% total)
     Speed:     ev/sec=35859.3   simsec/sec=0.531842   ev/simsec=67424.8
     Messages:  created: 23968915   present: 19704   in FES: 245
** Event #21675264   t=496.350319660246   Elapsed: 774.366s (12m 54s)  99% completed  (99% total)
     Speed:     ev/sec=36342   simsec/sec=0.516412   ev/simsec=70374.1
     Messages:  created: 24056149   present: 19819   in FES: 247
** Event #21745408   t=497.352535666818   Elapsed: 776.383s (12m 56s)  99% completed  (99% total)
     Speed:     ev/sec=34771.6   simsec/sec=0.496816   ev/simsec=69988.9
     Messages:  created: 24140681   present: 19943   in FES: 234
** Event #21818624   t=498.426765367854   Elapsed: 778.403s (12m 58s)  99% completed  (99% total)
     Speed:     ev/sec=36247.1   simsec/sec=0.53182   ev/simsec=68156.7
     Messages:  created: 24228862   present: 19997   in FES: 204
** Event #21894912   t=499.500781995971   Elapsed: 780.405s (13m 00s)  99% completed  (99% total)
     Speed:     ev/sec=38109.3   simsec/sec=0.53652   ev/simsec=71030.6
     Messages:  created: 24321976   present: 20262   in FES: 254
** Event #21917420   t=500   Elapsed: 780.777s (13m 00s)  100% completed  (100% total)
     Speed:     ev/sec=60466   simsec/sec=1.33275   ev/simsec=45369.4
     Messages:  created: 24352536   present: 20174   in FES: 202

<!> Simulation time limit reached -- at t=500s, event #21917420
undisposed object: (omnetpp::cMessage) FanetSarNetwork.groundStation.app.debugTimer -- check module destructor
undisposed object: (omnetpp::cMessage) FanetSarNetwork.uav[0].app.debugTimer -- check module destructor
undisposed object: (omnetpp::cMessage) FanetSarNetwork.uav[1].app.debugTimer -- check module destructor
undisposed object: (omnetpp::cMessage) FanetSarNetwork.uav[2].app.debugTimer -- check module destructor
undisposed object: (omnetpp::cMessage) FanetSarNetwork.uav[3].app.debugTimer -- check module destructor
undisposed object: (omnetpp::cMessage) FanetSarNetwork.uav[4].app.debugTimer -- check module destructor
undisposed object: (omnetpp::cMessage) FanetSarNetwork.uav[5].app.debugTimer -- check module destructor
undisposed object: (omnetpp::cMessage) FanetSarNetwork.uav[6].app.debugTimer -- check module destructor
undisposed object: (omnetpp::cMessage) FanetSarNetwork.uav[7].app.debugTimer -- check module destructor
undisposed object: (omnetpp::cMessage) FanetSarNetwork.uav[8].app.debugTimer -- check module destructor
undisposed object: (omnetpp::cMessage) FanetSarNetwork.uav[9].app.debugTimer -- check module destructor
undisposed object: (omnetpp::cMessage) FanetSarNetwork.uav[10].app.debugTimer -- check module destructor
undisposed object: (omnetpp::cMessage) FanetSarNetwork.uav[11].app.debugTimer -- check module destructor
undisposed object: (omnetpp::cMessage) FanetSarNetwork.uav[12].app.debugTimer -- check module destructor
undisposed object: (omnetpp::cMessage) FanetSarNetwork.uav[13].app.debugTimer -- check module destructor
undisposed object: (omnetpp::cMessage) FanetSarNetwork.uav[14].app.debugTimer -- check module destructor
undisposed object: (omnetpp::cMessage) FanetSarNetwork.uav[15].app.debugTimer -- check module destructor
undisposed object: (omnetpp::cMessage) FanetSarNetwork.uav[16].app.debugTimer -- check module destructor
undisposed object: (omnetpp::cMessage) FanetSarNetwork.uav[17].app.debugTimer -- check module destructor
undisposed object: (omnetpp::cMessage) FanetSarNetwork.uav[18].app.debugTimer -- check module destructor
undisposed object: (omnetpp::cMessage) FanetSarNetwork.uav[19].app.debugTimer -- check module destructor
undisposed object: (omnetpp::cMessage) FanetSarNetwork.uav[20].app.debugTimer -- check module destructor
undisposed object: (omnetpp::cMessage) FanetSarNetwork.uav[21].app.debugTimer -- check module destructor
undisposed object: (omnetpp::cMessage) FanetSarNetwork.uav[22].app.debugTimer -- check module destructor
undisposed object: (omnetpp::cMessage) FanetSarNetwork.uav[23].app.debugTimer -- check module destructor
undisposed object: (omnetpp::cMessage) FanetSarNetwork.uav[24].app.debugTimer -- check module destructor
undisposed object: (omnetpp::cMessage) FanetSarNetwork.uav[25].app.debugTimer -- check module destructor
undisposed object: (omnetpp::cMessage) FanetSarNetwork.uav[26].app.debugTimer -- check module destructor
undisposed object: (omnetpp::cMessage) FanetSarNetwork.uav[27].app.debugTimer -- check module destructor
undisposed object: (omnetpp::cMessage) FanetSarNetwork.uav[28].app.debugTimer -- check module destructor
undisposed object: (omnetpp::cMessage) FanetSarNetwork.uav[29].app.debugTimer -- check module destructor
undisposed object: (omnetpp::cMessage) FanetSarNetwork.uav[30].app.debugTimer -- check module destructor
undisposed object: (omnetpp::cMessage) FanetSarNetwork.uav[31].app.debugTimer -- check module destructor
undisposed object: (omnetpp::cMessage) FanetSarNetwork.uav[32].app.debugTimer -- check module destructor
undisposed object: (omnetpp::cMessage) FanetSarNetwork.uav[33].app.debugTimer -- check module destructor
undisposed object: (omnetpp::cMessage) FanetSarNetwork.uav[34].app.debugTimer -- check module destructor
undisposed object: (omnetpp::cMessage) FanetSarNetwork.uav[35].app.debugTimer -- check module destructor
undisposed object: (omnetpp::cMessage) FanetSarNetwork.uav[36].app.debugTimer -- check module destructor
undisposed object: (omnetpp::cMessage) FanetSarNetwork.uav[37].app.debugTimer -- check module destructor
undisposed object: (omnetpp::cMessage) FanetSarNetwork.uav[38].app.debugTimer -- check module destructor
undisposed object: (omnetpp::cMessage) FanetSarNetwork.uav[39].app.debugTimer -- check module destructor
undisposed object: (omnetpp::cMessage) FanetSarNetwork.uav[40].app.debugTimer -- check module destructor
undisposed object: (omnetpp::cMessage) FanetSarNetwork.uav[41].app.debugTimer -- check module destructor
undisposed object: (omnetpp::cMessage) FanetSarNetwork.uav[42].app.debugTimer -- check module destructor
undisposed object: (omnetpp::cMessage) FanetSarNetwork.uav[43].app.debugTimer -- check module destructor
undisposed object: (omnetpp::cMessage) FanetSarNetwork.uav[44].app.debugTimer -- check module destructor
undisposed object: (omnetpp::cMessage) FanetSarNetwork.uav[45].app.debugTimer -- check module destructor
undisposed object: (omnetpp::cMessage) FanetSarNetwork.uav[46].app.debugTimer -- check module destructor
undisposed object: (omnetpp::cMessage) FanetSarNetwork.uav[47].app.debugTimer -- check module destructor
undisposed object: (omnetpp::cMessage) FanetSarNetwork.uav[48].app.debugTimer -- check module destructor
undisposed object: (omnetpp::cMessage) FanetSarNetwork.uav[49].app.debugTimer -- check module destructor
