** Event #0   t=0   Elapsed: 8e-06s (0m 00s)  0% completed  (50% total)
     Speed:     ev/sec=0   simsec/sec=0   ev/simsec=0
     Messages:  created: 1178   present: 1178   in FES: 186
** Event #46080   t=5.7   Elapsed: 2.00236s (0m 02s)  1% completed  (50% total)
     Speed:     ev/sec=23013.4   simsec/sec=2.84665   ev/simsec=8084.39
     Messages:  created: 39596   present: 1116   in FES: 122
** Event #91136   t=10.460594796444   Elapsed: 4.00447s (0m 04s)  2% completed  (51% total)
     Speed:     ev/sec=22504.3   simsec/sec=2.37779   ev/simsec=9464.36
     Messages:  created: 77386   present: 1206   in FES: 153
** Event #135168   t=15.178740340124   Elapsed: 6.01194s (0m 06s)  3% completed  (51% total)
     Speed:     ev/sec=21934.1   simsec/sec=2.35029   ev/simsec=9332.48
     Messages:  created: 114202   present: 1201   in FES: 154
** Event #180736   t=20.155205437264   Elapsed: 8.02108s (0m 08s)  4% completed  (52% total)
     Speed:     ev/sec=22680.3   simsec/sec=2.47691   ev/simsec=9156.7
     Messages:  created: 152254   present: 1139   in FES: 130
** Event #220160   t=24.460594889002   Elapsed: 10.0367s (0m 10s)  4% completed  (52% total)
     Speed:     ev/sec=19559   simsec/sec=2.13598   ev/simsec=9156.9
     Messages:  created: 185020   present: 1191   in FES: 148
** Event #258304   t=28.8   Elapsed: 12.0383s (0m 12s)  5% completed  (52% total)
     Speed:     ev/sec=19056.9   simsec/sec=2.16799   ev/simsec=8790.14
     Messages:  created: 216478   present: 1116   in FES: 122
** Event #298752   t=33.060056614895   Elapsed: 14.0396s (0m 14s)  6% completed  (53% total)
     Speed:     ev/sec=20211.1   simsec/sec=2.12867   ev/simsec=9494.71
     Messages:  created: 250192   present: 1207   in FES: 154
** Event #338432   t=37.273703721501   Elapsed: 16.0516s (0m 16s)  7% completed  (53% total)
     Speed:     ev/sec=19721.1   simsec/sec=2.09419   ev/simsec=9417.02
     Messages:  created: 283946   present: 1197   in FES: 150
** Event #375040   t=41.460589588475   Elapsed: 18.0648s (0m 18s)  8% completed  (54% total)
     Speed:     ev/sec=18184.1   simsec/sec=2.07974   ev/simsec=8743.49
     Messages:  created: 314890   present: 1127   in FES: 126
** Event #414208   t=46.035351959577   Elapsed: 20.0682s (0m 20s)  9% completed  (54% total)
     Speed:     ev/sec=19551   simsec/sec=2.28352   ev/simsec=8561.76
     Messages:  created: 347254   present: 1201   in FES: 150
** Event #457472   t=50.216671925097   Elapsed: 22.0797s (0m 22s)  10% completed  (55% total)
     Speed:     ev/sec=21508.7   simsec/sec=2.07875   ev/simsec=10347
     Messages:  created: 383071   present: 1184   in FES: 154
** Event #500480   t=55.05239631103   Elapsed: 24.0852s (0m 24s)  11% completed  (55% total)
     Speed:     ev/sec=21444.3   simsec/sec=2.41115   ev/simsec=8893.81
     Messages:  created: 418408   present: 1178   in FES: 139
** Event #540160   t=59.093175673576   Elapsed: 26.093s (0m 26s)  11% completed  (55% total)
     Speed:     ev/sec=19763.8   simsec/sec=2.01263   ev/simsec=9819.89
     Messages:  created: 451212   present: 1162   in FES: 135
** Event #579328   t=63.192325730893   Elapsed: 28.1146s (0m 28s)  12% completed  (56% total)
     Speed:     ev/sec=19374.2   simsec/sec=2.02762   ev/simsec=9555.15
     Messages:  created: 483520   present: 1199   in FES: 154
** Event #618240   t=67.375487512049   Elapsed: 30.1188s (0m 30s)  13% completed  (56% total)
     Speed:     ev/sec=19415.8   simsec/sec=2.08725   ev/simsec=9302.05
     Messages:  created: 515518   present: 1193   in FES: 148
** Event #657408   t=72.013371586298   Elapsed: 32.125s (0m 32s)  14% completed  (57% total)
     Speed:     ev/sec=19522.8   simsec/sec=2.3117   ev/simsec=8445.23
     Messages:  created: 547642   present: 1173   in FES: 142
** Event #700416   t=76.138338605992   Elapsed: 34.1253s (0m 34s)  15% completed  (57% total)
     Speed:     ev/sec=21500.5   simsec/sec=2.06215   ev/simsec=10426.3
     Messages:  created: 583304   present: 1141   in FES: 130
** Event #747520   t=81.216672110602   Elapsed: 36.1336s (0m 36s)  16% completed  (58% total)
     Speed:     ev/sec=23455   simsec/sec=2.52871   ev/simsec=9275.48
     Messages:  created: 622493   present: 1188   in FES: 154
** Event #790016   t=86.057319544342   Elapsed: 38.1366s (0m 38s)  17% completed  (58% total)
     Speed:     ev/sec=21216.5   simsec/sec=2.41673   ev/simsec=8778.99
     Messages:  created: 657738   present: 1164   in FES: 135
** Event #832768   t=90.9   Elapsed: 40.1386s (0m 40s)  18% completed  (59% total)
     Speed:     ev/sec=21354.6   simsec/sec=2.41892   ev/simsec=8828.17
     Messages:  created: 693298   present: 1116   in FES: 122
** Event #878336   t=95.468920770651   Elapsed: 42.1471s (0m 42s)  19% completed  (59% total)
     Speed:     ev/sec=22687.8   simsec/sec=2.27481   ev/simsec=9973.47
     Messages:  created: 731346   present: 1192   in FES: 147
** Event #921856   t=100.173090090735   Elapsed: 44.1605s (0m 44s)  20% completed  (60% total)
     Speed:     ev/sec=21614.5   simsec/sec=2.33636   ev/simsec=9251.37
     Messages:  created: 768554   present: 1183   in FES: 147
** Event #980480   t=103.71844882698   Elapsed: 46.1623s (0m 46s)  20% completed  (60% total)
     Speed:     ev/sec=29285.6   simsec/sec=1.77108   ev/simsec=16535.4
     Messages:  created: 833833   present: 1611   in FES: 168
** Event #1037312   t=110.021392603114   Elapsed: 48.1734s (0m 48s)  22% completed  (61% total)
     Speed:     ev/sec=28259.2   simsec/sec=3.13409   ev/simsec=9016.74
     Messages:  created: 888537   present: 2370   in FES: 152
** Event #1090560   t=116.223335128632   Elapsed: 50.1739s (0m 50s)  23% completed  (61% total)
     Speed:     ev/sec=26617.3   simsec/sec=3.10019   ev/simsec=8585.7
     Messages:  created: 936504   present: 3097   in FES: 148
** Event #1142272   t=123.027659824892   Elapsed: 52.1773s (0m 52s)  24% completed  (62% total)
     Speed:     ev/sec=25812.9   simsec/sec=3.39649   ev/simsec=7599.87
     Messages:  created: 982095   present: 3908   in FES: 144
** Event #1187072   t=127.464838252756   Elapsed: 54.1982s (0m 54s)  25% completed  (62% total)
     Speed:     ev/sec=22167.7   simsec/sec=2.19558   ev/simsec=10096.5
     Messages:  created: 1019334   present: 4449   in FES: 148
** Event #1224960   t=131.216778351326   Elapsed: 56.1999s (0m 56s)  26% completed  (63% total)
     Speed:     ev/sec=18928.8   simsec/sec=1.87446   ev/simsec=10098.2
     Messages:  created: 1049666   present: 4859   in FES: 136
** Event #1255424   t=134.273724845289   Elapsed: 58.21s (0m 58s)  26% completed  (63% total)
     Speed:     ev/sec=15155.1   simsec/sec=1.52076   ev/simsec=9965.5
     Messages:  created: 1074037   present: 5249   in FES: 143
** Event #1292288   t=138.090962745576   Elapsed: 60.2136s (1m 00s)  27% completed  (63% total)
     Speed:     ev/sec=18398.4   simsec/sec=1.90514   ev/simsec=9657.24
     Messages:  created: 1103545   present: 5827   in FES: 185
** Event #1332736   t=142.127521141826   Elapsed: 62.2332s (1m 02s)  28% completed  (64% total)
     Speed:     ev/sec=20027.7   simsec/sec=1.99869   ev/simsec=10020.4
     Messages:  created: 1135864   present: 6210   in FES: 149
** Event #1372160   t=146.095012949407   Elapsed: 64.2361s (1m 04s)  29% completed  (64% total)
     Speed:     ev/sec=19684.3   simsec/sec=1.98096   ev/simsec=9936.76
     Messages:  created: 1167286   present: 6622   in FES: 124
** Event #1405952   t=149.4757311498   Elapsed: 66.2599s (1m 06s)  29% completed  (64% total)
     Speed:     ev/sec=16697.3   simsec/sec=1.67048   ev/simsec=9995.51
     Messages:  created: 1194323   present: 7073   in FES: 143
** Event #1442816   t=153.155210716613   Elapsed: 68.2822s (1m 08s)  30% completed  (65% total)
     Speed:     ev/sec=18228.4   simsec/sec=1.81942   ev/simsec=10018.8
     Messages:  created: 1223744   present: 7535   in FES: 150
** Event #1482496   t=157.141467096373   Elapsed: 70.2912s (1m 10s)  31% completed  (65% total)
     Speed:     ev/sec=19750.9   simsec/sec=1.98418   ev/simsec=9954.2
     Messages:  created: 1255403   present: 7986   in FES: 140
** Event #1518336   t=161.045964113004   Elapsed: 72.2914s (1m 12s)  32% completed  (66% total)
     Speed:     ev/sec=17918.3   simsec/sec=1.95207   ev/simsec=9179.16
     Messages:  created: 1283857   present: 8477   in FES: 143
** Event #1553664   t=164.241425778913   Elapsed: 74.3084s (1m 14s)  32% completed  (66% total)
     Speed:     ev/sec=17515   simsec/sec=1.58426   ev/simsec=11055.7
     Messages:  created: 1312230   present: 8823   in FES: 136
** Event #1585408   t=167.779918795684   Elapsed: 76.3103s (1m 16s)  33% completed  (66% total)
     Speed:     ev/sec=15856.6   simsec/sec=1.76753   ev/simsec=8971.05
     Messages:  created: 1337505   present: 9211   in FES: 123
** Event #1624320   t=171.479062972928   Elapsed: 78.3262s (1m 18s)  34% completed  (67% total)
     Speed:     ev/sec=19302.6   simsec/sec=1.83499   ev/simsec=10519.2
     Messages:  created: 1369014   present: 9731   in FES: 148
** Event #1665792   t=176.090959352697   Elapsed: 80.329s (1m 20s)  35% completed  (67% total)
     Speed:     ev/sec=20707.6   simsec/sec=2.30279   ev/simsec=8992.4
     Messages:  created: 1403619   present: 10312   in FES: 155
** Event #1715456   t=182.224491118332   Elapsed: 82.3382s (1m 22s)  36% completed  (68% total)
     Speed:     ev/sec=24718   simsec/sec=3.05269   ev/simsec=8097.13
     Messages:  created: 1448287   present: 11013   in FES: 145
** Event #1773568   t=190.045964555345   Elapsed: 84.3391s (1m 24s)  38% completed  (69% total)
     Speed:     ev/sec=29042.7   simsec/sec=3.90895   ev/simsec=7429.8
     Messages:  created: 1500917   present: 11964   in FES: 146
** Event #1832192   t=197.24140239712   Elapsed: 86.3455s (1m 26s)  39% completed  (69% total)
     Speed:     ev/sec=29218.9   simsec/sec=3.58629   ev/simsec=8147.38
     Messages:  created: 1554366   present: 12764   in FES: 129
** Event #1893888   t=205.216673993413   Elapsed: 88.3492s (1m 28s)  41% completed  (70% total)
     Speed:     ev/sec=30791.3   simsec/sec=3.98031   ev/simsec=7735.91
     Messages:  created: 1610486   present: 13785   in FES: 154
** Event #1950208   t=213.020538954634   Elapsed: 90.3523s (1m 30s)  42% completed  (71% total)
     Speed:     ev/sec=28116.8   simsec/sec=3.89595   ev/simsec=7216.94
     Messages:  created: 1661729   present: 14722   in FES: 150
** Event #2012928   t=221.054903014844   Elapsed: 92.3547s (1m 32s)  44% completed  (72% total)
     Speed:     ev/sec=31322.1   simsec/sec=4.01232   ev/simsec=7806.47
     Messages:  created: 1719668   present: 15710   in FES: 153
** Event #2073344   t=229.065794041152   Elapsed: 94.3609s (1m 34s)  45% completed  (72% total)
     Speed:     ev/sec=30114.2   simsec/sec=3.99301   ev/simsec=7541.73
     Messages:  created: 1775145   present: 16653   in FES: 151
** Event #2135040   t=237.127526299201   Elapsed: 96.3668s (1m 36s)  47% completed  (73% total)
     Speed:     ev/sec=30757.5   simsec/sec=4.01903   ev/simsec=7652.95
     Messages:  created: 1831836   present: 17540   in FES: 125
** Event #2196736   t=245.34701592264   Elapsed: 98.3748s (1m 38s)  49% completed  (74% total)
     Speed:     ev/sec=30725.1   simsec/sec=4.09337   ev/simsec=7506.06
     Messages:  created: 1888520   present: 18593   in FES: 154
** Event #2264320   t=254.347089914881   Elapsed: 100.376s (1m 40s)  50% completed  (75% total)
     Speed:     ev/sec=33768.3   simsec/sec=4.49688   ev/simsec=7509.27
     Messages:  created: 1950549   present: 19672   in FES: 146
** Event #2316544   t=261.273695815053   Elapsed: 102.382s (1m 42s)  52% completed  (76% total)
     Speed:     ev/sec=26037.9   simsec/sec=3.45347   ev/simsec=7539.62
     Messages:  created: 1998529   present: 20495   in FES: 145
** Event #2384640   t=270.173060517535   Elapsed: 104.385s (1m 44s)  54% completed  (77% total)
     Speed:     ev/sec=33994.8   simsec/sec=4.44273   ev/simsec=7651.78
     Messages:  created: 2060782   present: 21582   in FES: 151
** Event #2448896   t=278.46889770038   Elapsed: 106.394s (1m 46s)  55% completed  (77% total)
     Speed:     ev/sec=31988.5   simsec/sec=4.12991   ev/simsec=7745.57
     Messages:  created: 2119170   present: 22557   in FES: 144
** Event #2509568   t=286.22333099047   Elapsed: 108.399s (1m 48s)  57% completed  (78% total)
     Speed:     ev/sec=30263.5   simsec/sec=3.86795   ev/simsec=7824.17
     Messages:  created: 2174386   present: 23508   in FES: 151
** Event #2575872   t=295.047797450557   Elapsed: 110.403s (1m 50s)  59% completed  (79% total)
     Speed:     ev/sec=33073.3   simsec/sec=4.40176   ev/simsec=7513.66
     Messages:  created: 2234439   present: 24513   in FES: 129
** Event #2635776   t=299.047794275881   Elapsed: 112.414s (1m 52s)  59% completed  (79% total)
     Speed:     ev/sec=29794.3   simsec/sec=1.98947   ev/simsec=14976
     Messages:  created: 2301834   present: 24943   in FES: 145
** Event #2707200   t=303.041832182872   Elapsed: 114.42s (1m 54s)  60% completed  (80% total)
     Speed:     ev/sec=35610.2   simsec/sec=1.99132   ev/simsec=17882.7
     Messages:  created: 2385056   present: 25284   in FES: 148
** Event #2774272   t=307.002544144281   Elapsed: 116.424s (1m 56s)  61% completed  (80% total)
     Speed:     ev/sec=33457.2   simsec/sec=1.9757   ev/simsec=16934.3
     Messages:  created: 2462597   present: 25600   in FES: 146
** Event #2844416   t=311.227576222335   Elapsed: 118.425s (1m 58s)  62% completed  (81% total)
     Speed:     ev/sec=35068.1   simsec/sec=2.11228   ev/simsec=16602
     Messages:  created: 2541219   present: 25983   in FES: 164
** Event #2908416   t=315.477561127266   Elapsed: 120.432s (2m 00s)  63% completed  (81% total)
     Speed:     ev/sec=31883.9   simsec/sec=2.11728   ev/simsec=15058.9
     Messages:  created: 2613159   present: 26332   in FES: 155
** Event #2970368   t=319.023032641386   Elapsed: 122.529s (2m 02s)  63% completed  (81% total)
     Speed:     ev/sec=29543.2   simsec/sec=1.69074   ev/simsec=17473.6
     Messages:  created: 2684688   present: 26616   in FES: 154
** Event #3026944   t=321.08379485799   Elapsed: 124.532s (2m 04s)  64% completed  (82% total)
     Speed:     ev/sec=28240.7   simsec/sec=1.02866   ev/simsec=27453.9
     Messages:  created: 2750442   present: 26720   in FES: 154
** Event #3077888   t=322.764515954837   Elapsed: 126.539s (2m 06s)  64% completed  (82% total)
     Speed:     ev/sec=25390   simsec/sec=0.837656   ev/simsec=30310.8
     Messages:  created: 2811075   present: 26798   in FES: 157
** Event #3130112   t=324.280142446359   Elapsed: 128.541s (2m 08s)  64% completed  (82% total)
     Speed:     ev/sec=26082.3   simsec/sec=0.756951   ev/simsec=34457
     Messages:  created: 2872151   present: 26804   in FES: 155
** Event #3184896   t=326.054903027377   Elapsed: 130.549s (2m 10s)  65% completed  (82% total)
     Speed:     ev/sec=27287.1   simsec/sec=0.883982   ev/simsec=30868.4
     Messages:  created: 2937814   present: 26947   in FES: 152
** Event #3231488   t=327.473735461645   Elapsed: 132.558s (2m 12s)  65% completed  (82% total)
     Speed:     ev/sec=23183   simsec/sec=0.705974   ev/simsec=32838.3
     Messages:  created: 2991982   present: 26963   in FES: 139
** Event #3292416   t=329.264731381843   Elapsed: 134.561s (2m 14s)  65% completed  (82% total)
     Speed:     ev/sec=30427.5   simsec/sec=0.894426   ev/simsec=34019.1
     Messages:  created: 3064244   present: 27045   in FES: 155
** Event #3347712   t=331.035351942106   Elapsed: 136.563s (2m 16s)  66% completed  (83% total)
     Speed:     ev/sec=27619.8   simsec/sec=0.884408   ev/simsec=31229.7
     Messages:  created: 3131323   present: 27154   in FES: 149
** Event #3405056   t=332.723731207997   Elapsed: 138.566s (2m 18s)  66% completed  (83% total)
     Speed:     ev/sec=28629.2   simsec/sec=0.84293   ev/simsec=33963.9
     Messages:  created: 3198727   present: 27234   in FES: 172
** Event #3452928   t=334.071360894413   Elapsed: 140.573s (2m 20s)  66% completed  (83% total)
     Speed:     ev/sec=23852.1   simsec/sec=0.671454   ev/simsec=35523.1
     Messages:  created: 3255765   present: 27299   in FES: 155
** Event #3504640   t=335.4263725379   Elapsed: 142.577s (2m 22s)  67% completed  (83% total)
     Speed:     ev/sec=25796   simsec/sec=0.675935   ev/simsec=38163.5
     Messages:  created: 3317127   present: 27321   in FES: 139
** Event #3565056   t=336.827315230553   Elapsed: 144.579s (2m 24s)  67% completed  (83% total)
     Speed:     ev/sec=30181.5   simsec/sec=0.699857   ev/simsec=43125.2
     Messages:  created: 3392668   present: 27366   in FES: 131
** Event #3620352   t=338.322863396732   Elapsed: 146.581s (2m 26s)  67% completed  (83% total)
     Speed:     ev/sec=27617.1   simsec/sec=0.746938   ev/simsec=36973.7
     Messages:  created: 3457720   present: 27464   in FES: 174
** Event #3666688   t=339.729493456582   Elapsed: 148.588s (2m 28s)  67% completed  (83% total)
     Speed:     ev/sec=23094.5   simsec/sec=0.701084   ev/simsec=32941.1
     Messages:  created: 3513621   present: 27555   in FES: 164
** Event #3722752   t=341.066901324317   Elapsed: 150.596s (2m 30s)  68% completed  (84% total)
     Speed:     ev/sec=27920.3   simsec/sec=0.666039   ev/simsec=41919.9
     Messages:  created: 3581847   present: 27587   in FES: 154
** Event #3777024   t=342.188631480919   Elapsed: 152.61s (2m 32s)  68% completed  (84% total)
     Speed:     ev/sec=26946.5   simsec/sec=0.556948   ev/simsec=48382.4
     Messages:  created: 3648112   present: 27629   in FES: 156
** Event #3829504   t=343.69147734183   Elapsed: 154.613s (2m 34s)  68% completed  (84% total)
     Speed:     ev/sec=26199   simsec/sec=0.75025   ev/simsec=34920.4
     Messages:  created: 3711474   present: 27753   in FES: 173
** Event #3876096   t=346.395483852831   Elapsed: 156.627s (2m 36s)  69% completed  (84% total)
     Speed:     ev/sec=23133.2   simsec/sec=1.34255   ev/simsec=17230.7
     Messages:  created: 3759957   present: 27989   in FES: 148
** Event #3914240   t=350.155185482834   Elapsed: 158.637s (2m 38s)  70% completed  (85% total)
     Speed:     ev/sec=18974.2   simsec/sec=1.87021   ev/simsec=10145.5
     Messages:  created: 3792095   present: 28429   in FES: 164
** Event #3953408   t=354.093175400387   Elapsed: 160.638s (2m 40s)  70% completed  (85% total)
     Speed:     ev/sec=19577   simsec/sec=1.96829   ev/simsec=9946.19
     Messages:  created: 3824998   present: 28908   in FES: 142
** Event #3992064   t=358.096785164796   Elapsed: 162.639s (2m 42s)  71% completed  (85% total)
     Speed:     ev/sec=19316.7   simsec/sec=2.00063   ev/simsec=9655.29
     Messages:  created: 3856412   present: 29369   in FES: 135
** Event #4032512   t=362.306851975695   Elapsed: 164.655s (2m 44s)  72% completed  (86% total)
     Speed:     ev/sec=20070   simsec/sec=2.08901   ev/simsec=9607.45
     Messages:  created: 3889396   present: 29896   in FES: 154
** Event #4072448   t=366.538495871704   Elapsed: 166.662s (2m 46s)  73% completed  (86% total)
     Speed:     ev/sec=19891.3   simsec/sec=2.1077   ev/simsec=9437.47
     Messages:  created: 3921778   present: 30333   in FES: 123
** Event #4114176   t=371.057265109055   Elapsed: 168.664s (2m 48s)  74% completed  (87% total)
     Speed:     ev/sec=20848.1   simsec/sec=2.25766   ev/simsec=9234.37
     Messages:  created: 3955696   present: 30958   in FES: 154
** Event #4158208   t=375.479035052999   Elapsed: 170.666s (2m 50s)  75% completed  (87% total)
     Speed:     ev/sec=21989.9   simsec/sec=2.20826   ev/simsec=9958
     Messages:  created: 3991711   present: 31483   in FES: 148
** Event #4197888   t=380.047794238534   Elapsed: 172.676s (2m 52s)  76% completed  (88% total)
     Speed:     ev/sec=19741.9   simsec/sec=2.27309   ev/simsec=8685.07
     Messages:  created: 4024480   present: 32049   in FES: 151
** Event #4247552   t=386.049130876481   Elapsed: 174.678s (2m 54s)  77% completed  (88% total)
     Speed:     ev/sec=24810.9   simsec/sec=2.99812   ev/simsec=8275.49
     Messages:  created: 4068026   present: 32754   in FES: 146
** Event #4309504   t=394.090967036761   Elapsed: 176.681s (2m 56s)  78% completed  (89% total)
     Speed:     ev/sec=30932.9   simsec/sec=4.01533   ev/simsec=7703.71
     Messages:  created: 4124983   present: 33825   in FES: 182
** Event #4381184   t=404.021392735743   Elapsed: 178.686s (2m 58s)  80% completed  (90% total)
     Speed:     ev/sec=35742.3   simsec/sec=4.95168   ev/simsec=7218.22
     Messages:  created: 4190508   present: 34902   in FES: 146
** Event #4449280   t=413.036643202444   Elapsed: 180.691s (3m 00s)  82% completed  (91% total)
     Speed:     ev/sec=33972.4   simsec/sec=4.49762   ev/simsec=7553.42
     Messages:  created: 4253070   present: 35995   in FES: 149
** Event #4520960   t=422.087026594221   Elapsed: 182.694s (3m 02s)  84% completed  (92% total)
     Speed:     ev/sec=35776.3   simsec/sec=4.51715   ev/simsec=7920.11
     Messages:  created: 4318667   present: 37073   in FES: 154
** Event #4595968   t=432.035351961978   Elapsed: 184.703s (3m 04s)  86% completed  (93% total)
     Speed:     ev/sec=37340.3   simsec/sec=4.95245   ev/simsec=7539.76
     Messages:  created: 4386718   present: 38269   in FES: 147
** Event #4677632   t=442.155182675152   Elapsed: 186.715s (3m 06s)  88% completed  (94% total)
     Speed:     ev/sec=40581.3   simsec/sec=5.02885   ev/simsec=8069.7
     Messages:  created: 4461223   present: 39494   in FES: 153
** Event #4738560   t=450.087031038541   Elapsed: 188.716s (3m 08s)  90% completed  (95% total)
     Speed:     ev/sec=30458.4   simsec/sec=3.9652   ev/simsec=7681.44
     Messages:  created: 4516506   present: 40450   in FES: 154
** Event #4795392   t=457.141441997749   Elapsed: 190.723s (3m 10s)  91% completed  (95% total)
     Speed:     ev/sec=28306.8   simsec/sec=3.51365   ev/simsec=8056.24
     Messages:  created: 4567608   present: 41292   in FES: 152
** Event #4853504   t=464.468896849968   Elapsed: 192.723s (3m 12s)  92% completed  (96% total)
     Speed:     ev/sec=29055.8   simsec/sec=3.66371   ev/simsec=7930.72
     Messages:  created: 4619707   present: 42152   in FES: 145
** Event #4910592   t=472.02766333553   Elapsed: 194.729s (3m 14s)  94% completed  (97% total)
     Speed:     ev/sec=28470.4   simsec/sec=3.76964   ev/simsec=7552.56
     Messages:  created: 4671659   present: 43013   in FES: 133
** Event #4951552   t=477.04779423463   Elapsed: 196.73s (3m 16s)  95% completed  (97% total)
     Speed:     ev/sec=20459.8   simsec/sec=2.50759   ev/simsec=8159.15
     Messages:  created: 4709303   present: 1450   in FES: 148
** Event #5018880   t=485.468814731952   Elapsed: 198.734s (3m 18s)  97% completed  (98% total)
     Speed:     ev/sec=33610.1   simsec/sec=4.20377   ev/simsec=7995.23
     Messages:  created: 4770617   present: 2440   in FES: 154
** Event #5096192   t=495.273617562023   Elapsed: 200.735s (3m 20s)  99% completed  (99% total)
     Speed:     ev/sec=38624   simsec/sec=4.89835   ev/simsec=7885.12
     Messages:  created: 4840514   present: 3550   in FES: 123
** Event #5129404   t=500   Elapsed: 201.649s (3m 21s)  100% completed  (100% total)
     Speed:     ev/sec=36342.4   simsec/sec=5.17189   ev/simsec=7026.9
     Messages:  created: 4870255   present: 4115   in FES: 122

<!> Simulation time limit reached -- at t=500s, event #5129404
undisposed object: (omnetpp::cMessage) FanetSarNetwork.groundStation.app.debugTimer -- check module destructor
undisposed object: (omnetpp::cMessage) FanetSarNetwork.uav[0].app.debugTimer -- check module destructor
undisposed object: (omnetpp::cMessage) FanetSarNetwork.uav[1].app.debugTimer -- check module destructor
undisposed object: (omnetpp::cMessage) FanetSarNetwork.uav[2].app.debugTimer -- check module destructor
undisposed object: (omnetpp::cMessage) FanetSarNetwork.uav[3].app.debugTimer -- check module destructor
undisposed object: (omnetpp::cMessage) FanetSarNetwork.uav[4].app.debugTimer -- check module destructor
undisposed object: (omnetpp::cMessage) FanetSarNetwork.uav[5].app.debugTimer -- check module destructor
undisposed object: (omnetpp::cMessage) FanetSarNetwork.uav[6].app.debugTimer -- check module destructor
undisposed object: (omnetpp::cMessage) FanetSarNetwork.uav[7].app.debugTimer -- check module destructor
undisposed object: (omnetpp::cMessage) FanetSarNetwork.uav[8].app.debugTimer -- check module destructor
undisposed object: (omnetpp::cMessage) FanetSarNetwork.uav[9].app.debugTimer -- check module destructor
undisposed object: (omnetpp::cMessage) FanetSarNetwork.uav[10].app.debugTimer -- check module destructor
undisposed object: (omnetpp::cMessage) FanetSarNetwork.uav[11].app.debugTimer -- check module destructor
undisposed object: (omnetpp::cMessage) FanetSarNetwork.uav[12].app.debugTimer -- check module destructor
undisposed object: (omnetpp::cMessage) FanetSarNetwork.uav[13].app.debugTimer -- check module destructor
undisposed object: (omnetpp::cMessage) FanetSarNetwork.uav[14].app.debugTimer -- check module destructor
undisposed object: (omnetpp::cMessage) FanetSarNetwork.uav[15].app.debugTimer -- check module destructor
undisposed object: (omnetpp::cMessage) FanetSarNetwork.uav[16].app.debugTimer -- check module destructor
undisposed object: (omnetpp::cMessage) FanetSarNetwork.uav[17].app.debugTimer -- check module destructor
undisposed object: (omnetpp::cMessage) FanetSarNetwork.uav[18].app.debugTimer -- check module destructor
undisposed object: (omnetpp::cMessage) FanetSarNetwork.uav[19].app.debugTimer -- check module destructor
undisposed object: (omnetpp::cMessage) FanetSarNetwork.uav[20].app.debugTimer -- check module destructor
undisposed object: (omnetpp::cMessage) FanetSarNetwork.uav[21].app.debugTimer -- check module destructor
undisposed object: (omnetpp::cMessage) FanetSarNetwork.uav[22].app.debugTimer -- check module destructor
undisposed object: (omnetpp::cMessage) FanetSarNetwork.uav[23].app.debugTimer -- check module destructor
undisposed object: (omnetpp::cMessage) FanetSarNetwork.uav[24].app.debugTimer -- check module destructor
undisposed object: (omnetpp::cMessage) FanetSarNetwork.uav[25].app.debugTimer -- check module destructor
undisposed object: (omnetpp::cMessage) FanetSarNetwork.uav[26].app.debugTimer -- check module destructor
undisposed object: (omnetpp::cMessage) FanetSarNetwork.uav[27].app.debugTimer -- check module destructor
undisposed object: (omnetpp::cMessage) FanetSarNetwork.uav[28].app.debugTimer -- check module destructor
undisposed object: (omnetpp::cMessage) FanetSarNetwork.uav[29].app.debugTimer -- check module destructor
