** Event #0   t=0   Elapsed: 6e-06s (0m 00s)  0% completed  (50% total)
     Speed:     ev/sec=0   simsec/sec=0   ev/simsec=0
     Messages:  created: 418   present: 418   in FES: 66
** Event #72192   t=58.11478964154   Elapsed: 2.00652s (0m 02s)  11% completed  (55% total)
     Speed:     ev/sec=35979.3   simsec/sec=28.9631   ev/simsec=1242.25
     Messages:  created: 55009   present: 424   in FES: 54
** Event #141824   t=102.058689046935   Elapsed: 4.00962s (0m 04s)  20% completed  (60% total)
     Speed:     ev/sec=34762   simsec/sec=21.9379   ev/simsec=1584.57
     Messages:  created: 114591   present: 482   in FES: 56
** Event #210176   t=142.039733832002   Elapsed: 6.01241s (0m 06s)  28% completed  (64% total)
     Speed:     ev/sec=34128.5   simsec/sec=19.9627   ev/simsec=1709.61
     Messages:  created: 170476   present: 1963   in FES: 45
** Event #277248   t=168.236091121928   Elapsed: 8.01687s (0m 08s)  33% completed  (66% total)
     Speed:     ev/sec=33461.3   simsec/sec=13.069   ev/simsec=2560.36
     Messages:  created: 236706   present: 2704   in FES: 54
** Event #346368   t=194.198356363071   Elapsed: 10.0195s (0m 10s)  38% completed  (69% total)
     Speed:     ev/sec=34514.2   simsec/sec=12.9639   ev/simsec=2662.33
     Messages:  created: 305734   present: 3466   in FES: 53
** Event #407040   t=244.053939736517   Elapsed: 12.0204s (0m 12s)  48% completed  (74% total)
     Speed:     ev/sec=30323.1   simsec/sec=24.9172   ev/simsec=1216.95
     Messages:  created: 351788   present: 5439   in FES: 46
** Event #472832   t=281.001199795507   Elapsed: 14.0287s (0m 14s)  56% completed  (78% total)
     Speed:     ev/sec=32759.4   simsec/sec=18.3969   ev/simsec=1780.7
     Messages:  created: 411678   present: 6799   in FES: 55
** Event #530688   t=291.194032986883   Elapsed: 16.0364s (0m 16s)  58% completed  (79% total)
     Speed:     ev/sec=28818   simsec/sec=5.07704   ev/simsec=5676.15
     Messages:  created: 473869   present: 6830   in FES: 43
** Event #590848   t=301.143954660302   Elapsed: 18.0387s (0m 18s)  60% completed  (80% total)
     Speed:     ev/sec=30044.5   simsec/sec=4.96909   ev/simsec=6046.28
     Messages:  created: 539017   present: 6939   in FES: 55
** Event #654336   t=329.06857606282   Elapsed: 20.0434s (0m 20s)  65% completed  (82% total)
     Speed:     ev/sec=31669.4   simsec/sec=13.9295   ev/simsec=2273.55
     Messages:  created: 597524   present: 7716   in FES: 51
** Event #725504   t=358.221796649795   Elapsed: 22.0463s (0m 22s)  71% completed  (85% total)
     Speed:     ev/sec=35532.1   simsec/sec=14.5554   ev/simsec=2441.17
     Messages:  created: 663132   present: 8527   in FES: 49
** Event #794368   t=391.053882568209   Elapsed: 24.0481s (0m 24s)  78% completed  (89% total)
     Speed:     ev/sec=34401.1   simsec/sec=16.4013   ev/simsec=2097.46
     Messages:  created: 724173   present: 9613   in FES: 54
** Event #866304   t=447.423158611766   Elapsed: 26.0484s (0m 26s)  89% completed  (94% total)
     Speed:     ev/sec=35963.8   simsec/sec=28.1814   ev/simsec=1276.16
     Messages:  created: 777808   present: 11870   in FES: 54
** Event #928768   t=496.020447599425   Elapsed: 28.0488s (0m 28s)  99% completed  (99% total)
     Speed:     ev/sec=31225.6   simsec/sec=24.2937   ev/simsec=1285.34
     Messages:  created: 823944   present: 4215   in FES: 54
** Event #933769   t=500   Elapsed: 28.1678s (0m 28s)  100% completed  (100% total)
     Speed:     ev/sec=42001.6   simsec/sec=33.4215   ev/simsec=1256.73
     Messages:  created: 827605   present: 4343   in FES: 42

<!> Simulation time limit reached -- at t=500s, event #933769
undisposed object: (omnetpp::cMessage) FanetSarNetwork.groundStation.app.debugTimer -- check module destructor
undisposed object: (omnetpp::cMessage) FanetSarNetwork.uav[0].app.debugTimer -- check module destructor
undisposed object: (omnetpp::cMessage) FanetSarNetwork.uav[1].app.debugTimer -- check module destructor
undisposed object: (omnetpp::cMessage) FanetSarNetwork.uav[2].app.debugTimer -- check module destructor
undisposed object: (omnetpp::cMessage) FanetSarNetwork.uav[3].app.debugTimer -- check module destructor
undisposed object: (omnetpp::cMessage) FanetSarNetwork.uav[4].app.debugTimer -- check module destructor
undisposed object: (omnetpp::cMessage) FanetSarNetwork.uav[5].app.debugTimer -- check module destructor
undisposed object: (omnetpp::cMessage) FanetSarNetwork.uav[6].app.debugTimer -- check module destructor
undisposed object: (omnetpp::cMessage) FanetSarNetwork.uav[7].app.debugTimer -- check module destructor
undisposed object: (omnetpp::cMessage) FanetSarNetwork.uav[8].app.debugTimer -- check module destructor
undisposed object: (omnetpp::cMessage) FanetSarNetwork.uav[9].app.debugTimer -- check module destructor
