** Event #0   t=0   Elapsed: 9e-06s (0m 00s)  0% completed  (50% total)
     Speed:     ev/sec=0   simsec/sec=0   ev/simsec=0
     Messages:  created: 1178   present: 1178   in FES: 186
** Event #44800   t=5.195789913782   Elapsed: 2.0052s (0m 02s)  1% completed  (50% total)
     Speed:     ev/sec=22342.5   simsec/sec=2.59117   ev/simsec=8622.56
     Messages:  created: 38018   present: 1208   in FES: 153
** Event #82432   t=10.012959483234   Elapsed: 4.01045s (0m 04s)  2% completed  (51% total)
     Speed:     ev/sec=18766.7   simsec/sec=2.40228   ev/simsec=7812.06
     Messages:  created: 70758   present: 1174   in FES: 139
** Event #116736   t=13.095657216024   Elapsed: 6.01071s (0m 06s)  2% completed  (51% total)
     Speed:     ev/sec=17149.8   simsec/sec=1.54115   ev/simsec=11127.9
     Messages:  created: 98558   present: 1149   in FES: 132
** Event #148992   t=16.2   Elapsed: 8.01459s (0m 08s)  3% completed  (51% total)
     Speed:     ev/sec=16096.8   simsec/sec=1.54917   ev/simsec=10390.6
     Messages:  created: 124252   present: 1120   in FES: 123
** Event #179712   t=19.097106511908   Elapsed: 10.0169s (0m 10s)  3% completed  (51% total)
     Speed:     ev/sec=15342.2   simsec/sec=1.44687   ev/simsec=10603.7
     Messages:  created: 148102   present: 1208   in FES: 151
** Event #205312   t=21.198066729965   Elapsed: 12.0522s (0m 12s)  4% completed  (52% total)
     Speed:     ev/sec=12578.2   simsec/sec=1.03227   ev/simsec=12184.9
     Messages:  created: 167016   present: 1145   in FES: 132
** Event #229120   t=23.128092021028   Elapsed: 14.0645s (0m 14s)  4% completed  (52% total)
     Speed:     ev/sec=11831.2   simsec/sec=0.95911   ev/simsec=12335.6
     Messages:  created: 184244   present: 1202   in FES: 151
** Event #249088   t=25.029866525133   Elapsed: 16.0869s (0m 16s)  5% completed  (52% total)
     Speed:     ev/sec=9873.32   simsec/sec=0.940346   ev/simsec=10499.7
     Messages:  created: 198310   present: 1126   in FES: 125
** Event #271104   t=26.344503269684   Elapsed: 18.1275s (0m 18s)  5% completed  (52% total)
     Speed:     ev/sec=10789.1   simsec/sec=0.644245   ev/simsec=16746.8
     Messages:  created: 214020   present: 1145   in FES: 132
** Event #291840   t=28.066597217194   Elapsed: 20.1313s (0m 20s)  5% completed  (52% total)
     Speed:     ev/sec=10348.1   simsec/sec=0.859397   ev/simsec=12041.2
     Messages:  created: 228554   present: 1143   in FES: 130
** Event #311296   t=29.386279377039   Elapsed: 22.1567s (0m 22s)  5% completed  (52% total)
     Speed:     ev/sec=9606.08   simsec/sec=0.651572   ev/simsec=14742.9
     Messages:  created: 242289   present: 1117   in FES: 123
** Event #331776   t=31.066656097464   Elapsed: 24.1591s (0m 24s)  6% completed  (53% total)
     Speed:     ev/sec=10227.8   simsec/sec=0.839188   ev/simsec=12187.7
     Messages:  created: 256674   present: 1197   in FES: 148
** Event #352256   t=32.42030479268   Elapsed: 26.1839s (0m 26s)  6% completed  (53% total)
     Speed:     ev/sec=10114.5   simsec/sec=0.668528   ev/simsec=15129.5
     Messages:  created: 271156   present: 1191   in FES: 148
** Event #376576   t=34.257432433337   Elapsed: 28.1951s (0m 28s)  6% completed  (53% total)
     Speed:     ev/sec=12092.6   simsec/sec=0.913471   ev/simsec=13238.1
     Messages:  created: 288248   present: 1128   in FES: 127
** Event #397824   t=36.065866778299   Elapsed: 30.2006s (0m 30s)  7% completed  (53% total)
     Speed:     ev/sec=10594.8   simsec/sec=0.901736   ev/simsec=11749.4
     Messages:  created: 303188   present: 1175   in FES: 142
** Event #417792   t=37.396336897044   Elapsed: 32.2049s (0m 32s)  7% completed  (53% total)
     Speed:     ev/sec=9962.53   simsec/sec=0.663805   ev/simsec=15008.2
     Messages:  created: 317393   present: 1121   in FES: 124
** Event #440832   t=39.186634062816   Elapsed: 34.2245s (0m 34s)  7% completed  (53% total)
     Speed:     ev/sec=11408   simsec/sec=0.886446   ev/simsec=12869.4
     Messages:  created: 333922   present: 1122   in FES: 125
** Event #464384   t=41.127962270398   Elapsed: 36.2489s (0m 36s)  8% completed  (54% total)
     Speed:     ev/sec=11634.4   simsec/sec=0.958996   ev/simsec=12131.9
     Messages:  created: 351173   present: 1192   in FES: 154
** Event #485120   t=43.064270483419   Elapsed: 38.251s (0m 38s)  8% completed  (54% total)
     Speed:     ev/sec=10356.9   simsec/sec=0.967114   ev/simsec=10709
     Messages:  created: 366358   present: 1140   in FES: 131
** Event #510720   t=45.172692418898   Elapsed: 40.2748s (0m 40s)  9% completed  (54% total)
     Speed:     ev/sec=12649.6   simsec/sec=1.04183   ev/simsec=12141.8
     Messages:  created: 386094   present: 1164   in FES: 139
** Event #539648   t=48.172564269715   Elapsed: 42.2931s (0m 42s)  9% completed  (54% total)
     Speed:     ev/sec=14332.7   simsec/sec=1.48632   ev/simsec=9643.08
     Messages:  created: 409739   present: 1206   in FES: 154
** Event #577792   t=52.198057241588   Elapsed: 44.3154s (0m 44s)  10% completed  (55% total)
     Speed:     ev/sec=18861.3   simsec/sec=1.99051   ev/simsec=9475.61
     Messages:  created: 441112   present: 1177   in FES: 142
** Event #616704   t=56.386385529276   Elapsed: 46.3258s (0m 46s)  11% completed  (55% total)
     Speed:     ev/sec=19355.4   simsec/sec=2.08334   ev/simsec=9290.58
     Messages:  created: 473174   present: 1187   in FES: 146
** Event #656640   t=61.025591488043   Elapsed: 48.3313s (0m 48s)  12% completed  (56% total)
     Speed:     ev/sec=19913.5   simsec/sec=2.31327   ev/simsec=8608.37
     Messages:  created: 505919   present: 1117   in FES: 123
** Event #698112   t=65.092362030144   Elapsed: 50.3315s (0m 50s)  13% completed  (56% total)
     Speed:     ev/sec=20734.3   simsec/sec=2.03322   ev/simsec=10197.8
     Messages:  created: 540245   present: 1198   in FES: 154
** Event #737792   t=69.198058078805   Elapsed: 52.3526s (0m 52s)  13% completed  (56% total)
     Speed:     ev/sec=19632.5   simsec/sec=2.03138   ev/simsec=9664.62
     Messages:  created: 573036   present: 1184   in FES: 145
** Event #779264   t=73.452382362175   Elapsed: 54.3663s (0m 54s)  14% completed  (57% total)
     Speed:     ev/sec=20595.1   simsec/sec=2.11271   ev/simsec=9748.2
     Messages:  created: 606780   present: 1141   in FES: 130
** Event #809472   t=76.32481104638   Elapsed: 56.3762s (0m 56s)  15% completed  (57% total)
     Speed:     ev/sec=15029.2   simsec/sec=1.4291   ev/simsec=10516.5
     Messages:  created: 630286   present: 1190   in FES: 147
** Event #837120   t=79.06631144266   Elapsed: 58.3811s (0m 58s)  15% completed  (57% total)
     Speed:     ev/sec=13790.8   simsec/sec=1.36745   ev/simsec=10085
     Messages:  created: 651770   present: 1210   in FES: 153
** Event #867584   t=82.075586709739   Elapsed: 60.387s (1m 00s)  16% completed  (58% total)
     Speed:     ev/sec=15187.2   simsec/sec=1.50021   ev/simsec=10123.4
     Messages:  created: 676426   present: 1176   in FES: 139
** Event #909056   t=86.386381431667   Elapsed: 62.3927s (1m 02s)  17% completed  (58% total)
     Speed:     ev/sec=20676.4   simsec/sec=2.14921   ev/simsec=9620.5
     Messages:  created: 710928   present: 1203   in FES: 152
** Event #954368   t=91.197951968528   Elapsed: 64.3938s (1m 04s)  18% completed  (59% total)
     Speed:     ev/sec=22643.9   simsec/sec=2.4045   ev/simsec=9417.3
     Messages:  created: 748710   present: 1197   in FES: 154
** Event #995584   t=96.012958226648   Elapsed: 66.4079s (1m 06s)  19% completed  (59% total)
     Speed:     ev/sec=20463.3   simsec/sec=2.3906   ev/simsec=8559.91
     Messages:  created: 782836   present: 1198   in FES: 147
** Event #1046016   t=100.854609697298   Elapsed: 68.4167s (1m 08s)  20% completed  (60% total)
     Speed:     ev/sec=25106.1   simsec/sec=2.41027   ev/simsec=10416.3
     Messages:  created: 827173   present: 1256   in FES: 171
** Event #1103616   t=103.257407585478   Elapsed: 70.4233s (1m 10s)  20% completed  (60% total)
     Speed:     ev/sec=28704.6   simsec/sec=1.19742   ev/simsec=23972.1
     Messages:  created: 891310   present: 1401   in FES: 152
** Event #1164544   t=106.038353374637   Elapsed: 72.424s (1m 12s)  21% completed  (60% total)
     Speed:     ev/sec=30454.3   simsec/sec=1.39003   ev/simsec=21909.1
     Messages:  created: 961081   present: 1623   in FES: 143
** Event #1223936   t=108.386891587989   Elapsed: 74.4366s (1m 14s)  21% completed  (60% total)
     Speed:     ev/sec=29510.6   simsec/sec=1.16694   ev/simsec=25288.9
     Messages:  created: 1028223   present: 1822   in FES: 153
** Event #1276928   t=110.792519050446   Elapsed: 76.4372s (1m 16s)  22% completed  (61% total)
     Speed:     ev/sec=26487.9   simsec/sec=1.20245   ev/simsec=22028.3
     Messages:  created: 1089095   present: 1988   in FES: 155
** Event #1327872   t=113.235826108301   Elapsed: 78.442s (1m 18s)  22% completed  (61% total)
     Speed:     ev/sec=25410.7   simsec/sec=1.21871   ev/simsec=20850.4
     Messages:  created: 1144251   present: 2190   in FES: 147
** Event #1362176   t=117.047920680213   Elapsed: 80.4444s (1m 20s)  23% completed  (61% total)
     Speed:     ev/sec=17131.5   simsec/sec=1.90377   ev/simsec=8998.73
     Messages:  created: 1172082   present: 2660   in FES: 140
** Event #1409280   t=122.073434780862   Elapsed: 82.445s (1m 22s)  24% completed  (62% total)
     Speed:     ev/sec=23544.8   simsec/sec=2.51199   ev/simsec=9372.97
     Messages:  created: 1211259   present: 3294   in FES: 151
** Event #1462016   t=128.333294128999   Elapsed: 84.4454s (1m 24s)  25% completed  (62% total)
     Speed:     ev/sec=26363.1   simsec/sec=3.12934   ev/simsec=8424.47
     Messages:  created: 1257592   present: 3957   in FES: 124
** Event #1525504   t=136.476635776693   Elapsed: 86.4546s (1m 26s)  27% completed  (63% total)
     Speed:     ev/sec=31598.5   simsec/sec=4.05301   ev/simsec=7796.31
     Messages:  created: 1315274   present: 4929   in FES: 123
** Event #1583104   t=144.065866401981   Elapsed: 88.4554s (1m 28s)  28% completed  (64% total)
     Speed:     ev/sec=28788.7   simsec/sec=3.79313   ev/simsec=7589.7
     Messages:  created: 1367534   present: 5907   in FES: 145
** Event #1642752   t=152.003605329608   Elapsed: 90.4584s (1m 30s)  30% completed  (65% total)
     Speed:     ev/sec=29779.1   simsec/sec=3.96289   ev/simsec=7514.48
     Messages:  created: 1421630   present: 6870   in FES: 148
** Event #1700864   t=159.092007962936   Elapsed: 92.4654s (1m 32s)  31% completed  (65% total)
     Speed:     ev/sec=28954.4   simsec/sec=3.5318   ev/simsec=8198.18
     Messages:  created: 1474631   present: 7723   in FES: 148
** Event #1751040   t=165.497689848077   Elapsed: 94.4665s (1m 34s)  33% completed  (66% total)
     Speed:     ev/sec=25073.6   simsec/sec=3.20101   ev/simsec=7833.05
     Messages:  created: 1520245   present: 8423   in FES: 126
** Event #1810176   t=173.120241612312   Elapsed: 96.4704s (1m 36s)  34% completed  (67% total)
     Speed:     ev/sec=29511.5   simsec/sec=3.80399   ev/simsec=7758.03
     Messages:  created: 1573976   present: 9331   in FES: 123
** Event #1867776   t=180.699846999496   Elapsed: 98.4729s (1m 38s)  36% completed  (68% total)
     Speed:     ev/sec=28764   simsec/sec=3.78507   ev/simsec=7599.34
     Messages:  created: 1626228   present: 10235   in FES: 122
** Event #1925376   t=188.066515600618   Elapsed: 100.477s (1m 40s)  37% completed  (68% total)
     Speed:     ev/sec=28741.2   simsec/sec=3.67581   ev/simsec=7819
     Messages:  created: 1678582   present: 11145   in FES: 129
** Event #1984768   t=196.003605301468   Elapsed: 102.481s (1m 42s)  39% completed  (69% total)
     Speed:     ev/sec=29639.9   simsec/sec=3.96104   ev/simsec=7482.84
     Messages:  created: 1732448   present: 12147   in FES: 147
** Event #2048768   t=204.046667422846   Elapsed: 104.482s (1m 44s)  40% completed  (70% total)
     Speed:     ev/sec=31973.8   simsec/sec=4.01824   ev/simsec=7957.17
     Messages:  created: 1790682   present: 13090   in FES: 138
** Event #2112000   t=212.068500459372   Elapsed: 106.483s (1m 46s)  42% completed  (71% total)
     Speed:     ev/sec=31600   simsec/sec=4.00889   ev/simsec=7882.49
     Messages:  created: 1848224   present: 14085   in FES: 149
** Event #2181632   t=221.065866408991   Elapsed: 108.485s (1m 48s)  44% completed  (72% total)
     Speed:     ev/sec=34788.6   simsec/sec=4.49514   ev/simsec=7739.15
     Messages:  created: 1911464   present: 15144   in FES: 144
** Event #2243584   t=229.049150112356   Elapsed: 110.489s (1m 50s)  45% completed  (72% total)
     Speed:     ev/sec=30918.2   simsec/sec=3.98419   ev/simsec=7760.22
     Messages:  created: 1967761   present: 16105   in FES: 141
** Event #2304256   t=237.028567369616   Elapsed: 112.491s (1m 52s)  47% completed  (73% total)
     Speed:     ev/sec=30296.9   simsec/sec=3.98457   ev/simsec=7603.56
     Messages:  created: 2022865   present: 17078   in FES: 165
** Event #2379008   t=246.321596887482   Elapsed: 114.493s (1m 54s)  49% completed  (74% total)
     Speed:     ev/sec=37339.2   simsec/sec=4.64194   ev/simsec=8043.88
     Messages:  created: 2090948   present: 18178   in FES: 146
** Event #2435840   t=254.008724853984   Elapsed: 116.641s (1m 56s)  50% completed  (75% total)
     Speed:     ev/sec=26467   simsec/sec=3.57995   ev/simsec=7393.14
     Messages:  created: 2142397   present: 19125   in FES: 154
** Event #2494464   t=261.084146051952   Elapsed: 118.648s (1m 58s)  52% completed  (76% total)
     Speed:     ev/sec=29210.1   simsec/sec=3.52541   ev/simsec=8285.58
     Messages:  created: 2195406   present: 19974   in FES: 150
** Event #2536448   t=266.012958055474   Elapsed: 120.648s (2m 00s)  53% completed  (76% total)
     Speed:     ev/sec=20990   simsec/sec=2.46417   ev/simsec=8518.08
     Messages:  created: 2230306   present: 20570   in FES: 152
** Event #2580736   t=270.326820831919   Elapsed: 122.66s (2m 02s)  54% completed  (77% total)
     Speed:     ev/sec=22010.5   simsec/sec=2.14393   ev/simsec=10266.4
     Messages:  created: 2266683   present: 21072   in FES: 149
** Event #2630400   t=276.066653436325   Elapsed: 124.668s (2m 04s)  55% completed  (77% total)
     Speed:     ev/sec=24728.1   simsec/sec=2.85791   ev/simsec=8652.52
     Messages:  created: 2308650   present: 21745   in FES: 143
** Event #2682112   t=281.195791249422   Elapsed: 126.67s (2m 06s)  56% completed  (78% total)
     Speed:     ev/sec=25829.4   simsec/sec=2.56193   ev/simsec=10082
     Messages:  created: 2350354   present: 22339   in FES: 137
** Event #2732288   t=286.257305991169   Elapsed: 128.678s (2m 08s)  57% completed  (78% total)
     Speed:     ev/sec=24990.4   simsec/sec=2.52091   ev/simsec=9913.24
     Messages:  created: 2390390   present: 22980   in FES: 154
** Event #2777856   t=291.047824943666   Elapsed: 130.68s (2m 10s)  58% completed  (79% total)
     Speed:     ev/sec=22766.1   simsec/sec=2.39338   ev/simsec=9512.12
     Messages:  created: 2426478   present: 23518   in FES: 134
** Event #2831616   t=294.049603920905   Elapsed: 132.684s (2m 12s)  58% completed  (79% total)
     Speed:     ev/sec=26826.5   simsec/sec=1.4979   ev/simsec=17909.4
     Messages:  created: 2482065   present: 23856   in FES: 154
** Event #2895616   t=295.855272907899   Elapsed: 134.686s (2m 14s)  59% completed  (79% total)
     Speed:     ev/sec=31966.5   simsec/sec=0.901889   ev/simsec=35443.9
     Messages:  created: 2558556   present: 23947   in FES: 164
** Event #2958848   t=297.599567706472   Elapsed: 136.692s (2m 16s)  59% completed  (79% total)
     Speed:     ev/sec=31522.8   simsec/sec=0.869575   ev/simsec=36250.8
     Messages:  created: 2632378   present: 23938   in FES: 154
** Event #3026176   t=299.51842256518   Elapsed: 138.696s (2m 18s)  59% completed  (79% total)
     Speed:     ev/sec=33590.4   simsec/sec=0.957328   ev/simsec=35087.6
     Messages:  created: 2711582   present: 24010   in FES: 156
** Event #3103744   t=301.808646075419   Elapsed: 140.698s (2m 20s)  60% completed  (80% total)
     Speed:     ev/sec=38737.4   simsec/sec=1.14374   ev/simsec=33869.2
     Messages:  created: 2804332   present: 24089   in FES: 135
** Event #3175936   t=304.038365837133   Elapsed: 142.705s (2m 22s)  60% completed  (80% total)
     Speed:     ev/sec=35985.4   simsec/sec=1.11144   ev/simsec=32377.2
     Messages:  created: 2889099   present: 24169   in FES: 133
** Event #3246336   t=306.39644353539   Elapsed: 144.721s (2m 24s)  61% completed  (80% total)
     Speed:     ev/sec=34918.8   simsec/sec=1.16962   ev/simsec=29854.8
     Messages:  created: 2968888   present: 24270   in FES: 141
** Event #3318016   t=309.046667655347   Elapsed: 146.725s (2m 26s)  61% completed  (80% total)
     Speed:     ev/sec=35762.6   simsec/sec=1.32225   ev/simsec=27046.8
     Messages:  created: 3051805   present: 24330   in FES: 126
** Event #3391232   t=311.40164548358   Elapsed: 148.737s (2m 28s)  62% completed  (81% total)
     Speed:     ev/sec=36400   simsec/sec=1.1708   ev/simsec=31089.9
     Messages:  created: 3135218   present: 24437   in FES: 136
** Event #3475968   t=312.747731143969   Elapsed: 150.739s (2m 30s)  62% completed  (81% total)
     Speed:     ev/sec=42313.8   simsec/sec=0.672181   ev/simsec=62949.9
     Messages:  created: 3243906   present: 24590   in FES: 175
** Event #3564032   t=313.087100989945   Elapsed: 152.743s (2m 32s)  62% completed  (81% total)
     Speed:     ev/sec=43951.5   simsec/sec=0.169375   ev/simsec=259493
     Messages:  created: 3361741   present: 24523   in FES: 149
** Event #3638016   t=313.347242757085   Elapsed: 154.745s (2m 34s)  62% completed  (81% total)
     Speed:     ev/sec=36956.5   simsec/sec=0.129946   ev/simsec=284399
     Messages:  created: 3461919   present: 24592   in FES: 156
** Event #3726592   t=314.180905217617   Elapsed: 156.746s (2m 36s)  62% completed  (81% total)
     Speed:     ev/sec=44250.1   simsec/sec=0.416474   ev/simsec=106249
     Messages:  created: 3578278   present: 24654   in FES: 155
** Event #3795456   t=314.831656930968   Elapsed: 158.747s (2m 38s)  62% completed  (81% total)
     Speed:     ev/sec=34424.9   simsec/sec=0.325308   ev/simsec=105822
     Messages:  created: 3670302   present: 24528   in FES: 125
** Event #3871232   t=316.921817855616   Elapsed: 160.75s (2m 40s)  63% completed  (81% total)
     Speed:     ev/sec=37821.6   simsec/sec=1.04325   ev/simsec=36253.7
     Messages:  created: 3760613   present: 24627   in FES: 132
** Event #3936512   t=318.751097583678   Elapsed: 162.754s (2m 42s)  63% completed  (81% total)
     Speed:     ev/sec=32583.1   simsec/sec=0.913045   ev/simsec=35686.2
     Messages:  created: 3837029   present: 24665   in FES: 124
** Event #4009216   t=320.834145051672   Elapsed: 164.758s (2m 44s)  64% completed  (82% total)
     Speed:     ev/sec=36279.9   simsec/sec=1.03946   ev/simsec=34902.7
     Messages:  created: 3923044   present: 24827   in FES: 154
** Event #4083456   t=322.742255202676   Elapsed: 166.763s (2m 46s)  64% completed  (82% total)
     Speed:     ev/sec=37030.1   simsec/sec=0.951744   ev/simsec=38907.6
     Messages:  created: 4010832   present: 24814   in FES: 125
** Event #4163328   t=324.970543689725   Elapsed: 168.767s (2m 48s)  64% completed  (82% total)
     Speed:     ev/sec=39857.9   simsec/sec=1.11197   ev/simsec=35844.6
     Messages:  created: 4106618   present: 24972   in FES: 175
** Event #4236800   t=327.009055105298   Elapsed: 170.768s (2m 50s)  65% completed  (82% total)
     Speed:     ev/sec=36706.9   simsec/sec=1.01845   ev/simsec=36042
     Messages:  created: 4193947   present: 25016   in FES: 138
** Event #4323584   t=329.15718098285   Elapsed: 172.773s (2m 52s)  65% completed  (82% total)
     Speed:     ev/sec=43286.4   simsec/sec=1.07145   ev/simsec=40399.9
     Messages:  created: 4299241   present: 25110   in FES: 151
** Event #4413952   t=331.768422147383   Elapsed: 174.777s (2m 54s)  66% completed  (83% total)
     Speed:     ev/sec=45096.2   simsec/sec=1.30308   ev/simsec=34607.3
     Messages:  created: 4410245   present: 25225   in FES: 155
** Event #4503808   t=337.333516196295   Elapsed: 176.779s (2m 56s)  67% completed  (83% total)
     Speed:     ev/sec=44872.9   simsec/sec=2.77914   ev/simsec=16146.4
     Messages:  created: 4511240   present: 25668   in FES: 155
** Event #4601856   t=343.105365732304   Elapsed: 178.784s (2m 58s)  68% completed  (84% total)
     Speed:     ev/sec=48919.7   simsec/sec=2.87979   ev/simsec=16987.3
     Messages:  created: 4623157   present: 26095   in FES: 154
** Event #4703744   t=347.092415152679   Elapsed: 180.784s (3m 00s)  69% completed  (84% total)
     Speed:     ev/sec=50922.2   simsec/sec=1.99267   ev/simsec=25554.7
     Messages:  created: 4746648   present: 26407   in FES: 146
** Event #4775168   t=355.172648785897   Elapsed: 182.79s (3m 02s)  71% completed  (85% total)
     Speed:     ev/sec=35609.7   simsec/sec=4.02854   ev/simsec=8839.35
     Messages:  created: 4815118   present: 27272   in FES: 125
** Event #4857856   t=366.048835216474   Elapsed: 184.791s (3m 04s)  73% completed  (86% total)
     Speed:     ev/sec=41333.4   simsec/sec=5.4367   ev/simsec=7602.66
     Messages:  created: 4890189   present: 28665   in FES: 154
** Event #4940800   t=376.497684685383   Elapsed: 186.793s (3m 06s)  75% completed  (87% total)
     Speed:     ev/sec=41425.4   simsec/sec=5.21855   ev/simsec=7938.1
     Messages:  created: 4965669   present: 29909   in FES: 152
** Event #5026304   t=387.497684694726   Elapsed: 188.793s (3m 08s)  77% completed  (88% total)
     Speed:     ev/sec=42745.8   simsec/sec=5.4992   ev/simsec=7773.09
     Messages:  created: 5043373   present: 31228   in FES: 151
** Event #5115648   t=399.079928680635   Elapsed: 190.797s (3m 10s)  79% completed  (89% total)
     Speed:     ev/sec=44597   simsec/sec=5.7814   ev/simsec=7713.88
     Messages:  created: 5124409   present: 32612   in FES: 149
** Event #5173760   t=406.073437035786   Elapsed: 192.802s (3m 12s)  81% completed  (90% total)
     Speed:     ev/sec=28976.2   simsec/sec=3.48715   ev/simsec=8309.42
     Messages:  created: 5175208   present: 33435   in FES: 142
** Event #5226752   t=412.000061839051   Elapsed: 194.805s (3m 14s)  82% completed  (91% total)
     Speed:     ev/sec=26456.2   simsec/sec=2.95886   ev/simsec=8941.35
     Messages:  created: 5218507   present: 34124   in FES: 137
** Event #5271296   t=416.013127220998   Elapsed: 196.822s (3m 16s)  83% completed  (91% total)
     Speed:     ev/sec=22088.2   simsec/sec=1.98997   ev/simsec=11099.7
     Messages:  created: 5252438   present: 34622   in FES: 142
** Event #5306368   t=419.025645531948   Elapsed: 198.826s (3m 18s)  83% completed  (91% total)
     Speed:     ev/sec=17503.6   simsec/sec=1.50347   ev/simsec=11642.1
     Messages:  created: 5278538   present: 35015   in FES: 153
** Event #5345536   t=422.068501051835   Elapsed: 200.832s (3m 20s)  84% completed  (92% total)
     Speed:     ev/sec=19515.8   simsec/sec=1.51613   ev/simsec=12872.1
     Messages:  created: 5307203   present: 35343   in FES: 138
** Event #5376512   t=424.172693444186   Elapsed: 202.845s (3m 22s)  84% completed  (92% total)
     Speed:     ev/sec=15393.3   simsec/sec=1.04567   ev/simsec=14721.1
     Messages:  created: 5328625   present: 35565   in FES: 130
** Event #5398272   t=426.046611299497   Elapsed: 204.865s (3m 24s)  85% completed  (92% total)
     Speed:     ev/sec=10771.7   simsec/sec=0.927632   ev/simsec=11612
     Messages:  created: 5343502   present: 35846   in FES: 155
** Event #5431296   t=428.157237899194   Elapsed: 206.867s (3m 26s)  85% completed  (92% total)
     Speed:     ev/sec=16493.7   simsec/sec=1.05414   ev/simsec=15646.5
     Messages:  created: 5366291   present: 36047   in FES: 130
** Event #5459456   t=430.195814378547   Elapsed: 208.891s (3m 28s)  86% completed  (93% total)
     Speed:     ev/sec=13914.8   simsec/sec=1.00733   ev/simsec=13813.6
     Messages:  created: 5385660   present: 36303   in FES: 135
** Event #5482752   t=432.068446374196   Elapsed: 210.892s (3m 30s)  86% completed  (93% total)
     Speed:     ev/sec=11643.4   simsec/sec=0.935946   ev/simsec=12440.2
     Messages:  created: 5401559   present: 36501   in FES: 125
** Event #5514752   t=434.198082364761   Elapsed: 212.922s (3m 32s)  86% completed  (93% total)
     Speed:     ev/sec=15758   simsec/sec=1.04871   ev/simsec=15026
     Messages:  created: 5423658   present: 36753   in FES: 125
** Event #5538816   t=436.080600071479   Elapsed: 214.929s (3m 34s)  87% completed  (93% total)
     Speed:     ev/sec=11990.8   simsec/sec=0.938038   ev/simsec=12782.9
     Messages:  created: 5440135   present: 37003   in FES: 132
** Event #5568256   t=438.172692554959   Elapsed: 216.944s (3m 36s)  87% completed  (93% total)
     Speed:     ev/sec=14615   simsec/sec=1.03859   ev/simsec=14072
     Messages:  created: 5460685   present: 37269   in FES: 138
** Event #5594880   t=440.470308696618   Elapsed: 218.967s (3m 38s)  88% completed  (94% total)
     Speed:     ev/sec=13161.1   simsec/sec=1.13578   ev/simsec=11587.7
     Messages:  created: 5480401   present: 37498   in FES: 122
** Event #5622272   t=443.046889312017   Elapsed: 220.968s (3m 40s)  88% completed  (94% total)
     Speed:     ev/sec=13686.3   simsec/sec=1.28737   ev/simsec=10631.1
     Messages:  created: 5500336   present: 37902   in FES: 154
** Event #5653248   t=445.157107736353   Elapsed: 222.977s (3m 42s)  89% completed  (94% total)
     Speed:     ev/sec=15415.9   simsec/sec=1.0502   ev/simsec=14679
     Messages:  created: 5522318   present: 38142   in FES: 154
** Event #5682432   t=447.321649450719   Elapsed: 224.986s (3m 44s)  89% completed  (94% total)
     Speed:     ev/sec=14529.5   simsec/sec=1.07764   ev/simsec=13482.8
     Messages:  created: 5542350   present: 38355   in FES: 135
** Event #5709824   t=449.321648733283   Elapsed: 226.999s (3m 46s)  89% completed  (94% total)
     Speed:     ev/sec=13606.3   simsec/sec=0.993449   ev/simsec=13696
     Messages:  created: 5561224   present: 38652   in FES: 154
** Event #5736192   t=451.186632777289   Elapsed: 229.012s (3m 49s)  90% completed  (95% total)
     Speed:     ev/sec=13100.6   simsec/sec=0.926595   ev/simsec=14138.5
     Messages:  created: 5579356   present: 38872   in FES: 152
** Event #5765888   t=453.358674947578   Elapsed: 231.042s (3m 51s)  90% completed  (95% total)
     Speed:     ev/sec=14628.9   simsec/sec=1.07   ev/simsec=13671.9
     Messages:  created: 5599719   present: 39072   in FES: 131
** Event #5797632   t=455.365982847335   Elapsed: 233.046s (3m 53s)  91% completed  (95% total)
     Speed:     ev/sec=15841.8   simsec/sec=1.00174   ev/simsec=15814.2
     Messages:  created: 5624168   present: 39373   in FES: 149
** Event #5862912   t=456.387090543354   Elapsed: 235.073s (3m 55s)  91% completed  (95% total)
     Speed:     ev/sec=32193.7   simsec/sec=0.503573   ev/simsec=63930.6
     Messages:  created: 5701370   present: 39313   in FES: 131
** Event #5924608   t=457.363982407442   Elapsed: 237.078s (3m 57s)  91% completed  (95% total)
     Speed:     ev/sec=30776.1   simsec/sec=0.487307   ev/simsec=63155.4
     Messages:  created: 5774569   present: 39341   in FES: 155
** Event #5981184   t=458.33181379912   Elapsed: 239.079s (3m 59s)  91% completed  (95% total)
     Speed:     ev/sec=28272.6   simsec/sec=0.483652   ev/simsec=58456.5
     Messages:  created: 5841071   present: 39300   in FES: 124
** Event #6042624   t=459.341741170881   Elapsed: 241.082s (4m 01s)  91% completed  (95% total)
     Speed:     ev/sec=30680.4   simsec/sec=0.504313   ev/simsec=60836.1
     Messages:  created: 5913488   present: 39331   in FES: 133
** Event #6104832   t=460.360673474626   Elapsed: 243.084s (4m 03s)  92% completed  (96% total)
     Speed:     ev/sec=31062.1   simsec/sec=0.50878   ev/simsec=61052.1
     Messages:  created: 5987056   present: 39387   in FES: 154
** Event #6166784   t=461.421394918111   Elapsed: 245.099s (4m 05s)  92% completed  (96% total)
     Speed:     ev/sec=30748.9   simsec/sec=0.526472   ev/simsec=58405.5
     Messages:  created: 6059592   present: 39330   in FES: 155
** Event #6233600   t=462.584768172598   Elapsed: 247.099s (4m 07s)  92% completed  (96% total)
     Speed:     ev/sec=33406   simsec/sec=0.581652   ev/simsec=57433
     Messages:  created: 6138862   present: 39330   in FES: 155
** Event #6316032   t=464.01142817781   Elapsed: 249.102s (4m 09s)  92% completed  (96% total)
     Speed:     ev/sec=41158.3   simsec/sec=0.712332   ev/simsec=57779.7
     Messages:  created: 6237747   present: 39379   in FES: 153
** Event #6397952   t=465.171395446865   Elapsed: 251.105s (4m 11s)  93% completed  (96% total)
     Speed:     ev/sec=40903   simsec/sec=0.579176   ev/simsec=70622.7
     Messages:  created: 6333701   present: 39318   in FES: 156
** Event #6484480   t=466.605465055465   Elapsed: 253.107s (4m 13s)  93% completed  (96% total)
     Speed:     ev/sec=43219   simsec/sec=0.716289   ev/simsec=60337.4
     Messages:  created: 6440383   present: 39384   in FES: 154
** Event #6584832   t=469.043852985325   Elapsed: 255.11s (4m 15s)  93% completed  (96% total)
     Speed:     ev/sec=50091.7   simsec/sec=1.21715   ev/simsec=41155.1
     Messages:  created: 6561947   present: 39421   in FES: 145
** Event #6683904   t=471.849465383333   Elapsed: 257.114s (4m 17s)  94% completed  (97% total)
     Speed:     ev/sec=49450   simsec/sec=1.40037   ev/simsec=35312.1
     Messages:  created: 6679532   present: 39513   in FES: 157
** Event #6787328   t=474.79323626481   Elapsed: 259.117s (4m 19s)  94% completed  (97% total)
     Speed:     ev/sec=51620.3   simsec/sec=1.46928   ev/simsec=35133.2
     Messages:  created: 6801607   present: 36742   in FES: 162
** Event #6875904   t=477.197951103095   Elapsed: 261.13s (4m 21s)  95% completed  (97% total)
     Speed:     ev/sec=44004.4   simsec/sec=1.19466   ev/simsec=36834.3
     Messages:  created: 6905495   present: 26600   in FES: 125
** Event #6971904   t=480.043852932721   Elapsed: 263.134s (4m 23s)  96% completed  (98% total)
     Speed:     ev/sec=47911.9   simsec/sec=1.42034   ev/simsec=33732.7
     Messages:  created: 7020846   present: 26780   in FES: 146
** Event #7077120   t=482.976901899376   Elapsed: 265.134s (4m 25s)  96% completed  (98% total)
     Speed:     ev/sec=52604   simsec/sec=1.46641   ev/simsec=35872.6
     Messages:  created: 7149379   present: 26813   in FES: 128
** Event #7185664   t=484.990549006031   Elapsed: 267.137s (4m 27s)  96% completed  (98% total)
     Speed:     ev/sec=54199.3   simsec/sec=1.00547   ev/simsec=53904.2
     Messages:  created: 7282656   present: 25908   in FES: 154
** Event #7302912   t=487.379224658634   Elapsed: 269.14s (4m 29s)  97% completed  (98% total)
     Speed:     ev/sec=58526.6   simsec/sec=1.19235   ev/simsec=49084.9
     Messages:  created: 7424114   present: 25055   in FES: 269
** Event #7416064   t=490.075589270926   Elapsed: 271.144s (4m 31s)  98% completed  (99% total)
     Speed:     ev/sec=56451.6   simsec/sec=1.34522   ev/simsec=41964.7
     Messages:  created: 7565611   present: 23841   in FES: 133
** Event #7531264   t=493.343989534281   Elapsed: 273.145s (4m 33s)  98% completed  (99% total)
     Speed:     ev/sec=57580.7   simsec/sec=1.63365   ev/simsec=35246.6
     Messages:  created: 7706546   present: 15885   in FES: 156
** Event #7639552   t=497.399768940872   Elapsed: 275.147s (4m 35s)  99% completed  (99% total)
     Speed:     ev/sec=54095.6   simsec/sec=2.02608   ev/simsec=26699.7
     Messages:  created: 7836428   present: 14841   in FES: 124
** Event #7685055   t=500   Elapsed: 275.934s (4m 35s)  100% completed  (100% total)
     Speed:     ev/sec=57782.8   simsec/sec=3.29219   ev/simsec=17551.5
     Messages:  created: 7890423   present: 15017   in FES: 123

<!> Simulation time limit reached -- at t=500s, event #7685055
undisposed object: (omnetpp::cMessage) FanetSarNetwork.groundStation.app.debugTimer -- check module destructor
undisposed object: (omnetpp::cMessage) FanetSarNetwork.uav[0].app.debugTimer -- check module destructor
undisposed object: (omnetpp::cMessage) FanetSarNetwork.uav[1].app.debugTimer -- check module destructor
undisposed object: (omnetpp::cMessage) FanetSarNetwork.uav[2].app.debugTimer -- check module destructor
undisposed object: (omnetpp::cMessage) FanetSarNetwork.uav[3].app.debugTimer -- check module destructor
undisposed object: (omnetpp::cMessage) FanetSarNetwork.uav[4].app.debugTimer -- check module destructor
undisposed object: (omnetpp::cMessage) FanetSarNetwork.uav[5].app.debugTimer -- check module destructor
undisposed object: (omnetpp::cMessage) FanetSarNetwork.uav[6].app.debugTimer -- check module destructor
undisposed object: (omnetpp::cMessage) FanetSarNetwork.uav[7].app.debugTimer -- check module destructor
undisposed object: (omnetpp::cMessage) FanetSarNetwork.uav[8].app.debugTimer -- check module destructor
undisposed object: (omnetpp::cMessage) FanetSarNetwork.uav[9].app.debugTimer -- check module destructor
undisposed object: (omnetpp::cMessage) FanetSarNetwork.uav[10].app.debugTimer -- check module destructor
undisposed object: (omnetpp::cMessage) FanetSarNetwork.uav[11].app.debugTimer -- check module destructor
undisposed object: (omnetpp::cMessage) FanetSarNetwork.uav[12].app.debugTimer -- check module destructor
undisposed object: (omnetpp::cMessage) FanetSarNetwork.uav[13].app.debugTimer -- check module destructor
undisposed object: (omnetpp::cMessage) FanetSarNetwork.uav[14].app.debugTimer -- check module destructor
undisposed object: (omnetpp::cMessage) FanetSarNetwork.uav[15].app.debugTimer -- check module destructor
undisposed object: (omnetpp::cMessage) FanetSarNetwork.uav[16].app.debugTimer -- check module destructor
undisposed object: (omnetpp::cMessage) FanetSarNetwork.uav[17].app.debugTimer -- check module destructor
undisposed object: (omnetpp::cMessage) FanetSarNetwork.uav[18].app.debugTimer -- check module destructor
undisposed object: (omnetpp::cMessage) FanetSarNetwork.uav[19].app.debugTimer -- check module destructor
undisposed object: (omnetpp::cMessage) FanetSarNetwork.uav[20].app.debugTimer -- check module destructor
undisposed object: (omnetpp::cMessage) FanetSarNetwork.uav[21].app.debugTimer -- check module destructor
undisposed object: (omnetpp::cMessage) FanetSarNetwork.uav[22].app.debugTimer -- check module destructor
undisposed object: (omnetpp::cMessage) FanetSarNetwork.uav[23].app.debugTimer -- check module destructor
undisposed object: (omnetpp::cMessage) FanetSarNetwork.uav[24].app.debugTimer -- check module destructor
undisposed object: (omnetpp::cMessage) FanetSarNetwork.uav[25].app.debugTimer -- check module destructor
undisposed object: (omnetpp::cMessage) FanetSarNetwork.uav[26].app.debugTimer -- check module destructor
undisposed object: (omnetpp::cMessage) FanetSarNetwork.uav[27].app.debugTimer -- check module destructor
undisposed object: (omnetpp::cMessage) FanetSarNetwork.uav[28].app.debugTimer -- check module destructor
undisposed object: (omnetpp::cMessage) FanetSarNetwork.uav[29].app.debugTimer -- check module destructor
