** Event #0   t=0   Elapsed: 1e-05s (0m 00s)  0% completed  (50% total)
     Speed:     ev/sec=0   simsec/sec=0   ev/simsec=0
     Messages:  created: 1178   present: 1178   in FES: 186
** Event #49152   t=6.015264933797   Elapsed: 2.00345s (0m 02s)  1% completed  (50% total)
     Speed:     ev/sec=24534.3   simsec/sec=3.00246   ev/simsec=8171.38
     Messages:  created: 41342   present: 1197   in FES: 148
** Event #92928   t=10.167262321423   Elapsed: 4.02893s (0m 04s)  2% completed  (51% total)
     Speed:     ev/sec=21612.7   simsec/sec=2.04989   ev/simsec=10543.4
     Messages:  created: 77450   present: 1167   in FES: 138
** Event #133376   t=14.433558324468   Elapsed: 6.03508s (0m 06s)  2% completed  (51% total)
     Speed:     ev/sec=20162   simsec/sec=2.12661   ev/simsec=9480.82
     Messages:  created: 110857   present: 1180   in FES: 154
** Event #177664   t=19.100261258129   Elapsed: 8.0428s (0m 08s)  3% completed  (51% total)
     Speed:     ev/sec=22058.9   simsec/sec=2.32438   ev/simsec=9490.21
     Messages:  created: 147456   present: 1172   in FES: 139
** Event #216832   t=23.298728183418   Elapsed: 10.0505s (0m 10s)  4% completed  (52% total)
     Speed:     ev/sec=19508.7   simsec/sec=2.09117   ev/simsec=9329.12
     Messages:  created: 180089   present: 1188   in FES: 154
** Event #258048   t=28.050187847166   Elapsed: 12.0529s (0m 12s)  5% completed  (52% total)
     Speed:     ev/sec=20583.4   simsec/sec=2.3729   ev/simsec=8674.39
     Messages:  created: 214425   present: 1214   in FES: 154
** Event #299520   t=32.351888637643   Elapsed: 14.0594s (0m 14s)  6% completed  (53% total)
     Speed:     ev/sec=20668.4   simsec/sec=2.14384   ev/simsec=9640.84
     Messages:  created: 249364   present: 1183   in FES: 154
** Event #342784   t=37.167155764881   Elapsed: 16.0763s (0m 16s)  7% completed  (53% total)
     Speed:     ev/sec=21451.5   simsec/sec=2.38754   ev/simsec=8984.76
     Messages:  created: 285585   present: 1121   in FES: 124
** Event #386048   t=42.082610555896   Elapsed: 18.0785s (0m 18s)  8% completed  (54% total)
     Speed:     ev/sec=21608.2   simsec/sec=2.45503   ev/simsec=8801.63
     Messages:  created: 321864   present: 1171   in FES: 140
** Event #428032   t=47.038703885167   Elapsed: 20.0815s (0m 20s)  9% completed  (54% total)
     Speed:     ev/sec=20960.6   simsec/sec=2.47434   ev/simsec=8471.19
     Messages:  created: 356935   present: 1204   in FES: 154
** Event #475136   t=52.071775627554   Elapsed: 22.0854s (0m 22s)  10% completed  (55% total)
     Speed:     ev/sec=23505.4   simsec/sec=2.51155   ev/simsec=9358.9
     Messages:  created: 396482   present: 1198   in FES: 147
** Event #522240   t=57.163030957016   Elapsed: 24.096s (0m 24s)  11% completed  (55% total)
     Speed:     ev/sec=23428.7   simsec/sec=2.5323   ev/simsec=9251.94
     Messages:  created: 435950   present: 1155   in FES: 136
** Event #567040   t=62.102209783771   Elapsed: 26.1021s (0m 26s)  12% completed  (56% total)
     Speed:     ev/sec=22331.7   simsec/sec=2.46206   ev/simsec=9070.33
     Messages:  created: 473838   present: 1209   in FES: 152
** Event #613632   t=68.015213693935   Elapsed: 28.1068s (0m 28s)  13% completed  (56% total)
     Speed:     ev/sec=23240.7   simsec/sec=2.94949   ev/simsec=7879.58
     Messages:  created: 514480   present: 1203   in FES: 154
** Event #677376   t=76.188801176537   Elapsed: 30.1127s (0m 30s)  15% completed  (57% total)
     Speed:     ev/sec=31779.5   simsec/sec=4.07493   ev/simsec=7798.78
     Messages:  created: 574366   present: 1200   in FES: 151
** Event #741632   t=85.061579806771   Elapsed: 32.1189s (0m 32s)  17% completed  (58% total)
     Speed:     ev/sec=32027.8   simsec/sec=4.42256   ev/simsec=7241.93
     Messages:  created: 634490   present: 1184   in FES: 141
** Event #805120   t=93.433641620393   Elapsed: 34.1206s (0m 34s)  18% completed  (59% total)
     Speed:     ev/sec=31717.8   simsec/sec=4.18257   ev/simsec=7583.32
     Messages:  created: 694038   present: 1179   in FES: 144
** Event #871168   t=101.331671175796   Elapsed: 36.1227s (0m 36s)  20% completed  (60% total)
     Speed:     ev/sec=32988.1   simsec/sec=3.94472   ev/simsec=8362.59
     Messages:  created: 758776   present: 1254   in FES: 166
** Event #937984   t=106.050186167442   Elapsed: 38.1246s (0m 38s)  21% completed  (60% total)
     Speed:     ev/sec=33376.5   simsec/sec=2.35703   ev/simsec=14160.4
     Messages:  created: 834186   present: 1670   in FES: 154
** Event #999680   t=110.006478938768   Elapsed: 40.1248s (0m 40s)  22% completed  (61% total)
     Speed:     ev/sec=30845.9   simsec/sec=1.97801   ev/simsec=15594.4
     Messages:  created: 904226   present: 1969   in FES: 154
** Event #1050368   t=112.446760354552   Elapsed: 42.1351s (0m 42s)  22% completed  (61% total)
     Speed:     ev/sec=25213.2   simsec/sec=1.21385   ev/simsec=20771.4
     Messages:  created: 960482   present: 2148   in FES: 154
** Event #1100032   t=113.997174722343   Elapsed: 44.1387s (0m 44s)  22% completed  (61% total)
     Speed:     ev/sec=24788.2   simsec/sec=0.773839   ev/simsec=32032.7
     Messages:  created: 1020102   present: 2245   in FES: 172
** Event #1136640   t=114.794295394995   Elapsed: 46.1391s (0m 46s)  22% completed  (61% total)
     Speed:     ev/sec=18299.8   simsec/sec=0.398468   ev/simsec=45925.3
     Messages:  created: 1062110   present: 2229   in FES: 138
** Event #1188864   t=115.759651116427   Elapsed: 48.1409s (0m 48s)  23% completed  (61% total)
     Speed:     ev/sec=26088.9   simsec/sec=0.48225   ev/simsec=54098.2
     Messages:  created: 1124053   present: 2280   in FES: 156
** Event #1231360   t=116.363994745888   Elapsed: 50.1589s (0m 50s)  23% completed  (61% total)
     Speed:     ev/sec=21058.3   simsec/sec=0.299474   ev/simsec=70317.6
     Messages:  created: 1173424   present: 2261   in FES: 141
** Event #1277696   t=117.167285835637   Elapsed: 52.1911s (0m 52s)  23% completed  (61% total)
     Speed:     ev/sec=22801.1   simsec/sec=0.395284   ev/simsec=57682.7
     Messages:  created: 1228276   present: 2318   in FES: 152
** Event #1311488   t=118.166384212546   Elapsed: 54.2049s (0m 54s)  23% completed  (61% total)
     Speed:     ev/sec=16780.5   simsec/sec=0.496134   ev/simsec=33822.5
     Messages:  created: 1265032   present: 2322   in FES: 137
** Event #1329920   t=120.005232253366   Elapsed: 56.2087s (0m 56s)  24% completed  (62% total)
     Speed:     ev/sec=9198.44   simsec/sec=0.917673   ev/simsec=10023.7
     Messages:  created: 1277786   present: 2558   in FES: 141
** Event #1352448   t=121.279813274526   Elapsed: 58.2268s (0m 58s)  24% completed  (62% total)
     Speed:     ev/sec=11163.1   simsec/sec=0.631583   ev/simsec=17674.8
     Messages:  created: 1293664   present: 2717   in FES: 138
** Event #1377280   t=123.1672866856   Elapsed: 60.2573s (1m 00s)  24% completed  (62% total)
     Speed:     ev/sec=12229.3   simsec/sec=0.929543   ev/simsec=13156.2
     Messages:  created: 1310990   present: 2953   in FES: 140
** Event #1399040   t=125.060001944197   Elapsed: 62.2649s (1m 02s)  25% completed  (62% total)
     Speed:     ev/sec=10838.7   simsec/sec=0.942761   ev/simsec=11496.7
     Messages:  created: 1326072   present: 3199   in FES: 142
** Event #1418752   t=126.306337348036   Elapsed: 64.2763s (1m 04s)  25% completed  (62% total)
     Speed:     ev/sec=9800.41   simsec/sec=0.619653   ev/simsec=15816
     Messages:  created: 1340002   present: 3358   in FES: 149
** Event #1464064   t=127.162976004437   Elapsed: 66.3068s (1m 06s)  25% completed  (62% total)
     Speed:     ev/sec=22315.7   simsec/sec=0.421886   ev/simsec=52895.1
     Messages:  created: 1393323   present: 3365   in FES: 183
** Event #1504256   t=127.889051655937   Elapsed: 68.3108s (1m 08s)  25% completed  (62% total)
     Speed:     ev/sec=20055.4   simsec/sec=0.362304   ev/simsec=55355.1
     Messages:  created: 1443256   present: 3315   in FES: 155
** Event #1536256   t=128.347799779538   Elapsed: 70.3115s (1m 10s)  25% completed  (62% total)
     Speed:     ev/sec=15994.6   simsec/sec=0.229296   ev/simsec=69755.1
     Messages:  created: 1478896   present: 3394   in FES: 177
** Event #1581568   t=129.10054283731   Elapsed: 72.3155s (1m 12s)  25% completed  (62% total)
     Speed:     ev/sec=22611.3   simsec/sec=0.375629   ev/simsec=60195.8
     Messages:  created: 1532853   present: 3363   in FES: 136
** Event #1620480   t=129.853660247852   Elapsed: 74.3192s (1m 14s)  25% completed  (62% total)
     Speed:     ev/sec=19420.3   simsec/sec=0.375867   ev/simsec=51667.9
     Messages:  created: 1580906   present: 3326   in FES: 124
** Event #1657088   t=130.433558531043   Elapsed: 76.3252s (1m 16s)  26% completed  (63% total)
     Speed:     ev/sec=18248.7   simsec/sec=0.289073   ev/simsec=63128.3
     Messages:  created: 1622006   present: 3398   in FES: 154
** Event #1700608   t=131.218206488728   Elapsed: 78.331s (1m 18s)  26% completed  (63% total)
     Speed:     ev/sec=21697.2   simsec/sec=0.391192   ev/simsec=55464.4
     Messages:  created: 1673075   present: 3393   in FES: 144
** Event #1740032   t=132.038754696485   Elapsed: 80.3364s (1m 20s)  26% completed  (63% total)
     Speed:     ev/sec=19658.6   simsec/sec=0.409163   ev/simsec=48045.9
     Messages:  created: 1721368   present: 3405   in FES: 152
** Event #1771008   t=132.540213498641   Elapsed: 82.3449s (1m 22s)  26% completed  (63% total)
     Speed:     ev/sec=15422.5   simsec/sec=0.249669   ev/simsec=61771.8
     Messages:  created: 1755976   present: 3379   in FES: 154
** Event #1814528   t=133.305986959295   Elapsed: 84.3673s (1m 24s)  26% completed  (63% total)
     Speed:     ev/sec=21519.1   simsec/sec=0.378647   ev/simsec=56831.4
     Messages:  created: 1806893   present: 3342   in FES: 124
** Event #1860096   t=134.166383639278   Elapsed: 86.3852s (1m 26s)  26% completed  (63% total)
     Speed:     ev/sec=22582.7   simsec/sec=0.426398   ev/simsec=52961.6
     Messages:  created: 1860364   present: 3366   in FES: 135
** Event #1893632   t=134.8534669143   Elapsed: 88.3899s (1m 28s)  26% completed  (63% total)
     Speed:     ev/sec=16728.5   simsec/sec=0.342732   ev/simsec=48809.2
     Messages:  created: 1901875   present: 3384   in FES: 155
** Event #1929984   t=135.465542363683   Elapsed: 90.4009s (1m 30s)  27% completed  (63% total)
     Speed:     ev/sec=18076.5   simsec/sec=0.304363   ev/simsec=59391.4
     Messages:  created: 1942206   present: 3397   in FES: 183
** Event #1979136   t=136.349281098856   Elapsed: 92.4028s (1m 32s)  27% completed  (63% total)
     Speed:     ev/sec=24552.8   simsec/sec=0.441452   ev/simsec=55618.2
     Messages:  created: 2000294   present: 3434   in FES: 172
** Event #2023680   t=137.175898670987   Elapsed: 94.4061s (1m 34s)  27% completed  (63% total)
     Speed:     ev/sec=22235.2   simsec/sec=0.412625   ev/simsec=53887.1
     Messages:  created: 2052364   present: 3439   in FES: 182
** Event #2067200   t=138.049250066541   Elapsed: 96.4079s (1m 36s)  27% completed  (63% total)
     Speed:     ev/sec=21740.5   simsec/sec=0.436285   ev/simsec=49831
     Messages:  created: 2105690   present: 3400   in FES: 155
** Event #2107392   t=138.79048200865   Elapsed: 98.4117s (1m 38s)  27% completed  (63% total)
     Speed:     ev/sec=20057.5   simsec/sec=0.369907   ev/simsec=54223.2
     Messages:  created: 2152612   present: 3410   in FES: 146
** Event #2144768   t=139.38964792923   Elapsed: 100.441s (1m 40s)  27% completed  (63% total)
     Speed:     ev/sec=18418.9   simsec/sec=0.29527   ev/simsec=62380
     Messages:  created: 2194805   present: 3365   in FES: 127
** Event #2186752   t=140.175866983722   Elapsed: 102.445s (1m 42s)  28% completed  (64% total)
     Speed:     ev/sec=20947   simsec/sec=0.392267   ev/simsec=53399.9
     Messages:  created: 2244003   present: 3439   in FES: 183
** Event #2229504   t=141.04466651261   Elapsed: 104.451s (1m 44s)  28% completed  (64% total)
     Speed:     ev/sec=21317.7   simsec/sec=0.433215   ev/simsec=49208.1
     Messages:  created: 2296153   present: 3410   in FES: 155
** Event #2255616   t=141.455508928081   Elapsed: 106.451s (1m 46s)  28% completed  (64% total)
     Speed:     ev/sec=13052.2   simsec/sec=0.205361   ev/simsec=63557.2
     Messages:  created: 2324772   present: 3389   in FES: 135
** Event #2301440   t=142.295782278027   Elapsed: 108.456s (1m 48s)  28% completed  (64% total)
     Speed:     ev/sec=22855.7   simsec/sec=0.419105   ev/simsec=54534.6
     Messages:  created: 2379037   present: 3435   in FES: 155
** Event #2344192   t=143.090890220293   Elapsed: 110.481s (1m 50s)  28% completed  (64% total)
     Speed:     ev/sec=21112.5   simsec/sec=0.392654   ev/simsec=53768.8
     Messages:  created: 2429533   present: 3394   in FES: 131
** Event #2378752   t=143.795026791056   Elapsed: 112.491s (1m 52s)  28% completed  (64% total)
     Speed:     ev/sec=17192.4   simsec/sec=0.350283   ev/simsec=49081.4
     Messages:  created: 2471639   present: 3386   in FES: 155
** Event #2416128   t=144.404264585571   Elapsed: 114.506s (1m 54s)  28% completed  (64% total)
     Speed:     ev/sec=18550   simsec/sec=0.30237   ev/simsec=61348.8
     Messages:  created: 2513747   present: 3391   in FES: 133
** Event #2456320   t=145.162977412307   Elapsed: 116.522s (1m 56s)  29% completed  (64% total)
     Speed:     ev/sec=19940.5   simsec/sec=0.37642   ev/simsec=52973.9
     Messages:  created: 2561278   present: 3443   in FES: 183
** Event #2501376   t=146.044294951533   Elapsed: 118.534s (1m 58s)  29% completed  (64% total)
     Speed:     ev/sec=22391.2   simsec/sec=0.437983   ev/simsec=51123.5
     Messages:  created: 2615829   present: 3404   in FES: 131
** Event #2537216   t=146.663348654461   Elapsed: 120.539s (2m 00s)  29% completed  (64% total)
     Speed:     ev/sec=17878.7   simsec/sec=0.308814   ev/simsec=57894.8
     Messages:  created: 2657312   present: 3464   in FES: 153
** Event #2580992   t=147.404263329403   Elapsed: 122.554s (2m 02s)  29% completed  (64% total)
     Speed:     ev/sec=21716.6   simsec/sec=0.367556   ev/simsec=59083.7
     Messages:  created: 2708065   present: 3459   in FES: 151
** Event #2627072   t=148.218226510436   Elapsed: 124.567s (2m 04s)  29% completed  (64% total)
     Speed:     ev/sec=22892.8   simsec/sec=0.404382   ev/simsec=56611.9
     Messages:  created: 2763206   present: 3485   in FES: 182
** Event #2678784   t=149.100414279516   Elapsed: 126.574s (2m 06s)  29% completed  (64% total)
     Speed:     ev/sec=25768.2   simsec/sec=0.439596   ev/simsec=58617.9
     Messages:  created: 2825723   present: 3480   in FES: 156
** Event #2728448   t=150.026019349073   Elapsed: 128.581s (2m 08s)  30% completed  (65% total)
     Speed:     ev/sec=24744.3   simsec/sec=0.461168   ev/simsec=53655.7
     Messages:  created: 2887357   present: 3402   in FES: 132
** Event #2777856   t=150.931893888396   Elapsed: 130.583s (2m 10s)  30% completed  (65% total)
     Speed:     ev/sec=24682   simsec/sec=0.452535   ev/simsec=54541.8
     Messages:  created: 2948665   present: 3493   in FES: 155
** Event #2822656   t=151.748630048086   Elapsed: 132.587s (2m 12s)  30% completed  (65% total)
     Speed:     ev/sec=22360.3   simsec/sec=0.407645   ev/simsec=54852.5
     Messages:  created: 3003559   present: 3477   in FES: 154
** Event #2875904   t=153.054160690273   Elapsed: 134.591s (2m 14s)  30% completed  (65% total)
     Speed:     ev/sec=26567.4   simsec/sec=0.651378   ev/simsec=40786.5
     Messages:  created: 3068408   present: 3527   in FES: 140
** Event #2924800   t=154.599237953431   Elapsed: 136.599s (2m 16s)  30% completed  (65% total)
     Speed:     ev/sec=24342.8   simsec/sec=0.769215   ev/simsec=31646.3
     Messages:  created: 3125696   present: 3569   in FES: 156
** Event #2976512   t=156.261631973756   Elapsed: 138.599s (2m 18s)  31% completed  (65% total)
     Speed:     ev/sec=25855.4   simsec/sec=0.831177   ev/simsec=31106.9
     Messages:  created: 3186371   present: 3672   in FES: 151
** Event #3030784   t=158.056827335902   Elapsed: 140.815s (2m 20s)  31% completed  (65% total)
     Speed:     ev/sec=24493.7   simsec/sec=0.810196   ev/simsec=30231.8
     Messages:  created: 3251249   present: 3695   in FES: 146
** Event #3082240   t=159.734309526612   Elapsed: 142.822s (2m 22s)  31% completed  (65% total)
     Speed:     ev/sec=25639.5   simsec/sec=0.835857   ev/simsec=30674.5
     Messages:  created: 3311936   present: 3814   in FES: 174
** Event #3134208   t=161.305656604179   Elapsed: 144.823s (2m 24s)  32% completed  (66% total)
     Speed:     ev/sec=25978.4   simsec/sec=0.785505   ev/simsec=33072.3
     Messages:  created: 3372574   present: 3914   in FES: 150
** Event #3191040   t=163.085775959056   Elapsed: 146.83s (2m 26s)  32% completed  (66% total)
     Speed:     ev/sec=28317.1   simsec/sec=0.886961   ev/simsec=31925.9
     Messages:  created: 3440067   present: 3958   in FES: 146
** Event #3243520   t=164.672213743028   Elapsed: 148.83s (2m 28s)  32% completed  (66% total)
     Speed:     ev/sec=26228.4   simsec/sec=0.792868   ev/simsec=33080.4
     Messages:  created: 3502639   present: 4044   in FES: 174
** Event #3293184   t=165.802042547559   Elapsed: 150.836s (2m 30s)  33% completed  (66% total)
     Speed:     ev/sec=24768.2   simsec/sec=0.563464   ev/simsec=43957.1
     Messages:  created: 3563849   present: 4094   in FES: 146
** Event #3358720   t=167.070993003145   Elapsed: 152.838s (2m 32s)  33% completed  (66% total)
     Speed:     ev/sec=32724.5   simsec/sec=0.633633   ev/simsec=51645.8
     Messages:  created: 3644343   present: 4105   in FES: 138
** Event #3418624   t=169.09943385694   Elapsed: 154.845s (2m 34s)  33% completed  (66% total)
     Speed:     ev/sec=29854.3   simsec/sec=1.01091   ev/simsec=29532
     Messages:  created: 3713217   present: 4307   in FES: 154
** Event #3469568   t=174.041598556802   Elapsed: 156.85s (2m 36s)  34% completed  (67% total)
     Speed:     ev/sec=25406.5   simsec/sec=2.46473   ev/simsec=10308
     Messages:  created: 3756902   present: 4846   in FES: 139
** Event #3503360   t=177.171496259591   Elapsed: 158.862s (2m 38s)  35% completed  (67% total)
     Speed:     ev/sec=16797   simsec/sec=1.55578   ev/simsec=10796.5
     Messages:  created: 3784298   present: 5231   in FES: 141
** Event #3542272   t=181.171496547699   Elapsed: 160.884s (2m 40s)  36% completed  (68% total)
     Speed:     ev/sec=19240.1   simsec/sec=1.9778   ev/simsec=9728
     Messages:  created: 3815728   present: 5692   in FES: 134
** Event #3585792   t=186.069901380956   Elapsed: 162.886s (2m 42s)  37% completed  (68% total)
     Speed:     ev/sec=21745.1   simsec/sec=2.44753   ev/simsec=8884.52
     Messages:  created: 3851812   present: 6332   in FES: 154
** Event #3641344   t=193.077790146871   Elapsed: 164.886s (2m 44s)  38% completed  (69% total)
     Speed:     ev/sec=27769.6   simsec/sec=3.50313   ev/simsec=7927.07
     Messages:  created: 3902054   present: 7158   in FES: 144
** Event #3699712   t=200.730168833307   Elapsed: 166.891s (2m 46s)  40% completed  (70% total)
     Speed:     ev/sec=29118.7   simsec/sec=3.81763   ev/simsec=7627.43
     Messages:  created: 3954998   present: 7997   in FES: 122
** Event #3766528   t=209.299488447366   Elapsed: 168.891s (2m 48s)  41% completed  (70% total)
     Speed:     ev/sec=33401.9   simsec/sec=4.28388   ev/simsec=7797.12
     Messages:  created: 4016512   present: 9113   in FES: 151
** Event #3831808   t=216.34924981314   Elapsed: 170.898s (2m 50s)  43% completed  (71% total)
     Speed:     ev/sec=32531.6   simsec/sec=3.51317   ev/simsec=9259.89
     Messages:  created: 4080940   present: 9910   in FES: 164
** Event #3889152   t=219.299249510963   Elapsed: 172.902s (2m 52s)  43% completed  (71% total)
     Speed:     ev/sec=28602.6   simsec/sec=1.47143   ev/simsec=19438.6
     Messages:  created: 4148640   present: 10273   in FES: 186
** Event #3961344   t=223.017317933523   Elapsed: 174.907s (2m 54s)  44% completed  (72% total)
     Speed:     ev/sec=36016.9   simsec/sec=1.85496   ev/simsec=19416.5
     Messages:  created: 4234712   present: 10442   in FES: 140
** Event #4032768   t=226.363949299544   Elapsed: 176.909s (2m 56s)  45% completed  (72% total)
     Speed:     ev/sec=35670.5   simsec/sec=1.67137   ev/simsec=21342.1
     Messages:  created: 4318970   present: 10726   in FES: 165
** Event #4110848   t=230.236352334554   Elapsed: 178.916s (2m 58s)  46% completed  (73% total)
     Speed:     ev/sec=38901.6   simsec/sec=1.92934   ev/simsec=20163.2
     Messages:  created: 4411545   present: 11057   in FES: 156
** Event #4177664   t=233.545828400777   Elapsed: 180.917s (3m 00s)  46% completed  (73% total)
     Speed:     ev/sec=33391.6   simsec/sec=1.65393   ev/simsec=20189.3
     Messages:  created: 4490908   present: 11299   in FES: 146
** Event #4250368   t=237.099964331431   Elapsed: 182.924s (3m 02s)  47% completed  (73% total)
     Speed:     ev/sec=36223.2   simsec/sec=1.77077   ev/simsec=20456.2
     Messages:  created: 4577203   present: 11586   in FES: 145
** Event #4316160   t=240.349954250804   Elapsed: 184.933s (3m 04s)  48% completed  (74% total)
     Speed:     ev/sec=32760.5   simsec/sec=1.6183   ev/simsec=20243.8
     Messages:  created: 4655227   present: 11845   in FES: 154
** Event #4381952   t=243.71700503758   Elapsed: 186.936s (3m 06s)  48% completed  (74% total)
     Speed:     ev/sec=32847.4   simsec/sec=1.68104   ev/simsec=19539.9
     Messages:  created: 4733409   present: 12080   in FES: 153
** Event #4448768   t=247.044785834004   Elapsed: 188.937s (3m 08s)  49% completed  (74% total)
     Speed:     ev/sec=33378.3   simsec/sec=1.66241   ev/simsec=20078.2
     Messages:  created: 4812935   present: 12387   in FES: 155
** Event #4514048   t=250.110986583247   Elapsed: 190.943s (3m 10s)  50% completed  (75% total)
     Speed:     ev/sec=32543.9   simsec/sec=1.52859   ev/simsec=21290.2
     Messages:  created: 4889851   present: 12551   in FES: 123
** Event #4580096   t=253.349236933829   Elapsed: 192.948s (3m 12s)  50% completed  (75% total)
     Speed:     ev/sec=32938.4   simsec/sec=1.61493   ev/simsec=20396.2
     Messages:  created: 4967886   present: 12881   in FES: 155
** Event #4650496   t=256.802600069124   Elapsed: 194.95s (3m 14s)  51% completed  (75% total)
     Speed:     ev/sec=35173.4   simsec/sec=1.72538   ev/simsec=20385.9
     Messages:  created: 5050870   present: 13177   in FES: 144
** Event #4702720   t=261.034706975162   Elapsed: 196.957s (3m 16s)  52% completed  (76% total)
     Speed:     ev/sec=26025.2   simsec/sec=2.10902   ev/simsec=12340
     Messages:  created: 5103479   present: 13644   in FES: 149
** Event #4755200   t=264.083226013571   Elapsed: 198.963s (3m 18s)  52% completed  (76% total)
     Speed:     ev/sec=26160.1   simsec/sec=1.51962   ev/simsec=17214.9
     Messages:  created: 5158646   present: 13883   in FES: 141
** Event #4803584   t=267.001037579374   Elapsed: 200.968s (3m 20s)  53% completed  (76% total)
     Speed:     ev/sec=24122.3   simsec/sec=1.4547   ev/simsec=16582.3
     Messages:  created: 5211148   present: 14175   in FES: 154
** Event #4845056   t=269.171977178464   Elapsed: 202.987s (3m 22s)  53% completed  (76% total)
     Speed:     ev/sec=20544.2   simsec/sec=1.07543   ev/simsec=19103.2
     Messages:  created: 5253505   present: 14332   in FES: 154
** Event #4892928   t=272.098225057308   Elapsed: 204.995s (3m 24s)  54% completed  (77% total)
     Speed:     ev/sec=23843.4   simsec/sec=1.45746   ev/simsec=16359.5
     Messages:  created: 5303199   present: 14531   in FES: 136
** Event #4944896   t=275.16715586347   Elapsed: 207.012s (3m 27s)  55% completed  (77% total)
     Speed:     ev/sec=25766.7   simsec/sec=1.52163   ev/simsec=16933.6
     Messages:  created: 5356976   present: 14806   in FES: 154
** Event #4995584   t=278.171977120537   Elapsed: 209.035s (3m 29s)  55% completed  (77% total)
     Speed:     ev/sec=25059   simsec/sec=1.48552   ev/simsec=16868.9
     Messages:  created: 5409175   present: 15050   in FES: 154
** Event #5047808   t=281.305553513822   Elapsed: 211.049s (3m 31s)  56% completed  (78% total)
     Speed:     ev/sec=25926.1   simsec/sec=1.55564   ev/simsec=16665.9
     Messages:  created: 5462962   present: 15309   in FES: 155
** Event #5096448   t=284.194498090723   Elapsed: 213.057s (3m 33s)  56% completed  (78% total)
     Speed:     ev/sec=24220   simsec/sec=1.43853   ev/simsec=16836.6
     Messages:  created: 5513090   present: 15460   in FES: 123
** Event #5148928   t=287.321423661106   Elapsed: 215.06s (3m 35s)  57% completed  (78% total)
     Speed:     ev/sec=26205   simsec/sec=1.56138   ev/simsec=16783.3
     Messages:  created: 5567217   present: 15792   in FES: 149
** Event #5200128   t=290.367801736352   Elapsed: 217.065s (3m 37s)  58% completed  (79% total)
     Speed:     ev/sec=25540   simsec/sec=1.51962   ev/simsec=16806.8
     Messages:  created: 5619992   present: 16052   in FES: 156
** Event #5257728   t=294.034706986723   Elapsed: 219.068s (3m 39s)  58% completed  (79% total)
     Speed:     ev/sec=28752   simsec/sec=1.83039   ev/simsec=15708.1
     Messages:  created: 5680023   present: 16322   in FES: 147
** Event #5327360   t=298.070991797773   Elapsed: 221.068s (3m 41s)  59% completed  (79% total)
     Speed:     ev/sec=34811   simsec/sec=2.01785   ev/simsec=17251.5
     Messages:  created: 5751581   present: 16649   in FES: 148
** Event #5392384   t=302.041693877646   Elapsed: 223.07s (3m 43s)  60% completed  (80% total)
     Speed:     ev/sec=32486.5   simsec/sec=1.98379   ev/simsec=16375.9
     Messages:  created: 5819052   present: 16935   in FES: 147
** Event #5449728   t=305.279788369455   Elapsed: 225.077s (3m 45s)  61% completed  (80% total)
     Speed:     ev/sec=28562.7   simsec/sec=1.61287   ev/simsec=17709.2
     Messages:  created: 5877591   present: 17221   in FES: 148
** Event #5512192   t=309.078302204984   Elapsed: 227.083s (3m 47s)  61% completed  (80% total)
     Speed:     ev/sec=31140.5   simsec/sec=1.8937   ev/simsec=16444.3
     Messages:  created: 5942406   present: 17556   in FES: 154
** Event #5569280   t=312.3859316144   Elapsed: 229.089s (3m 49s)  62% completed  (81% total)
     Speed:     ev/sec=28456.3   simsec/sec=1.64873   ev/simsec=17259.5
     Messages:  created: 6001039   present: 17721   in FES: 124
** Event #5622272   t=315.040437027634   Elapsed: 231.096s (3m 51s)  63% completed  (81% total)
     Speed:     ev/sec=26410.6   simsec/sec=1.32298   ev/simsec=19963
     Messages:  created: 6059324   present: 17966   in FES: 156
** Event #5682944   t=317.007708589753   Elapsed: 233.097s (3m 53s)  63% completed  (81% total)
     Speed:     ev/sec=30320.2   simsec/sec=0.983124   ev/simsec=30840.7
     Messages:  created: 6128899   present: 18053   in FES: 140
** Event #5741824   t=318.077790730526   Elapsed: 235.098s (3m 55s)  63% completed  (81% total)
     Speed:     ev/sec=29429.8   simsec/sec=0.534855   ev/simsec=55023.8
     Messages:  created: 6197515   present: 18082   in FES: 141
** Event #5796864   t=318.615181303323   Elapsed: 237.101s (3m 57s)  63% completed  (81% total)
     Speed:     ev/sec=27479.8   simsec/sec=0.268302   ev/simsec=102421
     Messages:  created: 6267047   present: 18166   in FES: 179
** Event #5852672   t=319.552467915555   Elapsed: 239.106s (3m 59s)  63% completed  (81% total)
     Speed:     ev/sec=27822.3   simsec/sec=0.467271   ev/simsec=59542.1
     Messages:  created: 6333089   present: 18135   in FES: 183
** Event #5901056   t=320.352019424881   Elapsed: 241.108s (4m 01s)  64% completed  (82% total)
     Speed:     ev/sec=24178.1   simsec/sec=0.399547   ev/simsec=60513.9
     Messages:  created: 6389829   present: 18084   in FES: 136
** Event #5948672   t=321.167287135796   Elapsed: 243.112s (4m 03s)  64% completed  (82% total)
     Speed:     ev/sec=23759   simsec/sec=0.406794   ev/simsec=58405.4
     Messages:  created: 6446029   present: 18056   in FES: 127
** Event #6001152   t=322.094670489969   Elapsed: 245.126s (4m 05s)  64% completed  (82% total)
     Speed:     ev/sec=26053.2   simsec/sec=0.460391   ev/simsec=56589.3
     Messages:  created: 6507947   present: 18123   in FES: 143
** Event #6061312   t=322.853850833184   Elapsed: 247.132s (4m 07s)  64% completed  (82% total)
     Speed:     ev/sec=29997.4   simsec/sec=0.378547   ev/simsec=79243.4
     Messages:  created: 6583895   present: 18091   in FES: 133
** Event #6128640   t=323.791011348333   Elapsed: 249.136s (4m 09s)  64% completed  (82% total)
     Speed:     ev/sec=33589.3   simsec/sec=0.46754   ev/simsec=71842.5
     Messages:  created: 6664688   present: 18138   in FES: 154
** Event #6185984   t=324.715310790991   Elapsed: 251.141s (4m 11s)  64% completed  (82% total)
     Speed:     ev/sec=28594.8   simsec/sec=0.460906   ev/simsec=62040.5
     Messages:  created: 6732105   present: 18135   in FES: 154
** Event #6226944   t=325.305857694653   Elapsed: 253.165s (4m 13s)  65% completed  (82% total)
     Speed:     ev/sec=20242.6   simsec/sec=0.291851   ev/simsec=69359.4
     Messages:  created: 6779470   present: 18140   in FES: 144
** Event #6279168   t=326.113958980628   Elapsed: 255.169s (4m 15s)  65% completed  (82% total)
     Speed:     ev/sec=26054.8   simsec/sec=0.403166   ev/simsec=64625.6
     Messages:  created: 6842536   present: 18123   in FES: 183
** Event #6316288   t=328.071897360437   Elapsed: 257.184s (4m 17s)  65% completed  (82% total)
     Speed:     ev/sec=18422.5   simsec/sec=0.971714   ev/simsec=18958.7
     Messages:  created: 6876709   present: 18314   in FES: 138
** Event #6343424   t=330.082610517637   Elapsed: 259.186s (4m 19s)  66% completed  (83% total)
     Speed:     ev/sec=13556.1   simsec/sec=1.00448   ev/simsec=13495.7
     Messages:  created: 6895738   present: 18525   in FES: 130
** Event #6364160   t=332.007707765457   Elapsed: 261.191s (4m 21s)  66% completed  (83% total)
     Speed:     ev/sec=10343.7   simsec/sec=0.960296   ev/simsec=10771.4
     Messages:  created: 6910143   present: 18818   in FES: 150
** Event #6396416   t=334.09158278265   Elapsed: 263.218s (4m 23s)  66% completed  (83% total)
     Speed:     ev/sec=15909   simsec/sec=1.02779   ev/simsec=15478.9
     Messages:  created: 6932823   present: 19036   in FES: 140
** Event #6424064   t=336.166253811555   Elapsed: 265.219s (4m 25s)  67% completed  (83% total)
     Speed:     ev/sec=13816.3   simsec/sec=1.03676   ev/simsec=13326.5
     Messages:  created: 6952112   present: 19315   in FES: 154
** Event #6450432   t=338.16638404606   Elapsed: 267.243s (4m 27s)  67% completed  (83% total)
     Speed:     ev/sec=13030.6   simsec/sec=0.988429   ev/simsec=13183.1
     Messages:  created: 6970431   present: 19486   in FES: 128
** Event #6479872   t=340.404263488002   Elapsed: 269.246s (4m 29s)  68% completed  (84% total)
     Speed:     ev/sec=14693.8   simsec/sec=1.11694   ev/simsec=13155.3
     Messages:  created: 6990962   present: 19804   in FES: 145
** Event #6512384   t=343.075015773944   Elapsed: 271.269s (4m 31s)  68% completed  (84% total)
     Speed:     ev/sec=16070.9   simsec/sec=1.32017   ev/simsec=12173.3
     Messages:  created: 7013919   present: 20140   in FES: 154
** Event #6546944   t=346.075069864077   Elapsed: 273.276s (4m 33s)  69% completed  (84% total)
     Speed:     ev/sec=17223.7   simsec/sec=1.49514   ev/simsec=11519.8
     Messages:  created: 7039417   present: 20498   in FES: 146
** Event #6588160   t=349.180468227249   Elapsed: 275.284s (4m 35s)  69% completed  (84% total)
     Speed:     ev/sec=20523.2   simsec/sec=1.54631   ev/simsec=13272.4
     Messages:  created: 7073275   present: 20804   in FES: 134
** Event #6633728   t=353.007654959071   Elapsed: 277.289s (4m 37s)  70% completed  (85% total)
     Speed:     ev/sec=22726.9   simsec/sec=1.9088   ev/simsec=11906.4
     Messages:  created: 7112829   present: 21335   in FES: 154
** Event #6680064   t=357.321425014072   Elapsed: 279.296s (4m 39s)  71% completed  (85% total)
     Speed:     ev/sec=23090.1   simsec/sec=2.14963   ev/simsec=10741.4
     Messages:  created: 7150380   present: 21810   in FES: 136
** Event #6731776   t=363.055441308886   Elapsed: 281.296s (4m 41s)  72% completed  (86% total)
     Speed:     ev/sec=25850   simsec/sec=2.86634   ev/simsec=9018.46
     Messages:  created: 7192754   present: 22538   in FES: 154
** Event #6782720   t=368.581518913732   Elapsed: 283.301s (4m 43s)  73% completed  (86% total)
     Speed:     ev/sec=25416.4   simsec/sec=2.75701   ev/simsec=9218.84
     Messages:  created: 7237383   present: 23191   in FES: 167
** Event #6867712   t=379.305628844861   Elapsed: 285.306s (4m 45s)  75% completed  (87% total)
     Speed:     ev/sec=42390.8   simsec/sec=5.34878   ev/simsec=7925.32
     Messages:  created: 7314329   present: 24544   in FES: 167
** Event #6958336   t=390.306593798334   Elapsed: 287.306s (4m 47s)  78% completed  (89% total)
     Speed:     ev/sec=45303.5   simsec/sec=5.49945   ev/simsec=8237.82
     Messages:  created: 7399576   present: 25735   in FES: 123
** Event #7052288   t=403.054247317779   Elapsed: 289.311s (4m 49s)  80% completed  (90% total)
     Speed:     ev/sec=46856.9   simsec/sec=6.35767   ev/simsec=7370.14
     Messages:  created: 7485853   present: 27351   in FES: 152
** Event #7122176   t=411.389523050032   Elapsed: 291.321s (4m 51s)  82% completed  (91% total)
     Speed:     ev/sec=34779.7   simsec/sec=4.14805   ev/simsec=8384.61
     Messages:  created: 7547360   present: 28346   in FES: 154
** Event #7174656   t=417.071112526166   Elapsed: 293.325s (4m 53s)  83% completed  (91% total)
     Speed:     ev/sec=26189.4   simsec/sec=2.83532   ev/simsec=9236.85
     Messages:  created: 7589837   present: 29027   in FES: 155
** Event #7231232   t=423.068887105638   Elapsed: 295.327s (4m 55s)  84% completed  (92% total)
     Speed:     ev/sec=28254.4   simsec/sec=2.99533   ev/simsec=9432.83
     Messages:  created: 7635595   present: 29735   in FES: 146
** Event #7292672   t=429.351994734093   Elapsed: 297.329s (4m 57s)  85% completed  (92% total)
     Speed:     ev/sec=30695.1   simsec/sec=3.13901   ev/simsec=9778.6
     Messages:  created: 7685400   present: 30482   in FES: 146
** Event #7350272   t=435.404239528988   Elapsed: 299.331s (4m 59s)  87% completed  (93% total)
     Speed:     ev/sec=28767.6   simsec/sec=3.02271   ev/simsec=9517.13
     Messages:  created: 7731949   present: 31186   in FES: 139
** Event #7398656   t=440.67265438846   Elapsed: 301.333s (5m 01s)  88% completed  (94% total)
     Speed:     ev/sec=24165.5   simsec/sec=2.63132   ev/simsec=9183.79
     Messages:  created: 7770965   present: 31770   in FES: 122
** Event #7455232   t=446.457322210509   Elapsed: 303.337s (5m 03s)  89% completed  (94% total)
     Speed:     ev/sec=28224.9   simsec/sec=2.88588   ev/simsec=9780.34
     Messages:  created: 7816897   present: 32548   in FES: 151
** Event #7516928   t=453.094619166519   Elapsed: 305.343s (5m 05s)  90% completed  (95% total)
     Speed:     ev/sec=30761.1   simsec/sec=3.3093   ev/simsec=9295.35
     Messages:  created: 7867234   present: 33356   in FES: 154
** Event #7572736   t=459.068886988747   Elapsed: 307.347s (5m 07s)  91% completed  (95% total)
     Speed:     ev/sec=27855.6   simsec/sec=2.98195   ev/simsec=9341.4
     Messages:  created: 7912225   present: 34061   in FES: 148
** Event #7616256   t=463.02873842681   Elapsed: 309.35s (5m 09s)  92% completed  (96% total)
     Speed:     ev/sec=21718.2   simsec/sec=1.97613   ev/simsec=10990.3
     Messages:  created: 7945612   present: 34462   in FES: 128
** Event #7656192   t=466.086899411234   Elapsed: 311.357s (5m 11s)  93% completed  (96% total)
     Speed:     ev/sec=19899   simsec/sec=1.52379   ev/simsec=13058.8
     Messages:  created: 7976790   present: 34881   in FES: 147
** Event #7693824   t=469.305652886807   Elapsed: 313.359s (5m 13s)  93% completed  (96% total)
     Speed:     ev/sec=18801.6   simsec/sec=1.60815   ev/simsec=11691.5
     Messages:  created: 8006879   present: 35241   in FES: 144
** Event #7749632   t=474.166358974488   Elapsed: 315.37s (5m 15s)  94% completed  (97% total)
     Speed:     ev/sec=27750.2   simsec/sec=2.41696   ev/simsec=11481.5
     Messages:  created: 8056800   present: 35815   in FES: 155
** Event #7794432   t=478.67265438846   Elapsed: 317.372s (5m 17s)  95% completed  (97% total)
     Speed:     ev/sec=22379.5   simsec/sec=2.25109   ev/simsec=9941.65
     Messages:  created: 8094619   present: 25654   in FES: 122
** Event #7843328   t=483.305652345325   Elapsed: 319.381s (5m 19s)  96% completed  (98% total)
     Speed:     ev/sec=24339.3   simsec/sec=2.3062   ev/simsec=10553.9
     Messages:  created: 8136165   present: 26265   in FES: 146
** Event #7895296   t=488.370317295218   Elapsed: 321.383s (5m 21s)  97% completed  (98% total)
     Speed:     ev/sec=25957.7   simsec/sec=2.52977   ev/simsec=10260.9
     Messages:  created: 8180166   present: 26876   in FES: 154
** Event #7947008   t=493.433665389829   Elapsed: 323.395s (5m 23s)  98% completed  (99% total)
     Speed:     ev/sec=25703.3   simsec/sec=2.51672   ev/simsec=10213
     Messages:  created: 8223916   present: 13914   in FES: 140
** Event #8007680   t=499.362517881553   Elapsed: 325.405s (5m 25s)  99% completed  (99% total)
     Speed:     ev/sec=30175.9   simsec/sec=2.94878   ev/simsec=10233.3
     Messages:  created: 8275382   present: 14640   in FES: 154
** Event #8009688   t=500   Elapsed: 325.489s (5m 25s)  100% completed  (100% total)
     Speed:     ev/sec=24084.1   simsec/sec=7.64322   ev/simsec=3151.04
     Messages:  created: 8276891   present: 14624   in FES: 122

<!> Simulation time limit reached -- at t=500s, event #8009688
undisposed object: (omnetpp::cMessage) FanetSarNetwork.groundStation.app.debugTimer -- check module destructor
undisposed object: (omnetpp::cMessage) FanetSarNetwork.uav[0].app.debugTimer -- check module destructor
undisposed object: (omnetpp::cMessage) FanetSarNetwork.uav[1].app.debugTimer -- check module destructor
undisposed object: (omnetpp::cMessage) FanetSarNetwork.uav[2].app.debugTimer -- check module destructor
undisposed object: (omnetpp::cMessage) FanetSarNetwork.uav[3].app.debugTimer -- check module destructor
undisposed object: (omnetpp::cMessage) FanetSarNetwork.uav[4].app.debugTimer -- check module destructor
undisposed object: (omnetpp::cMessage) FanetSarNetwork.uav[5].app.debugTimer -- check module destructor
undisposed object: (omnetpp::cMessage) FanetSarNetwork.uav[6].app.debugTimer -- check module destructor
undisposed object: (omnetpp::cMessage) FanetSarNetwork.uav[7].app.debugTimer -- check module destructor
undisposed object: (omnetpp::cMessage) FanetSarNetwork.uav[8].app.debugTimer -- check module destructor
undisposed object: (omnetpp::cMessage) FanetSarNetwork.uav[9].app.debugTimer -- check module destructor
undisposed object: (omnetpp::cMessage) FanetSarNetwork.uav[10].app.debugTimer -- check module destructor
undisposed object: (omnetpp::cMessage) FanetSarNetwork.uav[11].app.debugTimer -- check module destructor
undisposed object: (omnetpp::cMessage) FanetSarNetwork.uav[12].app.debugTimer -- check module destructor
undisposed object: (omnetpp::cMessage) FanetSarNetwork.uav[13].app.debugTimer -- check module destructor
undisposed object: (omnetpp::cMessage) FanetSarNetwork.uav[14].app.debugTimer -- check module destructor
undisposed object: (omnetpp::cMessage) FanetSarNetwork.uav[15].app.debugTimer -- check module destructor
undisposed object: (omnetpp::cMessage) FanetSarNetwork.uav[16].app.debugTimer -- check module destructor
undisposed object: (omnetpp::cMessage) FanetSarNetwork.uav[17].app.debugTimer -- check module destructor
undisposed object: (omnetpp::cMessage) FanetSarNetwork.uav[18].app.debugTimer -- check module destructor
undisposed object: (omnetpp::cMessage) FanetSarNetwork.uav[19].app.debugTimer -- check module destructor
undisposed object: (omnetpp::cMessage) FanetSarNetwork.uav[20].app.debugTimer -- check module destructor
undisposed object: (omnetpp::cMessage) FanetSarNetwork.uav[21].app.debugTimer -- check module destructor
undisposed object: (omnetpp::cMessage) FanetSarNetwork.uav[22].app.debugTimer -- check module destructor
undisposed object: (omnetpp::cMessage) FanetSarNetwork.uav[23].app.debugTimer -- check module destructor
undisposed object: (omnetpp::cMessage) FanetSarNetwork.uav[24].app.debugTimer -- check module destructor
undisposed object: (omnetpp::cMessage) FanetSarNetwork.uav[25].app.debugTimer -- check module destructor
undisposed object: (omnetpp::cMessage) FanetSarNetwork.uav[26].app.debugTimer -- check module destructor
undisposed object: (omnetpp::cMessage) FanetSarNetwork.uav[27].app.debugTimer -- check module destructor
undisposed object: (omnetpp::cMessage) FanetSarNetwork.uav[28].app.debugTimer -- check module destructor
undisposed object: (omnetpp::cMessage) FanetSarNetwork.uav[29].app.debugTimer -- check module destructor
