** Event #0   t=0   Elapsed: 1.9e-05s (0m 00s)  0% completed  (0% total)
     Speed:     ev/sec=0   simsec/sec=0   ev/simsec=0
     Messages:  created: 1178   present: 1178   in FES: 186
** Event #87040   t=12.307028804121   Elapsed: 2.00535s (0m 02s)  2% completed  (1% total)
     Speed:     ev/sec=43404.8   simsec/sec=6.13716   ev/simsec=7072.46
     Messages:  created: 82657   present: 1186   in FES: 154
** Event #162304   t=22.454614499284   Elapsed: 4.01151s (0m 04s)  4% completed  (2% total)
     Speed:     ev/sec=37516.2   simsec/sec=5.05819   ev/simsec=7416.94
     Messages:  created: 153269   present: 1186   in FES: 154
** Event #227328   t=31.278676305308   Elapsed: 6.01186s (0m 06s)  6% completed  (3% total)
     Speed:     ev/sec=32506.3   simsec/sec=4.41125   ev/simsec=7368.94
     Messages:  created: 214252   present: 1188   in FES: 147
** Event #293376   t=40.239772024322   Elapsed: 8.01934s (0m 08s)  8% completed  (4% total)
     Speed:     ev/sec=32901   simsec/sec=4.46386   ev/simsec=7370.53
     Messages:  created: 276216   present: 1196   in FES: 149
** Event #356608   t=48.454040562054   Elapsed: 10.0258s (0m 10s)  9% completed  (4% total)
     Speed:     ev/sec=31514.4   simsec/sec=4.09393   ev/simsec=7697.82
     Messages:  created: 334386   present: 1194   in FES: 149
** Event #401408   t=53.407840496847   Elapsed: 12.0302s (0m 12s)  10% completed  (5% total)
     Speed:     ev/sec=22351.1   simsec/sec=2.47149   ev/simsec=9043.56
     Messages:  created: 371930   present: 1132   in FES: 127
** Event #432384   t=56.267653985724   Elapsed: 14.0505s (0m 14s)  11% completed  (5% total)
     Speed:     ev/sec=15332.1   simsec/sec=1.41551   ev/simsec=10831.5
     Messages:  created: 395678   present: 1211   in FES: 154
** Event #461312   t=59.053395658451   Elapsed: 16.0506s (0m 16s)  11% completed  (5% total)
     Speed:     ev/sec=14463.3   simsec/sec=1.3928   ev/simsec=10384.3
     Messages:  created: 417458   present: 1139   in FES: 128
** Event #489472   t=61.354506201311   Elapsed: 18.0621s (0m 18s)  12% completed  (6% total)
     Speed:     ev/sec=13999.9   simsec/sec=1.14401   ev/simsec=12237.6
     Messages:  created: 438796   present: 1185   in FES: 146
** Event #515584   t=64.025172362227   Elapsed: 20.0726s (0m 20s)  12% completed  (6% total)
     Speed:     ev/sec=12987.5   simsec/sec=1.32833   ev/simsec=9777.34
     Messages:  created: 458466   present: 1206   in FES: 151
** Event #542464   t=66.077437907542   Elapsed: 22.0745s (0m 22s)  13% completed  (6% total)
     Speed:     ev/sec=13427.5   simsec/sec=1.02518   ev/simsec=13097.7
     Messages:  created: 478176   present: 1182   in FES: 143
** Event #561664   t=67.432160050342   Elapsed: 24.085s (0m 24s)  13% completed  (6% total)
     Speed:     ev/sec=9549.78   simsec/sec=0.673817   ev/simsec=14172.6
     Messages:  created: 491859   present: 1182   in FES: 154
** Event #584960   t=69.267782194616   Elapsed: 26.1155s (0m 26s)  13% completed  (6% total)
     Speed:     ev/sec=11473.2   simsec/sec=0.904038   ev/simsec=12691.1
     Messages:  created: 508288   present: 1127   in FES: 126
** Event #605952   t=71.076527315715   Elapsed: 28.1177s (0m 28s)  14% completed  (7% total)
     Speed:     ev/sec=10484.5   simsec/sec=0.903381   ev/simsec=11605.8
     Messages:  created: 523184   present: 1191   in FES: 154
** Event #628480   t=73.018551337907   Elapsed: 30.1287s (0m 30s)  14% completed  (7% total)
     Speed:     ev/sec=11202.3   simsec/sec=0.965691   ev/simsec=11600.3
     Messages:  created: 539028   present: 1177   in FES: 140
** Event #651776   t=74.473851434219   Elapsed: 32.1541s (0m 32s)  14% completed  (7% total)
     Speed:     ev/sec=11501.6   simsec/sec=0.718507   ev/simsec=16007.7
     Messages:  created: 555562   present: 1194   in FES: 149
** Event #675584   t=76.377233732945   Elapsed: 34.1672s (0m 34s)  15% completed  (7% total)
     Speed:     ev/sec=11826.5   simsec/sec=0.945493   ev/simsec=12508.3
     Messages:  created: 572380   present: 1167   in FES: 140
** Event #700672   t=78.324378091778   Elapsed: 36.2111s (0m 36s)  15% completed  (7% total)
     Speed:     ev/sec=12275.1   simsec/sec=0.9527   ev/simsec=12884.5
     Messages:  created: 590104   present: 1151   in FES: 134
** Event #725504   t=80.284538189397   Elapsed: 38.2471s (0m 38s)  16% completed  (8% total)
     Speed:     ev/sec=12196.4   simsec/sec=0.962743   ev/simsec=12668.4
     Messages:  created: 607666   present: 1148   in FES: 133
** Event #747776   t=82.087933021633   Elapsed: 40.2653s (0m 40s)  16% completed  (8% total)
     Speed:     ev/sec=11035.6   simsec/sec=0.893571   ev/simsec=12350
     Messages:  created: 623412   present: 1140   in FES: 127
** Event #766208   t=83.454615542359   Elapsed: 42.2827s (0m 42s)  16% completed  (8% total)
     Speed:     ev/sec=9136.29   simsec/sec=0.677431   ev/simsec=13486.7
     Messages:  created: 636469   present: 1210   in FES: 154
** Event #790272   t=85.354400946335   Elapsed: 44.3125s (0m 44s)  17% completed  (8% total)
     Speed:     ev/sec=11855.7   simsec/sec=0.935974   ev/simsec=12666.7
     Messages:  created: 653459   present: 1208   in FES: 154
** Event #814592   t=87.238081342088   Elapsed: 46.3237s (0m 46s)  17% completed  (8% total)
     Speed:     ev/sec=12092   simsec/sec=0.936576   ev/simsec=12910.9
     Messages:  created: 670484   present: 1155   in FES: 136
** Event #834304   t=89.025172427699   Elapsed: 48.336s (0m 48s)  17% completed  (8% total)
     Speed:     ev/sec=9795.75   simsec/sec=0.888083   ev/simsec=11030.2
     Messages:  created: 684272   present: 1186   in FES: 145
** Event #856320   t=90.377233412673   Elapsed: 50.3553s (0m 50s)  18% completed  (9% total)
     Speed:     ev/sec=10902.7   simsec/sec=0.669565   ev/simsec=16283.3
     Messages:  created: 699836   present: 1173   in FES: 142
** Event #879616   t=92.284537636161   Elapsed: 52.3558s (0m 52s)  18% completed  (9% total)
     Speed:     ev/sec=11645.2   simsec/sec=0.953426   ev/simsec=12214.1
     Messages:  created: 716790   present: 1172   in FES: 141
** Event #907008   t=95.08780211783   Elapsed: 54.364s (0m 54s)  19% completed  (9% total)
     Speed:     ev/sec=13639.9   simsec/sec=1.39589   ev/simsec=9771.46
     Messages:  created: 738624   present: 1199   in FES: 154
** Event #939776   t=98.432160096722   Elapsed: 56.3644s (0m 56s)  19% completed  (9% total)
     Speed:     ev/sec=16380.6   simsec/sec=1.67183   ev/simsec=9797.99
     Messages:  created: 765297   present: 1182   in FES: 154
** Event #977920   t=102.321495975404   Elapsed: 58.3761s (0m 58s)  20% completed  (10% total)
     Speed:     ev/sec=18961.3   simsec/sec=1.93338   ev/simsec=9807.33
     Messages:  created: 796031   present: 1451   in FES: 179
** Event #1018368   t=105.267757342907   Elapsed: 60.3924s (1m 00s)  21% completed  (10% total)
     Speed:     ev/sec=20060.3   simsec/sec=1.46121   ev/simsec=13728.6
     Messages:  created: 834185   present: 1746   in FES: 139
** Event #1050880   t=108.476682430137   Elapsed: 62.4101s (1m 02s)  21% completed  (10% total)
     Speed:     ev/sec=16113.7   simsec/sec=1.59042   ev/simsec=10131.7
     Messages:  created: 860096   present: 2106   in FES: 130
** Event #1088000   t=112.284410658989   Elapsed: 64.412s (1m 04s)  22% completed  (11% total)
     Speed:     ev/sec=18542   simsec/sec=1.90202   ev/simsec=9748.59
     Messages:  created: 889859   present: 2633   in FES: 154
** Event #1128448   t=116.432160154655   Elapsed: 66.4229s (1m 06s)  23% completed  (11% total)
     Speed:     ev/sec=20114.9   simsec/sec=2.06269   ev/simsec=9751.79
     Messages:  created: 922425   present: 3105   in FES: 154
** Event #1169664   t=121.016627572846   Elapsed: 68.4233s (1m 08s)  24% completed  (12% total)
     Speed:     ev/sec=20603.2   simsec/sec=2.2917   ev/simsec=8990.36
     Messages:  created: 955523   present: 3665   in FES: 154
** Event #1206784   t=124.433602183075   Elapsed: 70.4482s (1m 10s)  24% completed  (12% total)
     Speed:     ev/sec=18332.1   simsec/sec=1.68751   ev/simsec=10863.4
     Messages:  created: 985471   present: 4024   in FES: 131
** Event #1247488   t=129.01460924339   Elapsed: 72.4522s (1m 12s)  25% completed  (12% total)
     Speed:     ev/sec=20310.9   simsec/sec=2.28588   ev/simsec=8885.38
     Messages:  created: 1018169   present: 4617   in FES: 144
** Event #1285120   t=132.476679066215   Elapsed: 74.4526s (1m 14s)  26% completed  (13% total)
     Speed:     ev/sec=18812.3   simsec/sec=1.7307   ev/simsec=10869.8
     Messages:  created: 1048716   present: 5041   in FES: 149
** Event #1324800   t=137.043011242208   Elapsed: 76.4575s (1m 16s)  27% completed  (13% total)
     Speed:     ev/sec=19792.1   simsec/sec=2.27765   ev/simsec=8689.69
     Messages:  created: 1081327   present: 5579   in FES: 144
** Event #1373696   t=142.432267444095   Elapsed: 78.4593s (1m 18s)  28% completed  (14% total)
     Speed:     ev/sec=24425.8   simsec/sec=2.69218   ev/simsec=9072.87
     Messages:  created: 1123354   present: 6194   in FES: 136
** Event #1412096   t=146.407073690566   Elapsed: 80.4693s (1m 20s)  29% completed  (14% total)
     Speed:     ev/sec=19104.4   simsec/sec=1.97751   ev/simsec=9660.85
     Messages:  created: 1154333   present: 6655   in FES: 130
** Event #1451264   t=150.409184230072   Elapsed: 82.4703s (1m 22s)  30% completed  (15% total)
     Speed:     ev/sec=19574   simsec/sec=2.00003   ev/simsec=9786.84
     Messages:  created: 1185957   present: 7173   in FES: 142
** Event #1490432   t=154.432271477909   Elapsed: 84.4758s (1m 24s)  30% completed  (15% total)
     Speed:     ev/sec=19530.7   simsec/sec=2.00606   ev/simsec=9735.81
     Messages:  created: 1217500   present: 7600   in FES: 124
** Event #1526016   t=158.109264724306   Elapsed: 86.48s (1m 26s)  31% completed  (15% total)
     Speed:     ev/sec=17754.8   simsec/sec=1.83465   ev/simsec=9677.47
     Messages:  created: 1246187   present: 8042   in FES: 125
** Event #1564672   t=162.407068013796   Elapsed: 88.4857s (1m 28s)  32% completed  (16% total)
     Speed:     ev/sec=19272.9   simsec/sec=2.14277   ev/simsec=8994.36
     Messages:  created: 1278645   present: 8636   in FES: 151
** Event #1624064   t=170.307102690596   Elapsed: 90.492s (1m 30s)  34% completed  (17% total)
     Speed:     ev/sec=29602.4   simsec/sec=3.93757   ev/simsec=7517.94
     Messages:  created: 1333178   present: 9585   in FES: 151
** Event #1684480   t=178.354478319063   Elapsed: 92.4932s (1m 32s)  35% completed  (17% total)
     Speed:     ev/sec=30189.8   simsec/sec=4.02127   ev/simsec=7507.54
     Messages:  created: 1388633   present: 10538   in FES: 147
** Event #1743872   t=186.065662604011   Elapsed: 94.4994s (1m 34s)  37% completed  (18% total)
     Speed:     ev/sec=29604.8   simsec/sec=3.84375   ev/simsec=7702.06
     Messages:  created: 1441568   present: 11397   in FES: 123
** Event #1787648   t=191.013224291959   Elapsed: 96.5028s (1m 36s)  38% completed  (19% total)
     Speed:     ev/sec=21850.9   simsec/sec=2.46958   ev/simsec=8847.99
     Messages:  created: 1477463   present: 12081   in FES: 152
** Event #1830912   t=195.278700837959   Elapsed: 98.5154s (1m 38s)  39% completed  (19% total)
     Speed:     ev/sec=21496   simsec/sec=2.11933   ev/simsec=10142.8
     Messages:  created: 1512957   present: 12555   in FES: 142
** Event #1867520   t=199.239796092247   Elapsed: 100.521s (1m 40s)  39% completed  (19% total)
     Speed:     ev/sec=18255.3   simsec/sec=1.97528   ev/simsec=9241.89
     Messages:  created: 1542888   present: 13042   in FES: 144
** Event #1921536   t=201.432262504398   Elapsed: 102.534s (1m 42s)  40% completed  (20% total)
     Speed:     ev/sec=26827.2   simsec/sec=1.08889   ev/simsec=24637.1
     Messages:  created: 1604382   present: 13181   in FES: 136
** Event #1981696   t=203.148301604902   Elapsed: 104.54s (1m 44s)  40% completed  (20% total)
     Speed:     ev/sec=29992.9   simsec/sec=0.855535   ev/simsec=35057.5
     Messages:  created: 1676891   present: 13300   in FES: 154
** Event #2036224   t=204.814441061363   Elapsed: 106.54s (1m 46s)  40% completed  (20% total)
     Speed:     ev/sec=27261.4   simsec/sec=0.83299   ev/simsec=32727.2
     Messages:  created: 1742971   present: 13340   in FES: 155
** Event #2081536   t=206.31404889072   Elapsed: 108.555s (1m 48s)  41% completed  (20% total)
     Speed:     ev/sec=22485   simsec/sec=0.744146   ev/simsec=30215.9
     Messages:  created: 1795319   present: 13458   in FES: 154
** Event #2130688   t=208.313781306148   Elapsed: 110.563s (1m 50s)  41% completed  (20% total)
     Speed:     ev/sec=24479.9   simsec/sec=0.995955   ev/simsec=24579.3
     Messages:  created: 1851386   present: 13452   in FES: 124
** Event #2185216   t=210.120290068973   Elapsed: 112.569s (1m 52s)  42% completed  (21% total)
     Speed:     ev/sec=27180.9   simsec/sec=0.9005   ev/simsec=30184.2
     Messages:  created: 1915008   present: 13604   in FES: 171
** Event #2234624   t=211.205595072166   Elapsed: 114.584s (1m 54s)  42% completed  (21% total)
     Speed:     ev/sec=24524.4   simsec/sec=0.538708   ev/simsec=45524.5
     Messages:  created: 1974827   present: 13554   in FES: 156
** Event #2281472   t=212.205373255843   Elapsed: 116.596s (1m 56s)  42% completed  (21% total)
     Speed:     ev/sec=23289.1   simsec/sec=0.49701   ev/simsec=46858.4
     Messages:  created: 2030925   present: 13613   in FES: 154
** Event #2324480   t=212.870025819996   Elapsed: 118.597s (1m 58s)  42% completed  (21% total)
     Speed:     ev/sec=21492.7   simsec/sec=0.332152   ev/simsec=64707.5
     Messages:  created: 2086452   present: 13605   in FES: 154
** Event #2366208   t=213.649866013738   Elapsed: 120.603s (2m 00s)  42% completed  (21% total)
     Speed:     ev/sec=20796.5   simsec/sec=0.388658   ev/simsec=53508.4
     Messages:  created: 2136081   present: 13550   in FES: 125
** Event #2412544   t=214.665272680401   Elapsed: 122.604s (2m 02s)  42% completed  (21% total)
     Speed:     ev/sec=23161.1   simsec/sec=0.507553   ev/simsec=45632.9
     Messages:  created: 2191663   present: 13580   in FES: 139
** Event #2458880   t=215.672321796193   Elapsed: 124.617s (2m 04s)  43% completed  (21% total)
     Speed:     ev/sec=23021.8   simsec/sec=0.500347   ev/simsec=46011.7
     Messages:  created: 2247406   present: 13641   in FES: 156
** Event #2500096   t=216.538307361202   Elapsed: 126.622s (2m 06s)  43% completed  (21% total)
     Speed:     ev/sec=20555.5   simsec/sec=0.43189   ev/simsec=47594.3
     Messages:  created: 2296261   present: 13614   in FES: 148
** Event #2548736   t=217.487483958194   Elapsed: 128.626s (2m 08s)  43% completed  (21% total)
     Speed:     ev/sec=24268.1   simsec/sec=0.473576   ev/simsec=51244.4
     Messages:  created: 2354452   present: 13627   in FES: 155
** Event #2600448   t=218.487529979977   Elapsed: 130.626s (2m 10s)  43% completed  (21% total)
     Speed:     ev/sec=25854.4   simsec/sec=0.499992   ev/simsec=51709.6
     Messages:  created: 2416889   present: 13621   in FES: 143
** Event #2658048   t=219.671462637269   Elapsed: 132.632s (2m 12s)  43% completed  (21% total)
     Speed:     ev/sec=28709.1   simsec/sec=0.590098   ev/simsec=48651.4
     Messages:  created: 2487439   present: 13622   in FES: 156
** Event #2701568   t=220.484479735635   Elapsed: 134.638s (2m 14s)  44% completed  (22% total)
     Speed:     ev/sec=21702.6   simsec/sec=0.405436   ev/simsec=53529
     Messages:  created: 2539755   present: 13649   in FES: 168
** Event #2757120   t=222.014938372397   Elapsed: 136.64s (2m 16s)  44% completed  (22% total)
     Speed:     ev/sec=27740.2   simsec/sec=0.764244   ev/simsec=36297.6
     Messages:  created: 2607267   present: 13598   in FES: 124
** Event #2804224   t=223.890720035279   Elapsed: 138.642s (2m 18s)  44% completed  (22% total)
     Speed:     ev/sec=23534.1   simsec/sec=0.93718   ev/simsec=25111.7
     Messages:  created: 2660834   present: 13707   in FES: 160
** Event #2852864   t=225.487529985555   Elapsed: 140.646s (2m 20s)  45% completed  (22% total)
     Speed:     ev/sec=24263.8   simsec/sec=0.796561   ev/simsec=30460.7
     Messages:  created: 2715680   present: 13773   in FES: 138
** Event #2901504   t=226.606483543791   Elapsed: 142.65s (2m 22s)  45% completed  (22% total)
     Speed:     ev/sec=24274.7   simsec/sec=0.558434   ev/simsec=43469.2
     Messages:  created: 2775911   present: 13894   in FES: 136
** Event #2966528   t=226.802117515784   Elapsed: 144.656s (2m 24s)  45% completed  (22% total)
     Speed:     ev/sec=32412.2   simsec/sec=0.0975168   ev/simsec=332376
     Messages:  created: 2865237   present: 13961   in FES: 162
** Event #3035904   t=227.089452264273   Elapsed: 146.658s (2m 26s)  45% completed  (22% total)
     Speed:     ev/sec=34658.4   simsec/sec=0.143545   ev/simsec=241447
     Messages:  created: 2958211   present: 13958   in FES: 161
** Event #3087616   t=228.455642449008   Elapsed: 148.664s (2m 28s)  45% completed  (22% total)
     Speed:     ev/sec=25783.5   simsec/sec=0.68118   ev/simsec=37851.2
     Messages:  created: 3020248   present: 13892   in FES: 128
** Event #3142912   t=230.240093388047   Elapsed: 150.666s (2m 30s)  46% completed  (23% total)
     Speed:     ev/sec=27614.2   simsec/sec=0.891136   ev/simsec=30987.7
     Messages:  created: 3085660   present: 13968   in FES: 133
** Event #3204352   t=231.942968594417   Elapsed: 152.669s (2m 32s)  46% completed  (23% total)
     Speed:     ev/sec=30681   simsec/sec=0.850356   ev/simsec=36080.2
     Messages:  created: 3158444   present: 14126   in FES: 156
** Event #3260928   t=233.442700973712   Elapsed: 154.67s (2m 34s)  46% completed  (23% total)
     Speed:     ev/sec=28269   simsec/sec=0.749362   ev/simsec=37724.1
     Messages:  created: 3225667   present: 14106   in FES: 126
** Event #3320832   t=234.550814893404   Elapsed: 156.678s (2m 36s)  46% completed  (23% total)
     Speed:     ev/sec=29833.7   simsec/sec=0.551868   ev/simsec=54059.4
     Messages:  created: 3299786   present: 13972   in FES: 174
** Event #3376896   t=235.835889913925   Elapsed: 158.679s (2m 38s)  47% completed  (23% total)
     Speed:     ev/sec=28019.4   simsec/sec=0.642248   ev/simsec=43627
     Messages:  created: 3369010   present: 13930   in FES: 153
** Event #3439104   t=236.360018445033   Elapsed: 160.683s (2m 40s)  47% completed  (23% total)
     Speed:     ev/sec=31030.8   simsec/sec=0.261447   ev/simsec=118688
     Messages:  created: 3449303   present: 13461   in FES: 160
** Event #3501056   t=237.690124439879   Elapsed: 162.684s (2m 42s)  47% completed  (23% total)
     Speed:     ev/sec=30974.2   simsec/sec=0.665015   ev/simsec=46576.7
     Messages:  created: 3524312   present: 13401   in FES: 134
** Event #3546624   t=238.62688429005   Elapsed: 164.693s (2m 44s)  47% completed  (23% total)
     Speed:     ev/sec=22679.5   simsec/sec=0.466231   ev/simsec=48644.3
     Messages:  created: 3579131   present: 13501   in FES: 161
** Event #3603200   t=239.918404703451   Elapsed: 166.706s (2m 46s)  47% completed  (23% total)
     Speed:     ev/sec=28100.7   simsec/sec=0.641484   ev/simsec=43805.7
     Messages:  created: 3647596   present: 13583   in FES: 158
** Event #3657472   t=241.01460801722   Elapsed: 168.711s (2m 48s)  48% completed  (24% total)
     Speed:     ev/sec=27075.7   simsec/sec=0.546883   ev/simsec=49509.1
     Messages:  created: 3713034   present: 13640   in FES: 158
** Event #3711488   t=242.158083312453   Elapsed: 170.718s (2m 50s)  48% completed  (24% total)
     Speed:     ev/sec=26914.6   simsec/sec=0.56976   ev/simsec=47238.4
     Messages:  created: 3776417   present: 13665   in FES: 157
** Event #3757568   t=243.111009606143   Elapsed: 172.718s (2m 52s)  48% completed  (24% total)
     Speed:     ev/sec=23029   simsec/sec=0.476236   ev/simsec=48356.3
     Messages:  created: 3830465   present: 13714   in FES: 155
** Event #3812096   t=244.531875246445   Elapsed: 174.721s (2m 54s)  48% completed  (24% total)
     Speed:     ev/sec=27228.6   simsec/sec=0.709511   ev/simsec=38376.6
     Messages:  created: 3895996   present: 13716   in FES: 128
** Event #3875328   t=246.007366143612   Elapsed: 176.724s (2m 56s)  49% completed  (24% total)
     Speed:     ev/sec=31569.9   simsec/sec=0.736669   ev/simsec=42854.9
     Messages:  created: 3976222   present: 13312   in FES: 127
** Event #3933184   t=249.390765483009   Elapsed: 178.727s (2m 58s)  49% completed  (24% total)
     Speed:     ev/sec=28883.7   simsec/sec=1.68911   ev/simsec=17100
     Messages:  created: 4041478   present: 13640   in FES: 152
** Event #3987712   t=252.82602384099   Elapsed: 180.731s (3m 00s)  50% completed  (25% total)
     Speed:     ev/sec=27210   simsec/sec=1.71423   ev/simsec=15873
     Messages:  created: 4103864   present: 13869   in FES: 140
** Event #4045824   t=255.033313474188   Elapsed: 182.738s (3m 02s)  51% completed  (25% total)
     Speed:     ev/sec=28961.9   simsec/sec=1.10007   ev/simsec=26327.3
     Messages:  created: 4173090   present: 13989   in FES: 141
** Event #4098816   t=256.771694353035   Elapsed: 184.74s (3m 04s)  51% completed  (25% total)
     Speed:     ev/sec=26462.5   simsec/sec=0.868092   ev/simsec=30483.5
     Messages:  created: 4235898   present: 14075   in FES: 147
** Event #4153344   t=258.455638074008   Elapsed: 186.751s (3m 06s)  51% completed  (25% total)
     Speed:     ev/sec=27118.6   simsec/sec=0.83748   ev/simsec=32381.1
     Messages:  created: 4299889   present: 14189   in FES: 164
** Event #4214784   t=260.276621408243   Elapsed: 188.755s (3m 08s)  52% completed  (26% total)
     Speed:     ev/sec=30650.1   simsec/sec=0.908421   ev/simsec=33740
     Messages:  created: 4373756   present: 14260   in FES: 160
** Event #4261376   t=261.684648456052   Elapsed: 190.76s (3m 10s)  52% completed  (26% total)
     Speed:     ev/sec=23243.1   simsec/sec=0.702415   ev/simsec=33090.3
     Messages:  created: 4429735   present: 14218   in FES: 125
** Event #4320256   t=263.324347551517   Elapsed: 192.775s (3m 12s)  52% completed  (26% total)
     Speed:     ev/sec=29222.5   simsec/sec=0.813792   ev/simsec=35909
     Messages:  created: 4500317   present: 14301   in FES: 129
** Event #4377088   t=265.051376678235   Elapsed: 194.788s (3m 14s)  53% completed  (26% total)
     Speed:     ev/sec=28231.6   simsec/sec=0.857912   ev/simsec=32907.4
     Messages:  created: 4569603   present: 14449   in FES: 155
** Event #4433664   t=266.604112463596   Elapsed: 196.792s (3m 16s)  53% completed  (26% total)
     Speed:     ev/sec=28232.5   simsec/sec=0.774845   ev/simsec=36436.3
     Messages:  created: 4637809   present: 14457   in FES: 155
** Event #4489728   t=268.066770841827   Elapsed: 198.795s (3m 18s)  53% completed  (26% total)
     Speed:     ev/sec=27990.1   simsec/sec=0.730237   ev/simsec=38330.2
     Messages:  created: 4706321   present: 14573   in FES: 154
** Event #4548608   t=269.761445787167   Elapsed: 200.8s (3m 20s)  53% completed  (26% total)
     Speed:     ev/sec=29367.6   simsec/sec=0.845255   ev/simsec=34744.1
     Messages:  created: 4777386   present: 14629   in FES: 152
** Event #4604160   t=271.293300609788   Elapsed: 202.809s (3m 22s)  54% completed  (27% total)
     Speed:     ev/sec=27641.4   simsec/sec=0.762215   ev/simsec=36264.5
     Messages:  created: 4842155   present: 14625   in FES: 124
** Event #4653312   t=272.618078362551   Elapsed: 204.817s (3m 24s)  54% completed  (27% total)
     Speed:     ev/sec=24480.2   simsec/sec=0.659807   ev/simsec=37102.1
     Messages:  created: 4899971   present: 14770   in FES: 154
** Event #4700672   t=274.0997803692   Elapsed: 206.823s (3m 26s)  54% completed  (27% total)
     Speed:     ev/sec=23610   simsec/sec=0.73866   ev/simsec=31963.2
     Messages:  created: 4954313   present: 14817   in FES: 136
** Event #4749312   t=276.109440237517   Elapsed: 208.828s (3m 28s)  55% completed  (27% total)
     Speed:     ev/sec=24266.4   simsec/sec=1.00262   ev/simsec=24203.1
     Messages:  created: 5008961   present: 14916   in FES: 125
** Event #4804096   t=278.1927027433   Elapsed: 210.832s (3m 30s)  55% completed  (27% total)
     Speed:     ev/sec=27333.5   simsec/sec=1.0394   ev/simsec=26297.2
     Messages:  created: 5071270   present: 15138   in FES: 155
** Event #4856832   t=280.407046189338   Elapsed: 212.836s (3m 32s)  56% completed  (28% total)
     Speed:     ev/sec=26311.1   simsec/sec=1.10478   ev/simsec=23815.6
     Messages:  created: 5130216   present: 15230   in FES: 131
** Event #4909824   t=282.870025913366   Elapsed: 214.839s (3m 34s)  56% completed  (28% total)
     Speed:     ev/sec=26465.3   simsec/sec=1.23006   ev/simsec=21515.4
     Messages:  created: 5190640   present: 15459   in FES: 154
** Event #4955904   t=284.57575390744   Elapsed: 216.845s (3m 36s)  56% completed  (28% total)
     Speed:     ev/sec=22966.5   simsec/sec=0.850144   ev/simsec=27014.9
     Messages:  created: 5242917   present: 15510   in FES: 124
** Event #5017600   t=286.137551038406   Elapsed: 218.849s (3m 38s)  57% completed  (28% total)
     Speed:     ev/sec=30780.1   simsec/sec=0.77918   ev/simsec=39503.2
     Messages:  created: 5318991   present: 15761   in FES: 165
** Event #5075712   t=287.377187180733   Elapsed: 220.856s (3m 40s)  57% completed  (28% total)
     Speed:     ev/sec=28954.5   simsec/sec=0.617652   ev/simsec=46878.3
     Messages:  created: 5391900   present: 15767   in FES: 139
** Event #5118720   t=291.218215791749   Elapsed: 222.866s (3m 42s)  58% completed  (29% total)
     Speed:     ev/sec=21401.6   simsec/sec=1.91136   ev/simsec=11197
     Messages:  created: 5430582   present: 16234   in FES: 150
** Event #5158400   t=295.029453159393   Elapsed: 224.87s (3m 44s)  59% completed  (29% total)
     Speed:     ev/sec=19801   simsec/sec=1.90187   ev/simsec=10411.3
     Messages:  created: 5465881   present: 16637   in FES: 136
** Event #5197056   t=298.419178771076   Elapsed: 226.883s (3m 46s)  59% completed  (29% total)
     Speed:     ev/sec=19201.8   simsec/sec=1.6838   ev/simsec=11403.9
     Messages:  created: 5500723   present: 16988   in FES: 122
** Event #5234944   t=302.263193817567   Elapsed: 228.929s (3m 48s)  60% completed  (30% total)
     Speed:     ev/sec=18515.2   simsec/sec=1.87851   ev/simsec=9856.36
     Messages:  created: 5536112   present: 17507   in FES: 147
** Event #5286400   t=308.053393822189   Elapsed: 230.932s (3m 50s)  61% completed  (30% total)
     Speed:     ev/sec=25695.5   simsec/sec=2.89144   ev/simsec=8886.74
     Messages:  created: 5586079   present: 18195   in FES: 149
** Event #5346304   t=314.432928436855   Elapsed: 232.94s (3m 52s)  62% completed  (31% total)
     Speed:     ev/sec=29828.1   simsec/sec=3.17657   ev/simsec=9390.03
     Messages:  created: 5644335   present: 18943   in FES: 168
** Event #5389568   t=318.4336914117   Elapsed: 234.946s (3m 54s)  63% completed  (31% total)
     Speed:     ev/sec=21568.9   simsec/sec=1.99455   ev/simsec=10813.9
     Messages:  created: 5683510   present: 19409   in FES: 168
** Event #5435648   t=323.014993367081   Elapsed: 236.949s (3m 56s)  64% completed  (32% total)
     Speed:     ev/sec=23005.7   simsec/sec=2.28724   ev/simsec=10058.3
     Messages:  created: 5724880   present: 19912   in FES: 143
** Event #5477632   t=326.737261715345   Elapsed: 238.949s (3m 58s)  65% completed  (32% total)
     Speed:     ev/sec=20989.3   simsec/sec=1.8609   ev/simsec=11279.1
     Messages:  created: 5762381   present: 20276   in FES: 122
** Event #5518848   t=330.308179773479   Elapsed: 240.964s (4m 00s)  66% completed  (33% total)
     Speed:     ev/sec=20462.2   simsec/sec=1.77283   ev/simsec=11542.1
     Messages:  created: 5798837   present: 20690   in FES: 123
** Event #5551360   t=333.116469062909   Elapsed: 242.967s (4m 02s)  66% completed  (33% total)
     Speed:     ev/sec=16226.2   simsec/sec=1.40157   ev/simsec=11577.2
     Messages:  created: 5826933   present: 21039   in FES: 131
** Event #5579520   t=335.307156182636   Elapsed: 244.981s (4m 04s)  67% completed  (33% total)
     Speed:     ev/sec=13981.2   simsec/sec=1.08766   ev/simsec=12854.4
     Messages:  created: 5850173   present: 21288   in FES: 129
** Event #5606656   t=337.202441244037   Elapsed: 246.982s (4m 06s)  67% completed  (33% total)
     Speed:     ev/sec=13560   simsec/sec=0.947085   ev/simsec=14317.6
     Messages:  created: 5871565   present: 21492   in FES: 124
** Event #5628672   t=339.00915575755   Elapsed: 248.985s (4m 08s)  67% completed  (33% total)
     Speed:     ev/sec=10992.6   simsec/sec=0.902094   ev/simsec=12185.7
     Messages:  created: 5888898   present: 21753   in FES: 141
** Event #5653760   t=340.324377452361   Elapsed: 251.011s (4m 11s)  68% completed  (34% total)
     Speed:     ev/sec=12386.9   simsec/sec=0.649377   ev/simsec=19075.1
     Messages:  created: 5908015   present: 21939   in FES: 152
** Event #5677056   t=342.065657175631   Elapsed: 253.015s (4m 13s)  68% completed  (34% total)
     Speed:     ev/sec=11624.1   simsec/sec=0.868853   ev/simsec=13378.7
     Messages:  created: 5926267   present: 22103   in FES: 139
** Event #5698560   t=343.335861757001   Elapsed: 255.042s (4m 15s)  68% completed  (34% total)
     Speed:     ev/sec=10607.9   simsec/sec=0.626593   ev/simsec=16929.6
     Messages:  created: 5942737   present: 22227   in FES: 132
** Event #5721344   t=345.053392304418   Elapsed: 257.047s (4m 17s)  69% completed  (34% total)
     Speed:     ev/sec=11364   simsec/sec=0.856657   ev/simsec=13265.6
     Messages:  created: 5960667   present: 22505   in FES: 153
** Event #5743616   t=346.377233544554   Elapsed: 259.064s (4m 19s)  69% completed  (34% total)
     Speed:     ev/sec=11039.1   simsec/sec=0.656161   ev/simsec=16823.8
     Messages:  created: 5977707   present: 22605   in FES: 140
** Event #5767424   t=348.08499042371   Elapsed: 261.069s (4m 21s)  69% completed  (34% total)
     Speed:     ev/sec=11874   simsec/sec=0.851729   ev/simsec=13941.1
     Messages:  created: 5996484   present: 22823   in FES: 147
** Event #5787648   t=349.33782268047   Elapsed: 263.113s (4m 23s)  69% completed  (34% total)
     Speed:     ev/sec=9895.65   simsec/sec=0.613014   ev/simsec=16142.6
     Messages:  created: 6012050   present: 22934   in FES: 143
** Event #5805312   t=350.484213468153   Elapsed: 265.146s (4m 25s)  70% completed  (35% total)
     Speed:     ev/sec=8687.85   simsec/sec=0.56384   ev/simsec=15408.4
     Messages:  created: 6025868   present: 23040   in FES: 133
** Event #5831168   t=352.32152006975   Elapsed: 267.156s (4m 27s)  70% completed  (35% total)
     Speed:     ev/sec=12868.1   simsec/sec=0.914398   ev/simsec=14072.8
     Messages:  created: 6046190   present: 23310   in FES: 145
** Event #5857536   t=354.239819770375   Elapsed: 269.188s (4m 29s)  70% completed  (35% total)
     Speed:     ev/sec=12977   simsec/sec=0.944087   ev/simsec=13745.5
     Messages:  created: 6067378   present: 23470   in FES: 123
** Event #5882880   t=356.105812040419   Elapsed: 271.193s (4m 31s)  71% completed  (35% total)
     Speed:     ev/sec=12640   simsec/sec=0.93064   ev/simsec=13582
     Messages:  created: 6087807   present: 23747   in FES: 144
** Event #5907456   t=358.072591078209   Elapsed: 273.201s (4m 33s)  71% completed  (35% total)
     Speed:     ev/sec=12239.6   simsec/sec=0.979519   ev/simsec=12495.6
     Messages:  created: 6107900   present: 23952   in FES: 136
** Event #5937152   t=360.205435859148   Elapsed: 275.219s (4m 35s)  72% completed  (36% total)
     Speed:     ev/sec=14712.9   simsec/sec=1.05672   ev/simsec=13923.2
     Messages:  created: 6132625   present: 24178   in FES: 148
** Event #5972736   t=361.385071864045   Elapsed: 277.222s (4m 37s)  72% completed  (36% total)
     Speed:     ev/sec=17766.2   simsec/sec=0.588963   ev/simsec=30165.2
     Messages:  created: 6171755   present: 23666   in FES: 146
** Event #6019584   t=361.591234307701   Elapsed: 279.253s (4m 39s)  72% completed  (36% total)
     Speed:     ev/sec=23063   simsec/sec=0.101493   ev/simsec=227238
     Messages:  created: 6233399   present: 22995   in FES: 571
** Event #6075904   t=361.726932874866   Elapsed: 281.265s (4m 41s)  72% completed  (36% total)
     Speed:     ev/sec=27990.9   simsec/sec=0.0674419   ev/simsec=415038
     Messages:  created: 6310678   present: 22534   in FES: 157
** Event #6121216   t=363.08792426139   Elapsed: 283.266s (4m 43s)  72% completed  (36% total)
     Speed:     ev/sec=22643.3   simsec/sec=0.680115   ev/simsec=33293.4
     Messages:  created: 6360631   present: 22584   in FES: 147
** Event #6161152   t=364.28452546813   Elapsed: 285.268s (4m 45s)  72% completed  (36% total)
     Speed:     ev/sec=19952.8   simsec/sec=0.597845   ev/simsec=33374.5
     Messages:  created: 6403363   present: 22717   in FES: 154
** Event #6198016   t=365.409079719237   Elapsed: 287.289s (4m 47s)  73% completed  (36% total)
     Speed:     ev/sec=18239.1   simsec/sec=0.556392   ev/simsec=32781
     Messages:  created: 6442020   present: 22816   in FES: 155
** Event #6230528   t=367.021299807785   Elapsed: 289.314s (4m 49s)  73% completed  (36% total)
     Speed:     ev/sec=16055.1   simsec/sec=0.796148   ev/simsec=20166
     Messages:  created: 6474358   present: 23002   in FES: 157
** Event #6262784   t=368.020647908457   Elapsed: 291.32s (4m 51s)  73% completed  (36% total)
     Speed:     ev/sec=16079.9   simsec/sec=0.498183   ev/simsec=32277
     Messages:  created: 6509114   present: 23061   in FES: 155
** Event #6286848   t=369.476602494034   Elapsed: 293.323s (4m 53s)  73% completed  (36% total)
     Speed:     ev/sec=12012.8   simsec/sec=0.726818   ev/simsec=16528
     Messages:  created: 6527236   present: 23228   in FES: 155
** Event #6310400   t=371.407077156725   Elapsed: 295.352s (4m 55s)  74% completed  (37% total)
     Speed:     ev/sec=11607.4   simsec/sec=0.95142   ev/simsec=12200.1
     Messages:  created: 6544104   present: 23410   in FES: 136
** Event #6333440   t=373.263223223878   Elapsed: 297.364s (4m 57s)  74% completed  (37% total)
     Speed:     ev/sec=11450.4   simsec/sec=0.922465   ev/simsec=12412.8
     Messages:  created: 6560504   present: 23614   in FES: 130
** Event #6356224   t=375.213137484299   Elapsed: 299.392s (4m 59s)  75% completed  (37% total)
     Speed:     ev/sec=11235   simsec/sec=0.961521   ev/simsec=11684.6
     Messages:  created: 6577138   present: 23887   in FES: 143
** Event #6379008   t=377.319616359315   Elapsed: 301.422s (5m 01s)  75% completed  (37% total)
     Speed:     ev/sec=11224.5   simsec/sec=1.03775   ev/simsec=10816.2
     Messages:  created: 6594535   present: 24080   in FES: 122
** Event #6407168   t=380.087804375448   Elapsed: 303.426s (5m 03s)  76% completed  (38% total)
     Speed:     ev/sec=14055.2   simsec/sec=1.38166   ev/simsec=10172.7
     Messages:  created: 6616295   present: 24505   in FES: 156
** Event #6435072   t=383.025172318481   Elapsed: 305.433s (5m 05s)  76% completed  (38% total)
     Speed:     ev/sec=13903   simsec/sec=1.46352   ev/simsec=9499.66
     Messages:  created: 6637853   present: 24851   in FES: 150
** Event #6464000   t=386.01460972697   Elapsed: 307.434s (5m 07s)  77% completed  (38% total)
     Speed:     ev/sec=14452.8   simsec/sec=1.49356   ev/simsec=9676.74
     Messages:  created: 6660818   present: 25184   in FES: 140
** Event #6508288   t=391.267654897006   Elapsed: 309.443s (5m 09s)  78% completed  (39% total)
     Speed:     ev/sec=22043.2   simsec/sec=2.61456   ev/simsec=8430.92
     Messages:  created: 6700484   present: 25842   in FES: 154
** Event #6571520   t=400.016627369961   Elapsed: 311.444s (5m 11s)  80% completed  (40% total)
     Speed:     ev/sec=31610.8   simsec/sec=4.37377   ev/simsec=7227.36
     Messages:  created: 6758307   present: 26814   in FES: 124
** Event #6633472   t=408.076527425891   Elapsed: 313.446s (5m 13s)  81% completed  (40% total)
     Speed:     ev/sec=30949.1   simsec/sec=4.02645   ev/simsec=7686.45
     Messages:  created: 6815308   present: 27848   in FES: 154
** Event #6680064   t=413.239776987992   Elapsed: 315.446s (5m 15s)  82% completed  (41% total)
     Speed:     ev/sec=23289.5   simsec/sec=2.5809   ev/simsec=9023.77
     Messages:  created: 6855980   present: 28418   in FES: 137
** Event #6719744   t=417.454065353766   Elapsed: 317.452s (5m 17s)  83% completed  (41% total)
     Speed:     ev/sec=19781   simsec/sec=2.10088   ev/simsec=9415.59
     Messages:  created: 6888448   present: 28950   in FES: 141
** Event #6764288   t=422.278602508674   Elapsed: 319.47s (5m 19s)  84% completed  (42% total)
     Speed:     ev/sec=22073.3   simsec/sec=2.39074   ev/simsec=9232.8
     Messages:  created: 6924913   present: 29554   in FES: 154
** Event #6802432   t=426.377205299284   Elapsed: 321.481s (5m 21s)  85% completed  (42% total)
     Speed:     ev/sec=18966.2   simsec/sec=2.03793   ev/simsec=9306.59
     Messages:  created: 6956118   present: 30047   in FES: 150
** Event #6846976   t=431.202519376032   Elapsed: 323.486s (5m 23s)  86% completed  (43% total)
     Speed:     ev/sec=22217.4   simsec/sec=2.40674   ev/simsec=9231.32
     Messages:  created: 6992528   present: 30629   in FES: 150
** Event #6888192   t=436.007365032243   Elapsed: 325.49s (5m 25s)  87% completed  (43% total)
     Speed:     ev/sec=20564.3   simsec/sec=2.39732   ev/simsec=8578.01
     Messages:  created: 7026154   present: 31183   in FES: 142
** Event #6930944   t=440.284509517092   Elapsed: 327.493s (5m 27s)  88% completed  (44% total)
     Speed:     ev/sec=21348.6   simsec/sec=2.13584   ev/simsec=9995.45
     Messages:  created: 7061648   present: 31707   in FES: 146
** Event #6975488   t=445.09795094952   Elapsed: 329.496s (5m 29s)  89% completed  (44% total)
     Speed:     ev/sec=22239.6   simsec/sec=2.40322   ev/simsec=9254.09
     Messages:  created: 7098058   present: 32282   in FES: 145
** Event #7008512   t=448.432159976568   Elapsed: 331.505s (5m 31s)  89% completed  (44% total)
     Speed:     ev/sec=16440.8   simsec/sec=1.65992   ev/simsec=9904.6
     Messages:  created: 7124283   present: 32613   in FES: 123
** Event #7033088   t=450.476600973401   Elapsed: 333.516s (5m 33s)  90% completed  (45% total)
     Speed:     ev/sec=12218   simsec/sec=1.0164   ev/simsec=12020.9
     Messages:  created: 7142211   present: 32861   in FES: 124
** Event #7056128   t=452.281809193596   Elapsed: 335.545s (5m 35s)  90% completed  (45% total)
     Speed:     ev/sec=11355.9   simsec/sec=0.889745   ev/simsec=12763.1
     Messages:  created: 7158296   present: 33111   in FES: 134
** Event #7077376   t=454.072535506287   Elapsed: 337.554s (5m 37s)  90% completed  (45% total)
     Speed:     ev/sec=10578.4   simsec/sec=0.891524   ev/simsec=11865.6
     Messages:  created: 7173050   present: 33300   in FES: 125
** Event #7095552   t=455.284537456406   Elapsed: 339.579s (5m 39s)  91% completed  (45% total)
     Speed:     ev/sec=8972.9   simsec/sec=0.598326   ev/simsec=14996.7
     Messages:  created: 7185800   present: 33519   in FES: 150
** Event #7116544   t=457.072535630755   Elapsed: 341.587s (5m 41s)  91% completed  (45% total)
     Speed:     ev/sec=10457   simsec/sec=0.890674   ev/simsec=11740.5
     Messages:  created: 7200446   present: 33729   in FES: 154
** Event #7136000   t=458.409078097762   Elapsed: 343.588s (5m 43s)  91% completed  (45% total)
     Speed:     ev/sec=9721.89   simsec/sec=0.667851   ev/simsec=14557
     Messages:  created: 7214154   present: 33887   in FES: 154
** Event #7163904   t=461.324247382698   Elapsed: 345.589s (5m 45s)  92% completed  (46% total)
     Speed:     ev/sec=13943.7   simsec/sec=1.45671   ev/simsec=9572
     Messages:  created: 7236649   present: 34226   in FES: 154
** Event #7197952   t=465.080889469968   Elapsed: 347.6s (5m 47s)  93% completed  (46% total)
     Speed:     ev/sec=16933.5   simsec/sec=1.86834   ev/simsec=9063.41
     Messages:  created: 7264378   present: 34637   in FES: 128
** Event #7240960   t=470.007366029735   Elapsed: 349.607s (5m 49s)  94% completed  (47% total)
     Speed:     ev/sec=21424.4   simsec/sec=2.45412   ev/simsec=8729.97
     Messages:  created: 7299420   present: 35241   in FES: 134
** Event #7283968   t=474.26310374115   Elapsed: 351.62s (5m 51s)  94% completed  (47% total)
     Speed:     ev/sec=21372.3   simsec/sec=2.11484   ev/simsec=10105.9
     Messages:  created: 7334825   present: 35794   in FES: 165
** Event #7321856   t=478.307130990203   Elapsed: 353.628s (5m 53s)  95% completed  (47% total)
     Speed:     ev/sec=18860.8   simsec/sec=2.01314   ev/simsec=9368.88
     Messages:  created: 7365797   present: 20736   in FES: 145
** Event #7360768   t=482.454777531438   Elapsed: 355.639s (5m 55s)  96% completed  (48% total)
     Speed:     ev/sec=19351   simsec/sec=2.06263   ev/simsec=9381.71
     Messages:  created: 7397633   present: 21254   in FES: 151
** Event #7396608   t=486.407068632632   Elapsed: 357.645s (5m 57s)  97% completed  (48% total)
     Speed:     ev/sec=17871.7   simsec/sec=1.97081   ev/simsec=9068.16
     Messages:  created: 7427381   present: 20335   in FES: 129
** Event #7446528   t=492.454036494851   Elapsed: 359.647s (5m 59s)  98% completed  (49% total)
     Speed:     ev/sec=24934.1   simsec/sec=3.02035   ev/simsec=8255.38
     Messages:  created: 7473925   present: 18465   in FES: 155
** Event #7500032   t=499.354401575973   Elapsed: 361.65s (6m 01s)  99% completed  (49% total)
     Speed:     ev/sec=26701.5   simsec/sec=3.44367   ev/simsec=7753.79
     Messages:  created: 7522533   present: 19278   in FES: 154
** Event #7501730   t=500   Elapsed: 361.715s (6m 01s)  100% completed  (50% total)
     Speed:     ev/sec=26418.6   simsec/sec=10.009   ev/simsec=2639.48
     Messages:  created: 7523791   present: 19283   in FES: 122

<!> Simulation time limit reached -- at t=500s, event #7501730
undisposed object: (omnetpp::cMessage) FanetSarNetwork.groundStation.app.debugTimer -- check module destructor
undisposed object: (omnetpp::cMessage) FanetSarNetwork.uav[0].app.debugTimer -- check module destructor
undisposed object: (omnetpp::cMessage) FanetSarNetwork.uav[1].app.debugTimer -- check module destructor
undisposed object: (omnetpp::cMessage) FanetSarNetwork.uav[2].app.debugTimer -- check module destructor
undisposed object: (omnetpp::cMessage) FanetSarNetwork.uav[3].app.debugTimer -- check module destructor
undisposed object: (omnetpp::cMessage) FanetSarNetwork.uav[4].app.debugTimer -- check module destructor
undisposed object: (omnetpp::cMessage) FanetSarNetwork.uav[5].app.debugTimer -- check module destructor
undisposed object: (omnetpp::cMessage) FanetSarNetwork.uav[6].app.debugTimer -- check module destructor
undisposed object: (omnetpp::cMessage) FanetSarNetwork.uav[7].app.debugTimer -- check module destructor
undisposed object: (omnetpp::cMessage) FanetSarNetwork.uav[8].app.debugTimer -- check module destructor
undisposed object: (omnetpp::cMessage) FanetSarNetwork.uav[9].app.debugTimer -- check module destructor
undisposed object: (omnetpp::cMessage) FanetSarNetwork.uav[10].app.debugTimer -- check module destructor
undisposed object: (omnetpp::cMessage) FanetSarNetwork.uav[11].app.debugTimer -- check module destructor
undisposed object: (omnetpp::cMessage) FanetSarNetwork.uav[12].app.debugTimer -- check module destructor
undisposed object: (omnetpp::cMessage) FanetSarNetwork.uav[13].app.debugTimer -- check module destructor
undisposed object: (omnetpp::cMessage) FanetSarNetwork.uav[14].app.debugTimer -- check module destructor
undisposed object: (omnetpp::cMessage) FanetSarNetwork.uav[15].app.debugTimer -- check module destructor
undisposed object: (omnetpp::cMessage) FanetSarNetwork.uav[16].app.debugTimer -- check module destructor
undisposed object: (omnetpp::cMessage) FanetSarNetwork.uav[17].app.debugTimer -- check module destructor
undisposed object: (omnetpp::cMessage) FanetSarNetwork.uav[18].app.debugTimer -- check module destructor
undisposed object: (omnetpp::cMessage) FanetSarNetwork.uav[19].app.debugTimer -- check module destructor
undisposed object: (omnetpp::cMessage) FanetSarNetwork.uav[20].app.debugTimer -- check module destructor
undisposed object: (omnetpp::cMessage) FanetSarNetwork.uav[21].app.debugTimer -- check module destructor
undisposed object: (omnetpp::cMessage) FanetSarNetwork.uav[22].app.debugTimer -- check module destructor
undisposed object: (omnetpp::cMessage) FanetSarNetwork.uav[23].app.debugTimer -- check module destructor
undisposed object: (omnetpp::cMessage) FanetSarNetwork.uav[24].app.debugTimer -- check module destructor
undisposed object: (omnetpp::cMessage) FanetSarNetwork.uav[25].app.debugTimer -- check module destructor
undisposed object: (omnetpp::cMessage) FanetSarNetwork.uav[26].app.debugTimer -- check module destructor
undisposed object: (omnetpp::cMessage) FanetSarNetwork.uav[27].app.debugTimer -- check module destructor
undisposed object: (omnetpp::cMessage) FanetSarNetwork.uav[28].app.debugTimer -- check module destructor
undisposed object: (omnetpp::cMessage) FanetSarNetwork.uav[29].app.debugTimer -- check module destructor
