** Event #0   t=0   Elapsed: 2.3e-05s (0m 00s)  0% completed  (0% total)
     Speed:     ev/sec=0   simsec/sec=0   ev/simsec=0
     Messages:  created: 1178   present: 1178   in FES: 186
** Event #45568   t=4.495773759956   Elapsed: 2.00203s (0m 02s)  0% completed  (0% total)
     Speed:     ev/sec=22761.7   simsec/sec=2.24564   ev/simsec=10136
     Messages:  created: 35446   present: 1187   in FES: 144
** Event #84736   t=8.181253341725   Elapsed: 4.01844s (0m 04s)  1% completed  (0% total)
     Speed:     ev/sec=19424.5   simsec/sec=1.82773   ev/simsec=10627.7
     Messages:  created: 66048   present: 1121   in FES: 124
** Event #115456   t=11.457739537231   Elapsed: 6.04035s (0m 06s)  2% completed  (1% total)
     Speed:     ev/sec=15193.6   simsec/sec=1.62049   ev/simsec=9375.9
     Messages:  created: 90914   present: 1200   in FES: 151
** Event #149760   t=15.067349239241   Elapsed: 8.04474s (0m 08s)  3% completed  (1% total)
     Speed:     ev/sec=17114.4   simsec/sec=1.80085   ev/simsec=9503.52
     Messages:  created: 118648   present: 1182   in FES: 143
** Event #184064   t=19.006457011901   Elapsed: 10.0453s (0m 10s)  3% completed  (1% total)
     Speed:     ev/sec=17146.9   simsec/sec=1.96897   ev/simsec=8708.57
     Messages:  created: 146748   present: 1183   in FES: 144
** Event #222720   t=23.021056555623   Elapsed: 12.0526s (0m 12s)  4% completed  (2% total)
     Speed:     ev/sec=19257.7   simsec/sec=2   ev/simsec=9628.86
     Messages:  created: 178596   present: 1210   in FES: 151
** Event #263168   t=27.07320216687   Elapsed: 14.0547s (0m 14s)  5% completed  (2% total)
     Speed:     ev/sec=20203.2   simsec/sec=2.02399   ev/simsec=9981.87
     Messages:  created: 211964   present: 1211   in FES: 152
** Event #303360   t=31.267234852827   Elapsed: 16.0615s (0m 16s)  6% completed  (3% total)
     Speed:     ev/sec=20028   simsec/sec=2.08992   ev/simsec=9583.14
     Messages:  created: 245136   present: 1182   in FES: 145
** Event #342784   t=35.498177604793   Elapsed: 18.0764s (0m 18s)  7% completed  (3% total)
     Speed:     ev/sec=19565.9   simsec/sec=2.09979   ev/simsec=9318.02
     Messages:  created: 277740   present: 1200   in FES: 149
** Event #387840   t=41.074251162473   Elapsed: 20.0765s (0m 20s)  8% completed  (4% total)
     Speed:     ev/sec=22527.5   simsec/sec=2.78798   ev/simsec=8080.24
     Messages:  created: 317601   present: 1192   in FES: 154
** Event #448256   t=49.09499130693   Elapsed: 22.0814s (0m 22s)  9% completed  (4% total)
     Speed:     ev/sec=30133.1   simsec/sec=4.00043   ev/simsec=7532.47
     Messages:  created: 374220   present: 1216   in FES: 153
** Event #514304   t=58.0763680294   Elapsed: 24.0828s (0m 24s)  11% completed  (5% total)
     Speed:     ev/sec=33001.7   simsec/sec=4.48765   ev/simsec=7353.88
     Messages:  created: 436044   present: 1196   in FES: 145
** Event #577024   t=66.556767170185   Elapsed: 26.0837s (0m 26s)  13% completed  (6% total)
     Speed:     ev/sec=31345.9   simsec/sec=4.2383   ev/simsec=7395.88
     Messages:  created: 494766   present: 1116   in FES: 122
** Event #640256   t=75.075295959862   Elapsed: 28.0853s (0m 28s)  15% completed  (7% total)
     Speed:     ev/sec=31590.5   simsec/sec=4.25583   ev/simsec=7422.88
     Messages:  created: 553990   present: 1214   in FES: 151
** Event #687360   t=81.018254775888   Elapsed: 30.0893s (0m 30s)  16% completed  (8% total)
     Speed:     ev/sec=23505.1   simsec/sec=2.96557   ev/simsec=7926.02
     Messages:  created: 595066   present: 1215   in FES: 154
** Event #735232   t=86.07430526456   Elapsed: 32.0904s (0m 32s)  17% completed  (8% total)
     Speed:     ev/sec=23922.4   simsec/sec=2.52659   ev/simsec=9468.26
     Messages:  created: 635698   present: 1194   in FES: 145
** Event #779776   t=91.076319295496   Elapsed: 34.0909s (0m 34s)  18% completed  (9% total)
     Speed:     ev/sec=22266.9   simsec/sec=2.50043   ev/simsec=8905.21
     Messages:  created: 673629   present: 1224   in FES: 154
** Event #824576   t=96.399737186579   Elapsed: 36.0922s (0m 36s)  19% completed  (9% total)
     Speed:     ev/sec=22384.9   simsec/sec=2.65992   ev/simsec=8415.65
     Messages:  created: 712666   present: 1183   in FES: 154
** Event #879360   t=103.075296159897   Elapsed: 38.0944s (0m 38s)  20% completed  (10% total)
     Speed:     ev/sec=27362.6   simsec/sec=3.3342   ev/simsec=8206.65
     Messages:  created: 765063   present: 1555   in FES: 173
** Event #939008   t=111.025813403152   Elapsed: 40.0985s (0m 40s)  22% completed  (11% total)
     Speed:     ev/sec=29762.2   simsec/sec=3.96703   ev/simsec=7502.4
     Messages:  created: 819153   present: 2491   in FES: 151
** Event #999424   t=118.495745558736   Elapsed: 42.1016s (0m 42s)  23% completed  (11% total)
     Speed:     ev/sec=30161.8   simsec/sec=3.72925   ev/simsec=8087.89
     Messages:  created: 874225   present: 3389   in FES: 153
** Event #1051392   t=125.020035541635   Elapsed: 44.1078s (0m 44s)  25% completed  (12% total)
     Speed:     ev/sec=25903.6   simsec/sec=3.25205   ev/simsec=7965.31
     Messages:  created: 919356   present: 4143   in FES: 142
** Event #1094144   t=129.099936309787   Elapsed: 46.1154s (0m 46s)  25% completed  (12% total)
     Speed:     ev/sec=21295   simsec/sec=2.03222   ev/simsec=10478.7
     Messages:  created: 954496   present: 4663   in FES: 152
** Event #1129984   t=133.065754159641   Elapsed: 48.1166s (0m 48s)  26% completed  (13% total)
     Speed:     ev/sec=17909.2   simsec/sec=1.98171   ev/simsec=9037.23
     Messages:  created: 983639   present: 5127   in FES: 149
** Event #1177344   t=138.056004058197   Elapsed: 50.1214s (0m 50s)  27% completed  (13% total)
     Speed:     ev/sec=23623.5   simsec/sec=2.48917   ev/simsec=9490.51
     Messages:  created: 1022307   present: 5727   in FES: 149
** Event #1226752   t=143.086601466417   Elapsed: 52.1309s (0m 52s)  28% completed  (14% total)
     Speed:     ev/sec=24587   simsec/sec=2.50339   ev/simsec=9821.5
     Messages:  created: 1062723   present: 6300   in FES: 140
** Event #1273088   t=148.132621331376   Elapsed: 54.1324s (0m 54s)  29% completed  (14% total)
     Speed:     ev/sec=23151.3   simsec/sec=2.52119   ev/simsec=9182.68
     Messages:  created: 1101629   present: 6940   in FES: 152
** Event #1333760   t=155.407749631957   Elapsed: 56.1488s (0m 56s)  31% completed  (15% total)
     Speed:     ev/sec=30089.3   simsec/sec=3.60798   ev/simsec=8339.65
     Messages:  created: 1154246   present: 7813   in FES: 154
** Event #1372160   t=159.17277105138   Elapsed: 58.1621s (0m 58s)  31% completed  (15% total)
     Speed:     ev/sec=19072.9   simsec/sec=1.87005   ev/simsec=10199.1
     Messages:  created: 1184985   present: 8256   in FES: 150
** Event #1410048   t=163.076368695871   Elapsed: 60.1636s (1m 00s)  32% completed  (16% total)
     Speed:     ev/sec=18929.8   simsec/sec=1.95034   ev/simsec=9705.92
     Messages:  created: 1215223   present: 8721   in FES: 143
** Event #1445120   t=167.006289023792   Elapsed: 62.1736s (1m 02s)  33% completed  (16% total)
     Speed:     ev/sec=17448.6   simsec/sec=1.95517   ev/simsec=8924.35
     Messages:  created: 1243079   present: 9209   in FES: 153
** Event #1492224   t=171.327363924217   Elapsed: 64.19s (1m 04s)  34% completed  (17% total)
     Speed:     ev/sec=23360.7   simsec/sec=2.14299   ev/simsec=10901
     Messages:  created: 1280717   present: 9721   in FES: 151
** Event #1532416   t=175.359232463758   Elapsed: 66.1941s (1m 06s)  35% completed  (17% total)
     Speed:     ev/sec=20054.8   simsec/sec=2.0118   ev/simsec=9968.58
     Messages:  created: 1312729   present: 10119   in FES: 123
** Event #1571072   t=179.132645423893   Elapsed: 68.1959s (1m 08s)  35% completed  (17% total)
     Speed:     ev/sec=19310.5   simsec/sec=1.885   ev/simsec=10244.3
     Messages:  created: 1343591   present: 10649   in FES: 149
** Event #1617920   t=184.065754254727   Elapsed: 70.1986s (1m 10s)  36% completed  (18% total)
     Speed:     ev/sec=23392.3   simsec/sec=2.46321   ev/simsec=9496.65
     Messages:  created: 1380975   present: 11238   in FES: 146
** Event #1654016   t=187.495774801822   Elapsed: 72.2267s (1m 12s)  37% completed  (18% total)
     Speed:     ev/sec=17797.8   simsec/sec=1.69124   ev/simsec=10523.6
     Messages:  created: 1409617   present: 11623   in FES: 137
** Event #1690368   t=191.020039663623   Elapsed: 74.2329s (1m 14s)  38% completed  (19% total)
     Speed:     ev/sec=18120.2   simsec/sec=1.75673   ev/simsec=10314.8
     Messages:  created: 1436624   present: 12057   in FES: 140
** Event #1727232   t=194.099192454179   Elapsed: 76.2476s (1m 16s)  38% completed  (19% total)
     Speed:     ev/sec=18297.2   simsec/sec=1.52832   ev/simsec=11972.1
     Messages:  created: 1465304   present: 12444   in FES: 147
** Event #1768448   t=198.407852195248   Elapsed: 78.2524s (1m 18s)  39% completed  (19% total)
     Speed:     ev/sec=20559.1   simsec/sec=2.14922   ev/simsec=9565.85
     Messages:  created: 1498441   present: 12969   in FES: 151
** Event #1817088   t=203.399815199597   Elapsed: 80.2664s (1m 20s)  40% completed  (20% total)
     Speed:     ev/sec=24150.4   simsec/sec=2.47858   ev/simsec=9743.66
     Messages:  created: 1537604   present: 13569   in FES: 152
** Event #1874688   t=209.260200993365   Elapsed: 82.2745s (1m 22s)  41% completed  (20% total)
     Speed:     ev/sec=28683.9   simsec/sec=2.91838   ev/simsec=9828.7
     Messages:  created: 1583974   present: 14186   in FES: 122
** Event #1926656   t=215.00639407958   Elapsed: 84.2764s (1m 24s)  43% completed  (21% total)
     Speed:     ev/sec=25959.8   simsec/sec=2.87042   ev/simsec=9043.9
     Messages:  created: 1625641   present: 14915   in FES: 135
** Event #1980416   t=221.005879860381   Elapsed: 86.2802s (1m 26s)  44% completed  (22% total)
     Speed:     ev/sec=26828.5   simsec/sec=2.994   ev/simsec=8960.77
     Messages:  created: 1670855   present: 15605   in FES: 125
** Event #2039296   t=225.088809879655   Elapsed: 88.2818s (1m 28s)  45% completed  (22% total)
     Speed:     ev/sec=29417   simsec/sec=2.03987   ev/simsec=14421
     Messages:  created: 1727612   present: 16164   in FES: 166
** Event #2079232   t=229.087254152173   Elapsed: 90.2887s (1m 30s)  45% completed  (22% total)
     Speed:     ev/sec=19898.7   simsec/sec=1.99228   ev/simsec=9987.88
     Messages:  created: 1761217   present: 16637   in FES: 154
** Event #2135808   t=235.074251135555   Elapsed: 92.2917s (1m 32s)  47% completed  (23% total)
     Speed:     ev/sec=28246.8   simsec/sec=2.98914   ev/simsec=9449.81
     Messages:  created: 1807111   present: 17298   in FES: 124
** Event #2193408   t=241.074710533747   Elapsed: 94.2964s (1m 34s)  48% completed  (24% total)
     Speed:     ev/sec=28731.7   simsec/sec=2.99312   ev/simsec=9599.27
     Messages:  created: 1854028   present: 18109   in FES: 153
** Event #2243072   t=246.147352533243   Elapsed: 96.3035s (1m 36s)  49% completed  (24% total)
     Speed:     ev/sec=24744   simsec/sec=2.52733   ev/simsec=9790.56
     Messages:  created: 1894588   present: 18671   in FES: 143
** Event #2305280   t=253.113391883283   Elapsed: 98.3045s (1m 38s)  50% completed  (25% total)
     Speed:     ev/sec=31089.5   simsec/sec=3.4814   ev/simsec=8930.18
     Messages:  created: 1947079   present: 19511   in FES: 144
** Event #2360832   t=260.17274293907   Elapsed: 100.306s (1m 40s)  52% completed  (26% total)
     Speed:     ev/sec=27748.3   simsec/sec=3.52615   ev/simsec=7869.28
     Messages:  created: 1997172   present: 20373   in FES: 149
** Event #2430976   t=269.201285752002   Elapsed: 102.307s (1m 42s)  53% completed  (26% total)
     Speed:     ev/sec=35061.5   simsec/sec=4.51292   ev/simsec=7769.14
     Messages:  created: 2060871   present: 21378   in FES: 123
** Event #2509824   t=279.457625457435   Elapsed: 104.316s (1m 44s)  55% completed  (27% total)
     Speed:     ev/sec=39240.5   simsec/sec=5.1043   ev/simsec=7687.73
     Messages:  created: 2132462   present: 22613   in FES: 124
** Event #2598656   t=291.037480578169   Elapsed: 106.32s (1m 46s)  58% completed  (29% total)
     Speed:     ev/sec=44332.7   simsec/sec=5.77907   ev/simsec=7671.25
     Messages:  created: 2213033   present: 24069   in FES: 142
** Event #2654720   t=297.087049997445   Elapsed: 108.337s (1m 48s)  59% completed  (29% total)
     Speed:     ev/sec=27794.5   simsec/sec=2.99916   ev/simsec=9267.44
     Messages:  created: 2260444   present: 24796   in FES: 154
** Event #2699264   t=301.113394613237   Elapsed: 110.349s (1m 50s)  60% completed  (30% total)
     Speed:     ev/sec=22138.7   simsec/sec=2.00113   ev/simsec=11063.1
     Messages:  created: 2294493   present: 25286   in FES: 149
** Event #2726400   t=304.035797739177   Elapsed: 112.351s (1m 52s)  60% completed  (30% total)
     Speed:     ev/sec=13555.7   simsec/sec=1.45988   ev/simsec=9285.51
     Messages:  created: 2315475   present: 25642   in FES: 147
** Event #2765824   t=308.040823569709   Elapsed: 114.354s (1m 54s)  61% completed  (30% total)
     Speed:     ev/sec=19685.7   simsec/sec=1.99984   ev/simsec=9843.63
     Messages:  created: 2347193   present: 26129   in FES: 148
** Event #2807808   t=312.093258345976   Elapsed: 116.355s (1m 56s)  62% completed  (31% total)
     Speed:     ev/sec=20981   simsec/sec=2.02516   ev/simsec=10360.2
     Messages:  created: 2381144   present: 26626   in FES: 154
** Event #2864128   t=318.045215492236   Elapsed: 118.356s (1m 58s)  63% completed  (31% total)
     Speed:     ev/sec=28145.4   simsec/sec=2.97443   ev/simsec=9462.43
     Messages:  created: 2426197   present: 27343   in FES: 154
** Event #2907648   t=322.09325575924   Elapsed: 120.356s (2m 00s)  64% completed  (32% total)
     Speed:     ev/sec=21758.1   simsec/sec=2.02384   ev/simsec=10750.9
     Messages:  created: 2460550   present: 27737   in FES: 124
** Event #2945280   t=326.025762142805   Elapsed: 122.368s (2m 02s)  65% completed  (32% total)
     Speed:     ev/sec=18706.3   simsec/sec=1.95478   ev/simsec=9569.47
     Messages:  created: 2489700   present: 28298   in FES: 154
** Event #2976512   t=329.008389037876   Elapsed: 124.368s (2m 04s)  65% completed  (32% total)
     Speed:     ev/sec=15612.3   simsec/sec=1.49096   ev/simsec=10471.3
     Messages:  created: 2513589   present: 28643   in FES: 150
** Event #3004672   t=331.09919246612   Elapsed: 126.373s (2m 06s)  66% completed  (33% total)
     Speed:     ev/sec=14044.4   simsec/sec=1.04276   ev/simsec=13468.5
     Messages:  created: 2535165   present: 28881   in FES: 146
** Event #3034880   t=334.047544645817   Elapsed: 128.381s (2m 08s)  66% completed  (33% total)
     Speed:     ev/sec=15045.9   simsec/sec=1.46851   ev/simsec=10245.7
     Messages:  created: 2557844   present: 29253   in FES: 151
** Event #3063808   t=336.492184860461   Elapsed: 130.398s (2m 10s)  67% completed  (33% total)
     Speed:     ev/sec=14341   simsec/sec=1.21193   ev/simsec=11833.2
     Messages:  created: 2579808   present: 29540   in FES: 154
** Event #3096832   t=340.006289117603   Elapsed: 132.404s (2m 12s)  68% completed  (34% total)
     Speed:     ev/sec=16464.3   simsec/sec=1.75197   ev/simsec=9397.56
     Messages:  created: 2605200   present: 29956   in FES: 148
** Event #3141632   t=344.348480333029   Elapsed: 134.413s (2m 14s)  68% completed  (34% total)
     Speed:     ev/sec=22304.2   simsec/sec=2.16181   ev/simsec=10317.4
     Messages:  created: 2642127   present: 30463   in FES: 144
** Event #3201280   t=350.17276622074   Elapsed: 136.422s (2m 16s)  70% completed  (35% total)
     Speed:     ev/sec=29690.2   simsec/sec=2.89908   ev/simsec=10241.3
     Messages:  created: 2693993   present: 31136   in FES: 156
** Event #3262720   t=356.491807915912   Elapsed: 138.434s (2m 18s)  71% completed  (35% total)
     Speed:     ev/sec=30532.5   simsec/sec=3.14024   ev/simsec=9722.99
     Messages:  created: 2747319   present: 31895   in FES: 135
** Event #3314176   t=362.34848212592   Elapsed: 140.443s (2m 20s)  72% completed  (36% total)
     Speed:     ev/sec=25613.6   simsec/sec=2.91532   ev/simsec=8785.87
     Messages:  created: 2791134   present: 32562   in FES: 123
** Event #3379200   t=370.181255162631   Elapsed: 142.443s (2m 22s)  74% completed  (37% total)
     Speed:     ev/sec=32511.1   simsec/sec=3.91628   ev/simsec=8301.53
     Messages:  created: 2848613   present: 33578   in FES: 154
** Event #3457536   t=380.344992220543   Elapsed: 144.448s (2m 24s)  76% completed  (38% total)
     Speed:     ev/sec=39059.1   simsec/sec=5.06774   ev/simsec=7707.4
     Messages:  created: 2919672   present: 34795   in FES: 154
** Event #3535104   t=390.318284428213   Elapsed: 146.452s (2m 26s)  78% completed  (39% total)
     Speed:     ev/sec=38714.9   simsec/sec=4.97776   ev/simsec=7777.57
     Messages:  created: 2990120   present: 35916   in FES: 123
** Event #3616512   t=400.181360023103   Elapsed: 148.458s (2m 28s)  80% completed  (40% total)
     Speed:     ev/sec=40587.9   simsec/sec=4.91747   ev/simsec=8253.81
     Messages:  created: 3062220   present: 37124   in FES: 131
** Event #3675392   t=406.460086597521   Elapsed: 150.466s (2m 30s)  81% completed  (40% total)
     Speed:     ev/sec=29324.4   simsec/sec=3.12704   ev/simsec=9377.7
     Messages:  created: 3110227   present: 37886   in FES: 134
** Event #3748608   t=411.997730461421   Elapsed: 152.466s (2m 32s)  82% completed  (41% total)
     Speed:     ev/sec=36596.5   simsec/sec=2.76795   ev/simsec=13221.5
     Messages:  created: 3182466   present: 38535   in FES: 173
** Event #3836416   t=414.267259438394   Elapsed: 154.475s (2m 34s)  82% completed  (41% total)
     Speed:     ev/sec=43712   simsec/sec=1.1298   ev/simsec=38690
     Messages:  created: 3286505   present: 38600   in FES: 137
** Event #3906560   t=416.273165922605   Elapsed: 156.488s (2m 36s)  83% completed  (41% total)
     Speed:     ev/sec=34841   simsec/sec=0.996348   ev/simsec=34968.7
     Messages:  created: 3370371   present: 38722   in FES: 154
** Event #3991808   t=418.785182638594   Elapsed: 158.488s (2m 38s)  83% completed  (41% total)
     Speed:     ev/sec=42622.6   simsec/sec=1.25597   ev/simsec=33936.1
     Messages:  created: 3473106   present: 38814   in FES: 173
** Event #4062464   t=421.005864409059   Elapsed: 160.493s (2m 40s)  84% completed  (42% total)
     Speed:     ev/sec=35243.9   simsec/sec=1.1077   ev/simsec=31817.3
     Messages:  created: 3557474   present: 38928   in FES: 151
** Event #4139776   t=423.267258537814   Elapsed: 162.502s (2m 42s)  84% completed  (42% total)
     Speed:     ev/sec=38480.4   simsec/sec=1.12556   ev/simsec=34187.8
     Messages:  created: 3647776   present: 38974   in FES: 129
** Event #4228096   t=426.085283289324   Elapsed: 164.507s (2m 44s)  85% completed  (42% total)
     Speed:     ev/sec=44059.8   simsec/sec=1.40581   ev/simsec=31341.1
     Messages:  created: 3752321   present: 39137   in FES: 146
** Event #4293376   t=428.121298554831   Elapsed: 166.513s (2m 46s)  85% completed  (42% total)
     Speed:     ev/sec=32539.7   simsec/sec=1.01488   ev/simsec=32062.6
     Messages:  created: 3829138   present: 39173   in FES: 145
** Event #4353024   t=430.074849254034   Elapsed: 168.519s (2m 48s)  86% completed  (43% total)
     Speed:     ev/sec=29730.7   simsec/sec=0.973721   ev/simsec=30533.1
     Messages:  created: 3900581   present: 39336   in FES: 151
** Event #4404992   t=431.870653978845   Elapsed: 170.52s (2m 50s)  86% completed  (43% total)
     Speed:     ev/sec=25973.9   simsec/sec=0.897553   ev/simsec=28938.6
     Messages:  created: 3963548   present: 39355   in FES: 150
** Event #4474112   t=433.199041724432   Elapsed: 172.524s (2m 52s)  86% completed  (43% total)
     Speed:     ev/sec=34488.7   simsec/sec=0.662823   ev/simsec=52033
     Messages:  created: 4049104   present: 39537   in FES: 172
** Event #4557824   t=433.952260296609   Elapsed: 174.525s (2m 54s)  86% completed  (43% total)
     Speed:     ev/sec=41830.6   simsec/sec=0.376381   ev/simsec=111139
     Messages:  created: 4161584   present: 39513   in FES: 173
** Event #4628992   t=436.025817098327   Elapsed: 176.529s (2m 56s)  87% completed  (43% total)
     Speed:     ev/sec=35515.1   simsec/sec=1.03477   ev/simsec=34321.7
     Messages:  created: 4246233   present: 39616   in FES: 142
** Event #4682496   t=441.345096701738   Elapsed: 178.53s (2m 58s)  88% completed  (44% total)
     Speed:     ev/sec=26737.6   simsec/sec=2.65821   ev/simsec=10058.5
     Messages:  created: 4290076   present: 40217   in FES: 132
** Event #4746496   t=448.075297210736   Elapsed: 180.535s (3m 00s)  89% completed  (44% total)
     Speed:     ev/sec=31933.5   simsec/sec=3.3581   ev/simsec=9509.37
     Messages:  created: 4342373   present: 41050   in FES: 136
** Event #4803840   t=454.085283233949   Elapsed: 182.536s (3m 02s)  90% completed  (45% total)
     Speed:     ev/sec=28657.3   simsec/sec=3.00346   ev/simsec=9541.45
     Messages:  created: 4389271   present: 41799   in FES: 149
** Event #4874752   t=463.035799730446   Elapsed: 184.549s (3m 04s)  92% completed  (46% total)
     Speed:     ev/sec=35210.4   simsec/sec=4.44426   ev/simsec=7922.67
     Messages:  created: 4452034   present: 42847   in FES: 138
** Event #4965120   t=474.459988907959   Elapsed: 186.561s (3m 06s)  94% completed  (47% total)
     Speed:     ev/sec=44931.9   simsec/sec=5.68023   ev/simsec=7910.23
     Messages:  created: 4534345   present: 40077   in FES: 181
** Event #5036544   t=484.008389082506   Elapsed: 188.566s (3m 08s)  96% completed  (48% total)
     Speed:     ev/sec=35619   simsec/sec=4.76176   ev/simsec=7480.21
     Messages:  created: 4599024   present: 2303   in FES: 151
** Event #5120256   t=494.407820307061   Elapsed: 190.571s (3m 10s)  98% completed  (49% total)
     Speed:     ev/sec=41741.1   simsec/sec=5.18544   ev/simsec=8049.67
     Messages:  created: 4675289   present: 3540   in FES: 149
** Event #5160508   t=500   Elapsed: 191.458s (3m 11s)  100% completed  (50% total)
     Speed:     ev/sec=45396.6   simsec/sec=6.30424   ev/simsec=7200.96
     Messages:  created: 4711600   present: 4131   in FES: 122

<!> Simulation time limit reached -- at t=500s, event #5160508
undisposed object: (omnetpp::cMessage) FanetSarNetwork.groundStation.app.debugTimer -- check module destructor
undisposed object: (omnetpp::cMessage) FanetSarNetwork.uav[0].app.debugTimer -- check module destructor
undisposed object: (omnetpp::cMessage) FanetSarNetwork.uav[1].app.debugTimer -- check module destructor
undisposed object: (omnetpp::cMessage) FanetSarNetwork.uav[2].app.debugTimer -- check module destructor
undisposed object: (omnetpp::cMessage) FanetSarNetwork.uav[3].app.debugTimer -- check module destructor
undisposed object: (omnetpp::cMessage) FanetSarNetwork.uav[4].app.debugTimer -- check module destructor
undisposed object: (omnetpp::cMessage) FanetSarNetwork.uav[5].app.debugTimer -- check module destructor
undisposed object: (omnetpp::cMessage) FanetSarNetwork.uav[6].app.debugTimer -- check module destructor
undisposed object: (omnetpp::cMessage) FanetSarNetwork.uav[7].app.debugTimer -- check module destructor
undisposed object: (omnetpp::cMessage) FanetSarNetwork.uav[8].app.debugTimer -- check module destructor
undisposed object: (omnetpp::cMessage) FanetSarNetwork.uav[9].app.debugTimer -- check module destructor
undisposed object: (omnetpp::cMessage) FanetSarNetwork.uav[10].app.debugTimer -- check module destructor
undisposed object: (omnetpp::cMessage) FanetSarNetwork.uav[11].app.debugTimer -- check module destructor
undisposed object: (omnetpp::cMessage) FanetSarNetwork.uav[12].app.debugTimer -- check module destructor
undisposed object: (omnetpp::cMessage) FanetSarNetwork.uav[13].app.debugTimer -- check module destructor
undisposed object: (omnetpp::cMessage) FanetSarNetwork.uav[14].app.debugTimer -- check module destructor
undisposed object: (omnetpp::cMessage) FanetSarNetwork.uav[15].app.debugTimer -- check module destructor
undisposed object: (omnetpp::cMessage) FanetSarNetwork.uav[16].app.debugTimer -- check module destructor
undisposed object: (omnetpp::cMessage) FanetSarNetwork.uav[17].app.debugTimer -- check module destructor
undisposed object: (omnetpp::cMessage) FanetSarNetwork.uav[18].app.debugTimer -- check module destructor
undisposed object: (omnetpp::cMessage) FanetSarNetwork.uav[19].app.debugTimer -- check module destructor
undisposed object: (omnetpp::cMessage) FanetSarNetwork.uav[20].app.debugTimer -- check module destructor
undisposed object: (omnetpp::cMessage) FanetSarNetwork.uav[21].app.debugTimer -- check module destructor
undisposed object: (omnetpp::cMessage) FanetSarNetwork.uav[22].app.debugTimer -- check module destructor
undisposed object: (omnetpp::cMessage) FanetSarNetwork.uav[23].app.debugTimer -- check module destructor
undisposed object: (omnetpp::cMessage) FanetSarNetwork.uav[24].app.debugTimer -- check module destructor
undisposed object: (omnetpp::cMessage) FanetSarNetwork.uav[25].app.debugTimer -- check module destructor
undisposed object: (omnetpp::cMessage) FanetSarNetwork.uav[26].app.debugTimer -- check module destructor
undisposed object: (omnetpp::cMessage) FanetSarNetwork.uav[27].app.debugTimer -- check module destructor
undisposed object: (omnetpp::cMessage) FanetSarNetwork.uav[28].app.debugTimer -- check module destructor
undisposed object: (omnetpp::cMessage) FanetSarNetwork.uav[29].app.debugTimer -- check module destructor
