** Event #0   t=0   Elapsed: 2e-05s (0m 00s)  0% completed  (0% total)
     Speed:     ev/sec=0   simsec/sec=0   ev/simsec=0
     Messages:  created: 1178   present: 1178   in FES: 186
** Event #44544   t=4.262346545475   Elapsed: 2.01178s (0m 02s)  0% completed  (0% total)
     Speed:     ev/sec=22142.3   simsec/sec=2.11872   ev/simsec=10450.8
     Messages:  created: 34112   present: 1197   in FES: 154
** Event #76032   t=7.281323167023   Elapsed: 4.03174s (0m 04s)  1% completed  (0% total)
     Speed:     ev/sec=15588.4   simsec/sec=1.49457   ev/simsec=10430
     Messages:  created: 58876   present: 1194   in FES: 149
** Event #112640   t=11.227565101734   Elapsed: 6.0339s (0m 06s)  2% completed  (1% total)
     Speed:     ev/sec=18284.2   simsec/sec=1.97098   ev/simsec=9276.67
     Messages:  created: 88968   present: 1191   in FES: 148
** Event #158720   t=16.168103526381   Elapsed: 8.0368s (0m 08s)  3% completed  (1% total)
     Speed:     ev/sec=23006.7   simsec/sec=2.4667   ev/simsec=9326.92
     Messages:  created: 126904   present: 1193   in FES: 148
** Event #199424   t=20.468898428678   Elapsed: 10.0489s (0m 10s)  4% completed  (2% total)
     Speed:     ev/sec=20229.1   simsec/sec=2.13741   ev/simsec=9464.3
     Messages:  created: 160574   present: 1156   in FES: 135
** Event #239616   t=25.050022986871   Elapsed: 12.0521s (0m 12s)  5% completed  (2% total)
     Speed:     ev/sec=20064.3   simsec/sec=2.28695   ev/simsec=8773.39
     Messages:  created: 193764   present: 1175   in FES: 140
** Event #283392   t=30.050021824775   Elapsed: 14.0579s (0m 14s)  6% completed  (3% total)
     Speed:     ev/sec=21824.7   simsec/sec=2.49276   ev/simsec=8755.2
     Messages:  created: 231550   present: 1194   in FES: 147
** Event #336384   t=36.172421569997   Elapsed: 16.0691s (0m 16s)  7% completed  (3% total)
     Speed:     ev/sec=26348.2   simsec/sec=3.04413   ev/simsec=8655.43
     Messages:  created: 278972   present: 1189   in FES: 154
** Event #382720   t=41.137492652639   Elapsed: 18.0789s (0m 18s)  8% completed  (4% total)
     Speed:     ev/sec=23054.9   simsec/sec=2.47041   ev/simsec=9332.39
     Messages:  created: 317616   present: 1157   in FES: 136
** Event #428032   t=46.094636411177   Elapsed: 20.0864s (0m 20s)  9% completed  (4% total)
     Speed:     ev/sec=22572.3   simsec/sec=2.46942   ev/simsec=9140.75
     Messages:  created: 355590   present: 1204   in FES: 149
** Event #474880   t=51.168096893742   Elapsed: 22.096s (0m 22s)  10% completed  (5% total)
     Speed:     ev/sec=23311.2   simsec/sec=2.52451   ev/simsec=9233.93
     Messages:  created: 394680   present: 1169   in FES: 140
** Event #522240   t=57.168071480008   Elapsed: 24.0995s (0m 24s)  11% completed  (5% total)
     Speed:     ev/sec=23638.6   simsec/sec=2.99474   ev/simsec=7893.37
     Messages:  created: 437524   present: 1202   in FES: 151
** Event #589824   t=66.23494177831   Elapsed: 26.108s (0m 26s)  13% completed  (6% total)
     Speed:     ev/sec=33648.9   simsec/sec=4.51424   ev/simsec=7453.95
     Messages:  created: 500824   present: 1196   in FES: 149
** Event #657152   t=75.172519554239   Elapsed: 28.1187s (0m 28s)  15% completed  (7% total)
     Speed:     ev/sec=33485.8   simsec/sec=4.44514   ev/simsec=7533.14
     Messages:  created: 563180   present: 1187   in FES: 146
** Event #701952   t=80.1724251629   Elapsed: 30.1192s (0m 30s)  16% completed  (8% total)
     Speed:     ev/sec=22394.2   simsec/sec=2.49931   ev/simsec=8960.17
     Messages:  created: 601059   present: 1210   in FES: 154
** Event #748544   t=85.342268986108   Elapsed: 32.1238s (0m 32s)  17% completed  (8% total)
     Speed:     ev/sec=23243   simsec/sec=2.57904   ev/simsec=9012.26
     Messages:  created: 640568   present: 1188   in FES: 147
** Event #804096   t=92.173831874324   Elapsed: 34.1243s (0m 34s)  18% completed  (9% total)
     Speed:     ev/sec=27768.6   simsec/sec=3.41487   ev/simsec=8131.67
     Messages:  created: 689886   present: 1191   in FES: 146
** Event #868608   t=101.06317307277   Elapsed: 36.1272s (0m 36s)  20% completed  (10% total)
     Speed:     ev/sec=32208.5   simsec/sec=4.43813   ev/simsec=7257.23
     Messages:  created: 750063   present: 1279   in FES: 165
** Event #928512   t=108.473199819695   Elapsed: 38.1288s (0m 38s)  21% completed  (10% total)
     Speed:     ev/sec=29928.8   simsec/sec=3.70214   ev/simsec=8084.18
     Messages:  created: 804273   present: 2157   in FES: 147
** Event #970240   t=113.086161491752   Elapsed: 40.1333s (0m 40s)  22% completed  (11% total)
     Speed:     ev/sec=20817.3   simsec/sec=2.30132   ev/simsec=9045.82
     Messages:  created: 838776   present: 2711   in FES: 154
** Event #1005312   t=116.660436798423   Elapsed: 42.1438s (0m 42s)  23% completed  (11% total)
     Speed:     ev/sec=17444.4   simsec/sec=1.77781   ev/simsec=9812.34
     Messages:  created: 866738   present: 3066   in FES: 122
** Event #1042944   t=120.262419810033   Elapsed: 44.1491s (0m 44s)  24% completed  (12% total)
     Speed:     ev/sec=18765.9   simsec/sec=1.79619   ev/simsec=10447.6
     Messages:  created: 896874   present: 3590   in FES: 153
** Event #1080320   t=124.131481505098   Elapsed: 46.1529s (0m 46s)  24% completed  (12% total)
     Speed:     ev/sec=18652.6   simsec/sec=1.93087   ev/simsec=9660.22
     Messages:  created: 926789   present: 4034   in FES: 154
** Event #1116928   t=128.084332054597   Elapsed: 48.1603s (0m 48s)  25% completed  (12% total)
     Speed:     ev/sec=18236.9   simsec/sec=1.96918   ev/simsec=9261.16
     Messages:  created: 956622   present: 4517   in FES: 148
** Event #1152768   t=132.097096755783   Elapsed: 50.166s (0m 50s)  26% completed  (13% total)
     Speed:     ev/sec=17869.2   simsec/sec=2.00069   ev/simsec=8931.5
     Messages:  created: 987336   present: 5019   in FES: 154
** Event #1191424   t=136.173298047621   Elapsed: 52.1856s (0m 52s)  27% completed  (13% total)
     Speed:     ev/sec=19140.4   simsec/sec=2.01832   ev/simsec=9483.34
     Messages:  created: 1019127   present: 5501   in FES: 153
** Event #1230592   t=140.242394733242   Elapsed: 54.1988s (0m 54s)  28% completed  (14% total)
     Speed:     ev/sec=19454.9   simsec/sec=2.02114   ev/simsec=9625.72
     Messages:  created: 1051061   present: 5963   in FES: 145
** Event #1272832   t=145.048606043399   Elapsed: 56.2007s (0m 56s)  29% completed  (14% total)
     Speed:     ev/sec=21100.3   simsec/sec=2.40087   ev/simsec=8788.63
     Messages:  created: 1085309   present: 6564   in FES: 154
** Event #1316096   t=149.227486992371   Elapsed: 58.2085s (0m 58s)  29% completed  (14% total)
     Speed:     ev/sec=21548.3   simsec/sec=2.08135   ev/simsec=10353
     Messages:  created: 1120737   present: 6973   in FES: 123
** Event #1358592   t=154.054313904838   Elapsed: 60.2088s (1m 00s)  30% completed  (15% total)
     Speed:     ev/sec=21244.1   simsec/sec=2.41297   ev/simsec=8804.13
     Messages:  created: 1155518   present: 7592   in FES: 133
** Event #1411328   t=160.476799072177   Elapsed: 62.2169s (1m 02s)  32% completed  (16% total)
     Speed:     ev/sec=26262.4   simsec/sec=3.19839   ev/simsec=8211.15
     Messages:  created: 1203450   present: 8384   in FES: 141
** Event #1470976   t=168.17250323149   Elapsed: 64.2207s (1m 04s)  33% completed  (16% total)
     Speed:     ev/sec=29767.5   simsec/sec=3.84057   ev/simsec=7750.82
     Messages:  created: 1257641   present: 9296   in FES: 138
** Event #1536768   t=177.024788944859   Elapsed: 66.2262s (1m 06s)  35% completed  (17% total)
     Speed:     ev/sec=32805.6   simsec/sec=4.41398   ev/simsec=7432.2
     Messages:  created: 1317222   present: 10325   in FES: 126
** Event #1597184   t=184.382470659673   Elapsed: 68.2271s (1m 08s)  36% completed  (18% total)
     Speed:     ev/sec=30193.6   simsec/sec=3.67708   ev/simsec=8211.28
     Messages:  created: 1372385   present: 11275   in FES: 151
** Event #1658880   t=192.26760070605   Elapsed: 70.229s (1m 10s)  38% completed  (19% total)
     Speed:     ev/sec=30818.7   simsec/sec=3.93882   ev/simsec=7824.35
     Messages:  created: 1428444   present: 12195   in FES: 140
** Event #1722880   t=201.014305703771   Elapsed: 72.2339s (1m 12s)  40% completed  (20% total)
     Speed:     ev/sec=31921.4   simsec/sec=4.36261   ev/simsec=7317.04
     Messages:  created: 1486382   present: 13269   in FES: 154
** Event #1782528   t=208.227569761516   Elapsed: 74.2373s (1m 14s)  41% completed  (20% total)
     Speed:     ev/sec=29773.9   simsec/sec=3.60057   ev/simsec=8269.21
     Messages:  created: 1540780   present: 14063   in FES: 126
** Event #1837824   t=215.292493097827   Elapsed: 76.2455s (1m 16s)  43% completed  (21% total)
     Speed:     ev/sec=27535.1   simsec/sec=3.51804   ev/simsec=7826.84
     Messages:  created: 1591106   present: 14973   in FES: 154
** Event #1896960   t=223.085035232414   Elapsed: 78.2515s (1m 18s)  44% completed  (22% total)
     Speed:     ev/sec=29479.9   simsec/sec=3.88466   ev/simsec=7588.79
     Messages:  created: 1644751   present: 15920   in FES: 154
** Event #1960960   t=231.180832318496   Elapsed: 80.2537s (1m 20s)  46% completed  (23% total)
     Speed:     ev/sec=31964.4   simsec/sec=4.0434   ev/simsec=7905.34
     Messages:  created: 1702935   present: 16817   in FES: 125
** Event #2023680   t=239.242292623874   Elapsed: 82.2555s (1m 22s)  47% completed  (23% total)
     Speed:     ev/sec=31332.5   simsec/sec=4.0272   ev/simsec=7780.23
     Messages:  created: 1759979   present: 17846   in FES: 154
** Event #2092032   t=246.342170961625   Elapsed: 84.2558s (1m 24s)  49% completed  (24% total)
     Speed:     ev/sec=34170.1   simsec/sec=3.54933   ev/simsec=9627.21
     Messages:  created: 1827852   present: 18657   in FES: 154
** Event #2161664   t=249.990107236477   Elapsed: 86.4508s (1m 26s)  49% completed  (24% total)
     Speed:     ev/sec=31722.7   simsec/sec=1.66191   ev/simsec=19088.1
     Messages:  created: 1910863   present: 18953   in FES: 153
** Event #2232320   t=254.049971387015   Elapsed: 88.4554s (1m 28s)  50% completed  (25% total)
     Speed:     ev/sec=35247   simsec/sec=2.02528   ev/simsec=17403.5
     Messages:  created: 1991848   present: 19267   in FES: 154
** Event #2296064   t=258.054259137153   Elapsed: 90.4575s (1m 30s)  51% completed  (25% total)
     Speed:     ev/sec=31838.6   simsec/sec=2.00005   ev/simsec=15918.9
     Messages:  created: 2063768   present: 19565   in FES: 154
** Event #2360320   t=262.066617339394   Elapsed: 92.4624s (1m 32s)  52% completed  (26% total)
     Speed:     ev/sec=32050.7   simsec/sec=2.00135   ev/simsec=16014.5
     Messages:  created: 2136015   present: 19835   in FES: 135
** Event #2421760   t=266.053522204892   Elapsed: 94.4628s (1m 34s)  53% completed  (26% total)
     Speed:     ev/sec=30713.1   simsec/sec=1.993   ev/simsec=15410.5
     Messages:  created: 2205349   present: 20170   in FES: 150
** Event #2470144   t=268.024628129555   Elapsed: 96.4729s (1m 36s)  53% completed  (26% total)
     Speed:     ev/sec=24070.1   simsec/sec=0.980587   ev/simsec=24546.6
     Messages:  created: 2262301   present: 20198   in FES: 124
** Event #2520064   t=269.320742511926   Elapsed: 98.4809s (1m 38s)  53% completed  (26% total)
     Speed:     ev/sec=24860.6   simsec/sec=0.645477   ev/simsec=38515.1
     Messages:  created: 2319869   present: 20313   in FES: 156
** Event #2574592   t=270.881491215599   Elapsed: 100.487s (1m 40s)  54% completed  (27% total)
     Speed:     ev/sec=27179.8   simsec/sec=0.777965   ev/simsec=34937.1
     Messages:  created: 2385477   present: 20344   in FES: 155
** Event #2629632   t=272.136817202609   Elapsed: 102.492s (1m 42s)  54% completed  (27% total)
     Speed:     ev/sec=27456.6   simsec/sec=0.626216   ev/simsec=43845.2
     Messages:  created: 2450545   present: 20357   in FES: 125
** Event #2681344   t=273.361280054086   Elapsed: 104.498s (1m 44s)  54% completed  (27% total)
     Speed:     ev/sec=25775.1   simsec/sec=0.610315   ev/simsec=42232.4
     Messages:  created: 2513378   present: 20456   in FES: 154
** Event #2742784   t=275.046866265711   Elapsed: 106.506s (1m 46s)  55% completed  (27% total)
     Speed:     ev/sec=30604.6   simsec/sec=0.839627   ev/simsec=36450.2
     Messages:  created: 2589628   present: 20541   in FES: 157
** Event #2802176   t=278.072763346   Elapsed: 108.51s (1m 48s)  55% completed  (27% total)
     Speed:     ev/sec=29636.3   simsec/sec=1.50991   ev/simsec=19627.9
     Messages:  created: 2657999   present: 20774   in FES: 152
** Event #2865920   t=282.08509128983   Elapsed: 110.514s (1m 50s)  56% completed  (28% total)
     Speed:     ev/sec=31809.5   simsec/sec=2.00223   ev/simsec=15887
     Messages:  created: 2729649   present: 20998   in FES: 128
** Event #2928128   t=286.080775929786   Elapsed: 112.515s (1m 52s)  57% completed  (28% total)
     Speed:     ev/sec=31084.5   simsec/sec=1.99659   ev/simsec=15568.8
     Messages:  created: 2799877   present: 21375   in FES: 155
** Event #2984448   t=289.63424802342   Elapsed: 114.516s (1m 54s)  57% completed  (28% total)
     Speed:     ev/sec=28138.3   simsec/sec=1.77537   ev/simsec=15849.3
     Messages:  created: 2863178   present: 21629   in FES: 151
** Event #3047680   t=293.724285352891   Elapsed: 116.517s (1m 56s)  58% completed  (29% total)
     Speed:     ev/sec=31603   simsec/sec=2.04418   ev/simsec=15460
     Messages:  created: 2934450   present: 21934   in FES: 166
** Event #3109120   t=297.52489861433   Elapsed: 118.519s (1m 58s)  59% completed  (29% total)
     Speed:     ev/sec=30690.3   simsec/sec=1.89847   ev/simsec=16165.8
     Messages:  created: 3003410   present: 22184   in FES: 134
** Event #3175936   t=301.996688888504   Elapsed: 120.52s (2m 00s)  60% completed  (30% total)
     Speed:     ev/sec=33396.1   simsec/sec=2.2351   ev/simsec=14941.7
     Messages:  created: 3079224   present: 22495   in FES: 136
** Event #3242240   t=306.067180656618   Elapsed: 122.52s (2m 02s)  61% completed  (30% total)
     Speed:     ev/sec=33149   simsec/sec=2.03506   ev/simsec=16288.9
     Messages:  created: 3153656   present: 22816   in FES: 125
** Event #3292416   t=309.085086830937   Elapsed: 124.522s (2m 04s)  61% completed  (30% total)
     Speed:     ev/sec=25068.5   simsec/sec=1.50778   ev/simsec=16626.1
     Messages:  created: 3208625   present: 23121   in FES: 152
** Event #3346176   t=312.134246056149   Elapsed: 126.527s (2m 06s)  62% completed  (31% total)
     Speed:     ev/sec=26801.8   simsec/sec=1.52014   ev/simsec=17631.1
     Messages:  created: 3265148   present: 23353   in FES: 164
** Event #3393280   t=315.037402896616   Elapsed: 128.53s (2m 08s)  63% completed  (31% total)
     Speed:     ev/sec=23526.2   simsec/sec=1.44999   ev/simsec=16225.1
     Messages:  created: 3315241   present: 23578   in FES: 156
** Event #3444224   t=317.996692612705   Elapsed: 130.536s (2m 10s)  63% completed  (31% total)
     Speed:     ev/sec=25392.6   simsec/sec=1.47503   ev/simsec=17214.9
     Messages:  created: 3369017   present: 23792   in FES: 166
** Event #3493888   t=320.636769711895   Elapsed: 132.538s (2m 12s)  64% completed  (32% total)
     Speed:     ev/sec=24799.7   simsec/sec=1.31832   ev/simsec=18811.6
     Messages:  created: 3420642   present: 23954   in FES: 151
** Event #3541504   t=323.284037456805   Elapsed: 134.548s (2m 14s)  64% completed  (32% total)
     Speed:     ev/sec=23698.2   simsec/sec=1.31753   ev/simsec=17986.8
     Messages:  created: 3470173   present: 24136   in FES: 131
** Event #3590144   t=326.085086859325   Elapsed: 136.551s (2m 16s)  65% completed  (32% total)
     Speed:     ev/sec=24280.8   simsec/sec=1.39826   ev/simsec=17364.9
     Messages:  created: 3523318   present: 24412   in FES: 152
** Event #3651584   t=329.23984114372   Elapsed: 138.563s (2m 18s)  65% completed  (32% total)
     Speed:     ev/sec=30532.8   simsec/sec=1.56776   ev/simsec=19475.4
     Messages:  created: 3594287   present: 24630   in FES: 154
** Event #3720448   t=332.310235070389   Elapsed: 140.564s (2m 20s)  66% completed  (33% total)
     Speed:     ev/sec=34410.6   simsec/sec=1.53424   ev/simsec=22428.4
     Messages:  created: 3676500   present: 24822   in FES: 132
** Event #3783424   t=335.159202604246   Elapsed: 142.576s (2m 22s)  67% completed  (33% total)
     Speed:     ev/sec=31313   simsec/sec=1.41657   ev/simsec=22104.9
     Messages:  created: 3749323   present: 25068   in FES: 140
** Event #3822592   t=339.1870624778   Elapsed: 144.591s (2m 24s)  67% completed  (33% total)
     Speed:     ev/sec=19431.4   simsec/sec=1.99824   ev/simsec=9724.27
     Messages:  created: 3781284   present: 25569   in FES: 146
** Event #3864576   t=344.023224602507   Elapsed: 146.597s (2m 26s)  68% completed  (34% total)
     Speed:     ev/sec=20932.8   simsec/sec=2.41126   ev/simsec=8681.26
     Messages:  created: 3815314   present: 26129   in FES: 138
** Event #3903232   t=348.040222040578   Elapsed: 148.598s (2m 28s)  69% completed  (34% total)
     Speed:     ev/sec=19316.1   simsec/sec=2.00727   ev/simsec=9623.11
     Messages:  created: 3846782   present: 26641   in FES: 160
** Event #3946240   t=351.467432014005   Elapsed: 150.6s (2m 30s)  70% completed  (35% total)
     Speed:     ev/sec=21480.7   simsec/sec=1.71175   ev/simsec=12549
     Messages:  created: 3885379   present: 27060   in FES: 163
** Event #3980032   t=354.18093979781   Elapsed: 152.617s (2m 32s)  70% completed  (35% total)
     Speed:     ev/sec=16754.6   simsec/sec=1.3454   ev/simsec=12453.3
     Messages:  created: 3912860   present: 27358   in FES: 141
** Event #4006656   t=356.473223844017   Elapsed: 154.618s (2m 34s)  71% completed  (35% total)
     Speed:     ev/sec=13304.5   simsec/sec=1.14549   ev/simsec=11614.6
     Messages:  created: 3932454   present: 27651   in FES: 148
** Event #4034304   t=359.063171843158   Elapsed: 156.621s (2m 36s)  71% completed  (35% total)
     Speed:     ev/sec=13803   simsec/sec=1.29301   ev/simsec=10675.1
     Messages:  created: 3952745   present: 27949   in FES: 140
** Event #4061952   t=361.172552029072   Elapsed: 158.659s (2m 38s)  72% completed  (36% total)
     Speed:     ev/sec=13570.6   simsec/sec=1.03536   ev/simsec=13107.2
     Messages:  created: 3973106   present: 28175   in FES: 134
** Event #4087040   t=363.234973725324   Elapsed: 160.67s (2m 40s)  72% completed  (36% total)
     Speed:     ev/sec=12471.1   simsec/sec=1.02522   ev/simsec=12164.3
     Messages:  created: 3991452   present: 28472   in FES: 151
** Event #4113152   t=365.38239658752   Elapsed: 162.687s (2m 42s)  73% completed  (36% total)
     Speed:     ev/sec=12951.4   simsec/sec=1.06511   ev/simsec=12159.7
     Messages:  created: 4010311   present: 28643   in FES: 123
** Event #4136960   t=367.267256919566   Elapsed: 164.704s (2m 44s)  73% completed  (36% total)
     Speed:     ev/sec=11802.6   simsec/sec=0.934406   ev/simsec=12631.2
     Messages:  created: 4027519   present: 28958   in FES: 152
** Event #4159232   t=369.168120781569   Elapsed: 166.742s (2m 46s)  73% completed  (36% total)
     Speed:     ev/sec=10925.8   simsec/sec=0.932494   ev/simsec=11716.8
     Messages:  created: 4043606   present: 29136   in FES: 135
** Event #4181760   t=371.173855864448   Elapsed: 168.765s (2m 48s)  74% completed  (37% total)
     Speed:     ev/sec=11138.4   simsec/sec=0.991681   ev/simsec=11231.8
     Messages:  created: 4060748   present: 29425   in FES: 150
** Event #4208640   t=374.023225166591   Elapsed: 170.77s (2m 50s)  74% completed  (37% total)
     Speed:     ev/sec=13408.3   simsec/sec=1.42133   ev/simsec=9433.67
     Messages:  created: 4080856   present: 29711   in FES: 132
** Event #4238848   t=376.234869120227   Elapsed: 172.785s (2m 52s)  75% completed  (37% total)
     Speed:     ev/sec=14986.3   simsec/sec=1.09721   ev/simsec=13658.6
     Messages:  created: 4103681   present: 30034   in FES: 154
** Event #4269568   t=379.234867610387   Elapsed: 174.794s (2m 54s)  75% completed  (37% total)
     Speed:     ev/sec=15289.9   simsec/sec=1.49316   ev/simsec=10240
     Messages:  created: 4127815   present: 30307   in FES: 124
** Event #4307200   t=383.137467645618   Elapsed: 176.805s (2m 56s)  76% completed  (38% total)
     Speed:     ev/sec=18712.4   simsec/sec=1.94056   ev/simsec=9642.8
     Messages:  created: 4158232   present: 30848   in FES: 147
** Event #4349696   t=387.47682227377   Elapsed: 178.81s (2m 58s)  77% completed  (38% total)
     Speed:     ev/sec=21196   simsec/sec=2.16436   ev/simsec=9793.16
     Messages:  created: 4192621   present: 31334   in FES: 134
** Event #4394240   t=392.131582803183   Elapsed: 180.826s (3m 00s)  78% completed  (39% total)
     Speed:     ev/sec=22096.5   simsec/sec=2.30904   ev/simsec=9569.56
     Messages:  created: 4228714   present: 31903   in FES: 140
** Event #4445696   t=398.193568191006   Elapsed: 182.834s (3m 02s)  79% completed  (39% total)
     Speed:     ev/sec=25629.2   simsec/sec=3.01935   ev/simsec=8488.31
     Messages:  created: 4273556   present: 32662   in FES: 151
** Event #4484096   t=402.476822700378   Elapsed: 184.837s (3m 04s)  80% completed  (40% total)
     Speed:     ev/sec=19172.3   simsec/sec=2.13853   ev/simsec=8965.15
     Messages:  created: 4305775   present: 33138   in FES: 136
** Event #4529664   t=407.478033393102   Elapsed: 186.842s (3m 06s)  81% completed  (40% total)
     Speed:     ev/sec=22724.2   simsec/sec=2.49404   ev/simsec=9111.39
     Messages:  created: 4343865   present: 33777   in FES: 149
** Event #4572672   t=412.118609181372   Elapsed: 188.842s (3m 08s)  82% completed  (41% total)
     Speed:     ev/sec=21503.5   simsec/sec=2.32023   ev/simsec=9267.82
     Messages:  created: 4379106   present: 34252   in FES: 123
** Event #4599552   t=414.478057338313   Elapsed: 190.857s (3m 10s)  82% completed  (41% total)
     Speed:     ev/sec=13339.4   simsec/sec=1.1709   ev/simsec=11392.5
     Messages:  created: 4399571   present: 34623   in FES: 151
** Event #4628992   t=417.097098066137   Elapsed: 192.858s (3m 12s)  83% completed  (41% total)
     Speed:     ev/sec=14711   simsec/sec=1.30872   ev/simsec=11240.8
     Messages:  created: 4421495   present: 34920   in FES: 144
** Event #4653568   t=419.097096966701   Elapsed: 194.866s (3m 14s)  83% completed  (41% total)
     Speed:     ev/sec=12239.9   simsec/sec=0.996084   ev/simsec=12288
     Messages:  created: 4439235   present: 35163   in FES: 145
** Event #4672512   t=420.634857083551   Elapsed: 196.893s (3m 16s)  84% completed  (42% total)
     Speed:     ev/sec=9348.15   simsec/sec=0.758826   ev/simsec=12319.2
     Messages:  created: 4452495   present: 35273   in FES: 122
** Event #4695552   t=422.46756038103   Elapsed: 198.93s (3m 18s)  84% completed  (42% total)
     Speed:     ev/sec=11308.6   simsec/sec=0.899533   ev/simsec=12571.6
     Messages:  created: 4469383   present: 35553   in FES: 143
** Event #4722432   t=425.168107396059   Elapsed: 200.936s (3m 20s)  85% completed  (42% total)
     Speed:     ev/sec=13400.6   simsec/sec=1.34632   ev/simsec=9953.54
     Messages:  created: 4490834   present: 35907   in FES: 152
** Event #4753664   t=428.290434840968   Elapsed: 203.117s (3m 23s)  85% completed  (42% total)
     Speed:     ev/sec=14322.2   simsec/sec=1.43182   ev/simsec=10002.8
     Messages:  created: 4516061   present: 36195   in FES: 123
** Event #4793600   t=432.468897775832   Elapsed: 205.129s (3m 25s)  86% completed  (43% total)
     Speed:     ev/sec=19842.3   simsec/sec=2.07608   ev/simsec=9557.58
     Messages:  created: 4548305   present: 36758   in FES: 144
** Event #4832512   t=437.041738657559   Elapsed: 207.13s (3m 27s)  87% completed  (43% total)
     Speed:     ev/sec=19449.6   simsec/sec=2.28567   ev/simsec=8509.37
     Messages:  created: 4580457   present: 37273   in FES: 131
** Event #4867328   t=440.262447953239   Elapsed: 209.148s (3m 29s)  88% completed  (44% total)
     Speed:     ev/sec=17251.3   simsec/sec=1.59586   ev/simsec=10810
     Messages:  created: 4608951   present: 37706   in FES: 148
** Event #4897792   t=443.094841274705   Elapsed: 211.167s (3m 31s)  88% completed  (44% total)
     Speed:     ev/sec=15088.6   simsec/sec=1.40286   ev/simsec=10755.6
     Messages:  created: 4631872   present: 37980   in FES: 124
** Event #4924160   t=445.242423778745   Elapsed: 213.197s (3m 33s)  89% completed  (44% total)
     Speed:     ev/sec=12990.8   simsec/sec=1.05806   ev/simsec=12278
     Messages:  created: 4651322   present: 38258   in FES: 133
** Event #4949248   t=447.382499274227   Elapsed: 215.226s (3m 35s)  89% completed  (44% total)
     Speed:     ev/sec=12363.3   simsec/sec=1.05462   ev/simsec=11723
     Messages:  created: 4669790   present: 38548   in FES: 145
** Event #4973824   t=449.496540006965   Elapsed: 217.238s (3m 37s)  89% completed  (44% total)
     Speed:     ev/sec=12217.8   simsec/sec=1.05098   ev/simsec=11625.1
     Messages:  created: 4687903   present: 38739   in FES: 123
** Event #5003008   t=452.227613933428   Elapsed: 219.252s (3m 39s)  90% completed  (45% total)
     Speed:     ev/sec=14491   simsec/sec=1.35609   ev/simsec=10685.9
     Messages:  created: 4710425   present: 39117   in FES: 141
** Event #5039872   t=456.131580117749   Elapsed: 221.274s (3m 41s)  91% completed  (45% total)
     Speed:     ev/sec=18228   simsec/sec=1.93038   ev/simsec=9442.7
     Messages:  created: 4740452   present: 39552   in FES: 129
** Event #5086208   t=459.915211370308   Elapsed: 223.275s (3m 43s)  91% completed  (45% total)
     Speed:     ev/sec=23152.8   simsec/sec=1.89057   ev/simsec=12246.4
     Messages:  created: 4785924   present: 39985   in FES: 151
** Event #5139712   t=461.39727673689   Elapsed: 225.28s (3m 45s)  92% completed  (46% total)
     Speed:     ev/sec=26686.2   simsec/sec=0.739209   ev/simsec=36101
     Messages:  created: 4848820   present: 40016   in FES: 122
** Event #5200896   t=463.256250567879   Elapsed: 227.288s (3m 47s)  92% completed  (46% total)
     Speed:     ev/sec=30482.2   simsec/sec=0.92615   ev/simsec=32912.8
     Messages:  created: 4922152   present: 40161   in FES: 142
** Event #5268736   t=465.402450329835   Elapsed: 229.288s (3m 49s)  93% completed  (46% total)
     Speed:     ev/sec=33916.6   simsec/sec=1.07299   ev/simsec=31609.4
     Messages:  created: 5004142   present: 40295   in FES: 155
** Event #5331968   t=467.1163979237   Elapsed: 231.289s (3m 51s)  93% completed  (46% total)
     Speed:     ev/sec=31591.8   simsec/sec=0.856319   ev/simsec=36892.6
     Messages:  created: 5081697   present: 40349   in FES: 155
** Event #5396480   t=469.161553511569   Elapsed: 233.291s (3m 53s)  93% completed  (46% total)
     Speed:     ev/sec=32229.1   simsec/sec=1.02173   ev/simsec=31543.8
     Messages:  created: 5158986   present: 40456   in FES: 154
** Event #5452032   t=471.037415573697   Elapsed: 235.292s (3m 55s)  94% completed  (47% total)
     Speed:     ev/sec=27758   simsec/sec=0.937323   ev/simsec=29614.1
     Messages:  created: 5225682   present: 40548   in FES: 174
** Event #5507584   t=472.571693289064   Elapsed: 237.297s (3m 57s)  94% completed  (47% total)
     Speed:     ev/sec=27703.7   simsec/sec=0.765142   ev/simsec=36207.3
     Messages:  created: 5290518   present: 40643   in FES: 185
** Event #5556224   t=474.067366515448   Elapsed: 239.305s (3m 59s)  94% completed  (47% total)
     Speed:     ev/sec=24230.9   simsec/sec=0.745098   ev/simsec=32520.5
     Messages:  created: 5348459   present: 40690   in FES: 167
** Event #5603584   t=475.386771161183   Elapsed: 241.308s (4m 01s)  95% completed  (47% total)
     Speed:     ev/sec=23645.4   simsec/sec=0.658739   ev/simsec=35895
     Messages:  created: 5403987   present: 29221   in FES: 150
** Event #5653760   t=476.634213333628   Elapsed: 243.309s (4m 03s)  95% completed  (47% total)
     Speed:     ev/sec=25067.1   simsec/sec=0.623203   ev/simsec=40223.1
     Messages:  created: 5465106   present: 26458   in FES: 174
** Event #5708288   t=476.985041464552   Elapsed: 245.318s (4m 05s)  95% completed  (47% total)
     Speed:     ev/sec=27148.5   simsec/sec=0.174671   ev/simsec=155427
     Messages:  created: 5539403   present: 26501   in FES: 125
** Event #5758208   t=477.10096580451   Elapsed: 247.319s (4m 07s)  95% completed  (47% total)
     Speed:     ev/sec=24947.3   simsec/sec=0.0579326   ev/simsec=430626
     Messages:  created: 5605534   present: 26593   in FES: 156
** Event #5811968   t=477.49727046145   Elapsed: 249.321s (4m 09s)  95% completed  (47% total)
     Speed:     ev/sec=26850.2   simsec/sec=0.197933   ev/simsec=135653
     Messages:  created: 5676260   present: 26532   in FES: 175
** Event #5857024   t=480.05569030191   Elapsed: 251.329s (4m 11s)  96% completed  (48% total)
     Speed:     ev/sec=22440.9   simsec/sec=1.27426   ev/simsec=17610.9
     Messages:  created: 5724594   present: 26763   in FES: 174
** Event #5892096   t=483.292599125532   Elapsed: 253.344s (4m 13s)  96% completed  (48% total)
     Speed:     ev/sec=17403.6   simsec/sec=1.60623   ev/simsec=10835
     Messages:  created: 5753156   present: 1682   in FES: 147
** Event #5929216   t=487.172427884806   Elapsed: 255.347s (4m 15s)  97% completed  (48% total)
     Speed:     ev/sec=18529   simsec/sec=1.93668   ev/simsec=9567.43
     Messages:  created: 5782965   present: 2168   in FES: 154
** Event #5967104   t=491.094621264295   Elapsed: 257.355s (4m 17s)  98% completed  (49% total)
     Speed:     ev/sec=18871.6   simsec/sec=1.95361   ev/simsec=9659.9
     Messages:  created: 5813405   present: 2602   in FES: 139
** Event #5999104   t=494.26759689957   Elapsed: 259.368s (4m 19s)  98% completed  (49% total)
     Speed:     ev/sec=15895.9   simsec/sec=1.57616   ev/simsec=10085.2
     Messages:  created: 5839332   present: 3014   in FES: 151
** Event #6039808   t=498.477961670722   Elapsed: 261.382s (4m 21s)  99% completed  (49% total)
     Speed:     ev/sec=20213.7   simsec/sec=2.09088   ev/simsec=9667.57
     Messages:  created: 5872068   present: 3525   in FES: 154
** Event #6050002   t=500   Elapsed: 261.896s (4m 21s)  100% completed  (50% total)
     Speed:     ev/sec=19834.2   simsec/sec=2.96142   ev/simsec=6697.52
     Messages:  created: 5880013   present: 3615   in FES: 122

<!> Simulation time limit reached -- at t=500s, event #6050002
undisposed object: (omnetpp::cMessage) FanetSarNetwork.groundStation.app.debugTimer -- check module destructor
undisposed object: (omnetpp::cMessage) FanetSarNetwork.uav[0].app.debugTimer -- check module destructor
undisposed object: (omnetpp::cMessage) FanetSarNetwork.uav[1].app.debugTimer -- check module destructor
undisposed object: (omnetpp::cMessage) FanetSarNetwork.uav[2].app.debugTimer -- check module destructor
undisposed object: (omnetpp::cMessage) FanetSarNetwork.uav[3].app.debugTimer -- check module destructor
undisposed object: (omnetpp::cMessage) FanetSarNetwork.uav[4].app.debugTimer -- check module destructor
undisposed object: (omnetpp::cMessage) FanetSarNetwork.uav[5].app.debugTimer -- check module destructor
undisposed object: (omnetpp::cMessage) FanetSarNetwork.uav[6].app.debugTimer -- check module destructor
undisposed object: (omnetpp::cMessage) FanetSarNetwork.uav[7].app.debugTimer -- check module destructor
undisposed object: (omnetpp::cMessage) FanetSarNetwork.uav[8].app.debugTimer -- check module destructor
undisposed object: (omnetpp::cMessage) FanetSarNetwork.uav[9].app.debugTimer -- check module destructor
undisposed object: (omnetpp::cMessage) FanetSarNetwork.uav[10].app.debugTimer -- check module destructor
undisposed object: (omnetpp::cMessage) FanetSarNetwork.uav[11].app.debugTimer -- check module destructor
undisposed object: (omnetpp::cMessage) FanetSarNetwork.uav[12].app.debugTimer -- check module destructor
undisposed object: (omnetpp::cMessage) FanetSarNetwork.uav[13].app.debugTimer -- check module destructor
undisposed object: (omnetpp::cMessage) FanetSarNetwork.uav[14].app.debugTimer -- check module destructor
undisposed object: (omnetpp::cMessage) FanetSarNetwork.uav[15].app.debugTimer -- check module destructor
undisposed object: (omnetpp::cMessage) FanetSarNetwork.uav[16].app.debugTimer -- check module destructor
undisposed object: (omnetpp::cMessage) FanetSarNetwork.uav[17].app.debugTimer -- check module destructor
undisposed object: (omnetpp::cMessage) FanetSarNetwork.uav[18].app.debugTimer -- check module destructor
undisposed object: (omnetpp::cMessage) FanetSarNetwork.uav[19].app.debugTimer -- check module destructor
undisposed object: (omnetpp::cMessage) FanetSarNetwork.uav[20].app.debugTimer -- check module destructor
undisposed object: (omnetpp::cMessage) FanetSarNetwork.uav[21].app.debugTimer -- check module destructor
undisposed object: (omnetpp::cMessage) FanetSarNetwork.uav[22].app.debugTimer -- check module destructor
undisposed object: (omnetpp::cMessage) FanetSarNetwork.uav[23].app.debugTimer -- check module destructor
undisposed object: (omnetpp::cMessage) FanetSarNetwork.uav[24].app.debugTimer -- check module destructor
undisposed object: (omnetpp::cMessage) FanetSarNetwork.uav[25].app.debugTimer -- check module destructor
undisposed object: (omnetpp::cMessage) FanetSarNetwork.uav[26].app.debugTimer -- check module destructor
undisposed object: (omnetpp::cMessage) FanetSarNetwork.uav[27].app.debugTimer -- check module destructor
undisposed object: (omnetpp::cMessage) FanetSarNetwork.uav[28].app.debugTimer -- check module destructor
undisposed object: (omnetpp::cMessage) FanetSarNetwork.uav[29].app.debugTimer -- check module destructor
