** Event #0   t=0   Elapsed: 1.2e-05s (0m 00s)  0% completed  (50% total)
     Speed:     ev/sec=0   simsec/sec=0   ev/simsec=0
     Messages:  created: 1178   present: 1178   in FES: 186
** Event #36864   t=3.206404620547   Elapsed: 2.01192s (0m 02s)  0% completed  (50% total)
     Speed:     ev/sec=18323.4   simsec/sec=1.59371   ev/simsec=11497.3
     Messages:  created: 26738   present: 1202   in FES: 151
** Event #57088   t=5.028098988559   Elapsed: 4.01847s (0m 04s)  1% completed  (50% total)
     Speed:     ev/sec=10079   simsec/sec=0.907875   ev/simsec=11101.8
     Messages:  created: 40720   present: 1153   in FES: 134
** Event #78336   t=6.22319785866   Elapsed: 6.05737s (0m 06s)  1% completed  (50% total)
     Speed:     ev/sec=10421.3   simsec/sec=0.586149   ev/simsec=17779.3
     Messages:  created: 55594   present: 1151   in FES: 134
** Event #97792   t=8.019865036599   Elapsed: 8.07959s (0m 08s)  1% completed  (50% total)
     Speed:     ev/sec=9621.12   simsec/sec=0.888464   ev/simsec=10828.9
     Messages:  created: 69076   present: 1162   in FES: 135
** Event #119552   t=9.234619262395   Elapsed: 10.0813s (0m 10s)  1% completed  (50% total)
     Speed:     ev/sec=10870.9   simsec/sec=0.606868   ev/simsec=17913.1
     Messages:  created: 84281   present: 1119   in FES: 124
** Event #138752   t=11.019865520166   Elapsed: 12.0952s (0m 12s)  2% completed  (51% total)
     Speed:     ev/sec=9533.45   simsec/sec=0.886435   ev/simsec=10754.8
     Messages:  created: 97598   present: 1147   in FES: 130
** Event #160256   t=12.22860240459   Elapsed: 14.0956s (0m 14s)  2% completed  (51% total)
     Speed:     ev/sec=10750.1   simsec/sec=0.604262   ev/simsec=17790.5
     Messages:  created: 112636   present: 1121   in FES: 124
** Event #180224   t=14.031397802939   Elapsed: 16.1046s (0m 16s)  2% completed  (51% total)
     Speed:     ev/sec=9939.16   simsec/sec=0.897349   ev/simsec=11076.1
     Messages:  created: 126526   present: 1144   in FES: 131
** Event #201984   t=15.335395578381   Elapsed: 18.1139s (0m 18s)  3% completed  (51% total)
     Speed:     ev/sec=10829.7   simsec/sec=0.648984   ev/simsec=16687.1
     Messages:  created: 141928   present: 1142   in FES: 131
** Event #225024   t=17.136647766395   Elapsed: 20.1503s (0m 20s)  3% completed  (51% total)
     Speed:     ev/sec=11314.2   simsec/sec=0.884537   ev/simsec=12791.1
     Messages:  created: 158392   present: 1173   in FES: 142
** Event #246016   t=19.067046885681   Elapsed: 22.1527s (0m 22s)  3% completed  (51% total)
     Speed:     ev/sec=10483.1   simsec/sec=0.964013   ev/simsec=10874.4
     Messages:  created: 173672   present: 1185   in FES: 154
** Event #269824   t=21.055923058539   Elapsed: 24.1579s (0m 24s)  4% completed  (52% total)
     Speed:     ev/sec=11873.5   simsec/sec=0.991889   ev/simsec=11970.6
     Messages:  created: 191236   present: 1204   in FES: 151
** Event #293888   t=23.068704207698   Elapsed: 26.1601s (0m 26s)  4% completed  (52% total)
     Speed:     ev/sec=12018.5   simsec/sec=1.00526   ev/simsec=11955.6
     Messages:  created: 209088   present: 1190   in FES: 147
** Event #322304   t=25.228604516293   Elapsed: 28.1941s (0m 28s)  5% completed  (52% total)
     Speed:     ev/sec=13970.8   simsec/sec=1.06192   ev/simsec=13156.2
     Messages:  created: 230134   present: 1207   in FES: 154
** Event #346880   t=27.330447862332   Elapsed: 30.2014s (0m 30s)  5% completed  (52% total)
     Speed:     ev/sec=12242.9   simsec/sec=1.04707   ev/simsec=11692.6
     Messages:  created: 248384   present: 1208   in FES: 153
** Event #371200   t=29.358092339252   Elapsed: 32.2235s (0m 32s)  5% completed  (52% total)
     Speed:     ev/sec=12027.2   simsec/sec=1.00275   ev/simsec=11994.2
     Messages:  created: 266402   present: 1173   in FES: 142
** Event #395520   t=31.401485858934   Elapsed: 34.2384s (0m 34s)  6% completed  (53% total)
     Speed:     ev/sec=12070.1   simsec/sec=1.01415   ev/simsec=11901.8
     Messages:  created: 284410   present: 1154   in FES: 135
** Event #420096   t=33.5   Elapsed: 36.2659s (0m 36s)  6% completed  (53% total)
     Speed:     ev/sec=12121.5   simsec/sec=1.03504   ev/simsec=11711.1
     Messages:  created: 302660   present: 1116   in FES: 122
** Event #446208   t=36.031761636789   Elapsed: 38.27s (0m 38s)  7% completed  (53% total)
     Speed:     ev/sec=13029.5   simsec/sec=1.26331   ev/simsec=10313.8
     Messages:  created: 322016   present: 1209   in FES: 152
** Event #472064   t=38.078983433749   Elapsed: 40.2702s (0m 40s)  7% completed  (53% total)
     Speed:     ev/sec=12926.7   simsec/sec=1.0235   ev/simsec=12629.8
     Messages:  created: 341452   present: 1150   in FES: 131
** Event #498688   t=40.43251202286   Elapsed: 42.2869s (0m 42s)  8% completed  (54% total)
     Speed:     ev/sec=13201.6   simsec/sec=1.16701   ev/simsec=11312.4
     Messages:  created: 362297   present: 1200   in FES: 154
** Event #535296   t=44.223173301968   Elapsed: 44.3021s (0m 44s)  8% completed  (54% total)
     Speed:     ev/sec=18166.1   simsec/sec=1.88105   ev/simsec=9657.42
     Messages:  created: 392150   present: 1208   in FES: 153
** Event #573440   t=48.259182469172   Elapsed: 46.3168s (0m 46s)  9% completed  (54% total)
     Speed:     ev/sec=18932.3   simsec/sec=2.00323   ev/simsec=9450.92
     Messages:  created: 423656   present: 1196   in FES: 149
** Event #613120   t=52.469671388586   Elapsed: 48.3382s (0m 48s)  10% completed  (55% total)
     Speed:     ev/sec=19629.7   simsec/sec=2.08293   ev/simsec=9424.08
     Messages:  created: 456356   present: 1161   in FES: 138
** Event #654080   t=57.069402755166   Elapsed: 50.3417s (0m 50s)  11% completed  (55% total)
     Speed:     ev/sec=20444.6   simsec/sec=2.29589   ev/simsec=8904.87
     Messages:  created: 490193   present: 1200   in FES: 154
** Event #693760   t=61.223171801798   Elapsed: 52.3602s (0m 52s)  12% completed  (56% total)
     Speed:     ev/sec=19658.3   simsec/sec=2.05786   ev/simsec=9552.77
     Messages:  created: 523418   present: 1138   in FES: 129
** Event #735744   t=66.078927933215   Elapsed: 54.3617s (0m 54s)  13% completed  (56% total)
     Speed:     ev/sec=20975.9   simsec/sec=2.42601   ev/simsec=8646.23
     Messages:  created: 558952   present: 1130   in FES: 125
** Event #783104   t=71.6   Elapsed: 56.367s (0m 56s)  14% completed  (57% total)
     Speed:     ev/sec=23617.7   simsec/sec=2.75327   ev/simsec=8578.04
     Messages:  created: 600026   present: 1116   in FES: 122
** Event #834816   t=78.083516633742   Elapsed: 58.3677s (0m 58s)  15% completed  (57% total)
     Speed:     ev/sec=25847.4   simsec/sec=3.24068   ev/simsec=7975.92
     Messages:  created: 646578   present: 1214   in FES: 153
** Event #896000   t=86.098853532556   Elapsed: 60.3701s (1m 00s)  17% completed  (58% total)
     Speed:     ev/sec=30555.5   simsec/sec=4.00289   ev/simsec=7633.37
     Messages:  created: 703284   present: 1203   in FES: 150
** Event #958208   t=94.456981134868   Elapsed: 62.3776s (1m 02s)  18% completed  (59% total)
     Speed:     ev/sec=30987   simsec/sec=4.16334   ev/simsec=7442.82
     Messages:  created: 761545   present: 1184   in FES: 154
** Event #1017856   t=102.401452848765   Elapsed: 64.3787s (1m 04s)  20% completed  (60% total)
     Speed:     ev/sec=29807.4   simsec/sec=3.97002   ev/simsec=7508.11
     Messages:  created: 816981   present: 1482   in FES: 182
** Event #1078272   t=110.205894037678   Elapsed: 66.384s (1m 06s)  22% completed  (61% total)
     Speed:     ev/sec=30128.9   simsec/sec=3.892   ev/simsec=7741.23
     Messages:  created: 871846   present: 2371   in FES: 154
** Event #1136896   t=118.031396567221   Elapsed: 68.3883s (1m 08s)  23% completed  (61% total)
     Speed:     ev/sec=29248.9   simsec/sec=3.90433   ev/simsec=7491.4
     Messages:  created: 924962   present: 3319   in FES: 148
** Event #1202688   t=126.205972046368   Elapsed: 70.3893s (1m 10s)  25% completed  (62% total)
     Speed:     ev/sec=32878.8   simsec/sec=4.08515   ev/simsec=8048.37
     Messages:  created: 984904   present: 4303   in FES: 150
** Event #1266944   t=134.432510367087   Elapsed: 72.4001s (1m 12s)  26% completed  (63% total)
     Speed:     ev/sec=31956.8   simsec/sec=4.09135   ev/simsec=7810.82
     Messages:  created: 1043346   present: 5279   in FES: 154
** Event #1323776   t=142.0417390308   Elapsed: 74.4094s (1m 14s)  28% completed  (64% total)
     Speed:     ev/sec=28283.8   simsec/sec=3.78692   ev/simsec=7468.83
     Messages:  created: 1094831   present: 6218   in FES: 154
** Event #1384704   t=150.009888998719   Elapsed: 76.4137s (1m 16s)  30% completed  (65% total)
     Speed:     ev/sec=30398.8   simsec/sec=3.97555   ev/simsec=7646.44
     Messages:  created: 1150100   present: 7149   in FES: 144
** Event #1434880   t=156.096826157183   Elapsed: 78.4149s (1m 18s)  31% completed  (65% total)
     Speed:     ev/sec=25073.3   simsec/sec=3.04169   ev/simsec=8243.23
     Messages:  created: 1195902   present: 7816   in FES: 124
** Event #1496064   t=164.074870717126   Elapsed: 80.423s (1m 20s)  32% completed  (66% total)
     Speed:     ev/sec=30468.5   simsec/sec=3.97292   ev/simsec=7669.05
     Messages:  created: 1251484   present: 8854   in FES: 149
** Event #1550080   t=171.036772376087   Elapsed: 82.4244s (1m 22s)  34% completed  (67% total)
     Speed:     ev/sec=26988.3   simsec/sec=3.47841   ev/simsec=7758.8
     Messages:  created: 1299973   present: 9678   in FES: 146
** Event #1597952   t=176.335269420804   Elapsed: 84.4382s (1m 24s)  35% completed  (67% total)
     Speed:     ev/sec=23772.9   simsec/sec=2.63119   ev/simsec=9035.01
     Messages:  created: 1341353   present: 10310   in FES: 154
** Event #1639168   t=181.034413907211   Elapsed: 86.4388s (1m 26s)  36% completed  (68% total)
     Speed:     ev/sec=20601   simsec/sec=2.34877   ev/simsec=8770.96
     Messages:  created: 1375117   present: 10809   in FES: 124
** Event #1680896   t=185.096826306715   Elapsed: 88.4454s (1m 28s)  37% completed  (68% total)
     Speed:     ev/sec=20796.1   simsec/sec=2.02459   ev/simsec=10271.7
     Messages:  created: 1409109   present: 11364   in FES: 154
** Event #1717760   t=189.067046750756   Elapsed: 90.452s (1m 30s)  37% completed  (68% total)
     Speed:     ev/sec=18370.8   simsec/sec=1.97852   ev/simsec=9285.13
     Messages:  created: 1438729   present: 11828   in FES: 154
** Event #1751040   t=192.228709398108   Elapsed: 92.467s (1m 32s)  38% completed  (69% total)
     Speed:     ev/sec=16516.7   simsec/sec=1.56911   ev/simsec=10526.1
     Messages:  created: 1465577   present: 12208   in FES: 144
** Event #1789184   t=196.149353818182   Elapsed: 94.4847s (1m 34s)  39% completed  (69% total)
     Speed:     ev/sec=18904.4   simsec/sec=1.94309   ev/simsec=9729.01
     Messages:  created: 1496331   present: 12693   in FES: 149
** Event #1827840   t=200.136525146767   Elapsed: 96.4864s (1m 36s)  40% completed  (70% total)
     Speed:     ev/sec=19311.8   simsec/sec=1.99192   ev/simsec=9695.09
     Messages:  created: 1527467   present: 13158   in FES: 154
** Event #1868800   t=204.330424770904   Elapsed: 98.4873s (1m 38s)  40% completed  (70% total)
     Speed:     ev/sec=20470.5   simsec/sec=2.09598   ev/simsec=9766.57
     Messages:  created: 1560390   present: 13636   in FES: 137
** Event #1912832   t=209.067047419844   Elapsed: 100.489s (1m 40s)  41% completed  (70% total)
     Speed:     ev/sec=21995.6   simsec/sec=2.36612   ev/simsec=9296.08
     Messages:  created: 1595861   present: 14240   in FES: 154
** Event #1956352   t=213.312121180069   Elapsed: 102.503s (1m 42s)  42% completed  (71% total)
     Speed:     ev/sec=21614.1   simsec/sec=2.1083   ev/simsec=10251.9
     Messages:  created: 1630941   present: 14742   in FES: 146
** Event #1998592   t=218.017037264427   Elapsed: 104.504s (1m 44s)  43% completed  (71% total)
     Speed:     ev/sec=21110.9   simsec/sec=2.35145   ev/simsec=8977.84
     Messages:  created: 1664834   present: 15318   in FES: 147
** Event #2035712   t=221.41522165973   Elapsed: 106.522s (1m 46s)  44% completed  (72% total)
     Speed:     ev/sec=18393   simsec/sec=1.68381   ev/simsec=10923.5
     Messages:  created: 1694837   present: 15648   in FES: 124
** Event #2076672   t=226.017085890489   Elapsed: 108.53s (1m 48s)  45% completed  (72% total)
     Speed:     ev/sec=20396.1   simsec/sec=2.29151   ev/simsec=8900.74
     Messages:  created: 1727790   present: 16311   in FES: 184
** Event #2116608   t=230.032081030432   Elapsed: 110.536s (1m 50s)  46% completed  (73% total)
     Speed:     ev/sec=19904.9   simsec/sec=2.00115   ev/simsec=9946.71
     Messages:  created: 1759914   present: 16739   in FES: 140
** Event #2155008   t=234.019864471008   Elapsed: 112.545s (1m 52s)  46% completed  (73% total)
     Speed:     ev/sec=19115.3   simsec/sec=1.9851   ev/simsec=9629.41
     Messages:  created: 1790826   present: 17213   in FES: 138
** Event #2192384   t=237.469670378753   Elapsed: 114.563s (1m 54s)  47% completed  (73% total)
     Speed:     ev/sec=18523.4   simsec/sec=1.70971   ev/simsec=10834.2
     Messages:  created: 1821064   present: 17608   in FES: 135
** Event #2236160   t=242.080128824086   Elapsed: 116.568s (1m 56s)  48% completed  (74% total)
     Speed:     ev/sec=21828.2   simsec/sec=2.29893   ev/simsec=9494.93
     Messages:  created: 1856260   present: 18180   in FES: 139
** Event #2275584   t=246.088077445768   Elapsed: 118.57s (1m 58s)  49% completed  (74% total)
     Speed:     ev/sec=19699.2   simsec/sec=2.00267   ev/simsec=9836.45
     Messages:  created: 1888052   present: 18680   in FES: 145
** Event #2315264   t=250.098940438774   Elapsed: 120.573s (2m 00s)  50% completed  (75% total)
     Speed:     ev/sec=19803.4   simsec/sec=2.00173   ev/simsec=9893.13
     Messages:  created: 1920075   present: 19155   in FES: 143
** Event #2347776   t=253.414651618782   Elapsed: 122.592s (2m 02s)  50% completed  (75% total)
     Speed:     ev/sec=16107.3   simsec/sec=1.64269   ev/simsec=9805.44
     Messages:  created: 1946245   present: 19564   in FES: 150
** Event #2386432   t=257.391763378261   Elapsed: 124.605s (2m 04s)  51% completed  (75% total)
     Speed:     ev/sec=19199.5   simsec/sec=1.97534   ev/simsec=9719.62
     Messages:  created: 1977398   present: 20043   in FES: 150
** Event #2425344   t=261.389301495205   Elapsed: 126.614s (2m 06s)  52% completed  (76% total)
     Speed:     ev/sec=19375.4   simsec/sec=1.99049   ev/simsec=9733.99
     Messages:  created: 2008710   present: 20488   in FES: 139
** Event #2465536   t=265.548488739257   Elapsed: 128.614s (2m 08s)  53% completed  (76% total)
     Speed:     ev/sec=20088.4   simsec/sec=2.0788   ev/simsec=9663.43
     Messages:  created: 2041042   present: 20942   in FES: 122
** Event #2503680   t=269.401484945794   Elapsed: 130.63s (2m 10s)  53% completed  (76% total)
     Speed:     ev/sec=18923.4   simsec/sec=1.91149   ev/simsec=9899.83
     Messages:  created: 2071815   present: 21474   in FES: 146
** Event #2545920   t=274.036789412169   Elapsed: 132.632s (2m 12s)  54% completed  (77% total)
     Speed:     ev/sec=21100.8   simsec/sec=2.31554   ev/simsec=9112.67
     Messages:  created: 2105717   present: 22017   in FES: 139
** Event #2583808   t=278.017037183712   Elapsed: 134.638s (2m 14s)  55% completed  (77% total)
     Speed:     ev/sec=18887.9   simsec/sec=1.98423   ev/simsec=9519.01
     Messages:  created: 2136226   present: 22515   in FES: 146
** Event #2620672   t=281.401490471541   Elapsed: 136.645s (2m 16s)  56% completed  (78% total)
     Speed:     ev/sec=18368.8   simsec/sec=1.68643   ev/simsec=10892.2
     Messages:  created: 2166061   present: 22859   in FES: 127
** Event #2656512   t=285.206274587009   Elapsed: 138.645s (2m 18s)  57% completed  (78% total)
     Speed:     ev/sec=17915.1   simsec/sec=1.90187   ev/simsec=9419.72
     Messages:  created: 2195379   present: 23394   in FES: 154
** Event #2707712   t=291.089514754111   Elapsed: 140.65s (2m 20s)  58% completed  (79% total)
     Speed:     ev/sec=25538.2   simsec/sec=2.93452   ev/simsec=8702.69
     Messages:  created: 2238938   present: 24090   in FES: 149
** Event #2758400   t=297.401384157171   Elapsed: 142.657s (2m 22s)  59% completed  (79% total)
     Speed:     ev/sec=25253.4   simsec/sec=3.14466   ev/simsec=8030.58
     Messages:  created: 2284435   present: 24852   in FES: 154
** Event #2816256   t=305.042164918823   Elapsed: 144.659s (2m 24s)  61% completed  (80% total)
     Speed:     ev/sec=28907.8   simsec/sec=3.81772   ev/simsec=7572
     Messages:  created: 2336582   present: 25752   in FES: 145
** Event #2871296   t=312.031605745928   Elapsed: 146.66s (2m 26s)  62% completed  (81% total)
     Speed:     ev/sec=27505.3   simsec/sec=3.49285   ev/simsec=7874.74
     Messages:  created: 2386090   present: 26598   in FES: 147
** Event #2924288   t=318.339769169741   Elapsed: 148.662s (2m 28s)  63% completed  (81% total)
     Speed:     ev/sec=26464.4   simsec/sec=3.15032   ev/simsec=8400.54
     Messages:  created: 2433580   present: 27280   in FES: 123
** Event #2980608   t=325.228684467947   Elapsed: 150.669s (2m 30s)  65% completed  (82% total)
     Speed:     ev/sec=28062.9   simsec/sec=3.43258   ev/simsec=8175.45
     Messages:  created: 2483417   present: 28189   in FES: 151
** Event #3029760   t=331.136524988688   Elapsed: 152.674s (2m 32s)  66% completed  (83% total)
     Speed:     ev/sec=24509.5   simsec/sec=2.94593   ev/simsec=8319.79
     Messages:  created: 2526332   present: 28873   in FES: 154
** Event #3088128   t=338.074870626456   Elapsed: 154.679s (2m 34s)  67% completed  (83% total)
     Speed:     ev/sec=29117   simsec/sec=3.46121   ev/simsec=8412.38
     Messages:  created: 2576516   present: 29744   in FES: 153
** Event #3141888   t=344.095788995532   Elapsed: 156.68s (2m 36s)  68% completed  (84% total)
     Speed:     ev/sec=26872.3   simsec/sec=3.00959   ev/simsec=8928.87
     Messages:  created: 2622262   present: 30437   in FES: 154
** Event #3193600   t=349.206271069689   Elapsed: 158.682s (2m 38s)  69% completed  (84% total)
     Speed:     ev/sec=25829.7   simsec/sec=2.55264   ev/simsec=10118.8
     Messages:  created: 2668446   present: 31093   in FES: 184
** Event #3236096   t=353.358092752227   Elapsed: 160.684s (2m 40s)  70% completed  (85% total)
     Speed:     ev/sec=21220.5   simsec/sec=2.07323   ev/simsec=10235.5
     Messages:  created: 2705748   present: 31531   in FES: 141
** Event #3277312   t=358.041785846225   Elapsed: 162.694s (2m 42s)  71% completed  (85% total)
     Speed:     ev/sec=20502.7   simsec/sec=2.32988   ev/simsec=8799.89
     Messages:  created: 2739517   present: 32112   in FES: 145
** Event #3320320   t=362.206367680114   Elapsed: 164.706s (2m 44s)  72% completed  (86% total)
     Speed:     ev/sec=21378.8   simsec/sec=2.07017   ev/simsec=10327.1
     Messages:  created: 2774397   present: 32610   in FES: 145
** Event #3353856   t=365.259184752059   Elapsed: 166.733s (2m 46s)  73% completed  (86% total)
     Speed:     ev/sec=16542.7   simsec/sec=1.5059   ev/simsec=10985.3
     Messages:  created: 2799929   present: 32937   in FES: 132
** Event #3379200   t=367.43251251243   Elapsed: 168.745s (2m 48s)  73% completed  (86% total)
     Speed:     ev/sec=12598.7   simsec/sec=1.08038   ev/simsec=11661.4
     Messages:  created: 2818766   present: 33252   in FES: 154
** Event #3409664   t=370.089516026507   Elapsed: 170.749s (2m 50s)  74% completed  (87% total)
     Speed:     ev/sec=15205.6   simsec/sec=1.3262   ev/simsec=11465.5
     Messages:  created: 2841117   present: 33527   in FES: 134
** Event #3436800   t=372.335370208987   Elapsed: 172.763s (2m 52s)  74% completed  (87% total)
     Speed:     ev/sec=13467.6   simsec/sec=1.11461   ev/simsec=12082.7
     Messages:  created: 2861061   present: 33837   in FES: 150
** Event #3461632   t=374.414679564374   Elapsed: 174.765s (2m 54s)  74% completed  (87% total)
     Speed:     ev/sec=12405   simsec/sec=1.03874   ev/simsec=11942.4
     Messages:  created: 2879292   present: 34081   in FES: 149
** Event #3489280   t=377.041784495664   Elapsed: 176.789s (2m 56s)  75% completed  (87% total)
     Speed:     ev/sec=13660.3   simsec/sec=1.298   ev/simsec=10524.1
     Messages:  created: 2899449   present: 34416   in FES: 153
** Event #3517952   t=379.149377829213   Elapsed: 178.809s (2m 58s)  75% completed  (87% total)
     Speed:     ev/sec=14197.3   simsec/sec=1.0436   ev/simsec=13604.1
     Messages:  created: 2920554   present: 34641   in FES: 145
** Event #3544064   t=381.357986470803   Elapsed: 180.816s (3m 00s)  76% completed  (88% total)
     Speed:     ev/sec=13011.4   simsec/sec=1.10053   ev/simsec=11822.8
     Messages:  created: 2939674   present: 34910   in FES: 154
** Event #3569408   t=383.457087069119   Elapsed: 182.831s (3m 02s)  76% completed  (88% total)
     Speed:     ev/sec=12578.1   simsec/sec=1.04178   ev/simsec=12073.7
     Messages:  created: 2958189   present: 35176   in FES: 151
** Event #3591680   t=385.259191734988   Elapsed: 184.858s (3m 04s)  77% completed  (88% total)
     Speed:     ev/sec=10985.4   simsec/sec=0.888865   ev/simsec=12358.9
     Messages:  created: 2974157   present: 35344   in FES: 135
** Event #3617280   t=387.223197958705   Elapsed: 186.889s (3m 06s)  77% completed  (88% total)
     Speed:     ev/sec=12604   simsec/sec=0.96697   ev/simsec=13034.6
     Messages:  created: 2992180   present: 35580   in FES: 134
** Event #3638784   t=389.068650254004   Elapsed: 188.89s (3m 08s)  77% completed  (88% total)
     Speed:     ev/sec=10747.3   simsec/sec=0.922327   ev/simsec=11652.4
     Messages:  created: 3007160   present: 35838   in FES: 154
** Event #3659008   t=390.335957652309   Elapsed: 190.934s (3m 10s)  78% completed  (89% total)
     Speed:     ev/sec=9892.54   simsec/sec=0.619901   ev/simsec=15958.2
     Messages:  created: 3021195   present: 35966   in FES: 139
** Event #3678976   t=392.053317063427   Elapsed: 192.945s (3m 12s)  78% completed  (89% total)
     Speed:     ev/sec=9931.11   simsec/sec=0.854131   ev/simsec=11627.2
     Messages:  created: 3034905   present: 36207   in FES: 154
** Event #3700992   t=393.401509932124   Elapsed: 194.96s (3m 14s)  78% completed  (89% total)
     Speed:     ev/sec=10927.5   simsec/sec=0.669169   ev/simsec=16330
     Messages:  created: 3050110   present: 36351   in FES: 145
** Event #3725824   t=395.215480674258   Elapsed: 196.964s (3m 16s)  79% completed  (89% total)
     Speed:     ev/sec=12390.1   simsec/sec=0.905093   ev/simsec=13689.3
     Messages:  created: 3067169   present: 36538   in FES: 133
** Event #3746048   t=397.029621964393   Elapsed: 198.97s (3m 18s)  79% completed  (89% total)
     Speed:     ev/sec=10079.9   simsec/sec=0.904195   ev/simsec=11148
     Messages:  created: 3080976   present: 36800   in FES: 154
** Event #3769344   t=398.389325836123   Elapsed: 201.002s (3m 21s)  79% completed  (89% total)
     Speed:     ev/sec=11467.1   simsec/sec=0.669295   ev/simsec=17133.1
     Messages:  created: 3097091   present: 36919   in FES: 136
** Event #3793920   t=400.149378961349   Elapsed: 203.017s (3m 23s)  80% completed  (90% total)
     Speed:     ev/sec=12191.9   simsec/sec=0.873145   ev/simsec=13963.2
     Messages:  created: 3113986   present: 37116   in FES: 130
** Event #3814912   t=402.02975193389   Elapsed: 205.019s (3m 25s)  80% completed  (90% total)
     Speed:     ev/sec=10486.5   simsec/sec=0.939336   ev/simsec=11163.7
     Messages:  created: 3128303   present: 37375   in FES: 140
** Event #3837952   t=403.35811664446   Elapsed: 207.047s (3m 27s)  80% completed  (90% total)
     Speed:     ev/sec=11362.3   simsec/sec=0.655087   ev/simsec=17344.6
     Messages:  created: 3144236   present: 37482   in FES: 124
** Event #3860736   t=405.089461308661   Elapsed: 209.054s (3m 29s)  81% completed  (90% total)
     Speed:     ev/sec=11350.8   simsec/sec=0.862539   ev/simsec=13159.7
     Messages:  created: 3159964   present: 37774   in FES: 154
** Event #3889664   t=407.136655402902   Elapsed: 211.08s (3m 31s)  81% completed  (90% total)
     Speed:     ev/sec=14280.5   simsec/sec=1.01061   ev/simsec=14130.6
     Messages:  created: 3179844   present: 37983   in FES: 141
** Event #3910912   t=409.028098492446   Elapsed: 213.082s (3m 33s)  81% completed  (90% total)
     Speed:     ev/sec=10611.1   simsec/sec=0.944576   ev/simsec=11233.8
     Messages:  created: 3194321   present: 38242   in FES: 149
** Event #3934720   t=410.401380025661   Elapsed: 215.086s (3m 35s)  82% completed  (91% total)
     Speed:     ev/sec=11883.8   simsec/sec=0.685478   ev/simsec=17336.6
     Messages:  created: 3210831   present: 38413   in FES: 154
** Event #3958528   t=412.136657925239   Elapsed: 217.098s (3m 37s)  82% completed  (91% total)
     Speed:     ev/sec=11834.1   simsec/sec=0.862546   ev/simsec=13720
     Messages:  created: 3227156   present: 38531   in FES: 123
** Event #3986176   t=414.14494520412   Elapsed: 219.106s (3m 39s)  82% completed  (91% total)
     Speed:     ev/sec=13769.8   simsec/sec=1.0002   ev/simsec=13767
     Messages:  created: 3246193   present: 38823   in FES: 140
** Event #4015104   t=416.228733635745   Elapsed: 221.108s (3m 41s)  83% completed  (91% total)
     Speed:     ev/sec=14444.4   simsec/sec=1.04048   ev/simsec=13882.4
     Messages:  created: 3266064   present: 39043   in FES: 129
** Event #4042240   t=418.223068642275   Elapsed: 223.117s (3m 43s)  83% completed  (91% total)
     Speed:     ev/sec=13506.1   simsec/sec=0.992619   ev/simsec=13606.5
     Messages:  created: 3284769   present: 39357   in FES: 154
** Event #4063744   t=420.046400405117   Elapsed: 225.123s (3m 45s)  84% completed  (92% total)
     Speed:     ev/sec=10722.6   simsec/sec=0.909175   ev/simsec=11793.8
     Messages:  created: 3299410   present: 39491   in FES: 124
** Event #4090880   t=422.041785291544   Elapsed: 227.143s (3m 47s)  84% completed  (92% total)
     Speed:     ev/sec=13430.3   simsec/sec=0.987567   ev/simsec=13599.4
     Messages:  created: 3318049   present: 39765   in FES: 136
** Event #4113664   t=423.401509977319   Elapsed: 229.154s (3m 49s)  84% completed  (92% total)
     Speed:     ev/sec=11334.1   simsec/sec=0.676409   ev/simsec=16756.3
     Messages:  created: 3333816   present: 39903   in FES: 129
** Event #4138752   t=425.228732491212   Elapsed: 231.161s (3m 51s)  85% completed  (92% total)
     Speed:     ev/sec=12500.5   simsec/sec=0.910443   ev/simsec=13730.1
     Messages:  created: 3351126   present: 40186   in FES: 150
** Event #4161024   t=427.06870470098   Elapsed: 233.162s (3m 53s)  85% completed  (92% total)
     Speed:     ev/sec=11127.6   simsec/sec=0.919293   ev/simsec=12104.5
     Messages:  created: 3366347   present: 40371   in FES: 138
** Event #4191488   t=429.098776142609   Elapsed: 235.167s (3m 55s)  85% completed  (92% total)
     Speed:     ev/sec=15196.1   simsec/sec=1.01264   ev/simsec=15006.4
     Messages:  created: 3387381   present: 40663   in FES: 154
** Event #4210432   t=430.43251064666   Elapsed: 237.19s (3m 57s)  86% completed  (93% total)
     Speed:     ev/sec=9363.54   simsec/sec=0.659231   ev/simsec=14203.7
     Messages:  created: 3400407   present: 40805   in FES: 154
** Event #4235264   t=432.259206330012   Elapsed: 239.193s (3m 59s)  86% completed  (93% total)
     Speed:     ev/sec=12397.5   simsec/sec=0.911988   ev/simsec=13593.9
     Messages:  created: 3417473   present: 41035   in FES: 152
** Event #4262656   t=434.22873356988   Elapsed: 241.209s (4m 01s)  86% completed  (93% total)
     Speed:     ev/sec=13590   simsec/sec=0.977144   ev/simsec=13907.9
     Messages:  created: 3436272   present: 41203   in FES: 129
** Event #4291840   t=436.3891956193   Elapsed: 243.23s (4m 03s)  87% completed  (93% total)
     Speed:     ev/sec=14440   simsec/sec=1.06898   ev/simsec=13508.2
     Messages:  created: 3456371   present: 41523   in FES: 154
** Event #4320768   t=438.457111114584   Elapsed: 245.26s (4m 05s)  87% completed  (93% total)
     Speed:     ev/sec=14245.3   simsec/sec=1.01832   ev/simsec=13989
     Messages:  created: 3476245   present: 41764   in FES: 147
** Event #4347904   t=440.415404384652   Elapsed: 247.272s (4m 07s)  88% completed  (94% total)
     Speed:     ev/sec=13485.9   simsec/sec=0.973225   ev/simsec=13857
     Messages:  created: 3494878   present: 41940   in FES: 128
** Event #4373504   t=442.33044813944   Elapsed: 249.292s (4m 09s)  88% completed  (94% total)
     Speed:     ev/sec=12674.5   simsec/sec=0.948135   ev/simsec=13367.8
     Messages:  created: 3512511   present: 42226   in FES: 147
** Event #4401152   t=444.335264020599   Elapsed: 251.296s (4m 11s)  88% completed  (94% total)
     Speed:     ev/sec=13797   simsec/sec=1.00045   ev/simsec=13790.8
     Messages:  created: 3531468   present: 42397   in FES: 124
** Event #4429056   t=446.335975198779   Elapsed: 253.335s (4m 13s)  89% completed  (94% total)
     Speed:     ev/sec=13689.5   simsec/sec=0.981536   ev/simsec=13947
     Messages:  created: 3550679   present: 42656   in FES: 129
** Event #4457728   t=448.414704464824   Elapsed: 255.338s (4m 15s)  89% completed  (94% total)
     Speed:     ev/sec=14312.2   simsec/sec=1.03764   ev/simsec=13793
     Messages:  created: 3570376   present: 42891   in FES: 125
** Event #4483584   t=450.330448608505   Elapsed: 257.361s (4m 17s)  90% completed  (95% total)
     Speed:     ev/sec=12777.7   simsec/sec=0.946739   ev/simsec=13496.6
     Messages:  created: 3588177   present: 43159   in FES: 138
** Event #4512512   t=452.401509925505   Elapsed: 259.362s (4m 19s)  90% completed  (95% total)
     Speed:     ev/sec=14457.3   simsec/sec=1.03505   ev/simsec=13967.7
     Messages:  created: 3608044   present: 43377   in FES: 127
** Event #4540416   t=454.415124356661   Elapsed: 261.39s (4m 21s)  90% completed  (95% total)
     Speed:     ev/sec=13763.6   simsec/sec=0.993213   ev/simsec=13857.7
     Messages:  created: 3627252   present: 43635   in FES: 133
** Event #4566528   t=456.335957341747   Elapsed: 263.401s (4m 23s)  91% completed  (95% total)
     Speed:     ev/sec=12981   simsec/sec=0.954901   ev/simsec=13594.1
     Messages:  created: 3645219   present: 43886   in FES: 139
** Event #4595200   t=458.414704255882   Elapsed: 265.403s (4m 25s)  91% completed  (95% total)
     Speed:     ev/sec=14325.7   simsec/sec=1.03863   ev/simsec=13792.9
     Messages:  created: 3664918   present: 44119   in FES: 135
** Event #4621056   t=460.330448140211   Elapsed: 267.412s (4m 27s)  92% completed  (96% total)
     Speed:     ev/sec=12870.9   simsec/sec=0.953643   ev/simsec=13496.6
     Messages:  created: 3682717   present: 44388   in FES: 147
** Event #4645632   t=462.099251027091   Elapsed: 269.422s (4m 29s)  92% completed  (96% total)
     Speed:     ev/sec=12226   simsec/sec=0.879936   ev/simsec=13894.1
     Messages:  created: 3699614   present: 44589   in FES: 141
** Event #4669184   t=464.053370700714   Elapsed: 271.433s (4m 31s)  92% completed  (96% total)
     Speed:     ev/sec=11712.1   simsec/sec=0.971756   ev/simsec=12052.5
     Messages:  created: 3715740   present: 44836   in FES: 146
** Event #4695296   t=466.03139664974   Elapsed: 273.455s (4m 33s)  93% completed  (96% total)
     Speed:     ev/sec=12913   simsec/sec=0.978182   ev/simsec=13201
     Messages:  created: 3733631   present: 45069   in FES: 144
** Event #4722688   t=468.02975257152   Elapsed: 275.472s (4m 35s)  93% completed  (96% total)
     Speed:     ev/sec=13578.8   simsec/sec=0.990627   ev/simsec=13707.3
     Messages:  created: 3752425   present: 45256   in FES: 127
** Event #4753664   t=470.078982225286   Elapsed: 277.477s (4m 37s)  94% completed  (97% total)
     Speed:     ev/sec=15446.2   simsec/sec=1.02185   ev/simsec=15115.9
     Messages:  created: 3773867   present: 45557   in FES: 144
** Event #4783872   t=472.144945607129   Elapsed: 279.483s (4m 39s)  94% completed  (97% total)
     Speed:     ev/sec=15065.5   simsec/sec=1.03035   ev/simsec=14621.7
     Messages:  created: 3794660   present: 45787   in FES: 150
** Event #4813056   t=474.259207458257   Elapsed: 281.493s (4m 41s)  94% completed  (97% total)
     Speed:     ev/sec=14513   simsec/sec=1.05141   ev/simsec=13803.4
     Messages:  created: 3814709   present: 46023   in FES: 154
** Event #4835840   t=476.074871578653   Elapsed: 283.511s (4m 43s)  95% completed  (97% total)
     Speed:     ev/sec=11292.4   simsec/sec=0.899895   ev/simsec=12548.6
     Messages:  created: 3830345   present: 1301   in FES: 134
** Event #4863232   t=478.074870629152   Elapsed: 285.526s (4m 45s)  95% completed  (97% total)
     Speed:     ev/sec=13591.1   simsec/sec=0.99234   ev/simsec=13696
     Messages:  created: 3849219   present: 1598   in FES: 153
** Event #4888320   t=480.036813065298   Elapsed: 287.532s (4m 47s)  96% completed  (98% total)
     Speed:     ev/sec=12510.6   simsec/sec=0.97836   ev/simsec=12787.3
     Messages:  created: 3866360   present: 1800   in FES: 142
** Event #4921088   t=482.136526133753   Elapsed: 289.553s (4m 49s)  96% completed  (98% total)
     Speed:     ev/sec=16215.1   simsec/sec=1.03903   ev/simsec=15605.9
     Messages:  created: 3889044   present: 2074   in FES: 154
** Event #4949248   t=484.169746040367   Elapsed: 291.576s (4m 51s)  96% completed  (98% total)
     Speed:     ev/sec=13919.2   simsec/sec=1.005   ev/simsec=13850
     Messages:  created: 3908333   present: 2230   in FES: 123
** Event #4977152   t=486.206686161057   Elapsed: 293.586s (4m 53s)  97% completed  (98% total)
     Speed:     ev/sec=13878.3   simsec/sec=1.01309   ev/simsec=13699
     Messages:  created: 3927539   present: 2514   in FES: 135
** Event #5003264   t=488.099151409249   Elapsed: 295.59s (4m 55s)  97% completed  (98% total)
     Speed:     ev/sec=13034.9   simsec/sec=0.944706   ev/simsec=13797.9
     Messages:  created: 3945508   present: 2751   in FES: 137
** Event #5031680   t=490.149378645245   Elapsed: 297.591s (4m 57s)  98% completed  (99% total)
     Speed:     ev/sec=14199.7   simsec/sec=1.02452   ev/simsec=13859.9
     Messages:  created: 3965042   present: 2991   in FES: 137
** Event #5056768   t=492.083517699528   Elapsed: 299.597s (4m 59s)  98% completed  (99% total)
     Speed:     ev/sec=12503.8   simsec/sec=0.963968   ev/simsec=12971.1
     Messages:  created: 3982261   present: 3213   in FES: 132
** Event #5084672   t=494.088397610993   Elapsed: 301.6s (5m 01s)  98% completed  (99% total)
     Speed:     ev/sec=13934.2   simsec/sec=1.00116   ev/simsec=13918
     Messages:  created: 4001469   present: 3471   in FES: 138
** Event #5114112   t=496.149377748736   Elapsed: 303.625s (5m 03s)  99% completed  (99% total)
     Speed:     ev/sec=14536.8   simsec/sec=1.01766   ev/simsec=14284.5
     Messages:  created: 4021750   present: 3753   in FES: 151
** Event #5139200   t=498.083516755913   Elapsed: 305.645s (5m 05s)  99% completed  (99% total)
     Speed:     ev/sec=12420   simsec/sec=0.957508   ev/simsec=12971.1
     Messages:  created: 4038967   present: 3977   in FES: 146
** Event #5160440   t=500   Elapsed: 307.179s (5m 07s)  100% completed  (100% total)
     Speed:     ev/sec=13845.8   simsec/sec=1.24874   ev/simsec=11087.8
     Messages:  created: 4053354   present: 4131   in FES: 122

<!> Simulation time limit reached -- at t=500s, event #5160440
undisposed object: (omnetpp::cMessage) FanetSarNetwork.groundStation.app.debugTimer -- check module destructor
undisposed object: (omnetpp::cMessage) FanetSarNetwork.uav[0].app.debugTimer -- check module destructor
undisposed object: (omnetpp::cMessage) FanetSarNetwork.uav[1].app.debugTimer -- check module destructor
undisposed object: (omnetpp::cMessage) FanetSarNetwork.uav[2].app.debugTimer -- check module destructor
undisposed object: (omnetpp::cMessage) FanetSarNetwork.uav[3].app.debugTimer -- check module destructor
undisposed object: (omnetpp::cMessage) FanetSarNetwork.uav[4].app.debugTimer -- check module destructor
undisposed object: (omnetpp::cMessage) FanetSarNetwork.uav[5].app.debugTimer -- check module destructor
undisposed object: (omnetpp::cMessage) FanetSarNetwork.uav[6].app.debugTimer -- check module destructor
undisposed object: (omnetpp::cMessage) FanetSarNetwork.uav[7].app.debugTimer -- check module destructor
undisposed object: (omnetpp::cMessage) FanetSarNetwork.uav[8].app.debugTimer -- check module destructor
undisposed object: (omnetpp::cMessage) FanetSarNetwork.uav[9].app.debugTimer -- check module destructor
undisposed object: (omnetpp::cMessage) FanetSarNetwork.uav[10].app.debugTimer -- check module destructor
undisposed object: (omnetpp::cMessage) FanetSarNetwork.uav[11].app.debugTimer -- check module destructor
undisposed object: (omnetpp::cMessage) FanetSarNetwork.uav[12].app.debugTimer -- check module destructor
undisposed object: (omnetpp::cMessage) FanetSarNetwork.uav[13].app.debugTimer -- check module destructor
undisposed object: (omnetpp::cMessage) FanetSarNetwork.uav[14].app.debugTimer -- check module destructor
undisposed object: (omnetpp::cMessage) FanetSarNetwork.uav[15].app.debugTimer -- check module destructor
undisposed object: (omnetpp::cMessage) FanetSarNetwork.uav[16].app.debugTimer -- check module destructor
undisposed object: (omnetpp::cMessage) FanetSarNetwork.uav[17].app.debugTimer -- check module destructor
undisposed object: (omnetpp::cMessage) FanetSarNetwork.uav[18].app.debugTimer -- check module destructor
undisposed object: (omnetpp::cMessage) FanetSarNetwork.uav[19].app.debugTimer -- check module destructor
undisposed object: (omnetpp::cMessage) FanetSarNetwork.uav[20].app.debugTimer -- check module destructor
undisposed object: (omnetpp::cMessage) FanetSarNetwork.uav[21].app.debugTimer -- check module destructor
undisposed object: (omnetpp::cMessage) FanetSarNetwork.uav[22].app.debugTimer -- check module destructor
undisposed object: (omnetpp::cMessage) FanetSarNetwork.uav[23].app.debugTimer -- check module destructor
undisposed object: (omnetpp::cMessage) FanetSarNetwork.uav[24].app.debugTimer -- check module destructor
undisposed object: (omnetpp::cMessage) FanetSarNetwork.uav[25].app.debugTimer -- check module destructor
undisposed object: (omnetpp::cMessage) FanetSarNetwork.uav[26].app.debugTimer -- check module destructor
undisposed object: (omnetpp::cMessage) FanetSarNetwork.uav[27].app.debugTimer -- check module destructor
undisposed object: (omnetpp::cMessage) FanetSarNetwork.uav[28].app.debugTimer -- check module destructor
undisposed object: (omnetpp::cMessage) FanetSarNetwork.uav[29].app.debugTimer -- check module destructor
