** Event #0   t=0   Elapsed: 1e-05s (0m 00s)  0% completed  (50% total)
     Speed:     ev/sec=0   simsec/sec=0   ev/simsec=0
     Messages:  created: 1178   present: 1178   in FES: 186
** Event #41472   t=4.064326702762   Elapsed: 2.00282s (0m 02s)  0% completed  (50% total)
     Speed:     ev/sec=20707.4   simsec/sec=2.02932   ev/simsec=10204.2
     Messages:  created: 31508   present: 1194   in FES: 147
** Event #72704   t=6.481500065536   Elapsed: 4.02967s (0m 04s)  1% completed  (50% total)
     Speed:     ev/sec=15409.1   simsec/sec=1.19257   ev/simsec=12920.9
     Messages:  created: 54107   present: 1180   in FES: 154
** Event #98816   t=8.421961528623   Elapsed: 6.0522s (0m 06s)  1% completed  (50% total)
     Speed:     ev/sec=12910.6   simsec/sec=0.959424   ev/simsec=13456.6
     Messages:  created: 72398   present: 1204   in FES: 151
** Event #125440   t=10.416903084657   Elapsed: 8.06696s (0m 08s)  2% completed  (51% total)
     Speed:     ev/sec=13214.5   simsec/sec=0.990164   ev/simsec=13345.8
     Messages:  created: 90934   present: 1179   in FES: 142
** Event #150528   t=12.347518482021   Elapsed: 10.0835s (0m 10s)  2% completed  (51% total)
     Speed:     ev/sec=12440.9   simsec/sec=0.957377   ev/simsec=12994.8
     Messages:  created: 108394   present: 1143   in FES: 132
** Event #178944   t=14.41690207909   Elapsed: 12.096s (0m 12s)  2% completed  (51% total)
     Speed:     ev/sec=14120.1   simsec/sec=1.02829   ev/simsec=13731.6
     Messages:  created: 128254   present: 1209   in FES: 152
** Event #210176   t=17.04656335349   Elapsed: 14.1032s (0m 14s)  3% completed  (51% total)
     Speed:     ev/sec=15559.8   simsec/sec=1.3101   ev/simsec=11876.8
     Messages:  created: 150178   present: 1218   in FES: 153
** Event #240896   t=19.421962451339   Elapsed: 16.1202s (0m 16s)  3% completed  (51% total)
     Speed:     ev/sec=15230.4   simsec/sec=1.17768   ev/simsec=12932.6
     Messages:  created: 172986   present: 1129   in FES: 126
** Event #281344   t=23.173200688263   Elapsed: 18.1227s (0m 18s)  4% completed  (52% total)
     Speed:     ev/sec=20199.3   simsec/sec=1.87332   ev/simsec=10782.6
     Messages:  created: 203842   present: 1173   in FES: 142
** Event #316416   t=26.416876582397   Elapsed: 20.1333s (0m 20s)  5% completed  (52% total)
     Speed:     ev/sec=17443.5   simsec/sec=1.61329   ev/simsec=10812.4
     Messages:  created: 230978   present: 1133   in FES: 126
** Event #385536   t=35.416854162507   Elapsed: 22.1355s (0m 22s)  7% completed  (53% total)
     Speed:     ev/sec=34522.1   simsec/sec=4.49505   ev/simsec=7680.02
     Messages:  created: 294454   present: 1200   in FES: 149
** Event #474368   t=47.347469254404   Elapsed: 24.1355s (0m 24s)  9% completed  (54% total)
     Speed:     ev/sec=44415.9   simsec/sec=5.9653   ev/simsec=7445.72
     Messages:  created: 377340   present: 1185   in FES: 146
** Event #549632   t=57.136840513958   Elapsed: 26.1426s (0m 26s)  11% completed  (55% total)
     Speed:     ev/sec=37498.2   simsec/sec=4.87728   ev/simsec=7688.34
     Messages:  created: 447139   present: 1210   in FES: 154
** Event #620800   t=66.428614846258   Elapsed: 28.1472s (0m 28s)  13% completed  (56% total)
     Speed:     ev/sec=35503.1   simsec/sec=4.63533   ev/simsec=7659.25
     Messages:  created: 513538   present: 1207   in FES: 154
** Event #696576   t=77.014209754148   Elapsed: 30.1539s (0m 30s)  15% completed  (57% total)
     Speed:     ev/sec=37760.2   simsec/sec=5.27494   ev/simsec=7158.41
     Messages:  created: 584174   present: 1204   in FES: 149
** Event #779776   t=88.042055423477   Elapsed: 32.1555s (0m 32s)  17% completed  (58% total)
     Speed:     ev/sec=41567.7   simsec/sec=5.50965   ev/simsec=7544.54
     Messages:  created: 661886   present: 1167   in FES: 136
** Event #843520   t=96.364243496052   Elapsed: 34.1581s (0m 34s)  19% completed  (59% total)
     Speed:     ev/sec=31830.2   simsec/sec=4.15564   ev/simsec=7659.52
     Messages:  created: 721448   present: 1118   in FES: 123
** Event #936704   t=108.421905559243   Elapsed: 36.1618s (0m 36s)  21% completed  (60% total)
     Speed:     ev/sec=46505.5   simsec/sec=6.01764   ev/simsec=7728.2
     Messages:  created: 806788   present: 2162   in FES: 149
** Event #1027072   t=120.076105171929   Elapsed: 38.1654s (0m 38s)  24% completed  (62% total)
     Speed:     ev/sec=45103.5   simsec/sec=5.81672   ev/simsec=7754.11
     Messages:  created: 888622   present: 3554   in FES: 145
** Event #1110016   t=131.01099884534   Elapsed: 40.1666s (0m 40s)  26% completed  (63% total)
     Speed:     ev/sec=41448   simsec/sec=5.46428   ev/simsec=7585.26
     Messages:  created: 963637   present: 4870   in FES: 146
** Event #1178880   t=139.421905379645   Elapsed: 42.1694s (0m 42s)  27% completed  (63% total)
     Speed:     ev/sec=34383.4   simsec/sec=4.19951   ev/simsec=8187.46
     Messages:  created: 1026258   present: 5896   in FES: 153
** Event #1255168   t=149.238909910765   Elapsed: 44.1735s (0m 44s)  29% completed  (64% total)
     Speed:     ev/sec=38065.5   simsec/sec=4.89841   ev/simsec=7771.01
     Messages:  created: 1095339   present: 7040   in FES: 144
** Event #1328896   t=158.475349948616   Elapsed: 46.1752s (0m 46s)  31% completed  (65% total)
     Speed:     ev/sec=36832.6   simsec/sec=4.61429   ev/simsec=7982.3
     Messages:  created: 1161460   present: 8086   in FES: 122
** Event #1381888   t=164.275349948616   Elapsed: 48.1876s (0m 48s)  32% completed  (66% total)
     Speed:     ev/sec=26332.5   simsec/sec=2.88211   ev/simsec=9136.55
     Messages:  created: 1205465   present: 8781   in FES: 122
** Event #1422848   t=168.238925831991   Elapsed: 50.1902s (0m 50s)  33% completed  (66% total)
     Speed:     ev/sec=20453.4   simsec/sec=1.97921   ev/simsec=10334.1
     Messages:  created: 1237659   present: 9332   in FES: 148
** Event #1461760   t=172.043802743964   Elapsed: 52.1943s (0m 52s)  34% completed  (67% total)
     Speed:     ev/sec=19416   simsec/sec=1.89853   ev/simsec=10226.9
     Messages:  created: 1267390   present: 9801   in FES: 148
** Event #1500160   t=175.353056536904   Elapsed: 54.2004s (0m 54s)  35% completed  (67% total)
     Speed:     ev/sec=19142.2   simsec/sec=1.64965   ev/simsec=11603.8
     Messages:  created: 1296714   present: 10182   in FES: 145
** Event #1536768   t=179.010944664991   Elapsed: 56.2016s (0m 56s)  35% completed  (67% total)
     Speed:     ev/sec=18292.6   simsec/sec=1.82781   ev/simsec=10008
     Messages:  created: 1324254   present: 10625   in FES: 154
** Event #1575936   t=182.173200944566   Elapsed: 58.2211s (0m 58s)  36% completed  (68% total)
     Speed:     ev/sec=19395.3   simsec/sec=1.56589   ev/simsec=12386.1
     Messages:  created: 1353995   present: 10990   in FES: 142
** Event #1608960   t=185.136929652699   Elapsed: 60.2299s (1m 00s)  37% completed  (68% total)
     Speed:     ev/sec=16439.7   simsec/sec=1.47537   ev/simsec=11142.7
     Messages:  created: 1378941   present: 11357   in FES: 145
** Event #1644032   t=188.313580450835   Elapsed: 62.2337s (1m 02s)  37% completed  (68% total)
     Speed:     ev/sec=17502.2   simsec/sec=1.58526   ev/simsec=11040.6
     Messages:  created: 1405468   present: 11670   in FES: 123
** Event #1677312   t=191.364161931895   Elapsed: 64.2382s (1m 04s)  38% completed  (69% total)
     Speed:     ev/sec=16603.4   simsec/sec=1.52194   ev/simsec=10909.4
     Messages:  created: 1430920   present: 12131   in FES: 154
** Event #1718016   t=195.178895923309   Elapsed: 66.2389s (1m 06s)  39% completed  (69% total)
     Speed:     ev/sec=20344.1   simsec/sec=1.90663   ev/simsec=10670.2
     Messages:  created: 1462295   present: 12497   in FES: 124
** Event #1761280   t=199.296731028497   Elapsed: 68.2465s (1m 08s)  39% completed  (69% total)
     Speed:     ev/sec=21550   simsec/sec=2.05112   ev/simsec=10506.5
     Messages:  created: 1495886   present: 13063   in FES: 148
** Event #1801472   t=203.175258779081   Elapsed: 70.2555s (1m 10s)  40% completed  (70% total)
     Speed:     ev/sec=20006.7   simsec/sec=1.93065   ev/simsec=10362.7
     Messages:  created: 1527323   present: 13532   in FES: 154
** Event #1841152   t=207.09455798483   Elapsed: 72.2636s (1m 12s)  41% completed  (70% total)
     Speed:     ev/sec=19759.2   simsec/sec=1.95167   ev/simsec=10124.3
     Messages:  created: 1558559   present: 13994   in FES: 146
** Event #1882368   t=211.136925556291   Elapsed: 74.2795s (1m 14s)  42% completed  (71% total)
     Speed:     ev/sec=20445.8   simsec/sec=2.00527   ev/simsec=10196
     Messages:  created: 1591129   present: 14480   in FES: 146
** Event #1916672   t=214.421831379645   Elapsed: 76.2861s (1m 16s)  42% completed  (71% total)
     Speed:     ev/sec=17095.4   simsec/sec=1.63704   ev/simsec=10442.9
     Messages:  created: 1618007   present: 14805   in FES: 124
** Event #1960960   t=219.020078624935   Elapsed: 78.2892s (1m 18s)  43% completed  (71% total)
     Speed:     ev/sec=22110.3   simsec/sec=2.29563   ev/simsec=9631.5
     Messages:  created: 1652338   present: 15416   in FES: 143
** Event #2000384   t=222.37242944492   Elapsed: 80.3101s (1m 20s)  44% completed  (72% total)
     Speed:     ev/sec=19508.1   simsec/sec=1.65884   ev/simsec=11760.1
     Messages:  created: 1682803   present: 15763   in FES: 124
** Event #2041088   t=225.294454391114   Elapsed: 82.3112s (1m 22s)  45% completed  (72% total)
     Speed:     ev/sec=20340.8   simsec/sec=1.46021   ev/simsec=13930.1
     Messages:  created: 1719702   present: 16229   in FES: 185
** Event #2081536   t=228.082106054443   Elapsed: 84.3307s (1m 24s)  45% completed  (72% total)
     Speed:     ev/sec=20028.6   simsec/sec=1.38036   ev/simsec=14509.7
     Messages:  created: 1755868   present: 16485   in FES: 136
** Event #2116352   t=231.163119975304   Elapsed: 86.3481s (1m 26s)  46% completed  (73% total)
     Speed:     ev/sec=17257.5   simsec/sec=1.52719   ev/simsec=11300.2
     Messages:  created: 1782055   present: 16863   in FES: 141
** Event #2150656   t=234.173223829794   Elapsed: 88.3661s (1m 28s)  46% completed  (73% total)
     Speed:     ev/sec=16999.5   simsec/sec=1.49167   ev/simsec=11396.3
     Messages:  created: 1807711   present: 17243   in FES: 147
** Event #2184960   t=237.163017112604   Elapsed: 90.3807s (1m 30s)  47% completed  (73% total)
     Speed:     ev/sec=17027.2   simsec/sec=1.48402   ev/simsec=11473.7
     Messages:  created: 1833210   present: 17595   in FES: 154
** Event #2216960   t=240.054154227564   Elapsed: 92.3834s (1m 32s)  48% completed  (74% total)
     Speed:     ev/sec=15978.4   simsec/sec=1.44361   ev/simsec=11068.3
     Messages:  created: 1856959   present: 17912   in FES: 132
** Event #2254080   t=243.181832086295   Elapsed: 94.4115s (1m 34s)  48% completed  (74% total)
     Speed:     ev/sec=18303.1   simsec/sec=1.54219   ev/simsec=11868.2
     Messages:  created: 1884727   present: 18261   in FES: 125
** Event #2288384   t=246.238958916297   Elapsed: 96.413s (1m 36s)  49% completed  (74% total)
     Speed:     ev/sec=17138.9   simsec/sec=1.52739   ev/simsec=11221
     Messages:  created: 1910507   present: 18668   in FES: 140
** Event #2320384   t=249.136835401063   Elapsed: 98.4143s (1m 38s)  49% completed  (74% total)
     Speed:     ev/sec=15989.6   simsec/sec=1.44799   ev/simsec=11042.6
     Messages:  created: 1934709   present: 18975   in FES: 125
** Event #2360320   t=253.043808272665   Elapsed: 100.421s (1m 40s)  50% completed  (75% total)
     Speed:     ev/sec=19899.9   simsec/sec=1.94683   ev/simsec=10221.7
     Messages:  created: 1965314   present: 19482   in FES: 135
** Event #2402048   t=257.053829289915   Elapsed: 102.426s (1m 42s)  51% completed  (75% total)
     Speed:     ev/sec=20809   simsec/sec=1.99972   ev/simsec=10405.9
     Messages:  created: 1998163   present: 19983   in FES: 143
** Event #2439936   t=261.030000229599   Elapsed: 104.427s (1m 44s)  52% completed  (76% total)
     Speed:     ev/sec=18941.3   simsec/sec=1.9878   ev/simsec=9528.77
     Messages:  created: 2028323   present: 20399   in FES: 124
** Event #2488064   t=265.561862126657   Elapsed: 106.43s (1m 46s)  53% completed  (76% total)
     Speed:     ev/sec=24025.3   simsec/sec=2.26229   ev/simsec=10619.9
     Messages:  created: 2066607   present: 20939   in FES: 122
** Event #2526464   t=269.173205121318   Elapsed: 108.439s (1m 48s)  53% completed  (76% total)
     Speed:     ev/sec=19111.8   simsec/sec=1.79738   ev/simsec=10633.2
     Messages:  created: 2096439   present: 21407   in FES: 135
** Event #2560768   t=272.275400923332   Elapsed: 110.44s (1m 50s)  54% completed  (77% total)
     Speed:     ev/sec=17141.1   simsec/sec=1.55012   ev/simsec=11058
     Messages:  created: 2122340   present: 21742   in FES: 122
** Event #2592768   t=275.082101011379   Elapsed: 112.443s (1m 52s)  55% completed  (77% total)
     Speed:     ev/sec=15978.1   simsec/sec=1.40143   ev/simsec=11401.3
     Messages:  created: 2146240   present: 22174   in FES: 153
** Event #2620928   t=277.416772046941   Elapsed: 114.453s (1m 54s)  55% completed  (77% total)
     Speed:     ev/sec=14014.7   simsec/sec=1.16192   ev/simsec=12061.7
     Messages:  created: 2166962   present: 22366   in FES: 124
** Event #2654464   t=280.296628829092   Elapsed: 116.468s (1m 56s)  56% completed  (78% total)
     Speed:     ev/sec=16638.9   simsec/sec=1.42884   ev/simsec=11645
     Messages:  created: 2191588   present: 22711   in FES: 124
** Event #2688512   t=283.136946818332   Elapsed: 118.47s (1m 58s)  56% completed  (78% total)
     Speed:     ev/sec=17005.3   simsec/sec=1.4186   ev/simsec=11987.4
     Messages:  created: 2216495   present: 23087   in FES: 135
** Event #2716160   t=285.411826465127   Elapsed: 120.485s (2m 00s)  57% completed  (78% total)
     Speed:     ev/sec=13721.7   simsec/sec=1.12903   ev/simsec=12153.6
     Messages:  created: 2236631   present: 23351   in FES: 133
** Event #2749696   t=288.318611777155   Elapsed: 122.512s (2m 02s)  57% completed  (78% total)
     Speed:     ev/sec=16543.9   simsec/sec=1.43397   ev/simsec=11537.1
     Messages:  created: 2261381   present: 23671   in FES: 123
** Event #2782464   t=291.353068522501   Elapsed: 124.52s (2m 04s)  58% completed  (79% total)
     Speed:     ev/sec=16319.2   simsec/sec=1.51123   ev/simsec=10798.6
     Messages:  created: 2286628   present: 24102   in FES: 145
** Event #2815232   t=294.481610974219   Elapsed: 126.546s (2m 06s)  58% completed  (79% total)
     Speed:     ev/sec=16171.3   simsec/sec=1.54396   ev/simsec=10473.9
     Messages:  created: 2312302   present: 24454   in FES: 139
** Event #2860288   t=299.058302688674   Elapsed: 128.547s (2m 08s)  59% completed  (79% total)
     Speed:     ev/sec=22525.5   simsec/sec=2.28809   ev/simsec=9844.67
     Messages:  created: 2347883   present: 25058   in FES: 154
** Event #2909696   t=304.040327422144   Elapsed: 130.547s (2m 10s)  60% completed  (80% total)
     Speed:     ev/sec=24695.8   simsec/sec=2.49019   ev/simsec=9917.25
     Messages:  created: 2386834   present: 25649   in FES: 154
** Event #2964480   t=309.16309416923   Elapsed: 132.554s (2m 12s)  61% completed  (80% total)
     Speed:     ev/sec=27303.6   simsec/sec=2.55311   ev/simsec=10694.2
     Messages:  created: 2430101   present: 26201   in FES: 133
** Event #3014656   t=314.094558015923   Elapsed: 134.558s (2m 14s)  62% completed  (81% total)
     Speed:     ev/sec=25040.7   simsec/sec=2.46108   ev/simsec=10174.7
     Messages:  created: 2469641   present: 26841   in FES: 149
** Event #3062528   t=319.036433120854   Elapsed: 136.561s (2m 16s)  63% completed  (81% total)
     Speed:     ev/sec=23894.1   simsec/sec=2.46661   ev/simsec=9687.01
     Messages:  created: 2507152   present: 27429   in FES: 154
** Event #3107328   t=323.129687429943   Elapsed: 138.569s (2m 18s)  64% completed  (82% total)
     Speed:     ev/sec=22316.8   simsec/sec=2.03902   ev/simsec=10944.8
     Messages:  created: 2542499   present: 27918   in FES: 146
** Event #3151616   t=327.413446606619   Elapsed: 140.579s (2m 20s)  65% completed  (82% total)
     Speed:     ev/sec=22034.8   simsec/sec=2.13132   ev/simsec=10338.6
     Messages:  created: 2577339   present: 28435   in FES: 147
** Event #3201792   t=332.353069086781   Elapsed: 142.6s (2m 22s)  66% completed  (83% total)
     Speed:     ev/sec=24820   simsec/sec=2.44343   ev/simsec=10157.9
     Messages:  created: 2616790   present: 29004   in FES: 139
** Event #3244288   t=336.446953438107   Elapsed: 144.612s (2m 24s)  67% completed  (83% total)
     Speed:     ev/sec=21117.7   simsec/sec=2.03439   ev/simsec=10380.4
     Messages:  created: 2650189   present: 29443   in FES: 122
** Event #3284480   t=340.411825303762   Elapsed: 146.625s (2m 26s)  68% completed  (84% total)
     Speed:     ev/sec=19965.9   simsec/sec=1.9696   ev/simsec=10137
     Messages:  created: 2681829   present: 29987   in FES: 145
** Event #3324416   t=344.347498352221   Elapsed: 148.63s (2m 28s)  68% completed  (84% total)
     Speed:     ev/sec=19921.9   simsec/sec=1.96329   ev/simsec=10147.2
     Messages:  created: 2713231   present: 30435   in FES: 137
** Event #3364352   t=348.294392380838   Elapsed: 150.635s (2m 30s)  69% completed  (84% total)
     Speed:     ev/sec=19922.3   simsec/sec=1.96893   ev/simsec=10118.3
     Messages:  created: 2744824   present: 30965   in FES: 171
** Event #3409920   t=353.241838657336   Elapsed: 152.637s (2m 32s)  70% completed  (85% total)
     Speed:     ev/sec=22754.7   simsec/sec=2.47054   ev/simsec=9210.41
     Messages:  created: 2784110   present: 31548   in FES: 152
** Event #3465984   t=360.410625064   Elapsed: 154.644s (2m 34s)  72% completed  (86% total)
     Speed:     ev/sec=27940.6   simsec/sec=3.57271   ev/simsec=7820.57
     Messages:  created: 2834868   present: 32406   in FES: 152
** Event #3551232   t=371.332100301758   Elapsed: 156.649s (2m 36s)  74% completed  (87% total)
     Speed:     ev/sec=42504.1   simsec/sec=5.44537   ev/simsec=7805.54
     Messages:  created: 2912067   present: 33652   in FES: 129
** Event #3630080   t=381.410625103583   Elapsed: 158.655s (2m 38s)  76% completed  (88% total)
     Speed:     ev/sec=39317.4   simsec/sec=5.02564   ev/simsec=7823.37
     Messages:  created: 2983556   present: 34914   in FES: 148
** Event #3701248   t=390.546953438107   Elapsed: 160.657s (2m 40s)  78% completed  (89% total)
     Speed:     ev/sec=35550.4   simsec/sec=4.56385   ev/simsec=7789.56
     Messages:  created: 3047989   present: 35934   in FES: 122
** Event #3789568   t=402.042052315715   Elapsed: 162.661s (2m 42s)  80% completed  (90% total)
     Speed:     ev/sec=44072.8   simsec/sec=5.7362   ev/simsec=7683.27
     Messages:  created: 3127971   present: 37393   in FES: 146
** Event #3861760   t=411.076105047489   Elapsed: 164.667s (2m 44s)  82% completed  (91% total)
     Speed:     ev/sec=35983.5   simsec/sec=4.50294   ev/simsec=7991.1
     Messages:  created: 3193371   present: 38494   in FES: 151
** Event #3937536   t=420.347478713106   Elapsed: 166.672s (2m 46s)  84% completed  (92% total)
     Speed:     ev/sec=37793.6   simsec/sec=4.62414   ev/simsec=8173.11
     Messages:  created: 3260446   present: 39569   in FES: 141
** Event #4000512   t=428.054254350063   Elapsed: 168.674s (2m 48s)  85% completed  (92% total)
     Speed:     ev/sec=31462.2   simsec/sec=3.85023   ev/simsec=8171.51
     Messages:  created: 3315636   present: 40501   in FES: 141
** Event #4083712   t=438.347469144392   Elapsed: 170.679s (2m 50s)  87% completed  (93% total)
     Speed:     ev/sec=41481.8   simsec/sec=5.13198   ev/simsec=8082.99
     Messages:  created: 3390106   present: 41753   in FES: 149
** Event #4160256   t=448.129664347181   Elapsed: 172.684s (2m 52s)  89% completed  (94% total)
     Speed:     ev/sec=38183.5   simsec/sec=4.87978   ev/simsec=7824.83
     Messages:  created: 3459422   present: 42893   in FES: 137
** Event #4239360   t=458.241838658662   Elapsed: 174.684s (2m 54s)  91% completed  (95% total)
     Speed:     ev/sec=39545.9   simsec/sec=5.05531   ev/simsec=7822.65
     Messages:  created: 3531142   present: 44137   in FES: 149
** Event #4307200   t=467.054112869093   Elapsed: 176.688s (2m 56s)  93% completed  (96% total)
     Speed:     ev/sec=33852.9   simsec/sec=4.39743   ev/simsec=7698.35
     Messages:  created: 3592550   present: 45193   in FES: 145
** Event #4366848   t=475.002919500242   Elapsed: 178.697s (2m 58s)  95% completed  (97% total)
     Speed:     ev/sec=29694.1   simsec/sec=3.95709   ev/simsec=7504.02
     Messages:  created: 3646464   present: 31200   in FES: 174
** Event #4427776   t=482.364163453248   Elapsed: 180.704s (3m 00s)  96% completed  (98% total)
     Speed:     ev/sec=30358.9   simsec/sec=3.66793   ev/simsec=8276.86
     Messages:  created: 3701886   present: 2096   in FES: 154
** Event #4510208   t=493.053828570668   Elapsed: 182.705s (3m 02s)  98% completed  (99% total)
     Speed:     ev/sec=41199.2   simsec/sec=5.34265   ev/simsec=7711.37
     Messages:  created: 3776532   present: 3384   in FES: 152
** Event #4562163   t=500   Elapsed: 184.043s (3m 04s)  100% completed  (100% total)
     Speed:     ev/sec=38814.7   simsec/sec=5.1894   ev/simsec=7479.62
     Messages:  created: 3823379   present: 4122   in FES: 122

<!> Simulation time limit reached -- at t=500s, event #4562163
undisposed object: (omnetpp::cMessage) FanetSarNetwork.groundStation.app.debugTimer -- check module destructor
undisposed object: (omnetpp::cMessage) FanetSarNetwork.uav[0].app.debugTimer -- check module destructor
undisposed object: (omnetpp::cMessage) FanetSarNetwork.uav[1].app.debugTimer -- check module destructor
undisposed object: (omnetpp::cMessage) FanetSarNetwork.uav[2].app.debugTimer -- check module destructor
undisposed object: (omnetpp::cMessage) FanetSarNetwork.uav[3].app.debugTimer -- check module destructor
undisposed object: (omnetpp::cMessage) FanetSarNetwork.uav[4].app.debugTimer -- check module destructor
undisposed object: (omnetpp::cMessage) FanetSarNetwork.uav[5].app.debugTimer -- check module destructor
undisposed object: (omnetpp::cMessage) FanetSarNetwork.uav[6].app.debugTimer -- check module destructor
undisposed object: (omnetpp::cMessage) FanetSarNetwork.uav[7].app.debugTimer -- check module destructor
undisposed object: (omnetpp::cMessage) FanetSarNetwork.uav[8].app.debugTimer -- check module destructor
undisposed object: (omnetpp::cMessage) FanetSarNetwork.uav[9].app.debugTimer -- check module destructor
undisposed object: (omnetpp::cMessage) FanetSarNetwork.uav[10].app.debugTimer -- check module destructor
undisposed object: (omnetpp::cMessage) FanetSarNetwork.uav[11].app.debugTimer -- check module destructor
undisposed object: (omnetpp::cMessage) FanetSarNetwork.uav[12].app.debugTimer -- check module destructor
undisposed object: (omnetpp::cMessage) FanetSarNetwork.uav[13].app.debugTimer -- check module destructor
undisposed object: (omnetpp::cMessage) FanetSarNetwork.uav[14].app.debugTimer -- check module destructor
undisposed object: (omnetpp::cMessage) FanetSarNetwork.uav[15].app.debugTimer -- check module destructor
undisposed object: (omnetpp::cMessage) FanetSarNetwork.uav[16].app.debugTimer -- check module destructor
undisposed object: (omnetpp::cMessage) FanetSarNetwork.uav[17].app.debugTimer -- check module destructor
undisposed object: (omnetpp::cMessage) FanetSarNetwork.uav[18].app.debugTimer -- check module destructor
undisposed object: (omnetpp::cMessage) FanetSarNetwork.uav[19].app.debugTimer -- check module destructor
undisposed object: (omnetpp::cMessage) FanetSarNetwork.uav[20].app.debugTimer -- check module destructor
undisposed object: (omnetpp::cMessage) FanetSarNetwork.uav[21].app.debugTimer -- check module destructor
undisposed object: (omnetpp::cMessage) FanetSarNetwork.uav[22].app.debugTimer -- check module destructor
undisposed object: (omnetpp::cMessage) FanetSarNetwork.uav[23].app.debugTimer -- check module destructor
undisposed object: (omnetpp::cMessage) FanetSarNetwork.uav[24].app.debugTimer -- check module destructor
undisposed object: (omnetpp::cMessage) FanetSarNetwork.uav[25].app.debugTimer -- check module destructor
undisposed object: (omnetpp::cMessage) FanetSarNetwork.uav[26].app.debugTimer -- check module destructor
undisposed object: (omnetpp::cMessage) FanetSarNetwork.uav[27].app.debugTimer -- check module destructor
undisposed object: (omnetpp::cMessage) FanetSarNetwork.uav[28].app.debugTimer -- check module destructor
undisposed object: (omnetpp::cMessage) FanetSarNetwork.uav[29].app.debugTimer -- check module destructor
