** Event #0   t=0   Elapsed: 1e-05s (0m 00s)  0% completed  (50% total)
     Speed:     ev/sec=0   simsec/sec=0   ev/simsec=0
     Messages:  created: 1081   present: 1081   in FES: 161
** Event #39424   t=4.382954702558   Elapsed: 2.00235s (0m 02s)  0% completed  (50% total)
     Speed:     ev/sec=19689.5   simsec/sec=2.18892   ev/simsec=8995.07
     Messages:  created: 31720   present: 1092   in FES: 126
** Event #69376   t=7.440072120069   Elapsed: 4.01775s (0m 04s)  1% completed  (50% total)
     Speed:     ev/sec=14861.5   simsec/sec=1.51687   ev/simsec=9797.46
     Messages:  created: 55178   present: 1063   in FES: 110
** Event #99072   t=10.439970440546   Elapsed: 6.03836s (0m 06s)  2% completed  (51% total)
     Speed:     ev/sec=14696.5   simsec/sec=1.48465   ev/simsec=9899
     Messages:  created: 78427   present: 1102   in FES: 126
** Event #129024   t=13.383072938435   Elapsed: 8.04327s (0m 08s)  2% completed  (51% total)
     Speed:     ev/sec=14939.3   simsec/sec=1.46795   ev/simsec=10177
     Messages:  created: 101695   present: 1066   in FES: 111
** Event #160512   t=17.020470344387   Elapsed: 10.0532s (0m 10s)  3% completed  (51% total)
     Speed:     ev/sec=15666.1   simsec/sec=1.8097   ev/simsec=8656.74
     Messages:  created: 126401   present: 1086   in FES: 115
** Event #190976   t=20.040481676047   Elapsed: 12.0573s (0m 12s)  4% completed  (52% total)
     Speed:     ev/sec=15201.3   simsec/sec=1.50696   ev/simsec=10087.4
     Messages:  created: 150248   present: 1078   in FES: 113
** Event #224000   t=23.095856151994   Elapsed: 14.0601s (0m 14s)  4% completed  (52% total)
     Speed:     ev/sec=16488.2   simsec/sec=1.52549   ev/simsec=10808.5
     Messages:  created: 176165   present: 1098   in FES: 119
** Event #254208   t=26.099742894207   Elapsed: 16.0678s (0m 16s)  5% completed  (52% total)
     Speed:     ev/sec=15046.2   simsec/sec=1.49619   ev/simsec=10056.3
     Messages:  created: 199818   present: 1097   in FES: 118
** Event #284416   t=29.133001009737   Elapsed: 18.0697s (0m 18s)  5% completed  (52% total)
     Speed:     ev/sec=15090.3   simsec/sec=1.51525   ev/simsec=9958.93
     Messages:  created: 223423   present: 1083   in FES: 116
** Event #317184   t=32.439969930413   Elapsed: 20.0722s (0m 20s)  6% completed  (53% total)
     Speed:     ev/sec=16363.5   simsec/sec=1.65142   ev/simsec=9908.77
     Messages:  created: 248926   present: 1087   in FES: 126
** Event #348416   t=36.011090076668   Elapsed: 22.0774s (0m 22s)  7% completed  (53% total)
     Speed:     ev/sec=15575   simsec/sec=1.78087   ev/simsec=8745.72
     Messages:  created: 273183   present: 1032   in FES: 97
** Event #380160   t=39.052368722007   Elapsed: 24.0812s (0m 24s)  7% completed  (53% total)
     Speed:     ev/sec=15842.1   simsec/sec=1.51777   ev/simsec=10437.7
     Messages:  created: 298102   present: 1109   in FES: 126
** Event #408832   t=42.020470587958   Elapsed: 26.0814s (0m 26s)  8% completed  (54% total)
     Speed:     ev/sec=14334.6   simsec/sec=1.48391   ev/simsec=9660.05
     Messages:  created: 320329   present: 1072   in FES: 111
** Event #438528   t=45.012236696521   Elapsed: 28.0856s (0m 28s)  9% completed  (54% total)
     Speed:     ev/sec=14817   simsec/sec=1.49276   ev/simsec=9925.91
     Messages:  created: 343486   present: 1094   in FES: 117
** Event #468736   t=48.036374960639   Elapsed: 30.0877s (0m 30s)  9% completed  (54% total)
     Speed:     ev/sec=15088.2   simsec/sec=1.51049   ev/simsec=9988.96
     Messages:  created: 367152   present: 1089   in FES: 126
** Event #499456   t=51.056188579511   Elapsed: 32.0925s (0m 32s)  10% completed  (55% total)
     Speed:     ev/sec=15323.3   simsec/sec=1.5063   ev/simsec=10172.8
     Messages:  created: 391247   present: 1100   in FES: 119
** Event #531456   t=54.099137147958   Elapsed: 34.0944s (0m 34s)  10% completed  (55% total)
     Speed:     ev/sec=15984.2   simsec/sec=1.51997   ev/simsec=10516.1
     Messages:  created: 416553   present: 1094   in FES: 117
** Event #565248   t=58.009441520643   Elapsed: 36.0949s (0m 36s)  11% completed  (55% total)
     Speed:     ev/sec=16892   simsec/sec=1.95469   ev/simsec=8641.78
     Messages:  created: 443051   present: 1095   in FES: 120
** Event #600320   t=61.137045844714   Elapsed: 38.1102s (0m 38s)  12% completed  (56% total)
     Speed:     ev/sec=17403.2   simsec/sec=1.55196   ev/simsec=11213.7
     Messages:  created: 470875   present: 1110   in FES: 126
** Event #631296   t=64.439970940189   Elapsed: 40.115s (0m 40s)  12% completed  (56% total)
     Speed:     ev/sec=15450.8   simsec/sec=1.6475   ev/simsec=9378.35
     Messages:  created: 495602   present: 1097   in FES: 126
** Event #667904   t=68.349924540863   Elapsed: 42.1309s (0m 42s)  13% completed  (56% total)
     Speed:     ev/sec=18159.4   simsec/sec=1.93953   ev/simsec=9362.77
     Messages:  created: 525190   present: 1110   in FES: 126
** Event #707072   t=73.036429931096   Elapsed: 44.1352s (0m 44s)  14% completed  (57% total)
     Speed:     ev/sec=19542.2   simsec/sec=2.33825   ev/simsec=8357.61
     Messages:  created: 556992   present: 1055   in FES: 106
** Event #742656   t=77.020470152479   Elapsed: 46.1499s (0m 46s)  15% completed  (57% total)
     Speed:     ev/sec=17662.6   simsec/sec=1.97753   ev/simsec=8931.64
     Messages:  created: 586159   present: 1105   in FES: 122
** Event #782336   t=81.097945500291   Elapsed: 48.1509s (0m 48s)  16% completed  (58% total)
     Speed:     ev/sec=19829.9   simsec/sec=2.0377   ev/simsec=9731.51
     Messages:  created: 618889   present: 1104   in FES: 126
** Event #818176   t=85.099082523068   Elapsed: 50.155s (0m 50s)  17% completed  (58% total)
     Speed:     ev/sec=17882.8   simsec/sec=1.99642   ev/simsec=8957.45
     Messages:  created: 648404   present: 1096   in FES: 126
** Event #855552   t=89.2072328119   Elapsed: 52.1552s (0m 52s)  17% completed  (58% total)
     Speed:     ev/sec=18686   simsec/sec=2.05386   ev/simsec=9098.01
     Messages:  created: 679117   present: 1069   in FES: 112
** Event #892160   t=93.29002990453   Elapsed: 54.1638s (0m 54s)  18% completed  (59% total)
     Speed:     ev/sec=18226.3   simsec/sec=2.03273   ev/simsec=8966.4
     Messages:  created: 709133   present: 1066   in FES: 111
** Event #928000   t=97.244305213904   Elapsed: 56.1883s (0m 56s)  19% completed  (59% total)
     Speed:     ev/sec=17702.8   simsec/sec=1.95318   ev/simsec=9063.61
     Messages:  created: 738461   present: 1062   in FES: 109
** Event #969216   t=101.208018370618   Elapsed: 58.2022s (0m 58s)  20% completed  (60% total)
     Speed:     ev/sec=20465.6   simsec/sec=1.96816   ev/simsec=10398.3
     Messages:  created: 775215   present: 1057   in FES: 127
** Event #1007872   t=104.020417637249   Elapsed: 60.203s (1m 00s)  20% completed  (60% total)
     Speed:     ev/sec=19320.1   simsec/sec=1.40563   ev/simsec=13744.8
     Messages:  created: 816066   present: 1115   in FES: 126
** Event #1047296   t=106.370955811489   Elapsed: 62.2181s (1m 02s)  21% completed  (60% total)
     Speed:     ev/sec=19564.4   simsec/sec=1.16647   ev/simsec=16772.3
     Messages:  created: 856145   present: 1089   in FES: 128
** Event #1088768   t=109.142345058918   Elapsed: 64.2265s (1m 04s)  21% completed  (60% total)
     Speed:     ev/sec=20649.9   simsec/sec=1.37994   ev/simsec=14964.3
     Messages:  created: 899376   present: 1116   in FES: 126
** Event #1129728   t=112.049267599623   Elapsed: 66.2315s (1m 06s)  22% completed  (61% total)
     Speed:     ev/sec=20428.8   simsec/sec=1.44983   ev/simsec=14090.5
     Messages:  created: 942168   present: 1119   in FES: 126
** Event #1169152   t=114.457839926431   Elapsed: 68.2394s (1m 08s)  22% completed  (61% total)
     Speed:     ev/sec=19634.4   simsec/sec=1.19954   ev/simsec=16368.2
     Messages:  created: 982621   present: 1082   in FES: 127
** Event #1205760   t=117.048663799837   Elapsed: 70.2504s (1m 10s)  23% completed  (61% total)
     Speed:     ev/sec=18203.7   simsec/sec=1.28831   ev/simsec=14129.9
     Messages:  created: 1020748   present: 1028   in FES: 97
** Event #1245440   t=119.456943079892   Elapsed: 72.2518s (1m 12s)  23% completed  (61% total)
     Speed:     ev/sec=19825.6   simsec/sec=1.20327   ev/simsec=16476.5
     Messages:  created: 1060926   present: 1068   in FES: 125
** Event #1288192   t=122.163781970739   Elapsed: 74.2663s (1m 14s)  24% completed  (62% total)
     Speed:     ev/sec=21223.1   simsec/sec=1.34374   ev/simsec=15794.1
     Messages:  created: 1104733   present: 1025   in FES: 97
** Event #1330432   t=125.06849156064   Elapsed: 76.2778s (1m 16s)  25% completed  (62% total)
     Speed:     ev/sec=20998.6   simsec/sec=1.44401   ev/simsec=14541.9
     Messages:  created: 1148469   present: 1026   in FES: 97
** Event #1369856   t=127.37096578615   Elapsed: 78.2798s (1m 18s)  25% completed  (62% total)
     Speed:     ev/sec=19692.2   simsec/sec=1.15008   ev/simsec=17122.5
     Messages:  created: 1188440   present: 1088   in FES: 142
** Event #1415936   t=130.142474431606   Elapsed: 80.2973s (1m 20s)  26% completed  (63% total)
     Speed:     ev/sec=22839.9   simsec/sec=1.37372   ev/simsec=16626.3
     Messages:  created: 1235679   present: 1042   in FES: 101
** Event #1451520   t=132.314501526007   Elapsed: 82.3084s (1m 22s)  26% completed  (63% total)
     Speed:     ev/sec=17694.1   simsec/sec=1.08004   ev/simsec=16382.9
     Messages:  created: 1272177   present: 1069   in FES: 108
** Event #1497344   t=135.076492647375   Elapsed: 84.3112s (1m 24s)  27% completed  (63% total)
     Speed:     ev/sec=22880   simsec/sec=1.37907   ev/simsec=16590.9
     Messages:  created: 1319762   present: 1077   in FES: 112
** Event #1534464   t=137.290046274647   Elapsed: 86.3343s (1m 26s)  27% completed  (63% total)
     Speed:     ev/sec=18347.7   simsec/sec=1.09412   ev/simsec=16769.4
     Messages:  created: 1357157   present: 1054   in FES: 107
** Event #1572864   t=140.020416455686   Elapsed: 88.346s (1m 28s)  28% completed  (64% total)
     Speed:     ev/sec=19088.9   simsec/sec=1.35729   ev/simsec=14064
     Messages:  created: 1397057   present: 1096   in FES: 126
** Event #1613824   t=142.457640409775   Elapsed: 90.3543s (1m 30s)  28% completed  (64% total)
     Speed:     ev/sec=20395.1   simsec/sec=1.21356   ev/simsec=16806
     Messages:  created: 1438286   present: 1038   in FES: 125
** Event #1655552   t=145.148146796357   Elapsed: 92.3689s (1m 32s)  29% completed  (64% total)
     Speed:     ev/sec=20712.5   simsec/sec=1.33548   ev/simsec=15509.3
     Messages:  created: 1480881   present: 1086   in FES: 117
** Event #1690624   t=147.457504159953   Elapsed: 94.3696s (1m 34s)  29% completed  (64% total)
     Speed:     ev/sec=17530.6   simsec/sec=1.15432   ev/simsec=15186.9
     Messages:  created: 1516998   present: 1112   in FES: 125
** Event #1736704   t=150.289918904309   Elapsed: 96.3784s (1m 36s)  30% completed  (65% total)
     Speed:     ev/sec=22938.6   simsec/sec=1.40998   ev/simsec=16268.8
     Messages:  created: 1565204   present: 1022   in FES: 96
** Event #1776640   t=153.02430940357   Elapsed: 98.3865s (1m 38s)  30% completed  (65% total)
     Speed:     ev/sec=19887.4   simsec/sec=1.36168   ev/simsec=14605.1
     Messages:  created: 1607745   present: 1080   in FES: 115
** Event #1816576   t=155.331550253871   Elapsed: 100.396s (1m 40s)  31% completed  (65% total)
     Speed:     ev/sec=19877.2   simsec/sec=1.14838   ev/simsec=17309
     Messages:  created: 1649017   present: 1105   in FES: 127
** Event #1861632   t=158.121679984278   Elapsed: 102.397s (1m 42s)  31% completed  (65% total)
     Speed:     ev/sec=22513.7   simsec/sec=1.39418   ev/simsec=16148.4
     Messages:  created: 1696765   present: 1032   in FES: 97
** Event #1902848   t=160.972228668741   Elapsed: 104.405s (1m 44s)  32% completed  (66% total)
     Speed:     ev/sec=20523.4   simsec/sec=1.41942   ev/simsec=14459
     Messages:  created: 1741308   present: 1102   in FES: 144
** Event #1939968   t=163.099653887287   Elapsed: 106.412s (1m 46s)  32% completed  (66% total)
     Speed:     ev/sec=18497.7   simsec/sec=1.06014   ev/simsec=17448.3
     Messages:  created: 1779489   present: 1099   in FES: 118
** Event #1983744   t=166.01114479742   Elapsed: 108.42s (1m 48s)  33% completed  (66% total)
     Speed:     ev/sec=21795.7   simsec/sec=1.44961   ev/simsec=15035.6
     Messages:  created: 1826826   present: 1101   in FES: 120
** Event #2025984   t=168.383027948802   Elapsed: 110.429s (1m 50s)  33% completed  (66% total)
     Speed:     ev/sec=21033.9   simsec/sec=1.1811   ev/simsec=17808.6
     Messages:  created: 1870768   present: 1108   in FES: 125
** Event #2070528   t=171.381002863812   Elapsed: 112.433s (1m 52s)  34% completed  (67% total)
     Speed:     ev/sec=22219.3   simsec/sec=1.49544   ev/simsec=14858
     Messages:  created: 1917325   present: 1021   in FES: 95
** Event #2115840   t=174.620732996121   Elapsed: 114.434s (1m 54s)  34% completed  (67% total)
     Speed:     ev/sec=22645.3   simsec/sec=1.6191   ev/simsec=13986.4
     Messages:  created: 1964857   present: 1088   in FES: 126
** Event #2163968   t=178.049270239839   Elapsed: 116.436s (1m 56s)  35% completed  (67% total)
     Speed:     ev/sec=24048.5   simsec/sec=1.71316   ev/simsec=14037.5
     Messages:  created: 2015164   present: 1052   in FES: 103
** Event #2201088   t=180.456719401456   Elapsed: 118.447s (1m 58s)  36% completed  (68% total)
     Speed:     ev/sec=18452.1   simsec/sec=1.19672   ev/simsec=15418.8
     Messages:  created: 2053522   present: 1085   in FES: 126
** Event #2245632   t=183.481967035674   Elapsed: 120.457s (2m 00s)  36% completed  (68% total)
     Speed:     ev/sec=22160   simsec/sec=1.50502   ev/simsec=14724.1
     Messages:  created: 2100370   present: 1109   in FES: 126
** Event #2292992   t=187.011964108343   Elapsed: 122.458s (2m 02s)  37% completed  (68% total)
     Speed:     ev/sec=23675.1   simsec/sec=1.76463   ev/simsec=13416.4
     Messages:  created: 2150582   present: 1107   in FES: 122
** Event #2339584   t=190.082709801706   Elapsed: 124.46s (2m 04s)  38% completed  (69% total)
     Speed:     ev/sec=23271.1   simsec/sec=1.53373   ev/simsec=15172.9
     Messages:  created: 2199166   present: 1118   in FES: 123
** Event #2382848   t=193.081327839987   Elapsed: 126.468s (2m 06s)  38% completed  (69% total)
     Speed:     ev/sec=21546   simsec/sec=1.49335   ev/simsec=14428
     Messages:  created: 2244401   present: 1032   in FES: 97
** Event #2427392   t=196.093952753084   Elapsed: 128.479s (2m 08s)  39% completed  (69% total)
     Speed:     ev/sec=22150   simsec/sec=1.49806   ev/simsec=14785.8
     Messages:  created: 2290965   present: 1063   in FES: 108
** Event #2467072   t=199.020470942781   Elapsed: 130.485s (2m 10s)  39% completed  (69% total)
     Speed:     ev/sec=19783.1   simsec/sec=1.45906   ev/simsec=13558.8
     Messages:  created: 2332966   present: 1089   in FES: 116
** Event #2511616   t=202.04779695668   Elapsed: 132.495s (2m 12s)  40% completed  (70% total)
     Speed:     ev/sec=22156.9   simsec/sec=1.50584   ev/simsec=14714
     Messages:  created: 2379314   present: 1045   in FES: 102
** Event #2553856   t=205.012244117325   Elapsed: 134.499s (2m 14s)  41% completed  (70% total)
     Speed:     ev/sec=21082.6   simsec/sec=1.4796   ev/simsec=14248.9
     Messages:  created: 2423289   present: 1097   in FES: 118
** Event #2596352   t=208.009037587894   Elapsed: 136.5s (2m 16s)  41% completed  (70% total)
     Speed:     ev/sec=21235.2   simsec/sec=1.4975   ev/simsec=14180.5
     Messages:  created: 2467400   present: 1068   in FES: 111
** Event #2636544   t=210.555181948059   Elapsed: 138.519s (2m 18s)  42% completed  (71% total)
     Speed:     ev/sec=19907.2   simsec/sec=1.26111   ev/simsec=15785.4
     Messages:  created: 2508302   present: 1090   in FES: 126
** Event #2678016   t=213.331551316305   Elapsed: 140.533s (2m 20s)  42% completed  (71% total)
     Speed:     ev/sec=20586.6   simsec/sec=1.37818   ev/simsec=14937.5
     Messages:  created: 2550888   present: 1085   in FES: 127
** Event #2713856   t=216.03541443397   Elapsed: 142.538s (2m 22s)  43% completed  (71% total)
     Speed:     ev/sec=17873.9   simsec/sec=1.34845   ev/simsec=13255.1
     Messages:  created: 2588128   present: 1087   in FES: 126
** Event #2752000   t=218.369335382352   Elapsed: 144.547s (2m 24s)  43% completed  (71% total)
     Speed:     ev/sec=18986.3   simsec/sec=1.16172   ev/simsec=16343.3
     Messages:  created: 2626603   present: 1062   in FES: 109
** Event #2793984   t=221.093945439104   Elapsed: 146.553s (2m 26s)  44% completed  (72% total)
     Speed:     ev/sec=20938.6   simsec/sec=1.35884   ev/simsec=15409.2
     Messages:  created: 2669923   present: 1033   in FES: 98
** Event #2832640   t=223.459404777456   Elapsed: 148.564s (2m 28s)  44% completed  (72% total)
     Speed:     ev/sec=19220.7   simsec/sec=1.17616   ev/simsec=16341.9
     Messages:  created: 2709903   present: 1083   in FES: 114
** Event #2877440   t=226.300048043715   Elapsed: 150.572s (2m 30s)  45% completed  (72% total)
     Speed:     ev/sec=22312.8   simsec/sec=1.41479   ev/simsec=15771.1
     Messages:  created: 2756709   present: 1087   in FES: 118
** Event #2925824   t=229.081869167813   Elapsed: 152.574s (2m 32s)  45% completed  (72% total)
     Speed:     ev/sec=24164.9   simsec/sec=1.38935   ev/simsec=17392.9
     Messages:  created: 2808986   present: 1045   in FES: 114
** Event #2965760   t=231.290042109527   Elapsed: 154.586s (2m 34s)  46% completed  (73% total)
     Speed:     ev/sec=19842.6   simsec/sec=1.09715   ev/simsec=18085.5
     Messages:  created: 2850622   present: 1072   in FES: 113
** Event #3008000   t=234.068493633462   Elapsed: 156.591s (2m 36s)  46% completed  (73% total)
     Speed:     ev/sec=21075.1   simsec/sec=1.38628   ev/simsec=15202.7
     Messages:  created: 2895142   present: 1112   in FES: 126
** Event #3045888   t=236.331330283477   Elapsed: 158.593s (2m 38s)  47% completed  (73% total)
     Speed:     ev/sec=18920.9   simsec/sec=1.13004   ev/simsec=16743.6
     Messages:  created: 2933584   present: 1102   in FES: 126
** Event #3088128   t=239.120956565309   Elapsed: 160.595s (2m 40s)  47% completed  (73% total)
     Speed:     ev/sec=21097.1   simsec/sec=1.3933   ev/simsec=15141.8
     Messages:  created: 2976688   present: 1034   in FES: 119
** Event #3129344   t=242.009037547585   Elapsed: 162.598s (2m 42s)  48% completed  (74% total)
     Speed:     ev/sec=20585   simsec/sec=1.44243   ev/simsec=14271.1
     Messages:  created: 3019482   present: 1063   in FES: 108
** Event #3172864   t=244.555415079417   Elapsed: 164.615s (2m 44s)  48% completed  (74% total)
     Speed:     ev/sec=21570.7   simsec/sec=1.26211   ev/simsec=17090.9
     Messages:  created: 3062898   present: 1091   in FES: 140
** Event #3206912   t=247.00950213567   Elapsed: 166.622s (2m 46s)  49% completed  (74% total)
     Speed:     ev/sec=16968.9   simsec/sec=1.22307   ev/simsec=13874
     Messages:  created: 3098354   present: 1102   in FES: 121
** Event #3243776   t=249.137044100436   Elapsed: 168.626s (2m 48s)  49% completed  (74% total)
     Speed:     ev/sec=18388.3   simsec/sec=1.06125   ev/simsec=17327
     Messages:  created: 3135395   present: 1091   in FES: 126
** Event #3281664   t=251.805181321138   Elapsed: 170.632s (2m 50s)  50% completed  (75% total)
     Speed:     ev/sec=18887.3   simsec/sec=1.33008   ev/simsec=14200.2
     Messages:  created: 3174385   present: 1091   in FES: 126
** Event #3321088   t=254.148041408139   Elapsed: 172.643s (2m 52s)  50% completed  (75% total)
     Speed:     ev/sec=19606.5   simsec/sec=1.16516   ev/simsec=16827.3
     Messages:  created: 3214218   present: 1108   in FES: 126
** Event #3363328   t=257.064947080324   Elapsed: 174.646s (2m 54s)  51% completed  (75% total)
     Speed:     ev/sec=21088.5   simsec/sec=1.45627   ev/simsec=14481.1
     Messages:  created: 3257743   present: 1100   in FES: 126
** Event #3400960   t=259.314500653525   Elapsed: 176.652s (2m 56s)  51% completed  (75% total)
     Speed:     ev/sec=18764.8   simsec/sec=1.12171   ev/simsec=16728.7
     Messages:  created: 3295713   present: 1099   in FES: 120
** Event #3441152   t=262.073189462186   Elapsed: 178.663s (2m 58s)  52% completed  (76% total)
     Speed:     ev/sec=19977.6   simsec/sec=1.37122   ev/simsec=14569.2
     Messages:  created: 3337126   present: 1112   in FES: 126
** Event #3475968   t=264.163893717642   Elapsed: 180.678s (3m 00s)  52% completed  (76% total)
     Speed:     ev/sec=17279.3   simsec/sec=1.03762   ev/simsec=16652.8
     Messages:  created: 3372353   present: 1041   in FES: 102
** Event #3516160   t=267.035468588641   Elapsed: 182.684s (3m 02s)  53% completed  (76% total)
     Speed:     ev/sec=20041.9   simsec/sec=1.43192   ev/simsec=13996.5
     Messages:  created: 3414281   present: 1099   in FES: 122
** Event #3556608   t=269.350021202048   Elapsed: 184.696s (3m 04s)  53% completed  (76% total)
     Speed:     ev/sec=20098.6   simsec/sec=1.1501   ev/simsec=17475.5
     Messages:  created: 3455483   present: 1075   in FES: 114
** Event #3599104   t=272.137138181876   Elapsed: 186.71s (3m 06s)  54% completed  (77% total)
     Speed:     ev/sec=21107.2   simsec/sec=1.38432   ev/simsec=15247.3
     Messages:  created: 3499477   present: 1092   in FES: 119
** Event #3638272   t=275.00903725194   Elapsed: 188.717s (3m 08s)  55% completed  (77% total)
     Speed:     ev/sec=19509.5   simsec/sec=1.43048   ev/simsec=13638.4
     Messages:  created: 3540567   present: 1071   in FES: 112
** Event #3679232   t=277.120955323408   Elapsed: 190.908s (3m 10s)  55% completed  (77% total)
     Speed:     ev/sec=18699   simsec/sec=0.964128   ev/simsec=19394.7
     Messages:  created: 3582850   present: 1082   in FES: 127
** Event #3717632   t=279.480240851618   Elapsed: 192.914s (3m 12s)  55% completed  (77% total)
     Speed:     ev/sec=19142.3   simsec/sec=1.1761   ev/simsec=16276.1
     Messages:  created: 3623058   present: 1056   in FES: 105
** Event #3759872   t=282.126795595453   Elapsed: 194.918s (3m 14s)  56% completed  (78% total)
     Speed:     ev/sec=21071   simsec/sec=1.32021   ev/simsec=15960.4
     Messages:  created: 3667506   present: 1109   in FES: 126
** Event #3802624   t=284.707712656033   Elapsed: 196.919s (3m 16s)  56% completed  (78% total)
     Speed:     ev/sec=21364.8   simsec/sec=1.28978   ev/simsec=16564.7
     Messages:  created: 3713493   present: 1113   in FES: 141
** Event #3844864   t=287.148039966589   Elapsed: 198.945s (3m 18s)  57% completed  (78% total)
     Speed:     ev/sec=20857   simsec/sec=1.20497   ev/simsec=17309.2
     Messages:  created: 3757727   present: 1024   in FES: 97
** Event #3885824   t=289.72221623424   Elapsed: 200.949s (3m 20s)  57% completed  (78% total)
     Speed:     ev/sec=20439.9   simsec/sec=1.28457   ev/simsec=15911.9
     Messages:  created: 3801822   present: 1093   in FES: 127
** Event #3923712   t=292.0808827826   Elapsed: 202.955s (3m 22s)  58% completed  (79% total)
     Speed:     ev/sec=18887.6   simsec/sec=1.17582   ev/simsec=16063.3
     Messages:  created: 3841421   present: 1116   in FES: 125
** Event #3967232   t=295.00151359691   Elapsed: 204.959s (3m 24s)  59% completed  (79% total)
     Speed:     ev/sec=21708.9   simsec/sec=1.45688   ev/simsec=14900.9
     Messages:  created: 3887220   present: 1054   in FES: 107
** Event #4008960   t=297.332246613933   Elapsed: 206.965s (3m 26s)  59% completed  (79% total)
     Speed:     ev/sec=20800   simsec/sec=1.16179   ev/simsec=17903.4
     Messages:  created: 3929770   present: 1108   in FES: 126
** Event #4049920   t=300.080883262898   Elapsed: 208.968s (3m 28s)  60% completed  (80% total)
     Speed:     ev/sec=20454.2   simsec/sec=1.37259   ev/simsec=14901.9
     Messages:  created: 3972374   present: 1095   in FES: 118
** Event #4087296   t=302.314500871733   Elapsed: 210.975s (3m 30s)  60% completed  (80% total)
     Speed:     ev/sec=18624.9   simsec/sec=1.11304   ev/simsec=16733.4
     Messages:  created: 4010307   present: 1097   in FES: 118
** Event #4126976   t=305.056059591597   Elapsed: 212.982s (3m 32s)  61% completed  (80% total)
     Speed:     ev/sec=19765.9   simsec/sec=1.36566   ev/simsec=14473.5
     Messages:  created: 4051149   present: 1117   in FES: 126
** Event #4162560   t=307.13704544041   Elapsed: 214.983s (3m 34s)  61% completed  (80% total)
     Speed:     ev/sec=17782.6   simsec/sec=1.03994   ev/simsec=17099.6
     Messages:  created: 4086983   present: 1105   in FES: 126
** Event #4198912   t=309.472261292653   Elapsed: 216.991s (3m 36s)  61% completed  (80% total)
     Speed:     ev/sec=18103.8   simsec/sec=1.16297   ev/simsec=15566.9
     Messages:  created: 4123784   present: 1064   in FES: 109
** Event #4240896   t=312.12096767044   Elapsed: 218.998s (3m 38s)  62% completed  (81% total)
     Speed:     ev/sec=20920.4   simsec/sec=1.31984   ev/simsec=15850.8
     Messages:  created: 4166534   present: 1108   in FES: 151
** Event #4277760   t=314.350029438705   Elapsed: 221.005s (3m 41s)  62% completed  (81% total)
     Speed:     ev/sec=18366.7   simsec/sec=1.11058   ev/simsec=16537.9
     Messages:  created: 4204163   present: 1054   in FES: 107
** Event #4320768   t=317.083175205945   Elapsed: 223.023s (3m 43s)  63% completed  (81% total)
     Speed:     ev/sec=21309.4   simsec/sec=1.35421   ev/simsec=15735.7
     Messages:  created: 4248390   present: 1060   in FES: 101
** Event #4356096   t=319.259340182167   Elapsed: 225.043s (3m 45s)  63% completed  (81% total)
     Speed:     ev/sec=17496.7   simsec/sec=1.07778   ev/simsec=16234.1
     Messages:  created: 4283739   present: 1060   in FES: 109
** Event #4393984   t=322.03546851668   Elapsed: 227.049s (3m 47s)  64% completed  (82% total)
     Speed:     ev/sec=18879.9   simsec/sec=1.38337   ev/simsec=13647.8
     Messages:  created: 4321640   present: 1090   in FES: 119
** Event #4431360   t=324.222225995562   Elapsed: 229.06s (3m 49s)  64% completed  (82% total)
     Speed:     ev/sec=18585.5   simsec/sec=1.08738   ev/simsec=17092
     Messages:  created: 4358213   present: 1089   in FES: 144
** Event #4468992   t=326.957622705597   Elapsed: 231.067s (3m 51s)  65% completed  (82% total)
     Speed:     ev/sec=18756.1   simsec/sec=1.36334   ev/simsec=13757.4
     Messages:  created: 4396493   present: 1118   in FES: 139
** Event #4505344   t=329.076492095814   Elapsed: 233.076s (3m 53s)  65% completed  (82% total)
     Speed:     ev/sec=18095.9   simsec/sec=1.05477   ev/simsec=17156.3
     Messages:  created: 4432406   present: 1090   in FES: 117
** Event #4540416   t=331.137142650539   Elapsed: 235.089s (3m 55s)  66% completed  (83% total)
     Speed:     ev/sec=17416.7   simsec/sec=1.02332   ev/simsec=17019.9
     Messages:  created: 4467539   present: 1074   in FES: 113
** Event #4574976   t=333.331561803415   Elapsed: 237.097s (3m 57s)  66% completed  (83% total)
     Speed:     ev/sec=17210.8   simsec/sec=1.09281   ev/simsec=15749
     Messages:  created: 4502311   present: 1088   in FES: 135
** Event #4612096   t=336.009036835093   Elapsed: 239.099s (3m 59s)  67% completed  (83% total)
     Speed:     ev/sec=18545.9   simsec/sec=1.33772   ev/simsec=13863.8
     Messages:  created: 4540904   present: 1104   in FES: 123
** Event #4641536   t=337.870955728356   Elapsed: 241.103s (4m 01s)  67% completed  (83% total)
     Speed:     ev/sec=14688.4   simsec/sec=0.928959   ev/simsec=15811.6
     Messages:  created: 4570013   present: 1071   in FES: 127
** Event #4677632   t=340.083487003894   Elapsed: 243.105s (4m 03s)  68% completed  (84% total)
     Speed:     ev/sec=18030.7   simsec/sec=1.1052   ev/simsec=16314.3
     Messages:  created: 4605285   present: 1100   in FES: 115
** Event #4711936   t=342.244207465493   Elapsed: 245.113s (4m 05s)  68% completed  (84% total)
     Speed:     ev/sec=17087.6   simsec/sec=1.0763   ev/simsec=15876.2
     Messages:  created: 4638981   present: 1096   in FES: 126
** Event #4745984   t=344.555415033218   Elapsed: 247.119s (4m 07s)  68% completed  (84% total)
     Speed:     ev/sec=16967.6   simsec/sec=1.15178   ev/simsec=14731.7
     Messages:  created: 4672540   present: 1097   in FES: 135
** Event #4781312   t=347.047797699494   Elapsed: 249.132s (4m 09s)  69% completed  (84% total)
     Speed:     ev/sec=17554.7   simsec/sec=1.23848   ev/simsec=14174.4
     Messages:  created: 4707775   present: 1027   in FES: 96
** Event #4817408   t=349.163784533492   Elapsed: 251.157s (4m 11s)  69% completed  (84% total)
     Speed:     ev/sec=17825   simsec/sec=1.04492   ev/simsec=17058.7
     Messages:  created: 4742573   present: 1111   in FES: 126
** Event #4858112   t=351.957370331671   Elapsed: 253.163s (4m 13s)  70% completed  (85% total)
     Speed:     ev/sec=20287.1   simsec/sec=1.39234   ev/simsec=14570.5
     Messages:  created: 4784957   present: 1103   in FES: 148
** Event #4890368   t=354.001512931401   Elapsed: 255.168s (4m 15s)  70% completed  (85% total)
     Speed:     ev/sec=16092.2   simsec/sec=1.0198   ev/simsec=15779.7
     Messages:  created: 4817422   present: 1075   in FES: 114
** Event #4928000   t=356.095801826795   Elapsed: 257.182s (4m 17s)  71% completed  (85% total)
     Speed:     ev/sec=18684.3   simsec/sec=1.03982   ev/simsec=17968.9
     Messages:  created: 4854503   present: 1094   in FES: 126
** Event #4962304   t=358.206720724154   Elapsed: 259.193s (4m 19s)  71% completed  (85% total)
     Speed:     ev/sec=17053   simsec/sec=1.04937   ev/simsec=16250.7
     Messages:  created: 4888596   present: 1100   in FES: 126
** Event #4998656   t=360.471994843887   Elapsed: 261.196s (4m 21s)  72% completed  (86% total)
     Speed:     ev/sec=18148.3   simsec/sec=1.13091   ev/simsec=16047.5
     Messages:  created: 4924870   present: 1108   in FES: 127
** Event #5034240   t=362.720929561736   Elapsed: 263.201s (4m 23s)  72% completed  (86% total)
     Speed:     ev/sec=17754.8   simsec/sec=1.12212   ev/simsec=15822.6
     Messages:  created: 4960169   present: 1026   in FES: 110
** Event #5065984   t=364.581993479502   Elapsed: 265.202s (4m 25s)  72% completed  (86% total)
     Speed:     ev/sec=15860.6   simsec/sec=0.929861   ev/simsec=17056.9
     Messages:  created: 4990862   present: 1053   in FES: 104
** Event #5098240   t=366.706954878984   Elapsed: 267.207s (4m 27s)  73% completed  (86% total)
     Speed:     ev/sec=16091.4   simsec/sec=1.06007   ev/simsec=15179.6
     Messages:  created: 5022242   present: 1110   in FES: 141
** Event #5126400   t=368.300078599079   Elapsed: 269.232s (4m 29s)  73% completed  (86% total)
     Speed:     ev/sec=13904.1   simsec/sec=0.786613   ev/simsec=17676
     Messages:  created: 5048784   present: 1110   in FES: 125
** Event #5158400   t=370.222216406521   Elapsed: 271.239s (4m 31s)  74% completed  (87% total)
     Speed:     ev/sec=15939.1   simsec/sec=0.957413   ev/simsec=16648.1
     Messages:  created: 5079632   present: 1064   in FES: 127
** Event #5189888   t=372.206942463496   Elapsed: 273.245s (4m 33s)  74% completed  (87% total)
     Speed:     ev/sec=15700.1   simsec/sec=0.989594   ev/simsec=15865.2
     Messages:  created: 5109727   present: 1083   in FES: 128
** Event #5221632   t=374.148499324289   Elapsed: 275.254s (4m 35s)  74% completed  (87% total)
     Speed:     ev/sec=15798   simsec/sec=0.966253   ev/simsec=16349.8
     Messages:  created: 5140327   present: 1100   in FES: 121
** Event #5254400   t=376.29004161648   Elapsed: 277.273s (4m 37s)  75% completed  (87% total)
     Speed:     ev/sec=16230.7   simsec/sec=1.06075   ev/simsec=15301.1
     Messages:  created: 5171421   present: 1080   in FES: 115
** Event #5285376   t=378.300071279378   Elapsed: 279.288s (4m 39s)  75% completed  (87% total)
     Speed:     ev/sec=15374.7   simsec/sec=0.997662   ev/simsec=15410.7
     Messages:  created: 5200392   present: 1093   in FES: 120
** Event #5316096   t=380.299966304478   Elapsed: 281.315s (4m 41s)  76% completed  (88% total)
     Speed:     ev/sec=15159.2   simsec/sec=0.986873   ev/simsec=15360.8
     Messages:  created: 5229184   present: 1107   in FES: 126
** Event #5346816   t=382.290045871147   Elapsed: 283.343s (4m 43s)  76% completed  (88% total)
     Speed:     ev/sec=15145.4   simsec/sec=0.98114   ev/simsec=15436.6
     Messages:  created: 5258021   present: 1060   in FES: 109
** Event #5375232   t=384.126917643776   Elapsed: 285.366s (4m 45s)  76% completed  (88% total)
     Speed:     ev/sec=14045.7   simsec/sec=0.907947   ev/simsec=15469.8
     Messages:  created: 5284880   present: 1049   in FES: 104
** Event #5405696   t=386.126916496742   Elapsed: 287.367s (4m 47s)  77% completed  (88% total)
     Speed:     ev/sec=15226   simsec/sec=0.999607   ev/simsec=15232
     Messages:  created: 5313638   present: 1105   in FES: 122
** Event #5436672   t=388.133024363313   Elapsed: 289.373s (4m 49s)  77% completed  (88% total)
     Speed:     ev/sec=15441.7   simsec/sec=1.00006   ev/simsec=15440.8
     Messages:  created: 5342629   present: 1086   in FES: 117
** Event #5469184   t=390.259323383177   Elapsed: 291.395s (4m 51s)  78% completed  (89% total)
     Speed:     ev/sec=16074   simsec/sec=1.05125   ev/simsec=15290.4
     Messages:  created: 5373158   present: 1105   in FES: 124
** Event #5501440   t=392.370955050748   Elapsed: 293.407s (4m 53s)  78% completed  (89% total)
     Speed:     ev/sec=16038.8   simsec/sec=1.04997   ev/simsec=15275.4
     Messages:  created: 5403606   present: 1099   in FES: 127
** Event #5533440   t=394.505973689454   Elapsed: 295.423s (4m 55s)  78% completed  (89% total)
     Speed:     ev/sec=15870.5   simsec/sec=1.05887   ev/simsec=14988.2
     Messages:  created: 5433688   present: 1021   in FES: 95
** Event #5567744   t=397.021147216872   Elapsed: 297.435s (4m 57s)  79% completed  (89% total)
     Speed:     ev/sec=17052.4   simsec/sec=1.25029   ev/simsec=13638.8
     Messages:  created: 5466580   present: 1027   in FES: 96
** Event #5598464   t=399.035468925421   Elapsed: 299.436s (4m 59s)  79% completed  (89% total)
     Speed:     ev/sec=15346.8   simsec/sec=1.0063   ev/simsec=15250.8
     Messages:  created: 5495500   present: 1078   in FES: 115
** Event #5634560   t=401.137131007467   Elapsed: 301.443s (5m 01s)  80% completed  (90% total)
     Speed:     ev/sec=17988.3   simsec/sec=1.04735   ev/simsec=17175
     Messages:  created: 5529220   present: 1070   in FES: 111
** Event #5666304   t=403.259210910928   Elapsed: 303.46s (5m 03s)  80% completed  (90% total)
     Speed:     ev/sec=15739.2   simsec/sec=1.05216   ev/simsec=14958.9
     Messages:  created: 5559262   present: 1111   in FES: 126
** Event #5698048   t=405.456941154026   Elapsed: 305.465s (5m 05s)  81% completed  (90% total)
     Speed:     ev/sec=15833.3   simsec/sec=1.09619   ev/simsec=14444
     Messages:  created: 5589754   present: 1112   in FES: 128
** Event #5732096   t=408.020471277599   Elapsed: 307.472s (5m 07s)  81% completed  (90% total)
     Speed:     ev/sec=16964.5   simsec/sec=1.27728   ev/simsec=13281.7
     Messages:  created: 5623006   present: 1068   in FES: 109
** Event #5767168   t=410.133023977692   Elapsed: 309.496s (5m 09s)  82% completed  (91% total)
     Speed:     ev/sec=17321.4   simsec/sec=1.04335   ev/simsec=16601.7
     Messages:  created: 5656365   present: 1106   in FES: 123
** Event #5799680   t=412.332208679151   Elapsed: 311.498s (5m 11s)  82% completed  (91% total)
     Speed:     ev/sec=16242.8   simsec/sec=1.0987   ev/simsec=14783.7
     Messages:  created: 5687546   present: 1064   in FES: 127
** Event #5829888   t=414.456942892696   Elapsed: 313.513s (5m 13s)  82% completed  (91% total)
     Speed:     ev/sec=14993.6   simsec/sec=1.0546   ev/simsec=14217.3
     Messages:  created: 5716850   present: 1025   in FES: 126
** Event #5869824   t=417.137127424393   Elapsed: 315.532s (5m 15s)  83% completed  (91% total)
     Speed:     ev/sec=19781.9   simsec/sec=1.3276   ev/simsec=14900.5
     Messages:  created: 5755502   present: 1055   in FES: 106
** Event #5908224   t=420.04037108856   Elapsed: 317.535s (5m 17s)  84% completed  (92% total)
     Speed:     ev/sec=19171.4   simsec/sec=1.44946   ev/simsec=13226.6
     Messages:  created: 5793190   present: 1094   in FES: 126
** Event #5944832   t=422.314501583213   Elapsed: 319.536s (5m 19s)  84% completed  (92% total)
     Speed:     ev/sec=18290.7   simsec/sec=1.13624   ev/simsec=16097.6
     Messages:  created: 5828218   present: 1060   in FES: 107
** Event #5986304   t=425.22199424482   Elapsed: 321.554s (5m 21s)  85% completed  (92% total)
     Speed:     ev/sec=20554.5   simsec/sec=1.44102   ev/simsec=14263.8
     Messages:  created: 5868872   present: 1100   in FES: 126
** Event #6024448   t=428.07218959939   Elapsed: 323.566s (5m 23s)  85% completed  (92% total)
     Speed:     ev/sec=18958.4   simsec/sec=1.41661   ev/simsec=13382.9
     Messages:  created: 5906379   present: 1064   in FES: 109
** Event #6065152   t=431.035415994073   Elapsed: 325.668s (5m 25s)  86% completed  (93% total)
     Speed:     ev/sec=19365.5   simsec/sec=1.4098   ev/simsec=13736.4
     Messages:  created: 5946547   present: 1112   in FES: 126
** Event #6110208   t=434.080882810986   Elapsed: 327.671s (5m 27s)  86% completed  (93% total)
     Speed:     ev/sec=22490.5   simsec/sec=1.5202   ev/simsec=14794.4
     Messages:  created: 5990429   present: 1101   in FES: 120
** Event #6155520   t=437.142430547302   Elapsed: 329.686s (5m 29s)  87% completed  (93% total)
     Speed:     ev/sec=22487.5   simsec/sec=1.51939   ev/simsec=14800.4
     Messages:  created: 6034835   present: 1082   in FES: 115
** Event #6196224   t=440.094306069783   Elapsed: 331.686s (5m 31s)  88% completed  (94% total)
     Speed:     ev/sec=20351.5   simsec/sec=1.4759   ev/simsec=13789.2
     Messages:  created: 6074974   present: 1099   in FES: 120
** Event #6240256   t=443.142425923045   Elapsed: 333.695s (5m 33s)  88% completed  (94% total)
     Speed:     ev/sec=21912.4   simsec/sec=1.51689   ev/simsec=14445.6
     Messages:  created: 6118081   present: 1099   in FES: 120
** Event #6280704   t=446.07324267617   Elapsed: 335.703s (5m 35s)  89% completed  (94% total)
     Speed:     ev/sec=20151   simsec/sec=1.46012   ev/simsec=13800.9
     Messages:  created: 6158568   present: 1080   in FES: 113
** Event #6323200   t=449.03546934312   Elapsed: 337.707s (5m 37s)  89% completed  (94% total)
     Speed:     ev/sec=21199.2   simsec/sec=1.47771   ev/simsec=14346
     Messages:  created: 6201604   present: 1036   in FES: 101
** Event #6372352   t=452.082966202211   Elapsed: 339.715s (5m 39s)  90% completed  (95% total)
     Speed:     ev/sec=24482.3   simsec/sec=1.51794   ev/simsec=16128.6
     Messages:  created: 6251390   present: 1106   in FES: 119
** Event #6411264   t=454.482063947111   Elapsed: 341.72s (5m 41s)  90% completed  (95% total)
     Speed:     ev/sec=19405.4   simsec/sec=1.19643   ev/simsec=16219.4
     Messages:  created: 6291099   present: 1103   in FES: 120
** Event #6464000   t=458.049268267477   Elapsed: 343.724s (5m 43s)  91% completed  (95% total)
     Speed:     ev/sec=26323.2   simsec/sec=1.78057   ev/simsec=14783.6
     Messages:  created: 6345395   present: 1107   in FES: 122
** Event #6515456   t=461.076492171585   Elapsed: 345.724s (5m 45s)  92% completed  (96% total)
     Speed:     ev/sec=25718.2   simsec/sec=1.51303   ev/simsec=16997.8
     Messages:  created: 6398292   present: 1107   in FES: 122
** Event #6560000   t=464.039674918979   Elapsed: 347.726s (5m 47s)  92% completed  (96% total)
     Speed:     ev/sec=22250   simsec/sec=1.48013   ev/simsec=15032.5
     Messages:  created: 6444034   present: 1099   in FES: 126
** Event #6620672   t=468.001513036841   Elapsed: 349.728s (5m 49s)  93% completed  (96% total)
     Speed:     ev/sec=30313.9   simsec/sec=1.97948   ev/simsec=15314.1
     Messages:  created: 6505939   present: 1093   in FES: 120
** Event #6674688   t=471.121905416358   Elapsed: 351.732s (5m 51s)  94% completed  (97% total)
     Speed:     ev/sec=26954.1   simsec/sec=1.55708   ev/simsec=17310.6
     Messages:  created: 6559621   present: 1112   in FES: 144
** Event #6721536   t=474.097945879674   Elapsed: 353.741s (5m 53s)  94% completed  (97% total)
     Speed:     ev/sec=23320.8   simsec/sec=1.48146   ev/simsec=15741.7
     Messages:  created: 6606725   present: 1110   in FES: 126
** Event #6764544   t=477.011145671745   Elapsed: 355.742s (5m 55s)  95% completed  (97% total)
     Speed:     ev/sec=21490.1   simsec/sec=1.45566   ev/simsec=14763.1
     Messages:  created: 6650383   present: 1068   in FES: 109
** Event #6808832   t=479.5554027913   Elapsed: 357.747s (5m 57s)  95% completed  (97% total)
     Speed:     ev/sec=22091   simsec/sec=1.26908   ev/simsec=17407
     Messages:  created: 6693987   present: 1093   in FES: 127
** Event #6870016   t=483.126905877717   Elapsed: 359.753s (5m 59s)  96% completed  (98% total)
     Speed:     ev/sec=30495   simsec/sec=1.78009   ev/simsec=17131.2
     Messages:  created: 6755494   present: 1049   in FES: 102
** Event #6919680   t=486.133016586289   Elapsed: 361.759s (6m 01s)  97% completed  (98% total)
     Speed:     ev/sec=24758.7   simsec/sec=1.49862   ev/simsec=16521
     Messages:  created: 6805077   present: 1077   in FES: 114
** Event #6967808   t=489.085911419136   Elapsed: 363.764s (6m 03s)  97% completed  (98% total)
     Speed:     ev/sec=24002   simsec/sec=1.47264   ev/simsec=16298.6
     Messages:  created: 6853963   present: 1043   in FES: 96
** Event #7013888   t=492.052422583847   Elapsed: 365.77s (6m 05s)  98% completed  (99% total)
     Speed:     ev/sec=22970.2   simsec/sec=1.47876   ev/simsec=15533.4
     Messages:  created: 6900370   present: 1084   in FES: 115
** Event #7069696   t=495.290034339772   Elapsed: 367.782s (6m 07s)  99% completed  (99% total)
     Speed:     ev/sec=27742.8   simsec/sec=1.60946   ev/simsec=17237.4
     Messages:  created: 6955756   present: 1048   in FES: 105
** Event #7131648   t=499.121001680224   Elapsed: 369.789s (6m 09s)  99% completed  (99% total)
     Speed:     ev/sec=30870.2   simsec/sec=1.90894   ev/simsec=16171.4
     Messages:  created: 7017946   present: 1068   in FES: 111
** Event #7142023   t=500   Elapsed: 370.116s (6m 10s)  100% completed  (100% total)
     Speed:     ev/sec=31668.8   simsec/sec=2.6787   ev/simsec=11822.4
     Messages:  created: 7029361   present: 1021   in FES: 95

<!> Simulation time limit reached -- at t=500s, event #7142023
undisposed object: (omnetpp::cMessage) FanetStressNetwork.uav[0].app.debugTimer -- check module destructor
undisposed object: (omnetpp::cMessage) FanetStressNetwork.uav[1].app.debugTimer -- check module destructor
undisposed object: (omnetpp::cMessage) FanetStressNetwork.uav[2].app.debugTimer -- check module destructor
undisposed object: (omnetpp::cMessage) FanetStressNetwork.uav[3].app.debugTimer -- check module destructor
undisposed object: (omnetpp::cMessage) FanetStressNetwork.uav[4].app.debugTimer -- check module destructor
undisposed object: (omnetpp::cMessage) FanetStressNetwork.uav[5].app.debugTimer -- check module destructor
undisposed object: (omnetpp::cMessage) FanetStressNetwork.uav[6].app.debugTimer -- check module destructor
undisposed object: (omnetpp::cMessage) FanetStressNetwork.uav[7].app.debugTimer -- check module destructor
undisposed object: (omnetpp::cMessage) FanetStressNetwork.uav[8].app.debugTimer -- check module destructor
undisposed object: (omnetpp::cMessage) FanetStressNetwork.uav[9].app.debugTimer -- check module destructor
undisposed object: (omnetpp::cMessage) FanetStressNetwork.uav[10].app.debugTimer -- check module destructor
undisposed object: (omnetpp::cMessage) FanetStressNetwork.uav[11].app.debugTimer -- check module destructor
undisposed object: (omnetpp::cMessage) FanetStressNetwork.uav[12].app.debugTimer -- check module destructor
undisposed object: (omnetpp::cMessage) FanetStressNetwork.uav[13].app.debugTimer -- check module destructor
undisposed object: (omnetpp::cMessage) FanetStressNetwork.uav[14].app.debugTimer -- check module destructor
undisposed object: (omnetpp::cMessage) FanetStressNetwork.uav[15].app.debugTimer -- check module destructor
undisposed object: (omnetpp::cMessage) FanetStressNetwork.uav[16].app.debugTimer -- check module destructor
undisposed object: (omnetpp::cMessage) FanetStressNetwork.uav[17].app.debugTimer -- check module destructor
undisposed object: (omnetpp::cMessage) FanetStressNetwork.uav[18].app.debugTimer -- check module destructor
undisposed object: (omnetpp::cMessage) FanetStressNetwork.uav[19].app.debugTimer -- check module destructor
undisposed object: (omnetpp::cMessage) FanetStressNetwork.uav[20].app.debugTimer -- check module destructor
undisposed object: (omnetpp::cMessage) FanetStressNetwork.uav[21].app.debugTimer -- check module destructor
undisposed object: (omnetpp::cMessage) FanetStressNetwork.uav[22].app.debugTimer -- check module destructor
undisposed object: (omnetpp::cMessage) FanetStressNetwork.uav[23].app.debugTimer -- check module destructor
undisposed object: (omnetpp::cMessage) FanetStressNetwork.uav[24].app.debugTimer -- check module destructor
undisposed object: (omnetpp::cMessage) FanetStressNetwork.uav[25].app.debugTimer -- check module destructor
undisposed object: (omnetpp::cMessage) FanetStressNetwork.uav[26].app.debugTimer -- check module destructor
undisposed object: (omnetpp::cMessage) FanetStressNetwork.uav[27].app.debugTimer -- check module destructor
undisposed object: (omnetpp::cMessage) FanetStressNetwork.uav[28].app.debugTimer -- check module destructor
undisposed object: (omnetpp::cMessage) FanetStressNetwork.uav[29].app.debugTimer -- check module destructor
