** Event #0   t=0   Elapsed: 9e-06s (0m 00s)  0% completed  (50% total)
     Speed:     ev/sec=0   simsec/sec=0   ev/simsec=0
     Messages:  created: 1081   present: 1081   in FES: 161
** Event #42240   t=5.059361580159   Elapsed: 2.00164s (0m 02s)  1% completed  (50% total)
     Speed:     ev/sec=21103.3   simsec/sec=2.52762   ev/simsec=8349.08
     Messages:  created: 34396   present: 1075   in FES: 112
** Event #75520   t=8.208759642791   Elapsed: 4.00406s (0m 04s)  1% completed  (50% total)
     Speed:     ev/sec=16619.9   simsec/sec=1.5728   ev/simsec=10567.1
     Messages:  created: 60735   present: 1078   in FES: 115
** Event #109824   t=12.053496721955   Elapsed: 6.01031s (0m 06s)  2% completed  (51% total)
     Speed:     ev/sec=17098.6   simsec/sec=1.91638   ev/simsec=8922.33
     Messages:  created: 88031   present: 1072   in FES: 109
** Event #142848   t=15.19838478882   Elapsed: 8.03657s (0m 08s)  3% completed  (51% total)
     Speed:     ev/sec=16297.9   simsec/sec=1.55206   ev/simsec=10500.9
     Messages:  created: 114271   present: 1090   in FES: 126
** Event #174336   t=18.9   Elapsed: 10.0498s (0m 10s)  3% completed  (51% total)
     Speed:     ev/sec=15640.8   simsec/sec=1.83868   ev/simsec=8506.56
     Messages:  created: 139217   present: 1021   in FES: 95
** Event #209152   t=22.099904051539   Elapsed: 12.0705s (0m 12s)  4% completed  (52% total)
     Speed:     ev/sec=17229   simsec/sec=1.5835   ev/simsec=10880.3
     Messages:  created: 167095   present: 1032   in FES: 97
** Event #241664   t=26.019528319848   Elapsed: 14.0759s (0m 14s)  5% completed  (52% total)
     Speed:     ev/sec=16212.5   simsec/sec=1.95457   ev/simsec=8294.67
     Messages:  created: 193135   present: 1096   in FES: 126
** Event #277504   t=29.400479682006   Elapsed: 16.0871s (0m 16s)  5% completed  (52% total)
     Speed:     ev/sec=17820.8   simsec/sec=1.68111   ev/simsec=10600.6
     Messages:  created: 222055   present: 1066   in FES: 111
** Event #314368   t=33.438195481311   Elapsed: 18.1039s (0m 18s)  6% completed  (53% total)
     Speed:     ev/sec=18278.1   simsec/sec=2.002   ev/simsec=9129.91
     Messages:  created: 252098   present: 1089   in FES: 126
** Event #352256   t=38.019623025947   Elapsed: 20.1184s (0m 20s)  7% completed  (53% total)
     Speed:     ev/sec=18807.7   simsec/sec=2.27424   ev/simsec=8269.91
     Messages:  created: 283112   present: 1070   in FES: 111
** Event #393216   t=42.102329033334   Elapsed: 22.1296s (0m 22s)  8% completed  (54% total)
     Speed:     ev/sec=20365.3   simsec/sec=2.02992   ev/simsec=10032.6
     Messages:  created: 317052   present: 1090   in FES: 115
** Event #430848   t=46.479043540253   Elapsed: 24.1396s (0m 24s)  9% completed  (54% total)
     Speed:     ev/sec=18722.8   simsec/sec=2.17751   ev/simsec=8598.23
     Messages:  created: 348492   present: 1090   in FES: 119
** Event #471552   t=51.099166191779   Elapsed: 26.1555s (0m 26s)  10% completed  (55% total)
     Speed:     ev/sec=20191.3   simsec/sec=2.29182   ev/simsec=8810.16
     Messages:  created: 382532   present: 1065   in FES: 108
** Event #511744   t=56.052519796607   Elapsed: 28.1693s (0m 28s)  11% completed  (55% total)
     Speed:     ev/sec=19958.7   simsec/sec=2.45976   ev/simsec=8114.1
     Messages:  created: 416360   present: 1097   in FES: 126
** Event #551168   t=60.279436135731   Elapsed: 30.1807s (0m 30s)  12% completed  (56% total)
     Speed:     ev/sec=19600.3   simsec/sec=2.10148   ev/simsec=9326.89
     Messages:  created: 449391   present: 1092   in FES: 119
** Event #589568   t=65.04252330889   Elapsed: 32.184s (0m 32s)  13% completed  (56% total)
     Speed:     ev/sec=19167.8   simsec/sec=2.37754   ev/simsec=8062
     Messages:  created: 481367   present: 1095   in FES: 126
** Event #629248   t=69.102324949044   Elapsed: 34.1875s (0m 34s)  13% completed  (56% total)
     Speed:     ev/sec=19806.1   simsec/sec=2.02644   ev/simsec=9773.88
     Messages:  created: 514384   present: 1097   in FES: 118
** Event #669696   t=74.045722069675   Elapsed: 36.1882s (0m 36s)  14% completed  (57% total)
     Speed:     ev/sec=20216   simsec/sec=2.47073   ev/simsec=8182.23
     Messages:  created: 547940   present: 1103   in FES: 126
** Event #710144   t=78.198468737011   Elapsed: 38.1957s (0m 38s)  15% completed  (57% total)
     Speed:     ev/sec=20148.9   simsec/sec=2.06866   ev/simsec=9740.06
     Messages:  created: 581320   present: 1035   in FES: 100
** Event #751360   t=83.066976379488   Elapsed: 40.1964s (0m 40s)  16% completed  (58% total)
     Speed:     ev/sec=20600.6   simsec/sec=2.43338   ev/simsec=8465.84
     Messages:  created: 615413   present: 1095   in FES: 126
** Event #792064   t=87.269408365944   Elapsed: 42.2071s (0m 42s)  17% completed  (58% total)
     Speed:     ev/sec=20243.9   simsec/sec=2.09005   ev/simsec=9685.82
     Messages:  created: 648635   present: 1025   in FES: 97
** Event #829184   t=91.17290283589   Elapsed: 44.2282s (0m 44s)  18% completed  (59% total)
     Speed:     ev/sec=18365.9   simsec/sec=1.93133   ev/simsec=9509.43
     Messages:  created: 678403   present: 1099   in FES: 122
** Event #861440   t=95.013789168838   Elapsed: 46.2283s (0m 46s)  19% completed  (59% total)
     Speed:     ev/sec=16127.3   simsec/sec=1.92036   ev/simsec=8398.06
     Messages:  created: 703843   present: 1081   in FES: 114
** Event #897280   t=98.208653516698   Elapsed: 48.2371s (0m 48s)  19% completed  (59% total)
     Speed:     ev/sec=17842.1   simsec/sec=1.59049   ev/simsec=11218
     Messages:  created: 732214   present: 1092   in FES: 126
** Event #931328   t=101.279347943897   Elapsed: 50.2489s (0m 50s)  20% completed  (60% total)
     Speed:     ev/sec=16923.6   simsec/sec=1.5263   ev/simsec=11088
     Messages:  created: 761261   present: 1112   in FES: 126
** Event #971776   t=104.099959672296   Elapsed: 52.2553s (0m 52s)  20% completed  (60% total)
     Speed:     ev/sec=20160.1   simsec/sec=1.40585   ev/simsec=14340.2
     Messages:  created: 800083   present: 1061   in FES: 106
** Event #1005824   t=106.484253633648   Elapsed: 54.2704s (0m 54s)  21% completed  (60% total)
     Speed:     ev/sec=16896.4   simsec/sec=1.18321   ev/simsec=14280.1
     Messages:  created: 833041   present: 1092   in FES: 119
** Event #1042944   t=109.086556533153   Elapsed: 56.2906s (0m 56s)  21% completed  (60% total)
     Speed:     ev/sec=18374.1   simsec/sec=1.28812   ev/simsec=14264.3
     Messages:  created: 868789   present: 1111   in FES: 122
** Event #1077760   t=111.479051738389   Elapsed: 58.3023s (0m 58s)  22% completed  (61% total)
     Speed:     ev/sec=17306.5   simsec/sec=1.18927   ev/simsec=14552.2
     Messages:  created: 902270   present: 1085   in FES: 116
** Event #1117184   t=114.085156117703   Elapsed: 60.3095s (1m 00s)  22% completed  (61% total)
     Speed:     ev/sec=19641.2   simsec/sec=1.29837   ev/simsec=15127.6
     Messages:  created: 940682   present: 1052   in FES: 103
** Event #1157376   t=117.019638797372   Elapsed: 62.3141s (1m 02s)  23% completed  (61% total)
     Speed:     ev/sec=20049.9   simsec/sec=1.46387   ev/simsec=13696.5
     Messages:  created: 980222   present: 1061   in FES: 108
** Event #1188352   t=119.049174655504   Elapsed: 64.3151s (1m 04s)  23% completed  (61% total)
     Speed:     ev/sec=15480.2   simsec/sec=1.01426   ev/simsec=15262.6
     Messages:  created: 1009740   present: 1109   in FES: 126
** Event #1222144   t=121.156839372323   Elapsed: 66.3253s (1m 06s)  24% completed  (62% total)
     Speed:     ev/sec=16810.5   simsec/sec=1.0485   ev/simsec=16032.9
     Messages:  created: 1041284   present: 1056   in FES: 107
** Event #1256192   t=123.497185554398   Elapsed: 68.3528s (1m 08s)  24% completed  (62% total)
     Speed:     ev/sec=16792.9   simsec/sec=1.15429   ev/simsec=14548.3
     Messages:  created: 1074236   present: 1089   in FES: 126
** Event #1294848   t=126.099170195455   Elapsed: 70.3735s (1m 10s)  25% completed  (62% total)
     Speed:     ev/sec=19130.3   simsec/sec=1.28768   ev/simsec=14856.4
     Messages:  created: 1111094   present: 1059   in FES: 106
** Event #1331456   t=128.837147036904   Elapsed: 72.3751s (1m 12s)  25% completed  (62% total)
     Speed:     ev/sec=18289.5   simsec/sec=1.3679   ev/simsec=13370.5
     Messages:  created: 1146708   present: 1021   in FES: 95
** Event #1366016   t=131.070292613981   Elapsed: 74.3769s (1m 14s)  26% completed  (63% total)
     Speed:     ev/sec=17264.4   simsec/sec=1.11556   ev/simsec=15475.9
     Messages:  created: 1179580   present: 1090   in FES: 117
** Event #1399296   t=133.1825573612   Elapsed: 76.3904s (1m 16s)  26% completed  (63% total)
     Speed:     ev/sec=16528.3   simsec/sec=1.04904   ev/simsec=15755.6
     Messages:  created: 1211027   present: 1029   in FES: 98
** Event #1429760   t=135.167461400588   Elapsed: 78.4015s (1m 18s)  27% completed  (63% total)
     Speed:     ev/sec=15148.4   simsec/sec=0.987006   ev/simsec=15347.8
     Messages:  created: 1240826   present: 1113   in FES: 126
** Event #1466368   t=138.022958333079   Elapsed: 80.4053s (1m 20s)  27% completed  (63% total)
     Speed:     ev/sec=18269.3   simsec/sec=1.42505   ev/simsec=12820.2
     Messages:  created: 1277061   present: 1089   in FES: 126
** Event #1502464   t=140.208743731873   Elapsed: 82.4311s (1m 22s)  28% completed  (64% total)
     Speed:     ev/sec=17818.2   simsec/sec=1.07898   ev/simsec=16514
     Messages:  created: 1310808   present: 1078   in FES: 115
** Event #1534976   t=142.484258304146   Elapsed: 84.4378s (1m 24s)  28% completed  (64% total)
     Speed:     ev/sec=16201.6   simsec/sec=1.13395   ev/simsec=14287.8
     Messages:  created: 1342089   present: 1047   in FES: 104
** Event #1573376   t=145.151166283875   Elapsed: 86.4461s (1m 26s)  29% completed  (64% total)
     Speed:     ev/sec=19120.2   simsec/sec=1.32791   ev/simsec=14398.7
     Messages:  created: 1378623   present: 1022   in FES: 96
** Event #1609984   t=148.009335180753   Elapsed: 88.4512s (1m 28s)  29% completed  (64% total)
     Speed:     ev/sec=18257.8   simsec/sec=1.42548   ev/simsec=12808.2
     Messages:  created: 1414859   present: 1108   in FES: 123
** Event #1645312   t=150.156818934344   Elapsed: 90.456s (1m 30s)  30% completed  (65% total)
     Speed:     ev/sec=17621.6   simsec/sec=1.07117   ev/simsec=16450.9
     Messages:  created: 1447658   present: 1092   in FES: 119
** Event #1677056   t=152.418008330498   Elapsed: 92.4633s (1m 32s)  30% completed  (65% total)
     Speed:     ev/sec=15814.3   simsec/sec=1.12649   ev/simsec=14038.6
     Messages:  created: 1478449   present: 1096   in FES: 119
** Event #1714688   t=155.052555802289   Elapsed: 94.4654s (1m 34s)  31% completed  (65% total)
     Speed:     ev/sec=18796   simsec/sec=1.31588   ev/simsec=14284
     Messages:  created: 1515362   present: 1076   in FES: 109
** Event #1750784   t=157.400463886696   Elapsed: 96.4776s (1m 36s)  31% completed  (65% total)
     Speed:     ev/sec=17938.3   simsec/sec=1.16682   ev/simsec=15373.7
     Messages:  created: 1549876   present: 1078   in FES: 115
** Event #1789952   t=160.102317037274   Elapsed: 98.4877s (1m 38s)  32% completed  (66% total)
     Speed:     ev/sec=19485.8   simsec/sec=1.34415   ev/simsec=14496.7
     Messages:  created: 1587786   present: 1097   in FES: 118
** Event #1831424   t=163.067680745277   Elapsed: 100.488s (1m 40s)  32% completed  (66% total)
     Speed:     ev/sec=20734.4   simsec/sec=1.48257   ev/simsec=13985.5
     Messages:  created: 1629111   present: 1163   in FES: 156
** Event #1867008   t=165.479060335278   Elapsed: 102.503s (1m 42s)  33% completed  (66% total)
     Speed:     ev/sec=17661.2   simsec/sec=1.19683   ev/simsec=14756.7
     Messages:  created: 1663402   present: 1048   in FES: 103
** Event #1905408   t=168.18282477014   Elapsed: 104.503s (1m 44s)  33% completed  (66% total)
     Speed:     ev/sec=19198.2   simsec/sec=1.35176   ev/simsec=14202.4
     Messages:  created: 1700593   present: 1116   in FES: 129
** Event #1940736   t=171.019642519496   Elapsed: 106.511s (1m 46s)  34% completed  (67% total)
     Speed:     ev/sec=17593.7   simsec/sec=1.41276   ev/simsec=12453.4
     Messages:  created: 1735674   present: 1079   in FES: 114
** Event #1980416   t=173.417581514647   Elapsed: 108.515s (1m 48s)  34% completed  (67% total)
     Speed:     ev/sec=19800.9   simsec/sec=1.19661   ev/simsec=16547.5
     Messages:  created: 1774152   present: 1116   in FES: 128
** Event #2019328   t=176.070281148205   Elapsed: 110.528s (1m 50s)  35% completed  (67% total)
     Speed:     ev/sec=19327.7   simsec/sec=1.3176   ev/simsec=14668.8
     Messages:  created: 1813165   present: 1080   in FES: 113
** Event #2054144   t=178.470548121446   Elapsed: 112.547s (1m 52s)  35% completed  (67% total)
     Speed:     ev/sec=17246.1   simsec/sec=1.18897   ev/simsec=14505.1
     Messages:  created: 1846791   present: 1065   in FES: 128
** Event #2093312   t=181.167023955829   Elapsed: 114.552s (1m 54s)  36% completed  (68% total)
     Speed:     ev/sec=19530.4   simsec/sec=1.34455   ev/simsec=14525.6
     Messages:  created: 1885678   present: 1097   in FES: 126
** Event #2132480   t=184.013781136729   Elapsed: 116.554s (1m 56s)  36% completed  (68% total)
     Speed:     ev/sec=19570.5   simsec/sec=1.4224   ev/simsec=13758.8
     Messages:  created: 1926656   present: 1094   in FES: 119
** Event #2169344   t=186.093232877733   Elapsed: 118.557s (1m 58s)  37% completed  (68% total)
     Speed:     ev/sec=18401.6   simsec/sec=1.03801   ev/simsec=17727.7
     Messages:  created: 1964215   present: 1098   in FES: 119
** Event #2210048   t=189.013781361269   Elapsed: 120.561s (2m 00s)  37% completed  (68% total)
     Speed:     ev/sec=20316.3   simsec/sec=1.45772   ev/simsec=13937.1
     Messages:  created: 2006901   present: 1087   in FES: 116
** Event #2249472   t=191.417714009842   Elapsed: 122.561s (2m 02s)  38% completed  (69% total)
     Speed:     ev/sec=19707.8   simsec/sec=1.20171   ev/simsec=16399.8
     Messages:  created: 2046680   present: 1119   in FES: 139
** Event #2291200   t=194.077894018833   Elapsed: 124.576s (2m 04s)  38% completed  (69% total)
     Speed:     ev/sec=20707.6   simsec/sec=1.32012   ev/simsec=15686.2
     Messages:  created: 2090527   present: 1107   in FES: 124
** Event #2336256   t=197.044400490032   Elapsed: 126.581s (2m 06s)  39% completed  (69% total)
     Speed:     ev/sec=22477   simsec/sec=1.47989   ev/simsec=15188.2
     Messages:  created: 2137881   present: 1071   in FES: 110
** Event #2381568   t=200.02366391422   Elapsed: 128.582s (2m 08s)  40% completed  (70% total)
     Speed:     ev/sec=22640.9   simsec/sec=1.48864   ev/simsec=15209.1
     Messages:  created: 2185108   present: 1104   in FES: 121
** Event #2419456   t=202.41790336912   Elapsed: 130.61s (2m 10s)  40% completed  (70% total)
     Speed:     ev/sec=18683.9   simsec/sec=1.18068   ev/simsec=15824.6
     Messages:  created: 2223380   present: 1059   in FES: 126
** Event #2461952   t=205.183622842456   Elapsed: 132.61s (2m 12s)  41% completed  (70% total)
     Speed:     ev/sec=21245.3   simsec/sec=1.38268   ev/simsec=15365.3
     Messages:  created: 2267983   present: 1091   in FES: 118
** Event #2504448   t=208.156712092343   Elapsed: 134.621s (2m 14s)  41% completed  (70% total)
     Speed:     ev/sec=21136.8   simsec/sec=1.47877   ev/simsec=14293.6
     Messages:  created: 2312232   present: 1024   in FES: 97
** Event #2550016   t=211.279439887008   Elapsed: 136.642s (2m 16s)  42% completed  (71% total)
     Speed:     ev/sec=22542.3   simsec/sec=1.5448   ev/simsec=14592.4
     Messages:  created: 2360208   present: 1079   in FES: 114
** Event #2598656   t=214.447398461109   Elapsed: 138.661s (2m 18s)  42% completed  (71% total)
     Speed:     ev/sec=24089   simsec/sec=1.56894   ev/simsec=15353.7
     Messages:  created: 2412038   present: 1093   in FES: 118
** Event #2647296   t=217.917245432392   Elapsed: 140.665s (2m 20s)  43% completed  (71% total)
     Speed:     ev/sec=24279.2   simsec/sec=1.73201   ev/simsec=14017.9
     Messages:  created: 2463880   present: 1083   in FES: 128
** Event #2687232   t=220.249074239721   Elapsed: 142.673s (2m 22s)  44% completed  (72% total)
     Speed:     ev/sec=19885.6   simsec/sec=1.1611   ev/simsec=17126.5
     Messages:  created: 2505520   present: 1098   in FES: 126
** Event #2734336   t=223.34261140331   Elapsed: 144.683s (2m 24s)  44% completed  (72% total)
     Speed:     ev/sec=23428.1   simsec/sec=1.53863   ev/simsec=15226.6
     Messages:  created: 2555019   present: 1097   in FES: 126
** Event #2780416   t=226.4390597499   Elapsed: 146.695s (2m 26s)  45% completed  (72% total)
     Speed:     ev/sec=22903.8   simsec/sec=1.53907   ev/simsec=14881.6
     Messages:  created: 2603319   present: 1103   in FES: 126
** Event #2823936   t=229.439342340411   Elapsed: 148.71s (2m 28s)  45% completed  (72% total)
     Speed:     ev/sec=21601.5   simsec/sec=1.48921   ev/simsec=14505.3
     Messages:  created: 2648156   present: 1111   in FES: 122
** Event #2865408   t=232.335337179249   Elapsed: 150.738s (2m 30s)  46% completed  (73% total)
     Speed:     ev/sec=20451.2   simsec/sec=1.42811   ev/simsec=14320.5
     Messages:  created: 2690293   present: 1066   in FES: 111
** Event #2909184   t=235.250339195459   Elapsed: 152.739s (2m 32s)  47% completed  (73% total)
     Speed:     ev/sec=21879.7   simsec/sec=1.45695   ev/simsec=15017.5
     Messages:  created: 2734833   present: 1032   in FES: 110
** Event #2945280   t=238.019619352647   Elapsed: 154.74s (2m 34s)  47% completed  (73% total)
     Speed:     ev/sec=18035   simsec/sec=1.38364   ev/simsec=13034.4
     Messages:  created: 2771981   present: 1069   in FES: 110
** Event #2984704   t=240.447402951469   Elapsed: 156.742s (2m 36s)  48% completed  (74% total)
     Speed:     ev/sec=19691   simsec/sec=1.2126   ev/simsec=16238.7
     Messages:  created: 2810839   present: 1063   in FES: 108
** Event #3025152   t=243.198481997738   Elapsed: 158.747s (2m 38s)  48% completed  (74% total)
     Speed:     ev/sec=20173.8   simsec/sec=1.37212   ev/simsec=14702.6
     Messages:  created: 2851630   present: 1104   in FES: 123
** Event #3064320   t=246.049288795982   Elapsed: 160.767s (2m 40s)  49% completed  (74% total)
     Speed:     ev/sec=19387.6   simsec/sec=1.41111   ev/simsec=13739.3
     Messages:  created: 2891631   present: 1066   in FES: 107
** Event #3101440   t=248.439763000187   Elapsed: 162.777s (2m 42s)  49% completed  (74% total)
     Speed:     ev/sec=18474.8   simsec/sec=1.18975   ev/simsec=15528.3
     Messages:  created: 2928692   present: 1084   in FES: 113
** Event #3141376   t=251.167288987347   Elapsed: 164.778s (2m 44s)  50% completed  (75% total)
     Speed:     ev/sec=19951.4   simsec/sec=1.36263   ev/simsec=14641.8
     Messages:  created: 2968839   present: 1110   in FES: 133
** Event #3175680   t=253.439177942719   Elapsed: 166.788s (2m 46s)  50% completed  (75% total)
     Speed:     ev/sec=17067.8   simsec/sec=1.13037   ev/simsec=15099.3
     Messages:  created: 3003924   present: 1077   in FES: 112
** Event #3216384   t=256.039712641984   Elapsed: 168.796s (2m 48s)  51% completed  (75% total)
     Speed:     ev/sec=20270.2   simsec/sec=1.29504   ev/simsec=15652.2
     Messages:  created: 3047194   present: 1106   in FES: 123
** Event #3254016   t=258.167289753756   Elapsed: 170.801s (2m 50s)  51% completed  (75% total)
     Speed:     ev/sec=18768   simsec/sec=1.06107   ev/simsec=17687.7
     Messages:  created: 3084885   present: 1090   in FES: 119
** Event #3290880   t=260.484213733217   Elapsed: 172.806s (2m 52s)  52% completed  (76% total)
     Speed:     ev/sec=18391.5   simsec/sec=1.15592   ev/simsec=15910.8
     Messages:  created: 3122686   present: 1104   in FES: 120
** Event #3331072   t=263.042629044006   Elapsed: 174.815s (2m 54s)  52% completed  (76% total)
     Speed:     ev/sec=20007.4   simsec/sec=1.27357   ev/simsec=15709.7
     Messages:  created: 3164474   present: 1088   in FES: 117
** Event #3369472   t=265.093968121688   Elapsed: 176.82s (2m 56s)  53% completed  (76% total)
     Speed:     ev/sec=19146.9   simsec/sec=1.02283   ev/simsec=18719.5
     Messages:  created: 3202788   present: 1072   in FES: 109
** Event #3405056   t=267.471429166558   Elapsed: 178.825s (2m 58s)  53% completed  (76% total)
     Speed:     ev/sec=17748   simsec/sec=1.18579   ev/simsec=14967.2
     Messages:  created: 3238397   present: 1118   in FES: 137
** Event #3443968   t=270.091451844318   Elapsed: 180.826s (3m 00s)  54% completed  (77% total)
     Speed:     ev/sec=19450.6   simsec/sec=1.30965   ev/simsec=14851.8
     Messages:  created: 3276965   present: 1085   in FES: 114
** Event #3480832   t=272.682792213497   Elapsed: 182.826s (3m 02s)  54% completed  (77% total)
     Speed:     ev/sec=18426.7   simsec/sec=1.2953   ev/simsec=14225.8
     Messages:  created: 3313696   present: 1102   in FES: 143
** Event #3521536   t=275.209672740469   Elapsed: 184.842s (3m 04s)  55% completed  (77% total)
     Speed:     ev/sec=20191.3   simsec/sec=1.25347   ev/simsec=16108.4
     Messages:  created: 3353276   present: 1095   in FES: 120
** Event #3560704   t=278.043071671476   Elapsed: 186.864s (3m 06s)  55% completed  (77% total)
     Speed:     ev/sec=19370.3   simsec/sec=1.40124   ev/simsec=13823.7
     Messages:  created: 3392651   present: 1115   in FES: 126
** Event #3596032   t=280.167023906812   Elapsed: 188.871s (3m 08s)  56% completed  (78% total)
     Speed:     ev/sec=17601.8   simsec/sec=1.05824   ev/simsec=16633.1
     Messages:  created: 3426399   present: 1108   in FES: 126
** Event #3630592   t=282.470325105608   Elapsed: 190.873s (3m 10s)  56% completed  (78% total)
     Speed:     ev/sec=17267.6   simsec/sec=1.15082   ev/simsec=15004.6
     Messages:  created: 3460585   present: 1088   in FES: 126
** Event #3664896   t=285.005925328793   Elapsed: 192.874s (3m 12s)  57% completed  (78% total)
     Speed:     ev/sec=17145.2   simsec/sec=1.26729   ev/simsec=13528.9
     Messages:  created: 3495248   present: 1104   in FES: 126
** Event #3701760   t=287.099052697569   Elapsed: 194.883s (3m 14s)  57% completed  (78% total)
     Speed:     ev/sec=18348.7   simsec/sec=1.04183   ev/simsec=17611.9
     Messages:  created: 3530142   present: 1118   in FES: 126
** Event #3737600   t=289.470327603083   Elapsed: 196.892s (3m 16s)  57% completed  (78% total)
     Speed:     ev/sec=17833   simsec/sec=1.17988   ev/simsec=15114.2
     Messages:  created: 3565235   present: 1112   in FES: 126
** Event #3773440   t=292.039714118945   Elapsed: 198.903s (3m 18s)  58% completed  (79% total)
     Speed:     ev/sec=17825.2   simsec/sec=1.2779   ev/simsec=13948.9
     Messages:  created: 3601069   present: 1060   in FES: 107
** Event #3810304   t=294.220548045545   Elapsed: 200.907s (3m 20s)  58% completed  (79% total)
     Speed:     ev/sec=18399.2   simsec/sec=1.08848   ev/simsec=16903.6
     Messages:  created: 3636346   present: 1071   in FES: 127
** Event #3848192   t=297.019642152824   Elapsed: 202.927s (3m 22s)  59% completed  (79% total)
     Speed:     ev/sec=18755.8   simsec/sec=1.38565   ev/simsec=13535.8
     Messages:  created: 3674818   present: 1091   in FES: 118
** Event #3886592   t=299.182559109354   Elapsed: 204.941s (3m 24s)  59% completed  (79% total)
     Speed:     ev/sec=19061.5   simsec/sec=1.07366   ev/simsec=17753.8
     Messages:  created: 3712273   present: 1098   in FES: 126
** Event #3920640   t=301.335329726218   Elapsed: 206.948s (3m 26s)  60% completed  (80% total)
     Speed:     ev/sec=16965.6   simsec/sec=1.07269   ev/simsec=15815.9
     Messages:  created: 3747029   present: 1050   in FES: 105
** Event #3965184   t=304.077894328255   Elapsed: 208.966s (3m 28s)  60% completed  (80% total)
     Speed:     ev/sec=22072.2   simsec/sec=1.35898   ev/simsec=16241.7
     Messages:  created: 3792981   present: 1071   in FES: 110
** Event #4003328   t=306.279345426904   Elapsed: 210.97s (3m 30s)  61% completed  (80% total)
     Speed:     ev/sec=19037.6   simsec/sec=1.09874   ev/simsec=17326.8
     Messages:  created: 3831935   present: 1086   in FES: 126
** Event #4039680   t=308.933301106285   Elapsed: 212.972s (3m 32s)  61% completed  (80% total)
     Speed:     ev/sec=18157.8   simsec/sec=1.32565   ev/simsec=13697.3
     Messages:  created: 3869598   present: 1118   in FES: 140
** Event #4078848   t=311.183430095229   Elapsed: 214.974s (3m 34s)  62% completed  (81% total)
     Speed:     ev/sec=19560.1   simsec/sec=1.12369   ev/simsec=17407
     Messages:  created: 3908632   present: 1109   in FES: 144
** Event #4119552   t=314.044345720136   Elapsed: 216.984s (3m 36s)  62% completed  (81% total)
     Speed:     ev/sec=20252.8   simsec/sec=1.42349   ev/simsec=14227.6
     Messages:  created: 3951129   present: 1093   in FES: 126
** Event #4156928   t=316.250337425062   Elapsed: 218.992s (3m 38s)  63% completed  (81% total)
     Speed:     ev/sec=18613.4   simsec/sec=1.09859   ev/simsec=16942.9
     Messages:  created: 3988741   present: 1084   in FES: 127
** Event #4199168   t=319.091398647819   Elapsed: 221.003s (3m 41s)  63% completed  (81% total)
     Speed:     ev/sec=20999.5   simsec/sec=1.41242   ev/simsec=14867.7
     Messages:  created: 4032151   present: 1112   in FES: 126
** Event #4237568   t=321.696549246886   Elapsed: 223.01s (3m 43s)  64% completed  (82% total)
     Speed:     ev/sec=19140.6   simsec/sec=1.29855   ev/simsec=14740
     Messages:  created: 4072047   present: 1021   in FES: 95
** Event #4277760   t=324.220327877631   Elapsed: 225.023s (3m 45s)  64% completed  (82% total)
     Speed:     ev/sec=19967.7   simsec/sec=1.25383   ev/simsec=15925.3
     Messages:  created: 4113305   present: 1114   in FES: 126
** Event #4319744   t=327.080331768755   Elapsed: 227.028s (3m 47s)  65% completed  (82% total)
     Speed:     ev/sec=20934.8   simsec/sec=1.42611   ev/simsec=14679.7
     Messages:  created: 4157077   present: 1041   in FES: 100
** Event #4365312   t=330.082970168138   Elapsed: 229.029s (3m 49s)  66% completed  (83% total)
     Speed:     ev/sec=22776.5   simsec/sec=1.50083   ev/simsec=15176
     Messages:  created: 4204356   present: 1147   in FES: 135
** Event #4401152   t=332.667023598984   Elapsed: 231.034s (3m 51s)  66% completed  (83% total)
     Speed:     ev/sec=17870.7   simsec/sec=1.28847   ev/simsec=13869.7
     Messages:  created: 4240817   present: 1101   in FES: 126
** Event #4443392   t=335.484205813726   Elapsed: 233.049s (3m 53s)  67% completed  (83% total)
     Speed:     ev/sec=20961   simsec/sec=1.39798   ev/simsec=14993.7
     Messages:  created: 4283832   present: 1100   in FES: 121
** Event #4487936   t=338.750348115821   Elapsed: 235.06s (3m 55s)  67% completed  (83% total)
     Speed:     ev/sec=22149.5   simsec/sec=1.62409   ev/simsec=13638.1
     Messages:  created: 4329750   present: 1099   in FES: 151
** Event #4530944   t=341.804211316388   Elapsed: 237.066s (3m 57s)  68% completed  (84% total)
     Speed:     ev/sec=21447.4   simsec/sec=1.52292   ev/simsec=14083.1
     Messages:  created: 4373526   present: 1021   in FES: 95
** Event #4572160   t=344.497185768322   Elapsed: 239.073s (3m 59s)  68% completed  (84% total)
     Speed:     ev/sec=20528.1   simsec/sec=1.34127   ev/simsec=15305
     Messages:  created: 4415201   present: 1093   in FES: 126
** Event #4616448   t=347.535720166721   Elapsed: 241.198s (4m 01s)  69% completed  (84% total)
     Speed:     ev/sec=20843.3   simsec/sec=1.43003   ev/simsec=14575.4
     Messages:  created: 4460522   present: 1021   in FES: 95
** Event #4665856   t=351.08027773267   Elapsed: 243.214s (4m 03s)  70% completed  (85% total)
     Speed:     ev/sec=24517.3   simsec/sec=1.75888   ev/simsec=13939.1
     Messages:  created: 4510546   present: 1112   in FES: 126
** Event #4709376   t=354.182791690839   Elapsed: 245.22s (4m 05s)  70% completed  (85% total)
     Speed:     ev/sec=21692.3   simsec/sec=1.54643   ev/simsec=14027.3
     Messages:  created: 4553656   present: 1089   in FES: 142
** Event #4748288   t=357.084916553447   Elapsed: 247.228s (4m 07s)  71% completed  (85% total)
     Speed:     ev/sec=19372.2   simsec/sec=1.44481   ev/simsec=13408.1
     Messages:  created: 4592575   present: 1103   in FES: 126
** Event #4791808   t=360.085005972653   Elapsed: 249.236s (4m 09s)  72% completed  (86% total)
     Speed:     ev/sec=21675.7   simsec/sec=1.49423   ev/simsec=14506.2
     Messages:  created: 4636545   present: 1100   in FES: 119
** Event #4831232   t=363.023608897626   Elapsed: 251.242s (4m 11s)  72% completed  (86% total)
     Speed:     ev/sec=19658.8   simsec/sec=1.46533   ev/simsec=13415.9
     Messages:  created: 4677242   present: 1031   in FES: 98
** Event #4866048   t=365.182823648336   Elapsed: 253.253s (4m 13s)  73% completed  (86% total)
     Speed:     ev/sec=17309.8   simsec/sec=1.07352   ev/simsec=16124.4
     Messages:  created: 4711871   present: 1116   in FES: 144
** Event #4908800   t=368.156818437277   Elapsed: 255.273s (4m 15s)  73% completed  (86% total)
     Speed:     ev/sec=21160.9   simsec/sec=1.47203   ev/simsec=14375.3
     Messages:  created: 4755343   present: 1103   in FES: 122
** Event #4949248   t=371.067605265391   Elapsed: 257.281s (4m 17s)  74% completed  (87% total)
     Speed:     ev/sec=20146   simsec/sec=1.44978   ev/simsec=13895.9
     Messages:  created: 4797020   present: 1066   in FES: 109
** Event #4988928   t=374.000382796218   Elapsed: 259.289s (4m 19s)  74% completed  (87% total)
     Speed:     ev/sec=19765.3   simsec/sec=1.46087   ev/simsec=13529.8
     Messages:  created: 4837903   present: 1094   in FES: 119
** Event #5027328   t=376.250901866819   Elapsed: 261.29s (4m 21s)  75% completed  (87% total)
     Speed:     ev/sec=19182.6   simsec/sec=1.12424   ev/simsec=17062.7
     Messages:  created: 4875800   present: 1063   in FES: 106
** Event #5071360   t=379.093967726195   Elapsed: 263.292s (4m 23s)  75% completed  (87% total)
     Speed:     ev/sec=21998.6   simsec/sec=1.42041   ev/simsec=15487.5
     Messages:  created: 4920638   present: 1098   in FES: 117
** Event #5107968   t=381.750938719173   Elapsed: 265.295s (4m 25s)  76% completed  (88% total)
     Speed:     ev/sec=18276.4   simsec/sec=1.32649   ev/simsec=13778.1
     Messages:  created: 4958257   present: 1122   in FES: 131
** Event #5146880   t=384.220962381997   Elapsed: 267.297s (4m 27s)  76% completed  (88% total)
     Speed:     ev/sec=19440.9   simsec/sec=1.23405   ev/simsec=15753.7
     Messages:  created: 4997041   present: 1093   in FES: 126
** Event #5188352   t=387.084632731735   Elapsed: 269.305s (4m 29s)  77% completed  (88% total)
     Speed:     ev/sec=20650.6   simsec/sec=1.42594   ev/simsec=14482.1
     Messages:  created: 5039904   present: 1105   in FES: 126
** Event #5228288   t=389.970324489288   Elapsed: 271.313s (4m 31s)  77% completed  (88% total)
     Speed:     ev/sec=19886.6   simsec/sec=1.43697   ev/simsec=13839.3
     Messages:  created: 5081847   present: 1083   in FES: 126
** Event #5267712   t=392.210657062587   Elapsed: 273.322s (4m 33s)  78% completed  (89% total)
     Speed:     ev/sec=19619.3   simsec/sec=1.1149   ev/simsec=17597.4
     Messages:  created: 5121451   present: 1081   in FES: 114
** Event #5307136   t=395.027360128814   Elapsed: 275.329s (4m 35s)  79% completed  (89% total)
     Speed:     ev/sec=19643.4   simsec/sec=1.40345   ev/simsec=13996.5
     Messages:  created: 5163174   present: 1090   in FES: 117
** Event #5346304   t=397.279432189688   Elapsed: 277.34s (4m 37s)  79% completed  (89% total)
     Speed:     ev/sec=19483.6   simsec/sec=1.12027   ev/simsec=17392
     Messages:  created: 5202489   present: 1085   in FES: 116
** Event #5388032   t=400.093261545579   Elapsed: 279.343s (4m 39s)  80% completed  (90% total)
     Speed:     ev/sec=20834.2   simsec/sec=1.4049   ev/simsec=14829.6
     Messages:  created: 5245180   present: 1059   in FES: 106
** Event #5432064   t=403.093253060109   Elapsed: 281.344s (4m 41s)  80% completed  (90% total)
     Speed:     ev/sec=22003.9   simsec/sec=1.49917   ev/simsec=14677.4
     Messages:  created: 5289608   present: 1103   in FES: 120
** Event #5472000   t=406.027361413161   Elapsed: 283.345s (4m 43s)  81% completed  (90% total)
     Speed:     ev/sec=19951.4   simsec/sec=1.46584   ev/simsec=13610.9
     Messages:  created: 5330444   present: 1044   in FES: 101
** Event #5511168   t=408.464526898578   Elapsed: 285.351s (4m 45s)  81% completed  (90% total)
     Speed:     ev/sec=19531.3   simsec/sec=1.2153   ev/simsec=16071.1
     Messages:  created: 5368883   present: 1021   in FES: 95
** Event #5554944   t=411.432825930404   Elapsed: 287.353s (4m 47s)  82% completed  (91% total)
     Speed:     ev/sec=21858.7   simsec/sec=1.48217   ev/simsec=14747.8
     Messages:  created: 5412759   present: 1095   in FES: 120
** Event #5590272   t=414.02225681683   Elapsed: 289.363s (4m 49s)  82% completed  (91% total)
     Speed:     ev/sec=17580.1   simsec/sec=1.28857   ev/simsec=13643.2
     Messages:  created: 5448928   present: 1110   in FES: 126
** Event #5628928   t=416.093241827657   Elapsed: 291.37s (4m 51s)  83% completed  (91% total)
     Speed:     ev/sec=19262.2   simsec/sec=1.03197   ev/simsec=18665.5
     Messages:  created: 5487447   present: 1051   in FES: 102
** Event #5665536   t=418.447305190087   Elapsed: 293.37s (4m 53s)  83% completed  (91% total)
     Speed:     ev/sec=18299.5   simsec/sec=1.17674   ev/simsec=15551
     Messages:  created: 5524691   present: 1108   in FES: 126
** Event #5705728   t=421.085431509035   Elapsed: 295.376s (4m 55s)  84% completed  (92% total)
     Speed:     ev/sec=20034.1   simsec/sec=1.315   ev/simsec=15235.1
     Messages:  created: 5565536   present: 1090   in FES: 115
** Event #5742592   t=423.447405652827   Elapsed: 297.379s (4m 57s)  84% completed  (92% total)
     Speed:     ev/sec=18411.9   simsec/sec=1.1797   ev/simsec=15607.3
     Messages:  created: 5602954   present: 1111   in FES: 124
** Event #5785856   t=426.220548094717   Elapsed: 299.396s (4m 59s)  85% completed  (92% total)
     Speed:     ev/sec=21448.2   simsec/sec=1.37479   ev/simsec=15601.1
     Messages:  created: 5646752   present: 1054   in FES: 127
** Event #5818880   t=428.433461571942   Elapsed: 301.401s (5m 01s)  85% completed  (92% total)
     Speed:     ev/sec=16466.7   simsec/sec=1.10342   ev/simsec=14923.3
     Messages:  created: 5680539   present: 1118   in FES: 133
** Event #5858048   t=431.067860463361   Elapsed: 303.403s (5m 03s)  86% completed  (93% total)
     Speed:     ev/sec=19563.5   simsec/sec=1.31582   ev/simsec=14867.9
     Messages:  created: 5720577   present: 1066   in FES: 109
** Event #5900032   t=433.97059124417   Elapsed: 305.407s (5m 05s)  86% completed  (93% total)
     Speed:     ev/sec=20956.7   simsec/sec=1.44892   ev/simsec=14463.6
     Messages:  created: 5763607   present: 1114   in FES: 140
** Event #5943296   t=436.497186607899   Elapsed: 307.432s (5m 07s)  87% completed  (93% total)
     Speed:     ev/sec=21363.3   simsec/sec=1.24761   ev/simsec=17123.4
     Messages:  created: 5806648   present: 1104   in FES: 126
** Event #5984512   t=439.091451070578   Elapsed: 309.435s (5m 09s)  87% completed  (93% total)
     Speed:     ev/sec=20572.2   simsec/sec=1.29488   ev/simsec=15887.4
     Messages:  created: 5848861   present: 1094   in FES: 117
** Event #6023168   t=441.667245575367   Elapsed: 311.442s (5m 11s)  88% completed  (94% total)
     Speed:     ev/sec=19263.3   simsec/sec=1.28358   ev/simsec=15007.4
     Messages:  created: 5888151   present: 1062   in FES: 128
** Event #6059776   t=444.044400626511   Elapsed: 313.448s (5m 13s)  88% completed  (94% total)
     Speed:     ev/sec=18250   simsec/sec=1.18507   ev/simsec=15399.9
     Messages:  created: 5925842   present: 1097   in FES: 118
** Event #6097920   t=446.247417561331   Elapsed: 315.46s (5m 15s)  89% completed  (94% total)
     Speed:     ev/sec=18963.2   simsec/sec=1.09522   ev/simsec=17314.4
     Messages:  created: 5963757   present: 1088   in FES: 147
** Event #6137088   t=449.009281850215   Elapsed: 317.461s (5m 17s)  89% completed  (94% total)
     Speed:     ev/sec=19571.8   simsec/sec=1.38007   ev/simsec=14181.7
     Messages:  created: 6004445   present: 1112   in FES: 126
** Event #6174720   t=451.094154772571   Elapsed: 319.466s (5m 19s)  90% completed  (95% total)
     Speed:     ev/sec=18762.6   simsec/sec=1.03948   ev/simsec=18050
     Messages:  created: 6041244   present: 1057   in FES: 104
** Event #6210304   t=453.27934737748   Elapsed: 321.476s (5m 21s)  90% completed  (95% total)
     Speed:     ev/sec=17706.4   simsec/sec=1.08734   ev/simsec=16284.1
     Messages:  created: 6077206   present: 1110   in FES: 126
** Event #6245376   t=455.497419470439   Elapsed: 323.496s (5m 23s)  91% completed  (95% total)
     Speed:     ev/sec=17365.6   simsec/sec=1.09826   ev/simsec=15811.9
     Messages:  created: 6112470   present: 1112   in FES: 151
** Event #6278912   t=457.497407495358   Elapsed: 325.631s (5m 25s)  91% completed  (95% total)
     Speed:     ev/sec=15704.8   simsec/sec=0.936587   ev/simsec=16768.1
     Messages:  created: 6146573   present: 1098   in FES: 127
** Event #6316544   t=460.000337604809   Elapsed: 327.639s (5m 27s)  92% completed  (96% total)
     Speed:     ev/sec=18741.5   simsec/sec=1.24651   ev/simsec=15035.2
     Messages:  created: 6186133   present: 1077   in FES: 127
** Event #6357504   t=462.172780966321   Elapsed: 329.646s (5m 29s)  92% completed  (96% total)
     Speed:     ev/sec=20407.7   simsec/sec=1.08239   ev/simsec=18854.3
     Messages:  created: 6226983   present: 1094   in FES: 126
** Event #6395648   t=464.470547435236   Elapsed: 331.666s (5m 31s)  92% completed  (96% total)
     Speed:     ev/sec=18887.8   simsec/sec=1.13779   ev/simsec=16600.5
     Messages:  created: 6266264   present: 1073   in FES: 127
** Event #6437120   t=467.023609669319   Elapsed: 333.677s (5m 33s)  93% completed  (96% total)
     Speed:     ev/sec=20617   simsec/sec=1.2692   ev/simsec=16244
     Messages:  created: 6310667   present: 1097   in FES: 126
** Event #6476800   t=469.099905609762   Elapsed: 335.687s (5m 35s)  93% completed  (96% total)
     Speed:     ev/sec=19745.5   simsec/sec=1.03321   ev/simsec=19111
     Messages:  created: 6351066   present: 1115   in FES: 126
** Event #6512384   t=471.084915211308   Elapsed: 337.688s (5m 37s)  94% completed  (97% total)
     Speed:     ev/sec=17782.7   simsec/sec=0.991984   ev/simsec=17926.4
     Messages:  created: 6388759   present: 1032   in FES: 97
** Event #6552064   t=473.182781103172   Elapsed: 339.695s (5m 39s)  94% completed  (97% total)
     Speed:     ev/sec=19767.1   simsec/sec=1.04508   ev/simsec=18914.5
     Messages:  created: 6430282   present: 1058   in FES: 124
** Event #6592256   t=475.346267435322   Elapsed: 341.715s (5m 41s)  95% completed  (97% total)
     Speed:     ev/sec=19897.3   simsec/sec=1.07105   ev/simsec=18577.4
     Messages:  created: 6472948   present: 1109   in FES: 124
** Event #6632960   t=477.682790996211   Elapsed: 343.716s (5m 43s)  95% completed  (97% total)
     Speed:     ev/sec=20339.9   simsec/sec=1.16757   ev/simsec=17420.8
     Messages:  created: 6516574   present: 1091   in FES: 143
** Event #6674944   t=480.039713289259   Elapsed: 345.72s (5m 45s)  96% completed  (98% total)
     Speed:     ev/sec=20954.4   simsec/sec=1.17635   ev/simsec=17813.1
     Messages:  created: 6561827   present: 1101   in FES: 121
** Event #6716160   t=482.099958642932   Elapsed: 347.726s (5m 47s)  96% completed  (98% total)
     Speed:     ev/sec=20548.7   simsec/sec=1.02716   ev/simsec=20005.4
     Messages:  created: 6604572   present: 1103   in FES: 120
** Event #6752512   t=484.099161964023   Elapsed: 349.739s (5m 49s)  96% completed  (98% total)
     Speed:     ev/sec=18055.6   simsec/sec=0.992978   ev/simsec=18183.2
     Messages:  created: 6643241   present: 1080   in FES: 113
** Event #6793216   t=486.342708744746   Elapsed: 351.752s (5m 51s)  97% completed  (98% total)
     Speed:     ev/sec=20221.1   simsec/sec=1.11456   ev/simsec=18142.7
     Messages:  created: 6686679   present: 1092   in FES: 119
** Event #6837504   t=489.005979805093   Elapsed: 353.759s (5m 53s)  97% completed  (98% total)
     Speed:     ev/sec=22063.4   simsec/sec=1.32679   ev/simsec=16629.2
     Messages:  created: 6735081   present: 1093   in FES: 116
** Event #6882304   t=491.221224856377   Elapsed: 355.76s (5m 55s)  98% completed  (99% total)
     Speed:     ev/sec=22389.9   simsec/sec=1.10712   ev/simsec=20223.5
     Messages:  created: 6781564   present: 1075   in FES: 128
** Event #6930688   t=494.059362186268   Elapsed: 357.768s (5m 57s)  98% completed  (99% total)
     Speed:     ev/sec=24101.3   simsec/sec=1.41375   ev/simsec=17047.8
     Messages:  created: 6834121   present: 1093   in FES: 118
** Event #6967808   t=496.086505001548   Elapsed: 359.771s (5m 59s)  99% completed  (99% total)
     Speed:     ev/sec=18528.6   simsec/sec=1.01186   ev/simsec=18311.5
     Messages:  created: 6873758   present: 1119   in FES: 126
** Event #7010816   t=498.504029850389   Elapsed: 361.773s (6m 01s)  99% completed  (99% total)
     Speed:     ev/sec=21489.6   simsec/sec=1.20795   ev/simsec=17790.1
     Messages:  created: 6920160   present: 1036   in FES: 105
** Event #7031562   t=500   Elapsed: 362.474s (6m 02s)  100% completed  (100% total)
     Speed:     ev/sec=29581.6   simsec/sec=2.13299   ev/simsec=13868.6
     Messages:  created: 6943140   present: 1025   in FES: 96

<!> Simulation time limit reached -- at t=500s, event #7031562
undisposed object: (omnetpp::cMessage) FanetStressNetwork.uav[0].app.debugTimer -- check module destructor
undisposed object: (omnetpp::cMessage) FanetStressNetwork.uav[1].app.debugTimer -- check module destructor
undisposed object: (omnetpp::cMessage) FanetStressNetwork.uav[2].app.debugTimer -- check module destructor
undisposed object: (omnetpp::cMessage) FanetStressNetwork.uav[3].app.debugTimer -- check module destructor
undisposed object: (omnetpp::cMessage) FanetStressNetwork.uav[4].app.debugTimer -- check module destructor
undisposed object: (omnetpp::cMessage) FanetStressNetwork.uav[5].app.debugTimer -- check module destructor
undisposed object: (omnetpp::cMessage) FanetStressNetwork.uav[6].app.debugTimer -- check module destructor
undisposed object: (omnetpp::cMessage) FanetStressNetwork.uav[7].app.debugTimer -- check module destructor
undisposed object: (omnetpp::cMessage) FanetStressNetwork.uav[8].app.debugTimer -- check module destructor
undisposed object: (omnetpp::cMessage) FanetStressNetwork.uav[9].app.debugTimer -- check module destructor
undisposed object: (omnetpp::cMessage) FanetStressNetwork.uav[10].app.debugTimer -- check module destructor
undisposed object: (omnetpp::cMessage) FanetStressNetwork.uav[11].app.debugTimer -- check module destructor
undisposed object: (omnetpp::cMessage) FanetStressNetwork.uav[12].app.debugTimer -- check module destructor
undisposed object: (omnetpp::cMessage) FanetStressNetwork.uav[13].app.debugTimer -- check module destructor
undisposed object: (omnetpp::cMessage) FanetStressNetwork.uav[14].app.debugTimer -- check module destructor
undisposed object: (omnetpp::cMessage) FanetStressNetwork.uav[15].app.debugTimer -- check module destructor
undisposed object: (omnetpp::cMessage) FanetStressNetwork.uav[16].app.debugTimer -- check module destructor
undisposed object: (omnetpp::cMessage) FanetStressNetwork.uav[17].app.debugTimer -- check module destructor
undisposed object: (omnetpp::cMessage) FanetStressNetwork.uav[18].app.debugTimer -- check module destructor
undisposed object: (omnetpp::cMessage) FanetStressNetwork.uav[19].app.debugTimer -- check module destructor
undisposed object: (omnetpp::cMessage) FanetStressNetwork.uav[20].app.debugTimer -- check module destructor
undisposed object: (omnetpp::cMessage) FanetStressNetwork.uav[21].app.debugTimer -- check module destructor
undisposed object: (omnetpp::cMessage) FanetStressNetwork.uav[22].app.debugTimer -- check module destructor
undisposed object: (omnetpp::cMessage) FanetStressNetwork.uav[23].app.debugTimer -- check module destructor
undisposed object: (omnetpp::cMessage) FanetStressNetwork.uav[24].app.debugTimer -- check module destructor
undisposed object: (omnetpp::cMessage) FanetStressNetwork.uav[25].app.debugTimer -- check module destructor
undisposed object: (omnetpp::cMessage) FanetStressNetwork.uav[26].app.debugTimer -- check module destructor
undisposed object: (omnetpp::cMessage) FanetStressNetwork.uav[27].app.debugTimer -- check module destructor
undisposed object: (omnetpp::cMessage) FanetStressNetwork.uav[28].app.debugTimer -- check module destructor
undisposed object: (omnetpp::cMessage) FanetStressNetwork.uav[29].app.debugTimer -- check module destructor
