** Event #0   t=0   Elapsed: 6e-06s (0m 00s)  0% completed  (50% total)
     Speed:     ev/sec=0   simsec/sec=0   ev/simsec=0
     Messages:  created: 381   present: 381   in FES: 61
** Event #78848   t=74.069537519631   Elapsed: 2.00532s (0m 02s)  14% completed  (57% total)
     Speed:     ev/sec=39320   simsec/sec=36.9366   ev/simsec=1064.53
     Messages:  created: 59882   present: 384   in FES: 43
** Event #140800   t=108.019411860667   Elapsed: 4.01056s (0m 04s)  21% completed  (60% total)
     Speed:     ev/sec=30895.1   simsec/sec=16.9306   ev/simsec=1824.81
     Messages:  created: 115268   present: 367   in FES: 36
** Event #204288   t=123.791127908567   Elapsed: 6.01642s (0m 06s)  24% completed  (62% total)
     Speed:     ev/sec=31651.2   simsec/sec=7.86281   ev/simsec=4025.43
     Messages:  created: 182744   present: 382   in FES: 48
** Event #263424   t=138.801458448008   Elapsed: 8.01754s (0m 08s)  27% completed  (63% total)
     Speed:     ev/sec=29551.5   simsec/sec=7.50097   ev/simsec=3939.69
     Messages:  created: 245373   present: 375   in FES: 46
** Event #315392   t=151.895246042303   Elapsed: 10.0373s (0m 10s)  30% completed  (65% total)
     Speed:     ev/sec=25729.9   simsec/sec=6.48287   ev/simsec=3968.91
     Messages:  created: 300531   present: 366   in FES: 37
** Event #377344   t=169.820958687055   Elapsed: 12.0387s (0m 12s)  33% completed  (66% total)
     Speed:     ev/sec=30953.5   simsec/sec=8.95636   ev/simsec=3456.04
     Messages:  created: 362549   present: 388   in FES: 53
** Event #435712   t=186.014591864397   Elapsed: 14.0396s (0m 14s)  37% completed  (68% total)
     Speed:     ev/sec=29171   simsec/sec=8.09322   ev/simsec=3604.38
     Messages:  created: 423176   present: 385   in FES: 42
** Event #493824   t=202.924553577732   Elapsed: 16.0488s (0m 16s)  40% completed  (70% total)
     Speed:     ev/sec=28923.6   simsec/sec=8.41645   ev/simsec=3436.55
     Messages:  created: 483236   present: 361   in FES: 35
** Event #541952   t=218.958370860169   Elapsed: 18.0496s (0m 18s)  43% completed  (71% total)
     Speed:     ev/sec=24054.1   simsec/sec=8.01362   ev/simsec=3001.66
     Messages:  created: 529396   present: 378   in FES: 48
** Event #595968   t=237.024843069984   Elapsed: 20.0503s (0m 20s)  47% completed  (73% total)
     Speed:     ev/sec=26998.9   simsec/sec=9.03018   ev/simsec=2989.85
     Messages:  created: 580302   present: 390   in FES: 45
** Event #655872   t=256.041534870642   Elapsed: 22.0505s (0m 22s)  51% completed  (75% total)
     Speed:     ev/sec=29949.1   simsec/sec=9.50744   ev/simsec=3150.07
     Messages:  created: 638008   present: 371   in FES: 44
** Event #711680   t=272.051020460858   Elapsed: 24.0548s (0m 24s)  54% completed  (77% total)
     Speed:     ev/sec=27844   simsec/sec=7.98752   ev/simsec=3485.93
     Messages:  created: 693100   present: 396   in FES: 47
** Event #766720   t=286.291137335014   Elapsed: 26.0621s (0m 26s)  57% completed  (78% total)
     Speed:     ev/sec=27420.2   simsec/sec=7.09425   ev/simsec=3865.14
     Messages:  created: 750297   present: 388   in FES: 50
** Event #830464   t=304.045371641825   Elapsed: 28.0657s (0m 28s)  60% completed  (80% total)
     Speed:     ev/sec=31814.4   simsec/sec=8.86107   ev/simsec=3590.35
     Messages:  created: 816276   present: 402   in FES: 45
** Event #889600   t=320.570992238682   Elapsed: 30.0668s (0m 30s)  64% completed  (82% total)
     Speed:     ev/sec=29551.1   simsec/sec=8.25808   ev/simsec=3578.44
     Messages:  created: 876140   present: 380   in FES: 42
** Event #939008   t=335.340215815832   Elapsed: 32.075s (0m 32s)  67% completed  (83% total)
     Speed:     ev/sec=24603.6   simsec/sec=7.35461   ev/simsec=3345.33
     Messages:  created: 924275   present: 395   in FES: 51
** Event #997120   t=355.025735048558   Elapsed: 34.0777s (0m 34s)  71% completed  (85% total)
     Speed:     ev/sec=29017.2   simsec/sec=9.82962   ev/simsec=2952.02
     Messages:  created: 980145   present: 393   in FES: 46
** Event #1053696   t=374.965482539976   Elapsed: 36.0813s (0m 36s)  74% completed  (87% total)
     Speed:     ev/sec=28236.5   simsec/sec=9.95172   ev/simsec=2837.35
     Messages:  created: 1034232   present: 370   in FES: 43
** Event #1116928   t=393.324572025798   Elapsed: 38.0825s (0m 38s)  78% completed  (89% total)
     Speed:     ev/sec=31597   simsec/sec=9.17402   ev/simsec=3444.18
     Messages:  created: 1098530   present: 366   in FES: 37
** Event #1166336   t=408.459289306273   Elapsed: 40.0896s (0m 40s)  81% completed  (90% total)
     Speed:     ev/sec=24617   simsec/sec=7.54071   ev/simsec=3264.55
     Messages:  created: 1147938   present: 376   in FES: 47
** Event #1220352   t=422.050797904376   Elapsed: 42.0932s (0m 42s)  84% completed  (92% total)
     Speed:     ev/sec=26959.4   simsec/sec=6.78353   ev/simsec=3974.25
     Messages:  created: 1203156   present: 370   in FES: 37
** Event #1276160   t=436.340217381832   Elapsed: 44.0995s (0m 44s)  87% completed  (93% total)
     Speed:     ev/sec=27816.1   simsec/sec=7.12221   ev/simsec=3905.55
     Messages:  created: 1262141   present: 388   in FES: 45
** Event #1334016   t=452.801065302005   Elapsed: 46.1067s (0m 46s)  90% completed  (95% total)
     Speed:     ev/sec=28825   simsec/sec=8.20113   ev/simsec=3514.76
     Messages:  created: 1322702   present: 401   in FES: 48
** Event #1382656   t=467.446540867998   Elapsed: 48.1091s (0m 48s)  93% completed  (96% total)
     Speed:     ev/sec=24290.1   simsec/sec=7.31374   ev/simsec=3321.16
     Messages:  created: 1371743   present: 384   in FES: 43
** Event #1441024   t=486.958966232202   Elapsed: 50.1132s (0m 50s)  97% completed  (98% total)
     Speed:     ev/sec=29124.3   simsec/sec=9.73626   ev/simsec=2991.32
     Messages:  created: 1430055   present: 393   in FES: 46
** Event #1494721   t=500   Elapsed: 51.5497s (0m 51s)  100% completed  (100% total)
     Speed:     ev/sec=37379.2   simsec/sec=9.07781   ev/simsec=4117.65
     Messages:  created: 1488170   present: 363   in FES: 35

<!> Simulation time limit reached -- at t=500s, event #1494721
undisposed object: (omnetpp::cMessage) FanetStressNetwork.uav[0].app.debugTimer -- check module destructor
undisposed object: (omnetpp::cMessage) FanetStressNetwork.uav[1].app.debugTimer -- check module destructor
undisposed object: (omnetpp::cMessage) FanetStressNetwork.uav[2].app.debugTimer -- check module destructor
undisposed object: (omnetpp::cMessage) FanetStressNetwork.uav[3].app.debugTimer -- check module destructor
undisposed object: (omnetpp::cMessage) FanetStressNetwork.uav[4].app.debugTimer -- check module destructor
undisposed object: (omnetpp::cMessage) FanetStressNetwork.uav[5].app.debugTimer -- check module destructor
undisposed object: (omnetpp::cMessage) FanetStressNetwork.uav[6].app.debugTimer -- check module destructor
undisposed object: (omnetpp::cMessage) FanetStressNetwork.uav[7].app.debugTimer -- check module destructor
undisposed object: (omnetpp::cMessage) FanetStressNetwork.uav[8].app.debugTimer -- check module destructor
undisposed object: (omnetpp::cMessage) FanetStressNetwork.uav[9].app.debugTimer -- check module destructor
