** Event #0   t=0   Elapsed: 8e-06s (0m 00s)  0% completed  (50% total)
     Speed:     ev/sec=0   simsec/sec=0   ev/simsec=0
     Messages:  created: 1081   present: 1081   in FES: 161
** Event #43008   t=5.414466764121   Elapsed: 2.00773s (0m 02s)  1% completed  (50% total)
     Speed:     ev/sec=21421.8   simsec/sec=2.69682   ev/simsec=7943.35
     Messages:  created: 36723   present: 1089   in FES: 118
** Event #79104   t=9.5   Elapsed: 4.02978s (0m 04s)  1% completed  (50% total)
     Speed:     ev/sec=17851.2   simsec/sec=2.0205   ev/simsec=8835.08
     Messages:  created: 66657   present: 1021   in FES: 95
** Event #115456   t=14.021967288177   Elapsed: 6.03183s (0m 06s)  2% completed  (51% total)
     Speed:     ev/sec=18157.4   simsec/sec=2.25867   ev/simsec=8038.98
     Messages:  created: 96804   present: 1112   in FES: 126
** Event #155904   t=18.196320183685   Elapsed: 8.04437s (0m 08s)  3% completed  (51% total)
     Speed:     ev/sec=20097.9   simsec/sec=2.07417   ev/simsec=9689.65
     Messages:  created: 130577   present: 1093   in FES: 120
** Event #195328   t=23.001319554646   Elapsed: 10.0469s (0m 10s)  4% completed  (52% total)
     Speed:     ev/sec=19686.9   simsec/sec=2.39945   ev/simsec=8204.79
     Messages:  created: 162712   present: 1094   in FES: 119
** Event #231424   t=26.442585338623   Elapsed: 12.0475s (0m 12s)  5% completed  (52% total)
     Speed:     ev/sec=18042.4   simsec/sec=1.7201   ev/simsec=10489.2
     Messages:  created: 192099   present: 1052   in FES: 105
** Event #265472   t=30.150319464096   Elapsed: 14.0585s (0m 14s)  6% completed  (53% total)
     Speed:     ev/sec=16931.2   simsec/sec=1.84376   ev/simsec=9182.97
     Messages:  created: 219979   present: 1108   in FES: 123
** Event #297728   t=34.043275699839   Elapsed: 16.0592s (0m 16s)  6% completed  (53% total)
     Speed:     ev/sec=16122.2   simsec/sec=1.94578   ev/simsec=8285.73
     Messages:  created: 246333   present: 1118   in FES: 126
** Event #335616   t=38.144066819312   Elapsed: 18.0598s (0m 18s)  7% completed  (53% total)
     Speed:     ev/sec=18938.3   simsec/sec=2.04977   ev/simsec=9239.19
     Messages:  created: 278339   present: 1068   in FES: 111
** Event #374528   t=43.030297731208   Elapsed: 20.0622s (0m 20s)  8% completed  (54% total)
     Speed:     ev/sec=19433.2   simsec/sec=2.44025   ev/simsec=7963.6
     Messages:  created: 310894   present: 1085   in FES: 116
** Event #419328   t=48.075458795851   Elapsed: 22.0682s (0m 22s)  9% completed  (54% total)
     Speed:     ev/sec=22332.7   simsec/sec=2.515   ev/simsec=8879.8
     Messages:  created: 348972   present: 1103   in FES: 126
** Event #461056   t=53.06821051506   Elapsed: 24.0695s (0m 24s)  10% completed  (55% total)
     Speed:     ev/sec=20850.1   simsec/sec=2.49472   ev/simsec=8357.72
     Messages:  created: 384485   present: 1096   in FES: 119
** Event #501504   t=57.471185796603   Elapsed: 26.0781s (0m 26s)  11% completed  (55% total)
     Speed:     ev/sec=20138.1   simsec/sec=2.19213   ev/simsec=9186.52
     Messages:  created: 418132   present: 1099   in FES: 122
** Event #536576   t=61.42254798416   Elapsed: 28.0942s (0m 28s)  12% completed  (56% total)
     Speed:     ev/sec=17395.6   simsec/sec=1.95987   ev/simsec=8875.93
     Messages:  created: 447138   present: 1097   in FES: 126
** Event #574976   t=66.04795739355   Elapsed: 30.0963s (0m 30s)  13% completed  (56% total)
     Speed:     ev/sec=19179.7   simsec/sec=2.31026   ev/simsec=8301.97
     Messages:  created: 479088   present: 1039   in FES: 98
** Event #613120   t=70.110621275843   Elapsed: 32.1s (0m 32s)  14% completed  (57% total)
     Speed:     ev/sec=19036.6   simsec/sec=2.02756   ev/simsec=9388.91
     Messages:  created: 510885   present: 1099   in FES: 122
** Event #649472   t=74.173351379786   Elapsed: 34.1192s (0m 34s)  14% completed  (57% total)
     Speed:     ev/sec=18003.2   simsec/sec=2.01205   ev/simsec=8947.68
     Messages:  created: 540912   present: 1099   in FES: 122
** Event #683264   t=78.08338842357   Elapsed: 36.1203s (0m 36s)  15% completed  (57% total)
     Speed:     ev/sec=16886.7   simsec/sec=1.95394   ev/simsec=8642.37
     Messages:  created: 568803   present: 1110   in FES: 123
** Event #721664   t=82.442875901604   Elapsed: 38.1258s (0m 38s)  16% completed  (58% total)
     Speed:     ev/sec=19147.7   simsec/sec=2.1738   ev/simsec=8808.37
     Messages:  created: 601043   present: 1079   in FES: 114
** Event #764160   t=87.434975812829   Elapsed: 40.1422s (0m 40s)  17% completed  (58% total)
     Speed:     ev/sec=21075   simsec/sec=2.47573   ev/simsec=8512.65
     Messages:  created: 636873   present: 1083   in FES: 116
** Event #803072   t=92.083390087902   Elapsed: 42.1474s (0m 42s)  18% completed  (59% total)
     Speed:     ev/sec=19406   simsec/sec=2.31823   ev/simsec=8371.03
     Messages:  created: 669960   present: 1154   in FES: 136
** Event #841472   t=96.471189848026   Elapsed: 44.1575s (0m 44s)  19% completed  (59% total)
     Speed:     ev/sec=19103.4   simsec/sec=2.18287   ev/simsec=8751.54
     Messages:  created: 702254   present: 1080   in FES: 115
** Event #880896   t=100.713871360448   Elapsed: 46.1622s (0m 46s)  20% completed  (60% total)
     Speed:     ev/sec=19665.6   simsec/sec=2.11635   ev/simsec=9292.24
     Messages:  created: 737329   present: 1080   in FES: 114
** Event #928768   t=103.187304125672   Elapsed: 48.1774s (0m 48s)  20% completed  (60% total)
     Speed:     ev/sec=23755.8   simsec/sec=1.2274   ev/simsec=19354.5
     Messages:  created: 789822   present: 1101   in FES: 126
** Event #972288   t=105.959262678504   Elapsed: 50.1791s (0m 50s)  21% completed  (60% total)
     Speed:     ev/sec=21741.7   simsec/sec=1.38482   ev/simsec=15700.1
     Messages:  created: 838130   present: 1096   in FES: 127
** Event #1017088   t=108.150299547064   Elapsed: 52.1842s (0m 52s)  21% completed  (60% total)
     Speed:     ev/sec=22342.9   simsec/sec=1.09272   ev/simsec=20446.9
     Messages:  created: 885704   present: 1102   in FES: 121
** Event #1060608   t=110.442816249427   Elapsed: 54.1943s (0m 54s)  22% completed  (61% total)
     Speed:     ev/sec=21650.4   simsec/sec=1.14048   ev/simsec=18983.5
     Messages:  created: 933132   present: 1115   in FES: 123
** Event #1103360   t=112.767522675596   Elapsed: 56.3159s (0m 56s)  22% completed  (61% total)
     Speed:     ev/sec=20150.5   simsec/sec=1.09572   ev/simsec=18390.3
     Messages:  created: 980187   present: 1043   in FES: 115
** Event #1153024   t=115.173342850492   Elapsed: 58.3173s (0m 58s)  23% completed  (61% total)
     Speed:     ev/sec=24815.1   simsec/sec=1.20209   ev/simsec=20643.3
     Messages:  created: 1034083   present: 1114   in FES: 124
** Event #1203968   t=117.947185651382   Elapsed: 60.3182s (1m 00s)  23% completed  (61% total)
     Speed:     ev/sec=25460.2   simsec/sec=1.38628   ev/simsec=18365.9
     Messages:  created: 1090555   present: 1089   in FES: 128
** Event #1253632   t=120.4359484485   Elapsed: 62.3233s (1m 02s)  24% completed  (62% total)
     Speed:     ev/sec=24769.4   simsec/sec=1.24125   ev/simsec=19955.3
     Messages:  created: 1143658   present: 1040   in FES: 99
** Event #1296896   t=123.074021637531   Elapsed: 64.326s (1m 04s)  24% completed  (62% total)
     Speed:     ev/sec=21603   simsec/sec=1.31727   ev/simsec=16399.8
     Messages:  created: 1189923   present: 1027   in FES: 98
** Event #1333248   t=125.150205674544   Elapsed: 66.3413s (1m 06s)  25% completed  (62% total)
     Speed:     ev/sec=18038.1   simsec/sec=1.03022   ev/simsec=17509
     Messages:  created: 1228468   present: 1093   in FES: 126
** Event #1372928   t=127.515726315462   Elapsed: 68.3448s (1m 08s)  25% completed  (62% total)
     Speed:     ev/sec=19804.9   simsec/sec=1.18067   ev/simsec=16774.3
     Messages:  created: 1270782   present: 1024   in FES: 105
** Event #1419776   t=130.083875125092   Elapsed: 70.3542s (1m 10s)  26% completed  (63% total)
     Speed:     ev/sec=23314.1   simsec/sec=1.27805   ev/simsec=18241.9
     Messages:  created: 1322192   present: 1087   in FES: 112
** Event #1468928   t=133.087472184634   Elapsed: 72.3592s (1m 12s)  26% completed  (63% total)
     Speed:     ev/sec=24515.2   simsec/sec=1.49808   ev/simsec=16364.4
     Messages:  created: 1376090   present: 1094   in FES: 126
** Event #1517824   t=136.173336146179   Elapsed: 74.3616s (1m 14s)  27% completed  (63% total)
     Speed:     ev/sec=24418.5   simsec/sec=1.54107   ev/simsec=15845.2
     Messages:  created: 1428887   present: 1086   in FES: 115
** Event #1562624   t=139.075909918555   Elapsed: 76.3657s (1m 16s)  27% completed  (63% total)
     Speed:     ev/sec=22354.5   simsec/sec=1.44834   ev/simsec=15434.6
     Messages:  created: 1477261   present: 1115   in FES: 127
** Event #1600768   t=141.4982001403   Elapsed: 78.3663s (1m 18s)  28% completed  (64% total)
     Speed:     ev/sec=19066.2   simsec/sec=1.21077   ev/simsec=15747.1
     Messages:  created: 1517302   present: 1023   in FES: 96
** Event #1642240   t=144.196315785103   Elapsed: 80.3768s (1m 20s)  28% completed  (64% total)
     Speed:     ev/sec=20627.6   simsec/sec=1.342   ev/simsec=15370.7
     Messages:  created: 1560113   present: 1102   in FES: 123
** Event #1678848   t=147.010037288407   Elapsed: 82.3878s (1m 22s)  29% completed  (64% total)
     Speed:     ev/sec=18204.3   simsec/sec=1.3992   ev/simsec=13010.5
     Messages:  created: 1597539   present: 1090   in FES: 117
** Event #1716224   t=149.214432487647   Elapsed: 84.4008s (1m 24s)  29% completed  (64% total)
     Speed:     ev/sec=18566.5   simsec/sec=1.09503   ev/simsec=16955.2
     Messages:  created: 1633642   present: 1031   in FES: 98
** Event #1748736   t=151.489312977367   Elapsed: 86.405s (1m 26s)  30% completed  (65% total)
     Speed:     ev/sec=16222.5   simsec/sec=1.1351   ev/simsec=14291.7
     Messages:  created: 1665004   present: 1066   in FES: 111
** Event #1785856   t=154.076787697935   Elapsed: 88.4139s (1m 28s)  30% completed  (65% total)
     Speed:     ev/sec=18477.7   simsec/sec=1.288   ev/simsec=14346
     Messages:  created: 1700671   present: 1081   in FES: 114
** Event #1818880   t=156.313191118807   Elapsed: 90.4439s (1m 30s)  31% completed  (65% total)
     Speed:     ev/sec=16267.8   simsec/sec=1.10167   ev/simsec=14766.6
     Messages:  created: 1731280   present: 1062   in FES: 109
** Event #1849344   t=158.419365632115   Elapsed: 92.4571s (1m 32s)  31% completed  (65% total)
     Speed:     ev/sec=15131.9   simsec/sec=1.04617   ev/simsec=14464.1
     Messages:  created: 1759538   present: 1063   in FES: 108
** Event #1880064   t=160.442114828686   Elapsed: 94.4695s (1m 34s)  32% completed  (66% total)
     Speed:     ev/sec=15265.5   simsec/sec=1.00515   ev/simsec=15187.3
     Messages:  created: 1788743   present: 1097   in FES: 118
** Event #1910784   t=162.489327830008   Elapsed: 96.473s (1m 36s)  32% completed  (66% total)
     Speed:     ev/sec=15333.5   simsec/sec=1.02184   ev/simsec=15005.8
     Messages:  created: 1818111   present: 1102   in FES: 123
** Event #1945088   t=165.032652955327   Elapsed: 98.4884s (1m 38s)  33% completed  (66% total)
     Speed:     ev/sec=17020.7   simsec/sec=1.26193   ev/simsec=13487.9
     Messages:  created: 1851709   present: 1071   in FES: 112
** Event #1980416   t=167.196965291349   Elapsed: 100.493s (1m 40s)  33% completed  (66% total)
     Speed:     ev/sec=17620.8   simsec/sec=1.07951   ev/simsec=16323
     Messages:  created: 1885919   present: 1113   in FES: 126
** Event #2023680   t=169.94866585815   Elapsed: 102.5s (1m 42s)  33% completed  (66% total)
     Speed:     ev/sec=21557.7   simsec/sec=1.37112   ev/simsec=15722.6
     Messages:  created: 1932018   present: 1101   in FES: 128
** Event #2058496   t=172.00134794799   Elapsed: 104.505s (1m 44s)  34% completed  (67% total)
     Speed:     ev/sec=17369.4   simsec/sec=1.02406   ev/simsec=16961.2
     Messages:  created: 1968123   present: 1052   in FES: 105
** Event #2099968   t=174.214416141379   Elapsed: 106.511s (1m 46s)  34% completed  (67% total)
     Speed:     ev/sec=20672.1   simsec/sec=1.10312   ev/simsec=18739.6
     Messages:  created: 2010094   present: 1080   in FES: 113
** Event #2138880   t=176.515726728455   Elapsed: 108.52s (1m 48s)  35% completed  (67% total)
     Speed:     ev/sec=19362.9   simsec/sec=1.14515   ev/simsec=16908.6
     Messages:  created: 2050723   present: 1114   in FES: 136
** Event #2182400   t=179.214411632834   Elapsed: 110.522s (1m 50s)  35% completed  (67% total)
     Speed:     ev/sec=21740.6   simsec/sec=1.34814   ev/simsec=16126.4
     Messages:  created: 2095715   present: 1097   in FES: 120
** Event #2221568   t=182.00034770595   Elapsed: 112.524s (1m 52s)  36% completed  (68% total)
     Speed:     ev/sec=19570.5   simsec/sec=1.39201   ev/simsec=14059.2
     Messages:  created: 2137122   present: 1094   in FES: 119
** Event #2261760   t=184.265461430657   Elapsed: 114.526s (1m 54s)  36% completed  (68% total)
     Speed:     ev/sec=20070.8   simsec/sec=1.13113   ev/simsec=17743.9
     Messages:  created: 2177621   present: 1108   in FES: 127
** Event #2300160   t=186.920885040701   Elapsed: 116.527s (1m 56s)  37% completed  (68% total)
     Speed:     ev/sec=19188.6   simsec/sec=1.32692   ev/simsec=14461
     Messages:  created: 2217876   present: 1116   in FES: 147
** Event #2339328   t=189.170403715514   Elapsed: 118.533s (1m 58s)  37% completed  (68% total)
     Speed:     ev/sec=19529.4   simsec/sec=1.12163   ev/simsec=17411.7
     Messages:  created: 2257871   present: 1098   in FES: 146
** Event #2383872   t=191.954974619489   Elapsed: 120.534s (2m 00s)  38% completed  (69% total)
     Speed:     ev/sec=22255.1   simsec/sec=1.39123   ev/simsec=15996.7
     Messages:  created: 2306561   present: 1135   in FES: 118
** Event #2429696   t=194.214396079147   Elapsed: 122.549s (2m 02s)  38% completed  (69% total)
     Speed:     ev/sec=22741.5   simsec/sec=1.1213   ev/simsec=20281.3
     Messages:  created: 2355152   present: 1088   in FES: 117
** Event #2471168   t=197.018169110259   Elapsed: 124.553s (2m 04s)  39% completed  (69% total)
     Speed:     ev/sec=20697.6   simsec/sec=1.39929   ev/simsec=14791.5
     Messages:  created: 2399183   present: 1115   in FES: 149
** Event #2511104   t=199.198720297021   Elapsed: 126.564s (2m 06s)  39% completed  (69% total)
     Speed:     ev/sec=19862.1   simsec/sec=1.0845   ev/simsec=18314.6
     Messages:  created: 2439353   present: 1097   in FES: 126
** Event #2546688   t=201.358926403563   Elapsed: 128.578s (2m 08s)  40% completed  (70% total)
     Speed:     ev/sec=17662.4   simsec/sec=1.07223   ev/simsec=16472.5
     Messages:  created: 2475924   present: 1087   in FES: 126
** Event #2584064   t=203.701389660927   Elapsed: 130.58s (2m 10s)  40% completed  (70% total)
     Speed:     ev/sec=18675.6   simsec/sec=1.17045   ev/simsec=15955.9
     Messages:  created: 2514485   present: 1118   in FES: 127
** Event #2622720   t=206.099741982396   Elapsed: 132.589s (2m 12s)  41% completed  (70% total)
     Speed:     ev/sec=19240.7   simsec/sec=1.19376   ev/simsec=16117.7
     Messages:  created: 2553647   present: 1077   in FES: 114
** Event #2662656   t=209.010037378383   Elapsed: 134.605s (2m 14s)  41% completed  (70% total)
     Speed:     ev/sec=19811.4   simsec/sec=1.44373   ev/simsec=13722.3
     Messages:  created: 2595626   present: 1078   in FES: 113
** Event #2704896   t=211.471206760703   Elapsed: 136.608s (2m 16s)  42% completed  (71% total)
     Speed:     ev/sec=21081.1   simsec/sec=1.22832   ev/simsec=17162.6
     Messages:  created: 2639000   present: 1051   in FES: 106
** Event #2750720   t=214.222184622771   Elapsed: 138.609s (2m 18s)  42% completed  (71% total)
     Speed:     ev/sec=22906.2   simsec/sec=1.37514   ev/simsec=16657.3
     Messages:  created: 2687932   present: 1085   in FES: 127
** Event #2789120   t=217.015682463015   Elapsed: 140.618s (2m 20s)  43% completed  (71% total)
     Speed:     ev/sec=19113.3   simsec/sec=1.39044   ev/simsec=13746.2
     Messages:  created: 2729049   present: 1096   in FES: 127
** Event #2828800   t=219.442106088055   Elapsed: 142.619s (2m 22s)  43% completed  (71% total)
     Speed:     ev/sec=19830.9   simsec/sec=1.21266   ev/simsec=16353.3
     Messages:  created: 2769621   present: 1116   in FES: 125
** Event #2870272   t=222.197186321804   Elapsed: 144.619s (2m 24s)  44% completed  (72% total)
     Speed:     ev/sec=20731.1   simsec/sec=1.37722   ev/simsec=15052.9
     Messages:  created: 2812548   present: 1082   in FES: 127
** Event #2916864   t=225.047116414585   Elapsed: 146.62s (2m 26s)  45% completed  (72% total)
     Speed:     ev/sec=23288.4   simsec/sec=1.4245   ev/simsec=16348.5
     Messages:  created: 2863250   present: 1074   in FES: 109
** Event #2963968   t=228.076732988112   Elapsed: 148.629s (2m 28s)  45% completed  (72% total)
     Speed:     ev/sec=23442.8   simsec/sec=1.50778   ev/simsec=15547.8
     Messages:  created: 2912829   present: 1098   in FES: 126
** Event #3010304   t=231.197229709604   Elapsed: 150.65s (2m 30s)  46% completed  (73% total)
     Speed:     ev/sec=22933.5   simsec/sec=1.54446   ev/simsec=14848.9
     Messages:  created: 2961083   present: 1117   in FES: 134
** Event #3052800   t=234.057940535779   Elapsed: 152.65s (2m 32s)  46% completed  (73% total)
     Speed:     ev/sec=21242.5   simsec/sec=1.42998   ev/simsec=14855
     Messages:  created: 3006360   present: 1105   in FES: 122
** Event #3093504   t=236.435211170665   Elapsed: 154.653s (2m 34s)  47% completed  (73% total)
     Speed:     ev/sec=20324.4   simsec/sec=1.18702   ev/simsec=17122.2
     Messages:  created: 3048930   present: 1105   in FES: 127
** Event #3135744   t=239.028561537288   Elapsed: 156.654s (2m 36s)  47% completed  (73% total)
     Speed:     ev/sec=21112.6   simsec/sec=1.29622   ev/simsec=16287.8
     Messages:  created: 3095138   present: 1162   in FES: 128
** Event #3177472   t=241.150282105368   Elapsed: 158.669s (2m 38s)  48% completed  (74% total)
     Speed:     ev/sec=20707   simsec/sec=1.05288   ev/simsec=19667.1
     Messages:  created: 3139257   present: 1038   in FES: 99
** Event #3217920   t=243.919829515822   Elapsed: 160.673s (2m 40s)  48% completed  (74% total)
     Speed:     ev/sec=20182.8   simsec/sec=1.38195   ev/simsec=14604.6
     Messages:  created: 3182994   present: 1101   in FES: 151
** Event #3259648   t=246.359033847788   Elapsed: 162.88s (2m 42s)  49% completed  (74% total)
     Speed:     ev/sec=18906.9   simsec/sec=1.1052   ev/simsec=17107.2
     Messages:  created: 3226455   present: 1044   in FES: 103
** Event #3305984   t=249.147462548438   Elapsed: 164.897s (2m 44s)  49% completed  (74% total)
     Speed:     ev/sec=22975.9   simsec/sec=1.38265   ev/simsec=16617.2
     Messages:  created: 3276361   present: 1106   in FES: 123
** Event #3350528   t=251.51572647996   Elapsed: 166.905s (2m 46s)  50% completed  (75% total)
     Speed:     ev/sec=22180.9   simsec/sec=1.17929   ev/simsec=18808.7
     Messages:  created: 3325239   present: 1115   in FES: 142
** Event #3400192   t=254.169365606342   Elapsed: 168.917s (2m 48s)  50% completed  (75% total)
     Speed:     ev/sec=24683.1   simsec/sec=1.31886   ev/simsec=18715.4
     Messages:  created: 3379364   present: 1068   in FES: 111
** Event #3451648   t=257.055240863512   Elapsed: 170.917s (2m 50s)  51% completed  (75% total)
     Speed:     ev/sec=25726   simsec/sec=1.44282   ev/simsec=17830.3
     Messages:  created: 3437103   present: 1108   in FES: 126
** Event #3493632   t=259.489216001925   Elapsed: 172.921s (2m 52s)  51% completed  (75% total)
     Speed:     ev/sec=20948.5   simsec/sec=1.21447   ev/simsec=17249.1
     Messages:  created: 3482292   present: 1108   in FES: 126
** Event #3536128   t=262.21089784585   Elapsed: 174.928s (2m 54s)  52% completed  (76% total)
     Speed:     ev/sec=21180.2   simsec/sec=1.3565   ev/simsec=15613.9
     Messages:  created: 3527544   present: 1062   in FES: 109
** Event #3580160   t=265.141200366459   Elapsed: 176.928s (2m 56s)  53% completed  (76% total)
     Speed:     ev/sec=22014.2   simsec/sec=1.46503   ev/simsec=15026.4
     Messages:  created: 3573948   present: 1111   in FES: 126
** Event #3621888   t=268.0156940821   Elapsed: 178.928s (2m 58s)  53% completed  (76% total)
     Speed:     ev/sec=20862.9   simsec/sec=1.43717   ev/simsec=14516.6
     Messages:  created: 3618567   present: 1105   in FES: 141
** Event #3663104   t=270.411355751375   Elapsed: 180.948s (3m 00s)  54% completed  (77% total)
     Speed:     ev/sec=20398.8   simsec/sec=1.18567   ev/simsec=17204.4
     Messages:  created: 3660882   present: 1102   in FES: 123
** Event #3707904   t=273.075265427459   Elapsed: 182.961s (3m 02s)  54% completed  (77% total)
     Speed:     ev/sec=22260.2   simsec/sec=1.32364   ev/simsec=16817.4
     Messages:  created: 3707884   present: 1115   in FES: 126
** Event #3748608   t=275.185210485882   Elapsed: 184.965s (3m 04s)  55% completed  (77% total)
     Speed:     ev/sec=20315.1   simsec/sec=1.05306   ev/simsec=19291.5
     Messages:  created: 3750402   present: 1115   in FES: 129
** Event #3788800   t=277.420048370891   Elapsed: 186.973s (3m 06s)  55% completed  (77% total)
     Speed:     ev/sec=20016.4   simsec/sec=1.11299   ev/simsec=17984.3
     Messages:  created: 3792916   present: 1110   in FES: 150
** Event #3834112   t=280.197655357891   Elapsed: 188.975s (3m 08s)  56% completed  (78% total)
     Speed:     ev/sec=22625.7   simsec/sec=1.38695   ev/simsec=16313.3
     Messages:  created: 3839863   present: 1114   in FES: 149
** Event #3872512   t=282.767532665069   Elapsed: 190.978s (3m 10s)  56% completed  (78% total)
     Speed:     ev/sec=19177.9   simsec/sec=1.28346   ev/simsec=14942.3
     Messages:  created: 3880053   present: 1105   in FES: 148
** Event #3916800   t=285.265461031369   Elapsed: 192.993s (3m 12s)  57% completed  (78% total)
     Speed:     ev/sec=21972.9   simsec/sec=1.23931   ev/simsec=17729.9
     Messages:  created: 3925688   present: 1088   in FES: 126
** Event #3961600   t=288.045877589187   Elapsed: 195s (3m 14s)  57% completed  (78% total)
     Speed:     ev/sec=22324.5   simsec/sec=1.38552   ev/simsec=16112.7
     Messages:  created: 3973393   present: 1118   in FES: 128
** Event #3996928   t=290.066771453179   Elapsed: 197.005s (3m 17s)  58% completed  (79% total)
     Speed:     ev/sec=17620   simsec/sec=1.00793   ev/simsec=17481.4
     Messages:  created: 4010870   present: 1081   in FES: 114
** Event #4038400   t=292.442565417915   Elapsed: 199.023s (3m 19s)  58% completed  (79% total)
     Speed:     ev/sec=20546.3   simsec/sec=1.17703   ev/simsec=17456.1
     Messages:  created: 4054605   present: 1077   in FES: 112
** Event #4082176   t=295.075318793228   Elapsed: 201.024s (3m 21s)  59% completed  (79% total)
     Speed:     ev/sec=21883.6   simsec/sec=1.31611   ev/simsec=16627.5
     Messages:  created: 4101318   present: 1077   in FES: 112
** Event #4120576   t=297.411348203226   Elapsed: 203.034s (3m 23s)  59% completed  (79% total)
     Speed:     ev/sec=19106.7   simsec/sec=1.16234   ev/simsec=16438.1
     Messages:  created: 4141271   present: 1075   in FES: 114
** Event #4164864   t=300.185211882046   Elapsed: 205.047s (3m 25s)  60% completed  (80% total)
     Speed:     ev/sec=21992.7   simsec/sec=1.37745   ev/simsec=15966.2
     Messages:  created: 4186872   present: 1088   in FES: 127
** Event #4203264   t=302.69788636407   Elapsed: 207.048s (3m 27s)  60% completed  (80% total)
     Speed:     ev/sec=19196.4   simsec/sec=1.2561   ev/simsec=15282.5
     Messages:  created: 4227190   present: 1118   in FES: 134
** Event #4242688   t=305.144081797741   Elapsed: 209.065s (3m 29s)  61% completed  (80% total)
     Speed:     ev/sec=19538.2   simsec/sec=1.21232   ev/simsec=16116.5
     Messages:  created: 4267707   present: 1101   in FES: 122
** Event #4282112   t=307.919717859492   Elapsed: 211.067s (3m 31s)  61% completed  (80% total)
     Speed:     ev/sec=19696.3   simsec/sec=1.38671   ev/simsec=14203.6
     Messages:  created: 4309662   present: 1069   in FES: 128
** Event #4322560   t=310.489215774013   Elapsed: 213.074s (3m 33s)  62% completed  (81% total)
     Speed:     ev/sec=20157.3   simsec/sec=1.28051   ev/simsec=15741.6
     Messages:  created: 4350402   present: 1106   in FES: 126
** Event #4362240   t=313.343112777177   Elapsed: 215.081s (3m 35s)  62% completed  (81% total)
     Speed:     ev/sec=19766.8   simsec/sec=1.42169   ev/simsec=13903.8
     Messages:  created: 4390728   present: 1101   in FES: 126
** Event #4402688   t=316.206056540053   Elapsed: 217.089s (3m 37s)  63% completed  (81% total)
     Speed:     ev/sec=20148.4   simsec/sec=1.42612   ev/simsec=14128.1
     Messages:  created: 4432008   present: 1091   in FES: 116
** Event #4442368   t=319.086789496302   Elapsed: 219.101s (3m 39s)  63% completed  (81% total)
     Speed:     ev/sec=19720.2   simsec/sec=1.43167   ev/simsec=13774.3
     Messages:  created: 4472186   present: 1029   in FES: 96
** Event #4480000   t=322.001233972426   Elapsed: 221.104s (3m 41s)  64% completed  (82% total)
     Speed:     ev/sec=18789.4   simsec/sec=1.45516   ev/simsec=12912.2
     Messages:  created: 4510843   present: 1096   in FES: 126
** Event #4515072   t=324.197230840553   Elapsed: 223.111s (3m 43s)  64% completed  (82% total)
     Speed:     ev/sec=17473.1   simsec/sec=1.09406   ev/simsec=15970.9
     Messages:  created: 4545714   present: 1104   in FES: 123
** Event #4557568   t=327.184990433391   Elapsed: 225.114s (3m 45s)  65% completed  (82% total)
     Speed:     ev/sec=21216.1   simsec/sec=1.49164   ev/simsec=14223.4
     Messages:  created: 4589089   present: 1100   in FES: 126
** Event #4602112   t=330.147479424061   Elapsed: 227.116s (3m 47s)  66% completed  (83% total)
     Speed:     ev/sec=22247.5   simsec/sec=1.47962   ev/simsec=15036
     Messages:  created: 4634836   present: 1073   in FES: 112
** Event #4647424   t=333.267299332196   Elapsed: 229.117s (3m 49s)  66% completed  (83% total)
     Speed:     ev/sec=22644.5   simsec/sec=1.55912   ev/simsec=14523.9
     Messages:  created: 4681561   present: 1104   in FES: 126
** Event #4689664   t=336.087471452286   Elapsed: 231.131s (3m 51s)  67% completed  (83% total)
     Speed:     ev/sec=20973.9   simsec/sec=1.40033   ev/simsec=14977.8
     Messages:  created: 4725539   present: 1030   in FES: 97
** Event #4731136   t=339.01003667862   Elapsed: 233.153s (3m 53s)  67% completed  (83% total)
     Speed:     ev/sec=20510   simsec/sec=1.44535   ev/simsec=14190.3
     Messages:  created: 4769901   present: 1105   in FES: 122
** Event #4771840   t=341.057941546164   Elapsed: 235.156s (3m 55s)  68% completed  (84% total)
     Speed:     ev/sec=20325   simsec/sec=1.0226   ev/simsec=19875.9
     Messages:  created: 4814418   present: 1069   in FES: 110
** Event #4813568   t=344.030297824589   Elapsed: 237.159s (3m 57s)  68% completed  (84% total)
     Speed:     ev/sec=20824.9   simsec/sec=1.4834   ev/simsec=14038.7
     Messages:  created: 4858016   present: 1085   in FES: 116
** Event #4858112   t=347.022019262177   Elapsed: 239.171s (3m 59s)  69% completed  (84% total)
     Speed:     ev/sec=22137.8   simsec/sec=1.48684   ev/simsec=14889.1
     Messages:  created: 4904405   present: 1124   in FES: 125
** Event #4901376   t=349.515728340817   Elapsed: 241.193s (4m 01s)  69% completed  (84% total)
     Speed:     ev/sec=21399.2   simsec/sec=1.23343   ev/simsec=17349.3
     Messages:  created: 4948944   present: 1073   in FES: 112
** Event #4946432   t=352.210799704933   Elapsed: 243.206s (4m 03s)  70% completed  (85% total)
     Speed:     ev/sec=22389.3   simsec/sec=1.33924   ev/simsec=16717.9
     Messages:  created: 4996682   present: 1093   in FES: 126
** Event #4986112   t=355.043329122399   Elapsed: 245.21s (4m 05s)  71% completed  (85% total)
     Speed:     ev/sec=19796.5   simsec/sec=1.41316   ev/simsec=14008.7
     Messages:  created: 5038360   present: 1052   in FES: 103
** Event #5026816   t=357.44754372785   Elapsed: 247.219s (4m 07s)  71% completed  (85% total)
     Speed:     ev/sec=20257.2   simsec/sec=1.19651   ev/simsec=16930.3
     Messages:  created: 5080882   present: 1088   in FES: 126
** Event #5070080   t=360.213647799282   Elapsed: 249.223s (4m 09s)  72% completed  (86% total)
     Speed:     ev/sec=21595.3   simsec/sec=1.3807   ev/simsec=15640.8
     Messages:  created: 5127070   present: 1028   in FES: 97
** Event #5116928   t=363.169364211283   Elapsed: 251.225s (4m 11s)  72% completed  (86% total)
     Speed:     ev/sec=23400.7   simsec/sec=1.47639   ev/simsec=15850
     Messages:  created: 5177042   present: 1024   in FES: 102
** Event #5161984   t=366.043328609946   Elapsed: 253.232s (4m 13s)  73% completed  (86% total)
     Speed:     ev/sec=22442.2   simsec/sec=1.43151   ev/simsec=15677.3
     Messages:  created: 5226234   present: 1064   in FES: 107
** Event #5203200   t=369.000063252339   Elapsed: 255.233s (4m 15s)  73% completed  (86% total)
     Speed:     ev/sec=20605.9   simsec/sec=1.47822   ev/simsec=13939.7
     Messages:  created: 5269545   present: 1090   in FES: 119
** Event #5242368   t=371.359028000423   Elapsed: 257.242s (4m 17s)  74% completed  (87% total)
     Speed:     ev/sec=19496.1   simsec/sec=1.17419   ev/simsec=16603.9
     Messages:  created: 5309764   present: 1108   in FES: 125
** Event #5283584   t=374.185989652016   Elapsed: 259.245s (4m 19s)  74% completed  (87% total)
     Speed:     ev/sec=20576.7   simsec/sec=1.41133   ev/simsec=14579.6
     Messages:  created: 5352658   present: 1068   in FES: 127
** Event #5329408   t=377.414486616786   Elapsed: 261.266s (4m 21s)  75% completed  (87% total)
     Speed:     ev/sec=22668.9   simsec/sec=1.59712   ev/simsec=14193.6
     Messages:  created: 5400071   present: 1086   in FES: 117
** Event #5373696   t=380.210886277754   Elapsed: 263.274s (4m 23s)  76% completed  (88% total)
     Speed:     ev/sec=22054.9   simsec/sec=1.39257   ev/simsec=15837.5
     Messages:  created: 5446870   present: 1064   in FES: 109
** Event #5417216   t=383.196223376377   Elapsed: 265.28s (4m 25s)  76% completed  (88% total)
     Speed:     ev/sec=21701.9   simsec/sec=1.48868   ev/simsec=14577.9
     Messages:  created: 5492511   present: 1104   in FES: 126
** Event #5457920   t=386.06677169725   Elapsed: 267.283s (4m 27s)  77% completed  (88% total)
     Speed:     ev/sec=20313.6   simsec/sec=1.43257   ev/simsec=14179.9
     Messages:  created: 5535367   present: 1081   in FES: 114
** Event #5492736   t=388.214408323292   Elapsed: 269.289s (4m 29s)  77% completed  (88% total)
     Speed:     ev/sec=17361.4   simsec/sec=1.07095   ev/simsec=16211.3
     Messages:  created: 5571025   present: 1067   in FES: 110
** Event #5533440   t=391.057392140126   Elapsed: 271.298s (4m 31s)  78% completed  (89% total)
     Speed:     ev/sec=20254   simsec/sec=1.41465   ev/simsec=14317.4
     Messages:  created: 5613398   present: 1097   in FES: 126
** Event #5571328   t=393.214428529438   Elapsed: 273.326s (4m 33s)  78% completed  (89% total)
     Speed:     ev/sec=18687.9   simsec/sec=1.06394   ev/simsec=17564.8
     Messages:  created: 5651522   present: 1034   in FES: 99
** Event #5613312   t=395.936584891943   Elapsed: 275.328s (4m 35s)  79% completed  (89% total)
     Speed:     ev/sec=20970.5   simsec/sec=1.35969   ev/simsec=15423.1
     Messages:  created: 5696670   present: 1086   in FES: 127
** Event #5655552   t=398.147372232634   Elapsed: 277.346s (4m 37s)  79% completed  (89% total)
     Speed:     ev/sec=20931   simsec/sec=1.0955   ev/simsec=19106.3
     Messages:  created: 5740089   present: 1029   in FES: 98
** Event #5693696   t=400.215188038732   Elapsed: 279.363s (4m 39s)  80% completed  (90% total)
     Speed:     ev/sec=18909.1   simsec/sec=1.02508   ev/simsec=18446.5
     Messages:  created: 5779535   present: 1070   in FES: 110
** Event #5727232   t=402.097650816019   Elapsed: 281.367s (4m 41s)  80% completed  (90% total)
     Speed:     ev/sec=16739.2   simsec/sec=0.939614   ev/simsec=17815
     Messages:  created: 5814391   present: 1056   in FES: 107
** Event #5763328   t=404.08752701657   Elapsed: 283.377s (4m 43s)  80% completed  (90% total)
     Speed:     ev/sec=17955.5   simsec/sec=0.989841   ev/simsec=18139.8
     Messages:  created: 5851811   present: 1054   in FES: 105
** Event #5799424   t=406.110633485069   Elapsed: 285.388s (4m 45s)  81% completed  (90% total)
     Speed:     ev/sec=17946.1   simsec/sec=1.00584   ev/simsec=17841.9
     Messages:  created: 5889143   present: 1090   in FES: 119
** Event #5834752   t=408.150320139418   Elapsed: 287.411s (4m 47s)  81% completed  (90% total)
     Speed:     ev/sec=17464.4   simsec/sec=1.00832   ev/simsec=17320.3
     Messages:  created: 5925617   present: 1066   in FES: 109
** Event #5872640   t=410.343111042748   Elapsed: 289.421s (4m 49s)  82% completed  (91% total)
     Speed:     ev/sec=18850.8   simsec/sec=1.091   ev/simsec=17278.4
     Messages:  created: 5965213   present: 1022   in FES: 96
** Event #5914368   t=412.947231615905   Elapsed: 291.428s (4m 51s)  82% completed  (91% total)
     Speed:     ev/sec=20792.2   simsec/sec=1.29758   ev/simsec=16023.8
     Messages:  created: 6009464   present: 1046   in FES: 105
** Event #5948672   t=414.93637007435   Elapsed: 293.428s (4m 53s)  82% completed  (91% total)
     Speed:     ev/sec=17147.6   simsec/sec=0.994313   ev/simsec=17245.7
     Messages:  created: 6044952   present: 1118   in FES: 127
** Event #5986304   t=417.057390838419   Elapsed: 295.448s (4m 55s)  83% completed  (91% total)
     Speed:     ev/sec=18634.7   simsec/sec=1.05029   ev/simsec=17742.4
     Messages:  created: 6082725   present: 1026   in FES: 97
** Event #6023680   t=419.169363681222   Elapsed: 297.466s (4m 57s)  83% completed  (91% total)
     Speed:     ev/sec=18517.1   simsec/sec=1.04633   ev/simsec=17697.2
     Messages:  created: 6119564   present: 1114   in FES: 142
** Event #6059520   t=421.294792165235   Elapsed: 299.469s (4m 59s)  84% completed  (92% total)
     Speed:     ev/sec=17899.4   simsec/sec=1.06149   ev/simsec=16862.5
     Messages:  created: 6155680   present: 1098   in FES: 126
** Event #6093312   t=423.515682497675   Elapsed: 301.47s (5m 01s)  84% completed  (92% total)
     Speed:     ev/sec=16887   simsec/sec=1.10986   ev/simsec=15215.5
     Messages:  created: 6188399   present: 1094   in FES: 127
** Event #6126336   t=426.01003601191   Elapsed: 303.482s (5m 03s)  85% completed  (92% total)
     Speed:     ev/sec=16412.9   simsec/sec=1.23969   ev/simsec=13239.5
     Messages:  created: 6220526   present: 1116   in FES: 125
** Event #6159872   t=428.068210501513   Elapsed: 305.487s (5m 05s)  85% completed  (92% total)
     Speed:     ev/sec=16726.5   simsec/sec=1.02654   ev/simsec=16294.1
     Messages:  created: 6252078   present: 1097   in FES: 120
** Event #6193152   t=430.11062621431   Elapsed: 307.489s (5m 07s)  86% completed  (93% total)
     Speed:     ev/sec=16617.5   simsec/sec=1.01983   ev/simsec=16294.4
     Messages:  created: 6283660   present: 1060   in FES: 109
** Event #6227968   t=432.47121067091   Elapsed: 309.517s (5m 09s)  86% completed  (93% total)
     Speed:     ev/sec=17169.3   simsec/sec=1.1641   ev/simsec=14748.9
     Messages:  created: 6317094   present: 1033   in FES: 100
** Event #6267136   t=435.147373238037   Elapsed: 311.53s (5m 11s)  87% completed  (93% total)
     Speed:     ev/sec=19457.9   simsec/sec=1.32946   ev/simsec=14635.9
     Messages:  created: 6354487   present: 1097   in FES: 126
** Event #6299904   t=437.42265431481   Elapsed: 313.532s (5m 13s)  87% completed  (93% total)
     Speed:     ev/sec=16368.1   simsec/sec=1.13654   ev/simsec=14401.7
     Messages:  created: 6386134   present: 1063   in FES: 108
** Event #6339328   t=440.083973807838   Elapsed: 315.54s (5m 15s)  88% completed  (94% total)
     Speed:     ev/sec=19631.8   simsec/sec=1.32525   ev/simsec=14813.7
     Messages:  created: 6424825   present: 1111   in FES: 126
** Event #6373120   t=442.30913331978   Elapsed: 317.551s (5m 17s)  88% completed  (94% total)
     Speed:     ev/sec=16806.3   simsec/sec=1.10667   ev/simsec=15186.3
     Messages:  created: 6458045   present: 1077   in FES: 114
** Event #6408448   t=444.516600307915   Elapsed: 319.553s (5m 19s)  88% completed  (94% total)
     Speed:     ev/sec=17642.4   simsec/sec=1.10238   ev/simsec=16003.9
     Messages:  created: 6493583   present: 1068   in FES: 127
** Event #6441216   t=446.935256397813   Elapsed: 321.561s (5m 21s)  89% completed  (94% total)
     Speed:     ev/sec=16324.9   simsec/sec=1.20496   ev/simsec=13548
     Messages:  created: 6526817   present: 1111   in FES: 126
** Event #6477056   t=449.083534314575   Elapsed: 323.561s (5m 23s)  89% completed  (94% total)
     Speed:     ev/sec=17919.5   simsec/sec=1.07411   ev/simsec=16683.1
     Messages:  created: 6561786   present: 1071   in FES: 109
** Event #6511104   t=451.30902806703   Elapsed: 325.564s (5m 25s)  90% completed  (95% total)
     Speed:     ev/sec=16994.4   simsec/sec=1.11081   ev/simsec=15299.1
     Messages:  created: 6595563   present: 1103   in FES: 126
** Event #6545664   t=453.767299080441   Elapsed: 327.568s (5m 27s)  90% completed  (95% total)
     Speed:     ev/sec=17245.2   simsec/sec=1.22666   ev/simsec=14058.7
     Messages:  created: 6630587   present: 1111   in FES: 126
** Event #6582016   t=456.070842688361   Elapsed: 329.579s (5m 29s)  91% completed  (95% total)
     Speed:     ev/sec=18077.6   simsec/sec=1.14553   ev/simsec=15780.9
     Messages:  created: 6666151   present: 1051   in FES: 104
** Event #6616320   t=458.196222477374   Elapsed: 331.585s (5m 31s)  91% completed  (95% total)
     Speed:     ev/sec=17105.9   simsec/sec=1.05983   ev/simsec=16140.2
     Messages:  created: 6699394   present: 1098   in FES: 127
** Event #6649088   t=460.447196563412   Elapsed: 333.585s (5m 33s)  92% completed  (96% total)
     Speed:     ev/sec=16382.2   simsec/sec=1.12536   ev/simsec=14557.3
     Messages:  created: 6731781   present: 1097   in FES: 147
** Event #6681344   t=462.489316284834   Elapsed: 335.59s (5m 35s)  92% completed  (96% total)
     Speed:     ev/sec=16088.6   simsec/sec=1.01857   ev/simsec=15795.4
     Messages:  created: 6764795   present: 1093   in FES: 120
** Event #6723328   t=465.05641287054   Elapsed: 337.598s (5m 37s)  93% completed  (96% total)
     Speed:     ev/sec=20902.4   simsec/sec=1.27807   ev/simsec=16354.7
     Messages:  created: 6809419   present: 1102   in FES: 126
** Event #6772992   t=468.14746873912   Elapsed: 339.607s (5m 39s)  93% completed  (96% total)
     Speed:     ev/sec=24724.5   simsec/sec=1.53884   ev/simsec=16067
     Messages:  created: 6859856   present: 1042   in FES: 101
** Event #6816768   t=471.196319608125   Elapsed: 341.608s (5m 41s)  94% completed  (97% total)
     Speed:     ev/sec=21877   simsec/sec=1.52366   ev/simsec=14358.2
     Messages:  created: 6904452   present: 1104   in FES: 123
** Event #6857216   t=474.083676577215   Elapsed: 343.612s (5m 43s)  94% completed  (97% total)
     Speed:     ev/sec=20187.5   simsec/sec=1.44107   ev/simsec=14008.7
     Messages:  created: 6945499   present: 1102   in FES: 119
** Event #6895104   t=476.435483396547   Elapsed: 345.613s (5m 45s)  95% completed  (97% total)
     Speed:     ev/sec=18932.7   simsec/sec=1.1752   ev/simsec=16110.2
     Messages:  created: 6984921   present: 1103   in FES: 143
** Event #6937600   t=479.143969109372   Elapsed: 347.613s (5m 47s)  95% completed  (97% total)
     Speed:     ev/sec=21244.1   simsec/sec=1.35399   ev/simsec=15689.9
     Messages:  created: 7029348   present: 1106   in FES: 126
** Event #6979584   t=482.076787251268   Elapsed: 349.618s (5m 49s)  96% completed  (98% total)
     Speed:     ev/sec=20940.7   simsec/sec=1.46283   ev/simsec=14315.2
     Messages:  created: 7073230   present: 1100   in FES: 121
** Event #7023872   t=485.032637668414   Elapsed: 351.621s (5m 51s)  97% completed  (98% total)
     Speed:     ev/sec=22111.6   simsec/sec=1.47576   ev/simsec=14983.2
     Messages:  created: 7121152   present: 1040   in FES: 101
** Event #7065088   t=488.015726345359   Elapsed: 353.622s (5m 53s)  97% completed  (98% total)
     Speed:     ev/sec=20592.1   simsec/sec=1.49039   ev/simsec=13816.6
     Messages:  created: 7164189   present: 1116   in FES: 136
** Event #7107072   t=491.001234094874   Elapsed: 355.637s (5m 55s)  98% completed  (99% total)
     Speed:     ev/sec=20843.7   simsec/sec=1.48221   ev/simsec=14062.6
     Messages:  created: 7207716   present: 1106   in FES: 126
** Event #7142912   t=493.265694408828   Elapsed: 357.638s (5m 57s)  98% completed  (99% total)
     Speed:     ev/sec=17905.5   simsec/sec=1.13131   ev/simsec=15827.2
     Messages:  created: 7243985   present: 1095   in FES: 142
** Event #7187200   t=496.309126171978   Elapsed: 359.646s (5m 59s)  99% completed  (99% total)
     Speed:     ev/sec=22061.7   simsec/sec=1.51606   ev/simsec=14552
     Messages:  created: 7289619   present: 1047   in FES: 104
** Event #7240317   t=500   Elapsed: 361.603s (6m 01s)  100% completed  (100% total)
     Speed:     ev/sec=27140.8   simsec/sec=1.88589   ev/simsec=14391.5
     Messages:  created: 7345473   present: 1021   in FES: 95

<!> Simulation time limit reached -- at t=500s, event #7240317
undisposed object: (omnetpp::cMessage) FanetStressNetwork.uav[0].app.debugTimer -- check module destructor
undisposed object: (omnetpp::cMessage) FanetStressNetwork.uav[1].app.debugTimer -- check module destructor
undisposed object: (omnetpp::cMessage) FanetStressNetwork.uav[2].app.debugTimer -- check module destructor
undisposed object: (omnetpp::cMessage) FanetStressNetwork.uav[3].app.debugTimer -- check module destructor
undisposed object: (omnetpp::cMessage) FanetStressNetwork.uav[4].app.debugTimer -- check module destructor
undisposed object: (omnetpp::cMessage) FanetStressNetwork.uav[5].app.debugTimer -- check module destructor
undisposed object: (omnetpp::cMessage) FanetStressNetwork.uav[6].app.debugTimer -- check module destructor
undisposed object: (omnetpp::cMessage) FanetStressNetwork.uav[7].app.debugTimer -- check module destructor
undisposed object: (omnetpp::cMessage) FanetStressNetwork.uav[8].app.debugTimer -- check module destructor
undisposed object: (omnetpp::cMessage) FanetStressNetwork.uav[9].app.debugTimer -- check module destructor
undisposed object: (omnetpp::cMessage) FanetStressNetwork.uav[10].app.debugTimer -- check module destructor
undisposed object: (omnetpp::cMessage) FanetStressNetwork.uav[11].app.debugTimer -- check module destructor
undisposed object: (omnetpp::cMessage) FanetStressNetwork.uav[12].app.debugTimer -- check module destructor
undisposed object: (omnetpp::cMessage) FanetStressNetwork.uav[13].app.debugTimer -- check module destructor
undisposed object: (omnetpp::cMessage) FanetStressNetwork.uav[14].app.debugTimer -- check module destructor
undisposed object: (omnetpp::cMessage) FanetStressNetwork.uav[15].app.debugTimer -- check module destructor
undisposed object: (omnetpp::cMessage) FanetStressNetwork.uav[16].app.debugTimer -- check module destructor
undisposed object: (omnetpp::cMessage) FanetStressNetwork.uav[17].app.debugTimer -- check module destructor
undisposed object: (omnetpp::cMessage) FanetStressNetwork.uav[18].app.debugTimer -- check module destructor
undisposed object: (omnetpp::cMessage) FanetStressNetwork.uav[19].app.debugTimer -- check module destructor
undisposed object: (omnetpp::cMessage) FanetStressNetwork.uav[20].app.debugTimer -- check module destructor
undisposed object: (omnetpp::cMessage) FanetStressNetwork.uav[21].app.debugTimer -- check module destructor
undisposed object: (omnetpp::cMessage) FanetStressNetwork.uav[22].app.debugTimer -- check module destructor
undisposed object: (omnetpp::cMessage) FanetStressNetwork.uav[23].app.debugTimer -- check module destructor
undisposed object: (omnetpp::cMessage) FanetStressNetwork.uav[24].app.debugTimer -- check module destructor
undisposed object: (omnetpp::cMessage) FanetStressNetwork.uav[25].app.debugTimer -- check module destructor
undisposed object: (omnetpp::cMessage) FanetStressNetwork.uav[26].app.debugTimer -- check module destructor
undisposed object: (omnetpp::cMessage) FanetStressNetwork.uav[27].app.debugTimer -- check module destructor
undisposed object: (omnetpp::cMessage) FanetStressNetwork.uav[28].app.debugTimer -- check module destructor
undisposed object: (omnetpp::cMessage) FanetStressNetwork.uav[29].app.debugTimer -- check module destructor
