** Event #0   t=0   Elapsed: 2e-05s (0m 00s)  0% completed  (0% total)
     Speed:     ev/sec=0   simsec/sec=0   ev/simsec=0
     Messages:  created: 1081   present: 1081   in FES: 161
** Event #48896   t=6.430883472132   Elapsed: 2.00085s (0m 02s)  1% completed  (0% total)
     Speed:     ev/sec=24438.3   simsec/sec=3.2141   ev/simsec=7603.47
     Messages:  created: 43315   present: 1112   in FES: 125
** Event #93696   t=12.091409418537   Elapsed: 4.00861s (0m 04s)  2% completed  (1% total)
     Speed:     ev/sec=22313.4   simsec/sec=2.81932   ev/simsec=7914.46
     Messages:  created: 82394   present: 1108   in FES: 123
** Event #138752   t=18.014235385905   Elapsed: 6.01461s (0m 06s)  3% completed  (1% total)
     Speed:     ev/sec=22460.6   simsec/sec=2.95255   ev/simsec=7607.18
     Messages:  created: 121470   present: 1107   in FES: 124
** Event #180992   t=23.039293903559   Elapsed: 8.02343s (0m 08s)  4% completed  (2% total)
     Speed:     ev/sec=21027.3   simsec/sec=2.5015   ev/simsec=8405.87
     Messages:  created: 158029   present: 1047   in FES: 104
** Event #220672   t=27.375167338173   Elapsed: 10.0252s (0m 10s)  5% completed  (2% total)
     Speed:     ev/sec=19822.6   simsec/sec=2.16603   ev/simsec=9151.56
     Messages:  created: 191665   present: 1074   in FES: 113
** Event #257024   t=31.68351864348   Elapsed: 12.0333s (0m 12s)  6% completed  (3% total)
     Speed:     ev/sec=18103   simsec/sec=2.14552   ev/simsec=8437.57
     Messages:  created: 221799   present: 1021   in FES: 95
** Event #291840   t=35.394980273442   Elapsed: 14.0334s (0m 14s)  7% completed  (3% total)
     Speed:     ev/sec=17407   simsec/sec=1.85563   ev/simsec=9380.67
     Messages:  created: 250358   present: 1022   in FES: 96
** Event #328192   t=39.426216476958   Elapsed: 16.0444s (0m 16s)  7% completed  (3% total)
     Speed:     ev/sec=18076.2   simsec/sec=2.00455   ev/simsec=9017.58
     Messages:  created: 280364   present: 1046   in FES: 103
** Event #363776   t=43.403874498178   Elapsed: 18.0471s (0m 18s)  8% completed  (4% total)
     Speed:     ev/sec=17768.5   simsec/sec=1.9862   ev/simsec=8945.97
     Messages:  created: 309557   present: 1071   in FES: 112
** Event #399104   t=47.333130025615   Elapsed: 20.0556s (0m 20s)  9% completed  (4% total)
     Speed:     ev/sec=17588.5   simsec/sec=1.95623   ev/simsec=8991.02
     Messages:  created: 338364   present: 1104   in FES: 123
** Event #434176   t=51.148949152384   Elapsed: 22.0603s (0m 22s)  10% completed  (5% total)
     Speed:     ev/sec=17495.6   simsec/sec=1.90352   ev/simsec=9191.21
     Messages:  created: 367077   present: 1089   in FES: 118
** Event #471808   t=55.349915251549   Elapsed: 24.0818s (0m 24s)  11% completed  (5% total)
     Speed:     ev/sec=18615.6   simsec/sec=2.07811   ev/simsec=8957.94
     Messages:  created: 397875   present: 1089   in FES: 118
** Event #509184   t=59.430900672505   Elapsed: 26.083s (0m 26s)  11% completed  (5% total)
     Speed:     ev/sec=18676.4   simsec/sec=2.03923   ev/simsec=9158.57
     Messages:  created: 428455   present: 1079   in FES: 114
** Event #544512   t=63.343485095305   Elapsed: 28.1012s (0m 28s)  12% completed  (6% total)
     Speed:     ev/sec=17504.9   simsec/sec=1.93867   ev/simsec=9029.33
     Messages:  created: 457056   present: 1022   in FES: 96
** Event #579840   t=67.093930404699   Elapsed: 30.1153s (0m 30s)  13% completed  (6% total)
     Speed:     ev/sec=17540.3   simsec/sec=1.86209   ev/simsec=9419.68
     Messages:  created: 485307   present: 1089   in FES: 116
** Event #611072   t=70.343596202538   Elapsed: 32.1196s (0m 32s)  14% completed  (7% total)
     Speed:     ev/sec=15582.2   simsec/sec=1.62132   ev/simsec=9610.83
     Messages:  created: 510212   present: 1075   in FES: 114
** Event #643072   t=74.024510850281   Elapsed: 34.1214s (0m 34s)  14% completed  (7% total)
     Speed:     ev/sec=15985.8   simsec/sec=1.83882   ev/simsec=8693.49
     Messages:  created: 535434   present: 1044   in FES: 101
** Event #679424   t=77.375166638599   Elapsed: 36.1321s (0m 36s)  15% completed  (7% total)
     Speed:     ev/sec=18079.3   simsec/sec=1.66641   ev/simsec=10849.2
     Messages:  created: 564205   present: 1104   in FES: 123
** Event #715776   t=81.148862817721   Elapsed: 38.1415s (0m 38s)  16% completed  (8% total)
     Speed:     ev/sec=18091.5   simsec/sec=1.87808   ev/simsec=9633
     Messages:  created: 593168   present: 1092   in FES: 126
** Event #746752   t=84.430903951285   Elapsed: 40.1593s (0m 40s)  16% completed  (8% total)
     Speed:     ev/sec=15350.8   simsec/sec=1.62648   ev/simsec=9438.03
     Messages:  created: 618113   present: 1106   in FES: 123
** Event #781056   t=88.105758886217   Elapsed: 42.1659s (0m 42s)  17% completed  (8% total)
     Speed:     ev/sec=17095.5   simsec/sec=1.83137   ev/simsec=9334.79
     Messages:  created: 645660   present: 1098   in FES: 119
** Event #812288   t=91.403873601397   Elapsed: 44.1669s (0m 44s)  18% completed  (9% total)
     Speed:     ev/sec=15608.3   simsec/sec=1.64824   ev/simsec=9469.65
     Messages:  created: 670563   present: 1110   in FES: 125
** Event #845824   t=95.056969449696   Elapsed: 46.18s (0m 46s)  19% completed  (9% total)
     Speed:     ev/sec=16659   simsec/sec=1.81468   ev/simsec=9180.16
     Messages:  created: 696988   present: 1069   in FES: 108
** Event #879616   t=98.368214718332   Elapsed: 48.1861s (0m 48s)  19% completed  (9% total)
     Speed:     ev/sec=16844.4   simsec/sec=1.65057   ev/simsec=10205.2
     Messages:  created: 723790   present: 1048   in FES: 105
** Event #914176   t=101.34361160893   Elapsed: 50.2027s (0m 50s)  20% completed  (10% total)
     Speed:     ev/sec=17138   simsec/sec=1.47547   ev/simsec=11615.3
     Messages:  created: 754385   present: 1098   in FES: 121
** Event #947200   t=103.505688841446   Elapsed: 52.2149s (0m 52s)  20% completed  (10% total)
     Speed:     ev/sec=16412   simsec/sec=1.07449   ev/simsec=15274.2
     Messages:  created: 786373   present: 1105   in FES: 148
** Event #983296   t=106.059487570597   Elapsed: 54.2185s (0m 54s)  21% completed  (10% total)
     Speed:     ev/sec=18015.9   simsec/sec=1.27463   ev/simsec=14134.2
     Messages:  created: 821213   present: 1075   in FES: 110
** Event #1016832   t=108.15995342489   Elapsed: 56.2242s (0m 56s)  21% completed  (10% total)
     Speed:     ev/sec=16720.5   simsec/sec=1.04726   ev/simsec=15966
     Messages:  created: 853434   present: 1105   in FES: 122
** Event #1051904   t=110.423779203091   Elapsed: 58.2511s (0m 58s)  22% completed  (11% total)
     Speed:     ev/sec=17302.5   simsec/sec=1.11684   ev/simsec=15492.4
     Messages:  created: 887675   present: 1074   in FES: 113
** Event #1088512   t=112.781412886373   Elapsed: 60.2579s (1m 00s)  22% completed  (11% total)
     Speed:     ev/sec=18242.9   simsec/sec=1.17488   ev/simsec=15527.4
     Messages:  created: 924560   present: 1061   in FES: 127
** Event #1126912   t=115.076890838488   Elapsed: 62.2669s (1m 02s)  23% completed  (11% total)
     Speed:     ev/sec=19113.5   simsec/sec=1.14257   ev/simsec=16728.5
     Messages:  created: 962522   present: 1048   in FES: 125
** Event #1161728   t=117.326277554649   Elapsed: 64.2882s (1m 04s)  23% completed  (11% total)
     Speed:     ev/sec=17225   simsec/sec=1.11287   ev/simsec=15478
     Messages:  created: 996939   present: 1116   in FES: 140
** Event #1195520   t=119.423779704514   Elapsed: 66.2908s (1m 06s)  23% completed  (11% total)
     Speed:     ev/sec=16873.8   simsec/sec=1.04737   ev/simsec=16110.6
     Messages:  created: 1030148   present: 1046   in FES: 105
** Event #1233408   t=122.019064804337   Elapsed: 68.3029s (1m 08s)  24% completed  (12% total)
     Speed:     ev/sec=18829.8   simsec/sec=1.28982   ev/simsec=14598.8
     Messages:  created: 1069153   present: 1094   in FES: 119
** Event #1271808   t=124.10574751879   Elapsed: 70.3148s (1m 10s)  24% completed  (12% total)
     Speed:     ev/sec=19086.5   simsec/sec=1.03717   ev/simsec=18402.4
     Messages:  created: 1107086   present: 1092   in FES: 117
** Event #1308160   t=126.400375367742   Elapsed: 72.537s (1m 12s)  25% completed  (12% total)
     Speed:     ev/sec=16358.6   simsec/sec=1.0326   ev/simsec=15842.2
     Messages:  created: 1143937   present: 1094   in FES: 126
** Event #1346816   t=129.001205358856   Elapsed: 74.5435s (1m 14s)  25% completed  (12% total)
     Speed:     ev/sec=19265.1   simsec/sec=1.29618   ev/simsec=14862.9
     Messages:  created: 1184789   present: 1089   in FES: 118
** Event #1386240   t=131.148945948696   Elapsed: 76.5539s (1m 16s)  26% completed  (13% total)
     Speed:     ev/sec=19610   simsec/sec=1.06831   ev/simsec=18356
     Messages:  created: 1224783   present: 1058   in FES: 107
** Event #1425664   t=133.430814359826   Elapsed: 78.5666s (1m 18s)  26% completed  (13% total)
     Speed:     ev/sec=19587.9   simsec/sec=1.13375   ev/simsec=17277.1
     Messages:  created: 1266785   present: 1097   in FES: 126
** Event #1466880   t=136.026526210934   Elapsed: 80.5718s (1m 20s)  27% completed  (13% total)
     Speed:     ev/sec=20554.7   simsec/sec=1.2945   ev/simsec=15878.5
     Messages:  created: 1311389   present: 1107   in FES: 122
** Event #1506304   t=138.317948388415   Elapsed: 82.5744s (1m 22s)  27% completed  (13% total)
     Speed:     ev/sec=19686.1   simsec/sec=1.14421   ev/simsec=17205
     Messages:  created: 1350854   present: 1035   in FES: 100
** Event #1539840   t=140.257597607172   Elapsed: 84.6563s (1m 24s)  28% completed  (14% total)
     Speed:     ev/sec=16108.6   simsec/sec=0.931686   ev/simsec=17289.7
     Messages:  created: 1385093   present: 1039   in FES: 120
** Event #1576704   t=142.576277477334   Elapsed: 86.6572s (1m 26s)  28% completed  (14% total)
     Speed:     ev/sec=18423.7   simsec/sec=1.15881   ev/simsec=15898.7
     Messages:  created: 1422642   present: 1114   in FES: 137
** Event #1618432   t=145.333051839098   Elapsed: 88.6572s (1m 28s)  29% completed  (14% total)
     Speed:     ev/sec=20864   simsec/sec=1.37839   ev/simsec=15136.5
     Messages:  created: 1464396   present: 1099   in FES: 126
** Event #1652224   t=147.505676219955   Elapsed: 90.673s (1m 30s)  29% completed  (14% total)
     Speed:     ev/sec=16764   simsec/sec=1.07782   ev/simsec=15553.5
     Messages:  created: 1497811   present: 1099   in FES: 127
** Event #1692928   t=150.148953093618   Elapsed: 92.6873s (1m 32s)  30% completed  (15% total)
     Speed:     ev/sec=20207.4   simsec/sec=1.31225   ev/simsec=15399.1
     Messages:  created: 1538169   present: 1089   in FES: 118
** Event #1728512   t=152.378868765035   Elapsed: 94.6925s (1m 34s)  30% completed  (15% total)
     Speed:     ev/sec=17745.1   simsec/sec=1.11202   ev/simsec=15957.6
     Messages:  created: 1573495   present: 1115   in FES: 131
** Event #1767936   t=155.05552525611   Elapsed: 96.6972s (1m 36s)  31% completed  (15% total)
     Speed:     ev/sec=19665.8   simsec/sec=1.33519   ev/simsec=14728.8
     Messages:  created: 1613069   present: 1112   in FES: 124
** Event #1798656   t=157.055526117629   Elapsed: 98.6978s (1m 38s)  31% completed  (15% total)
     Speed:     ev/sec=15356   simsec/sec=0.999743   ev/simsec=15360
     Messages:  created: 1643323   present: 1078   in FES: 113
** Event #1836288   t=159.368209558976   Elapsed: 100.712s (1m 40s)  31% completed  (15% total)
     Speed:     ev/sec=18679.8   simsec/sec=1.14797   ev/simsec=16272
     Messages:  created: 1680316   present: 1105   in FES: 124
** Event #1874688   t=162.010526012252   Elapsed: 102.714s (1m 42s)  32% completed  (16% total)
     Speed:     ev/sec=19184   simsec/sec=1.32006   ev/simsec=14532.7
     Messages:  created: 1719781   present: 1108   in FES: 123
** Event #1913344   t=164.25568672317   Elapsed: 104.726s (1m 44s)  32% completed  (16% total)
     Speed:     ev/sec=19209.6   simsec/sec=1.1157   ev/simsec=17217.5
     Messages:  created: 1757797   present: 1087   in FES: 152
** Event #1950208   t=167.001205317817   Elapsed: 106.732s (1m 46s)  33% completed  (16% total)
     Speed:     ev/sec=18376.5   simsec/sec=1.36863   ev/simsec=13427
     Messages:  created: 1795486   present: 1093   in FES: 120
** Event #1990656   t=169.375190698102   Elapsed: 108.745s (1m 48s)  33% completed  (16% total)
     Speed:     ev/sec=20093.5   simsec/sec=1.17933   ev/simsec=17038
     Messages:  created: 1834937   present: 1097   in FES: 120
** Event #2022144   t=171.426219579753   Elapsed: 110.752s (1m 50s)  34% completed  (17% total)
     Speed:     ev/sec=15692.3   simsec/sec=1.02215   ev/simsec=15352.3
     Messages:  created: 1866469   present: 1089   in FES: 118
** Event #2063360   t=174.317965919947   Elapsed: 112.759s (1m 52s)  34% completed  (17% total)
     Speed:     ev/sec=20532.5   simsec/sec=1.44058   ev/simsec=14253
     Messages:  created: 1908028   present: 1102   in FES: 123
** Event #2105344   t=177.128870155275   Elapsed: 114.77s (1m 54s)  35% completed  (17% total)
     Speed:     ev/sec=20885.4   simsec/sec=1.39831   ev/simsec=14936.1
     Messages:  created: 1950547   present: 1092   in FES: 119
** Event #2145280   t=180.093929533405   Elapsed: 116.772s (1m 56s)  36% completed  (18% total)
     Speed:     ev/sec=19940.1   simsec/sec=1.48046   ev/simsec=13468.9
     Messages:  created: 1990597   present: 1109   in FES: 122
** Event #2184448   t=183.056968561014   Elapsed: 118.777s (1m 58s)  36% completed  (18% total)
     Speed:     ev/sec=19537.9   simsec/sec=1.47803   ev/simsec=13218.9
     Messages:  created: 2029910   present: 1120   in FES: 125
** Event #2222336   t=185.650641798857   Elapsed: 120.78s (2m 00s)  37% completed  (18% total)
     Speed:     ev/sec=18911.9   simsec/sec=1.29464   ev/simsec=14607.9
     Messages:  created: 2068360   present: 1080   in FES: 118
** Event #2263040   t=188.182895727357   Elapsed: 122.791s (2m 02s)  37% completed  (18% total)
     Speed:     ev/sec=20246   simsec/sec=1.25953   ev/simsec=16074.2
     Messages:  created: 2110079   present: 1033   in FES: 98
** Event #2302464   t=191.05592698219   Elapsed: 124.791s (2m 04s)  38% completed  (19% total)
     Speed:     ev/sec=19708.9   simsec/sec=1.43629   ev/simsec=13722.1
     Messages:  created: 2150591   present: 1118   in FES: 125
** Event #2339840   t=193.50572192526   Elapsed: 126.798s (2m 06s)  38% completed  (19% total)
     Speed:     ev/sec=18625.2   simsec/sec=1.22078   ev/simsec=15256.8
     Messages:  created: 2187884   present: 1087   in FES: 118
** Event #2380544   t=196.343608360121   Elapsed: 128.804s (2m 08s)  39% completed  (19% total)
     Speed:     ev/sec=20291.6   simsec/sec=1.41473   ev/simsec=14343.1
     Messages:  created: 2228814   present: 1060   in FES: 109
** Event #2420992   t=199.095025247853   Elapsed: 130.807s (2m 10s)  39% completed  (19% total)
     Speed:     ev/sec=20192.8   simsec/sec=1.37359   ev/simsec=14700.8
     Messages:  created: 2269704   present: 1029   in FES: 96
** Event #2455296   t=201.338710912954   Elapsed: 132.822s (2m 12s)  40% completed  (20% total)
     Speed:     ev/sec=17026.4   simsec/sec=1.11363   ev/simsec=15289.1
     Messages:  created: 2303320   present: 1025   in FES: 96
** Event #2495744   t=204.063608783375   Elapsed: 134.824s (2m 14s)  40% completed  (20% total)
     Speed:     ev/sec=20197.5   simsec/sec=1.36066   ev/simsec=14843.9
     Messages:  created: 2343190   present: 1124   in FES: 125
** Event #2525952   t=206.053947431323   Elapsed: 136.833s (2m 16s)  41% completed  (20% total)
     Speed:     ev/sec=15041.5   simsec/sec=0.991053   ev/simsec=15177.3
     Messages:  created: 2372899   present: 1114   in FES: 125
** Event #2562304   t=208.151262625658   Elapsed: 138.838s (2m 18s)  41% completed  (20% total)
     Speed:     ev/sec=18129.6   simsec/sec=1.04598   ev/simsec=17332.6
     Messages:  created: 2407958   present: 1104   in FES: 121
** Event #2596096   t=210.343607876805   Elapsed: 140.856s (2m 20s)  42% completed  (21% total)
     Speed:     ev/sec=16740   simsec/sec=1.08605   ev/simsec=15413.6
     Messages:  created: 2440828   present: 1093   in FES: 120
** Event #2629120   t=212.432859863349   Elapsed: 142.872s (2m 22s)  42% completed  (21% total)
     Speed:     ev/sec=16388.2   simsec/sec=1.03679   ev/simsec=15806.6
     Messages:  created: 2472635   present: 1096   in FES: 154
** Event #2669568   t=215.085018978327   Elapsed: 144.873s (2m 24s)  43% completed  (21% total)
     Speed:     ev/sec=20213   simsec/sec=1.32536   ev/simsec=15251
     Messages:  created: 2512206   present: 1069   in FES: 108
** Event #2705408   t=217.159965144304   Elapsed: 146.886s (2m 26s)  43% completed  (21% total)
     Speed:     ev/sec=17799.8   simsec/sec=1.03052   ev/simsec=17272.7
     Messages:  created: 2547505   present: 1118   in FES: 125
** Event #2737664   t=219.146968901992   Elapsed: 148.892s (2m 28s)  43% completed  (21% total)
     Speed:     ev/sec=16082.9   simsec/sec=0.990721   ev/simsec=16233.5
     Messages:  created: 2579326   present: 1094   in FES: 126
** Event #2770176   t=221.146968167682   Elapsed: 150.893s (2m 30s)  44% completed  (22% total)
     Speed:     ev/sec=16242.4   simsec/sec=0.999162   ev/simsec=16256
     Messages:  created: 2611066   present: 1084   in FES: 126
** Event #2802944   t=223.159965594953   Elapsed: 152.918s (2m 32s)  44% completed  (22% total)
     Speed:     ev/sec=16183.6   simsec/sec=0.994189   ev/simsec=16278.2
     Messages:  created: 2642735   present: 1103   in FES: 120
** Event #2835712   t=225.238399721551   Elapsed: 154.929s (2m 34s)  45% completed  (22% total)
     Speed:     ev/sec=16296.6   simsec/sec=1.03367   ev/simsec=15765.7
     Messages:  created: 2674177   present: 1069   in FES: 112
** Event #2870272   t=227.326010768069   Elapsed: 156.929s (2m 36s)  45% completed  (22% total)
     Speed:     ev/sec=17276.4   simsec/sec=1.04359   ev/simsec=16554.8
     Messages:  created: 2707933   present: 1024   in FES: 97
** Event #2905088   t=229.326245552487   Elapsed: 158.952s (2m 38s)  45% completed  (22% total)
     Speed:     ev/sec=17212.1   simsec/sec=0.988863   ev/simsec=17406
     Messages:  created: 2741926   present: 1106   in FES: 147
** Event #2940672   t=231.333173944906   Elapsed: 160.953s (2m 40s)  46% completed  (23% total)
     Speed:     ev/sec=17785.2   simsec/sec=1.00308   ev/simsec=17730.6
     Messages:  created: 2776990   present: 1070   in FES: 109
** Event #2970624   t=233.105658212677   Elapsed: 162.965s (2m 42s)  46% completed  (23% total)
     Speed:     ev/sec=14884.2   simsec/sec=0.880809   ev/simsec=16898.3
     Messages:  created: 2806140   present: 1118   in FES: 126
** Event #3004160   t=235.12886810225   Elapsed: 164.976s (2m 44s)  47% completed  (23% total)
     Speed:     ev/sec=16677.4   simsec/sec=1.00614   ev/simsec=16575.6
     Messages:  created: 2839013   present: 1116   in FES: 142
** Event #3036672   t=237.128869011504   Elapsed: 166.98s (2m 46s)  47% completed  (23% total)
     Speed:     ev/sec=16227.4   simsec/sec=0.998241   ev/simsec=16256
     Messages:  created: 2870878   present: 1088   in FES: 120
** Event #3070976   t=239.128486573005   Elapsed: 168.991s (2m 48s)  47% completed  (23% total)
     Speed:     ev/sec=17055   simsec/sec=0.994153   ev/simsec=17155.3
     Messages:  created: 2905184   present: 1101   in FES: 126
** Event #3107840   t=241.159961704273   Elapsed: 171.01s (2m 51s)  48% completed  (24% total)
     Speed:     ev/sec=18258.6   simsec/sec=1.00618   ev/simsec=18146.4
     Messages:  created: 2942868   present: 1096   in FES: 117
** Event #3144960   t=243.238414496821   Elapsed: 173.017s (2m 53s)  48% completed  (24% total)
     Speed:     ev/sec=18493.4   simsec/sec=1.03549   ev/simsec=17859.4
     Messages:  created: 2981031   present: 1102   in FES: 123
** Event #3182080   t=245.333145578475   Elapsed: 175.037s (2m 55s)  49% completed  (24% total)
     Speed:     ev/sec=18381.4   simsec/sec=1.03729   ev/simsec=17720.7
     Messages:  created: 3019490   present: 1118   in FES: 125
** Event #3218176   t=247.368206150336   Elapsed: 177.053s (2m 57s)  49% completed  (24% total)
     Speed:     ev/sec=17901.1   simsec/sec=1.00925   ev/simsec=17737.1
     Messages:  created: 3056796   present: 1081   in FES: 116
** Event #3254272   t=249.423656304081   Elapsed: 179.069s (2m 59s)  49% completed  (24% total)
     Speed:     ev/sec=17907.8   simsec/sec=1.01974   ev/simsec=17561.1
     Messages:  created: 3094052   present: 1084   in FES: 126
** Event #3290880   t=251.650607872305   Elapsed: 181.07s (3m 01s)  50% completed  (25% total)
     Speed:     ev/sec=18287.4   simsec/sec=1.11247   ev/simsec=16438.6
     Messages:  created: 3132115   present: 1090   in FES: 141
** Event #3329280   t=254.052153569191   Elapsed: 183.076s (3m 03s)  50% completed  (25% total)
     Speed:     ev/sec=19151.4   simsec/sec=1.19774   ev/simsec=15989.7
     Messages:  created: 3171806   present: 1102   in FES: 121
** Event #3366656   t=256.098825548319   Elapsed: 185.08s (3m 05s)  51% completed  (25% total)
     Speed:     ev/sec=18642.9   simsec/sec=1.02086   ev/simsec=18261.8
     Messages:  created: 3209643   present: 1087   in FES: 114
** Event #3403008   t=258.255676309619   Elapsed: 187.098s (3m 07s)  51% completed  (25% total)
     Speed:     ev/sec=18013.1   simsec/sec=1.06876   ev/simsec=16854.2
     Messages:  created: 3247187   present: 1106   in FES: 127
** Event #3436032   t=260.255721333289   Elapsed: 189.117s (3m 09s)  52% completed  (26% total)
     Speed:     ev/sec=16358.9   simsec/sec=0.99075   ev/simsec=16511.6
     Messages:  created: 3281279   present: 1109   in FES: 126
** Event #3473408   t=262.474827298366   Elapsed: 191.133s (3m 11s)  52% completed  (26% total)
     Speed:     ev/sec=18539.3   simsec/sec=1.10072   ev/simsec=16842.8
     Messages:  created: 3320029   present: 1066   in FES: 111
** Event #3516416   t=265.090838844861   Elapsed: 193.134s (3m 13s)  53% completed  (26% total)
     Speed:     ev/sec=21499   simsec/sec=1.3077   ev/simsec=16440.3
     Messages:  created: 3365473   present: 1104   in FES: 126
** Event #3557120   t=267.203712871283   Elapsed: 195.139s (3m 15s)  53% completed  (26% total)
     Speed:     ev/sec=20299.3   simsec/sec=1.0537   ev/simsec=19264.8
     Messages:  created: 3408646   present: 1083   in FES: 127
** Event #3595520   t=269.576234120747   Elapsed: 197.141s (3m 17s)  53% completed  (26% total)
     Speed:     ev/sec=19178   simsec/sec=1.1849   ev/simsec=16185.3
     Messages:  created: 3449347   present: 1062   in FES: 128
** Event #3637760   t=272.128485680992   Elapsed: 199.153s (3m 19s)  54% completed  (27% total)
     Speed:     ev/sec=21000.4   simsec/sec=1.2689   ev/simsec=16550.1
     Messages:  created: 3493797   present: 1093   in FES: 126
** Event #3674368   t=274.333140980691   Elapsed: 201.166s (3m 21s)  54% completed  (27% total)
     Speed:     ev/sec=18179.6   simsec/sec=1.09484   ev/simsec=16604.9
     Messages:  created: 3532681   present: 1118   in FES: 125
** Event #3714816   t=277.042813951056   Elapsed: 203.166s (3m 23s)  55% completed  (27% total)
     Speed:     ev/sec=20223.9   simsec/sec=1.35483   ev/simsec=14927.3
     Messages:  created: 3575091   present: 1115   in FES: 126
** Event #3757568   t=279.4940540739   Elapsed: 205.176s (3m 25s)  55% completed  (27% total)
     Speed:     ev/sec=21272.5   simsec/sec=1.21968   ev/simsec=17441
     Messages:  created: 3618948   present: 1108   in FES: 125
** Event #3800064   t=282.182894598032   Elapsed: 207.187s (3m 27s)  56% completed  (28% total)
     Speed:     ev/sec=21133.2   simsec/sec=1.33715   ev/simsec=15804.6
     Messages:  created: 3661857   present: 1079   in FES: 114
** Event #3839488   t=285.024457604196   Elapsed: 209.191s (3m 29s)  57% completed  (28% total)
     Speed:     ev/sec=19675.8   simsec/sec=1.41817   ev/simsec=13874.1
     Messages:  created: 3702214   present: 1110   in FES: 126
** Event #3877120   t=287.128583243049   Elapsed: 211.191s (3m 31s)  57% completed  (28% total)
     Speed:     ev/sec=18815.7   simsec/sec=1.05205   ev/simsec=17884.9
     Messages:  created: 3739389   present: 1081   in FES: 116
** Event #3909632   t=289.099416461966   Elapsed: 213.214s (3m 33s)  57% completed  (28% total)
     Speed:     ev/sec=16069.3   simsec/sec=0.974097   ev/simsec=16496.6
     Messages:  created: 3772595   present: 1089   in FES: 114
** Event #3948288   t=291.37515926917   Elapsed: 215.221s (3m 35s)  58% completed  (29% total)
     Speed:     ev/sec=19258.4   simsec/sec=1.13377   ev/simsec=16986.1
     Messages:  created: 3812198   present: 1095   in FES: 120
** Event #3987712   t=293.755453376099   Elapsed: 217.224s (3m 37s)  58% completed  (29% total)
     Speed:     ev/sec=19684.9   simsec/sec=1.18851   ev/simsec=16562.7
     Messages:  created: 3853248   present: 1025   in FES: 97
** Event #4026624   t=296.056914751885   Elapsed: 219.231s (3m 39s)  59% completed  (29% total)
     Speed:     ev/sec=19389.2   simsec/sec=1.14678   ev/simsec=16907.5
     Messages:  created: 3893347   present: 1100   in FES: 126
** Event #4062208   t=298.093876809039   Elapsed: 221.242s (3m 41s)  59% completed  (29% total)
     Speed:     ev/sec=17696.3   simsec/sec=1.013   ev/simsec=17469.2
     Messages:  created: 3929743   present: 1120   in FES: 126
** Event #4102656   t=300.333158084072   Elapsed: 223.257s (3m 43s)  60% completed  (30% total)
     Speed:     ev/sec=20067.2   simsec/sec=1.11096   ev/simsec=18062.9
     Messages:  created: 3971433   present: 1082   in FES: 113
** Event #4137984   t=302.182627584543   Elapsed: 225.27s (3m 45s)  60% completed  (30% total)
     Speed:     ev/sec=17553.4   simsec/sec=0.918947   ev/simsec=19101.7
     Messages:  created: 4008518   present: 1111   in FES: 126
** Event #4178688   t=304.395063678432   Elapsed: 227.283s (3m 47s)  60% completed  (30% total)
     Speed:     ev/sec=20220.2   simsec/sec=1.09905   ev/simsec=18397.8
     Messages:  created: 4052188   present: 1081   in FES: 116
** Event #4224512   t=307.056968899284   Elapsed: 229.283s (3m 49s)  61% completed  (30% total)
     Speed:     ev/sec=22904.8   simsec/sec=1.33054   ev/simsec=17214.7
     Messages:  created: 4102137   present: 1105   in FES: 120
** Event #4265728   t=309.423762652659   Elapsed: 231.289s (3m 51s)  61% completed  (30% total)
     Speed:     ev/sec=20549   simsec/sec=1.18001   ev/simsec=17414.3
     Messages:  created: 4145990   present: 1099   in FES: 122
** Event #4310272   t=312.077216376495   Elapsed: 233.292s (3m 53s)  62% completed  (31% total)
     Speed:     ev/sec=22244.9   simsec/sec=1.32511   ev/simsec=16787.2
     Messages:  created: 4194499   present: 1113   in FES: 124
** Event #4351488   t=314.826730105138   Elapsed: 235.292s (3m 55s)  62% completed  (31% total)
     Speed:     ev/sec=20603.1   simsec/sec=1.37443   ev/simsec=14990.3
     Messages:  created: 4238372   present: 1116   in FES: 126
** Event #4388608   t=317.150374772201   Elapsed: 237.305s (3m 57s)  63% completed  (31% total)
     Speed:     ev/sec=18444   simsec/sec=1.15456   ev/simsec=15974.9
     Messages:  created: 4276687   present: 1088   in FES: 126
** Event #4429312   t=320.055896231686   Elapsed: 239.308s (3m 59s)  64% completed  (32% total)
     Speed:     ev/sec=20317.9   simsec/sec=1.45032   ev/simsec=14009.2
     Messages:  created: 4319642   present: 1032   in FES: 97
** Event #4467968   t=322.576235586003   Elapsed: 241.314s (4m 01s)  64% completed  (32% total)
     Speed:     ev/sec=19270.2   simsec/sec=1.2564   ev/simsec=15337.6
     Messages:  created: 4359609   present: 1041   in FES: 115
** Event #4509440   t=325.333170683771   Elapsed: 243.316s (4m 03s)  65% completed  (32% total)
     Speed:     ev/sec=20711.4   simsec/sec=1.37683   ev/simsec=15042.8
     Messages:  created: 4402681   present: 1045   in FES: 100
** Event #4550400   t=328.105751625197   Elapsed: 245.317s (4m 05s)  65% completed  (32% total)
     Speed:     ev/sec=20473.5   simsec/sec=1.38585   ev/simsec=14773.2
     Messages:  created: 4445268   present: 1079   in FES: 112
** Event #4590592   t=331.0323345321   Elapsed: 247.319s (4m 07s)  66% completed  (33% total)
     Speed:     ev/sec=20077.4   simsec/sec=1.46194   ev/simsec=13733.4
     Messages:  created: 4487804   present: 1030   in FES: 97
** Event #4627456   t=333.148862608173   Elapsed: 249.325s (4m 09s)  66% completed  (33% total)
     Speed:     ev/sec=18376.7   simsec/sec=1.05509   ev/simsec=17417.2
     Messages:  created: 4526365   present: 1092   in FES: 126
** Event #4668672   t=336.020614319497   Elapsed: 251.327s (4m 11s)  67% completed  (33% total)
     Speed:     ev/sec=20584.4   simsec/sec=1.43423   ev/simsec=14352.2
     Messages:  created: 4571175   present: 1108   in FES: 123
** Event #4710144   t=338.407122361618   Elapsed: 253.332s (4m 13s)  67% completed  (33% total)
     Speed:     ev/sec=20688.8   simsec/sec=1.19054   ev/simsec=17377.7
     Messages:  created: 4614582   present: 1112   in FES: 123
** Event #4754432   t=341.432894277169   Elapsed: 255.341s (4m 15s)  68% completed  (34% total)
     Speed:     ev/sec=22045.3   simsec/sec=1.50615   ev/simsec=14636.9
     Messages:  created: 4660657   present: 1065   in FES: 108
** Event #4802048   t=345.001151896904   Elapsed: 257.346s (4m 17s)  69% completed  (34% total)
     Speed:     ev/sec=23742.9   simsec/sec=1.77925   ev/simsec=13344.3
     Messages:  created: 4710860   present: 1098   in FES: 126
** Event #4844032   t=347.576279688709   Elapsed: 259.351s (4m 19s)  69% completed  (34% total)
     Speed:     ev/sec=20940.4   simsec/sec=1.2844   ev/simsec=16303.7
     Messages:  created: 4753322   present: 1054   in FES: 107
** Event #4879360   t=350.024510022652   Elapsed: 261.359s (4m 21s)  70% completed  (35% total)
     Speed:     ev/sec=17590.4   simsec/sec=1.21901   ev/simsec=14430
     Messages:  created: 4790282   present: 1108   in FES: 123
** Event #4919552   t=352.326279379626   Elapsed: 263.372s (4m 23s)  70% completed  (35% total)
     Speed:     ev/sec=19970.8   simsec/sec=1.14371   ev/simsec=17461.3
     Messages:  created: 4831405   present: 1080   in FES: 115
** Event #4959232   t=355.028915924947   Elapsed: 265.376s (4m 25s)  71% completed  (35% total)
     Speed:     ev/sec=19802.7   simsec/sec=1.34878   ev/simsec=14682
     Messages:  created: 4872329   present: 1105   in FES: 120
** Event #4998400   t=357.375069284866   Elapsed: 267.377s (4m 27s)  71% completed  (35% total)
     Speed:     ev/sec=19569.6   simsec/sec=1.17221   ev/simsec=16694.6
     Messages:  created: 4911509   present: 1099   in FES: 126
** Event #5037568   t=359.879040722681   Elapsed: 269.388s (4m 29s)  71% completed  (35% total)
     Speed:     ev/sec=19478.6   simsec/sec=1.24525   ev/simsec=15642.4
     Messages:  created: 4952910   present: 1112   in FES: 126
** Event #5078272   t=362.098818059323   Elapsed: 271.395s (4m 31s)  72% completed  (36% total)
     Speed:     ev/sec=20280.6   simsec/sec=1.106   ev/simsec=18337
     Messages:  created: 4993779   present: 1068   in FES: 109
** Event #5115904   t=364.182859793727   Elapsed: 273.403s (4m 33s)  72% completed  (36% total)
     Speed:     ev/sec=18742   simsec/sec=1.03792   ev/simsec=18057.2
     Messages:  created: 5032570   present: 1105   in FES: 147
** Event #5157888   t=366.962580015573   Elapsed: 275.405s (4m 35s)  73% completed  (36% total)
     Speed:     ev/sec=20967.6   simsec/sec=1.38825   ev/simsec=15103.7
     Messages:  created: 5076308   present: 1024   in FES: 96
** Event #5201152   t=369.326233930636   Elapsed: 277.418s (4m 37s)  73% completed  (36% total)
     Speed:     ev/sec=21501.1   simsec/sec=1.17467   ev/simsec=18303.9
     Messages:  created: 5120526   present: 1066   in FES: 127
** Event #5242880   t=372.043096695771   Elapsed: 279.425s (4m 39s)  74% completed  (37% total)
     Speed:     ev/sec=20787   simsec/sec=1.35342   ev/simsec=15358.9
     Messages:  created: 5164151   present: 1093   in FES: 118
** Event #5285376   t=374.698838799407   Elapsed: 281.429s (4m 41s)  74% completed  (37% total)
     Speed:     ev/sec=21205.6   simsec/sec=1.32522   ev/simsec=16001.6
     Messages:  created: 5208762   present: 1054   in FES: 116
** Event #5330176   t=377.379538801714   Elapsed: 283.442s (4m 43s)  75% completed  (37% total)
     Speed:     ev/sec=22251.5   simsec/sec=1.33146   ev/simsec=16712.1
     Messages:  created: 5256312   present: 1089   in FES: 126
** Event #5374464   t=380.317950301428   Elapsed: 285.447s (4m 45s)  76% completed  (38% total)
     Speed:     ev/sec=22096.9   simsec/sec=1.46608   ev/simsec=15072.1
     Messages:  created: 5303200   present: 1089   in FES: 118
** Event #5418752   t=383.150374243502   Elapsed: 287.467s (4m 47s)  76% completed  (38% total)
     Speed:     ev/sec=21917.8   simsec/sec=1.40175   ev/simsec=15636.1
     Messages:  created: 5350330   present: 1087   in FES: 126
** Event #5462784   t=386.129007753581   Elapsed: 289.476s (4m 49s)  77% completed  (38% total)
     Speed:     ev/sec=21916.8   simsec/sec=1.48261   ev/simsec=14782.6
     Messages:  created: 5397777   present: 1098   in FES: 127
** Event #5507840   t=389.152832973714   Elapsed: 291.48s (4m 51s)  77% completed  (38% total)
     Speed:     ev/sec=22480.5   simsec/sec=1.50873   ev/simsec=14900.3
     Messages:  created: 5447210   present: 1080   in FES: 109
** Event #5556224   t=392.105738875414   Elapsed: 293.483s (4m 53s)  78% completed  (39% total)
     Speed:     ev/sec=24165.2   simsec/sec=1.47482   ev/simsec=16385.2
     Messages:  created: 5501286   present: 1101   in FES: 120
** Event #5606912   t=395.333357635675   Elapsed: 295.502s (4m 55s)  79% completed  (39% total)
     Speed:     ev/sec=25103.8   simsec/sec=1.59851   ev/simsec=15704.5
     Messages:  created: 5557035   present: 1099   in FES: 126
** Event #5655040   t=398.432625966599   Elapsed: 297.516s (4m 57s)  79% completed  (39% total)
     Speed:     ev/sec=23889.5   simsec/sec=1.53839   ev/simsec=15528.8
     Messages:  created: 5608852   present: 1092   in FES: 127
** Event #5702656   t=401.147062822683   Elapsed: 299.518s (4m 59s)  80% completed  (40% total)
     Speed:     ev/sec=23795.1   simsec/sec=1.35648   ev/simsec=17541.8
     Messages:  created: 5662065   present: 1087   in FES: 118
** Event #5746688   t=404.15537269765   Elapsed: 301.524s (5m 01s)  80% completed  (40% total)
     Speed:     ev/sec=21946.3   simsec/sec=1.49939   ev/simsec=14636.8
     Messages:  created: 5708725   present: 1097   in FES: 127
** Event #5792512   t=407.375068733761   Elapsed: 303.526s (5m 03s)  81% completed  (40% total)
     Speed:     ev/sec=22890.6   simsec/sec=1.60834   ev/simsec=14232.4
     Messages:  created: 5757303   present: 1089   in FES: 126
** Event #5839104   t=411.028590686985   Elapsed: 305.53s (5m 05s)  82% completed  (41% total)
     Speed:     ev/sec=23251.1   simsec/sec=1.82324   ev/simsec=12752.6
     Messages:  created: 5806817   present: 1109   in FES: 122
** Event #5879296   t=413.755677215638   Elapsed: 307.538s (5m 07s)  82% completed  (41% total)
     Speed:     ev/sec=20014.6   simsec/sec=1.35802   ev/simsec=14738.1
     Messages:  created: 5848753   present: 1055   in FES: 125
** Event #5922304   t=416.682850085061   Elapsed: 309.545s (5m 09s)  83% completed  (41% total)
     Speed:     ev/sec=21430.9   simsec/sec=1.45861   ev/simsec=14692.7
     Messages:  created: 5894258   present: 1026   in FES: 114
** Event #5965056   t=419.43812849088   Elapsed: 311.547s (5m 11s)  83% completed  (41% total)
     Speed:     ev/sec=21349.1   simsec/sec=1.37591   ev/simsec=15516.4
     Messages:  created: 5939429   present: 1104   in FES: 121
** Event #6007296   t=422.400597604027   Elapsed: 313.558s (5m 13s)  84% completed  (42% total)
     Speed:     ev/sec=21000.7   simsec/sec=1.47287   ev/simsec=14258.4
     Messages:  created: 5983275   present: 1087   in FES: 127
** Event #6048000   t=425.333787421342   Elapsed: 315.573s (5m 15s)  85% completed  (42% total)
     Speed:     ev/sec=20202.1   simsec/sec=1.45579   ev/simsec=13877
     Messages:  created: 6025024   present: 1110   in FES: 123
** Event #6088704   t=428.15984348638   Elapsed: 317.584s (5m 17s)  85% completed  (42% total)
     Speed:     ev/sec=20246.6   simsec/sec=1.40571   ev/simsec=14403.1
     Messages:  created: 6066558   present: 1090   in FES: 126
** Event #6120448   t=430.576280220764   Elapsed: 319.59s (5m 19s)  86% completed  (43% total)
     Speed:     ev/sec=15818.5   simsec/sec=1.20415   ev/simsec=13136.7
     Messages:  created: 6098256   present: 1040   in FES: 101
** Event #6161408   t=433.4262157733   Elapsed: 321.601s (5m 21s)  86% completed  (43% total)
     Speed:     ev/sec=20376.1   simsec/sec=1.41774   ev/simsec=14372.3
     Messages:  created: 6139447   present: 1074   in FES: 113
** Event #6201088   t=436.400377613559   Elapsed: 323.609s (5m 23s)  87% completed  (43% total)
     Speed:     ev/sec=19760.4   simsec/sec=1.48111   ev/simsec=13341.6
     Messages:  created: 6179049   present: 1114   in FES: 126
** Event #6240000   t=439.317967150534   Elapsed: 325.623s (5m 25s)  87% completed  (43% total)
     Speed:     ev/sec=19317.3   simsec/sec=1.44839   ev/simsec=13337
     Messages:  created: 6217866   present: 1060   in FES: 109
** Event #6282240   t=442.326277938483   Elapsed: 327.636s (5m 27s)  88% completed  (44% total)
     Speed:     ev/sec=20980.9   simsec/sec=1.49425   ev/simsec=14041.1
     Messages:  created: 6260555   present: 1115   in FES: 133
** Event #6326528   t=445.378824811562   Elapsed: 329.641s (5m 29s)  89% completed  (44% total)
     Speed:     ev/sec=22089.9   simsec/sec=1.52254   ev/simsec=14508.5
     Messages:  created: 6305915   present: 1105   in FES: 127
** Event #6365184   t=448.128595396205   Elapsed: 331.65s (5m 31s)  89% completed  (44% total)
     Speed:     ev/sec=19245.6   simsec/sec=1.36903   ev/simsec=14057.9
     Messages:  created: 6345546   present: 1081   in FES: 116
** Event #6406912   t=451.097143113412   Elapsed: 333.658s (5m 33s)  90% completed  (45% total)
     Speed:     ev/sec=20774.3   simsec/sec=1.47789   ev/simsec=14056.7
     Messages:  created: 6388415   present: 1116   in FES: 125
** Event #6446592   t=454.053948927485   Elapsed: 335.662s (5m 35s)  90% completed  (45% total)
     Speed:     ev/sec=19805.6   simsec/sec=1.47584   ev/simsec=13419.9
     Messages:  created: 6429609   present: 1073   in FES: 112
** Event #6487040   t=456.932892322298   Elapsed: 337.673s (5m 37s)  91% completed  (45% total)
     Speed:     ev/sec=20110.5   simsec/sec=1.43139   ev/simsec=14049.6
     Messages:  created: 6471194   present: 1114   in FES: 139
** Event #6527232   t=459.407025891792   Elapsed: 339.674s (5m 39s)  91% completed  (45% total)
     Speed:     ev/sec=20092.3   simsec/sec=1.23684   ev/simsec=16244.9
     Messages:  created: 6511408   present: 1118   in FES: 126
** Event #6566656   t=462.129547306828   Elapsed: 341.685s (5m 41s)  92% completed  (46% total)
     Speed:     ev/sec=19600.9   simsec/sec=1.35359   ev/simsec=14480.7
     Messages:  created: 6551090   present: 1028   in FES: 97
** Event #6605568   t=465.020814984207   Elapsed: 343.692s (5m 43s)  93% completed  (46% total)
     Speed:     ev/sec=19389.9   simsec/sec=1.44072   ev/simsec=13458.5
     Messages:  created: 6591168   present: 1105   in FES: 122
** Event #6639872   t=467.090628159071   Elapsed: 345.697s (5m 45s)  93% completed  (46% total)
     Speed:     ev/sec=17106.8   simsec/sec=1.03218   ev/simsec=16573.5
     Messages:  created: 6625353   present: 1068   in FES: 111
** Event #6676480   t=469.378836225929   Elapsed: 347.714s (5m 47s)  93% completed  (46% total)
     Speed:     ev/sec=18149.3   simsec/sec=1.13444   ev/simsec=15998.5
     Messages:  created: 6662074   present: 1104   in FES: 140
** Event #6715392   t=472.021135920707   Elapsed: 349.719s (5m 49s)  94% completed  (47% total)
     Speed:     ev/sec=19411.4   simsec/sec=1.31812   ev/simsec=14726.6
     Messages:  created: 6702394   present: 1066   in FES: 109
** Event #6753024   t=474.165754921594   Elapsed: 351.732s (5m 51s)  94% completed  (47% total)
     Speed:     ev/sec=18689   simsec/sec=1.06507   ev/simsec=17547.2
     Messages:  created: 6739950   present: 1023   in FES: 96
** Event #6787328   t=476.426228737976   Elapsed: 353.75s (5m 53s)  95% completed  (47% total)
     Speed:     ev/sec=17002.5   simsec/sec=1.12038   ev/simsec=15175.6
     Messages:  created: 6774196   present: 1028   in FES: 97
** Event #6828544   t=479.255455082425   Elapsed: 355.754s (5m 55s)  95% completed  (47% total)
     Speed:     ev/sec=20560.2   simsec/sec=1.41133   ev/simsec=14567.9
     Messages:  created: 6815588   present: 1105   in FES: 126
** Event #6861056   t=481.403855364529   Elapsed: 357.765s (5m 57s)  96% completed  (48% total)
     Speed:     ev/sec=16170.8   simsec/sec=1.06857   ev/simsec=15133.1
     Messages:  created: 6848197   present: 1044   in FES: 101
** Event #6900736   t=484.099510474179   Elapsed: 359.788s (5m 59s)  96% completed  (48% total)
     Speed:     ev/sec=19615.7   simsec/sec=1.33259   ev/simsec=14720
     Messages:  created: 6888042   present: 1085   in FES: 112
** Event #6936576   t=486.506619355975   Elapsed: 361.796s (6m 01s)  97% completed  (48% total)
     Speed:     ev/sec=17844.1   simsec/sec=1.19846   ev/simsec=14889.2
     Messages:  created: 6924220   present: 1068   in FES: 109
** Event #6980096   t=489.426231326712   Elapsed: 363.813s (6m 03s)  97% completed  (48% total)
     Speed:     ev/sec=21582.8   simsec/sec=1.44792   ev/simsec=14906.1
     Messages:  created: 6967788   present: 1086   in FES: 117
** Event #7021312   t=492.098829499864   Elapsed: 365.815s (6m 05s)  98% completed  (49% total)
     Speed:     ev/sec=20584.2   simsec/sec=1.33476   ev/simsec=15421.7
     Messages:  created: 7009003   present: 1090   in FES: 115
** Event #7056640   t=494.432861632653   Elapsed: 367.819s (6m 07s)  98% completed  (49% total)
     Speed:     ev/sec=17630.8   simsec/sec=1.16482   ev/simsec=15136
     Messages:  created: 7043813   present: 1117   in FES: 148
** Event #7088640   t=497.048728278692   Elapsed: 369.824s (6m 09s)  99% completed  (49% total)
     Speed:     ev/sec=15959.1   simsec/sec=1.30459   ev/simsec=12233
     Messages:  created: 7075257   present: 1095   in FES: 126
** Event #7126272   t=499.182848132795   Elapsed: 371.827s (6m 11s)  99% completed  (49% total)
     Speed:     ev/sec=18785.8   simsec/sec=1.06535   ev/simsec=17633.5
     Messages:  created: 7113897   present: 1086   in FES: 127
** Event #7132766   t=500   Elapsed: 372.124s (6m 12s)  100% completed  (50% total)
     Speed:     ev/sec=21879   simsec/sec=2.74449   ev/simsec=7971.96
     Messages:  created: 7120854   present: 1021   in FES: 95

<!> Simulation time limit reached -- at t=500s, event #7132766
undisposed object: (omnetpp::cMessage) FanetStressNetwork.uav[0].app.debugTimer -- check module destructor
undisposed object: (omnetpp::cMessage) FanetStressNetwork.uav[1].app.debugTimer -- check module destructor
undisposed object: (omnetpp::cMessage) FanetStressNetwork.uav[2].app.debugTimer -- check module destructor
undisposed object: (omnetpp::cMessage) FanetStressNetwork.uav[3].app.debugTimer -- check module destructor
undisposed object: (omnetpp::cMessage) FanetStressNetwork.uav[4].app.debugTimer -- check module destructor
undisposed object: (omnetpp::cMessage) FanetStressNetwork.uav[5].app.debugTimer -- check module destructor
undisposed object: (omnetpp::cMessage) FanetStressNetwork.uav[6].app.debugTimer -- check module destructor
undisposed object: (omnetpp::cMessage) FanetStressNetwork.uav[7].app.debugTimer -- check module destructor
undisposed object: (omnetpp::cMessage) FanetStressNetwork.uav[8].app.debugTimer -- check module destructor
undisposed object: (omnetpp::cMessage) FanetStressNetwork.uav[9].app.debugTimer -- check module destructor
undisposed object: (omnetpp::cMessage) FanetStressNetwork.uav[10].app.debugTimer -- check module destructor
undisposed object: (omnetpp::cMessage) FanetStressNetwork.uav[11].app.debugTimer -- check module destructor
undisposed object: (omnetpp::cMessage) FanetStressNetwork.uav[12].app.debugTimer -- check module destructor
undisposed object: (omnetpp::cMessage) FanetStressNetwork.uav[13].app.debugTimer -- check module destructor
undisposed object: (omnetpp::cMessage) FanetStressNetwork.uav[14].app.debugTimer -- check module destructor
undisposed object: (omnetpp::cMessage) FanetStressNetwork.uav[15].app.debugTimer -- check module destructor
undisposed object: (omnetpp::cMessage) FanetStressNetwork.uav[16].app.debugTimer -- check module destructor
undisposed object: (omnetpp::cMessage) FanetStressNetwork.uav[17].app.debugTimer -- check module destructor
undisposed object: (omnetpp::cMessage) FanetStressNetwork.uav[18].app.debugTimer -- check module destructor
undisposed object: (omnetpp::cMessage) FanetStressNetwork.uav[19].app.debugTimer -- check module destructor
undisposed object: (omnetpp::cMessage) FanetStressNetwork.uav[20].app.debugTimer -- check module destructor
undisposed object: (omnetpp::cMessage) FanetStressNetwork.uav[21].app.debugTimer -- check module destructor
undisposed object: (omnetpp::cMessage) FanetStressNetwork.uav[22].app.debugTimer -- check module destructor
undisposed object: (omnetpp::cMessage) FanetStressNetwork.uav[23].app.debugTimer -- check module destructor
undisposed object: (omnetpp::cMessage) FanetStressNetwork.uav[24].app.debugTimer -- check module destructor
undisposed object: (omnetpp::cMessage) FanetStressNetwork.uav[25].app.debugTimer -- check module destructor
undisposed object: (omnetpp::cMessage) FanetStressNetwork.uav[26].app.debugTimer -- check module destructor
undisposed object: (omnetpp::cMessage) FanetStressNetwork.uav[27].app.debugTimer -- check module destructor
undisposed object: (omnetpp::cMessage) FanetStressNetwork.uav[28].app.debugTimer -- check module destructor
undisposed object: (omnetpp::cMessage) FanetStressNetwork.uav[29].app.debugTimer -- check module destructor
