** Event #0   t=0   Elapsed: 2.1e-05s (0m 00s)  0% completed  (0% total)
     Speed:     ev/sec=0   simsec/sec=0   ev/simsec=0
     Messages:  created: 1081   present: 1081   in FES: 161
** Event #61440   t=8.091310697176   Elapsed: 2.0063s (0m 02s)  1% completed  (0% total)
     Speed:     ev/sec=30624.3   simsec/sec=4.03298   ev/simsec=7593.45
     Messages:  created: 54234   present: 1084   in FES: 115
** Event #119296   t=15.148942577345   Elapsed: 4.01242s (0m 04s)  3% completed  (1% total)
     Speed:     ev/sec=28839.7   simsec/sec=3.51805   ev/simsec=8197.65
     Messages:  created: 104649   present: 1043   in FES: 102
** Event #167936   t=21.147050325766   Elapsed: 6.02561s (0m 06s)  4% completed  (2% total)
     Speed:     ev/sec=24160.7   simsec/sec=2.97941   ev/simsec=8109.22
     Messages:  created: 146940   present: 1108   in FES: 125
** Event #207616   t=26.056915494276   Elapsed: 8.03136s (0m 08s)  5% completed  (2% total)
     Speed:     ev/sec=19783.1   simsec/sec=2.44789   ev/simsec=8081.69
     Messages:  created: 180679   present: 1104   in FES: 126
** Event #244992   t=30.147067497767   Elapsed: 10.0346s (0m 10s)  6% completed  (3% total)
     Speed:     ev/sec=18658.2   simsec/sec=2.04181   ev/simsec=9138.05
     Messages:  created: 211914   present: 1077   in FES: 114
** Event #280064   t=34.097144196423   Elapsed: 12.0398s (0m 12s)  6% completed  (3% total)
     Speed:     ev/sec=17490   simsec/sec=1.96985   ev/simsec=8878.81
     Messages:  created: 240680   present: 1083   in FES: 114
** Event #315136   t=38.090629161576   Elapsed: 14.0408s (0m 14s)  7% completed  (3% total)
     Speed:     ev/sec=17527   simsec/sec=1.99572   ev/simsec=8782.3
     Messages:  created: 269582   present: 1037   in FES: 100
** Event #352512   t=42.146969763866   Elapsed: 16.0625s (0m 16s)  8% completed  (4% total)
     Speed:     ev/sec=18487.5   simsec/sec=2.00641   ev/simsec=9214.22
     Messages:  created: 300324   present: 1099   in FES: 126
** Event #387840   t=46.093930071852   Elapsed: 18.0718s (0m 18s)  9% completed  (4% total)
     Speed:     ev/sec=17582.6   simsec/sec=1.96439   ev/simsec=8950.69
     Messages:  created: 329133   present: 1097   in FES: 118
** Event #423936   t=50.091167823006   Elapsed: 20.0785s (0m 20s)  10% completed  (5% total)
     Speed:     ev/sec=17988   simsec/sec=1.99197   ev/simsec=9030.24
     Messages:  created: 358626   present: 1105   in FES: 122
** Event #457984   t=54.053948754241   Elapsed: 22.0834s (0m 22s)  10% completed  (5% total)
     Speed:     ev/sec=16982.1   simsec/sec=1.97651   ev/simsec=8591.95
     Messages:  created: 386454   present: 1067   in FES: 110
** Event #491520   t=57.494055149022   Elapsed: 24.0922s (0m 24s)  11% completed  (5% total)
     Speed:     ev/sec=16695   simsec/sec=1.71256   ev/simsec=9748.54
     Messages:  created: 413949   present: 1063   in FES: 110
** Event #526848   t=61.403878444788   Elapsed: 26.1131s (0m 26s)  12% completed  (6% total)
     Speed:     ev/sec=17481.2   simsec/sec=1.93468   ev/simsec=9035.7
     Messages:  created: 442821   present: 1076   in FES: 113
** Event #562944   t=65.328713050531   Elapsed: 28.1227s (0m 28s)  13% completed  (6% total)
     Speed:     ev/sec=17961.5   simsec/sec=1.95302   ev/simsec=9196.82
     Messages:  created: 471871   present: 1099   in FES: 122
** Event #593408   t=68.430900231394   Elapsed: 30.1251s (0m 30s)  13% completed  (6% total)
     Speed:     ev/sec=15213.5   simsec/sec=1.54921   ev/simsec=9820.17
     Messages:  created: 496163   present: 1091   in FES: 118
** Event #625152   t=72.052153579828   Elapsed: 32.1291s (0m 32s)  14% completed  (7% total)
     Speed:     ev/sec=15840.9   simsec/sec=1.80708   ev/simsec=8766.03
     Messages:  created: 521297   present: 1099   in FES: 120
** Event #656640   t=75.091294530654   Elapsed: 34.1482s (0m 34s)  15% completed  (7% total)
     Speed:     ev/sec=15594.8   simsec/sec=1.50517   ev/simsec=10360.8
     Messages:  created: 546196   present: 1065   in FES: 108
** Event #686848   t=78.147058818741   Elapsed: 36.1504s (0m 36s)  15% completed  (7% total)
     Speed:     ev/sec=15087.3   simsec/sec=1.52619   ev/simsec=9885.58
     Messages:  created: 570172   present: 1102   in FES: 123
** Event #717312   t=81.34982781217   Elapsed: 38.157s (0m 38s)  16% completed  (8% total)
     Speed:     ev/sec=15182.3   simsec/sec=1.59616   ev/simsec=9511.77
     Messages:  created: 594346   present: 1027   in FES: 98
** Event #751872   t=85.090628604093   Elapsed: 40.1628s (0m 40s)  17% completed  (8% total)
     Speed:     ev/sec=17229.6   simsec/sec=1.86494   ev/simsec=9238.66
     Messages:  created: 622090   present: 1050   in FES: 105
** Event #783360   t=88.368210938587   Elapsed: 42.1911s (0m 42s)  17% completed  (8% total)
     Speed:     ev/sec=15524.7   simsec/sec=1.61596   ev/simsec=9607.08
     Messages:  created: 647450   present: 1033   in FES: 100
** Event #816896   t=92.056969644759   Elapsed: 44.1967s (0m 44s)  18% completed  (9% total)
     Speed:     ev/sec=16720.7   simsec/sec=1.83918   ev/simsec=9091.41
     Messages:  created: 674078   present: 1069   in FES: 108
** Event #848896   t=95.159957819245   Elapsed: 46.2092s (0m 46s)  19% completed  (9% total)
     Speed:     ev/sec=15901.1   simsec/sec=1.5419   ev/simsec=10312.6
     Messages:  created: 699573   present: 1098   in FES: 121
** Event #880640   t=98.430814648197   Elapsed: 48.2371s (0m 48s)  19% completed  (9% total)
     Speed:     ev/sec=15653.4   simsec/sec=1.6129   ev/simsec=9705.1
     Messages:  created: 724647   present: 1103   in FES: 126
** Event #915712   t=101.407115506695   Elapsed: 50.2646s (0m 50s)  20% completed  (10% total)
     Speed:     ev/sec=17298.5   simsec/sec=1.46799   ev/simsec=11783.8
     Messages:  created: 755779   present: 1086   in FES: 115
** Event #950272   t=104.014244136113   Elapsed: 52.2902s (0m 52s)  20% completed  (10% total)
     Speed:     ev/sec=17061   simsec/sec=1.28705   ev/simsec=13256
     Messages:  created: 790050   present: 1095   in FES: 118
** Event #985856   t=106.105750734221   Elapsed: 54.2919s (0m 54s)  21% completed  (10% total)
     Speed:     ev/sec=17776.7   simsec/sec=1.04485   ev/simsec=17013.6
     Messages:  created: 823591   present: 1110   in FES: 123
** Event #1019392   t=108.375179250727   Elapsed: 56.3067s (0m 56s)  21% completed  (10% total)
     Speed:     ev/sec=16645.6   simsec/sec=1.12643   ev/simsec=14777.3
     Messages:  created: 855833   present: 1068   in FES: 111
** Event #1053952   t=110.638825796775   Elapsed: 58.3109s (0m 58s)  22% completed  (11% total)
     Speed:     ev/sec=17243.4   simsec/sec=1.12943   ev/simsec=15267.4
     Messages:  created: 889879   present: 1023   in FES: 96
** Event #1085440   t=112.432626886547   Elapsed: 60.3257s (1m 00s)  22% completed  (11% total)
     Speed:     ev/sec=15627.9   simsec/sec=0.890287   ev/simsec=17553.8
     Messages:  created: 920932   present: 1109   in FES: 126
** Event #1126912   t=115.076890838488   Elapsed: 62.3289s (1m 02s)  23% completed  (11% total)
     Speed:     ev/sec=20703.2   simsec/sec=1.32004   ev/simsec=15683.8
     Messages:  created: 962522   present: 1048   in FES: 125
** Event #1161728   t=117.326277554649   Elapsed: 64.3362s (1m 04s)  23% completed  (11% total)
     Speed:     ev/sec=17345.1   simsec/sec=1.12063   ev/simsec=15478
     Messages:  created: 996939   present: 1116   in FES: 140
** Event #1196800   t=119.505720916346   Elapsed: 66.3406s (1m 06s)  23% completed  (11% total)
     Speed:     ev/sec=17496.9   simsec/sec=1.08729   ev/simsec=16092.2
     Messages:  created: 1031446   present: 1108   in FES: 129
** Event #1233152   t=122.010511150027   Elapsed: 68.3532s (1m 08s)  24% completed  (12% total)
     Speed:     ev/sec=18062.3   simsec/sec=1.24456   ev/simsec=14513
     Messages:  created: 1068917   present: 1060   in FES: 105
** Event #1272064   t=124.128883083703   Elapsed: 70.3582s (1m 10s)  24% completed  (12% total)
     Speed:     ev/sec=19407.8   simsec/sec=1.05656   ev/simsec=18368.8
     Messages:  created: 1107318   present: 1110   in FES: 127
** Event #1308160   t=126.400375367742   Elapsed: 72.5877s (1m 12s)  25% completed  (12% total)
     Speed:     ev/sec=16190.3   simsec/sec=1.01885   ev/simsec=15890.9
     Messages:  created: 1143937   present: 1094   in FES: 126
** Event #1346816   t=129.001205358856   Elapsed: 74.593s (1m 14s)  25% completed  (12% total)
     Speed:     ev/sec=19276.8   simsec/sec=1.29697   ev/simsec=14862.9
     Messages:  created: 1184789   present: 1089   in FES: 118
** Event #1387008   t=131.17627441479   Elapsed: 76.6054s (1m 16s)  26% completed  (13% total)
     Speed:     ev/sec=19972.5   simsec/sec=1.08085   ev/simsec=18478.5
     Messages:  created: 1225749   present: 1108   in FES: 125
** Event #1425664   t=133.430814359826   Elapsed: 78.6128s (1m 18s)  26% completed  (13% total)
     Speed:     ev/sec=19255.9   simsec/sec=1.12306   ev/simsec=17145.8
     Messages:  created: 1266785   present: 1097   in FES: 126
** Event #1468928   t=136.056304805556   Elapsed: 80.6256s (1m 20s)  27% completed  (13% total)
     Speed:     ev/sec=21495.4   simsec/sec=1.30445   ev/simsec=16478.4
     Messages:  created: 1312977   present: 1061   in FES: 106
** Event #1507072   t=138.34359200227   Elapsed: 82.6299s (1m 22s)  27% completed  (13% total)
     Speed:     ev/sec=19030.3   simsec/sec=1.14115   ev/simsec=16676.5
     Messages:  created: 1351608   present: 1075   in FES: 114
** Event #1541632   t=140.394981088572   Elapsed: 84.6407s (1m 24s)  28% completed  (14% total)
     Speed:     ev/sec=17187.2   simsec/sec=1.02018   ev/simsec=16847.1
     Messages:  created: 1386810   present: 1086   in FES: 126
** Event #1577728   t=142.755687980537   Elapsed: 86.6407s (1m 26s)  28% completed  (14% total)
     Speed:     ev/sec=18048   simsec/sec=1.18035   ev/simsec=15290.3
     Messages:  created: 1423968   present: 1102   in FES: 143
** Event #1614848   t=145.093930214162   Elapsed: 88.649s (1m 28s)  29% completed  (14% total)
     Speed:     ev/sec=18483.6   simsec/sec=1.16431   ev/simsec=15875.2
     Messages:  created: 1460705   present: 1104   in FES: 121
** Event #1649408   t=147.343485513399   Elapsed: 90.667s (1m 30s)  29% completed  (14% total)
     Speed:     ev/sec=17125.9   simsec/sec=1.11475   ev/simsec=15363
     Messages:  created: 1495130   present: 1089   in FES: 126
** Event #1684992   t=149.878602623876   Elapsed: 92.668s (1m 32s)  29% completed  (14% total)
     Speed:     ev/sec=17782.8   simsec/sec=1.2669   ev/simsec=14036.4
     Messages:  created: 1530932   present: 1093   in FES: 126
** Event #1722624   t=152.090892167724   Elapsed: 94.671s (1m 34s)  30% completed  (15% total)
     Speed:     ev/sec=18788.6   simsec/sec=1.10454   ev/simsec=17010.4
     Messages:  created: 1567782   present: 1097   in FES: 120
** Event #1757440   t=154.182893352856   Elapsed: 96.6762s (1m 36s)  30% completed  (15% total)
     Speed:     ev/sec=17362.5   simsec/sec=1.04327   ev/simsec=16642.4
     Messages:  created: 1602215   present: 1074   in FES: 113
** Event #1788416   t=156.183372984303   Elapsed: 98.6829s (1m 38s)  31% completed  (15% total)
     Speed:     ev/sec=15436.3   simsec/sec=0.996904   ev/simsec=15484.3
     Messages:  created: 1632792   present: 1034   in FES: 97
** Event #1827072   t=159.01415405096   Elapsed: 100.697s (1m 40s)  31% completed  (15% total)
     Speed:     ev/sec=19192.1   simsec/sec=1.40544   ev/simsec=13655.6
     Messages:  created: 1671966   present: 1107   in FES: 126
** Event #1867008   t=161.317959088962   Elapsed: 102.714s (1m 42s)  32% completed  (16% total)
     Speed:     ev/sec=19796   simsec/sec=1.14198   ev/simsec=17334.8
     Messages:  created: 1711206   present: 1075   in FES: 114
** Event #1917184   t=164.505675951502   Elapsed: 104.72s (1m 44s)  32% completed  (16% total)
     Speed:     ev/sec=25020.2   simsec/sec=1.58955   ev/simsec=15740.4
     Messages:  created: 1761562   present: 1093   in FES: 127
** Event #1972480   t=168.148964238621   Elapsed: 106.724s (1m 46s)  33% completed  (16% total)
     Speed:     ev/sec=27589.4   simsec/sec=1.81778   ev/simsec=15177.5
     Messages:  created: 1816874   present: 1107   in FES: 124
** Event #2020096   t=171.333678422057   Elapsed: 108.731s (1m 48s)  34% completed  (17% total)
     Speed:     ev/sec=23723.3   simsec/sec=1.58669   ev/simsec=14951.4
     Messages:  created: 1864524   present: 1120   in FES: 126
** Event #2071552   t=175.014268025271   Elapsed: 110.742s (1m 50s)  35% completed  (17% total)
     Speed:     ev/sec=25595.4   simsec/sec=1.83081   ev/simsec=13980.4
     Messages:  created: 1917207   present: 1093   in FES: 118
** Event #2122752   t=178.400374243502   Elapsed: 112.742s (1m 52s)  35% completed  (17% total)
     Speed:     ev/sec=25590.1   simsec/sec=1.6924   ev/simsec=15120.6
     Messages:  created: 1967976   present: 1027   in FES: 98
** Event #2179584   t=182.62933977085   Elapsed: 114.743s (1m 54s)  36% completed  (18% total)
     Speed:     ev/sec=28410   simsec/sec=2.11404   ev/simsec=13438.7
     Messages:  created: 2024852   present: 1094   in FES: 126
** Event #2233088   t=186.31797862605   Elapsed: 116.75s (1m 56s)  37% completed  (18% total)
     Speed:     ev/sec=26653.4   simsec/sec=1.83752   ev/simsec=14505.1
     Messages:  created: 2079383   present: 1078   in FES: 115
** Event #2276864   t=189.12886945699   Elapsed: 118.761s (1m 58s)  37% completed  (18% total)
     Speed:     ev/sec=21766   simsec/sec=1.39761   ev/simsec=15573.7
     Messages:  created: 2124155   present: 1096   in FES: 121
** Event #2324480   t=192.42611653381   Elapsed: 120.783s (2m 00s)  38% completed  (19% total)
     Speed:     ev/sec=23552.8   simsec/sec=1.63095   ev/simsec=14441.1
     Messages:  created: 2172403   present: 1024   in FES: 97
** Event #2372352   t=196.024456155871   Elapsed: 122.787s (2m 02s)  39% completed  (19% total)
     Speed:     ev/sec=23883.3   simsec/sec=1.79521   ev/simsec=13303.9
     Messages:  created: 2221431   present: 1102   in FES: 126
** Event #2425600   t=199.368190568962   Elapsed: 124.805s (2m 04s)  39% completed  (19% total)
     Speed:     ev/sec=26393.2   simsec/sec=1.65737   ev/simsec=15924.7
     Messages:  created: 2274009   present: 1066   in FES: 111
** Event #2473216   t=202.494038631044   Elapsed: 126.809s (2m 06s)  40% completed  (20% total)
     Speed:     ev/sec=23764.8   simsec/sec=1.56009   ev/simsec=15233
     Messages:  created: 2320853   present: 1102   in FES: 123
** Event #2520064   t=205.505721911712   Elapsed: 128.818s (2m 08s)  41% completed  (20% total)
     Speed:     ev/sec=23319.1   simsec/sec=1.4991   ev/simsec=15555.4
     Messages:  created: 2366645   present: 1076   in FES: 115
** Event #2564864   t=208.349955165854   Elapsed: 130.822s (2m 10s)  41% completed  (20% total)
     Speed:     ev/sec=22345.9   simsec/sec=1.41868   ev/simsec=15751.2
     Messages:  created: 2410310   present: 1050   in FES: 105
** Event #2612736   t=211.407115561057   Elapsed: 132.832s (2m 12s)  42% completed  (21% total)
     Speed:     ev/sec=23818.4   simsec/sec=1.52107   ev/simsec=15659
     Messages:  created: 2456755   present: 1083   in FES: 114
** Event #2659840   t=214.430815791224   Elapsed: 134.846s (2m 14s)  42% completed  (21% total)
     Speed:     ev/sec=23396.6   simsec/sec=1.50187   ev/simsec=15578.3
     Messages:  created: 2502252   present: 1115   in FES: 126
** Event #2699264   t=217.032336485606   Elapsed: 136.847s (2m 16s)  43% completed  (21% total)
     Speed:     ev/sec=19700.9   simsec/sec=1.30003   ev/simsec=15154.2
     Messages:  created: 2542112   present: 1107   in FES: 126
** Event #2734848   t=219.070249039708   Elapsed: 139.031s (2m 19s)  43% completed  (21% total)
     Speed:     ev/sec=16291.9   simsec/sec=0.933044   ev/simsec=17461
     Messages:  created: 2576750   present: 1076   in FES: 113
** Event #2772224   t=221.326234666553   Elapsed: 141.037s (2m 21s)  44% completed  (22% total)
     Speed:     ev/sec=18633.9   simsec/sec=1.12473   ev/simsec=16567.5
     Messages:  created: 2613093   present: 1055   in FES: 124
** Event #2807296   t=223.430904287229   Elapsed: 143.039s (2m 23s)  44% completed  (22% total)
     Speed:     ev/sec=17512.4   simsec/sec=1.05092   ev/simsec=16663.9
     Messages:  created: 2646789   present: 1088   in FES: 117
** Event #2855936   t=226.403871105302   Elapsed: 145.043s (2m 25s)  45% completed  (22% total)
     Speed:     ev/sec=24274.4   simsec/sec=1.48369   ev/simsec=16360.8
     Messages:  created: 2693971   present: 1048   in FES: 101
** Event #2892544   t=228.628602791282   Elapsed: 147.049s (2m 27s)  45% completed  (22% total)
     Speed:     ev/sec=18252.6   simsec/sec=1.10924   ev/simsec=16455
     Messages:  created: 2729688   present: 1102   in FES: 126
** Event #2932480   t=231.028916736019   Elapsed: 149.051s (2m 29s)  46% completed  (23% total)
     Speed:     ev/sec=19946.3   simsec/sec=1.19886   ev/simsec=16637.8
     Messages:  created: 2769529   present: 1075   in FES: 110
** Event #2975488   t=233.400642174635   Elapsed: 151.056s (2m 31s)  46% completed  (23% total)
     Speed:     ev/sec=21445.8   simsec/sec=1.18266   ev/simsec=18133.6
     Messages:  created: 2810910   present: 1093   in FES: 120
** Event #3023616   t=236.343595788564   Elapsed: 153.059s (2m 33s)  47% completed  (23% total)
     Speed:     ev/sec=24035.6   simsec/sec=1.46974   ev/simsec=16353.6
     Messages:  created: 2858261   present: 1095   in FES: 120
** Event #3069952   t=239.093929277648   Elapsed: 155.06s (2m 35s)  47% completed  (23% total)
     Speed:     ev/sec=23156.7   simsec/sec=1.37449   ev/simsec=16847.4
     Messages:  created: 2904396   present: 1107   in FES: 122
** Event #3127552   t=242.317859558971   Elapsed: 157.061s (2m 37s)  48% completed  (24% total)
     Speed:     ev/sec=28775.9   simsec/sec=1.61062   ev/simsec=17866.4
     Messages:  created: 2963210   present: 1025   in FES: 97
** Event #3173888   t=245.035650655197   Elapsed: 159.066s (2m 39s)  49% completed  (24% total)
     Speed:     ev/sec=23110.6   simsec/sec=1.35553   ev/simsec=17049.1
     Messages:  created: 3011547   present: 1032   in FES: 97
** Event #3222016   t=247.650643168805   Elapsed: 161.073s (2m 41s)  49% completed  (24% total)
     Speed:     ev/sec=23982.2   simsec/sec=1.30305   ev/simsec=18404.6
     Messages:  created: 3060947   present: 1047   in FES: 104
** Event #3271424   t=250.43092771379   Elapsed: 163.088s (2m 43s)  50% completed  (25% total)
     Speed:     ev/sec=24520.9   simsec/sec=1.37984   ev/simsec=17770.8
     Messages:  created: 3111513   present: 1084   in FES: 115
** Event #3327488   t=254.019064431468   Elapsed: 165.097s (2m 45s)  50% completed  (25% total)
     Speed:     ev/sec=27904.1   simsec/sec=1.78588   ev/simsec=15624.8
     Messages:  created: 3170280   present: 1087   in FES: 116
** Event #3372288   t=256.395087000387   Elapsed: 167.104s (2m 47s)  51% completed  (25% total)
     Speed:     ev/sec=22324.2   simsec/sec=1.18399   ev/simsec=18855
     Messages:  created: 3215531   present: 1092   in FES: 119
** Event #3422464   t=259.426231160408   Elapsed: 169.117s (2m 49s)  51% completed  (25% total)
     Speed:     ev/sec=24928.8   simsec/sec=1.50595   ev/simsec=16553.5
     Messages:  created: 3267156   present: 1101   in FES: 122
** Event #3472128   t=262.40931881053   Elapsed: 171.12s (2m 51s)  52% completed  (26% total)
     Speed:     ev/sec=24787.3   simsec/sec=1.48886   ev/simsec=16648.5
     Messages:  created: 3318682   present: 1095   in FES: 126
** Event #3537920   t=266.176648581492   Elapsed: 173.124s (2m 53s)  53% completed  (26% total)
     Speed:     ev/sec=32836.6   simsec/sec=1.88026   ev/simsec=17463.8
     Messages:  created: 3387987   present: 1120   in FES: 128
** Event #3597824   t=269.878868237137   Elapsed: 175.126s (2m 55s)  53% completed  (26% total)
     Speed:     ev/sec=29915.2   simsec/sec=1.84884   ev/simsec=16180.6
     Messages:  created: 3452380   present: 1113   in FES: 141
** Event #3652864   t=273.076278973212   Elapsed: 177.132s (2m 57s)  54% completed  (27% total)
     Speed:     ev/sec=27443.7   simsec/sec=1.59427   ev/simsec=17213.9
     Messages:  created: 3510134   present: 1103   in FES: 122
** Event #3691008   t=275.368190872587   Elapsed: 179.149s (2m 59s)  55% completed  (27% total)
     Speed:     ev/sec=18915.2   simsec/sec=1.13653   ev/simsec=16642.9
     Messages:  created: 3549723   present: 1060   in FES: 109
** Event #3735296   t=278.128576954416   Elapsed: 181.16s (3m 01s)  55% completed  (27% total)
     Speed:     ev/sec=22024.1   simsec/sec=1.37272   ev/simsec=16044.1
     Messages:  created: 3595559   present: 1026   in FES: 97
** Event #3783168   t=281.128575389379   Elapsed: 183.17s (3m 03s)  56% completed  (28% total)
     Speed:     ev/sec=23810   simsec/sec=1.49211   ev/simsec=15957.3
     Messages:  created: 3644779   present: 1084   in FES: 117
** Event #3843584   t=285.091544001644   Elapsed: 185.173s (3m 05s)  57% completed  (28% total)
     Speed:     ev/sec=30158.6   simsec/sec=1.97825   ev/simsec=15245.1
     Messages:  created: 3705741   present: 1098   in FES: 126
** Event #3901184   t=288.682849338341   Elapsed: 187.313s (3m 07s)  57% completed  (28% total)
     Speed:     ev/sec=26923.2   simsec/sec=1.67864   ev/simsec=16038.7
     Messages:  created: 3764365   present: 1050   in FES: 122
** Event #3961344   t=292.129447927604   Elapsed: 189.326s (3m 09s)  58% completed  (29% total)
     Speed:     ev/sec=29883.3   simsec/sec=1.71203   ev/simsec=17454.9
     Messages:  created: 3825658   present: 1115   in FES: 126
** Event #4002816   t=294.494050422243   Elapsed: 191.327s (3m 11s)  58% completed  (29% total)
     Speed:     ev/sec=20722.5   simsec/sec=1.18153   ev/simsec=17538.7
     Messages:  created: 3868516   present: 1090   in FES: 119
** Event #4058880   t=298.042509634545   Elapsed: 193.332s (3m 13s)  59% completed  (29% total)
     Speed:     ev/sec=27970.9   simsec/sec=1.77036   ev/simsec=15799.5
     Messages:  created: 3926812   present: 1113   in FES: 126
** Event #4106752   t=300.576011155878   Elapsed: 195.335s (3m 15s)  60% completed  (30% total)
     Speed:     ev/sec=23896.7   simsec/sec=1.26467   ev/simsec=18895.6
     Messages:  created: 3975635   present: 1086   in FES: 126
** Event #4155648   t=303.15110363701   Elapsed: 197.344s (3m 17s)  60% completed  (30% total)
     Speed:     ev/sec=24341.7   simsec/sec=1.28195   ev/simsec=18988.1
     Messages:  created: 4027242   present: 1101   in FES: 119
** Event #4203776   t=306.028916235359   Elapsed: 199.345s (3m 19s)  61% completed  (30% total)
     Speed:     ev/sec=24043.8   simsec/sec=1.4377   ev/simsec=16723.8
     Messages:  created: 4079679   present: 1116   in FES: 123
** Event #4249344   t=308.42611653381   Elapsed: 201.361s (3m 21s)  61% completed  (30% total)
     Speed:     ev/sec=22609.9   simsec/sec=1.18944   ev/simsec=19008.8
     Messages:  created: 4128325   present: 1024   in FES: 97
** Event #4305408   t=311.947059859088   Elapsed: 203.367s (3m 23s)  62% completed  (31% total)
     Speed:     ev/sec=27951.4   simsec/sec=1.75541   ev/simsec=15923
     Messages:  created: 4189764   present: 1097   in FES: 126
** Event #4366592   t=315.90037526145   Elapsed: 205.478s (3m 25s)  63% completed  (31% total)
     Speed:     ev/sec=28975.4   simsec/sec=1.8722   ev/simsec=15476.6
     Messages:  created: 4254375   present: 1087   in FES: 126
** Event #4422144   t=319.407113968059   Elapsed: 207.481s (3m 27s)  63% completed  (31% total)
     Speed:     ev/sec=27742.6   simsec/sec=1.75126   ev/simsec=15841.5
     Messages:  created: 4311958   present: 1120   in FES: 125
** Event #4488192   t=324.055471060961   Elapsed: 209.481s (3m 29s)  64% completed  (32% total)
     Speed:     ev/sec=33016.4   simsec/sec=2.32364   ev/simsec=14208.9
     Messages:  created: 4380949   present: 1030   in FES: 97
** Event #4541696   t=327.506386151344   Elapsed: 211.484s (3m 31s)  65% completed  (32% total)
     Speed:     ev/sec=26716.2   simsec/sec=1.72315   ev/simsec=15504.3
     Messages:  created: 4436315   present: 1116   in FES: 147
** Event #4609536   t=332.09714442693   Elapsed: 213.485s (3m 33s)  66% completed  (33% total)
     Speed:     ev/sec=33903.7   simsec/sec=2.29428   ev/simsec=14777.5
     Messages:  created: 4507203   present: 1074   in FES: 111
** Event #4666624   t=335.878601476084   Elapsed: 215.485s (3m 35s)  67% completed  (33% total)
     Speed:     ev/sec=28536.8   simsec/sec=1.89025   ev/simsec=15096.8
     Messages:  created: 4568708   present: 1025   in FES: 97
** Event #4723968   t=339.378604351518   Elapsed: 217.504s (3m 37s)  67% completed  (33% total)
     Speed:     ev/sec=28399.6   simsec/sec=1.73337   ev/simsec=16384
     Messages:  created: 4628765   present: 1113   in FES: 126
** Event #4769536   t=342.494042768717   Elapsed: 219.513s (3m 39s)  68% completed  (34% total)
     Speed:     ev/sec=22686.8   simsec/sec=1.55107   ev/simsec=14626.5
     Messages:  created: 4676394   present: 1093   in FES: 120
** Event #4823808   t=346.159921717436   Elapsed: 221.517s (3m 41s)  69% completed  (34% total)
     Speed:     ev/sec=27085.9   simsec/sec=1.82956   ev/simsec=14804.6
     Messages:  created: 4732610   present: 1112   in FES: 123
** Event #4871168   t=349.333642492512   Elapsed: 223.517s (3m 43s)  69% completed  (34% total)
     Speed:     ev/sec=23675.4   simsec/sec=1.58655   ev/simsec=14922.5
     Messages:  created: 4781144   present: 1120   in FES: 125
** Event #4914688   t=352.070248647371   Elapsed: 225.52s (3m 45s)  70% completed  (35% total)
     Speed:     ev/sec=21727.7   simsec/sec=1.36627   ev/simsec=15902.9
     Messages:  created: 4826433   present: 1100   in FES: 121
** Event #4971776   t=355.826428947904   Elapsed: 227.521s (3m 47s)  71% completed  (35% total)
     Speed:     ev/sec=28526.7   simsec/sec=1.87695   ev/simsec=15198.4
     Messages:  created: 4884964   present: 1099   in FES: 126
** Event #5027840   t=359.148973955765   Elapsed: 229.527s (3m 49s)  71% completed  (35% total)
     Speed:     ev/sec=27949   simsec/sec=1.65635   ev/simsec=16873.8
     Messages:  created: 4941839   present: 1037   in FES: 100
** Event #5084928   t=362.423758913906   Elapsed: 231.534s (3m 51s)  72% completed  (36% total)
     Speed:     ev/sec=28439.7   simsec/sec=1.63141   ev/simsec=17432.6
     Messages:  created: 5000791   present: 1093   in FES: 119
** Event #5132032   t=365.151077653203   Elapsed: 233.54s (3m 53s)  73% completed  (36% total)
     Speed:     ev/sec=23488.7   simsec/sec=1.35999   ev/simsec=17271.2
     Messages:  created: 5048949   present: 1095   in FES: 119
** Event #5182976   t=368.148964427342   Elapsed: 235.552s (3m 55s)  73% completed  (36% total)
     Speed:     ev/sec=25320   simsec/sec=1.49   ev/simsec=16993.3
     Messages:  created: 5101651   present: 1101   in FES: 122
** Event #5237248   t=371.505721192607   Elapsed: 237.559s (3m 57s)  74% completed  (37% total)
     Speed:     ev/sec=27045.2   simsec/sec=1.67277   ev/simsec=16168
     Messages:  created: 5157859   present: 1085   in FES: 116
** Event #5296640   t=375.375174763195   Elapsed: 239.567s (3m 59s)  75% completed  (37% total)
     Speed:     ev/sec=29566   simsec/sec=1.92626   ev/simsec=15348.9
     Messages:  created: 5220329   present: 1086   in FES: 117
** Event #5358080   t=379.176271034075   Elapsed: 241.569s (4m 01s)  75% completed  (37% total)
     Speed:     ev/sec=30695.3   simsec/sec=1.89902   ev/simsec=16163.8
     Messages:  created: 5285774   present: 1105   in FES: 124
** Event #5417728   t=383.099399446197   Elapsed: 243.574s (4m 03s)  76% completed  (38% total)
     Speed:     ev/sec=29746.9   simsec/sec=1.95649   ev/simsec=15204.2
     Messages:  created: 5349264   present: 1121   in FES: 124
** Event #5484800   t=387.755453376099   Elapsed: 245.576s (4m 05s)  77% completed  (38% total)
     Speed:     ev/sec=33502.9   simsec/sec=2.32573   ev/simsec=14405.3
     Messages:  created: 5422098   present: 1022   in FES: 96
** Event #5557760   t=392.152533227319   Elapsed: 247.579s (4m 07s)  78% completed  (39% total)
     Speed:     ev/sec=36435.9   simsec/sec=2.19588   ev/simsec=16592.8
     Messages:  created: 5503102   present: 1106   in FES: 119
** Event #5614336   t=396.019063657838   Elapsed: 249.584s (4m 09s)  79% completed  (39% total)
     Speed:     ev/sec=28203.6   simsec/sec=1.9275   ev/simsec=14632.2
     Messages:  created: 5565633   present: 1109   in FES: 124
** Event #5670400   t=399.43262591984   Elapsed: 251.592s (4m 11s)  79% completed  (39% total)
     Speed:     ev/sec=27921   simsec/sec=1.70002   ev/simsec=16423.9
     Messages:  created: 5625345   present: 1092   in FES: 126
** Event #5738496   t=403.698240272038   Elapsed: 253.597s (4m 13s)  80% completed  (40% total)
     Speed:     ev/sec=33975.7   simsec/sec=2.12828   ev/simsec=15963.9
     Messages:  created: 5700298   present: 1091   in FES: 126
** Event #5797376   t=408.001205877771   Elapsed: 255.601s (4m 15s)  81% completed  (40% total)
     Speed:     ev/sec=29380.3   simsec/sec=2.14712   ev/simsec=13683.6
     Messages:  created: 5762985   present: 1081   in FES: 116
** Event #5854720   t=412.05948719616   Elapsed: 257.607s (4m 17s)  82% completed  (41% total)
     Speed:     ev/sec=28585   simsec/sec=2.02298   ev/simsec=14130.1
     Messages:  created: 5822704   present: 1111   in FES: 122
** Event #5905408   t=415.407025741066   Elapsed: 259.617s (4m 19s)  83% completed  (41% total)
     Speed:     ev/sec=25217.3   simsec/sec=1.6654   ev/simsec=15141.9
     Messages:  created: 5876167   present: 1101   in FES: 126
** Event #5969152   t=420.019011016822   Elapsed: 261.627s (4m 21s)  84% completed  (42% total)
     Speed:     ev/sec=31713.1   simsec/sec=2.2945   ev/simsec=13821.4
     Messages:  created: 5944462   present: 1100   in FES: 126
** Event #6027264   t=424.037836448218   Elapsed: 263.631s (4m 23s)  84% completed  (42% total)
     Speed:     ev/sec=28993.1   simsec/sec=2.00506   ev/simsec=14459.9
     Messages:  created: 6004195   present: 1054   in FES: 105
** Event #6087424   t=428.10565715128   Elapsed: 265.645s (4m 25s)  85% completed  (42% total)
     Speed:     ev/sec=29881.5   simsec/sec=2.02049   ev/simsec=14789.2
     Messages:  created: 6065212   present: 1102   in FES: 126
** Event #6145536   t=432.343600662233   Elapsed: 267.657s (4m 27s)  86% completed  (43% total)
     Speed:     ev/sec=28878.7   simsec/sec=2.10604   ev/simsec=13712.3
     Messages:  created: 6123546   present: 1054   in FES: 107
** Event #6194688   t=436.062214172189   Elapsed: 269.658s (4m 29s)  87% completed  (43% total)
     Speed:     ev/sec=24564.8   simsec/sec=1.85846   ev/simsec=13217.8
     Messages:  created: 6172901   present: 1095   in FES: 126
** Event #6237952   t=439.128590352017   Elapsed: 271.666s (4m 31s)  87% completed  (43% total)
     Speed:     ev/sec=21540.6   simsec/sec=1.52671   ev/simsec=14109.2
     Messages:  created: 6215716   present: 1108   in FES: 125
** Event #6285568   t=442.494019969879   Elapsed: 273.669s (4m 33s)  88% completed  (44% total)
     Speed:     ev/sec=23776.5   simsec/sec=1.68049   ev/simsec=14148.6
     Messages:  created: 6263930   present: 1077   in FES: 114
** Event #6351872   t=447.150641616381   Elapsed: 275.677s (4m 35s)  89% completed  (44% total)
     Speed:     ev/sec=33015.8   simsec/sec=2.31875   ev/simsec=14238.6
     Messages:  created: 6332035   present: 1112   in FES: 129
** Event #6398208   t=450.407119451813   Elapsed: 277.69s (4m 37s)  90% completed  (45% total)
     Speed:     ev/sec=23020.5   simsec/sec=1.61787   ev/simsec=14228.9
     Messages:  created: 6379473   present: 1079   in FES: 112
** Event #6440960   t=453.436685554755   Elapsed: 279.696s (4m 39s)  90% completed  (45% total)
     Speed:     ev/sec=21314.8   simsec/sec=1.51045   ev/simsec=14111.6
     Messages:  created: 6423488   present: 1097   in FES: 120
** Event #6492416   t=457.097955570095   Elapsed: 281.698s (4m 41s)  91% completed  (45% total)
     Speed:     ev/sec=25697.1   simsec/sec=1.82843   ev/simsec=14054.1
     Messages:  created: 6475926   present: 1118   in FES: 125
** Event #6539264   t=460.255723594767   Elapsed: 283.699s (4m 43s)  92% completed  (46% total)
     Speed:     ev/sec=23412.7   simsec/sec=1.57812   ev/simsec=14835.8
     Messages:  created: 6523498   present: 1025   in FES: 96
** Event #6590464   t=464.019010249769   Elapsed: 285.709s (4m 45s)  92% completed  (46% total)
     Speed:     ev/sec=25473.1   simsec/sec=1.87231   ev/simsec=13605.1
     Messages:  created: 6576000   present: 1093   in FES: 126
** Event #6634240   t=466.87935279118   Elapsed: 287.712s (4m 47s)  93% completed  (46% total)
     Speed:     ev/sec=21855.8   simsec/sec=1.42807   ev/simsec=15304.5
     Messages:  created: 6620153   present: 1091   in FES: 153
** Event #6676480   t=469.378836225929   Elapsed: 289.716s (4m 49s)  93% completed  (46% total)
     Speed:     ev/sec=21073.9   simsec/sec=1.24701   ev/simsec=16899.5
     Messages:  created: 6662074   present: 1104   in FES: 140
** Event #6726144   t=472.432891488611   Elapsed: 291.721s (4m 51s)  94% completed  (47% total)
     Speed:     ev/sec=24778.2   simsec/sec=1.52372   ev/simsec=16261.7
     Messages:  created: 6712546   present: 1120   in FES: 145
** Event #6771968   t=475.407143365747   Elapsed: 293.73s (4m 53s)  95% completed  (47% total)
     Speed:     ev/sec=22806.8   simsec/sec=1.4803   ev/simsec=15406.9
     Messages:  created: 6759036   present: 1060   in FES: 107
** Event #6829312   t=479.328685283701   Elapsed: 295.738s (4m 55s)  95% completed  (47% total)
     Speed:     ev/sec=28556.7   simsec/sec=1.95289   ev/simsec=14622.8
     Messages:  created: 6816512   present: 1094   in FES: 119
** Event #6883840   t=483.063950357344   Elapsed: 297.743s (4m 57s)  96% completed  (48% total)
     Speed:     ev/sec=27195.9   simsec/sec=1.86296   ev/simsec=14598.2
     Messages:  created: 6871300   present: 1035   in FES: 96
** Event #6934528   t=486.37959217433   Elapsed: 299.747s (4m 59s)  97% completed  (48% total)
     Speed:     ev/sec=25292.3   simsec/sec=1.65444   ev/simsec=15287.5
     Messages:  created: 6922141   present: 1093   in FES: 147
** Event #6991616   t=490.238301519972   Elapsed: 301.75s (5m 01s)  98% completed  (49% total)
     Speed:     ev/sec=28496.8   simsec/sec=1.92617   ev/simsec=14794.6
     Messages:  created: 6979420   present: 1094   in FES: 126
** Event #7046144   t=494.014099183223   Elapsed: 303.755s (5m 03s)  98% completed  (49% total)
     Speed:     ev/sec=27207.5   simsec/sec=1.88398   ev/simsec=14441.5
     Messages:  created: 7034166   present: 1031   in FES: 96
** Event #7087104   t=497.019010607506   Elapsed: 305.775s (5m 05s)  99% completed  (49% total)
     Speed:     ev/sec=20275.6   simsec/sec=1.48746   ev/simsec=13631
     Messages:  created: 7073892   present: 1093   in FES: 126
** Event #7128064   t=499.368181724677   Elapsed: 307.788s (5m 07s)  99% completed  (49% total)
     Speed:     ev/sec=20341.7   simsec/sec=1.16665   ev/simsec=17435.9
     Messages:  created: 7115590   present: 1108   in FES: 125
** Event #7132766   t=500   Elapsed: 307.943s (5m 07s)  100% completed  (50% total)
     Speed:     ev/sec=30360.4   simsec/sec=4.0632   ev/simsec=7472.04
     Messages:  created: 7120854   present: 1021   in FES: 95

<!> Simulation time limit reached -- at t=500s, event #7132766
undisposed object: (omnetpp::cMessage) FanetStressNetwork.uav[0].app.debugTimer -- check module destructor
undisposed object: (omnetpp::cMessage) FanetStressNetwork.uav[1].app.debugTimer -- check module destructor
undisposed object: (omnetpp::cMessage) FanetStressNetwork.uav[2].app.debugTimer -- check module destructor
undisposed object: (omnetpp::cMessage) FanetStressNetwork.uav[3].app.debugTimer -- check module destructor
undisposed object: (omnetpp::cMessage) FanetStressNetwork.uav[4].app.debugTimer -- check module destructor
undisposed object: (omnetpp::cMessage) FanetStressNetwork.uav[5].app.debugTimer -- check module destructor
undisposed object: (omnetpp::cMessage) FanetStressNetwork.uav[6].app.debugTimer -- check module destructor
undisposed object: (omnetpp::cMessage) FanetStressNetwork.uav[7].app.debugTimer -- check module destructor
undisposed object: (omnetpp::cMessage) FanetStressNetwork.uav[8].app.debugTimer -- check module destructor
undisposed object: (omnetpp::cMessage) FanetStressNetwork.uav[9].app.debugTimer -- check module destructor
undisposed object: (omnetpp::cMessage) FanetStressNetwork.uav[10].app.debugTimer -- check module destructor
undisposed object: (omnetpp::cMessage) FanetStressNetwork.uav[11].app.debugTimer -- check module destructor
undisposed object: (omnetpp::cMessage) FanetStressNetwork.uav[12].app.debugTimer -- check module destructor
undisposed object: (omnetpp::cMessage) FanetStressNetwork.uav[13].app.debugTimer -- check module destructor
undisposed object: (omnetpp::cMessage) FanetStressNetwork.uav[14].app.debugTimer -- check module destructor
undisposed object: (omnetpp::cMessage) FanetStressNetwork.uav[15].app.debugTimer -- check module destructor
undisposed object: (omnetpp::cMessage) FanetStressNetwork.uav[16].app.debugTimer -- check module destructor
undisposed object: (omnetpp::cMessage) FanetStressNetwork.uav[17].app.debugTimer -- check module destructor
undisposed object: (omnetpp::cMessage) FanetStressNetwork.uav[18].app.debugTimer -- check module destructor
undisposed object: (omnetpp::cMessage) FanetStressNetwork.uav[19].app.debugTimer -- check module destructor
undisposed object: (omnetpp::cMessage) FanetStressNetwork.uav[20].app.debugTimer -- check module destructor
undisposed object: (omnetpp::cMessage) FanetStressNetwork.uav[21].app.debugTimer -- check module destructor
undisposed object: (omnetpp::cMessage) FanetStressNetwork.uav[22].app.debugTimer -- check module destructor
undisposed object: (omnetpp::cMessage) FanetStressNetwork.uav[23].app.debugTimer -- check module destructor
undisposed object: (omnetpp::cMessage) FanetStressNetwork.uav[24].app.debugTimer -- check module destructor
undisposed object: (omnetpp::cMessage) FanetStressNetwork.uav[25].app.debugTimer -- check module destructor
undisposed object: (omnetpp::cMessage) FanetStressNetwork.uav[26].app.debugTimer -- check module destructor
undisposed object: (omnetpp::cMessage) FanetStressNetwork.uav[27].app.debugTimer -- check module destructor
undisposed object: (omnetpp::cMessage) FanetStressNetwork.uav[28].app.debugTimer -- check module destructor
undisposed object: (omnetpp::cMessage) FanetStressNetwork.uav[29].app.debugTimer -- check module destructor
