** Event #0   t=0   Elapsed: 1.5e-05s (0m 00s)  0% completed  (0% total)
     Speed:     ev/sec=0   simsec/sec=0   ev/simsec=0
     Messages:  created: 1081   present: 1081   in FES: 161
** Event #43776   t=5.45047578763   Elapsed: 2.00637s (0m 02s)  1% completed  (0% total)
     Speed:     ev/sec=21819.1   simsec/sec=2.7166   ev/simsec=8031.78
     Messages:  created: 37356   present: 1108   in FES: 125
** Event #81408   t=10.016492373717   Elapsed: 4.01098s (0m 04s)  2% completed  (1% total)
     Speed:     ev/sec=18772.7   simsec/sec=2.27776   ev/simsec=8241.76
     Messages:  created: 68433   present: 1089   in FES: 114
** Event #117248   t=14.01870081608   Elapsed: 6.0156s (0m 06s)  2% completed  (1% total)
     Speed:     ev/sec=17878.7   simsec/sec=1.99649   ev/simsec=8955.06
     Messages:  created: 98072   present: 1031   in FES: 96
** Event #154368   t=18.04815433457   Elapsed: 8.02566s (0m 08s)  3% completed  (1% total)
     Speed:     ev/sec=18467.2   simsec/sec=2.00466   ev/simsec=9212.17
     Messages:  created: 128675   present: 1092   in FES: 126
** Event #189184   t=22.017088738125   Elapsed: 10.0259s (0m 10s)  4% completed  (2% total)
     Speed:     ev/sec=17405.7   simsec/sec=1.98421   ev/simsec=8772.13
     Messages:  created: 157348   present: 1113   in FES: 122
** Event #228864   t=26.142021395732   Elapsed: 12.0344s (0m 12s)  5% completed  (2% total)
     Speed:     ev/sec=19756.3   simsec/sec=2.05376   ev/simsec=9619.55
     Messages:  created: 190298   present: 1081   in FES: 116
** Event #265472   t=30.260723453811   Elapsed: 14.0421s (0m 14s)  6% completed  (3% total)
     Speed:     ev/sec=18233.3   simsec/sec=2.0514   ev/simsec=8888.24
     Messages:  created: 220631   present: 1096   in FES: 121
** Event #305152   t=35.019042502661   Elapsed: 16.0441s (0m 16s)  7% completed  (3% total)
     Speed:     ev/sec=19820.2   simsec/sec=2.37679   ev/simsec=8339.08
     Messages:  created: 253345   present: 1099   in FES: 118
** Event #340992   t=39.018988914202   Elapsed: 18.045s (0m 18s)  7% completed  (3% total)
     Speed:     ev/sec=17911.9   simsec/sec=1.99907   ev/simsec=8960.12
     Messages:  created: 282909   present: 1105   in FES: 126
** Event #376576   t=43.016794589277   Elapsed: 20.0474s (0m 20s)  8% completed  (4% total)
     Speed:     ev/sec=17771   simsec/sec=1.99654   ev/simsec=8900.88
     Messages:  created: 312326   present: 1079   in FES: 110
** Event #417280   t=47.163871892057   Elapsed: 22.0613s (0m 22s)  9% completed  (4% total)
     Speed:     ev/sec=20211.5   simsec/sec=2.05922   ev/simsec=9815.11
     Messages:  created: 345897   present: 1098   in FES: 121
** Event #452608   t=51.072415501567   Elapsed: 24.0752s (0m 24s)  10% completed  (5% total)
     Speed:     ev/sec=17542   simsec/sec=1.94078   ev/simsec=9038.66
     Messages:  created: 374464   present: 1108   in FES: 121
** Event #484608   t=54.303134062746   Elapsed: 26.0855s (0m 26s)  10% completed  (5% total)
     Speed:     ev/sec=15918.1   simsec/sec=1.60709   ev/simsec=9904.92
     Messages:  created: 399960   present: 1041   in FES: 102
** Event #521728   t=58.26070756612   Elapsed: 28.0863s (0m 28s)  11% completed  (5% total)
     Speed:     ev/sec=18552.4   simsec/sec=1.97798   ev/simsec=9379.48
     Messages:  created: 429863   present: 1099   in FES: 122
** Event #555008   t=62.058255381389   Elapsed: 30.0904s (0m 30s)  12% completed  (6% total)
     Speed:     ev/sec=16606.2   simsec/sec=1.89492   ev/simsec=8763.55
     Messages:  created: 456843   present: 1085   in FES: 116
** Event #588800   t=65.472220154198   Elapsed: 32.1109s (0m 32s)  13% completed  (6% total)
     Speed:     ev/sec=16724.6   simsec/sec=1.68966   ev/simsec=9898.17
     Messages:  created: 484164   present: 1057   in FES: 108
** Event #623360   t=69.163892142348   Elapsed: 34.1156s (0m 34s)  13% completed  (6% total)
     Speed:     ev/sec=17239.3   simsec/sec=1.84149   ev/simsec=9361.61
     Messages:  created: 512165   present: 1064   in FES: 109
** Event #656640   t=73.045659634844   Elapsed: 36.1208s (0m 36s)  14% completed  (7% total)
     Speed:     ev/sec=16597.1   simsec/sec=1.93588   ev/simsec=8573.41
     Messages:  created: 539181   present: 1098   in FES: 121
** Event #691200   t=76.562457077836   Elapsed: 38.131s (0m 38s)  15% completed  (7% total)
     Speed:     ev/sec=17191.9   simsec/sec=1.74943   ev/simsec=9827.12
     Messages:  created: 567175   present: 1021   in FES: 95
** Event #726528   t=80.18687591436   Elapsed: 40.1536s (0m 40s)  16% completed  (8% total)
     Speed:     ev/sec=17466.6   simsec/sec=1.79196   ev/simsec=9747.22
     Messages:  created: 595492   present: 1021   in FES: 95
** Event #761344   t=84.045660609298   Elapsed: 42.1554s (0m 42s)  16% completed  (8% total)
     Speed:     ev/sec=17392.5   simsec/sec=1.92767   ev/simsec=9022.53
     Messages:  created: 622935   present: 1065   in FES: 110
** Event #791808   t=87.068896982574   Elapsed: 44.1696s (0m 44s)  17% completed  (8% total)
     Speed:     ev/sec=15124.9   simsec/sec=1.50099   ev/simsec=10076.6
     Messages:  created: 647050   present: 1101   in FES: 120
** Event #823808   t=90.266988673594   Elapsed: 46.1881s (0m 46s)  18% completed  (9% total)
     Speed:     ev/sec=15852.9   simsec/sec=1.58434   ev/simsec=10006
     Messages:  created: 672462   present: 1085   in FES: 116
** Event #854272   t=94.003397918672   Elapsed: 48.1897s (0m 48s)  18% completed  (9% total)
     Speed:     ev/sec=15220   simsec/sec=1.86673   ev/simsec=8153.28
     Messages:  created: 696870   present: 1104   in FES: 126
** Event #889344   t=97.303132854156   Elapsed: 50.2056s (0m 50s)  19% completed  (9% total)
     Speed:     ev/sec=17397.9   simsec/sec=1.63687   ev/simsec=10628.7
     Messages:  created: 725260   present: 1084   in FES: 117
** Event #923392   t=101.014485219269   Elapsed: 52.2112s (0m 52s)  20% completed  (10% total)
     Speed:     ev/sec=16976   simsec/sec=1.85045   ev/simsec=9174.01
     Messages:  created: 754266   present: 1074   in FES: 109
** Event #961536   t=103.490273016061   Elapsed: 54.215s (0m 54s)  20% completed  (10% total)
     Speed:     ev/sec=19036.4   simsec/sec=1.23558   ev/simsec=15406.8
     Messages:  created: 791673   present: 1092   in FES: 128
** Event #1003520   t=106.446223926179   Elapsed: 56.2178s (0m 56s)  21% completed  (10% total)
     Speed:     ev/sec=20962.9   simsec/sec=1.47592   ev/simsec=14203.2
     Messages:  created: 834593   present: 1108   in FES: 126
** Event #1045248   t=109.405244508629   Elapsed: 58.2214s (0m 58s)  21% completed  (10% total)
     Speed:     ev/sec=20826.7   simsec/sec=1.47686   ev/simsec=14102
     Messages:  created: 877010   present: 1053   in FES: 118
** Event #1085440   t=112.2402732586   Elapsed: 60.2254s (1m 00s)  22% completed  (11% total)
     Speed:     ev/sec=20055.3   simsec/sec=1.41464   ev/simsec=14176.9
     Messages:  created: 917989   present: 1077   in FES: 128
** Event #1119232   t=114.696444567674   Elapsed: 62.2304s (1m 02s)  22% completed  (11% total)
     Speed:     ev/sec=16854.2   simsec/sec=1.22505   ev/simsec=13758
     Messages:  created: 952625   present: 1097   in FES: 127
** Event #1161216   t=117.426479667761   Elapsed: 64.2319s (1m 04s)  23% completed  (11% total)
     Speed:     ev/sec=20976   simsec/sec=1.36397   ev/simsec=15378.6
     Messages:  created: 994975   present: 1035   in FES: 100
** Event #1200384   t=120.155126221696   Elapsed: 66.2365s (1m 06s)  24% completed  (12% total)
     Speed:     ev/sec=19539.3   simsec/sec=1.36121   ev/simsec=14354.4
     Messages:  created: 1034463   present: 1066   in FES: 109
** Event #1238784   t=123.070349034844   Elapsed: 68.2448s (1m 08s)  24% completed  (12% total)
     Speed:     ev/sec=19120.8   simsec/sec=1.4516   ev/simsec=13172.2
     Messages:  created: 1072696   present: 1115   in FES: 124
** Event #1276928   t=126.00535016013   Elapsed: 70.2455s (1m 10s)  25% completed  (12% total)
     Speed:     ev/sec=19064.8   simsec/sec=1.46694   ev/simsec=12996.2
     Messages:  created: 1111005   present: 1081   in FES: 114
** Event #1314048   t=128.303141586782   Elapsed: 72.2636s (1m 12s)  25% completed  (12% total)
     Speed:     ev/sec=18393.3   simsec/sec=1.13858   ev/simsec=16154.6
     Messages:  created: 1147380   present: 1041   in FES: 102
** Event #1353984   t=131.062991134253   Elapsed: 74.2658s (1m 14s)  26% completed  (13% total)
     Speed:     ev/sec=19946.2   simsec/sec=1.37842   ev/simsec=14470.4
     Messages:  created: 1187903   present: 1096   in FES: 119
** Event #1389056   t=133.366669702107   Elapsed: 76.2869s (1m 16s)  26% completed  (13% total)
     Speed:     ev/sec=17353.5   simsec/sec=1.13985   ev/simsec=15224.3
     Messages:  created: 1223447   present: 1099   in FES: 122
** Event #1429248   t=136.005350393007   Elapsed: 78.2956s (1m 18s)  27% completed  (13% total)
     Speed:     ev/sec=20008.8   simsec/sec=1.31362   ev/simsec=15231.9
     Messages:  created: 1267046   present: 1085   in FES: 116
** Event #1471488   t=138.490051897448   Elapsed: 80.3142s (1m 20s)  27% completed  (13% total)
     Speed:     ev/sec=20925   simsec/sec=1.23088   ev/simsec=17000
     Messages:  created: 1310697   present: 1108   in FES: 126
** Event #1515008   t=141.408183314692   Elapsed: 82.3154s (1m 22s)  28% completed  (14% total)
     Speed:     ev/sec=21747.5   simsec/sec=1.45823   ev/simsec=14913.7
     Messages:  created: 1356587   present: 1088   in FES: 117
** Event #1556992   t=144.163884259415   Elapsed: 84.3158s (1m 24s)  28% completed  (14% total)
     Speed:     ev/sec=20987.5   simsec/sec=1.37756   ev/simsec=15235.3
     Messages:  created: 1400403   present: 1071   in FES: 110
** Event #1592576   t=146.472227699058   Elapsed: 86.3255s (1m 26s)  29% completed  (14% total)
     Speed:     ev/sec=17706   simsec/sec=1.14859   ev/simsec=15415.4
     Messages:  created: 1437535   present: 1075   in FES: 114
** Event #1636608   t=149.154429685074   Elapsed: 88.3344s (1m 28s)  29% completed  (14% total)
     Speed:     ev/sec=21918.1   simsec/sec=1.33514   ev/simsec=16416.4
     Messages:  created: 1483449   present: 1108   in FES: 133
** Event #1675776   t=152.005350562627   Elapsed: 90.3359s (1m 30s)  30% completed  (15% total)
     Speed:     ev/sec=19569.3   simsec/sec=1.42439   ev/simsec=13738.7
     Messages:  created: 1523792   present: 1070   in FES: 111
** Event #1714432   t=154.303043272832   Elapsed: 92.3362s (1m 32s)  30% completed  (15% total)
     Speed:     ev/sec=19325   simsec/sec=1.14867   ev/simsec=16823.8
     Messages:  created: 1561929   present: 1100   in FES: 126
** Event #1752832   t=157.01520930097   Elapsed: 94.3415s (1m 34s)  31% completed  (15% total)
     Speed:     ev/sec=19149.7   simsec/sec=1.35253   ev/simsec=14158.4
     Messages:  created: 1601382   present: 1106   in FES: 119
** Event #1790464   t=159.154429362938   Elapsed: 96.3516s (1m 36s)  31% completed  (15% total)
     Speed:     ev/sec=18720.9   simsec/sec=1.0642   ev/simsec=17591.5
     Messages:  created: 1638988   present: 1105   in FES: 140
** Event #1822464   t=161.141914607285   Elapsed: 98.399s (1m 38s)  32% completed  (16% total)
     Speed:     ev/sec=15630.3   simsec/sec=0.970779   ev/simsec=16100.7
     Messages:  created: 1671331   present: 1085   in FES: 126
** Event #1855232   t=163.240318026557   Elapsed: 100.4s (1m 40s)  32% completed  (16% total)
     Speed:     ev/sec=16377.1   simsec/sec=1.04876   ev/simsec=15615.7
     Messages:  created: 1703429   present: 1086   in FES: 117
** Event #1886976   t=165.366673820153   Elapsed: 102.404s (1m 42s)  33% completed  (16% total)
     Speed:     ev/sec=15841   simsec/sec=1.0611   ev/simsec=14928.8
     Messages:  created: 1733675   present: 1090   in FES: 119
** Event #1918208   t=167.386466539441   Elapsed: 104.429s (1m 44s)  33% completed  (16% total)
     Speed:     ev/sec=15422.6   simsec/sec=0.997392   ev/simsec=15463
     Messages:  created: 1763399   present: 1025   in FES: 96
** Event #1950464   t=169.472239793822   Elapsed: 106.441s (1m 46s)  33% completed  (16% total)
     Speed:     ev/sec=16029.5   simsec/sec=1.03652   ev/simsec=15464.8
     Messages:  created: 1794193   present: 1048   in FES: 105
** Event #1985280   t=172.014484199572   Elapsed: 108.45s (1m 48s)  34% completed  (17% total)
     Speed:     ev/sec=17332.2   simsec/sec=1.26558   ev/simsec=13695
     Messages:  created: 1828244   present: 1110   in FES: 121
** Event #2020352   t=174.070348350648   Elapsed: 110.464s (1m 50s)  34% completed  (17% total)
     Speed:     ev/sec=17409.8   simsec/sec=1.02053   ev/simsec=17059.5
     Messages:  created: 1861772   present: 1103   in FES: 120
** Event #2054656   t=176.24280748788   Elapsed: 112.611s (1m 52s)  35% completed  (17% total)
     Speed:     ev/sec=15983.6   simsec/sec=1.01224   ev/simsec=15790.4
     Messages:  created: 1894884   present: 1108   in FES: 123
** Event #2087168   t=178.44736200105   Elapsed: 114.615s (1m 54s)  35% completed  (17% total)
     Speed:     ev/sec=16221.8   simsec/sec=1.09996   ev/simsec=14747.7
     Messages:  created: 1926087   present: 1077   in FES: 127
** Event #2124032   t=181.067654269967   Elapsed: 116.618s (1m 56s)  36% completed  (18% total)
     Speed:     ev/sec=18406.6   simsec/sec=1.30834   ev/simsec=14068.7
     Messages:  created: 1961981   present: 1095   in FES: 119
** Event #2158848   t=183.335849424774   Elapsed: 118.62s (1m 58s)  36% completed  (18% total)
     Speed:     ev/sec=17389.4   simsec/sec=1.13289   ev/simsec=15349.6
     Messages:  created: 1995337   present: 1069   in FES: 112
** Event #2191616   t=185.696906826313   Elapsed: 120.62s (2m 00s)  37% completed  (18% total)
     Speed:     ev/sec=16382.2   simsec/sec=1.1804   ev/simsec=13878.5
     Messages:  created: 2027591   present: 1100   in FES: 121
** Event #2226944   t=188.072650171674   Elapsed: 122.628s (2m 02s)  37% completed  (18% total)
     Speed:     ev/sec=17595.5   simsec/sec=1.18326   ev/simsec=14870.3
     Messages:  created: 2061904   present: 1097   in FES: 116
** Event #2260480   t=190.351425933637   Elapsed: 124.638s (2m 04s)  38% completed  (19% total)
     Speed:     ev/sec=16684.1   simsec/sec=1.13369   ev/simsec=14716.7
     Messages:  created: 2094458   present: 1093   in FES: 120
** Event #2295808   t=193.008792618489   Elapsed: 126.645s (2m 06s)  38% completed  (19% total)
     Speed:     ev/sec=17596.3   simsec/sec=1.32359   ev/simsec=13294.4
     Messages:  created: 2129719   present: 1106   in FES: 121
** Event #2332160   t=195.167324860324   Elapsed: 128.672s (2m 08s)  39% completed  (19% total)
     Speed:     ev/sec=17941.5   simsec/sec=1.06534   ev/simsec=16841.1
     Messages:  created: 2165063   present: 1090   in FES: 126
** Event #2367744   t=197.38757089086   Elapsed: 130.679s (2m 10s)  39% completed  (19% total)
     Speed:     ev/sec=17730   simsec/sec=1.10625   ev/simsec=16027.1
     Messages:  created: 2200775   present: 1030   in FES: 108
** Event #2405376   t=200.003397138099   Elapsed: 132.683s (2m 12s)  40% completed  (20% total)
     Speed:     ev/sec=18771.4   simsec/sec=1.30481   ev/simsec=14386.3
     Messages:  created: 2239619   present: 1088   in FES: 126
** Event #2443776   t=202.094373486012   Elapsed: 134.685s (2m 14s)  40% completed  (20% total)
     Speed:     ev/sec=19180   simsec/sec=1.0444   ev/simsec=18364.6
     Messages:  created: 2278345   present: 1080   in FES: 113
** Event #2480640   t=204.426486738394   Elapsed: 136.703s (2m 16s)  40% completed  (20% total)
     Speed:     ev/sec=18267.4   simsec/sec=1.15564   ev/simsec=15807.1
     Messages:  created: 2315951   present: 1077   in FES: 114
** Event #2520064   t=207.080182174029   Elapsed: 138.704s (2m 18s)  41% completed  (20% total)
     Speed:     ev/sec=19709   simsec/sec=1.32664   ev/simsec=14856.3
     Messages:  created: 2356308   present: 1084   in FES: 115
** Event #2554880   t=209.366662627637   Elapsed: 140.715s (2m 20s)  41% completed  (20% total)
     Speed:     ev/sec=17311.7   simsec/sec=1.13691   ev/simsec=15226.9
     Messages:  created: 2391852   present: 1066   in FES: 111
** Event #2599168   t=212.167410057224   Elapsed: 142.718s (2m 22s)  42% completed  (21% total)
     Speed:     ev/sec=22111.1   simsec/sec=1.39829   ev/simsec=15812.9
     Messages:  created: 2437787   present: 1108   in FES: 125
** Event #2642944   t=215.094318702241   Elapsed: 144.723s (2m 24s)  43% completed  (21% total)
     Speed:     ev/sec=21827.8   simsec/sec=1.45943   ev/simsec=14956.4
     Messages:  created: 2483319   present: 1093   in FES: 126
** Event #2687488   t=218.068489134352   Elapsed: 146.727s (2m 26s)  43% completed  (21% total)
     Speed:     ev/sec=22233.5   simsec/sec=1.48451   ev/simsec=14976.9
     Messages:  created: 2530053   present: 1035   in FES: 98
** Event #2727168   t=220.490317744567   Elapsed: 148.738s (2m 28s)  44% completed  (22% total)
     Speed:     ev/sec=19727   simsec/sec=1.20402   ev/simsec=16384.3
     Messages:  created: 2571063   present: 1087   in FES: 118
** Event #2770688   t=223.303043198993   Elapsed: 150.744s (2m 30s)  44% completed  (22% total)
     Speed:     ev/sec=21694.7   simsec/sec=1.40214   ev/simsec=15472.5
     Messages:  created: 2615480   present: 1093   in FES: 126
** Event #2807296   t=225.623610718727   Elapsed: 152.745s (2m 32s)  45% completed  (22% total)
     Speed:     ev/sec=18293.1   simsec/sec=1.15959   ev/simsec=15775.5
     Messages:  created: 2653321   present: 1073   in FES: 127
** Event #2849536   t=228.094372983328   Elapsed: 154.752s (2m 34s)  45% completed  (22% total)
     Speed:     ev/sec=21055.6   simsec/sec=1.23161   ev/simsec=17095.9
     Messages:  created: 2696747   present: 1072   in FES: 111
** Event #2888192   t=230.426369290695   Elapsed: 156.754s (2m 36s)  46% completed  (23% total)
     Speed:     ev/sec=19306.8   simsec/sec=1.16472   ev/simsec=16576.4
     Messages:  created: 2736818   present: 1100   in FES: 126
** Event #2928896   t=233.091309081607   Elapsed: 158.756s (2m 38s)  46% completed  (23% total)
     Speed:     ev/sec=20328   simsec/sec=1.3309   ev/simsec=15273.9
     Messages:  created: 2778538   present: 1097   in FES: 120
** Event #2969344   t=235.904385381222   Elapsed: 160.756s (2m 40s)  47% completed  (23% total)
     Speed:     ev/sec=20222.9   simsec/sec=1.40646   ev/simsec=14378.6
     Messages:  created: 2820707   present: 1095   in FES: 127
** Event #3009024   t=238.196489735407   Elapsed: 162.811s (2m 42s)  47% completed  (23% total)
     Speed:     ev/sec=19309.2   simsec/sec=1.11539   ev/simsec=17311.6
     Messages:  created: 2860768   present: 1074   in FES: 113
** Event #3049472   t=241.016997017663   Elapsed: 164.819s (2m 44s)  48% completed  (24% total)
     Speed:     ev/sec=20140.9   simsec/sec=1.40446   ev/simsec=14340.7
     Messages:  created: 2902952   present: 1092   in FES: 113
** Event #3090432   t=243.670773547665   Elapsed: 166.823s (2m 46s)  48% completed  (24% total)
     Speed:     ev/sec=20446.3   simsec/sec=1.32471   ev/simsec=15434.6
     Messages:  created: 2944394   present: 1087   in FES: 126
** Event #3131392   t=246.335817838107   Elapsed: 168.841s (2m 48s)  49% completed  (24% total)
     Speed:     ev/sec=20298.4   simsec/sec=1.32071   ev/simsec=15369.4
     Messages:  created: 2985514   present: 1081   in FES: 116
** Event #3175424   t=249.24027270432   Elapsed: 170.846s (2m 50s)  49% completed  (24% total)
     Speed:     ev/sec=21959.6   simsec/sec=1.44851   ev/simsec=15160.2
     Messages:  created: 3029857   present: 1094   in FES: 128
** Event #3213568   t=251.906203827123   Elapsed: 172.85s (2m 52s)  50% completed  (25% total)
     Speed:     ev/sec=19032.9   simsec/sec=1.33023   ev/simsec=14307.9
     Messages:  created: 3068660   present: 1072   in FES: 127
** Event #3248896   t=254.068712045109   Elapsed: 174.865s (2m 54s)  50% completed  (25% total)
     Speed:     ev/sec=17533.8   simsec/sec=1.07328   ev/simsec=16336.6
     Messages:  created: 3103382   present: 1071   in FES: 110
** Event #3286016   t=256.478561197474   Elapsed: 176.879s (2m 56s)  51% completed  (25% total)
     Speed:     ev/sec=18431.3   simsec/sec=1.19657   ev/simsec=15403.5
     Messages:  created: 3140180   present: 1107   in FES: 124
** Event #3329536   t=259.235618068992   Elapsed: 178.879s (2m 58s)  51% completed  (25% total)
     Speed:     ev/sec=21756.6   simsec/sec=1.37831   ev/simsec=15784.9
     Messages:  created: 3184763   present: 1111   in FES: 126
** Event #3371520   t=262.010495296017   Elapsed: 180.889s (3m 00s)  52% completed  (26% total)
     Speed:     ev/sec=20883.6   simsec/sec=1.38027   ev/simsec=15130
     Messages:  created: 3229115   present: 1117   in FES: 124
** Event #3410688   t=264.264460177357   Elapsed: 182.897s (3m 02s)  52% completed  (26% total)
     Speed:     ev/sec=19510.8   simsec/sec=1.12277   ev/simsec=17377.4
     Messages:  created: 3269184   present: 1097   in FES: 119
** Event #3449088   t=267.008698765298   Elapsed: 184.898s (3m 04s)  53% completed  (26% total)
     Speed:     ev/sec=19193.7   simsec/sec=1.37167   ev/simsec=13993
     Messages:  created: 3309325   present: 1087   in FES: 114
** Event #3484160   t=269.090183338353   Elapsed: 186.901s (3m 06s)  53% completed  (26% total)
     Speed:     ev/sec=17501.7   simsec/sec=1.0387   ev/simsec=16849.5
     Messages:  created: 3345163   present: 1025   in FES: 96
** Event #3523840   t=271.759374327004   Elapsed: 188.903s (3m 08s)  54% completed  (27% total)
     Speed:     ev/sec=19822.6   simsec/sec=1.33343   ev/simsec=14865.9
     Messages:  created: 3387229   present: 1021   in FES: 95
** Event #3566592   t=274.623611105163   Elapsed: 190.907s (3m 10s)  54% completed  (27% total)
     Speed:     ev/sec=21331.8   simsec/sec=1.42916   ev/simsec=14926.1
     Messages:  created: 3431497   present: 1053   in FES: 122
** Event #3612672   t=277.447201935358   Elapsed: 192.916s (3m 12s)  55% completed  (27% total)
     Speed:     ev/sec=22944.1   simsec/sec=1.40592   ev/simsec=16319.6
     Messages:  created: 3480663   present: 1091   in FES: 127
** Event #3656704   t=280.242807271362   Elapsed: 194.921s (3m 14s)  56% completed  (28% total)
     Speed:     ev/sec=21958.5   simsec/sec=1.39415   ev/simsec=15750.4
     Messages:  created: 3527745   present: 1112   in FES: 123
** Event #3698176   t=283.095775794369   Elapsed: 196.927s (3m 16s)  56% completed  (28% total)
     Speed:     ev/sec=20679   simsec/sec=1.42256   ev/simsec=14536.4
     Messages:  created: 3570826   present: 1119   in FES: 126
** Event #3731200   t=285.408174866953   Elapsed: 198.934s (3m 18s)  57% completed  (28% total)
     Speed:     ev/sec=16452   simsec/sec=1.152   ev/simsec=14281.3
     Messages:  created: 3604491   present: 1103   in FES: 122
** Event #3770368   t=288.163891839205   Elapsed: 200.94s (3m 20s)  57% completed  (28% total)
     Speed:     ev/sec=19527   simsec/sec=1.37385   ev/simsec=14213.4
     Messages:  created: 3643738   present: 1084   in FES: 115
** Event #3812864   t=291.142037597358   Elapsed: 202.941s (3m 22s)  58% completed  (29% total)
     Speed:     ev/sec=21234.7   simsec/sec=1.48814   ev/simsec=14269.3
     Messages:  created: 3686175   present: 1048   in FES: 105
** Event #3853824   t=294.056369659595   Elapsed: 204.948s (3m 24s)  58% completed  (29% total)
     Speed:     ev/sec=20403.5   simsec/sec=1.45173   ev/simsec=14054.7
     Messages:  created: 3727736   present: 1067   in FES: 110
** Event #3889920   t=296.351401942232   Elapsed: 206.955s (3m 26s)  59% completed  (29% total)
     Speed:     ev/sec=17987.7   simsec/sec=1.14368   ev/simsec=15727.9
     Messages:  created: 3763860   present: 1102   in FES: 123
** Event #3928832   t=299.013583093966   Elapsed: 208.956s (3m 28s)  59% completed  (29% total)
     Speed:     ev/sec=19447   simsec/sec=1.33047   ev/simsec=14616.6
     Messages:  created: 3804338   present: 1085   in FES: 114
** Event #3965440   t=301.276106242807   Elapsed: 211.191s (3m 31s)  60% completed  (30% total)
     Speed:     ev/sec=16377.7   simsec/sec=1.01221   ev/simsec=16180.2
     Messages:  created: 3840669   present: 1083   in FES: 116
** Event #4004352   t=304.086623084949   Elapsed: 213.21s (3m 33s)  60% completed  (30% total)
     Speed:     ev/sec=19273   simsec/sec=1.39204   ev/simsec=13845.1
     Messages:  created: 3880297   present: 1090   in FES: 126
** Event #4045056   t=307.058243950502   Elapsed: 215.221s (3m 35s)  61% completed  (30% total)
     Speed:     ev/sec=20244   simsec/sec=1.47792   ev/simsec=13697.6
     Messages:  created: 3922013   present: 1076   in FES: 113
** Event #4088576   t=310.066371362522   Elapsed: 217.237s (3m 37s)  62% completed  (31% total)
     Speed:     ev/sec=21587   simsec/sec=1.49211   ev/simsec=14467.5
     Messages:  created: 3966980   present: 1025   in FES: 96
** Event #4131840   t=313.090780755493   Elapsed: 219.245s (3m 39s)  62% completed  (31% total)
     Speed:     ev/sec=21546.1   simsec/sec=1.5062   ev/simsec=14304.9
     Messages:  created: 4010669   present: 1112   in FES: 125
** Event #4174848   t=316.196443939478   Elapsed: 221.258s (3m 41s)  63% completed  (31% total)
     Speed:     ev/sec=21360.1   simsec/sec=1.54244   ev/simsec=13848.2
     Messages:  created: 4053974   present: 1106   in FES: 127
** Event #4216576   t=319.384069787136   Elapsed: 223.265s (3m 43s)  63% completed  (31% total)
     Speed:     ev/sec=20798.7   simsec/sec=1.58882   ev/simsec=13090.6
     Messages:  created: 4095580   present: 1116   in FES: 126
** Event #4259328   t=322.478476482499   Elapsed: 225.282s (3m 45s)  64% completed  (32% total)
     Speed:     ev/sec=21194.6   simsec/sec=1.53407   ev/simsec=13815.9
     Messages:  created: 4139106   present: 1103   in FES: 126
** Event #4303616   t=326.001228750583   Elapsed: 227.288s (3m 47s)  65% completed  (32% total)
     Speed:     ev/sec=22078.7   simsec/sec=1.75618   ev/simsec=12572
     Messages:  created: 4184967   present: 1081   in FES: 116
** Event #4350720   t=329.087139204558   Elapsed: 229.3s (3m 49s)  65% completed  (32% total)
     Speed:     ev/sec=23403   simsec/sec=1.53319   ev/simsec=15264.2
     Messages:  created: 4232532   present: 1114   in FES: 126
** Event #4395520   t=332.067655224215   Elapsed: 231.308s (3m 51s)  66% completed  (33% total)
     Speed:     ev/sec=22312.6   simsec/sec=1.48444   ev/simsec=15031
     Messages:  created: 4278934   present: 1067   in FES: 110
** Event #4438784   t=335.014851387295   Elapsed: 233.313s (3m 53s)  67% completed  (33% total)
     Speed:     ev/sec=21583.8   simsec/sec=1.47032   ev/simsec=14679.7
     Messages:  created: 4324215   present: 1131   in FES: 126
** Event #4485632   t=338.070348552012   Elapsed: 235.322s (3m 55s)  67% completed  (33% total)
     Speed:     ev/sec=23317.9   simsec/sec=1.52083   ev/simsec=15332.4
     Messages:  created: 4371788   present: 1118   in FES: 123
** Event #4526592   t=341.01739179752   Elapsed: 237.323s (3m 57s)  68% completed  (34% total)
     Speed:     ev/sec=20463.2   simsec/sec=1.47231   ev/simsec=13898.7
     Messages:  created: 4414091   present: 1043   in FES: 96
** Event #4572672   t=344.090728702527   Elapsed: 239.331s (3m 59s)  68% completed  (34% total)
     Speed:     ev/sec=22955.7   simsec/sec=1.53105   ev/simsec=14993.5
     Messages:  created: 4461024   present: 1112   in FES: 126
** Event #4618496   t=347.240051812925   Elapsed: 241.341s (4m 01s)  69% completed  (34% total)
     Speed:     ev/sec=22798.9   simsec/sec=1.56689   ev/simsec=14550.4
     Messages:  created: 4508391   present: 1104   in FES: 126
** Event #4664064   t=350.404431194637   Elapsed: 243.344s (4m 03s)  70% completed  (35% total)
     Speed:     ev/sec=22748.2   simsec/sec=1.5797   ev/simsec=14400.3
     Messages:  created: 4555766   present: 1076   in FES: 113
** Event #4715008   t=353.990318394125   Elapsed: 245.349s (4m 05s)  70% completed  (35% total)
     Speed:     ev/sec=25406.3   simsec/sec=1.78832   ev/simsec=14206.8
     Messages:  created: 4610412   present: 1043   in FES: 102
** Event #4753920   t=356.426466866415   Elapsed: 247.354s (4m 07s)  71% completed  (35% total)
     Speed:     ev/sec=19409.3   simsec/sec=1.21515   ev/simsec=15972.8
     Messages:  created: 4650387   present: 1087   in FES: 118
** Event #4802560   t=360.018989696653   Elapsed: 249.357s (4m 09s)  72% completed  (36% total)
     Speed:     ev/sec=24279.2   simsec/sec=1.79325   ev/simsec=13539.2
     Messages:  created: 4701928   present: 1112   in FES: 127
** Event #4852736   t=363.26070758224   Elapsed: 251.365s (4m 11s)  72% completed  (36% total)
     Speed:     ev/sec=24989.7   simsec/sec=1.61451   ev/simsec=15478.2
     Messages:  created: 4754527   present: 1108   in FES: 125
** Event #4899328   t=366.303135847431   Elapsed: 253.374s (4m 13s)  73% completed  (36% total)
     Speed:     ev/sec=23187.3   simsec/sec=1.51411   ev/simsec=15314.1
     Messages:  created: 4803987   present: 1108   in FES: 125
** Event #4945408   t=369.514792790703   Elapsed: 255.385s (4m 15s)  73% completed  (36% total)
     Speed:     ev/sec=22916.2   simsec/sec=1.5972   ev/simsec=14347.7
     Messages:  created: 4851946   present: 1030   in FES: 116
** Event #4989440   t=372.450464367947   Elapsed: 257.39s (4m 17s)  74% completed  (37% total)
     Speed:     ev/sec=21964.3   simsec/sec=1.46439   ev/simsec=14999
     Messages:  created: 4897731   present: 1095   in FES: 118
** Event #5028608   t=375.080181771432   Elapsed: 259.392s (4m 19s)  75% completed  (37% total)
     Speed:     ev/sec=19566.8   simsec/sec=1.3137   ev/simsec=14894.4
     Messages:  created: 4938200   present: 1074   in FES: 110
** Event #5075456   t=378.144883394138   Elapsed: 261.394s (4m 21s)  75% completed  (37% total)
     Speed:     ev/sec=23398.8   simsec/sec=1.5307   ev/simsec=15286.3
     Messages:  created: 4986525   present: 1113   in FES: 126
** Event #5118208   t=381.05138711933   Elapsed: 263.394s (4m 23s)  76% completed  (38% total)
     Speed:     ev/sec=21374.3   simsec/sec=1.45313   ev/simsec=14709.1
     Messages:  created: 5030633   present: 1080   in FES: 127
** Event #5156864   t=383.426369615019   Elapsed: 265.402s (4m 25s)  76% completed  (38% total)
     Speed:     ev/sec=19251   simsec/sec=1.18276   ev/simsec=16276.3
     Messages:  created: 5069523   present: 1104   in FES: 126
** Event #5195264   t=386.080628981308   Elapsed: 267.411s (4m 27s)  77% completed  (38% total)
     Speed:     ev/sec=19114.2   simsec/sec=1.3212   ev/simsec=14467.3
     Messages:  created: 5107056   present: 1035   in FES: 98
** Event #5230080   t=388.384182006802   Elapsed: 269.43s (4m 29s)  77% completed  (38% total)
     Speed:     ev/sec=17248.2   simsec/sec=1.1412   ev/simsec=15114
     Messages:  created: 5140897   present: 1086   in FES: 117
** Event #5262592   t=390.478573505853   Elapsed: 271.444s (4m 31s)  78% completed  (39% total)
     Speed:     ev/sec=16140.2   simsec/sec=1.03973   ev/simsec=15523.4
     Messages:  created: 5172697   present: 1095   in FES: 120
** Event #5302784   t=393.154386806524   Elapsed: 273.455s (4m 33s)  78% completed  (39% total)
     Speed:     ev/sec=19982.9   simsec/sec=1.33037   ev/simsec=15020.5
     Messages:  created: 5211723   present: 1033   in FES: 123
** Event #5334784   t=395.366669231822   Elapsed: 275.461s (4m 35s)  79% completed  (39% total)
     Speed:     ev/sec=15955.6   simsec/sec=1.10307   ev/simsec=14464.7
     Messages:  created: 5242531   present: 1108   in FES: 125
** Event #5370368   t=398.014367357673   Elapsed: 277.464s (4m 37s)  79% completed  (39% total)
     Speed:     ev/sec=17764   simsec/sec=1.32177   ev/simsec=13439.6
     Messages:  created: 5277445   present: 1103   in FES: 149
** Event #5405440   t=400.144908701431   Elapsed: 279.483s (4m 39s)  80% completed  (40% total)
     Speed:     ev/sec=17366.4   simsec/sec=1.05497   ev/simsec=16461.5
     Messages:  created: 5310382   present: 1059   in FES: 108
** Event #5438976   t=402.40438603997   Elapsed: 281.506s (4m 41s)  80% completed  (40% total)
     Speed:     ev/sec=16577.7   simsec/sec=1.11692   ev/simsec=14842.4
     Messages:  created: 5342560   present: 1058   in FES: 127
** Event #5470464   t=404.459496107183   Elapsed: 283.539s (4m 43s)  80% completed  (40% total)
     Speed:     ev/sec=15491.6   simsec/sec=1.01108   ev/simsec=15321.8
     Messages:  created: 5372473   present: 1086   in FES: 117
** Event #5499648   t=406.366562988725   Elapsed: 285.556s (4m 45s)  81% completed  (40% total)
     Speed:     ev/sec=14470.7   simsec/sec=0.945609   ev/simsec=15303.1
     Messages:  created: 5399979   present: 1022   in FES: 96
** Event #5532160   t=408.40819828932   Elapsed: 287.561s (4m 47s)  81% completed  (40% total)
     Speed:     ev/sec=16217.3   simsec/sec=1.01839   ev/simsec=15924.5
     Messages:  created: 5430590   present: 1112   in FES: 125
** Event #5563392   t=410.382281845273   Elapsed: 289.569s (4m 49s)  82% completed  (41% total)
     Speed:     ev/sec=15546.8   simsec/sec=0.982665   ev/simsec=15821
     Messages:  created: 5459740   present: 1111   in FES: 126
** Event #5593856   t=412.26355075386   Elapsed: 291.582s (4m 51s)  82% completed  (41% total)
     Speed:     ev/sec=15135.1   simsec/sec=0.934652   ev/simsec=16193.3
     Messages:  created: 5488091   present: 1117   in FES: 134
** Event #5624064   t=414.154385150222   Elapsed: 293.587s (4m 53s)  82% completed  (41% total)
     Speed:     ev/sec=15071.2   simsec/sec=0.943364   ev/simsec=15976
     Messages:  created: 5516111   present: 1101   in FES: 127
** Event #5650432   t=416.022391318172   Elapsed: 295.587s (4m 55s)  83% completed  (41% total)
     Speed:     ev/sec=13179.3   simsec/sec=0.933671   ev/simsec=14115.6
     Messages:  created: 5540938   present: 1076   in FES: 109
** Event #5679360   t=418.01052821109   Elapsed: 297.594s (4m 57s)  83% completed  (41% total)
     Speed:     ev/sec=14419.6   simsec/sec=0.991014   ev/simsec=14550.3
     Messages:  created: 5567271   present: 1063   in FES: 106
** Event #5712384   t=420.062937512847   Elapsed: 299.757s (4m 59s)  84% completed  (42% total)
     Speed:     ev/sec=15261.5   simsec/sec=0.948488   ev/simsec=16090.4
     Messages:  created: 5597069   present: 1101   in FES: 126
** Event #5741568   t=422.017226938585   Elapsed: 301.767s (5m 01s)  84% completed  (42% total)
     Speed:     ev/sec=14523   simsec/sec=0.972523   ev/simsec=14933.3
     Messages:  created: 5624552   present: 1047   in FES: 98
** Event #5773056   t=424.02026788525   Elapsed: 303.776s (5m 03s)  84% completed  (42% total)
     Speed:     ev/sec=15672.1   simsec/sec=0.996946   ev/simsec=15720.1
     Messages:  created: 5654221   present: 1118   in FES: 126
** Event #5803008   t=426.013315018499   Elapsed: 305.795s (5m 05s)  85% completed  (42% total)
     Speed:     ev/sec=14838.8   simsec/sec=0.987396   ev/simsec=15028.2
     Messages:  created: 5682561   present: 1095   in FES: 126
** Event #5838080   t=428.086623665992   Elapsed: 307.817s (5m 07s)  85% completed  (42% total)
     Speed:     ev/sec=17344.2   simsec/sec=1.02531   ev/simsec=16916
     Messages:  created: 5715155   present: 1094   in FES: 126
** Event #5871104   t=430.167431282264   Elapsed: 309.835s (5m 09s)  86% completed  (43% total)
     Speed:     ev/sec=16362.3   simsec/sec=1.03097   ev/simsec=15870.8
     Messages:  created: 5746630   present: 1065   in FES: 110
** Event #5907968   t=432.459481165322   Elapsed: 311.858s (5m 11s)  86% completed  (43% total)
     Speed:     ev/sec=18224.8   simsec/sec=1.13314   ev/simsec=16083.4
     Messages:  created: 5782326   present: 1055   in FES: 106
** Event #5941248   t=434.946222801956   Elapsed: 314.099s (5m 14s)  86% completed  (43% total)
     Speed:     ev/sec=14848.9   simsec/sec=1.10953   ev/simsec=13383
     Messages:  created: 5814946   present: 1097   in FES: 126
** Event #5979392   t=437.062991910663   Elapsed: 316.125s (5m 16s)  87% completed  (43% total)
     Speed:     ev/sec=18823.1   simsec/sec=1.04457   ev/simsec=18019.9
     Messages:  created: 5851961   present: 1079   in FES: 114
** Event #6012672   t=439.080451865323   Elapsed: 318.128s (5m 18s)  87% completed  (43% total)
     Speed:     ev/sec=16620.8   simsec/sec=1.00757   ev/simsec=16496
     Messages:  created: 5884132   present: 1089   in FES: 126
** Event #6049536   t=441.259430171261   Elapsed: 320.132s (5m 20s)  88% completed  (44% total)
     Speed:     ev/sec=18389.6   simsec/sec=1.08698   ev/simsec=16918
     Messages:  created: 5920516   present: 1085   in FES: 127
** Event #6083072   t=443.366564518656   Elapsed: 322.16s (5m 22s)  88% completed  (44% total)
     Speed:     ev/sec=16539.2   simsec/sec=1.03919   ev/simsec=15915.5
     Messages:  created: 5953350   present: 1095   in FES: 126
** Event #6114816   t=445.335841449244   Elapsed: 324.161s (5m 24s)  89% completed  (44% total)
     Speed:     ev/sec=15865.6   simsec/sec=0.98424   ev/simsec=16119.6
     Messages:  created: 5984232   present: 1084   in FES: 117
** Event #6147584   t=447.374438453285   Elapsed: 326.169s (5m 26s)  89% completed  (44% total)
     Speed:     ev/sec=16313.3   simsec/sec=1.0149   ev/simsec=16073.8
     Messages:  created: 6016129   present: 1095   in FES: 150
** Event #6183680   t=449.478589295058   Elapsed: 328.195s (5m 28s)  89% completed  (44% total)
     Speed:     ev/sec=17816.6   simsec/sec=1.03859   ev/simsec=17154.7
     Messages:  created: 6051832   present: 1089   in FES: 118
** Event #6222336   t=452.01354812266   Elapsed: 330.219s (5m 30s)  90% completed  (45% total)
     Speed:     ev/sec=19106   simsec/sec=1.25292   ev/simsec=15249.2
     Messages:  created: 6090911   present: 1037   in FES: 121
** Event #6256896   t=454.016492456379   Elapsed: 332.231s (5m 32s)  90% completed  (45% total)
     Speed:     ev/sec=17171.9   simsec/sec=0.995206   ev/simsec=17254.6
     Messages:  created: 6124976   present: 1067   in FES: 106
** Event #6291968   t=456.041415268742   Elapsed: 334.24s (5m 34s)  91% completed  (45% total)
     Speed:     ev/sec=17456.7   simsec/sec=1.00788   ev/simsec=17320.2
     Messages:  created: 6159293   present: 1027   in FES: 107
** Event #6326784   t=458.014429872995   Elapsed: 336.241s (5m 36s)  91% completed  (45% total)
     Speed:     ev/sec=17402   simsec/sec=0.986165   ev/simsec=17646.1
     Messages:  created: 6194767   present: 1099   in FES: 128
** Event #6366720   t=460.090781070276   Elapsed: 338.241s (5m 38s)  92% completed  (46% total)
     Speed:     ev/sec=19965.8   simsec/sec=1.03806   ev/simsec=19233.7
     Messages:  created: 6234362   present: 1106   in FES: 123
** Event #6395136   t=462.014484259524   Elapsed: 340.253s (5m 40s)  92% completed  (46% total)
     Speed:     ev/sec=14122.6   simsec/sec=0.956068   ev/simsec=14771.5
     Messages:  created: 6263490   present: 1116   in FES: 123
** Event #6430720   t=464.048153497727   Elapsed: 342.262s (5m 42s)  92% completed  (46% total)
     Speed:     ev/sec=17717.5   simsec/sec=1.01258   ev/simsec=17497.4
     Messages:  created: 6298872   present: 1088   in FES: 126
** Event #6465536   t=466.068188140092   Elapsed: 344.278s (5m 44s)  93% completed  (46% total)
     Speed:     ev/sec=17265.9   simsec/sec=1.00177   ev/simsec=17235.3
     Messages:  created: 6333554   present: 1084   in FES: 115
** Event #6503680   t=468.196455332886   Elapsed: 346.288s (5m 46s)  93% completed  (46% total)
     Speed:     ev/sec=18977   simsec/sec=1.05883   ev/simsec=17922.6
     Messages:  created: 6371905   present: 1086   in FES: 140
** Event #6538240   t=470.196456457992   Elapsed: 348.307s (5m 48s)  94% completed  (47% total)
     Speed:     ev/sec=17121.7   simsec/sec=0.990842   ev/simsec=17280
     Messages:  created: 6406988   present: 1093   in FES: 140
** Event #6572800   t=472.196223354513   Elapsed: 350.313s (5m 50s)  94% completed  (47% total)
     Speed:     ev/sec=17225.2   simsec/sec=0.996713   ev/simsec=17282
     Messages:  created: 6441791   present: 1096   in FES: 126
** Event #6607872   t=474.1674315026   Elapsed: 352.313s (5m 52s)  94% completed  (47% total)
     Speed:     ev/sec=17535.7   simsec/sec=0.985589   ev/simsec=17792.1
     Messages:  created: 6476971   present: 1052   in FES: 105
** Event #6639616   t=476.144865345435   Elapsed: 354.333s (5m 54s)  95% completed  (47% total)
     Speed:     ev/sec=15717.9   simsec/sec=0.979121   ev/simsec=16053.1
     Messages:  created: 6508787   present: 1082   in FES: 115
** Event #6673920   t=478.260736201442   Elapsed: 356.338s (5m 56s)  95% completed  (47% total)
     Speed:     ev/sec=17108.8   simsec/sec=1.05527   ev/simsec=16212.7
     Messages:  created: 6543646   present: 1062   in FES: 109
** Event #6709248   t=480.404396849976   Elapsed: 358.35s (5m 58s)  96% completed  (48% total)
     Speed:     ev/sec=17559   simsec/sec=1.06546   ev/simsec=16480.2
     Messages:  created: 6580071   present: 1098   in FES: 142
** Event #6747136   t=482.90510152092   Elapsed: 360.354s (6m 00s)  96% completed  (48% total)
     Speed:     ev/sec=18903.7   simsec/sec=1.24769   ev/simsec=15150.9
     Messages:  created: 6620515   present: 1113   in FES: 126
** Event #6788864   t=485.123966745705   Elapsed: 362.357s (6m 02s)  97% completed  (48% total)
     Speed:     ev/sec=20829   simsec/sec=1.10757   ev/simsec=18806
     Messages:  created: 6663930   present: 1108   in FES: 126
** Event #6833152   t=487.035048576871   Elapsed: 364.366s (6m 04s)  97% completed  (48% total)
     Speed:     ev/sec=22053.3   simsec/sec=0.951628   ev/simsec=23174.3
     Messages:  created: 6715922   present: 1088   in FES: 126
** Event #6867712   t=489.068719110537   Elapsed: 366.37s (6m 06s)  97% completed  (48% total)
     Speed:     ev/sec=17243.5   simsec/sec=1.01469   ev/simsec=16993.9
     Messages:  created: 6751772   present: 1113   in FES: 124
** Event #6907904   t=491.351403168847   Elapsed: 368.389s (6m 08s)  98% completed  (49% total)
     Speed:     ev/sec=19902.8   simsec/sec=1.13037   ev/simsec=17607.3
     Messages:  created: 6793488   present: 1059   in FES: 108
** Event #6949376   t=494.016764020268   Elapsed: 370.394s (6m 10s)  98% completed  (49% total)
     Speed:     ev/sec=20681.5   simsec/sec=1.32918   ev/simsec=15559.6
     Messages:  created: 6837727   present: 1128   in FES: 126
** Event #6991616   t=496.404429739662   Elapsed: 372.408s (6m 12s)  99% completed  (49% total)
     Speed:     ev/sec=20983.2   simsec/sec=1.1861   ev/simsec=17690.9
     Messages:  created: 6881182   present: 1095   in FES: 134
** Event #7028992   t=498.990318313273   Elapsed: 374.414s (6m 14s)  99% completed  (49% total)
     Speed:     ev/sec=18623.5   simsec/sec=1.28848   ev/simsec=14453.8
     Messages:  created: 6920073   present: 1074   in FES: 112
** Event #7045318   t=500   Elapsed: 375.278s (6m 15s)  100% completed  (50% total)
     Speed:     ev/sec=18912.7   simsec/sec=1.16692   ev/simsec=16207.3
     Messages:  created: 6936423   present: 1026   in FES: 97

<!> Simulation time limit reached -- at t=500s, event #7045318
undisposed object: (omnetpp::cMessage) FanetStressNetwork.uav[0].app.debugTimer -- check module destructor
undisposed object: (omnetpp::cMessage) FanetStressNetwork.uav[1].app.debugTimer -- check module destructor
undisposed object: (omnetpp::cMessage) FanetStressNetwork.uav[2].app.debugTimer -- check module destructor
undisposed object: (omnetpp::cMessage) FanetStressNetwork.uav[3].app.debugTimer -- check module destructor
undisposed object: (omnetpp::cMessage) FanetStressNetwork.uav[4].app.debugTimer -- check module destructor
undisposed object: (omnetpp::cMessage) FanetStressNetwork.uav[5].app.debugTimer -- check module destructor
undisposed object: (omnetpp::cMessage) FanetStressNetwork.uav[6].app.debugTimer -- check module destructor
undisposed object: (omnetpp::cMessage) FanetStressNetwork.uav[7].app.debugTimer -- check module destructor
undisposed object: (omnetpp::cMessage) FanetStressNetwork.uav[8].app.debugTimer -- check module destructor
undisposed object: (omnetpp::cMessage) FanetStressNetwork.uav[9].app.debugTimer -- check module destructor
undisposed object: (omnetpp::cMessage) FanetStressNetwork.uav[10].app.debugTimer -- check module destructor
undisposed object: (omnetpp::cMessage) FanetStressNetwork.uav[11].app.debugTimer -- check module destructor
undisposed object: (omnetpp::cMessage) FanetStressNetwork.uav[12].app.debugTimer -- check module destructor
undisposed object: (omnetpp::cMessage) FanetStressNetwork.uav[13].app.debugTimer -- check module destructor
undisposed object: (omnetpp::cMessage) FanetStressNetwork.uav[14].app.debugTimer -- check module destructor
undisposed object: (omnetpp::cMessage) FanetStressNetwork.uav[15].app.debugTimer -- check module destructor
undisposed object: (omnetpp::cMessage) FanetStressNetwork.uav[16].app.debugTimer -- check module destructor
undisposed object: (omnetpp::cMessage) FanetStressNetwork.uav[17].app.debugTimer -- check module destructor
undisposed object: (omnetpp::cMessage) FanetStressNetwork.uav[18].app.debugTimer -- check module destructor
undisposed object: (omnetpp::cMessage) FanetStressNetwork.uav[19].app.debugTimer -- check module destructor
undisposed object: (omnetpp::cMessage) FanetStressNetwork.uav[20].app.debugTimer -- check module destructor
undisposed object: (omnetpp::cMessage) FanetStressNetwork.uav[21].app.debugTimer -- check module destructor
undisposed object: (omnetpp::cMessage) FanetStressNetwork.uav[22].app.debugTimer -- check module destructor
undisposed object: (omnetpp::cMessage) FanetStressNetwork.uav[23].app.debugTimer -- check module destructor
undisposed object: (omnetpp::cMessage) FanetStressNetwork.uav[24].app.debugTimer -- check module destructor
undisposed object: (omnetpp::cMessage) FanetStressNetwork.uav[25].app.debugTimer -- check module destructor
undisposed object: (omnetpp::cMessage) FanetStressNetwork.uav[26].app.debugTimer -- check module destructor
undisposed object: (omnetpp::cMessage) FanetStressNetwork.uav[27].app.debugTimer -- check module destructor
undisposed object: (omnetpp::cMessage) FanetStressNetwork.uav[28].app.debugTimer -- check module destructor
undisposed object: (omnetpp::cMessage) FanetStressNetwork.uav[29].app.debugTimer -- check module destructor
