** Event #0   t=0   Elapsed: 2.3e-05s (0m 00s)  0% completed  (0% total)
     Speed:     ev/sec=0   simsec/sec=0   ev/simsec=0
     Messages:  created: 381   present: 381   in FES: 61
** Event #94208   t=84.191787486104   Elapsed: 2.00013s (0m 02s)  16% completed  (8% total)
     Speed:     ev/sec=47102   simsec/sec=42.0937   ev/simsec=1118.98
     Messages:  created: 69778   present: 387   in FES: 44
** Event #183808   t=119.593068009154   Elapsed: 4.00019s (0m 04s)  23% completed  (11% total)
     Speed:     ev/sec=44798.5   simsec/sec=17.7   ev/simsec=2530.98
     Messages:  created: 159086   present: 432   in FES: 48
** Event #264704   t=138.84426574409   Elapsed: 6.00187s (0m 06s)  27% completed  (13% total)
     Speed:     ev/sec=40413.9   simsec/sec=9.61748   ev/simsec=4202.13
     Messages:  created: 244060   present: 419   in FES: 37
** Event #320256   t=151.68045433581   Elapsed: 8.00276s (0m 08s)  30% completed  (15% total)
     Speed:     ev/sec=27763.8   simsec/sec=6.41527   ev/simsec=4327.76
     Messages:  created: 303209   present: 412   in FES: 35
** Event #379904   t=168.371687336622   Elapsed: 10.0065s (0m 10s)  33% completed  (16% total)
     Speed:     ev/sec=29768.3   simsec/sec=8.33004   ev/simsec=3573.61
     Messages:  created: 364439   present: 423   in FES: 44
** Event #440576   t=187.029808779355   Elapsed: 12.0114s (0m 12s)  37% completed  (18% total)
     Speed:     ev/sec=30262.5   simsec/sec=9.30646   ev/simsec=3251.77
     Messages:  created: 427061   present: 435   in FES: 43
** Event #500736   t=204.853032216668   Elapsed: 14.016s (0m 14s)  40% completed  (20% total)
     Speed:     ev/sec=30010.5   simsec/sec=8.89103   ev/simsec=3375.37
     Messages:  created: 489655   present: 428   in FES: 38
** Event #558336   t=223.049171273094   Elapsed: 16.019s (0m 16s)  44% completed  (22% total)
     Speed:     ev/sec=28756.6   simsec/sec=9.08435   ev/simsec=3165.51
     Messages:  created: 548857   present: 445   in FES: 52
** Event #617728   t=241.215412313121   Elapsed: 18.0224s (0m 18s)  48% completed  (24% total)
     Speed:     ev/sec=29645.2   simsec/sec=9.06759   ev/simsec=3269.36
     Messages:  created: 611166   present: 440   in FES: 48
** Event #676608   t=258.32294753997   Elapsed: 20.0235s (0m 20s)  51% completed  (25% total)
     Speed:     ev/sec=29424.9   simsec/sec=8.54937   ev/simsec=3441.76
     Messages:  created: 673168   present: 435   in FES: 46
** Event #735744   t=281.435701265207   Elapsed: 22.2254s (0m 22s)  56% completed  (28% total)
     Speed:     ev/sec=26856.2   simsec/sec=10.4965   ev/simsec=2558.59
     Messages:  created: 731002   present: 549   in FES: 35
** Event #796160   t=302.465191062973   Elapsed: 24.2316s (0m 24s)  60% completed  (30% total)
     Speed:     ev/sec=30114.2   simsec/sec=10.4821   ev/simsec=2872.92
     Messages:  created: 791674   present: 626   in FES: 46
** Event #859904   t=322.272441588691   Elapsed: 26.2329s (0m 26s)  64% completed  (32% total)
     Speed:     ev/sec=31852.3   simsec/sec=9.89749   ev/simsec=3218.22
     Messages:  created: 856022   present: 642   in FES: 37
** Event #921344   t=341.353032141148   Elapsed: 28.2409s (0m 28s)  68% completed  (34% total)
     Speed:     ev/sec=30596.5   simsec/sec=9.50195   ev/simsec=3220.03
     Messages:  created: 919182   present: 747   in FES: 45
** Event #975872   t=357.358767845195   Elapsed: 30.2492s (0m 30s)  71% completed  (35% total)
     Speed:     ev/sec=27151.5   simsec/sec=7.96984   ev/simsec=3406.78
     Messages:  created: 976239   present: 818   in FES: 46
** Event #1043456   t=372.800019000691   Elapsed: 32.2524s (0m 32s)  74% completed  (37% total)
     Speed:     ev/sec=33737.7   simsec/sec=7.70823   ev/simsec=4376.85
     Messages:  created: 1049436   present: 799   in FES: 42
** Event #1104896   t=386.085850197092   Elapsed: 34.2578s (0m 34s)  77% completed  (38% total)
     Speed:     ev/sec=30638.7   simsec/sec=6.62534   ev/simsec=4624.48
     Messages:  created: 1116273   present: 794   in FES: 41
** Event #1159424   t=398.965456269579   Elapsed: 36.2706s (0m 36s)  79% completed  (39% total)
     Speed:     ev/sec=27089.8   simsec/sec=6.39867   ev/simsec=4233.67
     Messages:  created: 1175364   present: 808   in FES: 49
** Event #1224960   t=416.60298824461   Elapsed: 38.2735s (0m 38s)  83% completed  (41% total)
     Speed:     ev/sec=32720.5   simsec/sec=8.80599   ev/simsec=3715.71
     Messages:  created: 1245083   present: 792   in FES: 44
** Event #1285120   t=425.799678917797   Elapsed: 40.276s (0m 40s)  85% completed  (42% total)
     Speed:     ev/sec=30043.4   simsec/sec=4.59276   ev/simsec=6541.48
     Messages:  created: 1313468   present: 535   in FES: 46
** Event #1347328   t=443.445953753784   Elapsed: 42.2781s (0m 42s)  88% completed  (44% total)
     Speed:     ev/sec=31070.1   simsec/sec=8.81353   ev/simsec=3525.28
     Messages:  created: 1379311   present: 519   in FES: 42
** Event #1401344   t=459.085794561985   Elapsed: 44.2857s (0m 44s)  91% completed  (45% total)
     Speed:     ev/sec=26906.5   simsec/sec=7.79055   ev/simsec=3453.74
     Messages:  created: 1435243   present: 506   in FES: 37
** Event #1459200   t=475.102995794667   Elapsed: 46.2875s (0m 46s)  95% completed  (47% total)
     Speed:     ev/sec=28901.7   simsec/sec=8.00131   ev/simsec=3612.12
     Messages:  created: 1493250   present: 540   in FES: 56
** Event #1517312   t=489.844909250616   Elapsed: 48.2893s (0m 48s)  97% completed  (48% total)
     Speed:     ev/sec=29029.5   simsec/sec=7.36424   ev/simsec=3941.96
     Messages:  created: 1552940   present: 517   in FES: 38
** Event #1553216   t=500   Elapsed: 49.4089s (0m 49s)  100% completed  (50% total)
     Speed:     ev/sec=32069.1   simsec/sec=9.05491   ev/simsec=3541.62
     Messages:  created: 1589289   present: 501   in FES: 35

<!> Simulation time limit reached -- at t=500s, event #1553216
undisposed object: (omnetpp::cMessage) FanetStressNetwork.uav[0].app.debugTimer -- check module destructor
undisposed object: (omnetpp::cMessage) FanetStressNetwork.uav[1].app.debugTimer -- check module destructor
undisposed object: (omnetpp::cMessage) FanetStressNetwork.uav[2].app.debugTimer -- check module destructor
undisposed object: (omnetpp::cMessage) FanetStressNetwork.uav[3].app.debugTimer -- check module destructor
undisposed object: (omnetpp::cMessage) FanetStressNetwork.uav[4].app.debugTimer -- check module destructor
undisposed object: (omnetpp::cMessage) FanetStressNetwork.uav[5].app.debugTimer -- check module destructor
undisposed object: (omnetpp::cMessage) FanetStressNetwork.uav[6].app.debugTimer -- check module destructor
undisposed object: (omnetpp::cMessage) FanetStressNetwork.uav[7].app.debugTimer -- check module destructor
undisposed object: (omnetpp::cMessage) FanetStressNetwork.uav[8].app.debugTimer -- check module destructor
undisposed object: (omnetpp::cMessage) FanetStressNetwork.uav[9].app.debugTimer -- check module destructor
