** Event #0   t=0   Elapsed: 8e-06s (0m 00s)  0% completed  (50% total)
     Speed:     ev/sec=0   simsec/sec=0   ev/simsec=0
     Messages:  created: 1081   present: 1081   in FES: 161
** Event #38400   t=4.401984654474   Elapsed: 2.0043s (0m 02s)  0% completed  (50% total)
     Speed:     ev/sec=19159.4   simsec/sec=2.19628   ev/simsec=8723.57
     Messages:  created: 31162   present: 1065   in FES: 110
** Event #70400   t=8.034652437986   Elapsed: 4.00693s (0m 04s)  1% completed  (50% total)
     Speed:     ev/sec=15979   simsec/sec=1.81395   ev/simsec=8808.95
     Messages:  created: 56404   present: 1084   in FES: 113
** Event #105728   t=11.375312480524   Elapsed: 6.01799s (0m 06s)  2% completed  (51% total)
     Speed:     ev/sec=17566.8   simsec/sec=1.66114   ev/simsec=10575.2
     Messages:  created: 84497   present: 1057   in FES: 108
** Event #141824   t=15.134318308392   Elapsed: 8.04111s (0m 08s)  3% completed  (51% total)
     Speed:     ev/sec=17841.7   simsec/sec=1.85802   ev/simsec=9602.54
     Messages:  created: 113045   present: 1090   in FES: 119
** Event #172800   t=18.274244958302   Elapsed: 10.0501s (0m 10s)  3% completed  (51% total)
     Speed:     ev/sec=15418.4   simsec/sec=1.56291   ev/simsec=9865.2
     Messages:  created: 137403   present: 1027   in FES: 98
** Event #204032   t=21.488996888125   Elapsed: 12.0728s (0m 12s)  4% completed  (52% total)
     Speed:     ev/sec=15440.8   simsec/sec=1.58934   ev/simsec=9715.21
     Messages:  created: 162000   present: 1110   in FES: 126
** Event #237824   t=25.075131388783   Elapsed: 14.0739s (0m 14s)  5% completed  (52% total)
     Speed:     ev/sec=16887.3   simsec/sec=1.79214   ev/simsec=9422.96
     Messages:  created: 188605   present: 1086   in FES: 115
** Event #270080   t=28.26181735859   Elapsed: 16.0854s (0m 16s)  5% completed  (52% total)
     Speed:     ev/sec=16035.5   simsec/sec=1.58421   ev/simsec=10122.1
     Messages:  created: 214056   present: 1072   in FES: 113
** Event #301824   t=32.001646861698   Elapsed: 18.0864s (0m 18s)  6% completed  (53% total)
     Speed:     ev/sec=15863.8   simsec/sec=1.86895   ev/simsec=8488.09
     Messages:  created: 238910   present: 1068   in FES: 111
** Event #334080   t=35.044938209502   Elapsed: 20.0912s (0m 20s)  7% completed  (53% total)
     Speed:     ev/sec=16089.4   simsec/sec=1.518   ev/simsec=10599.1
     Messages:  created: 264320   present: 1058   in FES: 105
** Event #366592   t=38.134330953924   Elapsed: 22.1032s (0m 22s)  7% completed  (53% total)
     Speed:     ev/sec=16159.5   simsec/sec=1.53552   ev/simsec=10523.8
     Messages:  created: 289887   present: 1051   in FES: 106
** Event #397568   t=41.300397085807   Elapsed: 24.1175s (0m 24s)  8% completed  (54% total)
     Speed:     ev/sec=15378.1   simsec/sec=1.5718   ev/simsec=9783.75
     Messages:  created: 314383   present: 1105   in FES: 124
** Event #433920   t=45.102540149089   Elapsed: 26.1272s (0m 26s)  9% completed  (54% total)
     Speed:     ev/sec=18087.6   simsec/sec=1.89182   ev/simsec=9560.92
     Messages:  created: 343084   present: 1053   in FES: 104
** Event #465152   t=48.339722485976   Elapsed: 28.1273s (0m 28s)  9% completed  (54% total)
     Speed:     ev/sec=15615.5   simsec/sec=1.61854   ev/simsec=9647.9
     Messages:  created: 367995   present: 1055   in FES: 106
** Event #498432   t=52.067286662395   Elapsed: 30.1309s (0m 30s)  10% completed  (55% total)
     Speed:     ev/sec=16610   simsec/sec=1.86042   ev/simsec=8928.08
     Messages:  created: 394712   present: 1094   in FES: 119
** Event #530944   t=55.401981739139   Elapsed: 32.1536s (0m 32s)  11% completed  (55% total)
     Speed:     ev/sec=16073.9   simsec/sec=1.64867   ev/simsec=9749.62
     Messages:  created: 420954   present: 1032   in FES: 99
** Event #566272   t=59.269248882397   Elapsed: 34.1707s (0m 34s)  11% completed  (55% total)
     Speed:     ev/sec=17514.3   simsec/sec=1.91725   ev/simsec=9135.13
     Messages:  created: 449762   present: 1088   in FES: 126
** Event #604672   t=63.465722446894   Elapsed: 36.1771s (0m 36s)  12% completed  (56% total)
     Speed:     ev/sec=19138.8   simsec/sec=2.09154   ev/simsec=9150.54
     Messages:  created: 480875   present: 1053   in FES: 106
** Event #643328   t=68.034598513758   Elapsed: 38.1809s (0m 38s)  13% completed  (56% total)
     Speed:     ev/sec=19291.3   simsec/sec=2.2801   ev/simsec=8460.72
     Messages:  created: 512361   present: 1104   in FES: 126
** Event #684288   t=72.22606279008   Elapsed: 40.1829s (0m 40s)  14% completed  (57% total)
     Speed:     ev/sec=20459.4   simsec/sec=2.09363   ev/simsec=9772.24
     Messages:  created: 545720   present: 1086   in FES: 126
** Event #720640   t=76.190557450014   Elapsed: 42.1981s (0m 42s)  15% completed  (57% total)
     Speed:     ev/sec=18038.7   simsec/sec=1.96728   ev/simsec=9169.39
     Messages:  created: 575338   present: 1101   in FES: 122
** Event #755200   t=80.079131751123   Elapsed: 44.2044s (0m 44s)  16% completed  (58% total)
     Speed:     ev/sec=17225.6   simsec/sec=1.93817   ev/simsec=8887.58
     Messages:  created: 603510   present: 1070   in FES: 111
** Event #792064   t=84.093818529514   Elapsed: 46.2065s (0m 46s)  16% completed  (58% total)
     Speed:     ev/sec=18412.8   simsec/sec=2.00525   ev/simsec=9182.29
     Messages:  created: 633632   present: 1066   in FES: 109
** Event #830208   t=88.250032740348   Elapsed: 48.2154s (0m 48s)  17% completed  (58% total)
     Speed:     ev/sec=18987.7   simsec/sec=2.06892   ev/simsec=9177.58
     Messages:  created: 664770   present: 1077   in FES: 114
** Event #868352   t=92.401981723555   Elapsed: 50.2194s (0m 50s)  18% completed  (59% total)
     Speed:     ev/sec=19034   simsec/sec=2.07184   ev/simsec=9187.01
     Messages:  created: 695772   present: 1032   in FES: 99
** Event #907264   t=97.025544950931   Elapsed: 52.2206s (0m 52s)  19% completed  (59% total)
     Speed:     ev/sec=19443.8   simsec/sec=2.31034   ev/simsec=8416.02
     Messages:  created: 727166   present: 1064   in FES: 109
** Event #942592   t=100.339726354062   Elapsed: 54.2276s (0m 54s)  20% completed  (60% total)
     Speed:     ev/sec=17602.3   simsec/sec=1.6513   ev/simsec=10659.6
     Messages:  created: 756433   present: 1056   in FES: 107
** Event #983808   t=103.102531807741   Elapsed: 56.245s (0m 56s)  20% completed  (60% total)
     Speed:     ev/sec=20430.2   simsec/sec=1.36949   ev/simsec=14918.2
     Messages:  created: 798536   present: 1063   in FES: 108
** Event #1027072   t=106.061426346405   Elapsed: 58.25s (0m 58s)  21% completed  (60% total)
     Speed:     ev/sec=21578.4   simsec/sec=1.47578   ev/simsec=14621.7
     Messages:  created: 843252   present: 1058   in FES: 107
** Event #1069312   t=109.010048352962   Elapsed: 60.2521s (1m 00s)  21% completed  (60% total)
     Speed:     ev/sec=21098.4   simsec/sec=1.4728   ev/simsec=14325.3
     Messages:  created: 887020   present: 1100   in FES: 126
** Event #1108992   t=111.280879285226   Elapsed: 62.2524s (1m 02s)  22% completed  (61% total)
     Speed:     ev/sec=19837   simsec/sec=1.13525   ev/simsec=17473.8
     Messages:  created: 927257   present: 1082   in FES: 127
** Event #1149696   t=114.069239467734   Elapsed: 64.2562s (1m 04s)  22% completed  (61% total)
     Speed:     ev/sec=20313.5   simsec/sec=1.39154   ev/simsec=14597.8
     Messages:  created: 969397   present: 1122   in FES: 128
** Event #1191680   t=117.026387084066   Elapsed: 66.2577s (1m 06s)  23% completed  (61% total)
     Speed:     ev/sec=20975.7   simsec/sec=1.47743   ev/simsec=14197.5
     Messages:  created: 1012904   present: 1030   in FES: 97
** Event #1231872   t=119.438676539813   Elapsed: 68.2644s (1m 08s)  23% completed  (61% total)
     Speed:     ev/sec=20028.6   simsec/sec=1.2021   ev/simsec=16661.4
     Messages:  created: 1054058   present: 1115   in FES: 130
** Event #1274112   t=122.1862998499   Elapsed: 70.2878s (1m 10s)  24% completed  (62% total)
     Speed:     ev/sec=20875.9   simsec/sec=1.35794   ev/simsec=15373.3
     Messages:  created: 1097537   present: 1060   in FES: 109
** Event #1317120   t=125.033047384086   Elapsed: 72.2909s (1m 12s)  25% completed  (62% total)
     Speed:     ev/sec=21470.7   simsec/sec=1.42117   ev/simsec=15107.8
     Messages:  created: 1143025   present: 1105   in FES: 120
** Event #1358336   t=127.728018484965   Elapsed: 74.2931s (1m 14s)  25% completed  (62% total)
     Speed:     ev/sec=20585.3   simsec/sec=1.346   ev/simsec=15293.7
     Messages:  created: 1185558   present: 1115   in FES: 126
** Event #1399296   t=130.329197075514   Elapsed: 76.3033s (1m 16s)  26% completed  (63% total)
     Speed:     ev/sec=20376.4   simsec/sec=1.29401   ev/simsec=15746.7
     Messages:  created: 1227613   present: 1027   in FES: 96
** Event #1437184   t=133.039348344923   Elapsed: 78.3101s (1m 18s)  26% completed  (63% total)
     Speed:     ev/sec=18880.1   simsec/sec=1.35051   ev/simsec=13980
     Messages:  created: 1267375   present: 1125   in FES: 124
** Event #1480704   t=136.035801938191   Elapsed: 80.3143s (1m 20s)  27% completed  (63% total)
     Speed:     ev/sec=21713.7   simsec/sec=1.49504   ev/simsec=14523.8
     Messages:  created: 1312196   present: 1112   in FES: 121
** Event #1523712   t=139.041937964428   Elapsed: 82.3144s (1m 22s)  27% completed  (63% total)
     Speed:     ev/sec=21503.5   simsec/sec=1.50303   ev/simsec=14306.7
     Messages:  created: 1355806   present: 1099   in FES: 126
** Event #1563904   t=141.727607545192   Elapsed: 84.3216s (1m 24s)  28% completed  (64% total)
     Speed:     ev/sec=20023.8   simsec/sec=1.33801   ev/simsec=14965.4
     Messages:  created: 1396874   present: 1090   in FES: 119
** Event #1606400   t=144.319550236084   Elapsed: 86.332s (1m 26s)  28% completed  (64% total)
     Speed:     ev/sec=21137.8   simsec/sec=1.28925   ev/simsec=16395.4
     Messages:  created: 1440518   present: 1107   in FES: 126
** Event #1650432   t=147.086934942093   Elapsed: 88.3325s (1m 28s)  29% completed  (64% total)
     Speed:     ev/sec=22010.7   simsec/sec=1.38336   ev/simsec=15911.1
     Messages:  created: 1486748   present: 1106   in FES: 123
** Event #1688064   t=149.454654767096   Elapsed: 90.3421s (1m 30s)  29% completed  (64% total)
     Speed:     ev/sec=18726.2   simsec/sec=1.17821   ev/simsec=15893.8
     Messages:  created: 1525631   present: 1102   in FES: 123
** Event #1732608   t=152.465603783997   Elapsed: 92.3631s (1m 32s)  30% completed  (65% total)
     Speed:     ev/sec=22040.6   simsec/sec=1.48983   ev/simsec=14794
     Messages:  created: 1571280   present: 1089   in FES: 126
** Event #1773056   t=155.269334375858   Elapsed: 94.3635s (1m 34s)  31% completed  (65% total)
     Speed:     ev/sec=20220.1   simsec/sec=1.4016   ev/simsec=14426.5
     Messages:  created: 1612204   present: 1107   in FES: 124
** Event #1812480   t=158.070137722544   Elapsed: 96.3669s (1m 36s)  31% completed  (65% total)
     Speed:     ev/sec=19678   simsec/sec=1.39799   ev/simsec=14076
     Messages:  created: 1652326   present: 1063   in FES: 104
** Event #1850112   t=160.819195708612   Elapsed: 98.3687s (1m 38s)  32% completed  (66% total)
     Speed:     ev/sec=18798.7   simsec/sec=1.37327   ev/simsec=13689.1
     Messages:  created: 1690651   present: 1083   in FES: 128
** Event #1891840   t=163.477574080752   Elapsed: 100.373s (1m 40s)  32% completed  (66% total)
     Speed:     ev/sec=20823.2   simsec/sec=1.32659   ev/simsec=15696.8
     Messages:  created: 1732345   present: 1101   in FES: 145
** Event #1932032   t=166.233967772532   Elapsed: 102.544s (1m 42s)  33% completed  (66% total)
     Speed:     ev/sec=18510.9   simsec/sec=1.26949   ev/simsec=14581.4
     Messages:  created: 1772729   present: 1093   in FES: 118
** Event #1970432   t=169.034599323739   Elapsed: 104.554s (1m 44s)  33% completed  (66% total)
     Speed:     ev/sec=19105.1   simsec/sec=1.39339   ev/simsec=13711.2
     Messages:  created: 1811842   present: 1120   in FES: 126
** Event #2007808   t=171.334509372194   Elapsed: 106.559s (1m 46s)  34% completed  (67% total)
     Speed:     ev/sec=18637.7   simsec/sec=1.14686   ev/simsec=16251.1
     Messages:  created: 1849045   present: 1112   in FES: 126
** Event #2049280   t=174.106694786627   Elapsed: 108.561s (1m 48s)  34% completed  (67% total)
     Speed:     ev/sec=20713.4   simsec/sec=1.38458   ev/simsec=14960
     Messages:  created: 1890998   present: 1102   in FES: 126
** Event #2084352   t=176.478184294458   Elapsed: 110.566s (1m 50s)  35% completed  (67% total)
     Speed:     ev/sec=17496.5   simsec/sec=1.18307   ev/simsec=14789
     Messages:  created: 1926105   present: 1110   in FES: 123
** Event #2123776   t=179.186306922001   Elapsed: 112.573s (1m 52s)  35% completed  (67% total)
     Speed:     ev/sec=19639.7   simsec/sec=1.3491   ev/simsec=14557.7
     Messages:  created: 1965623   present: 1093   in FES: 120
** Event #2165504   t=182.085184801154   Elapsed: 114.575s (1m 54s)  36% completed  (68% total)
     Speed:     ev/sec=20846.9   simsec/sec=1.44825   ev/simsec=14394.5
     Messages:  created: 2007025   present: 1078   in FES: 113
** Event #2201088   t=184.477575158845   Elapsed: 116.579s (1m 56s)  36% completed  (68% total)
     Speed:     ev/sec=17753.7   simsec/sec=1.19362   ev/simsec=14873.8
     Messages:  created: 2041794   present: 1115   in FES: 145
** Event #2239744   t=187.085185071325   Elapsed: 118.582s (1m 58s)  37% completed  (68% total)
     Speed:     ev/sec=19303.8   simsec/sec=1.30218   ev/simsec=14824.3
     Messages:  created: 2080402   present: 1060   in FES: 107
** Event #2274816   t=189.364457444612   Elapsed: 120.602s (2m 00s)  37% completed  (68% total)
     Speed:     ev/sec=17359.4   simsec/sec=1.12816   ev/simsec=15387.4
     Messages:  created: 2115029   present: 1023   in FES: 96
** Event #2316800   t=192.186318897138   Elapsed: 122.624s (2m 02s)  38% completed  (69% total)
     Speed:     ev/sec=20761.8   simsec/sec=1.39546   ev/simsec=14878.1
     Messages:  created: 2156748   present: 1102   in FES: 123
** Event #2355200   t=195.033056195761   Elapsed: 124.629s (2m 04s)  39% completed  (69% total)
     Speed:     ev/sec=19158.5   simsec/sec=1.42029   ev/simsec=13489.1
     Messages:  created: 2194557   present: 1074   in FES: 109
** Event #2392320   t=197.326531853409   Elapsed: 126.633s (2m 06s)  39% completed  (69% total)
     Speed:     ev/sec=18515.2   simsec/sec=1.14397   ev/simsec=16185
     Messages:  created: 2229894   present: 1080   in FES: 127
** Event #2424576   t=199.576530291173   Elapsed: 128.635s (2m 08s)  39% completed  (69% total)
     Speed:     ev/sec=16118.4   simsec/sec=1.12433   ev/simsec=14336
     Messages:  created: 2261151   present: 1116   in FES: 128
** Event #2463488   t=202.188631685315   Elapsed: 130.649s (2m 10s)  40% completed  (70% total)
     Speed:     ev/sec=19316   simsec/sec=1.29665   ev/simsec=14896.8
     Messages:  created: 2298363   present: 1107   in FES: 127
** Event #2498560   t=204.568972799207   Elapsed: 132.653s (2m 12s)  40% completed  (70% total)
     Speed:     ev/sec=17499.2   simsec/sec=1.18767   ev/simsec=14734
     Messages:  created: 2332203   present: 1087   in FES: 126
** Event #2537728   t=207.186315845769   Elapsed: 134.667s (2m 14s)  41% completed  (70% total)
     Speed:     ev/sec=19453.6   simsec/sec=1.29995   ev/simsec=14964.8
     Messages:  created: 2369680   present: 1042   in FES: 103
** Event #2571776   t=209.401984868957   Elapsed: 136.669s (2m 16s)  41% completed  (70% total)
     Speed:     ev/sec=17001   simsec/sec=1.10634   ev/simsec=15366.9
     Messages:  created: 2402849   present: 1062   in FES: 109
** Event #2607104   t=211.939455098571   Elapsed: 138.674s (2m 18s)  42% completed  (71% total)
     Speed:     ev/sec=17621.6   simsec/sec=1.26569   ev/simsec=13922.5
     Messages:  created: 2438621   present: 1056   in FES: 105
** Event #2641408   t=214.038520413867   Elapsed: 140.677s (2m 20s)  42% completed  (71% total)
     Speed:     ev/sec=17129.1   simsec/sec=1.04813   ev/simsec=16342.5
     Messages:  created: 2472133   present: 1064   in FES: 105
** Event #2674432   t=216.067433042615   Elapsed: 142.683s (2m 22s)  43% completed  (71% total)
     Speed:     ev/sec=16459.7   simsec/sec=1.01124   ev/simsec=16276.7
     Messages:  created: 2504350   present: 1031   in FES: 98
** Event #2710784   t=218.26934025123   Elapsed: 144.711s (2m 24s)  43% completed  (71% total)
     Speed:     ev/sec=17928.7   simsec/sec=1.08598   ev/simsec=16509.3
     Messages:  created: 2539778   present: 1055   in FES: 106
** Event #2745344   t=220.819239907029   Elapsed: 146.714s (2m 26s)  44% completed  (72% total)
     Speed:     ev/sec=17250.6   simsec/sec=1.27278   ev/simsec=13553.5
     Messages:  created: 2573752   present: 1102   in FES: 123
** Event #2783488   t=223.115258900054   Elapsed: 148.72s (2m 28s)  44% completed  (72% total)
     Speed:     ev/sec=19020.2   simsec/sec=1.14489   ev/simsec=16613.1
     Messages:  created: 2610113   present: 1071   in FES: 111
** Event #2818304   t=225.269249430419   Elapsed: 150.72s (2m 30s)  45% completed  (72% total)
     Speed:     ev/sec=17402.3   simsec/sec=1.07664   ev/simsec=16163.5
     Messages:  created: 2644089   present: 1091   in FES: 126
** Event #2853376   t=227.438631523592   Elapsed: 152.74s (2m 32s)  45% completed  (72% total)
     Speed:     ev/sec=17366.7   simsec/sec=1.07422   ev/simsec=16166.8
     Messages:  created: 2679247   present: 1105   in FES: 127
** Event #2886144   t=229.540144630773   Elapsed: 154.743s (2m 34s)  45% completed  (72% total)
     Speed:     ev/sec=16360.6   simsec/sec=1.04926   ev/simsec=15592.6
     Messages:  created: 2711746   present: 1027   in FES: 96
** Event #2923264   t=232.044883662122   Elapsed: 156.744s (2m 36s)  46% completed  (73% total)
     Speed:     ev/sec=18547.6   simsec/sec=1.25153   ev/simsec=14819.9
     Messages:  created: 2748826   present: 1106   in FES: 126
** Event #2959616   t=234.245481818179   Elapsed: 158.746s (2m 38s)  46% completed  (73% total)
     Speed:     ev/sec=18155.7   simsec/sec=1.09907   ev/simsec=16519.1
     Messages:  created: 2784341   present: 1096   in FES: 121
** Event #2994688   t=236.477573349641   Elapsed: 160.763s (2m 40s)  47% completed  (73% total)
     Speed:     ev/sec=17390.4   simsec/sec=1.10678   ev/simsec=15712.6
     Messages:  created: 2819028   present: 1113   in FES: 147
** Event #3031296   t=239.03308324818   Elapsed: 162.777s (2m 42s)  47% completed  (73% total)
     Speed:     ev/sec=18181.1   simsec/sec=1.26917   ev/simsec=14325.1
     Messages:  created: 2855865   present: 1100   in FES: 117
** Event #3067904   t=241.190585672545   Elapsed: 164.787s (2m 44s)  48% completed  (74% total)
     Speed:     ev/sec=18213.4   simsec/sec=1.07341   ev/simsec=16967.8
     Messages:  created: 2891430   present: 1090   in FES: 117
** Event #3101696   t=243.361824250862   Elapsed: 166.941s (2m 46s)  48% completed  (74% total)
     Speed:     ev/sec=15685.4   simsec/sec=1.00784   ev/simsec=15563.5
     Messages:  created: 2924928   present: 1068   in FES: 111
** Event #3140608   t=246.039348617485   Elapsed: 168.953s (2m 48s)  49% completed  (74% total)
     Speed:     ev/sec=19337   simsec/sec=1.33057   ev/simsec=14532.8
     Messages:  created: 2964139   present: 1129   in FES: 124
** Event #3177984   t=248.190585906342   Elapsed: 170.956s (2m 50s)  49% completed  (74% total)
     Speed:     ev/sec=18664.4   simsec/sec=1.07426   ev/simsec=17374.2
     Messages:  created: 3001494   present: 1063   in FES: 108
** Event #3213056   t=250.438632861014   Elapsed: 172.961s (2m 52s)  50% completed  (75% total)
     Speed:     ev/sec=17494.2   simsec/sec=1.12135   ev/simsec=15601.1
     Messages:  created: 3037142   present: 1043   in FES: 127
** Event #3252736   t=253.039349398612   Elapsed: 174.964s (2m 54s)  50% completed  (75% total)
     Speed:     ev/sec=19805.9   simsec/sec=1.29812   ev/simsec=15257.3
     Messages:  created: 3078288   present: 1091   in FES: 112
** Event #3290624   t=255.293706505268   Elapsed: 176.965s (2m 56s)  51% completed  (75% total)
     Speed:     ev/sec=18937.5   simsec/sec=1.12679   ev/simsec=16806.6
     Messages:  created: 3116287   present: 1021   in FES: 95
** Event #3328512   t=258.01740527621   Elapsed: 178.971s (2m 58s)  51% completed  (75% total)
     Speed:     ev/sec=18882.8   simsec/sec=1.35745   ev/simsec=13910.5
     Messages:  created: 3155773   present: 1089   in FES: 126
** Event #3361280   t=260.033083347534   Elapsed: 180.98s (3m 00s)  52% completed  (76% total)
     Speed:     ev/sec=16310.9   simsec/sec=1.00334   ev/simsec=16256.6
     Messages:  created: 3188948   present: 1079   in FES: 110
** Event #3399424   t=262.250667703419   Elapsed: 182.988s (3m 02s)  52% completed  (76% total)
     Speed:     ev/sec=19000.4   simsec/sec=1.10463   ev/simsec=17200.7
     Messages:  created: 3226921   present: 1070   in FES: 111
** Event #3436032   t=264.688676630034   Elapsed: 184.989s (3m 04s)  52% completed  (76% total)
     Speed:     ev/sec=18289.6   simsec/sec=1.21804   ev/simsec=15015.5
     Messages:  created: 3264519   present: 1110   in FES: 128
** Event #3476224   t=267.115255982224   Elapsed: 187.004s (3m 07s)  53% completed  (76% total)
     Speed:     ev/sec=19945   simsec/sec=1.20418   ev/simsec=16563.2
     Messages:  created: 3305004   present: 1025   in FES: 96
** Event #3512320   t=269.475163651429   Elapsed: 189.022s (3m 09s)  53% completed  (76% total)
     Speed:     ev/sec=17891.3   simsec/sec=1.16971   ev/simsec=15295.5
     Messages:  created: 3341673   present: 1094   in FES: 119
** Event #3551232   t=272.039349656022   Elapsed: 191.025s (3m 11s)  54% completed  (77% total)
     Speed:     ev/sec=19422.8   simsec/sec=1.2799   ev/simsec=15175.2
     Messages:  created: 3381692   present: 1071   in FES: 109
** Event #3586816   t=274.035747524048   Elapsed: 193.025s (3m 13s)  54% completed  (77% total)
     Speed:     ev/sec=17790.8   simsec/sec=0.998129   ev/simsec=17824.1
     Messages:  created: 3418481   present: 1042   in FES: 97
** Event #3621888   t=276.038464956055   Elapsed: 195.026s (3m 15s)  55% completed  (77% total)
     Speed:     ev/sec=17530.6   simsec/sec=1.00105   ev/simsec=17512.2
     Messages:  created: 3454879   present: 1049   in FES: 98
** Event #3660544   t=278.14417579469   Elapsed: 197.034s (3m 17s)  55% completed  (77% total)
     Speed:     ev/sec=19256.4   simsec/sec=1.04895   ev/simsec=18357.7
     Messages:  created: 3494955   present: 1086   in FES: 117
** Event #3698176   t=280.465703632794   Elapsed: 199.042s (3m 19s)  56% completed  (78% total)
     Speed:     ev/sec=18738.1   simsec/sec=1.15596   ev/simsec=16210
     Messages:  created: 3533932   present: 1029   in FES: 98
** Event #3738624   t=283.036113771709   Elapsed: 201.045s (3m 21s)  56% completed  (78% total)
     Speed:     ev/sec=20188.8   simsec/sec=1.28297   ev/simsec=15736
     Messages:  created: 3576842   present: 1077   in FES: 104
** Event #3778560   t=285.261804983753   Elapsed: 203.059s (3m 23s)  57% completed  (78% total)
     Speed:     ev/sec=19835.4   simsec/sec=1.10545   ev/simsec=17943.2
     Messages:  created: 3618227   present: 1099   in FES: 122
** Event #3815680   t=287.475171509888   Elapsed: 205.082s (3m 25s)  57% completed  (78% total)
     Speed:     ev/sec=18343.9   simsec/sec=1.0938   ev/simsec=16770.8
     Messages:  created: 3657669   present: 1086   in FES: 117
** Event #3857408   t=290.046943861805   Elapsed: 207.091s (3m 27s)  58% completed  (79% total)
     Speed:     ev/sec=20775.1   simsec/sec=1.28041   ev/simsec=16225.4
     Messages:  created: 3702226   present: 1034   in FES: 97
** Event #3899392   t=292.227340877647   Elapsed: 209.112s (3m 29s)  58% completed  (79% total)
     Speed:     ev/sec=20776.4   simsec/sec=1.079   ev/simsec=19255.2
     Messages:  created: 3746322   present: 1103   in FES: 126
** Event #3939584   t=294.781061322048   Elapsed: 211.12s (3m 31s)  58% completed  (79% total)
     Speed:     ev/sec=20016.1   simsec/sec=1.27178   ev/simsec=15738.6
     Messages:  created: 3789739   present: 1102   in FES: 121
** Event #3981568   t=297.14407375179   Elapsed: 213.124s (3m 33s)  59% completed  (79% total)
     Speed:     ev/sec=20943.6   simsec/sec=1.17878   ev/simsec=17767.2
     Messages:  created: 3833950   present: 1092   in FES: 126
** Event #4021248   t=299.455347357691   Elapsed: 215.141s (3m 35s)  59% completed  (79% total)
     Speed:     ev/sec=19673.2   simsec/sec=1.14592   ev/simsec=17168
     Messages:  created: 3876727   present: 1107   in FES: 124
** Event #4057088   t=301.531419903845   Elapsed: 217.144s (3m 37s)  60% completed  (80% total)
     Speed:     ev/sec=17892.3   simsec/sec=1.03643   ev/simsec=17263.4
     Messages:  created: 3915318   present: 1032   in FES: 101
** Event #4101376   t=304.051731766185   Elapsed: 219.145s (3m 39s)  60% completed  (80% total)
     Speed:     ev/sec=22132.9   simsec/sec=1.25952   ev/simsec=17572.4
     Messages:  created: 3963104   present: 1087   in FES: 127
** Event #4140800   t=306.280770564508   Elapsed: 221.158s (3m 41s)  61% completed  (80% total)
     Speed:     ev/sec=19587.5   simsec/sec=1.10748   ev/simsec=17686.5
     Messages:  created: 4004303   present: 1116   in FES: 145
** Event #4183296   t=308.478430756625   Elapsed: 223.165s (3m 43s)  61% completed  (80% total)
     Speed:     ev/sec=21177.2   simsec/sec=1.09517   ev/simsec=19336.9
     Messages:  created: 4051131   present: 1095   in FES: 148
** Event #4227328   t=311.245474456558   Elapsed: 225.177s (3m 45s)  62% completed  (81% total)
     Speed:     ev/sec=21876   simsec/sec=1.37472   ev/simsec=15913
     Messages:  created: 4096894   present: 1080   in FES: 115
** Event #4269056   t=314.034652218284   Elapsed: 227.336s (3m 47s)  62% completed  (81% total)
     Speed:     ev/sec=19328.9   simsec/sec=1.29198   ev/simsec=14960.7
     Messages:  created: 4141094   present: 1116   in FES: 121
** Event #4312064   t=316.530839032946   Elapsed: 229.345s (3m 49s)  63% completed  (81% total)
     Speed:     ev/sec=21414.3   simsec/sec=1.24289   ev/simsec=17229.5
     Messages:  created: 4185359   present: 1098   in FES: 127
** Event #4355584   t=319.134319223939   Elapsed: 231.351s (3m 51s)  63% completed  (81% total)
     Speed:     ev/sec=21689   simsec/sec=1.29749   ev/simsec=16716.1
     Messages:  created: 4230947   present: 1061   in FES: 108
** Event #4394240   t=321.488996028254   Elapsed: 233.356s (3m 53s)  64% completed  (82% total)
     Speed:     ev/sec=19284.4   simsec/sec=1.17468   ev/simsec=16416.7
     Messages:  created: 4271330   present: 1095   in FES: 126
** Event #4436736   t=324.144188118012   Elapsed: 235.358s (3m 55s)  64% completed  (82% total)
     Speed:     ev/sec=21222.4   simsec/sec=1.32599   ev/simsec=16004.9
     Messages:  created: 4315438   present: 1070   in FES: 111
** Event #4474368   t=326.530902197496   Elapsed: 237.361s (3m 57s)  65% completed  (82% total)
     Speed:     ev/sec=18784.7   simsec/sec=1.19137   ev/simsec=15767.3
     Messages:  created: 4354684   present: 1118   in FES: 142
** Event #4510976   t=329.010102755304   Elapsed: 239.362s (3m 59s)  65% completed  (82% total)
     Speed:     ev/sec=18296.2   simsec/sec=1.23907   ev/simsec=14766.1
     Messages:  created: 4393581   present: 1070   in FES: 111
** Event #4550912   t=331.190573803224   Elapsed: 241.364s (4m 01s)  66% completed  (83% total)
     Speed:     ev/sec=19950.6   simsec/sec=1.08929   ev/simsec=18315.3
     Messages:  created: 4434474   present: 1075   in FES: 112
** Event #4598272   t=334.22618109146   Elapsed: 243.382s (4m 03s)  66% completed  (83% total)
     Speed:     ev/sec=23468.3   simsec/sec=1.50424   ev/simsec=15601.5
     Messages:  created: 4483889   present: 1066   in FES: 111
** Event #4639232   t=337.0266393199   Elapsed: 245.386s (4m 05s)  67% completed  (83% total)
     Speed:     ev/sec=20441.1   simsec/sec=1.39757   ev/simsec=14626.2
     Messages:  created: 4527451   present: 1089   in FES: 116
** Event #4679424   t=339.25002175459   Elapsed: 247.409s (4m 07s)  67% completed  (83% total)
     Speed:     ev/sec=19863.9   simsec/sec=1.09885   ev/simsec=18077
     Messages:  created: 4568830   present: 1064   in FES: 109
** Event #4719360   t=341.568974196633   Elapsed: 249.41s (4m 09s)  68% completed  (84% total)
     Speed:     ev/sec=19962.3   simsec/sec=1.15914   ev/simsec=17221.6
     Messages:  created: 4611722   present: 1098   in FES: 126
** Event #4758528   t=344.033058706364   Elapsed: 251.411s (4m 11s)  68% completed  (84% total)
     Speed:     ev/sec=19570   simsec/sec=1.23116   ev/simsec=15895.6
     Messages:  created: 4653849   present: 1121   in FES: 124
** Event #4799232   t=346.245494484871   Elapsed: 253.432s (4m 13s)  69% completed  (84% total)
     Speed:     ev/sec=20144.7   simsec/sec=1.09495   ev/simsec=18397.8
     Messages:  created: 4695892   present: 1054   in FES: 107
** Event #4838144   t=348.576532866053   Elapsed: 255.439s (4m 15s)  69% completed  (84% total)
     Speed:     ev/sec=19383.9   simsec/sec=1.1612   ev/simsec=16693
     Messages:  created: 4737190   present: 1052   in FES: 116
** Event #4882688   t=351.186192344408   Elapsed: 257.445s (4m 17s)  70% completed  (85% total)
     Speed:     ev/sec=22210.5   simsec/sec=1.30123   ev/simsec=17068.9
     Messages:  created: 4783823   present: 1022   in FES: 96
** Event #4921088   t=353.375324218262   Elapsed: 259.463s (4m 19s)  70% completed  (85% total)
     Speed:     ev/sec=19024.3   simsec/sec=1.08455   ev/simsec=17541.2
     Messages:  created: 4824380   present: 1060   in FES: 109
** Event #4964352   t=356.041939019544   Elapsed: 261.468s (4m 21s)  71% completed  (85% total)
     Speed:     ev/sec=21585.5   simsec/sec=1.33044   ev/simsec=16224.3
     Messages:  created: 4870741   present: 1114   in FES: 126
** Event #4999936   t=358.069784801456   Elapsed: 263.475s (4m 23s)  71% completed  (85% total)
     Speed:     ev/sec=17723   simsec/sec=1.00999   ev/simsec=17547.7
     Messages:  created: 4907907   present: 1106   in FES: 121
** Event #5042688   t=360.465702034314   Elapsed: 265.483s (4m 25s)  72% completed  (86% total)
     Speed:     ev/sec=21290.6   simsec/sec=1.19317   ev/simsec=17843.7
     Messages:  created: 4952843   present: 1084   in FES: 117
** Event #5089280   t=363.134221824556   Elapsed: 267.496s (4m 27s)  72% completed  (86% total)
     Speed:     ev/sec=23153   simsec/sec=1.32607   ev/simsec=17459.9
     Messages:  created: 5001928   present: 1110   in FES: 127
** Event #5135616   t=366.039350127967   Elapsed: 269.5s (4m 29s)  73% completed  (86% total)
     Speed:     ev/sec=23118.8   simsec/sec=1.44948   ev/simsec=15949.7
     Messages:  created: 5050974   present: 1099   in FES: 113
** Event #5177856   t=368.401972095438   Elapsed: 271.521s (4m 31s)  73% completed  (86% total)
     Speed:     ev/sec=20899.5   simsec/sec=1.16898   ev/simsec=17878.4
     Messages:  created: 5094588   present: 1096   in FES: 121
** Event #5214464   t=370.938409224851   Elapsed: 273.523s (4m 33s)  74% completed  (87% total)
     Speed:     ev/sec=18285.3   simsec/sec=1.26692   ev/simsec=14432.8
     Messages:  created: 5133452   present: 1022   in FES: 96
** Event #5257216   t=373.318972227629   Elapsed: 275.537s (4m 35s)  74% completed  (87% total)
     Speed:     ev/sec=21234.5   simsec/sec=1.1824   ev/simsec=17958.8
     Messages:  created: 5177066   present: 1022   in FES: 96
** Event #5297920   t=376.030186961098   Elapsed: 277.548s (4m 37s)  75% completed  (87% total)
     Speed:     ev/sec=20239.2   simsec/sec=1.34809   ev/simsec=15013.2
     Messages:  created: 5220149   present: 1060   in FES: 107
** Event #5336320   t=378.115273863874   Elapsed: 279.572s (4m 39s)  75% completed  (87% total)
     Speed:     ev/sec=18968.7   simsec/sec=1.02999   ev/simsec=18416.5
     Messages:  created: 5259094   present: 1103   in FES: 122
** Event #5374208   t=380.401977070709   Elapsed: 281.599s (4m 41s)  76% completed  (88% total)
     Speed:     ev/sec=18696.2   simsec/sec=1.1284   ev/simsec=16568.8
     Messages:  created: 5297928   present: 1057   in FES: 108
** Event #5413376   t=383.019390076432   Elapsed: 283.605s (4m 43s)  76% completed  (88% total)
     Speed:     ev/sec=19524.5   simsec/sec=1.30473   ev/simsec=14964.4
     Messages:  created: 5339056   present: 1108   in FES: 123
** Event #5445888   t=384.978159354684   Elapsed: 285.61s (4m 45s)  76% completed  (88% total)
     Speed:     ev/sec=16210.2   simsec/sec=0.976628   ev/simsec=16598.2
     Messages:  created: 5372525   present: 1057   in FES: 127
** Event #5486592   t=387.106808319106   Elapsed: 287.629s (4m 47s)  77% completed  (88% total)
     Speed:     ev/sec=20160.6   simsec/sec=1.05431   ev/simsec=19122
     Messages:  created: 5413291   present: 1049   in FES: 104
** Event #5522688   t=389.226168866204   Elapsed: 289.634s (4m 49s)  77% completed  (88% total)
     Speed:     ev/sec=18006.5   simsec/sec=1.05724   ev/simsec=17031.6
     Messages:  created: 5450209   present: 1075   in FES: 114
** Event #5560064   t=391.334606218765   Elapsed: 291.643s (4m 51s)  78% completed  (89% total)
     Speed:     ev/sec=18607.7   simsec/sec=1.04969   ev/simsec=17726.9
     Messages:  created: 5488696   present: 1077   in FES: 112
** Event #5598208   t=393.819976779248   Elapsed: 293.645s (4m 53s)  78% completed  (89% total)
     Speed:     ev/sec=19046.2   simsec/sec=1.24101   ev/simsec=15347.4
     Messages:  created: 5528088   present: 1102   in FES: 122
** Event #5636096   t=396.039349144884   Elapsed: 295.647s (4m 55s)  79% completed  (89% total)
     Speed:     ev/sec=18923.9   simsec/sec=1.10851   ev/simsec=17071.5
     Messages:  created: 5566352   present: 1121   in FES: 122
** Event #5672960   t=398.09300795906   Elapsed: 297.65s (4m 57s)  79% completed  (89% total)
     Speed:     ev/sec=18406.2   simsec/sec=1.02539   ev/simsec=17950.4
     Messages:  created: 5603515   present: 1100   in FES: 121
** Event #5704960   t=400.06961226198   Elapsed: 299.652s (4m 59s)  80% completed  (90% total)
     Speed:     ev/sec=15982.1   simsec/sec=0.987195   ev/simsec=16189.4
     Messages:  created: 5636160   present: 1087   in FES: 127
** Event #5740288   t=402.1343343734   Elapsed: 301.667s (5m 01s)  80% completed  (90% total)
     Speed:     ev/sec=17537.5   simsec/sec=1.02497   ev/simsec=17110.3
     Messages:  created: 5671599   present: 1081   in FES: 116
** Event #5774336   t=404.261820877764   Elapsed: 303.677s (5m 03s)  80% completed  (90% total)
     Speed:     ev/sec=16940.7   simsec/sec=1.05854   ev/simsec=16003.9
     Messages:  created: 5705574   present: 1096   in FES: 121
** Event #5811456   t=406.577353633272   Elapsed: 305.678s (5m 05s)  81% completed  (90% total)
     Speed:     ev/sec=18549.7   simsec/sec=1.15712   ev/simsec=16030.9
     Messages:  created: 5743329   present: 1101   in FES: 118
** Event #5852672   t=409.076913417001   Elapsed: 307.682s (5m 07s)  81% completed  (90% total)
     Speed:     ev/sec=20563   simsec/sec=1.24705   ev/simsec=16489.3
     Messages:  created: 5785063   present: 1115   in FES: 120
** Event #5887744   t=411.25065115855   Elapsed: 309.694s (5m 09s)  82% completed  (91% total)
     Speed:     ev/sec=17434.4   simsec/sec=1.08057   ev/simsec=16134.4
     Messages:  created: 5820001   present: 1103   in FES: 122
** Event #5919488   t=413.250729082052   Elapsed: 311.698s (5m 11s)  82% completed  (91% total)
     Speed:     ev/sec=15836.1   simsec/sec=0.997776   ev/simsec=15871.4
     Messages:  created: 5852037   present: 1103   in FES: 122
** Event #5957888   t=415.819205792228   Elapsed: 313.703s (5m 13s)  83% completed  (91% total)
     Speed:     ev/sec=19154.1   simsec/sec=1.28117   ev/simsec=14950.5
     Messages:  created: 5891621   present: 1091   in FES: 142
** Event #5997824   t=418.045612985154   Elapsed: 315.705s (5m 15s)  83% completed  (91% total)
     Speed:     ev/sec=19951.4   simsec/sec=1.11228   ev/simsec=17937.4
     Messages:  created: 5932730   present: 1109   in FES: 120
** Event #6035968   t=420.250729419281   Elapsed: 317.724s (5m 17s)  84% completed  (92% total)
     Speed:     ev/sec=18891.1   simsec/sec=1.0921   ev/simsec=17298
     Messages:  created: 5971259   present: 1082   in FES: 115
** Event #6073600   t=422.880420395035   Elapsed: 319.725s (5m 19s)  84% completed  (92% total)
     Speed:     ev/sec=18809.1   simsec/sec=1.31436   ev/simsec=14310.4
     Messages:  created: 6010033   present: 1021   in FES: 95
** Event #6113792   t=425.228386098696   Elapsed: 321.726s (5m 21s)  85% completed  (92% total)
     Speed:     ev/sec=20077.9   simsec/sec=1.17293   ev/simsec=17117.8
     Messages:  created: 6049895   present: 1043   in FES: 100
** Event #6146304   t=427.280577013723   Elapsed: 323.736s (5m 23s)  85% completed  (92% total)
     Speed:     ev/sec=16182.2   simsec/sec=1.02144   ev/simsec=15842.6
     Messages:  created: 6082657   present: 1100   in FES: 126
** Event #6188032   t=430.075076272711   Elapsed: 325.743s (5m 25s)  86% completed  (93% total)
     Speed:     ev/sec=20782.4   simsec/sec=1.39179   ev/simsec=14932.2
     Messages:  created: 6125317   present: 1034   in FES: 97
** Event #6225152   t=432.438411302454   Elapsed: 327.766s (5m 27s)  86% completed  (93% total)
     Speed:     ev/sec=18354.2   simsec/sec=1.16857   ev/simsec=15706.6
     Messages:  created: 6162834   present: 1108   in FES: 126
** Event #6269440   t=435.280185514381   Elapsed: 329.776s (5m 29s)  87% completed  (93% total)
     Speed:     ev/sec=22037.6   simsec/sec=1.41406   ev/simsec=15584.6
     Messages:  created: 6207865   present: 1117   in FES: 138
** Event #6310400   t=438.041991916985   Elapsed: 331.784s (5m 31s)  87% completed  (93% total)
     Speed:     ev/sec=20398.6   simsec/sec=1.37541   ev/simsec=14830.9
     Messages:  created: 6250623   present: 1106   in FES: 121
** Event #6347776   t=440.280944836412   Elapsed: 333.79s (5m 33s)  88% completed  (94% total)
     Speed:     ev/sec=18623.9   simsec/sec=1.11564   ev/simsec=16693.5
     Messages:  created: 6288095   present: 1110   in FES: 123
** Event #6382592   t=442.727605074947   Elapsed: 335.863s (5m 35s)  88% completed  (94% total)
     Speed:     ev/sec=16801.3   simsec/sec=1.18069   ev/simsec=14230
     Messages:  created: 6323985   present: 1115   in FES: 148
** Event #6424320   t=445.261829587371   Elapsed: 337.877s (5m 37s)  89% completed  (94% total)
     Speed:     ev/sec=20715.9   simsec/sec=1.25812   ev/simsec=16465.8
     Messages:  created: 6366331   present: 1069   in FES: 112
** Event #6469376   t=448.245473103661   Elapsed: 339.882s (5m 39s)  89% completed  (94% total)
     Speed:     ev/sec=22473.5   simsec/sec=1.48822   ev/simsec=15101
     Messages:  created: 6412767   present: 1108   in FES: 125
** Event #6511872   t=451.034597294009   Elapsed: 341.891s (5m 41s)  90% completed  (95% total)
     Speed:     ev/sec=21148.7   simsec/sec=1.38805   ev/simsec=15236.3
     Messages:  created: 6457813   present: 1043   in FES: 98
** Event #6560512   t=453.779920130422   Elapsed: 343.895s (5m 43s)  90% completed  (95% total)
     Speed:     ev/sec=24269.2   simsec/sec=1.36979   ev/simsec=17717.4
     Messages:  created: 6509175   present: 1098   in FES: 126
** Event #6606336   t=456.300377033182   Elapsed: 345.904s (5m 45s)  91% completed  (95% total)
     Speed:     ev/sec=22807.8   simsec/sec=1.2545   ev/simsec=18180.8
     Messages:  created: 6557086   present: 1093   in FES: 120
** Event #6646016   t=459.03305128933   Elapsed: 347.913s (5m 47s)  91% completed  (95% total)
     Speed:     ev/sec=19751.7   simsec/sec=1.36026   ev/simsec=14520.6
     Messages:  created: 6599113   present: 1100   in FES: 117
** Event #6697472   t=462.144163675477   Elapsed: 349.927s (5m 49s)  92% completed  (96% total)
     Speed:     ev/sec=25553   simsec/sec=1.54498   ev/simsec=16539.4
     Messages:  created: 6652264   present: 1088   in FES: 117
** Event #6739456   t=465.034597447691   Elapsed: 351.929s (5m 51s)  93% completed  (96% total)
     Speed:     ev/sec=20971.8   simsec/sec=1.44383   ev/simsec=14525.2
     Messages:  created: 6696914   present: 1103   in FES: 127
** Event #6780160   t=467.47757269112   Elapsed: 353.931s (5m 53s)  93% completed  (96% total)
     Speed:     ev/sec=20331   simsec/sec=1.22023   ev/simsec=16661.7
     Messages:  created: 6738885   present: 1096   in FES: 149
** Event #6832896   t=471.033055827215   Elapsed: 355.94s (5m 55s)  94% completed  (97% total)
     Speed:     ev/sec=26249.1   simsec/sec=1.76972   ev/simsec=14832.3
     Messages:  created: 6794854   present: 1090   in FES: 113
** Event #6876928   t=473.939329543043   Elapsed: 357.942s (5m 57s)  94% completed  (97% total)
     Speed:     ev/sec=22000.6   simsec/sec=1.45212   ev/simsec=15150.7
     Messages:  created: 6841142   present: 1090   in FES: 127
** Event #6927872   t=477.052832166678   Elapsed: 359.944s (5m 59s)  95% completed  (97% total)
     Speed:     ev/sec=25443   simsec/sec=1.55498   ev/simsec=16362.3
     Messages:  created: 6894143   present: 1071   in FES: 110
** Event #6980096   t=480.280717255551   Elapsed: 361.944s (6m 01s)  96% completed  (98% total)
     Speed:     ev/sec=26109.2   simsec/sec=1.61377   ev/simsec=16179
     Messages:  created: 6948562   present: 1104   in FES: 126
** Event #7025152   t=483.226061978028   Elapsed: 363.953s (6m 03s)  96% completed  (98% total)
     Speed:     ev/sec=22426.3   simsec/sec=1.46602   ev/simsec=15297.4
     Messages:  created: 6995861   present: 1022   in FES: 96
** Event #7069952   t=486.085184597172   Elapsed: 365.957s (6m 05s)  97% completed  (98% total)
     Speed:     ev/sec=22359.8   simsec/sec=1.42699   ev/simsec=15669.1
     Messages:  created: 7043146   present: 1091   in FES: 116
** Event #7113472   t=489.030804354945   Elapsed: 367.958s (6m 07s)  97% completed  (98% total)
     Speed:     ev/sec=21749.7   simsec/sec=1.47212   ev/simsec=14774.5
     Messages:  created: 7089151   present: 1097   in FES: 118
** Event #7153920   t=491.401984294104   Elapsed: 369.976s (6m 09s)  98% completed  (99% total)
     Speed:     ev/sec=20044.5   simsec/sec=1.17506   ev/simsec=17058.2
     Messages:  created: 7130675   present: 1096   in FES: 121
** Event #7204096   t=494.569239900826   Elapsed: 371.977s (6m 11s)  98% completed  (99% total)
     Speed:     ev/sec=25073.8   simsec/sec=1.58273   ev/simsec=15842.1
     Messages:  created: 7182867   present: 1068   in FES: 111
** Event #7268096   t=498.489103107897   Elapsed: 373.981s (6m 13s)  99% completed  (99% total)
     Speed:     ev/sec=31932.3   simsec/sec=1.95579   ev/simsec=16327.1
     Messages:  created: 7249090   present: 1023   in FES: 96
** Event #7288094   t=500   Elapsed: 374.584s (6m 14s)  100% completed  (100% total)
     Speed:     ev/sec=33157.2   simsec/sec=2.49789   ev/simsec=13274.1
     Messages:  created: 7270724   present: 1021   in FES: 95

<!> Simulation time limit reached -- at t=500s, event #7288094
undisposed object: (omnetpp::cMessage) FanetStressNetwork.uav[0].app.debugTimer -- check module destructor
undisposed object: (omnetpp::cMessage) FanetStressNetwork.uav[1].app.debugTimer -- check module destructor
undisposed object: (omnetpp::cMessage) FanetStressNetwork.uav[2].app.debugTimer -- check module destructor
undisposed object: (omnetpp::cMessage) FanetStressNetwork.uav[3].app.debugTimer -- check module destructor
undisposed object: (omnetpp::cMessage) FanetStressNetwork.uav[4].app.debugTimer -- check module destructor
undisposed object: (omnetpp::cMessage) FanetStressNetwork.uav[5].app.debugTimer -- check module destructor
undisposed object: (omnetpp::cMessage) FanetStressNetwork.uav[6].app.debugTimer -- check module destructor
undisposed object: (omnetpp::cMessage) FanetStressNetwork.uav[7].app.debugTimer -- check module destructor
undisposed object: (omnetpp::cMessage) FanetStressNetwork.uav[8].app.debugTimer -- check module destructor
undisposed object: (omnetpp::cMessage) FanetStressNetwork.uav[9].app.debugTimer -- check module destructor
undisposed object: (omnetpp::cMessage) FanetStressNetwork.uav[10].app.debugTimer -- check module destructor
undisposed object: (omnetpp::cMessage) FanetStressNetwork.uav[11].app.debugTimer -- check module destructor
undisposed object: (omnetpp::cMessage) FanetStressNetwork.uav[12].app.debugTimer -- check module destructor
undisposed object: (omnetpp::cMessage) FanetStressNetwork.uav[13].app.debugTimer -- check module destructor
undisposed object: (omnetpp::cMessage) FanetStressNetwork.uav[14].app.debugTimer -- check module destructor
undisposed object: (omnetpp::cMessage) FanetStressNetwork.uav[15].app.debugTimer -- check module destructor
undisposed object: (omnetpp::cMessage) FanetStressNetwork.uav[16].app.debugTimer -- check module destructor
undisposed object: (omnetpp::cMessage) FanetStressNetwork.uav[17].app.debugTimer -- check module destructor
undisposed object: (omnetpp::cMessage) FanetStressNetwork.uav[18].app.debugTimer -- check module destructor
undisposed object: (omnetpp::cMessage) FanetStressNetwork.uav[19].app.debugTimer -- check module destructor
undisposed object: (omnetpp::cMessage) FanetStressNetwork.uav[20].app.debugTimer -- check module destructor
undisposed object: (omnetpp::cMessage) FanetStressNetwork.uav[21].app.debugTimer -- check module destructor
undisposed object: (omnetpp::cMessage) FanetStressNetwork.uav[22].app.debugTimer -- check module destructor
undisposed object: (omnetpp::cMessage) FanetStressNetwork.uav[23].app.debugTimer -- check module destructor
undisposed object: (omnetpp::cMessage) FanetStressNetwork.uav[24].app.debugTimer -- check module destructor
undisposed object: (omnetpp::cMessage) FanetStressNetwork.uav[25].app.debugTimer -- check module destructor
undisposed object: (omnetpp::cMessage) FanetStressNetwork.uav[26].app.debugTimer -- check module destructor
undisposed object: (omnetpp::cMessage) FanetStressNetwork.uav[27].app.debugTimer -- check module destructor
undisposed object: (omnetpp::cMessage) FanetStressNetwork.uav[28].app.debugTimer -- check module destructor
undisposed object: (omnetpp::cMessage) FanetStressNetwork.uav[29].app.debugTimer -- check module destructor
