** Event #0   t=0   Elapsed: 2.2e-05s (0m 00s)  0% completed  (0% total)
     Speed:     ev/sec=0   simsec/sec=0   ev/simsec=0
     Messages:  created: 1081   present: 1081   in FES: 161
** Event #44032   t=5.422201637893   Elapsed: 2.00658s (0m 02s)  1% completed  (0% total)
     Speed:     ev/sec=21944.5   simsec/sec=2.70223   ev/simsec=8120.87
     Messages:  created: 37235   present: 1092   in FES: 119
** Event #82176   t=10.051382678963   Elapsed: 4.01212s (0m 04s)  2% completed  (1% total)
     Speed:     ev/sec=19019.3   simsec/sec=2.30819   ev/simsec=8239.9
     Messages:  created: 68965   present: 1088   in FES: 115
** Event #120832   t=14.243122525278   Elapsed: 6.01765s (0m 06s)  2% completed  (1% total)
     Speed:     ev/sec=19274.7   simsec/sec=2.09009   ev/simsec=9221.95
     Messages:  created: 101150   present: 1099   in FES: 122
** Event #156672   t=18.243123063634   Elapsed: 8.02693s (0m 08s)  3% completed  (1% total)
     Speed:     ev/sec=17837.2   simsec/sec=1.99076   ev/simsec=8960
     Messages:  created: 130600   present: 1075   in FES: 114
** Event #194560   t=22.354909100682   Elapsed: 10.0357s (0m 10s)  4% completed  (2% total)
     Speed:     ev/sec=18861.3   simsec/sec=2.04692   ev/simsec=9214.49
     Messages:  created: 161449   present: 1087   in FES: 118
** Event #228608   t=26.110141119429   Elapsed: 12.053s (0m 12s)  5% completed  (2% total)
     Speed:     ev/sec=16877.7   simsec/sec=1.86148   ev/simsec=9066.82
     Messages:  created: 189041   present: 1063   in FES: 110
** Event #260352   t=29.498327137959   Elapsed: 14.0729s (0m 14s)  5% completed  (2% total)
     Speed:     ev/sec=15715.8   simsec/sec=1.67742   ev/simsec=9369.03
     Messages:  created: 214905   present: 1078   in FES: 115
** Event #295424   t=33.403611680095   Elapsed: 16.082s (0m 16s)  6% completed  (3% total)
     Speed:     ev/sec=17456.7   simsec/sec=1.94382   ev/simsec=8980.65
     Messages:  created: 243682   present: 1098   in FES: 126
** Event #330240   t=37.307422231606   Elapsed: 18.0889s (0m 18s)  7% completed  (3% total)
     Speed:     ev/sec=17347.8   simsec/sec=1.94515   ev/simsec=8918.47
     Messages:  created: 272400   present: 1107   in FES: 124
** Event #365312   t=41.180643363097   Elapsed: 20.0993s (0m 20s)  8% completed  (4% total)
     Speed:     ev/sec=17445.4   simsec/sec=1.92661   ev/simsec=9055
     Messages:  created: 301221   present: 1066   in FES: 111
** Event #397568   t=45.034485741267   Elapsed: 22.0996s (0m 22s)  9% completed  (4% total)
     Speed:     ev/sec=16125.6   simsec/sec=1.92664   ev/simsec=8369.83
     Messages:  created: 327380   present: 1101   in FES: 126
** Event #431104   t=48.180647387401   Elapsed: 24.1216s (0m 24s)  9% completed  (4% total)
     Speed:     ev/sec=16585.9   simsec/sec=1.556   ev/simsec=10659.3
     Messages:  created: 354175   present: 1057   in FES: 108
** Event #461568   t=51.307434741956   Elapsed: 26.1419s (0m 26s)  10% completed  (5% total)
     Speed:     ev/sec=15079.1   simsec/sec=1.5477   ev/simsec=9742.91
     Messages:  created: 378142   present: 1081   in FES: 116
** Event #491520   t=54.336034733931   Elapsed: 28.1441s (0m 28s)  10% completed  (5% total)
     Speed:     ev/sec=14959.3   simsec/sec=1.51261   ev/simsec=9889.72
     Messages:  created: 401647   present: 1044   in FES: 103
** Event #521728   t=57.421489339981   Elapsed: 30.1548s (0m 30s)  11% completed  (5% total)
     Speed:     ev/sec=15023.9   simsec/sec=1.53454   ev/simsec=9790.45
     Messages:  created: 425386   present: 1063   in FES: 110
** Event #552192   t=60.498343471177   Elapsed: 32.1569s (0m 32s)  12% completed  (6% total)
     Speed:     ev/sec=15215.7   simsec/sec=1.53678   ev/simsec=9901.02
     Messages:  created: 449355   present: 1059   in FES: 108
** Event #587520   t=64.183313914982   Elapsed: 34.1576s (0m 34s)  12% completed  (6% total)
     Speed:     ev/sec=17657.9   simsec/sec=1.84185   ev/simsec=9587.05
     Messages:  created: 477284   present: 1104   in FES: 123
** Event #618496   t=67.340235070943   Elapsed: 36.1748s (0m 36s)  13% completed  (6% total)
     Speed:     ev/sec=15355.6   simsec/sec=1.56497   ev/simsec=9812.09
     Messages:  created: 501636   present: 1044   in FES: 103
** Event #648448   t=70.403724839632   Elapsed: 38.1886s (0m 38s)  14% completed  (7% total)
     Speed:     ev/sec=14873.2   simsec/sec=1.52124   ev/simsec=9777.09
     Messages:  created: 525149   present: 1069   in FES: 112
** Event #678144   t=73.354903782706   Elapsed: 40.1985s (0m 40s)  14% completed  (7% total)
     Speed:     ev/sec=14775.3   simsec/sec=1.46837   ev/simsec=10062.4
     Messages:  created: 548247   present: 1111   in FES: 126
** Event #707840   t=76.307438381057   Elapsed: 42.2093s (0m 42s)  15% completed  (7% total)
     Speed:     ev/sec=14768.4   simsec/sec=1.46835   ev/simsec=10057.8
     Messages:  created: 571142   present: 1101   in FES: 122
** Event #738560   t=79.271411053392   Elapsed: 44.2362s (0m 44s)  15% completed  (7% total)
     Speed:     ev/sec=15155.7   simsec/sec=1.46227   ev/simsec=10364.5
     Messages:  created: 594640   present: 1065   in FES: 110
** Event #768768   t=82.202102815276   Elapsed: 46.2501s (0m 46s)  16% completed  (8% total)
     Speed:     ev/sec=15000.1   simsec/sec=1.45526   ev/simsec=10307.5
     Messages:  created: 617979   present: 1021   in FES: 95
** Event #798720   t=85.153129286288   Elapsed: 48.2737s (0m 48s)  17% completed  (8% total)
     Speed:     ev/sec=14801.5   simsec/sec=1.45832   ev/simsec=10149.7
     Messages:  created: 641096   present: 1071   in FES: 112
** Event #829184   t=88.113932093123   Elapsed: 50.2768s (0m 50s)  17% completed  (8% total)
     Speed:     ev/sec=15207.9   simsec/sec=1.47806   ev/simsec=10289.1
     Messages:  created: 664600   present: 1110   in FES: 125
** Event #861184   t=91.28086455178   Elapsed: 52.2903s (0m 52s)  18% completed  (9% total)
     Speed:     ev/sec=15893   simsec/sec=1.57287   ev/simsec=10104.4
     Messages:  created: 689457   present: 1024   in FES: 97
** Event #892160   t=94.403725627934   Elapsed: 54.2928s (0m 54s)  18% completed  (9% total)
     Speed:     ev/sec=15468.4   simsec/sec=1.55945   ev/simsec=9919.11
     Messages:  created: 713857   present: 1023   in FES: 96
** Event #928256   t=98.271386525393   Elapsed: 56.3135s (0m 56s)  19% completed  (9% total)
     Speed:     ev/sec=17863.4   simsec/sec=1.91405   ev/simsec=9332.77
     Messages:  created: 742968   present: 1095   in FES: 120
** Event #965888   t=101.544656176751   Elapsed: 58.314s (0m 58s)  20% completed  (10% total)
     Speed:     ev/sec=18811.5   simsec/sec=1.63624   ev/simsec=11496.8
     Messages:  created: 777731   present: 1104   in FES: 128
** Event #1008128   t=104.418161710829   Elapsed: 60.3285s (1m 00s)  20% completed  (10% total)
     Speed:     ev/sec=20967.5   simsec/sec=1.42638   ev/simsec=14699.8
     Messages:  created: 821181   present: 1021   in FES: 95
** Event #1050880   t=107.303123936364   Elapsed: 62.3286s (1m 02s)  21% completed  (10% total)
     Speed:     ev/sec=21375.1   simsec/sec=1.44242   ev/simsec=14818.9
     Messages:  created: 865691   present: 1037   in FES: 98
** Event #1091328   t=110.094680135566   Elapsed: 64.3366s (1m 04s)  22% completed  (11% total)
     Speed:     ev/sec=20143.9   simsec/sec=1.39025   ev/simsec=14489.4
     Messages:  created: 906974   present: 1047   in FES: 102
** Event #1127168   t=112.460240111035   Elapsed: 66.3386s (1m 06s)  22% completed  (11% total)
     Speed:     ev/sec=17902   simsec/sec=1.18159   ev/simsec=15150.7
     Messages:  created: 942688   present: 1090   in FES: 127
** Event #1164032   t=115.056051059586   Elapsed: 68.3403s (1m 08s)  23% completed  (11% total)
     Speed:     ev/sec=18415.8   simsec/sec=1.29677   ev/simsec=14201.3
     Messages:  created: 980462   present: 1111   in FES: 120
** Event #1201920   t=117.450368556114   Elapsed: 70.3469s (1m 10s)  23% completed  (11% total)
     Speed:     ev/sec=18881.9   simsec/sec=1.19323   ev/simsec=15824.1
     Messages:  created: 1017805   present: 1098   in FES: 119
** Event #1240576   t=120.07393927473   Elapsed: 72.3471s (1m 12s)  24% completed  (12% total)
     Speed:     ev/sec=19326.7   simsec/sec=1.3117   ev/simsec=14734.1
     Messages:  created: 1056789   present: 1061   in FES: 108
** Event #1277440   t=122.370035134625   Elapsed: 74.3661s (1m 14s)  24% completed  (12% total)
     Speed:     ev/sec=18257.7   simsec/sec=1.13719   ev/simsec=16055.1
     Messages:  created: 1093289   present: 1099   in FES: 122
** Event #1320704   t=125.113936793542   Elapsed: 76.3919s (1m 16s)  25% completed  (12% total)
     Speed:     ev/sec=21357.3   simsec/sec=1.35453   ev/simsec=15767.3
     Messages:  created: 1137039   present: 1080   in FES: 115
** Event #1366016   t=128.110140548976   Elapsed: 78.3992s (1m 18s)  25% completed  (12% total)
     Speed:     ev/sec=22573.2   simsec/sec=1.49263   ev/simsec=15123.1
     Messages:  created: 1182306   present: 1072   in FES: 113
** Event #1400064   t=130.303122996384   Elapsed: 80.4037s (1m 20s)  26% completed  (13% total)
     Speed:     ev/sec=16985.8   simsec/sec=1.09403   ev/simsec=15525.9
     Messages:  created: 1215933   present: 1069   in FES: 110
** Event #1440256   t=133.051286776589   Elapsed: 82.4067s (1m 22s)  26% completed  (13% total)
     Speed:     ev/sec=20065.9   simsec/sec=1.37202   ev/simsec=14625
     Messages:  created: 1256011   present: 1035   in FES: 96
** Event #1475328   t=135.180642511814   Elapsed: 84.4308s (1m 24s)  27% completed  (13% total)
     Speed:     ev/sec=17327.3   simsec/sec=1.05201   ev/simsec=16470.7
     Messages:  created: 1289974   present: 1105   in FES: 124
** Event #1509632   t=137.403712858059   Elapsed: 86.4392s (1m 26s)  27% completed  (13% total)
     Speed:     ev/sec=17080   simsec/sec=1.10687   ev/simsec=15430.9
     Messages:  created: 1323014   present: 1081   in FES: 116
** Event #1543680   t=139.949513143486   Elapsed: 88.4467s (1m 28s)  27% completed  (13% total)
     Speed:     ev/sec=16960.9   simsec/sec=1.26818   ev/simsec=13374.2
     Messages:  created: 1356283   present: 1091   in FES: 126
** Event #1575424   t=142.010949377096   Elapsed: 90.4513s (1m 30s)  28% completed  (14% total)
     Speed:     ev/sec=15835.3   simsec/sec=1.02833   ev/simsec=15399
     Messages:  created: 1386483   present: 1107   in FES: 124
** Event #1603584   t=143.699514863641   Elapsed: 92.5532s (1m 32s)  28% completed  (14% total)
     Speed:     ev/sec=13397.7   simsec/sec=0.803371   ev/simsec=16676.9
     Messages:  created: 1412460   present: 1111   in FES: 126
** Event #1638144   t=146.040277462109   Elapsed: 94.561s (1m 34s)  29% completed  (14% total)
     Speed:     ev/sec=17212.6   simsec/sec=1.16582   ev/simsec=14764.4
     Messages:  created: 1445512   present: 1093   in FES: 116
** Event #1669632   t=148.047461452642   Elapsed: 96.562s (1m 36s)  29% completed  (14% total)
     Speed:     ev/sec=15736   simsec/sec=1.00308   ev/simsec=15687.7
     Messages:  created: 1475126   present: 1043   in FES: 100
** Event #1700352   t=150.047459379169   Elapsed: 98.5621s (1m 38s)  30% completed  (15% total)
     Speed:     ev/sec=15359.4   simsec/sec=0.999957   ev/simsec=15360
     Messages:  created: 1504098   present: 1116   in FES: 125
** Event #1731584   t=152.035184133805   Elapsed: 100.572s (1m 40s)  30% completed  (15% total)
     Speed:     ev/sec=15536.6   simsec/sec=0.988807   ev/simsec=15712.4
     Messages:  created: 1533733   present: 1077   in FES: 112
** Event #1762304   t=153.794700616387   Elapsed: 102.578s (1m 42s)  30% completed  (15% total)
     Speed:     ev/sec=15318.5   simsec/sec=0.877382   ev/simsec=17459.3
     Messages:  created: 1563166   present: 1117   in FES: 142
** Event #1793792   t=155.498310695473   Elapsed: 104.584s (1m 44s)  31% completed  (15% total)
     Speed:     ev/sec=15696.2   simsec/sec=0.84922   ev/simsec=18483.1
     Messages:  created: 1593310   present: 1102   in FES: 123
** Event #1827328   t=157.447164190414   Elapsed: 106.589s (1m 46s)  31% completed  (15% total)
     Speed:     ev/sec=16723.2   simsec/sec=0.971825   ev/simsec=17208.1
     Messages:  created: 1626586   present: 1083   in FES: 116
** Event #1860864   t=159.315667421285   Elapsed: 108.606s (1m 48s)  31% completed  (15% total)
     Speed:     ev/sec=16626.1   simsec/sec=0.926343   ev/simsec=17948.1
     Messages:  created: 1661083   present: 1107   in FES: 124
** Event #1899776   t=161.500599912925   Elapsed: 110.612s (1m 50s)  32% completed  (16% total)
     Speed:     ev/sec=19399.7   simsec/sec=1.08931   ev/simsec=17809.2
     Messages:  created: 1701374   present: 1121   in FES: 153
** Event #1938432   t=164.019405306396   Elapsed: 112.615s (1m 52s)  32% completed  (16% total)
     Speed:     ev/sec=19302.6   simsec/sec=1.25775   ev/simsec=15347
     Messages:  created: 1741522   present: 1099   in FES: 126
** Event #1975552   t=166.053558293378   Elapsed: 114.617s (1m 54s)  33% completed  (16% total)
     Speed:     ev/sec=18543.2   simsec/sec=1.01616   ev/simsec=18248.4
     Messages:  created: 1778528   present: 1116   in FES: 121
** Event #2010880   t=168.153105598712   Elapsed: 116.637s (1m 56s)  33% completed  (16% total)
     Speed:     ev/sec=17486.7   simsec/sec=1.03924   ev/simsec=16826.5
     Messages:  created: 1813215   present: 1075   in FES: 114
** Event #2046208   t=170.243130816388   Elapsed: 118.642s (1m 58s)  34% completed  (17% total)
     Speed:     ev/sec=17620.4   simsec/sec=1.04243   ev/simsec=16903.1
     Messages:  created: 1849233   present: 1087   in FES: 118
** Event #2078976   t=172.280964098261   Elapsed: 120.663s (2m 00s)  34% completed  (17% total)
     Speed:     ev/sec=16211.2   simsec/sec=1.00817   ev/simsec=16079.8
     Messages:  created: 1882160   present: 1070   in FES: 111
** Event #2112512   t=174.370036012305   Elapsed: 122.664s (2m 02s)  34% completed  (17% total)
     Speed:     ev/sec=16759.3   simsec/sec=1.044   ev/simsec=16053.1
     Messages:  created: 1915732   present: 1048   in FES: 105
** Event #2152192   t=177.160359048216   Elapsed: 124.684s (2m 04s)  35% completed  (17% total)
     Speed:     ev/sec=19640.4   simsec/sec=1.38113   ev/simsec=14220.6
     Messages:  created: 1954373   present: 1076   in FES: 113
** Event #2184960   t=179.403709006169   Elapsed: 126.707s (2m 06s)  35% completed  (17% total)
     Speed:     ev/sec=16203.3   simsec/sec=1.1093   ev/simsec=14606.7
     Messages:  created: 1986061   present: 1074   in FES: 113
** Event #2224384   t=182.123757831819   Elapsed: 128.728s (2m 08s)  36% completed  (18% total)
     Speed:     ev/sec=19504.5   simsec/sec=1.34571   ev/simsec=14493.9
     Messages:  created: 2024560   present: 1077   in FES: 114
** Event #2256896   t=184.335905626176   Elapsed: 130.744s (2m 10s)  36% completed  (18% total)
     Speed:     ev/sec=16127.3   simsec/sec=1.09732   ev/simsec=14697
     Messages:  created: 2056369   present: 1107   in FES: 126
** Event #2296576   t=187.095782946049   Elapsed: 132.747s (2m 12s)  37% completed  (18% total)
     Speed:     ev/sec=19811.4   simsec/sec=1.37795   ev/simsec=14377.5
     Messages:  created: 2095006   present: 1103   in FES: 120
** Event #2329856   t=189.33600686684   Elapsed: 134.758s (2m 14s)  37% completed  (18% total)
     Speed:     ev/sec=16547.6   simsec/sec=1.1139   ev/simsec=14855.7
     Messages:  created: 2127538   present: 1060   in FES: 109
** Event #2367488   t=192.090180854237   Elapsed: 136.76s (2m 16s)  38% completed  (19% total)
     Speed:     ev/sec=18800.9   simsec/sec=1.37598   ev/simsec=13663.6
     Messages:  created: 2164724   present: 1023   in FES: 96
** Event #2403840   t=194.695054050123   Elapsed: 138.764s (2m 18s)  38% completed  (19% total)
     Speed:     ev/sec=18132.8   simsec/sec=1.29934   ev/simsec=13955.4
     Messages:  created: 2200273   present: 1021   in FES: 95
** Event #2442496   t=197.192116620107   Elapsed: 140.778s (2m 20s)  39% completed  (19% total)
     Speed:     ev/sec=19196.6   simsec/sec=1.24004   ev/simsec=15480.6
     Messages:  created: 2237930   present: 1101   in FES: 122
** Event #2476800   t=199.403684513162   Elapsed: 142.779s (2m 22s)  39% completed  (19% total)
     Speed:     ev/sec=17143.9   simsec/sec=1.10526   ev/simsec=15511.2
     Messages:  created: 2271838   present: 1102   in FES: 123
** Event #2509824   t=201.498359309896   Elapsed: 144.787s (2m 24s)  40% completed  (20% total)
     Speed:     ev/sec=16444.5   simsec/sec=1.04306   ev/simsec=15765.7
     Messages:  created: 2304278   present: 1042   in FES: 103
** Event #2544896   t=203.403694054874   Elapsed: 146.812s (2m 26s)  40% completed  (20% total)
     Speed:     ev/sec=17325   simsec/sec=0.941202   ev/simsec=18407.3
     Messages:  created: 2339752   present: 1050   in FES: 105
** Event #2582272   t=205.315703899091   Elapsed: 148.812s (2m 28s)  41% completed  (20% total)
     Speed:     ev/sec=18685.2   simsec/sec=0.955863   ev/simsec=19548
     Messages:  created: 2377718   present: 1077   in FES: 114
** Event #2618368   t=207.202457477308   Elapsed: 150.816s (2m 30s)  41% completed  (20% total)
     Speed:     ev/sec=18009.3   simsec/sec=0.941351   ev/simsec=19131.3
     Messages:  created: 2414561   present: 1118   in FES: 128
** Event #2661376   t=209.209736506722   Elapsed: 152.83s (2m 32s)  41% completed  (20% total)
     Speed:     ev/sec=21351.8   simsec/sec=0.996537   ev/simsec=21426
     Messages:  created: 2460470   present: 1022   in FES: 96
** Event #2701824   t=211.354826511089   Elapsed: 154.833s (2m 34s)  42% completed  (21% total)
     Speed:     ev/sec=20196.3   simsec/sec=1.07108   ev/simsec=18856.1
     Messages:  created: 2502307   present: 1084   in FES: 126
** Event #2740992   t=213.553920223426   Elapsed: 156.836s (2m 36s)  42% completed  (21% total)
     Speed:     ev/sec=19560.9   simsec/sec=1.09825   ev/simsec=17811
     Messages:  created: 2542905   present: 1070   in FES: 107
** Event #2772992   t=215.428500436331   Elapsed: 158.842s (2m 38s)  43% completed  (21% total)
     Speed:     ev/sec=15944.7   simsec/sec=0.934052   ev/simsec=17070.5
     Messages:  created: 2575776   present: 1025   in FES: 96
** Event #2813440   t=217.960020180681   Elapsed: 160.85s (2m 40s)  43% completed  (21% total)
     Speed:     ev/sec=20151.1   simsec/sec=1.2612   ev/simsec=15977.8
     Messages:  created: 2618693   present: 1112   in FES: 126
** Event #2852096   t=220.047406038711   Elapsed: 162.855s (2m 42s)  44% completed  (22% total)
     Speed:     ev/sec=19281.8   simsec/sec=1.0412   ev/simsec=18518.9
     Messages:  created: 2658647   present: 1105   in FES: 126
** Event #2891520   t=222.09462354111   Elapsed: 164.859s (2m 44s)  44% completed  (22% total)
     Speed:     ev/sec=19670.9   simsec/sec=1.02148   ev/simsec=19257.4
     Messages:  created: 2698663   present: 1028   in FES: 97
** Event #2928640   t=224.250133600753   Elapsed: 166.867s (2m 46s)  44% completed  (22% total)
     Speed:     ev/sec=18482.8   simsec/sec=1.07327   ev/simsec=17221
     Messages:  created: 2736643   present: 1118   in FES: 140
** Event #2969856   t=226.700172732444   Elapsed: 168.87s (2m 48s)  45% completed  (22% total)
     Speed:     ev/sec=20582   simsec/sec=1.22347   ev/simsec=16822.6
     Messages:  created: 2779023   present: 1065   in FES: 127
** Event #3002112   t=228.710241120947   Elapsed: 170.871s (2m 50s)  45% completed  (22% total)
     Speed:     ev/sec=16118.4   simsec/sec=1.00443   ev/simsec=16047.2
     Messages:  created: 2811807   present: 1069   in FES: 125
** Event #3040768   t=231.078772854337   Elapsed: 172.877s (2m 52s)  46% completed  (23% total)
     Speed:     ev/sec=19265.4   simsec/sec=1.18043   ev/simsec=16320.7
     Messages:  created: 2851182   present: 1104   in FES: 123
** Event #3078400   t=233.315586246408   Elapsed: 174.89s (2m 54s)  46% completed  (23% total)
     Speed:     ev/sec=18696.3   simsec/sec=1.11129   ev/simsec=16823.9
     Messages:  created: 2888406   present: 1104   in FES: 126
** Event #3112960   t=235.450695277061   Elapsed: 176.902s (2m 56s)  47% completed  (23% total)
     Speed:     ev/sec=17177.3   simsec/sec=1.06121   ev/simsec=16186.5
     Messages:  created: 2922427   present: 1075   in FES: 110
** Event #3153408   t=238.078773120225   Elapsed: 178.907s (2m 58s)  47% completed  (23% total)
     Speed:     ev/sec=20172.3   simsec/sec=1.31068   ev/simsec=15390.7
     Messages:  created: 2963043   present: 1071   in FES: 112
** Event #3192320   t=240.271403573207   Elapsed: 180.924s (3m 00s)  48% completed  (24% total)
     Speed:     ev/sec=19295.9   simsec/sec=1.08729   ev/simsec=17746.7
     Messages:  created: 3002855   present: 1042   in FES: 102
** Event #3228160   t=242.294434330157   Elapsed: 182.925s (3m 02s)  48% completed  (24% total)
     Speed:     ev/sec=17909.1   simsec/sec=1.0109   ev/simsec=17716
     Messages:  created: 3040594   present: 1084   in FES: 126
** Event #3267840   t=244.447478093869   Elapsed: 184.945s (3m 04s)  48% completed  (24% total)
     Speed:     ev/sec=19641.7   simsec/sec=1.06576   ev/simsec=18429.7
     Messages:  created: 3082165   present: 1100   in FES: 126
** Event #3311104   t=247.040278459334   Elapsed: 186.951s (3m 06s)  49% completed  (24% total)
     Speed:     ev/sec=21572.8   simsec/sec=1.29285   ev/simsec=16686.2
     Messages:  created: 3129138   present: 1052   in FES: 103
** Event #3353856   t=249.340238533932   Elapsed: 188.958s (3m 08s)  49% completed  (24% total)
     Speed:     ev/sec=21297.4   simsec/sec=1.14575   ev/simsec=18588.1
     Messages:  created: 3173766   present: 1071   in FES: 112
** Event #3398912   t=252.123758532406   Elapsed: 190.964s (3m 10s)  50% completed  (25% total)
     Speed:     ev/sec=22457.3   simsec/sec=1.38739   ev/simsec=16186.7
     Messages:  created: 3220401   present: 1047   in FES: 104
** Event #3434240   t=254.280947810848   Elapsed: 192.981s (3m 12s)  50% completed  (25% total)
     Speed:     ev/sec=17520.3   simsec/sec=1.06982   ev/simsec=16376.9
     Messages:  created: 3256620   present: 1100   in FES: 121
** Event #3466496   t=256.210900640212   Elapsed: 194.981s (3m 14s)  51% completed  (25% total)
     Speed:     ev/sec=16122.3   simsec/sec=0.964636   ev/simsec=16713.4
     Messages:  created: 3289757   present: 1118   in FES: 145
** Event #3504896   t=258.422216667674   Elapsed: 196.988s (3m 16s)  51% completed  (25% total)
     Speed:     ev/sec=19135   simsec/sec=1.10192   ev/simsec=17365.2
     Messages:  created: 3329485   present: 1092   in FES: 119
** Event #3543808   t=260.498227861128   Elapsed: 198.99s (3m 18s)  52% completed  (26% total)
     Speed:     ev/sec=19440   simsec/sec=1.03715   ev/simsec=18743.6
     Messages:  created: 3370938   present: 1024   in FES: 98
** Event #3589376   t=263.031803999558   Elapsed: 200.994s (3m 20s)  52% completed  (26% total)
     Speed:     ev/sec=22732.3   simsec/sec=1.26391   ev/simsec=17985.6
     Messages:  created: 3421054   present: 1104   in FES: 122
** Event #3634176   t=265.250101426489   Elapsed: 203.004s (3m 23s)  53% completed  (26% total)
     Speed:     ev/sec=22291.5   simsec/sec=1.10378   ev/simsec=20195.7
     Messages:  created: 3468243   present: 1105   in FES: 139
** Event #3678976   t=268.056243404513   Elapsed: 205.004s (3m 25s)  53% completed  (26% total)
     Speed:     ev/sec=22397.9   simsec/sec=1.40294   ev/simsec=15965
     Messages:  created: 3515506   present: 1103   in FES: 126
** Event #3713536   t=270.12376207109   Elapsed: 207.018s (3m 27s)  54% completed  (27% total)
     Speed:     ev/sec=17161.3   simsec/sec=1.02666   ev/simsec=16715.7
     Messages:  created: 3550544   present: 1065   in FES: 110
** Event #3753984   t=272.949513646972   Elapsed: 209.018s (3m 29s)  54% completed  (27% total)
     Speed:     ev/sec=20220.9   simsec/sec=1.41266   ev/simsec=14314.1
     Messages:  created: 3591795   present: 1106   in FES: 126
** Event #3793664   t=275.243123442041   Elapsed: 211.02s (3m 31s)  55% completed  (27% total)
     Speed:     ev/sec=19827.7   simsec/sec=1.1461   ev/simsec=17300.2
     Messages:  created: 3630547   present: 1075   in FES: 114
** Event #3827200   t=277.370035298271   Elapsed: 213.034s (3m 33s)  55% completed  (27% total)
     Speed:     ev/sec=16650.7   simsec/sec=1.05602   ev/simsec=15767.5
     Messages:  created: 3663253   present: 1081   in FES: 116
** Event #3860224   t=279.498227861128   Elapsed: 215.037s (3m 35s)  55% completed  (27% total)
     Speed:     ev/sec=16488.6   simsec/sec=1.06259   ev/simsec=15517.4
     Messages:  created: 3695160   present: 1022   in FES: 96
** Event #3899904   t=282.094678986904   Elapsed: 217.038s (3m 37s)  56% completed  (28% total)
     Speed:     ev/sec=19828.7   simsec/sec=1.29749   ev/simsec=15282.4
     Messages:  created: 3734272   present: 1092   in FES: 117
** Event #3927808   t=284.036221611423   Elapsed: 219.046s (3m 39s)  56% completed  (28% total)
     Speed:     ev/sec=13898.3   simsec/sec=0.967034   ev/simsec=14372.1
     Messages:  created: 3761723   present: 1069   in FES: 108
** Event #3964416   t=286.123648261894   Elapsed: 221.06s (3m 41s)  57% completed  (28% total)
     Speed:     ev/sec=18169.6   simsec/sec=1.03605   ev/simsec=17537.4
     Messages:  created: 3796698   present: 1109   in FES: 127
** Event #3998976   t=288.307438586461   Elapsed: 223.068s (3m 43s)  57% completed  (28% total)
     Speed:     ev/sec=17215   simsec/sec=1.08779   ev/simsec=15825.7
     Messages:  created: 3830302   present: 1095   in FES: 119
** Event #4035328   t=290.803331427335   Elapsed: 225.074s (3m 45s)  58% completed  (29% total)
     Speed:     ev/sec=18119.4   simsec/sec=1.24406   ev/simsec=14564.7
     Messages:  created: 3866310   present: 1098   in FES: 126
** Event #4076032   t=293.153109816299   Elapsed: 227.09s (3m 47s)  58% completed  (29% total)
     Speed:     ev/sec=20193.7   simsec/sec=1.16575   ev/simsec=17322.5
     Messages:  created: 3906985   present: 1062   in FES: 109
** Event #4114944   t=295.369920492638   Elapsed: 229.114s (3m 49s)  59% completed  (29% total)
     Speed:     ev/sec=19220.2   simsec/sec=1.09497   ev/simsec=17553.1
     Messages:  created: 3948014   present: 1022   in FES: 96
** Event #4156160   t=298.034539629256   Elapsed: 231.119s (3m 51s)  59% completed  (29% total)
     Speed:     ev/sec=20560.2   simsec/sec=1.32922   ev/simsec=15467.9
     Messages:  created: 3990800   present: 1060   in FES: 107
** Event #4192768   t=300.053495291924   Elapsed: 233.127s (3m 53s)  60% completed  (30% total)
     Speed:     ev/sec=18228.2   simsec/sec=1.0053   ev/simsec=18132.1
     Messages:  created: 4028175   present: 1069   in FES: 127
** Event #4229632   t=302.158252521561   Elapsed: 235.146s (3m 55s)  60% completed  (30% total)
     Speed:     ev/sec=18262   simsec/sec=1.04267   ev/simsec=17514.6
     Messages:  created: 4064835   present: 1095   in FES: 120
** Event #4264960   t=304.303088901386   Elapsed: 237.149s (3m 57s)  60% completed  (30% total)
     Speed:     ev/sec=17634.5   simsec/sec=1.07063   ev/simsec=16471.2
     Messages:  created: 4100440   present: 1111   in FES: 151
** Event #4301568   t=306.500091225107   Elapsed: 239.17s (3m 59s)  61% completed  (30% total)
     Speed:     ev/sec=18116.8   simsec/sec=1.08726   ev/simsec=16662.7
     Messages:  created: 4136770   present: 1069   in FES: 121
** Event #4342528   t=309.192096375519   Elapsed: 241.175s (4m 01s)  61% completed  (30% total)
     Speed:     ev/sec=20423   simsec/sec=1.34226   ev/simsec=15215.4
     Messages:  created: 4177437   present: 1104   in FES: 123
** Event #4378112   t=311.280955315391   Elapsed: 243.194s (4m 03s)  62% completed  (31% total)
     Speed:     ev/sec=17628.7   simsec/sec=1.03484   ev/simsec=17035.1
     Messages:  created: 4213624   present: 1110   in FES: 125
** Event #4410880   t=313.321112737525   Elapsed: 245.205s (4m 05s)  62% completed  (31% total)
     Speed:     ev/sec=16297   simsec/sec=1.01466   ev/simsec=16061.5
     Messages:  created: 4247085   present: 1024   in FES: 97
** Event #4449792   t=315.714264578666   Elapsed: 247.208s (4m 07s)  63% completed  (31% total)
     Speed:     ev/sec=19420.5   simsec/sec=1.19439   ev/simsec=16259.7
     Messages:  created: 4287283   present: 1028   in FES: 97
** Event #4491776   t=318.072465920716   Elapsed: 249.212s (4m 09s)  63% completed  (31% total)
     Speed:     ev/sec=20958.8   simsec/sec=1.17724   ev/simsec=17803.4
     Messages:  created: 4330263   present: 1052   in FES: 120
** Event #4531200   t=320.321219204392   Elapsed: 251.231s (4m 11s)  64% completed  (32% total)
     Speed:     ev/sec=19518.5   simsec/sec=1.11334   ev/simsec=17531.5
     Messages:  created: 4370441   present: 1106   in FES: 123
** Event #4567808   t=322.511771795137   Elapsed: 253.235s (4m 13s)  64% completed  (32% total)
     Speed:     ev/sec=18271.7   simsec/sec=1.09335   ev/simsec=16711.8
     Messages:  created: 4407273   present: 1088   in FES: 126
** Event #4604416   t=325.015657526735   Elapsed: 255.454s (4m 15s)  65% completed  (32% total)
     Speed:     ev/sec=16496.3   simsec/sec=1.1283   ev/simsec=14620.5
     Messages:  created: 4444478   present: 1063   in FES: 122
** Event #4641024   t=327.066510299773   Elapsed: 257.462s (4m 17s)  65% completed  (32% total)
     Speed:     ev/sec=18228.6   simsec/sec=1.0212   ev/simsec=17850.1
     Messages:  created: 4480477   present: 1084   in FES: 117
** Event #4675328   t=329.123769053056   Elapsed: 259.473s (4m 19s)  65% completed  (32% total)
     Speed:     ev/sec=17062.6   simsec/sec=1.02327   ev/simsec=16674.6
     Messages:  created: 4514262   present: 1110   in FES: 125
** Event #4709632   t=331.280951641704   Elapsed: 261.485s (4m 21s)  66% completed  (33% total)
     Speed:     ev/sec=17049.9   simsec/sec=1.07217   ev/simsec=15902.2
     Messages:  created: 4548522   present: 1089   in FES: 118
** Event #4749312   t=334.011186136186   Elapsed: 263.487s (4m 23s)  66% completed  (33% total)
     Speed:     ev/sec=19813.4   simsec/sec=1.36329   ev/simsec=14533.6
     Messages:  created: 4589299   present: 1097   in FES: 126
** Event #4789248   t=336.280955661915   Elapsed: 265.502s (4m 25s)  67% completed  (33% total)
     Speed:     ev/sec=19822.7   simsec/sec=1.12662   ev/simsec=17594.7
     Messages:  created: 4629521   present: 1089   in FES: 118
** Event #4834048   t=339.199514469325   Elapsed: 267.51s (4m 27s)  67% completed  (33% total)
     Speed:     ev/sec=22315.5   simsec/sec=1.45378   ev/simsec=15350
     Messages:  created: 4675595   present: 1102   in FES: 126
** Event #4867072   t=341.450662711032   Elapsed: 269.525s (4m 29s)  68% completed  (34% total)
     Speed:     ev/sec=16383.6   simsec/sec=1.11682   ev/simsec=14669.8
     Messages:  created: 4708886   present: 1098   in FES: 146
** Event #4908032   t=344.26716506363   Elapsed: 271.527s (4m 31s)  68% completed  (34% total)
     Speed:     ev/sec=20459.8   simsec/sec=1.40686   ev/simsec=14542.9
     Messages:  created: 4750000   present: 1072   in FES: 113
** Event #4943104   t=346.700097063049   Elapsed: 273.536s (4m 33s)  69% completed  (34% total)
     Speed:     ev/sec=17460.4   simsec/sec=1.21122   ev/simsec=14415.5
     Messages:  created: 4785332   present: 1074   in FES: 117
** Event #4981248   t=349.153007018603   Elapsed: 275.553s (4m 35s)  69% completed  (34% total)
     Speed:     ev/sec=18913.1   simsec/sec=1.21623   ev/simsec=15550.5
     Messages:  created: 4823147   present: 1088   in FES: 126
** Event #5018368   t=351.499867294217   Elapsed: 277.585s (4m 37s)  70% completed  (35% total)
     Speed:     ev/sec=18263.4   simsec/sec=1.15468   ev/simsec=15816.9
     Messages:  created: 4860702   present: 1026   in FES: 97
** Event #5059840   t=354.315674888565   Elapsed: 279.588s (4m 39s)  70% completed  (35% total)
     Speed:     ev/sec=20709.5   simsec/sec=1.4061   ev/simsec=14728.3
     Messages:  created: 4903087   present: 1118   in FES: 127
** Event #5113088   t=356.092083335276   Elapsed: 281.599s (4m 41s)  71% completed  (35% total)
     Speed:     ev/sec=26473.4   simsec/sec=0.883181   ev/simsec=29975.1
     Messages:  created: 4967110   present: 1102   in FES: 121
** Event #5161984   t=357.446723800269   Elapsed: 283.623s (4m 43s)  71% completed  (35% total)
     Speed:     ev/sec=24159.9   simsec/sec=0.669338   ev/simsec=36095.2
     Messages:  created: 5026937   present: 1022   in FES: 96
** Event #5217792   t=359.050901966146   Elapsed: 285.623s (4m 45s)  71% completed  (35% total)
     Speed:     ev/sec=27901.4   simsec/sec=0.802014   ev/simsec=34789.2
     Messages:  created: 5097129   present: 1067   in FES: 98
** Event #5265408   t=360.55308948179   Elapsed: 287.628s (4m 47s)  72% completed  (36% total)
     Speed:     ev/sec=23748.5   simsec/sec=0.749216   ev/simsec=31697.8
     Messages:  created: 5153730   present: 1107   in FES: 141
** Event #5304320   t=363.335986925822   Elapsed: 289.631s (4m 49s)  72% completed  (36% total)
     Speed:     ev/sec=19425.7   simsec/sec=1.38928   ev/simsec=13982.5
     Messages:  created: 5192227   present: 1081   in FES: 116
** Event #5339648   t=366.053122961563   Elapsed: 291.635s (4m 51s)  73% completed  (36% total)
     Speed:     ev/sec=17633.3   simsec/sec=1.35621   ev/simsec=13001.9
     Messages:  created: 5227529   present: 1073   in FES: 108
** Event #5378816   t=369.027822649458   Elapsed: 293.646s (4m 53s)  73% completed  (36% total)
     Speed:     ev/sec=19472.9   simsec/sec=1.47892   ev/simsec=13167
     Messages:  created: 5266460   present: 1097   in FES: 120
** Event #5419008   t=371.403609648929   Elapsed: 295.661s (4m 55s)  74% completed  (37% total)
     Speed:     ev/sec=19944.8   simsec/sec=1.17896   ev/simsec=16917.3
     Messages:  created: 5306512   present: 1025   in FES: 97
** Event #5461760   t=374.113932577653   Elapsed: 297.683s (4m 57s)  74% completed  (37% total)
     Speed:     ev/sec=21149   simsec/sec=1.34077   ev/simsec=15773.8
     Messages:  created: 5350249   present: 1100   in FES: 121
** Event #5496576   t=376.280865508972   Elapsed: 299.708s (4m 59s)  75% completed  (37% total)
     Speed:     ev/sec=17188.9   simsec/sec=1.06983   ev/simsec=16066.9
     Messages:  created: 5385366   present: 1089   in FES: 126
** Event #5538048   t=379.047460439086   Elapsed: 301.712s (5m 01s)  75% completed  (37% total)
     Speed:     ev/sec=20695.3   simsec/sec=1.38058   ev/simsec=14990.3
     Messages:  created: 5427980   present: 1085   in FES: 114
** Event #5568512   t=381.031749359334   Elapsed: 303.717s (5m 03s)  76% completed  (38% total)
     Speed:     ev/sec=15196   simsec/sec=0.989803   ev/simsec=15352.6
     Messages:  created: 5459045   present: 1093   in FES: 126
** Event #5605888   t=383.160382513327   Elapsed: 305.737s (5m 05s)  76% completed  (38% total)
     Speed:     ev/sec=18500.2   simsec/sec=1.05362   ev/simsec=17558.7
     Messages:  created: 5496093   present: 1082   in FES: 115
** Event #5641984   t=385.370035458442   Elapsed: 307.756s (5m 07s)  77% completed  (38% total)
     Speed:     ev/sec=17884.1   simsec/sec=1.09479   ev/simsec=16335.6
     Messages:  created: 5532556   present: 1072   in FES: 113
** Event #5682176   t=387.699734623928   Elapsed: 309.758s (5m 09s)  77% completed  (38% total)
     Speed:     ev/sec=20075.4   simsec/sec=1.16366   ev/simsec=17252
     Messages:  created: 5573845   present: 1101   in FES: 127
** Event #5722368   t=390.047460516864   Elapsed: 311.759s (5m 11s)  78% completed  (39% total)
     Speed:     ev/sec=20084.7   simsec/sec=1.1732   ev/simsec=17119.5
     Messages:  created: 5615564   present: 1095   in FES: 118
** Event #5760512   t=392.101503902158   Elapsed: 313.766s (5m 13s)  78% completed  (39% total)
     Speed:     ev/sec=19007.5   simsec/sec=1.02355   ev/simsec=18570.2
     Messages:  created: 5653851   present: 1084   in FES: 127
** Event #5792256   t=394.053078274793   Elapsed: 315.767s (5m 15s)  78% completed  (39% total)
     Speed:     ev/sec=15858.3   simsec/sec=0.974943   ev/simsec=16265.8
     Messages:  created: 5686376   present: 1079   in FES: 128
** Event #5833984   t=396.294435115388   Elapsed: 317.773s (5m 17s)  79% completed  (39% total)
     Speed:     ev/sec=20808.3   simsec/sec=1.11769   ev/simsec=18617.3
     Messages:  created: 5727966   present: 1102   in FES: 127
** Event #5869312   t=398.354940995957   Elapsed: 319.788s (5m 19s)  79% completed  (39% total)
     Speed:     ev/sec=17527.8   simsec/sec=1.02231   ev/simsec=17145.3
     Messages:  created: 5763570   present: 1065   in FES: 110
** Event #5903360   t=400.500285907693   Elapsed: 321.793s (5m 21s)  80% completed  (40% total)
     Speed:     ev/sec=16988   simsec/sec=1.0704   ev/simsec=15870.6
     Messages:  created: 5797662   present: 1101   in FES: 126
** Event #5939968   t=403.05307857673   Elapsed: 323.793s (5m 23s)  80% completed  (40% total)
     Speed:     ev/sec=18303.8   simsec/sec=1.27638   ev/simsec=14340.4
     Messages:  created: 5834468   present: 1073   in FES: 123
** Event #5973760   t=405.243108706871   Elapsed: 325.806s (5m 25s)  81% completed  (40% total)
     Speed:     ev/sec=16785.7   simsec/sec=1.08787   ev/simsec=15429.9
     Messages:  created: 5867256   present: 1026   in FES: 97
** Event #6005248   t=407.485214582801   Elapsed: 327.811s (5m 27s)  81% completed  (40% total)
     Speed:     ev/sec=15704.1   simsec/sec=1.11821   ev/simsec=14043.9
     Messages:  created: 5897084   present: 1087   in FES: 127
** Event #6035456   t=409.750101729898   Elapsed: 329.818s (5m 29s)  81% completed  (40% total)
     Speed:     ev/sec=15046.5   simsec/sec=1.12813   ev/simsec=13337.5
     Messages:  created: 5926885   present: 1099   in FES: 141
** Event #6072320   t=412.158264722385   Elapsed: 331.822s (5m 31s)  82% completed  (41% total)
     Speed:     ev/sec=18394.3   simsec/sec=1.20162   ev/simsec=15307.9
     Messages:  created: 5962621   present: 1089   in FES: 118
** Event #6105600   t=414.403697829871   Elapsed: 333.835s (5m 33s)  82% completed  (41% total)
     Speed:     ev/sec=16538.8   simsec/sec=1.11589   ev/simsec=14821.2
     Messages:  created: 5995272   present: 1047   in FES: 104
** Event #6146048   t=417.094678565516   Elapsed: 335.838s (5m 35s)  83% completed  (41% total)
     Speed:     ev/sec=20186.9   simsec/sec=1.34302   ev/simsec=15031
     Messages:  created: 6035692   present: 1078   in FES: 113
** Event #6177280   t=419.192105542578   Elapsed: 337.84s (5m 37s)  83% completed  (41% total)
     Speed:     ev/sec=15604.3   simsec/sec=1.04793   ev/simsec=14890.6
     Messages:  created: 6065568   present: 1053   in FES: 106
** Event #6209792   t=421.422209465299   Elapsed: 339.841s (5m 39s)  84% completed  (42% total)
     Speed:     ev/sec=16246.7   simsec/sec=1.11441   ev/simsec=14578.7
     Messages:  created: 6097181   present: 1080   in FES: 115
** Event #6245632   t=424.05312127548   Elapsed: 341.911s (5m 41s)  84% completed  (42% total)
     Speed:     ev/sec=17316.6   simsec/sec=1.27116   ev/simsec=13622.7
     Messages:  created: 6132763   present: 1132   in FES: 138
** Event #6280704   t=426.321114117482   Elapsed: 343.928s (5m 43s)  85% completed  (42% total)
     Speed:     ev/sec=17382   simsec/sec=1.12404   ev/simsec=15463.9
     Messages:  created: 6166910   present: 1103   in FES: 126
** Event #6315264   t=428.710251006362   Elapsed: 345.936s (5m 45s)  85% completed  (42% total)
     Speed:     ev/sec=17214.7   simsec/sec=1.19005   ev/simsec=14465.5
     Messages:  created: 6201459   present: 1093   in FES: 139
** Event #6355200   t=431.153007852051   Elapsed: 347.95s (5m 47s)  86% completed  (43% total)
     Speed:     ev/sec=19825.5   simsec/sec=1.21266   ev/simsec=16348.7
     Messages:  created: 6241747   present: 1104   in FES: 126
** Event #6391296   t=433.449746633004   Elapsed: 349.962s (5m 49s)  86% completed  (43% total)
     Speed:     ev/sec=17948.4   simsec/sec=1.14203   ev/simsec=15716.2
     Messages:  created: 6277926   present: 1108   in FES: 153
** Event #6432000   t=436.094679703517   Elapsed: 351.967s (5m 51s)  87% completed  (43% total)
     Speed:     ev/sec=20293.5   simsec/sec=1.31867   ev/simsec=15389.4
     Messages:  created: 6319509   present: 1050   in FES: 103
** Event #6468096   t=438.500135803943   Elapsed: 353.97s (5m 53s)  87% completed  (43% total)
     Speed:     ev/sec=18020.8   simsec/sec=1.20092   ev/simsec=15005.9
     Messages:  created: 6355086   present: 1033   in FES: 98
** Event #6503424   t=441.098449770667   Elapsed: 355.972s (5m 55s)  88% completed  (44% total)
     Speed:     ev/sec=17646.8   simsec/sec=1.29789   ev/simsec=13596.5
     Messages:  created: 6389815   present: 1104   in FES: 119
** Event #6539264   t=443.500099812823   Elapsed: 357.975s (5m 57s)  88% completed  (44% total)
     Speed:     ev/sec=17898.7   simsec/sec=1.1994   ev/simsec=14923.1
     Messages:  created: 6425218   present: 1088   in FES: 148
** Event #6579712   t=446.110141256599   Elapsed: 359.983s (5m 59s)  89% completed  (44% total)
     Speed:     ev/sec=20141.1   simsec/sec=1.29967   ev/simsec=15497.1
     Messages:  created: 6466380   present: 1053   in FES: 106
** Event #6614528   t=448.422216616506   Elapsed: 361.984s (6m 01s)  89% completed  (44% total)
     Speed:     ev/sec=17397.6   simsec/sec=1.15535   ev/simsec=15058.3
     Messages:  created: 6500932   present: 1101   in FES: 122
** Event #6652928   t=451.113956762741   Elapsed: 364s (6m 03s)  90% completed  (45% total)
     Speed:     ev/sec=19052.8   simsec/sec=1.33555   ev/simsec=14265.9
     Messages:  created: 6538878   present: 1080   in FES: 115
** Event #6686464   t=453.460019119574   Elapsed: 366.016s (6m 06s)  90% completed  (45% total)
     Speed:     ev/sec=16629.6   simsec/sec=1.16335   ev/simsec=14294.6
     Messages:  created: 6571451   present: 1111   in FES: 126
** Event #6723072   t=456.093540845955   Elapsed: 368.136s (6m 08s)  91% completed  (45% total)
     Speed:     ev/sec=17273   simsec/sec=1.24259   ev/simsec=13900.8
     Messages:  created: 6606643   present: 1085   in FES: 116
** Event #6757888   t=458.421480854059   Elapsed: 370.154s (6m 10s)  91% completed  (45% total)
     Speed:     ev/sec=17252.2   simsec/sec=1.15355   ev/simsec=14955.7
     Messages:  created: 6639776   present: 1099   in FES: 122
** Event #6794240   t=461.040277922472   Elapsed: 372.158s (6m 12s)  92% completed  (46% total)
     Speed:     ev/sec=18135.6   simsec/sec=1.30649   ev/simsec=13881.2
     Messages:  created: 6675653   present: 1088   in FES: 115
** Event #6827776   t=463.183314800322   Elapsed: 374.163s (6m 14s)  92% completed  (46% total)
     Speed:     ev/sec=16727.8   simsec/sec=1.06895   ev/simsec=15648.8
     Messages:  created: 6707047   present: 1065   in FES: 110
** Event #6859264   t=465.460019055671   Elapsed: 376.164s (6m 16s)  93% completed  (46% total)
     Speed:     ev/sec=15734.6   simsec/sec=1.13767   ev/simsec=13830.5
     Messages:  created: 6736949   present: 1104   in FES: 126
** Event #6895104   t=468.160374274861   Elapsed: 378.179s (6m 18s)  93% completed  (46% total)
     Speed:     ev/sec=17791.5   simsec/sec=1.34049   ev/simsec=13272.3
     Messages:  created: 6771189   present: 1094   in FES: 119
** Event #6928128   t=470.544433803065   Elapsed: 380.18s (6m 20s)  94% completed  (47% total)
     Speed:     ev/sec=16498.8   simsec/sec=1.19107   ev/simsec=13852
     Messages:  created: 6803585   present: 1022   in FES: 96
** Event #6965248   t=473.199779764521   Elapsed: 382.273s (6m 22s)  94% completed  (47% total)
     Speed:     ev/sec=17739.2   simsec/sec=1.26896   ev/simsec=13979.3
     Messages:  created: 6840369   present: 1094   in FES: 119
** Event #7006976   t=476.113964942694   Elapsed: 384.297s (6m 24s)  95% completed  (47% total)
     Speed:     ev/sec=20617.4   simsec/sec=1.43987   ev/simsec=14318.9
     Messages:  created: 6881654   present: 1059   in FES: 108
** Event #7041792   t=478.42149682179   Elapsed: 386.323s (6m 26s)  95% completed  (47% total)
     Speed:     ev/sec=17182.2   simsec/sec=1.1388   ev/simsec=15088
     Messages:  created: 6916346   present: 1078   in FES: 115
** Event #7078144   t=481.068391079029   Elapsed: 388.326s (6m 28s)  96% completed  (48% total)
     Speed:     ev/sec=18143.1   simsec/sec=1.32105   ev/simsec=13733.8
     Messages:  created: 6951461   present: 1097   in FES: 120
** Event #7111168   t=483.315696076223   Elapsed: 390.335s (6m 30s)  96% completed  (48% total)
     Speed:     ev/sec=16444.3   simsec/sec=1.11904   ev/simsec=14694.9
     Messages:  created: 6982339   present: 1083   in FES: 116
** Event #7142144   t=485.44974737257   Elapsed: 392.349s (6m 32s)  97% completed  (48% total)
     Speed:     ev/sec=15380.8   simsec/sec=1.05964   ev/simsec=14515.1
     Messages:  created: 7011665   present: 1110   in FES: 154
** Event #7178240   t=488.05128631544   Elapsed: 394.355s (6m 34s)  97% completed  (48% total)
     Speed:     ev/sec=17986.6   simsec/sec=1.29635   ev/simsec=13874.9
     Messages:  created: 7047137   present: 1045   in FES: 98
** Event #7207936   t=490.061873842385   Elapsed: 396.362s (6m 36s)  98% completed  (49% total)
     Speed:     ev/sec=14798.7   simsec/sec=1.00196   ev/simsec=14769.8
     Messages:  created: 7076135   present: 1115   in FES: 126
** Event #7242752   t=492.370043724174   Elapsed: 398.392s (6m 38s)  98% completed  (49% total)
     Speed:     ev/sec=17153.6   simsec/sec=1.13722   ev/simsec=15083.8
     Messages:  created: 7109727   present: 1068   in FES: 111
** Event #7278592   t=495.027984000453   Elapsed: 400.403s (6m 40s)  99% completed  (49% total)
     Speed:     ev/sec=17823.6   simsec/sec=1.32182   ev/simsec=13484.1
     Messages:  created: 7146097   present: 1061   in FES: 108
** Event #7313664   t=497.200084348899   Elapsed: 402.403s (6m 42s)  99% completed  (49% total)
     Speed:     ev/sec=17533.1   simsec/sec=1.08587   ev/simsec=16146.6
     Messages:  created: 7179557   present: 1117   in FES: 149
** Event #7346176   t=499.449745644014   Elapsed: 404.405s (6m 44s)  99% completed  (49% total)
     Speed:     ev/sec=16237   simsec/sec=1.12352   ev/simsec=14452
     Messages:  created: 7210933   present: 1094   in FES: 147
** Event #7349915   t=500   Elapsed: 404.58s (6m 44s)  100% completed  (50% total)
     Speed:     ev/sec=21377.2   simsec/sec=3.1461   ev/simsec=6794.83
     Messages:  created: 7215336   present: 1112   in FES: 126

<!> Simulation time limit reached -- at t=500s, event #7349915
undisposed object: (omnetpp::cMessage) FanetStressNetwork.uav[0].app.debugTimer -- check module destructor
undisposed object: (omnetpp::cMessage) FanetStressNetwork.uav[1].app.debugTimer -- check module destructor
undisposed object: (omnetpp::cMessage) FanetStressNetwork.uav[2].app.debugTimer -- check module destructor
undisposed object: (omnetpp::cMessage) FanetStressNetwork.uav[3].app.debugTimer -- check module destructor
undisposed object: (omnetpp::cMessage) FanetStressNetwork.uav[4].app.debugTimer -- check module destructor
undisposed object: (omnetpp::cMessage) FanetStressNetwork.uav[5].app.debugTimer -- check module destructor
undisposed object: (omnetpp::cMessage) FanetStressNetwork.uav[6].app.debugTimer -- check module destructor
undisposed object: (omnetpp::cMessage) FanetStressNetwork.uav[7].app.debugTimer -- check module destructor
undisposed object: (omnetpp::cMessage) FanetStressNetwork.uav[8].app.debugTimer -- check module destructor
undisposed object: (omnetpp::cMessage) FanetStressNetwork.uav[9].app.debugTimer -- check module destructor
undisposed object: (omnetpp::cMessage) FanetStressNetwork.uav[10].app.debugTimer -- check module destructor
undisposed object: (omnetpp::cMessage) FanetStressNetwork.uav[11].app.debugTimer -- check module destructor
undisposed object: (omnetpp::cMessage) FanetStressNetwork.uav[12].app.debugTimer -- check module destructor
undisposed object: (omnetpp::cMessage) FanetStressNetwork.uav[13].app.debugTimer -- check module destructor
undisposed object: (omnetpp::cMessage) FanetStressNetwork.uav[14].app.debugTimer -- check module destructor
undisposed object: (omnetpp::cMessage) FanetStressNetwork.uav[15].app.debugTimer -- check module destructor
undisposed object: (omnetpp::cMessage) FanetStressNetwork.uav[16].app.debugTimer -- check module destructor
undisposed object: (omnetpp::cMessage) FanetStressNetwork.uav[17].app.debugTimer -- check module destructor
undisposed object: (omnetpp::cMessage) FanetStressNetwork.uav[18].app.debugTimer -- check module destructor
undisposed object: (omnetpp::cMessage) FanetStressNetwork.uav[19].app.debugTimer -- check module destructor
undisposed object: (omnetpp::cMessage) FanetStressNetwork.uav[20].app.debugTimer -- check module destructor
undisposed object: (omnetpp::cMessage) FanetStressNetwork.uav[21].app.debugTimer -- check module destructor
undisposed object: (omnetpp::cMessage) FanetStressNetwork.uav[22].app.debugTimer -- check module destructor
undisposed object: (omnetpp::cMessage) FanetStressNetwork.uav[23].app.debugTimer -- check module destructor
undisposed object: (omnetpp::cMessage) FanetStressNetwork.uav[24].app.debugTimer -- check module destructor
undisposed object: (omnetpp::cMessage) FanetStressNetwork.uav[25].app.debugTimer -- check module destructor
undisposed object: (omnetpp::cMessage) FanetStressNetwork.uav[26].app.debugTimer -- check module destructor
undisposed object: (omnetpp::cMessage) FanetStressNetwork.uav[27].app.debugTimer -- check module destructor
undisposed object: (omnetpp::cMessage) FanetStressNetwork.uav[28].app.debugTimer -- check module destructor
undisposed object: (omnetpp::cMessage) FanetStressNetwork.uav[29].app.debugTimer -- check module destructor
