** Event #0   t=0   Elapsed: 1.2e-05s (0m 00s)  0% completed  (0% total)
     Speed:     ev/sec=0   simsec/sec=0   ev/simsec=0
     Messages:  created: 1081   present: 1081   in FES: 161
** Event #41472   t=5.057603569253   Elapsed: 2.00019s (0m 02s)  1% completed  (0% total)
     Speed:     ev/sec=20734.8   simsec/sec=2.5286   ev/simsec=8200.13
     Messages:  created: 33686   present: 1105   in FES: 123
** Event #72448   t=8.087474339948   Elapsed: 4.00723s (0m 04s)  1% completed  (0% total)
     Speed:     ev/sec=15433.5   simsec/sec=1.5096   ev/simsec=10223.5
     Messages:  created: 58197   present: 1100   in FES: 119
** Event #102912   t=11.119724040788   Elapsed: 6.01994s (0m 06s)  2% completed  (1% total)
     Speed:     ev/sec=15135.8   simsec/sec=1.50655   ev/simsec=10046.7
     Messages:  created: 82227   present: 1078   in FES: 115
** Event #133888   t=14.325516485026   Elapsed: 8.0472s (0m 08s)  2% completed  (1% total)
     Speed:     ev/sec=15279.8   simsec/sec=1.58135   ev/simsec=9662.51
     Messages:  created: 106644   present: 1047   in FES: 104
** Event #165632   t=18.032132640332   Elapsed: 10.0489s (0m 10s)  3% completed  (1% total)
     Speed:     ev/sec=15858.7   simsec/sec=1.85175   ev/simsec=8564.15
     Messages:  created: 132218   present: 1069   in FES: 108
** Event #200448   t=21.41986123241   Elapsed: 12.0493s (0m 12s)  4% completed  (2% total)
     Speed:     ev/sec=17404.2   simsec/sec=1.69349   ev/simsec=10277.1
     Messages:  created: 160448   present: 1029   in FES: 98
** Event #234496   t=25.127501735537   Elapsed: 14.0502s (0m 14s)  5% completed  (2% total)
     Speed:     ev/sec=17016.3   simsec/sec=1.85298   ev/simsec=9183.2
     Messages:  created: 188040   present: 1092   in FES: 119
** Event #266240   t=29.018332153442   Elapsed: 16.0539s (0m 16s)  5% completed  (2% total)
     Speed:     ev/sec=15843   simsec/sec=1.94186   ev/simsec=8158.67
     Messages:  created: 213765   present: 1024   in FES: 97
** Event #302848   t=33.047793996658   Elapsed: 18.0591s (0m 18s)  6% completed  (3% total)
     Speed:     ev/sec=18256.2   simsec/sec=2.00947   ev/simsec=9085.08
     Messages:  created: 244516   present: 1084   in FES: 115
** Event #341504   t=37.328976567086   Elapsed: 20.076s (0m 20s)  7% completed  (3% total)
     Speed:     ev/sec=19166.2   simsec/sec=2.12267   ev/simsec=9029.28
     Messages:  created: 277346   present: 1090   in FES: 126
** Event #380928   t=42.089486918   Elapsed: 22.0857s (0m 22s)  8% completed  (4% total)
     Speed:     ev/sec=19616.8   simsec/sec=2.36876   ev/simsec=8281.47
     Messages:  created: 310984   present: 1051   in FES: 102
** Event #423680   t=47.134484115749   Elapsed: 24.1026s (0m 24s)  9% completed  (4% total)
     Speed:     ev/sec=21197.3   simsec/sec=2.50141   ev/simsec=8474.14
     Messages:  created: 347697   present: 1110   in FES: 125
** Event #466432   t=52.251194233016   Elapsed: 26.121s (0m 26s)  10% completed  (5% total)
     Speed:     ev/sec=21181.4   simsec/sec=2.53507   ev/simsec=8355.37
     Messages:  created: 384130   present: 1025   in FES: 96
** Event #504576   t=57.05759552704   Elapsed: 28.1231s (0m 28s)  11% completed  (5% total)
     Speed:     ev/sec=19051.2   simsec/sec=2.40058   ev/simsec=7936.08
     Messages:  created: 416777   present: 1192   in FES: 156
** Event #543744   t=61.345973998214   Elapsed: 30.1309s (0m 30s)  12% completed  (6% total)
     Speed:     ev/sec=19507.9   simsec/sec=2.13586   ev/simsec=9133.52
     Messages:  created: 449873   present: 1091   in FES: 118
** Event #580864   t=66.044736678695   Elapsed: 32.1316s (0m 32s)  13% completed  (6% total)
     Speed:     ev/sec=18553.6   simsec/sec=2.34857   ev/simsec=7899.95
     Messages:  created: 481362   present: 1110   in FES: 126
** Event #619520   t=70.385128116547   Elapsed: 34.145s (0m 34s)  14% completed  (7% total)
     Speed:     ev/sec=19199.5   simsec/sec=2.15576   ev/simsec=8906.11
     Messages:  created: 514736   present: 1099   in FES: 126
** Event #660224   t=75.359394120041   Elapsed: 36.1549s (0m 36s)  15% completed  (7% total)
     Speed:     ev/sec=20251.9   simsec/sec=2.4749   ev/simsec=8182.92
     Messages:  created: 549862   present: 1084   in FES: 117
** Event #700416   t=80.259370630084   Elapsed: 38.1562s (0m 38s)  16% completed  (8% total)
     Speed:     ev/sec=20082.9   simsec/sec=2.44839   ev/simsec=8202.49
     Messages:  created: 584393   present: 1081   in FES: 116
** Event #746496   t=86.047509059017   Elapsed: 40.1641s (0m 40s)  17% completed  (8% total)
     Speed:     ev/sec=22949.9   simsec/sec=2.88275   ev/simsec=7961.11
     Messages:  created: 623575   present: 1063   in FES: 108
** Event #786176   t=90.387717498673   Elapsed: 42.1727s (0m 42s)  18% completed  (9% total)
     Speed:     ev/sec=19754.4   simsec/sec=2.16074   ev/simsec=9142.42
     Messages:  created: 657129   present: 1092   in FES: 119
** Event #826112   t=95.127404722221   Elapsed: 44.1834s (0m 44s)  19% completed  (9% total)
     Speed:     ev/sec=19862.3   simsec/sec=2.3573   ev/simsec=8425.87
     Messages:  created: 690918   present: 1095   in FES: 126
** Event #865280   t=100.028941777173   Elapsed: 46.1851s (0m 46s)  20% completed  (10% total)
     Speed:     ev/sec=19567   simsec/sec=2.44865   ev/simsec=7990.96
     Messages:  created: 723682   present: 1069   in FES: 110
** Event #909824   t=103.20441227383   Elapsed: 48.1907s (0m 48s)  20% completed  (10% total)
     Speed:     ev/sec=22209.9   simsec/sec=1.58331   ev/simsec=14027.5
     Messages:  created: 767914   present: 1022   in FES: 96
** Event #953088   t=106.137679959329   Elapsed: 50.1963s (0m 50s)  21% completed  (10% total)
     Speed:     ev/sec=21571.5   simsec/sec=1.46253   ev/simsec=14749.4
     Messages:  created: 812321   present: 1084   in FES: 115
** Event #994816   t=109.134513212205   Elapsed: 52.2166s (0m 52s)  21% completed  (10% total)
     Speed:     ev/sec=20654.3   simsec/sec=1.48336   ev/simsec=13924
     Messages:  created: 854902   present: 1047   in FES: 104
** Event #1034240   t=112.031553831765   Elapsed: 54.2222s (0m 54s)  22% completed  (11% total)
     Speed:     ev/sec=19656.6   simsec/sec=1.44445   ev/simsec=13608.4
     Messages:  created: 895835   present: 1105   in FES: 126
** Event #1070592   t=114.246191916566   Elapsed: 56.251s (0m 56s)  22% completed  (11% total)
     Speed:     ev/sec=17918.4   simsec/sec=1.09162   ev/simsec=16414.4
     Messages:  created: 932120   present: 1088   in FES: 126
** Event #1111552   t=116.845483524894   Elapsed: 58.2555s (0m 58s)  23% completed  (11% total)
     Speed:     ev/sec=20434.5   simsec/sec=1.29676   ev/simsec=15758.1
     Messages:  created: 975129   present: 1122   in FES: 113
** Event #1156352   t=118.899054509625   Elapsed: 60.2559s (1m 00s)  23% completed  (11% total)
     Speed:     ev/sec=22395.2   simsec/sec=1.02657   ev/simsec=21815.7
     Messages:  created: 1025441   present: 1126   in FES: 143
** Event #1195264   t=121.142102716675   Elapsed: 62.2567s (1m 02s)  24% completed  (12% total)
     Speed:     ev/sec=19448.3   simsec/sec=1.12108   ev/simsec=17347.8
     Messages:  created: 1064213   present: 1120   in FES: 151
** Event #1232640   t=123.428899194217   Elapsed: 64.2692s (1m 04s)  24% completed  (12% total)
     Speed:     ev/sec=18571.5   simsec/sec=1.13627   ev/simsec=16344.3
     Messages:  created: 1103510   present: 1112   in FES: 125
** Event #1274112   t=126.098767653089   Elapsed: 66.2797s (1m 06s)  25% completed  (12% total)
     Speed:     ev/sec=20628   simsec/sec=1.32798   ev/simsec=15533.3
     Messages:  created: 1146919   present: 1063   in FES: 104
** Event #1310976   t=128.24628608181   Elapsed: 68.3714s (1m 08s)  25% completed  (12% total)
     Speed:     ev/sec=17623.8   simsec/sec=1.02668   ev/simsec=17165.9
     Messages:  created: 1186584   present: 1075   in FES: 114
** Event #1352448   t=131.047508035256   Elapsed: 70.3765s (1m 10s)  26% completed  (13% total)
     Speed:     ev/sec=20683.4   simsec/sec=1.39706   ev/simsec=14805
     Messages:  created: 1230495   present: 1057   in FES: 106
** Event #1393152   t=133.392389135947   Elapsed: 72.384s (1m 12s)  26% completed  (13% total)
     Speed:     ev/sec=20276   simsec/sec=1.16806   ev/simsec=17358.7
     Messages:  created: 1272662   present: 1117   in FES: 127
** Event #1435648   t=136.204680686885   Elapsed: 74.3941s (1m 14s)  27% completed  (13% total)
     Speed:     ev/sec=21140.7   simsec/sec=1.39905   ev/simsec=15110.8
     Messages:  created: 1316837   present: 1059   in FES: 108
** Event #1476096   t=139.018431152343   Elapsed: 76.4033s (1m 16s)  27% completed  (13% total)
     Speed:     ev/sec=20132.2   simsec/sec=1.40049   ev/simsec=14375.1
     Messages:  created: 1359852   present: 1083   in FES: 116
** Event #1515776   t=141.204635207846   Elapsed: 78.4061s (1m 18s)  28% completed  (14% total)
     Speed:     ev/sec=19812.1   simsec/sec=1.09156   ev/simsec=18150.2
     Messages:  created: 1400407   present: 1084   in FES: 127
** Event #1551616   t=143.3915967906   Elapsed: 80.58s (1m 20s)  28% completed  (14% total)
     Speed:     ev/sec=16486.7   simsec/sec=1.00602   ev/simsec=16388
     Messages:  created: 1437662   present: 1201   in FES: 151
** Event #1593088   t=146.047507680627   Elapsed: 82.5852s (1m 22s)  29% completed  (14% total)
     Speed:     ev/sec=20682.2   simsec/sec=1.32451   ev/simsec=15615
     Messages:  created: 1481834   present: 1066   in FES: 109
** Event #1635328   t=148.22092427383   Elapsed: 84.5853s (1m 24s)  29% completed  (14% total)
     Speed:     ev/sec=21118.7   simsec/sec=1.08664   ev/simsec=19434.8
     Messages:  created: 1526472   present: 1024   in FES: 97
** Event #1675776   t=150.648605925293   Elapsed: 86.5941s (1m 26s)  30% completed  (15% total)
     Speed:     ev/sec=20135.2   simsec/sec=1.20851   ev/simsec=16661.2
     Messages:  created: 1569914   present: 1106   in FES: 149
** Event #1718272   t=153.246281847557   Elapsed: 88.6061s (1m 28s)  30% completed  (15% total)
     Speed:     ev/sec=21121.2   simsec/sec=1.29109   ev/simsec=16359.2
     Messages:  created: 1614521   present: 1086   in FES: 117
** Event #1760512   t=155.891754429733   Elapsed: 90.6121s (1m 30s)  31% completed  (15% total)
     Speed:     ev/sec=21057.3   simsec/sec=1.31881   ev/simsec=15966.9
     Messages:  created: 1660457   present: 1057   in FES: 128
** Event #1799936   t=158.019145031376   Elapsed: 92.6163s (1m 32s)  31% completed  (15% total)
     Speed:     ev/sec=19670.7   simsec/sec=1.06146   ev/simsec=18531.6
     Messages:  created: 1704047   present: 1112   in FES: 125
** Event #1844736   t=160.303634255112   Elapsed: 94.6223s (1m 34s)  32% completed  (16% total)
     Speed:     ev/sec=22332.7   simsec/sec=1.13881   ev/simsec=19610.5
     Messages:  created: 1752555   present: 1021   in FES: 95
** Event #1891072   t=163.004172778214   Elapsed: 96.6275s (1m 36s)  32% completed  (16% total)
     Speed:     ev/sec=23107.9   simsec/sec=1.34677   ev/simsec=17158.1
     Messages:  created: 1805016   present: 1062   in FES: 109
** Event #1934848   t=165.387636709344   Elapsed: 98.6456s (1m 38s)  33% completed  (16% total)
     Speed:     ev/sec=21691.2   simsec/sec=1.18102   ev/simsec=18366.5
     Messages:  created: 1851905   present: 1126   in FES: 132
** Event #1978624   t=168.147715696143   Elapsed: 100.652s (1m 40s)  33% completed  (16% total)
     Speed:     ev/sec=21820.2   simsec/sec=1.37576   ev/simsec=15860.4
     Messages:  created: 1898728   present: 1108   in FES: 126
** Event #2026496   t=171.230520854645   Elapsed: 102.655s (1m 42s)  34% completed  (17% total)
     Speed:     ev/sec=23903.1   simsec/sec=1.53928   ev/simsec=15528.7
     Messages:  created: 1949959   present: 1092   in FES: 126
** Event #2067968   t=174.057596305729   Elapsed: 104.655s (1m 44s)  34% completed  (17% total)
     Speed:     ev/sec=20734.6   simsec/sec=1.41344   ev/simsec=14669.6
     Messages:  created: 1994607   present: 1196   in FES: 156
** Event #2110464   t=177.031607562683   Elapsed: 106.663s (1m 46s)  35% completed  (17% total)
     Speed:     ev/sec=21158.1   simsec/sec=1.48071   ev/simsec=14289.1
     Messages:  created: 2038968   present: 1085   in FES: 114
** Event #2152192   t=180.019097592229   Elapsed: 108.669s (1m 48s)  36% completed  (18% total)
     Speed:     ev/sec=20803.1   simsec/sec=1.48938   ev/simsec=13967.6
     Messages:  created: 2082130   present: 1092   in FES: 126
** Event #2192640   t=182.588364982737   Elapsed: 110.676s (1m 50s)  36% completed  (18% total)
     Speed:     ev/sec=20152.8   simsec/sec=1.28011   ev/simsec=15743
     Messages:  created: 2123554   present: 1100   in FES: 149
** Event #2238208   t=185.136248780663   Elapsed: 112.685s (1m 52s)  37% completed  (18% total)
     Speed:     ev/sec=22683.9   simsec/sec=1.26834   ev/simsec=17884.6
     Messages:  created: 2172141   present: 1097   in FES: 120
** Event #2275840   t=187.454681583825   Elapsed: 114.697s (1m 54s)  37% completed  (18% total)
     Speed:     ev/sec=18701.2   simsec/sec=1.15214   ev/simsec=16231.7
     Messages:  created: 2212193   present: 1026   in FES: 97
** Event #2320384   t=190.259374836387   Elapsed: 116.699s (1m 56s)  38% completed  (19% total)
     Speed:     ev/sec=22248.1   simsec/sec=1.40084   ev/simsec=15882
     Messages:  created: 2259096   present: 1063   in FES: 110
** Event #2370560   t=193.338364980925   Elapsed: 118.705s (1m 58s)  38% completed  (19% total)
     Speed:     ev/sec=25022.5   simsec/sec=1.53547   ev/simsec=16296.3
     Messages:  created: 2312429   present: 1097   in FES: 151
** Event #2414336   t=196.095405120817   Elapsed: 120.711s (2m 00s)  39% completed  (19% total)
     Speed:     ev/sec=21822.8   simsec/sec=1.37441   ev/simsec=15877.9
     Messages:  created: 2358832   present: 1123   in FES: 124
** Event #2456320   t=198.887680094652   Elapsed: 122.716s (2m 02s)  39% completed  (19% total)
     Speed:     ev/sec=20938.6   simsec/sec=1.39259   ev/simsec=15035.8
     Messages:  created: 2403917   present: 1057   in FES: 108
** Event #2499072   t=201.249069535192   Elapsed: 124.717s (2m 04s)  40% completed  (20% total)
     Speed:     ev/sec=21364.2   simsec/sec=1.18004   ev/simsec=18104.6
     Messages:  created: 2449582   present: 1070   in FES: 113
** Event #2535168   t=203.398879740188   Elapsed: 126.72s (2m 06s)  40% completed  (20% total)
     Speed:     ev/sec=18023.3   simsec/sec=1.07344   ev/simsec=16790.3
     Messages:  created: 2488549   present: 1098   in FES: 115
** Event #2580736   t=206.144829662355   Elapsed: 128.728s (2m 08s)  41% completed  (20% total)
     Speed:     ev/sec=22688.2   simsec/sec=1.3672   ev/simsec=16594.6
     Messages:  created: 2537760   present: 1101   in FES: 126
** Event #2625792   t=209.025299605778   Elapsed: 130.733s (2m 10s)  41% completed  (20% total)
     Speed:     ev/sec=22468.8   simsec/sec=1.43645   ev/simsec=15641.9
     Messages:  created: 2587274   present: 1108   in FES: 126
** Event #2672896   t=212.018423176956   Elapsed: 132.735s (2m 12s)  42% completed  (21% total)
     Speed:     ev/sec=23532.1   simsec/sec=1.4953   ev/simsec=15737.4
     Messages:  created: 2638513   present: 1092   in FES: 119
** Event #2715648   t=214.407982884737   Elapsed: 134.74s (2m 14s)  42% completed  (21% total)
     Speed:     ev/sec=21320.6   simsec/sec=1.19168   ev/simsec=17891.2
     Messages:  created: 2683244   present: 1117   in FES: 127
** Event #2754304   t=216.428887916887   Elapsed: 136.743s (2m 16s)  43% completed  (21% total)
     Speed:     ev/sec=19298.7   simsec/sec=1.00892   ev/simsec=19128.1
     Messages:  created: 2725822   present: 1094   in FES: 119
** Event #2798848   t=219.141800974846   Elapsed: 138.745s (2m 18s)  43% completed  (21% total)
     Speed:     ev/sec=22254.5   simsec/sec=1.35539   ev/simsec=16419.3
     Messages:  created: 2773595   present: 1032   in FES: 97
** Event #2839296   t=221.705324383364   Elapsed: 140.753s (2m 20s)  44% completed  (22% total)
     Speed:     ev/sec=20142.3   simsec/sec=1.27658   ev/simsec=15778.3
     Messages:  created: 2816994   present: 1102   in FES: 148
** Event #2879232   t=224.137411704753   Elapsed: 142.756s (2m 22s)  44% completed  (22% total)
     Speed:     ev/sec=19937.2   simsec/sec=1.21417   ev/simsec=16420.5
     Messages:  created: 2857553   present: 1028   in FES: 97
** Event #2919424   t=226.641754220107   Elapsed: 144.763s (2m 24s)  45% completed  (22% total)
     Speed:     ev/sec=20022.8   simsec/sec=1.24761   ev/simsec=16048.9
     Messages:  created: 2899987   present: 1086   in FES: 127
** Event #2962176   t=229.078306159037   Elapsed: 146.769s (2m 26s)  45% completed  (22% total)
     Speed:     ev/sec=21316   simsec/sec=1.21486   ev/simsec=17546.1
     Messages:  created: 2945191   present: 1080   in FES: 115
** Event #3000064   t=231.088352967835   Elapsed: 148.775s (2m 28s)  46% completed  (23% total)
     Speed:     ev/sec=18885.3   simsec/sec=1.00191   ev/simsec=18849.3
     Messages:  created: 2985147   present: 1119   in FES: 127
** Event #3048960   t=233.641799296901   Elapsed: 150.782s (2m 30s)  46% completed  (23% total)
     Speed:     ev/sec=24365.9   simsec/sec=1.27244   ev/simsec=19149
     Messages:  created: 3037284   present: 1082   in FES: 111
** Event #3093504   t=236.062203503904   Elapsed: 152.785s (2m 32s)  47% completed  (23% total)
     Speed:     ev/sec=22235.9   simsec/sec=1.20824   ev/simsec=18403.5
     Messages:  created: 3084284   present: 1102   in FES: 121
** Event #3134464   t=238.13857047988   Elapsed: 154.79s (2m 34s)  47% completed  (23% total)
     Speed:     ev/sec=20434.6   simsec/sec=1.03588   ev/simsec=19726.8
     Messages:  created: 3126800   present: 1061   in FES: 124
** Event #3174656   t=240.325516075138   Elapsed: 156.794s (2m 36s)  48% completed  (24% total)
     Speed:     ev/sec=20049.6   simsec/sec=1.09095   ev/simsec=18378.1
     Messages:  created: 3168804   present: 1062   in FES: 109
** Event #3213824   t=242.392082353228   Elapsed: 158.794s (2m 38s)  48% completed  (24% total)
     Speed:     ev/sec=19581.4   simsec/sec=1.03315   ev/simsec=18953.2
     Messages:  created: 3209578   present: 1097   in FES: 114
** Event #3248640   t=244.325515659522   Elapsed: 160.823s (2m 40s)  48% completed  (24% total)
     Speed:     ev/sec=17160.6   simsec/sec=0.952979   ev/simsec=18007.3
     Messages:  created: 3245336   present: 1080   in FES: 115
** Event #3289856   t=246.41986430144   Elapsed: 162.83s (2m 42s)  49% completed  (24% total)
     Speed:     ev/sec=20534   simsec/sec=1.04342   ev/simsec=19679.6
     Messages:  created: 3288386   present: 1043   in FES: 104
** Event #3331072   t=248.897713724291   Elapsed: 164.833s (2m 44s)  49% completed  (24% total)
     Speed:     ev/sec=20586.2   simsec/sec=1.23761   ev/simsec=16633.8
     Messages:  created: 3332410   present: 1034   in FES: 97
** Event #3369216   t=251.025298396845   Elapsed: 166.836s (2m 46s)  50% completed  (25% total)
     Speed:     ev/sec=19042.1   simsec/sec=1.06213   ev/simsec=17928.3
     Messages:  created: 3372341   present: 1104   in FES: 126
** Event #3406592   t=253.119724111344   Elapsed: 168.847s (2m 48s)  50% completed  (25% total)
     Speed:     ev/sec=18582   simsec/sec=1.04127   ev/simsec=17845.5
     Messages:  created: 3409097   present: 1093   in FES: 120
** Event #3440896   t=255.31574985359   Elapsed: 170.851s (2m 50s)  51% completed  (25% total)
     Speed:     ev/sec=17118.5   simsec/sec=1.09587   ev/simsec=15620.9
     Messages:  created: 3443158   present: 1042   in FES: 103
** Event #3475456   t=257.428935769373   Elapsed: 172.858s (2m 52s)  51% completed  (25% total)
     Speed:     ev/sec=17218.8   simsec/sec=1.05285   ev/simsec=16354.5
     Messages:  created: 3477735   present: 1086   in FES: 115
** Event #3511040   t=260.018957614583   Elapsed: 174.872s (2m 54s)  52% completed  (26% total)
     Speed:     ev/sec=17670.7   simsec/sec=1.28618   ev/simsec=13738.9
     Messages:  created: 3513943   present: 1039   in FES: 100
** Event #3550208   t=262.328976902111   Elapsed: 176.887s (2m 56s)  52% completed  (26% total)
     Speed:     ev/sec=19437.3   simsec/sec=1.14636   ev/simsec=16955.7
     Messages:  created: 3552759   present: 1096   in FES: 126
** Event #3589120   t=264.955690939236   Elapsed: 178.888s (2m 58s)  52% completed  (26% total)
     Speed:     ev/sec=19443.3   simsec/sec=1.3125   ev/simsec=14813.9
     Messages:  created: 3593313   present: 1096   in FES: 128
** Event #3630080   t=267.250725411025   Elapsed: 180.907s (3m 00s)  53% completed  (26% total)
     Speed:     ev/sec=20292.2   simsec/sec=1.13699   ev/simsec=17847.2
     Messages:  created: 3634721   present: 1104   in FES: 127
** Event #3669248   t=269.705144104448   Elapsed: 182.908s (3m 02s)  53% completed  (26% total)
     Speed:     ev/sec=19568.2   simsec/sec=1.22622   ev/simsec=15958.2
     Messages:  created: 3675851   present: 1100   in FES: 149
** Event #3715328   t=272.338397645482   Elapsed: 184.909s (3m 04s)  54% completed  (27% total)
     Speed:     ev/sec=23036.2   simsec/sec=1.31641   ev/simsec=17499.3
     Messages:  created: 3724658   present: 1117   in FES: 134
** Event #3757312   t=275.134488721414   Elapsed: 186.909s (3m 06s)  55% completed  (27% total)
     Speed:     ev/sec=20987   simsec/sec=1.39771   ev/simsec=15015.2
     Messages:  created: 3768620   present: 1086   in FES: 117
** Event #3800064   t=278.098765510937   Elapsed: 188.924s (3m 08s)  55% completed  (27% total)
     Speed:     ev/sec=21221.9   simsec/sec=1.47145   ev/simsec=14422.4
     Messages:  created: 3813127   present: 1120   in FES: 125
** Event #3844096   t=281.093027073601   Elapsed: 190.932s (3m 10s)  56% completed  (28% total)
     Speed:     ev/sec=21922.2   simsec/sec=1.49075   ev/simsec=14705.5
     Messages:  created: 3858695   present: 1064   in FES: 105
** Event #3889408   t=284.078306146483   Elapsed: 192.936s (3m 12s)  56% completed  (28% total)
     Speed:     ev/sec=22619.5   simsec/sec=1.49023   ev/simsec=15178.5
     Messages:  created: 3906228   present: 1080   in FES: 115
** Event #3933440   t=286.887680267463   Elapsed: 194.939s (3m 14s)  57% completed  (28% total)
     Speed:     ev/sec=21978.5   simsec/sec=1.4023   ev/simsec=15673.2
     Messages:  created: 3953155   present: 1061   in FES: 108
** Event #3971072   t=289.04801234374   Elapsed: 196.945s (3m 16s)  57% completed  (28% total)
     Speed:     ev/sec=18760.5   simsec/sec=1.07698   ev/simsec=17419.5
     Messages:  created: 3993016   present: 1072   in FES: 111
** Event #4014080   t=291.398901204809   Elapsed: 198.949s (3m 18s)  58% completed  (29% total)
     Speed:     ev/sec=21464.9   simsec/sec=1.17331   ev/simsec=18294.4
     Messages:  created: 4038736   present: 1071   in FES: 106
** Event #4058880   t=294.387701281584   Elapsed: 200.961s (3m 20s)  58% completed  (29% total)
     Speed:     ev/sec=22259.6   simsec/sec=1.48503   ev/simsec=14989.3
     Messages:  created: 4085782   present: 1104   in FES: 123
** Event #4104448   t=297.588399992051   Elapsed: 202.972s (3m 22s)  59% completed  (29% total)
     Speed:     ev/sec=22658.2   simsec/sec=1.59151   ev/simsec=14236.9
     Messages:  created: 4134215   present: 1067   in FES: 110
** Event #4152320   t=300.413624099052   Elapsed: 204.977s (3m 24s)  60% completed  (30% total)
     Speed:     ev/sec=23880.6   simsec/sec=1.40934   ev/simsec=16944.5
     Messages:  created: 4186885   present: 1100   in FES: 127
** Event #4199680   t=303.838776367305   Elapsed: 206.982s (3m 26s)  60% completed  (30% total)
     Speed:     ev/sec=23624.1   simsec/sec=1.70853   ev/simsec=13827.1
     Messages:  created: 4238313   present: 1111   in FES: 124
** Event #4241152   t=306.339799742285   Elapsed: 208.982s (3m 28s)  61% completed  (30% total)
     Speed:     ev/sec=20732.5   simsec/sec=1.2503   ev/simsec=16582
     Messages:  created: 4282894   present: 1109   in FES: 122
** Event #4287488   t=309.408013904859   Elapsed: 210.985s (3m 30s)  61% completed  (30% total)
     Speed:     ev/sec=23133.5   simsec/sec=1.53182   ev/simsec=15101.9
     Messages:  created: 4332775   present: 1084   in FES: 115
** Event #4333312   t=312.727744791727   Elapsed: 212.989s (3m 32s)  62% completed  (31% total)
     Speed:     ev/sec=22867   simsec/sec=1.6566   ev/simsec=13803.5
     Messages:  created: 4381387   present: 1021   in FES: 95
** Event #4376064   t=315.637681475993   Elapsed: 214.992s (3m 34s)  63% completed  (31% total)
     Speed:     ev/sec=21347.3   simsec/sec=1.45301   ev/simsec=14691.7
     Messages:  created: 4425535   present: 1040   in FES: 101
** Event #4418304   t=318.38512724764   Elapsed: 217.001s (3m 37s)  63% completed  (31% total)
     Speed:     ev/sec=21022.2   simsec/sec=1.36736   ev/simsec=15374.3
     Messages:  created: 4469099   present: 1097   in FES: 126
** Event #4459008   t=321.375747870871   Elapsed: 219.017s (3m 39s)  64% completed  (32% total)
     Speed:     ev/sec=20190.8   simsec/sec=1.48346   ev/simsec=13610.6
     Messages:  created: 4510199   present: 1063   in FES: 110
** Event #4495872   t=324.127403816427   Elapsed: 221.026s (3m 41s)  64% completed  (32% total)
     Speed:     ev/sec=18347.2   simsec/sec=1.3695   ev/simsec=13397
     Messages:  created: 4547919   present: 1090   in FES: 126
** Event #4536576   t=327.136265550335   Elapsed: 223.035s (3m 43s)  65% completed  (32% total)
     Speed:     ev/sec=20260.1   simsec/sec=1.49764   ev/simsec=13528
     Messages:  created: 4589903   present: 1076   in FES: 113
** Event #4578304   t=330.375747104572   Elapsed: 225.047s (3m 45s)  66% completed  (33% total)
     Speed:     ev/sec=20744.3   simsec/sec=1.61045   ev/simsec=12881.1
     Messages:  created: 4632549   present: 1087   in FES: 118
** Event #4619520   t=333.408026323523   Elapsed: 227.054s (3m 47s)  66% completed  (33% total)
     Speed:     ev/sec=20529.1   simsec/sec=1.51034   ev/simsec=13592.4
     Messages:  created: 4674424   present: 1051   in FES: 106
** Event #4659968   t=336.387413190368   Elapsed: 229.068s (3m 49s)  67% completed  (33% total)
     Speed:     ev/sec=20091.5   simsec/sec=1.47993   ev/simsec=13575.9
     Messages:  created: 4715272   present: 1103   in FES: 126
** Event #4699392   t=339.325507809393   Elapsed: 231.082s (3m 51s)  67% completed  (33% total)
     Speed:     ev/sec=19572.4   simsec/sec=1.45864   ev/simsec=13418.2
     Messages:  created: 4754745   present: 1101   in FES: 122
** Event #4740352   t=342.137681310235   Elapsed: 233.083s (3m 53s)  68% completed  (34% total)
     Speed:     ev/sec=20464.9   simsec/sec=1.40505   ev/simsec=14565.2
     Messages:  created: 4796597   present: 1065   in FES: 108
** Event #4775168   t=344.454646767087   Elapsed: 235.095s (3m 55s)  68% completed  (34% total)
     Speed:     ev/sec=17303.2   simsec/sec=1.15151   ev/simsec=15026.6
     Messages:  created: 4831791   present: 1102   in FES: 143
** Event #4814080   t=347.089512643313   Elapsed: 237.098s (3m 57s)  69% completed  (34% total)
     Speed:     ev/sec=19428.4   simsec/sec=1.31557   ev/simsec=14768.1
     Messages:  created: 4870749   present: 1123   in FES: 124
** Event #4851456   t=349.385229291902   Elapsed: 239.117s (3m 59s)  69% completed  (34% total)
     Speed:     ev/sec=18518.1   simsec/sec=1.13742   ev/simsec=16280.8
     Messages:  created: 4907883   present: 1077   in FES: 114
** Event #4887552   t=352.018435501673   Elapsed: 241.128s (4m 01s)  70% completed  (35% total)
     Speed:     ev/sec=17943.2   simsec/sec=1.30896   ev/simsec=13708
     Messages:  created: 4944377   present: 1073   in FES: 112
** Event #4923904   t=354.136260816147   Elapsed: 243.135s (4m 03s)  70% completed  (35% total)
     Speed:     ev/sec=18115.4   simsec/sec=1.05538   ev/simsec=17164.8
     Messages:  created: 4979445   present: 1100   in FES: 121
** Event #4957952   t=356.335509112411   Elapsed: 245.137s (4m 05s)  71% completed  (35% total)
     Speed:     ev/sec=17004.9   simsec/sec=1.09839   ev/simsec=15481.7
     Messages:  created: 5013113   present: 1023   in FES: 96
** Event #4992256   t=358.339804039147   Elapsed: 247.155s (4m 07s)  71% completed  (35% total)
     Speed:     ev/sec=16999.1   simsec/sec=0.993214   ev/simsec=17115.2
     Messages:  created: 5047627   present: 1100   in FES: 122
** Event #5028096   t=360.387961735304   Elapsed: 249.156s (4m 09s)  72% completed  (36% total)
     Speed:     ev/sec=17908.8   simsec/sec=1.02344   ev/simsec=17498.7
     Messages:  created: 5084037   present: 1102   in FES: 143
** Event #5061376   t=362.588354818625   Elapsed: 251.17s (4m 11s)  72% completed  (36% total)
     Speed:     ev/sec=16524.5   simsec/sec=1.09256   ev/simsec=15124.6
     Messages:  created: 5116646   present: 1050   in FES: 119
** Event #5095424   t=364.589599656327   Elapsed: 253.173s (4m 13s)  72% completed  (36% total)
     Speed:     ev/sec=16999   simsec/sec=0.99915   ev/simsec=17013.4
     Messages:  created: 5150732   present: 1098   in FES: 151
** Event #5130496   t=366.705417864511   Elapsed: 255.175s (4m 15s)  73% completed  (36% total)
     Speed:     ev/sec=17517.7   simsec/sec=1.05681   ev/simsec=16576.1
     Messages:  created: 5186083   present: 1083   in FES: 114
** Event #5163008   t=368.425279095944   Elapsed: 257.177s (4m 17s)  73% completed  (36% total)
     Speed:     ev/sec=16242.9   simsec/sec=0.859238   ev/simsec=18903.9
     Messages:  created: 5217913   present: 1056   in FES: 107
** Event #5197056   t=370.408024907307   Elapsed: 259.182s (4m 19s)  74% completed  (37% total)
     Speed:     ev/sec=16980.3   simsec/sec=0.988827   ev/simsec=17172.1
     Messages:  created: 5251933   present: 1108   in FES: 125
** Event #5226240   t=372.137680347262   Elapsed: 261.189s (4m 21s)  74% completed  (37% total)
     Speed:     ev/sec=14539.9   simsec/sec=0.861738   ev/simsec=16872.7
     Messages:  created: 5280294   present: 1066   in FES: 109
** Event #5258240   t=374.088790670597   Elapsed: 263.194s (4m 23s)  74% completed  (37% total)
     Speed:     ev/sec=15967   simsec/sec=0.973542   ev/simsec=16400.9
     Messages:  created: 5311977   present: 1065   in FES: 127
** Event #5289984   t=376.057550212158   Elapsed: 265.201s (4m 25s)  75% completed  (37% total)
     Speed:     ev/sec=15810.8   simsec/sec=0.980584   ev/simsec=16123.9
     Messages:  created: 5343715   present: 1099   in FES: 126
** Event #5319424   t=377.588398887517   Elapsed: 267.204s (4m 27s)  75% completed  (37% total)
     Speed:     ev/sec=14699.4   simsec/sec=0.764354   ev/simsec=19231.2
     Messages:  created: 5372173   present: 1076   in FES: 115
** Event #5351936   t=379.387412936675   Elapsed: 269.204s (4m 29s)  75% completed  (37% total)
     Speed:     ev/sec=16255.2   simsec/sec=0.899463   ev/simsec=18072.1
     Messages:  created: 5404163   present: 1096   in FES: 126
** Event #5384960   t=381.340123349468   Elapsed: 271.206s (4m 31s)  76% completed  (38% total)
     Speed:     ev/sec=16500.6   simsec/sec=0.97568   ev/simsec=16911.9
     Messages:  created: 5436582   present: 1092   in FES: 127
** Event #5421312   t=383.388284508651   Elapsed: 273.222s (4m 33s)  76% completed  (38% total)
     Speed:     ev/sec=18024.8   simsec/sec=1.01556   ev/simsec=17748.6
     Messages:  created: 5472206   present: 1105   in FES: 127
** Event #5454592   t=385.259379049284   Elapsed: 275.248s (4m 35s)  77% completed  (38% total)
     Speed:     ev/sec=16432.8   simsec/sec=0.9239   ev/simsec=17786.4
     Messages:  created: 5505860   present: 1051   in FES: 106
** Event #5494528   t=387.388509987806   Elapsed: 277.249s (4m 37s)  77% completed  (38% total)
     Speed:     ev/sec=19953   simsec/sec=1.06376   ev/simsec=18756.9
     Messages:  created: 5546798   present: 1118   in FES: 128
** Event #5534464   t=389.405084945405   Elapsed: 279.258s (4m 39s)  77% completed  (38% total)
     Speed:     ev/sec=19879.2   simsec/sec=1.0038   ev/simsec=19803.9
     Messages:  created: 5588422   present: 1101   in FES: 127
** Event #5574912   t=391.601155379176   Elapsed: 281.264s (4m 41s)  78% completed  (39% total)
     Speed:     ev/sec=20165.2   simsec/sec=1.09484   ev/simsec=18418.4
     Messages:  created: 5631165   present: 1088   in FES: 126
** Event #5621248   t=394.089480740824   Elapsed: 283.274s (4m 43s)  78% completed  (39% total)
     Speed:     ev/sec=23046.1   simsec/sec=1.23762   ev/simsec=18621.4
     Messages:  created: 5680526   present: 1121   in FES: 126
** Event #5656320   t=396.031607875152   Elapsed: 285.281s (4m 45s)  79% completed  (39% total)
     Speed:     ev/sec=17480.7   simsec/sec=0.968003   ev/simsec=18058.6
     Messages:  created: 5718691   present: 1083   in FES: 114
** Event #5698816   t=398.134496990418   Elapsed: 287.298s (4m 47s)  79% completed  (39% total)
     Speed:     ev/sec=21061.4   simsec/sec=1.04221   ev/simsec=20208.4
     Messages:  created: 5763467   present: 1075   in FES: 113
** Event #5737728   t=400.375762412653   Elapsed: 289.309s (4m 49s)  80% completed  (40% total)
     Speed:     ev/sec=19351.1   simsec/sec=1.11459   ev/simsec=17361.6
     Messages:  created: 5804647   present: 1111   in FES: 126
** Event #5777920   t=403.018423791893   Elapsed: 291.326s (4m 51s)  80% completed  (40% total)
     Speed:     ev/sec=19927.9   simsec/sec=1.31028   ev/simsec=15208.9
     Messages:  created: 5847698   present: 1071   in FES: 112
** Event #5816576   t=405.230520197379   Elapsed: 293.331s (4m 53s)  81% completed  (40% total)
     Speed:     ev/sec=19281.5   simsec/sec=1.10339   ev/simsec=17474.8
     Messages:  created: 5887220   present: 1087   in FES: 126
** Event #5857280   t=407.654238227633   Elapsed: 295.337s (4m 55s)  81% completed  (40% total)
     Speed:     ev/sec=20293.3   simsec/sec=1.20836   ev/simsec=16794
     Messages:  created: 5930239   present: 1028   in FES: 105
** Event #5890816   t=409.475000665001   Elapsed: 297.347s (4m 57s)  81% completed  (40% total)
     Speed:     ev/sec=16684.9   simsec/sec=0.905871   ev/simsec=18418.7
     Messages:  created: 5964891   present: 1065   in FES: 110
** Event #5937664   t=412.138075618427   Elapsed: 299.353s (4m 59s)  82% completed  (41% total)
     Speed:     ev/sec=23350.7   simsec/sec=1.32737   ev/simsec=17591.7
     Messages:  created: 6014447   present: 1123   in FES: 142
** Event #5978880   t=414.248970807598   Elapsed: 301.359s (5m 01s)  82% completed  (41% total)
     Speed:     ev/sec=20548.6   simsec/sec=1.05241   ev/simsec=19525.4
     Messages:  created: 6058518   present: 1095   in FES: 126
** Event #6018816   t=416.359422249352   Elapsed: 303.369s (5m 03s)  83% completed  (41% total)
     Speed:     ev/sec=19862.2   simsec/sec=1.04963   ev/simsec=18923
     Messages:  created: 6100591   present: 1048   in FES: 105
** Event #6060544   t=418.394804376265   Elapsed: 305.377s (5m 05s)  83% completed  (41% total)
     Speed:     ev/sec=20781.1   simsec/sec=1.01365   ev/simsec=20501.3
     Messages:  created: 6145816   present: 1143   in FES: 132
** Event #6097664   t=420.246192524736   Elapsed: 307.383s (5m 07s)  84% completed  (42% total)
     Speed:     ev/sec=18512.2   simsec/sec=0.923311   ev/simsec=20049.8
     Messages:  created: 6186082   present: 1106   in FES: 126
** Event #6137600   t=422.338132479595   Elapsed: 309.384s (5m 09s)  84% completed  (42% total)
     Speed:     ev/sec=19952.3   simsec/sec=1.04515   ev/simsec=19090.4
     Messages:  created: 6228871   present: 1105   in FES: 126
** Event #6177024   t=424.425275068615   Elapsed: 311.39s (5m 11s)  84% completed  (42% total)
     Speed:     ev/sec=19659.8   simsec/sec=1.04081   ev/simsec=18889
     Messages:  created: 6270845   present: 1072   in FES: 111
** Event #6220288   t=427.081711156417   Elapsed: 313.395s (5m 13s)  85% completed  (42% total)
     Speed:     ev/sec=21567.8   simsec/sec=1.32428   ev/simsec=16286.5
     Messages:  created: 6315621   present: 1053   in FES: 104
** Event #6257152   t=429.137636920383   Elapsed: 315.401s (5m 15s)  85% completed  (42% total)
     Speed:     ev/sec=18383.5   simsec/sec=1.02526   ev/simsec=17930.6
     Messages:  created: 6352583   present: 1036   in FES: 104
** Event #6291200   t=431.138257644785   Elapsed: 317.409s (5m 17s)  86% completed  (43% total)
     Speed:     ev/sec=16950.3   simsec/sec=0.995982   ev/simsec=17018.7
     Messages:  created: 6387266   present: 1049   in FES: 102
** Event #6323712   t=433.067342163456   Elapsed: 319.411s (5m 19s)  86% completed  (43% total)
     Speed:     ev/sec=16242.2   simsec/sec=0.963725   ev/simsec=16853.6
     Messages:  created: 6421174   present: 1052   in FES: 103
** Event #6361088   t=434.891989535469   Elapsed: 321.413s (5m 21s)  86% completed  (43% total)
     Speed:     ev/sec=18674.3   simsec/sec=0.911656   ev/simsec=20484
     Messages:  created: 6462114   present: 1105   in FES: 127
** Event #6396928   t=436.648473115749   Elapsed: 323.421s (5m 23s)  87% completed  (43% total)
     Speed:     ev/sec=17847.9   simsec/sec=0.87471   ev/simsec=20404.4
     Messages:  created: 6499228   present: 1127   in FES: 126
** Event #6434048   t=439.018447180101   Elapsed: 325.424s (5m 25s)  87% completed  (43% total)
     Speed:     ev/sec=18525   simsec/sec=1.18276   ev/simsec=15662.6
     Messages:  created: 6537585   present: 1065   in FES: 110
** Event #6472192   t=441.089513844755   Elapsed: 327.441s (5m 27s)  88% completed  (44% total)
     Speed:     ev/sec=18911.6   simsec/sec=1.02683   ev/simsec=18417.6
     Messages:  created: 6575423   present: 1050   in FES: 101
** Event #6509312   t=443.189459364813   Elapsed: 329.449s (5m 29s)  88% completed  (44% total)
     Speed:     ev/sec=18487.7   simsec/sec=1.04588   ev/simsec=17676.6
     Messages:  created: 6612925   present: 1083   in FES: 116
** Event #6542336   t=445.151293637933   Elapsed: 331.504s (5m 31s)  89% completed  (44% total)
     Speed:     ev/sec=16072.8   simsec/sec=0.954823   ev/simsec=16833.2
     Messages:  created: 6645797   present: 1048   in FES: 109
** Event #6576128   t=447.230626753478   Elapsed: 333.505s (5m 33s)  89% completed  (44% total)
     Speed:     ev/sec=16886.5   simsec/sec=1.03908   ev/simsec=16251.4
     Messages:  created: 6679557   present: 1093   in FES: 120
** Event #6610176   t=449.345973971373   Elapsed: 335.535s (5m 35s)  89% completed  (44% total)
     Speed:     ev/sec=16770.7   simsec/sec=1.04194   ev/simsec=16095.7
     Messages:  created: 6713440   present: 1081   in FES: 114
** Event #6650112   t=452.018029545906   Elapsed: 337.543s (5m 37s)  90% completed  (45% total)
     Speed:     ev/sec=19886.5   simsec/sec=1.33058   ev/simsec=14945.8
     Messages:  created: 6755098   present: 1041   in FES: 102
** Event #6688512   t=454.192406078688   Elapsed: 339.559s (5m 39s)  90% completed  (45% total)
     Speed:     ev/sec=19053.8   simsec/sec=1.07891   ev/simsec=17660.2
     Messages:  created: 6792858   present: 1028   in FES: 106
** Event #6725376   t=456.419848384412   Elapsed: 341.576s (5m 41s)  91% completed  (45% total)
     Speed:     ev/sec=18274   simsec/sec=1.10417   ev/simsec=16549.9
     Messages:  created: 6830430   present: 1074   in FES: 113
** Event #6767872   t=459.058050068883   Elapsed: 343.582s (5m 43s)  91% completed  (45% total)
     Speed:     ev/sec=21182.1   simsec/sec=1.31501   ev/simsec=16107.9
     Messages:  created: 6874839   present: 1080   in FES: 115
** Event #6803200   t=461.230521942807   Elapsed: 345.593s (5m 45s)  92% completed  (46% total)
     Speed:     ev/sec=17572.6   simsec/sec=1.08062   ev/simsec=16261.7
     Messages:  created: 6911080   present: 1110   in FES: 126
** Event #6842880   t=464.000139765199   Elapsed: 347.599s (5m 47s)  92% completed  (46% total)
     Speed:     ev/sec=19773.5   simsec/sec=1.38016   ev/simsec=14326.9
     Messages:  created: 6953403   present: 1108   in FES: 126
** Event #6886400   t=466.954415516317   Elapsed: 349.6s (5m 49s)  93% completed  (46% total)
     Speed:     ev/sec=21755.3   simsec/sec=1.47682   ev/simsec=14731.2
     Messages:  created: 6998390   present: 1112   in FES: 126
** Event #6927616   t=469.42516700419   Elapsed: 351.6s (5m 51s)  93% completed  (46% total)
     Speed:     ev/sec=20605.4   simsec/sec=1.23522   ev/simsec=16681.6
     Messages:  created: 7040857   present: 1116   in FES: 127
** Event #6970112   t=472.385241373921   Elapsed: 353.622s (5m 53s)  94% completed  (47% total)
     Speed:     ev/sec=21016.7   simsec/sec=1.46393   ev/simsec=14356.4
     Messages:  created: 7084919   present: 1059   in FES: 108
** Event #7012096   t=475.37763090598   Elapsed: 355.624s (5m 55s)  95% completed  (47% total)
     Speed:     ev/sec=20971.1   simsec/sec=1.49471   ev/simsec=14030.3
     Messages:  created: 7127968   present: 1023   in FES: 96
** Event #7049472   t=478.12751360317   Elapsed: 357.639s (5m 57s)  95% completed  (47% total)
     Speed:     ev/sec=18549.3   simsec/sec=1.36474   ev/simsec=13591.9
     Messages:  created: 7166218   present: 1095   in FES: 120
** Event #7093760   t=481.454678761721   Elapsed: 359.64s (5m 59s)  96% completed  (48% total)
     Speed:     ev/sec=22133.9   simsec/sec=1.66282   ev/simsec=13311
     Messages:  created: 7210900   present: 1110   in FES: 136
** Event #7133952   t=484.385249194219   Elapsed: 361.648s (6m 01s)  96% completed  (48% total)
     Speed:     ev/sec=20013.4   simsec/sec=1.45926   ev/simsec=13714.7
     Messages:  created: 7251867   present: 1068   in FES: 111
** Event #7175680   t=487.329094424303   Elapsed: 363.669s (6m 03s)  97% completed  (48% total)
     Speed:     ev/sec=20648.3   simsec/sec=1.45671   ev/simsec=14174.7
     Messages:  created: 7294461   present: 1101   in FES: 122
** Event #7215360   t=490.095324454161   Elapsed: 365.67s (6m 05s)  98% completed  (49% total)
     Speed:     ev/sec=19831.2   simsec/sec=1.3825   ev/simsec=14344.4
     Messages:  created: 7335061   present: 1122   in FES: 123
** Event #7254272   t=493.08839906634   Elapsed: 367.671s (6m 07s)  98% completed  (49% total)
     Speed:     ev/sec=19442.3   simsec/sec=1.49548   ev/simsec=13000.7
     Messages:  created: 7374223   present: 1095   in FES: 118
** Event #7294464   t=496.097016582363   Elapsed: 369.677s (6m 09s)  99% completed  (49% total)
     Speed:     ev/sec=20037.5   simsec/sec=1.49993   ev/simsec=13359
     Messages:  created: 7415020   present: 1095   in FES: 114
** Event #7334400   t=499.087474379217   Elapsed: 371.681s (6m 11s)  99% completed  (49% total)
     Speed:     ev/sec=19933   simsec/sec=1.4926   ev/simsec=13354.5
     Messages:  created: 7455945   present: 1112   in FES: 123
** Event #7343901   t=500   Elapsed: 372.163s (6m 12s)  100% completed  (50% total)
     Speed:     ev/sec=19690.1   simsec/sec=1.88423   ev/simsec=10450
     Messages:  created: 7466055   present: 1021   in FES: 95

<!> Simulation time limit reached -- at t=500s, event #7343901
undisposed object: (omnetpp::cMessage) FanetStressNetwork.uav[0].app.debugTimer -- check module destructor
undisposed object: (omnetpp::cMessage) FanetStressNetwork.uav[1].app.debugTimer -- check module destructor
undisposed object: (omnetpp::cMessage) FanetStressNetwork.uav[2].app.debugTimer -- check module destructor
undisposed object: (omnetpp::cMessage) FanetStressNetwork.uav[3].app.debugTimer -- check module destructor
undisposed object: (omnetpp::cMessage) FanetStressNetwork.uav[4].app.debugTimer -- check module destructor
undisposed object: (omnetpp::cMessage) FanetStressNetwork.uav[5].app.debugTimer -- check module destructor
undisposed object: (omnetpp::cMessage) FanetStressNetwork.uav[6].app.debugTimer -- check module destructor
undisposed object: (omnetpp::cMessage) FanetStressNetwork.uav[7].app.debugTimer -- check module destructor
undisposed object: (omnetpp::cMessage) FanetStressNetwork.uav[8].app.debugTimer -- check module destructor
undisposed object: (omnetpp::cMessage) FanetStressNetwork.uav[9].app.debugTimer -- check module destructor
undisposed object: (omnetpp::cMessage) FanetStressNetwork.uav[10].app.debugTimer -- check module destructor
undisposed object: (omnetpp::cMessage) FanetStressNetwork.uav[11].app.debugTimer -- check module destructor
undisposed object: (omnetpp::cMessage) FanetStressNetwork.uav[12].app.debugTimer -- check module destructor
undisposed object: (omnetpp::cMessage) FanetStressNetwork.uav[13].app.debugTimer -- check module destructor
undisposed object: (omnetpp::cMessage) FanetStressNetwork.uav[14].app.debugTimer -- check module destructor
undisposed object: (omnetpp::cMessage) FanetStressNetwork.uav[15].app.debugTimer -- check module destructor
undisposed object: (omnetpp::cMessage) FanetStressNetwork.uav[16].app.debugTimer -- check module destructor
undisposed object: (omnetpp::cMessage) FanetStressNetwork.uav[17].app.debugTimer -- check module destructor
undisposed object: (omnetpp::cMessage) FanetStressNetwork.uav[18].app.debugTimer -- check module destructor
undisposed object: (omnetpp::cMessage) FanetStressNetwork.uav[19].app.debugTimer -- check module destructor
undisposed object: (omnetpp::cMessage) FanetStressNetwork.uav[20].app.debugTimer -- check module destructor
undisposed object: (omnetpp::cMessage) FanetStressNetwork.uav[21].app.debugTimer -- check module destructor
undisposed object: (omnetpp::cMessage) FanetStressNetwork.uav[22].app.debugTimer -- check module destructor
undisposed object: (omnetpp::cMessage) FanetStressNetwork.uav[23].app.debugTimer -- check module destructor
undisposed object: (omnetpp::cMessage) FanetStressNetwork.uav[24].app.debugTimer -- check module destructor
undisposed object: (omnetpp::cMessage) FanetStressNetwork.uav[25].app.debugTimer -- check module destructor
undisposed object: (omnetpp::cMessage) FanetStressNetwork.uav[26].app.debugTimer -- check module destructor
undisposed object: (omnetpp::cMessage) FanetStressNetwork.uav[27].app.debugTimer -- check module destructor
undisposed object: (omnetpp::cMessage) FanetStressNetwork.uav[28].app.debugTimer -- check module destructor
undisposed object: (omnetpp::cMessage) FanetStressNetwork.uav[29].app.debugTimer -- check module destructor
