** Event #0   t=0   Elapsed: 2.3e-05s (0m 00s)  0% completed  (0% total)
     Speed:     ev/sec=0   simsec/sec=0   ev/simsec=0
     Messages:  created: 1081   present: 1081   in FES: 161
** Event #45824   t=5.056448932611   Elapsed: 2.00235s (0m 02s)  1% completed  (0% total)
     Speed:     ev/sec=22886   simsec/sec=2.5253   ev/simsec=9062.68
     Messages:  created: 36199   present: 1062   in FES: 109
** Event #84992   t=9.022915096992   Elapsed: 4.01781s (0m 04s)  1% completed  (0% total)
     Speed:     ev/sec=19433.6   simsec/sec=1.968   ev/simsec=9874.78
     Messages:  created: 66271   present: 1121   in FES: 124
** Event #119296   t=12.076168257273   Elapsed: 6.0206s (0m 06s)  2% completed  (1% total)
     Speed:     ev/sec=17128.1   simsec/sec=1.5245   ev/simsec=11235.2
     Messages:  created: 93078   present: 1118   in FES: 125
** Event #147968   t=15.039119121918   Elapsed: 8.03791s (0m 08s)  3% completed  (1% total)
     Speed:     ev/sec=14213.1   simsec/sec=1.46877   ev/simsec=9676.84
     Messages:  created: 115118   present: 1075   in FES: 110
** Event #175104   t=17.383709904886   Elapsed: 10.0628s (0m 10s)  3% completed  (1% total)
     Speed:     ev/sec=13401   simsec/sec=1.15786   ev/simsec=11573.9
     Messages:  created: 136032   present: 1089   in FES: 118
** Event #206080   t=20.458925937966   Elapsed: 12.0691s (0m 12s)  4% completed  (2% total)
     Speed:     ev/sec=15439.3   simsec/sec=1.53278   ev/simsec=10072.8
     Messages:  created: 159982   present: 1107   in FES: 124
** Event #235776   t=23.458922560099   Elapsed: 14.0795s (0m 14s)  4% completed  (2% total)
     Speed:     ev/sec=14771.3   simsec/sec=1.49225   ev/simsec=9898.68
     Messages:  created: 183252   present: 1099   in FES: 122
** Event #266752   t=27.021719462533   Elapsed: 16.086s (0m 16s)  5% completed  (2% total)
     Speed:     ev/sec=15437.9   simsec/sec=1.77563   ev/simsec=8694.29
     Messages:  created: 207666   present: 1057   in FES: 104
** Event #297728   t=30.050243636364   Elapsed: 18.0873s (0m 18s)  6% completed  (3% total)
     Speed:     ev/sec=15477.9   simsec/sec=1.51328   ev/simsec=10228.1
     Messages:  created: 232420   present: 1097   in FES: 120
** Event #328960   t=33.157283669252   Elapsed: 20.0932s (0m 20s)  6% completed  (3% total)
     Speed:     ev/sec=15570.1   simsec/sec=1.54896   ev/simsec=10052
     Messages:  created: 257737   present: 1085   in FES: 126
** Event #361984   t=37.027517581362   Elapsed: 22.1077s (0m 22s)  7% completed  (3% total)
     Speed:     ev/sec=16393   simsec/sec=1.92117   ev/simsec=8532.82
     Messages:  created: 284191   present: 1115   in FES: 124
** Event #395520   t=40.146780916886   Elapsed: 24.1239s (0m 24s)  8% completed  (4% total)
     Speed:     ev/sec=16633.8   simsec/sec=1.54715   ev/simsec=10751.3
     Messages:  created: 311203   present: 1112   in FES: 126
** Event #425984   t=43.232242662131   Elapsed: 26.1267s (0m 26s)  8% completed  (4% total)
     Speed:     ev/sec=15210.6   simsec/sec=1.54056   ev/simsec=9873.4
     Messages:  created: 335194   present: 1095   in FES: 120
** Event #454912   t=46.08217794346   Elapsed: 28.1318s (0m 28s)  9% completed  (4% total)
     Speed:     ev/sec=14426.8   simsec/sec=1.4213   ev/simsec=10150.4
     Messages:  created: 357471   present: 1104   in FES: 121
** Event #480768   t=49.013099611667   Elapsed: 30.133s (0m 30s)  9% completed  (4% total)
     Speed:     ev/sec=12920.4   simsec/sec=1.46459   ev/simsec=8821.8
     Messages:  created: 376938   present: 1026   in FES: 97
** Event #509440   t=51.283354480219   Elapsed: 32.1456s (0m 32s)  10% completed  (5% total)
     Speed:     ev/sec=14246.2   simsec/sec=1.12801   ev/simsec=12629.4
     Messages:  created: 399208   present: 1047   in FES: 104
** Event #537856   t=54.08218215622   Elapsed: 34.1499s (0m 34s)  10% completed  (5% total)
     Speed:     ev/sec=14177.7   simsec/sec=1.39643   ev/simsec=10152.8
     Messages:  created: 420971   present: 1095   in FES: 118
** Event #564224   t=57.020102162571   Elapsed: 36.1516s (0m 36s)  11% completed  (5% total)
     Speed:     ev/sec=13172.8   simsec/sec=1.46771   ev/simsec=8975.06
     Messages:  created: 441041   present: 1081   in FES: 112
** Event #592128   t=59.329980482207   Elapsed: 38.1776s (0m 38s)  11% completed  (5% total)
     Speed:     ev/sec=13773   simsec/sec=1.14012   ev/simsec=12080.3
     Messages:  created: 462587   present: 1096   in FES: 121
** Event #621056   t=62.125239311077   Elapsed: 40.1792s (0m 40s)  12% completed  (6% total)
     Speed:     ev/sec=14452.1   simsec/sec=1.39648   ev/simsec=10349
     Messages:  created: 484873   present: 1102   in FES: 123
** Event #647936   t=65.039614756922   Elapsed: 42.1933s (0m 42s)  13% completed  (6% total)
     Speed:     ev/sec=13346.3   simsec/sec=1.44703   ev/simsec=9223.25
     Messages:  created: 505540   present: 1114   in FES: 126
** Event #677632   t=68.036478940756   Elapsed: 44.1992s (0m 44s)  13% completed  (6% total)
     Speed:     ev/sec=14804.5   simsec/sec=1.49405   ev/simsec=9909.02
     Messages:  created: 528627   present: 1056   in FES: 103
** Event #707072   t=71.036484536635   Elapsed: 46.2117s (0m 46s)  14% completed  (7% total)
     Speed:     ev/sec=14628.4   simsec/sec=1.49067   ev/simsec=9813.32
     Messages:  created: 551787   present: 1104   in FES: 119
** Event #736000   t=74.030869213879   Elapsed: 48.2189s (0m 48s)  14% completed  (7% total)
     Speed:     ev/sec=14411.9   simsec/sec=1.4918   ev/simsec=9660.75
     Messages:  created: 574409   present: 1113   in FES: 123
** Event #766720   t=77.039111733074   Elapsed: 50.2237s (0m 50s)  15% completed  (7% total)
     Speed:     ev/sec=15323.7   simsec/sec=1.50057   ev/simsec=10211.9
     Messages:  created: 598420   present: 1053   in FES: 102
** Event #798464   t=80.146743628662   Elapsed: 52.2407s (0m 52s)  16% completed  (8% total)
     Speed:     ev/sec=15737.7   simsec/sec=1.54067   ev/simsec=10214.9
     Messages:  created: 624084   present: 1022   in FES: 96
** Event #829440   t=83.4589657163   Elapsed: 54.2467s (0m 54s)  16% completed  (8% total)
     Speed:     ev/sec=15441.5   simsec/sec=1.65114   ev/simsec=9352.03
     Messages:  created: 649056   present: 1108   in FES: 125
** Event #863488   t=87.081952094064   Elapsed: 56.253s (0m 56s)  17% completed  (8% total)
     Speed:     ev/sec=16970.9   simsec/sec=1.80584   ev/simsec=9397.77
     Messages:  created: 676454   present: 1114   in FES: 125
** Event #896256   t=90.470506513529   Elapsed: 58.2594s (0m 58s)  18% completed  (9% total)
     Speed:     ev/sec=16331.4   simsec/sec=1.68884   ev/simsec=9670.2
     Messages:  created: 702551   present: 1089   in FES: 126
** Event #931840   t=94.084509155102   Elapsed: 60.2658s (1m 00s)  18% completed  (9% total)
     Speed:     ev/sec=17736   simsec/sec=1.80131   ev/simsec=9846.15
     Messages:  created: 730584   present: 1083   in FES: 114
** Event #962816   t=97.223531737207   Elapsed: 62.2863s (1m 02s)  19% completed  (9% total)
     Speed:     ev/sec=15330.5   simsec/sec=1.55355   ev/simsec=9868.04
     Messages:  created: 754975   present: 1096   in FES: 121
** Event #993280   t=100.224463855328   Elapsed: 64.287s (1m 04s)  20% completed  (10% total)
     Speed:     ev/sec=15227   simsec/sec=1.49998   ev/simsec=10151.5
     Messages:  created: 778905   present: 1030   in FES: 99
** Event #1026560   t=102.470601364757   Elapsed: 66.3057s (1m 06s)  20% completed  (10% total)
     Speed:     ev/sec=16485.7   simsec/sec=1.11265   ev/simsec=14816.5
     Messages:  created: 810583   present: 1053   in FES: 106
** Event #1064704   t=105.072748707124   Elapsed: 68.3084s (1m 08s)  21% completed  (10% total)
     Speed:     ev/sec=19046.2   simsec/sec=1.29932   ev/simsec=14658.7
     Messages:  created: 847618   present: 1112   in FES: 123
** Event #1097216   t=107.232223027108   Elapsed: 70.3155s (1m 10s)  21% completed  (10% total)
     Speed:     ev/sec=16198.2   simsec/sec=1.0759   ev/simsec=15055.5
     Messages:  created: 878664   present: 1106   in FES: 121
** Event #1129216   t=109.395339545971   Elapsed: 72.331s (1m 12s)  21% completed  (10% total)
     Speed:     ev/sec=15877.2   simsec/sec=1.07326   ev/simsec=14793.5
     Messages:  created: 909395   present: 1063   in FES: 110
** Event #1164544   t=112.039728222241   Elapsed: 74.3397s (1m 14s)  22% completed  (11% total)
     Speed:     ev/sec=17587.3   simsec/sec=1.31645   ev/simsec=13359.6
     Messages:  created: 944086   present: 1074   in FES: 109
** Event #1198080   t=114.111627881141   Elapsed: 76.3451s (1m 16s)  22% completed  (11% total)
     Speed:     ev/sec=16723.2   simsec/sec=1.03318   ev/simsec=16186.1
     Messages:  created: 976535   present: 1086   in FES: 117
** Event #1236480   t=116.349349421586   Elapsed: 78.349s (1m 18s)  23% completed  (11% total)
     Speed:     ev/sec=19162.7   simsec/sec=1.11669   ev/simsec=17160.3
     Messages:  created: 1015795   present: 1108   in FES: 127
** Event #1274368   t=119.023431802327   Elapsed: 80.3623s (1m 20s)  23% completed  (11% total)
     Speed:     ev/sec=18818.8   simsec/sec=1.3282   ev/simsec=14168.6
     Messages:  created: 1054688   present: 1094   in FES: 115
** Event #1313280   t=121.234455826345   Elapsed: 82.37s (1m 22s)  24% completed  (12% total)
     Speed:     ev/sec=19381.2   simsec/sec=1.10126   ev/simsec=17599.1
     Messages:  created: 1093772   present: 1027   in FES: 96
** Event #1353472   t=124.026744147047   Elapsed: 84.3716s (1m 24s)  24% completed  (12% total)
     Speed:     ev/sec=20080   simsec/sec=1.39504   ev/simsec=14393.9
     Messages:  created: 1135386   present: 1120   in FES: 123
** Event #1390592   t=126.146842691688   Elapsed: 86.3863s (1m 26s)  25% completed  (12% total)
     Speed:     ev/sec=18424.1   simsec/sec=1.05229   ev/simsec=17508.6
     Messages:  created: 1172361   present: 1078   in FES: 115
** Event #1423104   t=128.232214714593   Elapsed: 88.3936s (1m 28s)  25% completed  (12% total)
     Speed:     ev/sec=16196.9   simsec/sec=1.0389   ev/simsec=15590.5
     Messages:  created: 1205340   present: 1115   in FES: 124
** Event #1461504   t=130.57837631462   Elapsed: 90.3939s (1m 30s)  26% completed  (13% total)
     Speed:     ev/sec=19197   simsec/sec=1.1729   ev/simsec=16367.2
     Messages:  created: 1244824   present: 1059   in FES: 120
** Event #1499648   t=133.024357811998   Elapsed: 92.397s (1m 32s)  26% completed  (13% total)
     Speed:     ev/sec=19042.6   simsec/sec=1.2211   ev/simsec=15594.6
     Messages:  created: 1284472   present: 1115   in FES: 147
** Event #1539840   t=135.205704178484   Elapsed: 94.4039s (1m 34s)  27% completed  (13% total)
     Speed:     ev/sec=20027.1   simsec/sec=1.08694   ev/simsec=18425.3
     Messages:  created: 1324738   present: 1021   in FES: 95
** Event #1580032   t=138.023386530883   Elapsed: 96.4066s (1m 36s)  27% completed  (13% total)
     Speed:     ev/sec=20068.7   simsec/sec=1.40693   ev/simsec=14264.2
     Messages:  created: 1365450   present: 1088   in FES: 128
** Event #1617408   t=140.236010997267   Elapsed: 98.4299s (1m 38s)  28% completed  (14% total)
     Speed:     ev/sec=18473.5   simsec/sec=1.09361   ev/simsec=16892.2
     Messages:  created: 1401893   present: 1093   in FES: 126
** Event #1652224   t=142.473525749248   Elapsed: 100.45s (1m 40s)  28% completed  (14% total)
     Speed:     ev/sec=17232.5   simsec/sec=1.10748   ev/simsec=15560.1
     Messages:  created: 1436616   present: 1106   in FES: 150
** Event #1696000   t=145.327457297734   Elapsed: 102.452s (1m 42s)  29% completed  (14% total)
     Speed:     ev/sec=21871.1   simsec/sec=1.42587   ev/simsec=15338.8
     Messages:  created: 1480873   present: 1045   in FES: 127
** Event #1747456   t=149.021698430054   Elapsed: 104.452s (1m 44s)  29% completed  (14% total)
     Speed:     ev/sec=25723.3   simsec/sec=1.84678   ev/simsec=13928.7
     Messages:  created: 1533084   present: 1107   in FES: 120
** Event #1806080   t=152.327133905536   Elapsed: 106.455s (1m 46s)  30% completed  (15% total)
     Speed:     ev/sec=29264.2   simsec/sec=1.65002   ev/simsec=17735.6
     Messages:  created: 1593242   present: 1092   in FES: 126
** Event #1856256   t=155.470620579511   Elapsed: 108.469s (1m 48s)  31% completed  (15% total)
     Speed:     ev/sec=24922.7   simsec/sec=1.56139   ev/simsec=15961.9
     Messages:  created: 1644027   present: 1066   in FES: 111
** Event #1903104   t=158.344462447361   Elapsed: 110.489s (1m 50s)  31% completed  (15% total)
     Speed:     ev/sec=23185.7   simsec/sec=1.42231   ev/simsec=16301.5
     Messages:  created: 1691243   present: 1078   in FES: 115
** Event #1952000   t=161.519261222054   Elapsed: 112.492s (1m 52s)  32% completed  (16% total)
     Speed:     ev/sec=24414.1   simsec/sec=1.5852   ev/simsec=15401.3
     Messages:  created: 1739415   present: 1021   in FES: 95
** Event #2005248   t=165.019463050066   Elapsed: 114.497s (1m 54s)  33% completed  (16% total)
     Speed:     ev/sec=26558   simsec/sec=1.74576   ev/simsec=15212.8
     Messages:  created: 1793901   present: 1110   in FES: 126
** Event #2048768   t=167.361400301275   Elapsed: 116.499s (1m 56s)  33% completed  (16% total)
     Speed:     ev/sec=21734.5   simsec/sec=1.16959   ev/simsec=18582.9
     Messages:  created: 1836999   present: 1062   in FES: 109
** Event #2092544   t=170.15737360289   Elapsed: 118.502s (1m 58s)  34% completed  (17% total)
     Speed:     ev/sec=21853.6   simsec/sec=1.39579   ev/simsec=15656.8
     Messages:  created: 1879794   present: 1105   in FES: 124
** Event #2134528   t=173.027463158499   Elapsed: 120.509s (2m 00s)  34% completed  (17% total)
     Speed:     ev/sec=20922.7   simsec/sec=1.4303   ev/simsec=14628.1
     Messages:  created: 1921207   present: 1041   in FES: 98
** Event #2174208   t=175.107642580184   Elapsed: 122.51s (2m 02s)  35% completed  (17% total)
     Speed:     ev/sec=19828.6   simsec/sec=1.03949   ev/simsec=19075.3
     Messages:  created: 1959300   present: 1057   in FES: 108
** Event #2214400   t=177.973558327305   Elapsed: 124.511s (2m 04s)  35% completed  (17% total)
     Speed:     ev/sec=20091.1   simsec/sec=1.43261   ev/simsec=14024.1
     Messages:  created: 1999312   present: 1076   in FES: 121
** Event #2258176   t=180.383595211199   Elapsed: 126.513s (2m 06s)  36% completed  (18% total)
     Speed:     ev/sec=21867.9   simsec/sec=1.20391   ev/simsec=18164
     Messages:  created: 2041121   present: 1024   in FES: 97
** Event #2303488   t=183.273386100242   Elapsed: 128.525s (2m 08s)  36% completed  (18% total)
     Speed:     ev/sec=22520.9   simsec/sec=1.43628   ev/simsec=15680
     Messages:  created: 2085126   present: 1101   in FES: 127
** Event #2339840   t=185.473524525587   Elapsed: 130.539s (2m 10s)  37% completed  (18% total)
     Speed:     ev/sec=18042   simsec/sec=1.09196   ev/simsec=16522.6
     Messages:  created: 2121119   present: 1095   in FES: 152
** Event #2387200   t=188.236116238841   Elapsed: 132.554s (2m 12s)  37% completed  (18% total)
     Speed:     ev/sec=23513.5   simsec/sec=1.37158   ev/simsec=17143.3
     Messages:  created: 2168146   present: 1100   in FES: 121
** Event #2428928   t=191.015445807524   Elapsed: 134.559s (2m 14s)  38% completed  (19% total)
     Speed:     ev/sec=20804.2   simsec/sec=1.38568   ev/simsec=15013.7
     Messages:  created: 2210806   present: 1098   in FES: 119
** Event #2477056   t=193.86089034603   Elapsed: 136.563s (2m 16s)  38% completed  (19% total)
     Speed:     ev/sec=24017.9   simsec/sec=1.41999   ev/simsec=16914.1
     Messages:  created: 2258352   present: 1021   in FES: 95
** Event #2520576   t=196.306892307245   Elapsed: 138.564s (2m 18s)  39% completed  (19% total)
     Speed:     ev/sec=21751.1   simsec/sec=1.2225   ev/simsec=17792.3
     Messages:  created: 2300179   present: 1105   in FES: 120
** Event #2560256   t=199.035798134166   Elapsed: 140.574s (2m 20s)  39% completed  (19% total)
     Speed:     ev/sec=19745.3   simsec/sec=1.35794   ev/simsec=14540.6
     Messages:  created: 2339612   present: 1100   in FES: 119
** Event #2607616   t=202.039712921831   Elapsed: 142.577s (2m 22s)  40% completed  (20% total)
     Speed:     ev/sec=23643.5   simsec/sec=1.49964   ev/simsec=15766.1
     Messages:  created: 2386628   present: 1049   in FES: 100
** Event #2655232   t=205.035597271577   Elapsed: 144.599s (2m 24s)  41% completed  (20% total)
     Speed:     ev/sec=23542.5   simsec/sec=1.48124   ev/simsec=15893.8
     Messages:  created: 2434748   present: 1113   in FES: 126
** Event #2706432   t=208.157374620193   Elapsed: 146.606s (2m 26s)  41% completed  (20% total)
     Speed:     ev/sec=25507.1   simsec/sec=1.55522   ev/simsec=16400.9
     Messages:  created: 2484886   present: 1086   in FES: 117
** Event #2758656   t=212.036207992145   Elapsed: 148.609s (2m 28s)  42% completed  (21% total)
     Speed:     ev/sec=26083   simsec/sec=1.93726   ev/simsec=13463.8
     Messages:  created: 2536437   present: 1121   in FES: 126
** Event #2794752   t=214.344457970825   Elapsed: 150.628s (2m 30s)  42% completed  (21% total)
     Speed:     ev/sec=17874.5   simsec/sec=1.14303   ev/simsec=15637.8
     Messages:  created: 2571402   present: 1081   in FES: 116
** Event #2836224   t=217.273431887495   Elapsed: 152.634s (2m 32s)  43% completed  (21% total)
     Speed:     ev/sec=20671   simsec/sec=1.45989   ev/simsec=14159.2
     Messages:  created: 2611661   present: 1067   in FES: 110
** Event #2880256   t=220.326922816628   Elapsed: 154.637s (2m 34s)  44% completed  (22% total)
     Speed:     ev/sec=21989.8   simsec/sec=1.52493   ev/simsec=14420.2
     Messages:  created: 2654726   present: 1103   in FES: 131
** Event #2929152   t=224.021722593831   Elapsed: 156.644s (2m 36s)  44% completed  (22% total)
     Speed:     ev/sec=24357.7   simsec/sec=1.84058   ev/simsec=13233.7
     Messages:  created: 2702542   present: 1099   in FES: 118
** Event #2981376   t=227.180451203174   Elapsed: 158.653s (2m 38s)  45% completed  (22% total)
     Speed:     ev/sec=25993.1   simsec/sec=1.57217   ev/simsec=16533.2
     Messages:  created: 2754110   present: 1102   in FES: 123
** Event #3025664   t=230.157377940335   Elapsed: 160.708s (2m 40s)  46% completed  (23% total)
     Speed:     ev/sec=21555.1   simsec/sec=1.44888   ev/simsec=14877.1
     Messages:  created: 2798635   present: 1096   in FES: 121
** Event #3075840   t=233.723558586516   Elapsed: 162.709s (2m 42s)  46% completed  (23% total)
     Speed:     ev/sec=25072.6   simsec/sec=1.78199   ev/simsec=14070
     Messages:  created: 2849311   present: 1114   in FES: 134
** Event #3122688   t=237.015446021487   Elapsed: 164.716s (2m 44s)  47% completed  (23% total)
     Speed:     ev/sec=23340.3   simsec/sec=1.64006   ev/simsec=14231.3
     Messages:  created: 2896730   present: 1074   in FES: 111
** Event #3163904   t=239.470595449857   Elapsed: 166.732s (2m 46s)  47% completed  (23% total)
     Speed:     ev/sec=20452.3   simsec/sec=1.2183   ev/simsec=16787.6
     Messages:  created: 2937930   present: 1107   in FES: 124
** Event #3214080   t=243.045323644247   Elapsed: 168.736s (2m 48s)  48% completed  (24% total)
     Speed:     ev/sec=25037.2   simsec/sec=1.78374   ev/simsec=14036.3
     Messages:  created: 2989189   present: 1099   in FES: 118
** Event #3267072   t=246.232230795204   Elapsed: 170.744s (2m 50s)  49% completed  (24% total)
     Speed:     ev/sec=26392.3   simsec/sec=1.58722   ev/simsec=16628
     Messages:  created: 3043455   present: 1102   in FES: 121
** Event #3314688   t=249.283223166945   Elapsed: 172.749s (2m 52s)  49% completed  (24% total)
     Speed:     ev/sec=23740.5   simsec/sec=1.52117   ev/simsec=15606.7
     Messages:  created: 3091557   present: 1034   in FES: 97
** Event #3364608   t=252.395226731591   Elapsed: 174.758s (2m 54s)  50% completed  (25% total)
     Speed:     ev/sec=24849.4   simsec/sec=1.54911   ev/simsec=16041.1
     Messages:  created: 3142142   present: 1112   in FES: 126
** Event #3407872   t=255.076115113758   Elapsed: 176.761s (2m 56s)  51% completed  (25% total)
     Speed:     ev/sec=21601.3   simsec/sec=1.33854   ev/simsec=16137.9
     Messages:  created: 3185836   present: 1100   in FES: 126
** Event #3451904   t=258.008929379586   Elapsed: 178.765s (2m 58s)  51% completed  (25% total)
     Speed:     ev/sec=21971.3   simsec/sec=1.46343   ev/simsec=15013.6
     Messages:  created: 3230217   present: 1074   in FES: 113
** Event #3487232   t=260.023431992281   Elapsed: 180.769s (3m 00s)  52% completed  (26% total)
     Speed:     ev/sec=17630.3   simsec/sec=1.00533   ev/simsec=17536.8
     Messages:  created: 3265017   present: 1062   in FES: 105
** Event #3529472   t=262.281964136562   Elapsed: 182.776s (3m 02s)  52% completed  (26% total)
     Speed:     ev/sec=21042.6   simsec/sec=1.12513   ev/simsec=18702.4
     Messages:  created: 3306133   present: 1052   in FES: 103
** Event #3570944   t=265.035289210794   Elapsed: 184.784s (3m 04s)  53% completed  (26% total)
     Speed:     ev/sec=20653.3   simsec/sec=1.37117   ev/simsec=15062.5
     Messages:  created: 3347463   present: 1090   in FES: 116
** Event #3612416   t=267.470635783568   Elapsed: 186.786s (3m 06s)  53% completed  (26% total)
     Speed:     ev/sec=20722.6   simsec/sec=1.21689   ev/simsec=17029.2
     Messages:  created: 3387352   present: 1108   in FES: 125
** Event #3656704   t=270.271745898779   Elapsed: 188.803s (3m 08s)  54% completed  (27% total)
     Speed:     ev/sec=21953.2   simsec/sec=1.38848   ev/simsec=15810.9
     Messages:  created: 3430633   present: 1066   in FES: 111
** Event #3695360   t=273.021731566721   Elapsed: 190.807s (3m 10s)  54% completed  (27% total)
     Speed:     ev/sec=19284.4   simsec/sec=1.37189   ev/simsec=14056.8
     Messages:  created: 3469405   present: 1041   in FES: 98
** Event #3730944   t=275.157355094687   Elapsed: 192.81s (3m 12s)  55% completed  (27% total)
     Speed:     ev/sec=17772.5   simsec/sec=1.06664   ev/simsec=16662.1
     Messages:  created: 3503417   present: 1077   in FES: 114
** Event #3776256   t=278.273385346807   Elapsed: 194.816s (3m 14s)  55% completed  (27% total)
     Speed:     ev/sec=22589.2   simsec/sec=1.55342   ev/simsec=14541.6
     Messages:  created: 3547993   present: 1114   in FES: 128
** Event #3826944   t=281.831761761052   Elapsed: 196.82s (3m 16s)  56% completed  (28% total)
     Speed:     ev/sec=25286.6   simsec/sec=1.77516   ev/simsec=14244.7
     Messages:  created: 3599416   present: 1091   in FES: 110
** Event #3875584   t=284.383670794199   Elapsed: 198.834s (3m 18s)  56% completed  (28% total)
     Speed:     ev/sec=24157.4   simsec/sec=1.26742   ev/simsec=19060.2
     Messages:  created: 3649552   present: 1098   in FES: 121
** Event #3928832   t=288.068607149877   Elapsed: 200.838s (3m 20s)  57% completed  (28% total)
     Speed:     ev/sec=26570.4   simsec/sec=1.83876   ev/simsec=14450.2
     Messages:  created: 3702101   present: 1093   in FES: 118
** Event #3973120   t=291.070446413849   Elapsed: 202.843s (3m 22s)  58% completed  (29% total)
     Speed:     ev/sec=22086.9   simsec/sec=1.49705   ev/simsec=14753.6
     Messages:  created: 3745172   present: 1028   in FES: 97
** Event #4008704   t=293.281931102112   Elapsed: 204.849s (3m 24s)  58% completed  (29% total)
     Speed:     ev/sec=17735.1   simsec/sec=1.1022   ev/simsec=16090.5
     Messages:  created: 3779806   present: 1113   in FES: 124
** Event #4056576   t=296.271765400664   Elapsed: 206.864s (3m 26s)  59% completed  (29% total)
     Speed:     ev/sec=23764.3   simsec/sec=1.4842   ev/simsec=16011.6
     Messages:  created: 3826755   present: 1087   in FES: 118
** Event #4097024   t=299.031335334077   Elapsed: 208.871s (3m 28s)  59% completed  (29% total)
     Speed:     ev/sec=20149.4   simsec/sec=1.3747   ev/simsec=14657.4
     Messages:  created: 3866961   present: 1095   in FES: 114
** Event #4133120   t=301.086637236419   Elapsed: 210.874s (3m 30s)  60% completed  (30% total)
     Speed:     ev/sec=18019.3   simsec/sec=1.02602   ev/simsec=17562.4
     Messages:  created: 3901758   present: 1095   in FES: 116
** Event #4175616   t=304.023388400113   Elapsed: 212.887s (3m 32s)  60% completed  (30% total)
     Speed:     ev/sec=21113.7   simsec/sec=1.45909   ev/simsec=14470.4
     Messages:  created: 3944464   present: 1043   in FES: 109
** Event #4216320   t=306.305954355613   Elapsed: 214.889s (3m 34s)  61% completed  (30% total)
     Speed:     ev/sec=20328.3   simsec/sec=1.13995   ev/simsec=17832.6
     Messages:  created: 3984774   present: 1115   in FES: 131
** Event #4260352   t=309.300704039353   Elapsed: 216.889s (3m 36s)  61% completed  (30% total)
     Speed:     ev/sec=22015.8   simsec/sec=1.49736   ev/simsec=14703.1
     Messages:  created: 4028530   present: 1112   in FES: 126
** Event #4317440   t=313.125142835473   Elapsed: 218.902s (3m 38s)  62% completed  (31% total)
     Speed:     ev/sec=28365   simsec/sec=1.90023   ev/simsec=14927.2
     Messages:  created: 4085761   present: 1106   in FES: 126
** Event #4363008   t=316.236096497591   Elapsed: 220.908s (3m 40s)  63% completed  (31% total)
     Speed:     ev/sec=22711.7   simsec/sec=1.55054   ev/simsec=14647.6
     Messages:  created: 4130553   present: 1100   in FES: 121
** Event #4403968   t=319.079333543698   Elapsed: 222.919s (3m 42s)  63% completed  (31% total)
     Speed:     ev/sec=20365.5   simsec/sec=1.41367   ev/simsec=14406.1
     Messages:  created: 4170487   present: 1072   in FES: 109
** Event #4445696   t=322.071206551672   Elapsed: 224.922s (3m 44s)  64% completed  (32% total)
     Speed:     ev/sec=20840.9   simsec/sec=1.49428   ev/simsec=13947.1
     Messages:  created: 4210060   present: 1074   in FES: 111
** Event #4483072   t=325.021715511233   Elapsed: 226.932s (3m 46s)  65% completed  (32% total)
     Speed:     ev/sec=18588.4   simsec/sec=1.46739   ev/simsec=12667.6
     Messages:  created: 4245354   present: 1069   in FES: 108
** Event #4526080   t=327.973689726889   Elapsed: 228.934s (3m 48s)  65% completed  (32% total)
     Speed:     ev/sec=21489.6   simsec/sec=1.475   ev/simsec=14569.2
     Messages:  created: 4287002   present: 1102   in FES: 126
** Event #4568576   t=330.361434528019   Elapsed: 230.944s (3m 50s)  66% completed  (33% total)
     Speed:     ev/sec=21135.1   simsec/sec=1.18753   ev/simsec=17797.5
     Messages:  created: 4327132   present: 1105   in FES: 124
** Event #4607488   t=333.030960882958   Elapsed: 232.95s (3m 52s)  66% completed  (33% total)
     Speed:     ev/sec=19400.2   simsec/sec=1.33093   ev/simsec=14576.4
     Messages:  created: 4365395   present: 1111   in FES: 126
** Event #4643840   t=335.111643729845   Elapsed: 234.963s (3m 54s)  67% completed  (33% total)
     Speed:     ev/sec=18057.7   simsec/sec=1.03357   ev/simsec=17471.2
     Messages:  created: 4400176   present: 1085   in FES: 116
** Event #4675584   t=337.146854084402   Elapsed: 236.972s (3m 56s)  67% completed  (33% total)
     Speed:     ev/sec=15799.6   simsec/sec=1.01296   ev/simsec=15597.4
     Messages:  created: 4431301   present: 1101   in FES: 122
** Event #4710912   t=339.523386249461   Elapsed: 238.98s (3m 58s)  67% completed  (33% total)
     Speed:     ev/sec=17601.7   simsec/sec=1.18407   ev/simsec=14865.4
     Messages:  created: 4466082   present: 1100   in FES: 127
** Event #4752640   t=342.232132045086   Elapsed: 240.991s (4m 00s)  68% completed  (34% total)
     Speed:     ev/sec=20745   simsec/sec=1.34665   ev/simsec=15404.9
     Messages:  created: 4507162   present: 1032   in FES: 97
** Event #4796160   t=345.223525087538   Elapsed: 243.008s (4m 03s)  69% completed  (34% total)
     Speed:     ev/sec=21576.6   simsec/sec=1.48309   ev/simsec=14548.4
     Messages:  created: 4549746   present: 1092   in FES: 138
** Event #4840448   t=348.180455661303   Elapsed: 245.011s (4m 05s)  69% completed  (34% total)
     Speed:     ev/sec=22107   simsec/sec=1.476   ev/simsec=14977.7
     Messages:  created: 4593193   present: 1093   in FES: 120
** Event #4885760   t=351.088332427276   Elapsed: 247.012s (4m 07s)  70% completed  (35% total)
     Speed:     ev/sec=22654.1   simsec/sec=1.45382   ev/simsec=15582.5
     Messages:  created: 4638932   present: 1120   in FES: 125
** Event #4932864   t=354.232238740595   Elapsed: 249.012s (4m 09s)  70% completed  (35% total)
     Speed:     ev/sec=23542.1   simsec/sec=1.57129   ev/simsec=14982.6
     Messages:  created: 4685634   present: 1093   in FES: 118
** Event #4983808   t=358.013154296521   Elapsed: 251.018s (4m 11s)  71% completed  (35% total)
     Speed:     ev/sec=25403.3   simsec/sec=1.88536   ev/simsec=13474
     Messages:  created: 4736610   present: 1091   in FES: 118
** Event #5031424   t=361.035269884004   Elapsed: 253.031s (4m 13s)  72% completed  (36% total)
     Speed:     ev/sec=23646   simsec/sec=1.50077   ev/simsec=15755.9
     Messages:  created: 4782925   present: 1066   in FES: 109
** Event #5076480   t=364.045323755786   Elapsed: 255.041s (4m 15s)  72% completed  (36% total)
     Speed:     ev/sec=22420   simsec/sec=1.49781   ev/simsec=14968.5
     Messages:  created: 4826093   present: 1095   in FES: 116
** Event #5127936   t=367.344478683621   Elapsed: 257.043s (4m 17s)  73% completed  (36% total)
     Speed:     ev/sec=25705.8   simsec/sec=1.64815   ev/simsec=15596.7
     Messages:  created: 4875147   present: 1045   in FES: 104
** Event #5176320   t=370.458946206903   Elapsed: 259.052s (4m 19s)  74% completed  (37% total)
     Speed:     ev/sec=24076.9   simsec/sec=1.54982   ev/simsec=15535.2
     Messages:  created: 4921768   present: 1105   in FES: 124
** Event #5229568   t=374.026773328524   Elapsed: 261.075s (4m 21s)  74% completed  (37% total)
     Speed:     ev/sec=26327.8   simsec/sec=1.76407   ev/simsec=14924.5
     Messages:  created: 4974241   present: 1054   in FES: 101
** Event #5266944   t=376.232250453037   Elapsed: 263.08s (4m 23s)  75% completed  (37% total)
     Speed:     ev/sec=18642.6   simsec/sec=1.10006   ev/simsec=16946.9
     Messages:  created: 5010612   present: 1107   in FES: 122
** Event #5308416   t=379.026772444529   Elapsed: 265.085s (4m 25s)  75% completed  (37% total)
     Speed:     ev/sec=20684.8   simsec/sec=1.39381   ev/simsec=14840.5
     Messages:  created: 5052833   present: 1104   in FES: 117
** Event #5353472   t=381.551885463597   Elapsed: 267.087s (4m 27s)  76% completed  (38% total)
     Speed:     ev/sec=22504   simsec/sec=1.26121   ev/simsec=17843.2
     Messages:  created: 5097996   present: 1118   in FES: 144
** Event #5391360   t=384.030870025642   Elapsed: 269.09s (4m 29s)  76% completed  (38% total)
     Speed:     ev/sec=18916.5   simsec/sec=1.23769   ev/simsec=15283.7
     Messages:  created: 5137044   present: 1092   in FES: 115
** Event #5429760   t=386.305687590671   Elapsed: 271.091s (4m 31s)  77% completed  (38% total)
     Speed:     ev/sec=19183.7   simsec/sec=1.13644   ev/simsec=16880.5
     Messages:  created: 5174996   present: 1092   in FES: 126
** Event #5470976   t=389.081737028788   Elapsed: 273.092s (4m 33s)  77% completed  (38% total)
     Speed:     ev/sec=20598.9   simsec/sec=1.38741   ev/simsec=14847
     Messages:  created: 5216770   present: 1056   in FES: 112
** Event #5523456   t=393.042038663388   Elapsed: 275.1s (4m 35s)  78% completed  (39% total)
     Speed:     ev/sec=26138.7   simsec/sec=1.9725   ev/simsec=13251.5
     Messages:  created: 5268801   present: 1133   in FES: 126
** Event #5574144   t=395.723558435847   Elapsed: 277.1s (4m 37s)  79% completed  (39% total)
     Speed:     ev/sec=25343.5   simsec/sec=1.34074   ev/simsec=18902.7
     Messages:  created: 5324262   present: 1080   in FES: 117
** Event #5622784   t=399.019954095067   Elapsed: 279.103s (4m 39s)  79% completed  (39% total)
     Speed:     ev/sec=24285.3   simsec/sec=1.64585   ev/simsec=14755.5
     Messages:  created: 5373798   present: 1121   in FES: 126
** Event #5677312   t=402.550924958211   Elapsed: 281.107s (4m 41s)  80% completed  (40% total)
     Speed:     ev/sec=27214.2   simsec/sec=1.76226   ev/simsec=15442.8
     Messages:  created: 5428631   present: 1087   in FES: 127
** Event #5732608   t=406.146822173801   Elapsed: 283.115s (4m 43s)  81% completed  (40% total)
     Speed:     ev/sec=27537.1   simsec/sec=1.79074   ev/simsec=15377.5
     Messages:  created: 5485610   present: 1102   in FES: 123
** Event #5788160   t=410.070967082033   Elapsed: 285.119s (4m 45s)  82% completed  (41% total)
     Speed:     ev/sec=27710.4   simsec/sec=1.95744   ev/simsec=14156.5
     Messages:  created: 5542589   present: 1053   in FES: 104
** Event #5838592   t=413.618902428044   Elapsed: 287.123s (4m 47s)  82% completed  (41% total)
     Speed:     ev/sec=25165.5   simsec/sec=1.77042   ev/simsec=14214.5
     Messages:  created: 5593543   present: 1021   in FES: 95
** Event #5886976   t=417.056245976125   Elapsed: 289.125s (4m 49s)  83% completed  (41% total)
     Speed:     ev/sec=24170.2   simsec/sec=1.71712   ev/simsec=14076
     Messages:  created: 5642740   present: 1111   in FES: 126
** Event #5939200   t=420.800923921527   Elapsed: 291.127s (4m 51s)  84% completed  (42% total)
     Speed:     ev/sec=26095.9   simsec/sec=1.87118   ev/simsec=13946.2
     Messages:  created: 5695568   present: 1104   in FES: 127
** Event #5993216   t=424.329969124612   Elapsed: 293.136s (4m 53s)  84% completed  (42% total)
     Speed:     ev/sec=26876.2   simsec/sec=1.75591   ev/simsec=15306.1
     Messages:  created: 5750079   present: 1068   in FES: 109
** Event #6051840   t=428.348412614566   Elapsed: 295.143s (4m 55s)  85% completed  (42% total)
     Speed:     ev/sec=29211.9   simsec/sec=2.00236   ev/simsec=14588.7
     Messages:  created: 5809787   present: 1074   in FES: 113
** Event #6098944   t=431.800969013501   Elapsed: 297.145s (4m 57s)  86% completed  (43% total)
     Speed:     ev/sec=23525.3   simsec/sec=1.72432   ev/simsec=13643.2
     Messages:  created: 5857077   present: 1113   in FES: 126
** Event #6144768   t=435.031093808661   Elapsed: 299.15s (4m 59s)  87% completed  (43% total)
     Speed:     ev/sec=22864.4   simsec/sec=1.61171   ev/simsec=14186.4
     Messages:  created: 5901678   present: 1116   in FES: 123
** Event #6187776   t=438.008928973127   Elapsed: 301.154s (5m 01s)  87% completed  (43% total)
     Speed:     ev/sec=21455.6   simsec/sec=1.48557   ev/simsec=14442.7
     Messages:  created: 5944650   present: 1098   in FES: 121
** Event #6246912   t=441.065436281644   Elapsed: 303.158s (5m 03s)  88% completed  (44% total)
     Speed:     ev/sec=29512.6   simsec/sec=1.52539   ev/simsec=19347.6
     Messages:  created: 6006992   present: 1125   in FES: 126
** Event #6300416   t=444.45893820635   Elapsed: 305.165s (5m 05s)  88% completed  (44% total)
     Speed:     ev/sec=26658.8   simsec/sec=1.69084   ev/simsec=15766.6
     Messages:  created: 6060798   present: 1099   in FES: 122
** Event #6345728   t=447.523163346807   Elapsed: 307.173s (5m 07s)  89% completed  (44% total)
     Speed:     ev/sec=22564.4   simsec/sec=1.52592   ev/simsec=14787.4
     Messages:  created: 6105802   present: 1022   in FES: 96
** Event #6391296   t=450.473558192723   Elapsed: 309.18s (5m 09s)  90% completed  (45% total)
     Speed:     ev/sec=22701.3   simsec/sec=1.46984   ev/simsec=15444.7
     Messages:  created: 6151077   present: 1112   in FES: 135
** Event #6443008   t=454.036226248618   Elapsed: 311.194s (5m 11s)  90% completed  (45% total)
     Speed:     ev/sec=25674.6   simsec/sec=1.76883   ev/simsec=14515
     Messages:  created: 6202336   present: 1067   in FES: 108
** Event #6493696   t=457.271749606282   Elapsed: 313.209s (5m 13s)  91% completed  (45% total)
     Speed:     ev/sec=25164.7   simsec/sec=1.60632   ev/simsec=15666.1
     Messages:  created: 6250624   present: 1072   in FES: 113
** Event #6538496   t=460.281842625239   Elapsed: 315.219s (5m 15s)  92% completed  (46% total)
     Speed:     ev/sec=22285   simsec/sec=1.49732   ev/simsec=14883.3
     Messages:  created: 6293732   present: 1100   in FES: 126
** Event #6580736   t=462.576880344196   Elapsed: 317.226s (5m 17s)  92% completed  (46% total)
     Speed:     ev/sec=21046.9   simsec/sec=1.14355   ev/simsec=18404.9
     Messages:  created: 6337945   present: 1031   in FES: 118
** Event #6618880   t=465.060554027614   Elapsed: 319.234s (5m 19s)  93% completed  (46% total)
     Speed:     ev/sec=18992   simsec/sec=1.23663   ev/simsec=15357.9
     Messages:  created: 6375616   present: 1119   in FES: 122
** Event #6656768   t=467.470631988979   Elapsed: 321.244s (5m 21s)  93% completed  (46% total)
     Speed:     ev/sec=18848.3   simsec/sec=1.19895   ev/simsec=15720.7
     Messages:  created: 6412702   present: 1102   in FES: 123
** Event #6700800   t=470.305909840066   Elapsed: 323.248s (5m 23s)  94% completed  (47% total)
     Speed:     ev/sec=21982.6   simsec/sec=1.41549   ev/simsec=15530
     Messages:  created: 6456403   present: 1104   in FES: 127
** Event #6746112   t=473.344366080861   Elapsed: 325.251s (5m 25s)  94% completed  (47% total)
     Speed:     ev/sec=22622.5   simsec/sec=1.51698   ev/simsec=14912.8
     Messages:  created: 6502207   present: 1111   in FES: 126
** Event #6800640   t=477.11154047132   Elapsed: 327.266s (5m 27s)  95% completed  (47% total)
     Speed:     ev/sec=27053.2   simsec/sec=1.86902   ev/simsec=14474.5
     Messages:  created: 6557939   present: 1024   in FES: 97
** Event #6847488   t=480.354651949295   Elapsed: 329.266s (5m 29s)  96% completed  (48% total)
     Speed:     ev/sec=23422.2   simsec/sec=1.62143   ev/simsec=14445.4
     Messages:  created: 6606278   present: 1025   in FES: 96
** Event #6894592   t=483.473559167261   Elapsed: 331.281s (5m 31s)  96% completed  (48% total)
     Speed:     ev/sec=23379.6   simsec/sec=1.54804   ev/simsec=15102.7
     Messages:  created: 6654054   present: 1097   in FES: 120
** Event #6935808   t=486.23223815246   Elapsed: 333.293s (5m 33s)  97% completed  (48% total)
     Speed:     ev/sec=20481.4   simsec/sec=1.37087   ev/simsec=14940.5
     Messages:  created: 6694902   present: 1114   in FES: 125
** Event #6981888   t=489.146849854141   Elapsed: 335.297s (5m 35s)  97% completed  (48% total)
     Speed:     ev/sec=22997.2   simsec/sec=1.4546   ev/simsec=15810
     Messages:  created: 6740116   present: 1113   in FES: 125
** Event #7021824   t=492.026651850716   Elapsed: 337.303s (5m 37s)  98% completed  (49% total)
     Speed:     ev/sec=19911.7   simsec/sec=1.43584   ev/simsec=13867.6
     Messages:  created: 6779795   present: 1116   in FES: 126
** Event #7064064   t=494.551041053312   Elapsed: 339.307s (5m 39s)  98% completed  (49% total)
     Speed:     ev/sec=21070.4   simsec/sec=1.25923   ev/simsec=16732.8
     Messages:  created: 6821324   present: 1115   in FES: 126
** Event #7103488   t=497.081976695367   Elapsed: 341.323s (5m 41s)  99% completed  (49% total)
     Speed:     ev/sec=19561.4   simsec/sec=1.2558   ev/simsec=15576.8
     Messages:  created: 6860203   present: 1094   in FES: 115
** Event #7142257   t=500   Elapsed: 342.795s (5m 42s)  100% completed  (50% total)
     Speed:     ev/sec=26335   simsec/sec=1.97773   ev/simsec=13315.8
     Messages:  created: 6899142   present: 1021   in FES: 95

<!> Simulation time limit reached -- at t=500s, event #7142257
undisposed object: (omnetpp::cMessage) FanetStressNetwork.uav[0].app.debugTimer -- check module destructor
undisposed object: (omnetpp::cMessage) FanetStressNetwork.uav[1].app.debugTimer -- check module destructor
undisposed object: (omnetpp::cMessage) FanetStressNetwork.uav[2].app.debugTimer -- check module destructor
undisposed object: (omnetpp::cMessage) FanetStressNetwork.uav[3].app.debugTimer -- check module destructor
undisposed object: (omnetpp::cMessage) FanetStressNetwork.uav[4].app.debugTimer -- check module destructor
undisposed object: (omnetpp::cMessage) FanetStressNetwork.uav[5].app.debugTimer -- check module destructor
undisposed object: (omnetpp::cMessage) FanetStressNetwork.uav[6].app.debugTimer -- check module destructor
undisposed object: (omnetpp::cMessage) FanetStressNetwork.uav[7].app.debugTimer -- check module destructor
undisposed object: (omnetpp::cMessage) FanetStressNetwork.uav[8].app.debugTimer -- check module destructor
undisposed object: (omnetpp::cMessage) FanetStressNetwork.uav[9].app.debugTimer -- check module destructor
undisposed object: (omnetpp::cMessage) FanetStressNetwork.uav[10].app.debugTimer -- check module destructor
undisposed object: (omnetpp::cMessage) FanetStressNetwork.uav[11].app.debugTimer -- check module destructor
undisposed object: (omnetpp::cMessage) FanetStressNetwork.uav[12].app.debugTimer -- check module destructor
undisposed object: (omnetpp::cMessage) FanetStressNetwork.uav[13].app.debugTimer -- check module destructor
undisposed object: (omnetpp::cMessage) FanetStressNetwork.uav[14].app.debugTimer -- check module destructor
undisposed object: (omnetpp::cMessage) FanetStressNetwork.uav[15].app.debugTimer -- check module destructor
undisposed object: (omnetpp::cMessage) FanetStressNetwork.uav[16].app.debugTimer -- check module destructor
undisposed object: (omnetpp::cMessage) FanetStressNetwork.uav[17].app.debugTimer -- check module destructor
undisposed object: (omnetpp::cMessage) FanetStressNetwork.uav[18].app.debugTimer -- check module destructor
undisposed object: (omnetpp::cMessage) FanetStressNetwork.uav[19].app.debugTimer -- check module destructor
undisposed object: (omnetpp::cMessage) FanetStressNetwork.uav[20].app.debugTimer -- check module destructor
undisposed object: (omnetpp::cMessage) FanetStressNetwork.uav[21].app.debugTimer -- check module destructor
undisposed object: (omnetpp::cMessage) FanetStressNetwork.uav[22].app.debugTimer -- check module destructor
undisposed object: (omnetpp::cMessage) FanetStressNetwork.uav[23].app.debugTimer -- check module destructor
undisposed object: (omnetpp::cMessage) FanetStressNetwork.uav[24].app.debugTimer -- check module destructor
undisposed object: (omnetpp::cMessage) FanetStressNetwork.uav[25].app.debugTimer -- check module destructor
undisposed object: (omnetpp::cMessage) FanetStressNetwork.uav[26].app.debugTimer -- check module destructor
undisposed object: (omnetpp::cMessage) FanetStressNetwork.uav[27].app.debugTimer -- check module destructor
undisposed object: (omnetpp::cMessage) FanetStressNetwork.uav[28].app.debugTimer -- check module destructor
undisposed object: (omnetpp::cMessage) FanetStressNetwork.uav[29].app.debugTimer -- check module destructor
