** Event #0   t=0   Elapsed: 9e-06s (0m 00s)  0% completed  (50% total)
     Speed:     ev/sec=0   simsec/sec=0   ev/simsec=0
     Messages:  created: 1081   present: 1081   in FES: 161
** Event #42752   t=5.249917187428   Elapsed: 2.01833s (0m 02s)  1% completed  (50% total)
     Speed:     ev/sec=21182.4   simsec/sec=2.60112   ev/simsec=8143.56
     Messages:  created: 35928   present: 1078   in FES: 115
** Event #79104   t=9.2664577321   Elapsed: 4.02136s (0m 04s)  1% completed  (50% total)
     Speed:     ev/sec=18148.6   simsec/sec=2.00524   ev/simsec=9050.57
     Messages:  created: 65655   present: 1093   in FES: 120
** Event #114688   t=13.193504126283   Elapsed: 6.04432s (0m 06s)  2% completed  (51% total)
     Speed:     ev/sec=17590   simsec/sec=1.94123   ev/simsec=9061.26
     Messages:  created: 94875   present: 1093   in FES: 126
** Event #152064   t=17.354783252867   Elapsed: 8.0474s (0m 08s)  3% completed  (51% total)
     Speed:     ev/sec=18659.3   simsec/sec=2.07745   ev/simsec=8981.85
     Messages:  created: 125778   present: 1083   in FES: 116
** Event #192000   t=22.071586361042   Elapsed: 10.0481s (0m 10s)  4% completed  (52% total)
     Speed:     ev/sec=19961   simsec/sec=2.35757   ev/simsec=8466.75
     Messages:  created: 158738   present: 1098   in FES: 119
** Event #227584   t=26.069067876759   Elapsed: 12.0531s (0m 12s)  5% completed  (52% total)
     Speed:     ev/sec=17747.5   simsec/sec=1.99374   ev/simsec=8901.6
     Messages:  created: 187956   present: 1115   in FES: 126
** Event #264960   t=30.186571009771   Elapsed: 14.0734s (0m 14s)  6% completed  (53% total)
     Speed:     ev/sec=18500.5   simsec/sec=2.03809   ev/simsec=9077.35
     Messages:  created: 219180   present: 1066   in FES: 111
** Event #301312   t=34.344238686974   Elapsed: 16.0793s (0m 16s)  6% completed  (53% total)
     Speed:     ev/sec=18122.2   simsec/sec=2.07268   ev/simsec=8743.36
     Messages:  created: 249604   present: 1098   in FES: 121
** Event #340992   t=39.098051244387   Elapsed: 18.0823s (0m 18s)  7% completed  (53% total)
     Speed:     ev/sec=19811.1   simsec/sec=2.37344   ev/simsec=8346.98
     Messages:  created: 283284   present: 1103   in FES: 126
** Event #382976   t=44.134243577649   Elapsed: 20.0847s (0m 20s)  8% completed  (54% total)
     Speed:     ev/sec=20966.1   simsec/sec=2.51499   ev/simsec=8336.46
     Messages:  created: 319325   present: 1097   in FES: 126
** Event #425472   t=49.272862595642   Elapsed: 22.0886s (0m 22s)  9% completed  (54% total)
     Speed:     ev/sec=21206.9   simsec/sec=2.56434   ev/simsec=8269.93
     Messages:  created: 355844   present: 1107   in FES: 124
** Event #467200   t=54.193503821562   Elapsed: 24.0989s (0m 24s)  10% completed  (55% total)
     Speed:     ev/sec=20757.1   simsec/sec=2.44771   ev/simsec=8480.2
     Messages:  created: 391397   present: 1087   in FES: 126
** Event #505856   t=59.052312577953   Elapsed: 26.104s (0m 26s)  11% completed  (55% total)
     Speed:     ev/sec=19278.5   simsec/sec=2.42318   ev/simsec=7955.86
     Messages:  created: 424014   present: 1109   in FES: 126
** Event #544768   t=63.274601018815   Elapsed: 28.1166s (0m 28s)  12% completed  (56% total)
     Speed:     ev/sec=19335   simsec/sec=2.09802   ev/simsec=9215.86
     Messages:  created: 456923   present: 1094   in FES: 119
** Event #582656   t=68.041592001756   Elapsed: 30.1238s (0m 30s)  13% completed  (56% total)
     Speed:     ev/sec=18875.7   simsec/sec=2.3749   ev/simsec=7947.99
     Messages:  created: 488808   present: 1066   in FES: 109
** Event #623360   t=73.026493356246   Elapsed: 32.1238s (0m 32s)  14% completed  (57% total)
     Speed:     ev/sec=20351.9   simsec/sec=2.49244   ev/simsec=8165.46
     Messages:  created: 523869   present: 1097   in FES: 126
** Event #664064   t=78.004077028006   Elapsed: 34.1249s (0m 34s)  15% completed  (57% total)
     Speed:     ev/sec=20341.2   simsec/sec=2.48747   ev/simsec=8177.46
     Messages:  created: 558741   present: 1070   in FES: 111
** Event #704768   t=82.354688026593   Elapsed: 36.1465s (0m 36s)  16% completed  (58% total)
     Speed:     ev/sec=20134   simsec/sec=2.15201   ev/simsec=9355.93
     Messages:  created: 593568   present: 1024   in FES: 97
** Event #745216   t=87.249933018492   Elapsed: 38.1583s (0m 38s)  17% completed  (58% total)
     Speed:     ev/sec=20105.7   simsec/sec=2.43331   ev/simsec=8262.71
     Messages:  created: 628042   present: 1072   in FES: 113
** Event #783616   t=92.056986570614   Elapsed: 40.1785s (0m 40s)  18% completed  (59% total)
     Speed:     ev/sec=19007.4   simsec/sec=2.37942   ev/simsec=7988.26
     Messages:  created: 660631   present: 1044   in FES: 101
** Event #822528   t=96.388753533777   Elapsed: 42.1887s (0m 42s)  19% completed  (59% total)
     Speed:     ev/sec=19357.4   simsec/sec=2.15491   ev/simsec=8982.94
     Messages:  created: 693948   present: 1108   in FES: 125
** Event #867328   t=101.130193472023   Elapsed: 44.1899s (0m 44s)  20% completed  (60% total)
     Speed:     ev/sec=22387.5   simsec/sec=2.36939   ev/simsec=9448.61
     Messages:  created: 735869   present: 1021   in FES: 95
** Event #914688   t=104.317913619323   Elapsed: 46.1977s (0m 46s)  20% completed  (60% total)
     Speed:     ev/sec=23587.1   simsec/sec=1.58761   ev/simsec=14857
     Messages:  created: 787256   present: 1093   in FES: 120
** Event #965120   t=107.913703248174   Elapsed: 48.2054s (0m 48s)  21% completed  (60% total)
     Speed:     ev/sec=25119.5   simsec/sec=1.79101   ev/simsec=14025.3
     Messages:  created: 842582   present: 1085   in FES: 127
** Event #1020672   t=111.134357248103   Elapsed: 50.2165s (0m 50s)  22% completed  (61% total)
     Speed:     ev/sec=27622.4   simsec/sec=1.60142   ev/simsec=17248.7
     Messages:  created: 903167   present: 1054   in FES: 107
** Event #1071616   t=114.249912835166   Elapsed: 52.225s (0m 52s)  22% completed  (61% total)
     Speed:     ev/sec=25364.5   simsec/sec=1.5512   ev/simsec=16351.5
     Messages:  created: 959859   present: 1098   in FES: 117
** Event #1121536   t=117.099321668393   Elapsed: 54.4187s (0m 54s)  23% completed  (61% total)
     Speed:     ev/sec=22756.1   simsec/sec=1.29891   ev/simsec=17519.4
     Messages:  created: 1015300   present: 1051   in FES: 100
** Event #1182720   t=120.497160817225   Elapsed: 56.4194s (0m 56s)  24% completed  (62% total)
     Speed:     ev/sec=30581.3   simsec/sec=1.69832   ev/simsec=18006.7
     Messages:  created: 1083614   present: 1094   in FES: 128
** Event #1233408   t=123.345040718437   Elapsed: 58.4248s (0m 58s)  24% completed  (62% total)
     Speed:     ev/sec=25275.6   simsec/sec=1.4201   ev/simsec=17798.5
     Messages:  created: 1139668   present: 1065   in FES: 110
** Event #1286144   t=126.336088141167   Elapsed: 60.4482s (1m 00s)  25% completed  (62% total)
     Speed:     ev/sec=26063.7   simsec/sec=1.47826   ev/simsec=17631.3
     Messages:  created: 1197596   present: 1060   in FES: 109
** Event #1334016   t=129.064317677784   Elapsed: 62.4497s (1m 02s)  25% completed  (62% total)
     Speed:     ev/sec=23918   simsec/sec=1.36309   ev/simsec=17546.9
     Messages:  created: 1250219   present: 1124   in FES: 125
** Event #1373952   t=131.091130619779   Elapsed: 64.4544s (1m 04s)  26% completed  (63% total)
     Speed:     ev/sec=19921.2   simsec/sec=1.01103   ev/simsec=19703.8
     Messages:  created: 1292926   present: 1083   in FES: 114
** Event #1422592   t=133.680703115059   Elapsed: 66.4588s (1m 06s)  26% completed  (63% total)
     Speed:     ev/sec=24266.5   simsec/sec=1.29194   ev/simsec=18783
     Messages:  created: 1346055   present: 1104   in FES: 141
** Event #1469952   t=136.071532709135   Elapsed: 68.466s (1m 08s)  27% completed  (63% total)
     Speed:     ev/sec=23595   simsec/sec=1.19112   ev/simsec=19809
     Messages:  created: 1397643   present: 1108   in FES: 126
** Event #1514240   t=138.572887733661   Elapsed: 70.4725s (1m 10s)  27% completed  (63% total)
     Speed:     ev/sec=22072.6   simsec/sec=1.24664   ev/simsec=17705.6
     Messages:  created: 1444611   present: 1021   in FES: 95
** Event #1556736   t=141.077958032164   Elapsed: 72.4878s (1m 12s)  28% completed  (64% total)
     Speed:     ev/sec=21086   simsec/sec=1.24299   ev/simsec=16964
     Messages:  created: 1490646   present: 1114   in FES: 123
** Event #1600768   t=143.762089516228   Elapsed: 74.6161s (1m 14s)  28% completed  (64% total)
     Speed:     ev/sec=20689.1   simsec/sec=1.26118   ev/simsec=16404.6
     Messages:  created: 1538335   present: 1116   in FES: 126
** Event #1645824   t=146.261484208538   Elapsed: 76.621s (1m 16s)  29% completed  (64% total)
     Speed:     ev/sec=22473.1   simsec/sec=1.24665   ev/simsec=18026.8
     Messages:  created: 1586332   present: 1106   in FES: 137
** Event #1687040   t=148.512613450425   Elapsed: 78.6214s (1m 18s)  29% completed  (64% total)
     Speed:     ev/sec=20603.4   simsec/sec=1.12532   ev/simsec=18309
     Messages:  created: 1631038   present: 1049   in FES: 102
** Event #1732096   t=151.165895376289   Elapsed: 80.6279s (1m 20s)  30% completed  (65% total)
     Speed:     ev/sec=22455.6   simsec/sec=1.32237   ev/simsec=16981.2
     Messages:  created: 1679757   present: 1076   in FES: 127
** Event #1773312   t=153.512049397942   Elapsed: 82.6315s (1m 22s)  30% completed  (65% total)
     Speed:     ev/sec=20571.2   simsec/sec=1.17098   ev/simsec=17567.5
     Messages:  created: 1724319   present: 1114   in FES: 128
** Event #1817088   t=156.134349362785   Elapsed: 84.6317s (1m 24s)  31% completed  (65% total)
     Speed:     ev/sec=21885.1   simsec/sec=1.31098   ev/simsec=16693.7
     Messages:  created: 1770672   present: 1051   in FES: 106
** Event #1856512   t=158.347757643078   Elapsed: 86.6395s (1m 26s)  31% completed  (65% total)
     Speed:     ev/sec=19635.5   simsec/sec=1.10241   ev/simsec=17811.4
     Messages:  created: 1812349   present: 1056   in FES: 119
** Event #1902080   t=161.091130701381   Elapsed: 88.6429s (1m 28s)  32% completed  (66% total)
     Speed:     ev/sec=22745.7   simsec/sec=1.36938   ev/simsec=16610.2
     Messages:  created: 1860345   present: 1064   in FES: 109
** Event #1940736   t=163.193618990791   Elapsed: 90.6739s (1m 30s)  32% completed  (66% total)
     Speed:     ev/sec=19032.4   simsec/sec=1.03517   ev/simsec=18385.8
     Messages:  created: 1901031   present: 1053   in FES: 106
** Event #1980928   t=165.375169209468   Elapsed: 92.6946s (1m 32s)  33% completed  (66% total)
     Speed:     ev/sec=19890.2   simsec/sec=1.0796   ev/simsec=18423.6
     Messages:  created: 1943469   present: 1090   in FES: 119
** Event #2027264   t=168.076165255838   Elapsed: 94.7093s (1m 34s)  33% completed  (66% total)
     Speed:     ev/sec=22999.8   simsec/sec=1.34069   ev/simsec=17155.2
     Messages:  created: 1992475   present: 1090   in FES: 115
** Event #2065664   t=170.336079414546   Elapsed: 96.7217s (1m 36s)  34% completed  (67% total)
     Speed:     ev/sec=19080.9   simsec/sec=1.12295   ev/simsec=16991.8
     Messages:  created: 2031618   present: 1098   in FES: 121
** Event #2100992   t=172.498276846476   Elapsed: 98.7244s (1m 38s)  34% completed  (67% total)
     Speed:     ev/sec=17640.4   simsec/sec=1.07965   ev/simsec=16338.9
     Messages:  created: 2067950   present: 1112   in FES: 126
** Event #2149376   t=175.344163692673   Elapsed: 100.729s (1m 40s)  35% completed  (67% total)
     Speed:     ev/sec=24134.1   simsec/sec=1.41954   ev/simsec=17001.4
     Messages:  created: 2118490   present: 1024   in FES: 97
** Event #2193152   t=178.004076050659   Elapsed: 102.73s (1m 42s)  35% completed  (67% total)
     Speed:     ev/sec=21874.3   simsec/sec=1.32913   ev/simsec=16457.7
     Messages:  created: 2166460   present: 1113   in FES: 122
** Event #2237696   t=180.430690598795   Elapsed: 104.734s (1m 44s)  36% completed  (68% total)
     Speed:     ev/sec=22233.9   simsec/sec=1.21123   ev/simsec=18356.4
     Messages:  created: 2212520   present: 1108   in FES: 127
** Event #2280960   t=183.052365927108   Elapsed: 106.742s (1m 46s)  36% completed  (68% total)
     Speed:     ev/sec=21546.1   simsec/sec=1.30563   ev/simsec=16502.4
     Messages:  created: 2259537   present: 1077   in FES: 114
** Event #2321664   t=185.247206041497   Elapsed: 108.75s (1m 48s)  37% completed  (68% total)
     Speed:     ev/sec=20265.3   simsec/sec=1.09275   ev/simsec=18545.3
     Messages:  created: 2302179   present: 1069   in FES: 112
** Event #2356992   t=187.34502140759   Elapsed: 110.759s (1m 50s)  37% completed  (68% total)
     Speed:     ev/sec=17590.6   simsec/sec=1.04455   ev/simsec=16840.4
     Messages:  created: 2339541   present: 1048   in FES: 103
** Event #2404864   t=190.261471881463   Elapsed: 112.769s (1m 52s)  38% completed  (69% total)
     Speed:     ev/sec=23813.9   simsec/sec=1.45079   ev/simsec=16414.5
     Messages:  created: 2390793   present: 1109   in FES: 127
** Event #2450432   t=193.06915319272   Elapsed: 114.777s (1m 54s)  38% completed  (69% total)
     Speed:     ev/sec=22694.3   simsec/sec=1.39831   ev/simsec=16229.8
     Messages:  created: 2439761   present: 1093   in FES: 116
** Event #2499072   t=195.276178744528   Elapsed: 116.781s (1m 56s)  39% completed  (69% total)
     Speed:     ev/sec=24268.7   simsec/sec=1.10119   ev/simsec=22038.7
     Messages:  created: 2493923   present: 1109   in FES: 123
** Event #2543616   t=198.033252929015   Elapsed: 118.79s (1m 58s)  39% completed  (69% total)
     Speed:     ev/sec=22175.6   simsec/sec=1.37257   ev/simsec=16156.3
     Messages:  created: 2542146   present: 1111   in FES: 126
** Event #2581504   t=200.098133855372   Elapsed: 120.795s (2m 00s)  40% completed  (70% total)
     Speed:     ev/sec=18893.3   simsec/sec=1.02968   ev/simsec=18348.8
     Messages:  created: 2581365   present: 1061   in FES: 110
** Event #2621696   t=202.388793408046   Elapsed: 122.8s (2m 02s)  40% completed  (70% total)
     Speed:     ev/sec=20044.9   simsec/sec=1.14242   ev/simsec=17546
     Messages:  created: 2623735   present: 1105   in FES: 124
** Event #2667008   t=205.097802307016   Elapsed: 124.812s (2m 04s)  41% completed  (70% total)
     Speed:     ev/sec=22526.2   simsec/sec=1.34674   ev/simsec=16726.4
     Messages:  created: 2671420   present: 1085   in FES: 116
** Event #2707968   t=207.51147279596   Elapsed: 126.813s (2m 06s)  41% completed  (70% total)
     Speed:     ev/sec=20467.5   simsec/sec=1.2061   ev/simsec=16970
     Messages:  created: 2714095   present: 1089   in FES: 127
** Event #2748672   t=210.165822025604   Elapsed: 128.814s (2m 08s)  42% completed  (71% total)
     Speed:     ev/sec=20342.7   simsec/sec=1.32657   ev/simsec=15334.8
     Messages:  created: 2755732   present: 1107   in FES: 122
** Event #2788352   t=213.026385234728   Elapsed: 130.817s (2m 10s)  42% completed  (71% total)
     Speed:     ev/sec=19810.7   simsec/sec=1.42817   ev/simsec=13871.4
     Messages:  created: 2797124   present: 1066   in FES: 109
** Event #2821888   t=215.165818700768   Elapsed: 132.823s (2m 12s)  43% completed  (71% total)
     Speed:     ev/sec=16721.2   simsec/sec=1.06673   ev/simsec=15675.2
     Messages:  created: 2830725   present: 1073   in FES: 112
** Event #2862336   t=218.061163661096   Elapsed: 134.823s (2m 14s)  43% completed  (71% total)
     Speed:     ev/sec=20223.5   simsec/sec=1.44764   ev/simsec=13970
     Messages:  created: 2872639   present: 1208   in FES: 154
** Event #2906880   t=221.097757893068   Elapsed: 136.828s (2m 16s)  44% completed  (72% total)
     Speed:     ev/sec=22206.6   simsec/sec=1.51384   ev/simsec=14669.1
     Messages:  created: 2917305   present: 1057   in FES: 115
** Event #2945280   t=224.014394876652   Elapsed: 138.835s (2m 18s)  44% completed  (72% total)
     Speed:     ev/sec=19136.5   simsec/sec=1.45349   ev/simsec=13165.8
     Messages:  created: 2956880   present: 1092   in FES: 117
** Event #2985472   t=226.761249718489   Elapsed: 140.838s (2m 20s)  45% completed  (72% total)
     Speed:     ev/sec=20062   simsec/sec=1.3711   ev/simsec=14632
     Messages:  created: 2997246   present: 1083   in FES: 126
** Event #3034880   t=230.108075857056   Elapsed: 142.843s (2m 22s)  46% completed  (73% total)
     Speed:     ev/sec=24652.4   simsec/sec=1.66992   ev/simsec=14762.6
     Messages:  created: 3047737   present: 1111   in FES: 124
** Event #3070720   t=232.761518008005   Elapsed: 144.853s (2m 24s)  46% completed  (73% total)
     Speed:     ev/sec=17830.6   simsec/sec=1.3201   ev/simsec=13507
     Messages:  created: 3085097   present: 1099   in FES: 122
** Event #3111168   t=235.598699439013   Elapsed: 146.859s (2m 26s)  47% completed  (73% total)
     Speed:     ev/sec=20162   simsec/sec=1.41424   ev/simsec=14256.4
     Messages:  created: 3126304   present: 1092   in FES: 117
** Event #3151360   t=238.473184136784   Elapsed: 148.865s (2m 28s)  47% completed  (73% total)
     Speed:     ev/sec=20039.3   simsec/sec=1.43319   ev/simsec=13982.3
     Messages:  created: 3167634   present: 1044   in FES: 103
** Event #3193344   t=241.681194286528   Elapsed: 150.865s (2m 30s)  48% completed  (74% total)
     Speed:     ev/sec=20988.4   simsec/sec=1.60373   ev/simsec=13087.2
     Messages:  created: 3211543   present: 1088   in FES: 117
** Event #3236352   t=245.02584265531   Elapsed: 152.869s (2m 32s)  49% completed  (74% total)
     Speed:     ev/sec=21458.5   simsec/sec=1.66879   ev/simsec=12858.8
     Messages:  created: 3256498   present: 1097   in FES: 120
** Event #3280896   t=248.097812275037   Elapsed: 154.87s (2m 34s)  49% completed  (74% total)
     Speed:     ev/sec=22257.2   simsec/sec=1.53497   ev/simsec=14500.1
     Messages:  created: 3302208   present: 1091   in FES: 137
** Event #3325952   t=251.276187467478   Elapsed: 156.872s (2m 36s)  50% completed  (75% total)
     Speed:     ev/sec=22505.5   simsec/sec=1.5876   ev/simsec=14175.8
     Messages:  created: 3349108   present: 1063   in FES: 108
** Event #3364608   t=254.077906648108   Elapsed: 158.876s (2m 38s)  50% completed  (75% total)
     Speed:     ev/sec=19298.1   simsec/sec=1.39869   ev/simsec=13797.2
     Messages:  created: 3389492   present: 1123   in FES: 126
** Event #3412224   t=257.24991360927   Elapsed: 160.887s (2m 40s)  51% completed  (75% total)
     Speed:     ev/sec=23673.1   simsec/sec=1.57702   ev/simsec=15011.3
     Messages:  created: 3439080   present: 1066   in FES: 109
** Event #3453184   t=260.193503722041   Elapsed: 162.889s (2m 42s)  52% completed  (76% total)
     Speed:     ev/sec=20463.7   simsec/sec=1.47062   ev/simsec=13915
     Messages:  created: 3481129   present: 1087   in FES: 126
** Event #3492864   t=263.274604058097   Elapsed: 164.896s (2m 44s)  52% completed  (76% total)
     Speed:     ev/sec=19770.3   simsec/sec=1.53514   ev/simsec=12878.5
     Messages:  created: 3519948   present: 1109   in FES: 124
** Event #3530496   t=266.180735737414   Elapsed: 166.909s (2m 46s)  53% completed  (76% total)
     Speed:     ev/sec=18687.4   simsec/sec=1.44313   ev/simsec=12949.2
     Messages:  created: 3556138   present: 1114   in FES: 129
** Event #3566080   t=269.060324410512   Elapsed: 168.922s (2m 48s)  53% completed  (76% total)
     Speed:     ev/sec=17676.6   simsec/sec=1.43046   ev/simsec=12357.3
     Messages:  created: 3590366   present: 1093   in FES: 126
** Event #3597056   t=271.247161175785   Elapsed: 170.934s (2m 50s)  54% completed  (77% total)
     Speed:     ev/sec=15395.5   simsec/sec=1.08689   ev/simsec=14164.8
     Messages:  created: 3619615   present: 1070   in FES: 127
** Event #3633152   t=274.014394746004   Elapsed: 172.936s (2m 52s)  54% completed  (77% total)
     Speed:     ev/sec=18030.6   simsec/sec=1.38228   ev/simsec=13044.1
     Messages:  created: 3655508   present: 1069   in FES: 108
** Event #3671296   t=276.276086005058   Elapsed: 174.953s (2m 54s)  55% completed  (77% total)
     Speed:     ev/sec=18918   simsec/sec=1.12171   ev/simsec=16865.3
     Messages:  created: 3693764   present: 1115   in FES: 126
** Event #3710976   t=279.070432085954   Elapsed: 176.961s (2m 56s)  55% completed  (77% total)
     Speed:     ev/sec=19754.9   simsec/sec=1.39118   ev/simsec=14200.1
     Messages:  created: 3734920   present: 1116   in FES: 123
** Event #3749632   t=281.431620210644   Elapsed: 178.963s (2m 58s)  56% completed  (78% total)
     Speed:     ev/sec=19312.5   simsec/sec=1.17965   ev/simsec=16371.4
     Messages:  created: 3775200   present: 1102   in FES: 149
** Event #3792384   t=284.247631289161   Elapsed: 180.968s (3m 00s)  56% completed  (78% total)
     Speed:     ev/sec=21319.8   simsec/sec=1.40431   ev/simsec=15181.8
     Messages:  created: 3820317   present: 1112   in FES: 142
** Event #3834112   t=287.055991287784   Elapsed: 183.102s (3m 03s)  57% completed  (78% total)
     Speed:     ev/sec=19557.2   simsec/sec=1.31623   ev/simsec=14858.5
     Messages:  created: 3864739   present: 1105   in FES: 122
** Event #3874048   t=289.375177662206   Elapsed: 185.126s (3m 05s)  57% completed  (78% total)
     Speed:     ev/sec=19729   simsec/sec=1.14572   ev/simsec=17219.8
     Messages:  created: 3906054   present: 1066   in FES: 111
** Event #3913984   t=292.153960564987   Elapsed: 187.13s (3m 07s)  58% completed  (79% total)
     Speed:     ev/sec=19925.2   simsec/sec=1.38641   ev/simsec=14371.8
     Messages:  created: 3946416   present: 1021   in FES: 95
** Event #3950592   t=294.912967751836   Elapsed: 189.135s (3m 09s)  58% completed  (79% total)
     Speed:     ev/sec=18258.5   simsec/sec=1.37608   ev/simsec=13268.5
     Messages:  created: 3983762   present: 1050   in FES: 119
** Event #3988992   t=297.274612027035   Elapsed: 191.137s (3m 11s)  59% completed  (79% total)
     Speed:     ev/sec=19187.4   simsec/sec=1.18005   ev/simsec=16259.9
     Messages:  created: 4021903   present: 1109   in FES: 124
** Event #4028160   t=300.070432148631   Elapsed: 193.139s (3m 13s)  60% completed  (80% total)
     Speed:     ev/sec=19563.8   simsec/sec=1.39647   ev/simsec=14009.5
     Messages:  created: 4061343   present: 1118   in FES: 125
** Event #4064256   t=302.403298719986   Elapsed: 195.154s (3m 15s)  60% completed  (80% total)
     Speed:     ev/sec=17911.5   simsec/sec=1.15761   ev/simsec=15472.8
     Messages:  created: 4096986   present: 1108   in FES: 126
** Event #4100352   t=305.025842939141   Elapsed: 197.156s (3m 17s)  61% completed  (80% total)
     Speed:     ev/sec=18028.2   simsec/sec=1.30983   ev/simsec=13763.7
     Messages:  created: 4134369   present: 1074   in FES: 113
** Event #4139008   t=307.388761292035   Elapsed: 199.159s (3m 19s)  61% completed  (80% total)
     Speed:     ev/sec=19302   simsec/sec=1.17987   ev/simsec=16359.4
     Messages:  created: 4172005   present: 1105   in FES: 124
** Event #4177408   t=310.07158532127   Elapsed: 201.161s (3m 21s)  62% completed  (81% total)
     Speed:     ev/sec=19181.9   simsec/sec=1.34015   ev/simsec=14313.3
     Messages:  created: 4210464   present: 1113   in FES: 124
** Event #4213760   t=312.412744487254   Elapsed: 203.168s (3m 23s)  62% completed  (81% total)
     Speed:     ev/sec=18107.3   simsec/sec=1.16615   ev/simsec=15527.4
     Messages:  created: 4246133   present: 1098   in FES: 126
** Event #4253952   t=315.075664261716   Elapsed: 205.176s (3m 25s)  63% completed  (81% total)
     Speed:     ev/sec=20020.3   simsec/sec=1.32644   ev/simsec=15093.2
     Messages:  created: 4286872   present: 1053   in FES: 102
** Event #4291584   t=317.344274206783   Elapsed: 207.183s (3m 27s)  63% completed  (81% total)
     Speed:     ev/sec=18750   simsec/sec=1.13033   ev/simsec=16588.1
     Messages:  created: 4325034   present: 1098   in FES: 121
** Event #4329984   t=320.032393805647   Elapsed: 209.191s (3m 29s)  64% completed  (82% total)
     Speed:     ev/sec=19124.6   simsec/sec=1.33878   ev/simsec=14285.1
     Messages:  created: 4364992   present: 1090   in FES: 126
** Event #4371456   t=322.913681125481   Elapsed: 211.199s (3m 31s)  64% completed  (82% total)
     Speed:     ev/sec=20654.7   simsec/sec=1.435   ev/simsec=14393.6
     Messages:  created: 4405960   present: 1100   in FES: 126
** Event #4410880   t=325.501471916583   Elapsed: 213.206s (3m 33s)  65% completed  (82% total)
     Speed:     ev/sec=19643.1   simsec/sec=1.28937   ev/simsec=15234.6
     Messages:  created: 4444518   present: 1025   in FES: 96
** Event #4449792   t=328.304018567448   Elapsed: 215.21s (3m 35s)  65% completed  (82% total)
     Speed:     ev/sec=19409.7   simsec/sec=1.39794   ev/simsec=13884.5
     Messages:  created: 4483659   present: 1105   in FES: 126
** Event #4490752   t=331.304017647713   Elapsed: 217.212s (3m 37s)  66% completed  (83% total)
     Speed:     ev/sec=20467.9   simsec/sec=1.49911   ev/simsec=13653.3
     Messages:  created: 4524438   present: 1084   in FES: 126
** Event #4531200   t=334.261517249734   Elapsed: 219.221s (3m 39s)  66% completed  (83% total)
     Speed:     ev/sec=20126   simsec/sec=1.47159   ev/simsec=13676.4
     Messages:  created: 4564788   present: 1082   in FES: 115
** Event #4572160   t=337.261518470734   Elapsed: 221.229s (3m 41s)  67% completed  (83% total)
     Speed:     ev/sec=20406.3   simsec/sec=1.4946   ev/simsec=13653.3
     Messages:  created: 4605628   present: 1046   in FES: 103
** Event #4611328   t=340.08676638705   Elapsed: 223.231s (3m 43s)  68% completed  (84% total)
     Speed:     ev/sec=19559.9   simsec/sec=1.41088   ev/simsec=13863.6
     Messages:  created: 4644983   present: 1099   in FES: 120
** Event #4649728   t=343.056865056983   Elapsed: 225.231s (3m 45s)  68% completed  (84% total)
     Speed:     ev/sec=19196.2   simsec/sec=1.48476   ev/simsec=12928.9
     Messages:  created: 4683447   present: 1119   in FES: 126
** Event #4687872   t=345.994880076309   Elapsed: 227.236s (3m 47s)  69% completed  (84% total)
     Speed:     ev/sec=19026.3   simsec/sec=1.46549   ev/simsec=12982.9
     Messages:  created: 4721687   present: 1021   in FES: 95
** Event #4724736   t=348.412966547519   Elapsed: 229.239s (3m 49s)  69% completed  (84% total)
     Speed:     ev/sec=18407.8   simsec/sec=1.20746   ev/simsec=15245.1
     Messages:  created: 4757362   present: 1051   in FES: 127
** Event #4767488   t=352.018207842775   Elapsed: 231.247s (3m 51s)  70% completed  (85% total)
     Speed:     ev/sec=21293.5   simsec/sec=1.79566   ev/simsec=11858.3
     Messages:  created: 4799549   present: 1034   in FES: 97
** Event #4808192   t=355.060324410512   Elapsed: 233.261s (3m 53s)  71% completed  (85% total)
     Speed:     ev/sec=20204.8   simsec/sec=1.51006   ev/simsec=13380.2
     Messages:  created: 4838917   present: 1093   in FES: 126
** Event #4840960   t=357.347534544822   Elapsed: 235.269s (3m 55s)  71% completed  (85% total)
     Speed:     ev/sec=16320.2   simsec/sec=1.13915   ev/simsec=14326.6
     Messages:  created: 4870220   present: 1096   in FES: 126
** Event #4880640   t=360.413010737106   Elapsed: 237.277s (3m 57s)  72% completed  (86% total)
     Speed:     ev/sec=19762.5   simsec/sec=1.52675   ev/simsec=12944.2
     Messages:  created: 4908654   present: 1109   in FES: 124
** Event #4920832   t=363.680468227249   Elapsed: 239.278s (3m 59s)  72% completed  (86% total)
     Speed:     ev/sec=20086.8   simsec/sec=1.63298   ev/simsec=12300.7
     Messages:  created: 4947895   present: 1022   in FES: 96
** Event #4958976   t=366.497205113203   Elapsed: 241.286s (4m 01s)  73% completed  (86% total)
     Speed:     ev/sec=18994.5   simsec/sec=1.40264   ev/simsec=13541.9
     Messages:  created: 4984618   present: 1112   in FES: 131
** Event #5001984   t=370.055991864891   Elapsed: 243.292s (4m 03s)  74% completed  (87% total)
     Speed:     ev/sec=21442.1   simsec/sec=1.77427   ev/simsec=12085
     Messages:  created: 5026689   present: 1078   in FES: 113
** Event #5040128   t=373.056864254917   Elapsed: 245.3s (4m 05s)  74% completed  (87% total)
     Speed:     ev/sec=18990.4   simsec/sec=1.49401   ev/simsec=12711
     Messages:  created: 5063948   present: 1107   in FES: 126
** Event #5081856   t=376.134242504213   Elapsed: 247.312s (4m 07s)  75% completed  (87% total)
     Speed:     ev/sec=20737.8   simsec/sec=1.52938   ev/simsec=13559.6
     Messages:  created: 5104295   present: 1090   in FES: 126
** Event #5114880   t=379.000869444631   Elapsed: 249.319s (4m 09s)  75% completed  (87% total)
     Speed:     ev/sec=16456   simsec/sec=1.42845   ev/simsec=11520.2
     Messages:  created: 5136763   present: 1106   in FES: 123
** Event #5152512   t=381.403404434967   Elapsed: 251.34s (4m 11s)  76% completed  (88% total)
     Speed:     ev/sec=18621.7   simsec/sec=1.18886   ev/simsec=15663.5
     Messages:  created: 5172687   present: 1063   in FES: 110
** Event #5192192   t=384.307723774164   Elapsed: 253.358s (4m 13s)  76% completed  (88% total)
     Speed:     ev/sec=19668.9   simsec/sec=1.43963   ev/simsec=13662.4
     Messages:  created: 5212114   present: 1049   in FES: 104
** Event #5231360   t=387.247205584317   Elapsed: 255.362s (4m 15s)  77% completed  (88% total)
     Speed:     ev/sec=19541.5   simsec/sec=1.46655   ev/simsec=13324.8
     Messages:  created: 5250790   present: 1088   in FES: 117
** Event #5268224   t=390.055991351917   Elapsed: 257.366s (4m 17s)  78% completed  (89% total)
     Speed:     ev/sec=18397.4   simsec/sec=1.40176   ev/simsec=13124.5
     Messages:  created: 5287323   present: 1105   in FES: 121
** Event #5305600   t=392.317831731712   Elapsed: 259.374s (4m 19s)  78% completed  (89% total)
     Speed:     ev/sec=18605.9   simsec/sec=1.12595   ev/simsec=16524.6
     Messages:  created: 5323707   present: 1092   in FES: 127
** Event #5341952   t=395.052366294262   Elapsed: 261.604s (4m 21s)  79% completed  (89% total)
     Speed:     ev/sec=16307.3   simsec/sec=1.2267   ev/simsec=13293.7
     Messages:  created: 5359687   present: 1065   in FES: 110
** Event #5377792   t=397.307739174401   Elapsed: 263.611s (4m 23s)  79% completed  (89% total)
     Speed:     ev/sec=17852.4   simsec/sec=1.12343   ev/simsec=15890.9
     Messages:  created: 5394349   present: 1068   in FES: 111
** Event #5413888   t=400.056954176231   Elapsed: 265.622s (4m 25s)  80% completed  (90% total)
     Speed:     ev/sec=17949.7   simsec/sec=1.36712   ev/simsec=13129.6
     Messages:  created: 5429683   present: 1082   in FES: 113
** Event #5451264   t=402.261250999034   Elapsed: 267.629s (4m 27s)  80% completed  (90% total)
     Speed:     ev/sec=18627.1   simsec/sec=1.09855   ev/simsec=16956
     Messages:  created: 5466722   present: 1094   in FES: 126
** Event #5485568   t=404.375185342277   Elapsed: 269.629s (4m 29s)  80% completed  (90% total)
     Speed:     ev/sec=17147.8   simsec/sec=1.05671   ev/simsec=16227.6
     Messages:  created: 5500994   present: 1075   in FES: 114
** Event #5527040   t=407.167980949217   Elapsed: 271.641s (4m 31s)  81% completed  (90% total)
     Speed:     ev/sec=20617.8   simsec/sec=1.38844   ev/simsec=14849.6
     Messages:  created: 5542466   present: 1027   in FES: 96
** Event #5562368   t=409.662965673804   Elapsed: 273.643s (4m 33s)  81% completed  (90% total)
     Speed:     ev/sec=17640.8   simsec/sec=1.24585   ev/simsec=14159.6
     Messages:  created: 5577791   present: 1088   in FES: 127
** Event #5596160   t=412.033306186777   Elapsed: 275.654s (4m 35s)  82% completed  (91% total)
     Speed:     ev/sec=16806.9   simsec/sec=1.17892   ev/simsec=14256.2
     Messages:  created: 5612030   present: 1067   in FES: 109
** Event #5633024   t=414.134365263191   Elapsed: 277.668s (4m 37s)  82% completed  (91% total)
     Speed:     ev/sec=18304.8   simsec/sec=1.04328   ev/simsec=17545.4
     Messages:  created: 5648692   present: 1048   in FES: 105
** Event #5668096   t=416.497172857649   Elapsed: 279.676s (4m 39s)  83% completed  (91% total)
     Speed:     ev/sec=17460.9   simsec/sec=1.17634   ev/simsec=14843.4
     Messages:  created: 5683922   present: 1114   in FES: 143
** Event #5709568   t=419.186554582792   Elapsed: 281.682s (4m 41s)  83% completed  (91% total)
     Speed:     ev/sec=20677.9   simsec/sec=1.34092   ev/simsec=15420.6
     Messages:  created: 5725494   present: 1104   in FES: 121
** Event #5743872   t=421.388678956777   Elapsed: 283.683s (4m 43s)  84% completed  (92% total)
     Speed:     ev/sec=17142.1   simsec/sec=1.10043   ev/simsec=15577.7
     Messages:  created: 5759488   present: 1022   in FES: 96
** Event #5782784   t=424.011249718489   Elapsed: 285.692s (4m 45s)  84% completed  (92% total)
     Speed:     ev/sec=19366   simsec/sec=1.30522   ev/simsec=14837.3
     Messages:  created: 5800177   present: 1026   in FES: 97
** Event #5817088   t=426.071531660314   Elapsed: 287.709s (4m 47s)  85% completed  (92% total)
     Speed:     ev/sec=17015.2   simsec/sec=1.02193   ev/simsec=16650.1
     Messages:  created: 5833725   present: 1094   in FES: 126
** Event #5847040   t=427.998153692649   Elapsed: 289.713s (4m 49s)  85% completed  (92% total)
     Speed:     ev/sec=14943.6   simsec/sec=0.961227   ev/simsec=15546.4
     Messages:  created: 5865029   present: 1100   in FES: 126
** Event #5881088   t=430.059800955329   Elapsed: 291.721s (4m 51s)  86% completed  (93% total)
     Speed:     ev/sec=16955.8   simsec/sec=1.0267   ev/simsec=16514.9
     Messages:  created: 5898336   present: 1068   in FES: 109
** Event #5915648   t=432.180693364835   Elapsed: 293.732s (4m 53s)  86% completed  (93% total)
     Speed:     ev/sec=17188.3   simsec/sec=1.05482   ev/simsec=16295
     Messages:  created: 5932400   present: 1026   in FES: 116
** Event #5949952   t=434.375169533461   Elapsed: 295.732s (4m 55s)  86% completed  (93% total)
     Speed:     ev/sec=17150.9   simsec/sec=1.09717   ev/simsec=15632
     Messages:  created: 5966387   present: 1072   in FES: 113
** Event #5986560   t=437.032496579536   Elapsed: 297.746s (4m 57s)  87% completed  (93% total)
     Speed:     ev/sec=18176.3   simsec/sec=1.31939   ev/simsec=13776.2
     Messages:  created: 6003400   present: 1082   in FES: 115
** Event #6022656   t=439.180736887961   Elapsed: 299.749s (4m 59s)  87% completed  (93% total)
     Speed:     ev/sec=18017.1   simsec/sec=1.07228   ev/simsec=16802.6
     Messages:  created: 6038467   present: 1064   in FES: 111
** Event #6052864   t=441.134356483166   Elapsed: 301.761s (5m 01s)  88% completed  (94% total)
     Speed:     ev/sec=15016.7   simsec/sec=0.971165   ev/simsec=15462.6
     Messages:  created: 6068203   present: 1087   in FES: 118
** Event #6088448   t=443.276186389885   Elapsed: 303.786s (5m 03s)  88% completed  (94% total)
     Speed:     ev/sec=17572.4   simsec/sec=1.0577   ev/simsec=16613.8
     Messages:  created: 6103650   present: 1104   in FES: 121
** Event #6125056   t=445.680736925319   Elapsed: 305.787s (5m 05s)  89% completed  (94% total)
     Speed:     ev/sec=18289.3   simsec/sec=1.20131   ev/simsec=15224.5
     Messages:  created: 6140022   present: 1052   in FES: 107
** Event #6162944   t=448.077958170026   Elapsed: 307.797s (5m 07s)  89% completed  (94% total)
     Speed:     ev/sec=18850.1   simsec/sec=1.19267   ev/simsec=15805
     Messages:  created: 6177109   present: 1093   in FES: 116
** Event #6196992   t=450.247206447224   Elapsed: 309.806s (5m 09s)  90% completed  (95% total)
     Speed:     ev/sec=16953.8   simsec/sec=1.08015   ev/simsec=15695.8
     Messages:  created: 6210772   present: 1089   in FES: 118
** Event #6233088   t=452.761472282374   Elapsed: 311.81s (5m 11s)  90% completed  (95% total)
     Speed:     ev/sec=18010   simsec/sec=1.25449   ev/simsec=14356.5
     Messages:  created: 6246982   present: 1105   in FES: 127
** Event #6278144   t=455.134356380336   Elapsed: 313.823s (5m 13s)  91% completed  (95% total)
     Speed:     ev/sec=22376.8   simsec/sec=1.17848   ev/simsec=18987.9
     Messages:  created: 6294431   present: 1087   in FES: 118
** Event #6310912   t=457.33599015475   Elapsed: 315.831s (5m 15s)  91% completed  (95% total)
     Speed:     ev/sec=16324.3   simsec/sec=1.0968   ev/simsec=14883.5
     Messages:  created: 6327756   present: 1107   in FES: 126
** Event #6352896   t=459.497877978679   Elapsed: 317.837s (5m 17s)  91% completed  (95% total)
     Speed:     ev/sec=20927.7   simsec/sec=1.07763   ev/simsec=19420.1
     Messages:  created: 6373805   present: 1103   in FES: 127
** Event #6396672   t=462.247219041171   Elapsed: 319.841s (5m 19s)  92% completed  (96% total)
     Speed:     ev/sec=21840.7   simsec/sec=1.3717   ev/simsec=15922.4
     Messages:  created: 6419021   present: 1101   in FES: 126
** Event #6438144   t=465.047017391227   Elapsed: 321.846s (5m 21s)  93% completed  (96% total)
     Speed:     ev/sec=20689.7   simsec/sec=1.39677   ev/simsec=14812.5
     Messages:  created: 6461878   present: 1071   in FES: 112
** Event #6478336   t=467.431888061409   Elapsed: 323.849s (5m 23s)  93% completed  (96% total)
     Speed:     ev/sec=20058.7   simsec/sec=1.19022   ev/simsec=16852.9
     Messages:  created: 6502575   present: 1059   in FES: 121
** Event #6516992   t=470.077958414723   Elapsed: 325.858s (5m 25s)  94% completed  (97% total)
     Speed:     ev/sec=19246   simsec/sec=1.31742   ev/simsec=14608.8
     Messages:  created: 6541797   present: 1083   in FES: 112
** Event #6553344   t=472.761483880007   Elapsed: 327.863s (5m 27s)  94% completed  (97% total)
     Speed:     ev/sec=18128.5   simsec/sec=1.33826   ev/simsec=13546.4
     Messages:  created: 6577986   present: 1090   in FES: 147
** Event #6591488   t=475.307706484341   Elapsed: 329.885s (5m 29s)  95% completed  (97% total)
     Speed:     ev/sec=18865.8   simsec/sec=1.25934   ev/simsec=14980.6
     Messages:  created: 6615237   present: 1103   in FES: 122
** Event #6628352   t=478.069157462008   Elapsed: 331.892s (5m 31s)  95% completed  (97% total)
     Speed:     ev/sec=18364.5   simsec/sec=1.37567   ev/simsec=13349.5
     Messages:  created: 6651610   present: 1081   in FES: 112
** Event #6663168   t=480.388794564141   Elapsed: 333.916s (5m 33s)  96% completed  (98% total)
     Speed:     ev/sec=17203.1   simsec/sec=1.14617   ev/simsec=15009.2
     Messages:  created: 6685375   present: 1038   in FES: 101
** Event #6701312   t=483.117039401532   Elapsed: 335.932s (5m 35s)  96% completed  (98% total)
     Speed:     ev/sec=18926.1   simsec/sec=1.35369   ev/simsec=13981.1
     Messages:  created: 6722835   present: 1100   in FES: 126
** Event #6734080   t=485.354807149757   Elapsed: 337.935s (5m 37s)  97% completed  (98% total)
     Speed:     ev/sec=16359.5   simsec/sec=1.11721   ev/simsec=14643.2
     Messages:  created: 6754741   present: 1066   in FES: 109
** Event #6764544   t=487.49720627277   Elapsed: 339.935s (5m 39s)  97% completed  (98% total)
     Speed:     ev/sec=15227.7   simsec/sec=1.0709   ev/simsec=14219.6
     Messages:  created: 6784479   present: 1077   in FES: 114
** Event #6804736   t=490.261482210083   Elapsed: 341.94s (5m 41s)  98% completed  (99% total)
     Speed:     ev/sec=20048.7   simsec/sec=1.37888   ev/simsec=14539.8
     Messages:  created: 6823502   present: 1085   in FES: 151
** Event #6841088   t=493.011482464374   Elapsed: 343.942s (5m 43s)  98% completed  (99% total)
     Speed:     ev/sec=18158.3   simsec/sec=1.37366   ev/simsec=13218.9
     Messages:  created: 6859119   present: 1093   in FES: 151
** Event #6876928   t=495.163011483807   Elapsed: 345.952s (5m 45s)  99% completed  (99% total)
     Speed:     ev/sec=17831.8   simsec/sec=1.07047   ev/simsec=16657.9
     Messages:  created: 6892783   present: 1067   in FES: 110
** Event #6908928   t=497.317928928964   Elapsed: 347.97s (5m 47s)  99% completed  (99% total)
     Speed:     ev/sec=15855.5   simsec/sec=1.06773   ev/simsec=14849.8
     Messages:  created: 6923693   present: 1096   in FES: 121
** Event #6942208   t=499.74720593374   Elapsed: 349.973s (5m 49s)  99% completed  (99% total)
     Speed:     ev/sec=16615.7   simsec/sec=1.21287   ev/simsec=13699.5
     Messages:  created: 6955834   present: 1085   in FES: 118
** Event #6943664   t=500   Elapsed: 350.016s (5m 50s)  100% completed  (100% total)
     Speed:     ev/sec=34051   simsec/sec=5.85864   ev/simsec=5812.1
     Messages:  created: 6957662   present: 1029   in FES: 96

<!> Simulation time limit reached -- at t=500s, event #6943664
undisposed object: (omnetpp::cMessage) FanetStressNetwork.uav[0].app.debugTimer -- check module destructor
undisposed object: (omnetpp::cMessage) FanetStressNetwork.uav[1].app.debugTimer -- check module destructor
undisposed object: (omnetpp::cMessage) FanetStressNetwork.uav[2].app.debugTimer -- check module destructor
undisposed object: (omnetpp::cMessage) FanetStressNetwork.uav[3].app.debugTimer -- check module destructor
undisposed object: (omnetpp::cMessage) FanetStressNetwork.uav[4].app.debugTimer -- check module destructor
undisposed object: (omnetpp::cMessage) FanetStressNetwork.uav[5].app.debugTimer -- check module destructor
undisposed object: (omnetpp::cMessage) FanetStressNetwork.uav[6].app.debugTimer -- check module destructor
undisposed object: (omnetpp::cMessage) FanetStressNetwork.uav[7].app.debugTimer -- check module destructor
undisposed object: (omnetpp::cMessage) FanetStressNetwork.uav[8].app.debugTimer -- check module destructor
undisposed object: (omnetpp::cMessage) FanetStressNetwork.uav[9].app.debugTimer -- check module destructor
undisposed object: (omnetpp::cMessage) FanetStressNetwork.uav[10].app.debugTimer -- check module destructor
undisposed object: (omnetpp::cMessage) FanetStressNetwork.uav[11].app.debugTimer -- check module destructor
undisposed object: (omnetpp::cMessage) FanetStressNetwork.uav[12].app.debugTimer -- check module destructor
undisposed object: (omnetpp::cMessage) FanetStressNetwork.uav[13].app.debugTimer -- check module destructor
undisposed object: (omnetpp::cMessage) FanetStressNetwork.uav[14].app.debugTimer -- check module destructor
undisposed object: (omnetpp::cMessage) FanetStressNetwork.uav[15].app.debugTimer -- check module destructor
undisposed object: (omnetpp::cMessage) FanetStressNetwork.uav[16].app.debugTimer -- check module destructor
undisposed object: (omnetpp::cMessage) FanetStressNetwork.uav[17].app.debugTimer -- check module destructor
undisposed object: (omnetpp::cMessage) FanetStressNetwork.uav[18].app.debugTimer -- check module destructor
undisposed object: (omnetpp::cMessage) FanetStressNetwork.uav[19].app.debugTimer -- check module destructor
undisposed object: (omnetpp::cMessage) FanetStressNetwork.uav[20].app.debugTimer -- check module destructor
undisposed object: (omnetpp::cMessage) FanetStressNetwork.uav[21].app.debugTimer -- check module destructor
undisposed object: (omnetpp::cMessage) FanetStressNetwork.uav[22].app.debugTimer -- check module destructor
undisposed object: (omnetpp::cMessage) FanetStressNetwork.uav[23].app.debugTimer -- check module destructor
undisposed object: (omnetpp::cMessage) FanetStressNetwork.uav[24].app.debugTimer -- check module destructor
undisposed object: (omnetpp::cMessage) FanetStressNetwork.uav[25].app.debugTimer -- check module destructor
undisposed object: (omnetpp::cMessage) FanetStressNetwork.uav[26].app.debugTimer -- check module destructor
undisposed object: (omnetpp::cMessage) FanetStressNetwork.uav[27].app.debugTimer -- check module destructor
undisposed object: (omnetpp::cMessage) FanetStressNetwork.uav[28].app.debugTimer -- check module destructor
undisposed object: (omnetpp::cMessage) FanetStressNetwork.uav[29].app.debugTimer -- check module destructor
