** Event #0   t=0   Elapsed: 7e-06s (0m 00s)  0% completed  (50% total)
     Speed:     ev/sec=0   simsec/sec=0   ev/simsec=0
     Messages:  created: 381   present: 381   in FES: 61
** Event #70912   t=66.031572359967   Elapsed: 2.0054s (0m 02s)  13% completed  (56% total)
     Speed:     ev/sec=35361.1   simsec/sec=32.927   ev/simsec=1073.93
     Messages:  created: 53714   present: 386   in FES: 46
** Event #140800   t=108.505617684157   Elapsed: 4.0115s (0m 04s)  21% completed  (60% total)
     Speed:     ev/sec=34837.7   simsec/sec=21.1724   ev/simsec=1645.43
     Messages:  created: 120069   present: 411   in FES: 49
** Event #207360   t=123.614462038314   Elapsed: 6.01293s (0m 06s)  24% completed  (62% total)
     Speed:     ev/sec=33256.2   simsec/sec=7.54902   ev/simsec=4405.37
     Messages:  created: 193691   present: 427   in FES: 46
** Event #274432   t=142.027817802089   Elapsed: 8.01653s (0m 08s)  28% completed  (64% total)
     Speed:     ev/sec=33475.8   simsec/sec=9.19016   ev/simsec=3642.57
     Messages:  created: 265388   present: 473   in FES: 37
** Event #333824   t=161.124053922898   Elapsed: 10.0246s (0m 10s)  32% completed  (66% total)
     Speed:     ev/sec=29576.3   simsec/sec=9.50965   ev/simsec=3110.14
     Messages:  created: 326578   present: 566   in FES: 46
** Event #393472   t=183.75214123612   Elapsed: 12.0311s (0m 12s)  36% completed  (68% total)
     Speed:     ev/sec=29727.5   simsec/sec=11.2774   ev/simsec=2636.02
     Messages:  created: 387125   present: 734   in FES: 47
** Event #457472   t=202.066978792659   Elapsed: 14.0321s (0m 14s)  40% completed  (70% total)
     Speed:     ev/sec=31984.2   simsec/sec=9.15289   ev/simsec=3494.43
     Messages:  created: 454171   present: 766   in FES: 40
** Event #522752   t=220.071120187846   Elapsed: 16.0373s (0m 16s)  44% completed  (72% total)
     Speed:     ev/sec=32555.6   simsec/sec=8.97878   ev/simsec=3625.83
     Messages:  created: 521781   present: 777   in FES: 36
** Event #581120   t=239.306021306125   Elapsed: 18.0411s (0m 18s)  47% completed  (73% total)
     Speed:     ev/sec=29128.7   simsec/sec=9.59923   ev/simsec=3034.48
     Messages:  created: 581578   present: 879   in FES: 49
** Event #645120   t=252.652149113724   Elapsed: 20.0418s (0m 20s)  50% completed  (75% total)
     Speed:     ev/sec=31988.6   simsec/sec=6.67069   ev/simsec=4795.4
     Messages:  created: 652350   present: 711   in FES: 44
** Event #705792   t=272.864462983108   Elapsed: 22.0465s (0m 22s)  54% completed  (77% total)
     Speed:     ev/sec=30265.2   simsec/sec=10.0826   ev/simsec=3001.73
     Messages:  created: 713654   present: 726   in FES: 46
** Event #767488   t=283.031570886727   Elapsed: 24.048s (0m 24s)  56% completed  (78% total)
     Speed:     ev/sec=30824.2   simsec/sec=5.07962   ev/simsec=6068.2
     Messages:  created: 784244   present: 698   in FES: 36
** Event #820224   t=287.496041653445   Elapsed: 26.0505s (0m 26s)  57% completed  (78% total)
     Speed:     ev/sec=26335.3   simsec/sec=2.22947   ev/simsec=11812.4
     Messages:  created: 847229   present: 718   in FES: 43
** Event #879616   t=302.49981479155   Elapsed: 28.0558s (0m 28s)  60% completed  (80% total)
     Speed:     ev/sec=29617.3   simsec/sec=7.48201   ev/simsec=3958.47
     Messages:  created: 911453   present: 738   in FES: 49
** Event #941056   t=321.999790875601   Elapsed: 30.0635s (0m 30s)  64% completed  (82% total)
     Speed:     ev/sec=30602.2   simsec/sec=9.7126   ev/simsec=3150.77
     Messages:  created: 974345   present: 718   in FES: 47
** Event #999424   t=343.760597346094   Elapsed: 32.0669s (0m 32s)  68% completed  (84% total)
     Speed:     ev/sec=29134   simsec/sec=10.8618   ev/simsec=2682.25
     Messages:  created: 1031199   present: 774   in FES: 47
** Event #1051648   t=362.502142908059   Elapsed: 34.0719s (0m 34s)  72% completed  (86% total)
     Speed:     ev/sec=26047.6   simsec/sec=9.34766   ev/simsec=2786.54
     Messages:  created: 1081607   present: 811   in FES: 42
** Event #1114368   t=387.260609432525   Elapsed: 36.0719s (0m 36s)  77% completed  (88% total)
     Speed:     ev/sec=31360   simsec/sec=12.3792   ev/simsec=2533.27
     Messages:  created: 1142001   present: 904   in FES: 53
** Event #1174016   t=411.039590352467   Elapsed: 38.0737s (0m 38s)  82% completed  (91% total)
     Speed:     ev/sec=29796.8   simsec/sec=11.8786   ev/simsec=2508.43
     Messages:  created: 1200971   present: 997   in FES: 46
** Event #1229312   t=420.586265179616   Elapsed: 40.1824s (0m 40s)  84% completed  (92% total)
     Speed:     ev/sec=26223   simsec/sec=4.52732   ev/simsec=5792.17
     Messages:  created: 1262086   present: 782   in FES: 35
** Event #1282560   t=434.865128201579   Elapsed: 42.1893s (0m 42s)  86% completed  (93% total)
     Speed:     ev/sec=26533   simsec/sec=7.11503   ev/simsec=3729.15
     Messages:  created: 1316089   present: 799   in FES: 39
** Event #1336320   t=449.032351608479   Elapsed: 44.1974s (0m 44s)  89% completed  (94% total)
     Speed:     ev/sec=26771.2   simsec/sec=7.05494   ev/simsec=3794.67
     Messages:  created: 1370890   present: 796   in FES: 40
** Event #1390592   t=464.499353485981   Elapsed: 46.1991s (0m 46s)  92% completed  (96% total)
     Speed:     ev/sec=27112.7   simsec/sec=7.72685   ev/simsec=3508.89
     Messages:  created: 1425798   present: 811   in FES: 47
** Event #1438208   t=479.746321467628   Elapsed: 48.2036s (0m 48s)  95% completed  (97% total)
     Speed:     ev/sec=23755.2   simsec/sec=7.60658   ev/simsec=3122.98
     Messages:  created: 1473526   present: 825   in FES: 54
** Event #1493760   t=497.260598206363   Elapsed: 50.2045s (0m 50s)  99% completed  (99% total)
     Speed:     ev/sec=27763.4   simsec/sec=8.75316   ev/simsec=3171.81
     Messages:  created: 1528688   present: 808   in FES: 44
** Event #1502152   t=500   Elapsed: 50.4532s (0m 50s)  100% completed  (100% total)
     Speed:     ev/sec=33729   simsec/sec=11.0091   ev/simsec=3063.75
     Messages:  created: 1537239   present: 796   in FES: 37

<!> Simulation time limit reached -- at t=500s, event #1502152
undisposed object: (omnetpp::cMessage) FanetStressNetwork.uav[0].app.debugTimer -- check module destructor
undisposed object: (omnetpp::cMessage) FanetStressNetwork.uav[1].app.debugTimer -- check module destructor
undisposed object: (omnetpp::cMessage) FanetStressNetwork.uav[2].app.debugTimer -- check module destructor
undisposed object: (omnetpp::cMessage) FanetStressNetwork.uav[3].app.debugTimer -- check module destructor
undisposed object: (omnetpp::cMessage) FanetStressNetwork.uav[4].app.debugTimer -- check module destructor
undisposed object: (omnetpp::cMessage) FanetStressNetwork.uav[5].app.debugTimer -- check module destructor
undisposed object: (omnetpp::cMessage) FanetStressNetwork.uav[6].app.debugTimer -- check module destructor
undisposed object: (omnetpp::cMessage) FanetStressNetwork.uav[7].app.debugTimer -- check module destructor
undisposed object: (omnetpp::cMessage) FanetStressNetwork.uav[8].app.debugTimer -- check module destructor
undisposed object: (omnetpp::cMessage) FanetStressNetwork.uav[9].app.debugTimer -- check module destructor
