** Event #0   t=0   Elapsed: 8e-06s (0m 00s)  0% completed  (50% total)
     Speed:     ev/sec=0   simsec/sec=0   ev/simsec=0
     Messages:  created: 1081   present: 1081   in FES: 161
** Event #55296   t=6.232648911762   Elapsed: 2.01172s (0m 02s)  1% completed  (50% total)
     Speed:     ev/sec=27487.5   simsec/sec=3.09818   ev/simsec=8872.15
     Messages:  created: 44988   present: 1108   in FES: 125
** Event #92928   t=10.137818461666   Elapsed: 4.01827s (0m 04s)  2% completed  (51% total)
     Speed:     ev/sec=18754.6   simsec/sec=1.94621   ev/simsec=9636.46
     Messages:  created: 74782   present: 1112   in FES: 125
** Event #139520   t=15.077519613026   Elapsed: 6.02337s (0m 06s)  3% completed  (51% total)
     Speed:     ev/sec=23236.8   simsec/sec=2.46357   ev/simsec=9432.15
     Messages:  created: 111416   present: 1092   in FES: 117
** Event #180480   t=19.100213954478   Elapsed: 8.02833s (0m 08s)  3% completed  (51% total)
     Speed:     ev/sec=20429.4   simsec/sec=2.00637   ev/simsec=10182.2
     Messages:  created: 143564   present: 1111   in FES: 124
** Event #217600   t=23.07204796126   Elapsed: 10.0431s (0m 10s)  4% completed  (52% total)
     Speed:     ev/sec=18423.7   simsec/sec=1.97133   ev/simsec=9345.81
     Messages:  created: 172752   present: 1060   in FES: 107
** Event #259072   t=27.236738086675   Elapsed: 12.0433s (0m 12s)  5% completed  (52% total)
     Speed:     ev/sec=20734.5   simsec/sec=2.0822   ev/simsec=9958
     Messages:  created: 205927   present: 1093   in FES: 126
** Event #302336   t=32.055473448339   Elapsed: 14.0444s (0m 14s)  6% completed  (53% total)
     Speed:     ev/sec=21619.2   simsec/sec=2.40794   ev/simsec=8978.29
     Messages:  created: 240341   present: 1107   in FES: 126
** Event #344832   t=36.265000632724   Elapsed: 16.0541s (0m 16s)  7% completed  (53% total)
     Speed:     ev/sec=21146.3   simsec/sec=2.09469   ev/simsec=10095.2
     Messages:  created: 274394   present: 1088   in FES: 126
** Event #387584   t=41.059380394791   Elapsed: 18.0565s (0m 18s)  8% completed  (54% total)
     Speed:     ev/sec=21349.7   simsec/sec=2.39424   ev/simsec=8917.11
     Messages:  created: 308615   present: 1098   in FES: 119
** Event #435968   t=46.092718721885   Elapsed: 20.0577s (0m 20s)  9% completed  (54% total)
     Speed:     ev/sec=24178.4   simsec/sec=2.51525   ev/simsec=9612.71
     Messages:  created: 347643   present: 1108   in FES: 123
** Event #474880   t=50.268963555123   Elapsed: 22.0609s (0m 22s)  10% completed  (55% total)
     Speed:     ev/sec=19424.5   simsec/sec=2.08474   ev/simsec=9317.46
     Messages:  created: 379472   present: 1104   in FES: 123
** Event #520448   t=55.268955758677   Elapsed: 24.0683s (0m 24s)  11% completed  (55% total)
     Speed:     ev/sec=22700.6   simsec/sec=2.49085   ev/simsec=9113.61
     Messages:  created: 416598   present: 1098   in FES: 121
** Event #569344   t=61.035054241447   Elapsed: 26.0698s (0m 26s)  12% completed  (56% total)
     Speed:     ev/sec=24428.8   simsec/sec=2.88079   ev/simsec=8479.91
     Messages:  created: 456431   present: 1114   in FES: 126
** Event #613120   t=65.268874628749   Elapsed: 28.08s (0m 28s)  13% completed  (56% total)
     Speed:     ev/sec=21776.8   simsec/sec=2.10616   ev/simsec=10339.6
     Messages:  created: 491537   present: 1102   in FES: 126
** Event #650496   t=69.180884546482   Elapsed: 30.0904s (0m 30s)  13% completed  (56% total)
     Speed:     ev/sec=18591.4   simsec/sec=1.94589   ev/simsec=9554.17
     Messages:  created: 521230   present: 1066   in FES: 111
** Event #684800   t=73.055089713426   Elapsed: 32.1012s (0m 32s)  14% completed  (57% total)
     Speed:     ev/sec=17060.1   simsec/sec=1.92672   ev/simsec=8854.46
     Messages:  created: 548461   present: 1107   in FES: 126
** Event #718848   t=76.403650495601   Elapsed: 34.12s (0m 34s)  15% completed  (57% total)
     Speed:     ev/sec=16865.2   simsec/sec=1.65866   ev/simsec=10168
     Messages:  created: 575761   present: 1087   in FES: 118
** Event #765952   t=81.265111657041   Elapsed: 36.1247s (0m 36s)  16% completed  (58% total)
     Speed:     ev/sec=23497.8   simsec/sec=2.42514   ev/simsec=9689.27
     Messages:  created: 613123   present: 1059   in FES: 108
** Event #813824   t=86.132073802813   Elapsed: 38.1433s (0m 38s)  17% completed  (58% total)
     Speed:     ev/sec=23715.1   simsec/sec=2.41102   ev/simsec=9836.12
     Messages:  created: 650573   present: 1089   in FES: 126
** Event #850944   t=90.059380862478   Elapsed: 40.1488s (0m 40s)  18% completed  (59% total)
     Speed:     ev/sec=18509   simsec/sec=1.95826   ev/simsec=9451.77
     Messages:  created: 679393   present: 1104   in FES: 121
** Event #886016   t=93.269609354024   Elapsed: 42.153s (0m 42s)  18% completed  (59% total)
     Speed:     ev/sec=17499.5   simsec/sec=1.60178   ev/simsec=10925.1
     Messages:  created: 706679   present: 1058   in FES: 107
** Event #927488   t=97.458929829497   Elapsed: 44.1642s (0m 44s)  19% completed  (59% total)
     Speed:     ev/sec=20619.9   simsec/sec=2.08294   ev/simsec=9899.46
     Messages:  created: 738755   present: 1069   in FES: 112
** Event #964096   t=101.037088012812   Elapsed: 46.1648s (0m 46s)  20% completed  (60% total)
     Speed:     ev/sec=18299   simsec/sec=1.78859   ev/simsec=10231
     Messages:  created: 768202   present: 1101   in FES: 120
** Event #1009664   t=104.023531368648   Elapsed: 48.1748s (0m 48s)  20% completed  (60% total)
     Speed:     ev/sec=22670.3   simsec/sec=1.48577   ev/simsec=15258.3
     Messages:  created: 812007   present: 1041   in FES: 100
** Event #1059840   t=107.042241011871   Elapsed: 50.1785s (0m 50s)  21% completed  (60% total)
     Speed:     ev/sec=25041.7   simsec/sec=1.50657   ev/simsec=16621.7
     Messages:  created: 860937   present: 1116   in FES: 126
** Event #1111552   t=110.072048046225   Elapsed: 52.18s (0m 52s)  22% completed  (61% total)
     Speed:     ev/sec=25836.9   simsec/sec=1.51379   ev/simsec=17067.8
     Messages:  created: 911609   present: 1066   in FES: 106
** Event #1157120   t=113.034674975801   Elapsed: 54.1852s (0m 54s)  22% completed  (61% total)
     Speed:     ev/sec=22724.6   simsec/sec=1.47745   ev/simsec=15380.9
     Messages:  created: 956737   present: 1045   in FES: 101
** Event #1195776   t=115.472642622681   Elapsed: 56.1942s (0m 56s)  23% completed  (61% total)
     Speed:     ev/sec=19241.8   simsec/sec=1.21355   ev/simsec=15855.8
     Messages:  created: 993365   present: 1058   in FES: 104
** Event #1241088   t=118.125722838662   Elapsed: 58.2042s (0m 58s)  23% completed  (61% total)
     Speed:     ev/sec=22543.1   simsec/sec=1.31993   ev/simsec=17079
     Messages:  created: 1039058   present: 1128   in FES: 128
** Event #1292288   t=121.179117923309   Elapsed: 60.217s (1m 00s)  24% completed  (62% total)
     Speed:     ev/sec=25436.8   simsec/sec=1.51697   ev/simsec=16768.2
     Messages:  created: 1090349   present: 1124   in FES: 127
** Event #1340416   t=124.268979083078   Elapsed: 62.2241s (1m 02s)  24% completed  (62% total)
     Speed:     ev/sec=23979.1   simsec/sec=1.53948   ev/simsec=15576.1
     Messages:  created: 1137672   present: 1114   in FES: 122
** Event #1388032   t=127.32452381251   Elapsed: 64.2279s (1m 04s)  25% completed  (62% total)
     Speed:     ev/sec=23762.6   simsec/sec=1.52486   ev/simsec=15583.5
     Messages:  created: 1184766   present: 1037   in FES: 99
** Event #1436672   t=130.40363078014   Elapsed: 66.2406s (1m 06s)  26% completed  (63% total)
     Speed:     ev/sec=24166.4   simsec/sec=1.52983   ev/simsec=15796.8
     Messages:  created: 1233080   present: 1103   in FES: 119
** Event #1472512   t=133.034674444453   Elapsed: 68.2439s (1m 08s)  26% completed  (63% total)
     Speed:     ev/sec=17890.7   simsec/sec=1.31337   ev/simsec=13622
     Messages:  created: 1269089   present: 1098   in FES: 116
** Event #1517312   t=136.03467437294   Elapsed: 70.2463s (1m 10s)  27% completed  (63% total)
     Speed:     ev/sec=22373.3   simsec/sec=1.49821   ev/simsec=14933.3
     Messages:  created: 1313775   present: 1100   in FES: 116
** Event #1561856   t=139.055408695775   Elapsed: 72.2533s (1m 12s)  27% completed  (63% total)
     Speed:     ev/sec=22194.7   simsec/sec=1.50512   ev/simsec=14746.1
     Messages:  created: 1357293   present: 1088   in FES: 111
** Event #1610496   t=142.186509136586   Elapsed: 74.2568s (1m 14s)  28% completed  (64% total)
     Speed:     ev/sec=24276.8   simsec/sec=1.56277   ev/simsec=15534.5
     Messages:  created: 1403926   present: 1064   in FES: 104
** Event #1657344   t=145.429163523483   Elapsed: 76.2658s (1m 16s)  29% completed  (64% total)
     Speed:     ev/sec=23318.9   simsec/sec=1.61405   ev/simsec=14447.4
     Messages:  created: 1449149   present: 1095   in FES: 118
** Event #1695744   t=148.12504875596   Elapsed: 78.2696s (1m 18s)  29% completed  (64% total)
     Speed:     ev/sec=19164.3   simsec/sec=1.34544   ev/simsec=14243.9
     Messages:  created: 1485322   present: 1097   in FES: 117
** Event #1738240   t=151.152238008737   Elapsed: 80.2899s (1m 20s)  30% completed  (65% total)
     Speed:     ev/sec=21033.9   simsec/sec=1.49834   ev/simsec=14038.1
     Messages:  created: 1525194   present: 1108   in FES: 126
** Event #1779712   t=154.132205057153   Elapsed: 82.291s (1m 22s)  30% completed  (65% total)
     Speed:     ev/sec=20725.3   simsec/sec=1.48921   ev/simsec=13916.9
     Messages:  created: 1564211   present: 1045   in FES: 99
** Event #1821696   t=157.08372107297   Elapsed: 84.3003s (1m 24s)  31% completed  (65% total)
     Speed:     ev/sec=20894.3   simsec/sec=1.46889   ev/simsec=14224.6
     Messages:  created: 1604882   present: 1085   in FES: 109
** Event #1867264   t=160.132199940173   Elapsed: 86.3075s (1m 26s)  32% completed  (66% total)
     Speed:     ev/sec=22702.6   simsec/sec=1.5188   ev/simsec=14947.8
     Messages:  created: 1648873   present: 1120   in FES: 124
** Event #1917440   t=163.554586301435   Elapsed: 88.3177s (1m 28s)  32% completed  (66% total)
     Speed:     ev/sec=24960.8   simsec/sec=1.70252   ev/simsec=14661.1
     Messages:  created: 1697695   present: 1083   in FES: 127
** Event #1961984   t=166.472520642959   Elapsed: 90.3347s (1m 30s)  33% completed  (66% total)
     Speed:     ev/sec=22083.9   simsec/sec=1.44664   ev/simsec=15265.6
     Messages:  created: 1742149   present: 1110   in FES: 126
** Event #2003456   t=169.236818183934   Elapsed: 92.338s (1m 32s)  33% completed  (66% total)
     Speed:     ev/sec=20701.8   simsec/sec=1.37987   ev/simsec=15002.7
     Messages:  created: 1783544   present: 1053   in FES: 101
** Event #2050560   t=172.554630254108   Elapsed: 94.3513s (1m 34s)  34% completed  (67% total)
     Speed:     ev/sec=23396.2   simsec/sec=1.64793   ev/simsec=14197.3
     Messages:  created: 1830932   present: 1117   in FES: 137
** Event #2096640   t=176.03467505109   Elapsed: 96.3514s (1m 36s)  35% completed  (67% total)
     Speed:     ev/sec=23039   simsec/sec=1.73995   ev/simsec=13241.2
     Messages:  created: 1876784   present: 1086   in FES: 112
** Event #2147840   t=179.458816082543   Elapsed: 98.3563s (1m 38s)  35% completed  (67% total)
     Speed:     ev/sec=25537   simsec/sec=1.70786   ev/simsec=14952.7
     Messages:  created: 1927007   present: 1107   in FES: 126
** Event #2199808   t=183.132176559524   Elapsed: 100.372s (1m 40s)  36% completed  (68% total)
     Speed:     ev/sec=25778.4   simsec/sec=1.82215   ev/simsec=14147.3
     Messages:  created: 1978257   present: 1102   in FES: 118
** Event #2244352   t=186.304586626327   Elapsed: 102.376s (1m 42s)  37% completed  (68% total)
     Speed:     ev/sec=22233.1   simsec/sec=1.58344   ev/simsec=14041.1
     Messages:  created: 2021816   present: 1069   in FES: 127
** Event #2291968   t=190.011661565511   Elapsed: 104.381s (1m 44s)  38% completed  (69% total)
     Speed:     ev/sec=23745.9   simsec/sec=1.8487   ev/simsec=12844.6
     Messages:  created: 2069519   present: 1114   in FES: 126
** Event #2339072   t=193.100198687136   Elapsed: 106.388s (1m 46s)  38% completed  (69% total)
     Speed:     ev/sec=23469.6   simsec/sec=1.53887   ev/simsec=15251.2
     Messages:  created: 2115934   present: 1118   in FES: 118
** Event #2394624   t=197.132188343314   Elapsed: 108.396s (1m 48s)  39% completed  (69% total)
     Speed:     ev/sec=27667.4   simsec/sec=2.00811   ev/simsec=13777.8
     Messages:  created: 2171095   present: 1102   in FES: 118
** Event #2438656   t=200.254981213315   Elapsed: 110.413s (1m 50s)  40% completed  (70% total)
     Speed:     ev/sec=21829.9   simsec/sec=1.5482   ev/simsec=14100.2
     Messages:  created: 2214380   present: 1058   in FES: 104
** Event #2484992   t=203.265123713491   Elapsed: 112.428s (1m 52s)  40% completed  (70% total)
     Speed:     ev/sec=22989.4   simsec/sec=1.49347   ev/simsec=15393.3
     Messages:  created: 2260024   present: 1055   in FES: 103
** Event #2528000   t=206.254976062557   Elapsed: 114.45s (1m 54s)  41% completed  (70% total)
     Speed:     ev/sec=21277.7   simsec/sec=1.47919   ev/simsec=14384.7
     Messages:  created: 2302001   present: 1120   in FES: 124
** Event #2571008   t=209.179119271863   Elapsed: 116.452s (1m 56s)  41% completed  (70% total)
     Speed:     ev/sec=21483.3   simsec/sec=1.46066   ev/simsec=14707.9
     Messages:  created: 2343613   present: 1059   in FES: 127
** Event #2615040   t=212.149501978248   Elapsed: 118.452s (1m 58s)  42% completed  (71% total)
     Speed:     ev/sec=22015.8   simsec/sec=1.48518   ev/simsec=14823.7
     Messages:  created: 2385873   present: 1115   in FES: 126
** Event #2662656   t=215.458930273418   Elapsed: 120.521s (2m 00s)  43% completed  (71% total)
     Speed:     ev/sec=23010.2   simsec/sec=1.59927   ev/simsec=14388
     Messages:  created: 2431049   present: 1067   in FES: 107
** Event #2701056   t=218.137815834784   Elapsed: 122.533s (2m 02s)  43% completed  (71% total)
     Speed:     ev/sec=19082.5   simsec/sec=1.33124   ev/simsec=14334.3
     Messages:  created: 2466870   present: 1078   in FES: 110
** Event #2738688   t=221.037089086092   Elapsed: 124.539s (2m 04s)  44% completed  (72% total)
     Speed:     ev/sec=18766.2   simsec/sec=1.4458   ev/simsec=12979.8
     Messages:  created: 2502232   present: 1066   in FES: 104
** Event #2773248   t=223.180888046697   Elapsed: 126.552s (2m 06s)  44% completed  (72% total)
     Speed:     ev/sec=17168.5   simsec/sec=1.06498   ev/simsec=16120.9
     Messages:  created: 2534092   present: 1101   in FES: 117
** Event #2812160   t=226.059380232425   Elapsed: 128.555s (2m 08s)  45% completed  (72% total)
     Speed:     ev/sec=19421.1   simsec/sec=1.43666   ev/simsec=13518.2
     Messages:  created: 2570848   present: 1129   in FES: 123
** Event #2852608   t=228.432988532115   Elapsed: 130.565s (2m 10s)  45% completed  (72% total)
     Speed:     ev/sec=20125.1   simsec/sec=1.181   ev/simsec=17040.7
     Messages:  created: 2609501   present: 1088   in FES: 112
** Event #2899712   t=231.429118794901   Elapsed: 132.574s (2m 12s)  46% completed  (73% total)
     Speed:     ev/sec=23450.1   simsec/sec=1.49158   ev/simsec=15721.6
     Messages:  created: 2654911   present: 1098   in FES: 127
** Event #2938880   t=234.083409383505   Elapsed: 134.579s (2m 14s)  46% completed  (73% total)
     Speed:     ev/sec=19534.9   simsec/sec=1.32382   ev/simsec=14756.5
     Messages:  created: 2692465   present: 1111   in FES: 119
** Event #2974208   t=236.178897065091   Elapsed: 136.588s (2m 16s)  47% completed  (73% total)
     Speed:     ev/sec=17585   simsec/sec=1.04306   ev/simsec=16859.1
     Messages:  created: 2726598   present: 1110   in FES: 126
** Event #3019264   t=239.072886398657   Elapsed: 138.589s (2m 18s)  47% completed  (73% total)
     Speed:     ev/sec=22510.7   simsec/sec=1.44588   ev/simsec=15568.8
     Messages:  created: 2771182   present: 1122   in FES: 120
** Event #3059200   t=241.34157699713   Elapsed: 140.602s (2m 20s)  48% completed  (74% total)
     Speed:     ev/sec=19842.6   simsec/sec=1.12722   ev/simsec=17603.1
     Messages:  created: 2810314   present: 1127   in FES: 128
** Event #3105792   t=244.342161527054   Elapsed: 142.604s (2m 22s)  48% completed  (74% total)
     Speed:     ev/sec=23266.4   simsec/sec=1.49839   ev/simsec=15527.6
     Messages:  created: 2854929   present: 1081   in FES: 109
** Event #3149056   t=247.180892600516   Elapsed: 144.625s (2m 24s)  49% completed  (74% total)
     Speed:     ev/sec=21417.5   simsec/sec=1.40529   ev/simsec=15240.6
     Messages:  created: 2895992   present: 1065   in FES: 105
** Event #3194112   t=250.128617344191   Elapsed: 146.656s (2m 26s)  50% completed  (75% total)
     Speed:     ev/sec=22177.4   simsec/sec=1.45092   ev/simsec=15285
     Messages:  created: 2939110   present: 1036   in FES: 96
** Event #3240192   t=253.087298600782   Elapsed: 148.664s (2m 28s)  50% completed  (75% total)
     Speed:     ev/sec=22947.9   simsec/sec=1.47343   ev/simsec=15574.5
     Messages:  created: 2983913   present: 1085   in FES: 109
** Event #3280384   t=255.799553566066   Elapsed: 150.666s (2m 30s)  51% completed  (75% total)
     Speed:     ev/sec=20081   simsec/sec=1.35512   ev/simsec=14818.7
     Messages:  created: 3023486   present: 1034   in FES: 95
** Event #3334912   t=259.083009084521   Elapsed: 152.667s (2m 32s)  51% completed  (75% total)
     Speed:     ev/sec=27251.7   simsec/sec=1.64098   ev/simsec=16606.9
     Messages:  created: 3077046   present: 1130   in FES: 126
** Event #3376896   t=261.591589400737   Elapsed: 154.674s (2m 34s)  52% completed  (76% total)
     Speed:     ev/sec=20910.9   simsec/sec=1.24944   ev/simsec=16736.2
     Messages:  created: 3119526   present: 1106   in FES: 138
** Event #3426560   t=264.804585766485   Elapsed: 156.675s (2m 36s)  52% completed  (76% total)
     Speed:     ev/sec=24823   simsec/sec=1.60592   ev/simsec=15457.2
     Messages:  created: 3170127   present: 1115   in FES: 127
** Event #3480576   t=268.07746690584   Elapsed: 158.677s (2m 38s)  53% completed  (76% total)
     Speed:     ev/sec=26975.3   simsec/sec=1.63446   ev/simsec=16504.1
     Messages:  created: 3224889   present: 1133   in FES: 126
** Event #3533312   t=271.236828764568   Elapsed: 160.681s (2m 40s)  54% completed  (77% total)
     Speed:     ev/sec=26322.7   simsec/sec=1.57697   ev/simsec=16692
     Messages:  created: 3277936   present: 1089   in FES: 113
** Event #3582464   t=274.472519207979   Elapsed: 162.686s (2m 42s)  54% completed  (77% total)
     Speed:     ev/sec=24519.5   simsec/sec=1.61413   ev/simsec=15190.6
     Messages:  created: 3327178   present: 1035   in FES: 96
** Event #3622912   t=277.124951966329   Elapsed: 164.686s (2m 44s)  55% completed  (77% total)
     Speed:     ev/sec=20217.4   simsec/sec=1.32578   ev/simsec=15249.4
     Messages:  created: 3367467   present: 1124   in FES: 126
** Event #3663872   t=280.02597042166   Elapsed: 166.691s (2m 46s)  56% completed  (78% total)
     Speed:     ev/sec=20428.8   simsec/sec=1.44688   ev/simsec=14119.2
     Messages:  created: 3408913   present: 1114   in FES: 120
** Event #3713792   t=283.107362531864   Elapsed: 168.7s (2m 48s)  56% completed  (78% total)
     Speed:     ev/sec=24846.3   simsec/sec=1.53368   ev/simsec=16200.5
     Messages:  created: 3457433   present: 1134   in FES: 127
** Event #3758080   t=286.186393488431   Elapsed: 170.708s (2m 50s)  57% completed  (78% total)
     Speed:     ev/sec=22058.1   simsec/sec=1.53354   ev/simsec=14383.7
     Messages:  created: 3500531   present: 1102   in FES: 126
** Event #3812608   t=290.105385620399   Elapsed: 172.711s (2m 52s)  58% completed  (79% total)
     Speed:     ev/sec=27228.8   simsec/sec=1.95697   ev/simsec=13913.8
     Messages:  created: 3554321   present: 1134   in FES: 124
** Event #3845376   t=292.554632582081   Elapsed: 174.714s (2m 54s)  58% completed  (79% total)
     Speed:     ev/sec=16358.9   simsec/sec=1.22275   ev/simsec=13378.8
     Messages:  created: 3586538   present: 1071   in FES: 107
** Event #3895040   t=296.099086390344   Elapsed: 176.716s (2m 56s)  59% completed  (79% total)
     Speed:     ev/sec=24803.8   simsec/sec=1.77022   ev/simsec=14011.7
     Messages:  created: 3635702   present: 1095   in FES: 113
** Event #3950080   t=299.304365098597   Elapsed: 178.72s (2m 58s)  59% completed  (79% total)
     Speed:     ev/sec=27460.9   simsec/sec=1.5992   ev/simsec=17171.7
     Messages:  created: 3693966   present: 1118   in FES: 126
** Event #4015104   t=303.59933655779   Elapsed: 180.724s (3m 00s)  60% completed  (80% total)
     Speed:     ev/sec=32449   simsec/sec=2.14332   ev/simsec=15139.6
     Messages:  created: 3762366   present: 1132   in FES: 126
** Event #4069120   t=307.341578571513   Elapsed: 182.733s (3m 02s)  61% completed  (80% total)
     Speed:     ev/sec=26890.8   simsec/sec=1.863   ev/simsec=14434.1
     Messages:  created: 3818097   present: 1103   in FES: 127
** Event #4125184   t=311.458816098928   Elapsed: 184.735s (3m 04s)  62% completed  (81% total)
     Speed:     ev/sec=28006.4   simsec/sec=2.05674   ev/simsec=13616.9
     Messages:  created: 3876083   present: 1101   in FES: 126
** Event #4185600   t=316.023455766485   Elapsed: 186.735s (3m 06s)  63% completed  (81% total)
     Speed:     ev/sec=30203   simsec/sec=2.28195   ev/simsec=13235.7
     Messages:  created: 3938301   present: 1115   in FES: 121
** Event #4237568   t=319.349086302066   Elapsed: 188.74s (3m 08s)  63% completed  (81% total)
     Speed:     ev/sec=25914.5   simsec/sec=1.65837   ev/simsec=15626.5
     Messages:  created: 3990524   present: 1101   in FES: 117
** Event #4283136   t=322.499272258424   Elapsed: 190.752s (3m 10s)  64% completed  (82% total)
     Speed:     ev/sec=22647.9   simsec/sec=1.56569   ev/simsec=14465.2
     Messages:  created: 4036053   present: 1097   in FES: 126
** Event #4327680   t=325.599828411673   Elapsed: 192.863s (3m 12s)  65% completed  (82% total)
     Speed:     ev/sec=21102.8   simsec/sec=1.4689   ev/simsec=14366.5
     Messages:  created: 4080246   present: 1048   in FES: 126
** Event #4371968   t=328.841621949817   Elapsed: 194.864s (3m 14s)  65% completed  (82% total)
     Speed:     ev/sec=22131.5   simsec/sec=1.61998   ev/simsec=13661.6
     Messages:  created: 4123180   present: 1127   in FES: 133
** Event #4412928   t=331.458922521605   Elapsed: 196.888s (3m 16s)  66% completed  (83% total)
     Speed:     ev/sec=20240.6   simsec/sec=1.29335   ev/simsec=15649.7
     Messages:  created: 4162386   present: 1070   in FES: 108
** Event #4462336   t=335.059325765818   Elapsed: 198.9s (3m 18s)  67% completed  (83% total)
     Speed:     ev/sec=24555.8   simsec/sec=1.7894   ev/simsec=13722.9
     Messages:  created: 4210288   present: 1047   in FES: 97
** Event #4513536   t=338.401199192602   Elapsed: 200.905s (3m 20s)  67% completed  (83% total)
     Speed:     ev/sec=25543.2   simsec/sec=1.66723   ev/simsec=15320.7
     Messages:  created: 4259217   present: 1034   in FES: 95
** Event #4556800   t=341.10428851721   Elapsed: 202.906s (3m 22s)  68% completed  (84% total)
     Speed:     ev/sec=21613.7   simsec/sec=1.3504   ev/simsec=16005.4
     Messages:  created: 4302235   present: 1079   in FES: 122
** Event #4602368   t=344.083777180078   Elapsed: 204.911s (3m 24s)  68% completed  (84% total)
     Speed:     ev/sec=22727.5   simsec/sec=1.48605   ev/simsec=15293.9
     Messages:  created: 4347649   present: 1119   in FES: 121
** Event #4652800   t=347.149614706984   Elapsed: 206.911s (3m 26s)  69% completed  (84% total)
     Speed:     ev/sec=25215.9   simsec/sec=1.53291   ev/simsec=16449.7
     Messages:  created: 4398248   present: 1081   in FES: 111
** Event #4699904   t=350.254940118381   Elapsed: 208.928s (3m 28s)  70% completed  (85% total)
     Speed:     ev/sec=23360.5   simsec/sec=1.54004   ev/simsec=15168.8
     Messages:  created: 4445421   present: 1118   in FES: 124
** Event #4747520   t=353.554586186272   Elapsed: 210.935s (3m 30s)  70% completed  (85% total)
     Speed:     ev/sec=23724.1   simsec/sec=1.64401   ev/simsec=14430.6
     Messages:  created: 4493420   present: 1107   in FES: 127
** Event #4796672   t=357.050256218868   Elapsed: 212.936s (3m 32s)  71% completed  (85% total)
     Speed:     ev/sec=24555.2   simsec/sec=1.74635   ev/simsec=14060.8
     Messages:  created: 4543047   present: 1122   in FES: 124
** Event #4841984   t=360.037088405913   Elapsed: 214.941s (3m 34s)  72% completed  (86% total)
     Speed:     ev/sec=22609.3   simsec/sec=1.49034   ev/simsec=15170.6
     Messages:  created: 4589083   present: 1120   in FES: 122
** Event #4884224   t=362.458913978346   Elapsed: 216.961s (3m 36s)  72% completed  (86% total)
     Speed:     ev/sec=20903.2   simsec/sec=1.19848   ev/simsec=17441.4
     Messages:  created: 4631820   present: 1106   in FES: 120
** Event #4927232   t=365.132172155688   Elapsed: 218.969s (3m 38s)  73% completed  (86% total)
     Speed:     ev/sec=21425.8   simsec/sec=1.33177   ev/simsec=16088.2
     Messages:  created: 4675416   present: 1114   in FES: 122
** Event #4970240   t=368.011713908318   Elapsed: 220.973s (3m 40s)  73% completed  (86% total)
     Speed:     ev/sec=21453.4   simsec/sec=1.43639   ev/simsec=14935.7
     Messages:  created: 4719557   present: 1131   in FES: 125
** Event #5011200   t=370.236737218685   Elapsed: 222.997s (3m 42s)  74% completed  (87% total)
     Speed:     ev/sec=20235.7   simsec/sec=1.09924   ev/simsec=18408.8
     Messages:  created: 4759831   present: 1037   in FES: 97
** Event #5058048   t=373.232547991157   Elapsed: 225.008s (3m 45s)  74% completed  (87% total)
     Speed:     ev/sec=23303.7   simsec/sec=1.49022   ev/simsec=15637.8
     Messages:  created: 4807087   present: 1107   in FES: 126
** Event #5113600   t=376.330254929204   Elapsed: 227.011s (3m 47s)  75% completed  (87% total)
     Speed:     ev/sec=27729.9   simsec/sec=1.54628   ev/simsec=17933.3
     Messages:  created: 4865553   present: 1108   in FES: 100
** Event #5176576   t=380.081862420679   Elapsed: 229.012s (3m 49s)  76% completed  (88% total)
     Speed:     ev/sec=31475.7   simsec/sec=1.87507   ev/simsec=16786.4
     Messages:  created: 4931800   present: 1094   in FES: 126
** Event #5222912   t=383.05509413784   Elapsed: 231.015s (3m 51s)  76% completed  (88% total)
     Speed:     ev/sec=23132.9   simsec/sec=1.48436   ev/simsec=15584.4
     Messages:  created: 4979035   present: 1032   in FES: 97
** Event #5271296   t=386.054860959448   Elapsed: 233.017s (3m 53s)  77% completed  (88% total)
     Speed:     ev/sec=24163   simsec/sec=1.49808   ev/simsec=16129.3
     Messages:  created: 5029124   present: 1093   in FES: 127
** Event #5323776   t=389.149581849422   Elapsed: 235.035s (3m 55s)  77% completed  (88% total)
     Speed:     ev/sec=26012.1   simsec/sec=1.53392   ev/simsec=16957.9
     Messages:  created: 5083580   present: 1108   in FES: 125
** Event #5388032   t=393.152344413233   Elapsed: 237.037s (3m 57s)  78% completed  (89% total)
     Speed:     ev/sec=32098.1   simsec/sec=1.99952   ev/simsec=16052.9
     Messages:  created: 5151096   present: 1080   in FES: 115
** Event #5445888   t=396.843700096361   Elapsed: 239.037s (3m 59s)  79% completed  (89% total)
     Speed:     ev/sec=28927   simsec/sec=1.84561   ev/simsec=15673.4
     Messages:  created: 5213134   present: 1082   in FES: 127
** Event #5509376   t=400.679620393783   Elapsed: 241.042s (4m 01s)  80% completed  (90% total)
     Speed:     ev/sec=31669.7   simsec/sec=1.91347   ev/simsec=16550.9
     Messages:  created: 5280251   present: 1118   in FES: 133
** Event #5561088   t=404.055606955781   Elapsed: 243.046s (4m 03s)  80% completed  (90% total)
     Speed:     ev/sec=25800.6   simsec/sec=1.68438   ev/simsec=15317.6
     Messages:  created: 5334410   present: 1087   in FES: 128
** Event #5609216   t=407.077465846224   Elapsed: 245.053s (4m 05s)  81% completed  (90% total)
     Speed:     ev/sec=23973.3   simsec/sec=1.50524   ev/simsec=15926.6
     Messages:  created: 5385167   present: 1103   in FES: 126
** Event #5671168   t=411.050203669049   Elapsed: 247.061s (4m 07s)  82% completed  (91% total)
     Speed:     ev/sec=30861   simsec/sec=1.97899   ev/simsec=15594.3
     Messages:  created: 5450606   present: 1106   in FES: 126
** Event #5734400   t=415.035106829827   Elapsed: 249.065s (4m 09s)  83% completed  (91% total)
     Speed:     ev/sec=31547.2   simsec/sec=1.98812   ev/simsec=15867.9
     Messages:  created: 5516974   present: 1072   in FES: 111
** Event #5793024   t=418.179947252232   Elapsed: 251.067s (4m 11s)  83% completed  (91% total)
     Speed:     ev/sec=29282.2   simsec/sec=1.57082   ev/simsec=18641.3
     Messages:  created: 5578686   present: 1102   in FES: 151
** Event #5846784   t=421.422275952057   Elapsed: 253.072s (4m 13s)  84% completed  (92% total)
     Speed:     ev/sec=26817.2   simsec/sec=1.61737   ev/simsec=16580.7
     Messages:  created: 5634989   present: 1021   in FES: 95
** Event #5897472   t=424.40362723765   Elapsed: 255.088s (4m 15s)  84% completed  (92% total)
     Speed:     ev/sec=25138.8   simsec/sec=1.4786   ev/simsec=17001.7
     Messages:  created: 5688100   present: 1081   in FES: 116
** Event #5945088   t=427.349538198378   Elapsed: 257.094s (4m 17s)  85% completed  (92% total)
     Speed:     ev/sec=23743.3   simsec/sec=1.46895   ev/simsec=16163.4
     Messages:  created: 5737218   present: 1102   in FES: 127
** Event #6004736   t=431.12504173652   Elapsed: 259.101s (4m 19s)  86% completed  (93% total)
     Speed:     ev/sec=29710.8   simsec/sec=1.88058   ev/simsec=15798.7
     Messages:  created: 5798251   present: 1038   in FES: 101
** Event #6055424   t=434.380366688053   Elapsed: 261.114s (4m 21s)  86% completed  (93% total)
     Speed:     ev/sec=25182.8   simsec/sec=1.61731   ev/simsec=15570.8
     Messages:  created: 5849698   present: 1054   in FES: 107
** Event #6105088   t=437.472622136383   Elapsed: 263.12s (4m 23s)  87% completed  (93% total)
     Speed:     ev/sec=24763.4   simsec/sec=1.54186   ev/simsec=16060.8
     Messages:  created: 5900681   present: 1090   in FES: 119
** Event #6168576   t=441.30436429632   Elapsed: 265.139s (4m 25s)  88% completed  (94% total)
     Speed:     ev/sec=31439.6   simsec/sec=1.8975   ev/simsec=16569
     Messages:  created: 5966762   present: 1092   in FES: 126
** Event #6230272   t=445.059380598072   Elapsed: 267.139s (4m 27s)  89% completed  (94% total)
     Speed:     ev/sec=30845.2   simsec/sec=1.87734   ev/simsec=16430.3
     Messages:  created: 6031203   present: 1107   in FES: 118
** Event #6284800   t=448.23685576957   Elapsed: 269.14s (4m 29s)  89% completed  (94% total)
     Speed:     ev/sec=27254.6   simsec/sec=1.58819   ev/simsec=17160.8
     Messages:  created: 6086578   present: 1095   in FES: 120
** Event #6344960   t=452.02596998924   Elapsed: 271.141s (4m 31s)  90% completed  (95% total)
     Speed:     ev/sec=30064.9   simsec/sec=1.89361   ev/simsec=15877.1
     Messages:  created: 6148804   present: 1097   in FES: 118
** Event #6401792   t=455.186393488431   Elapsed: 273.149s (4m 33s)  91% completed  (95% total)
     Speed:     ev/sec=28303.4   simsec/sec=1.57395   ev/simsec=17982.4
     Messages:  created: 6206128   present: 1028   in FES: 97
** Event #6460928   t=459.087297341699   Elapsed: 275.155s (4m 35s)  91% completed  (95% total)
     Speed:     ev/sec=29479   simsec/sec=1.94458   ev/simsec=15159.6
     Messages:  created: 6266405   present: 1113   in FES: 122
** Event #6515456   t=462.679163894079   Elapsed: 277.155s (4m 37s)  92% completed  (96% total)
     Speed:     ev/sec=27262.6   simsec/sec=1.79584   ev/simsec=15181
     Messages:  created: 6322180   present: 1053   in FES: 106
** Event #6584320   t=467.072886620799   Elapsed: 279.16s (4m 39s)  93% completed  (96% total)
     Speed:     ev/sec=34340.9   simsec/sec=2.19105   ev/simsec=15673.3
     Messages:  created: 6392290   present: 1095   in FES: 116
** Event #6646528   t=470.841623829465   Elapsed: 281.161s (4m 41s)  94% completed  (97% total)
     Speed:     ev/sec=31098.9   simsec/sec=1.88406   ev/simsec=16506.3
     Messages:  created: 6457651   present: 1063   in FES: 108
** Event #6710784   t=474.254948256325   Elapsed: 283.163s (4m 43s)  94% completed  (97% total)
     Speed:     ev/sec=32088.2   simsec/sec=1.70455   ev/simsec=18825
     Messages:  created: 6525932   present: 1102   in FES: 123
** Event #6775808   t=478.304586854793   Elapsed: 285.17s (4m 45s)  95% completed  (97% total)
     Speed:     ev/sec=32404   simsec/sec=2.01809   ev/simsec=16056.7
     Messages:  created: 6593545   present: 1073   in FES: 127
** Event #6832896   t=482.047820468944   Elapsed: 287.17s (4m 47s)  96% completed  (98% total)
     Speed:     ev/sec=28542   simsec/sec=1.87149   ev/simsec=15251
     Messages:  created: 6653564   present: 1095   in FES: 120
** Event #6899456   t=486.027367080213   Elapsed: 289.177s (4m 49s)  97% completed  (98% total)
     Speed:     ev/sec=33161.4   simsec/sec=1.98268   ev/simsec=16725.5
     Messages:  created: 6724097   present: 1034   in FES: 97
** Event #6959360   t=489.563804616723   Elapsed: 291.179s (4m 51s)  97% completed  (98% total)
     Speed:     ev/sec=29921   simsec/sec=1.76639   ev/simsec=16939.1
     Messages:  created: 6786129   present: 1083   in FES: 121
** Event #7022592   t=493.554941783442   Elapsed: 293.186s (4m 53s)  98% completed  (99% total)
     Speed:     ev/sec=31512.4   simsec/sec=1.98903   ev/simsec=15843.1
     Messages:  created: 6852479   present: 1107   in FES: 127
** Event #7091968   t=498.023452528072   Elapsed: 295.192s (4m 55s)  99% completed  (99% total)
     Speed:     ev/sec=34571.9   simsec/sec=2.22678   ev/simsec=15525.5
     Messages:  created: 6925955   present: 1075   in FES: 112
** Event #7123571   t=500   Elapsed: 296.124s (4m 56s)  100% completed  (100% total)
     Speed:     ev/sec=33905   simsec/sec=2.10941   ev/simsec=16073.3
     Messages:  created: 6959925   present: 1021   in FES: 95

<!> Simulation time limit reached -- at t=500s, event #7123571
undisposed object: (omnetpp::cMessage) FanetStressNetwork.uav[0].app.debugTimer -- check module destructor
undisposed object: (omnetpp::cMessage) FanetStressNetwork.uav[1].app.debugTimer -- check module destructor
undisposed object: (omnetpp::cMessage) FanetStressNetwork.uav[2].app.debugTimer -- check module destructor
undisposed object: (omnetpp::cMessage) FanetStressNetwork.uav[3].app.debugTimer -- check module destructor
undisposed object: (omnetpp::cMessage) FanetStressNetwork.uav[4].app.debugTimer -- check module destructor
undisposed object: (omnetpp::cMessage) FanetStressNetwork.uav[5].app.debugTimer -- check module destructor
undisposed object: (omnetpp::cMessage) FanetStressNetwork.uav[6].app.debugTimer -- check module destructor
undisposed object: (omnetpp::cMessage) FanetStressNetwork.uav[7].app.debugTimer -- check module destructor
undisposed object: (omnetpp::cMessage) FanetStressNetwork.uav[8].app.debugTimer -- check module destructor
undisposed object: (omnetpp::cMessage) FanetStressNetwork.uav[9].app.debugTimer -- check module destructor
undisposed object: (omnetpp::cMessage) FanetStressNetwork.uav[10].app.debugTimer -- check module destructor
undisposed object: (omnetpp::cMessage) FanetStressNetwork.uav[11].app.debugTimer -- check module destructor
undisposed object: (omnetpp::cMessage) FanetStressNetwork.uav[12].app.debugTimer -- check module destructor
undisposed object: (omnetpp::cMessage) FanetStressNetwork.uav[13].app.debugTimer -- check module destructor
undisposed object: (omnetpp::cMessage) FanetStressNetwork.uav[14].app.debugTimer -- check module destructor
undisposed object: (omnetpp::cMessage) FanetStressNetwork.uav[15].app.debugTimer -- check module destructor
undisposed object: (omnetpp::cMessage) FanetStressNetwork.uav[16].app.debugTimer -- check module destructor
undisposed object: (omnetpp::cMessage) FanetStressNetwork.uav[17].app.debugTimer -- check module destructor
undisposed object: (omnetpp::cMessage) FanetStressNetwork.uav[18].app.debugTimer -- check module destructor
undisposed object: (omnetpp::cMessage) FanetStressNetwork.uav[19].app.debugTimer -- check module destructor
undisposed object: (omnetpp::cMessage) FanetStressNetwork.uav[20].app.debugTimer -- check module destructor
undisposed object: (omnetpp::cMessage) FanetStressNetwork.uav[21].app.debugTimer -- check module destructor
undisposed object: (omnetpp::cMessage) FanetStressNetwork.uav[22].app.debugTimer -- check module destructor
undisposed object: (omnetpp::cMessage) FanetStressNetwork.uav[23].app.debugTimer -- check module destructor
undisposed object: (omnetpp::cMessage) FanetStressNetwork.uav[24].app.debugTimer -- check module destructor
undisposed object: (omnetpp::cMessage) FanetStressNetwork.uav[25].app.debugTimer -- check module destructor
undisposed object: (omnetpp::cMessage) FanetStressNetwork.uav[26].app.debugTimer -- check module destructor
undisposed object: (omnetpp::cMessage) FanetStressNetwork.uav[27].app.debugTimer -- check module destructor
undisposed object: (omnetpp::cMessage) FanetStressNetwork.uav[28].app.debugTimer -- check module destructor
undisposed object: (omnetpp::cMessage) FanetStressNetwork.uav[29].app.debugTimer -- check module destructor
