** Event #0   t=0   Elapsed: 8e-06s (0m 00s)  0% completed  (50% total)
     Speed:     ev/sec=0   simsec/sec=0   ev/simsec=0
     Messages:  created: 381   present: 381   in FES: 61
** Event #62720   t=50.459376541618   Elapsed: 2.00661s (0m 02s)  10% completed  (55% total)
     Speed:     ev/sec=31257.3   simsec/sec=25.1467   ev/simsec=1243
     Messages:  created: 44445   present: 376   in FES: 41
** Event #126720   t=102.008982103411   Elapsed: 4.01016s (0m 04s)  20% completed  (60% total)
     Speed:     ev/sec=31943.2   simsec/sec=25.7291   ev/simsec=1241.52
     Messages:  created: 91730   present: 364   in FES: 36
** Event #196608   t=121.055780448749   Elapsed: 6.0203s (0m 06s)  24% completed  (62% total)
     Speed:     ev/sec=34767.7   simsec/sec=9.47536   ev/simsec=3669.28
     Messages:  created: 164157   present: 383   in FES: 47
** Event #257024   t=138.048717799837   Elapsed: 8.02828s (0m 08s)  27% completed  (63% total)
     Speed:     ev/sec=30088.3   simsec/sec=8.4628   ev/simsec=3555.36
     Messages:  created: 226643   present: 394   in FES: 45
** Event #312320   t=156.048663799837   Elapsed: 10.0346s (0m 10s)  31% completed  (65% total)
     Speed:     ev/sec=27560.9   simsec/sec=8.97164   ev/simsec=3072.01
     Messages:  created: 280505   present: 369   in FES: 38
** Event #360448   t=170.193757268519   Elapsed: 12.041s (0m 12s)  34% completed  (67% total)
     Speed:     ev/sec=23986.9   simsec/sec=7.04988   ev/simsec=3402.45
     Messages:  created: 328292   present: 361   in FES: 35
** Event #414464   t=186.305448027253   Elapsed: 14.0515s (0m 14s)  37% completed  (68% total)
     Speed:     ev/sec=26866.8   simsec/sec=8.01374   ev/simsec=3352.6
     Messages:  created: 381069   present: 381   in FES: 42
** Event #468992   t=202.09454258334   Elapsed: 16.0597s (0m 16s)  40% completed  (70% total)
     Speed:     ev/sec=27152.6   simsec/sec=7.86228   ev/simsec=3453.52
     Messages:  created: 433977   present: 396   in FES: 45
** Event #527872   t=220.331327839987   Elapsed: 18.0625s (0m 18s)  44% completed  (72% total)
     Speed:     ev/sec=29399.8   simsec/sec=9.10595   ev/simsec=3228.64
     Messages:  created: 490530   present: 362   in FES: 36
** Event #583936   t=237.456953147794   Elapsed: 20.0704s (0m 20s)  47% completed  (73% total)
     Speed:     ev/sec=27920.8   simsec/sec=8.52883   ev/simsec=3273.69
     Messages:  created: 545494   present: 387   in FES: 55
** Event #642304   t=253.870998870933   Elapsed: 22.0705s (0m 22s)  50% completed  (75% total)
     Speed:     ev/sec=29182.8   simsec/sec=8.20667   ev/simsec=3555.98
     Messages:  created: 605172   present: 397   in FES: 51
** Event #696576   t=268.371570524839   Elapsed: 24.0757s (0m 24s)  53% completed  (76% total)
     Speed:     ev/sec=27066.2   simsec/sec=7.23163   ev/simsec=3742.75
     Messages:  created: 660708   present: 393   in FES: 46
** Event #745984   t=282.331562585581   Elapsed: 26.0785s (0m 26s)  56% completed  (78% total)
     Speed:     ev/sec=24668.9   simsec/sec=6.97008   ev/simsec=3539.26
     Messages:  created: 710753   present: 392   in FES: 50
** Event #805376   t=300.370956160814   Elapsed: 28.08s (0m 28s)  60% completed  (80% total)
     Speed:     ev/sec=29673.2   simsec/sec=9.01278   ev/simsec=3292.35
     Messages:  created: 770861   present: 375   in FES: 45
** Event #867584   t=319.95788038648   Elapsed: 30.0875s (0m 30s)  63% completed  (81% total)
     Speed:     ev/sec=30989.1   simsec/sec=9.7573   ev/simsec=3176
     Messages:  created: 835714   present: 380   in FES: 44
** Event #927488   t=339.956988518768   Elapsed: 32.0945s (0m 32s)  67% completed  (83% total)
     Speed:     ev/sec=29847.7   simsec/sec=9.96472   ev/simsec=2995.33
     Messages:  created: 896277   present: 370   in FES: 37
** Event #984576   t=355.555404548091   Elapsed: 34.1019s (0m 34s)  71% completed  (85% total)
     Speed:     ev/sec=28438.5   simsec/sec=7.77038   ev/simsec=3659.86
     Messages:  created: 955872   present: 374   in FES: 46
** Event #1045504   t=372.555840721413   Elapsed: 36.1086s (0m 36s)  74% completed  (87% total)
     Speed:     ev/sec=30362.4   simsec/sec=8.47187   ev/simsec=3583.91
     Messages:  created: 1020312   present: 391   in FES: 47
** Event #1107200   t=388.805850923549   Elapsed: 38.1116s (0m 38s)  77% completed  (88% total)
     Speed:     ev/sec=30801   simsec/sec=8.11263   ev/simsec=3796.67
     Messages:  created: 1085761   present: 372   in FES: 44
** Event #1166336   t=402.581560389439   Elapsed: 40.2107s (0m 40s)  80% completed  (90% total)
     Speed:     ev/sec=28172   simsec/sec=6.56266   ev/simsec=4292.77
     Messages:  created: 1149512   present: 369   in FES: 44
** Event #1228032   t=415.555447559132   Elapsed: 42.2172s (0m 42s)  83% completed  (91% total)
     Speed:     ev/sec=30748.9   simsec/sec=6.4661   ev/simsec=4755.4
     Messages:  created: 1217327   present: 397   in FES: 47
** Event #1288704   t=428.082001753464   Elapsed: 44.2205s (0m 44s)  85% completed  (92% total)
     Speed:     ev/sec=30284.9   simsec/sec=6.25272   ev/simsec=4843.47
     Messages:  created: 1284226   present: 427   in FES: 55
** Event #1350656   t=442.472261509473   Elapsed: 46.2264s (0m 46s)  88% completed  (94% total)
     Speed:     ev/sec=30885.5   simsec/sec=7.1741   ev/simsec=4305.13
     Messages:  created: 1350559   present: 385   in FES: 44
** Event #1403648   t=455.121000066464   Elapsed: 48.2316s (0m 48s)  91% completed  (95% total)
     Speed:     ev/sec=26428   simsec/sec=6.30814   ev/simsec=4189.51
     Messages:  created: 1406590   present: 375   in FES: 40
** Event #1464064   t=469.721993171377   Elapsed: 50.2329s (0m 50s)  93% completed  (96% total)
     Speed:     ev/sec=30188.4   simsec/sec=7.29575   ev/simsec=4137.8
     Messages:  created: 1470960   present: 362   in FES: 36
** Event #1533696   t=492.762520058195   Elapsed: 52.241s (0m 52s)  98% completed  (99% total)
     Speed:     ev/sec=34675.3   simsec/sec=11.4737   ev/simsec=3022.15
     Messages:  created: 1544143   present: 435   in FES: 35
** Event #1553260   t=500   Elapsed: 52.7864s (0m 52s)  100% completed  (100% total)
     Speed:     ev/sec=35865.1   simsec/sec=13.248   ev/simsec=2707.2
     Messages:  created: 1564355   present: 464   in FES: 35

<!> Simulation time limit reached -- at t=500s, event #1553260
undisposed object: (omnetpp::cMessage) FanetStressNetwork.uav[0].app.debugTimer -- check module destructor
undisposed object: (omnetpp::cMessage) FanetStressNetwork.uav[1].app.debugTimer -- check module destructor
undisposed object: (omnetpp::cMessage) FanetStressNetwork.uav[2].app.debugTimer -- check module destructor
undisposed object: (omnetpp::cMessage) FanetStressNetwork.uav[3].app.debugTimer -- check module destructor
undisposed object: (omnetpp::cMessage) FanetStressNetwork.uav[4].app.debugTimer -- check module destructor
undisposed object: (omnetpp::cMessage) FanetStressNetwork.uav[5].app.debugTimer -- check module destructor
undisposed object: (omnetpp::cMessage) FanetStressNetwork.uav[6].app.debugTimer -- check module destructor
undisposed object: (omnetpp::cMessage) FanetStressNetwork.uav[7].app.debugTimer -- check module destructor
undisposed object: (omnetpp::cMessage) FanetStressNetwork.uav[8].app.debugTimer -- check module destructor
undisposed object: (omnetpp::cMessage) FanetStressNetwork.uav[9].app.debugTimer -- check module destructor
