** Event #0   t=0   Elapsed: 1.8e-05s (0m 00s)  0% completed  (0% total)
     Speed:     ev/sec=0   simsec/sec=0   ev/simsec=0
     Messages:  created: 1081   present: 1081   in FES: 161
** Event #44032   t=5.091997164697   Elapsed: 2.01475s (0m 02s)  1% completed  (0% total)
     Speed:     ev/sec=21855.5   simsec/sec=2.52738   ev/simsec=8647.49
     Messages:  created: 35638   present: 1024   in FES: 97
** Event #76032   t=8.336578205545   Elapsed: 4.02233s (0m 04s)  1% completed  (0% total)
     Speed:     ev/sec=15939.6   simsec/sec=1.61616   ev/simsec=9862.6
     Messages:  created: 61129   present: 1196   in FES: 156
** Event #110848   t=12.091998142894   Elapsed: 6.02402s (0m 06s)  2% completed  (1% total)
     Speed:     ev/sec=17393.3   simsec/sec=1.87612   ev/simsec=9270.87
     Messages:  created: 89012   present: 1097   in FES: 126
** Event #143616   t=15.466280109213   Elapsed: 8.04141s (0m 08s)  3% completed  (1% total)
     Speed:     ev/sec=16242.8   simsec/sec=1.6726   ev/simsec=9711.1
     Messages:  created: 115408   present: 1095   in FES: 126
** Event #178432   t=19.110710515945   Elapsed: 10.0564s (0m 10s)  3% completed  (1% total)
     Speed:     ev/sec=17278.3   simsec/sec=1.80864   ev/simsec=9553.21
     Messages:  created: 143186   present: 1100   in FES: 121
** Event #214272   t=23.055147750676   Elapsed: 12.0566s (0m 12s)  4% completed  (2% total)
     Speed:     ev/sec=17918.6   simsec/sec=1.97207   ev/simsec=9086.21
     Messages:  created: 172021   present: 1059   in FES: 106
** Event #246016   t=26.245482292741   Elapsed: 14.0659s (0m 14s)  5% completed  (2% total)
     Speed:     ev/sec=15798.2   simsec/sec=1.58775   ev/simsec=9950.05
     Messages:  created: 197264   present: 1023   in FES: 96
** Event #278272   t=30.014902397045   Elapsed: 16.0667s (0m 16s)  6% completed  (3% total)
     Speed:     ev/sec=16121.7   simsec/sec=1.88397   ev/simsec=8557.28
     Messages:  created: 222915   present: 1108   in FES: 126
** Event #312832   t=33.159143317747   Elapsed: 18.0756s (0m 18s)  6% completed  (3% total)
     Speed:     ev/sec=17203.5   simsec/sec=1.56516   ev/simsec=10991.5
     Messages:  created: 250374   present: 1101   in FES: 126
** Event #345344   t=37.009661616583   Elapsed: 20.0769s (0m 20s)  7% completed  (3% total)
     Speed:     ev/sec=16245.3   simsec/sec=1.92399   ev/simsec=8443.54
     Messages:  created: 276265   present: 1103   in FES: 126
** Event #380160   t=40.11072695656   Elapsed: 22.0967s (0m 22s)  8% completed  (4% total)
     Speed:     ev/sec=17237.2   simsec/sec=1.53532   ev/simsec=11227.1
     Messages:  created: 303776   present: 1074   in FES: 113
** Event #410624   t=43.154868549317   Elapsed: 24.1133s (0m 24s)  8% completed  (4% total)
     Speed:     ev/sec=15107   simsec/sec=1.50958   ev/simsec=10007.4
     Messages:  created: 327585   present: 1087   in FES: 126
** Event #441856   t=46.269445011125   Elapsed: 26.1304s (0m 26s)  9% completed  (4% total)
     Speed:     ev/sec=15483.4   simsec/sec=1.54406   ev/simsec=10027.7
     Messages:  created: 351971   present: 1090   in FES: 126
** Event #473856   t=49.443895225022   Elapsed: 28.1342s (0m 28s)  9% completed  (4% total)
     Speed:     ev/sec=15969.4   simsec/sec=1.58419   ev/simsec=10080.5
     Messages:  created: 376963   present: 1101   in FES: 122
** Event #507648   t=53.029451121622   Elapsed: 30.1384s (0m 30s)  10% completed  (5% total)
     Speed:     ev/sec=16861   simsec/sec=1.78907   ev/simsec=9424.48
     Messages:  created: 403086   present: 1099   in FES: 126
** Event #536064   t=56.004114532792   Elapsed: 32.1434s (0m 32s)  11% completed  (5% total)
     Speed:     ev/sec=14172.3   simsec/sec=1.4836   ev/simsec=9552.68
     Messages:  created: 425018   present: 1085   in FES: 116
** Event #567040   t=59.011817373243   Elapsed: 34.1499s (0m 34s)  11% completed  (5% total)
     Speed:     ev/sec=15438   simsec/sec=1.499   ev/simsec=10298.9
     Messages:  created: 448981   present: 1091   in FES: 116
** Event #596224   t=61.443887992497   Elapsed: 36.1723s (0m 36s)  12% completed  (6% total)
     Speed:     ev/sec=14430.2   simsec/sec=1.20255   ev/simsec=11999.7
     Messages:  created: 471577   present: 1065   in FES: 110
** Event #629248   t=65.024804551855   Elapsed: 38.1764s (0m 38s)  13% completed  (6% total)
     Speed:     ev/sec=16478.3   simsec/sec=1.78681   ev/simsec=9222.22
     Messages:  created: 497164   present: 1079   in FES: 110
** Event #661248   t=68.079948083187   Elapsed: 40.1767s (0m 40s)  13% completed  (6% total)
     Speed:     ev/sec=15997.7   simsec/sec=1.52735   ev/simsec=10474.1
     Messages:  created: 522224   present: 1087   in FES: 126
** Event #692224   t=71.159143050146   Elapsed: 42.1989s (0m 42s)  14% completed  (7% total)
     Speed:     ev/sec=15317.8   simsec/sec=1.52268   ev/simsec=10059.8
     Messages:  created: 546728   present: 1095   in FES: 126
** Event #722944   t=74.350575660705   Elapsed: 44.2196s (0m 44s)  14% completed  (7% total)
     Speed:     ev/sec=15202.8   simsec/sec=1.57939   ev/simsec=9625.77
     Messages:  created: 571041   present: 1083   in FES: 126
** Event #753408   t=77.466401780643   Elapsed: 46.2258s (0m 46s)  15% completed  (7% total)
     Speed:     ev/sec=15184.7   simsec/sec=1.55307   ev/simsec=9777.18
     Messages:  created: 595020   present: 1072   in FES: 113
** Event #783104   t=80.435372824517   Elapsed: 48.2428s (0m 48s)  16% completed  (8% total)
     Speed:     ev/sec=14722.9   simsec/sec=1.47198   ev/simsec=10002.1
     Messages:  created: 618110   present: 1071   in FES: 112
** Event #812288   t=83.269559503812   Elapsed: 50.2653s (0m 50s)  16% completed  (8% total)
     Speed:     ev/sec=14429.9   simsec/sec=1.40135   ev/simsec=10297.1
     Messages:  created: 640496   present: 1081   in FES: 116
** Event #841728   t=86.110749608732   Elapsed: 52.2782s (0m 52s)  17% completed  (8% total)
     Speed:     ev/sec=14625.9   simsec/sec=1.41151   ev/simsec=10361.9
     Messages:  created: 662984   present: 1110   in FES: 125
** Event #869120   t=89.021950453777   Elapsed: 54.2834s (0m 54s)  17% completed  (8% total)
     Speed:     ev/sec=13660.3   simsec/sec=1.45181   ev/simsec=9409.18
     Messages:  created: 683663   present: 1102   in FES: 119
** Event #896768   t=91.237556073094   Elapsed: 56.3071s (0m 56s)  18% completed  (9% total)
     Speed:     ev/sec=13662.1   simsec/sec=1.09483   ev/simsec=12478.8
     Messages:  created: 704396   present: 1075   in FES: 114
** Event #921088   t=93.478802685436   Elapsed: 58.3318s (0m 58s)  18% completed  (9% total)
     Speed:     ev/sec=12011.3   simsec/sec=1.10692   ev/simsec=10851.1
     Messages:  created: 722621   present: 1087   in FES: 126
** Event #950272   t=96.154870186159   Elapsed: 60.3404s (1m 00s)  19% completed  (9% total)
     Speed:     ev/sec=14530.2   simsec/sec=1.33236   ev/simsec=10905.6
     Messages:  created: 744383   present: 1107   in FES: 126
** Event #978176   t=99.021951251733   Elapsed: 62.3486s (1m 02s)  19% completed  (9% total)
     Speed:     ev/sec=13894.5   simsec/sec=1.42764   ev/simsec=9732.55
     Messages:  created: 765077   present: 1052   in FES: 103
** Event #1007104   t=101.110750485242   Elapsed: 64.3654s (1m 04s)  20% completed  (10% total)
     Speed:     ev/sec=14343.9   simsec/sec=1.03573   ev/simsec=13849.1
     Messages:  created: 787999   present: 1077   in FES: 114
** Event #1037568   t=103.092052082339   Elapsed: 66.3799s (1m 06s)  20% completed  (10% total)
     Speed:     ev/sec=15122   simsec/sec=0.983497   ev/simsec=15375.8
     Messages:  created: 816709   present: 1083   in FES: 116
** Event #1067776   t=105.053486071596   Elapsed: 68.3824s (1m 08s)  21% completed  (10% total)
     Speed:     ev/sec=15085.6   simsec/sec=0.979521   ev/simsec=15401
     Messages:  created: 845217   present: 1078   in FES: 115
** Event #1098240   t=107.034532969631   Elapsed: 70.3846s (1m 10s)  21% completed  (10% total)
     Speed:     ev/sec=15214.7   simsec/sec=0.989396   ev/simsec=15377.7
     Messages:  created: 874205   present: 1091   in FES: 126
** Event #1132544   t=109.110743121951   Elapsed: 72.4178s (1m 12s)  21% completed  (10% total)
     Speed:     ev/sec=16872.1   simsec/sec=1.02116   ev/simsec=16522.4
     Messages:  created: 906131   present: 1047   in FES: 104
** Event #1164800   t=111.159142508644   Elapsed: 74.4267s (1m 14s)  22% completed  (11% total)
     Speed:     ev/sec=16056.6   simsec/sec=1.01967   ev/simsec=15746.9
     Messages:  created: 937352   present: 1180   in FES: 156
** Event #1195520   t=113.110746666402   Elapsed: 76.4433s (1m 16s)  22% completed  (11% total)
     Speed:     ev/sec=15233.8   simsec/sec=0.967785   ev/simsec=15740.9
     Messages:  created: 967126   present: 1071   in FES: 112
** Event #1227776   t=115.256663191719   Elapsed: 78.4493s (1m 18s)  23% completed  (11% total)
     Speed:     ev/sec=16079.8   simsec/sec=1.06975   ev/simsec=15031.3
     Messages:  created: 998352   present: 1023   in FES: 96
** Event #1260800   t=117.478803684678   Elapsed: 80.4745s (1m 20s)  23% completed  (11% total)
     Speed:     ev/sec=16306.1   simsec/sec=1.09722   ev/simsec=14861.3
     Messages:  created: 1030540   present: 1104   in FES: 126
** Event #1298176   t=120.053497655842   Elapsed: 82.4794s (1m 22s)  24% completed  (12% total)
     Speed:     ev/sec=18642.8   simsec/sec=1.28423   ev/simsec=14516.7
     Messages:  created: 1066998   present: 1109   in FES: 126
** Event #1332480   t=122.237528175382   Elapsed: 84.4849s (1m 24s)  24% completed  (12% total)
     Speed:     ev/sec=17104.4   simsec/sec=1.08898   ev/simsec=15706.7
     Messages:  created: 1099832   present: 1092   in FES: 119
** Event #1367552   t=124.764166221352   Elapsed: 86.4873s (1m 26s)  24% completed  (12% total)
     Speed:     ev/sec=17515.4   simsec/sec=1.26184   ev/simsec=13880.9
     Messages:  created: 1134108   present: 1079   in FES: 127
** Event #1402368   t=127.068198121132   Elapsed: 88.4957s (1m 28s)  25% completed  (12% total)
     Speed:     ev/sec=17334.8   simsec/sec=1.14717   ev/simsec=15110.9
     Messages:  created: 1166609   present: 1027   in FES: 98
** Event #1431552   t=129.091126947004   Elapsed: 90.5048s (1m 30s)  25% completed  (12% total)
     Speed:     ev/sec=14526.1   simsec/sec=1.00689   ev/simsec=14426.6
     Messages:  created: 1193894   present: 1057   in FES: 108
** Event #1463296   t=131.256559273144   Elapsed: 92.525s (1m 32s)  26% completed  (13% total)
     Speed:     ev/sec=15713.6   simsec/sec=1.07191   ev/simsec=14659.4
     Messages:  created: 1223589   present: 1094   in FES: 126
** Event #1495040   t=133.478893996013   Elapsed: 94.5368s (1m 34s)  26% completed  (13% total)
     Speed:     ev/sec=15778.9   simsec/sec=1.10465   ev/simsec=14284.1
     Messages:  created: 1253372   present: 1032   in FES: 99
** Event #1530624   t=136.096687549282   Elapsed: 96.5474s (1m 36s)  27% completed  (13% total)
     Speed:     ev/sec=17697.6   simsec/sec=1.30195   ev/simsec=13593.1
     Messages:  created: 1287060   present: 1079   in FES: 114
** Event #1564416   t=138.466389076995   Elapsed: 98.5582s (1m 38s)  27% completed  (13% total)
     Speed:     ev/sec=16805.6   simsec/sec=1.17851   ev/simsec=14260
     Messages:  created: 1319219   present: 1105   in FES: 124
** Event #1600256   t=141.053485404206   Elapsed: 100.575s (1m 40s)  28% completed  (14% total)
     Speed:     ev/sec=17773.1   simsec/sec=1.28294   ev/simsec=13853.4
     Messages:  created: 1354200   present: 1108   in FES: 125
** Event #1634048   t=143.256677999564   Elapsed: 102.589s (1m 42s)  28% completed  (14% total)
     Speed:     ev/sec=16772.8   simsec/sec=1.09356   ev/simsec=15337.7
     Messages:  created: 1386459   present: 1042   in FES: 103
** Event #1664768   t=145.373365784085   Elapsed: 104.604s (1m 44s)  29% completed  (14% total)
     Speed:     ev/sec=15252.3   simsec/sec=1.05092   ev/simsec=14513.2
     Messages:  created: 1416553   present: 1084   in FES: 115
** Event #1700608   t=148.02945242634   Elapsed: 106.605s (1m 46s)  29% completed  (14% total)
     Speed:     ev/sec=17902.9   simsec/sec=1.32678   ev/simsec=13493.5
     Messages:  created: 1451990   present: 1125   in FES: 126
** Event #1735424   t=150.187241722538   Elapsed: 108.62s (1m 48s)  30% completed  (15% total)
     Speed:     ev/sec=17282   simsec/sec=1.07108   ev/simsec=16135
     Messages:  created: 1485514   present: 1051   in FES: 106
** Event #1771008   t=152.435364346206   Elapsed: 110.627s (1m 50s)  30% completed  (15% total)
     Speed:     ev/sec=17734.3   simsec/sec=1.12041   ev/simsec=15828.3
     Messages:  created: 1521374   present: 1084   in FES: 117
** Event #1805568   t=154.870662280182   Elapsed: 112.631s (1m 52s)  30% completed  (15% total)
     Speed:     ev/sec=17244.6   simsec/sec=1.21516   ev/simsec=14191.3
     Messages:  created: 1556017   present: 1093   in FES: 138
** Event #1840896   t=157.031942554866   Elapsed: 114.637s (1m 54s)  31% completed  (15% total)
     Speed:     ev/sec=17607   simsec/sec=1.07716   ev/simsec=16345.9
     Messages:  created: 1590637   present: 1044   in FES: 97
** Event #1873920   t=159.054120795053   Elapsed: 116.638s (1m 56s)  31% completed  (15% total)
     Speed:     ev/sec=16502.2   simsec/sec=1.01049   ev/simsec=16330.9
     Messages:  created: 1622523   present: 1097   in FES: 120
** Event #1899264   t=160.586922870781   Elapsed: 118.642s (1m 58s)  32% completed  (16% total)
     Speed:     ev/sec=12650.3   simsec/sec=0.765089   ev/simsec=16534.4
     Messages:  created: 1646690   present: 1021   in FES: 95
** Event #1932032   t=162.659085203496   Elapsed: 120.642s (2m 00s)  32% completed  (16% total)
     Speed:     ev/sec=16378.8   simsec/sec=1.03575   ev/simsec=15813.4
     Messages:  created: 1678541   present: 1084   in FES: 126
** Event #1963520   t=164.52430667896   Elapsed: 122.648s (2m 02s)  32% completed  (16% total)
     Speed:     ev/sec=15702.6   simsec/sec=0.930156   ev/simsec=16881.6
     Messages:  created: 1708625   present: 1035   in FES: 124
** Event #1994240   t=166.513944770601   Elapsed: 124.662s (2m 04s)  33% completed  (16% total)
     Speed:     ev/sec=15250.1   simsec/sec=0.987702   ev/simsec=15440
     Messages:  created: 1737568   present: 1103   in FES: 126
** Event #2025728   t=168.870427684626   Elapsed: 126.667s (2m 06s)  33% completed  (16% total)
     Speed:     ev/sec=15704.6   simsec/sec=1.17529   ev/simsec=13362.3
     Messages:  created: 1767045   present: 1022   in FES: 96
** Event #2054912   t=170.672161893159   Elapsed: 128.672s (2m 08s)  34% completed  (17% total)
     Speed:     ev/sec=14559.2   simsec/sec=0.898839   ev/simsec=16197.7
     Messages:  created: 1793496   present: 1043   in FES: 102
** Event #2084352   t=172.443769288566   Elapsed: 130.687s (2m 10s)  34% completed  (17% total)
     Speed:     ev/sec=14609   simsec/sec=0.879122   ev/simsec=16617.7
     Messages:  created: 1820333   present: 1090   in FES: 126
** Event #2114816   t=174.373404987623   Elapsed: 132.706s (2m 12s)  34% completed  (17% total)
     Speed:     ev/sec=15084.5   simsec/sec=0.955476   ev/simsec=15787.4
     Messages:  created: 1848557   present: 1073   in FES: 112
** Event #2144000   t=176.120661136926   Elapsed: 134.727s (2m 14s)  35% completed  (17% total)
     Speed:     ev/sec=14440.9   simsec/sec=0.864583   ev/simsec=16702.8
     Messages:  created: 1876312   present: 1029   in FES: 122
** Event #2177280   t=178.120427940362   Elapsed: 136.748s (2m 16s)  35% completed  (17% total)
     Speed:     ev/sec=16471.4   simsec/sec=0.989751   ev/simsec=16641.9
     Messages:  created: 1907863   present: 1086   in FES: 126
** Event #2209024   t=180.055158733912   Elapsed: 138.758s (2m 18s)  36% completed  (18% total)
     Speed:     ev/sec=15787.7   simsec/sec=0.962228   ev/simsec=16407.5
     Messages:  created: 1938333   present: 1085   in FES: 116
** Event #2238208   t=182.011816879047   Elapsed: 140.763s (2m 20s)  36% completed  (18% total)
     Speed:     ev/sec=14562.3   simsec/sec=0.976336   ev/simsec=14915.2
     Messages:  created: 1966319   present: 1094   in FES: 117
** Event #2268416   t=183.773388174986   Elapsed: 142.765s (2m 22s)  36% completed  (18% total)
     Speed:     ev/sec=15084.7   simsec/sec=0.879658   ev/simsec=17148.3
     Messages:  created: 1994158   present: 1091   in FES: 127
** Event #2298368   t=185.443769549771   Elapsed: 144.793s (2m 24s)  37% completed  (18% total)
     Speed:     ev/sec=14773.3   simsec/sec=0.823889   ev/simsec=17931.2
     Messages:  created: 2021428   present: 1099   in FES: 126
** Event #2328832   t=187.379470402208   Elapsed: 146.812s (2m 26s)  37% completed  (18% total)
     Speed:     ev/sec=15082.3   simsec/sec=0.95834   ev/simsec=15738
     Messages:  created: 2049776   present: 1029   in FES: 96
** Event #2357504   t=189.256681004853   Elapsed: 148.831s (2m 28s)  37% completed  (18% total)
     Speed:     ev/sec=14205.2   simsec/sec=0.930044   ev/simsec=15273.7
     Messages:  created: 2076777   present: 1090   in FES: 119
** Event #2388992   t=191.159084891435   Elapsed: 150.832s (2m 30s)  38% completed  (19% total)
     Speed:     ev/sec=15735.7   simsec/sec=0.950698   ev/simsec=16551.7
     Messages:  created: 2107162   present: 1026   in FES: 97
** Event #2420736   t=193.128898905552   Elapsed: 152.836s (2m 32s)  38% completed  (19% total)
     Speed:     ev/sec=15841.5   simsec/sec=0.983013   ev/simsec=16115.2
     Messages:  created: 2138157   present: 1104   in FES: 121
** Event #2452480   t=195.120695604985   Elapsed: 154.842s (2m 34s)  39% completed  (19% total)
     Speed:     ev/sec=15819.4   simsec/sec=0.9926   ev/simsec=15937.4
     Messages:  created: 2168907   present: 1079   in FES: 114
** Event #2484736   t=197.150048295043   Elapsed: 156.856s (2m 36s)  39% completed  (19% total)
     Speed:     ev/sec=16018.6   simsec/sec=1.00779   ev/simsec=15894.7
     Messages:  created: 2200498   present: 1111   in FES: 126
** Event #2517760   t=199.26416703023   Elapsed: 158.873s (2m 38s)  39% completed  (19% total)
     Speed:     ev/sec=16373   simsec/sec=1.04816   ev/simsec=15620.7
     Messages:  created: 2233238   present: 1033   in FES: 126
** Event #2552832   t=201.523433764995   Elapsed: 160.874s (2m 40s)  40% completed  (20% total)
     Speed:     ev/sec=17528.5   simsec/sec=1.12915   ev/simsec=15523.6
     Messages:  created: 2268131   present: 1071   in FES: 112
** Event #2589952   t=204.036412524506   Elapsed: 162.881s (2m 42s)  40% completed  (20% total)
     Speed:     ev/sec=18492.4   simsec/sec=1.25191   ev/simsec=14771.3
     Messages:  created: 2305306   present: 1097   in FES: 126
** Event #2625536   t=206.269933291416   Elapsed: 164.889s (2m 44s)  41% completed  (20% total)
     Speed:     ev/sec=17720.6   simsec/sec=1.11228   ev/simsec=15931.8
     Messages:  created: 2339530   present: 1060   in FES: 107
** Event #2661632   t=209.014166719037   Elapsed: 166.893s (2m 46s)  41% completed  (20% total)
     Speed:     ev/sec=18014   simsec/sec=1.36953   ev/simsec=13153.4
     Messages:  created: 2375088   present: 1062   in FES: 127
** Event #2698240   t=211.120696862901   Elapsed: 168.895s (2m 48s)  42% completed  (21% total)
     Speed:     ev/sec=18284.9   simsec/sec=1.05217   ev/simsec=17378.3
     Messages:  created: 2410071   present: 1069   in FES: 110
** Event #2731008   t=213.336577521992   Elapsed: 170.91s (2m 50s)  42% completed  (21% total)
     Speed:     ev/sec=16261.3   simsec/sec=1.09964   ev/simsec=14787.8
     Messages:  created: 2441733   present: 1102   in FES: 126
** Event #2766336   t=216.011235670528   Elapsed: 172.925s (2m 52s)  43% completed  (21% total)
     Speed:     ev/sec=17531.4   simsec/sec=1.32729   ev/simsec=13208.4
     Messages:  created: 2476340   present: 1109   in FES: 122
** Event #2803968   t=218.159649313806   Elapsed: 175.087s (2m 55s)  43% completed  (21% total)
     Speed:     ev/sec=17408.4   simsec/sec=0.993849   ev/simsec=17516.2
     Messages:  created: 2511856   present: 1101   in FES: 120
** Event #2837760   t=220.336578558115   Elapsed: 177.105s (2m 57s)  44% completed  (22% total)
     Speed:     ev/sec=16747.7   simsec/sec=1.07891   ev/simsec=15522.8
     Messages:  created: 2544773   present: 1116   in FES: 126
** Event #2871040   t=222.403335376398   Elapsed: 179.111s (2m 59s)  44% completed  (22% total)
     Speed:     ev/sec=16590.5   simsec/sec=1.03031   ev/simsec=16102.5
     Messages:  created: 2576899   present: 1096   in FES: 121
** Event #2904320   t=224.523765461451   Elapsed: 181.117s (3m 01s)  44% completed  (22% total)
     Speed:     ev/sec=16588.7   simsec/sec=1.05695   ev/simsec=15694.9
     Messages:  created: 2609411   present: 1086   in FES: 127
** Event #2938624   t=227.009659772227   Elapsed: 183.119s (3m 03s)  45% completed  (22% total)
     Speed:     ev/sec=17130.7   simsec/sec=1.2414   ev/simsec=13799.5
     Messages:  created: 2643548   present: 1031   in FES: 98
** Event #2973440   t=229.017300408962   Elapsed: 185.122s (3m 05s)  45% completed  (22% total)
     Speed:     ev/sec=17386.7   simsec/sec=1.00259   ev/simsec=17341.7
     Messages:  created: 2677813   present: 1038   in FES: 97
** Event #3009280   t=231.023433054197   Elapsed: 187.129s (3m 07s)  46% completed  (23% total)
     Speed:     ev/sec=17852.7   simsec/sec=0.999301   ev/simsec=17865.2
     Messages:  created: 2714060   present: 1123   in FES: 124
** Event #3039232   t=233.004138600914   Elapsed: 189.139s (3m 09s)  46% completed  (23% total)
     Speed:     ev/sec=14905.8   simsec/sec=0.98571   ev/simsec=15121.9
     Messages:  created: 2744369   present: 1067   in FES: 110
** Event #3077632   t=235.05343255066   Elapsed: 191.153s (3m 11s)  47% completed  (23% total)
     Speed:     ev/sec=19066.7   simsec/sec=1.01754   ev/simsec=18738.2
     Messages:  created: 2782771   present: 1096   in FES: 126
** Event #3115520   t=237.098283309163   Elapsed: 193.159s (3m 13s)  47% completed  (23% total)
     Speed:     ev/sec=18889.4   simsec/sec=1.01948   ev/simsec=18528.5
     Messages:  created: 2820899   present: 1115   in FES: 127
** Event #3150336   t=239.187244871626   Elapsed: 195.162s (3m 15s)  47% completed  (23% total)
     Speed:     ev/sec=17374.3   simsec/sec=1.04246   ev/simsec=16666.7
     Messages:  created: 2855952   present: 1093   in FES: 120
** Event #3185152   t=241.371380253445   Elapsed: 197.163s (3m 17s)  48% completed  (24% total)
     Speed:     ev/sec=17402.4   simsec/sec=1.09172   ev/simsec=15940.4
     Messages:  created: 2891106   present: 1101   in FES: 156
** Event #3219968   t=243.764211763661   Elapsed: 199.164s (3m 19s)  48% completed  (24% total)
     Speed:     ev/sec=17400.6   simsec/sec=1.19591   ev/simsec=14550.1
     Messages:  created: 2925988   present: 1090   in FES: 119
** Event #3257344   t=246.105118630677   Elapsed: 201.169s (3m 21s)  49% completed  (24% total)
     Speed:     ev/sec=18636.5   simsec/sec=1.16723   ev/simsec=15966.5
     Messages:  created: 2962673   present: 1113   in FES: 124
** Event #3289088   t=248.154959855434   Elapsed: 203.193s (3m 23s)  49% completed  (24% total)
     Speed:     ev/sec=15689.2   simsec/sec=1.01312   ev/simsec=15486.1
     Messages:  created: 2994556   present: 1058   in FES: 107
** Event #3326464   t=250.435332874063   Elapsed: 205.202s (3m 25s)  50% completed  (25% total)
     Speed:     ev/sec=18604.6   simsec/sec=1.1351   ev/simsec=16390.3
     Messages:  created: 3033154   present: 1096   in FES: 121
** Event #3368192   t=253.110726353253   Elapsed: 207.208s (3m 27s)  50% completed  (25% total)
     Speed:     ev/sec=20802.2   simsec/sec=1.33373   ev/simsec=15597
     Messages:  created: 3076616   present: 1104   in FES: 123
** Event #3406848   t=255.514177901883   Elapsed: 209.221s (3m 29s)  51% completed  (25% total)
     Speed:     ev/sec=19198.7   simsec/sec=1.19369   ev/simsec=16083.5
     Messages:  created: 3117197   present: 1102   in FES: 142
** Event #3451392   t=258.370430673066   Elapsed: 211.235s (3m 31s)  51% completed  (25% total)
     Speed:     ev/sec=22113.1   simsec/sec=1.41794   ev/simsec=15595.3
     Messages:  created: 3163987   present: 1108   in FES: 126
** Event #3495680   t=261.336567532428   Elapsed: 213.247s (3m 33s)  52% completed  (26% total)
     Speed:     ev/sec=22021.3   simsec/sec=1.47485   ev/simsec=14931.2
     Messages:  created: 3210134   present: 1089   in FES: 118
** Event #3530752   t=263.764210697256   Elapsed: 215.247s (3m 35s)  52% completed  (26% total)
     Speed:     ev/sec=17530.9   simsec/sec=1.21347   ev/simsec=14446.9
     Messages:  created: 3247166   present: 1111   in FES: 128
** Event #3577856   t=266.350683526702   Elapsed: 217.248s (3m 37s)  53% completed  (26% total)
     Speed:     ev/sec=23548.1   simsec/sec=1.29302   ev/simsec=18211.7
     Messages:  created: 3297091   present: 1044   in FES: 103
** Event #3625728   t=269.269682552574   Elapsed: 219.25s (3m 39s)  53% completed  (26% total)
     Speed:     ev/sec=23902.3   simsec/sec=1.45744   ev/simsec=16400.1
     Messages:  created: 3347996   present: 1109   in FES: 122
** Event #3666432   t=272.071900677499   Elapsed: 221.253s (3m 41s)  54% completed  (27% total)
     Speed:     ev/sec=20327.4   simsec/sec=1.39942   ev/simsec=14525.6
     Messages:  created: 3390344   present: 1110   in FES: 125
** Event #3705344   t=274.514787839619   Elapsed: 223.26s (3m 43s)  54% completed  (27% total)
     Speed:     ev/sec=19381.4   simsec/sec=1.21676   ev/simsec=15928.7
     Messages:  created: 3430594   present: 1095   in FES: 126
** Event #3748096   t=277.264165710992   Elapsed: 225.276s (3m 45s)  55% completed  (27% total)
     Speed:     ev/sec=21209.6   simsec/sec=1.36399   ev/simsec=15549.7
     Messages:  created: 3475356   present: 1108   in FES: 127
** Event #3783168   t=279.523809846539   Elapsed: 227.282s (3m 47s)  55% completed  (27% total)
     Speed:     ev/sec=17484.3   simsec/sec=1.12649   ev/simsec=15521
     Messages:  created: 3511866   present: 1105   in FES: 120
** Event #3829248   t=282.269600679851   Elapsed: 229.295s (3m 49s)  56% completed  (28% total)
     Speed:     ev/sec=22893.6   simsec/sec=1.36417   ev/simsec=16782.1
     Messages:  created: 3560012   present: 1099   in FES: 126
** Event #3870464   t=285.034532969631   Elapsed: 231.301s (3m 51s)  57% completed  (28% total)
     Speed:     ev/sec=20543.9   simsec/sec=1.37816   ev/simsec=14906.7
     Messages:  created: 3602990   present: 1030   in FES: 97
** Event #3907840   t=287.256661034168   Elapsed: 233.321s (3m 53s)  57% completed  (28% total)
     Speed:     ev/sec=18506.7   simsec/sec=1.10029   ev/simsec=16819.9
     Messages:  created: 3640878   present: 1101   in FES: 122
** Event #3944192   t=289.514166288327   Elapsed: 235.337s (3m 55s)  57% completed  (28% total)
     Speed:     ev/sec=18026.6   simsec/sec=1.11948   ev/simsec=16102.7
     Messages:  created: 3678217   present: 1100   in FES: 127
** Event #3985920   t=292.121451562546   Elapsed: 237.343s (3m 57s)  58% completed  (29% total)
     Speed:     ev/sec=20800.9   simsec/sec=1.2997   ev/simsec=16004.4
     Messages:  created: 3721294   present: 1118   in FES: 148
** Event #4020992   t=294.029506801631   Elapsed: 239.351s (3m 59s)  58% completed  (29% total)
     Speed:     ev/sec=17468.2   simsec/sec=0.950338   ev/simsec=18381
     Messages:  created: 3760169   present: 1070   in FES: 105
** Event #4060672   t=296.336571215485   Elapsed: 241.362s (4m 01s)  59% completed  (29% total)
     Speed:     ev/sec=19734   simsec/sec=1.14737   ev/simsec=17199.3
     Messages:  created: 3800076   present: 1095   in FES: 120
** Event #4100608   t=299.036683677201   Elapsed: 243.368s (4m 03s)  59% completed  (29% total)
     Speed:     ev/sec=19904.8   simsec/sec=1.34578   ev/simsec=14790.5
     Messages:  created: 3840616   present: 1092   in FES: 117
** Event #4136704   t=301.273435318743   Elapsed: 245.372s (4m 05s)  60% completed  (30% total)
     Speed:     ev/sec=18010   simsec/sec=1.11602   ev/simsec=16137.7
     Messages:  created: 3877030   present: 1043   in FES: 98
** Event #4174080   t=304.003429267008   Elapsed: 247.39s (4m 07s)  60% completed  (30% total)
     Speed:     ev/sec=18521.9   simsec/sec=1.35286   ev/simsec=13690.9
     Messages:  created: 3915786   present: 1038   in FES: 101
** Event #4212992   t=306.173043840666   Elapsed: 249.395s (4m 09s)  61% completed  (30% total)
     Speed:     ev/sec=19407.8   simsec/sec=1.08212   ev/simsec=17935
     Messages:  created: 3954787   present: 1032   in FES: 118
** Event #4246784   t=308.187241374382   Elapsed: 251.397s (4m 11s)  61% completed  (30% total)
     Speed:     ev/sec=16885.8   simsec/sec=1.00649   ev/simsec=16776.9
     Messages:  created: 3989630   present: 1074   in FES: 113
** Event #4283392   t=310.764614709887   Elapsed: 253.404s (4m 13s)  62% completed  (31% total)
     Speed:     ev/sec=18234   simsec/sec=1.28376   ev/simsec=14203.6
     Messages:  created: 4027575   present: 1095   in FES: 140
** Event #4322816   t=313.15004598978   Elapsed: 255.414s (4m 15s)  62% completed  (31% total)
     Speed:     ev/sec=19615.5   simsec/sec=1.18688   ev/simsec=16527
     Messages:  created: 4067305   present: 1024   in FES: 96
** Event #4361984   t=315.428664843874   Elapsed: 257.423s (4m 17s)  63% completed  (31% total)
     Speed:     ev/sec=19500.7   simsec/sec=1.13446   ev/simsec=17189.4
     Messages:  created: 4107616   present: 1078   in FES: 127
** Event #4404224   t=318.014955196332   Elapsed: 259.431s (4m 19s)  63% completed  (31% total)
     Speed:     ev/sec=21031.4   simsec/sec=1.28772   ev/simsec=16332.3
     Messages:  created: 4152726   present: 1114   in FES: 125
** Event #4442880   t=320.120695911151   Elapsed: 261.443s (4m 21s)  64% completed  (32% total)
     Speed:     ev/sec=19217.2   simsec/sec=1.04683   ev/simsec=18357.4
     Messages:  created: 4192058   present: 1096   in FES: 121
** Event #4480768   t=322.371185979284   Elapsed: 263.443s (4m 23s)  64% completed  (32% total)
     Speed:     ev/sec=18943.6   simsec/sec=1.12522   ev/simsec=16835.4
     Messages:  created: 4231024   present: 1095   in FES: 126
** Event #4522752   t=325.097592102758   Elapsed: 265.445s (4m 25s)  65% completed  (32% total)
     Speed:     ev/sec=20967.6   simsec/sec=1.36162   ev/simsec=15399
     Messages:  created: 4273943   present: 1114   in FES: 126
** Event #4560640   t=327.466389654395   Elapsed: 267.463s (4m 27s)  65% completed  (32% total)
     Speed:     ev/sec=18778   simsec/sec=1.17402   ev/simsec=15994.6
     Messages:  created: 4312539   present: 1078   in FES: 115
** Event #4601856   t=330.096633852238   Elapsed: 269.472s (4m 29s)  66% completed  (33% total)
     Speed:     ev/sec=20513.3   simsec/sec=1.30908   ev/simsec=15670
     Messages:  created: 4355173   present: 1101   in FES: 126
** Event #4639744   t=332.350690351484   Elapsed: 271.482s (4m 31s)  66% completed  (33% total)
     Speed:     ev/sec=18843.9   simsec/sec=1.12107   ev/simsec=16808.8
     Messages:  created: 4394787   present: 1098   in FES: 121
** Event #4679424   t=334.664616499821   Elapsed: 273.483s (4m 33s)  66% completed  (33% total)
     Speed:     ev/sec=19834.5   simsec/sec=1.15664   ev/simsec=17148.3
     Messages:  created: 4437159   present: 1073   in FES: 127
** Event #4713216   t=336.672116346164   Elapsed: 275.486s (4m 35s)  67% completed  (33% total)
     Speed:     ev/sec=16873.1   simsec/sec=1.00239   ev/simsec=16832.9
     Messages:  created: 4472549   present: 1087   in FES: 127
** Event #4752896   t=339.091005252186   Elapsed: 277.491s (4m 37s)  67% completed  (33% total)
     Speed:     ev/sec=19790.7   simsec/sec=1.20644   ev/simsec=16404.2
     Messages:  created: 4513589   present: 1091   in FES: 126
** Event #4791040   t=341.350671387459   Elapsed: 279.51s (4m 39s)  68% completed  (34% total)
     Speed:     ev/sec=18893   simsec/sec=1.11923   ev/simsec=16880.4
     Messages:  created: 4552609   present: 1071   in FES: 112
** Event #4828416   t=343.678334674575   Elapsed: 281.512s (4m 41s)  68% completed  (34% total)
     Speed:     ev/sec=18668.8   simsec/sec=1.16264   ev/simsec=16057.3
     Messages:  created: 4591295   present: 1025   in FES: 96
** Event #4868864   t=346.055154391305   Elapsed: 283.522s (4m 43s)  69% completed  (34% total)
     Speed:     ev/sec=20124   simsec/sec=1.18253   ev/simsec=17017.7
     Messages:  created: 4632323   present: 1105   in FES: 122
** Event #4905472   t=348.098281450401   Elapsed: 285.528s (4m 45s)  69% completed  (34% total)
     Speed:     ev/sec=18242.5   simsec/sec=1.01813   ev/simsec=17917.6
     Messages:  created: 4669577   present: 1094   in FES: 126
** Event #4941824   t=350.161134799402   Elapsed: 287.535s (4m 47s)  70% completed  (35% total)
     Speed:     ev/sec=18120.4   simsec/sec=1.02827   ev/simsec=17622.2
     Messages:  created: 4706372   present: 1076   in FES: 109
** Event #4975616   t=352.256560244763   Elapsed: 289.547s (4m 49s)  70% completed  (35% total)
     Speed:     ev/sec=16791.6   simsec/sec=1.04124   ev/simsec=16126.6
     Messages:  created: 4739816   present: 1104   in FES: 126
** Event #5013248   t=354.466280109224   Elapsed: 291.558s (4m 51s)  70% completed  (35% total)
     Speed:     ev/sec=18715.6   simsec/sec=1.09896   ev/simsec=17030.2
     Messages:  created: 4777253   present: 1102   in FES: 126
** Event #5054464   t=357.004115100331   Elapsed: 293.575s (4m 53s)  71% completed  (35% total)
     Speed:     ev/sec=20435.2   simsec/sec=1.25828   ev/simsec=16240.6
     Messages:  created: 4820925   present: 1079   in FES: 114
** Event #5091328   t=359.020130119873   Elapsed: 295.577s (4m 55s)  71% completed  (35% total)
     Speed:     ev/sec=18408.5   simsec/sec=1.00672   ev/simsec=18285.6
     Messages:  created: 4859158   present: 1117   in FES: 126
** Event #5128192   t=361.096687254505   Elapsed: 297.578s (4m 57s)  72% completed  (36% total)
     Speed:     ev/sec=18419.5   simsec/sec=1.03757   ev/simsec=17752.5
     Messages:  created: 4896287   present: 1109   in FES: 124
** Event #5165312   t=363.256657468762   Elapsed: 299.584s (4m 59s)  72% completed  (36% total)
     Speed:     ev/sec=18509.4   simsec/sec=1.07704   ev/simsec=17185.4
     Messages:  created: 4934716   present: 1090   in FES: 119
** Event #5200640   t=365.336468360736   Elapsed: 301.599s (5m 01s)  73% completed  (36% total)
     Speed:     ev/sec=17529.6   simsec/sec=1.032   ev/simsec=16986.2
     Messages:  created: 4971698   present: 1024   in FES: 97
** Event #5243392   t=368.004099021343   Elapsed: 303.615s (5m 03s)  73% completed  (36% total)
     Speed:     ev/sec=21208.4   simsec/sec=1.32336   ev/simsec=16026.2
     Messages:  created: 5018290   present: 1100   in FES: 121
** Event #5285888   t=370.443879648103   Elapsed: 305.627s (5m 05s)  74% completed  (37% total)
     Speed:     ev/sec=21126.6   simsec/sec=1.21292   ev/simsec=17418
     Messages:  created: 5062417   present: 1083   in FES: 116
** Event #5329408   t=373.37069638711   Elapsed: 307.634s (5m 07s)  74% completed  (37% total)
     Speed:     ev/sec=21677.8   simsec/sec=1.45788   ev/simsec=14869.4
     Messages:  created: 5107609   present: 1050   in FES: 105
** Event #5371648   t=376.154962546584   Elapsed: 309.636s (5m 09s)  75% completed  (37% total)
     Speed:     ev/sec=21103.5   simsec/sec=1.39105   ev/simsec=15171
     Messages:  created: 5151503   present: 1107   in FES: 124
** Event #5412096   t=379.026507860445   Elapsed: 311.644s (5m 11s)  75% completed  (37% total)
     Speed:     ev/sec=20139.5   simsec/sec=1.42977   ev/simsec=14085.8
     Messages:  created: 5193985   present: 1042   in FES: 97
** Event #5446400   t=381.092052456576   Elapsed: 313.645s (5m 13s)  76% completed  (38% total)
     Speed:     ev/sec=17148.4   simsec/sec=1.03255   ev/simsec=16607.7
     Messages:  created: 5229289   present: 1074   in FES: 113
** Event #5483776   t=383.523388624237   Elapsed: 315.652s (5m 15s)  76% completed  (38% total)
     Speed:     ev/sec=18617.9   simsec/sec=1.21111   ev/simsec=15372.6
     Messages:  created: 5267935   present: 1100   in FES: 127
** Event #5525504   t=386.273166405274   Elapsed: 317.656s (5m 17s)  77% completed  (38% total)
     Speed:     ev/sec=20827.3   simsec/sec=1.37247   ev/simsec=15175
     Messages:  created: 5310957   present: 1104   in FES: 127
** Event #5569280   t=389.161032400055   Elapsed: 319.661s (5m 19s)  77% completed  (38% total)
     Speed:     ev/sec=21833.1   simsec/sec=1.44031   ev/simsec=15158.6
     Messages:  created: 5356376   present: 1100   in FES: 126
** Event #5610752   t=392.031996979854   Elapsed: 321.663s (5m 21s)  78% completed  (39% total)
     Speed:     ev/sec=20709.7   simsec/sec=1.43366   ev/simsec=14445.3
     Messages:  created: 5399540   present: 1122   in FES: 124
** Event #5650432   t=394.443864682116   Elapsed: 323.678s (5m 23s)  78% completed  (39% total)
     Speed:     ev/sec=19695.9   simsec/sec=1.19717   ev/simsec=16452
     Messages:  created: 5440091   present: 1046   in FES: 103
** Event #5688832   t=397.068197371891   Elapsed: 325.686s (5m 25s)  79% completed  (39% total)
     Speed:     ev/sec=19124.6   simsec/sec=1.30701   ev/simsec=14632.3
     Messages:  created: 5480093   present: 1096   in FES: 120
** Event #5734656   t=400.076527917882   Elapsed: 327.691s (5m 27s)  80% completed  (40% total)
     Speed:     ev/sec=22851.8   simsec/sec=1.50022   ev/simsec=15232.4
     Messages:  created: 5527474   present: 1107   in FES: 127
** Event #5773312   t=402.523433398429   Elapsed: 329.698s (5m 29s)  80% completed  (40% total)
     Speed:     ev/sec=19259.1   simsec/sec=1.21909   ev/simsec=15797.9
     Messages:  created: 5567158   present: 1076   in FES: 111
** Event #5815296   t=405.265084153209   Elapsed: 331.705s (5m 31s)  81% completed  (40% total)
     Speed:     ev/sec=20915.4   simsec/sec=1.36582   ev/simsec=15313.4
     Messages:  created: 5609870   present: 1052   in FES: 115
** Event #5852928   t=407.514166572852   Elapsed: 333.724s (5m 33s)  81% completed  (40% total)
     Speed:     ev/sec=18641.6   simsec/sec=1.11412   ev/simsec=16732.2
     Messages:  created: 5648184   present: 1099   in FES: 127
** Event #5893376   t=410.091110806715   Elapsed: 335.732s (5m 35s)  82% completed  (41% total)
     Speed:     ev/sec=20144.1   simsec/sec=1.28338   ev/simsec=15696.1
     Messages:  created: 5689344   present: 1093   in FES: 120
** Event #5927168   t=412.098336853618   Elapsed: 337.74s (5m 37s)  82% completed  (41% total)
     Speed:     ev/sec=16831.6   simsec/sec=0.999788   ev/simsec=16835.2
     Messages:  created: 5723926   present: 1085   in FES: 114
** Event #5966080   t=414.410257426427   Elapsed: 339.745s (5m 39s)  82% completed  (41% total)
     Speed:     ev/sec=19400.9   simsec/sec=1.15269   ev/simsec=16831
     Messages:  created: 5763865   present: 1113   in FES: 143
** Event #6004224   t=417.031942554866   Elapsed: 341.752s (5m 41s)  83% completed  (41% total)
     Speed:     ev/sec=19004.9   simsec/sec=1.30623   ev/simsec=14549.4
     Messages:  created: 5802966   present: 1039   in FES: 98
** Event #6041344   t=419.256681381339   Elapsed: 343.754s (5m 43s)  83% completed  (41% total)
     Speed:     ev/sec=18542.1   simsec/sec=1.1113   ev/simsec=16685.1
     Messages:  created: 5839823   present: 1078   in FES: 115
** Event #6082304   t=421.81712126227   Elapsed: 345.756s (5m 45s)  84% completed  (42% total)
     Speed:     ev/sec=20464.7   simsec/sec=1.27927   ev/simsec=15997.3
     Messages:  created: 5881707   present: 1098   in FES: 126
** Event #6120960   t=424.072455072732   Elapsed: 347.757s (5m 47s)  84% completed  (42% total)
     Speed:     ev/sec=19321.5   simsec/sec=1.12729   ev/simsec=17139.8
     Messages:  created: 5920556   present: 1101   in FES: 127
** Event #6157824   t=426.172162107896   Elapsed: 349.763s (5m 49s)  85% completed  (42% total)
     Speed:     ev/sec=18374.6   simsec/sec=1.04658   ev/simsec=17556.7
     Messages:  created: 5958037   present: 1068   in FES: 111
** Event #6194176   t=428.376328833674   Elapsed: 351.779s (5m 51s)  85% completed  (42% total)
     Speed:     ev/sec=18030.7   simsec/sec=1.09327   ev/simsec=16492.4
     Messages:  created: 5995185   present: 1060   in FES: 105
** Event #6237952   t=431.099187902486   Elapsed: 353.779s (5m 53s)  86% completed  (43% total)
     Speed:     ev/sec=21881.8   simsec/sec=1.36105   ev/simsec=16077.2
     Messages:  created: 6040222   present: 1120   in FES: 125
** Event #6275584   t=433.403356268427   Elapsed: 355.786s (5m 55s)  86% completed  (43% total)
     Speed:     ev/sec=18751.8   simsec/sec=1.14815   ev/simsec=16332.1
     Messages:  created: 6078278   present: 1047   in FES: 104
** Event #6313472   t=436.071847856031   Elapsed: 357.787s (5m 57s)  87% completed  (43% total)
     Speed:     ev/sec=18934.3   simsec/sec=1.33356   ev/simsec=14198.3
     Messages:  created: 6116521   present: 1101   in FES: 126
** Event #6349312   t=438.328615563184   Elapsed: 359.796s (5m 59s)  87% completed  (43% total)
     Speed:     ev/sec=17847.1   simsec/sec=1.12379   ev/simsec=15881.1
     Messages:  created: 6152556   present: 1048   in FES: 105
** Event #6388736   t=441.011181556637   Elapsed: 361.798s (6m 01s)  88% completed  (44% total)
     Speed:     ev/sec=19691.8   simsec/sec=1.33991   ev/simsec=14696.4
     Messages:  created: 6193590   present: 1096   in FES: 127
** Event #6426368   t=443.273750458348   Elapsed: 363.803s (6m 03s)  88% completed  (44% total)
     Speed:     ev/sec=18762.3   simsec/sec=1.12806   ev/simsec=16632.4
     Messages:  created: 6230808   present: 1125   in FES: 128
** Event #6469888   t=445.237567802332   Elapsed: 365.804s (6m 05s)  89% completed  (44% total)
     Speed:     ev/sec=21749.8   simsec/sec=0.981447   ev/simsec=22160.9
     Messages:  created: 6279557   present: 1081   in FES: 116
** Event #6508288   t=447.403356080112   Elapsed: 367.81s (6m 07s)  89% completed  (44% total)
     Speed:     ev/sec=19144.1   simsec/sec=1.07974   ev/simsec=17730.3
     Messages:  created: 6319050   present: 1053   in FES: 106
** Event #6543872   t=449.515148980958   Elapsed: 369.816s (6m 09s)  89% completed  (44% total)
     Speed:     ev/sec=17738.3   simsec/sec=1.05271   ev/simsec=16850.1
     Messages:  created: 6355553   present: 1072   in FES: 111
** Event #6579456   t=451.67295876606   Elapsed: 371.818s (6m 11s)  90% completed  (45% total)
     Speed:     ev/sec=17776.1   simsec/sec=1.07794   ev/simsec=16490.8
     Messages:  created: 6392024   present: 1074   in FES: 111
** Event #6612992   t=453.659352899531   Elapsed: 373.821s (6m 13s)  90% completed  (45% total)
     Speed:     ev/sec=16738.8   simsec/sec=0.991467   ev/simsec=16882.9
     Messages:  created: 6425602   present: 1106   in FES: 125
** Event #6643712   t=455.376336806367   Elapsed: 375.829s (6m 15s)  91% completed  (45% total)
     Speed:     ev/sec=15302.4   simsec/sec=0.855273   ev/simsec=17891.8
     Messages:  created: 6455461   present: 1049   in FES: 102
** Event #6676480   t=457.336576238857   Elapsed: 377.85s (6m 17s)  91% completed  (45% total)
     Speed:     ev/sec=16216.1   simsec/sec=0.970077   ev/simsec=16716.3
     Messages:  created: 6487617   present: 1047   in FES: 104
** Event #6709248   t=459.256673166091   Elapsed: 379.88s (6m 19s)  91% completed  (45% total)
     Speed:     ev/sec=16135.3   simsec/sec=0.945474   ev/simsec=17065.8
     Messages:  created: 6519703   present: 1090   in FES: 119
** Event #6741760   t=461.159308118093   Elapsed: 381.897s (6m 21s)  92% completed  (46% total)
     Speed:     ev/sec=16120.3   simsec/sec=0.943377   ev/simsec=17087.9
     Messages:  created: 6551624   present: 1073   in FES: 128
** Event #6774272   t=463.092052189215   Elapsed: 383.905s (6m 23s)  92% completed  (46% total)
     Speed:     ev/sec=16197.1   simsec/sec=0.962869   ev/simsec=16821.7
     Messages:  created: 6584115   present: 1074   in FES: 113
** Event #6806528   t=465.041801405854   Elapsed: 385.919s (6m 25s)  93% completed  (46% total)
     Speed:     ev/sec=16015.6   simsec/sec=0.968081   ev/simsec=16543.7
     Messages:  created: 6616198   present: 1082   in FES: 113
** Event #6838784   t=467.024751695265   Elapsed: 387.926s (6m 27s)  93% completed  (46% total)
     Speed:     ev/sec=16069.2   simsec/sec=0.987863   ev/simsec=16266.7
     Messages:  created: 6648353   present: 1131   in FES: 126
** Event #6866944   t=468.65980210394   Elapsed: 389.932s (6m 29s)  93% completed  (46% total)
     Speed:     ev/sec=14037.7   simsec/sec=0.815071   ev/simsec=17222.7
     Messages:  created: 6676079   present: 1089   in FES: 126
** Event #6904576   t=471.00971452573   Elapsed: 391.949s (6m 31s)  94% completed  (47% total)
     Speed:     ev/sec=18652.7   simsec/sec=1.16476   ev/simsec=16014.2
     Messages:  created: 6714483   present: 1092   in FES: 117
** Event #6942976   t=473.105127460757   Elapsed: 393.958s (6m 33s)  94% completed  (47% total)
     Speed:     ev/sec=19118.6   simsec/sec=1.04327   ev/simsec=18325.7
     Messages:  created: 6752264   present: 1083   in FES: 114
** Event #6979584   t=475.370661558466   Elapsed: 395.967s (6m 35s)  95% completed  (47% total)
     Speed:     ev/sec=18225.5   simsec/sec=1.12791   ev/simsec=16158.7
     Messages:  created: 6789353   present: 1088   in FES: 138
** Event #7014400   t=477.514178312673   Elapsed: 397.979s (6m 37s)  95% completed  (47% total)
     Speed:     ev/sec=17296.4   simsec/sec=1.06489   ev/simsec=16242.5
     Messages:  created: 6824460   present: 1113   in FES: 141
** Event #7057152   t=480.154991561799   Elapsed: 400.003s (6m 40s)  96% completed  (48% total)
     Speed:     ev/sec=21127   simsec/sec=1.30503   ev/simsec=16189
     Messages:  created: 6867399   present: 1041   in FES: 102
** Event #7091968   t=482.237572443435   Elapsed: 402.028s (6m 42s)  96% completed  (48% total)
     Speed:     ev/sec=17197.6   simsec/sec=1.02871   ev/simsec=16717.7
     Messages:  created: 6902615   present: 1042   in FES: 103
** Event #7127552   t=484.371193222337   Elapsed: 404.032s (6m 44s)  96% completed  (48% total)
     Speed:     ev/sec=17751.7   simsec/sec=1.0644   ev/simsec=16677.8
     Messages:  created: 6939112   present: 1077   in FES: 112
** Event #7163136   t=486.478802978394   Elapsed: 406.046s (6m 46s)  97% completed  (48% total)
     Speed:     ev/sec=17667.7   simsec/sec=1.04644   ev/simsec=16883.6
     Messages:  created: 6975296   present: 1093   in FES: 126
** Event #7202048   t=489.023491419897   Elapsed: 408.054s (6m 48s)  97% completed  (48% total)
     Speed:     ev/sec=19375.9   simsec/sec=1.26711   ev/simsec=15291.5
     Messages:  created: 7014931   present: 1067   in FES: 102
** Event #7239424   t=491.150133788844   Elapsed: 410.067s (6m 50s)  98% completed  (49% total)
     Speed:     ev/sec=18567.1   simsec/sec=1.05644   ev/simsec=17575.1
     Messages:  created: 7051541   present: 1068   in FES: 111
** Event #7273216   t=493.161139231146   Elapsed: 412.08s (6m 52s)  98% completed  (49% total)
     Speed:     ev/sec=16789.1   simsec/sec=0.999143   ev/simsec=16803.5
     Messages:  created: 7085172   present: 1058   in FES: 105
** Event #7307520   t=495.256559797229   Elapsed: 414.106s (6m 54s)  99% completed  (49% total)
     Speed:     ev/sec=16931.5   simsec/sec=1.03424   ev/simsec=16370.9
     Messages:  created: 7119284   present: 1102   in FES: 126
** Event #7337472   t=497.105119238043   Elapsed: 416.115s (6m 56s)  99% completed  (49% total)
     Speed:     ev/sec=14911.4   simsec/sec=0.920293   ev/simsec=16202.9
     Messages:  created: 7148761   present: 1086   in FES: 115
** Event #7372544   t=499.273387825169   Elapsed: 418.131s (6m 58s)  99% completed  (49% total)
     Speed:     ev/sec=17396   simsec/sec=1.07548   ev/simsec=16175.1
     Messages:  created: 7183064   present: 1097   in FES: 127
** Event #7378703   t=500   Elapsed: 418.467s (6m 58s)  100% completed  (50% total)
     Speed:     ev/sec=18316.2   simsec/sec=2.15382   ev/simsec=8504.04
     Messages:  created: 7189995   present: 1021   in FES: 95

<!> Simulation time limit reached -- at t=500s, event #7378703
undisposed object: (omnetpp::cMessage) FanetStressNetwork.uav[0].app.debugTimer -- check module destructor
undisposed object: (omnetpp::cMessage) FanetStressNetwork.uav[1].app.debugTimer -- check module destructor
undisposed object: (omnetpp::cMessage) FanetStressNetwork.uav[2].app.debugTimer -- check module destructor
undisposed object: (omnetpp::cMessage) FanetStressNetwork.uav[3].app.debugTimer -- check module destructor
undisposed object: (omnetpp::cMessage) FanetStressNetwork.uav[4].app.debugTimer -- check module destructor
undisposed object: (omnetpp::cMessage) FanetStressNetwork.uav[5].app.debugTimer -- check module destructor
undisposed object: (omnetpp::cMessage) FanetStressNetwork.uav[6].app.debugTimer -- check module destructor
undisposed object: (omnetpp::cMessage) FanetStressNetwork.uav[7].app.debugTimer -- check module destructor
undisposed object: (omnetpp::cMessage) FanetStressNetwork.uav[8].app.debugTimer -- check module destructor
undisposed object: (omnetpp::cMessage) FanetStressNetwork.uav[9].app.debugTimer -- check module destructor
undisposed object: (omnetpp::cMessage) FanetStressNetwork.uav[10].app.debugTimer -- check module destructor
undisposed object: (omnetpp::cMessage) FanetStressNetwork.uav[11].app.debugTimer -- check module destructor
undisposed object: (omnetpp::cMessage) FanetStressNetwork.uav[12].app.debugTimer -- check module destructor
undisposed object: (omnetpp::cMessage) FanetStressNetwork.uav[13].app.debugTimer -- check module destructor
undisposed object: (omnetpp::cMessage) FanetStressNetwork.uav[14].app.debugTimer -- check module destructor
undisposed object: (omnetpp::cMessage) FanetStressNetwork.uav[15].app.debugTimer -- check module destructor
undisposed object: (omnetpp::cMessage) FanetStressNetwork.uav[16].app.debugTimer -- check module destructor
undisposed object: (omnetpp::cMessage) FanetStressNetwork.uav[17].app.debugTimer -- check module destructor
undisposed object: (omnetpp::cMessage) FanetStressNetwork.uav[18].app.debugTimer -- check module destructor
undisposed object: (omnetpp::cMessage) FanetStressNetwork.uav[19].app.debugTimer -- check module destructor
undisposed object: (omnetpp::cMessage) FanetStressNetwork.uav[20].app.debugTimer -- check module destructor
undisposed object: (omnetpp::cMessage) FanetStressNetwork.uav[21].app.debugTimer -- check module destructor
undisposed object: (omnetpp::cMessage) FanetStressNetwork.uav[22].app.debugTimer -- check module destructor
undisposed object: (omnetpp::cMessage) FanetStressNetwork.uav[23].app.debugTimer -- check module destructor
undisposed object: (omnetpp::cMessage) FanetStressNetwork.uav[24].app.debugTimer -- check module destructor
undisposed object: (omnetpp::cMessage) FanetStressNetwork.uav[25].app.debugTimer -- check module destructor
undisposed object: (omnetpp::cMessage) FanetStressNetwork.uav[26].app.debugTimer -- check module destructor
undisposed object: (omnetpp::cMessage) FanetStressNetwork.uav[27].app.debugTimer -- check module destructor
undisposed object: (omnetpp::cMessage) FanetStressNetwork.uav[28].app.debugTimer -- check module destructor
undisposed object: (omnetpp::cMessage) FanetStressNetwork.uav[29].app.debugTimer -- check module destructor
