** Event #0   t=0   Elapsed: 1.6e-05s (0m 00s)  0% completed  (0% total)
     Speed:     ev/sec=0   simsec/sec=0   ev/simsec=0
     Messages:  created: 1081   present: 1081   in FES: 161
** Event #43008   t=5.169539268974   Elapsed: 2.00105s (0m 02s)  1% completed  (0% total)
     Speed:     ev/sec=21493.5   simsec/sec=2.58344   ev/simsec=8319.7
     Messages:  created: 35845   present: 1072   in FES: 113
** Event #79360   t=9.135349982327   Elapsed: 4.02066s (0m 04s)  1% completed  (0% total)
     Speed:     ev/sec=17999.4   simsec/sec=1.96364   ev/simsec=9166.35
     Messages:  created: 65379   present: 1087   in FES: 118
** Event #115200   t=13.088136295295   Elapsed: 6.02279s (0m 06s)  2% completed  (1% total)
     Speed:     ev/sec=17901   simsec/sec=1.97429   ev/simsec=9067.02
     Messages:  created: 94189   present: 1070   in FES: 109
** Event #147200   t=16.351048144712   Elapsed: 8.04618s (0m 08s)  3% completed  (1% total)
     Speed:     ev/sec=15815.1   simsec/sec=1.6126   ev/simsec=9807.19
     Messages:  created: 119662   present: 1097   in FES: 120
** Event #177920   t=19.49456318733   Elapsed: 10.0518s (0m 10s)  3% completed  (1% total)
     Speed:     ev/sec=15317.2   simsec/sec=1.56738   ev/simsec=9772.5
     Messages:  created: 143979   present: 1026   in FES: 97
** Event #212736   t=23.09356030749   Elapsed: 12.0556s (0m 12s)  4% completed  (2% total)
     Speed:     ev/sec=17374.8   simsec/sec=1.79607   ev/simsec=9673.81
     Messages:  created: 171265   present: 1107   in FES: 120
** Event #241152   t=26.063803476723   Elapsed: 14.0677s (0m 14s)  5% completed  (2% total)
     Speed:     ev/sec=14122.3   simsec/sec=1.47616   ev/simsec=9566.89
     Messages:  created: 193183   present: 1051   in FES: 104
** Event #269056   t=29.005642912849   Elapsed: 16.0845s (0m 16s)  5% completed  (2% total)
     Speed:     ev/sec=13836.1   simsec/sec=1.45871   ev/simsec=9485.22
     Messages:  created: 214716   present: 1059   in FES: 106
** Event #301824   t=32.056058730129   Elapsed: 18.0961s (0m 18s)  6% completed  (3% total)
     Speed:     ev/sec=16288.9   simsec/sec=1.51636   ev/simsec=10742.1
     Messages:  created: 240068   present: 1067   in FES: 110
** Event #334080   t=35.110330013732   Elapsed: 20.119s (0m 20s)  7% completed  (3% total)
     Speed:     ev/sec=15945.7   simsec/sec=1.50987   ev/simsec=10560.9
     Messages:  created: 265578   present: 1032   in FES: 99
** Event #365312   t=38.494558417873   Elapsed: 22.1293s (0m 22s)  7% completed  (3% total)
     Speed:     ev/sec=15536.5   simsec/sec=1.6835   ev/simsec=9228.69
     Messages:  created: 290979   present: 1059   in FES: 108
** Event #399872   t=42.351052514857   Elapsed: 24.1325s (0m 24s)  8% completed  (4% total)
     Speed:     ev/sec=17252.4   simsec/sec=1.92516   ev/simsec=8961.51
     Messages:  created: 319382   present: 1085   in FES: 116
** Event #436736   t=46.405975460308   Elapsed: 26.1492s (0m 26s)  9% completed  (4% total)
     Speed:     ev/sec=18278.8   simsec/sec=2.01061   ev/simsec=9091.17
     Messages:  created: 349706   present: 1024   in FES: 97
** Event #474368   t=51.005366081236   Elapsed: 28.1565s (0m 28s)  10% completed  (5% total)
     Speed:     ev/sec=18747.6   simsec/sec=2.29133   ev/simsec=8181.95
     Messages:  created: 380575   present: 1105   in FES: 122
** Event #511488   t=55.014628219501   Elapsed: 30.1634s (0m 30s)  11% completed  (5% total)
     Speed:     ev/sec=18496.2   simsec/sec=1.99774   ev/simsec=9258.56
     Messages:  created: 411037   present: 1119   in FES: 124
** Event #547072   t=58.494558787564   Elapsed: 32.1649s (0m 32s)  11% completed  (5% total)
     Speed:     ev/sec=17778.7   simsec/sec=1.73867   ev/simsec=10225.5
     Messages:  created: 439923   present: 1042   in FES: 103
** Event #582400   t=62.338815928191   Elapsed: 34.1846s (0m 34s)  12% completed  (6% total)
     Speed:     ev/sec=17491.5   simsec/sec=1.90336   ev/simsec=9189.81
     Messages:  created: 468385   present: 1096   in FES: 121
** Event #617472   t=66.094631878658   Elapsed: 36.1879s (0m 36s)  13% completed  (6% total)
     Speed:     ev/sec=17507.5   simsec/sec=1.87485   ev/simsec=9338.05
     Messages:  created: 496919   present: 1195   in FES: 147
** Event #650496   t=70.023518934992   Elapsed: 38.1882s (0m 38s)  14% completed  (7% total)
     Speed:     ev/sec=16509.8   simsec/sec=1.96418   ev/simsec=8405.43
     Messages:  created: 523857   present: 1090   in FES: 117
** Event #685312   t=73.683220942685   Elapsed: 40.1887s (0m 40s)  14% completed  (7% total)
     Speed:     ev/sec=17403   simsec/sec=1.82932   ev/simsec=9513.34
     Messages:  created: 552265   present: 1021   in FES: 95
** Event #720640   t=77.384087499991   Elapsed: 42.2013s (0m 42s)  15% completed  (7% total)
     Speed:     ev/sec=17554   simsec/sec=1.83891   ev/simsec=9545.87
     Messages:  created: 581111   present: 1090   in FES: 119
** Event #755712   t=81.135266419151   Elapsed: 44.2097s (0m 44s)  16% completed  (8% total)
     Speed:     ev/sec=17462.2   simsec/sec=1.86769   ev/simsec=9349.59
     Messages:  created: 609411   present: 1022   in FES: 96
** Event #788224   t=84.461741802917   Elapsed: 46.2192s (0m 46s)  16% completed  (8% total)
     Speed:     ev/sec=16179.4   simsec/sec=1.6554   ev/simsec=9773.71
     Messages:  created: 635153   present: 1096   in FES: 121
** Event #818944   t=88.003161722856   Elapsed: 48.2202s (0m 48s)  17% completed  (8% total)
     Speed:     ev/sec=15352.6   simsec/sec=1.76986   ev/simsec=8674.49
     Messages:  created: 659130   present: 1094   in FES: 119
** Event #849920   t=91.014633445293   Elapsed: 50.2283s (0m 50s)  18% completed  (9% total)
     Speed:     ev/sec=15425.4   simsec/sec=1.49965   ev/simsec=10286
     Messages:  created: 683403   present: 1090   in FES: 115
** Event #885504   t=94.25339059337   Elapsed: 52.25s (0m 52s)  18% completed  (9% total)
     Speed:     ev/sec=17601.3   simsec/sec=1.60202   ev/simsec=10986.9
     Messages:  created: 711111   present: 1021   in FES: 95
** Event #915712   t=97.169554718647   Elapsed: 54.2587s (0m 54s)  19% completed  (9% total)
     Speed:     ev/sec=15038   simsec/sec=1.45171   ev/simsec=10358.8
     Messages:  created: 734529   present: 1081   in FES: 116
** Event #945664   t=100.135380643273   Elapsed: 56.2765s (0m 56s)  20% completed  (10% total)
     Speed:     ev/sec=14844.4   simsec/sec=1.46988   ev/simsec=10099
     Messages:  created: 757727   present: 1108   in FES: 125
** Event #982016   t=102.344216419256   Elapsed: 58.2927s (0m 58s)  20% completed  (10% total)
     Speed:     ev/sec=18029.9   simsec/sec=1.09554   ev/simsec=16457.5
     Messages:  created: 794399   present: 1074   in FES: 113
** Event #1019904   t=104.397705288395   Elapsed: 60.3191s (1m 00s)  20% completed  (10% total)
     Speed:     ev/sec=18697   simsec/sec=1.01336   ev/simsec=18450.6
     Messages:  created: 834224   present: 1078   in FES: 115
** Event #1059584   t=106.479031176775   Elapsed: 62.3243s (1m 02s)  21% completed  (10% total)
     Speed:     ev/sec=19788.2   simsec/sec=1.03795   ev/simsec=19064.8
     Messages:  created: 876125   present: 1069   in FES: 112
** Event #1107968   t=109.074494995907   Elapsed: 64.3288s (1m 04s)  21% completed  (10% total)
     Speed:     ev/sec=24138.1   simsec/sec=1.29484   ev/simsec=18641.8
     Messages:  created: 929153   present: 1063   in FES: 110
** Event #1145088   t=111.092887533383   Elapsed: 66.3413s (1m 06s)  22% completed  (11% total)
     Speed:     ev/sec=18444.5   simsec/sec=1.00292   ev/simsec=18390.9
     Messages:  created: 968877   present: 1072   in FES: 109
** Event #1189376   t=114.009690520111   Elapsed: 68.3515s (1m 08s)  22% completed  (11% total)
     Speed:     ev/sec=22031.8   simsec/sec=1.45102   ev/simsec=15183.7
     Messages:  created: 1015565   present: 1111   in FES: 121
** Event #1230592   t=116.452231279708   Elapsed: 70.355s (1m 10s)  23% completed  (11% total)
     Speed:     ev/sec=20571.8   simsec/sec=1.21913   ev/simsec=16874.2
     Messages:  created: 1057657   present: 1109   in FES: 126
** Event #1276416   t=119.086969087801   Elapsed: 72.3622s (1m 12s)  23% completed  (11% total)
     Speed:     ev/sec=22829.6   simsec/sec=1.31263   ev/simsec=17392.2
     Messages:  created: 1106910   present: 1109   in FES: 123
** Event #1319424   t=121.702197803858   Elapsed: 74.3648s (1m 14s)  24% completed  (12% total)
     Speed:     ev/sec=21477.1   simsec/sec=1.30598   ev/simsec=16445.2
     Messages:  created: 1152065   present: 1107   in FES: 142
** Event #1362176   t=124.086915288803   Elapsed: 76.3746s (1m 16s)  24% completed  (12% total)
     Speed:     ev/sec=21271.8   simsec/sec=1.18654   ev/simsec=17927.5
     Messages:  created: 1197209   present: 1099   in FES: 126
** Event #1398528   t=126.203168956021   Elapsed: 78.3779s (1m 18s)  25% completed  (12% total)
     Speed:     ev/sec=18145.6   simsec/sec=1.05636   ev/simsec=17177.5
     Messages:  created: 1234993   present: 1107   in FES: 122
** Event #1449984   t=129.169542435322   Elapsed: 80.3804s (1m 20s)  25% completed  (12% total)
     Speed:     ev/sec=25695.4   simsec/sec=1.48131   ev/simsec=17346.4
     Messages:  created: 1288621   present: 1105   in FES: 124
** Event #1490432   t=131.479015551161   Elapsed: 82.3999s (1m 22s)  26% completed  (13% total)
     Speed:     ev/sec=20029.3   simsec/sec=1.14362   ev/simsec=17514
     Messages:  created: 1330758   present: 1066   in FES: 111
** Event #1536512   t=134.230507870473   Elapsed: 84.402s (1m 24s)  26% completed  (13% total)
     Speed:     ev/sec=23015.9   simsec/sec=1.37431   ev/simsec=16747.3
     Messages:  created: 1378500   present: 1092   in FES: 126
** Event #1575168   t=136.481586207774   Elapsed: 86.403s (1m 26s)  27% completed  (13% total)
     Speed:     ev/sec=19318.2   simsec/sec=1.12497   ev/simsec=17172.2
     Messages:  created: 1418209   present: 1030   in FES: 97
** Event #1608448   t=138.478916914922   Elapsed: 88.4139s (1m 28s)  27% completed  (13% total)
     Speed:     ev/sec=16549.6   simsec/sec=0.993241   ev/simsec=16662.2
     Messages:  created: 1452602   present: 1091   in FES: 126
** Event #1649920   t=141.080276257171   Elapsed: 90.4249s (1m 30s)  28% completed  (14% total)
     Speed:     ev/sec=20622.3   simsec/sec=1.29355   ev/simsec=15942.4
     Messages:  created: 1495551   present: 1077   in FES: 112
** Event #1689600   t=143.482457881299   Elapsed: 92.4272s (1m 32s)  28% completed  (14% total)
     Speed:     ev/sec=19817.4   simsec/sec=1.19972   ev/simsec=16518.3
     Messages:  created: 1535971   present: 1108   in FES: 127
** Event #1729280   t=146.054810444808   Elapsed: 94.4284s (1m 34s)  29% completed  (14% total)
     Speed:     ev/sec=19828.7   simsec/sec=1.28544   ev/simsec=15425.6
     Messages:  created: 1576879   present: 1107   in FES: 124
** Event #1767680   t=148.344200109525   Elapsed: 96.4357s (1m 36s)  29% completed  (14% total)
     Speed:     ev/sec=19130.1   simsec/sec=1.14053   ev/simsec=16773
     Messages:  created: 1615542   present: 1098   in FES: 121
** Event #1811200   t=151.086915849691   Elapsed: 98.4373s (1m 38s)  30% completed  (15% total)
     Speed:     ev/sec=21741.7   simsec/sec=1.37021   ev/simsec=15867.5
     Messages:  created: 1659989   present: 1100   in FES: 126
** Event #1847040   t=153.292146538234   Elapsed: 100.446s (1m 40s)  30% completed  (15% total)
     Speed:     ev/sec=17839.5   simsec/sec=1.09766   ev/simsec=16252.3
     Messages:  created: 1696662   present: 1097   in FES: 127
** Event #1890816   t=156.110305127218   Elapsed: 102.453s (1m 42s)  31% completed  (15% total)
     Speed:     ev/sec=21816.7   simsec/sec=1.40449   ev/simsec=15533.5
     Messages:  created: 1741686   present: 1101   in FES: 122
** Event #1936640   t=159.056062799254   Elapsed: 104.454s (1m 44s)  31% completed  (15% total)
     Speed:     ev/sec=22894.3   simsec/sec=1.47174   ev/simsec=15555.9
     Messages:  created: 1789914   present: 1070   in FES: 111
** Event #1976832   t=161.701964424275   Elapsed: 106.458s (1m 46s)  32% completed  (16% total)
     Speed:     ev/sec=20057.7   simsec/sec=1.32043   ev/simsec=15190.3
     Messages:  created: 1831715   present: 1093   in FES: 126
** Event #2018560   t=164.306642074322   Elapsed: 108.467s (1m 48s)  32% completed  (16% total)
     Speed:     ev/sec=20769.6   simsec/sec=1.29644   ev/simsec=16020.4
     Messages:  created: 1874786   present: 1096   in FES: 126
** Event #2053632   t=166.494444125386   Elapsed: 110.598s (1m 50s)  33% completed  (16% total)
     Speed:     ev/sec=16457.6   simsec/sec=1.02663   ev/simsec=16030.7
     Messages:  created: 1910713   present: 1098   in FES: 126
** Event #2095616   t=169.23191599165   Elapsed: 112.607s (1m 52s)  33% completed  (16% total)
     Speed:     ev/sec=20904.6   simsec/sec=1.36304   ev/simsec=15336.8
     Messages:  created: 1953680   present: 1113   in FES: 142
** Event #2135040   t=172.00119621369   Elapsed: 114.613s (1m 54s)  34% completed  (17% total)
     Speed:     ev/sec=19653.3   simsec/sec=1.38052   ev/simsec=14236.2
     Messages:  created: 1994601   present: 1031   in FES: 98
** Event #2175232   t=174.292144821608   Elapsed: 116.615s (1m 56s)  34% completed  (17% total)
     Speed:     ev/sec=20074.9   simsec/sec=1.14427   ev/simsec=17543.8
     Messages:  created: 2034587   present: 1023   in FES: 97
** Event #2212864   t=176.958462556056   Elapsed: 118.618s (1m 58s)  35% completed  (17% total)
     Speed:     ev/sec=18786.1   simsec/sec=1.33104   ev/simsec=14113.8
     Messages:  created: 2073030   present: 1110   in FES: 126
** Event #2251264   t=179.148912776249   Elapsed: 120.641s (2m 00s)  35% completed  (17% total)
     Speed:     ev/sec=18983.5   simsec/sec=1.08288   ev/simsec=17530.6
     Messages:  created: 2110525   present: 1045   in FES: 104
** Event #2287360   t=181.271844781781   Elapsed: 122.727s (2m 02s)  36% completed  (18% total)
     Speed:     ev/sec=17300.8   simsec/sec=1.01752   ev/simsec=17002.9
     Messages:  created: 2147847   present: 1088   in FES: 127
** Event #2325248   t=183.420760767375   Elapsed: 124.742s (2m 04s)  36% completed  (18% total)
     Speed:     ev/sec=18804.6   simsec/sec=1.06655   ev/simsec=17631.2
     Messages:  created: 2186582   present: 1101   in FES: 127
** Event #2365696   t=186.019706407082   Elapsed: 126.746s (2m 06s)  37% completed  (18% total)
     Speed:     ev/sec=20180.9   simsec/sec=1.2967   ev/simsec=15563.2
     Messages:  created: 2228928   present: 1033   in FES: 97
** Event #2404608   t=188.202229949163   Elapsed: 128.76s (2m 08s)  37% completed  (18% total)
     Speed:     ev/sec=19326.2   simsec/sec=1.08398   ev/simsec=17828.9
     Messages:  created: 2268398   present: 1026   in FES: 102
** Event #2444032   t=190.372665461787   Elapsed: 130.788s (2m 10s)  38% completed  (19% total)
     Speed:     ev/sec=19442.1   simsec/sec=1.07036   ev/simsec=18164.1
     Messages:  created: 2309736   present: 1060   in FES: 109
** Event #2480640   t=192.702763172551   Elapsed: 132.79s (2m 12s)  38% completed  (19% total)
     Speed:     ev/sec=18277.9   simsec/sec=1.16339   ev/simsec=15710.9
     Messages:  created: 2347441   present: 1055   in FES: 127
** Event #2518272   t=194.959665129645   Elapsed: 135.046s (2m 15s)  38% completed  (19% total)
     Speed:     ev/sec=16684.5   simsec/sec=1.00062   ev/simsec=16674.2
     Messages:  created: 2386837   present: 1126   in FES: 129
** Event #2554880   t=196.981267131402   Elapsed: 137.046s (2m 17s)  39% completed  (19% total)
     Speed:     ev/sec=18299.4   simsec/sec=1.01055   ev/simsec=18108.4
     Messages:  created: 2424779   present: 1096   in FES: 127
** Event #2593536   t=199.014657662466   Elapsed: 139.061s (2m 19s)  39% completed  (19% total)
     Speed:     ev/sec=19192.2   simsec/sec=1.00955   ev/simsec=19010.6
     Messages:  created: 2465021   present: 1066   in FES: 107
** Event #2632448   t=201.093506824017   Elapsed: 141.062s (2m 21s)  40% completed  (20% total)
     Speed:     ev/sec=19443   simsec/sec=1.03873   ev/simsec=18718
     Messages:  created: 2504837   present: 1107   in FES: 127
** Event #2671360   t=203.34420032426   Elapsed: 143.08s (2m 23s)  40% completed  (20% total)
     Speed:     ev/sec=19279.2   simsec/sec=1.11512   ev/simsec=17288.9
     Messages:  created: 2545483   present: 1101   in FES: 122
** Event #2712320   t=206.003169554261   Elapsed: 145.088s (2m 25s)  41% completed  (20% total)
     Speed:     ev/sec=20396.2   simsec/sec=1.32405   ev/simsec=15404.5
     Messages:  created: 2589316   present: 1093   in FES: 118
** Event #2748416   t=208.086969648874   Elapsed: 147.105s (2m 27s)  41% completed  (20% total)
     Speed:     ev/sec=17897.4   simsec/sec=1.0332   ev/simsec=17322.2
     Messages:  created: 2626152   present: 1078   in FES: 111
** Event #2788352   t=210.280701625893   Elapsed: 149.107s (2m 29s)  42% completed  (21% total)
     Speed:     ev/sec=19954.9   simsec/sec=1.09615   ev/simsec=18204.6
     Messages:  created: 2668261   present: 1070   in FES: 111
** Event #2830848   t=212.483177103166   Elapsed: 151.11s (2m 31s)  42% completed  (21% total)
     Speed:     ev/sec=21208.7   simsec/sec=1.0992   ev/simsec=19294.7
     Messages:  created: 2713574   present: 1109   in FES: 128
** Event #2880512   t=215.110203643155   Elapsed: 153.114s (2m 33s)  43% completed  (21% total)
     Speed:     ev/sec=24782.3   simsec/sec=1.31088   ev/simsec=18905
     Messages:  created: 2766826   present: 1092   in FES: 126
** Event #2926336   t=218.005374051294   Elapsed: 155.13s (2m 35s)  43% completed  (21% total)
     Speed:     ev/sec=22736.9   simsec/sec=1.43653   ev/simsec=15827.7
     Messages:  created: 2816674   present: 1102   in FES: 121
** Event #2969344   t=220.406863094307   Elapsed: 157.134s (2m 37s)  44% completed  (22% total)
     Speed:     ev/sec=21461.1   simsec/sec=1.19835   ev/simsec=17908.9
     Messages:  created: 2861051   present: 1026   in FES: 97
** Event #3011584   t=223.001141003196   Elapsed: 159.139s (2m 39s)  44% completed  (22% total)
     Speed:     ev/sec=21060.2   simsec/sec=1.29346   ev/simsec=16282
     Messages:  created: 2908056   present: 1094   in FES: 126
** Event #3053824   t=225.208857736602   Elapsed: 161.141s (2m 41s)  45% completed  (22% total)
     Speed:     ev/sec=21101.5   simsec/sec=1.10289   ev/simsec=19132.9
     Messages:  created: 2952149   present: 1034   in FES: 97
** Event #3094272   t=227.47900343757   Elapsed: 163.159s (2m 43s)  45% completed  (22% total)
     Speed:     ev/sec=20045.6   simsec/sec=1.12506   ev/simsec=17817.4
     Messages:  created: 2995665   present: 1084   in FES: 117
** Event #3134208   t=230.084726101772   Elapsed: 165.168s (2m 45s)  46% completed  (23% total)
     Speed:     ev/sec=19880.5   simsec/sec=1.29715   ev/simsec=15326.3
     Messages:  created: 3037400   present: 1083   in FES: 114
** Event #3177728   t=233.063803236557   Elapsed: 167.171s (2m 47s)  46% completed  (23% total)
     Speed:     ev/sec=21729   simsec/sec=1.48742   ev/simsec=14608.6
     Messages:  created: 3081851   present: 1079   in FES: 114
** Event #3212288   t=235.386022722311   Elapsed: 169.359s (2m 49s)  47% completed  (23% total)
     Speed:     ev/sec=15792.8   simsec/sec=1.06118   ev/simsec=14882.3
     Messages:  created: 3115856   present: 1090   in FES: 126
** Event #3250176   t=238.095477394848   Elapsed: 171.371s (2m 51s)  47% completed  (23% total)
     Speed:     ev/sec=18825.8   simsec/sec=1.34627   ev/simsec=13983.6
     Messages:  created: 3153199   present: 1103   in FES: 116
** Event #3287552   t=241.023465758683   Elapsed: 173.375s (2m 53s)  48% completed  (24% total)
     Speed:     ev/sec=18650.7   simsec/sec=1.46107   ev/simsec=12765.1
     Messages:  created: 3190717   present: 1115   in FES: 126
** Event #3329792   t=244.044261898535   Elapsed: 175.378s (2m 55s)  48% completed  (24% total)
     Speed:     ev/sec=21093   simsec/sec=1.50847   ev/simsec=13983.1
     Messages:  created: 3232804   present: 1109   in FES: 124
** Event #3371008   t=247.009635540307   Elapsed: 177.383s (2m 57s)  49% completed  (24% total)
     Speed:     ev/sec=20556.5   simsec/sec=1.47898   ev/simsec=13899.1
     Messages:  created: 3274935   present: 1034   in FES: 97
** Event #3415296   t=249.494227696353   Elapsed: 179.384s (2m 59s)  49% completed  (24% total)
     Speed:     ev/sec=22132.7   simsec/sec=1.24166   ev/simsec=17825.1
     Messages:  created: 3321046   present: 1096   in FES: 127
** Event #3456000   t=252.077811279729   Elapsed: 181.512s (3m 01s)  50% completed  (25% total)
     Speed:     ev/sec=19126.6   simsec/sec=1.21401   ev/simsec=15754.9
     Messages:  created: 3363922   present: 1110   in FES: 125
** Event #3499008   t=255.02352039566   Elapsed: 183.516s (3m 03s)  51% completed  (25% total)
     Speed:     ev/sec=21459.1   simsec/sec=1.46978   ev/simsec=14600.2
     Messages:  created: 3408051   present: 1042   in FES: 101
** Event #3539456   t=257.458693853265   Elapsed: 185.518s (3m 05s)  51% completed  (25% total)
     Speed:     ev/sec=20203   simsec/sec=1.21632   ev/simsec=16609.9
     Messages:  created: 3449595   present: 1101   in FES: 149
** Event #3583488   t=260.383996985903   Elapsed: 187.526s (3m 07s)  52% completed  (26% total)
     Speed:     ev/sec=21936.9   simsec/sec=1.4574   ev/simsec=15052.1
     Messages:  created: 3494972   present: 1087   in FES: 126
** Event #3628288   t=263.280713644301   Elapsed: 189.542s (3m 09s)  52% completed  (26% total)
     Speed:     ev/sec=22221.8   simsec/sec=1.43683   ev/simsec=15465.8
     Messages:  created: 3541416   present: 1053   in FES: 106
** Event #3667968   t=266.015366053232   Elapsed: 191.549s (3m 11s)  53% completed  (26% total)
     Speed:     ev/sec=19767.5   simsec/sec=1.36233   ev/simsec=14510.1
     Messages:  created: 3582611   present: 1106   in FES: 126
** Event #3705600   t=268.452503797269   Elapsed: 193.551s (3m 13s)  53% completed  (26% total)
     Speed:     ev/sec=18797.1   simsec/sec=1.21735   ev/simsec=15441.1
     Messages:  created: 3619959   present: 1078   in FES: 127
** Event #3749376   t=271.3861124313   Elapsed: 195.57s (3m 15s)  54% completed  (27% total)
     Speed:     ev/sec=21686.6   simsec/sec=1.45331   ev/simsec=14922.2
     Messages:  created: 3664861   present: 1107   in FES: 124
** Event #3794432   t=274.172016520783   Elapsed: 197.571s (3m 17s)  54% completed  (27% total)
     Speed:     ev/sec=22513.4   simsec/sec=1.39205   ev/simsec=16172.8
     Messages:  created: 3711899   present: 1127   in FES: 132
** Event #3833856   t=276.958730032348   Elapsed: 199.576s (3m 19s)  55% completed  (27% total)
     Speed:     ev/sec=19659.7   simsec/sec=1.38966   ev/simsec=14147.1
     Messages:  created: 3753618   present: 1032   in FES: 97
** Event #3874048   t=279.372550145374   Elapsed: 201.584s (3m 21s)  55% completed  (27% total)
     Speed:     ev/sec=20015.6   simsec/sec=1.20208   ev/simsec=16650.8
     Messages:  created: 3794129   present: 1022   in FES: 96
** Event #3913216   t=282.044262168397   Elapsed: 203.593s (3m 23s)  56% completed  (28% total)
     Speed:     ev/sec=19502.9   simsec/sec=1.33032   ev/simsec=14660.3
     Messages:  created: 3834827   present: 1088   in FES: 117
** Event #3947776   t=284.16951906008   Elapsed: 205.606s (3m 25s)  56% completed  (28% total)
     Speed:     ev/sec=17164.6   simsec/sec=1.05553   ev/simsec=16261.6
     Messages:  created: 3870181   present: 1087   in FES: 118
** Event #3991552   t=287.074494812284   Elapsed: 207.614s (3m 27s)  57% completed  (28% total)
     Speed:     ev/sec=21799.4   simsec/sec=1.44661   ev/simsec=15069.3
     Messages:  created: 3916254   present: 1072   in FES: 113
** Event #4033024   t=290.005643104259   Elapsed: 209.625s (3m 29s)  58% completed  (29% total)
     Speed:     ev/sec=20629.7   simsec/sec=1.45806   ev/simsec=14148.7
     Messages:  created: 3959360   present: 1061   in FES: 106
** Event #4075776   t=292.730508841617   Elapsed: 211.631s (3m 31s)  58% completed  (29% total)
     Speed:     ev/sec=21304.7   simsec/sec=1.35789   ev/simsec=15689.6
     Messages:  created: 4002977   present: 1108   in FES: 126
** Event #4116736   t=295.351042113553   Elapsed: 213.632s (3m 33s)  59% completed  (29% total)
     Speed:     ev/sec=20471.7   simsec/sec=1.30973   ev/simsec=15630.4
     Messages:  created: 4044440   present: 1048   in FES: 103
** Event #4158976   t=298.19370302329   Elapsed: 215.642s (3m 35s)  59% completed  (29% total)
     Speed:     ev/sec=21013.8   simsec/sec=1.41419   ev/simsec=14859.3
     Messages:  created: 4087133   present: 1057   in FES: 108
** Event #4193024   t=300.452230272682   Elapsed: 217.649s (3m 37s)  60% completed  (30% total)
     Speed:     ev/sec=16966.4   simsec/sec=1.12544   ev/simsec=15075.3
     Messages:  created: 4121664   present: 1098   in FES: 124
** Event #4236032   t=303.281265832112   Elapsed: 219.658s (3m 39s)  60% completed  (30% total)
     Speed:     ev/sec=21410.4   simsec/sec=1.40836   ev/simsec=15202.4
     Messages:  created: 4165184   present: 1097   in FES: 120
** Event #4271104   t=305.501377377694   Elapsed: 221.663s (3m 41s)  61% completed  (30% total)
     Speed:     ev/sec=17486.4   simsec/sec=1.10692   ev/simsec=15797.4
     Messages:  created: 4200078   present: 1065   in FES: 127
** Event #4307968   t=308.169555360374   Elapsed: 223.678s (3m 43s)  61% completed  (30% total)
     Speed:     ev/sec=18294.8   simsec/sec=1.32416   ev/simsec=13816.2
     Messages:  created: 4235734   present: 1044   in FES: 103
** Event #4340992   t=310.45872908541   Elapsed: 225.681s (3m 45s)  62% completed  (31% total)
     Speed:     ev/sec=16493.5   simsec/sec=1.14331   ev/simsec=14426.2
     Messages:  created: 4267880   present: 1098   in FES: 121
** Event #4376576   t=313.01294760964   Elapsed: 227.688s (3m 47s)  62% completed  (31% total)
     Speed:     ev/sec=17730.5   simsec/sec=1.27269   ev/simsec=13931.5
     Messages:  created: 4303313   present: 1084   in FES: 113
** Event #4410880   t=315.088135233345   Elapsed: 229.694s (3m 49s)  63% completed  (31% total)
     Speed:     ev/sec=17095.6   simsec/sec=1.03418   ev/simsec=16530.6
     Messages:  created: 4336278   present: 1095   in FES: 118
** Event #4439552   t=317.039899813372   Elapsed: 231.694s (3m 51s)  63% completed  (31% total)
     Speed:     ev/sec=14335.5   simsec/sec=0.97585   ev/simsec=14690.3
     Messages:  created: 4364958   present: 1098   in FES: 121
** Event #4475392   t=319.09542221101   Elapsed: 233.701s (3m 53s)  63% completed  (31% total)
     Speed:     ev/sec=17860.1   simsec/sec=1.02432   ev/simsec=17436
     Messages:  created: 4400088   present: 1042   in FES: 97
** Event #4511488   t=321.213779303211   Elapsed: 235.71s (3m 55s)  64% completed  (32% total)
     Speed:     ev/sec=17970.3   simsec/sec=1.05462   ev/simsec=17039.6
     Messages:  created: 4437161   present: 1108   in FES: 126
** Event #4547840   t=323.479006746191   Elapsed: 237.712s (3m 57s)  64% completed  (32% total)
     Speed:     ev/sec=18152.2   simsec/sec=1.13113   ev/simsec=16047.8
     Messages:  created: 4473891   present: 1099   in FES: 122
** Event #4585472   t=326.034216190251   Elapsed: 239.715s (3m 59s)  65% completed  (32% total)
     Speed:     ev/sec=18793.9   simsec/sec=1.27611   ev/simsec=14727.6
     Messages:  created: 4512329   present: 1087   in FES: 118
** Event #4624128   t=328.148872697641   Elapsed: 241.721s (4m 01s)  65% completed  (32% total)
     Speed:     ev/sec=19268.7   simsec/sec=1.05409   ev/simsec=18280
     Messages:  created: 4550383   present: 1090   in FES: 119
** Event #4657664   t=330.208462063691   Elapsed: 243.725s (4m 03s)  66% completed  (33% total)
     Speed:     ev/sec=16731.3   simsec/sec=1.02754   ev/simsec=16282.9
     Messages:  created: 4583637   present: 1110   in FES: 127
** Event #4697600   t=333.003186067474   Elapsed: 245.734s (4m 05s)  66% completed  (33% total)
     Speed:     ev/sec=19881.3   simsec/sec=1.3913   ev/simsec=14289.8
     Messages:  created: 4623687   present: 1048   in FES: 103
** Event #4732416   t=335.080276375381   Elapsed: 247.737s (4m 07s)  67% completed  (33% total)
     Speed:     ev/sec=17378.6   simsec/sec=1.03679   ev/simsec=16761.9
     Messages:  created: 4657307   present: 1066   in FES: 109
** Event #4768000   t=337.208461014853   Elapsed: 249.741s (4m 09s)  67% completed  (33% total)
     Speed:     ev/sec=17754.3   simsec/sec=1.06184   ev/simsec=16720.4
     Messages:  created: 4692552   present: 1097   in FES: 126
** Event #4807680   t=339.921624341499   Elapsed: 251.744s (4m 11s)  67% completed  (33% total)
     Speed:     ev/sec=19812.1   simsec/sec=1.35467   ev/simsec=14625
     Messages:  created: 4733469   present: 1089   in FES: 116
** Event #4848896   t=342.088641126243   Elapsed: 253.75s (4m 13s)  68% completed  (34% total)
     Speed:     ev/sec=20548.9   simsec/sec=1.0804   ev/simsec=19019.7
     Messages:  created: 4775725   present: 1101   in FES: 126
** Event #4886272   t=344.372641718452   Elapsed: 256.005s (4m 16s)  68% completed  (34% total)
     Speed:     ev/sec=16575.2   simsec/sec=1.01289   ev/simsec=16364.3
     Messages:  created: 4814181   present: 1078   in FES: 115
** Event #4926720   t=347.014638873827   Elapsed: 258.008s (4m 18s)  69% completed  (34% total)
     Speed:     ev/sec=20193.7   simsec/sec=1.31902   ev/simsec=15309.6
     Messages:  created: 4857384   present: 1035   in FES: 96
** Event #4967680   t=349.494531597584   Elapsed: 260.02s (4m 20s)  69% completed  (34% total)
     Speed:     ev/sec=20359.3   simsec/sec=1.23264   ev/simsec=16516.8
     Messages:  created: 4899310   present: 1052   in FES: 105
** Event #5008640   t=352.231343779139   Elapsed: 262.031s (4m 22s)  70% completed  (35% total)
     Speed:     ev/sec=20362.4   simsec/sec=1.36055   ev/simsec=14966.3
     Messages:  created: 4940971   present: 1028   in FES: 97
** Event #5047552   t=355.063750757462   Elapsed: 264.034s (4m 24s)  71% completed  (35% total)
     Speed:     ev/sec=19431.3   simsec/sec=1.41441   ev/simsec=13738.1
     Messages:  created: 4980907   present: 1112   in FES: 126
** Event #5086720   t=357.833594872543   Elapsed: 266.038s (4m 26s)  71% completed  (35% total)
     Speed:     ev/sec=19544.7   simsec/sec=1.38215   ev/simsec=14140.9
     Messages:  created: 5021191   present: 1021   in FES: 95
** Event #5127168   t=360.420761311162   Elapsed: 268.051s (4m 28s)  72% completed  (36% total)
     Speed:     ev/sec=20096.1   simsec/sec=1.28541   ev/simsec=15634.1
     Messages:  created: 5063026   present: 1074   in FES: 128
** Event #5163520   t=363.170774249475   Elapsed: 270.062s (4m 30s)  72% completed  (36% total)
     Speed:     ev/sec=18068.8   simsec/sec=1.3669   ev/simsec=13218.8
     Messages:  created: 5099762   present: 1113   in FES: 149
** Event #5202944   t=366.345635705337   Elapsed: 272.068s (4m 32s)  73% completed  (36% total)
     Speed:     ev/sec=19660.8   simsec/sec=1.58331   ev/simsec=12417.5
     Messages:  created: 5138564   present: 1088   in FES: 117
** Event #5241856   t=369.406953978821   Elapsed: 274.087s (4m 34s)  73% completed  (36% total)
     Speed:     ev/sec=19272.5   simsec/sec=1.51622   ev/simsec=12710.9
     Messages:  created: 5176640   present: 1093   in FES: 118
** Event #5281536   t=372.494558059263   Elapsed: 276.095s (4m 36s)  74% completed  (37% total)
     Speed:     ev/sec=19757   simsec/sec=1.53735   ev/simsec=12851.4
     Messages:  created: 5215694   present: 1084   in FES: 117
** Event #5318912   t=375.406054105739   Elapsed: 278.115s (4m 38s)  75% completed  (37% total)
     Speed:     ev/sec=18507.1   simsec/sec=1.44166   ev/simsec=12837.4
     Messages:  created: 5251453   present: 1107   in FES: 124
** Event #5359616   t=378.110308910013   Elapsed: 280.122s (4m 40s)  75% completed  (37% total)
     Speed:     ev/sec=20280.4   simsec/sec=1.34737   ev/simsec=15051.8
     Messages:  created: 5292367   present: 1098   in FES: 121
** Event #5396224   t=380.351072193217   Elapsed: 282.139s (4m 42s)  76% completed  (38% total)
     Speed:     ev/sec=18149.8   simsec/sec=1.11094   ev/simsec=16337.3
     Messages:  created: 5330011   present: 1076   in FES: 113
** Event #5434112   t=382.980729858495   Elapsed: 284.142s (4m 44s)  76% completed  (38% total)
     Speed:     ev/sec=18910.8   simsec/sec=1.31252   ev/simsec=14408
     Messages:  created: 5368810   present: 1061   in FES: 127
** Event #5472768   t=385.135385863101   Elapsed: 286.154s (4m 46s)  77% completed  (38% total)
     Speed:     ev/sec=19214   simsec/sec=1.07097   ev/simsec=17940.7
     Messages:  created: 5406966   present: 1045   in FES: 104
** Event #5507840   t=387.452231641115   Elapsed: 288.157s (4m 48s)  77% completed  (38% total)
     Speed:     ev/sec=17509.8   simsec/sec=1.15669   ev/simsec=15137.8
     Messages:  created: 5441692   present: 1049   in FES: 104
** Event #5546752   t=390.08869447906   Elapsed: 290.168s (4m 50s)  78% completed  (39% total)
     Speed:     ev/sec=19347.3   simsec/sec=1.31087   ev/simsec=14759.2
     Messages:  created: 5480421   present: 1118   in FES: 125
** Event #5583104   t=392.670805761065   Elapsed: 292.172s (4m 52s)  78% completed  (39% total)
     Speed:     ev/sec=18146.2   simsec/sec=1.28894   ev/simsec=14078.4
     Messages:  created: 5515532   present: 1099   in FES: 122
** Event #5619456   t=395.135267853513   Elapsed: 294.174s (4m 54s)  79% completed  (39% total)
     Speed:     ev/sec=18150.1   simsec/sec=1.23048   ev/simsec=14750.5
     Messages:  created: 5550707   present: 1104   in FES: 126
** Event #5650432   t=397.345522571721   Elapsed: 296.185s (4m 56s)  79% completed  (39% total)
     Speed:     ev/sec=15407.9   simsec/sec=1.09941   ev/simsec=14014.7
     Messages:  created: 5581046   present: 1110   in FES: 126
** Event #5686016   t=400.012619790178   Elapsed: 298.197s (4m 58s)  80% completed  (40% total)
     Speed:     ev/sec=17687.2   simsec/sec=1.32569   ev/simsec=13341.8
     Messages:  created: 5616078   present: 1061   in FES: 106
** Event #5725184   t=402.48072947989   Elapsed: 300.201s (5m 00s)  80% completed  (40% total)
     Speed:     ev/sec=19539.8   simsec/sec=1.23127   ev/simsec=15869.6
     Messages:  created: 5653320   present: 1088   in FES: 127
** Event #5763328   t=405.171096559803   Elapsed: 302.213s (5m 02s)  81% completed  (40% total)
     Speed:     ev/sec=18958.9   simsec/sec=1.33721   ev/simsec=14178
     Messages:  created: 5690291   present: 1100   in FES: 126
** Event #5797888   t=407.428583371912   Elapsed: 304.217s (5m 04s)  81% completed  (40% total)
     Speed:     ev/sec=17244.7   simsec/sec=1.12644   ev/simsec=15309.1
     Messages:  created: 5724461   present: 1101   in FES: 126
** Event #5835008   t=409.921598424925   Elapsed: 306.224s (5m 06s)  81% completed  (40% total)
     Speed:     ev/sec=18497.7   simsec/sec=1.24232   ev/simsec=14889.6
     Messages:  created: 5762504   present: 1045   in FES: 127
** Event #5866496   t=412.005355486014   Elapsed: 308.232s (5m 08s)  82% completed  (41% total)
     Speed:     ev/sec=15682.9   simsec/sec=1.03784   ev/simsec=15111.2
     Messages:  created: 5794104   present: 1056   in FES: 105
** Event #5903616   t=414.307604380861   Elapsed: 310.234s (5m 10s)  82% completed  (41% total)
     Speed:     ev/sec=18542.9   simsec/sec=1.15007   ev/simsec=16123.4
     Messages:  created: 5830518   present: 1090   in FES: 126
** Event #5941504   t=417.063802821381   Elapsed: 312.254s (5m 12s)  83% completed  (41% total)
     Speed:     ev/sec=18753.4   simsec/sec=1.36423   ev/simsec=13746.5
     Messages:  created: 5867954   present: 1094   in FES: 119
** Event #5976576   t=419.406864522284   Elapsed: 314.279s (5m 14s)  83% completed  (41% total)
     Speed:     ev/sec=17319.1   simsec/sec=1.15704   ev/simsec=14968.4
     Messages:  created: 5901723   present: 1101   in FES: 126
** Event #6011904   t=422.039847578431   Elapsed: 316.279s (5m 16s)  84% completed  (42% total)
     Speed:     ev/sec=17659.7   simsec/sec=1.31617   ev/simsec=13417.5
     Messages:  created: 5936426   present: 1111   in FES: 126
** Event #6046720   t=424.193592355123   Elapsed: 318.284s (5m 18s)  84% completed  (42% total)
     Speed:     ev/sec=17367.6   simsec/sec=1.07437   ev/simsec=16165.3
     Messages:  created: 5969747   present: 1084   in FES: 126
** Event #6082304   t=426.420804031496   Elapsed: 320.291s (5m 20s)  85% completed  (42% total)
     Speed:     ev/sec=17728   simsec/sec=1.1096   ev/simsec=15976.9
     Messages:  created: 6005184   present: 1115   in FES: 145
** Event #6115328   t=428.480508679069   Elapsed: 322.296s (5m 22s)  85% completed  (42% total)
     Speed:     ev/sec=16477.4   simsec/sec=1.02769   ev/simsec=16033.4
     Messages:  created: 6038491   present: 1106   in FES: 126
** Event #6154752   t=431.056054748979   Elapsed: 324.3s (5m 24s)  86% completed  (43% total)
     Speed:     ev/sec=19663.4   simsec/sec=1.2846   ev/simsec=15307
     Messages:  created: 6078710   present: 1079   in FES: 114
** Event #6192384   t=433.292145763881   Elapsed: 326.309s (5m 26s)  86% completed  (43% total)
     Speed:     ev/sec=18735.9   simsec/sec=1.11328   ev/simsec=16829.4
     Messages:  created: 6116194   present: 1096   in FES: 126
** Event #6228992   t=435.948381011529   Elapsed: 328.313s (5m 28s)  87% completed  (43% total)
     Speed:     ev/sec=18267   simsec/sec=1.32543   ev/simsec=13781.9
     Messages:  created: 6153146   present: 1021   in FES: 95
** Event #6266368   t=438.202230025005   Elapsed: 330.315s (5m 30s)  87% completed  (43% total)
     Speed:     ev/sec=18673.5   simsec/sec=1.12605   ev/simsec=16583.2
     Messages:  created: 6189823   present: 1116   in FES: 139
** Event #6300672   t=440.479019408651   Elapsed: 332.316s (5m 32s)  88% completed  (44% total)
     Speed:     ev/sec=17141.2   simsec/sec=1.13768   ev/simsec=15066.8
     Messages:  created: 6223841   present: 1063   in FES: 110
** Event #6334976   t=443.023518980007   Elapsed: 334.421s (5m 34s)  88% completed  (44% total)
     Speed:     ev/sec=16292.1   simsec/sec=1.20847   ev/simsec=13481.6
     Messages:  created: 6257866   present: 1067   in FES: 110
** Event #6376960   t=446.005264540962   Elapsed: 336.426s (5m 36s)  89% completed  (44% total)
     Speed:     ev/sec=20939.4   simsec/sec=1.48714   ev/simsec=14080.3
     Messages:  created: 6298630   present: 1101   in FES: 126
** Event #6413312   t=448.231111904663   Elapsed: 338.434s (5m 38s)  89% completed  (44% total)
     Speed:     ev/sec=18108.3   simsec/sec=1.10878   ev/simsec=16331.8
     Messages:  created: 6332949   present: 1112   in FES: 125
** Event #6446080   t=450.461766158556   Elapsed: 340.453s (5m 40s)  90% completed  (45% total)
     Speed:     ev/sec=16230.4   simsec/sec=1.10487   ev/simsec=14689.9
     Messages:  created: 6364277   present: 1065   in FES: 108
** Event #6480384   t=453.015419992168   Elapsed: 342.458s (5m 42s)  90% completed  (45% total)
     Speed:     ev/sec=17111.4   simsec/sec=1.2738   ev/simsec=13433.3
     Messages:  created: 6397943   present: 1090   in FES: 115
** Event #6518784   t=455.372644855619   Elapsed: 344.462s (5m 44s)  91% completed  (45% total)
     Speed:     ev/sec=19156.8   simsec/sec=1.17596   ev/simsec=16290.3
     Messages:  created: 6434883   present: 1105   in FES: 124
** Event #6557184   t=458.044262388071   Elapsed: 346.464s (5m 46s)  91% completed  (45% total)
     Speed:     ev/sec=19179.9   simsec/sec=1.33441   ev/simsec=14373.3
     Messages:  created: 6473410   present: 1094   in FES: 119
** Event #6588672   t=460.084672778508   Elapsed: 348.469s (5m 48s)  92% completed  (46% total)
     Speed:     ev/sec=15710.5   simsec/sec=1.01803   ev/simsec=15432.2
     Messages:  created: 6504333   present: 1111   in FES: 126
** Event #6623744   t=462.351068290716   Elapsed: 350.471s (5m 50s)  92% completed  (46% total)
     Speed:     ev/sec=17514.5   simsec/sec=1.13181   ev/simsec=15474.8
     Messages:  created: 6538841   present: 1082   in FES: 115
** Event #6664704   t=465.193592616451   Elapsed: 352.482s (5m 52s)  93% completed  (46% total)
     Speed:     ev/sec=20370.3   simsec/sec=1.41365   ev/simsec=14409.7
     Messages:  created: 6579328   present: 1088   in FES: 126
** Event #6703616   t=468.014645001397   Elapsed: 354.482s (5m 54s)  93% completed  (46% total)
     Speed:     ev/sec=19451.4   simsec/sec=1.41019   ev/simsec=13793.4
     Messages:  created: 6618366   present: 1108   in FES: 121
** Event #6740992   t=470.452198060066   Elapsed: 356.502s (5m 56s)  94% completed  (47% total)
     Speed:     ev/sec=18502.7   simsec/sec=1.20669   ev/simsec=15333.4
     Messages:  created: 6654316   present: 1103   in FES: 139
** Event #6779392   t=473.148887827291   Elapsed: 358.519s (5m 58s)  94% completed  (47% total)
     Speed:     ev/sec=19038.3   simsec/sec=1.33699   ev/simsec=14239.7
     Messages:  created: 6691906   present: 1105   in FES: 124
** Event #6812928   t=475.481570918163   Elapsed: 360.527s (6m 00s)  95% completed  (47% total)
     Speed:     ev/sec=16703.2   simsec/sec=1.16183   ev/simsec=14376.6
     Messages:  created: 6724740   present: 1120   in FES: 136
** Event #6845696   t=477.952232232939   Elapsed: 362.532s (6m 02s)  95% completed  (47% total)
     Speed:     ev/sec=16346.3   simsec/sec=1.23249   ev/simsec=13262.8
     Messages:  created: 6758075   present: 1060   in FES: 109
** Event #6883072   t=480.386105182467   Elapsed: 364.551s (6m 04s)  96% completed  (48% total)
     Speed:     ev/sec=18505.7   simsec/sec=1.20506   ev/simsec=15356.6
     Messages:  created: 6794388   present: 1092   in FES: 119
** Event #6923776   t=483.344224516157   Elapsed: 366.553s (6m 06s)  96% completed  (48% total)
     Speed:     ev/sec=20335.2   simsec/sec=1.47784   ev/simsec=13760.1
     Messages:  created: 6835101   present: 1065   in FES: 110
** Event #6960384   t=486.093505884645   Elapsed: 368.562s (6m 08s)  97% completed  (48% total)
     Speed:     ev/sec=18225.1   simsec/sec=1.36872   ev/simsec=13315.5
     Messages:  created: 6870443   present: 1101   in FES: 126
** Event #6998528   t=489.088640247984   Elapsed: 370.576s (6m 10s)  97% completed  (48% total)
     Speed:     ev/sec=18938.8   simsec/sec=1.48711   ev/simsec=12735.3
     Messages:  created: 6907381   present: 1035   in FES: 98
** Event #7039488   t=492.012893570085   Elapsed: 372.577s (6m 12s)  98% completed  (49% total)
     Speed:     ev/sec=20465   simsec/sec=1.46106   ev/simsec=14007
     Messages:  created: 6949519   present: 1107   in FES: 127
** Event #7074816   t=494.338801517013   Elapsed: 374.591s (6m 14s)  98% completed  (49% total)
     Speed:     ev/sec=17543.1   simsec/sec=1.155   ev/simsec=15188.9
     Messages:  created: 6984765   present: 1038   in FES: 101
** Event #7116800   t=497.230740666246   Elapsed: 376.594s (6m 16s)  99% completed  (49% total)
     Speed:     ev/sec=20954.6   simsec/sec=1.44339   ev/simsec=14517.6
     Messages:  created: 7027603   present: 1094   in FES: 148
** Event #7156480   t=499.480772992604   Elapsed: 378.595s (6m 18s)  99% completed  (49% total)
     Speed:     ev/sec=19837.7   simsec/sec=1.12489   ev/simsec=17635.3
     Messages:  created: 7070595   present: 1118   in FES: 145
** Event #7160526   t=500   Elapsed: 378.725s (6m 18s)  100% completed  (50% total)
     Speed:     ev/sec=30984.8   simsec/sec=3.96419   ev/simsec=7816.18
     Messages:  created: 7075705   present: 1024   in FES: 97

<!> Simulation time limit reached -- at t=500s, event #7160526
undisposed object: (omnetpp::cMessage) FanetStressNetwork.uav[0].app.debugTimer -- check module destructor
undisposed object: (omnetpp::cMessage) FanetStressNetwork.uav[1].app.debugTimer -- check module destructor
undisposed object: (omnetpp::cMessage) FanetStressNetwork.uav[2].app.debugTimer -- check module destructor
undisposed object: (omnetpp::cMessage) FanetStressNetwork.uav[3].app.debugTimer -- check module destructor
undisposed object: (omnetpp::cMessage) FanetStressNetwork.uav[4].app.debugTimer -- check module destructor
undisposed object: (omnetpp::cMessage) FanetStressNetwork.uav[5].app.debugTimer -- check module destructor
undisposed object: (omnetpp::cMessage) FanetStressNetwork.uav[6].app.debugTimer -- check module destructor
undisposed object: (omnetpp::cMessage) FanetStressNetwork.uav[7].app.debugTimer -- check module destructor
undisposed object: (omnetpp::cMessage) FanetStressNetwork.uav[8].app.debugTimer -- check module destructor
undisposed object: (omnetpp::cMessage) FanetStressNetwork.uav[9].app.debugTimer -- check module destructor
undisposed object: (omnetpp::cMessage) FanetStressNetwork.uav[10].app.debugTimer -- check module destructor
undisposed object: (omnetpp::cMessage) FanetStressNetwork.uav[11].app.debugTimer -- check module destructor
undisposed object: (omnetpp::cMessage) FanetStressNetwork.uav[12].app.debugTimer -- check module destructor
undisposed object: (omnetpp::cMessage) FanetStressNetwork.uav[13].app.debugTimer -- check module destructor
undisposed object: (omnetpp::cMessage) FanetStressNetwork.uav[14].app.debugTimer -- check module destructor
undisposed object: (omnetpp::cMessage) FanetStressNetwork.uav[15].app.debugTimer -- check module destructor
undisposed object: (omnetpp::cMessage) FanetStressNetwork.uav[16].app.debugTimer -- check module destructor
undisposed object: (omnetpp::cMessage) FanetStressNetwork.uav[17].app.debugTimer -- check module destructor
undisposed object: (omnetpp::cMessage) FanetStressNetwork.uav[18].app.debugTimer -- check module destructor
undisposed object: (omnetpp::cMessage) FanetStressNetwork.uav[19].app.debugTimer -- check module destructor
undisposed object: (omnetpp::cMessage) FanetStressNetwork.uav[20].app.debugTimer -- check module destructor
undisposed object: (omnetpp::cMessage) FanetStressNetwork.uav[21].app.debugTimer -- check module destructor
undisposed object: (omnetpp::cMessage) FanetStressNetwork.uav[22].app.debugTimer -- check module destructor
undisposed object: (omnetpp::cMessage) FanetStressNetwork.uav[23].app.debugTimer -- check module destructor
undisposed object: (omnetpp::cMessage) FanetStressNetwork.uav[24].app.debugTimer -- check module destructor
undisposed object: (omnetpp::cMessage) FanetStressNetwork.uav[25].app.debugTimer -- check module destructor
undisposed object: (omnetpp::cMessage) FanetStressNetwork.uav[26].app.debugTimer -- check module destructor
undisposed object: (omnetpp::cMessage) FanetStressNetwork.uav[27].app.debugTimer -- check module destructor
undisposed object: (omnetpp::cMessage) FanetStressNetwork.uav[28].app.debugTimer -- check module destructor
undisposed object: (omnetpp::cMessage) FanetStressNetwork.uav[29].app.debugTimer -- check module destructor
