** Event #0   t=0   Elapsed: 8e-06s (0m 00s)  0% completed  (50% total)
     Speed:     ev/sec=0   simsec/sec=0   ev/simsec=0
     Messages:  created: 381   present: 381   in FES: 61
** Event #70656   t=57.734458172237   Elapsed: 2.00043s (0m 02s)  11% completed  (55% total)
     Speed:     ev/sec=35321.1   simsec/sec=28.8612   ev/simsec=1223.83
     Messages:  created: 50263   present: 361   in FES: 35
** Event #134400   t=103.576531473066   Elapsed: 4.00861s (0m 04s)  20% completed  (60% total)
     Speed:     ev/sec=31742   simsec/sec=22.8276   ev/simsec=1390.51
     Messages:  created: 99727   present: 396   in FES: 48
** Event #193536   t=121.339690584143   Elapsed: 6.01026s (0m 06s)  24% completed  (62% total)
     Speed:     ev/sec=29543.7   simsec/sec=8.87429   ev/simsec=3329.14
     Messages:  created: 159537   present: 370   in FES: 39
** Event #252416   t=139.041992155552   Elapsed: 8.01328s (0m 08s)  27% completed  (63% total)
     Speed:     ev/sec=29395.6   simsec/sec=8.83779   ev/simsec=3326.12
     Messages:  created: 220001   present: 389   in FES: 44
** Event #311552   t=155.841508365832   Elapsed: 10.0147s (0m 10s)  31% completed  (65% total)
     Speed:     ev/sec=29546.7   simsec/sec=8.3937   ev/simsec=3520.1
     Messages:  created: 280403   present: 372   in FES: 41
** Event #368128   t=171.319943856222   Elapsed: 12.0211s (0m 12s)  34% completed  (67% total)
     Speed:     ev/sec=28197.7   simsec/sec=7.71451   ev/simsec=3655.15
     Messages:  created: 340198   present: 397   in FES: 53
** Event #428288   t=190.008674343512   Elapsed: 14.027s (0m 14s)  38% completed  (69% total)
     Speed:     ev/sec=29991.6   simsec/sec=9.31691   ev/simsec=3219.05
     Messages:  created: 401870   present: 364   in FES: 37
** Event #495104   t=209.001646945569   Elapsed: 16.0359s (0m 16s)  41% completed  (70% total)
     Speed:     ev/sec=33260   simsec/sec=9.45443   ev/simsec=3517.93
     Messages:  created: 471163   present: 363   in FES: 36
** Event #555776   t=225.688675871408   Elapsed: 18.1686s (0m 18s)  45% completed  (72% total)
     Speed:     ev/sec=28449   simsec/sec=7.82453   ev/simsec=3635.88
     Messages:  created: 534447   present: 397   in FES: 50
** Event #613120   t=245.977339074947   Elapsed: 20.1723s (0m 20s)  49% completed  (74% total)
     Speed:     ev/sec=28619.1   simsec/sec=10.1256   ev/simsec=2826.41
     Messages:  created: 590205   present: 447   in FES: 36
** Event #670464   t=265.48906875811   Elapsed: 22.1745s (0m 22s)  53% completed  (76% total)
     Speed:     ev/sec=28639.7   simsec/sec=9.74488   ev/simsec=2938.95
     Messages:  created: 645311   present: 548   in FES: 46
** Event #728576   t=285.339690484044   Elapsed: 24.1803s (0m 24s)  57% completed  (78% total)
     Speed:     ev/sec=28972.3   simsec/sec=9.89672   ev/simsec=2927.46
     Messages:  created: 701853   present: 591   in FES: 39
** Event #776448   t=303.279918795684   Elapsed: 26.187s (0m 26s)  60% completed  (80% total)
     Speed:     ev/sec=23856.3   simsec/sec=8.94024   ev/simsec=2668.42
     Messages:  created: 748121   present: 654   in FES: 36
** Event #832256   t=321.977572428865   Elapsed: 28.1909s (0m 28s)  64% completed  (82% total)
     Speed:     ev/sec=27849.1   simsec/sec=9.33045   ev/simsec=2984.76
     Messages:  created: 803636   present: 698   in FES: 52
** Event #892672   t=339.190470566507   Elapsed: 30.1913s (0m 30s)  67% completed  (83% total)
     Speed:     ev/sec=30202.4   simsec/sec=8.60485   ev/simsec=3509.93
     Messages:  created: 865712   present: 682   in FES: 37
** Event #947968   t=356.269319506601   Elapsed: 32.1994s (0m 32s)  71% completed  (85% total)
     Speed:     ev/sec=27535.8   simsec/sec=8.50475   ev/simsec=3237.69
     Messages:  created: 920935   present: 691   in FES: 42
** Event #1000192   t=370.206630887939   Elapsed: 34.202s (0m 34s)  74% completed  (87% total)
     Speed:     ev/sec=26078.7   simsec/sec=6.95977   ev/simsec=3747.06
     Messages:  created: 975364   present: 703   in FES: 46
** Event #1062144   t=387.02644219266   Elapsed: 36.2022s (0m 36s)  77% completed  (88% total)
     Speed:     ev/sec=30972.3   simsec/sec=8.40891   ev/simsec=3683.28
     Messages:  created: 1041538   present: 691   in FES: 42
** Event #1121024   t=406.576530291173   Elapsed: 38.2055s (0m 38s)  81% completed  (90% total)
     Speed:     ev/sec=29392.5   simsec/sec=9.75926   ev/simsec=3011.75
     Messages:  created: 1098948   present: 707   in FES: 47
** Event #1178880   t=428.938410688114   Elapsed: 40.2086s (0m 40s)  85% completed  (92% total)
     Speed:     ev/sec=28882.3   simsec/sec=11.1633   ev/simsec=2587.26
     Messages:  created: 1155527   present: 698   in FES: 46
** Event #1231360   t=448.067111981843   Elapsed: 42.2126s (0m 42s)  89% completed  (94% total)
     Speed:     ev/sec=26188   simsec/sec=9.54539   ev/simsec=2743.52
     Messages:  created: 1208114   present: 697   in FES: 46
** Event #1294336   t=456.726438476562   Elapsed: 44.2134s (0m 44s)  91% completed  (95% total)
     Speed:     ev/sec=31475.2   simsec/sec=4.3279   ev/simsec=7272.62
     Messages:  created: 1280065   present: 488   in FES: 50
** Event #1363200   t=470.06988976485   Elapsed: 46.2206s (0m 46s)  94% completed  (97% total)
     Speed:     ev/sec=34309.6   simsec/sec=6.64801   ev/simsec=5160.88
     Messages:  created: 1355638   present: 391   in FES: 46
** Event #1415168   t=482.09787730071   Elapsed: 48.2267s (0m 48s)  96% completed  (98% total)
     Speed:     ev/sec=25904.1   simsec/sec=5.9955   ev/simsec=4320.59
     Messages:  created: 1410396   present: 382   in FES: 43
** Event #1472512   t=498.43867741265   Elapsed: 50.2323s (0m 50s)  99% completed  (99% total)
     Speed:     ev/sec=28591.7   simsec/sec=8.14752   ev/simsec=3509.25
     Messages:  created: 1468349   present: 388   in FES: 45
** Event #1477197   t=500   Elapsed: 50.3743s (0m 50s)  100% completed  (100% total)
     Speed:     ev/sec=32987.5   simsec/sec=10.9916   ev/simsec=3001.16
     Messages:  created: 1473229   present: 361   in FES: 35

<!> Simulation time limit reached -- at t=500s, event #1477197
undisposed object: (omnetpp::cMessage) FanetStressNetwork.uav[0].app.debugTimer -- check module destructor
undisposed object: (omnetpp::cMessage) FanetStressNetwork.uav[1].app.debugTimer -- check module destructor
undisposed object: (omnetpp::cMessage) FanetStressNetwork.uav[2].app.debugTimer -- check module destructor
undisposed object: (omnetpp::cMessage) FanetStressNetwork.uav[3].app.debugTimer -- check module destructor
undisposed object: (omnetpp::cMessage) FanetStressNetwork.uav[4].app.debugTimer -- check module destructor
undisposed object: (omnetpp::cMessage) FanetStressNetwork.uav[5].app.debugTimer -- check module destructor
undisposed object: (omnetpp::cMessage) FanetStressNetwork.uav[6].app.debugTimer -- check module destructor
undisposed object: (omnetpp::cMessage) FanetStressNetwork.uav[7].app.debugTimer -- check module destructor
undisposed object: (omnetpp::cMessage) FanetStressNetwork.uav[8].app.debugTimer -- check module destructor
undisposed object: (omnetpp::cMessage) FanetStressNetwork.uav[9].app.debugTimer -- check module destructor
