** Event #0   t=0   Elapsed: 1.1e-05s (0m 00s)  0% completed  (0% total)
     Speed:     ev/sec=0   simsec/sec=0   ev/simsec=0
     Messages:  created: 1081   present: 1081   in FES: 161
** Event #50944   t=6.02219940566   Elapsed: 2.00331s (0m 02s)  1% completed  (0% total)
     Speed:     ev/sec=25430.6   simsec/sec=3.00614   ev/simsec=8459.53
     Messages:  created: 41019   present: 1036   in FES: 97
** Event #97024   t=11.003208611185   Elapsed: 4.00782s (0m 04s)  2% completed  (1% total)
     Speed:     ev/sec=22988.1   simsec/sec=2.4849   ev/simsec=9251.14
     Messages:  created: 77791   present: 1046   in FES: 103
** Event #134912   t=15.003284819111   Elapsed: 6.02704s (0m 06s)  3% completed  (1% total)
     Speed:     ev/sec=18763.7   simsec/sec=1.981   ev/simsec=9471.82
     Messages:  created: 108241   present: 1052   in FES: 105
** Event #167936   t=18.092051749482   Elapsed: 8.02899s (0m 08s)  3% completed  (1% total)
     Speed:     ev/sec=16495.9   simsec/sec=1.54288   ev/simsec=10691.6
     Messages:  created: 134788   present: 1104   in FES: 123
** Event #200704   t=21.478908959464   Elapsed: 10.0494s (0m 10s)  4% completed  (2% total)
     Speed:     ev/sec=16218.5   simsec/sec=1.67632   ev/simsec=9675.05
     Messages:  created: 161195   present: 1068   in FES: 111
** Event #235008   t=25.110629154031   Elapsed: 12.0599s (0m 12s)  5% completed  (2% total)
     Speed:     ev/sec=17062.4   simsec/sec=1.80637   ev/simsec=9445.66
     Messages:  created: 188578   present: 1097   in FES: 126
** Event #267520   t=28.478912645753   Elapsed: 14.062s (0m 14s)  5% completed  (2% total)
     Speed:     ev/sec=16238.7   simsec/sec=1.68235   ev/simsec=9652.39
     Messages:  created: 214415   present: 1087   in FES: 118
** Event #301568   t=32.091998533518   Elapsed: 16.0836s (0m 16s)  6% completed  (3% total)
     Speed:     ev/sec=16842.3   simsec/sec=1.78726   ev/simsec=9423.52
     Messages:  created: 241415   present: 1100   in FES: 126
** Event #333312   t=35.269936483082   Elapsed: 18.0855s (0m 18s)  7% completed  (3% total)
     Speed:     ev/sec=15857.1   simsec/sec=1.58748   ev/simsec=9988.87
     Messages:  created: 266651   present: 1083   in FES: 116
** Event #365312   t=39.015144514578   Elapsed: 20.0878s (0m 20s)  7% completed  (3% total)
     Speed:     ev/sec=15981.2   simsec/sec=1.8704   ev/simsec=8544.25
     Messages:  created: 292150   present: 1118   in FES: 126
** Event #396544   t=42.024804595619   Elapsed: 22.0898s (0m 22s)  8% completed  (4% total)
     Speed:     ev/sec=15600.4   simsec/sec=1.50332   ev/simsec=10377.3
     Messages:  created: 316540   present: 1069   in FES: 106
** Event #426752   t=45.026563532694   Elapsed: 24.0965s (0m 24s)  9% completed  (4% total)
     Speed:     ev/sec=15053.8   simsec/sec=1.49589   ev/simsec=10063.4
     Messages:  created: 340131   present: 1046   in FES: 99
** Event #456704   t=48.026563181791   Elapsed: 26.0993s (0m 26s)  9% completed  (4% total)
     Speed:     ev/sec=14955.1   simsec/sec=1.49791   ev/simsec=9984
     Messages:  created: 363565   present: 1071   in FES: 108
** Event #488704   t=51.054280992776   Elapsed: 28.1071s (0m 28s)  10% completed  (5% total)
     Speed:     ev/sec=15938.2   simsec/sec=1.50802   ev/simsec=10569
     Messages:  created: 388404   present: 1112   in FES: 125
** Event #519168   t=54.053596039858   Elapsed: 30.1103s (0m 30s)  10% completed  (5% total)
     Speed:     ev/sec=15207.7   simsec/sec=1.49726   ev/simsec=10157
     Messages:  created: 411964   present: 1090   in FES: 126
** Event #548352   t=57.026563484231   Elapsed: 32.1164s (0m 32s)  11% completed  (5% total)
     Speed:     ev/sec=14547.6   simsec/sec=1.48196   ev/simsec=9816.45
     Messages:  created: 434589   present: 1059   in FES: 104
** Event #575744   t=59.43538132441   Elapsed: 34.1308s (0m 34s)  11% completed  (5% total)
     Speed:     ev/sec=13598.1   simsec/sec=1.1958   ev/simsec=11371.6
     Messages:  created: 455718   present: 1027   in FES: 98
** Event #605952   t=62.403351144567   Elapsed: 36.1367s (0m 36s)  12% completed  (6% total)
     Speed:     ev/sec=15059.1   simsec/sec=1.47957   ev/simsec=10178
     Messages:  created: 479125   present: 1090   in FES: 119
** Event #636672   t=65.466394189446   Elapsed: 38.1686s (0m 38s)  13% completed  (6% total)
     Speed:     ev/sec=15119   simsec/sec=1.50749   ev/simsec=10029.2
     Messages:  created: 502936   present: 1054   in FES: 107
** Event #666368   t=68.478878201328   Elapsed: 40.18s (0m 40s)  13% completed  (6% total)
     Speed:     ev/sec=14764.1   simsec/sec=1.49774   ev/simsec=9857.65
     Messages:  created: 526247   present: 1050   in FES: 105
** Event #696832   t=72.017300408962   Elapsed: 42.1821s (0m 42s)  14% completed  (7% total)
     Speed:     ev/sec=15215.7   simsec/sec=1.76732   ev/simsec=8609.49
     Messages:  created: 550291   present: 1034   in FES: 97
** Event #729088   t=75.091126228382   Elapsed: 44.1907s (0m 44s)  15% completed  (7% total)
     Speed:     ev/sec=16059.1   simsec/sec=1.53035   ev/simsec=10493.8
     Messages:  created: 575897   present: 1105   in FES: 124
** Event #760576   t=78.161154157904   Elapsed: 46.201s (0m 46s)  15% completed  (7% total)
     Speed:     ev/sec=15663   simsec/sec=1.52712   ev/simsec=10256.6
     Messages:  created: 600601   present: 1094   in FES: 119
** Event #791808   t=81.269560054162   Elapsed: 48.2024s (0m 48s)  16% completed  (8% total)
     Speed:     ev/sec=15605.7   simsec/sec=1.55317   ev/simsec=10047.6
     Messages:  created: 624738   present: 1045   in FES: 104
** Event #821248   t=84.150133020878   Elapsed: 50.2155s (0m 50s)  16% completed  (8% total)
     Speed:     ev/sec=14624.1   simsec/sec=1.4309   ev/simsec=10220.2
     Messages:  created: 647358   present: 1105   in FES: 124
** Event #847360   t=87.017095241188   Elapsed: 52.2214s (0m 52s)  17% completed  (8% total)
     Speed:     ev/sec=13017.6   simsec/sec=1.42927   ev/simsec=9107.9
     Messages:  created: 667206   present: 1094   in FES: 117
** Event #875264   t=89.256668680271   Elapsed: 54.2268s (0m 54s)  17% completed  (8% total)
     Speed:     ev/sec=13913.9   simsec/sec=1.11673   ev/simsec=12459.5
     Messages:  created: 688305   present: 1108   in FES: 125
** Event #899584   t=91.813182561025   Elapsed: 56.24s (0m 56s)  18% completed  (9% total)
     Speed:     ev/sec=12080.5   simsec/sec=1.2699   ev/simsec=9512.95
     Messages:  created: 706421   present: 1021   in FES: 95
** Event #928512   t=94.154959464248   Elapsed: 58.2412s (0m 58s)  18% completed  (9% total)
     Speed:     ev/sec=14455.6   simsec/sec=1.17021   ev/simsec=12353
     Messages:  created: 728121   present: 1083   in FES: 116
** Event #953088   t=96.40335562374   Elapsed: 60.2502s (1m 00s)  19% completed  (9% total)
     Speed:     ev/sec=12232.7   simsec/sec=1.11914   ev/simsec=10930.5
     Messages:  created: 746523   present: 1087   in FES: 118
** Event #981760   t=99.092052772982   Elapsed: 62.2605s (1m 02s)  19% completed  (9% total)
     Speed:     ev/sec=14262.7   simsec/sec=1.33747   ev/simsec=10663.9
     Messages:  created: 767736   present: 1044   in FES: 103
** Event #1008128   t=101.159725469572   Elapsed: 64.2689s (1m 04s)  20% completed  (10% total)
     Speed:     ev/sec=13129   simsec/sec=1.02952   ev/simsec=12752.5
     Messages:  created: 789073   present: 1082   in FES: 127
** Event #1038592   t=103.105139414838   Elapsed: 66.2847s (1m 06s)  20% completed  (10% total)
     Speed:     ev/sec=15112.4   simsec/sec=0.965068   ev/simsec=15659.4
     Messages:  created: 817438   present: 1053   in FES: 104
** Event #1069568   t=105.097643893741   Elapsed: 68.2876s (1m 08s)  21% completed  (10% total)
     Speed:     ev/sec=15465.3   simsec/sec=0.994794   ev/simsec=15546.3
     Messages:  created: 846583   present: 1108   in FES: 123
** Event #1100544   t=107.092052520447   Elapsed: 70.3053s (1m 10s)  21% completed  (10% total)
     Speed:     ev/sec=15352.5   simsec/sec=0.988479   ev/simsec=15531.4
     Messages:  created: 875909   present: 1044   in FES: 103
** Event #1133056   t=109.150125865169   Elapsed: 72.3176s (1m 12s)  21% completed  (10% total)
     Speed:     ev/sec=16156.3   simsec/sec=1.02272   ev/simsec=15797.3
     Messages:  created: 906653   present: 1071   in FES: 112
** Event #1166336   t=111.264166092069   Elapsed: 74.3201s (1m 14s)  22% completed  (11% total)
     Speed:     ev/sec=16619.5   simsec/sec=1.05572   ev/simsec=15742.4
     Messages:  created: 938957   present: 1088   in FES: 127
** Event #1198336   t=113.269707516265   Elapsed: 76.3304s (1m 16s)  22% completed  (11% total)
     Speed:     ev/sec=15917.9   simsec/sec=0.997624   ev/simsec=15955.8
     Messages:  created: 969982   present: 1060   in FES: 107
** Event #1232384   t=115.672116733645   Elapsed: 78.3412s (1m 18s)  23% completed  (11% total)
     Speed:     ev/sec=16932.9   simsec/sec=1.19477   ev/simsec=14172.4
     Messages:  created: 1003261   present: 1070   in FES: 127
** Event #1270784   t=118.154983263501   Elapsed: 80.3628s (1m 20s)  23% completed  (11% total)
     Speed:     ev/sec=18994.7   simsec/sec=1.22816   ev/simsec=15466
     Messages:  created: 1039899   present: 1068   in FES: 111
** Event #1305856   t=120.443863989709   Elapsed: 82.3882s (1m 22s)  24% completed  (12% total)
     Speed:     ev/sec=17316.4   simsec/sec=1.13011   ev/simsec=15322.8
     Messages:  created: 1074258   present: 1086   in FES: 117
** Event #1343488   t=123.068143275418   Elapsed: 84.4103s (1m 24s)  24% completed  (12% total)
     Speed:     ev/sec=18609.7   simsec/sec=1.29776   ev/simsec=14339.9
     Messages:  created: 1110697   present: 1093   in FES: 126
** Event #1378560   t=125.328626935204   Elapsed: 86.4171s (1m 26s)  25% completed  (12% total)
     Speed:     ev/sec=17476.9   simsec/sec=1.12643   ev/simsec=15515.3
     Messages:  created: 1144127   present: 1068   in FES: 111
** Event #1409280   t=127.466280459096   Elapsed: 88.4201s (1m 28s)  25% completed  (12% total)
     Speed:     ev/sec=15336.8   simsec/sec=1.06721   ev/simsec=14370.9
     Messages:  created: 1173053   present: 1109   in FES: 126
** Event #1444608   t=130.053495869884   Elapsed: 90.4268s (1m 30s)  26% completed  (13% total)
     Speed:     ev/sec=17604.8   simsec/sec=1.28927   ev/simsec=13654.8
     Messages:  created: 1206412   present: 1087   in FES: 126
** Event #1476352   t=132.16042310116   Elapsed: 92.4309s (1m 32s)  26% completed  (13% total)
     Speed:     ev/sec=15839.4   simsec/sec=1.0513   ev/simsec=15066.5
     Messages:  created: 1235834   present: 1112   in FES: 127
** Event #1509888   t=134.659351753597   Elapsed: 94.4332s (1m 34s)  26% completed  (13% total)
     Speed:     ev/sec=16749.3   simsec/sec=1.24807   ev/simsec=13420.2
     Messages:  created: 1267636   present: 1113   in FES: 135
** Event #1546752   t=137.171229758345   Elapsed: 96.4366s (1m 36s)  27% completed  (13% total)
     Speed:     ev/sec=18400.4   simsec/sec=1.25378   ev/simsec=14675.9
     Messages:  created: 1302459   present: 1108   in FES: 125
** Event #1582848   t=140.015143868517   Elapsed: 98.4438s (1m 38s)  28% completed  (14% total)
     Speed:     ev/sec=17983.1   simsec/sec=1.41684   ev/simsec=12692.4
     Messages:  created: 1337609   present: 1104   in FES: 126
** Event #1621504   t=142.376328613936   Elapsed: 100.467s (1m 40s)  28% completed  (14% total)
     Speed:     ev/sec=19102.6   simsec/sec=1.16682   ev/simsec=16371.4
     Messages:  created: 1374392   present: 1062   in FES: 107
** Event #1661952   t=145.159352951694   Elapsed: 102.469s (1m 42s)  29% completed  (14% total)
     Speed:     ev/sec=20209.4   simsec/sec=1.39051   ev/simsec=14533.8
     Messages:  created: 1413744   present: 1064   in FES: 107
** Event #1700096   t=148.023883455025   Elapsed: 104.471s (1m 44s)  29% completed  (14% total)
     Speed:     ev/sec=19051.4   simsec/sec=1.43072   ev/simsec=13316
     Messages:  created: 1451460   present: 1113   in FES: 126
** Event #1746432   t=151.036466985346   Elapsed: 106.478s (1m 46s)  30% completed  (15% total)
     Speed:     ev/sec=23091.2   simsec/sec=1.5013   ev/simsec=15380.8
     Messages:  created: 1497280   present: 1089   in FES: 116
** Event #1794816   t=154.053432016359   Elapsed: 108.481s (1m 48s)  30% completed  (15% total)
     Speed:     ev/sec=24156   simsec/sec=1.50624   ev/simsec=16037.3
     Messages:  created: 1545241   present: 1097   in FES: 126
** Event #1843200   t=157.091997433365   Elapsed: 110.485s (1m 50s)  31% completed  (15% total)
     Speed:     ev/sec=24145.5   simsec/sec=1.51637   ev/simsec=15923.3
     Messages:  created: 1592453   present: 1087   in FES: 126
** Event #1884416   t=159.870650896195   Elapsed: 112.545s (1m 52s)  31% completed  (15% total)
     Speed:     ev/sec=19998.6   simsec/sec=1.34824   ev/simsec=14833.1
     Messages:  created: 1632855   present: 1100   in FES: 127
** Event #1930752   t=162.443892369561   Elapsed: 114.551s (1m 54s)  32% completed  (16% total)
     Speed:     ev/sec=23102.3   simsec/sec=1.28297   ev/simsec=18006.9
     Messages:  created: 1676963   present: 1038   in FES: 101
** Event #1974272   t=165.171246790954   Elapsed: 116.564s (1m 56s)  33% completed  (16% total)
     Speed:     ev/sec=21625.3   simsec/sec=1.35524   ev/simsec=15956.9
     Messages:  created: 1718703   present: 1042   in FES: 103
** Event #2016256   t=168.054195187968   Elapsed: 118.566s (1m 58s)  33% completed  (16% total)
     Speed:     ev/sec=20965.1   simsec/sec=1.43963   ev/simsec=14562.9
     Messages:  created: 1758255   present: 1070   in FES: 111
** Event #2054656   t=170.659351965775   Elapsed: 120.567s (2m 00s)  34% completed  (17% total)
     Speed:     ev/sec=19193.6   simsec/sec=1.30214   ev/simsec=14740
     Messages:  created: 1793180   present: 1101   in FES: 129
** Event #2087936   t=173.004150669257   Elapsed: 122.602s (2m 02s)  34% completed  (17% total)
     Speed:     ev/sec=16348.7   simsec/sec=1.15188   ev/simsec=14193.1
     Messages:  created: 1824325   present: 1043   in FES: 102
** Event #2119680   t=174.909353000047   Elapsed: 124.735s (2m 04s)  34% completed  (17% total)
     Speed:     ev/sec=14885.9   simsec/sec=0.89342   ev/simsec=16661.7
     Messages:  created: 1854020   present: 1050   in FES: 105
** Event #2162944   t=177.264166302316   Elapsed: 126.743s (2m 06s)  35% completed  (17% total)
     Speed:     ev/sec=21550.3   simsec/sec=1.17296   ev/simsec=18372.6
     Messages:  created: 1894187   present: 1072   in FES: 127
** Event #2199552   t=179.435372490976   Elapsed: 128.758s (2m 08s)  35% completed  (17% total)
     Speed:     ev/sec=18163.9   simsec/sec=1.0773   ev/simsec=16860.7
     Messages:  created: 1928999   present: 1074   in FES: 113
** Event #2245120   t=182.150046163933   Elapsed: 130.768s (2m 10s)  36% completed  (18% total)
     Speed:     ev/sec=22674.5   simsec/sec=1.35081   ev/simsec=16785.8
     Messages:  created: 1972147   present: 1084   in FES: 126
** Event #2278400   t=184.172116404303   Elapsed: 132.781s (2m 12s)  36% completed  (18% total)
     Speed:     ev/sec=16525.6   simsec/sec=1.00408   ev/simsec=16458.4
     Messages:  created: 2002827   present: 1091   in FES: 127
** Event #2321408   t=187.034588298587   Elapsed: 134.791s (2m 14s)  37% completed  (18% total)
     Speed:     ev/sec=21401.5   simsec/sec=1.42441   ev/simsec=15024.8
     Messages:  created: 2043210   present: 1053   in FES: 104
** Event #2356480   t=189.160034059301   Elapsed: 136.798s (2m 16s)  37% completed  (18% total)
     Speed:     ev/sec=17477.7   simsec/sec=1.05919   ev/simsec=16501
     Messages:  created: 2075864   present: 1077   in FES: 112
** Event #2399488   t=192.020184159298   Elapsed: 138.8s (2m 18s)  38% completed  (19% total)
     Speed:     ev/sec=21484.5   simsec/sec=1.42878   ev/simsec=15037
     Messages:  created: 2117934   present: 1085   in FES: 112
** Event #2443776   t=194.672115438324   Elapsed: 140.803s (2m 20s)  38% completed  (19% total)
     Speed:     ev/sec=22105.4   simsec/sec=1.32366   ev/simsec=16700.3
     Messages:  created: 2160838   present: 1112   in FES: 128
** Event #2483968   t=197.110628646269   Elapsed: 142.808s (2m 22s)  39% completed  (19% total)
     Speed:     ev/sec=20043.5   simsec/sec=1.21607   ev/simsec=16482.2
     Messages:  created: 2199675   present: 1101   in FES: 126
** Event #2527232   t=200.024752387889   Elapsed: 144.816s (2m 24s)  40% completed  (20% total)
     Speed:     ev/sec=21544.1   simsec/sec=1.45114   ev/simsec=14846.3
     Messages:  created: 2243316   present: 1136   in FES: 126
** Event #2567936   t=202.513944766879   Elapsed: 146.831s (2m 26s)  40% completed  (20% total)
     Speed:     ev/sec=20208.6   simsec/sec=1.23583   ev/simsec=16352.3
     Messages:  created: 2282978   present: 1103   in FES: 126
** Event #2612480   t=205.381569498801   Elapsed: 148.838s (2m 28s)  41% completed  (20% total)
     Speed:     ev/sec=22194.8   simsec/sec=1.42884   ev/simsec=15533.4
     Messages:  created: 2326910   present: 1026   in FES: 97
** Event #2663168   t=209.02340021011   Elapsed: 150.842s (2m 30s)  41% completed  (20% total)
     Speed:     ev/sec=25289.7   simsec/sec=1.81702   ev/simsec=13918.3
     Messages:  created: 2376491   present: 1132   in FES: 143
** Event #2706176   t=212.002735587137   Elapsed: 152.846s (2m 32s)  42% completed  (21% total)
     Speed:     ev/sec=21458.2   simsec/sec=1.48649   ev/simsec=14435.4
     Messages:  created: 2418508   present: 1090   in FES: 119
** Event #2744576   t=214.263943339465   Elapsed: 154.857s (2m 34s)  42% completed  (21% total)
     Speed:     ev/sec=19094.2   simsec/sec=1.12437   ev/simsec=16982.1
     Messages:  created: 2454641   present: 1024   in FES: 97
** Event #2787584   t=217.120651152048   Elapsed: 156.879s (2m 36s)  43% completed  (21% total)
     Speed:     ev/sec=21276.6   simsec/sec=1.41325   ev/simsec=15055.1
     Messages:  created: 2495954   present: 1043   in FES: 128
** Event #2822656   t=219.370650336727   Elapsed: 158.884s (2m 38s)  43% completed  (21% total)
     Speed:     ev/sec=17488.3   simsec/sec=1.12194   ev/simsec=15587.6
     Messages:  created: 2530120   present: 1091   in FES: 127
** Event #2876160   t=223.009715223862   Elapsed: 160.904s (2m 40s)  44% completed  (22% total)
     Speed:     ev/sec=26488.1   simsec/sec=1.80159   ev/simsec=14702.7
     Messages:  created: 2582645   present: 1087   in FES: 116
** Event #2914048   t=225.128895642665   Elapsed: 162.906s (2m 42s)  45% completed  (22% total)
     Speed:     ev/sec=18928.8   simsec/sec=1.05874   ev/simsec=17878.6
     Messages:  created: 2618827   present: 1077   in FES: 112
** Event #2949120   t=227.350674587633   Elapsed: 164.933s (2m 44s)  45% completed  (22% total)
     Speed:     ev/sec=17301.6   simsec/sec=1.09604   ev/simsec=15785.5
     Messages:  created: 2653194   present: 1087   in FES: 118
** Event #3000064   t=230.350576867754   Elapsed: 166.946s (2m 46s)  46% completed  (23% total)
     Speed:     ev/sec=25302.7   simsec/sec=1.48998   ev/simsec=16981.9
     Messages:  created: 2703909   present: 1096   in FES: 126
** Event #3044352   t=233.092052809575   Elapsed: 168.946s (2m 48s)  46% completed  (23% total)
     Speed:     ev/sec=22139.8   simsec/sec=1.37048   ev/simsec=16154.8
     Messages:  created: 2748963   present: 1059   in FES: 108
** Event #3083008   t=235.273167366799   Elapsed: 170.962s (2m 50s)  47% completed  (23% total)
     Speed:     ev/sec=19181.4   simsec/sec=1.08229   ev/simsec=17723
     Messages:  created: 2787728   present: 1112   in FES: 126
** Event #3129344   t=238.029505926038   Elapsed: 172.966s (2m 52s)  47% completed  (23% total)
     Speed:     ev/sec=23113.6   simsec/sec=1.37493   ev/simsec=16810.7
     Messages:  created: 2835446   present: 1077   in FES: 106
** Event #3174400   t=241.003524795067   Elapsed: 174.968s (2m 54s)  48% completed  (24% total)
     Speed:     ev/sec=22508.7   simsec/sec=1.48574   ev/simsec=15149.9
     Messages:  created: 2880989   present: 1038   in FES: 101
** Event #3218176   t=243.466402210916   Elapsed: 176.977s (2m 56s)  48% completed  (24% total)
     Speed:     ev/sec=21789.7   simsec/sec=1.22591   ev/simsec=17774.3
     Messages:  created: 2923777   present: 1054   in FES: 107
** Event #3268864   t=247.02640723052   Elapsed: 178.979s (2m 58s)  49% completed  (24% total)
     Speed:     ev/sec=25319   simsec/sec=1.77824   ev/simsec=14238.2
     Messages:  created: 2974630   present: 1048   in FES: 114
** Event #3322112   t=250.159086477515   Elapsed: 180.99s (3m 00s)  50% completed  (25% total)
     Speed:     ev/sec=26482.1   simsec/sec=1.55799   ev/simsec=16997.6
     Messages:  created: 3028597   present: 1101   in FES: 126
** Event #3369472   t=253.17124238342   Elapsed: 182.994s (3m 02s)  50% completed  (25% total)
     Speed:     ev/sec=23636.8   simsec/sec=1.50333   ev/simsec=15723
     Messages:  created: 3077862   present: 1088   in FES: 119
** Event #3415808   t=256.099188274578   Elapsed: 185s (3m 04s)  51% completed  (25% total)
     Speed:     ev/sec=23096.3   simsec/sec=1.45944   ev/simsec=15825.4
     Messages:  created: 3126882   present: 1109   in FES: 122
** Event #3470592   t=259.764888471254   Elapsed: 187s (3m 06s)  51% completed  (25% total)
     Speed:     ev/sec=27391.1   simsec/sec=1.83279   ev/simsec=14945
     Messages:  created: 3184411   present: 1099   in FES: 120
** Event #3513856   t=262.524137884059   Elapsed: 189.006s (3m 09s)  52% completed  (26% total)
     Speed:     ev/sec=21567.7   simsec/sec=1.37553   ev/simsec=15679.6
     Messages:  created: 3229224   present: 1112   in FES: 151
** Event #3578112   t=266.372884701274   Elapsed: 191.008s (3m 11s)  53% completed  (26% total)
     Speed:     ev/sec=32089.4   simsec/sec=1.92206   ev/simsec=16695.3
     Messages:  created: 3297422   present: 1034   in FES: 109
** Event #3638272   t=270.12066297072   Elapsed: 193.014s (3m 13s)  54% completed  (27% total)
     Speed:     ev/sec=29990.6   simsec/sec=1.86832   ev/simsec=16052.2
     Messages:  created: 3361011   present: 1114   in FES: 137
** Event #3684864   t=273.16111815312   Elapsed: 195.015s (3m 15s)  54% completed  (27% total)
     Speed:     ev/sec=23288.9   simsec/sec=1.51977   ev/simsec=15324
     Messages:  created: 3409346   present: 1100   in FES: 119
** Event #3735296   t=276.409084891435   Elapsed: 197.02s (3m 17s)  55% completed  (27% total)
     Speed:     ev/sec=25152   simsec/sec=1.61986   ev/simsec=15527.3
     Messages:  created: 3461906   present: 1024   in FES: 97
** Event #3791360   t=280.091102862884   Elapsed: 199.02s (3m 19s)  56% completed  (28% total)
     Speed:     ev/sec=28025.6   simsec/sec=1.84059   ev/simsec=15226.4
     Messages:  created: 3520516   present: 1088   in FES: 117
** Event #3848192   t=283.466373787884   Elapsed: 201.025s (3m 21s)  56% completed  (28% total)
     Speed:     ev/sec=28351.9   simsec/sec=1.68383   ev/simsec=16837.8
     Messages:  created: 3579654   present: 1096   in FES: 121
** Event #3909632   t=287.370429982587   Elapsed: 203.027s (3m 23s)  57% completed  (28% total)
     Speed:     ev/sec=30681.7   simsec/sec=1.9496   ev/simsec=15737.5
     Messages:  created: 3642742   present: 1104   in FES: 126
** Event #3962624   t=290.774005058039   Elapsed: 205.032s (3m 25s)  58% completed  (29% total)
     Speed:     ev/sec=26430.2   simsec/sec=1.69756   ev/simsec=15569.5
     Messages:  created: 3697745   present: 1102   in FES: 127
** Event #4011264   t=293.269694374438   Elapsed: 207.047s (3m 27s)  58% completed  (29% total)
     Speed:     ev/sec=24139.1   simsec/sec=1.23856   ev/simsec=19489.6
     Messages:  created: 3749678   present: 1118   in FES: 125
** Event #4062208   t=296.403321760435   Elapsed: 209.058s (3m 29s)  59% completed  (29% total)
     Speed:     ev/sec=25337.6   simsec/sec=1.55855   ev/simsec=16257.2
     Messages:  created: 3801513   present: 1041   in FES: 102
** Event #4104960   t=299.237455191176   Elapsed: 211.072s (3m 31s)  59% completed  (29% total)
     Speed:     ev/sec=21221.5   simsec/sec=1.40683   ev/simsec=15084.7
     Messages:  created: 3844692   present: 1108   in FES: 126
** Event #4154624   t=302.443891481307   Elapsed: 213.086s (3m 33s)  60% completed  (30% total)
     Speed:     ev/sec=24666.9   simsec/sec=1.59256   ev/simsec=15488.8
     Messages:  created: 3895360   present: 1092   in FES: 119
** Event #4211968   t=306.154978906388   Elapsed: 215.099s (3m 35s)  61% completed  (30% total)
     Speed:     ev/sec=28488.4   simsec/sec=1.84366   ev/simsec=15452.1
     Messages:  created: 3953716   present: 1082   in FES: 115
** Event #4263936   t=309.350686533284   Elapsed: 217.109s (3m 37s)  61% completed  (30% total)
     Speed:     ev/sec=25845.7   simsec/sec=1.58935   ev/simsec=16261.8
     Messages:  created: 4007179   present: 1087   in FES: 118
** Event #4311296   t=312.421894175085   Elapsed: 219.115s (3m 39s)  62% completed  (31% total)
     Speed:     ev/sec=23609.2   simsec/sec=1.53101   ev/simsec=15420.6
     Messages:  created: 4055552   present: 1086   in FES: 126
** Event #4367360   t=316.003261114654   Elapsed: 221.123s (3m 41s)  63% completed  (31% total)
     Speed:     ev/sec=27921.7   simsec/sec=1.78364   ev/simsec=15654.4
     Messages:  created: 4113978   present: 1056   in FES: 107
** Event #4424960   t=319.055155238232   Elapsed: 223.14s (3m 43s)  63% completed  (31% total)
     Speed:     ev/sec=28557.6   simsec/sec=1.51311   ev/simsec=18873.5
     Messages:  created: 4173973   present: 1065   in FES: 108
** Event #4468992   t=321.764587232529   Elapsed: 225.143s (3m 45s)  64% completed  (32% total)
     Speed:     ev/sec=21981.4   simsec/sec=1.35259   ev/simsec=16251.4
     Messages:  created: 4219551   present: 1118   in FES: 149
** Event #4518144   t=325.014166549642   Elapsed: 227.145s (3m 47s)  65% completed  (32% total)
     Speed:     ev/sec=24554   simsec/sec=1.62334   ev/simsec=15125.7
     Messages:  created: 4269897   present: 1099   in FES: 127
** Event #4570368   t=328.120695847131   Elapsed: 229.154s (3m 49s)  65% completed  (32% total)
     Speed:     ev/sec=25997   simsec/sec=1.54642   ev/simsec=16811
     Messages:  created: 4322404   present: 1089   in FES: 118
** Event #4621056   t=331.237568104663   Elapsed: 231.164s (3m 51s)  66% completed  (33% total)
     Speed:     ev/sec=25212.8   simsec/sec=1.55037   ev/simsec=16262.5
     Messages:  created: 4375057   present: 1066   in FES: 111
** Event #4676352   t=334.409084891435   Elapsed: 233.172s (3m 53s)  66% completed  (33% total)
     Speed:     ev/sec=27542.4   simsec/sec=1.5797   ev/simsec=17435.2
     Messages:  created: 4433575   present: 1085   in FES: 126
** Event #4726528   t=337.376333043596   Elapsed: 235.187s (3m 55s)  67% completed  (33% total)
     Speed:     ev/sec=24905.2   simsec/sec=1.47282   ev/simsec=16909.9
     Messages:  created: 4485952   present: 1049   in FES: 102
** Event #4773632   t=340.273400267472   Elapsed: 237.191s (3m 57s)  68% completed  (34% total)
     Speed:     ev/sec=23506.4   simsec/sec=1.44573   ev/simsec=16259.2
     Messages:  created: 4534782   present: 1124   in FES: 144
** Event #4832000   t=344.017095349502   Elapsed: 239.196s (3m 59s)  68% completed  (34% total)
     Speed:     ev/sec=29110.3   simsec/sec=1.86712   ev/simsec=15591
     Messages:  created: 4595271   present: 1080   in FES: 109
** Event #4874496   t=346.336469493705   Elapsed: 241.197s (4m 01s)  69% completed  (34% total)
     Speed:     ev/sec=21230.4   simsec/sec=1.15873   ev/simsec=18322.2
     Messages:  created: 4637815   present: 1101   in FES: 126
** Event #4923648   t=349.128923449074   Elapsed: 243.198s (4m 03s)  69% completed  (34% total)
     Speed:     ev/sec=24564.8   simsec/sec=1.39559   ev/simsec=17601.7
     Messages:  created: 4687891   present: 1074   in FES: 111
** Event #4958976   t=351.264166680547   Elapsed: 245.207s (4m 05s)  70% completed  (35% total)
     Speed:     ev/sec=17590.6   simsec/sec=1.06319   ev/simsec=16545.2
     Messages:  created: 4723316   present: 1083   in FES: 127
** Event #5004288   t=354.040475886847   Elapsed: 247.208s (4m 07s)  70% completed  (35% total)
     Speed:     ev/sec=22641.9   simsec/sec=1.38729   ev/simsec=16320.9
     Messages:  created: 4768727   present: 1120   in FES: 126
** Event #5054464   t=357.004115100331   Elapsed: 249.227s (4m 09s)  71% completed  (35% total)
     Speed:     ev/sec=24851.9   simsec/sec=1.46787   ev/simsec=16930.5
     Messages:  created: 4820925   present: 1079   in FES: 114
** Event #5100800   t=359.381681001927   Elapsed: 251.246s (4m 11s)  71% completed  (35% total)
     Speed:     ev/sec=22953.6   simsec/sec=1.17778   ev/simsec=19488.8
     Messages:  created: 4868017   present: 1061   in FES: 108
** Event #5149184   t=362.264211649098   Elapsed: 253.247s (4m 13s)  72% completed  (36% total)
     Speed:     ev/sec=24172.7   simsec/sec=1.44012   ev/simsec=16785.3
     Messages:  created: 4918026   present: 1077   in FES: 114
** Event #5201664   t=365.376211581187   Elapsed: 255.249s (4m 15s)  73% completed  (36% total)
     Speed:     ev/sec=26217.5   simsec/sec=1.55467   ev/simsec=16863.8
     Messages:  created: 4972780   present: 1118   in FES: 126
** Event #5250048   t=368.150152856609   Elapsed: 257.266s (4m 17s)  73% completed  (36% total)
     Speed:     ev/sec=23982.6   simsec/sec=1.37496   ev/simsec=17442.3
     Messages:  created: 5024569   present: 1081   in FES: 116
** Event #5295104   t=371.110734848221   Elapsed: 259.283s (4m 19s)  74% completed  (37% total)
     Speed:     ev/sec=22344.3   simsec/sec=1.46822   ev/simsec=15218.6
     Messages:  created: 5071811   present: 1077   in FES: 114
** Event #5353216   t=375.034533390142   Elapsed: 261.283s (4m 21s)  75% completed  (37% total)
     Speed:     ev/sec=29047   simsec/sec=1.96129   ev/simsec=14810.1
     Messages:  created: 5133025   present: 1095   in FES: 126
** Event #5404416   t=378.370661255882   Elapsed: 263.286s (4m 23s)  75% completed  (37% total)
     Speed:     ev/sec=25566.1   simsec/sec=1.66586   ev/simsec=15347.1
     Messages:  created: 5185503   present: 1088   in FES: 148
** Event #5460480   t=382.053956102724   Elapsed: 265.291s (4m 25s)  76% completed  (38% total)
     Speed:     ev/sec=27965.1   simsec/sec=1.83725   ev/simsec=15221.2
     Messages:  created: 5244049   present: 1100   in FES: 121
** Event #5512448   t=385.42189496696   Elapsed: 267.293s (4m 27s)  77% completed  (38% total)
     Speed:     ev/sec=25957.1   simsec/sec=1.68222   ev/simsec=15430.2
     Messages:  created: 5297508   present: 1095   in FES: 126
** Event #5568512   t=389.128894860581   Elapsed: 269.295s (4m 29s)  77% completed  (38% total)
     Speed:     ev/sec=27998.8   simsec/sec=1.85131   ev/simsec=15123.8
     Messages:  created: 5355553   present: 1107   in FES: 122
** Event #5630464   t=393.159257471895   Elapsed: 271.302s (4m 31s)  78% completed  (39% total)
     Speed:     ev/sec=30874.8   simsec/sec=2.0086   ev/simsec=15371.3
     Messages:  created: 5419442   present: 1158   in FES: 140
** Event #5680640   t=396.435250640119   Elapsed: 273.306s (4m 33s)  79% completed  (39% total)
     Speed:     ev/sec=25040.2   simsec/sec=1.63487   ev/simsec=15316.3
     Messages:  created: 5471525   present: 1092   in FES: 126
** Event #5739008   t=400.272253092763   Elapsed: 275.315s (4m 35s)  80% completed  (40% total)
     Speed:     ev/sec=29047.4   simsec/sec=1.90952   ev/simsec=15211.9
     Messages:  created: 5531739   present: 1106   in FES: 126
** Event #5795584   t=404.068197540577   Elapsed: 277.318s (4m 37s)  80% completed  (40% total)
     Speed:     ev/sec=28248   simsec/sec=1.89529   ev/simsec=14904.3
     Messages:  created: 5590091   present: 1073   in FES: 113
** Event #5849600   t=407.282546941503   Elapsed: 279.318s (4m 39s)  81% completed  (40% total)
     Speed:     ev/sec=27007.9   simsec/sec=1.60717   ev/simsec=16804.6
     Messages:  created: 5644956   present: 1094   in FES: 127
** Event #5892096   t=410.053549031688   Elapsed: 281.325s (4m 41s)  82% completed  (41% total)
     Speed:     ev/sec=21178.3   simsec/sec=1.38096   ev/simsec=15336
     Messages:  created: 5688238   present: 1119   in FES: 127
** Event #5932288   t=412.373284323826   Elapsed: 283.329s (4m 43s)  82% completed  (41% total)
     Speed:     ev/sec=20046.6   simsec/sec=1.15702   ev/simsec=17326.1
     Messages:  created: 5729244   present: 1112   in FES: 126
** Event #5987840   t=416.022254736826   Elapsed: 285.33s (4m 45s)  83% completed  (41% total)
     Speed:     ev/sec=27765.6   simsec/sec=1.8238   ev/simsec=15224
     Messages:  created: 5786483   present: 1072   in FES: 109
** Event #6040576   t=419.169947750978   Elapsed: 287.355s (4m 47s)  83% completed  (41% total)
     Speed:     ev/sec=26050   simsec/sec=1.55486   ev/simsec=16753.9
     Messages:  created: 5839069   present: 1027   in FES: 96
** Event #6087936   t=422.063488015314   Elapsed: 289.364s (4m 49s)  84% completed  (42% total)
     Speed:     ev/sec=23568.5   simsec/sec=1.43995   ev/simsec=16367.5
     Messages:  created: 5887070   present: 1031   in FES: 97
** Event #6129152   t=424.513943339465   Elapsed: 291.37s (4m 51s)  84% completed  (42% total)
     Speed:     ev/sec=20545.9   simsec/sec=1.22154   ev/simsec=16819.7
     Messages:  created: 5928487   present: 1025   in FES: 97
** Event #6173184   t=427.12889578839   Elapsed: 293.38s (4m 53s)  85% completed  (42% total)
     Speed:     ev/sec=21907.9   simsec/sec=1.30106   ev/simsec=16838.5
     Messages:  created: 5973705   present: 1080   in FES: 113
** Event #6225920   t=430.336575459041   Elapsed: 295.403s (4m 55s)  86% completed  (43% total)
     Speed:     ev/sec=26072.2   simsec/sec=1.58585   ev/simsec=16440.5
     Messages:  created: 6027830   present: 1071   in FES: 112
** Event #6267904   t=433.034588483105   Elapsed: 297.408s (4m 57s)  86% completed  (43% total)
     Speed:     ev/sec=20941.1   simsec/sec=1.34573   ev/simsec=15561.1
     Messages:  created: 6071264   present: 1092   in FES: 117
** Event #6318336   t=436.336579853174   Elapsed: 299.422s (4m 59s)  87% completed  (43% total)
     Speed:     ev/sec=25039.2   simsec/sec=1.63942   ev/simsec=15273.2
     Messages:  created: 6121104   present: 1063   in FES: 110
** Event #6366976   t=439.386964274016   Elapsed: 301.423s (5m 01s)  87% completed  (43% total)
     Speed:     ev/sec=24303.4   simsec/sec=1.52415   ev/simsec=15945.5
     Messages:  created: 6170520   present: 1030   in FES: 106
** Event #6411776   t=442.273431698579   Elapsed: 303.427s (5m 03s)  88% completed  (44% total)
     Speed:     ev/sec=22355.2   simsec/sec=1.44035   ev/simsec=15520.7
     Messages:  created: 6216179   present: 1135   in FES: 139
** Event #6471680   t=445.33708869132   Elapsed: 305.447s (5m 05s)  89% completed  (44% total)
     Speed:     ev/sec=29659.1   simsec/sec=1.51685   ev/simsec=19553.1
     Messages:  created: 6281352   present: 1073   in FES: 112
** Event #6521856   t=448.173012788178   Elapsed: 307.451s (5m 07s)  89% completed  (44% total)
     Speed:     ev/sec=25032.3   simsec/sec=1.41481   ev/simsec=17693
     Messages:  created: 6333138   present: 1099   in FES: 127
** Event #6568704   t=451.054275832083   Elapsed: 309.454s (5m 09s)  90% completed  (45% total)
     Speed:     ev/sec=23396.9   simsec/sec=1.43896   ev/simsec=16259.5
     Messages:  created: 6380912   present: 1070   in FES: 111
** Event #6619392   t=454.05343349831   Elapsed: 311.461s (5m 11s)  90% completed  (45% total)
     Speed:     ev/sec=25252.1   simsec/sec=1.49414   ev/simsec=16900.7
     Messages:  created: 6432060   present: 1107   in FES: 126
** Event #6657024   t=456.16029897512   Elapsed: 313.465s (5m 13s)  91% completed  (45% total)
     Speed:     ev/sec=18772.4   simsec/sec=1.05099   ev/simsec=17861.6
     Messages:  created: 6468559   present: 1107   in FES: 127
** Event #6696448   t=458.485672099682   Elapsed: 315.471s (5m 15s)  91% completed  (45% total)
     Speed:     ev/sec=19661.7   simsec/sec=1.15972   ev/simsec=16953.8
     Messages:  created: 6507094   present: 1023   in FES: 96
** Event #6742784   t=461.182164057704   Elapsed: 317.472s (5m 17s)  92% completed  (46% total)
     Speed:     ev/sec=23152.8   simsec/sec=1.34736   ev/simsec=17183.8
     Messages:  created: 6552690   present: 1021   in FES: 95
** Event #6788864   t=464.029505759949   Elapsed: 319.474s (5m 19s)  92% completed  (46% total)
     Speed:     ev/sec=23021.1   simsec/sec=1.4225   ev/simsec=16183.5
     Messages:  created: 6598947   present: 1097   in FES: 116
** Event #6838272   t=467.022254936415   Elapsed: 321.475s (5m 21s)  93% completed  (46% total)
     Speed:     ev/sec=24686   simsec/sec=1.49529   ev/simsec=16509.2
     Messages:  created: 6647833   present: 1128   in FES: 125
** Event #6879488   t=469.336469030187   Elapsed: 323.484s (5m 23s)  93% completed  (46% total)
     Speed:     ev/sec=20511.5   simsec/sec=1.15169   ev/simsec=17809.9
     Messages:  created: 6688478   present: 1092   in FES: 126
** Event #6928896   t=472.173979917772   Elapsed: 325.487s (5m 25s)  94% completed  (47% total)
     Speed:     ev/sec=24669.7   simsec/sec=1.41679   ev/simsec=17412.4
     Messages:  created: 6738293   present: 1027   in FES: 96
** Event #6974208   t=475.091110993601   Elapsed: 327.488s (5m 27s)  95% completed  (47% total)
     Speed:     ev/sec=22649.3   simsec/sec=1.45813   ev/simsec=15533.1
     Messages:  created: 6784086   present: 1075   in FES: 114
** Event #7019008   t=478.015882048746   Elapsed: 329.491s (5m 29s)  95% completed  (47% total)
     Speed:     ev/sec=22368.3   simsec/sec=1.46032   ev/simsec=15317.4
     Messages:  created: 6829935   present: 1100   in FES: 126
** Event #7061504   t=480.403372229212   Elapsed: 331.492s (5m 31s)  96% completed  (48% total)
     Speed:     ev/sec=21229.6   simsec/sec=1.19271   ev/simsec=17799.4
     Messages:  created: 6871738   present: 1033   in FES: 100
** Event #7106304   t=483.120649684626   Elapsed: 333.501s (5m 33s)  96% completed  (48% total)
     Speed:     ev/sec=22302.2   simsec/sec=1.35271   ev/simsec=16487.1
     Messages:  created: 6917261   present: 1114   in FES: 128
** Event #7155712   t=486.091111174536   Elapsed: 335.511s (5m 35s)  97% completed  (48% total)
     Speed:     ev/sec=24578.8   simsec/sec=1.4777   ev/simsec=16633.1
     Messages:  created: 6967981   present: 1071   in FES: 112
** Event #7203072   t=489.036628240184   Elapsed: 337.518s (5m 37s)  97% completed  (48% total)
     Speed:     ev/sec=23599.6   simsec/sec=1.46776   ev/simsec=16078.7
     Messages:  created: 7015730   present: 1030   in FES: 97
** Event #7244032   t=491.40336808855   Elapsed: 339.541s (5m 39s)  98% completed  (49% total)
     Speed:     ev/sec=20244.3   simsec/sec=1.16975   ev/simsec=17306.5
     Messages:  created: 7055993   present: 1042   in FES: 103
** Event #7289856   t=494.171127661599   Elapsed: 341.549s (5m 41s)  98% completed  (49% total)
     Speed:     ev/sec=22825.7   simsec/sec=1.37866   ev/simsec=16556.4
     Messages:  created: 7101773   present: 1091   in FES: 126
** Event #7331328   t=497.003291888565   Elapsed: 343.555s (5m 43s)  99% completed  (49% total)
     Speed:     ev/sec=20676.4   simsec/sec=1.41201   ev/simsec=14643.2
     Messages:  created: 7143723   present: 1106   in FES: 123
** Event #7378432   t=499.922160714969   Elapsed: 345.559s (5m 45s)  99% completed  (49% total)
     Speed:     ev/sec=23499.1   simsec/sec=1.45616   ev/simsec=16137.8
     Messages:  created: 7189704   present: 1111   in FES: 133
** Event #7378703   t=500   Elapsed: 345.564s (5m 45s)  100% completed  (50% total)
     Speed:     ev/sec=0   simsec/sec=0   ev/simsec=0
     Messages:  created: 7189995   present: 1021   in FES: 95

<!> Simulation time limit reached -- at t=500s, event #7378703
undisposed object: (omnetpp::cMessage) FanetStressNetwork.uav[0].app.debugTimer -- check module destructor
undisposed object: (omnetpp::cMessage) FanetStressNetwork.uav[1].app.debugTimer -- check module destructor
undisposed object: (omnetpp::cMessage) FanetStressNetwork.uav[2].app.debugTimer -- check module destructor
undisposed object: (omnetpp::cMessage) FanetStressNetwork.uav[3].app.debugTimer -- check module destructor
undisposed object: (omnetpp::cMessage) FanetStressNetwork.uav[4].app.debugTimer -- check module destructor
undisposed object: (omnetpp::cMessage) FanetStressNetwork.uav[5].app.debugTimer -- check module destructor
undisposed object: (omnetpp::cMessage) FanetStressNetwork.uav[6].app.debugTimer -- check module destructor
undisposed object: (omnetpp::cMessage) FanetStressNetwork.uav[7].app.debugTimer -- check module destructor
undisposed object: (omnetpp::cMessage) FanetStressNetwork.uav[8].app.debugTimer -- check module destructor
undisposed object: (omnetpp::cMessage) FanetStressNetwork.uav[9].app.debugTimer -- check module destructor
undisposed object: (omnetpp::cMessage) FanetStressNetwork.uav[10].app.debugTimer -- check module destructor
undisposed object: (omnetpp::cMessage) FanetStressNetwork.uav[11].app.debugTimer -- check module destructor
undisposed object: (omnetpp::cMessage) FanetStressNetwork.uav[12].app.debugTimer -- check module destructor
undisposed object: (omnetpp::cMessage) FanetStressNetwork.uav[13].app.debugTimer -- check module destructor
undisposed object: (omnetpp::cMessage) FanetStressNetwork.uav[14].app.debugTimer -- check module destructor
undisposed object: (omnetpp::cMessage) FanetStressNetwork.uav[15].app.debugTimer -- check module destructor
undisposed object: (omnetpp::cMessage) FanetStressNetwork.uav[16].app.debugTimer -- check module destructor
undisposed object: (omnetpp::cMessage) FanetStressNetwork.uav[17].app.debugTimer -- check module destructor
undisposed object: (omnetpp::cMessage) FanetStressNetwork.uav[18].app.debugTimer -- check module destructor
undisposed object: (omnetpp::cMessage) FanetStressNetwork.uav[19].app.debugTimer -- check module destructor
undisposed object: (omnetpp::cMessage) FanetStressNetwork.uav[20].app.debugTimer -- check module destructor
undisposed object: (omnetpp::cMessage) FanetStressNetwork.uav[21].app.debugTimer -- check module destructor
undisposed object: (omnetpp::cMessage) FanetStressNetwork.uav[22].app.debugTimer -- check module destructor
undisposed object: (omnetpp::cMessage) FanetStressNetwork.uav[23].app.debugTimer -- check module destructor
undisposed object: (omnetpp::cMessage) FanetStressNetwork.uav[24].app.debugTimer -- check module destructor
undisposed object: (omnetpp::cMessage) FanetStressNetwork.uav[25].app.debugTimer -- check module destructor
undisposed object: (omnetpp::cMessage) FanetStressNetwork.uav[26].app.debugTimer -- check module destructor
undisposed object: (omnetpp::cMessage) FanetStressNetwork.uav[27].app.debugTimer -- check module destructor
undisposed object: (omnetpp::cMessage) FanetStressNetwork.uav[28].app.debugTimer -- check module destructor
undisposed object: (omnetpp::cMessage) FanetStressNetwork.uav[29].app.debugTimer -- check module destructor
