** Event #0   t=0   Elapsed: 9e-06s (0m 00s)  0% completed  (50% total)
     Speed:     ev/sec=0   simsec/sec=0   ev/simsec=0
     Messages:  created: 1081   present: 1081   in FES: 161
** Event #49408   t=5.24000629013   Elapsed: 2.0188s (0m 02s)  1% completed  (50% total)
     Speed:     ev/sec=24474.5   simsec/sec=2.59562   ev/simsec=9429.19
     Messages:  created: 38744   present: 1054   in FES: 107
** Event #83456   t=9.01051874174   Elapsed: 4.02008s (0m 04s)  1% completed  (50% total)
     Speed:     ev/sec=17013.1   simsec/sec=1.88405   ev/simsec=9030.07
     Messages:  created: 64971   present: 1107   in FES: 126
** Event #122368   t=13.009336457532   Elapsed: 6.02388s (0m 06s)  2% completed  (51% total)
     Speed:     ev/sec=19419.2   simsec/sec=1.99563   ev/simsec=9730.88
     Messages:  created: 95555   present: 1069   in FES: 110
** Event #168192   t=17.316167982409   Elapsed: 8.032s (0m 08s)  3% completed  (51% total)
     Speed:     ev/sec=22819.3   simsec/sec=2.1447   ev/simsec=10639.8
     Messages:  created: 131911   present: 1086   in FES: 126
** Event #207616   t=21.356469895283   Elapsed: 10.0401s (0m 10s)  4% completed  (52% total)
     Speed:     ev/sec=19632.1   simsec/sec=2.01196   ev/simsec=9757.69
     Messages:  created: 162877   present: 1084   in FES: 117
** Event #247040   t=25.316256341526   Elapsed: 12.0546s (0m 12s)  5% completed  (52% total)
     Speed:     ev/sec=19570.1   simsec/sec=1.96564   ev/simsec=9956.09
     Messages:  created: 193694   present: 1026   in FES: 97
** Event #282112   t=29.058926868716   Elapsed: 14.0578s (0m 14s)  5% completed  (52% total)
     Speed:     ev/sec=17508.5   simsec/sec=1.8684   ev/simsec=9370.85
     Messages:  created: 221058   present: 1105   in FES: 126
** Event #325120   t=33.158291529135   Elapsed: 16.063s (0m 16s)  6% completed  (53% total)
     Speed:     ev/sec=21447.8   simsec/sec=2.04432   ev/simsec=10491.4
     Messages:  created: 254637   present: 1041   in FES: 102
** Event #365056   t=37.172411129812   Elapsed: 18.0633s (0m 18s)  7% completed  (53% total)
     Speed:     ev/sec=19965.8   simsec/sec=2.00684   ev/simsec=9948.88
     Messages:  created: 285867   present: 1093   in FES: 120
** Event #402176   t=41.082657308381   Elapsed: 20.0676s (0m 20s)  8% completed  (54% total)
     Speed:     ev/sec=18519.9   simsec/sec=1.9509   ev/simsec=9493.01
     Messages:  created: 315171   present: 1124   in FES: 126
** Event #436736   t=45.002516441488   Elapsed: 22.0714s (0m 22s)  9% completed  (54% total)
     Speed:     ev/sec=17246.8   simsec/sec=1.95617   ev/simsec=8816.64
     Messages:  created: 342164   present: 1103   in FES: 126
** Event #482816   t=49.356458142491   Elapsed: 24.0774s (0m 24s)  9% completed  (54% total)
     Speed:     ev/sec=22971.6   simsec/sec=2.17051   ev/simsec=10583.5
     Messages:  created: 378895   present: 1087   in FES: 118
** Event #516352   t=53.055910997775   Elapsed: 26.0859s (0m 26s)  10% completed  (55% total)
     Speed:     ev/sec=16697   simsec/sec=1.8419   ev/simsec=9065.12
     Messages:  created: 405446   present: 1062   in FES: 107
** Event #554240   t=57.041146305615   Elapsed: 28.0996s (0m 28s)  11% completed  (55% total)
     Speed:     ev/sec=18815.1   simsec/sec=1.97906   ev/simsec=9507.09
     Messages:  created: 435338   present: 1093   in FES: 120
** Event #594944   t=61.077538242982   Elapsed: 30.1042s (0m 30s)  12% completed  (56% total)
     Speed:     ev/sec=20305.6   simsec/sec=2.0136   ev/simsec=10084.3
     Messages:  created: 467579   present: 1100   in FES: 121
** Event #641536   t=66.051844459771   Elapsed: 32.1117s (0m 32s)  13% completed  (56% total)
     Speed:     ev/sec=23208.2   simsec/sec=2.47778   ev/simsec=9366.53
     Messages:  created: 504568   present: 1108   in FES: 123
** Event #688640   t=71.02045612083   Elapsed: 34.1164s (0m 34s)  14% completed  (57% total)
     Speed:     ev/sec=23497.2   simsec/sec=2.47852   ev/simsec=9480.31
     Messages:  created: 541853   present: 1097   in FES: 118
** Event #727808   t=75.027960181632   Elapsed: 36.1183s (0m 36s)  15% completed  (57% total)
     Speed:     ev/sec=19565.7   simsec/sec=2.00188   ev/simsec=9773.66
     Messages:  created: 572801   present: 1065   in FES: 108
** Event #767488   t=79.027955730326   Elapsed: 38.1231s (0m 38s)  15% completed  (57% total)
     Speed:     ev/sec=19791.7   simsec/sec=1.99513   ev/simsec=9920.01
     Messages:  created: 603795   present: 1103   in FES: 120
** Event #806656   t=83.009335767534   Elapsed: 40.1263s (0m 40s)  16% completed  (58% total)
     Speed:     ev/sec=19553   simsec/sec=1.98754   ev/simsec=9837.79
     Messages:  created: 634105   present: 1105   in FES: 122
** Event #846592   t=86.447079145338   Elapsed: 42.1432s (0m 42s)  17% completed  (58% total)
     Speed:     ev/sec=19800.4   simsec/sec=1.70444   ev/simsec=11616.9
     Messages:  created: 664936   present: 1066   in FES: 111
** Event #888064   t=91.009336006815   Elapsed: 44.1532s (0m 44s)  18% completed  (59% total)
     Speed:     ev/sec=20633.2   simsec/sec=2.26982   ev/simsec=9090.24
     Messages:  created: 696941   present: 1098   in FES: 119
** Event #931584   t=95.077485391031   Elapsed: 46.1545s (0m 46s)  19% completed  (59% total)
     Speed:     ev/sec=21745.4   simsec/sec=2.03271   ev/simsec=10697.7
     Messages:  created: 730992   present: 1110   in FES: 126
** Event #969984   t=99.058991302862   Elapsed: 48.168s (0m 48s)  19% completed  (59% total)
     Speed:     ev/sec=19071.5   simsec/sec=1.97743   ev/simsec=9644.59
     Messages:  created: 761258   present: 1110   in FES: 123
** Event #1025280   t=103.010365111077   Elapsed: 50.1734s (0m 50s)  20% completed  (60% total)
     Speed:     ev/sec=27574.4   simsec/sec=1.97042   ev/simsec=13994.1
     Messages:  created: 816254   present: 1062   in FES: 107
** Event #1079808   t=106.210208443543   Elapsed: 52.1787s (0m 52s)  21% completed  (60% total)
     Speed:     ev/sec=27191.9   simsec/sec=1.59569   ev/simsec=17040.8
     Messages:  created: 872489   present: 1098   in FES: 121
** Event #1136128   t=110.059100203073   Elapsed: 54.1909s (0m 54s)  22% completed  (61% total)
     Speed:     ev/sec=27988   simsec/sec=1.91269   ev/simsec=14632.8
     Messages:  created: 931599   present: 1117   in FES: 124
** Event #1201664   t=114.010242710138   Elapsed: 56.1923s (0m 56s)  22% completed  (61% total)
     Speed:     ev/sec=32746.3   simsec/sec=1.97427   ev/simsec=16586.6
     Messages:  created: 1002867   present: 1101   in FES: 126
** Event #1257984   t=117.42399088381   Elapsed: 58.1954s (0m 58s)  23% completed  (61% total)
     Speed:     ev/sec=28115.7   simsec/sec=1.70419   ev/simsec=16498
     Messages:  created: 1061897   present: 1096   in FES: 126
** Event #1316864   t=121.077483061282   Elapsed: 60.2001s (1m 00s)  24% completed  (62% total)
     Speed:     ev/sec=29371.4   simsec/sec=1.82249   ev/simsec=16116.1
     Messages:  created: 1125122   present: 1037   in FES: 98
** Event #1372416   t=124.068308443593   Elapsed: 62.2016s (1m 02s)  24% completed  (62% total)
     Speed:     ev/sec=27755.3   simsec/sec=1.4943   ev/simsec=18574.1
     Messages:  created: 1186399   present: 1103   in FES: 126
** Event #1431808   t=127.091144776616   Elapsed: 64.2041s (1m 04s)  25% completed  (62% total)
     Speed:     ev/sec=29658   simsec/sec=1.50948   ev/simsec=19647.8
     Messages:  created: 1251043   present: 1034   in FES: 98
** Event #1478912   t=130.041979383651   Elapsed: 66.2045s (1m 06s)  26% completed  (63% total)
     Speed:     ev/sec=23547.4   simsec/sec=1.47513   ev/simsec=15962.9
     Messages:  created: 1301147   present: 1110   in FES: 126
** Event #1530880   t=133.058463388839   Elapsed: 68.2109s (1m 08s)  26% completed  (63% total)
     Speed:     ev/sec=25901.9   simsec/sec=1.50348   ev/simsec=17228
     Messages:  created: 1355753   present: 1108   in FES: 123
** Event #1581568   t=136.164989496499   Elapsed: 70.2205s (1m 10s)  27% completed  (63% total)
     Speed:     ev/sec=25223.1   simsec/sec=1.54585   ev/simsec=16316.6
     Messages:  created: 1407303   present: 1080   in FES: 113
** Event #1630720   t=139.409252802042   Elapsed: 72.237s (1m 12s)  27% completed  (63% total)
     Speed:     ev/sec=24374   simsec/sec=1.6088   ev/simsec=15150.4
     Messages:  created: 1457062   present: 1065   in FES: 110
** Event #1677824   t=142.425496675129   Elapsed: 74.2516s (1m 14s)  28% completed  (64% total)
     Speed:     ev/sec=23381.9   simsec/sec=1.49723   ev/simsec=15616.8
     Messages:  created: 1504966   present: 1077   in FES: 114
** Event #1722624   t=145.316169692087   Elapsed: 76.2815s (1m 16s)  29% completed  (64% total)
     Speed:     ev/sec=22069.6   simsec/sec=1.42402   ev/simsec=15498.1
     Messages:  created: 1550483   present: 1111   in FES: 126
** Event #1773056   t=148.414944284838   Elapsed: 78.2888s (1m 18s)  29% completed  (64% total)
     Speed:     ev/sec=25124.3   simsec/sec=1.54375   ev/simsec=16274.8
     Messages:  created: 1601209   present: 1045   in FES: 122
** Event #1825024   t=152.010241805576   Elapsed: 80.2991s (1m 20s)  30% completed  (65% total)
     Speed:     ev/sec=25851.1   simsec/sec=1.78846   ev/simsec=14454.4
     Messages:  created: 1654075   present: 1030   in FES: 97
** Event #1866496   t=154.818308278109   Elapsed: 82.3037s (1m 22s)  30% completed  (65% total)
     Speed:     ev/sec=20689   simsec/sec=1.40085   ev/simsec=14768.9
     Messages:  created: 1693921   present: 1098   in FES: 126
** Event #1918208   t=158.210103932389   Elapsed: 84.3152s (1m 24s)  31% completed  (65% total)
     Speed:     ev/sec=25707.8   simsec/sec=1.68618   ev/simsec=15246.2
     Messages:  created: 1743386   present: 1106   in FES: 126
** Event #1969152   t=162.058821028989   Elapsed: 86.3461s (1m 26s)  32% completed  (66% total)
     Speed:     ev/sec=25084.2   simsec/sec=1.89506   ev/simsec=13236.6
     Messages:  created: 1793429   present: 1116   in FES: 125
** Event #2024192   t=166.058467700251   Elapsed: 88.3567s (1m 28s)  33% completed  (66% total)
     Speed:     ev/sec=27375.6   simsec/sec=1.98933   ev/simsec=13761.2
     Messages:  created: 1847192   present: 1078   in FES: 113
** Event #2082048   t=170.042075026194   Elapsed: 90.3591s (1m 30s)  34% completed  (67% total)
     Speed:     ev/sec=28893.2   simsec/sec=1.98941   ev/simsec=14523.5
     Messages:  created: 1904598   present: 1098   in FES: 121
** Event #2135296   t=173.428578750637   Elapsed: 92.3606s (1m 32s)  34% completed  (67% total)
     Speed:     ev/sec=26604.2   simsec/sec=1.69199   ev/simsec=15723.6
     Messages:  created: 1957492   present: 1098   in FES: 126
** Event #2202880   t=178.027837572149   Elapsed: 94.3644s (1m 34s)  35% completed  (67% total)
     Speed:     ev/sec=33727.1   simsec/sec=2.29521   ev/simsec=14694.5
     Messages:  created: 2027168   present: 1099   in FES: 126
** Event #2252288   t=181.519697641564   Elapsed: 96.3753s (1m 36s)  36% completed  (68% total)
     Speed:     ev/sec=24570.5   simsec/sec=1.7365   ev/simsec=14149.5
     Messages:  created: 2076175   present: 1105   in FES: 127
** Event #2311680   t=186.002571049403   Elapsed: 98.3796s (1m 38s)  37% completed  (68% total)
     Speed:     ev/sec=29632.4   simsec/sec=2.23664   ev/simsec=13248.6
     Messages:  created: 2137163   present: 1047   in FES: 104
** Event #2360576   t=189.019894027684   Elapsed: 100.384s (1m 40s)  37% completed  (68% total)
     Speed:     ev/sec=24390.3   simsec/sec=1.5051   ev/simsec=16205.1
     Messages:  created: 2187767   present: 1122   in FES: 126
** Event #2410752   t=192.092683428393   Elapsed: 102.385s (1m 42s)  38% completed  (69% total)
     Speed:     ev/sec=25082   simsec/sec=1.53603   ev/simsec=16329.1
     Messages:  created: 2239265   present: 1103   in FES: 120
** Event #2459904   t=195.318307482564   Elapsed: 104.402s (1m 44s)  39% completed  (69% total)
     Speed:     ev/sec=24367.4   simsec/sec=1.59912   ev/simsec=15238
     Messages:  created: 2290349   present: 1088   in FES: 126
** Event #2510336   t=198.01084913554   Elapsed: 106.407s (1m 46s)  39% completed  (69% total)
     Speed:     ev/sec=25146.7   simsec/sec=1.34257   ev/simsec=18730.3
     Messages:  created: 2347840   present: 1109   in FES: 122
** Event #2565376   t=201.048310623853   Elapsed: 108.409s (1m 48s)  40% completed  (70% total)
     Speed:     ev/sec=27500.7   simsec/sec=1.51767   ev/simsec=18120.4
     Messages:  created: 2406911   present: 1030   in FES: 97
** Event #2623744   t=204.319147515789   Elapsed: 110.412s (1m 50s)  40% completed  (70% total)
     Speed:     ev/sec=29133.3   simsec/sec=1.63258   ev/simsec=17845
     Messages:  created: 2469256   present: 1091   in FES: 127
** Event #2677504   t=207.020101057845   Elapsed: 112.417s (1m 52s)  41% completed  (70% total)
     Speed:     ev/sec=26822.4   simsec/sec=1.34758   ev/simsec=19904.1
     Messages:  created: 2530815   present: 1107   in FES: 120
** Event #2727680   t=210.002570157224   Elapsed: 114.42s (1m 54s)  42% completed  (71% total)
     Speed:     ev/sec=25040.5   simsec/sec=1.48841   ev/simsec=16823.6
     Messages:  created: 2585056   present: 1098   in FES: 121
** Event #2787840   t=213.165813891191   Elapsed: 116.425s (1m 56s)  42% completed  (71% total)
     Speed:     ev/sec=30005.8   simsec/sec=1.57772   ev/simsec=19018.5
     Messages:  created: 2648269   present: 1111   in FES: 152
** Event #2841600   t=216.414720318047   Elapsed: 118.435s (1m 58s)  43% completed  (71% total)
     Speed:     ev/sec=26755.6   simsec/sec=1.61694   ev/simsec=16547.1
     Messages:  created: 2704962   present: 1024   in FES: 97
** Event #2904320   t=219.523871736792   Elapsed: 120.439s (2m 00s)  43% completed  (71% total)
     Speed:     ev/sec=31298.5   simsec/sec=1.55153   ev/simsec=20172.7
     Messages:  created: 2772515   present: 1055   in FES: 115
** Event #2958336   t=222.379579794024   Elapsed: 122.442s (2m 02s)  44% completed  (72% total)
     Speed:     ev/sec=26965   simsec/sec=1.42558   ev/simsec=18915.1
     Messages:  created: 2830646   present: 1111   in FES: 126
** Event #3009792   t=225.044302581771   Elapsed: 124.453s (2m 04s)  45% completed  (72% total)
     Speed:     ev/sec=25583   simsec/sec=1.32485   ev/simsec=19310.1
     Messages:  created: 2887883   present: 1064   in FES: 109
** Event #3070720   t=228.213453090216   Elapsed: 126.462s (2m 06s)  45% completed  (72% total)
     Speed:     ev/sec=30333.3   simsec/sec=1.57778   ev/simsec=19225.3
     Messages:  created: 2952452   present: 1111   in FES: 140
** Event #3134464   t=231.963990634191   Elapsed: 128.466s (2m 08s)  46% completed  (73% total)
     Speed:     ev/sec=31802.1   simsec/sec=1.87116   ev/simsec=16996
     Messages:  created: 3021721   present: 1104   in FES: 150
** Event #3187968   t=235.058369831355   Elapsed: 130.477s (2m 10s)  47% completed  (73% total)
     Speed:     ev/sec=26611.7   simsec/sec=1.53908   ev/simsec=17290.7
     Messages:  created: 3077327   present: 1098   in FES: 128
** Event #3248896   t=238.82630491438   Elapsed: 132.487s (2m 12s)  47% completed  (73% total)
     Speed:     ev/sec=30301.8   simsec/sec=1.87394   ev/simsec=16170.1
     Messages:  created: 3140865   present: 1116   in FES: 126
** Event #3308288   t=242.204025826581   Elapsed: 134.499s (2m 14s)  48% completed  (74% total)
     Speed:     ev/sec=29520.5   simsec/sec=1.67888   ev/simsec=17583.5
     Messages:  created: 3202960   present: 1090   in FES: 127
** Event #3365888   t=245.519699414477   Elapsed: 136.501s (2m 16s)  49% completed  (74% total)
     Speed:     ev/sec=28775.5   simsec/sec=1.65642   ev/simsec=17372
     Messages:  created: 3264479   present: 1077   in FES: 122
** Event #3421440   t=249.159506135059   Elapsed: 138.506s (2m 18s)  49% completed  (74% total)
     Speed:     ev/sec=27702.7   simsec/sec=1.8151   ev/simsec=15262.3
     Messages:  created: 3323265   present: 1098   in FES: 121
** Event #3480320   t=253.077538370144   Elapsed: 140.509s (2m 20s)  50% completed  (75% total)
     Speed:     ev/sec=29394.8   simsec/sec=1.95601   ev/simsec=15028
     Messages:  created: 3386620   present: 1089   in FES: 113
** Event #3538944   t=257.044302140703   Elapsed: 142.513s (2m 22s)  51% completed  (75% total)
     Speed:     ev/sec=29254.3   simsec/sec=1.97948   ev/simsec=14778.8
     Messages:  created: 3449220   present: 1106   in FES: 123
** Event #3604992   t=261.068576487286   Elapsed: 144.516s (2m 24s)  52% completed  (76% total)
     Speed:     ev/sec=32982.3   simsec/sec=2.0096   ev/simsec=16412.4
     Messages:  created: 3520045   present: 1044   in FES: 101
** Event #3652096   t=264.027952240806   Elapsed: 146.524s (2m 26s)  52% completed  (76% total)
     Speed:     ev/sec=23455.2   simsec/sec=1.47361   ev/simsec=15916.9
     Messages:  created: 3570980   present: 1084   in FES: 111
** Event #3710976   t=267.51969784622   Elapsed: 148.524s (2m 28s)  53% completed  (76% total)
     Speed:     ev/sec=29436.1   simsec/sec=1.74564   ev/simsec=16862.6
     Messages:  created: 3633725   present: 1104   in FES: 128
** Event #3768576   t=271.097062528559   Elapsed: 150.529s (2m 30s)  54% completed  (77% total)
     Speed:     ev/sec=28737.4   simsec/sec=1.78479   ev/simsec=16101.2
     Messages:  created: 3695856   present: 1083   in FES: 114
** Event #3825920   t=275.010571914065   Elapsed: 152.531s (2m 32s)  55% completed  (77% total)
     Speed:     ev/sec=28643.6   simsec/sec=1.95482   ev/simsec=14652.8
     Messages:  created: 3757643   present: 1112   in FES: 123
** Event #3883264   t=278.44695275635   Elapsed: 154.531s (2m 34s)  55% completed  (77% total)
     Speed:     ev/sec=28669.7   simsec/sec=1.71806   ev/simsec=16687.3
     Messages:  created: 3817341   present: 1087   in FES: 126
** Event #3940864   t=282.158298750924   Elapsed: 156.534s (2m 36s)  56% completed  (78% total)
     Speed:     ev/sec=28752.2   simsec/sec=1.85259   ev/simsec=15520
     Messages:  created: 3877650   present: 1074   in FES: 113
** Event #4000000   t=286.004546069433   Elapsed: 158.539s (2m 38s)  57% completed  (78% total)
     Speed:     ev/sec=29503.3   simsec/sec=1.91892   ev/simsec=15375
     Messages:  created: 3941045   present: 1059   in FES: 108
** Event #4056576   t=289.415626510667   Elapsed: 160.54s (2m 40s)  57% completed  (78% total)
     Speed:     ev/sec=28270.8   simsec/sec=1.7045   ev/simsec=16585.9
     Messages:  created: 3999820   present: 1067   in FES: 108
** Event #4116480   t=293.316269560581   Elapsed: 162.548s (2m 42s)  58% completed  (79% total)
     Speed:     ev/sec=29821.8   simsec/sec=1.94185   ev/simsec=15357.5
     Messages:  created: 4063038   present: 1105   in FES: 124
** Event #4177152   t=297.210193708523   Elapsed: 164.549s (2m 44s)  59% completed  (79% total)
     Speed:     ev/sec=30332.9   simsec/sec=1.94676   ev/simsec=15581.2
     Messages:  created: 4127424   present: 1064   in FES: 109
** Event #4235008   t=301.062183867102   Elapsed: 166.551s (2m 46s)  60% completed  (80% total)
     Speed:     ev/sec=28892.3   simsec/sec=1.92362   ev/simsec=15019.8
     Messages:  created: 4189664   present: 1055   in FES: 104
** Event #4291072   t=304.769476678397   Elapsed: 168.552s (2m 48s)  60% completed  (80% total)
     Speed:     ev/sec=28018.6   simsec/sec=1.85276   ev/simsec=15122.6
     Messages:  created: 4249527   present: 1097   in FES: 126
** Event #4360192   t=309.213989789324   Elapsed: 170.553s (2m 50s)  61% completed  (80% total)
     Speed:     ev/sec=34541.1   simsec/sec=2.22104   ev/simsec=15551.8
     Messages:  created: 4322615   present: 1100   in FES: 143
** Event #4421120   t=313.172411293205   Elapsed: 172.559s (2m 52s)  62% completed  (81% total)
     Speed:     ev/sec=30374.8   simsec/sec=1.97341   ev/simsec=15392
     Messages:  created: 4388158   present: 1088   in FES: 115
** Event #4482816   t=317.296378073307   Elapsed: 174.561s (2m 54s)  63% completed  (81% total)
     Speed:     ev/sec=30814.6   simsec/sec=2.05975   ev/simsec=14960.4
     Messages:  created: 4453611   present: 1021   in FES: 95
** Event #4543232   t=321.299862438993   Elapsed: 176.569s (2m 56s)  64% completed  (82% total)
     Speed:     ev/sec=30084.4   simsec/sec=1.99355   ev/simsec=15090.9
     Messages:  created: 4517093   present: 1108   in FES: 125
** Event #4600576   t=325.18062830907   Elapsed: 178.571s (2m 58s)  65% completed  (82% total)
     Speed:     ev/sec=28655.9   simsec/sec=1.93929   ev/simsec=14776.5
     Messages:  created: 4577266   present: 1110   in FES: 126
** Event #4648960   t=328.316249494764   Elapsed: 180.572s (3m 00s)  65% completed  (82% total)
     Speed:     ev/sec=24172.3   simsec/sec=1.56653   ev/simsec=15430.4
     Messages:  created: 4629489   present: 1108   in FES: 125
** Event #4717056   t=333.071431724139   Elapsed: 182.575s (3m 02s)  66% completed  (83% total)
     Speed:     ev/sec=33994.3   simsec/sec=2.37384   ev/simsec=14320.4
     Messages:  created: 4702810   present: 1062   in FES: 107
** Event #4783104   t=337.430493091318   Elapsed: 184.585s (3m 04s)  67% completed  (83% total)
     Speed:     ev/sec=32867   simsec/sec=2.16917   ev/simsec=15151.9
     Messages:  created: 4774122   present: 1080   in FES: 128
** Event #4846336   t=341.680270904379   Elapsed: 186.588s (3m 06s)  68% completed  (84% total)
     Speed:     ev/sec=31575.2   simsec/sec=2.12215   ev/simsec=14878.9
     Messages:  created: 4842871   present: 1091   in FES: 126
** Event #4895744   t=345.077538023606   Elapsed: 188.593s (3m 08s)  69% completed  (84% total)
     Speed:     ev/sec=24635.3   simsec/sec=1.69391   ev/simsec=14543.5
     Messages:  created: 4895148   present: 1098   in FES: 117
** Event #4950784   t=349.051148082278   Elapsed: 190.594s (3m 10s)  69% completed  (84% total)
     Speed:     ev/sec=27501   simsec/sec=1.98543   ev/simsec=13851.4
     Messages:  created: 4953055   present: 1027   in FES: 96
** Event #5006336   t=353.024693360258   Elapsed: 192.602s (3m 12s)  70% completed  (85% total)
     Speed:     ev/sec=27668.9   simsec/sec=1.97911   ev/simsec=13980.5
     Messages:  created: 5010021   present: 1105   in FES: 118
** Event #5054720   t=356.3183088414   Elapsed: 194.61s (3m 14s)  71% completed  (85% total)
     Speed:     ev/sec=24102.6   simsec/sec=1.64072   ev/simsec=14690.2
     Messages:  created: 5057815   present: 1109   in FES: 126
** Event #5112064   t=360.519698001713   Elapsed: 196.629s (3m 16s)  72% completed  (86% total)
     Speed:     ev/sec=28393.9   simsec/sec=2.08032   ev/simsec=13648.8
     Messages:  created: 5114665   present: 1094   in FES: 127
** Event #5164288   t=364.29988731498   Elapsed: 198.636s (3m 18s)  72% completed  (86% total)
     Speed:     ev/sec=26022.2   simsec/sec=1.88359   ev/simsec=13815.2
     Messages:  created: 5166237   present: 1045   in FES: 104
** Event #5219072   t=368.242816019827   Elapsed: 200.646s (3m 20s)  73% completed  (86% total)
     Speed:     ev/sec=27253.4   simsec/sec=1.96149   ev/simsec=13894.2
     Messages:  created: 5220043   present: 1107   in FES: 124
** Event #5265152   t=371.568528848174   Elapsed: 202.649s (3m 22s)  74% completed  (87% total)
     Speed:     ev/sec=23005.4   simsec/sec=1.66036   ev/simsec=13855.7
     Messages:  created: 5264891   present: 1112   in FES: 128
** Event #5315584   t=375.062128215842   Elapsed: 204.651s (3m 24s)  75% completed  (87% total)
     Speed:     ev/sec=25190.5   simsec/sec=1.74503   ev/simsec=14435.5
     Messages:  created: 5314764   present: 1030   in FES: 97
** Event #5370624   t=379.041977423921   Elapsed: 206.651s (3m 26s)  75% completed  (87% total)
     Speed:     ev/sec=27520   simsec/sec=1.98992   ev/simsec=13829.7
     Messages:  created: 5368391   present: 1096   in FES: 126
** Event #5419776   t=382.243784279439   Elapsed: 208.664s (3m 28s)  76% completed  (88% total)
     Speed:     ev/sec=24423.6   simsec/sec=1.59098   ev/simsec=15351.3
     Messages:  created: 5415661   present: 1100   in FES: 121
** Event #5469696   t=385.769698954795   Elapsed: 210.667s (3m 30s)  77% completed  (88% total)
     Speed:     ev/sec=24921.8   simsec/sec=1.76026   ev/simsec=14158
     Messages:  created: 5465969   present: 1067   in FES: 126
** Event #5519104   t=389.055831868124   Elapsed: 212.679s (3m 32s)  77% completed  (88% total)
     Speed:     ev/sec=24554.6   simsec/sec=1.63313   ev/simsec=15035.3
     Messages:  created: 5514916   present: 1104   in FES: 126
** Event #5563648   t=392.027944577037   Elapsed: 214.684s (3m 34s)  78% completed  (89% total)
     Speed:     ev/sec=22215.8   simsec/sec=1.48231   ev/simsec=14987.3
     Messages:  created: 5559064   present: 1058   in FES: 103
** Event #5613056   t=395.082662008121   Elapsed: 216.7s (3m 36s)  79% completed  (89% total)
     Speed:     ev/sec=24504.9   simsec/sec=1.51505   ev/simsec=16174.3
     Messages:  created: 5607431   present: 1103   in FES: 120
** Event #5651456   t=397.441371538788   Elapsed: 218.704s (3m 38s)  79% completed  (89% total)
     Speed:     ev/sec=19163.4   simsec/sec=1.17711   ev/simsec=16280.1
     Messages:  created: 5645025   present: 1021   in FES: 95
** Event #5694464   t=400.210104289433   Elapsed: 220.712s (3m 40s)  80% completed  (90% total)
     Speed:     ev/sec=21419.8   simsec/sec=1.37895   ev/simsec=15533.5
     Messages:  created: 5686651   present: 1109   in FES: 126
** Event #5743360   t=403.299886651673   Elapsed: 222.721s (3m 42s)  80% completed  (90% total)
     Speed:     ev/sec=24336.2   simsec/sec=1.53783   ev/simsec=15825.1
     Messages:  created: 5734674   present: 1075   in FES: 113
** Event #5792512   t=406.242800319597   Elapsed: 224.733s (3m 44s)  81% completed  (90% total)
     Speed:     ev/sec=24434.5   simsec/sec=1.46299   ev/simsec=16701.8
     Messages:  created: 5783152   present: 1103   in FES: 122
** Event #5844480   t=409.492515557641   Elapsed: 226.735s (3m 46s)  81% completed  (90% total)
     Speed:     ev/sec=25953.5   simsec/sec=1.62295   ev/simsec=15991.6
     Messages:  created: 5834654   present: 1021   in FES: 95
** Event #5891584   t=412.42539847121   Elapsed: 228.736s (3m 48s)  82% completed  (91% total)
     Speed:     ev/sec=23547.6   simsec/sec=1.46617   ev/simsec=16060.6
     Messages:  created: 5882150   present: 1100   in FES: 126
** Event #5945088   t=416.02139877211   Elapsed: 230.743s (3m 50s)  83% completed  (91% total)
     Speed:     ev/sec=26658.2   simsec/sec=1.79169   ev/simsec=14878.8
     Messages:  created: 5937298   present: 1108   in FES: 152
** Event #5988864   t=418.779700287775   Elapsed: 232.75s (3m 52s)  83% completed  (91% total)
     Speed:     ev/sec=21808.3   simsec/sec=1.37413   ev/simsec=15870.6
     Messages:  created: 5981912   present: 1027   in FES: 96
** Event #6035456   t=421.430503975621   Elapsed: 234.759s (3m 54s)  84% completed  (92% total)
     Speed:     ev/sec=23187.6   simsec/sec=1.31923   ev/simsec=17576.6
     Messages:  created: 6030076   present: 1118   in FES: 146
** Event #6092800   t=425.299867483069   Elapsed: 236.767s (3m 56s)  85% completed  (92% total)
     Speed:     ev/sec=28560.2   simsec/sec=1.92714   ev/simsec=14820
     Messages:  created: 6089541   present: 1065   in FES: 110
** Event #6145024   t=429.041147582713   Elapsed: 238.768s (3m 58s)  85% completed  (92% total)
     Speed:     ev/sec=26099.4   simsec/sec=1.86974   ev/simsec=13958.9
     Messages:  created: 6144569   present: 1029   in FES: 98
** Event #6204416   t=433.058768095655   Elapsed: 240.769s (4m 00s)  86% completed  (93% total)
     Speed:     ev/sec=29682.7   simsec/sec=2.00791   ev/simsec=14782.9
     Messages:  created: 6207464   present: 1103   in FES: 126
** Event #6271232   t=437.4092288928   Elapsed: 242.77s (4m 02s)  87% completed  (93% total)
     Speed:     ev/sec=33390.5   simsec/sec=2.17409   ev/simsec=15358.4
     Messages:  created: 6278877   present: 1075   in FES: 114
** Event #6331648   t=441.430271547233   Elapsed: 244.771s (4m 04s)  88% completed  (94% total)
     Speed:     ev/sec=30195   simsec/sec=2.00966   ev/simsec=15025
     Messages:  created: 6344045   present: 1117   in FES: 126
** Event #6387200   t=445.172313745118   Elapsed: 246.775s (4m 06s)  89% completed  (94% total)
     Speed:     ev/sec=27714.3   simsec/sec=1.86687   ev/simsec=14845.4
     Messages:  created: 6404324   present: 1096   in FES: 127
** Event #6450432   t=448.172394899005   Elapsed: 248.778s (4m 08s)  89% completed  (94% total)
     Speed:     ev/sec=31572.4   simsec/sec=1.49797   ev/simsec=21076.8
     Messages:  created: 6477195   present: 1118   in FES: 123
** Event #6507008   t=451.269476585061   Elapsed: 250.782s (4m 10s)  90% completed  (95% total)
     Speed:     ev/sec=28238   simsec/sec=1.5458   ev/simsec=18267.5
     Messages:  created: 6540560   present: 1099   in FES: 126
** Event #6563840   t=455.019743715535   Elapsed: 252.784s (4m 12s)  91% completed  (95% total)
     Speed:     ev/sec=28387.1   simsec/sec=1.87322   ev/simsec=15154.1
     Messages:  created: 6603739   present: 1047   in FES: 101
** Event #6617088   t=458.358926131859   Elapsed: 254.788s (4m 14s)  91% completed  (95% total)
     Speed:     ev/sec=26567.8   simsec/sec=1.66607   ev/simsec=15946.4
     Messages:  created: 6660254   present: 1103   in FES: 126
** Event #6677504   t=462.194832252602   Elapsed: 256.792s (4m 16s)  92% completed  (96% total)
     Speed:     ev/sec=30138.8   simsec/sec=1.91356   ev/simsec=15750.1
     Messages:  created: 6724474   present: 1028   in FES: 97
** Event #6725888   t=465.362578403745   Elapsed: 258.793s (4m 18s)  93% completed  (96% total)
     Speed:     ev/sec=24180.7   simsec/sec=1.58313   ev/simsec=15274
     Messages:  created: 6774343   present: 1058   in FES: 107
** Event #6772736   t=468.409228470451   Elapsed: 260.795s (4m 20s)  93% completed  (96% total)
     Speed:     ev/sec=23410.4   simsec/sec=1.52244   ev/simsec=15376.9
     Messages:  created: 6822568   present: 1102   in FES: 123
** Event #6819840   t=471.414986889951   Elapsed: 262.8s (4m 22s)  94% completed  (97% total)
     Speed:     ev/sec=23492.3   simsec/sec=1.49907   ev/simsec=15671.3
     Messages:  created: 6871052   present: 1026   in FES: 111
** Event #6878208   t=475.35902746965   Elapsed: 264.801s (4m 24s)  95% completed  (97% total)
     Speed:     ev/sec=29161.6   simsec/sec=1.9705   ev/simsec=14799
     Messages:  created: 6930205   present: 1074   in FES: 113
** Event #6925312   t=478.568530887471   Elapsed: 266.804s (4m 26s)  95% completed  (97% total)
     Speed:     ev/sec=23520.4   simsec/sec=1.6026   ev/simsec=14676.4
     Messages:  created: 6977610   present: 1065   in FES: 122
** Event #6969088   t=481.362578017255   Elapsed: 268.805s (4m 28s)  96% completed  (98% total)
     Speed:     ev/sec=21873.7   simsec/sec=1.39611   ev/simsec=15667.6
     Messages:  created: 7021928   present: 1075   in FES: 112
** Event #7021056   t=484.519741973359   Elapsed: 270.817s (4m 30s)  96% completed  (98% total)
     Speed:     ev/sec=25826.8   simsec/sec=1.56903   ev/simsec=16460.3
     Messages:  created: 7075927   present: 1111   in FES: 143
** Event #7068928   t=487.425398594908   Elapsed: 272.833s (4m 32s)  97% completed  (98% total)
     Speed:     ev/sec=23755.1   simsec/sec=1.44185   ev/simsec=16475.4
     Messages:  created: 7124695   present: 1097   in FES: 126
** Event #7112192   t=490.086455959475   Elapsed: 274.835s (4m 34s)  98% completed  (99% total)
     Speed:     ev/sec=21608.5   simsec/sec=1.32908   ev/simsec=16258.2
     Messages:  created: 7167867   present: 1058   in FES: 103
** Event #7165440   t=493.359047453005   Elapsed: 276.845s (4m 36s)  98% completed  (99% total)
     Speed:     ev/sec=26489.3   simsec/sec=1.62802   ev/simsec=16270.9
     Messages:  created: 7221037   present: 1080   in FES: 115
** Event #7214592   t=496.463221129206   Elapsed: 278.846s (4m 38s)  99% completed  (99% total)
     Speed:     ev/sec=24568.2   simsec/sec=1.5516   ev/simsec=15834.2
     Messages:  created: 7268795   present: 1105   in FES: 126
** Event #7258112   t=499.240006290904   Elapsed: 280.848s (4m 40s)  99% completed  (99% total)
     Speed:     ev/sec=21730.9   simsec/sec=1.38654   ev/simsec=15672.8
     Messages:  created: 7311150   present: 1054   in FES: 107
** Event #7265057   t=500   Elapsed: 281.247s (4m 41s)  100% completed  (100% total)
     Speed:     ev/sec=17423.8   simsec/sec=1.9035   ev/simsec=9153.58
     Messages:  created: 7318745   present: 1021   in FES: 95

<!> Simulation time limit reached -- at t=500s, event #7265057
undisposed object: (omnetpp::cMessage) FanetStressNetwork.uav[0].app.debugTimer -- check module destructor
undisposed object: (omnetpp::cMessage) FanetStressNetwork.uav[1].app.debugTimer -- check module destructor
undisposed object: (omnetpp::cMessage) FanetStressNetwork.uav[2].app.debugTimer -- check module destructor
undisposed object: (omnetpp::cMessage) FanetStressNetwork.uav[3].app.debugTimer -- check module destructor
undisposed object: (omnetpp::cMessage) FanetStressNetwork.uav[4].app.debugTimer -- check module destructor
undisposed object: (omnetpp::cMessage) FanetStressNetwork.uav[5].app.debugTimer -- check module destructor
undisposed object: (omnetpp::cMessage) FanetStressNetwork.uav[6].app.debugTimer -- check module destructor
undisposed object: (omnetpp::cMessage) FanetStressNetwork.uav[7].app.debugTimer -- check module destructor
undisposed object: (omnetpp::cMessage) FanetStressNetwork.uav[8].app.debugTimer -- check module destructor
undisposed object: (omnetpp::cMessage) FanetStressNetwork.uav[9].app.debugTimer -- check module destructor
undisposed object: (omnetpp::cMessage) FanetStressNetwork.uav[10].app.debugTimer -- check module destructor
undisposed object: (omnetpp::cMessage) FanetStressNetwork.uav[11].app.debugTimer -- check module destructor
undisposed object: (omnetpp::cMessage) FanetStressNetwork.uav[12].app.debugTimer -- check module destructor
undisposed object: (omnetpp::cMessage) FanetStressNetwork.uav[13].app.debugTimer -- check module destructor
undisposed object: (omnetpp::cMessage) FanetStressNetwork.uav[14].app.debugTimer -- check module destructor
undisposed object: (omnetpp::cMessage) FanetStressNetwork.uav[15].app.debugTimer -- check module destructor
undisposed object: (omnetpp::cMessage) FanetStressNetwork.uav[16].app.debugTimer -- check module destructor
undisposed object: (omnetpp::cMessage) FanetStressNetwork.uav[17].app.debugTimer -- check module destructor
undisposed object: (omnetpp::cMessage) FanetStressNetwork.uav[18].app.debugTimer -- check module destructor
undisposed object: (omnetpp::cMessage) FanetStressNetwork.uav[19].app.debugTimer -- check module destructor
undisposed object: (omnetpp::cMessage) FanetStressNetwork.uav[20].app.debugTimer -- check module destructor
undisposed object: (omnetpp::cMessage) FanetStressNetwork.uav[21].app.debugTimer -- check module destructor
undisposed object: (omnetpp::cMessage) FanetStressNetwork.uav[22].app.debugTimer -- check module destructor
undisposed object: (omnetpp::cMessage) FanetStressNetwork.uav[23].app.debugTimer -- check module destructor
undisposed object: (omnetpp::cMessage) FanetStressNetwork.uav[24].app.debugTimer -- check module destructor
undisposed object: (omnetpp::cMessage) FanetStressNetwork.uav[25].app.debugTimer -- check module destructor
undisposed object: (omnetpp::cMessage) FanetStressNetwork.uav[26].app.debugTimer -- check module destructor
undisposed object: (omnetpp::cMessage) FanetStressNetwork.uav[27].app.debugTimer -- check module destructor
undisposed object: (omnetpp::cMessage) FanetStressNetwork.uav[28].app.debugTimer -- check module destructor
undisposed object: (omnetpp::cMessage) FanetStressNetwork.uav[29].app.debugTimer -- check module destructor
