** Event #0   t=0   Elapsed: 2.1e-05s (0m 00s)  0% completed  (0% total)
     Speed:     ev/sec=0   simsec/sec=0   ev/simsec=0
     Messages:  created: 1081   present: 1081   in FES: 161
** Event #40704   t=5.044864514915   Elapsed: 2.01096s (0m 02s)  1% completed  (0% total)
     Speed:     ev/sec=20241.8   simsec/sec=2.50871   ev/simsec=8068.6
     Messages:  created: 33501   present: 1099   in FES: 126
** Event #73216   t=8.342787368545   Elapsed: 4.01324s (0m 04s)  1% completed  (0% total)
     Speed:     ev/sec=16237.4   simsec/sec=1.64707   ev/simsec=9858.33
     Messages:  created: 59958   present: 1067   in FES: 110
** Event #108544   t=12.256793711801   Elapsed: 6.02978s (0m 06s)  2% completed  (1% total)
     Speed:     ev/sec=17519.2   simsec/sec=1.94096   ev/simsec=9026.05
     Messages:  created: 88700   present: 1078   in FES: 113
** Event #141824   t=16.044833873136   Elapsed: 8.0336s (0m 08s)  3% completed  (1% total)
     Speed:     ev/sec=16608.3   simsec/sec=1.89041   ev/simsec=8785.55
     Messages:  created: 115535   present: 1103   in FES: 122
** Event #174336   t=19.308990089246   Elapsed: 10.0388s (0m 10s)  3% completed  (1% total)
     Speed:     ev/sec=16213.5   simsec/sec=1.62781   ev/simsec=9960.31
     Messages:  created: 141795   present: 1103   in FES: 122
** Event #208896   t=23.146041167368   Elapsed: 12.0529s (0m 12s)  4% completed  (2% total)
     Speed:     ev/sec=17159.4   simsec/sec=1.90513   ev/simsec=9006.92
     Messages:  created: 170042   present: 1078   in FES: 115
** Event #245248   t=27.186761358064   Elapsed: 14.0619s (0m 14s)  5% completed  (2% total)
     Speed:     ev/sec=18094.1   simsec/sec=2.01126   ev/simsec=8996.42
     Messages:  created: 199765   present: 1090   in FES: 119
** Event #278528   t=31.044721677329   Elapsed: 16.0651s (0m 16s)  6% completed  (3% total)
     Speed:     ev/sec=16614.2   simsec/sec=1.92599   ev/simsec=8626.32
     Messages:  created: 226912   present: 1112   in FES: 126
** Event #311808   t=34.4064173404   Elapsed: 18.0766s (0m 18s)  6% completed  (3% total)
     Speed:     ev/sec=16544.8   simsec/sec=1.67123   ev/simsec=9899.77
     Messages:  created: 254054   present: 1080   in FES: 115
** Event #346624   t=38.308883491787   Elapsed: 20.0804s (0m 20s)  7% completed  (3% total)
     Speed:     ev/sec=17374.3   simsec/sec=1.94746   ev/simsec=8921.54
     Messages:  created: 282451   present: 1026   in FES: 97
** Event #381696   t=42.271272183978   Elapsed: 22.1016s (0m 22s)  8% completed  (4% total)
     Speed:     ev/sec=17352.8   simsec/sec=1.96049   ev/simsec=8851.23
     Messages:  created: 311410   present: 1022   in FES: 96
** Event #417024   t=46.306346427188   Elapsed: 24.1101s (0m 24s)  9% completed  (4% total)
     Speed:     ev/sec=17589.2   simsec/sec=2.009   ev/simsec=8755.23
     Messages:  created: 340860   present: 1092   in FES: 119
** Event #452352   t=50.271379207204   Elapsed: 26.1243s (0m 26s)  10% completed  (5% total)
     Speed:     ev/sec=17539.5   simsec/sec=1.96855   ev/simsec=8909.89
     Messages:  created: 369984   present: 1078   in FES: 115
** Event #487680   t=54.25619535858   Elapsed: 28.1417s (0m 28s)  10% completed  (5% total)
     Speed:     ev/sec=17511.1   simsec/sec=1.97517   ev/simsec=8865.65
     Messages:  created: 399039   present: 1080   in FES: 115
** Event #523264   t=58.221031810675   Elapsed: 30.1422s (0m 30s)  11% completed  (5% total)
     Speed:     ev/sec=17787.3   simsec/sec=1.9819   ev/simsec=8974.9
     Messages:  created: 428267   present: 1080   in FES: 115
** Event #559104   t=62.260825291867   Elapsed: 32.1435s (0m 32s)  12% completed  (6% total)
     Speed:     ev/sec=17908.5   simsec/sec=2.0186   ev/simsec=8871.74
     Messages:  created: 457974   present: 1104   in FES: 126
** Event #597248   t=67.01320069456   Elapsed: 34.1499s (0m 34s)  13% completed  (6% total)
     Speed:     ev/sec=19011.4   simsec/sec=2.36864   ev/simsec=8026.3
     Messages:  created: 489825   present: 1099   in FES: 120
** Event #633856   t=71.04435653629   Elapsed: 36.1538s (0m 36s)  14% completed  (7% total)
     Speed:     ev/sec=18268.2   simsec/sec=2.01163   ev/simsec=9081.27
     Messages:  created: 520235   present: 1097   in FES: 120
** Event #670208   t=75.071381336441   Elapsed: 38.1548s (0m 38s)  15% completed  (7% total)
     Speed:     ev/sec=18166.6   simsec/sec=2.01247   ev/simsec=9027.01
     Messages:  created: 550348   present: 1100   in FES: 121
** Event #706560   t=79.099138763617   Elapsed: 40.1609s (0m 40s)  15% completed  (7% total)
     Speed:     ev/sec=18121.2   simsec/sec=2.00781   ev/simsec=9025.37
     Messages:  created: 580648   present: 1068   in FES: 111
** Event #743424   t=83.454325577544   Elapsed: 42.1687s (0m 42s)  16% completed  (8% total)
     Speed:     ev/sec=18360.1   simsec/sec=2.1691   ev/simsec=8464.39
     Messages:  created: 611959   present: 1091   in FES: 126
** Event #785408   t=88.942618671973   Elapsed: 44.1748s (0m 44s)  17% completed  (8% total)
     Speed:     ev/sec=20928.2   simsec/sec=2.7358   ev/simsec=7649.74
     Messages:  created: 647723   present: 1021   in FES: 95
** Event #828160   t=94.044301494607   Elapsed: 46.1811s (0m 46s)  18% completed  (9% total)
     Speed:     ev/sec=21309.2   simsec/sec=2.54287   ev/simsec=8379.98
     Messages:  created: 684817   present: 1026   in FES: 97
** Event #872192   t=99.300593967564   Elapsed: 48.1881s (0m 48s)  19% completed  (9% total)
     Speed:     ev/sec=21939   simsec/sec=2.61896   ev/simsec=8377.01
     Messages:  created: 723195   present: 1108   in FES: 125
** Event #922368   t=103.07097512517   Elapsed: 50.1888s (0m 50s)  20% completed  (10% total)
     Speed:     ev/sec=25079.8   simsec/sec=1.88457   ev/simsec=13307.9
     Messages:  created: 776747   present: 1109   in FES: 124
** Event #972544   t=106.148647037287   Elapsed: 52.189s (0m 52s)  21% completed  (10% total)
     Speed:     ev/sec=25085.6   simsec/sec=1.53869   ev/simsec=16303.2
     Messages:  created: 831940   present: 1023   in FES: 96
** Event #1026048   t=109.409887843457   Elapsed: 54.2023s (0m 54s)  21% completed  (10% total)
     Speed:     ev/sec=26574.3   simsec/sec=1.61979   ev/simsec=16406
     Messages:  created: 891594   present: 1025   in FES: 96
** Event #1072896   t=112.298984775304   Elapsed: 56.2124s (0m 56s)  22% completed  (11% total)
     Speed:     ev/sec=23307.2   simsec/sec=1.43734   ev/simsec=16215.4
     Messages:  created: 943619   present: 1063   in FES: 128
** Event #1113600   t=115.013200657396   Elapsed: 58.2128s (0m 58s)  23% completed  (11% total)
     Speed:     ev/sec=20347.5   simsec/sec=1.35681   ev/simsec=14996.6
     Messages:  created: 988543   present: 1114   in FES: 125
** Event #1157376   t=117.63455385591   Elapsed: 60.2147s (1m 00s)  23% completed  (11% total)
     Speed:     ev/sec=21866.8   simsec/sec=1.30941   ev/simsec=16699.8
     Messages:  created: 1035719   present: 1099   in FES: 120
** Event #1205248   t=120.771391432475   Elapsed: 62.2195s (1m 02s)  24% completed  (12% total)
     Speed:     ev/sec=23879.5   simsec/sec=1.56472   ev/simsec=15261.2
     Messages:  created: 1087537   present: 1094   in FES: 126
** Event #1248000   t=123.384348060057   Elapsed: 64.2298s (1m 04s)  24% completed  (12% total)
     Speed:     ev/sec=21265.7   simsec/sec=1.29973   ev/simsec=16361.5
     Messages:  created: 1132580   present: 1093   in FES: 127
** Event #1294080   t=126.357289799221   Elapsed: 66.2351s (1m 06s)  25% completed  (12% total)
     Speed:     ev/sec=22979.8   simsec/sec=1.48258   ev/simsec=15499.8
     Messages:  created: 1180998   present: 1100   in FES: 126
** Event #1336064   t=129.134432795613   Elapsed: 68.4046s (1m 08s)  25% completed  (12% total)
     Speed:     ev/sec=19352.2   simsec/sec=1.2801   ev/simsec=15117.7
     Messages:  created: 1225030   present: 1118   in FES: 135
** Event #1379584   t=132.026415205548   Elapsed: 70.4073s (1m 10s)  26% completed  (13% total)
     Speed:     ev/sec=21730   simsec/sec=1.444   ev/simsec=15048.5
     Messages:  created: 1271465   present: 1108   in FES: 120
** Event #1422080   t=134.325289401346   Elapsed: 72.4287s (1m 12s)  26% completed  (13% total)
     Speed:     ev/sec=21023.7   simsec/sec=1.1373   ev/simsec=18485.6
     Messages:  created: 1316211   present: 1102   in FES: 123
** Event #1462528   t=137.054142709138   Elapsed: 74.4362s (1m 14s)  27% completed  (13% total)
     Speed:     ev/sec=20148.2   simsec/sec=1.35931   ev/simsec=14822.3
     Messages:  created: 1358834   present: 1113   in FES: 124
** Event #1501696   t=139.494812805846   Elapsed: 76.438s (1m 16s)  27% completed  (13% total)
     Speed:     ev/sec=19565.8   simsec/sec=1.2192   ev/simsec=16048.1
     Messages:  created: 1399332   present: 1099   in FES: 127
** Event #1545216   t=142.186670910876   Elapsed: 78.4384s (1m 18s)  28% completed  (14% total)
     Speed:     ev/sec=21756.1   simsec/sec=1.34569   ev/simsec=16167.3
     Messages:  created: 1445885   present: 1086   in FES: 126
** Event #1581568   t=144.342681349169   Elapsed: 80.4437s (1m 20s)  28% completed  (14% total)
     Speed:     ev/sec=18128.3   simsec/sec=1.07518   ev/simsec=16860.8
     Messages:  created: 1484948   present: 1099   in FES: 126
** Event #1626112   t=147.010595742913   Elapsed: 82.445s (1m 22s)  29% completed  (14% total)
     Speed:     ev/sec=22256.8   simsec/sec=1.33305   ev/simsec=16696.2
     Messages:  created: 1534289   present: 1078   in FES: 111
** Event #1671168   t=149.288039203458   Elapsed: 84.451s (1m 24s)  29% completed  (14% total)
     Speed:     ev/sec=22461.2   simsec/sec=1.13535   ev/simsec=19783.6
     Messages:  created: 1583069   present: 1117   in FES: 126
** Event #1718784   t=152.041952544916   Elapsed: 86.4547s (1m 26s)  30% completed  (15% total)
     Speed:     ev/sec=23763.4   simsec/sec=1.37438   ev/simsec=17290.3
     Messages:  created: 1635497   present: 1094   in FES: 126
** Event #1764864   t=154.383916133004   Elapsed: 88.4583s (1m 28s)  30% completed  (15% total)
     Speed:     ev/sec=22999.1   simsec/sec=1.1689   ev/simsec=19675.8
     Messages:  created: 1684885   present: 1116   in FES: 127
** Event #1807104   t=157.256179341993   Elapsed: 90.4794s (1m 30s)  31% completed  (15% total)
     Speed:     ev/sec=20899.3   simsec/sec=1.42113   ev/simsec=14706.2
     Messages:  created: 1728314   present: 1095   in FES: 120
** Event #1846784   t=160.054142613159   Elapsed: 92.4847s (1m 32s)  32% completed  (16% total)
     Speed:     ev/sec=19788   simsec/sec=1.39532   ev/simsec=14181.7
     Messages:  created: 1769010   present: 1110   in FES: 123
** Event #1885184   t=162.634369016661   Elapsed: 94.4878s (1m 34s)  32% completed  (16% total)
     Speed:     ev/sec=19170.2   simsec/sec=1.28811   ev/simsec=14882.4
     Messages:  created: 1807617   present: 1068   in FES: 127
** Event #1924864   t=165.269031502257   Elapsed: 96.508s (1m 36s)  33% completed  (16% total)
     Speed:     ev/sec=19641.2   simsec/sec=1.30413   ev/simsec=15060.8
     Messages:  created: 1847542   present: 1023   in FES: 96
** Event #1964544   t=168.002065197012   Elapsed: 98.5114s (1m 38s)  33% completed  (16% total)
     Speed:     ev/sec=19806.3   simsec/sec=1.36419   ev/simsec=14518.7
     Messages:  created: 1888993   present: 1096   in FES: 119
** Event #2004480   t=170.308978524144   Elapsed: 100.516s (1m 40s)  34% completed  (17% total)
     Speed:     ev/sec=19917.9   simsec/sec=1.15056   ev/simsec=17311.4
     Messages:  created: 1929311   present: 1095   in FES: 118
** Event #2045952   t=173.220918379794   Elapsed: 102.52s (1m 42s)  34% completed  (17% total)
     Speed:     ev/sec=20697.3   simsec/sec=1.45326   ev/simsec=14242.1
     Messages:  created: 1971042   present: 1105   in FES: 126
** Event #2078208   t=175.34279603105   Elapsed: 104.544s (1m 44s)  35% completed  (17% total)
     Speed:     ev/sec=15934.8   simsec/sec=1.04823   ev/simsec=15201.6
     Messages:  created: 2003526   present: 1031   in FES: 98
** Event #2117632   t=178.081715530817   Elapsed: 106.546s (1m 46s)  35% completed  (17% total)
     Speed:     ev/sec=19692.2   simsec/sec=1.36809   ev/simsec=14394
     Messages:  created: 2043528   present: 1090   in FES: 117
** Event #2159104   t=181.028412165713   Elapsed: 108.555s (1m 48s)  36% completed  (18% total)
     Speed:     ev/sec=20647.5   simsec/sec=1.46706   ev/simsec=14074.1
     Messages:  created: 2085767   present: 1117   in FES: 122
** Event #2195712   t=183.337150247551   Elapsed: 110.574s (1m 50s)  36% completed  (18% total)
     Speed:     ev/sec=18128.7   simsec/sec=1.14331   ev/simsec=15856.3
     Messages:  created: 2122199   present: 1093   in FES: 120
** Event #2233600   t=186.044285410477   Elapsed: 112.594s (1m 52s)  37% completed  (18% total)
     Speed:     ev/sec=18758.4   simsec/sec=1.34031   ev/simsec=13995.6
     Messages:  created: 2160630   present: 1053   in FES: 106
** Event #2269696   t=188.325305466529   Elapsed: 114.6s (1m 54s)  37% completed  (18% total)
     Speed:     ev/sec=17998.5   simsec/sec=1.13738   ev/simsec=15824.5
     Messages:  created: 2196676   present: 1090   in FES: 119
** Event #2300416   t=190.383871431126   Elapsed: 116.602s (1m 56s)  38% completed  (19% total)
     Speed:     ev/sec=15345.2   simsec/sec=1.02829   ev/simsec=14923
     Messages:  created: 2227435   present: 1084   in FES: 128
** Event #2337792   t=193.048763162783   Elapsed: 118.607s (1m 58s)  38% completed  (19% total)
     Speed:     ev/sec=18640.2   simsec/sec=1.32904   ev/simsec=14025.3
     Messages:  created: 2265485   present: 1110   in FES: 126
** Event #2374400   t=195.337137349851   Elapsed: 120.611s (2m 00s)  39% completed  (19% total)
     Speed:     ev/sec=18264.2   simsec/sec=1.1417   ev/simsec=15997.4
     Messages:  created: 2301783   present: 1107   in FES: 124
** Event #2412800   t=198.022166147501   Elapsed: 122.613s (2m 02s)  39% completed  (19% total)
     Speed:     ev/sec=19180.3   simsec/sec=1.34114   ev/simsec=14301.5
     Messages:  created: 2340752   present: 1100   in FES: 117
** Event #2449920   t=200.244857093862   Elapsed: 124.614s (2m 04s)  40% completed  (20% total)
     Speed:     ev/sec=18553.3   simsec/sec=1.11094   ev/simsec=16700.5
     Messages:  created: 2377249   present: 1114   in FES: 129
** Event #2484224   t=202.454428026195   Elapsed: 126.636s (2m 06s)  40% completed  (20% total)
     Speed:     ev/sec=16962.5   simsec/sec=1.09258   ev/simsec=15525.2
     Messages:  created: 2411148   present: 1069   in FES: 112
** Event #2524416   t=205.161576153964   Elapsed: 128.657s (2m 08s)  41% completed  (20% total)
     Speed:     ev/sec=19884.9   simsec/sec=1.33935   ev/simsec=14846.6
     Messages:  created: 2451465   present: 1021   in FES: 95
** Event #2555136   t=207.264558737079   Elapsed: 130.66s (2m 10s)  41% completed  (20% total)
     Speed:     ev/sec=15341.4   simsec/sec=1.05022   ev/simsec=14607.8
     Messages:  created: 2482300   present: 1027   in FES: 96
** Event #2593792   t=210.022355218809   Elapsed: 132.667s (2m 12s)  42% completed  (21% total)
     Speed:     ev/sec=19263.1   simsec/sec=1.37427   ev/simsec=14017
     Messages:  created: 2521997   present: 1092   in FES: 113
** Event #2630912   t=212.337150715392   Elapsed: 134.678s (2m 14s)  42% completed  (21% total)
     Speed:     ev/sec=18451.2   simsec/sec=1.15061   ev/simsec=16036
     Messages:  created: 2558816   present: 1068   in FES: 111
** Event #2671360   t=215.256202366981   Elapsed: 136.694s (2m 16s)  43% completed  (21% total)
     Speed:     ev/sec=20071.5   simsec/sec=1.44852   ev/simsec=13856.6
     Messages:  created: 2598939   present: 1109   in FES: 124
** Event #2714880   t=218.249360926584   Elapsed: 138.702s (2m 18s)  43% completed  (21% total)
     Speed:     ev/sec=21667.9   simsec/sec=1.49025   ev/simsec=14539.8
     Messages:  created: 2642238   present: 1067   in FES: 110
** Event #2753536   t=221.077928317202   Elapsed: 140.703s (2m 20s)  44% completed  (22% total)
     Speed:     ev/sec=19322.2   simsec/sec=1.41386   ev/simsec=13666.3
     Messages:  created: 2680676   present: 1079   in FES: 112
** Event #2788608   t=223.5490292472   Elapsed: 142.703s (2m 22s)  44% completed  (22% total)
     Speed:     ev/sec=17534.4   simsec/sec=1.23544   ev/simsec=14192.9
     Messages:  created: 2715064   present: 1044   in FES: 103
** Event #2829312   t=226.342803159618   Elapsed: 144.723s (2m 24s)  45% completed  (22% total)
     Speed:     ev/sec=20150.2   simsec/sec=1.38303   ev/simsec=14569.5
     Messages:  created: 2755629   present: 1062   in FES: 109
** Event #2867456   t=229.044810002095   Elapsed: 146.729s (2m 26s)  45% completed  (22% total)
     Speed:     ev/sec=19012.7   simsec/sec=1.3468   ev/simsec=14116.9
     Messages:  created: 2794700   present: 1093   in FES: 118
** Event #2905856   t=231.325294236584   Elapsed: 148.749s (2m 28s)  46% completed  (23% total)
     Speed:     ev/sec=19007.3   simsec/sec=1.1288   ev/simsec=16838.5
     Messages:  created: 2834379   present: 1063   in FES: 110
** Event #2946816   t=234.054143256822   Elapsed: 150.75s (2m 30s)  46% completed  (23% total)
     Speed:     ev/sec=20469.7   simsec/sec=1.36374   ev/simsec=15010
     Messages:  created: 2877544   present: 1089   in FES: 116
** Event #2986240   t=236.406383402873   Elapsed: 152.76s (2m 32s)  47% completed  (23% total)
     Speed:     ev/sec=19617.4   simsec/sec=1.17047   ev/simsec=16760.2
     Messages:  created: 2918077   present: 1031   in FES: 98
** Event #3024640   t=239.022827549382   Elapsed: 154.905s (2m 34s)  47% completed  (23% total)
     Speed:     ev/sec=17902.2   simsec/sec=1.2198   ev/simsec=14676.4
     Messages:  created: 2959086   present: 1121   in FES: 124
** Event #3063552   t=241.272643401934   Elapsed: 156.912s (2m 36s)  48% completed  (24% total)
     Speed:     ev/sec=19390.9   simsec/sec=1.12114   ev/simsec=17295.6
     Messages:  created: 2999130   present: 1173   in FES: 144
** Event #3102464   t=243.915655941181   Elapsed: 158.913s (2m 38s)  48% completed  (24% total)
     Speed:     ev/sec=19447.3   simsec/sec=1.32091   ev/simsec=14722.6
     Messages:  created: 3040282   present: 1069   in FES: 125
** Event #3142144   t=246.256651979585   Elapsed: 160.933s (2m 40s)  49% completed  (24% total)
     Speed:     ev/sec=19640.3   simsec/sec=1.15872   ev/simsec=16950.1
     Messages:  created: 3080328   present: 1109   in FES: 124
** Event #3178496   t=249.003116295072   Elapsed: 162.947s (2m 42s)  49% completed  (24% total)
     Speed:     ev/sec=18051.9   simsec/sec=1.36385   ev/simsec=13235.9
     Messages:  created: 3117475   present: 1102   in FES: 119
** Event #3217664   t=251.342795092613   Elapsed: 164.957s (2m 44s)  50% completed  (25% total)
     Speed:     ev/sec=19485.9   simsec/sec=1.16398   ev/simsec=16740.8
     Messages:  created: 3156378   present: 1062   in FES: 109
** Event #3256320   t=254.048984815418   Elapsed: 166.961s (2m 46s)  50% completed  (25% total)
     Speed:     ev/sec=19289   simsec/sec=1.35036   ev/simsec=14284.3
     Messages:  created: 3196391   present: 1064   in FES: 127
** Event #3290624   t=256.18678160749   Elapsed: 168.972s (2m 48s)  51% completed  (25% total)
     Speed:     ev/sec=17060.3   simsec/sec=1.06318   ev/simsec=16046.4
     Messages:  created: 3231187   present: 1069   in FES: 112
** Event #3329536   t=258.771921064098   Elapsed: 170.976s (2m 50s)  51% completed  (25% total)
     Speed:     ev/sec=19412.8   simsec/sec=1.2897   ev/simsec=15052.2
     Messages:  created: 3271832   present: 1092   in FES: 127
** Event #3368704   t=261.244859832377   Elapsed: 172.986s (2m 52s)  52% completed  (26% total)
     Speed:     ev/sec=19482.3   simsec/sec=1.23005   ev/simsec=15838.6
     Messages:  created: 3311265   present: 1032   in FES: 99
** Event #3405568   t=263.476696671918   Elapsed: 174.995s (2m 54s)  52% completed  (26% total)
     Speed:     ev/sec=18357.9   simsec/sec=1.11143   ev/simsec=16517.3
     Messages:  created: 3349578   present: 1083   in FES: 126
** Event #3447296   t=266.048761647695   Elapsed: 176.995s (2m 56s)  53% completed  (26% total)
     Speed:     ev/sec=20854.4   simsec/sec=1.28544   ev/simsec=16223.5
     Messages:  created: 3394214   present: 1090   in FES: 126
** Event #3485696   t=268.186781974586   Elapsed: 179.009s (2m 59s)  53% completed  (26% total)
     Speed:     ev/sec=19075.1   simsec/sec=1.06206   ev/simsec=17960.5
     Messages:  created: 3434273   present: 1051   in FES: 106
** Event #3523072   t=270.309003008057   Elapsed: 181.028s (3m 01s)  54% completed  (27% total)
     Speed:     ev/sec=18509.9   simsec/sec=1.051   ev/simsec=17611.7
     Messages:  created: 3473734   present: 1048   in FES: 103
** Event #3558400   t=272.383871424957   Elapsed: 183.03s (3m 03s)  54% completed  (27% total)
     Speed:     ev/sec=17641.9   simsec/sec=1.03614   ev/simsec=17026.6
     Messages:  created: 3510514   present: 1083   in FES: 127
** Event #3601152   t=275.049030192612   Elapsed: 185.038s (3m 05s)  55% completed  (27% total)
     Speed:     ev/sec=21291.1   simsec/sec=1.32729   ev/simsec=16041.1
     Messages:  created: 3555673   present: 1050   in FES: 103
** Event #3638784   t=277.337173087717   Elapsed: 187.055s (3m 07s)  55% completed  (27% total)
     Speed:     ev/sec=18660   simsec/sec=1.13459   ev/simsec=16446.5
     Messages:  created: 3593549   present: 1104   in FES: 123
** Event #3679488   t=280.072799150095   Elapsed: 189.066s (3m 09s)  56% completed  (28% total)
     Speed:     ev/sec=20245.2   simsec/sec=1.36064   ev/simsec=14879.2
     Messages:  created: 3634697   present: 1073   in FES: 111
** Event #3715072   t=282.298996142894   Elapsed: 191.068s (3m 11s)  56% completed  (28% total)
     Speed:     ev/sec=17768   simsec/sec=1.11159   ev/simsec=15984.2
     Messages:  created: 3670558   present: 1116   in FES: 135
** Event #3752448   t=285.013200918209   Elapsed: 193.068s (3m 13s)  57% completed  (28% total)
     Speed:     ev/sec=18686.7   simsec/sec=1.35701   ev/simsec=13770.5
     Messages:  created: 3708414   present: 1087   in FES: 116
** Event #3788032   t=287.221031997524   Elapsed: 195.071s (3m 15s)  57% completed  (28% total)
     Speed:     ev/sec=17765.1   simsec/sec=1.10225   ev/simsec=16117.2
     Messages:  created: 3743301   present: 1049   in FES: 104
** Event #3822080   t=289.494858303681   Elapsed: 197.087s (3m 17s)  57% completed  (28% total)
     Speed:     ev/sec=16890.7   simsec/sec=1.12801   ev/simsec=14973.9
     Messages:  created: 3777309   present: 1093   in FES: 120
** Event #3866880   t=292.342778005066   Elapsed: 199.089s (3m 19s)  58% completed  (29% total)
     Speed:     ev/sec=22379.4   simsec/sec=1.42265   ev/simsec=15730.8
     Messages:  created: 3823521   present: 1106   in FES: 123
** Event #3909120   t=295.2210392666   Elapsed: 201.094s (3m 21s)  59% completed  (29% total)
     Speed:     ev/sec=21069.2   simsec/sec=1.43567   ev/simsec=14675.5
     Messages:  created: 3866943   present: 1103   in FES: 122
** Event #3948800   t=298.020977327014   Elapsed: 203.095s (3m 23s)  59% completed  (29% total)
     Speed:     ev/sec=19825.1   simsec/sec=1.39892   ev/simsec=14171.7
     Messages:  created: 3908396   present: 1034   in FES: 104
** Event #3991296   t=300.996071698214   Elapsed: 205.103s (3m 25s)  60% completed  (30% total)
     Speed:     ev/sec=21168   simsec/sec=1.48194   ev/simsec=14283.9
     Messages:  created: 3952687   present: 1122   in FES: 133
** Event #4033792   t=304.006611178589   Elapsed: 207.106s (3m 27s)  60% completed  (30% total)
     Speed:     ev/sec=21213.8   simsec/sec=1.50284   ev/simsec=14115.7
     Messages:  created: 3996232   present: 1099   in FES: 118
** Event #4070656   t=306.325316864992   Elapsed: 209.11s (3m 29s)  61% completed  (30% total)
     Speed:     ev/sec=18397.1   simsec/sec=1.15716   ev/simsec=15898.5
     Messages:  created: 4033364   present: 1105   in FES: 124
** Event #4108288   t=309.044857501231   Elapsed: 211.119s (3m 31s)  61% completed  (30% total)
     Speed:     ev/sec=18731.1   simsec/sec=1.35363   ev/simsec=13837.6
     Messages:  created: 4071533   present: 1091   in FES: 118
** Event #4144128   t=311.306263757012   Elapsed: 213.134s (3m 33s)  62% completed  (31% total)
     Speed:     ev/sec=17784.6   simsec/sec=1.12216   ev/simsec=15848.5
     Messages:  created: 4106979   present: 1094   in FES: 126
** Event #4178688   t=313.49540083075   Elapsed: 215.135s (3m 35s)  62% completed  (31% total)
     Speed:     ev/sec=17271   simsec/sec=1.094   ev/simsec=15787
     Messages:  created: 4141265   present: 1031   in FES: 121
** Event #4215552   t=316.001233748767   Elapsed: 217.138s (3m 37s)  63% completed  (31% total)
     Speed:     ev/sec=18403.6   simsec/sec=1.25098   ev/simsec=14711.3
     Messages:  created: 4179711   present: 1102   in FES: 119
** Event #4253440   t=318.058445636916   Elapsed: 219.146s (3m 39s)  63% completed  (31% total)
     Speed:     ev/sec=18873   simsec/sec=1.02475   ev/simsec=18417.2
     Messages:  created: 4217808   present: 1056   in FES: 105
** Event #4282368   t=319.459006289293   Elapsed: 221.175s (3m 41s)  63% completed  (31% total)
     Speed:     ev/sec=14259.4   simsec/sec=0.690376   ev/simsec=20654.6
     Messages:  created: 4246747   present: 1050   in FES: 105
** Event #4319744   t=321.406311019792   Elapsed: 223.193s (3m 43s)  64% completed  (32% total)
     Speed:     ev/sec=18514.9   simsec/sec=0.964633   ev/simsec=19193.7
     Messages:  created: 4285231   present: 1091   in FES: 126
** Event #4354560   t=323.454439592947   Elapsed: 225.208s (3m 45s)  64% completed  (32% total)
     Speed:     ev/sec=17281.5   simsec/sec=1.01662   ev/simsec=16998.9
     Messages:  created: 4320585   present: 1074   in FES: 113
** Event #4390144   t=325.549028269334   Elapsed: 227.209s (3m 47s)  65% completed  (32% total)
     Speed:     ev/sec=17779.1   simsec/sec=1.04654   ev/simsec=16988.5
     Messages:  created: 4357140   present: 1091   in FES: 128
** Event #4427264   t=327.994857712342   Elapsed: 229.213s (3m 49s)  65% completed  (32% total)
     Speed:     ev/sec=18525.4   simsec/sec=1.22064   ev/simsec=15176.9
     Messages:  created: 4395992   present: 1096   in FES: 121
** Event #4465152   t=330.030532018612   Elapsed: 231.215s (3m 51s)  66% completed  (33% total)
     Speed:     ev/sec=18928.1   simsec/sec=1.01698   ev/simsec=18612
     Messages:  created: 4434832   present: 1111   in FES: 126
** Event #4496896   t=331.744927348603   Elapsed: 233.263s (3m 53s)  66% completed  (33% total)
     Speed:     ev/sec=15496.8   simsec/sec=0.836936   ev/simsec=18516.1
     Messages:  created: 4467906   present: 1088   in FES: 126
** Event #4537856   t=334.070975820223   Elapsed: 235.267s (3m 55s)  66% completed  (33% total)
     Speed:     ev/sec=20440.3   simsec/sec=1.16077   ev/simsec=17609.3
     Messages:  created: 4511025   present: 1091   in FES: 118
** Event #4575488   t=336.271367924564   Elapsed: 237.271s (3m 57s)  67% completed  (33% total)
     Speed:     ev/sec=18780.7   simsec/sec=1.09813   ev/simsec=17102.4
     Messages:  created: 4550576   present: 1161   in FES: 140
** Event #4619776   t=339.06124921901   Elapsed: 239.271s (3m 59s)  67% completed  (33% total)
     Speed:     ev/sec=22139.8   simsec/sec=1.39468   ev/simsec=15874.5
     Messages:  created: 4598053   present: 1096   in FES: 119
** Event #4664064   t=341.996335828706   Elapsed: 241.272s (4m 01s)  68% completed  (34% total)
     Speed:     ev/sec=22136.6   simsec/sec=1.46705   ev/simsec=15089.2
     Messages:  created: 4646100   present: 1033   in FES: 96
** Event #4712448   t=344.995321840933   Elapsed: 243.277s (4m 03s)  68% completed  (34% total)
     Speed:     ev/sec=24128.6   simsec/sec=1.49556   ev/simsec=16133.5
     Messages:  created: 4697795   present: 1104   in FES: 143
** Event #4747776   t=347.041368706247   Elapsed: 245.278s (4m 05s)  69% completed  (34% total)
     Speed:     ev/sec=17653.7   simsec/sec=1.02243   ev/simsec=17266.5
     Messages:  created: 4734558   present: 1105   in FES: 126
** Event #4787712   t=349.380364588991   Elapsed: 247.301s (4m 07s)  69% completed  (34% total)
     Speed:     ev/sec=19745.8   simsec/sec=1.15649   ev/simsec=17074
     Messages:  created: 4775167   present: 1074   in FES: 113
** Event #4828416   t=352.019867017097   Elapsed: 249.306s (4m 09s)  70% completed  (35% total)
     Speed:     ev/sec=20294.9   simsec/sec=1.31605   ev/simsec=15421.1
     Messages:  created: 4818429   present: 1095   in FES: 118
** Event #4869376   t=354.270754252062   Elapsed: 251.324s (4m 11s)  70% completed  (35% total)
     Speed:     ev/sec=20305.9   simsec/sec=1.11588   ev/simsec=18197.3
     Messages:  created: 4860797   present: 1112   in FES: 126
** Event #4907008   t=356.406417518365   Elapsed: 253.329s (4m 13s)  71% completed  (35% total)
     Speed:     ev/sec=18762   simsec/sec=1.06477   ev/simsec=17620.8
     Messages:  created: 4899705   present: 1080   in FES: 115
** Event #4948224   t=359.02641428477   Elapsed: 255.332s (4m 15s)  71% completed  (35% total)
     Speed:     ev/sec=20583.2   simsec/sec=1.30842   ev/simsec=15731.3
     Messages:  created: 4942926   present: 1122   in FES: 125
** Event #4984576   t=361.077875464567   Elapsed: 257.335s (4m 17s)  72% completed  (36% total)
     Speed:     ev/sec=18147.7   simsec/sec=1.02414   ev/simsec=17720.1
     Messages:  created: 4979905   present: 1119   in FES: 126
** Event #5021952   t=363.299345563739   Elapsed: 259.34s (4m 19s)  72% completed  (36% total)
     Speed:     ev/sec=18640.5   simsec/sec=1.10791   ev/simsec=16824.9
     Messages:  created: 5018069   present: 1118   in FES: 142
** Event #5058304   t=365.520974962197   Elapsed: 261.342s (4m 21s)  73% completed  (36% total)
     Speed:     ev/sec=18158.6   simsec/sec=1.10975   ev/simsec=16362.8
     Messages:  created: 5055091   present: 1073   in FES: 127
** Event #5103616   t=368.21711493343   Elapsed: 263.358s (4m 23s)  73% completed  (36% total)
     Speed:     ev/sec=22480.3   simsec/sec=1.33761   ev/simsec=16806.2
     Messages:  created: 5102205   present: 1035   in FES: 100
** Event #5145344   t=370.374485032803   Elapsed: 265.367s (4m 25s)  74% completed  (37% total)
     Speed:     ev/sec=20770.2   simsec/sec=1.07384   ev/simsec=19342.1
     Messages:  created: 5146992   present: 1093   in FES: 120
** Event #5189632   t=373.014806361686   Elapsed: 267.371s (4m 27s)  74% completed  (37% total)
     Speed:     ev/sec=22096.4   simsec/sec=1.31732   ev/simsec=16773.7
     Messages:  created: 5194401   present: 1051   in FES: 114
** Event #5223424   t=374.548984900296   Elapsed: 269.372s (4m 29s)  74% completed  (37% total)
     Speed:     ev/sec=16888.9   simsec/sec=0.766765   ev/simsec=22026.1
     Messages:  created: 5229681   present: 1084   in FES: 126
** Event #5265920   t=376.884775740266   Elapsed: 271.372s (4m 31s)  75% completed  (37% total)
     Speed:     ev/sec=21246.5   simsec/sec=1.16781   ev/simsec=18193.4
     Messages:  created: 5275880   present: 1065   in FES: 108
** Event #5309696   t=379.072799822369   Elapsed: 273.38s (4m 33s)  75% completed  (37% total)
     Speed:     ev/sec=21804.7   simsec/sec=1.08985   ev/simsec=20007.1
     Messages:  created: 5322592   present: 1047   in FES: 102
** Event #5351424   t=381.299826387374   Elapsed: 275.382s (4m 35s)  76% completed  (38% total)
     Speed:     ev/sec=20836.9   simsec/sec=1.11207   ev/simsec=18737.1
     Messages:  created: 5367207   present: 1098   in FES: 121
** Event #5394432   t=384.056830040789   Elapsed: 277.39s (4m 37s)  76% completed  (38% total)
     Speed:     ev/sec=21422   simsec/sec=1.37324   ev/simsec=15599.5
     Messages:  created: 5412603   present: 1040   in FES: 109
** Event #5432832   t=386.337161240068   Elapsed: 279.397s (4m 39s)  77% completed  (38% total)
     Speed:     ev/sec=19133.6   simsec/sec=1.13622   ev/simsec=16839.7
     Messages:  created: 5452366   present: 1108   in FES: 125
** Event #5466112   t=388.458889024346   Elapsed: 281.411s (4m 41s)  77% completed  (38% total)
     Speed:     ev/sec=16522.9   simsec/sec=1.0534   ev/simsec=15685.3
     Messages:  created: 5487081   present: 1104   in FES: 126
** Event #5515520   t=391.411172577732   Elapsed: 283.416s (4m 43s)  78% completed  (39% total)
     Speed:     ev/sec=24644.8   simsec/sec=1.4726   ev/simsec=16735.5
     Messages:  created: 5539523   present: 1099   in FES: 126
** Event #5559808   t=394.217097883156   Elapsed: 285.436s (4m 45s)  78% completed  (39% total)
     Speed:     ev/sec=21923.7   simsec/sec=1.38901   ev/simsec=15783.7
     Messages:  created: 5586341   present: 1087   in FES: 118
** Event #5600768   t=397.020987965204   Elapsed: 287.441s (4m 47s)  79% completed  (39% total)
     Speed:     ev/sec=20429.6   simsec/sec=1.3985   ev/simsec=14608.3
     Messages:  created: 5629884   present: 1118   in FES: 143
** Event #5641728   t=399.494591124843   Elapsed: 289.444s (4m 49s)  79% completed  (39% total)
     Speed:     ev/sec=20447.6   simsec/sec=1.23485   ev/simsec=16558.8
     Messages:  created: 5672635   present: 1089   in FES: 126
** Event #5686272   t=402.342771302538   Elapsed: 291.456s (4m 51s)  80% completed  (40% total)
     Speed:     ev/sec=22132.4   simsec/sec=1.41517   ev/simsec=15639.5
     Messages:  created: 5720432   present: 1080   in FES: 115
** Event #5725952   t=405.021555647912   Elapsed: 293.46s (4m 53s)  81% completed  (40% total)
     Speed:     ev/sec=19801.4   simsec/sec=1.33679   ev/simsec=14812.7
     Messages:  created: 5763629   present: 1121   in FES: 141
** Event #5767168   t=408.005699772544   Elapsed: 295.464s (4m 55s)  81% completed  (40% total)
     Speed:     ev/sec=20570.2   simsec/sec=1.48934   ev/simsec=13811.7
     Messages:  created: 5806452   present: 1089   in FES: 116
** Event #5808128   t=410.520975838624   Elapsed: 297.466s (4m 57s)  82% completed  (41% total)
     Speed:     ev/sec=20464.8   simsec/sec=1.2567   ev/simsec=16284.5
     Messages:  created: 5848753   present: 1052   in FES: 125
** Event #5850368   t=413.454423217268   Elapsed: 299.466s (4m 59s)  82% completed  (41% total)
     Speed:     ev/sec=21113.7   simsec/sec=1.46628   ev/simsec=14399.4
     Messages:  created: 5892977   present: 1084   in FES: 117
** Event #5894144   t=416.522026187444   Elapsed: 301.472s (5m 01s)  83% completed  (41% total)
     Speed:     ev/sec=21818.9   simsec/sec=1.52896   ev/simsec=14270.4
     Messages:  created: 5939135   present: 1099   in FES: 118
** Event #5942272   t=420.020975542658   Elapsed: 303.48s (5m 03s)  84% completed  (42% total)
     Speed:     ev/sec=23976.6   simsec/sec=1.74312   ev/simsec=13755
     Messages:  created: 5990133   present: 1064   in FES: 128
** Event #5980928   t=422.325199184996   Elapsed: 305.485s (5m 05s)  84% completed  (42% total)
     Speed:     ev/sec=19275.7   simsec/sec=1.149   ev/simsec=16776.1
     Messages:  created: 6030970   present: 1089   in FES: 126
** Event #6027264   t=425.374496417572   Elapsed: 307.493s (5m 07s)  85% completed  (42% total)
     Speed:     ev/sec=23075.7   simsec/sec=1.51857   ev/simsec=15195.6
     Messages:  created: 6080474   present: 1098   in FES: 121
** Event #6075136   t=428.745250443209   Elapsed: 309.496s (5m 09s)  85% completed  (42% total)
     Speed:     ev/sec=23901.4   simsec/sec=1.68294   ev/simsec=14202.2
     Messages:  created: 6132136   present: 1100   in FES: 128
** Event #6120960   t=431.476770747566   Elapsed: 311.502s (5m 11s)  86% completed  (43% total)
     Speed:     ev/sec=22848.6   simsec/sec=1.36198   ev/simsec=16776
     Messages:  created: 6182262   present: 1108   in FES: 125
** Event #6165504   t=434.494812724126   Elapsed: 313.514s (5m 13s)  86% completed  (43% total)
     Speed:     ev/sec=22130.4   simsec/sec=1.49943   ev/simsec=14759.2
     Messages:  created: 6229924   present: 1100   in FES: 127
** Event #6208768   t=437.548996487183   Elapsed: 315.614s (5m 15s)  87% completed  (43% total)
     Speed:     ev/sec=20610.8   simsec/sec=1.455   ev/simsec=14165.5
     Messages:  created: 6275807   present: 1104   in FES: 146
** Event #6258944   t=441.186769235079   Elapsed: 317.615s (5m 17s)  88% completed  (44% total)
     Speed:     ev/sec=25064.5   simsec/sec=1.81718   ev/simsec=13793.1
     Messages:  created: 6328900   present: 1090   in FES: 119
** Event #6306304   t=444.406401851231   Elapsed: 319.618s (5m 19s)  88% completed  (44% total)
     Speed:     ev/sec=23644.1   simsec/sec=1.60738   ev/simsec=14709.8
     Messages:  created: 6379498   present: 1086   in FES: 117
** Event #6352384   t=447.745471246248   Elapsed: 321.622s (5m 21s)  89% completed  (44% total)
     Speed:     ev/sec=23000.6   simsec/sec=1.66668   ev/simsec=13800.3
     Messages:  created: 6429620   present: 1059   in FES: 119
** Event #6400256   t=451.022466566337   Elapsed: 323.624s (5m 23s)  90% completed  (45% total)
     Speed:     ev/sec=23913   simsec/sec=1.63692   ev/simsec=14608.5
     Messages:  created: 6481332   present: 1214   in FES: 156
** Event #6444544   t=453.995308347742   Elapsed: 325.629s (5m 25s)  90% completed  (45% total)
     Speed:     ev/sec=22089.8   simsec/sec=1.48279   ev/simsec=14897.5
     Messages:  created: 6528962   present: 1115   in FES: 127
** Event #6481664   t=456.217118294867   Elapsed: 327.647s (5m 27s)  91% completed  (45% total)
     Speed:     ev/sec=18387.2   simsec/sec=1.10056   ev/simsec=16707.1
     Messages:  created: 6567139   present: 1063   in FES: 110
** Event #6520576   t=459.001234006012   Elapsed: 329.654s (5m 29s)  91% completed  (45% total)
     Speed:     ev/sec=19389.9   simsec/sec=1.38733   ev/simsec=13976.4
     Messages:  created: 6608005   present: 1077   in FES: 112
** Event #6560000   t=461.27182196831   Elapsed: 331.66s (5m 31s)  92% completed  (46% total)
     Speed:     ev/sec=19653.1   simsec/sec=1.1319   ev/simsec=17362.9
     Messages:  created: 6647695   present: 1033   in FES: 118
** Event #6597632   t=464.002080268375   Elapsed: 333.67s (5m 33s)  92% completed  (46% total)
     Speed:     ev/sec=18724.4   simsec/sec=1.35848   ev/simsec=13783.3
     Messages:  created: 6686744   present: 1114   in FES: 123
** Event #6637312   t=466.342786774658   Elapsed: 335.674s (5m 35s)  93% completed  (46% total)
     Speed:     ev/sec=19799.4   simsec/sec=1.16796   ev/simsec=16952.1
     Messages:  created: 6725838   present: 1089   in FES: 118
** Event #6674944   t=469.026557900034   Elapsed: 337.678s (5m 37s)  93% completed  (46% total)
     Speed:     ev/sec=18783.7   simsec/sec=1.33958   ev/simsec=14022.1
     Messages:  created: 6764152   present: 1117   in FES: 126
** Event #6710272   t=471.24485738967   Elapsed: 339.69s (5m 39s)  94% completed  (47% total)
     Speed:     ev/sec=17557.2   simsec/sec=1.10244   ev/simsec=15925.7
     Messages:  created: 6798452   present: 1097   in FES: 125
** Event #6743296   t=473.476811686017   Elapsed: 341.706s (5m 41s)  94% completed  (47% total)
     Speed:     ev/sec=16379.8   simsec/sec=1.10704   ev/simsec=14796
     Messages:  created: 6830449   present: 1075   in FES: 114
** Event #6781952   t=476.083245854603   Elapsed: 343.711s (5m 43s)  95% completed  (47% total)
     Speed:     ev/sec=19276.5   simsec/sec=1.29974   ev/simsec=14831
     Messages:  created: 6869054   present: 1089   in FES: 116
** Event #6816256   t=478.306346584924   Elapsed: 345.713s (5m 45s)  95% completed  (47% total)
     Speed:     ev/sec=17137.3   simsec/sec=1.1106   ev/simsec=15430.7
     Messages:  created: 6903314   present: 1093   in FES: 118
** Event #6858752   t=481.051173247776   Elapsed: 347.717s (5m 47s)  96% completed  (48% total)
     Speed:     ev/sec=21206.2   simsec/sec=1.36971   ev/simsec=15482.2
     Messages:  created: 6947128   present: 1143   in FES: 141
** Event #6900992   t=483.21710667462   Elapsed: 349.733s (5m 49s)  96% completed  (48% total)
     Speed:     ev/sec=20951.8   simsec/sec=1.07434   ev/simsec=19502
     Messages:  created: 6991840   present: 1056   in FES: 107
** Event #6941952   t=485.836671722049   Elapsed: 351.734s (5m 51s)  97% completed  (48% total)
     Speed:     ev/sec=20471.9   simsec/sec=1.30926   ev/simsec=15636.2
     Messages:  created: 7035056   present: 1099   in FES: 127
** Event #6979328   t=488.07155270624   Elapsed: 353.738s (5m 53s)  97% completed  (48% total)
     Speed:     ev/sec=18649.4   simsec/sec=1.11513   ev/simsec=16723.9
     Messages:  created: 7073338   present: 1085   in FES: 116
** Event #7015936   t=490.380388776827   Elapsed: 355.755s (5m 55s)  98% completed  (49% total)
     Speed:     ev/sec=18149.9   simsec/sec=1.1447   ev/simsec=15855.6
     Messages:  created: 7110442   present: 1059   in FES: 108
** Event #7056896   t=493.072745453337   Elapsed: 357.761s (5m 57s)  98% completed  (49% total)
     Speed:     ev/sec=20415.3   simsec/sec=1.34193   ev/simsec=15213.4
     Messages:  created: 7152455   present: 1106   in FES: 126
** Event #7092736   t=495.406401826207   Elapsed: 359.762s (5m 59s)  99% completed  (49% total)
     Speed:     ev/sec=17914.6   simsec/sec=1.16648   ev/simsec=15357.9
     Messages:  created: 7188556   present: 1086   in FES: 117
** Event #7133184   t=498.260922714885   Elapsed: 361.779s (6m 01s)  99% completed  (49% total)
     Speed:     ev/sec=20056.3   simsec/sec=1.41543   ev/simsec=14169.8
     Messages:  created: 7229688   present: 1079   in FES: 114
** Event #7154288   t=500   Elapsed: 362.91s (6m 02s)  100% completed  (50% total)
     Speed:     ev/sec=18655.5   simsec/sec=1.53326   ev/simsec=12167.2
     Messages:  created: 7251816   present: 1029   in FES: 96

<!> Simulation time limit reached -- at t=500s, event #7154288
undisposed object: (omnetpp::cMessage) FanetStressNetwork.uav[0].app.debugTimer -- check module destructor
undisposed object: (omnetpp::cMessage) FanetStressNetwork.uav[1].app.debugTimer -- check module destructor
undisposed object: (omnetpp::cMessage) FanetStressNetwork.uav[2].app.debugTimer -- check module destructor
undisposed object: (omnetpp::cMessage) FanetStressNetwork.uav[3].app.debugTimer -- check module destructor
undisposed object: (omnetpp::cMessage) FanetStressNetwork.uav[4].app.debugTimer -- check module destructor
undisposed object: (omnetpp::cMessage) FanetStressNetwork.uav[5].app.debugTimer -- check module destructor
undisposed object: (omnetpp::cMessage) FanetStressNetwork.uav[6].app.debugTimer -- check module destructor
undisposed object: (omnetpp::cMessage) FanetStressNetwork.uav[7].app.debugTimer -- check module destructor
undisposed object: (omnetpp::cMessage) FanetStressNetwork.uav[8].app.debugTimer -- check module destructor
undisposed object: (omnetpp::cMessage) FanetStressNetwork.uav[9].app.debugTimer -- check module destructor
undisposed object: (omnetpp::cMessage) FanetStressNetwork.uav[10].app.debugTimer -- check module destructor
undisposed object: (omnetpp::cMessage) FanetStressNetwork.uav[11].app.debugTimer -- check module destructor
undisposed object: (omnetpp::cMessage) FanetStressNetwork.uav[12].app.debugTimer -- check module destructor
undisposed object: (omnetpp::cMessage) FanetStressNetwork.uav[13].app.debugTimer -- check module destructor
undisposed object: (omnetpp::cMessage) FanetStressNetwork.uav[14].app.debugTimer -- check module destructor
undisposed object: (omnetpp::cMessage) FanetStressNetwork.uav[15].app.debugTimer -- check module destructor
undisposed object: (omnetpp::cMessage) FanetStressNetwork.uav[16].app.debugTimer -- check module destructor
undisposed object: (omnetpp::cMessage) FanetStressNetwork.uav[17].app.debugTimer -- check module destructor
undisposed object: (omnetpp::cMessage) FanetStressNetwork.uav[18].app.debugTimer -- check module destructor
undisposed object: (omnetpp::cMessage) FanetStressNetwork.uav[19].app.debugTimer -- check module destructor
undisposed object: (omnetpp::cMessage) FanetStressNetwork.uav[20].app.debugTimer -- check module destructor
undisposed object: (omnetpp::cMessage) FanetStressNetwork.uav[21].app.debugTimer -- check module destructor
undisposed object: (omnetpp::cMessage) FanetStressNetwork.uav[22].app.debugTimer -- check module destructor
undisposed object: (omnetpp::cMessage) FanetStressNetwork.uav[23].app.debugTimer -- check module destructor
undisposed object: (omnetpp::cMessage) FanetStressNetwork.uav[24].app.debugTimer -- check module destructor
undisposed object: (omnetpp::cMessage) FanetStressNetwork.uav[25].app.debugTimer -- check module destructor
undisposed object: (omnetpp::cMessage) FanetStressNetwork.uav[26].app.debugTimer -- check module destructor
undisposed object: (omnetpp::cMessage) FanetStressNetwork.uav[27].app.debugTimer -- check module destructor
undisposed object: (omnetpp::cMessage) FanetStressNetwork.uav[28].app.debugTimer -- check module destructor
undisposed object: (omnetpp::cMessage) FanetStressNetwork.uav[29].app.debugTimer -- check module destructor
